<?xml version="1.0" encoding="UTF-8"?>
<testsuite xmlns:xsi="http://www.w3.org/2001/XMLSchema-instance" xsi:noNamespaceSchemaLocation="https://maven.apache.org/surefire/maven-surefire-plugin/xsd/surefire-test-report.xsd" name="edu.ncsu.csc.itrust2.apitest.APIDrugTest" time="0.026" tests="1" errors="1" skipped="0" failures="0">
  <properties>
    <property name="java.runtime.name" value="Java(TM) SE Runtime Environment"/>
    <property name="sun.boot.library.path" value="/usr/lib/jvm/java-8-oracle/jre/lib/amd64"/>
    <property name="java.vm.version" value="25.161-b12"/>
    <property name="java.vm.vendor" value="Oracle Corporation"/>
    <property name="java.vendor.url" value="http://java.oracle.com/"/>
    <property name="path.separator" value=":"/>
    <property name="guice.disable.misplaced.annotation.check" value="true"/>
    <property name="java.vm.name" value="Java HotSpot(TM) 64-Bit Server VM"/>
    <property name="file.encoding.pkg" value="sun.io"/>
    <property name="user.country" value="US"/>
    <property name="sun.java.launcher" value="SUN_STANDARD"/>
    <property name="sun.os.patch.level" value="unknown"/>
    <property name="java.vm.specification.name" value="Java Virtual Machine Specification"/>
    <property name="user.dir" value="/var/lib/jenkins/workspace/iTrustBuildJob/iTrust2"/>
    <property name="java.runtime.version" value="1.8.0_161-b12"/>
    <property name="java.awt.graphicsenv" value="sun.awt.X11GraphicsEnvironment"/>
    <property name="java.endorsed.dirs" value="/usr/lib/jvm/java-8-oracle/jre/lib/endorsed"/>
    <property name="os.arch" value="amd64"/>
    <property name="java.io.tmpdir" value="/tmp"/>
    <property name="line.separator" value="&#10;"/>
    <property name="java.vm.specification.vendor" value="Oracle Corporation"/>
    <property name="os.name" value="Linux"/>
    <property name="classworlds.conf" value="/usr/share/maven/bin/m2.conf"/>
    <property name="sun.jnu.encoding" value="UTF-8"/>
    <property name="java.library.path" value="/usr/java/packages/lib/amd64:/usr/lib64:/lib64:/lib:/usr/lib"/>
    <property name="java.specification.name" value="Java Platform API Specification"/>
    <property name="java.class.version" value="52.0"/>
    <property name="sun.management.compiler" value="HotSpot 64-Bit Tiered Compilers"/>
    <property name="os.version" value="3.13.0-139-generic"/>
    <property name="user.home" value="/root"/>
    <property name="user.timezone" value="America/New_York"/>
    <property name="java.awt.printerjob" value="sun.print.PSPrinterJob"/>
    <property name="file.encoding" value="UTF-8"/>
    <property name="java.specification.version" value="1.8"/>
    <property name="user.name" value="root"/>
    <property name="java.class.path" value="/usr/share/maven/boot/plexus-classworlds-2.x.jar"/>
    <property name="java.vm.specification.version" value="1.8"/>
    <property name="sun.arch.data.model" value="64"/>
    <property name="java.home" value="/usr/lib/jvm/java-8-oracle/jre"/>
    <property name="sun.java.command" value="org.codehaus.plexus.classworlds.launcher.Launcher clean test verify checkstyle:checkstyle"/>
    <property name="java.specification.vendor" value="Oracle Corporation"/>
    <property name="user.language" value="en"/>
    <property name="awt.toolkit" value="sun.awt.X11.XToolkit"/>
    <property name="java.vm.info" value="mixed mode"/>
    <property name="java.version" value="1.8.0_161"/>
    <property name="java.ext.dirs" value="/usr/lib/jvm/java-8-oracle/jre/lib/ext:/usr/java/packages/lib/ext"/>
    <property name="securerandom.source" value="file:/dev/./urandom"/>
    <property name="sun.boot.class.path" value="/usr/lib/jvm/java-8-oracle/jre/lib/resources.jar:/usr/lib/jvm/java-8-oracle/jre/lib/rt.jar:/usr/lib/jvm/java-8-oracle/jre/lib/sunrsasign.jar:/usr/lib/jvm/java-8-oracle/jre/lib/jsse.jar:/usr/lib/jvm/java-8-oracle/jre/lib/jce.jar:/usr/lib/jvm/java-8-oracle/jre/lib/charsets.jar:/usr/lib/jvm/java-8-oracle/jre/lib/jfr.jar:/usr/lib/jvm/java-8-oracle/jre/classes"/>
    <property name="java.vendor" value="Oracle Corporation"/>
    <property name="maven.home" value="/usr/share/maven"/>
    <property name="file.separator" value="/"/>
    <property name="java.vendor.url.bug" value="http://bugreport.sun.com/bugreport/"/>
    <property name="sun.cpu.endian" value="little"/>
    <property name="sun.io.unicode.encoding" value="UnicodeLittle"/>
    <property name="sun.cpu.isalist" value=""/>
  </properties>
  <testcase name="testDrugAPI" classname="edu.ncsu.csc.itrust2.apitest.APIDrugTest" time="0">
    <error message="Failed to load ApplicationContext" type="java.lang.IllegalStateException">java.lang.IllegalStateException: Failed to load ApplicationContext
Caused by: org.springframework.beans.factory.UnsatisfiedDependencyException: Error creating bean with name 'securityConfig': Unsatisfied dependency expressed through field 'dataSource'; nested exception is org.springframework.beans.factory.BeanCreationException: Error creating bean with name 'dataSource' defined in class path resource [edu/ncsu/csc/itrust2/config/DataConfiguration.class]: Bean instantiation via factory method failed; nested exception is org.springframework.beans.BeanInstantiationException: Failed to instantiate [javax.sql.DataSource]: Factory method 'dataSource' threw exception; nested exception is java.lang.IllegalArgumentException: Property 'url' must not be empty
Caused by: org.springframework.beans.factory.BeanCreationException: Error creating bean with name 'dataSource' defined in class path resource [edu/ncsu/csc/itrust2/config/DataConfiguration.class]: Bean instantiation via factory method failed; nested exception is org.springframework.beans.BeanInstantiationException: Failed to instantiate [javax.sql.DataSource]: Factory method 'dataSource' threw exception; nested exception is java.lang.IllegalArgumentException: Property 'url' must not be empty
Caused by: org.springframework.beans.BeanInstantiationException: Failed to instantiate [javax.sql.DataSource]: Factory method 'dataSource' threw exception; nested exception is java.lang.IllegalArgumentException: Property 'url' must not be empty
Caused by: java.lang.IllegalArgumentException: Property 'url' must not be empty
</error>
    <system-out><![CDATA[09:01:25.920 [main] DEBUG o.s.t.c.j.SpringJUnit4ClassRunner - SpringJUnit4ClassRunner constructor called with [class edu.ncsu.csc.itrust2.apitest.APIDrugTest]
09:01:25.921 [main] DEBUG o.s.test.context.BootstrapUtils - Instantiating CacheAwareContextLoaderDelegate from class [org.springframework.test.context.cache.DefaultCacheAwareContextLoaderDelegate]
09:01:25.921 [main] DEBUG o.s.test.context.BootstrapUtils - Instantiating BootstrapContext using constructor [public org.springframework.test.context.support.DefaultBootstrapContext(java.lang.Class,org.springframework.test.context.CacheAwareContextLoaderDelegate)]
09:01:25.921 [main] DEBUG o.s.test.context.BootstrapUtils - Instantiating TestContextBootstrapper for test class [edu.ncsu.csc.itrust2.apitest.APIDrugTest] from class [org.springframework.test.context.web.WebTestContextBootstrapper]
09:01:25.922 [main] DEBUG o.s.t.c.s.AbstractDelegatingSmartContextLoader - Delegating to AnnotationConfigWebContextLoader to process context configuration [ContextConfigurationAttributes@5d51203b declaringClass = 'edu.ncsu.csc.itrust2.apitest.APIDrugTest', classes = '{class edu.ncsu.csc.itrust2.config.RootConfiguration, class edu.ncsu.csc.itrust2.mvc.config.WebMvcConfiguration}', locations = '{}', inheritLocations = true, initializers = '{}', inheritInitializers = true, name = [null], contextLoaderClass = 'org.springframework.test.context.ContextLoader'].
09:01:25.924 [main] DEBUG o.s.t.c.support.ActiveProfilesUtils - Could not find an 'annotation declaring class' for annotation type [org.springframework.test.context.ActiveProfiles] and class [edu.ncsu.csc.itrust2.apitest.APIDrugTest]
09:01:25.925 [main] DEBUG o.s.t.c.w.WebTestContextBootstrapper - @TestExecutionListeners is not present for class [edu.ncsu.csc.itrust2.apitest.APIDrugTest]: using defaults.
09:01:25.928 [main] INFO  o.s.t.c.w.WebTestContextBootstrapper - Loaded default TestExecutionListener class names from location [META-INF/spring.factories]: [org.springframework.security.test.context.support.WithSecurityContextTestExecutionListener, org.springframework.test.context.web.ServletTestExecutionListener, org.springframework.test.context.support.DirtiesContextBeforeModesTestExecutionListener, org.springframework.test.context.support.DependencyInjectionTestExecutionListener, org.springframework.test.context.support.DirtiesContextTestExecutionListener, org.springframework.test.context.transaction.TransactionalTestExecutionListener, org.springframework.test.context.jdbc.SqlScriptsTestExecutionListener]
09:01:25.937 [main] INFO  o.s.t.c.w.WebTestContextBootstrapper - Using TestExecutionListeners: [org.springframework.test.context.web.ServletTestExecutionListener@5eb89000, org.springframework.test.context.support.DirtiesContextBeforeModesTestExecutionListener@16b1b213, org.springframework.test.context.support.DependencyInjectionTestExecutionListener@77f1026e, org.springframework.test.context.support.DirtiesContextTestExecutionListener@1df8c7f4, org.springframework.test.context.transaction.TransactionalTestExecutionListener@75a6cdb, org.springframework.test.context.jdbc.SqlScriptsTestExecutionListener@1ce07709, org.springframework.security.test.context.support.WithSecurityContextTestExecutionListener@637de489]
09:01:25.937 [main] DEBUG o.s.t.annotation.ProfileValueUtils - Retrieved @ProfileValueSourceConfiguration [null] for test class [edu.ncsu.csc.itrust2.apitest.APIDrugTest]
09:01:25.937 [main] DEBUG o.s.t.annotation.ProfileValueUtils - Retrieved ProfileValueSource type [class org.springframework.test.annotation.SystemProfileValueSource] for class [edu.ncsu.csc.itrust2.apitest.APIDrugTest]
09:01:25.938 [main] DEBUG o.s.t.annotation.ProfileValueUtils - Retrieved @ProfileValueSourceConfiguration [null] for test class [edu.ncsu.csc.itrust2.apitest.APIDrugTest]
09:01:25.938 [main] DEBUG o.s.t.annotation.ProfileValueUtils - Retrieved ProfileValueSource type [class org.springframework.test.annotation.SystemProfileValueSource] for class [edu.ncsu.csc.itrust2.apitest.APIDrugTest]
09:01:25.938 [main] DEBUG o.s.t.annotation.ProfileValueUtils - Retrieved @ProfileValueSourceConfiguration [null] for test class [edu.ncsu.csc.itrust2.apitest.APIDrugTest]
09:01:25.938 [main] DEBUG o.s.t.annotation.ProfileValueUtils - Retrieved ProfileValueSource type [class org.springframework.test.annotation.SystemProfileValueSource] for class [edu.ncsu.csc.itrust2.apitest.APIDrugTest]
09:01:25.938 [main] DEBUG o.s.t.c.s.AbstractDirtiesContextTestExecutionListener - Before test class: context [DefaultTestContext@38614875 testClass = APIDrugTest, testInstance = [null], testMethod = [null], testException = [null], mergedContextConfiguration = [WebMergedContextConfiguration@6c09d716 testClass = APIDrugTest, locations = '{}', classes = '{class edu.ncsu.csc.itrust2.config.RootConfiguration, class edu.ncsu.csc.itrust2.mvc.config.WebMvcConfiguration}', contextInitializerClasses = '[]', activeProfiles = '{}', propertySourceLocations = '{}', propertySourceProperties = '{}', contextCustomizers = set[[empty]], resourceBasePath = 'src/main/webapp', contextLoader = 'org.springframework.test.context.web.WebDelegatingSmartContextLoader', parent = [null]]], class annotated with @DirtiesContext [false] with mode [null].
09:01:25.938 [main] DEBUG o.s.t.annotation.ProfileValueUtils - Retrieved @ProfileValueSourceConfiguration [null] for test class [edu.ncsu.csc.itrust2.apitest.APIDrugTest]
09:01:25.938 [main] DEBUG o.s.t.annotation.ProfileValueUtils - Retrieved ProfileValueSource type [class org.springframework.test.annotation.SystemProfileValueSource] for class [edu.ncsu.csc.itrust2.apitest.APIDrugTest]
09:01:25.939 [main] DEBUG o.s.t.c.s.AbstractDelegatingSmartContextLoader - Delegating to AnnotationConfigWebContextLoader to load context from [WebMergedContextConfiguration@6c09d716 testClass = APIDrugTest, locations = '{}', classes = '{class edu.ncsu.csc.itrust2.config.RootConfiguration, class edu.ncsu.csc.itrust2.mvc.config.WebMvcConfiguration}', contextInitializerClasses = '[]', activeProfiles = '{}', propertySourceLocations = '{}', propertySourceProperties = '{}', contextCustomizers = set[[empty]], resourceBasePath = 'src/main/webapp', contextLoader = 'org.springframework.test.context.web.WebDelegatingSmartContextLoader', parent = [null]].
09:01:25.939 [main] DEBUG o.s.t.c.w.AbstractGenericWebContextLoader - Loading WebApplicationContext for merged context configuration [WebMergedContextConfiguration@6c09d716 testClass = APIDrugTest, locations = '{}', classes = '{class edu.ncsu.csc.itrust2.config.RootConfiguration, class edu.ncsu.csc.itrust2.mvc.config.WebMvcConfiguration}', contextInitializerClasses = '[]', activeProfiles = '{}', propertySourceLocations = '{}', propertySourceProperties = '{}', contextCustomizers = set[[empty]], resourceBasePath = 'src/main/webapp', contextLoader = 'org.springframework.test.context.web.WebDelegatingSmartContextLoader', parent = [null]].
09:01:25.940 [main] DEBUG o.s.w.c.s.StandardServletEnvironment - Adding [servletConfigInitParams] PropertySource with lowest search precedence
09:01:25.945 [main] DEBUG o.s.w.c.s.StandardServletEnvironment - Adding [servletContextInitParams] PropertySource with lowest search precedence
09:01:25.946 [main] DEBUG o.s.w.c.s.StandardServletEnvironment - Adding [systemProperties] PropertySource with lowest search precedence
09:01:25.946 [main] DEBUG o.s.w.c.s.StandardServletEnvironment - Adding [systemEnvironment] PropertySource with lowest search precedence
09:01:25.946 [main] DEBUG o.s.w.c.s.StandardServletEnvironment - Initialized StandardServletEnvironment with PropertySources [servletConfigInitParams,servletContextInitParams,systemProperties,systemEnvironment]
09:01:25.946 [main] DEBUG o.s.t.c.w.AnnotationConfigWebContextLoader - Registering annotated classes: {class edu.ncsu.csc.itrust2.config.RootConfiguration, class edu.ncsu.csc.itrust2.mvc.config.WebMvcConfiguration}
09:01:25.950 [main] INFO  o.s.w.c.s.GenericWebApplicationContext - Refreshing org.springframework.web.context.support.GenericWebApplicationContext@734eada1: startup date [Thu Mar 22 09:01:25 EDT 2018]; root of context hierarchy
09:01:25.950 [main] DEBUG o.s.w.c.s.StandardServletEnvironment - Replacing [servletContextInitParams] PropertySource with [servletContextInitParams]
09:01:25.950 [main] DEBUG o.s.w.c.s.GenericWebApplicationContext - Bean factory for org.springframework.web.context.support.GenericWebApplicationContext@734eada1: org.springframework.beans.factory.support.DefaultListableBeanFactory@7f9b46ed: defining beans [org.springframework.context.annotation.internalConfigurationAnnotationProcessor,org.springframework.context.annotation.internalAutowiredAnnotationProcessor,org.springframework.context.annotation.internalRequiredAnnotationProcessor,org.springframework.context.annotation.internalCommonAnnotationProcessor,org.springframework.context.annotation.internalPersistenceAnnotationProcessor,org.springframework.context.event.internalEventListenerProcessor,org.springframework.context.event.internalEventListenerFactory,rootConfiguration,webMvcConfiguration]; root of factory hierarchy
09:01:25.950 [main] DEBUG o.s.b.f.s.DefaultListableBeanFactory - Registering scope 'request' with implementation [org.springframework.web.context.request.RequestScope@6f18445b]
09:01:25.950 [main] DEBUG o.s.b.f.s.DefaultListableBeanFactory - Registering scope 'session' with implementation [org.springframework.web.context.request.SessionScope@69bdcfbc]
09:01:25.950 [main] DEBUG o.s.b.f.s.DefaultListableBeanFactory - Registering scope 'globalSession' with implementation [org.springframework.web.context.request.SessionScope@4cb45048]
09:01:25.950 [main] DEBUG o.s.b.f.s.DefaultListableBeanFactory - Registering scope 'application' with implementation [org.springframework.web.context.support.ServletContextScope@5d72dd86]
09:01:25.951 [main] DEBUG o.s.b.f.s.DefaultListableBeanFactory - Creating shared instance of singleton bean 'org.springframework.context.annotation.internalConfigurationAnnotationProcessor'
09:01:25.951 [main] DEBUG o.s.b.f.s.DefaultListableBeanFactory - Creating instance of bean 'org.springframework.context.annotation.internalConfigurationAnnotationProcessor'
09:01:25.951 [main] DEBUG o.s.b.f.s.DefaultListableBeanFactory - Eagerly caching bean 'org.springframework.context.annotation.internalConfigurationAnnotationProcessor' to allow for resolving potential circular references
09:01:25.951 [main] DEBUG o.s.b.f.s.DefaultListableBeanFactory - Finished creating instance of bean 'org.springframework.context.annotation.internalConfigurationAnnotationProcessor'
09:01:25.953 [main] DEBUG o.s.core.env.StandardEnvironment - Adding [systemProperties] PropertySource with lowest search precedence
09:01:25.956 [main] DEBUG o.s.core.env.StandardEnvironment - Adding [systemEnvironment] PropertySource with lowest search precedence
09:01:25.956 [main] DEBUG o.s.core.env.StandardEnvironment - Initialized StandardEnvironment with PropertySources [systemProperties,systemEnvironment]
09:01:25.958 [main] DEBUG o.s.c.i.s.PathMatchingResourcePatternResolver - Resolved classpath location [edu/ncsu/csc/itrust2/config/] to resources [URL [file:/var/lib/jenkins/workspace/iTrustBuildJob/iTrust2/target/classes/edu/ncsu/csc/itrust2/config/]]
09:01:25.958 [main] DEBUG o.s.c.i.s.PathMatchingResourcePatternResolver - Looking for matching resources in directory tree [/var/lib/jenkins/workspace/iTrustBuildJob/iTrust2/target/classes/edu/ncsu/csc/itrust2/config]
09:01:25.958 [main] DEBUG o.s.c.i.s.PathMatchingResourcePatternResolver - Searching directory [/var/lib/jenkins/workspace/iTrustBuildJob/iTrust2/target/classes/edu/ncsu/csc/itrust2/config] for files matching pattern [/var/lib/jenkins/workspace/iTrustBuildJob/iTrust2/target/classes/edu/ncsu/csc/itrust2/config/**/*.class]
09:01:25.961 [main] DEBUG o.s.c.i.s.PathMatchingResourcePatternResolver - Resolved location pattern [classpath*:edu/ncsu/csc/itrust2/config/**/*.class] to resources [file [/var/lib/jenkins/workspace/iTrustBuildJob/iTrust2/target/classes/edu/ncsu/csc/itrust2/config/ContextListener.class], file [/var/lib/jenkins/workspace/iTrustBuildJob/iTrust2/target/classes/edu/ncsu/csc/itrust2/config/DataConfiguration.class], file [/var/lib/jenkins/workspace/iTrustBuildJob/iTrust2/target/classes/edu/ncsu/csc/itrust2/config/FailureHandler.class], file [/var/lib/jenkins/workspace/iTrustBuildJob/iTrust2/target/classes/edu/ncsu/csc/itrust2/config/IPFilter.class], file [/var/lib/jenkins/workspace/iTrustBuildJob/iTrust2/target/classes/edu/ncsu/csc/itrust2/config/ITrust2ApplicationInitializer.class], file [/var/lib/jenkins/workspace/iTrustBuildJob/iTrust2/target/classes/edu/ncsu/csc/itrust2/config/ITrust2WebApplicationInitializer.class], file [/var/lib/jenkins/workspace/iTrustBuildJob/iTrust2/target/classes/edu/ncsu/csc/itrust2/config/LoginAuditingListener.class], file [/var/lib/jenkins/workspace/iTrustBuildJob/iTrust2/target/classes/edu/ncsu/csc/itrust2/config/RootConfiguration.class], file [/var/lib/jenkins/workspace/iTrustBuildJob/iTrust2/target/classes/edu/ncsu/csc/itrust2/config/SecurityConfig.class]]
09:01:25.962 [main] DEBUG o.s.c.a.ClassPathBeanDefinitionScanner - Identified candidate component class: file [/var/lib/jenkins/workspace/iTrustBuildJob/iTrust2/target/classes/edu/ncsu/csc/itrust2/config/DataConfiguration.class]
09:01:25.963 [main] DEBUG o.s.c.a.ClassPathBeanDefinitionScanner - Identified candidate component class: file [/var/lib/jenkins/workspace/iTrustBuildJob/iTrust2/target/classes/edu/ncsu/csc/itrust2/config/LoginAuditingListener.class]
09:01:25.964 [main] DEBUG o.s.c.a.ClassPathBeanDefinitionScanner - Identified candidate component class: file [/var/lib/jenkins/workspace/iTrustBuildJob/iTrust2/target/classes/edu/ncsu/csc/itrust2/config/SecurityConfig.class]
09:01:26.001 [main] DEBUG o.s.core.env.StandardEnvironment - Adding [systemProperties] PropertySource with lowest search precedence
09:01:26.001 [main] DEBUG o.s.core.env.StandardEnvironment - Adding [systemEnvironment] PropertySource with lowest search precedence
09:01:26.001 [main] DEBUG o.s.core.env.StandardEnvironment - Initialized StandardEnvironment with PropertySources [systemProperties,systemEnvironment]
09:01:26.003 [main] DEBUG o.s.c.i.s.PathMatchingResourcePatternResolver - Resolved classpath location [edu/ncsu/csc/itrust2/controllers/] to resources [URL [file:/var/lib/jenkins/workspace/iTrustBuildJob/iTrust2/target/classes/edu/ncsu/csc/itrust2/controllers/]]
09:01:26.003 [main] DEBUG o.s.c.i.s.PathMatchingResourcePatternResolver - Looking for matching resources in directory tree [/var/lib/jenkins/workspace/iTrustBuildJob/iTrust2/target/classes/edu/ncsu/csc/itrust2/controllers]
09:01:26.003 [main] DEBUG o.s.c.i.s.PathMatchingResourcePatternResolver - Searching directory [/var/lib/jenkins/workspace/iTrustBuildJob/iTrust2/target/classes/edu/ncsu/csc/itrust2/controllers] for files matching pattern [/var/lib/jenkins/workspace/iTrustBuildJob/iTrust2/target/classes/edu/ncsu/csc/itrust2/controllers/**/*.class]
09:01:26.004 [main] DEBUG o.s.c.i.s.PathMatchingResourcePatternResolver - Searching directory [/var/lib/jenkins/workspace/iTrustBuildJob/iTrust2/target/classes/edu/ncsu/csc/itrust2/controllers/admin] for files matching pattern [/var/lib/jenkins/workspace/iTrustBuildJob/iTrust2/target/classes/edu/ncsu/csc/itrust2/controllers/**/*.class]
09:01:26.006 [main] DEBUG o.s.c.i.s.PathMatchingResourcePatternResolver - Searching directory [/var/lib/jenkins/workspace/iTrustBuildJob/iTrust2/target/classes/edu/ncsu/csc/itrust2/controllers/api] for files matching pattern [/var/lib/jenkins/workspace/iTrustBuildJob/iTrust2/target/classes/edu/ncsu/csc/itrust2/controllers/**/*.class]
09:01:26.011 [main] DEBUG o.s.c.i.s.PathMatchingResourcePatternResolver - Searching directory [/var/lib/jenkins/workspace/iTrustBuildJob/iTrust2/target/classes/edu/ncsu/csc/itrust2/controllers/api/comm] for files matching pattern [/var/lib/jenkins/workspace/iTrustBuildJob/iTrust2/target/classes/edu/ncsu/csc/itrust2/controllers/**/*.class]
09:01:26.011 [main] DEBUG o.s.c.i.s.PathMatchingResourcePatternResolver - Searching directory [/var/lib/jenkins/workspace/iTrustBuildJob/iTrust2/target/classes/edu/ncsu/csc/itrust2/controllers/hcp] for files matching pattern [/var/lib/jenkins/workspace/iTrustBuildJob/iTrust2/target/classes/edu/ncsu/csc/itrust2/controllers/**/*.class]
09:01:26.012 [main] DEBUG o.s.c.i.s.PathMatchingResourcePatternResolver - Searching directory [/var/lib/jenkins/workspace/iTrustBuildJob/iTrust2/target/classes/edu/ncsu/csc/itrust2/controllers/patient] for files matching pattern [/var/lib/jenkins/workspace/iTrustBuildJob/iTrust2/target/classes/edu/ncsu/csc/itrust2/controllers/**/*.class]
09:01:26.012 [main] DEBUG o.s.c.i.s.PathMatchingResourcePatternResolver - Searching directory [/var/lib/jenkins/workspace/iTrustBuildJob/iTrust2/target/classes/edu/ncsu/csc/itrust2/controllers/personnel] for files matching pattern [/var/lib/jenkins/workspace/iTrustBuildJob/iTrust2/target/classes/edu/ncsu/csc/itrust2/controllers/**/*.class]
09:01:26.013 [main] DEBUG o.s.c.i.s.PathMatchingResourcePatternResolver - Resolved location pattern [classpath*:edu/ncsu/csc/itrust2/controllers/**/*.class] to resources [file [/var/lib/jenkins/workspace/iTrustBuildJob/iTrust2/target/classes/edu/ncsu/csc/itrust2/controllers/DefaultController.class], file [/var/lib/jenkins/workspace/iTrustBuildJob/iTrust2/target/classes/edu/ncsu/csc/itrust2/controllers/admin/AdminController.class], file [/var/lib/jenkins/workspace/iTrustBuildJob/iTrust2/target/classes/edu/ncsu/csc/itrust2/controllers/admin/AdminUserController$1.class], file [/var/lib/jenkins/workspace/iTrustBuildJob/iTrust2/target/classes/edu/ncsu/csc/itrust2/controllers/admin/AdminUserController.class], file [/var/lib/jenkins/workspace/iTrustBuildJob/iTrust2/target/classes/edu/ncsu/csc/itrust2/controllers/admin/HospitalController.class], file [/var/lib/jenkins/workspace/iTrustBuildJob/iTrust2/target/classes/edu/ncsu/csc/itrust2/controllers/admin/ICDCodesController.class], file [/var/lib/jenkins/workspace/iTrustBuildJob/iTrust2/target/classes/edu/ncsu/csc/itrust2/controllers/api/APIAppointmentRequestController.class], file [/var/lib/jenkins/workspace/iTrustBuildJob/iTrust2/target/classes/edu/ncsu/csc/itrust2/controllers/api/APIController$JSONResponse.class], file [/var/lib/jenkins/workspace/iTrustBuildJob/iTrust2/target/classes/edu/ncsu/csc/itrust2/controllers/api/APIController.class], file [/var/lib/jenkins/workspace/iTrustBuildJob/iTrust2/target/classes/edu/ncsu/csc/itrust2/controllers/api/APIDiagnosisController.class], file [/var/lib/jenkins/workspace/iTrustBuildJob/iTrust2/target/classes/edu/ncsu/csc/itrust2/controllers/api/APIDrugController.class], file [/var/lib/jenkins/workspace/iTrustBuildJob/iTrust2/target/classes/edu/ncsu/csc/itrust2/controllers/api/APIEnumController.class], file [/var/lib/jenkins/workspace/iTrustBuildJob/iTrust2/target/classes/edu/ncsu/csc/itrust2/controllers/api/APIHospitalController.class], file [/var/lib/jenkins/workspace/iTrustBuildJob/iTrust2/target/classes/edu/ncsu/csc/itrust2/controllers/api/APIICDCodeController.class], file [/var/lib/jenkins/workspace/iTrustBuildJob/iTrust2/target/classes/edu/ncsu/csc/itrust2/controllers/api/APILogEntryController.class], file [/var/lib/jenkins/workspace/iTrustBuildJob/iTrust2/target/classes/edu/ncsu/csc/itrust2/controllers/api/APIOfficeVisitController.class], file [/var/lib/jenkins/workspace/iTrustBuildJob/iTrust2/target/classes/edu/ncsu/csc/itrust2/controllers/api/APIPasswordController.class], file [/var/lib/jenkins/workspace/iTrustBuildJob/iTrust2/target/classes/edu/ncsu/csc/itrust2/controllers/api/APIPatientController.class], file [/var/lib/jenkins/workspace/iTrustBuildJob/iTrust2/target/classes/edu/ncsu/csc/itrust2/controllers/api/APIPersonnelController.class], file [/var/lib/jenkins/workspace/iTrustBuildJob/iTrust2/target/classes/edu/ncsu/csc/itrust2/controllers/api/APIPrescriptionController.class], file [/var/lib/jenkins/workspace/iTrustBuildJob/iTrust2/target/classes/edu/ncsu/csc/itrust2/controllers/api/APIUserController.class], file [/var/lib/jenkins/workspace/iTrustBuildJob/iTrust2/target/classes/edu/ncsu/csc/itrust2/controllers/api/comm/LogEntryRequestBody.class], file [/var/lib/jenkins/workspace/iTrustBuildJob/iTrust2/target/classes/edu/ncsu/csc/itrust2/controllers/api/comm/LogEntryTableRow.class], file [/var/lib/jenkins/workspace/iTrustBuildJob/iTrust2/target/classes/edu/ncsu/csc/itrust2/controllers/hcp/AppointmentControllerHCP.class], file [/var/lib/jenkins/workspace/iTrustBuildJob/iTrust2/target/classes/edu/ncsu/csc/itrust2/controllers/hcp/HCPController.class], file [/var/lib/jenkins/workspace/iTrustBuildJob/iTrust2/target/classes/edu/ncsu/csc/itrust2/controllers/hcp/OfficeVisitController.class], file [/var/lib/jenkins/workspace/iTrustBuildJob/iTrust2/target/classes/edu/ncsu/csc/itrust2/controllers/patient/AppointmentController.class], file [/var/lib/jenkins/workspace/iTrustBuildJob/iTrust2/target/classes/edu/ncsu/csc/itrust2/controllers/patient/DiagnosesController.class], file [/var/lib/jenkins/workspace/iTrustBuildJob/iTrust2/target/classes/edu/ncsu/csc/itrust2/controllers/patient/PatientController.class], file [/var/lib/jenkins/workspace/iTrustBuildJob/iTrust2/target/classes/edu/ncsu/csc/itrust2/controllers/personnel/PasswordController.class], file [/var/lib/jenkins/workspace/iTrustBuildJob/iTrust2/target/classes/edu/ncsu/csc/itrust2/controllers/personnel/UserController.class]]
09:01:26.015 [main] DEBUG o.s.c.a.ClassPathBeanDefinitionScanner - Identified candidate component class: file [/var/lib/jenkins/workspace/iTrustBuildJob/iTrust2/target/classes/edu/ncsu/csc/itrust2/controllers/DefaultController.class]
09:01:26.016 [main] DEBUG o.s.c.a.ClassPathBeanDefinitionScanner - Identified candidate component class: file [/var/lib/jenkins/workspace/iTrustBuildJob/iTrust2/target/classes/edu/ncsu/csc/itrust2/controllers/admin/AdminController.class]
09:01:26.017 [main] DEBUG o.s.c.a.ClassPathBeanDefinitionScanner - Identified candidate component class: file [/var/lib/jenkins/workspace/iTrustBuildJob/iTrust2/target/classes/edu/ncsu/csc/itrust2/controllers/admin/AdminUserController.class]
09:01:26.018 [main] DEBUG o.s.c.a.ClassPathBeanDefinitionScanner - Identified candidate component class: file [/var/lib/jenkins/workspace/iTrustBuildJob/iTrust2/target/classes/edu/ncsu/csc/itrust2/controllers/admin/HospitalController.class]
09:01:26.019 [main] DEBUG o.s.c.a.ClassPathBeanDefinitionScanner - Identified candidate component class: file [/var/lib/jenkins/workspace/iTrustBuildJob/iTrust2/target/classes/edu/ncsu/csc/itrust2/controllers/admin/ICDCodesController.class]
09:01:26.021 [main] DEBUG o.s.c.a.ClassPathBeanDefinitionScanner - Identified candidate component class: file [/var/lib/jenkins/workspace/iTrustBuildJob/iTrust2/target/classes/edu/ncsu/csc/itrust2/controllers/api/APIAppointmentRequestController.class]
09:01:26.023 [main] DEBUG o.s.c.a.ClassPathBeanDefinitionScanner - Identified candidate component class: file [/var/lib/jenkins/workspace/iTrustBuildJob/iTrust2/target/classes/edu/ncsu/csc/itrust2/controllers/api/APIDiagnosisController.class]
09:01:26.024 [main] DEBUG o.s.c.a.ClassPathBeanDefinitionScanner - Identified candidate component class: file [/var/lib/jenkins/workspace/iTrustBuildJob/iTrust2/target/classes/edu/ncsu/csc/itrust2/controllers/api/APIDrugController.class]
09:01:26.026 [main] DEBUG o.s.c.a.ClassPathBeanDefinitionScanner - Identified candidate component class: file [/var/lib/jenkins/workspace/iTrustBuildJob/iTrust2/target/classes/edu/ncsu/csc/itrust2/controllers/api/APIEnumController.class]
09:01:26.027 [main] DEBUG o.s.c.a.ClassPathBeanDefinitionScanner - Identified candidate component class: file [/var/lib/jenkins/workspace/iTrustBuildJob/iTrust2/target/classes/edu/ncsu/csc/itrust2/controllers/api/APIHospitalController.class]
09:01:26.029 [main] DEBUG o.s.c.a.ClassPathBeanDefinitionScanner - Identified candidate component class: file [/var/lib/jenkins/workspace/iTrustBuildJob/iTrust2/target/classes/edu/ncsu/csc/itrust2/controllers/api/APIICDCodeController.class]
09:01:26.029 [main] DEBUG o.s.c.a.ClassPathBeanDefinitionScanner - Identified candidate component class: file [/var/lib/jenkins/workspace/iTrustBuildJob/iTrust2/target/classes/edu/ncsu/csc/itrust2/controllers/api/APILogEntryController.class]
09:01:26.032 [main] DEBUG o.s.c.a.ClassPathBeanDefinitionScanner - Identified candidate component class: file [/var/lib/jenkins/workspace/iTrustBuildJob/iTrust2/target/classes/edu/ncsu/csc/itrust2/controllers/api/APIOfficeVisitController.class]
09:01:26.033 [main] DEBUG o.s.c.a.ClassPathBeanDefinitionScanner - Identified candidate component class: file [/var/lib/jenkins/workspace/iTrustBuildJob/iTrust2/target/classes/edu/ncsu/csc/itrust2/controllers/api/APIPasswordController.class]
09:01:26.034 [main] DEBUG o.s.c.a.ClassPathBeanDefinitionScanner - Identified candidate component class: file [/var/lib/jenkins/workspace/iTrustBuildJob/iTrust2/target/classes/edu/ncsu/csc/itrust2/controllers/api/APIPatientController.class]
09:01:26.035 [main] DEBUG o.s.c.a.ClassPathBeanDefinitionScanner - Identified candidate component class: file [/var/lib/jenkins/workspace/iTrustBuildJob/iTrust2/target/classes/edu/ncsu/csc/itrust2/controllers/api/APIPersonnelController.class]
09:01:26.037 [main] DEBUG o.s.c.a.ClassPathBeanDefinitionScanner - Identified candidate component class: file [/var/lib/jenkins/workspace/iTrustBuildJob/iTrust2/target/classes/edu/ncsu/csc/itrust2/controllers/api/APIPrescriptionController.class]
09:01:26.038 [main] DEBUG o.s.c.a.ClassPathBeanDefinitionScanner - Identified candidate component class: file [/var/lib/jenkins/workspace/iTrustBuildJob/iTrust2/target/classes/edu/ncsu/csc/itrust2/controllers/api/APIUserController.class]
09:01:26.039 [main] DEBUG o.s.c.a.ClassPathBeanDefinitionScanner - Identified candidate component class: file [/var/lib/jenkins/workspace/iTrustBuildJob/iTrust2/target/classes/edu/ncsu/csc/itrust2/controllers/hcp/AppointmentControllerHCP.class]
09:01:26.040 [main] DEBUG o.s.c.a.ClassPathBeanDefinitionScanner - Identified candidate component class: file [/var/lib/jenkins/workspace/iTrustBuildJob/iTrust2/target/classes/edu/ncsu/csc/itrust2/controllers/hcp/HCPController.class]
09:01:26.041 [main] DEBUG o.s.c.a.ClassPathBeanDefinitionScanner - Identified candidate component class: file [/var/lib/jenkins/workspace/iTrustBuildJob/iTrust2/target/classes/edu/ncsu/csc/itrust2/controllers/hcp/OfficeVisitController.class]
09:01:26.043 [main] DEBUG o.s.c.a.ClassPathBeanDefinitionScanner - Identified candidate component class: file [/var/lib/jenkins/workspace/iTrustBuildJob/iTrust2/target/classes/edu/ncsu/csc/itrust2/controllers/patient/AppointmentController.class]
09:01:26.043 [main] DEBUG o.s.c.a.ClassPathBeanDefinitionScanner - Identified candidate component class: file [/var/lib/jenkins/workspace/iTrustBuildJob/iTrust2/target/classes/edu/ncsu/csc/itrust2/controllers/patient/DiagnosesController.class]
09:01:26.044 [main] DEBUG o.s.c.a.ClassPathBeanDefinitionScanner - Identified candidate component class: file [/var/lib/jenkins/workspace/iTrustBuildJob/iTrust2/target/classes/edu/ncsu/csc/itrust2/controllers/patient/PatientController.class]
09:01:26.045 [main] DEBUG o.s.c.a.ClassPathBeanDefinitionScanner - Identified candidate component class: file [/var/lib/jenkins/workspace/iTrustBuildJob/iTrust2/target/classes/edu/ncsu/csc/itrust2/controllers/personnel/PasswordController.class]
09:01:26.046 [main] DEBUG o.s.c.a.ClassPathBeanDefinitionScanner - Identified candidate component class: file [/var/lib/jenkins/workspace/iTrustBuildJob/iTrust2/target/classes/edu/ncsu/csc/itrust2/controllers/personnel/UserController.class]
09:01:26.049 [main] DEBUG o.s.c.i.s.PathMatchingResourcePatternResolver - Resolved classpath location [edu/ncsu/csc/itrust2/config/] to resources [URL [file:/var/lib/jenkins/workspace/iTrustBuildJob/iTrust2/target/classes/edu/ncsu/csc/itrust2/config/]]
09:01:26.050 [main] DEBUG o.s.c.i.s.PathMatchingResourcePatternResolver - Looking for matching resources in directory tree [/var/lib/jenkins/workspace/iTrustBuildJob/iTrust2/target/classes/edu/ncsu/csc/itrust2/config]
09:01:26.050 [main] DEBUG o.s.c.i.s.PathMatchingResourcePatternResolver - Searching directory [/var/lib/jenkins/workspace/iTrustBuildJob/iTrust2/target/classes/edu/ncsu/csc/itrust2/config] for files matching pattern [/var/lib/jenkins/workspace/iTrustBuildJob/iTrust2/target/classes/edu/ncsu/csc/itrust2/config/**/*.class]
09:01:26.051 [main] DEBUG o.s.c.i.s.PathMatchingResourcePatternResolver - Resolved location pattern [classpath*:edu/ncsu/csc/itrust2/config/**/*.class] to resources [file [/var/lib/jenkins/workspace/iTrustBuildJob/iTrust2/target/classes/edu/ncsu/csc/itrust2/config/ContextListener.class], file [/var/lib/jenkins/workspace/iTrustBuildJob/iTrust2/target/classes/edu/ncsu/csc/itrust2/config/DataConfiguration.class], file [/var/lib/jenkins/workspace/iTrustBuildJob/iTrust2/target/classes/edu/ncsu/csc/itrust2/config/FailureHandler.class], file [/var/lib/jenkins/workspace/iTrustBuildJob/iTrust2/target/classes/edu/ncsu/csc/itrust2/config/IPFilter.class], file [/var/lib/jenkins/workspace/iTrustBuildJob/iTrust2/target/classes/edu/ncsu/csc/itrust2/config/ITrust2ApplicationInitializer.class], file [/var/lib/jenkins/workspace/iTrustBuildJob/iTrust2/target/classes/edu/ncsu/csc/itrust2/config/ITrust2WebApplicationInitializer.class], file [/var/lib/jenkins/workspace/iTrustBuildJob/iTrust2/target/classes/edu/ncsu/csc/itrust2/config/LoginAuditingListener.class], file [/var/lib/jenkins/workspace/iTrustBuildJob/iTrust2/target/classes/edu/ncsu/csc/itrust2/config/RootConfiguration.class], file [/var/lib/jenkins/workspace/iTrustBuildJob/iTrust2/target/classes/edu/ncsu/csc/itrust2/config/SecurityConfig.class]]
09:01:26.052 [main] DEBUG o.s.c.a.ClassPathBeanDefinitionScanner - Identified candidate component class: file [/var/lib/jenkins/workspace/iTrustBuildJob/iTrust2/target/classes/edu/ncsu/csc/itrust2/config/DataConfiguration.class]
09:01:26.053 [main] DEBUG o.s.c.a.ClassPathBeanDefinitionScanner - Identified candidate component class: file [/var/lib/jenkins/workspace/iTrustBuildJob/iTrust2/target/classes/edu/ncsu/csc/itrust2/config/LoginAuditingListener.class]
09:01:26.054 [main] DEBUG o.s.c.a.ClassPathBeanDefinitionScanner - Identified candidate component class: file [/var/lib/jenkins/workspace/iTrustBuildJob/iTrust2/target/classes/edu/ncsu/csc/itrust2/config/RootConfiguration.class]
09:01:26.055 [main] DEBUG o.s.c.a.ClassPathBeanDefinitionScanner - Identified candidate component class: file [/var/lib/jenkins/workspace/iTrustBuildJob/iTrust2/target/classes/edu/ncsu/csc/itrust2/config/SecurityConfig.class]
09:01:26.126 [main] DEBUG o.s.c.a.ConfigurationClassBeanDefinitionReader - Registering bean definition for @Bean method edu.ncsu.csc.itrust2.config.DataConfiguration.dataSource()
09:01:26.132 [main] DEBUG o.s.c.a.ConfigurationClassBeanDefinitionReader - Registered bean definition for imported class 'org.springframework.security.config.annotation.configuration.ObjectPostProcessorConfiguration'
09:01:26.133 [main] DEBUG o.s.c.a.ConfigurationClassBeanDefinitionReader - Registering bean definition for @Bean method org.springframework.security.config.annotation.configuration.ObjectPostProcessorConfiguration.objectPostProcessor()
09:01:26.133 [main] DEBUG o.s.c.a.ConfigurationClassBeanDefinitionReader - Registered bean definition for imported class 'org.springframework.security.config.annotation.authentication.configuration.AuthenticationConfiguration'
09:01:26.133 [main] DEBUG o.s.c.a.ConfigurationClassBeanDefinitionReader - Registering bean definition for @Bean method org.springframework.security.config.annotation.authentication.configuration.AuthenticationConfiguration.authenticationManagerBuilder()
09:01:26.133 [main] DEBUG o.s.c.a.ConfigurationClassBeanDefinitionReader - Registering bean definition for @Bean method org.springframework.security.config.annotation.authentication.configuration.AuthenticationConfiguration.enableGlobalAuthenticationAutowiredConfigurer()
09:01:26.133 [main] DEBUG o.s.c.a.ConfigurationClassBeanDefinitionReader - Registering bean definition for @Bean method org.springframework.security.config.annotation.authentication.configuration.AuthenticationConfiguration.initializeUserDetailsBeanManagerConfigurer()
09:01:26.133 [main] DEBUG o.s.c.a.ConfigurationClassBeanDefinitionReader - Registering bean definition for @Bean method org.springframework.security.config.annotation.authentication.configuration.AuthenticationConfiguration.initializeAuthenticationProviderBeanManagerConfigurer()
09:01:26.134 [main] DEBUG o.s.c.a.ConfigurationClassBeanDefinitionReader - Registered bean definition for imported class 'org.springframework.security.config.annotation.web.configuration.WebSecurityConfiguration'
09:01:26.134 [main] DEBUG o.s.c.a.ConfigurationClassBeanDefinitionReader - Registering bean definition for @Bean method org.springframework.security.config.annotation.web.configuration.WebSecurityConfiguration.delegatingApplicationListener()
09:01:26.134 [main] DEBUG o.s.c.a.ConfigurationClassBeanDefinitionReader - Registering bean definition for @Bean method org.springframework.security.config.annotation.web.configuration.WebSecurityConfiguration.webSecurityExpressionHandler()
09:01:26.135 [main] DEBUG o.s.c.a.ConfigurationClassBeanDefinitionReader - Registering bean definition for @Bean method org.springframework.security.config.annotation.web.configuration.WebSecurityConfiguration.springSecurityFilterChain()
09:01:26.135 [main] DEBUG o.s.c.a.ConfigurationClassBeanDefinitionReader - Registering bean definition for @Bean method org.springframework.security.config.annotation.web.configuration.WebSecurityConfiguration.privilegeEvaluator()
09:01:26.135 [main] DEBUG o.s.c.a.ConfigurationClassBeanDefinitionReader - Registering bean definition for @Bean method org.springframework.security.config.annotation.web.configuration.WebSecurityConfiguration.autowiredWebSecurityConfigurersIgnoreParents()
09:01:26.135 [main] DEBUG o.s.c.a.ConfigurationClassBeanDefinitionReader - Registered bean definition for imported class 'org.springframework.security.config.annotation.web.configuration.WebMvcSecurityConfiguration'
09:01:26.136 [main] DEBUG o.s.c.a.ConfigurationClassBeanDefinitionReader - Registering bean definition for @Bean method org.springframework.security.config.annotation.web.configuration.WebMvcSecurityConfiguration.requestDataValueProcessor()
09:01:26.136 [main] DEBUG o.s.c.a.ConfigurationClassBeanDefinitionReader - Registering bean definition for @Bean method edu.ncsu.csc.itrust2.config.SecurityConfig.passwordEncoder()
09:01:26.136 [main] DEBUG o.s.c.a.ConfigurationClassBeanDefinitionReader - Registering bean definition for @Bean method edu.ncsu.csc.itrust2.config.SecurityConfig.defaultAuthenticationEventPublisher()
09:01:26.137 [main] DEBUG o.s.c.a.ConfigurationClassBeanDefinitionReader - Registering bean definition for @Bean method edu.ncsu.csc.itrust2.config.SecurityConfig.failureHandler()
09:01:26.137 [main] DEBUG o.s.c.a.ConfigurationClassBeanDefinitionReader - Registering bean definition for @Bean method edu.ncsu.csc.itrust2.config.SecurityConfig.ipBlockFilter()
09:01:26.138 [main] DEBUG o.s.c.a.ConfigurationClassBeanDefinitionReader - Registered bean definition for imported class 'org.springframework.web.servlet.config.annotation.DelegatingWebMvcConfiguration'
09:01:26.139 [main] DEBUG o.s.c.a.ConfigurationClassBeanDefinitionReader - Registering bean definition for @Bean method org.springframework.web.servlet.config.annotation.DelegatingWebMvcConfiguration.mvcConversionService()
09:01:26.139 [main] DEBUG o.s.c.a.ConfigurationClassBeanDefinitionReader - Registering bean definition for @Bean method org.springframework.web.servlet.config.annotation.DelegatingWebMvcConfiguration.viewControllerHandlerMapping()
09:01:26.140 [main] DEBUG o.s.c.a.ConfigurationClassBeanDefinitionReader - Registering bean definition for @Bean method org.springframework.web.servlet.config.annotation.DelegatingWebMvcConfiguration.beanNameHandlerMapping()
09:01:26.140 [main] DEBUG o.s.c.a.ConfigurationClassBeanDefinitionReader - Registering bean definition for @Bean method org.springframework.web.servlet.config.annotation.DelegatingWebMvcConfiguration.resourceHandlerMapping()
09:01:26.140 [main] DEBUG o.s.c.a.ConfigurationClassBeanDefinitionReader - Registering bean definition for @Bean method org.springframework.web.servlet.config.annotation.DelegatingWebMvcConfiguration.mvcResourceUrlProvider()
09:01:26.141 [main] DEBUG o.s.c.a.ConfigurationClassBeanDefinitionReader - Registering bean definition for @Bean method org.springframework.web.servlet.config.annotation.DelegatingWebMvcConfiguration.defaultServletHandlerMapping()
09:01:26.141 [main] DEBUG o.s.c.a.ConfigurationClassBeanDefinitionReader - Registering bean definition for @Bean method org.springframework.web.servlet.config.annotation.DelegatingWebMvcConfiguration.requestMappingHandlerAdapter()
09:01:26.141 [main] DEBUG o.s.c.a.ConfigurationClassBeanDefinitionReader - Registering bean definition for @Bean method org.springframework.web.servlet.config.annotation.DelegatingWebMvcConfiguration.mvcValidator()
09:01:26.142 [main] DEBUG o.s.c.a.ConfigurationClassBeanDefinitionReader - Registering bean definition for @Bean method org.springframework.web.servlet.config.annotation.DelegatingWebMvcConfiguration.requestMappingHandlerMapping()
09:01:26.142 [main] DEBUG o.s.c.a.ConfigurationClassBeanDefinitionReader - Registering bean definition for @Bean method org.springframework.web.servlet.config.annotation.DelegatingWebMvcConfiguration.mvcPathMatcher()
09:01:26.143 [main] DEBUG o.s.c.a.ConfigurationClassBeanDefinitionReader - Registering bean definition for @Bean method org.springframework.web.servlet.config.annotation.DelegatingWebMvcConfiguration.mvcUrlPathHelper()
09:01:26.143 [main] DEBUG o.s.c.a.ConfigurationClassBeanDefinitionReader - Registering bean definition for @Bean method org.springframework.web.servlet.config.annotation.DelegatingWebMvcConfiguration.mvcContentNegotiationManager()
09:01:26.143 [main] DEBUG o.s.c.a.ConfigurationClassBeanDefinitionReader - Registering bean definition for @Bean method org.springframework.web.servlet.config.annotation.DelegatingWebMvcConfiguration.mvcUriComponentsContributor()
09:01:26.144 [main] DEBUG o.s.c.a.ConfigurationClassBeanDefinitionReader - Registering bean definition for @Bean method org.springframework.web.servlet.config.annotation.DelegatingWebMvcConfiguration.httpRequestHandlerAdapter()
09:01:26.144 [main] DEBUG o.s.c.a.ConfigurationClassBeanDefinitionReader - Registering bean definition for @Bean method org.springframework.web.servlet.config.annotation.DelegatingWebMvcConfiguration.simpleControllerHandlerAdapter()
09:01:26.145 [main] DEBUG o.s.c.a.ConfigurationClassBeanDefinitionReader - Registering bean definition for @Bean method org.springframework.web.servlet.config.annotation.DelegatingWebMvcConfiguration.handlerExceptionResolver()
09:01:26.145 [main] DEBUG o.s.c.a.ConfigurationClassBeanDefinitionReader - Registering bean definition for @Bean method org.springframework.web.servlet.config.annotation.DelegatingWebMvcConfiguration.mvcViewResolver()
09:01:26.145 [main] DEBUG o.s.c.a.ConfigurationClassBeanDefinitionReader - Registered bean definition for imported class 'org.springframework.security.config.annotation.method.configuration.GlobalMethodSecurityConfiguration'
09:01:26.145 [main] DEBUG o.s.c.a.ConfigurationClassBeanDefinitionReader - Registering bean definition for @Bean method org.springframework.security.config.annotation.method.configuration.GlobalMethodSecurityConfiguration.methodSecurityInterceptor()
09:01:26.145 [main] DEBUG o.s.c.a.ConfigurationClassBeanDefinitionReader - Registering bean definition for @Bean method org.springframework.security.config.annotation.method.configuration.GlobalMethodSecurityConfiguration.methodSecurityMetadataSource()
09:01:26.146 [main] DEBUG o.s.c.a.ConfigurationClassBeanDefinitionReader - Registering bean definition for @Bean method org.springframework.security.config.annotation.method.configuration.GlobalMethodSecurityConfiguration.preInvocationAuthorizationAdvice()
09:01:26.155 [main] DEBUG o.s.c.a.ConfigurationClassBeanDefinitionReader - Registering bean definition for @Bean method edu.ncsu.csc.itrust2.mvc.config.WebMvcConfiguration.viewResolver()
09:01:26.155 [main] DEBUG o.s.c.a.ConfigurationClassBeanDefinitionReader - Registering bean definition for @Bean method edu.ncsu.csc.itrust2.mvc.config.WebMvcConfiguration.templateEngine()
09:01:26.156 [main] DEBUG o.s.c.a.ConfigurationClassBeanDefinitionReader - Registering bean definition for @Bean method edu.ncsu.csc.itrust2.mvc.config.WebMvcConfiguration.domainClassConverter()
09:01:26.163 [main] DEBUG o.s.c.a.ConfigurationClassEnhancer - Successfully enhanced edu.ncsu.csc.itrust2.config.RootConfiguration; enhanced class name is: edu.ncsu.csc.itrust2.config.RootConfiguration$$EnhancerBySpringCGLIB$$34f44170
09:01:26.178 [main] DEBUG o.s.c.a.ConfigurationClassPostProcessor - Replacing bean definition 'rootConfiguration' existing class 'edu.ncsu.csc.itrust2.config.RootConfiguration' with enhanced class 'edu.ncsu.csc.itrust2.config.RootConfiguration$$EnhancerBySpringCGLIB$$34f44170'
09:01:26.178 [main] DEBUG o.s.c.a.ConfigurationClassEnhancer - Successfully enhanced edu.ncsu.csc.itrust2.mvc.config.WebMvcConfiguration; enhanced class name is: edu.ncsu.csc.itrust2.mvc.config.WebMvcConfiguration$$EnhancerBySpringCGLIB$$519f44c0
09:01:26.178 [main] DEBUG o.s.c.a.ConfigurationClassPostProcessor - Replacing bean definition 'webMvcConfiguration' existing class 'edu.ncsu.csc.itrust2.mvc.config.WebMvcConfiguration' with enhanced class 'edu.ncsu.csc.itrust2.mvc.config.WebMvcConfiguration$$EnhancerBySpringCGLIB$$519f44c0'
09:01:26.178 [main] DEBUG o.s.c.a.ConfigurationClassEnhancer - Successfully enhanced edu.ncsu.csc.itrust2.config.DataConfiguration; enhanced class name is: edu.ncsu.csc.itrust2.config.DataConfiguration$$EnhancerBySpringCGLIB$$793386a8
09:01:26.178 [main] DEBUG o.s.c.a.ConfigurationClassPostProcessor - Replacing bean definition 'dataConfiguration' existing class 'edu.ncsu.csc.itrust2.config.DataConfiguration' with enhanced class 'edu.ncsu.csc.itrust2.config.DataConfiguration$$EnhancerBySpringCGLIB$$793386a8'
09:01:26.178 [main] DEBUG o.s.c.a.ConfigurationClassEnhancer - Successfully enhanced edu.ncsu.csc.itrust2.config.SecurityConfig; enhanced class name is: edu.ncsu.csc.itrust2.config.SecurityConfig$$EnhancerBySpringCGLIB$$6bb40e4c
09:01:26.181 [main] DEBUG o.s.c.a.ConfigurationClassPostProcessor - Replacing bean definition 'securityConfig' existing class 'edu.ncsu.csc.itrust2.config.SecurityConfig' with enhanced class 'edu.ncsu.csc.itrust2.config.SecurityConfig$$EnhancerBySpringCGLIB$$6bb40e4c'
09:01:26.181 [main] DEBUG o.s.c.a.ConfigurationClassEnhancer - Successfully enhanced org.springframework.security.config.annotation.configuration.ObjectPostProcessorConfiguration; enhanced class name is: org.springframework.security.config.annotation.configuration.ObjectPostProcessorConfiguration$$EnhancerBySpringCGLIB$$79a95818
09:01:26.181 [main] DEBUG o.s.c.a.ConfigurationClassPostProcessor - Replacing bean definition 'org.springframework.security.config.annotation.configuration.ObjectPostProcessorConfiguration' existing class 'org.springframework.security.config.annotation.configuration.ObjectPostProcessorConfiguration' with enhanced class 'org.springframework.security.config.annotation.configuration.ObjectPostProcessorConfiguration$$EnhancerBySpringCGLIB$$79a95818'
09:01:26.182 [main] DEBUG o.s.c.a.ConfigurationClassEnhancer - Successfully enhanced org.springframework.security.config.annotation.authentication.configuration.AuthenticationConfiguration; enhanced class name is: org.springframework.security.config.annotation.authentication.configuration.AuthenticationConfiguration$$EnhancerBySpringCGLIB$$c572628d
09:01:26.182 [main] DEBUG o.s.c.a.ConfigurationClassPostProcessor - Replacing bean definition 'org.springframework.security.config.annotation.authentication.configuration.AuthenticationConfiguration' existing class 'org.springframework.security.config.annotation.authentication.configuration.AuthenticationConfiguration' with enhanced class 'org.springframework.security.config.annotation.authentication.configuration.AuthenticationConfiguration$$EnhancerBySpringCGLIB$$c572628d'
09:01:26.182 [main] DEBUG o.s.c.a.ConfigurationClassEnhancer - Successfully enhanced org.springframework.security.config.annotation.authentication.configuration.AuthenticationConfiguration; enhanced class name is: org.springframework.security.config.annotation.authentication.configuration.AuthenticationConfiguration$$EnhancerBySpringCGLIB$$c572628d
09:01:26.182 [main] DEBUG o.s.c.a.ConfigurationClassPostProcessor - Replacing bean definition 'enableGlobalAuthenticationAutowiredConfigurer' existing class 'org.springframework.security.config.annotation.authentication.configuration.AuthenticationConfiguration' with enhanced class 'org.springframework.security.config.annotation.authentication.configuration.AuthenticationConfiguration$$EnhancerBySpringCGLIB$$c572628d'
09:01:26.182 [main] DEBUG o.s.c.a.ConfigurationClassEnhancer - Successfully enhanced org.springframework.security.config.annotation.authentication.configuration.AuthenticationConfiguration; enhanced class name is: org.springframework.security.config.annotation.authentication.configuration.AuthenticationConfiguration$$EnhancerBySpringCGLIB$$c572628d
09:01:26.182 [main] DEBUG o.s.c.a.ConfigurationClassPostProcessor - Replacing bean definition 'initializeUserDetailsBeanManagerConfigurer' existing class 'org.springframework.security.config.annotation.authentication.configuration.AuthenticationConfiguration' with enhanced class 'org.springframework.security.config.annotation.authentication.configuration.AuthenticationConfiguration$$EnhancerBySpringCGLIB$$c572628d'
09:01:26.182 [main] DEBUG o.s.c.a.ConfigurationClassEnhancer - Successfully enhanced org.springframework.security.config.annotation.authentication.configuration.AuthenticationConfiguration; enhanced class name is: org.springframework.security.config.annotation.authentication.configuration.AuthenticationConfiguration$$EnhancerBySpringCGLIB$$c572628d
09:01:26.188 [main] DEBUG o.s.c.a.ConfigurationClassPostProcessor - Replacing bean definition 'initializeAuthenticationProviderBeanManagerConfigurer' existing class 'org.springframework.security.config.annotation.authentication.configuration.AuthenticationConfiguration' with enhanced class 'org.springframework.security.config.annotation.authentication.configuration.AuthenticationConfiguration$$EnhancerBySpringCGLIB$$c572628d'
09:01:26.188 [main] DEBUG o.s.c.a.ConfigurationClassEnhancer - Successfully enhanced org.springframework.security.config.annotation.web.configuration.WebSecurityConfiguration; enhanced class name is: org.springframework.security.config.annotation.web.configuration.WebSecurityConfiguration$$EnhancerBySpringCGLIB$$882cbcd1
09:01:26.188 [main] DEBUG o.s.c.a.ConfigurationClassPostProcessor - Replacing bean definition 'org.springframework.security.config.annotation.web.configuration.WebSecurityConfiguration' existing class 'org.springframework.security.config.annotation.web.configuration.WebSecurityConfiguration' with enhanced class 'org.springframework.security.config.annotation.web.configuration.WebSecurityConfiguration$$EnhancerBySpringCGLIB$$882cbcd1'
09:01:26.189 [main] DEBUG o.s.c.a.ConfigurationClassEnhancer - Successfully enhanced org.springframework.security.config.annotation.web.configuration.WebSecurityConfiguration; enhanced class name is: org.springframework.security.config.annotation.web.configuration.WebSecurityConfiguration$$EnhancerBySpringCGLIB$$882cbcd1
09:01:26.189 [main] DEBUG o.s.c.a.ConfigurationClassPostProcessor - Replacing bean definition 'delegatingApplicationListener' existing class 'org.springframework.security.config.annotation.web.configuration.WebSecurityConfiguration' with enhanced class 'org.springframework.security.config.annotation.web.configuration.WebSecurityConfiguration$$EnhancerBySpringCGLIB$$882cbcd1'
09:01:26.189 [main] DEBUG o.s.c.a.ConfigurationClassEnhancer - Successfully enhanced org.springframework.web.servlet.config.annotation.DelegatingWebMvcConfiguration; enhanced class name is: org.springframework.web.servlet.config.annotation.DelegatingWebMvcConfiguration$$EnhancerBySpringCGLIB$$a5bc7514
09:01:26.189 [main] DEBUG o.s.c.a.ConfigurationClassPostProcessor - Replacing bean definition 'org.springframework.web.servlet.config.annotation.DelegatingWebMvcConfiguration' existing class 'org.springframework.web.servlet.config.annotation.DelegatingWebMvcConfiguration' with enhanced class 'org.springframework.web.servlet.config.annotation.DelegatingWebMvcConfiguration$$EnhancerBySpringCGLIB$$a5bc7514'
09:01:26.189 [main] DEBUG o.s.c.a.ConfigurationClassEnhancer - Successfully enhanced org.springframework.security.config.annotation.method.configuration.GlobalMethodSecurityConfiguration; enhanced class name is: org.springframework.security.config.annotation.method.configuration.GlobalMethodSecurityConfiguration$$EnhancerBySpringCGLIB$$9e7dfaca
09:01:26.189 [main] DEBUG o.s.c.a.ConfigurationClassPostProcessor - Replacing bean definition 'org.springframework.security.config.annotation.method.configuration.GlobalMethodSecurityConfiguration' existing class 'org.springframework.security.config.annotation.method.configuration.GlobalMethodSecurityConfiguration' with enhanced class 'org.springframework.security.config.annotation.method.configuration.GlobalMethodSecurityConfiguration$$EnhancerBySpringCGLIB$$9e7dfaca'
09:01:26.211 [main] DEBUG o.s.b.f.s.DefaultListableBeanFactory - Creating shared instance of singleton bean 'org.springframework.context.annotation.internalAutowiredAnnotationProcessor'
09:01:26.211 [main] DEBUG o.s.b.f.s.DefaultListableBeanFactory - Creating instance of bean 'org.springframework.context.annotation.internalAutowiredAnnotationProcessor'
09:01:26.212 [main] DEBUG o.s.b.f.s.DefaultListableBeanFactory - Eagerly caching bean 'org.springframework.context.annotation.internalAutowiredAnnotationProcessor' to allow for resolving potential circular references
09:01:26.216 [main] DEBUG o.s.b.f.s.DefaultListableBeanFactory - Finished creating instance of bean 'org.springframework.context.annotation.internalAutowiredAnnotationProcessor'
09:01:26.222 [main] DEBUG o.s.b.f.s.DefaultListableBeanFactory - Creating shared instance of singleton bean 'org.springframework.context.annotation.internalRequiredAnnotationProcessor'
09:01:26.222 [main] DEBUG o.s.b.f.s.DefaultListableBeanFactory - Creating instance of bean 'org.springframework.context.annotation.internalRequiredAnnotationProcessor'
09:01:26.222 [main] DEBUG o.s.b.f.s.DefaultListableBeanFactory - Eagerly caching bean 'org.springframework.context.annotation.internalRequiredAnnotationProcessor' to allow for resolving potential circular references
09:01:26.226 [main] DEBUG o.s.b.f.s.DefaultListableBeanFactory - Finished creating instance of bean 'org.springframework.context.annotation.internalRequiredAnnotationProcessor'
09:01:26.238 [main] DEBUG o.s.b.f.s.DefaultListableBeanFactory - Creating shared instance of singleton bean 'org.springframework.context.annotation.internalCommonAnnotationProcessor'
09:01:26.238 [main] DEBUG o.s.b.f.s.DefaultListableBeanFactory - Creating instance of bean 'org.springframework.context.annotation.internalCommonAnnotationProcessor'
09:01:26.238 [main] DEBUG o.s.b.f.s.DefaultListableBeanFactory - Eagerly caching bean 'org.springframework.context.annotation.internalCommonAnnotationProcessor' to allow for resolving potential circular references
09:01:26.244 [main] DEBUG o.s.b.f.s.DefaultListableBeanFactory - Finished creating instance of bean 'org.springframework.context.annotation.internalCommonAnnotationProcessor'
09:01:26.252 [main] DEBUG o.s.b.f.s.DefaultListableBeanFactory - Creating shared instance of singleton bean 'org.springframework.context.annotation.internalPersistenceAnnotationProcessor'
09:01:26.252 [main] DEBUG o.s.b.f.s.DefaultListableBeanFactory - Creating instance of bean 'org.springframework.context.annotation.internalPersistenceAnnotationProcessor'
09:01:26.252 [main] DEBUG o.s.b.f.s.DefaultListableBeanFactory - Eagerly caching bean 'org.springframework.context.annotation.internalPersistenceAnnotationProcessor' to allow for resolving potential circular references
09:01:26.257 [main] DEBUG o.s.b.f.s.DefaultListableBeanFactory - Finished creating instance of bean 'org.springframework.context.annotation.internalPersistenceAnnotationProcessor'
09:01:26.264 [main] DEBUG o.s.b.f.s.DefaultListableBeanFactory - Creating shared instance of singleton bean 'org.springframework.aop.config.internalAutoProxyCreator'
09:01:26.264 [main] DEBUG o.s.b.f.s.DefaultListableBeanFactory - Creating instance of bean 'org.springframework.aop.config.internalAutoProxyCreator'
09:01:26.265 [main] DEBUG o.s.b.f.s.DefaultListableBeanFactory - Eagerly caching bean 'org.springframework.aop.config.internalAutoProxyCreator' to allow for resolving potential circular references
09:01:26.283 [main] DEBUG o.s.b.f.s.DefaultListableBeanFactory - Finished creating instance of bean 'org.springframework.aop.config.internalAutoProxyCreator'
09:01:26.284 [main] DEBUG o.s.w.c.s.GenericWebApplicationContext - Unable to locate MessageSource with name 'messageSource': using default [org.springframework.context.support.DelegatingMessageSource@d20e900]
09:01:26.285 [main] DEBUG o.s.w.c.s.GenericWebApplicationContext - Unable to locate ApplicationEventMulticaster with name 'applicationEventMulticaster': using default [org.springframework.context.event.SimpleApplicationEventMulticaster@14237e5]
09:01:26.285 [main] DEBUG o.s.u.c.s.UiApplicationContextUtils - Unable to locate ThemeSource with name 'themeSource': using default [org.springframework.ui.context.support.ResourceBundleThemeSource@33ed6546]
09:01:26.286 [main] DEBUG o.s.b.f.s.DefaultListableBeanFactory - Pre-instantiating singletons in org.springframework.beans.factory.support.DefaultListableBeanFactory@7f9b46ed: defining beans [org.springframework.context.annotation.internalConfigurationAnnotationProcessor,org.springframework.context.annotation.internalAutowiredAnnotationProcessor,org.springframework.context.annotation.internalRequiredAnnotationProcessor,org.springframework.context.annotation.internalCommonAnnotationProcessor,org.springframework.context.annotation.internalPersistenceAnnotationProcessor,org.springframework.context.event.internalEventListenerProcessor,org.springframework.context.event.internalEventListenerFactory,rootConfiguration,webMvcConfiguration,dataConfiguration,loginAuditingListener,securityConfig,defaultController,adminController,adminUserController,hospitalController,ICDCodesController,APIAppointmentRequestController,APIDiagnosisController,APIDrugController,APIEnumController,APIHospitalController,APIICDCodeController,APILogEntryController,APIOfficeVisitController,APIPasswordController,APIPatientController,APIPersonnelController,APIPrescriptionController,APIUserController,appointmentControllerHCP,HCPController,officeVisitController,appointmentController,diagnosesController,patientController,passwordController,userController,dataSource,org.springframework.security.config.annotation.configuration.ObjectPostProcessorConfiguration,objectPostProcessor,org.springframework.security.config.annotation.authentication.configuration.AuthenticationConfiguration,authenticationManagerBuilder,enableGlobalAuthenticationAutowiredConfigurer,initializeUserDetailsBeanManagerConfigurer,initializeAuthenticationProviderBeanManagerConfigurer,org.springframework.security.config.annotation.web.configuration.WebSecurityConfiguration,delegatingApplicationListener,webSecurityExpressionHandler,springSecurityFilterChain,privilegeEvaluator,autowiredWebSecurityConfigurersIgnoreParents,org.springframework.security.config.annotation.web.configuration.WebMvcSecurityConfiguration,requestDataValueProcessor,passwordEncoder,defaultAuthenticationEventPublisher,failureHandler,ipBlockFilter,org.springframework.web.servlet.config.annotation.DelegatingWebMvcConfiguration,mvcConversionService,viewControllerHandlerMapping,beanNameHandlerMapping,resourceHandlerMapping,mvcResourceUrlProvider,defaultServletHandlerMapping,requestMappingHandlerAdapter,mvcValidator,requestMappingHandlerMapping,mvcPathMatcher,mvcUrlPathHelper,mvcContentNegotiationManager,mvcUriComponentsContributor,httpRequestHandlerAdapter,simpleControllerHandlerAdapter,handlerExceptionResolver,mvcViewResolver,org.springframework.security.config.annotation.method.configuration.GlobalMethodSecurityConfiguration,methodSecurityInterceptor,methodSecurityMetadataSource,preInvocationAuthorizationAdvice,viewResolver,templateEngine,domainClassConverter,metaDataSourceAdvisor,org.springframework.aop.config.internalAutoProxyCreator]; root of factory hierarchy
09:01:26.298 [main] DEBUG o.s.b.f.s.DefaultListableBeanFactory - Returning cached instance of singleton bean 'org.springframework.context.annotation.internalConfigurationAnnotationProcessor'
09:01:26.298 [main] DEBUG o.s.b.f.s.DefaultListableBeanFactory - Returning cached instance of singleton bean 'org.springframework.context.annotation.internalAutowiredAnnotationProcessor'
09:01:26.298 [main] DEBUG o.s.b.f.s.DefaultListableBeanFactory - Returning cached instance of singleton bean 'org.springframework.context.annotation.internalRequiredAnnotationProcessor'
09:01:26.298 [main] DEBUG o.s.b.f.s.DefaultListableBeanFactory - Returning cached instance of singleton bean 'org.springframework.context.annotation.internalCommonAnnotationProcessor'
09:01:26.298 [main] DEBUG o.s.b.f.s.DefaultListableBeanFactory - Returning cached instance of singleton bean 'org.springframework.context.annotation.internalPersistenceAnnotationProcessor'
09:01:26.298 [main] DEBUG o.s.b.f.s.DefaultListableBeanFactory - Creating shared instance of singleton bean 'org.springframework.context.event.internalEventListenerProcessor'
09:01:26.298 [main] DEBUG o.s.b.f.s.DefaultListableBeanFactory - Creating instance of bean 'org.springframework.context.event.internalEventListenerProcessor'
09:01:26.299 [main] DEBUG o.s.b.f.s.DefaultListableBeanFactory - Eagerly caching bean 'org.springframework.context.event.internalEventListenerProcessor' to allow for resolving potential circular references
09:01:26.302 [main] DEBUG o.s.b.f.s.DefaultListableBeanFactory - Creating shared instance of singleton bean 'metaDataSourceAdvisor'
09:01:26.304 [main] DEBUG o.s.b.f.s.DefaultListableBeanFactory - Creating instance of bean 'metaDataSourceAdvisor'
09:01:26.304 [main] DEBUG o.s.b.f.s.DefaultListableBeanFactory - Creating shared instance of singleton bean 'methodSecurityMetadataSource'
09:01:26.305 [main] DEBUG o.s.b.f.s.DefaultListableBeanFactory - Creating instance of bean 'methodSecurityMetadataSource'
09:01:26.305 [main] DEBUG o.s.b.f.s.DefaultListableBeanFactory - Creating shared instance of singleton bean 'org.springframework.security.config.annotation.method.configuration.GlobalMethodSecurityConfiguration'
09:01:26.305 [main] DEBUG o.s.b.f.s.DefaultListableBeanFactory - Creating instance of bean 'org.springframework.security.config.annotation.method.configuration.GlobalMethodSecurityConfiguration'
09:01:26.309 [main] DEBUG o.s.b.f.annotation.InjectionMetadata - Registered injected element on class [org.springframework.security.config.annotation.method.configuration.GlobalMethodSecurityConfiguration$$EnhancerBySpringCGLIB$$9e7dfaca]: AutowiredMethodElement for public void org.springframework.security.config.annotation.method.configuration.GlobalMethodSecurityConfiguration.setApplicationContext(org.springframework.context.ApplicationContext)
09:01:26.309 [main] DEBUG o.s.b.f.annotation.InjectionMetadata - Registered injected element on class [org.springframework.security.config.annotation.method.configuration.GlobalMethodSecurityConfiguration$$EnhancerBySpringCGLIB$$9e7dfaca]: AutowiredMethodElement for public void org.springframework.security.config.annotation.method.configuration.GlobalMethodSecurityConfiguration.setObjectPostProcessor(org.springframework.security.config.annotation.ObjectPostProcessor)
09:01:26.314 [main] DEBUG o.s.b.f.annotation.InjectionMetadata - Registered injected element on class [org.springframework.security.config.annotation.method.configuration.GlobalMethodSecurityConfiguration$$EnhancerBySpringCGLIB$$9e7dfaca]: AutowiredMethodElement for public void org.springframework.security.config.annotation.method.configuration.GlobalMethodSecurityConfiguration.setJsr250MethodSecurityMetadataSource(org.springframework.security.access.annotation.Jsr250MethodSecurityMetadataSource)
09:01:26.314 [main] DEBUG o.s.b.f.annotation.InjectionMetadata - Registered injected element on class [org.springframework.security.config.annotation.method.configuration.GlobalMethodSecurityConfiguration$$EnhancerBySpringCGLIB$$9e7dfaca]: AutowiredMethodElement for public void org.springframework.security.config.annotation.method.configuration.GlobalMethodSecurityConfiguration.setMethodSecurityExpressionHandler(java.util.List)
09:01:26.314 [main] DEBUG o.s.b.f.s.DefaultListableBeanFactory - Eagerly caching bean 'org.springframework.security.config.annotation.method.configuration.GlobalMethodSecurityConfiguration' to allow for resolving potential circular references
09:01:26.314 [main] DEBUG o.s.b.f.annotation.InjectionMetadata - Processing injected element of bean 'org.springframework.security.config.annotation.method.configuration.GlobalMethodSecurityConfiguration': AutowiredMethodElement for public void org.springframework.security.config.annotation.method.configuration.GlobalMethodSecurityConfiguration.setApplicationContext(org.springframework.context.ApplicationContext)
09:01:26.315 [main] DEBUG o.s.b.f.a.AutowiredAnnotationBeanPostProcessor - Autowiring by type from bean name 'org.springframework.security.config.annotation.method.configuration.GlobalMethodSecurityConfiguration' to bean named 'org.springframework.web.context.support.GenericWebApplicationContext@734eada1'
09:01:26.316 [main] DEBUG o.s.b.f.annotation.InjectionMetadata - Processing injected element of bean 'org.springframework.security.config.annotation.method.configuration.GlobalMethodSecurityConfiguration': AutowiredMethodElement for public void org.springframework.security.config.annotation.method.configuration.GlobalMethodSecurityConfiguration.setObjectPostProcessor(org.springframework.security.config.annotation.ObjectPostProcessor)
09:01:26.319 [main] DEBUG o.s.b.f.s.DefaultListableBeanFactory - Creating shared instance of singleton bean 'objectPostProcessor'
09:01:26.319 [main] DEBUG o.s.b.f.s.DefaultListableBeanFactory - Creating instance of bean 'objectPostProcessor'
09:01:26.320 [main] DEBUG o.s.b.f.s.DefaultListableBeanFactory - Creating shared instance of singleton bean 'org.springframework.security.config.annotation.configuration.ObjectPostProcessorConfiguration'
09:01:26.320 [main] DEBUG o.s.b.f.s.DefaultListableBeanFactory - Creating instance of bean 'org.springframework.security.config.annotation.configuration.ObjectPostProcessorConfiguration'
09:01:26.320 [main] DEBUG o.s.b.f.s.DefaultListableBeanFactory - Eagerly caching bean 'org.springframework.security.config.annotation.configuration.ObjectPostProcessorConfiguration' to allow for resolving potential circular references
09:01:26.321 [main] DEBUG o.s.a.f.a.BeanFactoryAdvisorRetrievalHelper - Skipping currently created advisor 'metaDataSourceAdvisor'
09:01:26.322 [main] DEBUG o.s.b.f.s.DefaultListableBeanFactory - Finished creating instance of bean 'org.springframework.security.config.annotation.configuration.ObjectPostProcessorConfiguration'
09:01:26.328 [main] DEBUG o.s.b.f.s.DefaultListableBeanFactory - Autowiring by type from bean name 'objectPostProcessor' via factory method to bean named 'org.springframework.beans.factory.support.DefaultListableBeanFactory@7f9b46ed'
09:01:26.328 [main] DEBUG o.s.b.f.s.DefaultListableBeanFactory - Eagerly caching bean 'objectPostProcessor' to allow for resolving potential circular references
09:01:26.331 [main] DEBUG o.s.a.f.a.BeanFactoryAdvisorRetrievalHelper - Skipping currently created advisor 'metaDataSourceAdvisor'
09:01:26.338 [main] DEBUG o.s.b.f.s.DefaultListableBeanFactory - Finished creating instance of bean 'objectPostProcessor'
09:01:26.338 [main] DEBUG o.s.b.f.a.AutowiredAnnotationBeanPostProcessor - Autowiring by type from bean name 'org.springframework.security.config.annotation.method.configuration.GlobalMethodSecurityConfiguration' to bean named 'objectPostProcessor'
09:01:26.344 [main] DEBUG o.s.b.f.annotation.InjectionMetadata - Processing injected element of bean 'org.springframework.security.config.annotation.method.configuration.GlobalMethodSecurityConfiguration': AutowiredMethodElement for public void org.springframework.security.config.annotation.method.configuration.GlobalMethodSecurityConfiguration.setJsr250MethodSecurityMetadataSource(org.springframework.security.access.annotation.Jsr250MethodSecurityMetadataSource)
09:01:26.345 [main] DEBUG o.s.b.f.annotation.InjectionMetadata - Processing injected element of bean 'org.springframework.security.config.annotation.method.configuration.GlobalMethodSecurityConfiguration': AutowiredMethodElement for public void org.springframework.security.config.annotation.method.configuration.GlobalMethodSecurityConfiguration.setMethodSecurityExpressionHandler(java.util.List)
09:01:26.346 [main] DEBUG o.s.b.f.s.DefaultListableBeanFactory - Returning cached instance of singleton bean 'org.springframework.context.annotation.ConfigurationClassPostProcessor.importRegistry'
09:01:26.346 [main] DEBUG o.s.a.f.a.BeanFactoryAdvisorRetrievalHelper - Skipping currently created advisor 'metaDataSourceAdvisor'
09:01:26.347 [main] DEBUG o.s.b.f.s.DefaultListableBeanFactory - Finished creating instance of bean 'org.springframework.security.config.annotation.method.configuration.GlobalMethodSecurityConfiguration'
09:01:26.347 [main] DEBUG o.s.b.f.s.DefaultListableBeanFactory - Eagerly caching bean 'methodSecurityMetadataSource' to allow for resolving potential circular references
09:01:26.355 [main] DEBUG o.s.b.f.s.DefaultListableBeanFactory - Finished creating instance of bean 'methodSecurityMetadataSource'
09:01:26.357 [main] DEBUG o.s.b.f.s.DefaultListableBeanFactory - Eagerly caching bean 'metaDataSourceAdvisor' to allow for resolving potential circular references
09:01:26.360 [main] DEBUG o.s.b.f.s.DefaultListableBeanFactory - Finished creating instance of bean 'metaDataSourceAdvisor'
09:01:26.361 [main] DEBUG o.s.b.f.s.DefaultListableBeanFactory - Finished creating instance of bean 'org.springframework.context.event.internalEventListenerProcessor'
09:01:26.361 [main] DEBUG o.s.b.f.s.DefaultListableBeanFactory - Creating shared instance of singleton bean 'org.springframework.context.event.internalEventListenerFactory'
09:01:26.361 [main] DEBUG o.s.b.f.s.DefaultListableBeanFactory - Creating instance of bean 'org.springframework.context.event.internalEventListenerFactory'
09:01:26.361 [main] DEBUG o.s.b.f.s.DefaultListableBeanFactory - Eagerly caching bean 'org.springframework.context.event.internalEventListenerFactory' to allow for resolving potential circular references
09:01:26.369 [main] DEBUG o.s.b.f.s.DefaultListableBeanFactory - Returning cached instance of singleton bean 'metaDataSourceAdvisor'
09:01:26.370 [main] DEBUG o.s.b.f.s.DefaultListableBeanFactory - Finished creating instance of bean 'org.springframework.context.event.internalEventListenerFactory'
09:01:26.370 [main] DEBUG o.s.b.f.s.DefaultListableBeanFactory - Creating shared instance of singleton bean 'rootConfiguration'
09:01:26.370 [main] DEBUG o.s.b.f.s.DefaultListableBeanFactory - Creating instance of bean 'rootConfiguration'
09:01:26.370 [main] DEBUG o.s.b.f.s.DefaultListableBeanFactory - Eagerly caching bean 'rootConfiguration' to allow for resolving potential circular references
09:01:26.373 [main] DEBUG o.s.b.f.s.DefaultListableBeanFactory - Returning cached instance of singleton bean 'metaDataSourceAdvisor'
09:01:26.378 [main] DEBUG o.s.b.f.s.DefaultListableBeanFactory - Finished creating instance of bean 'rootConfiguration'
09:01:26.379 [main] DEBUG o.s.b.f.s.DefaultListableBeanFactory - Creating shared instance of singleton bean 'webMvcConfiguration'
09:01:26.379 [main] DEBUG o.s.b.f.s.DefaultListableBeanFactory - Creating instance of bean 'webMvcConfiguration'
09:01:26.380 [main] DEBUG o.s.b.f.annotation.InjectionMetadata - Registered injected element on class [edu.ncsu.csc.itrust2.mvc.config.WebMvcConfiguration$$EnhancerBySpringCGLIB$$519f44c0]: AutowiredFieldElement for private org.springframework.context.ApplicationContext edu.ncsu.csc.itrust2.mvc.config.WebMvcConfiguration.applicationContext
09:01:26.380 [main] DEBUG o.s.b.f.annotation.InjectionMetadata - Registered injected element on class [edu.ncsu.csc.itrust2.mvc.config.WebMvcConfiguration$$EnhancerBySpringCGLIB$$519f44c0]: AutowiredFieldElement for private org.springframework.format.support.FormattingConversionService edu.ncsu.csc.itrust2.mvc.config.WebMvcConfiguration.mvcConversionService
09:01:26.380 [main] DEBUG o.s.b.f.s.DefaultListableBeanFactory - Eagerly caching bean 'webMvcConfiguration' to allow for resolving potential circular references
09:01:26.383 [main] DEBUG o.s.b.f.annotation.InjectionMetadata - Processing injected element of bean 'webMvcConfiguration': AutowiredFieldElement for private org.springframework.context.ApplicationContext edu.ncsu.csc.itrust2.mvc.config.WebMvcConfiguration.applicationContext
09:01:26.390 [main] DEBUG o.s.b.f.a.AutowiredAnnotationBeanPostProcessor - Autowiring by type from bean name 'webMvcConfiguration' to bean named 'org.springframework.web.context.support.GenericWebApplicationContext@734eada1'
09:01:26.390 [main] DEBUG o.s.b.f.annotation.InjectionMetadata - Processing injected element of bean 'webMvcConfiguration': AutowiredFieldElement for private org.springframework.format.support.FormattingConversionService edu.ncsu.csc.itrust2.mvc.config.WebMvcConfiguration.mvcConversionService
09:01:26.391 [main] DEBUG o.s.b.f.s.DefaultListableBeanFactory - Creating shared instance of singleton bean 'mvcConversionService'
09:01:26.391 [main] DEBUG o.s.b.f.s.DefaultListableBeanFactory - Creating instance of bean 'mvcConversionService'
09:01:26.391 [main] DEBUG o.s.b.f.s.DefaultListableBeanFactory - Creating shared instance of singleton bean 'org.springframework.web.servlet.config.annotation.DelegatingWebMvcConfiguration'
09:01:26.391 [main] DEBUG o.s.b.f.s.DefaultListableBeanFactory - Creating instance of bean 'org.springframework.web.servlet.config.annotation.DelegatingWebMvcConfiguration'
09:01:26.396 [main] DEBUG o.s.b.f.annotation.InjectionMetadata - Registered injected element on class [org.springframework.web.servlet.config.annotation.DelegatingWebMvcConfiguration$$EnhancerBySpringCGLIB$$a5bc7514]: AutowiredMethodElement for public void org.springframework.web.servlet.config.annotation.DelegatingWebMvcConfiguration.setConfigurers(java.util.List)
09:01:26.396 [main] DEBUG o.s.b.f.s.DefaultListableBeanFactory - Eagerly caching bean 'org.springframework.web.servlet.config.annotation.DelegatingWebMvcConfiguration' to allow for resolving potential circular references
09:01:26.396 [main] DEBUG o.s.b.f.annotation.InjectionMetadata - Processing injected element of bean 'org.springframework.web.servlet.config.annotation.DelegatingWebMvcConfiguration': AutowiredMethodElement for public void org.springframework.web.servlet.config.annotation.DelegatingWebMvcConfiguration.setConfigurers(java.util.List)
09:01:26.397 [main] DEBUG o.s.b.f.s.DefaultListableBeanFactory - Returning cached instance of singleton bean 'metaDataSourceAdvisor'
09:01:26.425 [main] DEBUG o.s.b.f.s.DefaultListableBeanFactory - Returning eagerly cached instance of singleton bean 'webMvcConfiguration' that is not fully initialized yet - a consequence of a circular reference
09:01:26.425 [main] DEBUG o.s.b.f.s.DefaultListableBeanFactory - Creating shared instance of singleton bean 'org.springframework.security.config.annotation.web.configuration.WebMvcSecurityConfiguration'
09:01:26.425 [main] DEBUG o.s.b.f.s.DefaultListableBeanFactory - Creating instance of bean 'org.springframework.security.config.annotation.web.configuration.WebMvcSecurityConfiguration'
09:01:26.426 [main] DEBUG o.s.b.f.s.DefaultListableBeanFactory - Eagerly caching bean 'org.springframework.security.config.annotation.web.configuration.WebMvcSecurityConfiguration' to allow for resolving potential circular references
09:01:26.428 [main] DEBUG o.s.b.f.s.DefaultListableBeanFactory - Returning cached instance of singleton bean 'metaDataSourceAdvisor'
09:01:26.431 [main] DEBUG o.s.b.f.s.DefaultListableBeanFactory - Finished creating instance of bean 'org.springframework.security.config.annotation.web.configuration.WebMvcSecurityConfiguration'
09:01:26.438 [main] DEBUG o.s.b.f.a.AutowiredAnnotationBeanPostProcessor - Autowiring by type from bean name 'org.springframework.web.servlet.config.annotation.DelegatingWebMvcConfiguration' to bean named 'webMvcConfiguration'
09:01:26.439 [main] DEBUG o.s.b.f.a.AutowiredAnnotationBeanPostProcessor - Autowiring by type from bean name 'org.springframework.web.servlet.config.annotation.DelegatingWebMvcConfiguration' to bean named 'org.springframework.security.config.annotation.web.configuration.WebMvcSecurityConfiguration'
09:01:26.439 [main] DEBUG o.s.b.f.s.DefaultListableBeanFactory - Returning cached instance of singleton bean 'metaDataSourceAdvisor'
09:01:26.476 [main] DEBUG o.s.b.f.s.DefaultListableBeanFactory - Finished creating instance of bean 'org.springframework.web.servlet.config.annotation.DelegatingWebMvcConfiguration'
09:01:26.482 [main] DEBUG o.s.b.f.s.DefaultListableBeanFactory - Eagerly caching bean 'mvcConversionService' to allow for resolving potential circular references
09:01:26.498 [main] DEBUG o.s.b.f.s.DefaultListableBeanFactory - Returning cached instance of singleton bean 'metaDataSourceAdvisor'
09:01:26.502 [main] DEBUG o.s.b.f.s.DefaultListableBeanFactory - Finished creating instance of bean 'mvcConversionService'
09:01:26.502 [main] DEBUG o.s.b.f.a.AutowiredAnnotationBeanPostProcessor - Autowiring by type from bean name 'webMvcConfiguration' to bean named 'mvcConversionService'
09:01:26.503 [main] DEBUG o.s.b.f.s.DefaultListableBeanFactory - Finished creating instance of bean 'webMvcConfiguration'
09:01:26.503 [main] DEBUG o.s.b.f.s.DefaultListableBeanFactory - Creating shared instance of singleton bean 'dataConfiguration'
09:01:26.503 [main] DEBUG o.s.b.f.s.DefaultListableBeanFactory - Creating instance of bean 'dataConfiguration'
09:01:26.503 [main] DEBUG o.s.b.f.s.DefaultListableBeanFactory - Eagerly caching bean 'dataConfiguration' to allow for resolving potential circular references
09:01:26.507 [main] DEBUG o.s.b.f.s.DefaultListableBeanFactory - Returning cached instance of singleton bean 'metaDataSourceAdvisor'
09:01:26.509 [main] DEBUG o.s.b.f.s.DefaultListableBeanFactory - Finished creating instance of bean 'dataConfiguration'
09:01:26.510 [main] DEBUG o.s.b.f.s.DefaultListableBeanFactory - Creating shared instance of singleton bean 'loginAuditingListener'
09:01:26.514 [main] DEBUG o.s.b.f.s.DefaultListableBeanFactory - Creating instance of bean 'loginAuditingListener'
09:01:26.514 [main] DEBUG o.s.b.f.s.DefaultListableBeanFactory - Eagerly caching bean 'loginAuditingListener' to allow for resolving potential circular references
09:01:26.516 [main] DEBUG o.s.b.f.s.DefaultListableBeanFactory - Returning cached instance of singleton bean 'metaDataSourceAdvisor'
09:01:26.516 [main] DEBUG o.s.b.f.s.DefaultListableBeanFactory - Finished creating instance of bean 'loginAuditingListener'
09:01:26.516 [main] DEBUG o.s.b.f.s.DefaultListableBeanFactory - Creating shared instance of singleton bean 'securityConfig'
09:01:26.516 [main] DEBUG o.s.b.f.s.DefaultListableBeanFactory - Creating instance of bean 'securityConfig'
09:01:26.521 [main] DEBUG o.s.b.f.annotation.InjectionMetadata - Registered injected element on class [edu.ncsu.csc.itrust2.config.SecurityConfig$$EnhancerBySpringCGLIB$$6bb40e4c]: AutowiredMethodElement for public void org.springframework.security.config.annotation.web.configuration.WebSecurityConfigurerAdapter.setApplicationContext(org.springframework.context.ApplicationContext)
09:01:26.527 [main] DEBUG o.s.b.f.annotation.InjectionMetadata - Registered injected element on class [edu.ncsu.csc.itrust2.config.SecurityConfig$$EnhancerBySpringCGLIB$$6bb40e4c]: AutowiredMethodElement for public void org.springframework.security.config.annotation.web.configuration.WebSecurityConfigurerAdapter.setObjectPostProcessor(org.springframework.security.config.annotation.ObjectPostProcessor)
09:01:26.527 [main] DEBUG o.s.b.f.annotation.InjectionMetadata - Registered injected element on class [edu.ncsu.csc.itrust2.config.SecurityConfig$$EnhancerBySpringCGLIB$$6bb40e4c]: AutowiredMethodElement for public void org.springframework.security.config.annotation.web.configuration.WebSecurityConfigurerAdapter.setTrustResolver(org.springframework.security.authentication.AuthenticationTrustResolver)
09:01:26.527 [main] DEBUG o.s.b.f.annotation.InjectionMetadata - Registered injected element on class [edu.ncsu.csc.itrust2.config.SecurityConfig$$EnhancerBySpringCGLIB$$6bb40e4c]: AutowiredMethodElement for public void org.springframework.security.config.annotation.web.configuration.WebSecurityConfigurerAdapter.setContentNegotationStrategy(org.springframework.web.accept.ContentNegotiationStrategy)
09:01:26.528 [main] DEBUG o.s.b.f.annotation.InjectionMetadata - Registered injected element on class [edu.ncsu.csc.itrust2.config.SecurityConfig$$EnhancerBySpringCGLIB$$6bb40e4c]: AutowiredMethodElement for public void org.springframework.security.config.annotation.web.configuration.WebSecurityConfigurerAdapter.setAuthenticationConfiguration(org.springframework.security.config.annotation.authentication.configuration.AuthenticationConfiguration)
09:01:26.528 [main] DEBUG o.s.b.f.annotation.InjectionMetadata - Registered injected element on class [edu.ncsu.csc.itrust2.config.SecurityConfig$$EnhancerBySpringCGLIB$$6bb40e4c]: AutowiredFieldElement for javax.sql.DataSource edu.ncsu.csc.itrust2.config.SecurityConfig.dataSource
09:01:26.550 [main] DEBUG o.s.b.f.annotation.InjectionMetadata - Registered injected element on class [edu.ncsu.csc.itrust2.config.SecurityConfig$$EnhancerBySpringCGLIB$$6bb40e4c]: AutowiredMethodElement for public void edu.ncsu.csc.itrust2.config.SecurityConfig.configureGlobal(org.springframework.security.config.annotation.authentication.builders.AuthenticationManagerBuilder) throws java.lang.Exception
09:01:26.550 [main] DEBUG o.s.b.f.s.DefaultListableBeanFactory - Eagerly caching bean 'securityConfig' to allow for resolving potential circular references
09:01:26.550 [main] DEBUG o.s.b.f.annotation.InjectionMetadata - Processing injected element of bean 'securityConfig': AutowiredMethodElement for public void org.springframework.security.config.annotation.web.configuration.WebSecurityConfigurerAdapter.setApplicationContext(org.springframework.context.ApplicationContext)
09:01:26.550 [main] DEBUG o.s.b.f.a.AutowiredAnnotationBeanPostProcessor - Autowiring by type from bean name 'securityConfig' to bean named 'org.springframework.web.context.support.GenericWebApplicationContext@734eada1'
09:01:26.551 [main] DEBUG o.s.b.f.annotation.InjectionMetadata - Processing injected element of bean 'securityConfig': AutowiredMethodElement for public void org.springframework.security.config.annotation.web.configuration.WebSecurityConfigurerAdapter.setObjectPostProcessor(org.springframework.security.config.annotation.ObjectPostProcessor)
09:01:26.551 [main] DEBUG o.s.b.f.s.DefaultListableBeanFactory - Returning cached instance of singleton bean 'objectPostProcessor'
09:01:26.552 [main] DEBUG o.s.b.f.a.AutowiredAnnotationBeanPostProcessor - Autowiring by type from bean name 'securityConfig' to bean named 'objectPostProcessor'
09:01:26.552 [main] DEBUG o.s.b.f.annotation.InjectionMetadata - Processing injected element of bean 'securityConfig': AutowiredMethodElement for public void org.springframework.security.config.annotation.web.configuration.WebSecurityConfigurerAdapter.setTrustResolver(org.springframework.security.authentication.AuthenticationTrustResolver)
09:01:26.553 [main] DEBUG o.s.b.f.annotation.InjectionMetadata - Processing injected element of bean 'securityConfig': AutowiredMethodElement for public void org.springframework.security.config.annotation.web.configuration.WebSecurityConfigurerAdapter.setContentNegotationStrategy(org.springframework.web.accept.ContentNegotiationStrategy)
09:01:26.562 [main] DEBUG o.s.b.f.s.DefaultListableBeanFactory - Creating shared instance of singleton bean 'mvcContentNegotiationManager'
09:01:26.563 [main] DEBUG o.s.b.f.s.DefaultListableBeanFactory - Creating instance of bean 'mvcContentNegotiationManager'
09:01:26.563 [main] DEBUG o.s.b.f.s.DefaultListableBeanFactory - Returning cached instance of singleton bean 'org.springframework.web.servlet.config.annotation.DelegatingWebMvcConfiguration'
09:01:26.564 [main] DEBUG o.s.b.f.s.DefaultListableBeanFactory - Eagerly caching bean 'mvcContentNegotiationManager' to allow for resolving potential circular references
09:01:26.565 [main] DEBUG o.s.b.f.s.DefaultListableBeanFactory - Returning cached instance of singleton bean 'metaDataSourceAdvisor'
09:01:26.566 [main] DEBUG o.s.b.f.s.DefaultListableBeanFactory - Finished creating instance of bean 'mvcContentNegotiationManager'
09:01:26.566 [main] DEBUG o.s.b.f.a.AutowiredAnnotationBeanPostProcessor - Autowiring by type from bean name 'securityConfig' to bean named 'mvcContentNegotiationManager'
09:01:26.566 [main] DEBUG o.s.b.f.annotation.InjectionMetadata - Processing injected element of bean 'securityConfig': AutowiredMethodElement for public void org.springframework.security.config.annotation.web.configuration.WebSecurityConfigurerAdapter.setAuthenticationConfiguration(org.springframework.security.config.annotation.authentication.configuration.AuthenticationConfiguration)
09:01:26.567 [main] DEBUG o.s.b.f.s.DefaultListableBeanFactory - Creating shared instance of singleton bean 'org.springframework.security.config.annotation.authentication.configuration.AuthenticationConfiguration'
09:01:26.567 [main] DEBUG o.s.b.f.s.DefaultListableBeanFactory - Creating instance of bean 'org.springframework.security.config.annotation.authentication.configuration.AuthenticationConfiguration'
09:01:26.568 [main] DEBUG o.s.b.f.annotation.InjectionMetadata - Registered injected element on class [org.springframework.security.config.annotation.authentication.configuration.AuthenticationConfiguration$$EnhancerBySpringCGLIB$$c572628d]: AutowiredMethodElement for public void org.springframework.security.config.annotation.authentication.configuration.AuthenticationConfiguration.setApplicationContext(org.springframework.context.ApplicationContext)
09:01:26.568 [main] DEBUG o.s.b.f.annotation.InjectionMetadata - Registered injected element on class [org.springframework.security.config.annotation.authentication.configuration.AuthenticationConfiguration$$EnhancerBySpringCGLIB$$c572628d]: AutowiredMethodElement for public void org.springframework.security.config.annotation.authentication.configuration.AuthenticationConfiguration.setGlobalAuthenticationConfigurers(java.util.List) throws java.lang.Exception
09:01:26.568 [main] DEBUG o.s.b.f.annotation.InjectionMetadata - Registered injected element on class [org.springframework.security.config.annotation.authentication.configuration.AuthenticationConfiguration$$EnhancerBySpringCGLIB$$c572628d]: AutowiredMethodElement for public void org.springframework.security.config.annotation.authentication.configuration.AuthenticationConfiguration.setObjectPostProcessor(org.springframework.security.config.annotation.ObjectPostProcessor)
09:01:26.568 [main] DEBUG o.s.b.f.s.DefaultListableBeanFactory - Eagerly caching bean 'org.springframework.security.config.annotation.authentication.configuration.AuthenticationConfiguration' to allow for resolving potential circular references
09:01:26.577 [main] DEBUG o.s.b.f.annotation.InjectionMetadata - Processing injected element of bean 'org.springframework.security.config.annotation.authentication.configuration.AuthenticationConfiguration': AutowiredMethodElement for public void org.springframework.security.config.annotation.authentication.configuration.AuthenticationConfiguration.setApplicationContext(org.springframework.context.ApplicationContext)
09:01:26.577 [main] DEBUG o.s.b.f.a.AutowiredAnnotationBeanPostProcessor - Autowiring by type from bean name 'org.springframework.security.config.annotation.authentication.configuration.AuthenticationConfiguration' to bean named 'org.springframework.web.context.support.GenericWebApplicationContext@734eada1'
09:01:26.577 [main] DEBUG o.s.b.f.annotation.InjectionMetadata - Processing injected element of bean 'org.springframework.security.config.annotation.authentication.configuration.AuthenticationConfiguration': AutowiredMethodElement for public void org.springframework.security.config.annotation.authentication.configuration.AuthenticationConfiguration.setGlobalAuthenticationConfigurers(java.util.List) throws java.lang.Exception
09:01:26.578 [main] DEBUG o.s.b.f.s.DefaultListableBeanFactory - Creating shared instance of singleton bean 'enableGlobalAuthenticationAutowiredConfigurer'
09:01:26.578 [main] DEBUG o.s.b.f.s.DefaultListableBeanFactory - Creating instance of bean 'enableGlobalAuthenticationAutowiredConfigurer'
09:01:26.580 [main] DEBUG o.s.b.f.s.DefaultListableBeanFactory - Autowiring by type from bean name 'enableGlobalAuthenticationAutowiredConfigurer' via factory method to bean named 'org.springframework.web.context.support.GenericWebApplicationContext@734eada1'
09:01:26.580 [main] DEBUG o.s.b.f.s.DefaultListableBeanFactory - Eagerly caching bean 'enableGlobalAuthenticationAutowiredConfigurer' to allow for resolving potential circular references
09:01:26.581 [main] DEBUG o.s.b.f.s.DefaultListableBeanFactory - Returning cached instance of singleton bean 'metaDataSourceAdvisor'
09:01:26.583 [main] DEBUG o.s.b.f.s.DefaultListableBeanFactory - Finished creating instance of bean 'enableGlobalAuthenticationAutowiredConfigurer'
09:01:26.583 [main] DEBUG o.s.b.f.s.DefaultListableBeanFactory - Creating shared instance of singleton bean 'initializeUserDetailsBeanManagerConfigurer'
09:01:26.583 [main] DEBUG o.s.b.f.s.DefaultListableBeanFactory - Creating instance of bean 'initializeUserDetailsBeanManagerConfigurer'
09:01:26.583 [main] DEBUG o.s.b.f.s.DefaultListableBeanFactory - Autowiring by type from bean name 'initializeUserDetailsBeanManagerConfigurer' via factory method to bean named 'org.springframework.web.context.support.GenericWebApplicationContext@734eada1'
09:01:26.590 [main] DEBUG o.s.b.f.s.DefaultListableBeanFactory - Eagerly caching bean 'initializeUserDetailsBeanManagerConfigurer' to allow for resolving potential circular references
09:01:26.591 [main] DEBUG o.s.b.f.s.DefaultListableBeanFactory - Returning cached instance of singleton bean 'metaDataSourceAdvisor'
09:01:26.593 [main] DEBUG o.s.b.f.s.DefaultListableBeanFactory - Finished creating instance of bean 'initializeUserDetailsBeanManagerConfigurer'
09:01:26.593 [main] DEBUG o.s.b.f.s.DefaultListableBeanFactory - Creating shared instance of singleton bean 'initializeAuthenticationProviderBeanManagerConfigurer'
09:01:26.593 [main] DEBUG o.s.b.f.s.DefaultListableBeanFactory - Creating instance of bean 'initializeAuthenticationProviderBeanManagerConfigurer'
09:01:26.593 [main] DEBUG o.s.b.f.s.DefaultListableBeanFactory - Autowiring by type from bean name 'initializeAuthenticationProviderBeanManagerConfigurer' via factory method to bean named 'org.springframework.web.context.support.GenericWebApplicationContext@734eada1'
09:01:26.594 [main] DEBUG o.s.b.f.s.DefaultListableBeanFactory - Eagerly caching bean 'initializeAuthenticationProviderBeanManagerConfigurer' to allow for resolving potential circular references
09:01:26.594 [main] DEBUG o.s.b.f.s.DefaultListableBeanFactory - Returning cached instance of singleton bean 'metaDataSourceAdvisor'
09:01:26.596 [main] DEBUG o.s.b.f.s.DefaultListableBeanFactory - Finished creating instance of bean 'initializeAuthenticationProviderBeanManagerConfigurer'
09:01:26.597 [main] DEBUG o.s.b.f.a.AutowiredAnnotationBeanPostProcessor - Autowiring by type from bean name 'org.springframework.security.config.annotation.authentication.configuration.AuthenticationConfiguration' to bean named 'enableGlobalAuthenticationAutowiredConfigurer'
09:01:26.597 [main] DEBUG o.s.b.f.a.AutowiredAnnotationBeanPostProcessor - Autowiring by type from bean name 'org.springframework.security.config.annotation.authentication.configuration.AuthenticationConfiguration' to bean named 'initializeUserDetailsBeanManagerConfigurer'
09:01:26.597 [main] DEBUG o.s.b.f.a.AutowiredAnnotationBeanPostProcessor - Autowiring by type from bean name 'org.springframework.security.config.annotation.authentication.configuration.AuthenticationConfiguration' to bean named 'initializeAuthenticationProviderBeanManagerConfigurer'
09:01:26.597 [main] DEBUG o.s.b.f.annotation.InjectionMetadata - Processing injected element of bean 'org.springframework.security.config.annotation.authentication.configuration.AuthenticationConfiguration': AutowiredMethodElement for public void org.springframework.security.config.annotation.authentication.configuration.AuthenticationConfiguration.setObjectPostProcessor(org.springframework.security.config.annotation.ObjectPostProcessor)
09:01:26.597 [main] DEBUG o.s.b.f.s.DefaultListableBeanFactory - Returning cached instance of singleton bean 'objectPostProcessor'
09:01:26.597 [main] DEBUG o.s.b.f.a.AutowiredAnnotationBeanPostProcessor - Autowiring by type from bean name 'org.springframework.security.config.annotation.authentication.configuration.AuthenticationConfiguration' to bean named 'objectPostProcessor'
09:01:26.597 [main] DEBUG o.s.b.f.s.DefaultListableBeanFactory - Returning cached instance of singleton bean 'metaDataSourceAdvisor'
09:01:26.599 [main] DEBUG o.s.b.f.s.DefaultListableBeanFactory - Finished creating instance of bean 'org.springframework.security.config.annotation.authentication.configuration.AuthenticationConfiguration'
09:01:26.599 [main] DEBUG o.s.b.f.a.AutowiredAnnotationBeanPostProcessor - Autowiring by type from bean name 'securityConfig' to bean named 'org.springframework.security.config.annotation.authentication.configuration.AuthenticationConfiguration'
09:01:26.599 [main] DEBUG o.s.b.f.annotation.InjectionMetadata - Processing injected element of bean 'securityConfig': AutowiredFieldElement for javax.sql.DataSource edu.ncsu.csc.itrust2.config.SecurityConfig.dataSource
09:01:26.600 [main] DEBUG o.s.b.f.s.DefaultListableBeanFactory - Creating shared instance of singleton bean 'dataSource'
09:01:26.600 [main] DEBUG o.s.b.f.s.DefaultListableBeanFactory - Creating instance of bean 'dataSource'
09:01:26.600 [main] DEBUG o.s.b.f.s.DefaultListableBeanFactory - Returning cached instance of singleton bean 'dataConfiguration'
09:01:26.611 [main] INFO  o.s.j.d.DriverManagerDataSource - Loaded JDBC driver: com.mysql.jdbc.Driver
09:01:26.612 [main] WARN  o.s.w.c.s.GenericWebApplicationContext - Exception encountered during context initialization - cancelling refresh attempt: org.springframework.beans.factory.UnsatisfiedDependencyException: Error creating bean with name 'securityConfig': Unsatisfied dependency expressed through field 'dataSource'; nested exception is org.springframework.beans.factory.BeanCreationException: Error creating bean with name 'dataSource' defined in class path resource [edu/ncsu/csc/itrust2/config/DataConfiguration.class]: Bean instantiation via factory method failed; nested exception is org.springframework.beans.BeanInstantiationException: Failed to instantiate [javax.sql.DataSource]: Factory method 'dataSource' threw exception; nested exception is java.lang.IllegalArgumentException: Property 'url' must not be empty
09:01:26.612 [main] DEBUG o.s.b.f.s.DefaultListableBeanFactory - Destroying singletons in org.springframework.beans.factory.support.DefaultListableBeanFactory@7f9b46ed: defining beans [org.springframework.context.annotation.internalConfigurationAnnotationProcessor,org.springframework.context.annotation.internalAutowiredAnnotationProcessor,org.springframework.context.annotation.internalRequiredAnnotationProcessor,org.springframework.context.annotation.internalCommonAnnotationProcessor,org.springframework.context.annotation.internalPersistenceAnnotationProcessor,org.springframework.context.event.internalEventListenerProcessor,org.springframework.context.event.internalEventListenerFactory,rootConfiguration,webMvcConfiguration,dataConfiguration,loginAuditingListener,securityConfig,defaultController,adminController,adminUserController,hospitalController,ICDCodesController,APIAppointmentRequestController,APIDiagnosisController,APIDrugController,APIEnumController,APIHospitalController,APIICDCodeController,APILogEntryController,APIOfficeVisitController,APIPasswordController,APIPatientController,APIPersonnelController,APIPrescriptionController,APIUserController,appointmentControllerHCP,HCPController,officeVisitController,appointmentController,diagnosesController,patientController,passwordController,userController,dataSource,org.springframework.security.config.annotation.configuration.ObjectPostProcessorConfiguration,objectPostProcessor,org.springframework.security.config.annotation.authentication.configuration.AuthenticationConfiguration,authenticationManagerBuilder,enableGlobalAuthenticationAutowiredConfigurer,initializeUserDetailsBeanManagerConfigurer,initializeAuthenticationProviderBeanManagerConfigurer,org.springframework.security.config.annotation.web.configuration.WebSecurityConfiguration,delegatingApplicationListener,webSecurityExpressionHandler,springSecurityFilterChain,privilegeEvaluator,autowiredWebSecurityConfigurersIgnoreParents,org.springframework.security.config.annotation.web.configuration.WebMvcSecurityConfiguration,requestDataValueProcessor,passwordEncoder,defaultAuthenticationEventPublisher,failureHandler,ipBlockFilter,org.springframework.web.servlet.config.annotation.DelegatingWebMvcConfiguration,mvcConversionService,viewControllerHandlerMapping,beanNameHandlerMapping,resourceHandlerMapping,mvcResourceUrlProvider,defaultServletHandlerMapping,requestMappingHandlerAdapter,mvcValidator,requestMappingHandlerMapping,mvcPathMatcher,mvcUrlPathHelper,mvcContentNegotiationManager,mvcUriComponentsContributor,httpRequestHandlerAdapter,simpleControllerHandlerAdapter,handlerExceptionResolver,mvcViewResolver,org.springframework.security.config.annotation.method.configuration.GlobalMethodSecurityConfiguration,methodSecurityInterceptor,methodSecurityMetadataSource,preInvocationAuthorizationAdvice,viewResolver,templateEngine,domainClassConverter,metaDataSourceAdvisor,org.springframework.aop.config.internalAutoProxyCreator]; root of factory hierarchy
09:01:26.612 [main] DEBUG o.s.b.f.s.DefaultListableBeanFactory - Retrieved dependent beans for bean 'objectPostProcessor': [org.springframework.security.config.annotation.method.configuration.GlobalMethodSecurityConfiguration, org.springframework.security.config.annotation.authentication.configuration.AuthenticationConfiguration]
09:01:26.612 [main] DEBUG o.s.b.f.s.DisposableBeanAdapter - Invoking destroy() on bean with name 'objectPostProcessor'
09:01:26.614 [main] ERROR o.s.test.context.TestContextManager - Caught exception while allowing TestExecutionListener [org.springframework.test.context.web.ServletTestExecutionListener@5eb89000] to prepare test instance [edu.ncsu.csc.itrust2.apitest.APIDrugTest@381db99e]
java.lang.IllegalStateException: Failed to load ApplicationContext
	at org.springframework.test.context.cache.DefaultCacheAwareContextLoaderDelegate.loadContext(DefaultCacheAwareContextLoaderDelegate.java:124) ~[spring-test-4.3.5.RELEASE.jar:4.3.5.RELEASE]
	at org.springframework.test.context.support.DefaultTestContext.getApplicationContext(DefaultTestContext.java:83) ~[spring-test-4.3.5.RELEASE.jar:4.3.5.RELEASE]
	at org.springframework.test.context.web.ServletTestExecutionListener.setUpRequestContextIfNecessary(ServletTestExecutionListener.java:189) ~[spring-test-4.3.5.RELEASE.jar:4.3.5.RELEASE]
	at org.springframework.test.context.web.ServletTestExecutionListener.prepareTestInstance(ServletTestExecutionListener.java:131) ~[spring-test-4.3.5.RELEASE.jar:4.3.5.RELEASE]
	at org.springframework.test.context.TestContextManager.prepareTestInstance(TestContextManager.java:230) ~[spring-test-4.3.5.RELEASE.jar:4.3.5.RELEASE]
	at org.springframework.test.context.junit4.SpringJUnit4ClassRunner.createTest(SpringJUnit4ClassRunner.java:228) [spring-test-4.3.5.RELEASE.jar:4.3.5.RELEASE]
	at org.springframework.test.context.junit4.SpringJUnit4ClassRunner$1.runReflectiveCall(SpringJUnit4ClassRunner.java:287) [spring-test-4.3.5.RELEASE.jar:4.3.5.RELEASE]
	at org.junit.internal.runners.model.ReflectiveCallable.run(ReflectiveCallable.java:12) [junit-4.12.jar:4.12]
	at org.springframework.test.context.junit4.SpringJUnit4ClassRunner.methodBlock(SpringJUnit4ClassRunner.java:289) [spring-test-4.3.5.RELEASE.jar:4.3.5.RELEASE]
	at org.springframework.test.context.junit4.SpringJUnit4ClassRunner.runChild(SpringJUnit4ClassRunner.java:247) [spring-test-4.3.5.RELEASE.jar:4.3.5.RELEASE]
	at org.springframework.test.context.junit4.SpringJUnit4ClassRunner.runChild(SpringJUnit4ClassRunner.java:94) [spring-test-4.3.5.RELEASE.jar:4.3.5.RELEASE]
	at org.junit.runners.ParentRunner$3.run(ParentRunner.java:290) [junit-4.12.jar:4.12]
	at org.junit.runners.ParentRunner$1.schedule(ParentRunner.java:71) [junit-4.12.jar:4.12]
	at org.junit.runners.ParentRunner.runChildren(ParentRunner.java:288) [junit-4.12.jar:4.12]
	at org.junit.runners.ParentRunner.access$000(ParentRunner.java:58) [junit-4.12.jar:4.12]
	at org.junit.runners.ParentRunner$2.evaluate(ParentRunner.java:268) [junit-4.12.jar:4.12]
	at org.springframework.test.context.junit4.statements.RunBeforeTestClassCallbacks.evaluate(RunBeforeTestClassCallbacks.java:61) [spring-test-4.3.5.RELEASE.jar:4.3.5.RELEASE]
	at org.springframework.test.context.junit4.statements.RunAfterTestClassCallbacks.evaluate(RunAfterTestClassCallbacks.java:70) [spring-test-4.3.5.RELEASE.jar:4.3.5.RELEASE]
	at org.junit.runners.ParentRunner.run(ParentRunner.java:363) [junit-4.12.jar:4.12]
	at org.springframework.test.context.junit4.SpringJUnit4ClassRunner.run(SpringJUnit4ClassRunner.java:191) [spring-test-4.3.5.RELEASE.jar:4.3.5.RELEASE]
	at org.apache.maven.surefire.junit4.JUnit4Provider.execute(JUnit4Provider.java:365) [surefire-junit4-2.20.jar:2.20]
	at org.apache.maven.surefire.junit4.JUnit4Provider.executeWithRerun(JUnit4Provider.java:272) [surefire-junit4-2.20.jar:2.20]
	at org.apache.maven.surefire.junit4.JUnit4Provider.executeTestSet(JUnit4Provider.java:236) [surefire-junit4-2.20.jar:2.20]
	at org.apache.maven.surefire.junit4.JUnit4Provider.invoke(JUnit4Provider.java:159) [surefire-junit4-2.20.jar:2.20]
	at org.apache.maven.surefire.booter.ForkedBooter.invokeProviderInSameClassLoader(ForkedBooter.java:386) [surefire-booter-2.20.jar:2.20]
	at org.apache.maven.surefire.booter.ForkedBooter.runSuitesInProcess(ForkedBooter.java:323) [surefire-booter-2.20.jar:2.20]
	at org.apache.maven.surefire.booter.ForkedBooter.main(ForkedBooter.java:143) [surefire-booter-2.20.jar:2.20]
Caused by: org.springframework.beans.factory.UnsatisfiedDependencyException: Error creating bean with name 'securityConfig': Unsatisfied dependency expressed through field 'dataSource'; nested exception is org.springframework.beans.factory.BeanCreationException: Error creating bean with name 'dataSource' defined in class path resource [edu/ncsu/csc/itrust2/config/DataConfiguration.class]: Bean instantiation via factory method failed; nested exception is org.springframework.beans.BeanInstantiationException: Failed to instantiate [javax.sql.DataSource]: Factory method 'dataSource' threw exception; nested exception is java.lang.IllegalArgumentException: Property 'url' must not be empty
	at org.springframework.beans.factory.annotation.AutowiredAnnotationBeanPostProcessor$AutowiredFieldElement.inject(AutowiredAnnotationBeanPostProcessor.java:588) ~[spring-beans-4.3.5.RELEASE.jar:4.3.5.RELEASE]
	at org.springframework.beans.factory.annotation.InjectionMetadata.inject(InjectionMetadata.java:88) ~[spring-beans-4.3.5.RELEASE.jar:4.3.5.RELEASE]
	at org.springframework.beans.factory.annotation.AutowiredAnnotationBeanPostProcessor.postProcessPropertyValues(AutowiredAnnotationBeanPostProcessor.java:366) ~[spring-beans-4.3.5.RELEASE.jar:4.3.5.RELEASE]
	at org.springframework.beans.factory.support.AbstractAutowireCapableBeanFactory.populateBean(AbstractAutowireCapableBeanFactory.java:1225) ~[spring-beans-4.3.5.RELEASE.jar:4.3.5.RELEASE]
	at org.springframework.beans.factory.support.AbstractAutowireCapableBeanFactory.doCreateBean(AbstractAutowireCapableBeanFactory.java:552) ~[spring-beans-4.3.5.RELEASE.jar:4.3.5.RELEASE]
	at org.springframework.beans.factory.support.AbstractAutowireCapableBeanFactory.createBean(AbstractAutowireCapableBeanFactory.java:483) ~[spring-beans-4.3.5.RELEASE.jar:4.3.5.RELEASE]
	at org.springframework.beans.factory.support.AbstractBeanFactory$1.getObject(AbstractBeanFactory.java:306) ~[spring-beans-4.3.5.RELEASE.jar:4.3.5.RELEASE]
	at org.springframework.beans.factory.support.DefaultSingletonBeanRegistry.getSingleton(DefaultSingletonBeanRegistry.java:230) ~[spring-beans-4.3.5.RELEASE.jar:4.3.5.RELEASE]
	at org.springframework.beans.factory.support.AbstractBeanFactory.doGetBean(AbstractBeanFactory.java:302) ~[spring-beans-4.3.5.RELEASE.jar:4.3.5.RELEASE]
	at org.springframework.beans.factory.support.AbstractBeanFactory.getBean(AbstractBeanFactory.java:197) ~[spring-beans-4.3.5.RELEASE.jar:4.3.5.RELEASE]
	at org.springframework.beans.factory.support.DefaultListableBeanFactory.preInstantiateSingletons(DefaultListableBeanFactory.java:759) ~[spring-beans-4.3.5.RELEASE.jar:4.3.5.RELEASE]
	at org.springframework.context.support.AbstractApplicationContext.finishBeanFactoryInitialization(AbstractApplicationContext.java:866) ~[spring-context-4.3.5.RELEASE.jar:4.3.5.RELEASE]
	at org.springframework.context.support.AbstractApplicationContext.refresh(AbstractApplicationContext.java:542) ~[spring-context-4.3.5.RELEASE.jar:4.3.5.RELEASE]
	at org.springframework.test.context.web.AbstractGenericWebContextLoader.loadContext(AbstractGenericWebContextLoader.java:134) ~[spring-test-4.3.5.RELEASE.jar:4.3.5.RELEASE]
	at org.springframework.test.context.web.AbstractGenericWebContextLoader.loadContext(AbstractGenericWebContextLoader.java:61) ~[spring-test-4.3.5.RELEASE.jar:4.3.5.RELEASE]
	at org.springframework.test.context.support.AbstractDelegatingSmartContextLoader.delegateLoading(AbstractDelegatingSmartContextLoader.java:108) ~[spring-test-4.3.5.RELEASE.jar:4.3.5.RELEASE]
	at org.springframework.test.context.support.AbstractDelegatingSmartContextLoader.loadContext(AbstractDelegatingSmartContextLoader.java:251) ~[spring-test-4.3.5.RELEASE.jar:4.3.5.RELEASE]
	at org.springframework.test.context.cache.DefaultCacheAwareContextLoaderDelegate.loadContextInternal(DefaultCacheAwareContextLoaderDelegate.java:98) ~[spring-test-4.3.5.RELEASE.jar:4.3.5.RELEASE]
	at org.springframework.test.context.cache.DefaultCacheAwareContextLoaderDelegate.loadContext(DefaultCacheAwareContextLoaderDelegate.java:116) ~[spring-test-4.3.5.RELEASE.jar:4.3.5.RELEASE]
	... 26 common frames omitted
Caused by: org.springframework.beans.factory.BeanCreationException: Error creating bean with name 'dataSource' defined in class path resource [edu/ncsu/csc/itrust2/config/DataConfiguration.class]: Bean instantiation via factory method failed; nested exception is org.springframework.beans.BeanInstantiationException: Failed to instantiate [javax.sql.DataSource]: Factory method 'dataSource' threw exception; nested exception is java.lang.IllegalArgumentException: Property 'url' must not be empty
	at org.springframework.beans.factory.support.ConstructorResolver.instantiateUsingFactoryMethod(ConstructorResolver.java:599) ~[spring-beans-4.3.5.RELEASE.jar:4.3.5.RELEASE]
	at org.springframework.beans.factory.support.AbstractAutowireCapableBeanFactory.instantiateUsingFactoryMethod(AbstractAutowireCapableBeanFactory.java:1134) ~[spring-beans-4.3.5.RELEASE.jar:4.3.5.RELEASE]
	at org.springframework.beans.factory.support.AbstractAutowireCapableBeanFactory.createBeanInstance(AbstractAutowireCapableBeanFactory.java:1028) ~[spring-beans-4.3.5.RELEASE.jar:4.3.5.RELEASE]
	at org.springframework.beans.factory.support.AbstractAutowireCapableBeanFactory.doCreateBean(AbstractAutowireCapableBeanFactory.java:513) ~[spring-beans-4.3.5.RELEASE.jar:4.3.5.RELEASE]
	at org.springframework.beans.factory.support.AbstractAutowireCapableBeanFactory.createBean(AbstractAutowireCapableBeanFactory.java:483) ~[spring-beans-4.3.5.RELEASE.jar:4.3.5.RELEASE]
	at org.springframework.beans.factory.support.AbstractBeanFactory$1.getObject(AbstractBeanFactory.java:306) ~[spring-beans-4.3.5.RELEASE.jar:4.3.5.RELEASE]
	at org.springframework.beans.factory.support.DefaultSingletonBeanRegistry.getSingleton(DefaultSingletonBeanRegistry.java:230) ~[spring-beans-4.3.5.RELEASE.jar:4.3.5.RELEASE]
	at org.springframework.beans.factory.support.AbstractBeanFactory.doGetBean(AbstractBeanFactory.java:302) ~[spring-beans-4.3.5.RELEASE.jar:4.3.5.RELEASE]
	at org.springframework.beans.factory.support.AbstractBeanFactory.getBean(AbstractBeanFactory.java:202) ~[spring-beans-4.3.5.RELEASE.jar:4.3.5.RELEASE]
	at org.springframework.beans.factory.config.DependencyDescriptor.resolveCandidate(DependencyDescriptor.java:207) ~[spring-beans-4.3.5.RELEASE.jar:4.3.5.RELEASE]
	at org.springframework.beans.factory.support.DefaultListableBeanFactory.doResolveDependency(DefaultListableBeanFactory.java:1136) ~[spring-beans-4.3.5.RELEASE.jar:4.3.5.RELEASE]
	at org.springframework.beans.factory.support.DefaultListableBeanFactory.resolveDependency(DefaultListableBeanFactory.java:1064) ~[spring-beans-4.3.5.RELEASE.jar:4.3.5.RELEASE]
	at org.springframework.beans.factory.annotation.AutowiredAnnotationBeanPostProcessor$AutowiredFieldElement.inject(AutowiredAnnotationBeanPostProcessor.java:585) ~[spring-beans-4.3.5.RELEASE.jar:4.3.5.RELEASE]
	... 44 common frames omitted
Caused by: org.springframework.beans.BeanInstantiationException: Failed to instantiate [javax.sql.DataSource]: Factory method 'dataSource' threw exception; nested exception is java.lang.IllegalArgumentException: Property 'url' must not be empty
	at org.springframework.beans.factory.support.SimpleInstantiationStrategy.instantiate(SimpleInstantiationStrategy.java:189) ~[spring-beans-4.3.5.RELEASE.jar:4.3.5.RELEASE]
	at org.springframework.beans.factory.support.ConstructorResolver.instantiateUsingFactoryMethod(ConstructorResolver.java:588) ~[spring-beans-4.3.5.RELEASE.jar:4.3.5.RELEASE]
	... 56 common frames omitted
Caused by: java.lang.IllegalArgumentException: Property 'url' must not be empty
	at org.springframework.util.Assert.hasText(Assert.java:168) ~[spring-core-4.3.5.RELEASE.jar:4.3.5.RELEASE]
	at org.springframework.jdbc.datasource.AbstractDriverBasedDataSource.setUrl(AbstractDriverBasedDataSource.java:55) ~[spring-jdbc-4.3.5.RELEASE.jar:4.3.5.RELEASE]
	at edu.ncsu.csc.itrust2.utils.DBUtil.dataSource(DBUtil.java:66) ~[classes/:na]
	at edu.ncsu.csc.itrust2.config.DataConfiguration.dataSource(DataConfiguration.java:27) ~[classes/:na]
	at edu.ncsu.csc.itrust2.config.DataConfiguration$$EnhancerBySpringCGLIB$$793386a8.CGLIB$dataSource$0(<generated>) ~[classes/:na]
	at edu.ncsu.csc.itrust2.config.DataConfiguration$$EnhancerBySpringCGLIB$$793386a8$$FastClassBySpringCGLIB$$8c3ad44b.invoke(<generated>) ~[classes/:na]
	at org.springframework.cglib.proxy.MethodProxy.invokeSuper(MethodProxy.java:228) ~[spring-core-4.3.5.RELEASE.jar:4.3.5.RELEASE]
	at org.springframework.context.annotation.ConfigurationClassEnhancer$BeanMethodInterceptor.intercept(ConfigurationClassEnhancer.java:356) ~[spring-context-4.3.5.RELEASE.jar:4.3.5.RELEASE]
	at edu.ncsu.csc.itrust2.config.DataConfiguration$$EnhancerBySpringCGLIB$$793386a8.dataSource(<generated>) ~[classes/:na]
	at sun.reflect.NativeMethodAccessorImpl.invoke0(Native Method) ~[na:1.8.0_161]
	at sun.reflect.NativeMethodAccessorImpl.invoke(NativeMethodAccessorImpl.java:62) ~[na:1.8.0_161]
	at sun.reflect.DelegatingMethodAccessorImpl.invoke(DelegatingMethodAccessorImpl.java:43) ~[na:1.8.0_161]
	at java.lang.reflect.Method.invoke(Method.java:498) ~[na:1.8.0_161]
	at org.springframework.beans.factory.support.SimpleInstantiationStrategy.instantiate(SimpleInstantiationStrategy.java:162) ~[spring-beans-4.3.5.RELEASE.jar:4.3.5.RELEASE]
	... 57 common frames omitted
]]></system-out>
    <system-err><![CDATA[java.lang.NullPointerException
	at java.util.Properties$LineReader.readLine(Properties.java:434)
	at java.util.Properties.load0(Properties.java:353)
	at java.util.Properties.load(Properties.java:341)
	at edu.ncsu.csc.itrust2.utils.DBUtil.dataSource(DBUtil.java:42)
	at edu.ncsu.csc.itrust2.config.DataConfiguration.dataSource(DataConfiguration.java:27)
	at edu.ncsu.csc.itrust2.config.DataConfiguration$$EnhancerBySpringCGLIB$$793386a8.CGLIB$dataSource$0(<generated>)
	at edu.ncsu.csc.itrust2.config.DataConfiguration$$EnhancerBySpringCGLIB$$793386a8$$FastClassBySpringCGLIB$$8c3ad44b.invoke(<generated>)
	at org.springframework.cglib.proxy.MethodProxy.invokeSuper(MethodProxy.java:228)
	at org.springframework.context.annotation.ConfigurationClassEnhancer$BeanMethodInterceptor.intercept(ConfigurationClassEnhancer.java:356)
	at edu.ncsu.csc.itrust2.config.DataConfiguration$$EnhancerBySpringCGLIB$$793386a8.dataSource(<generated>)
	at sun.reflect.NativeMethodAccessorImpl.invoke0(Native Method)
	at sun.reflect.NativeMethodAccessorImpl.invoke(NativeMethodAccessorImpl.java:62)
	at sun.reflect.DelegatingMethodAccessorImpl.invoke(DelegatingMethodAccessorImpl.java:43)
	at java.lang.reflect.Method.invoke(Method.java:498)
	at org.springframework.beans.factory.support.SimpleInstantiationStrategy.instantiate(SimpleInstantiationStrategy.java:162)
	at org.springframework.beans.factory.support.ConstructorResolver.instantiateUsingFactoryMethod(ConstructorResolver.java:588)
	at org.springframework.beans.factory.support.AbstractAutowireCapableBeanFactory.instantiateUsingFactoryMethod(AbstractAutowireCapableBeanFactory.java:1134)
	at org.springframework.beans.factory.support.AbstractAutowireCapableBeanFactory.createBeanInstance(AbstractAutowireCapableBeanFactory.java:1028)
	at org.springframework.beans.factory.support.AbstractAutowireCapableBeanFactory.doCreateBean(AbstractAutowireCapableBeanFactory.java:513)
	at org.springframework.beans.factory.support.AbstractAutowireCapableBeanFactory.createBean(AbstractAutowireCapableBeanFactory.java:483)
	at org.springframework.beans.factory.support.AbstractBeanFactory$1.getObject(AbstractBeanFactory.java:306)
	at org.springframework.beans.factory.support.DefaultSingletonBeanRegistry.getSingleton(DefaultSingletonBeanRegistry.java:230)
	at org.springframework.beans.factory.support.AbstractBeanFactory.doGetBean(AbstractBeanFactory.java:302)
	at org.springframework.beans.factory.support.AbstractBeanFactory.getBean(AbstractBeanFactory.java:202)
	at org.springframework.beans.factory.config.DependencyDescriptor.resolveCandidate(DependencyDescriptor.java:207)
	at org.springframework.beans.factory.support.DefaultListableBeanFactory.doResolveDependency(DefaultListableBeanFactory.java:1136)
	at org.springframework.beans.factory.support.DefaultListableBeanFactory.resolveDependency(DefaultListableBeanFactory.java:1064)
	at org.springframework.beans.factory.annotation.AutowiredAnnotationBeanPostProcessor$AutowiredFieldElement.inject(AutowiredAnnotationBeanPostProcessor.java:585)
	at org.springframework.beans.factory.annotation.InjectionMetadata.inject(InjectionMetadata.java:88)
	at org.springframework.beans.factory.annotation.AutowiredAnnotationBeanPostProcessor.postProcessPropertyValues(AutowiredAnnotationBeanPostProcessor.java:366)
	at org.springframework.beans.factory.support.AbstractAutowireCapableBeanFactory.populateBean(AbstractAutowireCapableBeanFactory.java:1225)
	at org.springframework.beans.factory.support.AbstractAutowireCapableBeanFactory.doCreateBean(AbstractAutowireCapableBeanFactory.java:552)
	at org.springframework.beans.factory.support.AbstractAutowireCapableBeanFactory.createBean(AbstractAutowireCapableBeanFactory.java:483)
	at org.springframework.beans.factory.support.AbstractBeanFactory$1.getObject(AbstractBeanFactory.java:306)
	at org.springframework.beans.factory.support.DefaultSingletonBeanRegistry.getSingleton(DefaultSingletonBeanRegistry.java:230)
	at org.springframework.beans.factory.support.AbstractBeanFactory.doGetBean(AbstractBeanFactory.java:302)
	at org.springframework.beans.factory.support.AbstractBeanFactory.getBean(AbstractBeanFactory.java:197)
	at org.springframework.beans.factory.support.DefaultListableBeanFactory.preInstantiateSingletons(DefaultListableBeanFactory.java:759)
	at org.springframework.context.support.AbstractApplicationContext.finishBeanFactoryInitialization(AbstractApplicationContext.java:866)
	at org.springframework.context.support.AbstractApplicationContext.refresh(AbstractApplicationContext.java:542)
	at org.springframework.test.context.web.AbstractGenericWebContextLoader.loadContext(AbstractGenericWebContextLoader.java:134)
	at org.springframework.test.context.web.AbstractGenericWebContextLoader.loadContext(AbstractGenericWebContextLoader.java:61)
	at org.springframework.test.context.support.AbstractDelegatingSmartContextLoader.delegateLoading(AbstractDelegatingSmartContextLoader.java:108)
	at org.springframework.test.context.support.AbstractDelegatingSmartContextLoader.loadContext(AbstractDelegatingSmartContextLoader.java:251)
	at org.springframework.test.context.cache.DefaultCacheAwareContextLoaderDelegate.loadContextInternal(DefaultCacheAwareContextLoaderDelegate.java:98)
	at org.springframework.test.context.cache.DefaultCacheAwareContextLoaderDelegate.loadContext(DefaultCacheAwareContextLoaderDelegate.java:116)
	at org.springframework.test.context.support.DefaultTestContext.getApplicationContext(DefaultTestContext.java:83)
	at org.springframework.test.context.web.ServletTestExecutionListener.setUpRequestContextIfNecessary(ServletTestExecutionListener.java:189)
	at org.springframework.test.context.web.ServletTestExecutionListener.prepareTestInstance(ServletTestExecutionListener.java:131)
	at org.springframework.test.context.TestContextManager.prepareTestInstance(TestContextManager.java:230)
	at org.springframework.test.context.junit4.SpringJUnit4ClassRunner.createTest(SpringJUnit4ClassRunner.java:228)
	at org.springframework.test.context.junit4.SpringJUnit4ClassRunner$1.runReflectiveCall(SpringJUnit4ClassRunner.java:287)
	at org.junit.internal.runners.model.ReflectiveCallable.run(ReflectiveCallable.java:12)
	at org.springframework.test.context.junit4.SpringJUnit4ClassRunner.methodBlock(SpringJUnit4ClassRunner.java:289)
	at org.springframework.test.context.junit4.SpringJUnit4ClassRunner.runChild(SpringJUnit4ClassRunner.java:247)
	at org.springframework.test.context.junit4.SpringJUnit4ClassRunner.runChild(SpringJUnit4ClassRunner.java:94)
	at org.junit.runners.ParentRunner$3.run(ParentRunner.java:290)
	at org.junit.runners.ParentRunner$1.schedule(ParentRunner.java:71)
	at org.junit.runners.ParentRunner.runChildren(ParentRunner.java:288)
	at org.junit.runners.ParentRunner.access$000(ParentRunner.java:58)
	at org.junit.runners.ParentRunner$2.evaluate(ParentRunner.java:268)
	at org.springframework.test.context.junit4.statements.RunBeforeTestClassCallbacks.evaluate(RunBeforeTestClassCallbacks.java:61)
	at org.springframework.test.context.junit4.statements.RunAfterTestClassCallbacks.evaluate(RunAfterTestClassCallbacks.java:70)
	at org.junit.runners.ParentRunner.run(ParentRunner.java:363)
	at org.springframework.test.context.junit4.SpringJUnit4ClassRunner.run(SpringJUnit4ClassRunner.java:191)
	at org.apache.maven.surefire.junit4.JUnit4Provider.execute(JUnit4Provider.java:365)
	at org.apache.maven.surefire.junit4.JUnit4Provider.executeWithRerun(JUnit4Provider.java:272)
	at org.apache.maven.surefire.junit4.JUnit4Provider.executeTestSet(JUnit4Provider.java:236)
	at org.apache.maven.surefire.junit4.JUnit4Provider.invoke(JUnit4Provider.java:159)
	at org.apache.maven.surefire.booter.ForkedBooter.invokeProviderInSameClassLoader(ForkedBooter.java:386)
	at org.apache.maven.surefire.booter.ForkedBooter.runSuitesInProcess(ForkedBooter.java:323)
	at org.apache.maven.surefire.booter.ForkedBooter.main(ForkedBooter.java:143)
]]></system-err>
  </testcase>
</testsuite>