<?xml version="1.0" encoding="UTF-8"?>
<testsuite xmlns:xsi="http://www.w3.org/2001/XMLSchema-instance" xsi:noNamespaceSchemaLocation="https://maven.apache.org/surefire/maven-surefire-plugin/xsd/surefire-test-report.xsd" name="edu.ncsu.csc.itrust2.apitest.APIDiagnosisTest" time="0.051" tests="1" errors="1" skipped="0" failures="0">
  <properties>
    <property name="java.runtime.name" value="Java(TM) SE Runtime Environment"/>
    <property name="sun.boot.library.path" value="/usr/lib/jvm/java-8-oracle/jre/lib/amd64"/>
    <property name="java.vm.version" value="25.161-b12"/>
    <property name="java.vm.vendor" value="Oracle Corporation"/>
    <property name="java.vendor.url" value="http://java.oracle.com/"/>
    <property name="path.separator" value=":"/>
    <property name="guice.disable.misplaced.annotation.check" value="true"/>
    <property name="java.vm.name" value="Java HotSpot(TM) 64-Bit Server VM"/>
    <property name="file.encoding.pkg" value="sun.io"/>
    <property name="user.country" value="US"/>
    <property name="sun.java.launcher" value="SUN_STANDARD"/>
    <property name="sun.os.patch.level" value="unknown"/>
    <property name="java.vm.specification.name" value="Java Virtual Machine Specification"/>
    <property name="user.dir" value="/var/lib/jenkins/workspace/iTrustBuildJob/iTrust2"/>
    <property name="java.runtime.version" value="1.8.0_161-b12"/>
    <property name="java.awt.graphicsenv" value="sun.awt.X11GraphicsEnvironment"/>
    <property name="java.endorsed.dirs" value="/usr/lib/jvm/java-8-oracle/jre/lib/endorsed"/>
    <property name="os.arch" value="amd64"/>
    <property name="java.io.tmpdir" value="/tmp"/>
    <property name="line.separator" value="&#10;"/>
    <property name="java.vm.specification.vendor" value="Oracle Corporation"/>
    <property name="os.name" value="Linux"/>
    <property name="classworlds.conf" value="/usr/share/maven/bin/m2.conf"/>
    <property name="sun.jnu.encoding" value="UTF-8"/>
    <property name="java.library.path" value="/usr/java/packages/lib/amd64:/usr/lib64:/lib64:/lib:/usr/lib"/>
    <property name="java.specification.name" value="Java Platform API Specification"/>
    <property name="java.class.version" value="52.0"/>
    <property name="sun.management.compiler" value="HotSpot 64-Bit Tiered Compilers"/>
    <property name="os.version" value="3.13.0-139-generic"/>
    <property name="user.home" value="/root"/>
    <property name="user.timezone" value="America/New_York"/>
    <property name="java.awt.printerjob" value="sun.print.PSPrinterJob"/>
    <property name="file.encoding" value="UTF-8"/>
    <property name="java.specification.version" value="1.8"/>
    <property name="user.name" value="root"/>
    <property name="java.class.path" value="/usr/share/maven/boot/plexus-classworlds-2.x.jar"/>
    <property name="java.vm.specification.version" value="1.8"/>
    <property name="sun.arch.data.model" value="64"/>
    <property name="java.home" value="/usr/lib/jvm/java-8-oracle/jre"/>
    <property name="sun.java.command" value="org.codehaus.plexus.classworlds.launcher.Launcher clean test verify checkstyle:checkstyle"/>
    <property name="java.specification.vendor" value="Oracle Corporation"/>
    <property name="user.language" value="en"/>
    <property name="awt.toolkit" value="sun.awt.X11.XToolkit"/>
    <property name="java.vm.info" value="mixed mode"/>
    <property name="java.version" value="1.8.0_161"/>
    <property name="java.ext.dirs" value="/usr/lib/jvm/java-8-oracle/jre/lib/ext:/usr/java/packages/lib/ext"/>
    <property name="securerandom.source" value="file:/dev/./urandom"/>
    <property name="sun.boot.class.path" value="/usr/lib/jvm/java-8-oracle/jre/lib/resources.jar:/usr/lib/jvm/java-8-oracle/jre/lib/rt.jar:/usr/lib/jvm/java-8-oracle/jre/lib/sunrsasign.jar:/usr/lib/jvm/java-8-oracle/jre/lib/jsse.jar:/usr/lib/jvm/java-8-oracle/jre/lib/jce.jar:/usr/lib/jvm/java-8-oracle/jre/lib/charsets.jar:/usr/lib/jvm/java-8-oracle/jre/lib/jfr.jar:/usr/lib/jvm/java-8-oracle/jre/classes"/>
    <property name="java.vendor" value="Oracle Corporation"/>
    <property name="maven.home" value="/usr/share/maven"/>
    <property name="file.separator" value="/"/>
    <property name="java.vendor.url.bug" value="http://bugreport.sun.com/bugreport/"/>
    <property name="sun.cpu.endian" value="little"/>
    <property name="sun.io.unicode.encoding" value="UnicodeLittle"/>
    <property name="sun.cpu.isalist" value=""/>
  </properties>
  <testcase name="testDiagnoses" classname="edu.ncsu.csc.itrust2.apitest.APIDiagnosisTest" time="0.049">
    <error type="java.lang.NullPointerException">java.lang.NullPointerException
	at edu.ncsu.csc.itrust2.apitest.APIDiagnosisTest.testDiagnoses(APIDiagnosisTest.java:161)
</error>
    <system-out><![CDATA[00:42:16.465 [main] DEBUG o.s.t.c.j.SpringJUnit4ClassRunner - SpringJUnit4ClassRunner constructor called with [class edu.ncsu.csc.itrust2.apitest.APIDiagnosisTest]
00:42:16.465 [main] DEBUG o.s.test.context.BootstrapUtils - Instantiating CacheAwareContextLoaderDelegate from class [org.springframework.test.context.cache.DefaultCacheAwareContextLoaderDelegate]
00:42:16.465 [main] DEBUG o.s.test.context.BootstrapUtils - Instantiating BootstrapContext using constructor [public org.springframework.test.context.support.DefaultBootstrapContext(java.lang.Class,org.springframework.test.context.CacheAwareContextLoaderDelegate)]
00:42:16.465 [main] DEBUG o.s.test.context.BootstrapUtils - Instantiating TestContextBootstrapper for test class [edu.ncsu.csc.itrust2.apitest.APIDiagnosisTest] from class [org.springframework.test.context.web.WebTestContextBootstrapper]
00:42:16.465 [main] DEBUG o.s.t.c.s.AbstractDelegatingSmartContextLoader - Delegating to AnnotationConfigWebContextLoader to process context configuration [ContextConfigurationAttributes@247e7a94 declaringClass = 'edu.ncsu.csc.itrust2.apitest.APIDiagnosisTest', classes = '{class edu.ncsu.csc.itrust2.config.RootConfiguration, class edu.ncsu.csc.itrust2.mvc.config.WebMvcConfiguration}', locations = '{}', inheritLocations = true, initializers = '{}', inheritInitializers = true, name = [null], contextLoaderClass = 'org.springframework.test.context.ContextLoader'].
00:42:16.477 [main] DEBUG o.s.t.c.support.ActiveProfilesUtils - Could not find an 'annotation declaring class' for annotation type [org.springframework.test.context.ActiveProfiles] and class [edu.ncsu.csc.itrust2.apitest.APIDiagnosisTest]
00:42:16.478 [main] DEBUG o.s.t.c.w.WebTestContextBootstrapper - @TestExecutionListeners is not present for class [edu.ncsu.csc.itrust2.apitest.APIDiagnosisTest]: using defaults.
00:42:16.479 [main] INFO  o.s.t.c.w.WebTestContextBootstrapper - Loaded default TestExecutionListener class names from location [META-INF/spring.factories]: [org.springframework.security.test.context.support.WithSecurityContextTestExecutionListener, org.springframework.test.context.web.ServletTestExecutionListener, org.springframework.test.context.support.DirtiesContextBeforeModesTestExecutionListener, org.springframework.test.context.support.DependencyInjectionTestExecutionListener, org.springframework.test.context.support.DirtiesContextTestExecutionListener, org.springframework.test.context.transaction.TransactionalTestExecutionListener, org.springframework.test.context.jdbc.SqlScriptsTestExecutionListener]
00:42:16.479 [main] INFO  o.s.t.c.w.WebTestContextBootstrapper - Using TestExecutionListeners: [org.springframework.test.context.web.ServletTestExecutionListener@2ce020f2, org.springframework.test.context.support.DirtiesContextBeforeModesTestExecutionListener@18aad6dc, org.springframework.test.context.support.DependencyInjectionTestExecutionListener@f83b144, org.springframework.test.context.support.DirtiesContextTestExecutionListener@270066a5, org.springframework.test.context.transaction.TransactionalTestExecutionListener@aca3507, org.springframework.test.context.jdbc.SqlScriptsTestExecutionListener@44981eb4, org.springframework.security.test.context.support.WithSecurityContextTestExecutionListener@56838ef2]
00:42:16.479 [main] DEBUG o.s.t.annotation.ProfileValueUtils - Retrieved @ProfileValueSourceConfiguration [null] for test class [edu.ncsu.csc.itrust2.apitest.APIDiagnosisTest]
00:42:16.479 [main] DEBUG o.s.t.annotation.ProfileValueUtils - Retrieved ProfileValueSource type [class org.springframework.test.annotation.SystemProfileValueSource] for class [edu.ncsu.csc.itrust2.apitest.APIDiagnosisTest]
00:42:16.479 [main] DEBUG o.s.t.annotation.ProfileValueUtils - Retrieved @ProfileValueSourceConfiguration [null] for test class [edu.ncsu.csc.itrust2.apitest.APIDiagnosisTest]
00:42:16.479 [main] DEBUG o.s.t.annotation.ProfileValueUtils - Retrieved ProfileValueSource type [class org.springframework.test.annotation.SystemProfileValueSource] for class [edu.ncsu.csc.itrust2.apitest.APIDiagnosisTest]
00:42:16.480 [main] DEBUG o.s.t.annotation.ProfileValueUtils - Retrieved @ProfileValueSourceConfiguration [null] for test class [edu.ncsu.csc.itrust2.apitest.APIDiagnosisTest]
00:42:16.480 [main] DEBUG o.s.t.annotation.ProfileValueUtils - Retrieved ProfileValueSource type [class org.springframework.test.annotation.SystemProfileValueSource] for class [edu.ncsu.csc.itrust2.apitest.APIDiagnosisTest]
00:42:16.480 [main] DEBUG o.s.t.c.s.AbstractDirtiesContextTestExecutionListener - Before test class: context [DefaultTestContext@7292ffc9 testClass = APIDiagnosisTest, testInstance = [null], testMethod = [null], testException = [null], mergedContextConfiguration = [WebMergedContextConfiguration@29ab9e91 testClass = APIDiagnosisTest, locations = '{}', classes = '{class edu.ncsu.csc.itrust2.config.RootConfiguration, class edu.ncsu.csc.itrust2.mvc.config.WebMvcConfiguration}', contextInitializerClasses = '[]', activeProfiles = '{}', propertySourceLocations = '{}', propertySourceProperties = '{}', contextCustomizers = set[[empty]], resourceBasePath = 'src/main/webapp', contextLoader = 'org.springframework.test.context.web.WebDelegatingSmartContextLoader', parent = [null]]], class annotated with @DirtiesContext [false] with mode [null].
00:42:16.480 [main] DEBUG o.s.t.annotation.ProfileValueUtils - Retrieved @ProfileValueSourceConfiguration [null] for test class [edu.ncsu.csc.itrust2.apitest.APIDiagnosisTest]
00:42:16.480 [main] DEBUG o.s.t.annotation.ProfileValueUtils - Retrieved ProfileValueSource type [class org.springframework.test.annotation.SystemProfileValueSource] for class [edu.ncsu.csc.itrust2.apitest.APIDiagnosisTest]
00:42:16.480 [main] DEBUG o.s.t.c.c.DefaultCacheAwareContextLoaderDelegate - Retrieved ApplicationContext from cache with key [[WebMergedContextConfiguration@29ab9e91 testClass = APIDiagnosisTest, locations = '{}', classes = '{class edu.ncsu.csc.itrust2.config.RootConfiguration, class edu.ncsu.csc.itrust2.mvc.config.WebMvcConfiguration}', contextInitializerClasses = '[]', activeProfiles = '{}', propertySourceLocations = '{}', propertySourceProperties = '{}', contextCustomizers = set[[empty]], resourceBasePath = 'src/main/webapp', contextLoader = 'org.springframework.test.context.web.WebDelegatingSmartContextLoader', parent = [null]]]
00:42:16.480 [main] DEBUG o.springframework.test.context.cache - Spring test ApplicationContext cache statistics: [DefaultContextCache@4740e12f size = 1, maxSize = 32, parentContextCount = 0, hitCount = 23, missCount = 1]
00:42:16.480 [main] DEBUG o.s.t.c.w.ServletTestExecutionListener - Setting up MockHttpServletRequest, MockHttpServletResponse, ServletWebRequest, and RequestContextHolder for test context [DefaultTestContext@7292ffc9 testClass = APIDiagnosisTest, testInstance = edu.ncsu.csc.itrust2.apitest.APIDiagnosisTest@2d4248ae, testMethod = [null], testException = [null], mergedContextConfiguration = [WebMergedContextConfiguration@29ab9e91 testClass = APIDiagnosisTest, locations = '{}', classes = '{class edu.ncsu.csc.itrust2.config.RootConfiguration, class edu.ncsu.csc.itrust2.mvc.config.WebMvcConfiguration}', contextInitializerClasses = '[]', activeProfiles = '{}', propertySourceLocations = '{}', propertySourceProperties = '{}', contextCustomizers = set[[empty]], resourceBasePath = 'src/main/webapp', contextLoader = 'org.springframework.test.context.web.WebDelegatingSmartContextLoader', parent = [null]]].
00:42:16.480 [main] DEBUG o.s.t.c.s.DependencyInjectionTestExecutionListener - Performing dependency injection for test context [[DefaultTestContext@7292ffc9 testClass = APIDiagnosisTest, testInstance = edu.ncsu.csc.itrust2.apitest.APIDiagnosisTest@2d4248ae, testMethod = [null], testException = [null], mergedContextConfiguration = [WebMergedContextConfiguration@29ab9e91 testClass = APIDiagnosisTest, locations = '{}', classes = '{class edu.ncsu.csc.itrust2.config.RootConfiguration, class edu.ncsu.csc.itrust2.mvc.config.WebMvcConfiguration}', contextInitializerClasses = '[]', activeProfiles = '{}', propertySourceLocations = '{}', propertySourceProperties = '{}', contextCustomizers = set[[empty]], resourceBasePath = 'src/main/webapp', contextLoader = 'org.springframework.test.context.web.WebDelegatingSmartContextLoader', parent = [null]]]].
00:42:16.481 [main] DEBUG o.s.t.c.c.DefaultCacheAwareContextLoaderDelegate - Retrieved ApplicationContext from cache with key [[WebMergedContextConfiguration@29ab9e91 testClass = APIDiagnosisTest, locations = '{}', classes = '{class edu.ncsu.csc.itrust2.config.RootConfiguration, class edu.ncsu.csc.itrust2.mvc.config.WebMvcConfiguration}', contextInitializerClasses = '[]', activeProfiles = '{}', propertySourceLocations = '{}', propertySourceProperties = '{}', contextCustomizers = set[[empty]], resourceBasePath = 'src/main/webapp', contextLoader = 'org.springframework.test.context.web.WebDelegatingSmartContextLoader', parent = [null]]]
00:42:16.481 [main] DEBUG o.springframework.test.context.cache - Spring test ApplicationContext cache statistics: [DefaultContextCache@4740e12f size = 1, maxSize = 32, parentContextCount = 0, hitCount = 24, missCount = 1]
00:42:16.482 [main] DEBUG o.s.b.f.annotation.InjectionMetadata - Processing injected element of bean 'edu.ncsu.csc.itrust2.apitest.APIDiagnosisTest': AutowiredFieldElement for private org.springframework.web.context.WebApplicationContext edu.ncsu.csc.itrust2.apitest.APIDiagnosisTest.context
00:42:16.482 [main] DEBUG o.s.b.f.a.AutowiredAnnotationBeanPostProcessor - Autowiring by type from bean name 'edu.ncsu.csc.itrust2.apitest.APIDiagnosisTest' to bean named 'org.springframework.web.context.support.GenericWebApplicationContext@434514d8'
00:42:16.483 [main] DEBUG o.s.b.f.s.DefaultListableBeanFactory - Returning cached instance of singleton bean 'metaDataSourceAdvisor'
00:42:16.483 [main] DEBUG o.s.t.c.s.AbstractDirtiesContextTestExecutionListener - Before test method: context [DefaultTestContext@7292ffc9 testClass = APIDiagnosisTest, testInstance = edu.ncsu.csc.itrust2.apitest.APIDiagnosisTest@2d4248ae, testMethod = testDiagnoses@APIDiagnosisTest, testException = [null], mergedContextConfiguration = [WebMergedContextConfiguration@29ab9e91 testClass = APIDiagnosisTest, locations = '{}', classes = '{class edu.ncsu.csc.itrust2.config.RootConfiguration, class edu.ncsu.csc.itrust2.mvc.config.WebMvcConfiguration}', contextInitializerClasses = '[]', activeProfiles = '{}', propertySourceLocations = '{}', propertySourceProperties = '{}', contextCustomizers = set[[empty]], resourceBasePath = 'src/main/webapp', contextLoader = 'org.springframework.test.context.web.WebDelegatingSmartContextLoader', parent = [null]]], class annotated with @DirtiesContext [false] with mode [null], method annotated with @DirtiesContext [false] with mode [null].
00:42:16.484 [main] DEBUG o.s.t.c.c.DefaultCacheAwareContextLoaderDelegate - Retrieved ApplicationContext from cache with key [[WebMergedContextConfiguration@29ab9e91 testClass = APIDiagnosisTest, locations = '{}', classes = '{class edu.ncsu.csc.itrust2.config.RootConfiguration, class edu.ncsu.csc.itrust2.mvc.config.WebMvcConfiguration}', contextInitializerClasses = '[]', activeProfiles = '{}', propertySourceLocations = '{}', propertySourceProperties = '{}', contextCustomizers = set[[empty]], resourceBasePath = 'src/main/webapp', contextLoader = 'org.springframework.test.context.web.WebDelegatingSmartContextLoader', parent = [null]]]
00:42:16.484 [main] DEBUG o.springframework.test.context.cache - Spring test ApplicationContext cache statistics: [DefaultContextCache@4740e12f size = 1, maxSize = 32, parentContextCount = 0, hitCount = 25, missCount = 1]
00:42:16.484 [main] DEBUG o.s.b.f.s.DefaultListableBeanFactory - Creating instance of bean 'org.springframework.security.test.context.support.WithMockUserSecurityContextFactory'
00:42:16.484 [main] DEBUG o.s.b.f.s.DefaultListableBeanFactory - Finished creating instance of bean 'org.springframework.security.test.context.support.WithMockUserSecurityContextFactory'
00:42:16.484 [main] DEBUG o.s.t.w.s.TestDispatcherServlet - Initializing servlet ''
00:42:16.484 [main] DEBUG o.s.w.c.s.StandardServletEnvironment - Adding [servletConfigInitParams] PropertySource with lowest search precedence
00:42:16.484 [main] DEBUG o.s.w.c.s.StandardServletEnvironment - Adding [servletContextInitParams] PropertySource with lowest search precedence
00:42:16.484 [main] DEBUG o.s.w.c.s.StandardServletEnvironment - Adding [systemProperties] PropertySource with lowest search precedence
00:42:16.484 [main] DEBUG o.s.w.c.s.StandardServletEnvironment - Adding [systemEnvironment] PropertySource with lowest search precedence
00:42:16.485 [main] DEBUG o.s.w.c.s.StandardServletEnvironment - Initialized StandardServletEnvironment with PropertySources [servletConfigInitParams,servletContextInitParams,systemProperties,systemEnvironment]
00:42:16.485 [main] INFO  o.s.mock.web.MockServletContext - Initializing Spring FrameworkServlet ''
00:42:16.485 [main] INFO  o.s.t.w.s.TestDispatcherServlet - FrameworkServlet '': initialization started
00:42:16.485 [main] DEBUG o.s.t.w.s.TestDispatcherServlet - Unable to locate MultipartResolver with name 'multipartResolver': no multipart request handling provided
00:42:16.485 [main] DEBUG o.s.b.f.s.DefaultListableBeanFactory - Creating instance of bean 'org.springframework.web.servlet.i18n.AcceptHeaderLocaleResolver'
00:42:16.485 [main] DEBUG o.s.b.f.s.DefaultListableBeanFactory - Finished creating instance of bean 'org.springframework.web.servlet.i18n.AcceptHeaderLocaleResolver'
00:42:16.485 [main] DEBUG o.s.t.w.s.TestDispatcherServlet - Unable to locate LocaleResolver with name 'localeResolver': using default [org.springframework.web.servlet.i18n.AcceptHeaderLocaleResolver@275706b]
00:42:16.485 [main] DEBUG o.s.b.f.s.DefaultListableBeanFactory - Creating instance of bean 'org.springframework.web.servlet.theme.FixedThemeResolver'
00:42:16.485 [main] DEBUG o.s.b.f.s.DefaultListableBeanFactory - Finished creating instance of bean 'org.springframework.web.servlet.theme.FixedThemeResolver'
00:42:16.485 [main] DEBUG o.s.t.w.s.TestDispatcherServlet - Unable to locate ThemeResolver with name 'themeResolver': using default [org.springframework.web.servlet.theme.FixedThemeResolver@775f39a2]
00:42:16.486 [main] DEBUG o.s.b.f.s.DefaultListableBeanFactory - Returning cached instance of singleton bean 'viewControllerHandlerMapping'
00:42:16.486 [main] DEBUG o.s.b.f.s.DefaultListableBeanFactory - Returning cached instance of singleton bean 'beanNameHandlerMapping'
00:42:16.486 [main] DEBUG o.s.b.f.s.DefaultListableBeanFactory - Returning cached instance of singleton bean 'resourceHandlerMapping'
00:42:16.486 [main] DEBUG o.s.b.f.s.DefaultListableBeanFactory - Returning cached instance of singleton bean 'defaultServletHandlerMapping'
00:42:16.486 [main] DEBUG o.s.b.f.s.DefaultListableBeanFactory - Returning cached instance of singleton bean 'requestMappingHandlerMapping'
00:42:16.498 [main] DEBUG o.s.b.f.s.DefaultListableBeanFactory - Returning cached instance of singleton bean 'requestMappingHandlerAdapter'
00:42:16.498 [main] DEBUG o.s.b.f.s.DefaultListableBeanFactory - Returning cached instance of singleton bean 'httpRequestHandlerAdapter'
00:42:16.498 [main] DEBUG o.s.b.f.s.DefaultListableBeanFactory - Returning cached instance of singleton bean 'simpleControllerHandlerAdapter'
00:42:16.499 [main] DEBUG o.s.b.f.s.DefaultListableBeanFactory - Returning cached instance of singleton bean 'handlerExceptionResolver'
00:42:16.499 [main] DEBUG o.s.b.f.s.DefaultListableBeanFactory - Creating instance of bean 'org.springframework.web.servlet.view.DefaultRequestToViewNameTranslator'
00:42:16.499 [main] DEBUG o.s.b.f.s.DefaultListableBeanFactory - Finished creating instance of bean 'org.springframework.web.servlet.view.DefaultRequestToViewNameTranslator'
00:42:16.499 [main] DEBUG o.s.t.w.s.TestDispatcherServlet - Unable to locate RequestToViewNameTranslator with name 'viewNameTranslator': using default [org.springframework.web.servlet.view.DefaultRequestToViewNameTranslator@48e708df]
00:42:16.500 [main] DEBUG o.s.b.f.s.DefaultListableBeanFactory - Returning cached instance of singleton bean 'mvcViewResolver'
00:42:16.500 [main] DEBUG o.s.b.f.s.DefaultListableBeanFactory - Returning cached instance of singleton bean 'viewResolver'
00:42:16.500 [main] DEBUG o.s.b.f.s.DefaultListableBeanFactory - Creating instance of bean 'org.springframework.web.servlet.support.SessionFlashMapManager'
00:42:16.500 [main] DEBUG o.s.b.f.s.DefaultListableBeanFactory - Finished creating instance of bean 'org.springframework.web.servlet.support.SessionFlashMapManager'
00:42:16.500 [main] DEBUG o.s.t.w.s.TestDispatcherServlet - Unable to locate FlashMapManager with name 'flashMapManager': using default [org.springframework.web.servlet.support.SessionFlashMapManager@4aa6b5ce]
00:42:16.500 [main] DEBUG o.s.t.w.s.TestDispatcherServlet - Published WebApplicationContext of servlet '' as ServletContext attribute with name [org.springframework.web.servlet.FrameworkServlet.CONTEXT.]
00:42:16.500 [main] INFO  o.s.t.w.s.TestDispatcherServlet - FrameworkServlet '': initialization completed in 15 ms
00:42:16.500 [main] DEBUG o.s.t.w.s.TestDispatcherServlet - Servlet '' configured successfully
00:42:16.502 [main] DEBUG o.s.t.w.s.TestDispatcherServlet - DispatcherServlet with name '' processing POST request for [/api/v1/users]
00:42:16.503 [main] DEBUG o.s.w.s.m.m.a.RequestMappingHandlerMapping - Looking up handler method for path /api/v1/users
00:42:16.504 [main] DEBUG o.s.w.s.m.m.a.RequestMappingHandlerMapping - Returning handler method [public org.springframework.http.ResponseEntity edu.ncsu.csc.itrust2.controllers.api.APIUserController.createUser(edu.ncsu.csc.itrust2.forms.admin.UserForm)]
00:42:16.504 [main] DEBUG o.s.b.f.s.DefaultListableBeanFactory - Returning cached instance of singleton bean 'APIUserController'
00:42:16.505 [main] DEBUG o.s.w.s.m.m.a.RequestResponseBodyMethodProcessor - Read [class edu.ncsu.csc.itrust2.forms.admin.UserForm] as "application/json" with [org.springframework.http.converter.json.GsonHttpMessageConverter@6b3cbda]
00:42:16.628 [main] DEBUG o.h.e.t.internal.TransactionImpl - begin
00:42:16.639 [main] DEBUG org.hibernate.SQL - select this_.username as username1_15_0_, this_.enabled as enabled2_15_0_, this_.password as password3_15_0_, this_.role as role4_15_0_ from Users this_ where this_.username=?
Hibernate: select this_.username as username1_15_0_, this_.enabled as enabled2_15_0_, this_.password as password3_15_0_, this_.role as role4_15_0_ from Users this_ where this_.username=?
00:42:16.650 [main] DEBUG org.hibernate.loader.Loader - Result set row: 0
00:42:16.650 [main] DEBUG org.hibernate.loader.Loader - Result row: EntityKey[edu.ncsu.csc.itrust2.models.persistent.User#hcp]
00:42:16.650 [main] DEBUG o.h.engine.internal.TwoPhaseLoad - Resolving associations for [edu.ncsu.csc.itrust2.models.persistent.User#hcp]
00:42:16.651 [main] DEBUG o.h.engine.internal.TwoPhaseLoad - Done materializing entity [edu.ncsu.csc.itrust2.models.persistent.User#hcp]
00:42:16.651 [main] DEBUG o.h.e.t.internal.TransactionImpl - committing
00:42:16.651 [main] DEBUG o.h.e.i.AbstractFlushingEventListener - Processing flush-time cascades
00:42:16.651 [main] DEBUG o.h.e.i.AbstractFlushingEventListener - Dirty checking collections
00:42:16.651 [main] DEBUG o.h.e.i.AbstractFlushingEventListener - Flushed: 0 insertions, 0 updates, 0 deletions to 1 objects
00:42:16.651 [main] DEBUG o.h.e.i.AbstractFlushingEventListener - Flushed: 0 (re)creations, 0 updates, 0 removals to 0 collections
00:42:16.651 [main] DEBUG o.h.internal.util.EntityPrinter - Listing entities:
00:42:16.651 [main] DEBUG o.h.internal.util.EntityPrinter - edu.ncsu.csc.itrust2.models.persistent.User{password=$2a$10$SeY/EzTfAl.ohgCpDycY9.AvuHpzNpx3QFiT3oIy.Pv2TnPLrUVR6, role=ROLE_HCP, enabled=1, username=hcp}
00:42:16.655 [main] DEBUG o.h.e.t.internal.TransactionImpl - begin
00:42:16.656 [main] DEBUG org.hibernate.SQL - select user_.username, user_.enabled as enabled2_15_, user_.password as password3_15_, user_.role as role4_15_ from Users user_ where user_.username=?
Hibernate: select user_.username, user_.enabled as enabled2_15_, user_.password as password3_15_, user_.role as role4_15_ from Users user_ where user_.username=?
00:42:16.657 [main] DEBUG o.h.r.j.i.ResourceRegistryStandardImpl - HHH000387: ResultSet's statement was not registered
00:42:16.657 [main] DEBUG o.h.e.t.internal.TransactionImpl - committing
00:42:16.657 [main] DEBUG o.h.e.i.AbstractFlushingEventListener - Processing flush-time cascades
00:42:16.657 [main] DEBUG o.h.e.i.AbstractFlushingEventListener - Dirty checking collections
00:42:16.657 [main] DEBUG o.h.e.i.AbstractFlushingEventListener - Flushed: 0 insertions, 1 updates, 0 deletions to 1 objects
00:42:16.657 [main] DEBUG o.h.e.i.AbstractFlushingEventListener - Flushed: 0 (re)creations, 0 updates, 0 removals to 0 collections
00:42:16.657 [main] DEBUG o.h.internal.util.EntityPrinter - Listing entities:
00:42:16.657 [main] DEBUG o.h.internal.util.EntityPrinter - edu.ncsu.csc.itrust2.models.persistent.User{password=$2a$10$CtPOtdAqnNwxw2oEYlSNSOurnF03UP7NwGnIk0BfDslw64XUUv.K2, role=ROLE_HCP, enabled=1, username=hcp}
00:42:16.664 [main] DEBUG org.hibernate.SQL - update Users set enabled=?, password=?, role=? where username=?
Hibernate: update Users set enabled=?, password=?, role=? where username=?
00:42:16.668 [main] DEBUG o.h.e.j.internal.JdbcCoordinatorImpl - HHH000420: Closing un-released batch
00:42:16.668 [main] DEBUG o.h.e.t.internal.TransactionImpl - begin
00:42:16.669 [main] DEBUG org.hibernate.SQL - select next_val as id_val from hibernate_sequence for update
Hibernate: select next_val as id_val from hibernate_sequence for update
00:42:16.669 [main] DEBUG org.hibernate.SQL - update hibernate_sequence set next_val= ? where next_val=?
Hibernate: update hibernate_sequence set next_val= ? where next_val=?
00:42:16.672 [main] DEBUG o.h.e.i.AbstractSaveEventListener - Generated identifier: 19, using strategy: org.hibernate.id.enhanced.SequenceStyleGenerator
00:42:16.672 [main] DEBUG o.h.e.t.internal.TransactionImpl - committing
00:42:16.672 [main] DEBUG o.h.e.i.AbstractFlushingEventListener - Processing flush-time cascades
00:42:16.672 [main] DEBUG o.h.e.i.AbstractFlushingEventListener - Dirty checking collections
00:42:16.673 [main] DEBUG o.h.e.i.AbstractFlushingEventListener - Flushed: 1 insertions, 0 updates, 0 deletions to 1 objects
00:42:16.673 [main] DEBUG o.h.e.i.AbstractFlushingEventListener - Flushed: 0 (re)creations, 0 updates, 0 removals to 0 collections
00:42:16.673 [main] DEBUG o.h.internal.util.EntityPrinter - Listing entities:
00:42:16.673 [main] DEBUG o.h.internal.util.EntityPrinter - edu.ncsu.csc.itrust2.models.persistent.LogEntry{secondaryUser=null, logCode=7, primaryUser=admin, id=19, time=java.util.GregorianCalendar[time=1521693736668,areFieldsSet=true,areAllFieldsSet=true,lenient=true,zone=sun.util.calendar.ZoneInfo[id="America/New_York",offset=-18000000,dstSavings=3600000,useDaylight=true,transitions=235,lastRule=java.util.SimpleTimeZone[id=America/New_York,offset=-18000000,dstSavings=3600000,useDaylight=true,startYear=0,startMode=3,startMonth=2,startDay=8,startDayOfWeek=1,startTime=7200000,startTimeMode=0,endMode=3,endMonth=10,endDay=1,endDayOfWeek=1,endTime=7200000,endTimeMode=0]],firstDayOfWeek=1,minimalDaysInFirstWeek=1,ERA=1,YEAR=2018,MONTH=2,WEEK_OF_YEAR=12,WEEK_OF_MONTH=4,DAY_OF_MONTH=22,DAY_OF_YEAR=81,DAY_OF_WEEK=5,DAY_OF_WEEK_IN_MONTH=4,AM_PM=0,HOUR=0,HOUR_OF_DAY=0,MINUTE=42,SECOND=16,MILLISECOND=668,ZONE_OFFSET=-18000000,DST_OFFSET=3600000], message=null}
00:42:16.674 [main] DEBUG org.hibernate.SQL - insert into LogEntries (logCode, message, primaryUser, secondaryUser, time, id) values (?, ?, ?, ?, ?, ?)
Hibernate: insert into LogEntries (logCode, message, primaryUser, secondaryUser, time, id) values (?, ?, ?, ?, ?, ?)
00:42:16.676 [main] DEBUG o.h.e.j.internal.JdbcCoordinatorImpl - HHH000420: Closing un-released batch
00:42:16.677 [main] DEBUG o.s.w.s.m.m.a.HttpEntityMethodProcessor - Written [edu.ncsu.csc.itrust2.models.persistent.User@2d576633] as "application/json" using [org.springframework.http.converter.json.GsonHttpMessageConverter@6b3cbda]
00:42:16.678 [main] DEBUG o.s.t.w.s.TestDispatcherServlet - Null ModelAndView returned to DispatcherServlet with name '': assuming HandlerAdapter completed request handling
00:42:16.678 [main] DEBUG o.s.t.w.s.TestDispatcherServlet - Successfully completed request
00:42:16.678 [main] DEBUG o.s.t.w.s.TestDispatcherServlet - DispatcherServlet with name '' processing POST request for [/api/v1/users]
00:42:16.679 [main] DEBUG o.s.w.s.m.m.a.RequestMappingHandlerMapping - Looking up handler method for path /api/v1/users
00:42:16.680 [main] DEBUG o.s.w.s.m.m.a.RequestMappingHandlerMapping - Returning handler method [public org.springframework.http.ResponseEntity edu.ncsu.csc.itrust2.controllers.api.APIUserController.createUser(edu.ncsu.csc.itrust2.forms.admin.UserForm)]
00:42:16.680 [main] DEBUG o.s.b.f.s.DefaultListableBeanFactory - Returning cached instance of singleton bean 'APIUserController'
00:42:16.680 [main] DEBUG o.s.w.s.m.m.a.RequestResponseBodyMethodProcessor - Read [class edu.ncsu.csc.itrust2.forms.admin.UserForm] as "application/json" with [org.springframework.http.converter.json.GsonHttpMessageConverter@6b3cbda]
00:42:16.790 [main] DEBUG o.h.e.t.internal.TransactionImpl - begin
00:42:16.791 [main] DEBUG org.hibernate.SQL - select this_.username as username1_15_0_, this_.enabled as enabled2_15_0_, this_.password as password3_15_0_, this_.role as role4_15_0_ from Users this_ where this_.username=?
Hibernate: select this_.username as username1_15_0_, this_.enabled as enabled2_15_0_, this_.password as password3_15_0_, this_.role as role4_15_0_ from Users this_ where this_.username=?
00:42:16.792 [main] DEBUG org.hibernate.loader.Loader - Result set row: 0
00:42:16.792 [main] DEBUG org.hibernate.loader.Loader - Result row: EntityKey[edu.ncsu.csc.itrust2.models.persistent.User#admin]
00:42:16.792 [main] DEBUG o.h.engine.internal.TwoPhaseLoad - Resolving associations for [edu.ncsu.csc.itrust2.models.persistent.User#admin]
00:42:16.792 [main] DEBUG o.h.engine.internal.TwoPhaseLoad - Done materializing entity [edu.ncsu.csc.itrust2.models.persistent.User#admin]
00:42:16.792 [main] DEBUG o.h.e.t.internal.TransactionImpl - committing
00:42:16.792 [main] DEBUG o.h.e.i.AbstractFlushingEventListener - Processing flush-time cascades
00:42:16.793 [main] DEBUG o.h.e.i.AbstractFlushingEventListener - Dirty checking collections
00:42:16.793 [main] DEBUG o.h.e.i.AbstractFlushingEventListener - Flushed: 0 insertions, 0 updates, 0 deletions to 1 objects
00:42:16.793 [main] DEBUG o.h.e.i.AbstractFlushingEventListener - Flushed: 0 (re)creations, 0 updates, 0 removals to 0 collections
00:42:16.793 [main] DEBUG o.h.internal.util.EntityPrinter - Listing entities:
00:42:16.793 [main] DEBUG o.h.internal.util.EntityPrinter - edu.ncsu.csc.itrust2.models.persistent.User{password=$2a$10$EblZqNptyYvcLm/VwDCVAuBjzZOI7khzdyGPBr08PpIi0na624b8., role=ROLE_ADMIN, enabled=1, username=admin}
00:42:16.794 [main] DEBUG o.h.e.t.internal.TransactionImpl - begin
00:42:16.794 [main] DEBUG org.hibernate.SQL - select user_.username, user_.enabled as enabled2_15_, user_.password as password3_15_, user_.role as role4_15_ from Users user_ where user_.username=?
Hibernate: select user_.username, user_.enabled as enabled2_15_, user_.password as password3_15_, user_.role as role4_15_ from Users user_ where user_.username=?
00:42:16.795 [main] DEBUG o.h.r.j.i.ResourceRegistryStandardImpl - HHH000387: ResultSet's statement was not registered
00:42:16.795 [main] DEBUG o.h.e.t.internal.TransactionImpl - committing
00:42:16.795 [main] DEBUG o.h.e.i.AbstractFlushingEventListener - Processing flush-time cascades
00:42:16.795 [main] DEBUG o.h.e.i.AbstractFlushingEventListener - Dirty checking collections
00:42:16.795 [main] DEBUG o.h.e.i.AbstractFlushingEventListener - Flushed: 0 insertions, 1 updates, 0 deletions to 1 objects
00:42:16.796 [main] DEBUG o.h.e.i.AbstractFlushingEventListener - Flushed: 0 (re)creations, 0 updates, 0 removals to 0 collections
00:42:16.796 [main] DEBUG o.h.internal.util.EntityPrinter - Listing entities:
00:42:16.796 [main] DEBUG o.h.internal.util.EntityPrinter - edu.ncsu.csc.itrust2.models.persistent.User{password=$2a$10$/ejYJQgYNE9.dLfwZ7cjSOCMSbKumZp12q7DstFbeLjmp3GFQfh2., role=ROLE_ADMIN, enabled=1, username=admin}
00:42:16.796 [main] DEBUG org.hibernate.SQL - update Users set enabled=?, password=?, role=? where username=?
Hibernate: update Users set enabled=?, password=?, role=? where username=?
00:42:16.801 [main] DEBUG o.h.e.j.internal.JdbcCoordinatorImpl - HHH000420: Closing un-released batch
00:42:16.801 [main] DEBUG o.h.e.t.internal.TransactionImpl - begin
00:42:16.802 [main] DEBUG org.hibernate.SQL - select next_val as id_val from hibernate_sequence for update
Hibernate: select next_val as id_val from hibernate_sequence for update
00:42:16.802 [main] DEBUG org.hibernate.SQL - update hibernate_sequence set next_val= ? where next_val=?
Hibernate: update hibernate_sequence set next_val= ? where next_val=?
00:42:16.805 [main] DEBUG o.h.e.i.AbstractSaveEventListener - Generated identifier: 20, using strategy: org.hibernate.id.enhanced.SequenceStyleGenerator
00:42:16.805 [main] DEBUG o.h.e.t.internal.TransactionImpl - committing
00:42:16.805 [main] DEBUG o.h.e.i.AbstractFlushingEventListener - Processing flush-time cascades
00:42:16.805 [main] DEBUG o.h.e.i.AbstractFlushingEventListener - Dirty checking collections
00:42:16.806 [main] DEBUG o.h.e.i.AbstractFlushingEventListener - Flushed: 1 insertions, 0 updates, 0 deletions to 1 objects
00:42:16.806 [main] DEBUG o.h.e.i.AbstractFlushingEventListener - Flushed: 0 (re)creations, 0 updates, 0 removals to 0 collections
00:42:16.806 [main] DEBUG o.h.internal.util.EntityPrinter - Listing entities:
00:42:16.806 [main] DEBUG o.h.internal.util.EntityPrinter - edu.ncsu.csc.itrust2.models.persistent.LogEntry{secondaryUser=null, logCode=7, primaryUser=admin, id=20, time=java.util.GregorianCalendar[time=1521693736801,areFieldsSet=true,areAllFieldsSet=true,lenient=true,zone=sun.util.calendar.ZoneInfo[id="America/New_York",offset=-18000000,dstSavings=3600000,useDaylight=true,transitions=235,lastRule=java.util.SimpleTimeZone[id=America/New_York,offset=-18000000,dstSavings=3600000,useDaylight=true,startYear=0,startMode=3,startMonth=2,startDay=8,startDayOfWeek=1,startTime=7200000,startTimeMode=0,endMode=3,endMonth=10,endDay=1,endDayOfWeek=1,endTime=7200000,endTimeMode=0]],firstDayOfWeek=1,minimalDaysInFirstWeek=1,ERA=1,YEAR=2018,MONTH=2,WEEK_OF_YEAR=12,WEEK_OF_MONTH=4,DAY_OF_MONTH=22,DAY_OF_YEAR=81,DAY_OF_WEEK=5,DAY_OF_WEEK_IN_MONTH=4,AM_PM=0,HOUR=0,HOUR_OF_DAY=0,MINUTE=42,SECOND=16,MILLISECOND=801,ZONE_OFFSET=-18000000,DST_OFFSET=3600000], message=null}
00:42:16.807 [main] DEBUG org.hibernate.SQL - insert into LogEntries (logCode, message, primaryUser, secondaryUser, time, id) values (?, ?, ?, ?, ?, ?)
Hibernate: insert into LogEntries (logCode, message, primaryUser, secondaryUser, time, id) values (?, ?, ?, ?, ?, ?)
00:42:16.810 [main] DEBUG o.h.e.j.internal.JdbcCoordinatorImpl - HHH000420: Closing un-released batch
00:42:16.811 [main] DEBUG o.s.w.s.m.m.a.HttpEntityMethodProcessor - Written [edu.ncsu.csc.itrust2.models.persistent.User@e785ff1b] as "application/json" using [org.springframework.http.converter.json.GsonHttpMessageConverter@6b3cbda]
00:42:16.811 [main] DEBUG o.s.t.w.s.TestDispatcherServlet - Null ModelAndView returned to DispatcherServlet with name '': assuming HandlerAdapter completed request handling
00:42:16.811 [main] DEBUG o.s.t.w.s.TestDispatcherServlet - Successfully completed request
00:42:16.812 [main] DEBUG o.s.t.w.s.TestDispatcherServlet - DispatcherServlet with name '' processing POST request for [/api/v1/users]
00:42:16.812 [main] DEBUG o.s.w.s.m.m.a.RequestMappingHandlerMapping - Looking up handler method for path /api/v1/users
00:42:16.822 [main] DEBUG o.s.w.s.m.m.a.RequestMappingHandlerMapping - Returning handler method [public org.springframework.http.ResponseEntity edu.ncsu.csc.itrust2.controllers.api.APIUserController.createUser(edu.ncsu.csc.itrust2.forms.admin.UserForm)]
00:42:16.822 [main] DEBUG o.s.b.f.s.DefaultListableBeanFactory - Returning cached instance of singleton bean 'APIUserController'
00:42:16.823 [main] DEBUG o.s.w.s.m.m.a.RequestResponseBodyMethodProcessor - Read [class edu.ncsu.csc.itrust2.forms.admin.UserForm] as "application/json" with [org.springframework.http.converter.json.GsonHttpMessageConverter@6b3cbda]
00:42:16.935 [main] DEBUG o.h.e.t.internal.TransactionImpl - begin
00:42:16.937 [main] DEBUG org.hibernate.SQL - select this_.username as username1_15_0_, this_.enabled as enabled2_15_0_, this_.password as password3_15_0_, this_.role as role4_15_0_ from Users this_ where this_.username=?
Hibernate: select this_.username as username1_15_0_, this_.enabled as enabled2_15_0_, this_.password as password3_15_0_, this_.role as role4_15_0_ from Users this_ where this_.username=?
00:42:16.938 [main] DEBUG org.hibernate.loader.Loader - Result set row: 0
00:42:16.938 [main] DEBUG org.hibernate.loader.Loader - Result row: EntityKey[edu.ncsu.csc.itrust2.models.persistent.User#patient]
00:42:16.938 [main] DEBUG o.h.engine.internal.TwoPhaseLoad - Resolving associations for [edu.ncsu.csc.itrust2.models.persistent.User#patient]
00:42:16.938 [main] DEBUG o.h.engine.internal.TwoPhaseLoad - Done materializing entity [edu.ncsu.csc.itrust2.models.persistent.User#patient]
00:42:16.939 [main] DEBUG o.h.e.t.internal.TransactionImpl - committing
00:42:16.939 [main] DEBUG o.h.e.i.AbstractFlushingEventListener - Processing flush-time cascades
00:42:16.939 [main] DEBUG o.h.e.i.AbstractFlushingEventListener - Dirty checking collections
00:42:16.939 [main] DEBUG o.h.e.i.AbstractFlushingEventListener - Flushed: 0 insertions, 0 updates, 0 deletions to 1 objects
00:42:16.939 [main] DEBUG o.h.e.i.AbstractFlushingEventListener - Flushed: 0 (re)creations, 0 updates, 0 removals to 0 collections
00:42:16.939 [main] DEBUG o.h.internal.util.EntityPrinter - Listing entities:
00:42:16.940 [main] DEBUG o.h.internal.util.EntityPrinter - edu.ncsu.csc.itrust2.models.persistent.User{password=$2a$10$xF8fFima00mscojLTF3Z5em48dIPOtz814CWGc/ioiFH2QJLqCoMC, role=ROLE_PATIENT, enabled=1, username=patient}
00:42:16.940 [main] DEBUG o.h.e.t.internal.TransactionImpl - begin
00:42:16.940 [main] DEBUG org.hibernate.SQL - select user_.username, user_.enabled as enabled2_15_, user_.password as password3_15_, user_.role as role4_15_ from Users user_ where user_.username=?
Hibernate: select user_.username, user_.enabled as enabled2_15_, user_.password as password3_15_, user_.role as role4_15_ from Users user_ where user_.username=?
00:42:16.941 [main] DEBUG o.h.r.j.i.ResourceRegistryStandardImpl - HHH000387: ResultSet's statement was not registered
00:42:16.941 [main] DEBUG o.h.e.t.internal.TransactionImpl - committing
00:42:16.941 [main] DEBUG o.h.e.i.AbstractFlushingEventListener - Processing flush-time cascades
00:42:16.941 [main] DEBUG o.h.e.i.AbstractFlushingEventListener - Dirty checking collections
00:42:16.942 [main] DEBUG o.h.e.i.AbstractFlushingEventListener - Flushed: 0 insertions, 1 updates, 0 deletions to 1 objects
00:42:16.942 [main] DEBUG o.h.e.i.AbstractFlushingEventListener - Flushed: 0 (re)creations, 0 updates, 0 removals to 0 collections
00:42:16.942 [main] DEBUG o.h.internal.util.EntityPrinter - Listing entities:
00:42:16.943 [main] DEBUG o.h.internal.util.EntityPrinter - edu.ncsu.csc.itrust2.models.persistent.User{password=$2a$10$Skc0u4Txm.NmOsymblU82ubxU.UgUxYgXdyJnvUEi4x1sJFVFpPi2, role=ROLE_PATIENT, enabled=1, username=patient}
00:42:16.945 [main] DEBUG org.hibernate.SQL - update Users set enabled=?, password=?, role=? where username=?
Hibernate: update Users set enabled=?, password=?, role=? where username=?
00:42:16.948 [main] DEBUG o.h.e.j.internal.JdbcCoordinatorImpl - HHH000420: Closing un-released batch
00:42:16.948 [main] DEBUG o.h.e.t.internal.TransactionImpl - begin
00:42:16.950 [main] DEBUG org.hibernate.SQL - select next_val as id_val from hibernate_sequence for update
Hibernate: select next_val as id_val from hibernate_sequence for update
00:42:16.950 [main] DEBUG org.hibernate.SQL - update hibernate_sequence set next_val= ? where next_val=?
Hibernate: update hibernate_sequence set next_val= ? where next_val=?
00:42:16.955 [main] DEBUG o.h.e.i.AbstractSaveEventListener - Generated identifier: 21, using strategy: org.hibernate.id.enhanced.SequenceStyleGenerator
00:42:16.955 [main] DEBUG o.h.e.t.internal.TransactionImpl - committing
00:42:16.955 [main] DEBUG o.h.e.i.AbstractFlushingEventListener - Processing flush-time cascades
00:42:16.955 [main] DEBUG o.h.e.i.AbstractFlushingEventListener - Dirty checking collections
00:42:16.956 [main] DEBUG o.h.e.i.AbstractFlushingEventListener - Flushed: 1 insertions, 0 updates, 0 deletions to 1 objects
00:42:16.956 [main] DEBUG o.h.e.i.AbstractFlushingEventListener - Flushed: 0 (re)creations, 0 updates, 0 removals to 0 collections
00:42:16.956 [main] DEBUG o.h.internal.util.EntityPrinter - Listing entities:
00:42:16.956 [main] DEBUG o.h.internal.util.EntityPrinter - edu.ncsu.csc.itrust2.models.persistent.LogEntry{secondaryUser=null, logCode=7, primaryUser=admin, id=21, time=java.util.GregorianCalendar[time=1521693736948,areFieldsSet=true,areAllFieldsSet=true,lenient=true,zone=sun.util.calendar.ZoneInfo[id="America/New_York",offset=-18000000,dstSavings=3600000,useDaylight=true,transitions=235,lastRule=java.util.SimpleTimeZone[id=America/New_York,offset=-18000000,dstSavings=3600000,useDaylight=true,startYear=0,startMode=3,startMonth=2,startDay=8,startDayOfWeek=1,startTime=7200000,startTimeMode=0,endMode=3,endMonth=10,endDay=1,endDayOfWeek=1,endTime=7200000,endTimeMode=0]],firstDayOfWeek=1,minimalDaysInFirstWeek=1,ERA=1,YEAR=2018,MONTH=2,WEEK_OF_YEAR=12,WEEK_OF_MONTH=4,DAY_OF_MONTH=22,DAY_OF_YEAR=81,DAY_OF_WEEK=5,DAY_OF_WEEK_IN_MONTH=4,AM_PM=0,HOUR=0,HOUR_OF_DAY=0,MINUTE=42,SECOND=16,MILLISECOND=948,ZONE_OFFSET=-18000000,DST_OFFSET=3600000], message=null}
00:42:16.957 [main] DEBUG org.hibernate.SQL - insert into LogEntries (logCode, message, primaryUser, secondaryUser, time, id) values (?, ?, ?, ?, ?, ?)
Hibernate: insert into LogEntries (logCode, message, primaryUser, secondaryUser, time, id) values (?, ?, ?, ?, ?, ?)
00:42:16.969 [main] DEBUG o.h.e.j.internal.JdbcCoordinatorImpl - HHH000420: Closing un-released batch
00:42:16.970 [main] DEBUG o.s.w.s.m.m.a.HttpEntityMethodProcessor - Written [edu.ncsu.csc.itrust2.models.persistent.User@ed929501] as "application/json" using [org.springframework.http.converter.json.GsonHttpMessageConverter@6b3cbda]
00:42:16.970 [main] DEBUG o.s.t.w.s.TestDispatcherServlet - Null ModelAndView returned to DispatcherServlet with name '': assuming HandlerAdapter completed request handling
00:42:16.970 [main] DEBUG o.s.t.w.s.TestDispatcherServlet - Successfully completed request
00:42:16.975 [main] DEBUG o.s.b.f.s.DefaultListableBeanFactory - Returning cached instance of singleton bean 'springSecurityFilterChain'
00:42:16.982 [main] DEBUG o.s.test.util.ReflectionTestUtils - Invoking method 'getFilters' on target object [FilterChainProxy[Filter Chains: [[ Ant [pattern='/api/v1/requestPasswordReset'], []], [ Ant [pattern='/api/v1/resetPassword/*'], []], [ Ant [pattern='/requestPasswordReset'], []], [ Ant [pattern='/resetPassword'], []], [ org.springframework.security.web.util.matcher.AnyRequestMatcher@1, [edu.ncsu.csc.itrust2.config.IPFilter@c91ced9, org.springframework.security.web.context.request.async.WebAsyncManagerIntegrationFilter@4631a6a9, org.springframework.security.web.context.SecurityContextPersistenceFilter@b7da2c4, org.springframework.security.web.header.HeaderWriterFilter@427937c1, org.springframework.security.web.csrf.CsrfFilter@8b24111, org.springframework.security.web.authentication.logout.LogoutFilter@6d1953e4, org.springframework.security.web.authentication.UsernamePasswordAuthenticationFilter@61ae22d4, org.springframework.security.web.savedrequest.RequestCacheAwareFilter@3a7c75d9, org.springframework.security.web.servletapi.SecurityContextHolderAwareRequestFilter@2f087301, org.springframework.security.web.authentication.AnonymousAuthenticationFilter@2afce1ae, org.springframework.security.web.session.SessionManagementFilter@cd7871e, org.springframework.security.web.access.ExceptionTranslationFilter@3697cfee, org.springframework.security.web.access.intercept.FilterSecurityInterceptor@4dd2f2db]]]]] with arguments {org.springframework.mock.web.MockHttpServletRequest@1b8aa177}
00:42:16.982 [main] DEBUG o.s.s.w.u.m.AntPathRequestMatcher - Checking match of request : '/login'; against '/api/v1/requestPasswordReset'
00:42:16.982 [main] DEBUG o.s.s.w.u.m.AntPathRequestMatcher - Checking match of request : '/login'; against '/api/v1/resetPassword/*'
00:42:16.983 [main] DEBUG o.s.s.w.u.m.AntPathRequestMatcher - Checking match of request : '/login'; against '/requestPasswordReset'
00:42:16.983 [main] DEBUG o.s.s.w.u.m.AntPathRequestMatcher - Checking match of request : '/login'; against '/resetPassword'
00:42:16.983 [main] DEBUG o.s.test.util.ReflectionTestUtils - Getting field 'tokenRepository' from target object [org.springframework.security.web.csrf.CsrfFilter@8b24111] or target class [class org.springframework.security.web.csrf.CsrfFilter]
00:42:16.985 [main] DEBUG o.s.b.f.s.DefaultListableBeanFactory - Returning cached instance of singleton bean 'springSecurityFilterChain'
00:42:16.985 [main] DEBUG o.s.test.util.ReflectionTestUtils - Invoking method 'getFilters' on target object [FilterChainProxy[Filter Chains: [[ Ant [pattern='/api/v1/requestPasswordReset'], []], [ Ant [pattern='/api/v1/resetPassword/*'], []], [ Ant [pattern='/requestPasswordReset'], []], [ Ant [pattern='/resetPassword'], []], [ org.springframework.security.web.util.matcher.AnyRequestMatcher@1, [edu.ncsu.csc.itrust2.config.IPFilter@c91ced9, org.springframework.security.web.context.request.async.WebAsyncManagerIntegrationFilter@4631a6a9, org.springframework.security.web.context.SecurityContextPersistenceFilter@b7da2c4, org.springframework.security.web.header.HeaderWriterFilter@427937c1, org.springframework.security.web.csrf.CsrfFilter@8b24111, org.springframework.security.web.authentication.logout.LogoutFilter@6d1953e4, org.springframework.security.web.authentication.UsernamePasswordAuthenticationFilter@61ae22d4, org.springframework.security.web.savedrequest.RequestCacheAwareFilter@3a7c75d9, org.springframework.security.web.servletapi.SecurityContextHolderAwareRequestFilter@2f087301, org.springframework.security.web.authentication.AnonymousAuthenticationFilter@2afce1ae, org.springframework.security.web.session.SessionManagementFilter@cd7871e, org.springframework.security.web.access.ExceptionTranslationFilter@3697cfee, org.springframework.security.web.access.intercept.FilterSecurityInterceptor@4dd2f2db]]]]] with arguments {org.springframework.mock.web.MockHttpServletRequest@1b8aa177}
00:42:16.985 [main] DEBUG o.s.s.w.u.m.AntPathRequestMatcher - Checking match of request : '/login'; against '/api/v1/requestPasswordReset'
00:42:16.985 [main] DEBUG o.s.s.w.u.m.AntPathRequestMatcher - Checking match of request : '/login'; against '/api/v1/resetPassword/*'
00:42:16.985 [main] DEBUG o.s.s.w.u.m.AntPathRequestMatcher - Checking match of request : '/login'; against '/requestPasswordReset'
00:42:16.985 [main] DEBUG o.s.s.w.u.m.AntPathRequestMatcher - Checking match of request : '/login'; against '/resetPassword'
00:42:16.985 [main] DEBUG o.s.test.util.ReflectionTestUtils - Setting field 'tokenRepository' of type [null] on target object [org.springframework.security.web.csrf.CsrfFilter@8b24111] or target class [class org.springframework.security.web.csrf.CsrfFilter] to value [org.springframework.security.test.web.servlet.request.SecurityMockMvcRequestPostProcessors$CsrfRequestPostProcessor$TestCsrfTokenRepository@23ce061d]
00:42:16.987 [main] DEBUG o.s.t.w.s.TestDispatcherServlet - DispatcherServlet with name '' processing POST request for [/login]
00:42:16.987 [main] DEBUG o.s.w.s.h.SimpleUrlHandlerMapping - Mapping [/login] to HandlerExecutionChain with handler [org.springframework.web.servlet.mvc.ParameterizableViewController@236df66e] and 1 interceptor
00:42:16.988 [main] DEBUG o.s.w.s.m.a.ResponseStatusExceptionResolver - Resolving exception from handler [org.springframework.web.servlet.mvc.ParameterizableViewController@236df66e]: org.springframework.web.HttpRequestMethodNotSupportedException: Request method 'POST' not supported
00:42:16.988 [main] DEBUG o.s.w.s.m.s.DefaultHandlerExceptionResolver - Resolving exception from handler [org.springframework.web.servlet.mvc.ParameterizableViewController@236df66e]: org.springframework.web.HttpRequestMethodNotSupportedException: Request method 'POST' not supported
00:42:16.988 [main] WARN  o.s.web.servlet.PageNotFound - Request method 'POST' not supported
00:42:16.988 [main] DEBUG o.s.t.w.s.TestDispatcherServlet - Null ModelAndView returned to DispatcherServlet with name '': assuming HandlerAdapter completed request handling
00:42:16.988 [main] DEBUG o.s.t.w.s.TestDispatcherServlet - Successfully completed request
00:42:16.988 [main] DEBUG o.h.e.t.internal.TransactionImpl - begin
00:42:16.989 [main] DEBUG org.hibernate.SQL - select hospital_.name, hospital_.address as address2_4_, hospital_.state as state3_4_, hospital_.zip as zip4_4_ from Hospitals hospital_ where hospital_.name=?
Hibernate: select hospital_.name, hospital_.address as address2_4_, hospital_.state as state3_4_, hospital_.zip as zip4_4_ from Hospitals hospital_ where hospital_.name=?
00:42:16.998 [main] DEBUG o.h.r.j.i.ResourceRegistryStandardImpl - HHH000387: ResultSet's statement was not registered
00:42:16.999 [main] DEBUG o.h.e.t.internal.TransactionImpl - committing
00:42:16.999 [main] DEBUG o.h.e.i.AbstractFlushingEventListener - Processing flush-time cascades
00:42:16.999 [main] DEBUG o.h.e.i.AbstractFlushingEventListener - Dirty checking collections
00:42:16.999 [main] DEBUG o.h.e.i.AbstractFlushingEventListener - Flushed: 0 insertions, 0 updates, 0 deletions to 1 objects
00:42:16.999 [main] DEBUG o.h.e.i.AbstractFlushingEventListener - Flushed: 0 (re)creations, 0 updates, 0 removals to 0 collections
00:42:17.000 [main] DEBUG o.h.internal.util.EntityPrinter - Listing entities:
00:42:17.000 [main] DEBUG o.h.internal.util.EntityPrinter - edu.ncsu.csc.itrust2.models.persistent.Hospital{zip=27607, address=1 iTrust Test Street, name=iTrust Test Hospital 2, state=NC}
00:42:17.004 [main] DEBUG o.s.b.f.s.DefaultListableBeanFactory - Returning cached instance of singleton bean 'springSecurityFilterChain'
00:42:17.015 [main] DEBUG o.s.test.util.ReflectionTestUtils - Invoking method 'getFilters' on target object [FilterChainProxy[Filter Chains: [[ Ant [pattern='/api/v1/requestPasswordReset'], []], [ Ant [pattern='/api/v1/resetPassword/*'], []], [ Ant [pattern='/requestPasswordReset'], []], [ Ant [pattern='/resetPassword'], []], [ org.springframework.security.web.util.matcher.AnyRequestMatcher@1, [edu.ncsu.csc.itrust2.config.IPFilter@c91ced9, org.springframework.security.web.context.request.async.WebAsyncManagerIntegrationFilter@4631a6a9, org.springframework.security.web.context.SecurityContextPersistenceFilter@b7da2c4, org.springframework.security.web.header.HeaderWriterFilter@427937c1, org.springframework.security.web.csrf.CsrfFilter@8b24111, org.springframework.security.web.authentication.logout.LogoutFilter@6d1953e4, org.springframework.security.web.authentication.UsernamePasswordAuthenticationFilter@61ae22d4, org.springframework.security.web.savedrequest.RequestCacheAwareFilter@3a7c75d9, org.springframework.security.web.servletapi.SecurityContextHolderAwareRequestFilter@2f087301, org.springframework.security.web.authentication.AnonymousAuthenticationFilter@2afce1ae, org.springframework.security.web.session.SessionManagementFilter@cd7871e, org.springframework.security.web.access.ExceptionTranslationFilter@3697cfee, org.springframework.security.web.access.intercept.FilterSecurityInterceptor@4dd2f2db]]]]] with arguments {org.springframework.mock.web.MockHttpServletRequest@1b17ff4}
00:42:17.015 [main] DEBUG o.s.s.w.u.m.AntPathRequestMatcher - Checking match of request : '/api/v1/icdcodes'; against '/api/v1/requestPasswordReset'
00:42:17.015 [main] DEBUG o.s.s.w.u.m.AntPathRequestMatcher - Checking match of request : '/api/v1/icdcodes'; against '/api/v1/resetPassword/*'
00:42:17.015 [main] DEBUG o.s.s.w.u.m.AntPathRequestMatcher - Checking match of request : '/api/v1/icdcodes'; against '/requestPasswordReset'
00:42:17.016 [main] DEBUG o.s.s.w.u.m.AntPathRequestMatcher - Checking match of request : '/api/v1/icdcodes'; against '/resetPassword'
00:42:17.016 [main] DEBUG o.s.test.util.ReflectionTestUtils - Getting field 'repo' from target object [org.springframework.security.web.context.SecurityContextPersistenceFilter@b7da2c4] or target class [class org.springframework.security.web.context.SecurityContextPersistenceFilter]
00:42:17.017 [main] DEBUG o.s.b.f.s.DefaultListableBeanFactory - Returning cached instance of singleton bean 'springSecurityFilterChain'
00:42:17.017 [main] DEBUG o.s.test.util.ReflectionTestUtils - Invoking method 'getFilters' on target object [FilterChainProxy[Filter Chains: [[ Ant [pattern='/api/v1/requestPasswordReset'], []], [ Ant [pattern='/api/v1/resetPassword/*'], []], [ Ant [pattern='/requestPasswordReset'], []], [ Ant [pattern='/resetPassword'], []], [ org.springframework.security.web.util.matcher.AnyRequestMatcher@1, [edu.ncsu.csc.itrust2.config.IPFilter@c91ced9, org.springframework.security.web.context.request.async.WebAsyncManagerIntegrationFilter@4631a6a9, org.springframework.security.web.context.SecurityContextPersistenceFilter@b7da2c4, org.springframework.security.web.header.HeaderWriterFilter@427937c1, org.springframework.security.web.csrf.CsrfFilter@8b24111, org.springframework.security.web.authentication.logout.LogoutFilter@6d1953e4, org.springframework.security.web.authentication.UsernamePasswordAuthenticationFilter@61ae22d4, org.springframework.security.web.savedrequest.RequestCacheAwareFilter@3a7c75d9, org.springframework.security.web.servletapi.SecurityContextHolderAwareRequestFilter@2f087301, org.springframework.security.web.authentication.AnonymousAuthenticationFilter@2afce1ae, org.springframework.security.web.session.SessionManagementFilter@cd7871e, org.springframework.security.web.access.ExceptionTranslationFilter@3697cfee, org.springframework.security.web.access.intercept.FilterSecurityInterceptor@4dd2f2db]]]]] with arguments {org.springframework.mock.web.MockHttpServletRequest@1b17ff4}
00:42:17.017 [main] DEBUG o.s.s.w.u.m.AntPathRequestMatcher - Checking match of request : '/api/v1/icdcodes'; against '/api/v1/requestPasswordReset'
00:42:17.017 [main] DEBUG o.s.s.w.u.m.AntPathRequestMatcher - Checking match of request : '/api/v1/icdcodes'; against '/api/v1/resetPassword/*'
00:42:17.017 [main] DEBUG o.s.s.w.u.m.AntPathRequestMatcher - Checking match of request : '/api/v1/icdcodes'; against '/requestPasswordReset'
00:42:17.017 [main] DEBUG o.s.s.w.u.m.AntPathRequestMatcher - Checking match of request : '/api/v1/icdcodes'; against '/resetPassword'
00:42:17.017 [main] DEBUG o.s.test.util.ReflectionTestUtils - Setting field 'repo' of type [null] on target object [org.springframework.security.web.context.SecurityContextPersistenceFilter@b7da2c4] or target class [class org.springframework.security.web.context.SecurityContextPersistenceFilter] to value [org.springframework.security.test.web.servlet.request.SecurityMockMvcRequestPostProcessors$SecurityContextRequestPostProcessorSupport$TestSecurityContextRepository@a044c8e]
00:42:17.018 [main] DEBUG o.s.s.w.c.HttpSessionSecurityContextRepository - No HttpSession currently exists
00:42:17.018 [main] DEBUG o.s.s.w.c.HttpSessionSecurityContextRepository - No SecurityContext was available from the HttpSession: null. A new one will be created.
00:42:17.032 [main] DEBUG o.s.s.w.c.HttpSessionSecurityContextRepository - HttpSession being created as SecurityContext is non-default
00:42:17.034 [main] DEBUG o.s.s.w.c.HttpSessionSecurityContextRepository - SecurityContext 'org.springframework.security.core.context.SecurityContextImpl@17ed071c: Authentication: org.springframework.security.authentication.UsernamePasswordAuthenticationToken@17ed071c: Principal: org.springframework.security.core.userdetails.User@586034f: Username: admin; Password: [PROTECTED]; Enabled: true; AccountNonExpired: true; credentialsNonExpired: true; AccountNonLocked: true; Granted Authorities: ROLE_USER; Credentials: [PROTECTED]; Authenticated: true; Details: null; Granted Authorities: ROLE_USER' stored to HttpSession: 'org.springframework.mock.web.MockHttpSession@7d9619ee
00:42:17.034 [main] DEBUG o.s.t.w.s.TestDispatcherServlet - DispatcherServlet with name '' processing POST request for [/api/v1/icdcodes]
00:42:17.034 [main] DEBUG o.s.w.s.m.m.a.RequestMappingHandlerMapping - Looking up handler method for path /api/v1/icdcodes
00:42:17.035 [main] DEBUG o.s.w.s.m.m.a.RequestMappingHandlerMapping - Returning handler method [public org.springframework.http.ResponseEntity edu.ncsu.csc.itrust2.controllers.api.APIICDCodeController.addCode(edu.ncsu.csc.itrust2.forms.admin.ICDCodeForm)]
00:42:17.035 [main] DEBUG o.s.b.f.s.DefaultListableBeanFactory - Returning cached instance of singleton bean 'APIICDCodeController'
00:42:17.035 [main] DEBUG o.s.w.s.m.m.a.RequestResponseBodyMethodProcessor - Read [class edu.ncsu.csc.itrust2.forms.admin.ICDCodeForm] as "application/json" with [org.springframework.http.converter.json.GsonHttpMessageConverter@6b3cbda]
00:42:17.036 [main] DEBUG o.s.s.a.i.a.MethodSecurityInterceptor - Secure object: ReflectiveMethodInvocation: public org.springframework.http.ResponseEntity edu.ncsu.csc.itrust2.controllers.api.APIICDCodeController.addCode(edu.ncsu.csc.itrust2.forms.admin.ICDCodeForm); target is of class [edu.ncsu.csc.itrust2.controllers.api.APIICDCodeController]; Attributes: [[authorize: 'hasRole('ROLE_ADMIN')', filter: 'null', filterTarget: 'null']]
00:42:17.036 [main] DEBUG o.s.s.a.i.a.MethodSecurityInterceptor - Previously Authenticated: org.springframework.security.authentication.UsernamePasswordAuthenticationToken@b64e8dc2: Principal: org.springframework.security.core.userdetails.User@586034f: Username: admin; Password: [PROTECTED]; Enabled: true; AccountNonExpired: true; credentialsNonExpired: true; AccountNonLocked: true; Granted Authorities: ROLE_ADMIN,ROLE_USER; Credentials: [PROTECTED]; Authenticated: true; Details: null; Granted Authorities: ROLE_ADMIN, ROLE_USER
00:42:17.036 [main] DEBUG o.s.s.access.vote.AffirmativeBased - Voter: org.springframework.security.access.prepost.PreInvocationAuthorizationAdviceVoter@2e37373b, returned: 1
00:42:17.036 [main] DEBUG o.s.s.a.i.a.MethodSecurityInterceptor - Authorization successful
00:42:17.036 [main] DEBUG o.s.s.a.i.a.MethodSecurityInterceptor - RunAsManager did not change Authentication object
00:42:17.036 [main] DEBUG o.h.e.t.internal.TransactionImpl - begin
00:42:17.046 [main] DEBUG org.hibernate.SQL - select next_val as id_val from hibernate_sequence for update
Hibernate: select next_val as id_val from hibernate_sequence for update
00:42:17.049 [main] DEBUG org.hibernate.SQL - update hibernate_sequence set next_val= ? where next_val=?
Hibernate: update hibernate_sequence set next_val= ? where next_val=?
00:42:17.053 [main] DEBUG o.h.e.i.AbstractSaveEventListener - Generated identifier: 22, using strategy: org.hibernate.id.enhanced.SequenceStyleGenerator
00:42:17.053 [main] DEBUG o.h.e.t.internal.TransactionImpl - committing
00:42:17.053 [main] DEBUG o.h.e.i.AbstractFlushingEventListener - Processing flush-time cascades
00:42:17.053 [main] DEBUG o.h.e.i.AbstractFlushingEventListener - Dirty checking collections
00:42:17.053 [main] DEBUG o.h.e.i.AbstractFlushingEventListener - Flushed: 1 insertions, 0 updates, 0 deletions to 1 objects
00:42:17.054 [main] DEBUG o.h.e.i.AbstractFlushingEventListener - Flushed: 0 (re)creations, 0 updates, 0 removals to 0 collections
00:42:17.054 [main] DEBUG o.h.internal.util.EntityPrinter - Listing entities:
00:42:17.054 [main] DEBUG o.h.internal.util.EntityPrinter - edu.ncsu.csc.itrust2.models.persistent.ICDCode{code=T10, description=Test 10, id=22}
00:42:17.054 [main] DEBUG org.hibernate.SQL - insert into ICDCodes (code, description, id) values (?, ?, ?)
Hibernate: insert into ICDCodes (code, description, id) values (?, ?, ?)
00:42:17.062 [main] DEBUG o.h.e.j.internal.JdbcCoordinatorImpl - HHH000420: Closing un-released batch
00:42:17.062 [main] DEBUG o.h.e.t.internal.TransactionImpl - begin
00:42:17.063 [main] DEBUG org.hibernate.SQL - select this_.username as username1_15_0_, this_.enabled as enabled2_15_0_, this_.password as password3_15_0_, this_.role as role4_15_0_ from Users this_ where this_.username=?
Hibernate: select this_.username as username1_15_0_, this_.enabled as enabled2_15_0_, this_.password as password3_15_0_, this_.role as role4_15_0_ from Users this_ where this_.username=?
00:42:17.064 [main] DEBUG org.hibernate.loader.Loader - Result set row: 0
00:42:17.064 [main] DEBUG org.hibernate.loader.Loader - Result row: EntityKey[edu.ncsu.csc.itrust2.models.persistent.User#admin]
00:42:17.065 [main] DEBUG o.h.engine.internal.TwoPhaseLoad - Resolving associations for [edu.ncsu.csc.itrust2.models.persistent.User#admin]
00:42:17.065 [main] DEBUG o.h.engine.internal.TwoPhaseLoad - Done materializing entity [edu.ncsu.csc.itrust2.models.persistent.User#admin]
00:42:17.065 [main] DEBUG o.h.e.t.internal.TransactionImpl - committing
00:42:17.065 [main] DEBUG o.h.e.i.AbstractFlushingEventListener - Processing flush-time cascades
00:42:17.065 [main] DEBUG o.h.e.i.AbstractFlushingEventListener - Dirty checking collections
00:42:17.065 [main] DEBUG o.h.e.i.AbstractFlushingEventListener - Flushed: 0 insertions, 0 updates, 0 deletions to 1 objects
00:42:17.065 [main] DEBUG o.h.e.i.AbstractFlushingEventListener - Flushed: 0 (re)creations, 0 updates, 0 removals to 0 collections
00:42:17.066 [main] DEBUG o.h.internal.util.EntityPrinter - Listing entities:
00:42:17.066 [main] DEBUG o.h.internal.util.EntityPrinter - edu.ncsu.csc.itrust2.models.persistent.User{password=$2a$10$/ejYJQgYNE9.dLfwZ7cjSOCMSbKumZp12q7DstFbeLjmp3GFQfh2., role=ROLE_ADMIN, enabled=1, username=admin}
00:42:17.066 [main] DEBUG o.h.e.t.internal.TransactionImpl - begin
00:42:17.067 [main] DEBUG org.hibernate.SQL - select next_val as id_val from hibernate_sequence for update
Hibernate: select next_val as id_val from hibernate_sequence for update
00:42:17.067 [main] DEBUG org.hibernate.SQL - update hibernate_sequence set next_val= ? where next_val=?
Hibernate: update hibernate_sequence set next_val= ? where next_val=?
00:42:17.070 [main] DEBUG o.h.e.i.AbstractSaveEventListener - Generated identifier: 23, using strategy: org.hibernate.id.enhanced.SequenceStyleGenerator
00:42:17.070 [main] DEBUG o.h.e.t.internal.TransactionImpl - committing
00:42:17.071 [main] DEBUG o.h.e.i.AbstractFlushingEventListener - Processing flush-time cascades
00:42:17.071 [main] DEBUG o.h.e.i.AbstractFlushingEventListener - Dirty checking collections
00:42:17.071 [main] DEBUG o.h.e.i.AbstractFlushingEventListener - Flushed: 1 insertions, 0 updates, 0 deletions to 1 objects
00:42:17.071 [main] DEBUG o.h.e.i.AbstractFlushingEventListener - Flushed: 0 (re)creations, 0 updates, 0 removals to 0 collections
00:42:17.071 [main] DEBUG o.h.internal.util.EntityPrinter - Listing entities:
00:42:17.071 [main] DEBUG o.h.internal.util.EntityPrinter - edu.ncsu.csc.itrust2.models.persistent.LogEntry{secondaryUser=null, logCode=31, primaryUser=admin, id=23, time=java.util.GregorianCalendar[time=1521693737066,areFieldsSet=true,areAllFieldsSet=true,lenient=true,zone=sun.util.calendar.ZoneInfo[id="America/New_York",offset=-18000000,dstSavings=3600000,useDaylight=true,transitions=235,lastRule=java.util.SimpleTimeZone[id=America/New_York,offset=-18000000,dstSavings=3600000,useDaylight=true,startYear=0,startMode=3,startMonth=2,startDay=8,startDayOfWeek=1,startTime=7200000,startTimeMode=0,endMode=3,endMonth=10,endDay=1,endDayOfWeek=1,endTime=7200000,endTimeMode=0]],firstDayOfWeek=1,minimalDaysInFirstWeek=1,ERA=1,YEAR=2018,MONTH=2,WEEK_OF_YEAR=12,WEEK_OF_MONTH=4,DAY_OF_MONTH=22,DAY_OF_YEAR=81,DAY_OF_WEEK=5,DAY_OF_WEEK_IN_MONTH=4,AM_PM=0,HOUR=0,HOUR_OF_DAY=0,MINUTE=42,SECOND=17,MILLISECOND=66,ZONE_OFFSET=-18000000,DST_OFFSET=3600000], message=admin created an ICD Code}
00:42:17.072 [main] DEBUG org.hibernate.SQL - insert into LogEntries (logCode, message, primaryUser, secondaryUser, time, id) values (?, ?, ?, ?, ?, ?)
Hibernate: insert into LogEntries (logCode, message, primaryUser, secondaryUser, time, id) values (?, ?, ?, ?, ?, ?)
00:42:17.075 [main] DEBUG o.h.e.j.internal.JdbcCoordinatorImpl - HHH000420: Closing un-released batch
00:42:17.076 [main] DEBUG o.s.w.s.m.m.a.HttpEntityMethodProcessor - Written [edu.ncsu.csc.itrust2.models.persistent.ICDCode@7b51d80d] as "application/json" using [org.springframework.http.converter.json.GsonHttpMessageConverter@6b3cbda]
00:42:17.076 [main] DEBUG o.s.t.w.s.TestDispatcherServlet - Null ModelAndView returned to DispatcherServlet with name '': assuming HandlerAdapter completed request handling
00:42:17.078 [main] DEBUG o.s.t.w.s.TestDispatcherServlet - Successfully completed request
00:42:17.080 [main] DEBUG o.s.t.w.s.TestDispatcherServlet - DispatcherServlet with name '' processing POST request for [/api/v1/icdcodes]
00:42:17.080 [main] DEBUG o.s.w.s.m.m.a.RequestMappingHandlerMapping - Looking up handler method for path /api/v1/icdcodes
00:42:17.092 [main] DEBUG o.s.w.s.m.m.a.RequestMappingHandlerMapping - Returning handler method [public org.springframework.http.ResponseEntity edu.ncsu.csc.itrust2.controllers.api.APIICDCodeController.addCode(edu.ncsu.csc.itrust2.forms.admin.ICDCodeForm)]
00:42:17.092 [main] DEBUG o.s.b.f.s.DefaultListableBeanFactory - Returning cached instance of singleton bean 'APIICDCodeController'
00:42:17.093 [main] DEBUG o.s.w.s.m.m.a.RequestResponseBodyMethodProcessor - Read [class edu.ncsu.csc.itrust2.forms.admin.ICDCodeForm] as "application/json" with [org.springframework.http.converter.json.GsonHttpMessageConverter@6b3cbda]
00:42:17.093 [main] DEBUG o.s.s.a.i.a.MethodSecurityInterceptor - Secure object: ReflectiveMethodInvocation: public org.springframework.http.ResponseEntity edu.ncsu.csc.itrust2.controllers.api.APIICDCodeController.addCode(edu.ncsu.csc.itrust2.forms.admin.ICDCodeForm); target is of class [edu.ncsu.csc.itrust2.controllers.api.APIICDCodeController]; Attributes: [[authorize: 'hasRole('ROLE_ADMIN')', filter: 'null', filterTarget: 'null']]
00:42:17.093 [main] DEBUG o.s.s.a.i.a.MethodSecurityInterceptor - Previously Authenticated: org.springframework.security.authentication.UsernamePasswordAuthenticationToken@b64e8dc2: Principal: org.springframework.security.core.userdetails.User@586034f: Username: admin; Password: [PROTECTED]; Enabled: true; AccountNonExpired: true; credentialsNonExpired: true; AccountNonLocked: true; Granted Authorities: ROLE_ADMIN,ROLE_USER; Credentials: [PROTECTED]; Authenticated: true; Details: null; Granted Authorities: ROLE_ADMIN, ROLE_USER
00:42:17.093 [main] DEBUG o.s.s.access.vote.AffirmativeBased - Voter: org.springframework.security.access.prepost.PreInvocationAuthorizationAdviceVoter@2e37373b, returned: 1
00:42:17.093 [main] DEBUG o.s.s.a.i.a.MethodSecurityInterceptor - Authorization successful
00:42:17.093 [main] DEBUG o.s.s.a.i.a.MethodSecurityInterceptor - RunAsManager did not change Authentication object
00:42:17.094 [main] DEBUG o.h.e.t.internal.TransactionImpl - begin
00:42:17.094 [main] DEBUG org.hibernate.SQL - select next_val as id_val from hibernate_sequence for update
Hibernate: select next_val as id_val from hibernate_sequence for update
00:42:17.095 [main] DEBUG org.hibernate.SQL - update hibernate_sequence set next_val= ? where next_val=?
Hibernate: update hibernate_sequence set next_val= ? where next_val=?
00:42:17.100 [main] DEBUG o.h.e.i.AbstractSaveEventListener - Generated identifier: 24, using strategy: org.hibernate.id.enhanced.SequenceStyleGenerator
00:42:17.100 [main] DEBUG o.h.e.t.internal.TransactionImpl - committing
00:42:17.100 [main] DEBUG o.h.e.i.AbstractFlushingEventListener - Processing flush-time cascades
00:42:17.100 [main] DEBUG o.h.e.i.AbstractFlushingEventListener - Dirty checking collections
00:42:17.100 [main] DEBUG o.h.e.i.AbstractFlushingEventListener - Flushed: 1 insertions, 0 updates, 0 deletions to 1 objects
00:42:17.101 [main] DEBUG o.h.e.i.AbstractFlushingEventListener - Flushed: 0 (re)creations, 0 updates, 0 removals to 0 collections
00:42:17.101 [main] DEBUG o.h.internal.util.EntityPrinter - Listing entities:
00:42:17.101 [main] DEBUG o.h.internal.util.EntityPrinter - edu.ncsu.csc.itrust2.models.persistent.ICDCode{code=T10, description=Test 10, id=24}
00:42:17.101 [main] DEBUG org.hibernate.SQL - insert into ICDCodes (code, description, id) values (?, ?, ?)
Hibernate: insert into ICDCodes (code, description, id) values (?, ?, ?)
00:42:17.104 [main] DEBUG o.h.e.j.internal.JdbcCoordinatorImpl - HHH000420: Closing un-released batch
00:42:17.104 [main] DEBUG o.h.e.t.internal.TransactionImpl - begin
00:42:17.105 [main] DEBUG org.hibernate.SQL - select this_.username as username1_15_0_, this_.enabled as enabled2_15_0_, this_.password as password3_15_0_, this_.role as role4_15_0_ from Users this_ where this_.username=?
Hibernate: select this_.username as username1_15_0_, this_.enabled as enabled2_15_0_, this_.password as password3_15_0_, this_.role as role4_15_0_ from Users this_ where this_.username=?
00:42:17.105 [main] DEBUG org.hibernate.loader.Loader - Result set row: 0
00:42:17.105 [main] DEBUG org.hibernate.loader.Loader - Result row: EntityKey[edu.ncsu.csc.itrust2.models.persistent.User#admin]
00:42:17.106 [main] DEBUG o.h.engine.internal.TwoPhaseLoad - Resolving associations for [edu.ncsu.csc.itrust2.models.persistent.User#admin]
00:42:17.106 [main] DEBUG o.h.engine.internal.TwoPhaseLoad - Done materializing entity [edu.ncsu.csc.itrust2.models.persistent.User#admin]
00:42:17.106 [main] DEBUG o.h.e.t.internal.TransactionImpl - committing
00:42:17.106 [main] DEBUG o.h.e.i.AbstractFlushingEventListener - Processing flush-time cascades
00:42:17.106 [main] DEBUG o.h.e.i.AbstractFlushingEventListener - Dirty checking collections
00:42:17.106 [main] DEBUG o.h.e.i.AbstractFlushingEventListener - Flushed: 0 insertions, 0 updates, 0 deletions to 1 objects
00:42:17.114 [main] DEBUG o.h.e.i.AbstractFlushingEventListener - Flushed: 0 (re)creations, 0 updates, 0 removals to 0 collections
00:42:17.114 [main] DEBUG o.h.internal.util.EntityPrinter - Listing entities:
00:42:17.114 [main] DEBUG o.h.internal.util.EntityPrinter - edu.ncsu.csc.itrust2.models.persistent.User{password=$2a$10$/ejYJQgYNE9.dLfwZ7cjSOCMSbKumZp12q7DstFbeLjmp3GFQfh2., role=ROLE_ADMIN, enabled=1, username=admin}
00:42:17.118 [main] DEBUG o.h.e.t.internal.TransactionImpl - begin
00:42:17.119 [main] DEBUG org.hibernate.SQL - select next_val as id_val from hibernate_sequence for update
Hibernate: select next_val as id_val from hibernate_sequence for update
00:42:17.119 [main] DEBUG org.hibernate.SQL - update hibernate_sequence set next_val= ? where next_val=?
Hibernate: update hibernate_sequence set next_val= ? where next_val=?
00:42:17.122 [main] DEBUG o.h.e.i.AbstractSaveEventListener - Generated identifier: 25, using strategy: org.hibernate.id.enhanced.SequenceStyleGenerator
00:42:17.122 [main] DEBUG o.h.e.t.internal.TransactionImpl - committing
00:42:17.122 [main] DEBUG o.h.e.i.AbstractFlushingEventListener - Processing flush-time cascades
00:42:17.122 [main] DEBUG o.h.e.i.AbstractFlushingEventListener - Dirty checking collections
00:42:17.123 [main] DEBUG o.h.e.i.AbstractFlushingEventListener - Flushed: 1 insertions, 0 updates, 0 deletions to 1 objects
00:42:17.123 [main] DEBUG o.h.e.i.AbstractFlushingEventListener - Flushed: 0 (re)creations, 0 updates, 0 removals to 0 collections
00:42:17.123 [main] DEBUG o.h.internal.util.EntityPrinter - Listing entities:
00:42:17.123 [main] DEBUG o.h.internal.util.EntityPrinter - edu.ncsu.csc.itrust2.models.persistent.LogEntry{secondaryUser=null, logCode=31, primaryUser=admin, id=25, time=java.util.GregorianCalendar[time=1521693737118,areFieldsSet=true,areAllFieldsSet=true,lenient=true,zone=sun.util.calendar.ZoneInfo[id="America/New_York",offset=-18000000,dstSavings=3600000,useDaylight=true,transitions=235,lastRule=java.util.SimpleTimeZone[id=America/New_York,offset=-18000000,dstSavings=3600000,useDaylight=true,startYear=0,startMode=3,startMonth=2,startDay=8,startDayOfWeek=1,startTime=7200000,startTimeMode=0,endMode=3,endMonth=10,endDay=1,endDayOfWeek=1,endTime=7200000,endTimeMode=0]],firstDayOfWeek=1,minimalDaysInFirstWeek=1,ERA=1,YEAR=2018,MONTH=2,WEEK_OF_YEAR=12,WEEK_OF_MONTH=4,DAY_OF_MONTH=22,DAY_OF_YEAR=81,DAY_OF_WEEK=5,DAY_OF_WEEK_IN_MONTH=4,AM_PM=0,HOUR=0,HOUR_OF_DAY=0,MINUTE=42,SECOND=17,MILLISECOND=118,ZONE_OFFSET=-18000000,DST_OFFSET=3600000], message=admin created an ICD Code}
00:42:17.124 [main] DEBUG org.hibernate.SQL - insert into LogEntries (logCode, message, primaryUser, secondaryUser, time, id) values (?, ?, ?, ?, ?, ?)
Hibernate: insert into LogEntries (logCode, message, primaryUser, secondaryUser, time, id) values (?, ?, ?, ?, ?, ?)
00:42:17.127 [main] DEBUG o.h.e.j.internal.JdbcCoordinatorImpl - HHH000420: Closing un-released batch
00:42:17.128 [main] DEBUG o.s.w.s.m.m.a.HttpEntityMethodProcessor - Written [edu.ncsu.csc.itrust2.models.persistent.ICDCode@6ace77c2] as "application/json" using [org.springframework.http.converter.json.GsonHttpMessageConverter@6b3cbda]
00:42:17.128 [main] DEBUG o.s.t.w.s.TestDispatcherServlet - Null ModelAndView returned to DispatcherServlet with name '': assuming HandlerAdapter completed request handling
00:42:17.128 [main] DEBUG o.s.t.w.s.TestDispatcherServlet - Successfully completed request
00:42:17.128 [main] DEBUG o.s.t.w.s.TestDispatcherServlet - DispatcherServlet with name '' processing DELETE request for [/api/v1/officevisits]
00:42:17.131 [main] DEBUG o.s.w.s.m.m.a.RequestMappingHandlerMapping - Looking up handler method for path /api/v1/officevisits
00:42:17.131 [main] DEBUG o.s.w.s.m.m.a.RequestMappingHandlerMapping - Returning handler method [public void edu.ncsu.csc.itrust2.controllers.api.APIOfficeVisitController.deleteOfficeVisits()]
00:42:17.131 [main] DEBUG o.s.b.f.s.DefaultListableBeanFactory - Returning cached instance of singleton bean 'APIOfficeVisitController'
00:42:17.163 [main] DEBUG o.h.e.t.internal.TransactionImpl - begin
00:42:17.171 [main] DEBUG org.hibernate.SQL - select next_val as id_val from hibernate_sequence for update
Hibernate: select next_val as id_val from hibernate_sequence for update
00:42:17.175 [main] DEBUG org.hibernate.SQL - update hibernate_sequence set next_val= ? where next_val=?
Hibernate: update hibernate_sequence set next_val= ? where next_val=?
00:42:17.181 [main] DEBUG o.h.e.i.AbstractSaveEventListener - Generated identifier: 26, using strategy: org.hibernate.id.enhanced.SequenceStyleGenerator
00:42:17.181 [main] DEBUG o.h.e.t.internal.TransactionImpl - committing
00:42:17.181 [main] DEBUG o.h.e.i.AbstractFlushingEventListener - Processing flush-time cascades
00:42:17.182 [main] DEBUG o.h.e.i.AbstractFlushingEventListener - Dirty checking collections
00:42:17.182 [main] DEBUG o.h.e.i.AbstractFlushingEventListener - Flushed: 1 insertions, 0 updates, 0 deletions to 1 objects
00:42:17.182 [main] DEBUG o.h.e.i.AbstractFlushingEventListener - Flushed: 0 (re)creations, 0 updates, 0 removals to 0 collections
00:42:17.182 [main] DEBUG o.h.internal.util.EntityPrinter - Listing entities:
00:42:17.182 [main] DEBUG o.h.internal.util.EntityPrinter - edu.ncsu.csc.itrust2.models.persistent.LogEntry{secondaryUser=null, logCode=30, primaryUser=admin, id=26, time=java.util.GregorianCalendar[time=1521693737163,areFieldsSet=true,areAllFieldsSet=true,lenient=true,zone=sun.util.calendar.ZoneInfo[id="America/New_York",offset=-18000000,dstSavings=3600000,useDaylight=true,transitions=235,lastRule=java.util.SimpleTimeZone[id=America/New_York,offset=-18000000,dstSavings=3600000,useDaylight=true,startYear=0,startMode=3,startMonth=2,startDay=8,startDayOfWeek=1,startTime=7200000,startTimeMode=0,endMode=3,endMonth=10,endDay=1,endDayOfWeek=1,endTime=7200000,endTimeMode=0]],firstDayOfWeek=1,minimalDaysInFirstWeek=1,ERA=1,YEAR=2018,MONTH=2,WEEK_OF_YEAR=12,WEEK_OF_MONTH=4,DAY_OF_MONTH=22,DAY_OF_YEAR=81,DAY_OF_WEEK=5,DAY_OF_WEEK_IN_MONTH=4,AM_PM=0,HOUR=0,HOUR_OF_DAY=0,MINUTE=42,SECOND=17,MILLISECOND=163,ZONE_OFFSET=-18000000,DST_OFFSET=3600000], message=null}
00:42:17.183 [main] DEBUG org.hibernate.SQL - insert into LogEntries (logCode, message, primaryUser, secondaryUser, time, id) values (?, ?, ?, ?, ?, ?)
Hibernate: insert into LogEntries (logCode, message, primaryUser, secondaryUser, time, id) values (?, ?, ?, ?, ?, ?)
00:42:17.188 [main] DEBUG o.h.e.j.internal.JdbcCoordinatorImpl - HHH000420: Closing un-released batch
00:42:17.188 [main] DEBUG o.h.e.t.internal.TransactionImpl - begin
00:42:17.191 [main] DEBUG org.hibernate.SQL - select this_.id as id1_2_8_, this_.code_id as code_id3_2_8_, this_.note as note2_2_8_, this_.visit_id as visit_id4_2_8_, icdcode2_.id as id1_5_0_, icdcode2_.code as code2_5_0_, icdcode2_.description as descript3_5_0_, officevisi3_.id as id1_10_1_, officevisi3_.appointment_id as appointm5_10_1_, officevisi3_.basichealthmetrics_id as basichea6_10_1_, officevisi3_.date as date2_10_1_, officevisi3_.hcp_id as hcp_id7_10_1_, officevisi3_.hospital_id as hospital8_10_1_, officevisi3_.notes as notes3_10_1_, officevisi3_.patient_id as patient_9_10_1_, officevisi3_.type as type4_10_1_, appointmen4_.id as id1_0_2_, appointmen4_.comments as comments2_0_2_, appointmen4_.date as date3_0_2_, appointmen4_.hcp_id as hcp_id6_0_2_, appointmen4_.patient_id as patient_7_0_2_, appointmen4_.status as status4_0_2_, appointmen4_.type as type5_0_2_, basichealt5_.id as id1_1_3_, basichealt5_.diastolic as diastoli2_1_3_, basichealt5_.hcp_id as hcp_id12_1_3_, basichealt5_.hdl as hdl3_1_3_, basichealt5_.headCircumference as headCirc4_1_3_, basichealt5_.height as height5_1_3_, basichealt5_.houseSmokingStatus as houseSmo6_1_3_, basichealt5_.ldl as ldl7_1_3_, basichealt5_.patient_id as patient13_1_3_, basichealt5_.patientSmokingStatus as patientS8_1_3_, basichealt5_.systolic as systolic9_1_3_, basichealt5_.tri as tri10_1_3_, basichealt5_.weight as weight11_1_3_, user6_.username as username1_15_4_, user6_.enabled as enabled2_15_4_, user6_.password as password3_15_4_, user6_.role as role4_15_4_, hospital7_.name as name1_4_5_, hospital7_.address as address2_4_5_, hospital7_.state as state3_4_5_, hospital7_.zip as zip4_4_5_, user8_.username as username1_15_6_, user8_.enabled as enabled2_15_6_, user8_.password as password3_15_6_, user8_.role as role4_15_6_, prescripti9_.prescriptions_id as prescrip8_14_10_, prescripti9_.id as id1_14_10_, prescripti9_.id as id1_14_7_, prescripti9_.dosage as dosage2_14_7_, prescripti9_.drug_id as drug_id6_14_7_, prescripti9_.endDate as endDate3_14_7_, prescripti9_.patient_id as patient_7_14_7_, prescripti9_.renewals as renewals4_14_7_, prescripti9_.startDate as startDat5_14_7_ from Diagnoses this_ inner join ICDCodes icdcode2_ on this_.code_id=icdcode2_.id inner join OfficeVisits officevisi3_ on this_.visit_id=officevisi3_.id left outer join AppointmentRequests appointmen4_ on officevisi3_.appointment_id=appointmen4_.id left outer join BasicHealthMetrics basichealt5_ on officevisi3_.basichealthmetrics_id=basichealt5_.id left outer join Users user6_ on officevisi3_.hcp_id=user6_.username left outer join Hospitals hospital7_ on officevisi3_.hospital_id=hospital7_.name left outer join Users user8_ on officevisi3_.patient_id=user8_.username left outer join Prescriptions prescripti9_ on officevisi3_.id=prescripti9_.prescriptions_id
Hibernate: select this_.id as id1_2_8_, this_.code_id as code_id3_2_8_, this_.note as note2_2_8_, this_.visit_id as visit_id4_2_8_, icdcode2_.id as id1_5_0_, icdcode2_.code as code2_5_0_, icdcode2_.description as descript3_5_0_, officevisi3_.id as id1_10_1_, officevisi3_.appointment_id as appointm5_10_1_, officevisi3_.basichealthmetrics_id as basichea6_10_1_, officevisi3_.date as date2_10_1_, officevisi3_.hcp_id as hcp_id7_10_1_, officevisi3_.hospital_id as hospital8_10_1_, officevisi3_.notes as notes3_10_1_, officevisi3_.patient_id as patient_9_10_1_, officevisi3_.type as type4_10_1_, appointmen4_.id as id1_0_2_, appointmen4_.comments as comments2_0_2_, appointmen4_.date as date3_0_2_, appointmen4_.hcp_id as hcp_id6_0_2_, appointmen4_.patient_id as patient_7_0_2_, appointmen4_.status as status4_0_2_, appointmen4_.type as type5_0_2_, basichealt5_.id as id1_1_3_, basichealt5_.diastolic as diastoli2_1_3_, basichealt5_.hcp_id as hcp_id12_1_3_, basichealt5_.hdl as hdl3_1_3_, basichealt5_.headCircumference as headCirc4_1_3_, basichealt5_.height as height5_1_3_, basichealt5_.houseSmokingStatus as houseSmo6_1_3_, basichealt5_.ldl as ldl7_1_3_, basichealt5_.patient_id as patient13_1_3_, basichealt5_.patientSmokingStatus as patientS8_1_3_, basichealt5_.systolic as systolic9_1_3_, basichealt5_.tri as tri10_1_3_, basichealt5_.weight as weight11_1_3_, user6_.username as username1_15_4_, user6_.enabled as enabled2_15_4_, user6_.password as password3_15_4_, user6_.role as role4_15_4_, hospital7_.name as name1_4_5_, hospital7_.address as address2_4_5_, hospital7_.state as state3_4_5_, hospital7_.zip as zip4_4_5_, user8_.username as username1_15_6_, user8_.enabled as enabled2_15_6_, user8_.password as password3_15_6_, user8_.role as role4_15_6_, prescripti9_.prescriptions_id as prescrip8_14_10_, prescripti9_.id as id1_14_10_, prescripti9_.id as id1_14_7_, prescripti9_.dosage as dosage2_14_7_, prescripti9_.drug_id as drug_id6_14_7_, prescripti9_.endDate as endDate3_14_7_, prescripti9_.patient_id as patient_7_14_7_, prescripti9_.renewals as renewals4_14_7_, prescripti9_.startDate as startDat5_14_7_ from Diagnoses this_ inner join ICDCodes icdcode2_ on this_.code_id=icdcode2_.id inner join OfficeVisits officevisi3_ on this_.visit_id=officevisi3_.id left outer join AppointmentRequests appointmen4_ on officevisi3_.appointment_id=appointmen4_.id left outer join BasicHealthMetrics basichealt5_ on officevisi3_.basichealthmetrics_id=basichealt5_.id left outer join Users user6_ on officevisi3_.hcp_id=user6_.username left outer join Hospitals hospital7_ on officevisi3_.hospital_id=hospital7_.name left outer join Users user8_ on officevisi3_.patient_id=user8_.username left outer join Prescriptions prescripti9_ on officevisi3_.id=prescripti9_.prescriptions_id
00:42:17.197 [main] DEBUG o.h.e.l.i.CollectionLoadContext - No collections were found in result set for role: edu.ncsu.csc.itrust2.models.persistent.OfficeVisit.prescriptions
00:42:17.206 [main] DEBUG o.h.e.t.internal.TransactionImpl - committing
00:42:17.207 [main] DEBUG o.h.e.t.internal.TransactionImpl - begin
00:42:17.211 [main] DEBUG org.hibernate.SQL - select this_.id as id1_10_12_, this_.appointment_id as appointm5_10_12_, this_.basichealthmetrics_id as basichea6_10_12_, this_.date as date2_10_12_, this_.hcp_id as hcp_id7_10_12_, this_.hospital_id as hospital8_10_12_, this_.notes as notes3_10_12_, this_.patient_id as patient_9_10_12_, this_.type as type4_10_12_, appointmen2_.id as id1_0_0_, appointmen2_.comments as comments2_0_0_, appointmen2_.date as date3_0_0_, appointmen2_.hcp_id as hcp_id6_0_0_, appointmen2_.patient_id as patient_7_0_0_, appointmen2_.status as status4_0_0_, appointmen2_.type as type5_0_0_, user3_.username as username1_15_1_, user3_.enabled as enabled2_15_1_, user3_.password as password3_15_1_, user3_.role as role4_15_1_, user4_.username as username1_15_2_, user4_.enabled as enabled2_15_2_, user4_.password as password3_15_2_, user4_.role as role4_15_2_, basichealt5_.id as id1_1_3_, basichealt5_.diastolic as diastoli2_1_3_, basichealt5_.hcp_id as hcp_id12_1_3_, basichealt5_.hdl as hdl3_1_3_, basichealt5_.headCircumference as headCirc4_1_3_, basichealt5_.height as height5_1_3_, basichealt5_.houseSmokingStatus as houseSmo6_1_3_, basichealt5_.ldl as ldl7_1_3_, basichealt5_.patient_id as patient13_1_3_, basichealt5_.patientSmokingStatus as patientS8_1_3_, basichealt5_.systolic as systolic9_1_3_, basichealt5_.tri as tri10_1_3_, basichealt5_.weight as weight11_1_3_, user6_.username as username1_15_4_, user6_.enabled as enabled2_15_4_, user6_.password as password3_15_4_, user6_.role as role4_15_4_, user7_.username as username1_15_5_, user7_.enabled as enabled2_15_5_, user7_.password as password3_15_5_, user7_.role as role4_15_5_, user8_.username as username1_15_6_, user8_.enabled as enabled2_15_6_, user8_.password as password3_15_6_, user8_.role as role4_15_6_, hospital9_.name as name1_4_7_, hospital9_.address as address2_4_7_, hospital9_.state as state3_4_7_, hospital9_.zip as zip4_4_7_, user10_.username as username1_15_8_, user10_.enabled as enabled2_15_8_, user10_.password as password3_15_8_, user10_.role as role4_15_8_, prescripti11_.prescriptions_id as prescrip8_14_14_, prescripti11_.id as id1_14_14_, prescripti11_.id as id1_14_9_, prescripti11_.dosage as dosage2_14_9_, prescripti11_.drug_id as drug_id6_14_9_, prescripti11_.endDate as endDate3_14_9_, prescripti11_.patient_id as patient_7_14_9_, prescripti11_.renewals as renewals4_14_9_, prescripti11_.startDate as startDat5_14_9_, drug12_.id as id1_3_10_, drug12_.code as code2_3_10_, drug12_.description as descript3_3_10_, drug12_.name as name4_3_10_, user13_.username as username1_15_11_, user13_.enabled as enabled2_15_11_, user13_.password as password3_15_11_, user13_.role as role4_15_11_ from OfficeVisits this_ left outer join AppointmentRequests appointmen2_ on this_.appointment_id=appointmen2_.id left outer join Users user3_ on appointmen2_.hcp_id=user3_.username left outer join Users user4_ on appointmen2_.patient_id=user4_.username left outer join BasicHealthMetrics basichealt5_ on this_.basichealthmetrics_id=basichealt5_.id left outer join Users user6_ on basichealt5_.hcp_id=user6_.username left outer join Users user7_ on basichealt5_.patient_id=user7_.username inner join Users user8_ on this_.hcp_id=user8_.username inner join Hospitals hospital9_ on this_.hospital_id=hospital9_.name inner join Users user10_ on this_.patient_id=user10_.username left outer join Prescriptions prescripti11_ on this_.id=prescripti11_.prescriptions_id left outer join Drugs drug12_ on prescripti11_.drug_id=drug12_.id left outer join Users user13_ on prescripti11_.patient_id=user13_.username
Hibernate: select this_.id as id1_10_12_, this_.appointment_id as appointm5_10_12_, this_.basichealthmetrics_id as basichea6_10_12_, this_.date as date2_10_12_, this_.hcp_id as hcp_id7_10_12_, this_.hospital_id as hospital8_10_12_, this_.notes as notes3_10_12_, this_.patient_id as patient_9_10_12_, this_.type as type4_10_12_, appointmen2_.id as id1_0_0_, appointmen2_.comments as comments2_0_0_, appointmen2_.date as date3_0_0_, appointmen2_.hcp_id as hcp_id6_0_0_, appointmen2_.patient_id as patient_7_0_0_, appointmen2_.status as status4_0_0_, appointmen2_.type as type5_0_0_, user3_.username as username1_15_1_, user3_.enabled as enabled2_15_1_, user3_.password as password3_15_1_, user3_.role as role4_15_1_, user4_.username as username1_15_2_, user4_.enabled as enabled2_15_2_, user4_.password as password3_15_2_, user4_.role as role4_15_2_, basichealt5_.id as id1_1_3_, basichealt5_.diastolic as diastoli2_1_3_, basichealt5_.hcp_id as hcp_id12_1_3_, basichealt5_.hdl as hdl3_1_3_, basichealt5_.headCircumference as headCirc4_1_3_, basichealt5_.height as height5_1_3_, basichealt5_.houseSmokingStatus as houseSmo6_1_3_, basichealt5_.ldl as ldl7_1_3_, basichealt5_.patient_id as patient13_1_3_, basichealt5_.patientSmokingStatus as patientS8_1_3_, basichealt5_.systolic as systolic9_1_3_, basichealt5_.tri as tri10_1_3_, basichealt5_.weight as weight11_1_3_, user6_.username as username1_15_4_, user6_.enabled as enabled2_15_4_, user6_.password as password3_15_4_, user6_.role as role4_15_4_, user7_.username as username1_15_5_, user7_.enabled as enabled2_15_5_, user7_.password as password3_15_5_, user7_.role as role4_15_5_, user8_.username as username1_15_6_, user8_.enabled as enabled2_15_6_, user8_.password as password3_15_6_, user8_.role as role4_15_6_, hospital9_.name as name1_4_7_, hospital9_.address as address2_4_7_, hospital9_.state as state3_4_7_, hospital9_.zip as zip4_4_7_, user10_.username as username1_15_8_, user10_.enabled as enabled2_15_8_, user10_.password as password3_15_8_, user10_.role as role4_15_8_, prescripti11_.prescriptions_id as prescrip8_14_14_, prescripti11_.id as id1_14_14_, prescripti11_.id as id1_14_9_, prescripti11_.dosage as dosage2_14_9_, prescripti11_.drug_id as drug_id6_14_9_, prescripti11_.endDate as endDate3_14_9_, prescripti11_.patient_id as patient_7_14_9_, prescripti11_.renewals as renewals4_14_9_, prescripti11_.startDate as startDat5_14_9_, drug12_.id as id1_3_10_, drug12_.code as code2_3_10_, drug12_.description as descript3_3_10_, drug12_.name as name4_3_10_, user13_.username as username1_15_11_, user13_.enabled as enabled2_15_11_, user13_.password as password3_15_11_, user13_.role as role4_15_11_ from OfficeVisits this_ left outer join AppointmentRequests appointmen2_ on this_.appointment_id=appointmen2_.id left outer join Users user3_ on appointmen2_.hcp_id=user3_.username left outer join Users user4_ on appointmen2_.patient_id=user4_.username left outer join BasicHealthMetrics basichealt5_ on this_.basichealthmetrics_id=basichealt5_.id left outer join Users user6_ on basichealt5_.hcp_id=user6_.username left outer join Users user7_ on basichealt5_.patient_id=user7_.username inner join Users user8_ on this_.hcp_id=user8_.username inner join Hospitals hospital9_ on this_.hospital_id=hospital9_.name inner join Users user10_ on this_.patient_id=user10_.username left outer join Prescriptions prescripti11_ on this_.id=prescripti11_.prescriptions_id left outer join Drugs drug12_ on prescripti11_.drug_id=drug12_.id left outer join Users user13_ on prescripti11_.patient_id=user13_.username
00:42:17.213 [main] DEBUG o.h.e.l.i.CollectionLoadContext - No collections were found in result set for role: edu.ncsu.csc.itrust2.models.persistent.OfficeVisit.prescriptions
00:42:17.213 [main] DEBUG o.h.e.t.internal.TransactionImpl - committing
00:42:17.214 [main] DEBUG o.s.t.w.s.TestDispatcherServlet - Null ModelAndView returned to DispatcherServlet with name '': assuming HandlerAdapter completed request handling
00:42:17.214 [main] DEBUG o.s.t.w.s.TestDispatcherServlet - Successfully completed request
00:42:17.235 [main] DEBUG o.s.t.w.s.TestDispatcherServlet - DispatcherServlet with name '' processing POST request for [/api/v1/officevisits]
00:42:17.235 [main] DEBUG o.s.w.s.m.m.a.RequestMappingHandlerMapping - Looking up handler method for path /api/v1/officevisits
00:42:17.235 [main] DEBUG o.s.w.s.m.m.a.RequestMappingHandlerMapping - Returning handler method [public org.springframework.http.ResponseEntity edu.ncsu.csc.itrust2.controllers.api.APIOfficeVisitController.createOfficeVisit(edu.ncsu.csc.itrust2.forms.hcp.OfficeVisitForm)]
00:42:17.236 [main] DEBUG o.s.b.f.s.DefaultListableBeanFactory - Returning cached instance of singleton bean 'APIOfficeVisitController'
00:42:17.236 [main] DEBUG o.s.w.s.m.m.a.RequestResponseBodyMethodProcessor - Read [class edu.ncsu.csc.itrust2.forms.hcp.OfficeVisitForm] as "application/json" with [org.springframework.http.converter.json.GsonHttpMessageConverter@6b3cbda]
00:42:17.239 [main] DEBUG o.h.e.t.internal.TransactionImpl - begin
00:42:17.239 [main] DEBUG org.hibernate.SQL - select this_.username as username1_15_0_, this_.enabled as enabled2_15_0_, this_.password as password3_15_0_, this_.role as role4_15_0_ from Users this_ where this_.username=? and this_.role=?
Hibernate: select this_.username as username1_15_0_, this_.enabled as enabled2_15_0_, this_.password as password3_15_0_, this_.role as role4_15_0_ from Users this_ where this_.username=? and this_.role=?
00:42:17.247 [main] DEBUG org.hibernate.loader.Loader - Result set row: 0
00:42:17.247 [main] DEBUG org.hibernate.loader.Loader - Result row: EntityKey[edu.ncsu.csc.itrust2.models.persistent.User#patient]
00:42:17.247 [main] DEBUG o.h.engine.internal.TwoPhaseLoad - Resolving associations for [edu.ncsu.csc.itrust2.models.persistent.User#patient]
00:42:17.247 [main] DEBUG o.h.engine.internal.TwoPhaseLoad - Done materializing entity [edu.ncsu.csc.itrust2.models.persistent.User#patient]
00:42:17.247 [main] DEBUG o.h.e.t.internal.TransactionImpl - committing
00:42:17.247 [main] DEBUG o.h.e.i.AbstractFlushingEventListener - Processing flush-time cascades
00:42:17.248 [main] DEBUG o.h.e.i.AbstractFlushingEventListener - Dirty checking collections
00:42:17.248 [main] DEBUG o.h.e.i.AbstractFlushingEventListener - Flushed: 0 insertions, 0 updates, 0 deletions to 1 objects
00:42:17.248 [main] DEBUG o.h.e.i.AbstractFlushingEventListener - Flushed: 0 (re)creations, 0 updates, 0 removals to 0 collections
00:42:17.248 [main] DEBUG o.h.internal.util.EntityPrinter - Listing entities:
00:42:17.248 [main] DEBUG o.h.internal.util.EntityPrinter - edu.ncsu.csc.itrust2.models.persistent.User{password=$2a$10$Skc0u4Txm.NmOsymblU82ubxU.UgUxYgXdyJnvUEi4x1sJFVFpPi2, role=ROLE_PATIENT, enabled=1, username=patient}
00:42:17.249 [main] DEBUG o.h.e.t.internal.TransactionImpl - begin
00:42:17.249 [main] DEBUG org.hibernate.SQL - select this_.username as username1_15_0_, this_.enabled as enabled2_15_0_, this_.password as password3_15_0_, this_.role as role4_15_0_ from Users this_ where this_.username=? and this_.role=?
Hibernate: select this_.username as username1_15_0_, this_.enabled as enabled2_15_0_, this_.password as password3_15_0_, this_.role as role4_15_0_ from Users this_ where this_.username=? and this_.role=?
00:42:17.250 [main] DEBUG org.hibernate.loader.Loader - Result set row: 0
00:42:17.250 [main] DEBUG org.hibernate.loader.Loader - Result row: EntityKey[edu.ncsu.csc.itrust2.models.persistent.User#hcp]
00:42:17.250 [main] DEBUG o.h.engine.internal.TwoPhaseLoad - Resolving associations for [edu.ncsu.csc.itrust2.models.persistent.User#hcp]
00:42:17.250 [main] DEBUG o.h.engine.internal.TwoPhaseLoad - Done materializing entity [edu.ncsu.csc.itrust2.models.persistent.User#hcp]
00:42:17.250 [main] DEBUG o.h.e.t.internal.TransactionImpl - committing
00:42:17.251 [main] DEBUG o.h.e.i.AbstractFlushingEventListener - Processing flush-time cascades
00:42:17.251 [main] DEBUG o.h.e.i.AbstractFlushingEventListener - Dirty checking collections
00:42:17.251 [main] DEBUG o.h.e.i.AbstractFlushingEventListener - Flushed: 0 insertions, 0 updates, 0 deletions to 1 objects
00:42:17.251 [main] DEBUG o.h.e.i.AbstractFlushingEventListener - Flushed: 0 (re)creations, 0 updates, 0 removals to 0 collections
00:42:17.251 [main] DEBUG o.h.internal.util.EntityPrinter - Listing entities:
00:42:17.251 [main] DEBUG o.h.internal.util.EntityPrinter - edu.ncsu.csc.itrust2.models.persistent.User{password=$2a$10$CtPOtdAqnNwxw2oEYlSNSOurnF03UP7NwGnIk0BfDslw64XUUv.K2, role=ROLE_HCP, enabled=1, username=hcp}
00:42:17.253 [main] DEBUG o.h.e.t.internal.TransactionImpl - begin
00:42:17.256 [main] DEBUG org.hibernate.SQL - select this_.name as name1_4_0_, this_.address as address2_4_0_, this_.state as state3_4_0_, this_.zip as zip4_4_0_ from Hospitals this_ where this_.name=?
Hibernate: select this_.name as name1_4_0_, this_.address as address2_4_0_, this_.state as state3_4_0_, this_.zip as zip4_4_0_ from Hospitals this_ where this_.name=?
00:42:17.256 [main] DEBUG org.hibernate.loader.Loader - Result set row: 0
00:42:17.257 [main] DEBUG org.hibernate.loader.Loader - Result row: EntityKey[edu.ncsu.csc.itrust2.models.persistent.Hospital#iTrust Test Hospital 2]
00:42:17.257 [main] DEBUG o.h.engine.internal.TwoPhaseLoad - Resolving associations for [edu.ncsu.csc.itrust2.models.persistent.Hospital#iTrust Test Hospital 2]
00:42:17.266 [main] DEBUG o.h.engine.internal.TwoPhaseLoad - Done materializing entity [edu.ncsu.csc.itrust2.models.persistent.Hospital#iTrust Test Hospital 2]
00:42:17.266 [main] DEBUG o.h.e.t.internal.TransactionImpl - committing
00:42:17.266 [main] DEBUG o.h.e.i.AbstractFlushingEventListener - Processing flush-time cascades
00:42:17.266 [main] DEBUG o.h.e.i.AbstractFlushingEventListener - Dirty checking collections
00:42:17.267 [main] DEBUG o.h.e.i.AbstractFlushingEventListener - Flushed: 0 insertions, 0 updates, 0 deletions to 1 objects
00:42:17.267 [main] DEBUG o.h.e.i.AbstractFlushingEventListener - Flushed: 0 (re)creations, 0 updates, 0 removals to 0 collections
00:42:17.267 [main] DEBUG o.h.internal.util.EntityPrinter - Listing entities:
00:42:17.267 [main] DEBUG o.h.internal.util.EntityPrinter - edu.ncsu.csc.itrust2.models.persistent.Hospital{zip=27607, address=1 iTrust Test Street, name=iTrust Test Hospital 2, state=NC}
00:42:17.268 [main] DEBUG o.h.e.t.internal.TransactionImpl - begin
00:42:17.268 [main] DEBUG org.hibernate.SQL - select this_.username as username1_15_0_, this_.enabled as enabled2_15_0_, this_.password as password3_15_0_, this_.role as role4_15_0_ from Users this_ where this_.username=? and this_.role=?
Hibernate: select this_.username as username1_15_0_, this_.enabled as enabled2_15_0_, this_.password as password3_15_0_, this_.role as role4_15_0_ from Users this_ where this_.username=? and this_.role=?
00:42:17.269 [main] DEBUG org.hibernate.loader.Loader - Result set row: 0
00:42:17.269 [main] DEBUG org.hibernate.loader.Loader - Result row: EntityKey[edu.ncsu.csc.itrust2.models.persistent.User#patient]
00:42:17.269 [main] DEBUG o.h.engine.internal.TwoPhaseLoad - Resolving associations for [edu.ncsu.csc.itrust2.models.persistent.User#patient]
00:42:17.270 [main] DEBUG o.h.engine.internal.TwoPhaseLoad - Done materializing entity [edu.ncsu.csc.itrust2.models.persistent.User#patient]
00:42:17.270 [main] DEBUG o.h.e.t.internal.TransactionImpl - committing
00:42:17.270 [main] DEBUG o.h.e.i.AbstractFlushingEventListener - Processing flush-time cascades
00:42:17.270 [main] DEBUG o.h.e.i.AbstractFlushingEventListener - Dirty checking collections
00:42:17.270 [main] DEBUG o.h.e.i.AbstractFlushingEventListener - Flushed: 0 insertions, 0 updates, 0 deletions to 1 objects
00:42:17.270 [main] DEBUG o.h.e.i.AbstractFlushingEventListener - Flushed: 0 (re)creations, 0 updates, 0 removals to 0 collections
00:42:17.270 [main] DEBUG o.h.internal.util.EntityPrinter - Listing entities:
00:42:17.271 [main] DEBUG o.h.internal.util.EntityPrinter - edu.ncsu.csc.itrust2.models.persistent.User{password=$2a$10$Skc0u4Txm.NmOsymblU82ubxU.UgUxYgXdyJnvUEi4x1sJFVFpPi2, role=ROLE_PATIENT, enabled=1, username=patient}
00:42:17.271 [main] DEBUG o.h.e.t.internal.TransactionImpl - begin
00:42:17.272 [main] DEBUG org.hibernate.SQL - select this_.username as username1_15_0_, this_.enabled as enabled2_15_0_, this_.password as password3_15_0_, this_.role as role4_15_0_ from Users this_ where this_.username=? and this_.role=?
Hibernate: select this_.username as username1_15_0_, this_.enabled as enabled2_15_0_, this_.password as password3_15_0_, this_.role as role4_15_0_ from Users this_ where this_.username=? and this_.role=?
00:42:17.273 [main] DEBUG org.hibernate.loader.Loader - Result set row: 0
00:42:17.273 [main] DEBUG org.hibernate.loader.Loader - Result row: EntityKey[edu.ncsu.csc.itrust2.models.persistent.User#hcp]
00:42:17.273 [main] DEBUG o.h.engine.internal.TwoPhaseLoad - Resolving associations for [edu.ncsu.csc.itrust2.models.persistent.User#hcp]
00:42:17.273 [main] DEBUG o.h.engine.internal.TwoPhaseLoad - Done materializing entity [edu.ncsu.csc.itrust2.models.persistent.User#hcp]
00:42:17.273 [main] DEBUG o.h.e.t.internal.TransactionImpl - committing
00:42:17.273 [main] DEBUG o.h.e.i.AbstractFlushingEventListener - Processing flush-time cascades
00:42:17.273 [main] DEBUG o.h.e.i.AbstractFlushingEventListener - Dirty checking collections
00:42:17.274 [main] DEBUG o.h.e.i.AbstractFlushingEventListener - Flushed: 0 insertions, 0 updates, 0 deletions to 1 objects
00:42:17.274 [main] DEBUG o.h.e.i.AbstractFlushingEventListener - Flushed: 0 (re)creations, 0 updates, 0 removals to 0 collections
00:42:17.274 [main] DEBUG o.h.internal.util.EntityPrinter - Listing entities:
00:42:17.274 [main] DEBUG o.h.internal.util.EntityPrinter - edu.ncsu.csc.itrust2.models.persistent.User{password=$2a$10$CtPOtdAqnNwxw2oEYlSNSOurnF03UP7NwGnIk0BfDslw64XUUv.K2, role=ROLE_HCP, enabled=1, username=hcp}
00:42:17.275 [main] DEBUG o.h.e.t.internal.TransactionImpl - begin
00:42:17.276 [main] DEBUG org.hibernate.SQL - select this_.username as username1_15_0_, this_.enabled as enabled2_15_0_, this_.password as password3_15_0_, this_.role as role4_15_0_ from Users this_ where this_.username=? and this_.role=?
Hibernate: select this_.username as username1_15_0_, this_.enabled as enabled2_15_0_, this_.password as password3_15_0_, this_.role as role4_15_0_ from Users this_ where this_.username=? and this_.role=?
00:42:17.276 [main] DEBUG org.hibernate.loader.Loader - Result set row: 0
00:42:17.276 [main] DEBUG org.hibernate.loader.Loader - Result row: EntityKey[edu.ncsu.csc.itrust2.models.persistent.User#patient]
00:42:17.277 [main] DEBUG o.h.engine.internal.TwoPhaseLoad - Resolving associations for [edu.ncsu.csc.itrust2.models.persistent.User#patient]
00:42:17.277 [main] DEBUG o.h.engine.internal.TwoPhaseLoad - Done materializing entity [edu.ncsu.csc.itrust2.models.persistent.User#patient]
00:42:17.277 [main] DEBUG o.h.e.t.internal.TransactionImpl - committing
00:42:17.277 [main] DEBUG o.h.e.i.AbstractFlushingEventListener - Processing flush-time cascades
00:42:17.277 [main] DEBUG o.h.e.i.AbstractFlushingEventListener - Dirty checking collections
00:42:17.277 [main] DEBUG o.h.e.i.AbstractFlushingEventListener - Flushed: 0 insertions, 0 updates, 0 deletions to 1 objects
00:42:17.277 [main] DEBUG o.h.e.i.AbstractFlushingEventListener - Flushed: 0 (re)creations, 0 updates, 0 removals to 0 collections
00:42:17.277 [main] DEBUG o.h.internal.util.EntityPrinter - Listing entities:
00:42:17.277 [main] DEBUG o.h.internal.util.EntityPrinter - edu.ncsu.csc.itrust2.models.persistent.User{password=$2a$10$Skc0u4Txm.NmOsymblU82ubxU.UgUxYgXdyJnvUEi4x1sJFVFpPi2, role=ROLE_PATIENT, enabled=1, username=patient}
00:42:17.278 [main] DEBUG o.h.e.t.internal.TransactionImpl - begin
00:42:17.281 [main] DEBUG org.hibernate.SQL - select this_.self_id as self_id18_12_2_, this_.address1 as address1_12_2_, this_.address2 as address2_12_2_, this_.bloodType as bloodTyp3_12_2_, this_.causeOfDeath as causeOfD4_12_2_, this_.city as city5_12_2_, this_.dateOfBirth as dateOfBi6_12_2_, this_.dateOfDeath as dateOfDe7_12_2_, this_.email as email8_12_2_, this_.ethnicity as ethnicit9_12_2_, this_.father_id as father_19_12_2_, this_.firstName as firstNa10_12_2_, this_.gender as gender11_12_2_, this_.id as id12_12_2_, this_.lastName as lastNam13_12_2_, this_.mother_id as mother_20_12_2_, this_.phone as phone14_12_2_, this_.preferredName as preferr15_12_2_, this_.state as state16_12_2_, this_.zip as zip17_12_2_, user2_.username as username1_15_0_, user2_.enabled as enabled2_15_0_, user2_.password as password3_15_0_, user2_.role as role4_15_0_, user3_.username as username1_15_1_, user3_.enabled as enabled2_15_1_, user3_.password as password3_15_1_, user3_.role as role4_15_1_ from Patients this_ left outer join Users user2_ on this_.father_id=user2_.username left outer join Users user3_ on this_.mother_id=user3_.username where this_.self_id=?
Hibernate: select this_.self_id as self_id18_12_2_, this_.address1 as address1_12_2_, this_.address2 as address2_12_2_, this_.bloodType as bloodTyp3_12_2_, this_.causeOfDeath as causeOfD4_12_2_, this_.city as city5_12_2_, this_.dateOfBirth as dateOfBi6_12_2_, this_.dateOfDeath as dateOfDe7_12_2_, this_.email as email8_12_2_, this_.ethnicity as ethnicit9_12_2_, this_.father_id as father_19_12_2_, this_.firstName as firstNa10_12_2_, this_.gender as gender11_12_2_, this_.id as id12_12_2_, this_.lastName as lastNam13_12_2_, this_.mother_id as mother_20_12_2_, this_.phone as phone14_12_2_, this_.preferredName as preferr15_12_2_, this_.state as state16_12_2_, this_.zip as zip17_12_2_, user2_.username as username1_15_0_, user2_.enabled as enabled2_15_0_, user2_.password as password3_15_0_, user2_.role as role4_15_0_, user3_.username as username1_15_1_, user3_.enabled as enabled2_15_1_, user3_.password as password3_15_1_, user3_.role as role4_15_1_ from Patients this_ left outer join Users user2_ on this_.father_id=user2_.username left outer join Users user3_ on this_.mother_id=user3_.username where this_.self_id=?
00:42:17.288 [main] DEBUG o.h.e.t.internal.TransactionImpl - committing
00:42:17.288 [main] DEBUG o.h.e.t.internal.TransactionImpl - begin
00:42:17.290 [main] DEBUG org.hibernate.SQL - select this_.id as id1_10_12_, this_.appointment_id as appointm5_10_12_, this_.basichealthmetrics_id as basichea6_10_12_, this_.date as date2_10_12_, this_.hcp_id as hcp_id7_10_12_, this_.hospital_id as hospital8_10_12_, this_.notes as notes3_10_12_, this_.patient_id as patient_9_10_12_, this_.type as type4_10_12_, appointmen2_.id as id1_0_0_, appointmen2_.comments as comments2_0_0_, appointmen2_.date as date3_0_0_, appointmen2_.hcp_id as hcp_id6_0_0_, appointmen2_.patient_id as patient_7_0_0_, appointmen2_.status as status4_0_0_, appointmen2_.type as type5_0_0_, user3_.username as username1_15_1_, user3_.enabled as enabled2_15_1_, user3_.password as password3_15_1_, user3_.role as role4_15_1_, user4_.username as username1_15_2_, user4_.enabled as enabled2_15_2_, user4_.password as password3_15_2_, user4_.role as role4_15_2_, basichealt5_.id as id1_1_3_, basichealt5_.diastolic as diastoli2_1_3_, basichealt5_.hcp_id as hcp_id12_1_3_, basichealt5_.hdl as hdl3_1_3_, basichealt5_.headCircumference as headCirc4_1_3_, basichealt5_.height as height5_1_3_, basichealt5_.houseSmokingStatus as houseSmo6_1_3_, basichealt5_.ldl as ldl7_1_3_, basichealt5_.patient_id as patient13_1_3_, basichealt5_.patientSmokingStatus as patientS8_1_3_, basichealt5_.systolic as systolic9_1_3_, basichealt5_.tri as tri10_1_3_, basichealt5_.weight as weight11_1_3_, user6_.username as username1_15_4_, user6_.enabled as enabled2_15_4_, user6_.password as password3_15_4_, user6_.role as role4_15_4_, user7_.username as username1_15_5_, user7_.enabled as enabled2_15_5_, user7_.password as password3_15_5_, user7_.role as role4_15_5_, user8_.username as username1_15_6_, user8_.enabled as enabled2_15_6_, user8_.password as password3_15_6_, user8_.role as role4_15_6_, hospital9_.name as name1_4_7_, hospital9_.address as address2_4_7_, hospital9_.state as state3_4_7_, hospital9_.zip as zip4_4_7_, user10_.username as username1_15_8_, user10_.enabled as enabled2_15_8_, user10_.password as password3_15_8_, user10_.role as role4_15_8_, prescripti11_.prescriptions_id as prescrip8_14_14_, prescripti11_.id as id1_14_14_, prescripti11_.id as id1_14_9_, prescripti11_.dosage as dosage2_14_9_, prescripti11_.drug_id as drug_id6_14_9_, prescripti11_.endDate as endDate3_14_9_, prescripti11_.patient_id as patient_7_14_9_, prescripti11_.renewals as renewals4_14_9_, prescripti11_.startDate as startDat5_14_9_, drug12_.id as id1_3_10_, drug12_.code as code2_3_10_, drug12_.description as descript3_3_10_, drug12_.name as name4_3_10_, user13_.username as username1_15_11_, user13_.enabled as enabled2_15_11_, user13_.password as password3_15_11_, user13_.role as role4_15_11_ from OfficeVisits this_ left outer join AppointmentRequests appointmen2_ on this_.appointment_id=appointmen2_.id left outer join Users user3_ on appointmen2_.hcp_id=user3_.username left outer join Users user4_ on appointmen2_.patient_id=user4_.username left outer join BasicHealthMetrics basichealt5_ on this_.basichealthmetrics_id=basichealt5_.id left outer join Users user6_ on basichealt5_.hcp_id=user6_.username left outer join Users user7_ on basichealt5_.patient_id=user7_.username inner join Users user8_ on this_.hcp_id=user8_.username inner join Hospitals hospital9_ on this_.hospital_id=hospital9_.name inner join Users user10_ on this_.patient_id=user10_.username left outer join Prescriptions prescripti11_ on this_.id=prescripti11_.prescriptions_id left outer join Drugs drug12_ on prescripti11_.drug_id=drug12_.id left outer join Users user13_ on prescripti11_.patient_id=user13_.username where this_.id=?
Hibernate: select this_.id as id1_10_12_, this_.appointment_id as appointm5_10_12_, this_.basichealthmetrics_id as basichea6_10_12_, this_.date as date2_10_12_, this_.hcp_id as hcp_id7_10_12_, this_.hospital_id as hospital8_10_12_, this_.notes as notes3_10_12_, this_.patient_id as patient_9_10_12_, this_.type as type4_10_12_, appointmen2_.id as id1_0_0_, appointmen2_.comments as comments2_0_0_, appointmen2_.date as date3_0_0_, appointmen2_.hcp_id as hcp_id6_0_0_, appointmen2_.patient_id as patient_7_0_0_, appointmen2_.status as status4_0_0_, appointmen2_.type as type5_0_0_, user3_.username as username1_15_1_, user3_.enabled as enabled2_15_1_, user3_.password as password3_15_1_, user3_.role as role4_15_1_, user4_.username as username1_15_2_, user4_.enabled as enabled2_15_2_, user4_.password as password3_15_2_, user4_.role as role4_15_2_, basichealt5_.id as id1_1_3_, basichealt5_.diastolic as diastoli2_1_3_, basichealt5_.hcp_id as hcp_id12_1_3_, basichealt5_.hdl as hdl3_1_3_, basichealt5_.headCircumference as headCirc4_1_3_, basichealt5_.height as height5_1_3_, basichealt5_.houseSmokingStatus as houseSmo6_1_3_, basichealt5_.ldl as ldl7_1_3_, basichealt5_.patient_id as patient13_1_3_, basichealt5_.patientSmokingStatus as patientS8_1_3_, basichealt5_.systolic as systolic9_1_3_, basichealt5_.tri as tri10_1_3_, basichealt5_.weight as weight11_1_3_, user6_.username as username1_15_4_, user6_.enabled as enabled2_15_4_, user6_.password as password3_15_4_, user6_.role as role4_15_4_, user7_.username as username1_15_5_, user7_.enabled as enabled2_15_5_, user7_.password as password3_15_5_, user7_.role as role4_15_5_, user8_.username as username1_15_6_, user8_.enabled as enabled2_15_6_, user8_.password as password3_15_6_, user8_.role as role4_15_6_, hospital9_.name as name1_4_7_, hospital9_.address as address2_4_7_, hospital9_.state as state3_4_7_, hospital9_.zip as zip4_4_7_, user10_.username as username1_15_8_, user10_.enabled as enabled2_15_8_, user10_.password as password3_15_8_, user10_.role as role4_15_8_, prescripti11_.prescriptions_id as prescrip8_14_14_, prescripti11_.id as id1_14_14_, prescripti11_.id as id1_14_9_, prescripti11_.dosage as dosage2_14_9_, prescripti11_.drug_id as drug_id6_14_9_, prescripti11_.endDate as endDate3_14_9_, prescripti11_.patient_id as patient_7_14_9_, prescripti11_.renewals as renewals4_14_9_, prescripti11_.startDate as startDat5_14_9_, drug12_.id as id1_3_10_, drug12_.code as code2_3_10_, drug12_.description as descript3_3_10_, drug12_.name as name4_3_10_, user13_.username as username1_15_11_, user13_.enabled as enabled2_15_11_, user13_.password as password3_15_11_, user13_.role as role4_15_11_ from OfficeVisits this_ left outer join AppointmentRequests appointmen2_ on this_.appointment_id=appointmen2_.id left outer join Users user3_ on appointmen2_.hcp_id=user3_.username left outer join Users user4_ on appointmen2_.patient_id=user4_.username left outer join BasicHealthMetrics basichealt5_ on this_.basichealthmetrics_id=basichealt5_.id left outer join Users user6_ on basichealt5_.hcp_id=user6_.username left outer join Users user7_ on basichealt5_.patient_id=user7_.username inner join Users user8_ on this_.hcp_id=user8_.username inner join Hospitals hospital9_ on this_.hospital_id=hospital9_.name inner join Users user10_ on this_.patient_id=user10_.username left outer join Prescriptions prescripti11_ on this_.id=prescripti11_.prescriptions_id left outer join Drugs drug12_ on prescripti11_.drug_id=drug12_.id left outer join Users user13_ on prescripti11_.patient_id=user13_.username where this_.id=?
00:42:17.292 [main] DEBUG o.h.e.l.i.CollectionLoadContext - No collections were found in result set for role: edu.ncsu.csc.itrust2.models.persistent.OfficeVisit.prescriptions
00:42:17.296 [main] DEBUG o.h.e.t.internal.TransactionImpl - committing
00:42:17.296 [main] DEBUG o.h.e.t.internal.TransactionImpl - begin
00:42:17.297 [main] DEBUG org.hibernate.SQL - select this_.id as id1_1_2_, this_.diastolic as diastoli2_1_2_, this_.hcp_id as hcp_id12_1_2_, this_.hdl as hdl3_1_2_, this_.headCircumference as headCirc4_1_2_, this_.height as height5_1_2_, this_.houseSmokingStatus as houseSmo6_1_2_, this_.ldl as ldl7_1_2_, this_.patient_id as patient13_1_2_, this_.patientSmokingStatus as patientS8_1_2_, this_.systolic as systolic9_1_2_, this_.tri as tri10_1_2_, this_.weight as weight11_1_2_, user2_.username as username1_15_0_, user2_.enabled as enabled2_15_0_, user2_.password as password3_15_0_, user2_.role as role4_15_0_, user3_.username as username1_15_1_, user3_.enabled as enabled2_15_1_, user3_.password as password3_15_1_, user3_.role as role4_15_1_ from BasicHealthMetrics this_ inner join Users user2_ on this_.hcp_id=user2_.username inner join Users user3_ on this_.patient_id=user3_.username where this_.id=?
Hibernate: select this_.id as id1_1_2_, this_.diastolic as diastoli2_1_2_, this_.hcp_id as hcp_id12_1_2_, this_.hdl as hdl3_1_2_, this_.headCircumference as headCirc4_1_2_, this_.height as height5_1_2_, this_.houseSmokingStatus as houseSmo6_1_2_, this_.ldl as ldl7_1_2_, this_.patient_id as patient13_1_2_, this_.patientSmokingStatus as patientS8_1_2_, this_.systolic as systolic9_1_2_, this_.tri as tri10_1_2_, this_.weight as weight11_1_2_, user2_.username as username1_15_0_, user2_.enabled as enabled2_15_0_, user2_.password as password3_15_0_, user2_.role as role4_15_0_, user3_.username as username1_15_1_, user3_.enabled as enabled2_15_1_, user3_.password as password3_15_1_, user3_.role as role4_15_1_ from BasicHealthMetrics this_ inner join Users user2_ on this_.hcp_id=user2_.username inner join Users user3_ on this_.patient_id=user3_.username where this_.id=?
00:42:17.298 [main] DEBUG o.h.e.t.internal.TransactionImpl - committing
00:42:17.299 [main] DEBUG o.h.e.t.internal.TransactionImpl - begin
00:42:17.299 [main] DEBUG org.hibernate.SQL - select next_val as id_val from hibernate_sequence for update
Hibernate: select next_val as id_val from hibernate_sequence for update
00:42:17.300 [main] DEBUG org.hibernate.SQL - update hibernate_sequence set next_val= ? where next_val=?
Hibernate: update hibernate_sequence set next_val= ? where next_val=?
00:42:17.303 [main] DEBUG o.h.e.i.AbstractSaveEventListener - Generated identifier: 27, using strategy: org.hibernate.id.enhanced.SequenceStyleGenerator
00:42:17.303 [main] DEBUG org.hibernate.SQL - select user_.username, user_.enabled as enabled2_15_, user_.password as password3_15_, user_.role as role4_15_ from Users user_ where user_.username=?
Hibernate: select user_.username, user_.enabled as enabled2_15_, user_.password as password3_15_, user_.role as role4_15_ from Users user_ where user_.username=?
00:42:17.304 [main] DEBUG o.h.r.j.i.ResourceRegistryStandardImpl - HHH000387: ResultSet's statement was not registered
00:42:17.304 [main] DEBUG org.hibernate.SQL - select user_.username, user_.enabled as enabled2_15_, user_.password as password3_15_, user_.role as role4_15_ from Users user_ where user_.username=?
Hibernate: select user_.username, user_.enabled as enabled2_15_, user_.password as password3_15_, user_.role as role4_15_ from Users user_ where user_.username=?
00:42:17.305 [main] DEBUG o.h.r.j.i.ResourceRegistryStandardImpl - HHH000387: ResultSet's statement was not registered
00:42:17.305 [main] DEBUG o.h.e.t.internal.TransactionImpl - committing
00:42:17.305 [main] DEBUG o.h.e.i.AbstractFlushingEventListener - Processing flush-time cascades
00:42:17.305 [main] DEBUG o.h.e.i.AbstractFlushingEventListener - Dirty checking collections
00:42:17.305 [main] DEBUG o.h.e.i.AbstractFlushingEventListener - Flushed: 1 insertions, 0 updates, 0 deletions to 1 objects
00:42:17.305 [main] DEBUG o.h.e.i.AbstractFlushingEventListener - Flushed: 0 (re)creations, 0 updates, 0 removals to 0 collections
00:42:17.305 [main] DEBUG o.h.internal.util.EntityPrinter - Listing entities:
00:42:17.306 [main] DEBUG o.h.internal.util.EntityPrinter - edu.ncsu.csc.itrust2.models.persistent.BasicHealthMetrics{patientSmokingStatus=2, headCircumference=null, weight=1.0, tri=100, hdl=1, diastolic=1, systolic=1, hcp=edu.ncsu.csc.itrust2.models.persistent.User#hcp, ldl=1, houseSmokingStatus=1, patient=edu.ncsu.csc.itrust2.models.persistent.User#patient, id=27, height=1.0}
00:42:17.306 [main] DEBUG org.hibernate.SQL - insert into BasicHealthMetrics (diastolic, hcp_id, hdl, headCircumference, height, houseSmokingStatus, ldl, patient_id, patientSmokingStatus, systolic, tri, weight, id) values (?, ?, ?, ?, ?, ?, ?, ?, ?, ?, ?, ?, ?)
Hibernate: insert into BasicHealthMetrics (diastolic, hcp_id, hdl, headCircumference, height, houseSmokingStatus, ldl, patient_id, patientSmokingStatus, systolic, tri, weight, id) values (?, ?, ?, ?, ?, ?, ?, ?, ?, ?, ?, ?, ?)
00:42:17.318 [main] DEBUG o.h.e.j.internal.JdbcCoordinatorImpl - HHH000420: Closing un-released batch
00:42:17.319 [main] DEBUG o.h.e.t.internal.TransactionImpl - begin
00:42:17.321 [main] DEBUG org.hibernate.SQL - select this_.id as id1_10_12_, this_.appointment_id as appointm5_10_12_, this_.basichealthmetrics_id as basichea6_10_12_, this_.date as date2_10_12_, this_.hcp_id as hcp_id7_10_12_, this_.hospital_id as hospital8_10_12_, this_.notes as notes3_10_12_, this_.patient_id as patient_9_10_12_, this_.type as type4_10_12_, appointmen2_.id as id1_0_0_, appointmen2_.comments as comments2_0_0_, appointmen2_.date as date3_0_0_, appointmen2_.hcp_id as hcp_id6_0_0_, appointmen2_.patient_id as patient_7_0_0_, appointmen2_.status as status4_0_0_, appointmen2_.type as type5_0_0_, user3_.username as username1_15_1_, user3_.enabled as enabled2_15_1_, user3_.password as password3_15_1_, user3_.role as role4_15_1_, user4_.username as username1_15_2_, user4_.enabled as enabled2_15_2_, user4_.password as password3_15_2_, user4_.role as role4_15_2_, basichealt5_.id as id1_1_3_, basichealt5_.diastolic as diastoli2_1_3_, basichealt5_.hcp_id as hcp_id12_1_3_, basichealt5_.hdl as hdl3_1_3_, basichealt5_.headCircumference as headCirc4_1_3_, basichealt5_.height as height5_1_3_, basichealt5_.houseSmokingStatus as houseSmo6_1_3_, basichealt5_.ldl as ldl7_1_3_, basichealt5_.patient_id as patient13_1_3_, basichealt5_.patientSmokingStatus as patientS8_1_3_, basichealt5_.systolic as systolic9_1_3_, basichealt5_.tri as tri10_1_3_, basichealt5_.weight as weight11_1_3_, user6_.username as username1_15_4_, user6_.enabled as enabled2_15_4_, user6_.password as password3_15_4_, user6_.role as role4_15_4_, user7_.username as username1_15_5_, user7_.enabled as enabled2_15_5_, user7_.password as password3_15_5_, user7_.role as role4_15_5_, user8_.username as username1_15_6_, user8_.enabled as enabled2_15_6_, user8_.password as password3_15_6_, user8_.role as role4_15_6_, hospital9_.name as name1_4_7_, hospital9_.address as address2_4_7_, hospital9_.state as state3_4_7_, hospital9_.zip as zip4_4_7_, user10_.username as username1_15_8_, user10_.enabled as enabled2_15_8_, user10_.password as password3_15_8_, user10_.role as role4_15_8_, prescripti11_.prescriptions_id as prescrip8_14_14_, prescripti11_.id as id1_14_14_, prescripti11_.id as id1_14_9_, prescripti11_.dosage as dosage2_14_9_, prescripti11_.drug_id as drug_id6_14_9_, prescripti11_.endDate as endDate3_14_9_, prescripti11_.patient_id as patient_7_14_9_, prescripti11_.renewals as renewals4_14_9_, prescripti11_.startDate as startDat5_14_9_, drug12_.id as id1_3_10_, drug12_.code as code2_3_10_, drug12_.description as descript3_3_10_, drug12_.name as name4_3_10_, user13_.username as username1_15_11_, user13_.enabled as enabled2_15_11_, user13_.password as password3_15_11_, user13_.role as role4_15_11_ from OfficeVisits this_ left outer join AppointmentRequests appointmen2_ on this_.appointment_id=appointmen2_.id left outer join Users user3_ on appointmen2_.hcp_id=user3_.username left outer join Users user4_ on appointmen2_.patient_id=user4_.username left outer join BasicHealthMetrics basichealt5_ on this_.basichealthmetrics_id=basichealt5_.id left outer join Users user6_ on basichealt5_.hcp_id=user6_.username left outer join Users user7_ on basichealt5_.patient_id=user7_.username inner join Users user8_ on this_.hcp_id=user8_.username inner join Hospitals hospital9_ on this_.hospital_id=hospital9_.name inner join Users user10_ on this_.patient_id=user10_.username left outer join Prescriptions prescripti11_ on this_.id=prescripti11_.prescriptions_id left outer join Drugs drug12_ on prescripti11_.drug_id=drug12_.id left outer join Users user13_ on prescripti11_.patient_id=user13_.username where this_.id=?
Hibernate: select this_.id as id1_10_12_, this_.appointment_id as appointm5_10_12_, this_.basichealthmetrics_id as basichea6_10_12_, this_.date as date2_10_12_, this_.hcp_id as hcp_id7_10_12_, this_.hospital_id as hospital8_10_12_, this_.notes as notes3_10_12_, this_.patient_id as patient_9_10_12_, this_.type as type4_10_12_, appointmen2_.id as id1_0_0_, appointmen2_.comments as comments2_0_0_, appointmen2_.date as date3_0_0_, appointmen2_.hcp_id as hcp_id6_0_0_, appointmen2_.patient_id as patient_7_0_0_, appointmen2_.status as status4_0_0_, appointmen2_.type as type5_0_0_, user3_.username as username1_15_1_, user3_.enabled as enabled2_15_1_, user3_.password as password3_15_1_, user3_.role as role4_15_1_, user4_.username as username1_15_2_, user4_.enabled as enabled2_15_2_, user4_.password as password3_15_2_, user4_.role as role4_15_2_, basichealt5_.id as id1_1_3_, basichealt5_.diastolic as diastoli2_1_3_, basichealt5_.hcp_id as hcp_id12_1_3_, basichealt5_.hdl as hdl3_1_3_, basichealt5_.headCircumference as headCirc4_1_3_, basichealt5_.height as height5_1_3_, basichealt5_.houseSmokingStatus as houseSmo6_1_3_, basichealt5_.ldl as ldl7_1_3_, basichealt5_.patient_id as patient13_1_3_, basichealt5_.patientSmokingStatus as patientS8_1_3_, basichealt5_.systolic as systolic9_1_3_, basichealt5_.tri as tri10_1_3_, basichealt5_.weight as weight11_1_3_, user6_.username as username1_15_4_, user6_.enabled as enabled2_15_4_, user6_.password as password3_15_4_, user6_.role as role4_15_4_, user7_.username as username1_15_5_, user7_.enabled as enabled2_15_5_, user7_.password as password3_15_5_, user7_.role as role4_15_5_, user8_.username as username1_15_6_, user8_.enabled as enabled2_15_6_, user8_.password as password3_15_6_, user8_.role as role4_15_6_, hospital9_.name as name1_4_7_, hospital9_.address as address2_4_7_, hospital9_.state as state3_4_7_, hospital9_.zip as zip4_4_7_, user10_.username as username1_15_8_, user10_.enabled as enabled2_15_8_, user10_.password as password3_15_8_, user10_.role as role4_15_8_, prescripti11_.prescriptions_id as prescrip8_14_14_, prescripti11_.id as id1_14_14_, prescripti11_.id as id1_14_9_, prescripti11_.dosage as dosage2_14_9_, prescripti11_.drug_id as drug_id6_14_9_, prescripti11_.endDate as endDate3_14_9_, prescripti11_.patient_id as patient_7_14_9_, prescripti11_.renewals as renewals4_14_9_, prescripti11_.startDate as startDat5_14_9_, drug12_.id as id1_3_10_, drug12_.code as code2_3_10_, drug12_.description as descript3_3_10_, drug12_.name as name4_3_10_, user13_.username as username1_15_11_, user13_.enabled as enabled2_15_11_, user13_.password as password3_15_11_, user13_.role as role4_15_11_ from OfficeVisits this_ left outer join AppointmentRequests appointmen2_ on this_.appointment_id=appointmen2_.id left outer join Users user3_ on appointmen2_.hcp_id=user3_.username left outer join Users user4_ on appointmen2_.patient_id=user4_.username left outer join BasicHealthMetrics basichealt5_ on this_.basichealthmetrics_id=basichealt5_.id left outer join Users user6_ on basichealt5_.hcp_id=user6_.username left outer join Users user7_ on basichealt5_.patient_id=user7_.username inner join Users user8_ on this_.hcp_id=user8_.username inner join Hospitals hospital9_ on this_.hospital_id=hospital9_.name inner join Users user10_ on this_.patient_id=user10_.username left outer join Prescriptions prescripti11_ on this_.id=prescripti11_.prescriptions_id left outer join Drugs drug12_ on prescripti11_.drug_id=drug12_.id left outer join Users user13_ on prescripti11_.patient_id=user13_.username where this_.id=?
00:42:17.322 [main] DEBUG o.h.e.l.i.CollectionLoadContext - No collections were found in result set for role: edu.ncsu.csc.itrust2.models.persistent.OfficeVisit.prescriptions
00:42:17.322 [main] DEBUG o.h.e.t.internal.TransactionImpl - committing
00:42:17.334 [main] DEBUG o.h.e.t.internal.TransactionImpl - begin
00:42:17.335 [main] DEBUG org.hibernate.SQL - select next_val as id_val from hibernate_sequence for update
Hibernate: select next_val as id_val from hibernate_sequence for update
00:42:17.335 [main] DEBUG org.hibernate.SQL - update hibernate_sequence set next_val= ? where next_val=?
Hibernate: update hibernate_sequence set next_val= ? where next_val=?
00:42:17.338 [main] DEBUG o.h.e.i.AbstractSaveEventListener - Generated identifier: 28, using strategy: org.hibernate.id.enhanced.SequenceStyleGenerator
00:42:17.349 [main] DEBUG org.hibernate.SQL - select user_.username, user_.enabled as enabled2_15_, user_.password as password3_15_, user_.role as role4_15_ from Users user_ where user_.username=?
Hibernate: select user_.username, user_.enabled as enabled2_15_, user_.password as password3_15_, user_.role as role4_15_ from Users user_ where user_.username=?
00:42:17.357 [main] DEBUG o.h.r.j.i.ResourceRegistryStandardImpl - HHH000387: ResultSet's statement was not registered
00:42:17.357 [main] DEBUG org.hibernate.SQL - select hospital_.name, hospital_.address as address2_4_, hospital_.state as state3_4_, hospital_.zip as zip4_4_ from Hospitals hospital_ where hospital_.name=?
Hibernate: select hospital_.name, hospital_.address as address2_4_, hospital_.state as state3_4_, hospital_.zip as zip4_4_ from Hospitals hospital_ where hospital_.name=?
00:42:17.358 [main] DEBUG o.h.r.j.i.ResourceRegistryStandardImpl - HHH000387: ResultSet's statement was not registered
00:42:17.358 [main] DEBUG org.hibernate.SQL - select user_.username, user_.enabled as enabled2_15_, user_.password as password3_15_, user_.role as role4_15_ from Users user_ where user_.username=?
Hibernate: select user_.username, user_.enabled as enabled2_15_, user_.password as password3_15_, user_.role as role4_15_ from Users user_ where user_.username=?
00:42:17.359 [main] DEBUG o.h.r.j.i.ResourceRegistryStandardImpl - HHH000387: ResultSet's statement was not registered
00:42:17.359 [main] DEBUG o.h.e.t.internal.TransactionImpl - committing
00:42:17.366 [main] DEBUG o.h.e.i.AbstractFlushingEventListener - Processing flush-time cascades
00:42:17.366 [main] DEBUG o.h.e.i.AbstractFlushingEventListener - Dirty checking collections
00:42:17.370 [main] DEBUG o.h.engine.internal.Collections - Collection found: [edu.ncsu.csc.itrust2.models.persistent.OfficeVisit.prescriptions#28], was: [<unreferenced>] (initialized)
00:42:17.371 [main] DEBUG o.h.e.i.AbstractFlushingEventListener - Flushed: 1 insertions, 0 updates, 0 deletions to 1 objects
00:42:17.371 [main] DEBUG o.h.e.i.AbstractFlushingEventListener - Flushed: 1 (re)creations, 0 updates, 0 removals to 1 collections
00:42:17.371 [main] DEBUG o.h.internal.util.EntityPrinter - Listing entities:
00:42:17.371 [main] DEBUG o.h.internal.util.EntityPrinter - edu.ncsu.csc.itrust2.models.persistent.OfficeVisit{date=java.util.GregorianCalendar[time=2470657800000,areFieldsSet=true,areAllFieldsSet=true,lenient=true,zone=sun.util.calendar.ZoneInfo[id="America/New_York",offset=-18000000,dstSavings=3600000,useDaylight=true,transitions=235,lastRule=java.util.SimpleTimeZone[id=America/New_York,offset=-18000000,dstSavings=3600000,useDaylight=true,startYear=0,startMode=3,startMonth=2,startDay=8,startDayOfWeek=1,startTime=7200000,startTimeMode=0,endMode=3,endMonth=10,endDay=1,endDayOfWeek=1,endTime=7200000,endTimeMode=0]],firstDayOfWeek=1,minimalDaysInFirstWeek=1,ERA=1,YEAR=2048,MONTH=3,WEEK_OF_YEAR=16,WEEK_OF_MONTH=3,DAY_OF_MONTH=16,DAY_OF_YEAR=107,DAY_OF_WEEK=5,DAY_OF_WEEK_IN_MONTH=3,AM_PM=0,HOUR=9,HOUR_OF_DAY=9,MINUTE=50,SECOND=0,MILLISECOND=0,ZONE_OFFSET=-18000000,DST_OFFSET=3600000], notes=Test office visit, hcp=edu.ncsu.csc.itrust2.models.persistent.User#hcp, patient=edu.ncsu.csc.itrust2.models.persistent.User#patient, basicHealthMetrics=edu.ncsu.csc.itrust2.models.persistent.BasicHealthMetrics#27, appointment=null, id=28, hospital=edu.ncsu.csc.itrust2.models.persistent.Hospital#iTrust Test Hospital 2, type=GENERAL_CHECKUP, prescriptions=[]}
00:42:17.373 [main] DEBUG org.hibernate.SQL - insert into OfficeVisits (appointment_id, basichealthmetrics_id, date, hcp_id, hospital_id, notes, patient_id, type, id) values (?, ?, ?, ?, ?, ?, ?, ?, ?)
Hibernate: insert into OfficeVisits (appointment_id, basichealthmetrics_id, date, hcp_id, hospital_id, notes, patient_id, type, id) values (?, ?, ?, ?, ?, ?, ?, ?, ?)
00:42:17.382 [main] DEBUG o.h.p.c.AbstractCollectionPersister - Inserting collection: [edu.ncsu.csc.itrust2.models.persistent.OfficeVisit.prescriptions#28]
00:42:17.382 [main] DEBUG o.h.p.c.AbstractCollectionPersister - Collection was empty
00:42:17.386 [main] DEBUG o.h.e.j.internal.JdbcCoordinatorImpl - HHH000420: Closing un-released batch
00:42:17.386 [main] DEBUG o.h.e.t.internal.TransactionImpl - begin
00:42:17.388 [main] DEBUG org.hibernate.SQL - select this_.id as id1_10_12_, this_.appointment_id as appointm5_10_12_, this_.basichealthmetrics_id as basichea6_10_12_, this_.date as date2_10_12_, this_.hcp_id as hcp_id7_10_12_, this_.hospital_id as hospital8_10_12_, this_.notes as notes3_10_12_, this_.patient_id as patient_9_10_12_, this_.type as type4_10_12_, appointmen2_.id as id1_0_0_, appointmen2_.comments as comments2_0_0_, appointmen2_.date as date3_0_0_, appointmen2_.hcp_id as hcp_id6_0_0_, appointmen2_.patient_id as patient_7_0_0_, appointmen2_.status as status4_0_0_, appointmen2_.type as type5_0_0_, user3_.username as username1_15_1_, user3_.enabled as enabled2_15_1_, user3_.password as password3_15_1_, user3_.role as role4_15_1_, user4_.username as username1_15_2_, user4_.enabled as enabled2_15_2_, user4_.password as password3_15_2_, user4_.role as role4_15_2_, basichealt5_.id as id1_1_3_, basichealt5_.diastolic as diastoli2_1_3_, basichealt5_.hcp_id as hcp_id12_1_3_, basichealt5_.hdl as hdl3_1_3_, basichealt5_.headCircumference as headCirc4_1_3_, basichealt5_.height as height5_1_3_, basichealt5_.houseSmokingStatus as houseSmo6_1_3_, basichealt5_.ldl as ldl7_1_3_, basichealt5_.patient_id as patient13_1_3_, basichealt5_.patientSmokingStatus as patientS8_1_3_, basichealt5_.systolic as systolic9_1_3_, basichealt5_.tri as tri10_1_3_, basichealt5_.weight as weight11_1_3_, user6_.username as username1_15_4_, user6_.enabled as enabled2_15_4_, user6_.password as password3_15_4_, user6_.role as role4_15_4_, user7_.username as username1_15_5_, user7_.enabled as enabled2_15_5_, user7_.password as password3_15_5_, user7_.role as role4_15_5_, user8_.username as username1_15_6_, user8_.enabled as enabled2_15_6_, user8_.password as password3_15_6_, user8_.role as role4_15_6_, hospital9_.name as name1_4_7_, hospital9_.address as address2_4_7_, hospital9_.state as state3_4_7_, hospital9_.zip as zip4_4_7_, user10_.username as username1_15_8_, user10_.enabled as enabled2_15_8_, user10_.password as password3_15_8_, user10_.role as role4_15_8_, prescripti11_.prescriptions_id as prescrip8_14_14_, prescripti11_.id as id1_14_14_, prescripti11_.id as id1_14_9_, prescripti11_.dosage as dosage2_14_9_, prescripti11_.drug_id as drug_id6_14_9_, prescripti11_.endDate as endDate3_14_9_, prescripti11_.patient_id as patient_7_14_9_, prescripti11_.renewals as renewals4_14_9_, prescripti11_.startDate as startDat5_14_9_, drug12_.id as id1_3_10_, drug12_.code as code2_3_10_, drug12_.description as descript3_3_10_, drug12_.name as name4_3_10_, user13_.username as username1_15_11_, user13_.enabled as enabled2_15_11_, user13_.password as password3_15_11_, user13_.role as role4_15_11_ from OfficeVisits this_ left outer join AppointmentRequests appointmen2_ on this_.appointment_id=appointmen2_.id left outer join Users user3_ on appointmen2_.hcp_id=user3_.username left outer join Users user4_ on appointmen2_.patient_id=user4_.username left outer join BasicHealthMetrics basichealt5_ on this_.basichealthmetrics_id=basichealt5_.id left outer join Users user6_ on basichealt5_.hcp_id=user6_.username left outer join Users user7_ on basichealt5_.patient_id=user7_.username inner join Users user8_ on this_.hcp_id=user8_.username inner join Hospitals hospital9_ on this_.hospital_id=hospital9_.name inner join Users user10_ on this_.patient_id=user10_.username left outer join Prescriptions prescripti11_ on this_.id=prescripti11_.prescriptions_id left outer join Drugs drug12_ on prescripti11_.drug_id=drug12_.id left outer join Users user13_ on prescripti11_.patient_id=user13_.username where this_.id=?
Hibernate: select this_.id as id1_10_12_, this_.appointment_id as appointm5_10_12_, this_.basichealthmetrics_id as basichea6_10_12_, this_.date as date2_10_12_, this_.hcp_id as hcp_id7_10_12_, this_.hospital_id as hospital8_10_12_, this_.notes as notes3_10_12_, this_.patient_id as patient_9_10_12_, this_.type as type4_10_12_, appointmen2_.id as id1_0_0_, appointmen2_.comments as comments2_0_0_, appointmen2_.date as date3_0_0_, appointmen2_.hcp_id as hcp_id6_0_0_, appointmen2_.patient_id as patient_7_0_0_, appointmen2_.status as status4_0_0_, appointmen2_.type as type5_0_0_, user3_.username as username1_15_1_, user3_.enabled as enabled2_15_1_, user3_.password as password3_15_1_, user3_.role as role4_15_1_, user4_.username as username1_15_2_, user4_.enabled as enabled2_15_2_, user4_.password as password3_15_2_, user4_.role as role4_15_2_, basichealt5_.id as id1_1_3_, basichealt5_.diastolic as diastoli2_1_3_, basichealt5_.hcp_id as hcp_id12_1_3_, basichealt5_.hdl as hdl3_1_3_, basichealt5_.headCircumference as headCirc4_1_3_, basichealt5_.height as height5_1_3_, basichealt5_.houseSmokingStatus as houseSmo6_1_3_, basichealt5_.ldl as ldl7_1_3_, basichealt5_.patient_id as patient13_1_3_, basichealt5_.patientSmokingStatus as patientS8_1_3_, basichealt5_.systolic as systolic9_1_3_, basichealt5_.tri as tri10_1_3_, basichealt5_.weight as weight11_1_3_, user6_.username as username1_15_4_, user6_.enabled as enabled2_15_4_, user6_.password as password3_15_4_, user6_.role as role4_15_4_, user7_.username as username1_15_5_, user7_.enabled as enabled2_15_5_, user7_.password as password3_15_5_, user7_.role as role4_15_5_, user8_.username as username1_15_6_, user8_.enabled as enabled2_15_6_, user8_.password as password3_15_6_, user8_.role as role4_15_6_, hospital9_.name as name1_4_7_, hospital9_.address as address2_4_7_, hospital9_.state as state3_4_7_, hospital9_.zip as zip4_4_7_, user10_.username as username1_15_8_, user10_.enabled as enabled2_15_8_, user10_.password as password3_15_8_, user10_.role as role4_15_8_, prescripti11_.prescriptions_id as prescrip8_14_14_, prescripti11_.id as id1_14_14_, prescripti11_.id as id1_14_9_, prescripti11_.dosage as dosage2_14_9_, prescripti11_.drug_id as drug_id6_14_9_, prescripti11_.endDate as endDate3_14_9_, prescripti11_.patient_id as patient_7_14_9_, prescripti11_.renewals as renewals4_14_9_, prescripti11_.startDate as startDat5_14_9_, drug12_.id as id1_3_10_, drug12_.code as code2_3_10_, drug12_.description as descript3_3_10_, drug12_.name as name4_3_10_, user13_.username as username1_15_11_, user13_.enabled as enabled2_15_11_, user13_.password as password3_15_11_, user13_.role as role4_15_11_ from OfficeVisits this_ left outer join AppointmentRequests appointmen2_ on this_.appointment_id=appointmen2_.id left outer join Users user3_ on appointmen2_.hcp_id=user3_.username left outer join Users user4_ on appointmen2_.patient_id=user4_.username left outer join BasicHealthMetrics basichealt5_ on this_.basichealthmetrics_id=basichealt5_.id left outer join Users user6_ on basichealt5_.hcp_id=user6_.username left outer join Users user7_ on basichealt5_.patient_id=user7_.username inner join Users user8_ on this_.hcp_id=user8_.username inner join Hospitals hospital9_ on this_.hospital_id=hospital9_.name inner join Users user10_ on this_.patient_id=user10_.username left outer join Prescriptions prescripti11_ on this_.id=prescripti11_.prescriptions_id left outer join Drugs drug12_ on prescripti11_.drug_id=drug12_.id left outer join Users user13_ on prescripti11_.patient_id=user13_.username where this_.id=?
00:42:17.390 [main] DEBUG org.hibernate.loader.Loader - Result set row: 0
00:42:17.390 [main] DEBUG org.hibernate.loader.Loader - Result row: null, null, null, EntityKey[edu.ncsu.csc.itrust2.models.persistent.BasicHealthMetrics#27], EntityKey[edu.ncsu.csc.itrust2.models.persistent.User#hcp], EntityKey[edu.ncsu.csc.itrust2.models.persistent.User#patient], EntityKey[edu.ncsu.csc.itrust2.models.persistent.User#hcp], EntityKey[edu.ncsu.csc.itrust2.models.persistent.Hospital#iTrust Test Hospital 2], EntityKey[edu.ncsu.csc.itrust2.models.persistent.User#patient], null, null, null, EntityKey[edu.ncsu.csc.itrust2.models.persistent.OfficeVisit#28]
00:42:17.393 [main] DEBUG org.hibernate.loader.Loader - Result set contains (possibly empty) collection: [edu.ncsu.csc.itrust2.models.persistent.OfficeVisit.prescriptions#28]
00:42:17.396 [main] DEBUG o.h.engine.internal.TwoPhaseLoad - Resolving associations for [edu.ncsu.csc.itrust2.models.persistent.BasicHealthMetrics#27]
00:42:17.406 [main] DEBUG o.h.engine.internal.TwoPhaseLoad - Done materializing entity [edu.ncsu.csc.itrust2.models.persistent.BasicHealthMetrics#27]
00:42:17.406 [main] DEBUG o.h.engine.internal.TwoPhaseLoad - Resolving associations for [edu.ncsu.csc.itrust2.models.persistent.User#hcp]
00:42:17.406 [main] DEBUG o.h.engine.internal.TwoPhaseLoad - Done materializing entity [edu.ncsu.csc.itrust2.models.persistent.User#hcp]
00:42:17.406 [main] DEBUG o.h.engine.internal.TwoPhaseLoad - Resolving associations for [edu.ncsu.csc.itrust2.models.persistent.User#patient]
00:42:17.406 [main] DEBUG o.h.engine.internal.TwoPhaseLoad - Done materializing entity [edu.ncsu.csc.itrust2.models.persistent.User#patient]
00:42:17.406 [main] DEBUG o.h.engine.internal.TwoPhaseLoad - Resolving associations for [edu.ncsu.csc.itrust2.models.persistent.Hospital#iTrust Test Hospital 2]
00:42:17.406 [main] DEBUG o.h.engine.internal.TwoPhaseLoad - Done materializing entity [edu.ncsu.csc.itrust2.models.persistent.Hospital#iTrust Test Hospital 2]
00:42:17.407 [main] DEBUG o.h.engine.internal.TwoPhaseLoad - Resolving associations for [edu.ncsu.csc.itrust2.models.persistent.OfficeVisit#28]
00:42:17.407 [main] DEBUG o.h.engine.internal.TwoPhaseLoad - Done materializing entity [edu.ncsu.csc.itrust2.models.persistent.OfficeVisit#28]
00:42:17.407 [main] DEBUG o.h.e.l.i.CollectionLoadContext - 1 collections were found in result set for role: edu.ncsu.csc.itrust2.models.persistent.OfficeVisit.prescriptions
00:42:17.407 [main] DEBUG o.h.e.l.i.CollectionLoadContext - Collection fully initialized: [edu.ncsu.csc.itrust2.models.persistent.OfficeVisit.prescriptions#28]
00:42:17.408 [main] DEBUG o.h.e.l.i.CollectionLoadContext - 1 collections initialized for role: edu.ncsu.csc.itrust2.models.persistent.OfficeVisit.prescriptions
00:42:17.408 [main] DEBUG o.h.e.t.internal.TransactionImpl - committing
00:42:17.408 [main] DEBUG o.h.e.i.AbstractFlushingEventListener - Processing flush-time cascades
00:42:17.408 [main] DEBUG o.h.e.i.AbstractFlushingEventListener - Dirty checking collections
00:42:17.408 [main] DEBUG o.h.engine.internal.Collections - Collection found: [edu.ncsu.csc.itrust2.models.persistent.OfficeVisit.prescriptions#28], was: [edu.ncsu.csc.itrust2.models.persistent.OfficeVisit.prescriptions#28] (initialized)
00:42:17.409 [main] DEBUG o.h.e.i.AbstractFlushingEventListener - Flushed: 0 insertions, 0 updates, 0 deletions to 5 objects
00:42:17.409 [main] DEBUG o.h.e.i.AbstractFlushingEventListener - Flushed: 0 (re)creations, 0 updates, 0 removals to 1 collections
00:42:17.409 [main] DEBUG o.h.internal.util.EntityPrinter - Listing entities:
00:42:17.409 [main] DEBUG o.h.internal.util.EntityPrinter - edu.ncsu.csc.itrust2.models.persistent.BasicHealthMetrics{patientSmokingStatus=2, headCircumference=null, weight=1.0, tri=100, hdl=1, diastolic=1, systolic=1, hcp=edu.ncsu.csc.itrust2.models.persistent.User#hcp, ldl=1, houseSmokingStatus=1, patient=edu.ncsu.csc.itrust2.models.persistent.User#patient, id=27, height=1.0}
00:42:17.409 [main] DEBUG o.h.internal.util.EntityPrinter - edu.ncsu.csc.itrust2.models.persistent.User{password=$2a$10$Skc0u4Txm.NmOsymblU82ubxU.UgUxYgXdyJnvUEi4x1sJFVFpPi2, role=ROLE_PATIENT, enabled=1, username=patient}
00:42:17.409 [main] DEBUG o.h.internal.util.EntityPrinter - edu.ncsu.csc.itrust2.models.persistent.OfficeVisit{date=java.util.GregorianCalendar[time=2470657800000,areFieldsSet=true,areAllFieldsSet=true,lenient=true,zone=sun.util.calendar.ZoneInfo[id="America/New_York",offset=-18000000,dstSavings=3600000,useDaylight=true,transitions=235,lastRule=java.util.SimpleTimeZone[id=America/New_York,offset=-18000000,dstSavings=3600000,useDaylight=true,startYear=0,startMode=3,startMonth=2,startDay=8,startDayOfWeek=1,startTime=7200000,startTimeMode=0,endMode=3,endMonth=10,endDay=1,endDayOfWeek=1,endTime=7200000,endTimeMode=0]],firstDayOfWeek=1,minimalDaysInFirstWeek=1,ERA=1,YEAR=2048,MONTH=3,WEEK_OF_YEAR=16,WEEK_OF_MONTH=3,DAY_OF_MONTH=16,DAY_OF_YEAR=107,DAY_OF_WEEK=5,DAY_OF_WEEK_IN_MONTH=3,AM_PM=0,HOUR=9,HOUR_OF_DAY=9,MINUTE=50,SECOND=0,MILLISECOND=0,ZONE_OFFSET=-18000000,DST_OFFSET=3600000], notes=Test office visit, hcp=edu.ncsu.csc.itrust2.models.persistent.User#hcp, patient=edu.ncsu.csc.itrust2.models.persistent.User#patient, basicHealthMetrics=edu.ncsu.csc.itrust2.models.persistent.BasicHealthMetrics#27, appointment=null, id=28, hospital=edu.ncsu.csc.itrust2.models.persistent.Hospital#iTrust Test Hospital 2, type=GENERAL_CHECKUP, prescriptions=[]}
00:42:17.409 [main] DEBUG o.h.internal.util.EntityPrinter - edu.ncsu.csc.itrust2.models.persistent.User{password=$2a$10$CtPOtdAqnNwxw2oEYlSNSOurnF03UP7NwGnIk0BfDslw64XUUv.K2, role=ROLE_HCP, enabled=1, username=hcp}
00:42:17.409 [main] DEBUG o.h.internal.util.EntityPrinter - edu.ncsu.csc.itrust2.models.persistent.Hospital{zip=27607, address=1 iTrust Test Street, name=iTrust Test Hospital 2, state=NC}
00:42:17.410 [main] DEBUG o.h.e.t.internal.TransactionImpl - begin
00:42:17.420 [main] DEBUG org.hibernate.SQL - select this_.id as id1_2_8_, this_.code_id as code_id3_2_8_, this_.note as note2_2_8_, this_.visit_id as visit_id4_2_8_, icdcode2_.id as id1_5_0_, icdcode2_.code as code2_5_0_, icdcode2_.description as descript3_5_0_, officevisi3_.id as id1_10_1_, officevisi3_.appointment_id as appointm5_10_1_, officevisi3_.basichealthmetrics_id as basichea6_10_1_, officevisi3_.date as date2_10_1_, officevisi3_.hcp_id as hcp_id7_10_1_, officevisi3_.hospital_id as hospital8_10_1_, officevisi3_.notes as notes3_10_1_, officevisi3_.patient_id as patient_9_10_1_, officevisi3_.type as type4_10_1_, appointmen4_.id as id1_0_2_, appointmen4_.comments as comments2_0_2_, appointmen4_.date as date3_0_2_, appointmen4_.hcp_id as hcp_id6_0_2_, appointmen4_.patient_id as patient_7_0_2_, appointmen4_.status as status4_0_2_, appointmen4_.type as type5_0_2_, basichealt5_.id as id1_1_3_, basichealt5_.diastolic as diastoli2_1_3_, basichealt5_.hcp_id as hcp_id12_1_3_, basichealt5_.hdl as hdl3_1_3_, basichealt5_.headCircumference as headCirc4_1_3_, basichealt5_.height as height5_1_3_, basichealt5_.houseSmokingStatus as houseSmo6_1_3_, basichealt5_.ldl as ldl7_1_3_, basichealt5_.patient_id as patient13_1_3_, basichealt5_.patientSmokingStatus as patientS8_1_3_, basichealt5_.systolic as systolic9_1_3_, basichealt5_.tri as tri10_1_3_, basichealt5_.weight as weight11_1_3_, user6_.username as username1_15_4_, user6_.enabled as enabled2_15_4_, user6_.password as password3_15_4_, user6_.role as role4_15_4_, hospital7_.name as name1_4_5_, hospital7_.address as address2_4_5_, hospital7_.state as state3_4_5_, hospital7_.zip as zip4_4_5_, user8_.username as username1_15_6_, user8_.enabled as enabled2_15_6_, user8_.password as password3_15_6_, user8_.role as role4_15_6_, prescripti9_.prescriptions_id as prescrip8_14_10_, prescripti9_.id as id1_14_10_, prescripti9_.id as id1_14_7_, prescripti9_.dosage as dosage2_14_7_, prescripti9_.drug_id as drug_id6_14_7_, prescripti9_.endDate as endDate3_14_7_, prescripti9_.patient_id as patient_7_14_7_, prescripti9_.renewals as renewals4_14_7_, prescripti9_.startDate as startDat5_14_7_ from Diagnoses this_ inner join ICDCodes icdcode2_ on this_.code_id=icdcode2_.id inner join OfficeVisits officevisi3_ on this_.visit_id=officevisi3_.id left outer join AppointmentRequests appointmen4_ on officevisi3_.appointment_id=appointmen4_.id left outer join BasicHealthMetrics basichealt5_ on officevisi3_.basichealthmetrics_id=basichealt5_.id left outer join Users user6_ on officevisi3_.hcp_id=user6_.username left outer join Hospitals hospital7_ on officevisi3_.hospital_id=hospital7_.name left outer join Users user8_ on officevisi3_.patient_id=user8_.username left outer join Prescriptions prescripti9_ on officevisi3_.id=prescripti9_.prescriptions_id where this_.visit_id=?
Hibernate: select this_.id as id1_2_8_, this_.code_id as code_id3_2_8_, this_.note as note2_2_8_, this_.visit_id as visit_id4_2_8_, icdcode2_.id as id1_5_0_, icdcode2_.code as code2_5_0_, icdcode2_.description as descript3_5_0_, officevisi3_.id as id1_10_1_, officevisi3_.appointment_id as appointm5_10_1_, officevisi3_.basichealthmetrics_id as basichea6_10_1_, officevisi3_.date as date2_10_1_, officevisi3_.hcp_id as hcp_id7_10_1_, officevisi3_.hospital_id as hospital8_10_1_, officevisi3_.notes as notes3_10_1_, officevisi3_.patient_id as patient_9_10_1_, officevisi3_.type as type4_10_1_, appointmen4_.id as id1_0_2_, appointmen4_.comments as comments2_0_2_, appointmen4_.date as date3_0_2_, appointmen4_.hcp_id as hcp_id6_0_2_, appointmen4_.patient_id as patient_7_0_2_, appointmen4_.status as status4_0_2_, appointmen4_.type as type5_0_2_, basichealt5_.id as id1_1_3_, basichealt5_.diastolic as diastoli2_1_3_, basichealt5_.hcp_id as hcp_id12_1_3_, basichealt5_.hdl as hdl3_1_3_, basichealt5_.headCircumference as headCirc4_1_3_, basichealt5_.height as height5_1_3_, basichealt5_.houseSmokingStatus as houseSmo6_1_3_, basichealt5_.ldl as ldl7_1_3_, basichealt5_.patient_id as patient13_1_3_, basichealt5_.patientSmokingStatus as patientS8_1_3_, basichealt5_.systolic as systolic9_1_3_, basichealt5_.tri as tri10_1_3_, basichealt5_.weight as weight11_1_3_, user6_.username as username1_15_4_, user6_.enabled as enabled2_15_4_, user6_.password as password3_15_4_, user6_.role as role4_15_4_, hospital7_.name as name1_4_5_, hospital7_.address as address2_4_5_, hospital7_.state as state3_4_5_, hospital7_.zip as zip4_4_5_, user8_.username as username1_15_6_, user8_.enabled as enabled2_15_6_, user8_.password as password3_15_6_, user8_.role as role4_15_6_, prescripti9_.prescriptions_id as prescrip8_14_10_, prescripti9_.id as id1_14_10_, prescripti9_.id as id1_14_7_, prescripti9_.dosage as dosage2_14_7_, prescripti9_.drug_id as drug_id6_14_7_, prescripti9_.endDate as endDate3_14_7_, prescripti9_.patient_id as patient_7_14_7_, prescripti9_.renewals as renewals4_14_7_, prescripti9_.startDate as startDat5_14_7_ from Diagnoses this_ inner join ICDCodes icdcode2_ on this_.code_id=icdcode2_.id inner join OfficeVisits officevisi3_ on this_.visit_id=officevisi3_.id left outer join AppointmentRequests appointmen4_ on officevisi3_.appointment_id=appointmen4_.id left outer join BasicHealthMetrics basichealt5_ on officevisi3_.basichealthmetrics_id=basichealt5_.id left outer join Users user6_ on officevisi3_.hcp_id=user6_.username left outer join Hospitals hospital7_ on officevisi3_.hospital_id=hospital7_.name left outer join Users user8_ on officevisi3_.patient_id=user8_.username left outer join Prescriptions prescripti9_ on officevisi3_.id=prescripti9_.prescriptions_id where this_.visit_id=?
00:42:17.421 [main] DEBUG o.h.e.l.i.CollectionLoadContext - No collections were found in result set for role: edu.ncsu.csc.itrust2.models.persistent.OfficeVisit.prescriptions
00:42:17.421 [main] DEBUG o.h.e.t.internal.TransactionImpl - committing
00:42:17.423 [main] DEBUG o.h.e.t.internal.TransactionImpl - begin
00:42:17.423 [main] DEBUG org.hibernate.SQL - select next_val as id_val from hibernate_sequence for update
Hibernate: select next_val as id_val from hibernate_sequence for update
00:42:17.424 [main] DEBUG org.hibernate.SQL - update hibernate_sequence set next_val= ? where next_val=?
Hibernate: update hibernate_sequence set next_val= ? where next_val=?
00:42:17.427 [main] DEBUG o.h.e.i.AbstractSaveEventListener - Generated identifier: 29, using strategy: org.hibernate.id.enhanced.SequenceStyleGenerator
00:42:17.428 [main] DEBUG o.h.e.t.internal.TransactionImpl - committing
00:42:17.428 [main] DEBUG o.h.e.i.AbstractFlushingEventListener - Processing flush-time cascades
00:42:17.428 [main] DEBUG o.h.e.i.AbstractFlushingEventListener - Dirty checking collections
00:42:17.428 [main] DEBUG o.h.e.i.AbstractFlushingEventListener - Flushed: 1 insertions, 0 updates, 0 deletions to 1 objects
00:42:17.428 [main] DEBUG o.h.e.i.AbstractFlushingEventListener - Flushed: 0 (re)creations, 0 updates, 0 removals to 0 collections
00:42:17.428 [main] DEBUG o.h.internal.util.EntityPrinter - Listing entities:
00:42:17.428 [main] DEBUG o.h.internal.util.EntityPrinter - edu.ncsu.csc.itrust2.models.persistent.LogEntry{secondaryUser=patient, logCode=39, primaryUser=hcp, id=29, time=java.util.GregorianCalendar[time=1521693737423,areFieldsSet=true,areAllFieldsSet=true,lenient=true,zone=sun.util.calendar.ZoneInfo[id="America/New_York",offset=-18000000,dstSavings=3600000,useDaylight=true,transitions=235,lastRule=java.util.SimpleTimeZone[id=America/New_York,offset=-18000000,dstSavings=3600000,useDaylight=true,startYear=0,startMode=3,startMonth=2,startDay=8,startDayOfWeek=1,startTime=7200000,startTimeMode=0,endMode=3,endMonth=10,endDay=1,endDayOfWeek=1,endTime=7200000,endTimeMode=0]],firstDayOfWeek=1,minimalDaysInFirstWeek=1,ERA=1,YEAR=2018,MONTH=2,WEEK_OF_YEAR=12,WEEK_OF_MONTH=4,DAY_OF_MONTH=22,DAY_OF_YEAR=81,DAY_OF_WEEK=5,DAY_OF_WEEK_IN_MONTH=4,AM_PM=0,HOUR=0,HOUR_OF_DAY=0,MINUTE=42,SECOND=17,MILLISECOND=423,ZONE_OFFSET=-18000000,DST_OFFSET=3600000], message=edu.ncsu.csc.itrust2.models.persistent.User@2d576633 created a diagnosis for edu.ncsu.csc.itrust2.models.persistent.User@ed929501}
00:42:17.429 [main] DEBUG org.hibernate.SQL - insert into LogEntries (logCode, message, primaryUser, secondaryUser, time, id) values (?, ?, ?, ?, ?, ?)
Hibernate: insert into LogEntries (logCode, message, primaryUser, secondaryUser, time, id) values (?, ?, ?, ?, ?, ?)
00:42:17.431 [main] DEBUG o.h.e.j.internal.JdbcCoordinatorImpl - HHH000420: Closing un-released batch
00:42:17.432 [main] DEBUG o.h.e.t.internal.TransactionImpl - begin
00:42:17.432 [main] DEBUG org.hibernate.SQL - select next_val as id_val from hibernate_sequence for update
Hibernate: select next_val as id_val from hibernate_sequence for update
00:42:17.433 [main] DEBUG org.hibernate.SQL - update hibernate_sequence set next_val= ? where next_val=?
Hibernate: update hibernate_sequence set next_val= ? where next_val=?
00:42:17.435 [main] DEBUG o.h.e.i.AbstractSaveEventListener - Generated identifier: 30, using strategy: org.hibernate.id.enhanced.SequenceStyleGenerator
00:42:17.436 [main] DEBUG o.h.e.t.internal.TransactionImpl - committing
00:42:17.436 [main] DEBUG o.h.e.i.AbstractFlushingEventListener - Processing flush-time cascades
00:42:17.436 [main] DEBUG o.h.e.i.AbstractFlushingEventListener - Dirty checking collections
00:42:17.436 [main] DEBUG o.h.e.i.AbstractFlushingEventListener - Flushed: 1 insertions, 0 updates, 0 deletions to 1 objects
00:42:17.436 [main] DEBUG o.h.e.i.AbstractFlushingEventListener - Flushed: 0 (re)creations, 0 updates, 0 removals to 0 collections
00:42:17.436 [main] DEBUG o.h.internal.util.EntityPrinter - Listing entities:
00:42:17.436 [main] DEBUG o.h.internal.util.EntityPrinter - edu.ncsu.csc.itrust2.models.persistent.Diagnosis{note=Test diagnosis, code=edu.ncsu.csc.itrust2.models.persistent.ICDCode#22, id=30, visit=edu.ncsu.csc.itrust2.models.persistent.OfficeVisit#28}
00:42:17.437 [main] DEBUG org.hibernate.SQL - insert into Diagnoses (code_id, note, visit_id, id) values (?, ?, ?, ?)
Hibernate: insert into Diagnoses (code_id, note, visit_id, id) values (?, ?, ?, ?)
00:42:17.439 [main] DEBUG o.h.e.j.internal.JdbcCoordinatorImpl - HHH000420: Closing un-released batch
00:42:17.440 [main] DEBUG o.h.e.t.internal.TransactionImpl - begin
00:42:17.440 [main] DEBUG org.hibernate.SQL - select next_val as id_val from hibernate_sequence for update
Hibernate: select next_val as id_val from hibernate_sequence for update
00:42:17.441 [main] DEBUG org.hibernate.SQL - update hibernate_sequence set next_val= ? where next_val=?
Hibernate: update hibernate_sequence set next_val= ? where next_val=?
00:42:17.443 [main] DEBUG o.h.e.i.AbstractSaveEventListener - Generated identifier: 31, using strategy: org.hibernate.id.enhanced.SequenceStyleGenerator
00:42:17.443 [main] DEBUG o.h.e.t.internal.TransactionImpl - committing
00:42:17.443 [main] DEBUG o.h.e.i.AbstractFlushingEventListener - Processing flush-time cascades
00:42:17.444 [main] DEBUG o.h.e.i.AbstractFlushingEventListener - Dirty checking collections
00:42:17.444 [main] DEBUG o.h.e.i.AbstractFlushingEventListener - Flushed: 1 insertions, 0 updates, 0 deletions to 1 objects
00:42:17.444 [main] DEBUG o.h.e.i.AbstractFlushingEventListener - Flushed: 0 (re)creations, 0 updates, 0 removals to 0 collections
00:42:17.444 [main] DEBUG o.h.internal.util.EntityPrinter - Listing entities:
00:42:17.444 [main] DEBUG o.h.internal.util.EntityPrinter - edu.ncsu.csc.itrust2.models.persistent.LogEntry{secondaryUser=patient, logCode=39, primaryUser=hcp, id=31, time=java.util.GregorianCalendar[time=1521693737440,areFieldsSet=true,areAllFieldsSet=true,lenient=true,zone=sun.util.calendar.ZoneInfo[id="America/New_York",offset=-18000000,dstSavings=3600000,useDaylight=true,transitions=235,lastRule=java.util.SimpleTimeZone[id=America/New_York,offset=-18000000,dstSavings=3600000,useDaylight=true,startYear=0,startMode=3,startMonth=2,startDay=8,startDayOfWeek=1,startTime=7200000,startTimeMode=0,endMode=3,endMonth=10,endDay=1,endDayOfWeek=1,endTime=7200000,endTimeMode=0]],firstDayOfWeek=1,minimalDaysInFirstWeek=1,ERA=1,YEAR=2018,MONTH=2,WEEK_OF_YEAR=12,WEEK_OF_MONTH=4,DAY_OF_MONTH=22,DAY_OF_YEAR=81,DAY_OF_WEEK=5,DAY_OF_WEEK_IN_MONTH=4,AM_PM=0,HOUR=0,HOUR_OF_DAY=0,MINUTE=42,SECOND=17,MILLISECOND=440,ZONE_OFFSET=-18000000,DST_OFFSET=3600000], message=edu.ncsu.csc.itrust2.models.persistent.User@2d576633 created a diagnosis for edu.ncsu.csc.itrust2.models.persistent.User@ed929501}
00:42:17.445 [main] DEBUG org.hibernate.SQL - insert into LogEntries (logCode, message, primaryUser, secondaryUser, time, id) values (?, ?, ?, ?, ?, ?)
Hibernate: insert into LogEntries (logCode, message, primaryUser, secondaryUser, time, id) values (?, ?, ?, ?, ?, ?)
00:42:17.448 [main] DEBUG o.h.e.j.internal.JdbcCoordinatorImpl - HHH000420: Closing un-released batch
00:42:17.448 [main] DEBUG o.h.e.t.internal.TransactionImpl - begin
00:42:17.448 [main] DEBUG org.hibernate.SQL - select next_val as id_val from hibernate_sequence for update
Hibernate: select next_val as id_val from hibernate_sequence for update
00:42:17.449 [main] DEBUG org.hibernate.SQL - update hibernate_sequence set next_val= ? where next_val=?
Hibernate: update hibernate_sequence set next_val= ? where next_val=?
00:42:17.452 [main] DEBUG o.h.e.i.AbstractSaveEventListener - Generated identifier: 32, using strategy: org.hibernate.id.enhanced.SequenceStyleGenerator
00:42:17.452 [main] DEBUG o.h.e.t.internal.TransactionImpl - committing
00:42:17.453 [main] DEBUG o.h.e.i.AbstractFlushingEventListener - Processing flush-time cascades
00:42:17.453 [main] DEBUG o.h.e.i.AbstractFlushingEventListener - Dirty checking collections
00:42:17.453 [main] DEBUG o.h.e.i.AbstractFlushingEventListener - Flushed: 1 insertions, 0 updates, 0 deletions to 1 objects
00:42:17.453 [main] DEBUG o.h.e.i.AbstractFlushingEventListener - Flushed: 0 (re)creations, 0 updates, 0 removals to 0 collections
00:42:17.453 [main] DEBUG o.h.internal.util.EntityPrinter - Listing entities:
00:42:17.453 [main] DEBUG o.h.internal.util.EntityPrinter - edu.ncsu.csc.itrust2.models.persistent.Diagnosis{note=Second Diagnosis, code=edu.ncsu.csc.itrust2.models.persistent.ICDCode#24, id=32, visit=edu.ncsu.csc.itrust2.models.persistent.OfficeVisit#28}
00:42:17.454 [main] DEBUG org.hibernate.SQL - insert into Diagnoses (code_id, note, visit_id, id) values (?, ?, ?, ?)
Hibernate: insert into Diagnoses (code_id, note, visit_id, id) values (?, ?, ?, ?)
00:42:17.460 [main] DEBUG o.h.e.j.internal.JdbcCoordinatorImpl - HHH000420: Closing un-released batch
00:42:17.460 [main] DEBUG o.h.e.t.internal.TransactionImpl - begin
00:42:17.461 [main] DEBUG org.hibernate.SQL - select next_val as id_val from hibernate_sequence for update
Hibernate: select next_val as id_val from hibernate_sequence for update
00:42:17.461 [main] DEBUG org.hibernate.SQL - update hibernate_sequence set next_val= ? where next_val=?
Hibernate: update hibernate_sequence set next_val= ? where next_val=?
00:42:17.464 [main] DEBUG o.h.e.i.AbstractSaveEventListener - Generated identifier: 33, using strategy: org.hibernate.id.enhanced.SequenceStyleGenerator
00:42:17.464 [main] DEBUG o.h.e.t.internal.TransactionImpl - committing
00:42:17.465 [main] DEBUG o.h.e.i.AbstractFlushingEventListener - Processing flush-time cascades
00:42:17.465 [main] DEBUG o.h.e.i.AbstractFlushingEventListener - Dirty checking collections
00:42:17.465 [main] DEBUG o.h.e.i.AbstractFlushingEventListener - Flushed: 1 insertions, 0 updates, 0 deletions to 1 objects
00:42:17.465 [main] DEBUG o.h.e.i.AbstractFlushingEventListener - Flushed: 0 (re)creations, 0 updates, 0 removals to 0 collections
00:42:17.465 [main] DEBUG o.h.internal.util.EntityPrinter - Listing entities:
00:42:17.465 [main] DEBUG o.h.internal.util.EntityPrinter - edu.ncsu.csc.itrust2.models.persistent.LogEntry{secondaryUser=null, logCode=26, primaryUser=admin, id=33, time=java.util.GregorianCalendar[time=1521693737460,areFieldsSet=true,areAllFieldsSet=true,lenient=true,zone=sun.util.calendar.ZoneInfo[id="America/New_York",offset=-18000000,dstSavings=3600000,useDaylight=true,transitions=235,lastRule=java.util.SimpleTimeZone[id=America/New_York,offset=-18000000,dstSavings=3600000,useDaylight=true,startYear=0,startMode=3,startMonth=2,startDay=8,startDayOfWeek=1,startTime=7200000,startTimeMode=0,endMode=3,endMonth=10,endDay=1,endDayOfWeek=1,endTime=7200000,endTimeMode=0]],firstDayOfWeek=1,minimalDaysInFirstWeek=1,ERA=1,YEAR=2018,MONTH=2,WEEK_OF_YEAR=12,WEEK_OF_MONTH=4,DAY_OF_MONTH=22,DAY_OF_YEAR=81,DAY_OF_WEEK=5,DAY_OF_WEEK_IN_MONTH=4,AM_PM=0,HOUR=0,HOUR_OF_DAY=0,MINUTE=42,SECOND=17,MILLISECOND=460,ZONE_OFFSET=-18000000,DST_OFFSET=3600000], message=patient}
00:42:17.467 [main] DEBUG org.hibernate.SQL - insert into LogEntries (logCode, message, primaryUser, secondaryUser, time, id) values (?, ?, ?, ?, ?, ?)
Hibernate: insert into LogEntries (logCode, message, primaryUser, secondaryUser, time, id) values (?, ?, ?, ?, ?, ?)
00:42:17.472 [main] DEBUG o.h.e.j.internal.JdbcCoordinatorImpl - HHH000420: Closing un-released batch
00:42:17.474 [main] DEBUG o.s.w.s.m.m.a.HttpEntityMethodProcessor - Written [edu.ncsu.csc.itrust2.models.persistent.OfficeVisit@777c6618] as "application/json" using [org.springframework.http.converter.json.GsonHttpMessageConverter@6b3cbda]
00:42:17.474 [main] DEBUG o.s.t.w.s.TestDispatcherServlet - Null ModelAndView returned to DispatcherServlet with name '': assuming HandlerAdapter completed request handling
00:42:17.482 [main] DEBUG o.s.t.w.s.TestDispatcherServlet - Successfully completed request
00:42:17.489 [main] DEBUG o.s.t.w.s.TestDispatcherServlet - DispatcherServlet with name '' processing GET request for [/api/v1/diagnosesforvisit/28]
00:42:17.490 [main] DEBUG o.s.w.s.m.m.a.RequestMappingHandlerMapping - Looking up handler method for path /api/v1/diagnosesforvisit/28
00:42:17.491 [main] DEBUG o.s.w.s.m.m.a.RequestMappingHandlerMapping - Returning handler method [public java.util.List<edu.ncsu.csc.itrust2.models.persistent.Diagnosis> edu.ncsu.csc.itrust2.controllers.api.APIDiagnosisController.getDiagnosesForVisit(java.lang.Long)]
00:42:17.491 [main] DEBUG o.s.b.f.s.DefaultListableBeanFactory - Returning cached instance of singleton bean 'APIDiagnosisController'
00:42:17.491 [main] DEBUG o.s.t.w.s.TestDispatcherServlet - Last-Modified value for [/api/v1/diagnosesforvisit/28] is: -1
00:42:17.493 [main] DEBUG o.h.e.t.internal.TransactionImpl - begin
00:42:17.495 [main] DEBUG org.hibernate.SQL - select this_.id as id1_10_12_, this_.appointment_id as appointm5_10_12_, this_.basichealthmetrics_id as basichea6_10_12_, this_.date as date2_10_12_, this_.hcp_id as hcp_id7_10_12_, this_.hospital_id as hospital8_10_12_, this_.notes as notes3_10_12_, this_.patient_id as patient_9_10_12_, this_.type as type4_10_12_, appointmen2_.id as id1_0_0_, appointmen2_.comments as comments2_0_0_, appointmen2_.date as date3_0_0_, appointmen2_.hcp_id as hcp_id6_0_0_, appointmen2_.patient_id as patient_7_0_0_, appointmen2_.status as status4_0_0_, appointmen2_.type as type5_0_0_, user3_.username as username1_15_1_, user3_.enabled as enabled2_15_1_, user3_.password as password3_15_1_, user3_.role as role4_15_1_, user4_.username as username1_15_2_, user4_.enabled as enabled2_15_2_, user4_.password as password3_15_2_, user4_.role as role4_15_2_, basichealt5_.id as id1_1_3_, basichealt5_.diastolic as diastoli2_1_3_, basichealt5_.hcp_id as hcp_id12_1_3_, basichealt5_.hdl as hdl3_1_3_, basichealt5_.headCircumference as headCirc4_1_3_, basichealt5_.height as height5_1_3_, basichealt5_.houseSmokingStatus as houseSmo6_1_3_, basichealt5_.ldl as ldl7_1_3_, basichealt5_.patient_id as patient13_1_3_, basichealt5_.patientSmokingStatus as patientS8_1_3_, basichealt5_.systolic as systolic9_1_3_, basichealt5_.tri as tri10_1_3_, basichealt5_.weight as weight11_1_3_, user6_.username as username1_15_4_, user6_.enabled as enabled2_15_4_, user6_.password as password3_15_4_, user6_.role as role4_15_4_, user7_.username as username1_15_5_, user7_.enabled as enabled2_15_5_, user7_.password as password3_15_5_, user7_.role as role4_15_5_, user8_.username as username1_15_6_, user8_.enabled as enabled2_15_6_, user8_.password as password3_15_6_, user8_.role as role4_15_6_, hospital9_.name as name1_4_7_, hospital9_.address as address2_4_7_, hospital9_.state as state3_4_7_, hospital9_.zip as zip4_4_7_, user10_.username as username1_15_8_, user10_.enabled as enabled2_15_8_, user10_.password as password3_15_8_, user10_.role as role4_15_8_, prescripti11_.prescriptions_id as prescrip8_14_14_, prescripti11_.id as id1_14_14_, prescripti11_.id as id1_14_9_, prescripti11_.dosage as dosage2_14_9_, prescripti11_.drug_id as drug_id6_14_9_, prescripti11_.endDate as endDate3_14_9_, prescripti11_.patient_id as patient_7_14_9_, prescripti11_.renewals as renewals4_14_9_, prescripti11_.startDate as startDat5_14_9_, drug12_.id as id1_3_10_, drug12_.code as code2_3_10_, drug12_.description as descript3_3_10_, drug12_.name as name4_3_10_, user13_.username as username1_15_11_, user13_.enabled as enabled2_15_11_, user13_.password as password3_15_11_, user13_.role as role4_15_11_ from OfficeVisits this_ left outer join AppointmentRequests appointmen2_ on this_.appointment_id=appointmen2_.id left outer join Users user3_ on appointmen2_.hcp_id=user3_.username left outer join Users user4_ on appointmen2_.patient_id=user4_.username left outer join BasicHealthMetrics basichealt5_ on this_.basichealthmetrics_id=basichealt5_.id left outer join Users user6_ on basichealt5_.hcp_id=user6_.username left outer join Users user7_ on basichealt5_.patient_id=user7_.username inner join Users user8_ on this_.hcp_id=user8_.username inner join Hospitals hospital9_ on this_.hospital_id=hospital9_.name inner join Users user10_ on this_.patient_id=user10_.username left outer join Prescriptions prescripti11_ on this_.id=prescripti11_.prescriptions_id left outer join Drugs drug12_ on prescripti11_.drug_id=drug12_.id left outer join Users user13_ on prescripti11_.patient_id=user13_.username where this_.id=?
Hibernate: select this_.id as id1_10_12_, this_.appointment_id as appointm5_10_12_, this_.basichealthmetrics_id as basichea6_10_12_, this_.date as date2_10_12_, this_.hcp_id as hcp_id7_10_12_, this_.hospital_id as hospital8_10_12_, this_.notes as notes3_10_12_, this_.patient_id as patient_9_10_12_, this_.type as type4_10_12_, appointmen2_.id as id1_0_0_, appointmen2_.comments as comments2_0_0_, appointmen2_.date as date3_0_0_, appointmen2_.hcp_id as hcp_id6_0_0_, appointmen2_.patient_id as patient_7_0_0_, appointmen2_.status as status4_0_0_, appointmen2_.type as type5_0_0_, user3_.username as username1_15_1_, user3_.enabled as enabled2_15_1_, user3_.password as password3_15_1_, user3_.role as role4_15_1_, user4_.username as username1_15_2_, user4_.enabled as enabled2_15_2_, user4_.password as password3_15_2_, user4_.role as role4_15_2_, basichealt5_.id as id1_1_3_, basichealt5_.diastolic as diastoli2_1_3_, basichealt5_.hcp_id as hcp_id12_1_3_, basichealt5_.hdl as hdl3_1_3_, basichealt5_.headCircumference as headCirc4_1_3_, basichealt5_.height as height5_1_3_, basichealt5_.houseSmokingStatus as houseSmo6_1_3_, basichealt5_.ldl as ldl7_1_3_, basichealt5_.patient_id as patient13_1_3_, basichealt5_.patientSmokingStatus as patientS8_1_3_, basichealt5_.systolic as systolic9_1_3_, basichealt5_.tri as tri10_1_3_, basichealt5_.weight as weight11_1_3_, user6_.username as username1_15_4_, user6_.enabled as enabled2_15_4_, user6_.password as password3_15_4_, user6_.role as role4_15_4_, user7_.username as username1_15_5_, user7_.enabled as enabled2_15_5_, user7_.password as password3_15_5_, user7_.role as role4_15_5_, user8_.username as username1_15_6_, user8_.enabled as enabled2_15_6_, user8_.password as password3_15_6_, user8_.role as role4_15_6_, hospital9_.name as name1_4_7_, hospital9_.address as address2_4_7_, hospital9_.state as state3_4_7_, hospital9_.zip as zip4_4_7_, user10_.username as username1_15_8_, user10_.enabled as enabled2_15_8_, user10_.password as password3_15_8_, user10_.role as role4_15_8_, prescripti11_.prescriptions_id as prescrip8_14_14_, prescripti11_.id as id1_14_14_, prescripti11_.id as id1_14_9_, prescripti11_.dosage as dosage2_14_9_, prescripti11_.drug_id as drug_id6_14_9_, prescripti11_.endDate as endDate3_14_9_, prescripti11_.patient_id as patient_7_14_9_, prescripti11_.renewals as renewals4_14_9_, prescripti11_.startDate as startDat5_14_9_, drug12_.id as id1_3_10_, drug12_.code as code2_3_10_, drug12_.description as descript3_3_10_, drug12_.name as name4_3_10_, user13_.username as username1_15_11_, user13_.enabled as enabled2_15_11_, user13_.password as password3_15_11_, user13_.role as role4_15_11_ from OfficeVisits this_ left outer join AppointmentRequests appointmen2_ on this_.appointment_id=appointmen2_.id left outer join Users user3_ on appointmen2_.hcp_id=user3_.username left outer join Users user4_ on appointmen2_.patient_id=user4_.username left outer join BasicHealthMetrics basichealt5_ on this_.basichealthmetrics_id=basichealt5_.id left outer join Users user6_ on basichealt5_.hcp_id=user6_.username left outer join Users user7_ on basichealt5_.patient_id=user7_.username inner join Users user8_ on this_.hcp_id=user8_.username inner join Hospitals hospital9_ on this_.hospital_id=hospital9_.name inner join Users user10_ on this_.patient_id=user10_.username left outer join Prescriptions prescripti11_ on this_.id=prescripti11_.prescriptions_id left outer join Drugs drug12_ on prescripti11_.drug_id=drug12_.id left outer join Users user13_ on prescripti11_.patient_id=user13_.username where this_.id=?
00:42:17.506 [main] DEBUG org.hibernate.loader.Loader - Result set row: 0
00:42:17.507 [main] DEBUG org.hibernate.loader.Loader - Result row: null, null, null, EntityKey[edu.ncsu.csc.itrust2.models.persistent.BasicHealthMetrics#27], EntityKey[edu.ncsu.csc.itrust2.models.persistent.User#hcp], EntityKey[edu.ncsu.csc.itrust2.models.persistent.User#patient], EntityKey[edu.ncsu.csc.itrust2.models.persistent.User#hcp], EntityKey[edu.ncsu.csc.itrust2.models.persistent.Hospital#iTrust Test Hospital 2], EntityKey[edu.ncsu.csc.itrust2.models.persistent.User#patient], null, null, null, EntityKey[edu.ncsu.csc.itrust2.models.persistent.OfficeVisit#28]
00:42:17.508 [main] DEBUG org.hibernate.loader.Loader - Result set contains (possibly empty) collection: [edu.ncsu.csc.itrust2.models.persistent.OfficeVisit.prescriptions#28]
00:42:17.508 [main] DEBUG o.h.engine.internal.TwoPhaseLoad - Resolving associations for [edu.ncsu.csc.itrust2.models.persistent.BasicHealthMetrics#27]
00:42:17.509 [main] DEBUG o.h.engine.internal.TwoPhaseLoad - Done materializing entity [edu.ncsu.csc.itrust2.models.persistent.BasicHealthMetrics#27]
00:42:17.509 [main] DEBUG o.h.engine.internal.TwoPhaseLoad - Resolving associations for [edu.ncsu.csc.itrust2.models.persistent.User#hcp]
00:42:17.509 [main] DEBUG o.h.engine.internal.TwoPhaseLoad - Done materializing entity [edu.ncsu.csc.itrust2.models.persistent.User#hcp]
00:42:17.509 [main] DEBUG o.h.engine.internal.TwoPhaseLoad - Resolving associations for [edu.ncsu.csc.itrust2.models.persistent.User#patient]
00:42:17.509 [main] DEBUG o.h.engine.internal.TwoPhaseLoad - Done materializing entity [edu.ncsu.csc.itrust2.models.persistent.User#patient]
00:42:17.509 [main] DEBUG o.h.engine.internal.TwoPhaseLoad - Resolving associations for [edu.ncsu.csc.itrust2.models.persistent.Hospital#iTrust Test Hospital 2]
00:42:17.509 [main] DEBUG o.h.engine.internal.TwoPhaseLoad - Done materializing entity [edu.ncsu.csc.itrust2.models.persistent.Hospital#iTrust Test Hospital 2]
00:42:17.509 [main] DEBUG o.h.engine.internal.TwoPhaseLoad - Resolving associations for [edu.ncsu.csc.itrust2.models.persistent.OfficeVisit#28]
00:42:17.510 [main] DEBUG o.h.engine.internal.TwoPhaseLoad - Done materializing entity [edu.ncsu.csc.itrust2.models.persistent.OfficeVisit#28]
00:42:17.510 [main] DEBUG o.h.e.l.i.CollectionLoadContext - 1 collections were found in result set for role: edu.ncsu.csc.itrust2.models.persistent.OfficeVisit.prescriptions
00:42:17.511 [main] DEBUG o.h.e.l.i.CollectionLoadContext - Collection fully initialized: [edu.ncsu.csc.itrust2.models.persistent.OfficeVisit.prescriptions#28]
00:42:17.511 [main] DEBUG o.h.e.l.i.CollectionLoadContext - 1 collections initialized for role: edu.ncsu.csc.itrust2.models.persistent.OfficeVisit.prescriptions
00:42:17.511 [main] DEBUG o.h.e.t.internal.TransactionImpl - committing
00:42:17.511 [main] DEBUG o.h.e.i.AbstractFlushingEventListener - Processing flush-time cascades
00:42:17.511 [main] DEBUG o.h.e.i.AbstractFlushingEventListener - Dirty checking collections
00:42:17.512 [main] DEBUG o.h.engine.internal.Collections - Collection found: [edu.ncsu.csc.itrust2.models.persistent.OfficeVisit.prescriptions#28], was: [edu.ncsu.csc.itrust2.models.persistent.OfficeVisit.prescriptions#28] (initialized)
00:42:17.513 [main] DEBUG o.h.e.i.AbstractFlushingEventListener - Flushed: 0 insertions, 0 updates, 0 deletions to 5 objects
00:42:17.513 [main] DEBUG o.h.e.i.AbstractFlushingEventListener - Flushed: 0 (re)creations, 0 updates, 0 removals to 1 collections
00:42:17.513 [main] DEBUG o.h.internal.util.EntityPrinter - Listing entities:
00:42:17.513 [main] DEBUG o.h.internal.util.EntityPrinter - edu.ncsu.csc.itrust2.models.persistent.BasicHealthMetrics{patientSmokingStatus=2, headCircumference=null, weight=1.0, tri=100, hdl=1, diastolic=1, systolic=1, hcp=edu.ncsu.csc.itrust2.models.persistent.User#hcp, ldl=1, houseSmokingStatus=1, patient=edu.ncsu.csc.itrust2.models.persistent.User#patient, id=27, height=1.0}
00:42:17.513 [main] DEBUG o.h.internal.util.EntityPrinter - edu.ncsu.csc.itrust2.models.persistent.User{password=$2a$10$Skc0u4Txm.NmOsymblU82ubxU.UgUxYgXdyJnvUEi4x1sJFVFpPi2, role=ROLE_PATIENT, enabled=1, username=patient}
00:42:17.513 [main] DEBUG o.h.internal.util.EntityPrinter - edu.ncsu.csc.itrust2.models.persistent.OfficeVisit{date=java.util.GregorianCalendar[time=2470657800000,areFieldsSet=true,areAllFieldsSet=true,lenient=true,zone=sun.util.calendar.ZoneInfo[id="America/New_York",offset=-18000000,dstSavings=3600000,useDaylight=true,transitions=235,lastRule=java.util.SimpleTimeZone[id=America/New_York,offset=-18000000,dstSavings=3600000,useDaylight=true,startYear=0,startMode=3,startMonth=2,startDay=8,startDayOfWeek=1,startTime=7200000,startTimeMode=0,endMode=3,endMonth=10,endDay=1,endDayOfWeek=1,endTime=7200000,endTimeMode=0]],firstDayOfWeek=1,minimalDaysInFirstWeek=1,ERA=1,YEAR=2048,MONTH=3,WEEK_OF_YEAR=16,WEEK_OF_MONTH=3,DAY_OF_MONTH=16,DAY_OF_YEAR=107,DAY_OF_WEEK=5,DAY_OF_WEEK_IN_MONTH=3,AM_PM=0,HOUR=9,HOUR_OF_DAY=9,MINUTE=50,SECOND=0,MILLISECOND=0,ZONE_OFFSET=-18000000,DST_OFFSET=3600000], notes=Test office visit, hcp=edu.ncsu.csc.itrust2.models.persistent.User#hcp, patient=edu.ncsu.csc.itrust2.models.persistent.User#patient, basicHealthMetrics=edu.ncsu.csc.itrust2.models.persistent.BasicHealthMetrics#27, appointment=null, id=28, hospital=edu.ncsu.csc.itrust2.models.persistent.Hospital#iTrust Test Hospital 2, type=GENERAL_CHECKUP, prescriptions=[]}
00:42:17.513 [main] DEBUG o.h.internal.util.EntityPrinter - edu.ncsu.csc.itrust2.models.persistent.User{password=$2a$10$CtPOtdAqnNwxw2oEYlSNSOurnF03UP7NwGnIk0BfDslw64XUUv.K2, role=ROLE_HCP, enabled=1, username=hcp}
00:42:17.513 [main] DEBUG o.h.internal.util.EntityPrinter - edu.ncsu.csc.itrust2.models.persistent.Hospital{zip=27607, address=1 iTrust Test Street, name=iTrust Test Hospital 2, state=NC}
00:42:17.515 [main] DEBUG o.s.t.w.s.TestDispatcherServlet - Null ModelAndView returned to DispatcherServlet with name '': assuming HandlerAdapter completed request handling
00:42:17.515 [main] DEBUG o.s.t.w.s.TestDispatcherServlet - Successfully completed request
00:42:17.516 [main] DEBUG o.s.t.c.s.AbstractDirtiesContextTestExecutionListener - After test method: context [DefaultTestContext@7292ffc9 testClass = APIDiagnosisTest, testInstance = edu.ncsu.csc.itrust2.apitest.APIDiagnosisTest@2d4248ae, testMethod = testDiagnoses@APIDiagnosisTest, testException = java.lang.NullPointerException, mergedContextConfiguration = [WebMergedContextConfiguration@29ab9e91 testClass = APIDiagnosisTest, locations = '{}', classes = '{class edu.ncsu.csc.itrust2.config.RootConfiguration, class edu.ncsu.csc.itrust2.mvc.config.WebMvcConfiguration}', contextInitializerClasses = '[]', activeProfiles = '{}', propertySourceLocations = '{}', propertySourceProperties = '{}', contextCustomizers = set[[empty]], resourceBasePath = 'src/main/webapp', contextLoader = 'org.springframework.test.context.web.WebDelegatingSmartContextLoader', parent = [null]]], class annotated with @DirtiesContext [false] with mode [null], method annotated with @DirtiesContext [false] with mode [null].
00:42:17.516 [main] DEBUG o.s.t.c.w.ServletTestExecutionListener - Resetting RequestContextHolder for test context [DefaultTestContext@7292ffc9 testClass = APIDiagnosisTest, testInstance = edu.ncsu.csc.itrust2.apitest.APIDiagnosisTest@2d4248ae, testMethod = testDiagnoses@APIDiagnosisTest, testException = java.lang.NullPointerException, mergedContextConfiguration = [WebMergedContextConfiguration@29ab9e91 testClass = APIDiagnosisTest, locations = '{}', classes = '{class edu.ncsu.csc.itrust2.config.RootConfiguration, class edu.ncsu.csc.itrust2.mvc.config.WebMvcConfiguration}', contextInitializerClasses = '[]', activeProfiles = '{}', propertySourceLocations = '{}', propertySourceProperties = '{}', contextCustomizers = set[[empty]], resourceBasePath = 'src/main/webapp', contextLoader = 'org.springframework.test.context.web.WebDelegatingSmartContextLoader', parent = [null]]].
]]></system-out>
  </testcase>
</testsuite>