<?xml version="1.0" encoding="UTF-8"?>
<testsuite xmlns:xsi="http://www.w3.org/2001/XMLSchema-instance" xsi:noNamespaceSchemaLocation="https://maven.apache.org/surefire/maven-surefire-plugin/xsd/surefire-test-report.xsd" name="edu.ncsu.csc.itrust2.apitest.APIOfficeVisitTest" time="2.983" tests="4" errors="1" skipped="0" failures="1">
  <properties>
    <property name="java.runtime.name" value="Java(TM) SE Runtime Environment"/>
    <property name="sun.boot.library.path" value="/usr/lib/jvm/java-8-oracle/jre/lib/amd64"/>
    <property name="java.vm.version" value="25.161-b12"/>
    <property name="java.vm.vendor" value="Oracle Corporation"/>
    <property name="java.vendor.url" value="http://java.oracle.com/"/>
    <property name="path.separator" value=":"/>
    <property name="guice.disable.misplaced.annotation.check" value="true"/>
    <property name="java.vm.name" value="Java HotSpot(TM) 64-Bit Server VM"/>
    <property name="file.encoding.pkg" value="sun.io"/>
    <property name="user.country" value="US"/>
    <property name="sun.java.launcher" value="SUN_STANDARD"/>
    <property name="sun.os.patch.level" value="unknown"/>
    <property name="java.vm.specification.name" value="Java Virtual Machine Specification"/>
    <property name="user.dir" value="/var/lib/jenkins/workspace/iTrustBuildJob/iTrust2"/>
    <property name="java.runtime.version" value="1.8.0_161-b12"/>
    <property name="java.awt.graphicsenv" value="sun.awt.X11GraphicsEnvironment"/>
    <property name="java.endorsed.dirs" value="/usr/lib/jvm/java-8-oracle/jre/lib/endorsed"/>
    <property name="os.arch" value="amd64"/>
    <property name="java.io.tmpdir" value="/tmp"/>
    <property name="line.separator" value="&#10;"/>
    <property name="java.vm.specification.vendor" value="Oracle Corporation"/>
    <property name="os.name" value="Linux"/>
    <property name="classworlds.conf" value="/usr/share/maven/bin/m2.conf"/>
    <property name="sun.jnu.encoding" value="UTF-8"/>
    <property name="java.library.path" value="/usr/java/packages/lib/amd64:/usr/lib64:/lib64:/lib:/usr/lib"/>
    <property name="java.specification.name" value="Java Platform API Specification"/>
    <property name="java.class.version" value="52.0"/>
    <property name="sun.management.compiler" value="HotSpot 64-Bit Tiered Compilers"/>
    <property name="os.version" value="3.13.0-139-generic"/>
    <property name="user.home" value="/root"/>
    <property name="user.timezone" value="America/New_York"/>
    <property name="java.awt.printerjob" value="sun.print.PSPrinterJob"/>
    <property name="file.encoding" value="UTF-8"/>
    <property name="java.specification.version" value="1.8"/>
    <property name="user.name" value="root"/>
    <property name="java.class.path" value="/usr/share/maven/boot/plexus-classworlds-2.x.jar"/>
    <property name="java.vm.specification.version" value="1.8"/>
    <property name="sun.arch.data.model" value="64"/>
    <property name="java.home" value="/usr/lib/jvm/java-8-oracle/jre"/>
    <property name="sun.java.command" value="org.codehaus.plexus.classworlds.launcher.Launcher clean test verify checkstyle:checkstyle"/>
    <property name="java.specification.vendor" value="Oracle Corporation"/>
    <property name="user.language" value="en"/>
    <property name="awt.toolkit" value="sun.awt.X11.XToolkit"/>
    <property name="java.vm.info" value="mixed mode"/>
    <property name="java.version" value="1.8.0_161"/>
    <property name="java.ext.dirs" value="/usr/lib/jvm/java-8-oracle/jre/lib/ext:/usr/java/packages/lib/ext"/>
    <property name="securerandom.source" value="file:/dev/./urandom"/>
    <property name="sun.boot.class.path" value="/usr/lib/jvm/java-8-oracle/jre/lib/resources.jar:/usr/lib/jvm/java-8-oracle/jre/lib/rt.jar:/usr/lib/jvm/java-8-oracle/jre/lib/sunrsasign.jar:/usr/lib/jvm/java-8-oracle/jre/lib/jsse.jar:/usr/lib/jvm/java-8-oracle/jre/lib/jce.jar:/usr/lib/jvm/java-8-oracle/jre/lib/charsets.jar:/usr/lib/jvm/java-8-oracle/jre/lib/jfr.jar:/usr/lib/jvm/java-8-oracle/jre/classes"/>
    <property name="java.vendor" value="Oracle Corporation"/>
    <property name="maven.home" value="/usr/share/maven"/>
    <property name="file.separator" value="/"/>
    <property name="java.vendor.url.bug" value="http://bugreport.sun.com/bugreport/"/>
    <property name="sun.cpu.endian" value="little"/>
    <property name="sun.io.unicode.encoding" value="UnicodeLittle"/>
    <property name="sun.cpu.isalist" value=""/>
  </properties>
  <testcase name="testDeleteNonExistentOfficeVisit" classname="edu.ncsu.csc.itrust2.apitest.APIOfficeVisitTest" time="0.014">
    <failure message="Status expected:&lt;404&gt; but was:&lt;400&gt;" type="java.lang.AssertionError"><![CDATA[java.lang.AssertionError: Status expected:<404> but was:<400>
	at edu.ncsu.csc.itrust2.apitest.APIOfficeVisitTest.testDeleteNonExistentOfficeVisit(APIOfficeVisitTest.java:99)
]]></failure>
    <system-out><![CDATA[08:28:49.689 [main] DEBUG o.s.t.c.j.SpringJUnit4ClassRunner - SpringJUnit4ClassRunner constructor called with [class edu.ncsu.csc.itrust2.apitest.APIOfficeVisitTest]
08:28:49.698 [main] DEBUG o.s.test.context.BootstrapUtils - Instantiating CacheAwareContextLoaderDelegate from class [org.springframework.test.context.cache.DefaultCacheAwareContextLoaderDelegate]
08:28:49.698 [main] DEBUG o.s.test.context.BootstrapUtils - Instantiating BootstrapContext using constructor [public org.springframework.test.context.support.DefaultBootstrapContext(java.lang.Class,org.springframework.test.context.CacheAwareContextLoaderDelegate)]
08:28:49.698 [main] DEBUG o.s.test.context.BootstrapUtils - Instantiating TestContextBootstrapper for test class [edu.ncsu.csc.itrust2.apitest.APIOfficeVisitTest] from class [org.springframework.test.context.web.WebTestContextBootstrapper]
08:28:49.699 [main] DEBUG o.s.t.c.s.AbstractDelegatingSmartContextLoader - Delegating to AnnotationConfigWebContextLoader to process context configuration [ContextConfigurationAttributes@2d6884ff declaringClass = 'edu.ncsu.csc.itrust2.apitest.APIOfficeVisitTest', classes = '{class edu.ncsu.csc.itrust2.config.RootConfiguration, class edu.ncsu.csc.itrust2.mvc.config.WebMvcConfiguration}', locations = '{}', inheritLocations = true, initializers = '{}', inheritInitializers = true, name = [null], contextLoaderClass = 'org.springframework.test.context.ContextLoader'].
08:28:49.700 [main] DEBUG o.s.t.c.support.ActiveProfilesUtils - Could not find an 'annotation declaring class' for annotation type [org.springframework.test.context.ActiveProfiles] and class [edu.ncsu.csc.itrust2.apitest.APIOfficeVisitTest]
08:28:49.702 [main] DEBUG o.s.t.c.w.WebTestContextBootstrapper - @TestExecutionListeners is not present for class [edu.ncsu.csc.itrust2.apitest.APIOfficeVisitTest]: using defaults.
08:28:49.707 [main] INFO  o.s.t.c.w.WebTestContextBootstrapper - Loaded default TestExecutionListener class names from location [META-INF/spring.factories]: [org.springframework.security.test.context.support.WithSecurityContextTestExecutionListener, org.springframework.test.context.web.ServletTestExecutionListener, org.springframework.test.context.support.DirtiesContextBeforeModesTestExecutionListener, org.springframework.test.context.support.DependencyInjectionTestExecutionListener, org.springframework.test.context.support.DirtiesContextTestExecutionListener, org.springframework.test.context.transaction.TransactionalTestExecutionListener, org.springframework.test.context.jdbc.SqlScriptsTestExecutionListener]
08:28:49.713 [main] INFO  o.s.t.c.w.WebTestContextBootstrapper - Using TestExecutionListeners: [org.springframework.test.context.web.ServletTestExecutionListener@2685e2f3, org.springframework.test.context.support.DirtiesContextBeforeModesTestExecutionListener@2155ea92, org.springframework.test.context.support.DependencyInjectionTestExecutionListener@4e571e6f, org.springframework.test.context.support.DirtiesContextTestExecutionListener@7741cf2e, org.springframework.test.context.transaction.TransactionalTestExecutionListener@7eda394f, org.springframework.test.context.jdbc.SqlScriptsTestExecutionListener@70d55d7c, org.springframework.security.test.context.support.WithSecurityContextTestExecutionListener@687816f]
08:28:49.714 [main] DEBUG o.s.t.annotation.ProfileValueUtils - Retrieved @ProfileValueSourceConfiguration [null] for test class [edu.ncsu.csc.itrust2.apitest.APIOfficeVisitTest]
08:28:49.714 [main] DEBUG o.s.t.annotation.ProfileValueUtils - Retrieved ProfileValueSource type [class org.springframework.test.annotation.SystemProfileValueSource] for class [edu.ncsu.csc.itrust2.apitest.APIOfficeVisitTest]
08:28:49.714 [main] DEBUG o.s.t.annotation.ProfileValueUtils - Retrieved @ProfileValueSourceConfiguration [null] for test class [edu.ncsu.csc.itrust2.apitest.APIOfficeVisitTest]
08:28:49.714 [main] DEBUG o.s.t.annotation.ProfileValueUtils - Retrieved ProfileValueSource type [class org.springframework.test.annotation.SystemProfileValueSource] for class [edu.ncsu.csc.itrust2.apitest.APIOfficeVisitTest]
08:28:49.714 [main] DEBUG o.s.t.annotation.ProfileValueUtils - Retrieved @ProfileValueSourceConfiguration [null] for test class [edu.ncsu.csc.itrust2.apitest.APIOfficeVisitTest]
08:28:49.714 [main] DEBUG o.s.t.annotation.ProfileValueUtils - Retrieved ProfileValueSource type [class org.springframework.test.annotation.SystemProfileValueSource] for class [edu.ncsu.csc.itrust2.apitest.APIOfficeVisitTest]
08:28:49.714 [main] DEBUG o.s.t.c.s.AbstractDirtiesContextTestExecutionListener - Before test class: context [DefaultTestContext@7f46062e testClass = APIOfficeVisitTest, testInstance = [null], testMethod = [null], testException = [null], mergedContextConfiguration = [WebMergedContextConfiguration@507948c8 testClass = APIOfficeVisitTest, locations = '{}', classes = '{class edu.ncsu.csc.itrust2.config.RootConfiguration, class edu.ncsu.csc.itrust2.mvc.config.WebMvcConfiguration}', contextInitializerClasses = '[]', activeProfiles = '{}', propertySourceLocations = '{}', propertySourceProperties = '{}', contextCustomizers = set[[empty]], resourceBasePath = 'src/main/webapp', contextLoader = 'org.springframework.test.context.web.WebDelegatingSmartContextLoader', parent = [null]]], class annotated with @DirtiesContext [false] with mode [null].
08:28:49.714 [main] DEBUG o.s.t.annotation.ProfileValueUtils - Retrieved @ProfileValueSourceConfiguration [null] for test class [edu.ncsu.csc.itrust2.apitest.APIOfficeVisitTest]
08:28:49.715 [main] DEBUG o.s.t.annotation.ProfileValueUtils - Retrieved ProfileValueSource type [class org.springframework.test.annotation.SystemProfileValueSource] for class [edu.ncsu.csc.itrust2.apitest.APIOfficeVisitTest]
08:28:49.715 [main] DEBUG o.s.t.c.c.DefaultCacheAwareContextLoaderDelegate - Retrieved ApplicationContext from cache with key [[WebMergedContextConfiguration@507948c8 testClass = APIOfficeVisitTest, locations = '{}', classes = '{class edu.ncsu.csc.itrust2.config.RootConfiguration, class edu.ncsu.csc.itrust2.mvc.config.WebMvcConfiguration}', contextInitializerClasses = '[]', activeProfiles = '{}', propertySourceLocations = '{}', propertySourceProperties = '{}', contextCustomizers = set[[empty]], resourceBasePath = 'src/main/webapp', contextLoader = 'org.springframework.test.context.web.WebDelegatingSmartContextLoader', parent = [null]]]
08:28:49.717 [main] DEBUG o.springframework.test.context.cache - Spring test ApplicationContext cache statistics: [DefaultContextCache@637721f4 size = 1, maxSize = 32, parentContextCount = 0, hitCount = 44, missCount = 1]
08:28:49.718 [main] DEBUG o.s.t.c.w.ServletTestExecutionListener - Setting up MockHttpServletRequest, MockHttpServletResponse, ServletWebRequest, and RequestContextHolder for test context [DefaultTestContext@7f46062e testClass = APIOfficeVisitTest, testInstance = edu.ncsu.csc.itrust2.apitest.APIOfficeVisitTest@a1dd106, testMethod = [null], testException = [null], mergedContextConfiguration = [WebMergedContextConfiguration@507948c8 testClass = APIOfficeVisitTest, locations = '{}', classes = '{class edu.ncsu.csc.itrust2.config.RootConfiguration, class edu.ncsu.csc.itrust2.mvc.config.WebMvcConfiguration}', contextInitializerClasses = '[]', activeProfiles = '{}', propertySourceLocations = '{}', propertySourceProperties = '{}', contextCustomizers = set[[empty]], resourceBasePath = 'src/main/webapp', contextLoader = 'org.springframework.test.context.web.WebDelegatingSmartContextLoader', parent = [null]]].
08:28:49.718 [main] DEBUG o.s.t.c.s.DependencyInjectionTestExecutionListener - Performing dependency injection for test context [[DefaultTestContext@7f46062e testClass = APIOfficeVisitTest, testInstance = edu.ncsu.csc.itrust2.apitest.APIOfficeVisitTest@a1dd106, testMethod = [null], testException = [null], mergedContextConfiguration = [WebMergedContextConfiguration@507948c8 testClass = APIOfficeVisitTest, locations = '{}', classes = '{class edu.ncsu.csc.itrust2.config.RootConfiguration, class edu.ncsu.csc.itrust2.mvc.config.WebMvcConfiguration}', contextInitializerClasses = '[]', activeProfiles = '{}', propertySourceLocations = '{}', propertySourceProperties = '{}', contextCustomizers = set[[empty]], resourceBasePath = 'src/main/webapp', contextLoader = 'org.springframework.test.context.web.WebDelegatingSmartContextLoader', parent = [null]]]].
08:28:49.718 [main] DEBUG o.s.t.c.c.DefaultCacheAwareContextLoaderDelegate - Retrieved ApplicationContext from cache with key [[WebMergedContextConfiguration@507948c8 testClass = APIOfficeVisitTest, locations = '{}', classes = '{class edu.ncsu.csc.itrust2.config.RootConfiguration, class edu.ncsu.csc.itrust2.mvc.config.WebMvcConfiguration}', contextInitializerClasses = '[]', activeProfiles = '{}', propertySourceLocations = '{}', propertySourceProperties = '{}', contextCustomizers = set[[empty]], resourceBasePath = 'src/main/webapp', contextLoader = 'org.springframework.test.context.web.WebDelegatingSmartContextLoader', parent = [null]]]
08:28:49.718 [main] DEBUG o.springframework.test.context.cache - Spring test ApplicationContext cache statistics: [DefaultContextCache@637721f4 size = 1, maxSize = 32, parentContextCount = 0, hitCount = 45, missCount = 1]
08:28:49.733 [main] DEBUG o.s.b.f.annotation.InjectionMetadata - Processing injected element of bean 'edu.ncsu.csc.itrust2.apitest.APIOfficeVisitTest': AutowiredFieldElement for private org.springframework.web.context.WebApplicationContext edu.ncsu.csc.itrust2.apitest.APIOfficeVisitTest.context
08:28:49.734 [main] DEBUG o.s.b.f.a.AutowiredAnnotationBeanPostProcessor - Autowiring by type from bean name 'edu.ncsu.csc.itrust2.apitest.APIOfficeVisitTest' to bean named 'org.springframework.web.context.support.GenericWebApplicationContext@434514d8'
08:28:49.734 [main] DEBUG o.s.b.f.s.DefaultListableBeanFactory - Returning cached instance of singleton bean 'metaDataSourceAdvisor'
08:28:49.735 [main] DEBUG o.s.t.c.s.AbstractDirtiesContextTestExecutionListener - Before test method: context [DefaultTestContext@7f46062e testClass = APIOfficeVisitTest, testInstance = edu.ncsu.csc.itrust2.apitest.APIOfficeVisitTest@a1dd106, testMethod = testDeleteNonExistentOfficeVisit@APIOfficeVisitTest, testException = [null], mergedContextConfiguration = [WebMergedContextConfiguration@507948c8 testClass = APIOfficeVisitTest, locations = '{}', classes = '{class edu.ncsu.csc.itrust2.config.RootConfiguration, class edu.ncsu.csc.itrust2.mvc.config.WebMvcConfiguration}', contextInitializerClasses = '[]', activeProfiles = '{}', propertySourceLocations = '{}', propertySourceProperties = '{}', contextCustomizers = set[[empty]], resourceBasePath = 'src/main/webapp', contextLoader = 'org.springframework.test.context.web.WebDelegatingSmartContextLoader', parent = [null]]], class annotated with @DirtiesContext [false] with mode [null], method annotated with @DirtiesContext [false] with mode [null].
08:28:49.735 [main] DEBUG o.s.t.w.s.TestDispatcherServlet - Initializing servlet ''
08:28:49.736 [main] DEBUG o.s.w.c.s.StandardServletEnvironment - Adding [servletConfigInitParams] PropertySource with lowest search precedence
08:28:49.736 [main] DEBUG o.s.w.c.s.StandardServletEnvironment - Adding [servletContextInitParams] PropertySource with lowest search precedence
08:28:49.736 [main] DEBUG o.s.w.c.s.StandardServletEnvironment - Adding [systemProperties] PropertySource with lowest search precedence
08:28:49.736 [main] DEBUG o.s.w.c.s.StandardServletEnvironment - Adding [systemEnvironment] PropertySource with lowest search precedence
08:28:49.736 [main] DEBUG o.s.w.c.s.StandardServletEnvironment - Initialized StandardServletEnvironment with PropertySources [servletConfigInitParams,servletContextInitParams,systemProperties,systemEnvironment]
08:28:49.736 [main] INFO  o.s.mock.web.MockServletContext - Initializing Spring FrameworkServlet ''
08:28:49.736 [main] INFO  o.s.t.w.s.TestDispatcherServlet - FrameworkServlet '': initialization started
08:28:49.736 [main] DEBUG o.s.t.w.s.TestDispatcherServlet - Unable to locate MultipartResolver with name 'multipartResolver': no multipart request handling provided
08:28:49.736 [main] DEBUG o.s.b.f.s.DefaultListableBeanFactory - Creating instance of bean 'org.springframework.web.servlet.i18n.AcceptHeaderLocaleResolver'
08:28:49.740 [main] DEBUG o.s.b.f.s.DefaultListableBeanFactory - Finished creating instance of bean 'org.springframework.web.servlet.i18n.AcceptHeaderLocaleResolver'
08:28:49.740 [main] DEBUG o.s.t.w.s.TestDispatcherServlet - Unable to locate LocaleResolver with name 'localeResolver': using default [org.springframework.web.servlet.i18n.AcceptHeaderLocaleResolver@7f13a29e]
08:28:49.740 [main] DEBUG o.s.b.f.s.DefaultListableBeanFactory - Creating instance of bean 'org.springframework.web.servlet.theme.FixedThemeResolver'
08:28:49.740 [main] DEBUG o.s.b.f.s.DefaultListableBeanFactory - Finished creating instance of bean 'org.springframework.web.servlet.theme.FixedThemeResolver'
08:28:49.740 [main] DEBUG o.s.t.w.s.TestDispatcherServlet - Unable to locate ThemeResolver with name 'themeResolver': using default [org.springframework.web.servlet.theme.FixedThemeResolver@65369abc]
08:28:49.741 [main] DEBUG o.s.b.f.s.DefaultListableBeanFactory - Returning cached instance of singleton bean 'requestMappingHandlerMapping'
08:28:49.741 [main] DEBUG o.s.b.f.s.DefaultListableBeanFactory - Returning cached instance of singleton bean 'viewControllerHandlerMapping'
08:28:49.741 [main] DEBUG o.s.b.f.s.DefaultListableBeanFactory - Returning cached instance of singleton bean 'beanNameHandlerMapping'
08:28:49.741 [main] DEBUG o.s.b.f.s.DefaultListableBeanFactory - Returning cached instance of singleton bean 'resourceHandlerMapping'
08:28:49.741 [main] DEBUG o.s.b.f.s.DefaultListableBeanFactory - Returning cached instance of singleton bean 'defaultServletHandlerMapping'
08:28:49.741 [main] DEBUG o.s.b.f.s.DefaultListableBeanFactory - Returning cached instance of singleton bean 'requestMappingHandlerAdapter'
08:28:49.741 [main] DEBUG o.s.b.f.s.DefaultListableBeanFactory - Returning cached instance of singleton bean 'httpRequestHandlerAdapter'
08:28:49.741 [main] DEBUG o.s.b.f.s.DefaultListableBeanFactory - Returning cached instance of singleton bean 'simpleControllerHandlerAdapter'
08:28:49.742 [main] DEBUG o.s.b.f.s.DefaultListableBeanFactory - Returning cached instance of singleton bean 'handlerExceptionResolver'
08:28:49.742 [main] DEBUG o.s.b.f.s.DefaultListableBeanFactory - Creating instance of bean 'org.springframework.web.servlet.view.DefaultRequestToViewNameTranslator'
08:28:49.742 [main] DEBUG o.s.b.f.s.DefaultListableBeanFactory - Finished creating instance of bean 'org.springframework.web.servlet.view.DefaultRequestToViewNameTranslator'
08:28:49.742 [main] DEBUG o.s.t.w.s.TestDispatcherServlet - Unable to locate RequestToViewNameTranslator with name 'viewNameTranslator': using default [org.springframework.web.servlet.view.DefaultRequestToViewNameTranslator@1c7e2fd]
08:28:49.742 [main] DEBUG o.s.b.f.s.DefaultListableBeanFactory - Returning cached instance of singleton bean 'mvcViewResolver'
08:28:49.746 [main] DEBUG o.s.b.f.s.DefaultListableBeanFactory - Returning cached instance of singleton bean 'viewResolver'
08:28:49.746 [main] DEBUG o.s.b.f.s.DefaultListableBeanFactory - Creating instance of bean 'org.springframework.web.servlet.support.SessionFlashMapManager'
08:28:49.747 [main] DEBUG o.s.b.f.s.DefaultListableBeanFactory - Finished creating instance of bean 'org.springframework.web.servlet.support.SessionFlashMapManager'
08:28:49.747 [main] DEBUG o.s.t.w.s.TestDispatcherServlet - Unable to locate FlashMapManager with name 'flashMapManager': using default [org.springframework.web.servlet.support.SessionFlashMapManager@6c2fca3b]
08:28:49.747 [main] DEBUG o.s.t.w.s.TestDispatcherServlet - Published WebApplicationContext of servlet '' as ServletContext attribute with name [org.springframework.web.servlet.FrameworkServlet.CONTEXT.]
08:28:49.747 [main] INFO  o.s.t.w.s.TestDispatcherServlet - FrameworkServlet '': initialization completed in 11 ms
08:28:49.747 [main] DEBUG o.s.t.w.s.TestDispatcherServlet - Servlet '' configured successfully
08:28:49.747 [main] DEBUG o.h.e.t.internal.TransactionImpl - begin
08:28:49.750 [main] DEBUG org.hibernate.SQL - select this_.username as username1_15_0_, this_.enabled as enabled2_15_0_, this_.password as password3_15_0_, this_.role as role4_15_0_ from Users this_ where this_.username=? and this_.role=?
Hibernate: select this_.username as username1_15_0_, this_.enabled as enabled2_15_0_, this_.password as password3_15_0_, this_.role as role4_15_0_ from Users this_ where this_.username=? and this_.role=?
08:28:49.752 [main] DEBUG org.hibernate.loader.Loader - Result set row: 0
08:28:49.752 [main] DEBUG org.hibernate.loader.Loader - Result row: EntityKey[edu.ncsu.csc.itrust2.models.persistent.User#patient]
08:28:49.753 [main] DEBUG o.h.engine.internal.TwoPhaseLoad - Resolving associations for [edu.ncsu.csc.itrust2.models.persistent.User#patient]
08:28:49.753 [main] DEBUG o.h.engine.internal.TwoPhaseLoad - Done materializing entity [edu.ncsu.csc.itrust2.models.persistent.User#patient]
08:28:49.754 [main] DEBUG o.h.e.t.internal.TransactionImpl - committing
08:28:49.754 [main] DEBUG o.h.e.i.AbstractFlushingEventListener - Processing flush-time cascades
08:28:49.755 [main] DEBUG o.h.e.i.AbstractFlushingEventListener - Dirty checking collections
08:28:49.755 [main] DEBUG o.h.e.i.AbstractFlushingEventListener - Flushed: 0 insertions, 0 updates, 0 deletions to 1 objects
08:28:49.755 [main] DEBUG o.h.e.i.AbstractFlushingEventListener - Flushed: 0 (re)creations, 0 updates, 0 removals to 0 collections
08:28:49.756 [main] DEBUG o.h.internal.util.EntityPrinter - Listing entities:
08:28:49.756 [main] DEBUG o.h.internal.util.EntityPrinter - edu.ncsu.csc.itrust2.models.persistent.User{password=$2a$10$EblZqNptyYvcLm/VwDCVAuBjzZOI7khzdyGPBr08PpIi0na624b8., role=ROLE_PATIENT, enabled=1, username=patient}
08:28:49.763 [main] DEBUG o.h.e.t.internal.TransactionImpl - begin
08:28:49.765 [main] DEBUG org.hibernate.SQL - select this_.self_id as self_id18_12_2_, this_.address1 as address1_12_2_, this_.address2 as address2_12_2_, this_.bloodType as bloodTyp3_12_2_, this_.causeOfDeath as causeOfD4_12_2_, this_.city as city5_12_2_, this_.dateOfBirth as dateOfBi6_12_2_, this_.dateOfDeath as dateOfDe7_12_2_, this_.email as email8_12_2_, this_.ethnicity as ethnicit9_12_2_, this_.father_id as father_19_12_2_, this_.firstName as firstNa10_12_2_, this_.gender as gender11_12_2_, this_.id as id12_12_2_, this_.lastName as lastNam13_12_2_, this_.mother_id as mother_20_12_2_, this_.phone as phone14_12_2_, this_.preferredName as preferr15_12_2_, this_.state as state16_12_2_, this_.zip as zip17_12_2_, user2_.username as username1_15_0_, user2_.enabled as enabled2_15_0_, user2_.password as password3_15_0_, user2_.role as role4_15_0_, user3_.username as username1_15_1_, user3_.enabled as enabled2_15_1_, user3_.password as password3_15_1_, user3_.role as role4_15_1_ from Patients this_ left outer join Users user2_ on this_.father_id=user2_.username left outer join Users user3_ on this_.mother_id=user3_.username where this_.self_id=?
Hibernate: select this_.self_id as self_id18_12_2_, this_.address1 as address1_12_2_, this_.address2 as address2_12_2_, this_.bloodType as bloodTyp3_12_2_, this_.causeOfDeath as causeOfD4_12_2_, this_.city as city5_12_2_, this_.dateOfBirth as dateOfBi6_12_2_, this_.dateOfDeath as dateOfDe7_12_2_, this_.email as email8_12_2_, this_.ethnicity as ethnicit9_12_2_, this_.father_id as father_19_12_2_, this_.firstName as firstNa10_12_2_, this_.gender as gender11_12_2_, this_.id as id12_12_2_, this_.lastName as lastNam13_12_2_, this_.mother_id as mother_20_12_2_, this_.phone as phone14_12_2_, this_.preferredName as preferr15_12_2_, this_.state as state16_12_2_, this_.zip as zip17_12_2_, user2_.username as username1_15_0_, user2_.enabled as enabled2_15_0_, user2_.password as password3_15_0_, user2_.role as role4_15_0_, user3_.username as username1_15_1_, user3_.enabled as enabled2_15_1_, user3_.password as password3_15_1_, user3_.role as role4_15_1_ from Patients this_ left outer join Users user2_ on this_.father_id=user2_.username left outer join Users user3_ on this_.mother_id=user3_.username where this_.self_id=?
08:28:49.769 [main] DEBUG o.h.e.t.internal.TransactionImpl - committing
08:28:49.771 [main] DEBUG o.s.t.w.s.TestDispatcherServlet - DispatcherServlet with name '' processing DELETE request for [/api/v1/officevisits/-1]
08:28:49.772 [main] DEBUG o.s.w.s.m.m.a.RequestMappingHandlerMapping - Looking up handler method for path /api/v1/officevisits/-1
08:28:49.773 [main] DEBUG o.s.w.s.m.m.a.RequestMappingHandlerMapping - Returning handler method [public org.springframework.http.ResponseEntity edu.ncsu.csc.itrust2.controllers.api.APIOfficeVisitController.deleteOfficeVisit(java.lang.Long)]
08:28:49.774 [main] DEBUG o.s.b.f.s.DefaultListableBeanFactory - Returning cached instance of singleton bean 'APIOfficeVisitController'
08:28:49.775 [main] DEBUG o.h.e.t.internal.TransactionImpl - begin
08:28:49.790 [main] DEBUG org.hibernate.SQL - select this_.id as id1_10_12_, this_.appointment_id as appointm5_10_12_, this_.basichealthmetrics_id as basichea6_10_12_, this_.date as date2_10_12_, this_.hcp_id as hcp_id7_10_12_, this_.hospital_id as hospital8_10_12_, this_.notes as notes3_10_12_, this_.patient_id as patient_9_10_12_, this_.type as type4_10_12_, appointmen2_.id as id1_0_0_, appointmen2_.comments as comments2_0_0_, appointmen2_.date as date3_0_0_, appointmen2_.hcp_id as hcp_id6_0_0_, appointmen2_.patient_id as patient_7_0_0_, appointmen2_.status as status4_0_0_, appointmen2_.type as type5_0_0_, user3_.username as username1_15_1_, user3_.enabled as enabled2_15_1_, user3_.password as password3_15_1_, user3_.role as role4_15_1_, user4_.username as username1_15_2_, user4_.enabled as enabled2_15_2_, user4_.password as password3_15_2_, user4_.role as role4_15_2_, basichealt5_.id as id1_1_3_, basichealt5_.diastolic as diastoli2_1_3_, basichealt5_.hcp_id as hcp_id12_1_3_, basichealt5_.hdl as hdl3_1_3_, basichealt5_.headCircumference as headCirc4_1_3_, basichealt5_.height as height5_1_3_, basichealt5_.houseSmokingStatus as houseSmo6_1_3_, basichealt5_.ldl as ldl7_1_3_, basichealt5_.patient_id as patient13_1_3_, basichealt5_.patientSmokingStatus as patientS8_1_3_, basichealt5_.systolic as systolic9_1_3_, basichealt5_.tri as tri10_1_3_, basichealt5_.weight as weight11_1_3_, user6_.username as username1_15_4_, user6_.enabled as enabled2_15_4_, user6_.password as password3_15_4_, user6_.role as role4_15_4_, user7_.username as username1_15_5_, user7_.enabled as enabled2_15_5_, user7_.password as password3_15_5_, user7_.role as role4_15_5_, user8_.username as username1_15_6_, user8_.enabled as enabled2_15_6_, user8_.password as password3_15_6_, user8_.role as role4_15_6_, hospital9_.name as name1_4_7_, hospital9_.address as address2_4_7_, hospital9_.state as state3_4_7_, hospital9_.zip as zip4_4_7_, user10_.username as username1_15_8_, user10_.enabled as enabled2_15_8_, user10_.password as password3_15_8_, user10_.role as role4_15_8_, prescripti11_.prescriptions_id as prescrip8_14_14_, prescripti11_.id as id1_14_14_, prescripti11_.id as id1_14_9_, prescripti11_.dosage as dosage2_14_9_, prescripti11_.drug_id as drug_id6_14_9_, prescripti11_.endDate as endDate3_14_9_, prescripti11_.patient_id as patient_7_14_9_, prescripti11_.renewals as renewals4_14_9_, prescripti11_.startDate as startDat5_14_9_, drug12_.id as id1_3_10_, drug12_.code as code2_3_10_, drug12_.description as descript3_3_10_, drug12_.name as name4_3_10_, user13_.username as username1_15_11_, user13_.enabled as enabled2_15_11_, user13_.password as password3_15_11_, user13_.role as role4_15_11_ from OfficeVisits this_ left outer join AppointmentRequests appointmen2_ on this_.appointment_id=appointmen2_.id left outer join Users user3_ on appointmen2_.hcp_id=user3_.username left outer join Users user4_ on appointmen2_.patient_id=user4_.username left outer join BasicHealthMetrics basichealt5_ on this_.basichealthmetrics_id=basichealt5_.id left outer join Users user6_ on basichealt5_.hcp_id=user6_.username left outer join Users user7_ on basichealt5_.patient_id=user7_.username inner join Users user8_ on this_.hcp_id=user8_.username inner join Hospitals hospital9_ on this_.hospital_id=hospital9_.name inner join Users user10_ on this_.patient_id=user10_.username left outer join Prescriptions prescripti11_ on this_.id=prescripti11_.prescriptions_id left outer join Drugs drug12_ on prescripti11_.drug_id=drug12_.id left outer join Users user13_ on prescripti11_.patient_id=user13_.username where this_.id=?
Hibernate: select this_.id as id1_10_12_, this_.appointment_id as appointm5_10_12_, this_.basichealthmetrics_id as basichea6_10_12_, this_.date as date2_10_12_, this_.hcp_id as hcp_id7_10_12_, this_.hospital_id as hospital8_10_12_, this_.notes as notes3_10_12_, this_.patient_id as patient_9_10_12_, this_.type as type4_10_12_, appointmen2_.id as id1_0_0_, appointmen2_.comments as comments2_0_0_, appointmen2_.date as date3_0_0_, appointmen2_.hcp_id as hcp_id6_0_0_, appointmen2_.patient_id as patient_7_0_0_, appointmen2_.status as status4_0_0_, appointmen2_.type as type5_0_0_, user3_.username as username1_15_1_, user3_.enabled as enabled2_15_1_, user3_.password as password3_15_1_, user3_.role as role4_15_1_, user4_.username as username1_15_2_, user4_.enabled as enabled2_15_2_, user4_.password as password3_15_2_, user4_.role as role4_15_2_, basichealt5_.id as id1_1_3_, basichealt5_.diastolic as diastoli2_1_3_, basichealt5_.hcp_id as hcp_id12_1_3_, basichealt5_.hdl as hdl3_1_3_, basichealt5_.headCircumference as headCirc4_1_3_, basichealt5_.height as height5_1_3_, basichealt5_.houseSmokingStatus as houseSmo6_1_3_, basichealt5_.ldl as ldl7_1_3_, basichealt5_.patient_id as patient13_1_3_, basichealt5_.patientSmokingStatus as patientS8_1_3_, basichealt5_.systolic as systolic9_1_3_, basichealt5_.tri as tri10_1_3_, basichealt5_.weight as weight11_1_3_, user6_.username as username1_15_4_, user6_.enabled as enabled2_15_4_, user6_.password as password3_15_4_, user6_.role as role4_15_4_, user7_.username as username1_15_5_, user7_.enabled as enabled2_15_5_, user7_.password as password3_15_5_, user7_.role as role4_15_5_, user8_.username as username1_15_6_, user8_.enabled as enabled2_15_6_, user8_.password as password3_15_6_, user8_.role as role4_15_6_, hospital9_.name as name1_4_7_, hospital9_.address as address2_4_7_, hospital9_.state as state3_4_7_, hospital9_.zip as zip4_4_7_, user10_.username as username1_15_8_, user10_.enabled as enabled2_15_8_, user10_.password as password3_15_8_, user10_.role as role4_15_8_, prescripti11_.prescriptions_id as prescrip8_14_14_, prescripti11_.id as id1_14_14_, prescripti11_.id as id1_14_9_, prescripti11_.dosage as dosage2_14_9_, prescripti11_.drug_id as drug_id6_14_9_, prescripti11_.endDate as endDate3_14_9_, prescripti11_.patient_id as patient_7_14_9_, prescripti11_.renewals as renewals4_14_9_, prescripti11_.startDate as startDat5_14_9_, drug12_.id as id1_3_10_, drug12_.code as code2_3_10_, drug12_.description as descript3_3_10_, drug12_.name as name4_3_10_, user13_.username as username1_15_11_, user13_.enabled as enabled2_15_11_, user13_.password as password3_15_11_, user13_.role as role4_15_11_ from OfficeVisits this_ left outer join AppointmentRequests appointmen2_ on this_.appointment_id=appointmen2_.id left outer join Users user3_ on appointmen2_.hcp_id=user3_.username left outer join Users user4_ on appointmen2_.patient_id=user4_.username left outer join BasicHealthMetrics basichealt5_ on this_.basichealthmetrics_id=basichealt5_.id left outer join Users user6_ on basichealt5_.hcp_id=user6_.username left outer join Users user7_ on basichealt5_.patient_id=user7_.username inner join Users user8_ on this_.hcp_id=user8_.username inner join Hospitals hospital9_ on this_.hospital_id=hospital9_.name inner join Users user10_ on this_.patient_id=user10_.username left outer join Prescriptions prescripti11_ on this_.id=prescripti11_.prescriptions_id left outer join Drugs drug12_ on prescripti11_.drug_id=drug12_.id left outer join Users user13_ on prescripti11_.patient_id=user13_.username where this_.id=?
08:28:49.793 [main] DEBUG o.h.e.l.i.CollectionLoadContext - No collections were found in result set for role: edu.ncsu.csc.itrust2.models.persistent.OfficeVisit.prescriptions
08:28:49.794 [main] DEBUG o.h.e.t.internal.TransactionImpl - committing
08:28:49.814 [main] DEBUG o.s.w.s.m.m.a.HttpEntityMethodProcessor - Written [{"status":"failed","message":"Could not delete -1 because of null"}] as "text/plain" using [org.springframework.http.converter.StringHttpMessageConverter@7150f3ad]
08:28:49.818 [main] DEBUG o.s.t.w.s.TestDispatcherServlet - Null ModelAndView returned to DispatcherServlet with name '': assuming HandlerAdapter completed request handling
08:28:49.819 [main] DEBUG o.s.t.w.s.TestDispatcherServlet - Successfully completed request
08:28:49.820 [main] DEBUG o.s.t.c.s.AbstractDirtiesContextTestExecutionListener - After test method: context [DefaultTestContext@7f46062e testClass = APIOfficeVisitTest, testInstance = edu.ncsu.csc.itrust2.apitest.APIOfficeVisitTest@a1dd106, testMethod = testDeleteNonExistentOfficeVisit@APIOfficeVisitTest, testException = java.lang.AssertionError: Status expected:<404> but was:<400>, mergedContextConfiguration = [WebMergedContextConfiguration@507948c8 testClass = APIOfficeVisitTest, locations = '{}', classes = '{class edu.ncsu.csc.itrust2.config.RootConfiguration, class edu.ncsu.csc.itrust2.mvc.config.WebMvcConfiguration}', contextInitializerClasses = '[]', activeProfiles = '{}', propertySourceLocations = '{}', propertySourceProperties = '{}', contextCustomizers = set[[empty]], resourceBasePath = 'src/main/webapp', contextLoader = 'org.springframework.test.context.web.WebDelegatingSmartContextLoader', parent = [null]]], class annotated with @DirtiesContext [false] with mode [null], method annotated with @DirtiesContext [false] with mode [null].
08:28:49.822 [main] DEBUG o.s.t.c.w.ServletTestExecutionListener - Resetting RequestContextHolder for test context [DefaultTestContext@7f46062e testClass = APIOfficeVisitTest, testInstance = edu.ncsu.csc.itrust2.apitest.APIOfficeVisitTest@a1dd106, testMethod = testDeleteNonExistentOfficeVisit@APIOfficeVisitTest, testException = java.lang.AssertionError: Status expected:<404> but was:<400>, mergedContextConfiguration = [WebMergedContextConfiguration@507948c8 testClass = APIOfficeVisitTest, locations = '{}', classes = '{class edu.ncsu.csc.itrust2.config.RootConfiguration, class edu.ncsu.csc.itrust2.mvc.config.WebMvcConfiguration}', contextInitializerClasses = '[]', activeProfiles = '{}', propertySourceLocations = '{}', propertySourceProperties = '{}', contextCustomizers = set[[empty]], resourceBasePath = 'src/main/webapp', contextLoader = 'org.springframework.test.context.web.WebDelegatingSmartContextLoader', parent = [null]]].
]]></system-out>
    <system-err><![CDATA[java.lang.NullPointerException
	at edu.ncsu.csc.itrust2.controllers.api.APIOfficeVisitController.deleteOfficeVisit(APIOfficeVisitController.java:142)
	at edu.ncsu.csc.itrust2.controllers.api.APIOfficeVisitController$$FastClassBySpringCGLIB$$3e0f2ac1.invoke(<generated>)
	at org.springframework.cglib.proxy.MethodProxy.invoke(MethodProxy.java:204)
	at org.springframework.aop.framework.CglibAopProxy$DynamicAdvisedInterceptor.intercept(CglibAopProxy.java:652)
	at edu.ncsu.csc.itrust2.controllers.api.APIOfficeVisitController$$EnhancerBySpringCGLIB$$e2a19132.deleteOfficeVisit(<generated>)
	at sun.reflect.NativeMethodAccessorImpl.invoke0(Native Method)
	at sun.reflect.NativeMethodAccessorImpl.invoke(NativeMethodAccessorImpl.java:62)
	at sun.reflect.DelegatingMethodAccessorImpl.invoke(DelegatingMethodAccessorImpl.java:43)
	at java.lang.reflect.Method.invoke(Method.java:498)
	at org.springframework.web.method.support.InvocableHandlerMethod.doInvoke(InvocableHandlerMethod.java:220)
	at org.springframework.web.method.support.InvocableHandlerMethod.invokeForRequest(InvocableHandlerMethod.java:134)
	at org.springframework.web.servlet.mvc.method.annotation.ServletInvocableHandlerMethod.invokeAndHandle(ServletInvocableHandlerMethod.java:116)
	at org.springframework.web.servlet.mvc.method.annotation.RequestMappingHandlerAdapter.invokeHandlerMethod(RequestMappingHandlerAdapter.java:827)
	at org.springframework.web.servlet.mvc.method.annotation.RequestMappingHandlerAdapter.handleInternal(RequestMappingHandlerAdapter.java:738)
	at org.springframework.web.servlet.mvc.method.AbstractHandlerMethodAdapter.handle(AbstractHandlerMethodAdapter.java:85)
	at org.springframework.web.servlet.DispatcherServlet.doDispatch(DispatcherServlet.java:963)
	at org.springframework.web.servlet.DispatcherServlet.doService(DispatcherServlet.java:897)
	at org.springframework.web.servlet.FrameworkServlet.processRequest(FrameworkServlet.java:970)
	at org.springframework.web.servlet.FrameworkServlet.doDelete(FrameworkServlet.java:894)
	at javax.servlet.http.HttpServlet.service(HttpServlet.java:694)
	at org.springframework.web.servlet.FrameworkServlet.service(FrameworkServlet.java:846)
	at org.springframework.test.web.servlet.TestDispatcherServlet.service(TestDispatcherServlet.java:65)
	at javax.servlet.http.HttpServlet.service(HttpServlet.java:770)
	at org.springframework.mock.web.MockFilterChain$ServletFilterProxy.doFilter(MockFilterChain.java:167)
	at org.springframework.mock.web.MockFilterChain.doFilter(MockFilterChain.java:134)
	at org.springframework.test.web.servlet.MockMvc.perform(MockMvc.java:155)
	at edu.ncsu.csc.itrust2.apitest.APIOfficeVisitTest.testDeleteNonExistentOfficeVisit(APIOfficeVisitTest.java:99)
	at sun.reflect.NativeMethodAccessorImpl.invoke0(Native Method)
	at sun.reflect.NativeMethodAccessorImpl.invoke(NativeMethodAccessorImpl.java:62)
	at sun.reflect.DelegatingMethodAccessorImpl.invoke(DelegatingMethodAccessorImpl.java:43)
	at java.lang.reflect.Method.invoke(Method.java:498)
	at org.junit.runners.model.FrameworkMethod$1.runReflectiveCall(FrameworkMethod.java:50)
	at org.junit.internal.runners.model.ReflectiveCallable.run(ReflectiveCallable.java:12)
	at org.junit.runners.model.FrameworkMethod.invokeExplosively(FrameworkMethod.java:47)
	at org.junit.internal.runners.statements.InvokeMethod.evaluate(InvokeMethod.java:17)
	at org.junit.internal.runners.statements.RunBefores.evaluate(RunBefores.java:26)
	at org.springframework.test.context.junit4.statements.RunBeforeTestMethodCallbacks.evaluate(RunBeforeTestMethodCallbacks.java:75)
	at org.springframework.test.context.junit4.statements.RunAfterTestMethodCallbacks.evaluate(RunAfterTestMethodCallbacks.java:86)
	at org.springframework.test.context.junit4.statements.SpringRepeat.evaluate(SpringRepeat.java:84)
	at org.junit.runners.ParentRunner.runLeaf(ParentRunner.java:325)
	at org.springframework.test.context.junit4.SpringJUnit4ClassRunner.runChild(SpringJUnit4ClassRunner.java:252)
	at org.springframework.test.context.junit4.SpringJUnit4ClassRunner.runChild(SpringJUnit4ClassRunner.java:94)
	at org.junit.runners.ParentRunner$3.run(ParentRunner.java:290)
	at org.junit.runners.ParentRunner$1.schedule(ParentRunner.java:71)
	at org.junit.runners.ParentRunner.runChildren(ParentRunner.java:288)
	at org.junit.runners.ParentRunner.access$000(ParentRunner.java:58)
	at org.junit.runners.ParentRunner$2.evaluate(ParentRunner.java:268)
	at org.springframework.test.context.junit4.statements.RunBeforeTestClassCallbacks.evaluate(RunBeforeTestClassCallbacks.java:61)
	at org.springframework.test.context.junit4.statements.RunAfterTestClassCallbacks.evaluate(RunAfterTestClassCallbacks.java:70)
	at org.junit.runners.ParentRunner.run(ParentRunner.java:363)
	at org.springframework.test.context.junit4.SpringJUnit4ClassRunner.run(SpringJUnit4ClassRunner.java:191)
	at org.apache.maven.surefire.junit4.JUnit4Provider.execute(JUnit4Provider.java:365)
	at org.apache.maven.surefire.junit4.JUnit4Provider.executeWithRerun(JUnit4Provider.java:272)
	at org.apache.maven.surefire.junit4.JUnit4Provider.executeTestSet(JUnit4Provider.java:236)
	at org.apache.maven.surefire.junit4.JUnit4Provider.invoke(JUnit4Provider.java:159)
	at org.apache.maven.surefire.booter.ForkedBooter.invokeProviderInSameClassLoader(ForkedBooter.java:386)
	at org.apache.maven.surefire.booter.ForkedBooter.runSuitesInProcess(ForkedBooter.java:323)
	at org.apache.maven.surefire.booter.ForkedBooter.main(ForkedBooter.java:143)
]]></system-err>
  </testcase>
  <testcase name="testGetNonExistentOfficeVisit" classname="edu.ncsu.csc.itrust2.apitest.APIOfficeVisitTest" time="0.034"/>
  <testcase name="testOfficeVisitAPI" classname="edu.ncsu.csc.itrust2.apitest.APIOfficeVisitTest" time="1.928">
    <error message="Request processing failed; nested exception is java.lang.NullPointerException" type="org.springframework.web.util.NestedServletException">org.springframework.web.util.NestedServletException: Request processing failed; nested exception is java.lang.NullPointerException
	at edu.ncsu.csc.itrust2.apitest.APIOfficeVisitTest.testOfficeVisitAPI(APIOfficeVisitTest.java:420)
Caused by: java.lang.NullPointerException
	at edu.ncsu.csc.itrust2.apitest.APIOfficeVisitTest.testOfficeVisitAPI(APIOfficeVisitTest.java:420)
</error>
    <system-out><![CDATA[08:28:49.918 [main] DEBUG o.s.t.annotation.ProfileValueUtils - Retrieved @ProfileValueSourceConfiguration [null] for test class [edu.ncsu.csc.itrust2.apitest.APIOfficeVisitTest]
08:28:49.918 [main] DEBUG o.s.t.annotation.ProfileValueUtils - Retrieved ProfileValueSource type [class org.springframework.test.annotation.SystemProfileValueSource] for class [edu.ncsu.csc.itrust2.apitest.APIOfficeVisitTest]
08:28:49.918 [main] DEBUG o.s.t.c.c.DefaultCacheAwareContextLoaderDelegate - Retrieved ApplicationContext from cache with key [[WebMergedContextConfiguration@507948c8 testClass = APIOfficeVisitTest, locations = '{}', classes = '{class edu.ncsu.csc.itrust2.config.RootConfiguration, class edu.ncsu.csc.itrust2.mvc.config.WebMvcConfiguration}', contextInitializerClasses = '[]', activeProfiles = '{}', propertySourceLocations = '{}', propertySourceProperties = '{}', contextCustomizers = set[[empty]], resourceBasePath = 'src/main/webapp', contextLoader = 'org.springframework.test.context.web.WebDelegatingSmartContextLoader', parent = [null]]]
08:28:49.918 [main] DEBUG o.springframework.test.context.cache - Spring test ApplicationContext cache statistics: [DefaultContextCache@637721f4 size = 1, maxSize = 32, parentContextCount = 0, hitCount = 48, missCount = 1]
08:28:49.926 [main] DEBUG o.s.t.c.w.ServletTestExecutionListener - Setting up MockHttpServletRequest, MockHttpServletResponse, ServletWebRequest, and RequestContextHolder for test context [DefaultTestContext@7f46062e testClass = APIOfficeVisitTest, testInstance = edu.ncsu.csc.itrust2.apitest.APIOfficeVisitTest@3a4bb03e, testMethod = [null], testException = [null], mergedContextConfiguration = [WebMergedContextConfiguration@507948c8 testClass = APIOfficeVisitTest, locations = '{}', classes = '{class edu.ncsu.csc.itrust2.config.RootConfiguration, class edu.ncsu.csc.itrust2.mvc.config.WebMvcConfiguration}', contextInitializerClasses = '[]', activeProfiles = '{}', propertySourceLocations = '{}', propertySourceProperties = '{}', contextCustomizers = set[[empty]], resourceBasePath = 'src/main/webapp', contextLoader = 'org.springframework.test.context.web.WebDelegatingSmartContextLoader', parent = [null]]].
08:28:49.926 [main] DEBUG o.s.t.c.s.DependencyInjectionTestExecutionListener - Performing dependency injection for test context [[DefaultTestContext@7f46062e testClass = APIOfficeVisitTest, testInstance = edu.ncsu.csc.itrust2.apitest.APIOfficeVisitTest@3a4bb03e, testMethod = [null], testException = [null], mergedContextConfiguration = [WebMergedContextConfiguration@507948c8 testClass = APIOfficeVisitTest, locations = '{}', classes = '{class edu.ncsu.csc.itrust2.config.RootConfiguration, class edu.ncsu.csc.itrust2.mvc.config.WebMvcConfiguration}', contextInitializerClasses = '[]', activeProfiles = '{}', propertySourceLocations = '{}', propertySourceProperties = '{}', contextCustomizers = set[[empty]], resourceBasePath = 'src/main/webapp', contextLoader = 'org.springframework.test.context.web.WebDelegatingSmartContextLoader', parent = [null]]]].
08:28:49.926 [main] DEBUG o.s.t.c.c.DefaultCacheAwareContextLoaderDelegate - Retrieved ApplicationContext from cache with key [[WebMergedContextConfiguration@507948c8 testClass = APIOfficeVisitTest, locations = '{}', classes = '{class edu.ncsu.csc.itrust2.config.RootConfiguration, class edu.ncsu.csc.itrust2.mvc.config.WebMvcConfiguration}', contextInitializerClasses = '[]', activeProfiles = '{}', propertySourceLocations = '{}', propertySourceProperties = '{}', contextCustomizers = set[[empty]], resourceBasePath = 'src/main/webapp', contextLoader = 'org.springframework.test.context.web.WebDelegatingSmartContextLoader', parent = [null]]]
08:28:49.927 [main] DEBUG o.springframework.test.context.cache - Spring test ApplicationContext cache statistics: [DefaultContextCache@637721f4 size = 1, maxSize = 32, parentContextCount = 0, hitCount = 49, missCount = 1]
08:28:49.927 [main] DEBUG o.s.b.f.annotation.InjectionMetadata - Processing injected element of bean 'edu.ncsu.csc.itrust2.apitest.APIOfficeVisitTest': AutowiredFieldElement for private org.springframework.web.context.WebApplicationContext edu.ncsu.csc.itrust2.apitest.APIOfficeVisitTest.context
08:28:49.928 [main] DEBUG o.s.t.c.s.AbstractDirtiesContextTestExecutionListener - Before test method: context [DefaultTestContext@7f46062e testClass = APIOfficeVisitTest, testInstance = edu.ncsu.csc.itrust2.apitest.APIOfficeVisitTest@3a4bb03e, testMethod = testOfficeVisitAPI@APIOfficeVisitTest, testException = [null], mergedContextConfiguration = [WebMergedContextConfiguration@507948c8 testClass = APIOfficeVisitTest, locations = '{}', classes = '{class edu.ncsu.csc.itrust2.config.RootConfiguration, class edu.ncsu.csc.itrust2.mvc.config.WebMvcConfiguration}', contextInitializerClasses = '[]', activeProfiles = '{}', propertySourceLocations = '{}', propertySourceProperties = '{}', contextCustomizers = set[[empty]], resourceBasePath = 'src/main/webapp', contextLoader = 'org.springframework.test.context.web.WebDelegatingSmartContextLoader', parent = [null]]], class annotated with @DirtiesContext [false] with mode [null], method annotated with @DirtiesContext [false] with mode [null].
08:28:49.928 [main] DEBUG o.s.t.w.s.TestDispatcherServlet - Initializing servlet ''
08:28:49.928 [main] DEBUG o.s.w.c.s.StandardServletEnvironment - Adding [servletConfigInitParams] PropertySource with lowest search precedence
08:28:49.929 [main] DEBUG o.s.w.c.s.StandardServletEnvironment - Adding [servletContextInitParams] PropertySource with lowest search precedence
08:28:49.929 [main] DEBUG o.s.w.c.s.StandardServletEnvironment - Adding [systemProperties] PropertySource with lowest search precedence
08:28:49.929 [main] DEBUG o.s.w.c.s.StandardServletEnvironment - Adding [systemEnvironment] PropertySource with lowest search precedence
08:28:49.929 [main] DEBUG o.s.w.c.s.StandardServletEnvironment - Initialized StandardServletEnvironment with PropertySources [servletConfigInitParams,servletContextInitParams,systemProperties,systemEnvironment]
08:28:49.929 [main] INFO  o.s.mock.web.MockServletContext - Initializing Spring FrameworkServlet ''
08:28:49.929 [main] INFO  o.s.t.w.s.TestDispatcherServlet - FrameworkServlet '': initialization started
08:28:49.930 [main] DEBUG o.s.t.w.s.TestDispatcherServlet - Unable to locate MultipartResolver with name 'multipartResolver': no multipart request handling provided
08:28:49.930 [main] DEBUG o.s.b.f.s.DefaultListableBeanFactory - Creating instance of bean 'org.springframework.web.servlet.i18n.AcceptHeaderLocaleResolver'
08:28:49.931 [main] DEBUG o.s.b.f.s.DefaultListableBeanFactory - Finished creating instance of bean 'org.springframework.web.servlet.i18n.AcceptHeaderLocaleResolver'
08:28:49.931 [main] DEBUG o.s.t.w.s.TestDispatcherServlet - Unable to locate LocaleResolver with name 'localeResolver': using default [org.springframework.web.servlet.i18n.AcceptHeaderLocaleResolver@1a202bc5]
08:28:49.931 [main] DEBUG o.s.b.f.s.DefaultListableBeanFactory - Creating instance of bean 'org.springframework.web.servlet.theme.FixedThemeResolver'
08:28:49.932 [main] DEBUG o.s.b.f.s.DefaultListableBeanFactory - Finished creating instance of bean 'org.springframework.web.servlet.theme.FixedThemeResolver'
08:28:49.932 [main] DEBUG o.s.t.w.s.TestDispatcherServlet - Unable to locate ThemeResolver with name 'themeResolver': using default [org.springframework.web.servlet.theme.FixedThemeResolver@338ae6c6]
08:28:49.932 [main] DEBUG o.s.b.f.s.DefaultListableBeanFactory - Returning cached instance of singleton bean 'requestMappingHandlerMapping'
08:28:49.932 [main] DEBUG o.s.b.f.s.DefaultListableBeanFactory - Returning cached instance of singleton bean 'viewControllerHandlerMapping'
08:28:49.932 [main] DEBUG o.s.b.f.s.DefaultListableBeanFactory - Returning cached instance of singleton bean 'beanNameHandlerMapping'
08:28:49.932 [main] DEBUG o.s.b.f.s.DefaultListableBeanFactory - Returning cached instance of singleton bean 'resourceHandlerMapping'
08:28:49.933 [main] DEBUG o.s.b.f.s.DefaultListableBeanFactory - Returning cached instance of singleton bean 'defaultServletHandlerMapping'
08:28:49.933 [main] DEBUG o.s.b.f.s.DefaultListableBeanFactory - Returning cached instance of singleton bean 'requestMappingHandlerAdapter'
08:28:49.938 [main] DEBUG o.s.b.f.s.DefaultListableBeanFactory - Returning cached instance of singleton bean 'httpRequestHandlerAdapter'
08:28:49.938 [main] DEBUG o.s.b.f.s.DefaultListableBeanFactory - Returning cached instance of singleton bean 'simpleControllerHandlerAdapter'
08:28:49.938 [main] DEBUG o.s.b.f.s.DefaultListableBeanFactory - Returning cached instance of singleton bean 'handlerExceptionResolver'
08:28:49.939 [main] DEBUG o.s.b.f.s.DefaultListableBeanFactory - Creating instance of bean 'org.springframework.web.servlet.view.DefaultRequestToViewNameTranslator'
08:28:49.943 [main] DEBUG o.s.b.f.s.DefaultListableBeanFactory - Finished creating instance of bean 'org.springframework.web.servlet.view.DefaultRequestToViewNameTranslator'
08:28:49.943 [main] DEBUG o.s.t.w.s.TestDispatcherServlet - Unable to locate RequestToViewNameTranslator with name 'viewNameTranslator': using default [org.springframework.web.servlet.view.DefaultRequestToViewNameTranslator@54a76ac9]
08:28:49.944 [main] DEBUG o.s.b.f.s.DefaultListableBeanFactory - Returning cached instance of singleton bean 'mvcViewResolver'
08:28:49.944 [main] DEBUG o.s.b.f.s.DefaultListableBeanFactory - Returning cached instance of singleton bean 'viewResolver'
08:28:49.944 [main] DEBUG o.s.b.f.s.DefaultListableBeanFactory - Creating instance of bean 'org.springframework.web.servlet.support.SessionFlashMapManager'
08:28:49.945 [main] DEBUG o.s.b.f.s.DefaultListableBeanFactory - Finished creating instance of bean 'org.springframework.web.servlet.support.SessionFlashMapManager'
08:28:49.945 [main] DEBUG o.s.t.w.s.TestDispatcherServlet - Unable to locate FlashMapManager with name 'flashMapManager': using default [org.springframework.web.servlet.support.SessionFlashMapManager@7daf48e0]
08:28:49.945 [main] DEBUG o.s.t.w.s.TestDispatcherServlet - Published WebApplicationContext of servlet '' as ServletContext attribute with name [org.springframework.web.servlet.FrameworkServlet.CONTEXT.]
08:28:49.945 [main] INFO  o.s.t.w.s.TestDispatcherServlet - FrameworkServlet '': initialization completed in 16 ms
08:28:49.945 [main] DEBUG o.s.t.w.s.TestDispatcherServlet - Servlet '' configured successfully
08:28:49.946 [main] DEBUG o.h.e.t.internal.TransactionImpl - begin
08:28:49.947 [main] DEBUG org.hibernate.SQL - select this_.username as username1_15_0_, this_.enabled as enabled2_15_0_, this_.password as password3_15_0_, this_.role as role4_15_0_ from Users this_ where this_.username=? and this_.role=?
Hibernate: select this_.username as username1_15_0_, this_.enabled as enabled2_15_0_, this_.password as password3_15_0_, this_.role as role4_15_0_ from Users this_ where this_.username=? and this_.role=?
08:28:49.948 [main] DEBUG org.hibernate.loader.Loader - Result set row: 0
08:28:49.948 [main] DEBUG org.hibernate.loader.Loader - Result row: EntityKey[edu.ncsu.csc.itrust2.models.persistent.User#patient]
08:28:49.948 [main] DEBUG o.h.engine.internal.TwoPhaseLoad - Resolving associations for [edu.ncsu.csc.itrust2.models.persistent.User#patient]
08:28:49.949 [main] DEBUG o.h.engine.internal.TwoPhaseLoad - Done materializing entity [edu.ncsu.csc.itrust2.models.persistent.User#patient]
08:28:49.952 [main] DEBUG o.h.e.t.internal.TransactionImpl - committing
08:28:49.952 [main] DEBUG o.h.e.i.AbstractFlushingEventListener - Processing flush-time cascades
08:28:49.952 [main] DEBUG o.h.e.i.AbstractFlushingEventListener - Dirty checking collections
08:28:49.953 [main] DEBUG o.h.e.i.AbstractFlushingEventListener - Flushed: 0 insertions, 0 updates, 0 deletions to 1 objects
08:28:49.953 [main] DEBUG o.h.e.i.AbstractFlushingEventListener - Flushed: 0 (re)creations, 0 updates, 0 removals to 0 collections
08:28:49.953 [main] DEBUG o.h.internal.util.EntityPrinter - Listing entities:
08:28:49.953 [main] DEBUG o.h.internal.util.EntityPrinter - edu.ncsu.csc.itrust2.models.persistent.User{password=$2a$10$EblZqNptyYvcLm/VwDCVAuBjzZOI7khzdyGPBr08PpIi0na624b8., role=ROLE_PATIENT, enabled=1, username=patient}
08:28:49.958 [main] DEBUG o.h.e.t.internal.TransactionImpl - begin
08:28:49.959 [main] DEBUG org.hibernate.SQL - select this_.self_id as self_id18_12_2_, this_.address1 as address1_12_2_, this_.address2 as address2_12_2_, this_.bloodType as bloodTyp3_12_2_, this_.causeOfDeath as causeOfD4_12_2_, this_.city as city5_12_2_, this_.dateOfBirth as dateOfBi6_12_2_, this_.dateOfDeath as dateOfDe7_12_2_, this_.email as email8_12_2_, this_.ethnicity as ethnicit9_12_2_, this_.father_id as father_19_12_2_, this_.firstName as firstNa10_12_2_, this_.gender as gender11_12_2_, this_.id as id12_12_2_, this_.lastName as lastNam13_12_2_, this_.mother_id as mother_20_12_2_, this_.phone as phone14_12_2_, this_.preferredName as preferr15_12_2_, this_.state as state16_12_2_, this_.zip as zip17_12_2_, user2_.username as username1_15_0_, user2_.enabled as enabled2_15_0_, user2_.password as password3_15_0_, user2_.role as role4_15_0_, user3_.username as username1_15_1_, user3_.enabled as enabled2_15_1_, user3_.password as password3_15_1_, user3_.role as role4_15_1_ from Patients this_ left outer join Users user2_ on this_.father_id=user2_.username left outer join Users user3_ on this_.mother_id=user3_.username where this_.self_id=?
Hibernate: select this_.self_id as self_id18_12_2_, this_.address1 as address1_12_2_, this_.address2 as address2_12_2_, this_.bloodType as bloodTyp3_12_2_, this_.causeOfDeath as causeOfD4_12_2_, this_.city as city5_12_2_, this_.dateOfBirth as dateOfBi6_12_2_, this_.dateOfDeath as dateOfDe7_12_2_, this_.email as email8_12_2_, this_.ethnicity as ethnicit9_12_2_, this_.father_id as father_19_12_2_, this_.firstName as firstNa10_12_2_, this_.gender as gender11_12_2_, this_.id as id12_12_2_, this_.lastName as lastNam13_12_2_, this_.mother_id as mother_20_12_2_, this_.phone as phone14_12_2_, this_.preferredName as preferr15_12_2_, this_.state as state16_12_2_, this_.zip as zip17_12_2_, user2_.username as username1_15_0_, user2_.enabled as enabled2_15_0_, user2_.password as password3_15_0_, user2_.role as role4_15_0_, user3_.username as username1_15_1_, user3_.enabled as enabled2_15_1_, user3_.password as password3_15_1_, user3_.role as role4_15_1_ from Patients this_ left outer join Users user2_ on this_.father_id=user2_.username left outer join Users user3_ on this_.mother_id=user3_.username where this_.self_id=?
08:28:49.960 [main] DEBUG o.h.e.t.internal.TransactionImpl - committing
08:28:49.971 [main] DEBUG o.s.t.w.s.TestDispatcherServlet - DispatcherServlet with name '' processing POST request for [/api/v1/users]
08:28:49.973 [main] DEBUG o.s.w.s.m.m.a.RequestMappingHandlerMapping - Looking up handler method for path /api/v1/users
08:28:49.973 [main] DEBUG o.s.w.s.m.m.a.RequestMappingHandlerMapping - Returning handler method [public org.springframework.http.ResponseEntity edu.ncsu.csc.itrust2.controllers.api.APIUserController.createUser(edu.ncsu.csc.itrust2.forms.admin.UserForm)]
08:28:49.974 [main] DEBUG o.s.b.f.s.DefaultListableBeanFactory - Returning cached instance of singleton bean 'APIUserController'
08:28:49.974 [main] DEBUG o.s.w.s.m.m.a.RequestResponseBodyMethodProcessor - Read [class edu.ncsu.csc.itrust2.forms.admin.UserForm] as "application/json" with [org.springframework.http.converter.json.GsonHttpMessageConverter@5dd5be49]
08:28:50.264 [main] DEBUG o.h.e.t.internal.TransactionImpl - begin
08:28:50.265 [main] DEBUG org.hibernate.SQL - select this_.username as username1_15_0_, this_.enabled as enabled2_15_0_, this_.password as password3_15_0_, this_.role as role4_15_0_ from Users this_ where this_.username=?
Hibernate: select this_.username as username1_15_0_, this_.enabled as enabled2_15_0_, this_.password as password3_15_0_, this_.role as role4_15_0_ from Users this_ where this_.username=?
08:28:50.266 [main] DEBUG org.hibernate.loader.Loader - Result set row: 0
08:28:50.266 [main] DEBUG org.hibernate.loader.Loader - Result row: EntityKey[edu.ncsu.csc.itrust2.models.persistent.User#hcp]
08:28:50.266 [main] DEBUG o.h.engine.internal.TwoPhaseLoad - Resolving associations for [edu.ncsu.csc.itrust2.models.persistent.User#hcp]
08:28:50.267 [main] DEBUG o.h.engine.internal.TwoPhaseLoad - Done materializing entity [edu.ncsu.csc.itrust2.models.persistent.User#hcp]
08:28:50.267 [main] DEBUG o.h.e.t.internal.TransactionImpl - committing
08:28:50.267 [main] DEBUG o.h.e.i.AbstractFlushingEventListener - Processing flush-time cascades
08:28:50.267 [main] DEBUG o.h.e.i.AbstractFlushingEventListener - Dirty checking collections
08:28:50.267 [main] DEBUG o.h.e.i.AbstractFlushingEventListener - Flushed: 0 insertions, 0 updates, 0 deletions to 1 objects
08:28:50.267 [main] DEBUG o.h.e.i.AbstractFlushingEventListener - Flushed: 0 (re)creations, 0 updates, 0 removals to 0 collections
08:28:50.267 [main] DEBUG o.h.internal.util.EntityPrinter - Listing entities:
08:28:50.268 [main] DEBUG o.h.internal.util.EntityPrinter - edu.ncsu.csc.itrust2.models.persistent.User{password=$2a$10$EblZqNptyYvcLm/VwDCVAuBjzZOI7khzdyGPBr08PpIi0na624b8., role=ROLE_HCP, enabled=1, username=hcp}
08:28:50.269 [main] DEBUG o.s.w.s.m.m.a.HttpEntityMethodProcessor - Written [{"status":"failed","message":"User with the id hcp already exists"}] as "text/plain" using [org.springframework.http.converter.StringHttpMessageConverter@7150f3ad]
08:28:50.269 [main] DEBUG o.s.t.w.s.TestDispatcherServlet - Null ModelAndView returned to DispatcherServlet with name '': assuming HandlerAdapter completed request handling
08:28:50.269 [main] DEBUG o.s.t.w.s.TestDispatcherServlet - Successfully completed request
08:28:50.270 [main] DEBUG o.s.t.w.s.TestDispatcherServlet - DispatcherServlet with name '' processing POST request for [/api/v1/users]
08:28:50.271 [main] DEBUG o.s.w.s.m.m.a.RequestMappingHandlerMapping - Looking up handler method for path /api/v1/users
08:28:50.271 [main] DEBUG o.s.w.s.m.m.a.RequestMappingHandlerMapping - Returning handler method [public org.springframework.http.ResponseEntity edu.ncsu.csc.itrust2.controllers.api.APIUserController.createUser(edu.ncsu.csc.itrust2.forms.admin.UserForm)]
08:28:50.278 [main] DEBUG o.s.b.f.s.DefaultListableBeanFactory - Returning cached instance of singleton bean 'APIUserController'
08:28:50.279 [main] DEBUG o.s.w.s.m.m.a.RequestResponseBodyMethodProcessor - Read [class edu.ncsu.csc.itrust2.forms.admin.UserForm] as "application/json" with [org.springframework.http.converter.json.GsonHttpMessageConverter@5dd5be49]
08:28:50.504 [main] DEBUG o.h.e.t.internal.TransactionImpl - begin
08:28:50.515 [main] DEBUG org.hibernate.SQL - select this_.username as username1_15_0_, this_.enabled as enabled2_15_0_, this_.password as password3_15_0_, this_.role as role4_15_0_ from Users this_ where this_.username=?
Hibernate: select this_.username as username1_15_0_, this_.enabled as enabled2_15_0_, this_.password as password3_15_0_, this_.role as role4_15_0_ from Users this_ where this_.username=?
08:28:50.516 [main] DEBUG org.hibernate.loader.Loader - Result set row: 0
08:28:50.516 [main] DEBUG org.hibernate.loader.Loader - Result row: EntityKey[edu.ncsu.csc.itrust2.models.persistent.User#patient]
08:28:50.516 [main] DEBUG o.h.engine.internal.TwoPhaseLoad - Resolving associations for [edu.ncsu.csc.itrust2.models.persistent.User#patient]
08:28:50.516 [main] DEBUG o.h.engine.internal.TwoPhaseLoad - Done materializing entity [edu.ncsu.csc.itrust2.models.persistent.User#patient]
08:28:50.517 [main] DEBUG o.h.e.t.internal.TransactionImpl - committing
08:28:50.517 [main] DEBUG o.h.e.i.AbstractFlushingEventListener - Processing flush-time cascades
08:28:50.517 [main] DEBUG o.h.e.i.AbstractFlushingEventListener - Dirty checking collections
08:28:50.517 [main] DEBUG o.h.e.i.AbstractFlushingEventListener - Flushed: 0 insertions, 0 updates, 0 deletions to 1 objects
08:28:50.517 [main] DEBUG o.h.e.i.AbstractFlushingEventListener - Flushed: 0 (re)creations, 0 updates, 0 removals to 0 collections
08:28:50.517 [main] DEBUG o.h.internal.util.EntityPrinter - Listing entities:
08:28:50.518 [main] DEBUG o.h.internal.util.EntityPrinter - edu.ncsu.csc.itrust2.models.persistent.User{password=$2a$10$EblZqNptyYvcLm/VwDCVAuBjzZOI7khzdyGPBr08PpIi0na624b8., role=ROLE_PATIENT, enabled=1, username=patient}
08:28:50.520 [main] DEBUG o.s.w.s.m.m.a.HttpEntityMethodProcessor - Written [{"status":"failed","message":"User with the id patient already exists"}] as "text/plain" using [org.springframework.http.converter.StringHttpMessageConverter@7150f3ad]
08:28:50.520 [main] DEBUG o.s.t.w.s.TestDispatcherServlet - Null ModelAndView returned to DispatcherServlet with name '': assuming HandlerAdapter completed request handling
08:28:50.520 [main] DEBUG o.s.t.w.s.TestDispatcherServlet - Successfully completed request
08:28:50.521 [main] DEBUG o.s.t.w.s.TestDispatcherServlet - DispatcherServlet with name '' processing POST request for [/api/v1/hospitals]
08:28:50.521 [main] DEBUG o.s.w.s.m.m.a.RequestMappingHandlerMapping - Looking up handler method for path /api/v1/hospitals
08:28:50.522 [main] DEBUG o.s.w.s.m.m.a.RequestMappingHandlerMapping - Returning handler method [public org.springframework.http.ResponseEntity edu.ncsu.csc.itrust2.controllers.api.APIHospitalController.createHospital(edu.ncsu.csc.itrust2.forms.admin.HospitalForm)]
08:28:50.522 [main] DEBUG o.s.b.f.s.DefaultListableBeanFactory - Returning cached instance of singleton bean 'APIHospitalController'
08:28:50.522 [main] DEBUG o.s.w.s.m.m.a.RequestResponseBodyMethodProcessor - Read [class edu.ncsu.csc.itrust2.forms.admin.HospitalForm] as "application/json" with [org.springframework.http.converter.json.GsonHttpMessageConverter@5dd5be49]
08:28:50.523 [main] DEBUG o.h.e.t.internal.TransactionImpl - begin
08:28:50.524 [main] DEBUG org.hibernate.SQL - select this_.name as name1_4_0_, this_.address as address2_4_0_, this_.state as state3_4_0_, this_.zip as zip4_4_0_ from Hospitals this_ where this_.name=?
Hibernate: select this_.name as name1_4_0_, this_.address as address2_4_0_, this_.state as state3_4_0_, this_.zip as zip4_4_0_ from Hospitals this_ where this_.name=?
08:28:50.524 [main] DEBUG org.hibernate.loader.Loader - Result set row: 0
08:28:50.525 [main] DEBUG org.hibernate.loader.Loader - Result row: EntityKey[edu.ncsu.csc.itrust2.models.persistent.Hospital#iTrust Test Hospital 2]
08:28:50.525 [main] DEBUG o.h.engine.internal.TwoPhaseLoad - Resolving associations for [edu.ncsu.csc.itrust2.models.persistent.Hospital#iTrust Test Hospital 2]
08:28:50.525 [main] DEBUG o.h.engine.internal.TwoPhaseLoad - Done materializing entity [edu.ncsu.csc.itrust2.models.persistent.Hospital#iTrust Test Hospital 2]
08:28:50.525 [main] DEBUG o.h.e.t.internal.TransactionImpl - committing
08:28:50.525 [main] DEBUG o.h.e.i.AbstractFlushingEventListener - Processing flush-time cascades
08:28:50.525 [main] DEBUG o.h.e.i.AbstractFlushingEventListener - Dirty checking collections
08:28:50.526 [main] DEBUG o.h.e.i.AbstractFlushingEventListener - Flushed: 0 insertions, 0 updates, 0 deletions to 1 objects
08:28:50.526 [main] DEBUG o.h.e.i.AbstractFlushingEventListener - Flushed: 0 (re)creations, 0 updates, 0 removals to 0 collections
08:28:50.526 [main] DEBUG o.h.internal.util.EntityPrinter - Listing entities:
08:28:50.526 [main] DEBUG o.h.internal.util.EntityPrinter - edu.ncsu.csc.itrust2.models.persistent.Hospital{zip=27607, address=1 iTrust Test Street, name=iTrust Test Hospital 2, state=NC}
08:28:50.527 [main] DEBUG o.h.e.t.internal.TransactionImpl - begin
08:28:50.527 [main] DEBUG org.hibernate.SQL - select hospital_.name, hospital_.address as address2_4_, hospital_.state as state3_4_, hospital_.zip as zip4_4_ from Hospitals hospital_ where hospital_.name=?
Hibernate: select hospital_.name, hospital_.address as address2_4_, hospital_.state as state3_4_, hospital_.zip as zip4_4_ from Hospitals hospital_ where hospital_.name=?
08:28:50.528 [main] DEBUG o.h.r.j.i.ResourceRegistryStandardImpl - HHH000387: ResultSet's statement was not registered
08:28:50.528 [main] DEBUG o.h.e.t.internal.TransactionImpl - committing
08:28:50.528 [main] DEBUG o.h.e.i.AbstractFlushingEventListener - Processing flush-time cascades
08:28:50.534 [main] DEBUG o.h.e.i.AbstractFlushingEventListener - Dirty checking collections
08:28:50.534 [main] DEBUG o.h.e.i.AbstractFlushingEventListener - Flushed: 0 insertions, 0 updates, 0 deletions to 1 objects
08:28:50.534 [main] DEBUG o.h.e.i.AbstractFlushingEventListener - Flushed: 0 (re)creations, 0 updates, 0 removals to 0 collections
08:28:50.534 [main] DEBUG o.h.internal.util.EntityPrinter - Listing entities:
08:28:50.535 [main] DEBUG o.h.internal.util.EntityPrinter - edu.ncsu.csc.itrust2.models.persistent.Hospital{zip=27607, address=1 iTrust Test Street, name=iTrust Test Hospital 2, state=NC}
08:28:50.536 [main] DEBUG o.h.e.t.internal.TransactionImpl - begin
08:28:50.536 [main] DEBUG org.hibernate.SQL - select next_val as id_val from hibernate_sequence for update
Hibernate: select next_val as id_val from hibernate_sequence for update
08:28:50.538 [main] DEBUG org.hibernate.SQL - update hibernate_sequence set next_val= ? where next_val=?
Hibernate: update hibernate_sequence set next_val= ? where next_val=?
08:28:50.541 [main] DEBUG o.h.e.i.AbstractSaveEventListener - Generated identifier: 57, using strategy: org.hibernate.id.enhanced.SequenceStyleGenerator
08:28:50.542 [main] DEBUG o.h.e.t.internal.TransactionImpl - committing
08:28:50.542 [main] DEBUG o.h.e.i.AbstractFlushingEventListener - Processing flush-time cascades
08:28:50.542 [main] DEBUG o.h.e.i.AbstractFlushingEventListener - Dirty checking collections
08:28:50.542 [main] DEBUG o.h.e.i.AbstractFlushingEventListener - Flushed: 1 insertions, 0 updates, 0 deletions to 1 objects
08:28:50.542 [main] DEBUG o.h.e.i.AbstractFlushingEventListener - Flushed: 0 (re)creations, 0 updates, 0 removals to 0 collections
08:28:50.542 [main] DEBUG o.h.internal.util.EntityPrinter - Listing entities:
08:28:50.542 [main] DEBUG o.h.internal.util.EntityPrinter - edu.ncsu.csc.itrust2.models.persistent.LogEntry{secondaryUser=null, logCode=15, primaryUser=SPRING_API_TEST_USER, id=57, time=java.util.GregorianCalendar[time=1521721730536,areFieldsSet=true,areAllFieldsSet=true,lenient=true,zone=sun.util.calendar.ZoneInfo[id="America/New_York",offset=-18000000,dstSavings=3600000,useDaylight=true,transitions=235,lastRule=java.util.SimpleTimeZone[id=America/New_York,offset=-18000000,dstSavings=3600000,useDaylight=true,startYear=0,startMode=3,startMonth=2,startDay=8,startDayOfWeek=1,startTime=7200000,startTimeMode=0,endMode=3,endMonth=10,endDay=1,endDayOfWeek=1,endTime=7200000,endTimeMode=0]],firstDayOfWeek=1,minimalDaysInFirstWeek=1,ERA=1,YEAR=2018,MONTH=2,WEEK_OF_YEAR=12,WEEK_OF_MONTH=4,DAY_OF_MONTH=22,DAY_OF_YEAR=81,DAY_OF_WEEK=5,DAY_OF_WEEK_IN_MONTH=4,AM_PM=0,HOUR=8,HOUR_OF_DAY=8,MINUTE=28,SECOND=50,MILLISECOND=536,ZONE_OFFSET=-18000000,DST_OFFSET=3600000], message=null}
08:28:50.543 [main] DEBUG org.hibernate.SQL - insert into LogEntries (logCode, message, primaryUser, secondaryUser, time, id) values (?, ?, ?, ?, ?, ?)
Hibernate: insert into LogEntries (logCode, message, primaryUser, secondaryUser, time, id) values (?, ?, ?, ?, ?, ?)
08:28:50.547 [main] DEBUG o.h.e.j.internal.JdbcCoordinatorImpl - HHH000420: Closing un-released batch
08:28:50.547 [main] DEBUG o.s.w.s.m.m.a.HttpEntityMethodProcessor - Written [edu.ncsu.csc.itrust2.models.persistent.Hospital@23eace5d] as "application/json" using [org.springframework.http.converter.json.GsonHttpMessageConverter@5dd5be49]
08:28:50.548 [main] DEBUG o.s.t.w.s.TestDispatcherServlet - Null ModelAndView returned to DispatcherServlet with name '': assuming HandlerAdapter completed request handling
08:28:50.548 [main] DEBUG o.s.t.w.s.TestDispatcherServlet - Successfully completed request
08:28:50.548 [main] DEBUG o.s.t.w.s.TestDispatcherServlet - DispatcherServlet with name '' processing DELETE request for [/api/v1/officevisits]
08:28:50.549 [main] DEBUG o.s.w.s.m.m.a.RequestMappingHandlerMapping - Looking up handler method for path /api/v1/officevisits
08:28:50.549 [main] DEBUG o.s.w.s.m.m.a.RequestMappingHandlerMapping - Returning handler method [public void edu.ncsu.csc.itrust2.controllers.api.APIOfficeVisitController.deleteOfficeVisits()]
08:28:50.550 [main] DEBUG o.s.b.f.s.DefaultListableBeanFactory - Returning cached instance of singleton bean 'APIOfficeVisitController'
08:28:50.550 [main] DEBUG o.h.e.t.internal.TransactionImpl - begin
08:28:50.552 [main] DEBUG org.hibernate.SQL - select next_val as id_val from hibernate_sequence for update
Hibernate: select next_val as id_val from hibernate_sequence for update
08:28:50.553 [main] DEBUG org.hibernate.SQL - update hibernate_sequence set next_val= ? where next_val=?
Hibernate: update hibernate_sequence set next_val= ? where next_val=?
08:28:50.555 [main] DEBUG o.h.e.i.AbstractSaveEventListener - Generated identifier: 58, using strategy: org.hibernate.id.enhanced.SequenceStyleGenerator
08:28:50.556 [main] DEBUG o.h.e.t.internal.TransactionImpl - committing
08:28:50.556 [main] DEBUG o.h.e.i.AbstractFlushingEventListener - Processing flush-time cascades
08:28:50.556 [main] DEBUG o.h.e.i.AbstractFlushingEventListener - Dirty checking collections
08:28:50.556 [main] DEBUG o.h.e.i.AbstractFlushingEventListener - Flushed: 1 insertions, 0 updates, 0 deletions to 1 objects
08:28:50.556 [main] DEBUG o.h.e.i.AbstractFlushingEventListener - Flushed: 0 (re)creations, 0 updates, 0 removals to 0 collections
08:28:50.556 [main] DEBUG o.h.internal.util.EntityPrinter - Listing entities:
08:28:50.557 [main] DEBUG o.h.internal.util.EntityPrinter - edu.ncsu.csc.itrust2.models.persistent.LogEntry{secondaryUser=null, logCode=30, primaryUser=SPRING_API_TEST_USER, id=58, time=java.util.GregorianCalendar[time=1521721730550,areFieldsSet=true,areAllFieldsSet=true,lenient=true,zone=sun.util.calendar.ZoneInfo[id="America/New_York",offset=-18000000,dstSavings=3600000,useDaylight=true,transitions=235,lastRule=java.util.SimpleTimeZone[id=America/New_York,offset=-18000000,dstSavings=3600000,useDaylight=true,startYear=0,startMode=3,startMonth=2,startDay=8,startDayOfWeek=1,startTime=7200000,startTimeMode=0,endMode=3,endMonth=10,endDay=1,endDayOfWeek=1,endTime=7200000,endTimeMode=0]],firstDayOfWeek=1,minimalDaysInFirstWeek=1,ERA=1,YEAR=2018,MONTH=2,WEEK_OF_YEAR=12,WEEK_OF_MONTH=4,DAY_OF_MONTH=22,DAY_OF_YEAR=81,DAY_OF_WEEK=5,DAY_OF_WEEK_IN_MONTH=4,AM_PM=0,HOUR=8,HOUR_OF_DAY=8,MINUTE=28,SECOND=50,MILLISECOND=550,ZONE_OFFSET=-18000000,DST_OFFSET=3600000], message=null}
08:28:50.558 [main] DEBUG org.hibernate.SQL - insert into LogEntries (logCode, message, primaryUser, secondaryUser, time, id) values (?, ?, ?, ?, ?, ?)
Hibernate: insert into LogEntries (logCode, message, primaryUser, secondaryUser, time, id) values (?, ?, ?, ?, ?, ?)
08:28:50.567 [main] DEBUG o.h.e.j.internal.JdbcCoordinatorImpl - HHH000420: Closing un-released batch
08:28:50.568 [main] DEBUG o.h.e.t.internal.TransactionImpl - begin
08:28:50.569 [main] DEBUG org.hibernate.SQL - select this_.id as id1_2_8_, this_.code_id as code_id3_2_8_, this_.note as note2_2_8_, this_.visit_id as visit_id4_2_8_, icdcode2_.id as id1_5_0_, icdcode2_.code as code2_5_0_, icdcode2_.description as descript3_5_0_, officevisi3_.id as id1_10_1_, officevisi3_.appointment_id as appointm5_10_1_, officevisi3_.basichealthmetrics_id as basichea6_10_1_, officevisi3_.date as date2_10_1_, officevisi3_.hcp_id as hcp_id7_10_1_, officevisi3_.hospital_id as hospital8_10_1_, officevisi3_.notes as notes3_10_1_, officevisi3_.patient_id as patient_9_10_1_, officevisi3_.type as type4_10_1_, appointmen4_.id as id1_0_2_, appointmen4_.comments as comments2_0_2_, appointmen4_.date as date3_0_2_, appointmen4_.hcp_id as hcp_id6_0_2_, appointmen4_.patient_id as patient_7_0_2_, appointmen4_.status as status4_0_2_, appointmen4_.type as type5_0_2_, basichealt5_.id as id1_1_3_, basichealt5_.diastolic as diastoli2_1_3_, basichealt5_.hcp_id as hcp_id12_1_3_, basichealt5_.hdl as hdl3_1_3_, basichealt5_.headCircumference as headCirc4_1_3_, basichealt5_.height as height5_1_3_, basichealt5_.houseSmokingStatus as houseSmo6_1_3_, basichealt5_.ldl as ldl7_1_3_, basichealt5_.patient_id as patient13_1_3_, basichealt5_.patientSmokingStatus as patientS8_1_3_, basichealt5_.systolic as systolic9_1_3_, basichealt5_.tri as tri10_1_3_, basichealt5_.weight as weight11_1_3_, user6_.username as username1_15_4_, user6_.enabled as enabled2_15_4_, user6_.password as password3_15_4_, user6_.role as role4_15_4_, hospital7_.name as name1_4_5_, hospital7_.address as address2_4_5_, hospital7_.state as state3_4_5_, hospital7_.zip as zip4_4_5_, user8_.username as username1_15_6_, user8_.enabled as enabled2_15_6_, user8_.password as password3_15_6_, user8_.role as role4_15_6_, prescripti9_.prescriptions_id as prescrip8_14_10_, prescripti9_.id as id1_14_10_, prescripti9_.id as id1_14_7_, prescripti9_.dosage as dosage2_14_7_, prescripti9_.drug_id as drug_id6_14_7_, prescripti9_.endDate as endDate3_14_7_, prescripti9_.patient_id as patient_7_14_7_, prescripti9_.renewals as renewals4_14_7_, prescripti9_.startDate as startDat5_14_7_ from Diagnoses this_ inner join ICDCodes icdcode2_ on this_.code_id=icdcode2_.id inner join OfficeVisits officevisi3_ on this_.visit_id=officevisi3_.id left outer join AppointmentRequests appointmen4_ on officevisi3_.appointment_id=appointmen4_.id left outer join BasicHealthMetrics basichealt5_ on officevisi3_.basichealthmetrics_id=basichealt5_.id left outer join Users user6_ on officevisi3_.hcp_id=user6_.username left outer join Hospitals hospital7_ on officevisi3_.hospital_id=hospital7_.name left outer join Users user8_ on officevisi3_.patient_id=user8_.username left outer join Prescriptions prescripti9_ on officevisi3_.id=prescripti9_.prescriptions_id
Hibernate: select this_.id as id1_2_8_, this_.code_id as code_id3_2_8_, this_.note as note2_2_8_, this_.visit_id as visit_id4_2_8_, icdcode2_.id as id1_5_0_, icdcode2_.code as code2_5_0_, icdcode2_.description as descript3_5_0_, officevisi3_.id as id1_10_1_, officevisi3_.appointment_id as appointm5_10_1_, officevisi3_.basichealthmetrics_id as basichea6_10_1_, officevisi3_.date as date2_10_1_, officevisi3_.hcp_id as hcp_id7_10_1_, officevisi3_.hospital_id as hospital8_10_1_, officevisi3_.notes as notes3_10_1_, officevisi3_.patient_id as patient_9_10_1_, officevisi3_.type as type4_10_1_, appointmen4_.id as id1_0_2_, appointmen4_.comments as comments2_0_2_, appointmen4_.date as date3_0_2_, appointmen4_.hcp_id as hcp_id6_0_2_, appointmen4_.patient_id as patient_7_0_2_, appointmen4_.status as status4_0_2_, appointmen4_.type as type5_0_2_, basichealt5_.id as id1_1_3_, basichealt5_.diastolic as diastoli2_1_3_, basichealt5_.hcp_id as hcp_id12_1_3_, basichealt5_.hdl as hdl3_1_3_, basichealt5_.headCircumference as headCirc4_1_3_, basichealt5_.height as height5_1_3_, basichealt5_.houseSmokingStatus as houseSmo6_1_3_, basichealt5_.ldl as ldl7_1_3_, basichealt5_.patient_id as patient13_1_3_, basichealt5_.patientSmokingStatus as patientS8_1_3_, basichealt5_.systolic as systolic9_1_3_, basichealt5_.tri as tri10_1_3_, basichealt5_.weight as weight11_1_3_, user6_.username as username1_15_4_, user6_.enabled as enabled2_15_4_, user6_.password as password3_15_4_, user6_.role as role4_15_4_, hospital7_.name as name1_4_5_, hospital7_.address as address2_4_5_, hospital7_.state as state3_4_5_, hospital7_.zip as zip4_4_5_, user8_.username as username1_15_6_, user8_.enabled as enabled2_15_6_, user8_.password as password3_15_6_, user8_.role as role4_15_6_, prescripti9_.prescriptions_id as prescrip8_14_10_, prescripti9_.id as id1_14_10_, prescripti9_.id as id1_14_7_, prescripti9_.dosage as dosage2_14_7_, prescripti9_.drug_id as drug_id6_14_7_, prescripti9_.endDate as endDate3_14_7_, prescripti9_.patient_id as patient_7_14_7_, prescripti9_.renewals as renewals4_14_7_, prescripti9_.startDate as startDat5_14_7_ from Diagnoses this_ inner join ICDCodes icdcode2_ on this_.code_id=icdcode2_.id inner join OfficeVisits officevisi3_ on this_.visit_id=officevisi3_.id left outer join AppointmentRequests appointmen4_ on officevisi3_.appointment_id=appointmen4_.id left outer join BasicHealthMetrics basichealt5_ on officevisi3_.basichealthmetrics_id=basichealt5_.id left outer join Users user6_ on officevisi3_.hcp_id=user6_.username left outer join Hospitals hospital7_ on officevisi3_.hospital_id=hospital7_.name left outer join Users user8_ on officevisi3_.patient_id=user8_.username left outer join Prescriptions prescripti9_ on officevisi3_.id=prescripti9_.prescriptions_id
08:28:50.576 [main] DEBUG org.hibernate.loader.Loader - Result set row: 0
08:28:50.577 [main] DEBUG org.hibernate.loader.Loader - Result row: EntityKey[edu.ncsu.csc.itrust2.models.persistent.ICDCode#32], EntityKey[edu.ncsu.csc.itrust2.models.persistent.OfficeVisit#38], null, EntityKey[edu.ncsu.csc.itrust2.models.persistent.BasicHealthMetrics#37], EntityKey[edu.ncsu.csc.itrust2.models.persistent.User#hcp], EntityKey[edu.ncsu.csc.itrust2.models.persistent.Hospital#iTrust Test Hospital 2], EntityKey[edu.ncsu.csc.itrust2.models.persistent.User#patient], null, EntityKey[edu.ncsu.csc.itrust2.models.persistent.Diagnosis#40]
08:28:50.578 [main] DEBUG org.hibernate.loader.Loader - Result set contains (possibly empty) collection: [edu.ncsu.csc.itrust2.models.persistent.OfficeVisit.prescriptions#38]
08:28:50.579 [main] DEBUG org.hibernate.loader.Loader - Result set row: 1
08:28:50.579 [main] DEBUG org.hibernate.loader.Loader - Result row: EntityKey[edu.ncsu.csc.itrust2.models.persistent.ICDCode#34], EntityKey[edu.ncsu.csc.itrust2.models.persistent.OfficeVisit#38], null, EntityKey[edu.ncsu.csc.itrust2.models.persistent.BasicHealthMetrics#37], EntityKey[edu.ncsu.csc.itrust2.models.persistent.User#hcp], EntityKey[edu.ncsu.csc.itrust2.models.persistent.Hospital#iTrust Test Hospital 2], EntityKey[edu.ncsu.csc.itrust2.models.persistent.User#patient], null, EntityKey[edu.ncsu.csc.itrust2.models.persistent.Diagnosis#42]
08:28:50.579 [main] DEBUG org.hibernate.loader.Loader - Result set contains (possibly empty) collection: [edu.ncsu.csc.itrust2.models.persistent.OfficeVisit.prescriptions#38]
08:28:50.580 [main] DEBUG o.h.engine.internal.TwoPhaseLoad - Resolving associations for [edu.ncsu.csc.itrust2.models.persistent.ICDCode#32]
08:28:50.580 [main] DEBUG o.h.engine.internal.TwoPhaseLoad - Done materializing entity [edu.ncsu.csc.itrust2.models.persistent.ICDCode#32]
08:28:50.580 [main] DEBUG o.h.engine.internal.TwoPhaseLoad - Resolving associations for [edu.ncsu.csc.itrust2.models.persistent.OfficeVisit#38]
08:28:50.580 [main] DEBUG o.h.engine.internal.TwoPhaseLoad - Done materializing entity [edu.ncsu.csc.itrust2.models.persistent.OfficeVisit#38]
08:28:50.580 [main] DEBUG o.h.engine.internal.TwoPhaseLoad - Resolving associations for [edu.ncsu.csc.itrust2.models.persistent.BasicHealthMetrics#37]
08:28:50.581 [main] DEBUG o.h.engine.internal.TwoPhaseLoad - Done materializing entity [edu.ncsu.csc.itrust2.models.persistent.BasicHealthMetrics#37]
08:28:50.581 [main] DEBUG o.h.engine.internal.TwoPhaseLoad - Resolving associations for [edu.ncsu.csc.itrust2.models.persistent.User#hcp]
08:28:50.581 [main] DEBUG o.h.engine.internal.TwoPhaseLoad - Done materializing entity [edu.ncsu.csc.itrust2.models.persistent.User#hcp]
08:28:50.581 [main] DEBUG o.h.engine.internal.TwoPhaseLoad - Resolving associations for [edu.ncsu.csc.itrust2.models.persistent.Hospital#iTrust Test Hospital 2]
08:28:50.581 [main] DEBUG o.h.engine.internal.TwoPhaseLoad - Done materializing entity [edu.ncsu.csc.itrust2.models.persistent.Hospital#iTrust Test Hospital 2]
08:28:50.581 [main] DEBUG o.h.engine.internal.TwoPhaseLoad - Resolving associations for [edu.ncsu.csc.itrust2.models.persistent.User#patient]
08:28:50.581 [main] DEBUG o.h.engine.internal.TwoPhaseLoad - Done materializing entity [edu.ncsu.csc.itrust2.models.persistent.User#patient]
08:28:50.582 [main] DEBUG o.h.engine.internal.TwoPhaseLoad - Resolving associations for [edu.ncsu.csc.itrust2.models.persistent.Diagnosis#40]
08:28:50.582 [main] DEBUG o.h.engine.internal.TwoPhaseLoad - Done materializing entity [edu.ncsu.csc.itrust2.models.persistent.Diagnosis#40]
08:28:50.583 [main] DEBUG o.h.engine.internal.TwoPhaseLoad - Resolving associations for [edu.ncsu.csc.itrust2.models.persistent.ICDCode#34]
08:28:50.583 [main] DEBUG o.h.engine.internal.TwoPhaseLoad - Done materializing entity [edu.ncsu.csc.itrust2.models.persistent.ICDCode#34]
08:28:50.583 [main] DEBUG o.h.engine.internal.TwoPhaseLoad - Resolving associations for [edu.ncsu.csc.itrust2.models.persistent.Diagnosis#42]
08:28:50.586 [main] DEBUG o.h.engine.internal.TwoPhaseLoad - Done materializing entity [edu.ncsu.csc.itrust2.models.persistent.Diagnosis#42]
08:28:50.587 [main] DEBUG o.h.e.l.i.CollectionLoadContext - 1 collections were found in result set for role: edu.ncsu.csc.itrust2.models.persistent.OfficeVisit.prescriptions
08:28:50.587 [main] DEBUG o.h.e.l.i.CollectionLoadContext - Collection fully initialized: [edu.ncsu.csc.itrust2.models.persistent.OfficeVisit.prescriptions#38]
08:28:50.587 [main] DEBUG o.h.e.l.i.CollectionLoadContext - 1 collections initialized for role: edu.ncsu.csc.itrust2.models.persistent.OfficeVisit.prescriptions
08:28:50.587 [main] DEBUG o.h.e.t.internal.TransactionImpl - committing
08:28:50.588 [main] DEBUG o.h.e.i.AbstractFlushingEventListener - Processing flush-time cascades
08:28:50.588 [main] DEBUG o.h.e.i.AbstractFlushingEventListener - Dirty checking collections
08:28:50.588 [main] DEBUG o.h.engine.internal.Collections - Collection found: [edu.ncsu.csc.itrust2.models.persistent.OfficeVisit.prescriptions#38], was: [edu.ncsu.csc.itrust2.models.persistent.OfficeVisit.prescriptions#38] (initialized)
08:28:50.589 [main] DEBUG o.h.e.i.AbstractFlushingEventListener - Flushed: 0 insertions, 0 updates, 2 deletions to 9 objects
08:28:50.589 [main] DEBUG o.h.e.i.AbstractFlushingEventListener - Flushed: 0 (re)creations, 0 updates, 0 removals to 1 collections
08:28:50.590 [main] DEBUG o.h.internal.util.EntityPrinter - Listing entities:
08:28:50.590 [main] DEBUG o.h.internal.util.EntityPrinter - edu.ncsu.csc.itrust2.models.persistent.ICDCode{code=T10, description=Test 10, id=32}
08:28:50.590 [main] DEBUG o.h.internal.util.EntityPrinter - edu.ncsu.csc.itrust2.models.persistent.Hospital{zip=27607, address=1 iTrust Test Street, name=iTrust Test Hospital 2, state=NC}
08:28:50.590 [main] DEBUG o.h.internal.util.EntityPrinter - edu.ncsu.csc.itrust2.models.persistent.ICDCode{code=T10, description=Test 10, id=34}
08:28:50.590 [main] DEBUG o.h.internal.util.EntityPrinter - edu.ncsu.csc.itrust2.models.persistent.User{password=$2a$10$EblZqNptyYvcLm/VwDCVAuBjzZOI7khzdyGPBr08PpIi0na624b8., role=ROLE_PATIENT, enabled=1, username=patient}
08:28:50.590 [main] DEBUG o.h.internal.util.EntityPrinter - edu.ncsu.csc.itrust2.models.persistent.BasicHealthMetrics{patientSmokingStatus=2, headCircumference=null, weight=1.0, tri=100, hdl=1, diastolic=1, systolic=1, hcp=edu.ncsu.csc.itrust2.models.persistent.User#hcp, ldl=1, houseSmokingStatus=1, patient=edu.ncsu.csc.itrust2.models.persistent.User#patient, id=37, height=1.0}
08:28:50.590 [main] DEBUG o.h.internal.util.EntityPrinter - edu.ncsu.csc.itrust2.models.persistent.OfficeVisit{date=java.util.GregorianCalendar[time=2470657800000,areFieldsSet=true,areAllFieldsSet=true,lenient=true,zone=sun.util.calendar.ZoneInfo[id="America/New_York",offset=-18000000,dstSavings=3600000,useDaylight=true,transitions=235,lastRule=java.util.SimpleTimeZone[id=America/New_York,offset=-18000000,dstSavings=3600000,useDaylight=true,startYear=0,startMode=3,startMonth=2,startDay=8,startDayOfWeek=1,startTime=7200000,startTimeMode=0,endMode=3,endMonth=10,endDay=1,endDayOfWeek=1,endTime=7200000,endTimeMode=0]],firstDayOfWeek=1,minimalDaysInFirstWeek=1,ERA=1,YEAR=2048,MONTH=3,WEEK_OF_YEAR=16,WEEK_OF_MONTH=3,DAY_OF_MONTH=16,DAY_OF_YEAR=107,DAY_OF_WEEK=5,DAY_OF_WEEK_IN_MONTH=3,AM_PM=0,HOUR=9,HOUR_OF_DAY=9,MINUTE=50,SECOND=0,MILLISECOND=0,ZONE_OFFSET=-18000000,DST_OFFSET=3600000], notes=Test office visit, hcp=edu.ncsu.csc.itrust2.models.persistent.User#hcp, patient=edu.ncsu.csc.itrust2.models.persistent.User#patient, basicHealthMetrics=edu.ncsu.csc.itrust2.models.persistent.BasicHealthMetrics#37, appointment=null, id=38, hospital=edu.ncsu.csc.itrust2.models.persistent.Hospital#iTrust Test Hospital 2, type=GENERAL_CHECKUP, prescriptions=[]}
08:28:50.591 [main] DEBUG o.h.internal.util.EntityPrinter - edu.ncsu.csc.itrust2.models.persistent.User{password=$2a$10$EblZqNptyYvcLm/VwDCVAuBjzZOI7khzdyGPBr08PpIi0na624b8., role=ROLE_HCP, enabled=1, username=hcp}
08:28:50.591 [main] DEBUG o.h.internal.util.EntityPrinter - edu.ncsu.csc.itrust2.models.persistent.Diagnosis{note=Test diagnosis, code=edu.ncsu.csc.itrust2.models.persistent.ICDCode#32, id=40, visit=edu.ncsu.csc.itrust2.models.persistent.OfficeVisit#38}
08:28:50.591 [main] DEBUG o.h.internal.util.EntityPrinter - edu.ncsu.csc.itrust2.models.persistent.Diagnosis{note=Second Diagnosis, code=edu.ncsu.csc.itrust2.models.persistent.ICDCode#34, id=42, visit=edu.ncsu.csc.itrust2.models.persistent.OfficeVisit#38}
08:28:50.591 [main] DEBUG org.hibernate.SQL - delete from Diagnoses where id=?
Hibernate: delete from Diagnoses where id=?
08:28:50.592 [main] DEBUG org.hibernate.SQL - delete from Diagnoses where id=?
Hibernate: delete from Diagnoses where id=?
08:28:50.604 [main] DEBUG o.h.e.j.internal.JdbcCoordinatorImpl - HHH000420: Closing un-released batch
08:28:50.605 [main] DEBUG o.h.e.t.internal.TransactionImpl - begin
08:28:50.606 [main] DEBUG org.hibernate.SQL - select this_.id as id1_10_12_, this_.appointment_id as appointm5_10_12_, this_.basichealthmetrics_id as basichea6_10_12_, this_.date as date2_10_12_, this_.hcp_id as hcp_id7_10_12_, this_.hospital_id as hospital8_10_12_, this_.notes as notes3_10_12_, this_.patient_id as patient_9_10_12_, this_.type as type4_10_12_, appointmen2_.id as id1_0_0_, appointmen2_.comments as comments2_0_0_, appointmen2_.date as date3_0_0_, appointmen2_.hcp_id as hcp_id6_0_0_, appointmen2_.patient_id as patient_7_0_0_, appointmen2_.status as status4_0_0_, appointmen2_.type as type5_0_0_, user3_.username as username1_15_1_, user3_.enabled as enabled2_15_1_, user3_.password as password3_15_1_, user3_.role as role4_15_1_, user4_.username as username1_15_2_, user4_.enabled as enabled2_15_2_, user4_.password as password3_15_2_, user4_.role as role4_15_2_, basichealt5_.id as id1_1_3_, basichealt5_.diastolic as diastoli2_1_3_, basichealt5_.hcp_id as hcp_id12_1_3_, basichealt5_.hdl as hdl3_1_3_, basichealt5_.headCircumference as headCirc4_1_3_, basichealt5_.height as height5_1_3_, basichealt5_.houseSmokingStatus as houseSmo6_1_3_, basichealt5_.ldl as ldl7_1_3_, basichealt5_.patient_id as patient13_1_3_, basichealt5_.patientSmokingStatus as patientS8_1_3_, basichealt5_.systolic as systolic9_1_3_, basichealt5_.tri as tri10_1_3_, basichealt5_.weight as weight11_1_3_, user6_.username as username1_15_4_, user6_.enabled as enabled2_15_4_, user6_.password as password3_15_4_, user6_.role as role4_15_4_, user7_.username as username1_15_5_, user7_.enabled as enabled2_15_5_, user7_.password as password3_15_5_, user7_.role as role4_15_5_, user8_.username as username1_15_6_, user8_.enabled as enabled2_15_6_, user8_.password as password3_15_6_, user8_.role as role4_15_6_, hospital9_.name as name1_4_7_, hospital9_.address as address2_4_7_, hospital9_.state as state3_4_7_, hospital9_.zip as zip4_4_7_, user10_.username as username1_15_8_, user10_.enabled as enabled2_15_8_, user10_.password as password3_15_8_, user10_.role as role4_15_8_, prescripti11_.prescriptions_id as prescrip8_14_14_, prescripti11_.id as id1_14_14_, prescripti11_.id as id1_14_9_, prescripti11_.dosage as dosage2_14_9_, prescripti11_.drug_id as drug_id6_14_9_, prescripti11_.endDate as endDate3_14_9_, prescripti11_.patient_id as patient_7_14_9_, prescripti11_.renewals as renewals4_14_9_, prescripti11_.startDate as startDat5_14_9_, drug12_.id as id1_3_10_, drug12_.code as code2_3_10_, drug12_.description as descript3_3_10_, drug12_.name as name4_3_10_, user13_.username as username1_15_11_, user13_.enabled as enabled2_15_11_, user13_.password as password3_15_11_, user13_.role as role4_15_11_ from OfficeVisits this_ left outer join AppointmentRequests appointmen2_ on this_.appointment_id=appointmen2_.id left outer join Users user3_ on appointmen2_.hcp_id=user3_.username left outer join Users user4_ on appointmen2_.patient_id=user4_.username left outer join BasicHealthMetrics basichealt5_ on this_.basichealthmetrics_id=basichealt5_.id left outer join Users user6_ on basichealt5_.hcp_id=user6_.username left outer join Users user7_ on basichealt5_.patient_id=user7_.username inner join Users user8_ on this_.hcp_id=user8_.username inner join Hospitals hospital9_ on this_.hospital_id=hospital9_.name inner join Users user10_ on this_.patient_id=user10_.username left outer join Prescriptions prescripti11_ on this_.id=prescripti11_.prescriptions_id left outer join Drugs drug12_ on prescripti11_.drug_id=drug12_.id left outer join Users user13_ on prescripti11_.patient_id=user13_.username
Hibernate: select this_.id as id1_10_12_, this_.appointment_id as appointm5_10_12_, this_.basichealthmetrics_id as basichea6_10_12_, this_.date as date2_10_12_, this_.hcp_id as hcp_id7_10_12_, this_.hospital_id as hospital8_10_12_, this_.notes as notes3_10_12_, this_.patient_id as patient_9_10_12_, this_.type as type4_10_12_, appointmen2_.id as id1_0_0_, appointmen2_.comments as comments2_0_0_, appointmen2_.date as date3_0_0_, appointmen2_.hcp_id as hcp_id6_0_0_, appointmen2_.patient_id as patient_7_0_0_, appointmen2_.status as status4_0_0_, appointmen2_.type as type5_0_0_, user3_.username as username1_15_1_, user3_.enabled as enabled2_15_1_, user3_.password as password3_15_1_, user3_.role as role4_15_1_, user4_.username as username1_15_2_, user4_.enabled as enabled2_15_2_, user4_.password as password3_15_2_, user4_.role as role4_15_2_, basichealt5_.id as id1_1_3_, basichealt5_.diastolic as diastoli2_1_3_, basichealt5_.hcp_id as hcp_id12_1_3_, basichealt5_.hdl as hdl3_1_3_, basichealt5_.headCircumference as headCirc4_1_3_, basichealt5_.height as height5_1_3_, basichealt5_.houseSmokingStatus as houseSmo6_1_3_, basichealt5_.ldl as ldl7_1_3_, basichealt5_.patient_id as patient13_1_3_, basichealt5_.patientSmokingStatus as patientS8_1_3_, basichealt5_.systolic as systolic9_1_3_, basichealt5_.tri as tri10_1_3_, basichealt5_.weight as weight11_1_3_, user6_.username as username1_15_4_, user6_.enabled as enabled2_15_4_, user6_.password as password3_15_4_, user6_.role as role4_15_4_, user7_.username as username1_15_5_, user7_.enabled as enabled2_15_5_, user7_.password as password3_15_5_, user7_.role as role4_15_5_, user8_.username as username1_15_6_, user8_.enabled as enabled2_15_6_, user8_.password as password3_15_6_, user8_.role as role4_15_6_, hospital9_.name as name1_4_7_, hospital9_.address as address2_4_7_, hospital9_.state as state3_4_7_, hospital9_.zip as zip4_4_7_, user10_.username as username1_15_8_, user10_.enabled as enabled2_15_8_, user10_.password as password3_15_8_, user10_.role as role4_15_8_, prescripti11_.prescriptions_id as prescrip8_14_14_, prescripti11_.id as id1_14_14_, prescripti11_.id as id1_14_9_, prescripti11_.dosage as dosage2_14_9_, prescripti11_.drug_id as drug_id6_14_9_, prescripti11_.endDate as endDate3_14_9_, prescripti11_.patient_id as patient_7_14_9_, prescripti11_.renewals as renewals4_14_9_, prescripti11_.startDate as startDat5_14_9_, drug12_.id as id1_3_10_, drug12_.code as code2_3_10_, drug12_.description as descript3_3_10_, drug12_.name as name4_3_10_, user13_.username as username1_15_11_, user13_.enabled as enabled2_15_11_, user13_.password as password3_15_11_, user13_.role as role4_15_11_ from OfficeVisits this_ left outer join AppointmentRequests appointmen2_ on this_.appointment_id=appointmen2_.id left outer join Users user3_ on appointmen2_.hcp_id=user3_.username left outer join Users user4_ on appointmen2_.patient_id=user4_.username left outer join BasicHealthMetrics basichealt5_ on this_.basichealthmetrics_id=basichealt5_.id left outer join Users user6_ on basichealt5_.hcp_id=user6_.username left outer join Users user7_ on basichealt5_.patient_id=user7_.username inner join Users user8_ on this_.hcp_id=user8_.username inner join Hospitals hospital9_ on this_.hospital_id=hospital9_.name inner join Users user10_ on this_.patient_id=user10_.username left outer join Prescriptions prescripti11_ on this_.id=prescripti11_.prescriptions_id left outer join Drugs drug12_ on prescripti11_.drug_id=drug12_.id left outer join Users user13_ on prescripti11_.patient_id=user13_.username
08:28:50.610 [main] DEBUG org.hibernate.loader.Loader - Result set row: 0
08:28:50.611 [main] DEBUG org.hibernate.loader.Loader - Result row: null, null, null, EntityKey[edu.ncsu.csc.itrust2.models.persistent.BasicHealthMetrics#37], EntityKey[edu.ncsu.csc.itrust2.models.persistent.User#hcp], EntityKey[edu.ncsu.csc.itrust2.models.persistent.User#patient], EntityKey[edu.ncsu.csc.itrust2.models.persistent.User#hcp], EntityKey[edu.ncsu.csc.itrust2.models.persistent.Hospital#iTrust Test Hospital 2], EntityKey[edu.ncsu.csc.itrust2.models.persistent.User#patient], null, null, null, EntityKey[edu.ncsu.csc.itrust2.models.persistent.OfficeVisit#38]
08:28:50.611 [main] DEBUG org.hibernate.loader.Loader - Result set contains (possibly empty) collection: [edu.ncsu.csc.itrust2.models.persistent.OfficeVisit.prescriptions#38]
08:28:50.612 [main] DEBUG o.h.engine.internal.TwoPhaseLoad - Resolving associations for [edu.ncsu.csc.itrust2.models.persistent.BasicHealthMetrics#37]
08:28:50.612 [main] DEBUG o.h.engine.internal.TwoPhaseLoad - Done materializing entity [edu.ncsu.csc.itrust2.models.persistent.BasicHealthMetrics#37]
08:28:50.612 [main] DEBUG o.h.engine.internal.TwoPhaseLoad - Resolving associations for [edu.ncsu.csc.itrust2.models.persistent.User#hcp]
08:28:50.613 [main] DEBUG o.h.engine.internal.TwoPhaseLoad - Done materializing entity [edu.ncsu.csc.itrust2.models.persistent.User#hcp]
08:28:50.614 [main] DEBUG o.h.engine.internal.TwoPhaseLoad - Resolving associations for [edu.ncsu.csc.itrust2.models.persistent.User#patient]
08:28:50.614 [main] DEBUG o.h.engine.internal.TwoPhaseLoad - Done materializing entity [edu.ncsu.csc.itrust2.models.persistent.User#patient]
08:28:50.614 [main] DEBUG o.h.engine.internal.TwoPhaseLoad - Resolving associations for [edu.ncsu.csc.itrust2.models.persistent.Hospital#iTrust Test Hospital 2]
08:28:50.614 [main] DEBUG o.h.engine.internal.TwoPhaseLoad - Done materializing entity [edu.ncsu.csc.itrust2.models.persistent.Hospital#iTrust Test Hospital 2]
08:28:50.614 [main] DEBUG o.h.engine.internal.TwoPhaseLoad - Resolving associations for [edu.ncsu.csc.itrust2.models.persistent.OfficeVisit#38]
08:28:50.615 [main] DEBUG o.h.engine.internal.TwoPhaseLoad - Done materializing entity [edu.ncsu.csc.itrust2.models.persistent.OfficeVisit#38]
08:28:50.615 [main] DEBUG o.h.e.l.i.CollectionLoadContext - 1 collections were found in result set for role: edu.ncsu.csc.itrust2.models.persistent.OfficeVisit.prescriptions
08:28:50.615 [main] DEBUG o.h.e.l.i.CollectionLoadContext - Collection fully initialized: [edu.ncsu.csc.itrust2.models.persistent.OfficeVisit.prescriptions#38]
08:28:50.615 [main] DEBUG o.h.e.l.i.CollectionLoadContext - 1 collections initialized for role: edu.ncsu.csc.itrust2.models.persistent.OfficeVisit.prescriptions
08:28:50.616 [main] DEBUG o.h.e.t.internal.TransactionImpl - committing
08:28:50.616 [main] DEBUG o.h.e.i.AbstractFlushingEventListener - Processing flush-time cascades
08:28:50.616 [main] DEBUG o.h.e.i.AbstractFlushingEventListener - Dirty checking collections
08:28:50.617 [main] DEBUG o.h.engine.internal.Collections - Collection dereferenced: [edu.ncsu.csc.itrust2.models.persistent.OfficeVisit.prescriptions#38]
08:28:50.618 [main] DEBUG o.h.e.i.AbstractFlushingEventListener - Flushed: 0 insertions, 0 updates, 1 deletions to 5 objects
08:28:50.625 [main] DEBUG o.h.e.i.AbstractFlushingEventListener - Flushed: 0 (re)creations, 0 updates, 1 removals to 1 collections
08:28:50.625 [main] DEBUG o.h.internal.util.EntityPrinter - Listing entities:
08:28:50.626 [main] DEBUG o.h.internal.util.EntityPrinter - edu.ncsu.csc.itrust2.models.persistent.User{password=$2a$10$EblZqNptyYvcLm/VwDCVAuBjzZOI7khzdyGPBr08PpIi0na624b8., role=ROLE_PATIENT, enabled=1, username=patient}
08:28:50.626 [main] DEBUG o.h.internal.util.EntityPrinter - edu.ncsu.csc.itrust2.models.persistent.BasicHealthMetrics{patientSmokingStatus=2, headCircumference=null, weight=1.0, tri=100, hdl=1, diastolic=1, systolic=1, hcp=edu.ncsu.csc.itrust2.models.persistent.User#hcp, ldl=1, houseSmokingStatus=1, patient=edu.ncsu.csc.itrust2.models.persistent.User#patient, id=37, height=1.0}
08:28:50.626 [main] DEBUG o.h.internal.util.EntityPrinter - edu.ncsu.csc.itrust2.models.persistent.User{password=$2a$10$EblZqNptyYvcLm/VwDCVAuBjzZOI7khzdyGPBr08PpIi0na624b8., role=ROLE_HCP, enabled=1, username=hcp}
08:28:50.626 [main] DEBUG o.h.internal.util.EntityPrinter - edu.ncsu.csc.itrust2.models.persistent.OfficeVisit{date=java.util.GregorianCalendar[time=2470657800000,areFieldsSet=true,areAllFieldsSet=true,lenient=true,zone=sun.util.calendar.ZoneInfo[id="America/New_York",offset=-18000000,dstSavings=3600000,useDaylight=true,transitions=235,lastRule=java.util.SimpleTimeZone[id=America/New_York,offset=-18000000,dstSavings=3600000,useDaylight=true,startYear=0,startMode=3,startMonth=2,startDay=8,startDayOfWeek=1,startTime=7200000,startTimeMode=0,endMode=3,endMonth=10,endDay=1,endDayOfWeek=1,endTime=7200000,endTimeMode=0]],firstDayOfWeek=1,minimalDaysInFirstWeek=1,ERA=1,YEAR=2048,MONTH=3,WEEK_OF_YEAR=16,WEEK_OF_MONTH=3,DAY_OF_MONTH=16,DAY_OF_YEAR=107,DAY_OF_WEEK=5,DAY_OF_WEEK_IN_MONTH=3,AM_PM=0,HOUR=9,HOUR_OF_DAY=9,MINUTE=50,SECOND=0,MILLISECOND=0,ZONE_OFFSET=-18000000,DST_OFFSET=3600000], notes=Test office visit, hcp=edu.ncsu.csc.itrust2.models.persistent.User#hcp, patient=edu.ncsu.csc.itrust2.models.persistent.User#patient, basicHealthMetrics=edu.ncsu.csc.itrust2.models.persistent.BasicHealthMetrics#37, appointment=null, id=38, hospital=edu.ncsu.csc.itrust2.models.persistent.Hospital#iTrust Test Hospital 2, type=GENERAL_CHECKUP, prescriptions=[]}
08:28:50.626 [main] DEBUG o.h.internal.util.EntityPrinter - edu.ncsu.csc.itrust2.models.persistent.Hospital{zip=27607, address=1 iTrust Test Street, name=iTrust Test Hospital 2, state=NC}
08:28:50.627 [main] DEBUG org.hibernate.SQL - delete from OfficeVisits where id=?
Hibernate: delete from OfficeVisits where id=?
08:28:50.631 [main] DEBUG o.h.e.j.internal.JdbcCoordinatorImpl - HHH000420: Closing un-released batch
08:28:50.631 [main] DEBUG o.s.t.w.s.TestDispatcherServlet - Null ModelAndView returned to DispatcherServlet with name '': assuming HandlerAdapter completed request handling
08:28:50.631 [main] DEBUG o.s.t.w.s.TestDispatcherServlet - Successfully completed request
08:28:50.632 [main] DEBUG o.s.t.w.s.TestDispatcherServlet - DispatcherServlet with name '' processing POST request for [/api/v1/officevisits]
08:28:50.632 [main] DEBUG o.s.w.s.m.m.a.RequestMappingHandlerMapping - Looking up handler method for path /api/v1/officevisits
08:28:50.633 [main] DEBUG o.s.w.s.m.m.a.RequestMappingHandlerMapping - Returning handler method [public org.springframework.http.ResponseEntity edu.ncsu.csc.itrust2.controllers.api.APIOfficeVisitController.createOfficeVisit(edu.ncsu.csc.itrust2.forms.hcp.OfficeVisitForm)]
08:28:50.633 [main] DEBUG o.s.b.f.s.DefaultListableBeanFactory - Returning cached instance of singleton bean 'APIOfficeVisitController'
08:28:50.633 [main] DEBUG o.s.w.s.m.m.a.RequestResponseBodyMethodProcessor - Read [class edu.ncsu.csc.itrust2.forms.hcp.OfficeVisitForm] as "application/json" with [org.springframework.http.converter.json.GsonHttpMessageConverter@5dd5be49]
08:28:50.634 [main] DEBUG o.h.e.t.internal.TransactionImpl - begin
08:28:50.636 [main] DEBUG org.hibernate.SQL - select this_.username as username1_15_0_, this_.enabled as enabled2_15_0_, this_.password as password3_15_0_, this_.role as role4_15_0_ from Users this_ where this_.username=? and this_.role=?
Hibernate: select this_.username as username1_15_0_, this_.enabled as enabled2_15_0_, this_.password as password3_15_0_, this_.role as role4_15_0_ from Users this_ where this_.username=? and this_.role=?
08:28:50.637 [main] DEBUG org.hibernate.loader.Loader - Result set row: 0
08:28:50.637 [main] DEBUG org.hibernate.loader.Loader - Result row: EntityKey[edu.ncsu.csc.itrust2.models.persistent.User#patient]
08:28:50.638 [main] DEBUG o.h.engine.internal.TwoPhaseLoad - Resolving associations for [edu.ncsu.csc.itrust2.models.persistent.User#patient]
08:28:50.638 [main] DEBUG o.h.engine.internal.TwoPhaseLoad - Done materializing entity [edu.ncsu.csc.itrust2.models.persistent.User#patient]
08:28:50.638 [main] DEBUG o.h.e.t.internal.TransactionImpl - committing
08:28:50.639 [main] DEBUG o.h.e.i.AbstractFlushingEventListener - Processing flush-time cascades
08:28:50.639 [main] DEBUG o.h.e.i.AbstractFlushingEventListener - Dirty checking collections
08:28:50.639 [main] DEBUG o.h.e.i.AbstractFlushingEventListener - Flushed: 0 insertions, 0 updates, 0 deletions to 1 objects
08:28:50.639 [main] DEBUG o.h.e.i.AbstractFlushingEventListener - Flushed: 0 (re)creations, 0 updates, 0 removals to 0 collections
08:28:50.639 [main] DEBUG o.h.internal.util.EntityPrinter - Listing entities:
08:28:50.639 [main] DEBUG o.h.internal.util.EntityPrinter - edu.ncsu.csc.itrust2.models.persistent.User{password=$2a$10$EblZqNptyYvcLm/VwDCVAuBjzZOI7khzdyGPBr08PpIi0na624b8., role=ROLE_PATIENT, enabled=1, username=patient}
08:28:50.640 [main] DEBUG o.h.e.t.internal.TransactionImpl - begin
08:28:50.641 [main] DEBUG org.hibernate.SQL - select this_.username as username1_15_0_, this_.enabled as enabled2_15_0_, this_.password as password3_15_0_, this_.role as role4_15_0_ from Users this_ where this_.username=? and this_.role=?
Hibernate: select this_.username as username1_15_0_, this_.enabled as enabled2_15_0_, this_.password as password3_15_0_, this_.role as role4_15_0_ from Users this_ where this_.username=? and this_.role=?
08:28:50.651 [main] DEBUG org.hibernate.loader.Loader - Result set row: 0
08:28:50.651 [main] DEBUG org.hibernate.loader.Loader - Result row: EntityKey[edu.ncsu.csc.itrust2.models.persistent.User#hcp]
08:28:50.651 [main] DEBUG o.h.engine.internal.TwoPhaseLoad - Resolving associations for [edu.ncsu.csc.itrust2.models.persistent.User#hcp]
08:28:50.651 [main] DEBUG o.h.engine.internal.TwoPhaseLoad - Done materializing entity [edu.ncsu.csc.itrust2.models.persistent.User#hcp]
08:28:50.651 [main] DEBUG o.h.e.t.internal.TransactionImpl - committing
08:28:50.652 [main] DEBUG o.h.e.i.AbstractFlushingEventListener - Processing flush-time cascades
08:28:50.652 [main] DEBUG o.h.e.i.AbstractFlushingEventListener - Dirty checking collections
08:28:50.652 [main] DEBUG o.h.e.i.AbstractFlushingEventListener - Flushed: 0 insertions, 0 updates, 0 deletions to 1 objects
08:28:50.652 [main] DEBUG o.h.e.i.AbstractFlushingEventListener - Flushed: 0 (re)creations, 0 updates, 0 removals to 0 collections
08:28:50.652 [main] DEBUG o.h.internal.util.EntityPrinter - Listing entities:
08:28:50.652 [main] DEBUG o.h.internal.util.EntityPrinter - edu.ncsu.csc.itrust2.models.persistent.User{password=$2a$10$EblZqNptyYvcLm/VwDCVAuBjzZOI7khzdyGPBr08PpIi0na624b8., role=ROLE_HCP, enabled=1, username=hcp}
08:28:50.654 [main] DEBUG o.h.e.t.internal.TransactionImpl - begin
08:28:50.655 [main] DEBUG org.hibernate.SQL - select this_.name as name1_4_0_, this_.address as address2_4_0_, this_.state as state3_4_0_, this_.zip as zip4_4_0_ from Hospitals this_ where this_.name=?
Hibernate: select this_.name as name1_4_0_, this_.address as address2_4_0_, this_.state as state3_4_0_, this_.zip as zip4_4_0_ from Hospitals this_ where this_.name=?
08:28:50.655 [main] DEBUG org.hibernate.loader.Loader - Result set row: 0
08:28:50.656 [main] DEBUG org.hibernate.loader.Loader - Result row: EntityKey[edu.ncsu.csc.itrust2.models.persistent.Hospital#iTrust Test Hospital 2]
08:28:50.656 [main] DEBUG o.h.engine.internal.TwoPhaseLoad - Resolving associations for [edu.ncsu.csc.itrust2.models.persistent.Hospital#iTrust Test Hospital 2]
08:28:50.656 [main] DEBUG o.h.engine.internal.TwoPhaseLoad - Done materializing entity [edu.ncsu.csc.itrust2.models.persistent.Hospital#iTrust Test Hospital 2]
08:28:50.656 [main] DEBUG o.h.e.t.internal.TransactionImpl - committing
08:28:50.656 [main] DEBUG o.h.e.i.AbstractFlushingEventListener - Processing flush-time cascades
08:28:50.656 [main] DEBUG o.h.e.i.AbstractFlushingEventListener - Dirty checking collections
08:28:50.657 [main] DEBUG o.h.e.i.AbstractFlushingEventListener - Flushed: 0 insertions, 0 updates, 0 deletions to 1 objects
08:28:50.657 [main] DEBUG o.h.e.i.AbstractFlushingEventListener - Flushed: 0 (re)creations, 0 updates, 0 removals to 0 collections
08:28:50.657 [main] DEBUG o.h.internal.util.EntityPrinter - Listing entities:
08:28:50.657 [main] DEBUG o.h.internal.util.EntityPrinter - edu.ncsu.csc.itrust2.models.persistent.Hospital{zip=27607, address=1 iTrust Test Street, name=iTrust Test Hospital 2, state=NC}
08:28:50.658 [main] DEBUG o.h.e.t.internal.TransactionImpl - begin
08:28:50.659 [main] DEBUG org.hibernate.SQL - select this_.username as username1_15_0_, this_.enabled as enabled2_15_0_, this_.password as password3_15_0_, this_.role as role4_15_0_ from Users this_ where this_.username=? and this_.role=?
Hibernate: select this_.username as username1_15_0_, this_.enabled as enabled2_15_0_, this_.password as password3_15_0_, this_.role as role4_15_0_ from Users this_ where this_.username=? and this_.role=?
08:28:50.660 [main] DEBUG org.hibernate.loader.Loader - Result set row: 0
08:28:50.660 [main] DEBUG org.hibernate.loader.Loader - Result row: EntityKey[edu.ncsu.csc.itrust2.models.persistent.User#patient]
08:28:50.660 [main] DEBUG o.h.engine.internal.TwoPhaseLoad - Resolving associations for [edu.ncsu.csc.itrust2.models.persistent.User#patient]
08:28:50.662 [main] DEBUG o.h.engine.internal.TwoPhaseLoad - Done materializing entity [edu.ncsu.csc.itrust2.models.persistent.User#patient]
08:28:50.662 [main] DEBUG o.h.e.t.internal.TransactionImpl - committing
08:28:50.663 [main] DEBUG o.h.e.i.AbstractFlushingEventListener - Processing flush-time cascades
08:28:50.663 [main] DEBUG o.h.e.i.AbstractFlushingEventListener - Dirty checking collections
08:28:50.663 [main] DEBUG o.h.e.i.AbstractFlushingEventListener - Flushed: 0 insertions, 0 updates, 0 deletions to 1 objects
08:28:50.663 [main] DEBUG o.h.e.i.AbstractFlushingEventListener - Flushed: 0 (re)creations, 0 updates, 0 removals to 0 collections
08:28:50.663 [main] DEBUG o.h.internal.util.EntityPrinter - Listing entities:
08:28:50.663 [main] DEBUG o.h.internal.util.EntityPrinter - edu.ncsu.csc.itrust2.models.persistent.User{password=$2a$10$EblZqNptyYvcLm/VwDCVAuBjzZOI7khzdyGPBr08PpIi0na624b8., role=ROLE_PATIENT, enabled=1, username=patient}
08:28:50.664 [main] DEBUG o.h.e.t.internal.TransactionImpl - begin
08:28:50.665 [main] DEBUG org.hibernate.SQL - select this_.username as username1_15_0_, this_.enabled as enabled2_15_0_, this_.password as password3_15_0_, this_.role as role4_15_0_ from Users this_ where this_.username=? and this_.role=?
Hibernate: select this_.username as username1_15_0_, this_.enabled as enabled2_15_0_, this_.password as password3_15_0_, this_.role as role4_15_0_ from Users this_ where this_.username=? and this_.role=?
08:28:50.665 [main] DEBUG org.hibernate.loader.Loader - Result set row: 0
08:28:50.665 [main] DEBUG org.hibernate.loader.Loader - Result row: EntityKey[edu.ncsu.csc.itrust2.models.persistent.User#hcp]
08:28:50.670 [main] DEBUG o.h.engine.internal.TwoPhaseLoad - Resolving associations for [edu.ncsu.csc.itrust2.models.persistent.User#hcp]
08:28:50.671 [main] DEBUG o.h.engine.internal.TwoPhaseLoad - Done materializing entity [edu.ncsu.csc.itrust2.models.persistent.User#hcp]
08:28:50.671 [main] DEBUG o.h.e.t.internal.TransactionImpl - committing
08:28:50.673 [main] DEBUG o.h.e.i.AbstractFlushingEventListener - Processing flush-time cascades
08:28:50.674 [main] DEBUG o.h.e.i.AbstractFlushingEventListener - Dirty checking collections
08:28:50.674 [main] DEBUG o.h.e.i.AbstractFlushingEventListener - Flushed: 0 insertions, 0 updates, 0 deletions to 1 objects
08:28:50.682 [main] DEBUG o.h.e.i.AbstractFlushingEventListener - Flushed: 0 (re)creations, 0 updates, 0 removals to 0 collections
08:28:50.682 [main] DEBUG o.h.internal.util.EntityPrinter - Listing entities:
08:28:50.682 [main] DEBUG o.h.internal.util.EntityPrinter - edu.ncsu.csc.itrust2.models.persistent.User{password=$2a$10$EblZqNptyYvcLm/VwDCVAuBjzZOI7khzdyGPBr08PpIi0na624b8., role=ROLE_HCP, enabled=1, username=hcp}
08:28:50.683 [main] DEBUG o.h.e.t.internal.TransactionImpl - begin
08:28:50.684 [main] DEBUG org.hibernate.SQL - select this_.username as username1_15_0_, this_.enabled as enabled2_15_0_, this_.password as password3_15_0_, this_.role as role4_15_0_ from Users this_ where this_.username=? and this_.role=?
Hibernate: select this_.username as username1_15_0_, this_.enabled as enabled2_15_0_, this_.password as password3_15_0_, this_.role as role4_15_0_ from Users this_ where this_.username=? and this_.role=?
08:28:50.690 [main] DEBUG org.hibernate.loader.Loader - Result set row: 0
08:28:50.690 [main] DEBUG org.hibernate.loader.Loader - Result row: EntityKey[edu.ncsu.csc.itrust2.models.persistent.User#patient]
08:28:50.691 [main] DEBUG o.h.engine.internal.TwoPhaseLoad - Resolving associations for [edu.ncsu.csc.itrust2.models.persistent.User#patient]
08:28:50.691 [main] DEBUG o.h.engine.internal.TwoPhaseLoad - Done materializing entity [edu.ncsu.csc.itrust2.models.persistent.User#patient]
08:28:50.691 [main] DEBUG o.h.e.t.internal.TransactionImpl - committing
08:28:50.691 [main] DEBUG o.h.e.i.AbstractFlushingEventListener - Processing flush-time cascades
08:28:50.692 [main] DEBUG o.h.e.i.AbstractFlushingEventListener - Dirty checking collections
08:28:50.692 [main] DEBUG o.h.e.i.AbstractFlushingEventListener - Flushed: 0 insertions, 0 updates, 0 deletions to 1 objects
08:28:50.692 [main] DEBUG o.h.e.i.AbstractFlushingEventListener - Flushed: 0 (re)creations, 0 updates, 0 removals to 0 collections
08:28:50.692 [main] DEBUG o.h.internal.util.EntityPrinter - Listing entities:
08:28:50.692 [main] DEBUG o.h.internal.util.EntityPrinter - edu.ncsu.csc.itrust2.models.persistent.User{password=$2a$10$EblZqNptyYvcLm/VwDCVAuBjzZOI7khzdyGPBr08PpIi0na624b8., role=ROLE_PATIENT, enabled=1, username=patient}
08:28:50.693 [main] DEBUG o.h.e.t.internal.TransactionImpl - begin
08:28:50.694 [main] DEBUG org.hibernate.SQL - select this_.self_id as self_id18_12_2_, this_.address1 as address1_12_2_, this_.address2 as address2_12_2_, this_.bloodType as bloodTyp3_12_2_, this_.causeOfDeath as causeOfD4_12_2_, this_.city as city5_12_2_, this_.dateOfBirth as dateOfBi6_12_2_, this_.dateOfDeath as dateOfDe7_12_2_, this_.email as email8_12_2_, this_.ethnicity as ethnicit9_12_2_, this_.father_id as father_19_12_2_, this_.firstName as firstNa10_12_2_, this_.gender as gender11_12_2_, this_.id as id12_12_2_, this_.lastName as lastNam13_12_2_, this_.mother_id as mother_20_12_2_, this_.phone as phone14_12_2_, this_.preferredName as preferr15_12_2_, this_.state as state16_12_2_, this_.zip as zip17_12_2_, user2_.username as username1_15_0_, user2_.enabled as enabled2_15_0_, user2_.password as password3_15_0_, user2_.role as role4_15_0_, user3_.username as username1_15_1_, user3_.enabled as enabled2_15_1_, user3_.password as password3_15_1_, user3_.role as role4_15_1_ from Patients this_ left outer join Users user2_ on this_.father_id=user2_.username left outer join Users user3_ on this_.mother_id=user3_.username where this_.self_id=?
Hibernate: select this_.self_id as self_id18_12_2_, this_.address1 as address1_12_2_, this_.address2 as address2_12_2_, this_.bloodType as bloodTyp3_12_2_, this_.causeOfDeath as causeOfD4_12_2_, this_.city as city5_12_2_, this_.dateOfBirth as dateOfBi6_12_2_, this_.dateOfDeath as dateOfDe7_12_2_, this_.email as email8_12_2_, this_.ethnicity as ethnicit9_12_2_, this_.father_id as father_19_12_2_, this_.firstName as firstNa10_12_2_, this_.gender as gender11_12_2_, this_.id as id12_12_2_, this_.lastName as lastNam13_12_2_, this_.mother_id as mother_20_12_2_, this_.phone as phone14_12_2_, this_.preferredName as preferr15_12_2_, this_.state as state16_12_2_, this_.zip as zip17_12_2_, user2_.username as username1_15_0_, user2_.enabled as enabled2_15_0_, user2_.password as password3_15_0_, user2_.role as role4_15_0_, user3_.username as username1_15_1_, user3_.enabled as enabled2_15_1_, user3_.password as password3_15_1_, user3_.role as role4_15_1_ from Patients this_ left outer join Users user2_ on this_.father_id=user2_.username left outer join Users user3_ on this_.mother_id=user3_.username where this_.self_id=?
08:28:50.695 [main] DEBUG o.h.e.t.internal.TransactionImpl - committing
08:28:50.695 [main] DEBUG o.h.e.t.internal.TransactionImpl - begin
08:28:50.703 [main] DEBUG org.hibernate.SQL - select this_.id as id1_10_12_, this_.appointment_id as appointm5_10_12_, this_.basichealthmetrics_id as basichea6_10_12_, this_.date as date2_10_12_, this_.hcp_id as hcp_id7_10_12_, this_.hospital_id as hospital8_10_12_, this_.notes as notes3_10_12_, this_.patient_id as patient_9_10_12_, this_.type as type4_10_12_, appointmen2_.id as id1_0_0_, appointmen2_.comments as comments2_0_0_, appointmen2_.date as date3_0_0_, appointmen2_.hcp_id as hcp_id6_0_0_, appointmen2_.patient_id as patient_7_0_0_, appointmen2_.status as status4_0_0_, appointmen2_.type as type5_0_0_, user3_.username as username1_15_1_, user3_.enabled as enabled2_15_1_, user3_.password as password3_15_1_, user3_.role as role4_15_1_, user4_.username as username1_15_2_, user4_.enabled as enabled2_15_2_, user4_.password as password3_15_2_, user4_.role as role4_15_2_, basichealt5_.id as id1_1_3_, basichealt5_.diastolic as diastoli2_1_3_, basichealt5_.hcp_id as hcp_id12_1_3_, basichealt5_.hdl as hdl3_1_3_, basichealt5_.headCircumference as headCirc4_1_3_, basichealt5_.height as height5_1_3_, basichealt5_.houseSmokingStatus as houseSmo6_1_3_, basichealt5_.ldl as ldl7_1_3_, basichealt5_.patient_id as patient13_1_3_, basichealt5_.patientSmokingStatus as patientS8_1_3_, basichealt5_.systolic as systolic9_1_3_, basichealt5_.tri as tri10_1_3_, basichealt5_.weight as weight11_1_3_, user6_.username as username1_15_4_, user6_.enabled as enabled2_15_4_, user6_.password as password3_15_4_, user6_.role as role4_15_4_, user7_.username as username1_15_5_, user7_.enabled as enabled2_15_5_, user7_.password as password3_15_5_, user7_.role as role4_15_5_, user8_.username as username1_15_6_, user8_.enabled as enabled2_15_6_, user8_.password as password3_15_6_, user8_.role as role4_15_6_, hospital9_.name as name1_4_7_, hospital9_.address as address2_4_7_, hospital9_.state as state3_4_7_, hospital9_.zip as zip4_4_7_, user10_.username as username1_15_8_, user10_.enabled as enabled2_15_8_, user10_.password as password3_15_8_, user10_.role as role4_15_8_, prescripti11_.prescriptions_id as prescrip8_14_14_, prescripti11_.id as id1_14_14_, prescripti11_.id as id1_14_9_, prescripti11_.dosage as dosage2_14_9_, prescripti11_.drug_id as drug_id6_14_9_, prescripti11_.endDate as endDate3_14_9_, prescripti11_.patient_id as patient_7_14_9_, prescripti11_.renewals as renewals4_14_9_, prescripti11_.startDate as startDat5_14_9_, drug12_.id as id1_3_10_, drug12_.code as code2_3_10_, drug12_.description as descript3_3_10_, drug12_.name as name4_3_10_, user13_.username as username1_15_11_, user13_.enabled as enabled2_15_11_, user13_.password as password3_15_11_, user13_.role as role4_15_11_ from OfficeVisits this_ left outer join AppointmentRequests appointmen2_ on this_.appointment_id=appointmen2_.id left outer join Users user3_ on appointmen2_.hcp_id=user3_.username left outer join Users user4_ on appointmen2_.patient_id=user4_.username left outer join BasicHealthMetrics basichealt5_ on this_.basichealthmetrics_id=basichealt5_.id left outer join Users user6_ on basichealt5_.hcp_id=user6_.username left outer join Users user7_ on basichealt5_.patient_id=user7_.username inner join Users user8_ on this_.hcp_id=user8_.username inner join Hospitals hospital9_ on this_.hospital_id=hospital9_.name inner join Users user10_ on this_.patient_id=user10_.username left outer join Prescriptions prescripti11_ on this_.id=prescripti11_.prescriptions_id left outer join Drugs drug12_ on prescripti11_.drug_id=drug12_.id left outer join Users user13_ on prescripti11_.patient_id=user13_.username where this_.id=?
Hibernate: select this_.id as id1_10_12_, this_.appointment_id as appointm5_10_12_, this_.basichealthmetrics_id as basichea6_10_12_, this_.date as date2_10_12_, this_.hcp_id as hcp_id7_10_12_, this_.hospital_id as hospital8_10_12_, this_.notes as notes3_10_12_, this_.patient_id as patient_9_10_12_, this_.type as type4_10_12_, appointmen2_.id as id1_0_0_, appointmen2_.comments as comments2_0_0_, appointmen2_.date as date3_0_0_, appointmen2_.hcp_id as hcp_id6_0_0_, appointmen2_.patient_id as patient_7_0_0_, appointmen2_.status as status4_0_0_, appointmen2_.type as type5_0_0_, user3_.username as username1_15_1_, user3_.enabled as enabled2_15_1_, user3_.password as password3_15_1_, user3_.role as role4_15_1_, user4_.username as username1_15_2_, user4_.enabled as enabled2_15_2_, user4_.password as password3_15_2_, user4_.role as role4_15_2_, basichealt5_.id as id1_1_3_, basichealt5_.diastolic as diastoli2_1_3_, basichealt5_.hcp_id as hcp_id12_1_3_, basichealt5_.hdl as hdl3_1_3_, basichealt5_.headCircumference as headCirc4_1_3_, basichealt5_.height as height5_1_3_, basichealt5_.houseSmokingStatus as houseSmo6_1_3_, basichealt5_.ldl as ldl7_1_3_, basichealt5_.patient_id as patient13_1_3_, basichealt5_.patientSmokingStatus as patientS8_1_3_, basichealt5_.systolic as systolic9_1_3_, basichealt5_.tri as tri10_1_3_, basichealt5_.weight as weight11_1_3_, user6_.username as username1_15_4_, user6_.enabled as enabled2_15_4_, user6_.password as password3_15_4_, user6_.role as role4_15_4_, user7_.username as username1_15_5_, user7_.enabled as enabled2_15_5_, user7_.password as password3_15_5_, user7_.role as role4_15_5_, user8_.username as username1_15_6_, user8_.enabled as enabled2_15_6_, user8_.password as password3_15_6_, user8_.role as role4_15_6_, hospital9_.name as name1_4_7_, hospital9_.address as address2_4_7_, hospital9_.state as state3_4_7_, hospital9_.zip as zip4_4_7_, user10_.username as username1_15_8_, user10_.enabled as enabled2_15_8_, user10_.password as password3_15_8_, user10_.role as role4_15_8_, prescripti11_.prescriptions_id as prescrip8_14_14_, prescripti11_.id as id1_14_14_, prescripti11_.id as id1_14_9_, prescripti11_.dosage as dosage2_14_9_, prescripti11_.drug_id as drug_id6_14_9_, prescripti11_.endDate as endDate3_14_9_, prescripti11_.patient_id as patient_7_14_9_, prescripti11_.renewals as renewals4_14_9_, prescripti11_.startDate as startDat5_14_9_, drug12_.id as id1_3_10_, drug12_.code as code2_3_10_, drug12_.description as descript3_3_10_, drug12_.name as name4_3_10_, user13_.username as username1_15_11_, user13_.enabled as enabled2_15_11_, user13_.password as password3_15_11_, user13_.role as role4_15_11_ from OfficeVisits this_ left outer join AppointmentRequests appointmen2_ on this_.appointment_id=appointmen2_.id left outer join Users user3_ on appointmen2_.hcp_id=user3_.username left outer join Users user4_ on appointmen2_.patient_id=user4_.username left outer join BasicHealthMetrics basichealt5_ on this_.basichealthmetrics_id=basichealt5_.id left outer join Users user6_ on basichealt5_.hcp_id=user6_.username left outer join Users user7_ on basichealt5_.patient_id=user7_.username inner join Users user8_ on this_.hcp_id=user8_.username inner join Hospitals hospital9_ on this_.hospital_id=hospital9_.name inner join Users user10_ on this_.patient_id=user10_.username left outer join Prescriptions prescripti11_ on this_.id=prescripti11_.prescriptions_id left outer join Drugs drug12_ on prescripti11_.drug_id=drug12_.id left outer join Users user13_ on prescripti11_.patient_id=user13_.username where this_.id=?
08:28:50.705 [main] DEBUG o.h.e.l.i.CollectionLoadContext - No collections were found in result set for role: edu.ncsu.csc.itrust2.models.persistent.OfficeVisit.prescriptions
08:28:50.705 [main] DEBUG o.h.e.t.internal.TransactionImpl - committing
08:28:50.706 [main] DEBUG o.h.e.t.internal.TransactionImpl - begin
08:28:50.713 [main] DEBUG org.hibernate.SQL - select this_.id as id1_1_2_, this_.diastolic as diastoli2_1_2_, this_.hcp_id as hcp_id12_1_2_, this_.hdl as hdl3_1_2_, this_.headCircumference as headCirc4_1_2_, this_.height as height5_1_2_, this_.houseSmokingStatus as houseSmo6_1_2_, this_.ldl as ldl7_1_2_, this_.patient_id as patient13_1_2_, this_.patientSmokingStatus as patientS8_1_2_, this_.systolic as systolic9_1_2_, this_.tri as tri10_1_2_, this_.weight as weight11_1_2_, user2_.username as username1_15_0_, user2_.enabled as enabled2_15_0_, user2_.password as password3_15_0_, user2_.role as role4_15_0_, user3_.username as username1_15_1_, user3_.enabled as enabled2_15_1_, user3_.password as password3_15_1_, user3_.role as role4_15_1_ from BasicHealthMetrics this_ inner join Users user2_ on this_.hcp_id=user2_.username inner join Users user3_ on this_.patient_id=user3_.username where this_.id=?
Hibernate: select this_.id as id1_1_2_, this_.diastolic as diastoli2_1_2_, this_.hcp_id as hcp_id12_1_2_, this_.hdl as hdl3_1_2_, this_.headCircumference as headCirc4_1_2_, this_.height as height5_1_2_, this_.houseSmokingStatus as houseSmo6_1_2_, this_.ldl as ldl7_1_2_, this_.patient_id as patient13_1_2_, this_.patientSmokingStatus as patientS8_1_2_, this_.systolic as systolic9_1_2_, this_.tri as tri10_1_2_, this_.weight as weight11_1_2_, user2_.username as username1_15_0_, user2_.enabled as enabled2_15_0_, user2_.password as password3_15_0_, user2_.role as role4_15_0_, user3_.username as username1_15_1_, user3_.enabled as enabled2_15_1_, user3_.password as password3_15_1_, user3_.role as role4_15_1_ from BasicHealthMetrics this_ inner join Users user2_ on this_.hcp_id=user2_.username inner join Users user3_ on this_.patient_id=user3_.username where this_.id=?
08:28:50.714 [main] DEBUG o.h.e.t.internal.TransactionImpl - committing
08:28:50.715 [main] DEBUG o.h.e.t.internal.TransactionImpl - begin
08:28:50.716 [main] DEBUG org.hibernate.SQL - select next_val as id_val from hibernate_sequence for update
Hibernate: select next_val as id_val from hibernate_sequence for update
08:28:50.716 [main] DEBUG org.hibernate.SQL - update hibernate_sequence set next_val= ? where next_val=?
Hibernate: update hibernate_sequence set next_val= ? where next_val=?
08:28:50.720 [main] DEBUG o.h.e.i.AbstractSaveEventListener - Generated identifier: 59, using strategy: org.hibernate.id.enhanced.SequenceStyleGenerator
08:28:50.721 [main] DEBUG org.hibernate.SQL - select user_.username, user_.enabled as enabled2_15_, user_.password as password3_15_, user_.role as role4_15_ from Users user_ where user_.username=?
Hibernate: select user_.username, user_.enabled as enabled2_15_, user_.password as password3_15_, user_.role as role4_15_ from Users user_ where user_.username=?
08:28:50.721 [main] DEBUG o.h.r.j.i.ResourceRegistryStandardImpl - HHH000387: ResultSet's statement was not registered
08:28:50.721 [main] DEBUG org.hibernate.SQL - select user_.username, user_.enabled as enabled2_15_, user_.password as password3_15_, user_.role as role4_15_ from Users user_ where user_.username=?
Hibernate: select user_.username, user_.enabled as enabled2_15_, user_.password as password3_15_, user_.role as role4_15_ from Users user_ where user_.username=?
08:28:50.722 [main] DEBUG o.h.r.j.i.ResourceRegistryStandardImpl - HHH000387: ResultSet's statement was not registered
08:28:50.722 [main] DEBUG o.h.e.t.internal.TransactionImpl - committing
08:28:50.722 [main] DEBUG o.h.e.i.AbstractFlushingEventListener - Processing flush-time cascades
08:28:50.723 [main] DEBUG o.h.e.i.AbstractFlushingEventListener - Dirty checking collections
08:28:50.723 [main] DEBUG o.h.e.i.AbstractFlushingEventListener - Flushed: 1 insertions, 0 updates, 0 deletions to 1 objects
08:28:50.723 [main] DEBUG o.h.e.i.AbstractFlushingEventListener - Flushed: 0 (re)creations, 0 updates, 0 removals to 0 collections
08:28:50.723 [main] DEBUG o.h.internal.util.EntityPrinter - Listing entities:
08:28:50.723 [main] DEBUG o.h.internal.util.EntityPrinter - edu.ncsu.csc.itrust2.models.persistent.BasicHealthMetrics{patientSmokingStatus=null, headCircumference=null, weight=null, tri=null, hdl=null, diastolic=null, systolic=null, hcp=edu.ncsu.csc.itrust2.models.persistent.User#hcp, ldl=null, houseSmokingStatus=null, patient=edu.ncsu.csc.itrust2.models.persistent.User#patient, id=59, height=null}
08:28:50.724 [main] DEBUG org.hibernate.SQL - insert into BasicHealthMetrics (diastolic, hcp_id, hdl, headCircumference, height, houseSmokingStatus, ldl, patient_id, patientSmokingStatus, systolic, tri, weight, id) values (?, ?, ?, ?, ?, ?, ?, ?, ?, ?, ?, ?, ?)
Hibernate: insert into BasicHealthMetrics (diastolic, hcp_id, hdl, headCircumference, height, houseSmokingStatus, ldl, patient_id, patientSmokingStatus, systolic, tri, weight, id) values (?, ?, ?, ?, ?, ?, ?, ?, ?, ?, ?, ?, ?)
08:28:50.727 [main] DEBUG o.h.e.j.internal.JdbcCoordinatorImpl - HHH000420: Closing un-released batch
08:28:50.727 [main] DEBUG o.h.e.t.internal.TransactionImpl - begin
08:28:50.729 [main] DEBUG org.hibernate.SQL - select this_.id as id1_10_12_, this_.appointment_id as appointm5_10_12_, this_.basichealthmetrics_id as basichea6_10_12_, this_.date as date2_10_12_, this_.hcp_id as hcp_id7_10_12_, this_.hospital_id as hospital8_10_12_, this_.notes as notes3_10_12_, this_.patient_id as patient_9_10_12_, this_.type as type4_10_12_, appointmen2_.id as id1_0_0_, appointmen2_.comments as comments2_0_0_, appointmen2_.date as date3_0_0_, appointmen2_.hcp_id as hcp_id6_0_0_, appointmen2_.patient_id as patient_7_0_0_, appointmen2_.status as status4_0_0_, appointmen2_.type as type5_0_0_, user3_.username as username1_15_1_, user3_.enabled as enabled2_15_1_, user3_.password as password3_15_1_, user3_.role as role4_15_1_, user4_.username as username1_15_2_, user4_.enabled as enabled2_15_2_, user4_.password as password3_15_2_, user4_.role as role4_15_2_, basichealt5_.id as id1_1_3_, basichealt5_.diastolic as diastoli2_1_3_, basichealt5_.hcp_id as hcp_id12_1_3_, basichealt5_.hdl as hdl3_1_3_, basichealt5_.headCircumference as headCirc4_1_3_, basichealt5_.height as height5_1_3_, basichealt5_.houseSmokingStatus as houseSmo6_1_3_, basichealt5_.ldl as ldl7_1_3_, basichealt5_.patient_id as patient13_1_3_, basichealt5_.patientSmokingStatus as patientS8_1_3_, basichealt5_.systolic as systolic9_1_3_, basichealt5_.tri as tri10_1_3_, basichealt5_.weight as weight11_1_3_, user6_.username as username1_15_4_, user6_.enabled as enabled2_15_4_, user6_.password as password3_15_4_, user6_.role as role4_15_4_, user7_.username as username1_15_5_, user7_.enabled as enabled2_15_5_, user7_.password as password3_15_5_, user7_.role as role4_15_5_, user8_.username as username1_15_6_, user8_.enabled as enabled2_15_6_, user8_.password as password3_15_6_, user8_.role as role4_15_6_, hospital9_.name as name1_4_7_, hospital9_.address as address2_4_7_, hospital9_.state as state3_4_7_, hospital9_.zip as zip4_4_7_, user10_.username as username1_15_8_, user10_.enabled as enabled2_15_8_, user10_.password as password3_15_8_, user10_.role as role4_15_8_, prescripti11_.prescriptions_id as prescrip8_14_14_, prescripti11_.id as id1_14_14_, prescripti11_.id as id1_14_9_, prescripti11_.dosage as dosage2_14_9_, prescripti11_.drug_id as drug_id6_14_9_, prescripti11_.endDate as endDate3_14_9_, prescripti11_.patient_id as patient_7_14_9_, prescripti11_.renewals as renewals4_14_9_, prescripti11_.startDate as startDat5_14_9_, drug12_.id as id1_3_10_, drug12_.code as code2_3_10_, drug12_.description as descript3_3_10_, drug12_.name as name4_3_10_, user13_.username as username1_15_11_, user13_.enabled as enabled2_15_11_, user13_.password as password3_15_11_, user13_.role as role4_15_11_ from OfficeVisits this_ left outer join AppointmentRequests appointmen2_ on this_.appointment_id=appointmen2_.id left outer join Users user3_ on appointmen2_.hcp_id=user3_.username left outer join Users user4_ on appointmen2_.patient_id=user4_.username left outer join BasicHealthMetrics basichealt5_ on this_.basichealthmetrics_id=basichealt5_.id left outer join Users user6_ on basichealt5_.hcp_id=user6_.username left outer join Users user7_ on basichealt5_.patient_id=user7_.username inner join Users user8_ on this_.hcp_id=user8_.username inner join Hospitals hospital9_ on this_.hospital_id=hospital9_.name inner join Users user10_ on this_.patient_id=user10_.username left outer join Prescriptions prescripti11_ on this_.id=prescripti11_.prescriptions_id left outer join Drugs drug12_ on prescripti11_.drug_id=drug12_.id left outer join Users user13_ on prescripti11_.patient_id=user13_.username where this_.id=?
Hibernate: select this_.id as id1_10_12_, this_.appointment_id as appointm5_10_12_, this_.basichealthmetrics_id as basichea6_10_12_, this_.date as date2_10_12_, this_.hcp_id as hcp_id7_10_12_, this_.hospital_id as hospital8_10_12_, this_.notes as notes3_10_12_, this_.patient_id as patient_9_10_12_, this_.type as type4_10_12_, appointmen2_.id as id1_0_0_, appointmen2_.comments as comments2_0_0_, appointmen2_.date as date3_0_0_, appointmen2_.hcp_id as hcp_id6_0_0_, appointmen2_.patient_id as patient_7_0_0_, appointmen2_.status as status4_0_0_, appointmen2_.type as type5_0_0_, user3_.username as username1_15_1_, user3_.enabled as enabled2_15_1_, user3_.password as password3_15_1_, user3_.role as role4_15_1_, user4_.username as username1_15_2_, user4_.enabled as enabled2_15_2_, user4_.password as password3_15_2_, user4_.role as role4_15_2_, basichealt5_.id as id1_1_3_, basichealt5_.diastolic as diastoli2_1_3_, basichealt5_.hcp_id as hcp_id12_1_3_, basichealt5_.hdl as hdl3_1_3_, basichealt5_.headCircumference as headCirc4_1_3_, basichealt5_.height as height5_1_3_, basichealt5_.houseSmokingStatus as houseSmo6_1_3_, basichealt5_.ldl as ldl7_1_3_, basichealt5_.patient_id as patient13_1_3_, basichealt5_.patientSmokingStatus as patientS8_1_3_, basichealt5_.systolic as systolic9_1_3_, basichealt5_.tri as tri10_1_3_, basichealt5_.weight as weight11_1_3_, user6_.username as username1_15_4_, user6_.enabled as enabled2_15_4_, user6_.password as password3_15_4_, user6_.role as role4_15_4_, user7_.username as username1_15_5_, user7_.enabled as enabled2_15_5_, user7_.password as password3_15_5_, user7_.role as role4_15_5_, user8_.username as username1_15_6_, user8_.enabled as enabled2_15_6_, user8_.password as password3_15_6_, user8_.role as role4_15_6_, hospital9_.name as name1_4_7_, hospital9_.address as address2_4_7_, hospital9_.state as state3_4_7_, hospital9_.zip as zip4_4_7_, user10_.username as username1_15_8_, user10_.enabled as enabled2_15_8_, user10_.password as password3_15_8_, user10_.role as role4_15_8_, prescripti11_.prescriptions_id as prescrip8_14_14_, prescripti11_.id as id1_14_14_, prescripti11_.id as id1_14_9_, prescripti11_.dosage as dosage2_14_9_, prescripti11_.drug_id as drug_id6_14_9_, prescripti11_.endDate as endDate3_14_9_, prescripti11_.patient_id as patient_7_14_9_, prescripti11_.renewals as renewals4_14_9_, prescripti11_.startDate as startDat5_14_9_, drug12_.id as id1_3_10_, drug12_.code as code2_3_10_, drug12_.description as descript3_3_10_, drug12_.name as name4_3_10_, user13_.username as username1_15_11_, user13_.enabled as enabled2_15_11_, user13_.password as password3_15_11_, user13_.role as role4_15_11_ from OfficeVisits this_ left outer join AppointmentRequests appointmen2_ on this_.appointment_id=appointmen2_.id left outer join Users user3_ on appointmen2_.hcp_id=user3_.username left outer join Users user4_ on appointmen2_.patient_id=user4_.username left outer join BasicHealthMetrics basichealt5_ on this_.basichealthmetrics_id=basichealt5_.id left outer join Users user6_ on basichealt5_.hcp_id=user6_.username left outer join Users user7_ on basichealt5_.patient_id=user7_.username inner join Users user8_ on this_.hcp_id=user8_.username inner join Hospitals hospital9_ on this_.hospital_id=hospital9_.name inner join Users user10_ on this_.patient_id=user10_.username left outer join Prescriptions prescripti11_ on this_.id=prescripti11_.prescriptions_id left outer join Drugs drug12_ on prescripti11_.drug_id=drug12_.id left outer join Users user13_ on prescripti11_.patient_id=user13_.username where this_.id=?
08:28:50.743 [main] DEBUG o.h.e.l.i.CollectionLoadContext - No collections were found in result set for role: edu.ncsu.csc.itrust2.models.persistent.OfficeVisit.prescriptions
08:28:50.744 [main] DEBUG o.h.e.t.internal.TransactionImpl - committing
08:28:50.744 [main] DEBUG o.h.e.t.internal.TransactionImpl - begin
08:28:50.745 [main] DEBUG org.hibernate.SQL - select next_val as id_val from hibernate_sequence for update
Hibernate: select next_val as id_val from hibernate_sequence for update
08:28:50.746 [main] DEBUG org.hibernate.SQL - update hibernate_sequence set next_val= ? where next_val=?
Hibernate: update hibernate_sequence set next_val= ? where next_val=?
08:28:50.748 [main] DEBUG o.h.e.i.AbstractSaveEventListener - Generated identifier: 60, using strategy: org.hibernate.id.enhanced.SequenceStyleGenerator
08:28:50.749 [main] DEBUG org.hibernate.SQL - select user_.username, user_.enabled as enabled2_15_, user_.password as password3_15_, user_.role as role4_15_ from Users user_ where user_.username=?
Hibernate: select user_.username, user_.enabled as enabled2_15_, user_.password as password3_15_, user_.role as role4_15_ from Users user_ where user_.username=?
08:28:50.750 [main] DEBUG o.h.r.j.i.ResourceRegistryStandardImpl - HHH000387: ResultSet's statement was not registered
08:28:50.750 [main] DEBUG org.hibernate.SQL - select hospital_.name, hospital_.address as address2_4_, hospital_.state as state3_4_, hospital_.zip as zip4_4_ from Hospitals hospital_ where hospital_.name=?
Hibernate: select hospital_.name, hospital_.address as address2_4_, hospital_.state as state3_4_, hospital_.zip as zip4_4_ from Hospitals hospital_ where hospital_.name=?
08:28:50.750 [main] DEBUG o.h.r.j.i.ResourceRegistryStandardImpl - HHH000387: ResultSet's statement was not registered
08:28:50.750 [main] DEBUG org.hibernate.SQL - select user_.username, user_.enabled as enabled2_15_, user_.password as password3_15_, user_.role as role4_15_ from Users user_ where user_.username=?
Hibernate: select user_.username, user_.enabled as enabled2_15_, user_.password as password3_15_, user_.role as role4_15_ from Users user_ where user_.username=?
08:28:50.751 [main] DEBUG o.h.r.j.i.ResourceRegistryStandardImpl - HHH000387: ResultSet's statement was not registered
08:28:50.751 [main] DEBUG o.h.e.t.internal.TransactionImpl - committing
08:28:50.751 [main] DEBUG o.h.e.i.AbstractFlushingEventListener - Processing flush-time cascades
08:28:50.751 [main] DEBUG o.h.e.i.AbstractFlushingEventListener - Dirty checking collections
08:28:50.752 [main] DEBUG o.h.engine.internal.Collections - Collection found: [edu.ncsu.csc.itrust2.models.persistent.OfficeVisit.prescriptions#60], was: [<unreferenced>] (initialized)
08:28:50.752 [main] DEBUG o.h.e.i.AbstractFlushingEventListener - Flushed: 1 insertions, 0 updates, 0 deletions to 1 objects
08:28:50.752 [main] DEBUG o.h.e.i.AbstractFlushingEventListener - Flushed: 1 (re)creations, 0 updates, 0 removals to 1 collections
08:28:50.752 [main] DEBUG o.h.internal.util.EntityPrinter - Listing entities:
08:28:50.752 [main] DEBUG o.h.internal.util.EntityPrinter - edu.ncsu.csc.itrust2.models.persistent.OfficeVisit{date=java.util.GregorianCalendar[time=2470657800000,areFieldsSet=true,areAllFieldsSet=true,lenient=true,zone=sun.util.calendar.ZoneInfo[id="America/New_York",offset=-18000000,dstSavings=3600000,useDaylight=true,transitions=235,lastRule=java.util.SimpleTimeZone[id=America/New_York,offset=-18000000,dstSavings=3600000,useDaylight=true,startYear=0,startMode=3,startMonth=2,startDay=8,startDayOfWeek=1,startTime=7200000,startTimeMode=0,endMode=3,endMonth=10,endDay=1,endDayOfWeek=1,endTime=7200000,endTimeMode=0]],firstDayOfWeek=1,minimalDaysInFirstWeek=1,ERA=1,YEAR=2048,MONTH=3,WEEK_OF_YEAR=16,WEEK_OF_MONTH=3,DAY_OF_MONTH=16,DAY_OF_YEAR=107,DAY_OF_WEEK=5,DAY_OF_WEEK_IN_MONTH=3,AM_PM=0,HOUR=9,HOUR_OF_DAY=9,MINUTE=50,SECOND=0,MILLISECOND=0,ZONE_OFFSET=-18000000,DST_OFFSET=3600000], notes=Test office visit, hcp=edu.ncsu.csc.itrust2.models.persistent.User#hcp, patient=edu.ncsu.csc.itrust2.models.persistent.User#patient, basicHealthMetrics=edu.ncsu.csc.itrust2.models.persistent.BasicHealthMetrics#59, appointment=null, id=60, hospital=edu.ncsu.csc.itrust2.models.persistent.Hospital#iTrust Test Hospital 2, type=GENERAL_CHECKUP, prescriptions=[]}
08:28:50.753 [main] DEBUG org.hibernate.SQL - insert into OfficeVisits (appointment_id, basichealthmetrics_id, date, hcp_id, hospital_id, notes, patient_id, type, id) values (?, ?, ?, ?, ?, ?, ?, ?, ?)
Hibernate: insert into OfficeVisits (appointment_id, basichealthmetrics_id, date, hcp_id, hospital_id, notes, patient_id, type, id) values (?, ?, ?, ?, ?, ?, ?, ?, ?)
08:28:50.755 [main] DEBUG o.h.p.c.AbstractCollectionPersister - Inserting collection: [edu.ncsu.csc.itrust2.models.persistent.OfficeVisit.prescriptions#60]
08:28:50.762 [main] DEBUG o.h.p.c.AbstractCollectionPersister - Collection was empty
08:28:50.764 [main] DEBUG o.h.e.j.internal.JdbcCoordinatorImpl - HHH000420: Closing un-released batch
08:28:50.765 [main] DEBUG o.h.e.t.internal.TransactionImpl - begin
08:28:50.767 [main] DEBUG org.hibernate.SQL - select this_.id as id1_10_12_, this_.appointment_id as appointm5_10_12_, this_.basichealthmetrics_id as basichea6_10_12_, this_.date as date2_10_12_, this_.hcp_id as hcp_id7_10_12_, this_.hospital_id as hospital8_10_12_, this_.notes as notes3_10_12_, this_.patient_id as patient_9_10_12_, this_.type as type4_10_12_, appointmen2_.id as id1_0_0_, appointmen2_.comments as comments2_0_0_, appointmen2_.date as date3_0_0_, appointmen2_.hcp_id as hcp_id6_0_0_, appointmen2_.patient_id as patient_7_0_0_, appointmen2_.status as status4_0_0_, appointmen2_.type as type5_0_0_, user3_.username as username1_15_1_, user3_.enabled as enabled2_15_1_, user3_.password as password3_15_1_, user3_.role as role4_15_1_, user4_.username as username1_15_2_, user4_.enabled as enabled2_15_2_, user4_.password as password3_15_2_, user4_.role as role4_15_2_, basichealt5_.id as id1_1_3_, basichealt5_.diastolic as diastoli2_1_3_, basichealt5_.hcp_id as hcp_id12_1_3_, basichealt5_.hdl as hdl3_1_3_, basichealt5_.headCircumference as headCirc4_1_3_, basichealt5_.height as height5_1_3_, basichealt5_.houseSmokingStatus as houseSmo6_1_3_, basichealt5_.ldl as ldl7_1_3_, basichealt5_.patient_id as patient13_1_3_, basichealt5_.patientSmokingStatus as patientS8_1_3_, basichealt5_.systolic as systolic9_1_3_, basichealt5_.tri as tri10_1_3_, basichealt5_.weight as weight11_1_3_, user6_.username as username1_15_4_, user6_.enabled as enabled2_15_4_, user6_.password as password3_15_4_, user6_.role as role4_15_4_, user7_.username as username1_15_5_, user7_.enabled as enabled2_15_5_, user7_.password as password3_15_5_, user7_.role as role4_15_5_, user8_.username as username1_15_6_, user8_.enabled as enabled2_15_6_, user8_.password as password3_15_6_, user8_.role as role4_15_6_, hospital9_.name as name1_4_7_, hospital9_.address as address2_4_7_, hospital9_.state as state3_4_7_, hospital9_.zip as zip4_4_7_, user10_.username as username1_15_8_, user10_.enabled as enabled2_15_8_, user10_.password as password3_15_8_, user10_.role as role4_15_8_, prescripti11_.prescriptions_id as prescrip8_14_14_, prescripti11_.id as id1_14_14_, prescripti11_.id as id1_14_9_, prescripti11_.dosage as dosage2_14_9_, prescripti11_.drug_id as drug_id6_14_9_, prescripti11_.endDate as endDate3_14_9_, prescripti11_.patient_id as patient_7_14_9_, prescripti11_.renewals as renewals4_14_9_, prescripti11_.startDate as startDat5_14_9_, drug12_.id as id1_3_10_, drug12_.code as code2_3_10_, drug12_.description as descript3_3_10_, drug12_.name as name4_3_10_, user13_.username as username1_15_11_, user13_.enabled as enabled2_15_11_, user13_.password as password3_15_11_, user13_.role as role4_15_11_ from OfficeVisits this_ left outer join AppointmentRequests appointmen2_ on this_.appointment_id=appointmen2_.id left outer join Users user3_ on appointmen2_.hcp_id=user3_.username left outer join Users user4_ on appointmen2_.patient_id=user4_.username left outer join BasicHealthMetrics basichealt5_ on this_.basichealthmetrics_id=basichealt5_.id left outer join Users user6_ on basichealt5_.hcp_id=user6_.username left outer join Users user7_ on basichealt5_.patient_id=user7_.username inner join Users user8_ on this_.hcp_id=user8_.username inner join Hospitals hospital9_ on this_.hospital_id=hospital9_.name inner join Users user10_ on this_.patient_id=user10_.username left outer join Prescriptions prescripti11_ on this_.id=prescripti11_.prescriptions_id left outer join Drugs drug12_ on prescripti11_.drug_id=drug12_.id left outer join Users user13_ on prescripti11_.patient_id=user13_.username where this_.id=?
Hibernate: select this_.id as id1_10_12_, this_.appointment_id as appointm5_10_12_, this_.basichealthmetrics_id as basichea6_10_12_, this_.date as date2_10_12_, this_.hcp_id as hcp_id7_10_12_, this_.hospital_id as hospital8_10_12_, this_.notes as notes3_10_12_, this_.patient_id as patient_9_10_12_, this_.type as type4_10_12_, appointmen2_.id as id1_0_0_, appointmen2_.comments as comments2_0_0_, appointmen2_.date as date3_0_0_, appointmen2_.hcp_id as hcp_id6_0_0_, appointmen2_.patient_id as patient_7_0_0_, appointmen2_.status as status4_0_0_, appointmen2_.type as type5_0_0_, user3_.username as username1_15_1_, user3_.enabled as enabled2_15_1_, user3_.password as password3_15_1_, user3_.role as role4_15_1_, user4_.username as username1_15_2_, user4_.enabled as enabled2_15_2_, user4_.password as password3_15_2_, user4_.role as role4_15_2_, basichealt5_.id as id1_1_3_, basichealt5_.diastolic as diastoli2_1_3_, basichealt5_.hcp_id as hcp_id12_1_3_, basichealt5_.hdl as hdl3_1_3_, basichealt5_.headCircumference as headCirc4_1_3_, basichealt5_.height as height5_1_3_, basichealt5_.houseSmokingStatus as houseSmo6_1_3_, basichealt5_.ldl as ldl7_1_3_, basichealt5_.patient_id as patient13_1_3_, basichealt5_.patientSmokingStatus as patientS8_1_3_, basichealt5_.systolic as systolic9_1_3_, basichealt5_.tri as tri10_1_3_, basichealt5_.weight as weight11_1_3_, user6_.username as username1_15_4_, user6_.enabled as enabled2_15_4_, user6_.password as password3_15_4_, user6_.role as role4_15_4_, user7_.username as username1_15_5_, user7_.enabled as enabled2_15_5_, user7_.password as password3_15_5_, user7_.role as role4_15_5_, user8_.username as username1_15_6_, user8_.enabled as enabled2_15_6_, user8_.password as password3_15_6_, user8_.role as role4_15_6_, hospital9_.name as name1_4_7_, hospital9_.address as address2_4_7_, hospital9_.state as state3_4_7_, hospital9_.zip as zip4_4_7_, user10_.username as username1_15_8_, user10_.enabled as enabled2_15_8_, user10_.password as password3_15_8_, user10_.role as role4_15_8_, prescripti11_.prescriptions_id as prescrip8_14_14_, prescripti11_.id as id1_14_14_, prescripti11_.id as id1_14_9_, prescripti11_.dosage as dosage2_14_9_, prescripti11_.drug_id as drug_id6_14_9_, prescripti11_.endDate as endDate3_14_9_, prescripti11_.patient_id as patient_7_14_9_, prescripti11_.renewals as renewals4_14_9_, prescripti11_.startDate as startDat5_14_9_, drug12_.id as id1_3_10_, drug12_.code as code2_3_10_, drug12_.description as descript3_3_10_, drug12_.name as name4_3_10_, user13_.username as username1_15_11_, user13_.enabled as enabled2_15_11_, user13_.password as password3_15_11_, user13_.role as role4_15_11_ from OfficeVisits this_ left outer join AppointmentRequests appointmen2_ on this_.appointment_id=appointmen2_.id left outer join Users user3_ on appointmen2_.hcp_id=user3_.username left outer join Users user4_ on appointmen2_.patient_id=user4_.username left outer join BasicHealthMetrics basichealt5_ on this_.basichealthmetrics_id=basichealt5_.id left outer join Users user6_ on basichealt5_.hcp_id=user6_.username left outer join Users user7_ on basichealt5_.patient_id=user7_.username inner join Users user8_ on this_.hcp_id=user8_.username inner join Hospitals hospital9_ on this_.hospital_id=hospital9_.name inner join Users user10_ on this_.patient_id=user10_.username left outer join Prescriptions prescripti11_ on this_.id=prescripti11_.prescriptions_id left outer join Drugs drug12_ on prescripti11_.drug_id=drug12_.id left outer join Users user13_ on prescripti11_.patient_id=user13_.username where this_.id=?
08:28:50.774 [main] DEBUG org.hibernate.loader.Loader - Result set row: 0
08:28:50.775 [main] DEBUG org.hibernate.loader.Loader - Result row: null, null, null, EntityKey[edu.ncsu.csc.itrust2.models.persistent.BasicHealthMetrics#59], EntityKey[edu.ncsu.csc.itrust2.models.persistent.User#hcp], EntityKey[edu.ncsu.csc.itrust2.models.persistent.User#patient], EntityKey[edu.ncsu.csc.itrust2.models.persistent.User#hcp], EntityKey[edu.ncsu.csc.itrust2.models.persistent.Hospital#iTrust Test Hospital 2], EntityKey[edu.ncsu.csc.itrust2.models.persistent.User#patient], null, null, null, EntityKey[edu.ncsu.csc.itrust2.models.persistent.OfficeVisit#60]
08:28:50.775 [main] DEBUG org.hibernate.loader.Loader - Result set contains (possibly empty) collection: [edu.ncsu.csc.itrust2.models.persistent.OfficeVisit.prescriptions#60]
08:28:50.776 [main] DEBUG o.h.engine.internal.TwoPhaseLoad - Resolving associations for [edu.ncsu.csc.itrust2.models.persistent.BasicHealthMetrics#59]
08:28:50.776 [main] DEBUG o.h.engine.internal.TwoPhaseLoad - Done materializing entity [edu.ncsu.csc.itrust2.models.persistent.BasicHealthMetrics#59]
08:28:50.776 [main] DEBUG o.h.engine.internal.TwoPhaseLoad - Resolving associations for [edu.ncsu.csc.itrust2.models.persistent.User#hcp]
08:28:50.776 [main] DEBUG o.h.engine.internal.TwoPhaseLoad - Done materializing entity [edu.ncsu.csc.itrust2.models.persistent.User#hcp]
08:28:50.776 [main] DEBUG o.h.engine.internal.TwoPhaseLoad - Resolving associations for [edu.ncsu.csc.itrust2.models.persistent.User#patient]
08:28:50.777 [main] DEBUG o.h.engine.internal.TwoPhaseLoad - Done materializing entity [edu.ncsu.csc.itrust2.models.persistent.User#patient]
08:28:50.777 [main] DEBUG o.h.engine.internal.TwoPhaseLoad - Resolving associations for [edu.ncsu.csc.itrust2.models.persistent.Hospital#iTrust Test Hospital 2]
08:28:50.777 [main] DEBUG o.h.engine.internal.TwoPhaseLoad - Done materializing entity [edu.ncsu.csc.itrust2.models.persistent.Hospital#iTrust Test Hospital 2]
08:28:50.777 [main] DEBUG o.h.engine.internal.TwoPhaseLoad - Resolving associations for [edu.ncsu.csc.itrust2.models.persistent.OfficeVisit#60]
08:28:50.777 [main] DEBUG o.h.engine.internal.TwoPhaseLoad - Done materializing entity [edu.ncsu.csc.itrust2.models.persistent.OfficeVisit#60]
08:28:50.778 [main] DEBUG o.h.e.l.i.CollectionLoadContext - 1 collections were found in result set for role: edu.ncsu.csc.itrust2.models.persistent.OfficeVisit.prescriptions
08:28:50.778 [main] DEBUG o.h.e.l.i.CollectionLoadContext - Collection fully initialized: [edu.ncsu.csc.itrust2.models.persistent.OfficeVisit.prescriptions#60]
08:28:50.778 [main] DEBUG o.h.e.l.i.CollectionLoadContext - 1 collections initialized for role: edu.ncsu.csc.itrust2.models.persistent.OfficeVisit.prescriptions
08:28:50.778 [main] DEBUG o.h.e.t.internal.TransactionImpl - committing
08:28:50.778 [main] DEBUG o.h.e.i.AbstractFlushingEventListener - Processing flush-time cascades
08:28:50.778 [main] DEBUG o.h.e.i.AbstractFlushingEventListener - Dirty checking collections
08:28:50.779 [main] DEBUG o.h.engine.internal.Collections - Collection found: [edu.ncsu.csc.itrust2.models.persistent.OfficeVisit.prescriptions#60], was: [edu.ncsu.csc.itrust2.models.persistent.OfficeVisit.prescriptions#60] (initialized)
08:28:50.779 [main] DEBUG o.h.e.i.AbstractFlushingEventListener - Flushed: 0 insertions, 0 updates, 0 deletions to 5 objects
08:28:50.779 [main] DEBUG o.h.e.i.AbstractFlushingEventListener - Flushed: 0 (re)creations, 0 updates, 0 removals to 1 collections
08:28:50.779 [main] DEBUG o.h.internal.util.EntityPrinter - Listing entities:
08:28:50.779 [main] DEBUG o.h.internal.util.EntityPrinter - edu.ncsu.csc.itrust2.models.persistent.BasicHealthMetrics{patientSmokingStatus=null, headCircumference=null, weight=null, tri=null, hdl=null, diastolic=null, systolic=null, hcp=edu.ncsu.csc.itrust2.models.persistent.User#hcp, ldl=null, houseSmokingStatus=null, patient=edu.ncsu.csc.itrust2.models.persistent.User#patient, id=59, height=null}
08:28:50.779 [main] DEBUG o.h.internal.util.EntityPrinter - edu.ncsu.csc.itrust2.models.persistent.User{password=$2a$10$EblZqNptyYvcLm/VwDCVAuBjzZOI7khzdyGPBr08PpIi0na624b8., role=ROLE_PATIENT, enabled=1, username=patient}
08:28:50.786 [main] DEBUG o.h.internal.util.EntityPrinter - edu.ncsu.csc.itrust2.models.persistent.OfficeVisit{date=java.util.GregorianCalendar[time=2470657800000,areFieldsSet=true,areAllFieldsSet=true,lenient=true,zone=sun.util.calendar.ZoneInfo[id="America/New_York",offset=-18000000,dstSavings=3600000,useDaylight=true,transitions=235,lastRule=java.util.SimpleTimeZone[id=America/New_York,offset=-18000000,dstSavings=3600000,useDaylight=true,startYear=0,startMode=3,startMonth=2,startDay=8,startDayOfWeek=1,startTime=7200000,startTimeMode=0,endMode=3,endMonth=10,endDay=1,endDayOfWeek=1,endTime=7200000,endTimeMode=0]],firstDayOfWeek=1,minimalDaysInFirstWeek=1,ERA=1,YEAR=2048,MONTH=3,WEEK_OF_YEAR=16,WEEK_OF_MONTH=3,DAY_OF_MONTH=16,DAY_OF_YEAR=107,DAY_OF_WEEK=5,DAY_OF_WEEK_IN_MONTH=3,AM_PM=0,HOUR=9,HOUR_OF_DAY=9,MINUTE=50,SECOND=0,MILLISECOND=0,ZONE_OFFSET=-18000000,DST_OFFSET=3600000], notes=Test office visit, hcp=edu.ncsu.csc.itrust2.models.persistent.User#hcp, patient=edu.ncsu.csc.itrust2.models.persistent.User#patient, basicHealthMetrics=edu.ncsu.csc.itrust2.models.persistent.BasicHealthMetrics#59, appointment=null, id=60, hospital=edu.ncsu.csc.itrust2.models.persistent.Hospital#iTrust Test Hospital 2, type=GENERAL_CHECKUP, prescriptions=[]}
08:28:50.786 [main] DEBUG o.h.internal.util.EntityPrinter - edu.ncsu.csc.itrust2.models.persistent.User{password=$2a$10$EblZqNptyYvcLm/VwDCVAuBjzZOI7khzdyGPBr08PpIi0na624b8., role=ROLE_HCP, enabled=1, username=hcp}
08:28:50.786 [main] DEBUG o.h.internal.util.EntityPrinter - edu.ncsu.csc.itrust2.models.persistent.Hospital{zip=27607, address=1 iTrust Test Street, name=iTrust Test Hospital 2, state=NC}
08:28:50.787 [main] DEBUG o.h.e.t.internal.TransactionImpl - begin
08:28:50.789 [main] DEBUG org.hibernate.SQL - select this_.id as id1_2_8_, this_.code_id as code_id3_2_8_, this_.note as note2_2_8_, this_.visit_id as visit_id4_2_8_, icdcode2_.id as id1_5_0_, icdcode2_.code as code2_5_0_, icdcode2_.description as descript3_5_0_, officevisi3_.id as id1_10_1_, officevisi3_.appointment_id as appointm5_10_1_, officevisi3_.basichealthmetrics_id as basichea6_10_1_, officevisi3_.date as date2_10_1_, officevisi3_.hcp_id as hcp_id7_10_1_, officevisi3_.hospital_id as hospital8_10_1_, officevisi3_.notes as notes3_10_1_, officevisi3_.patient_id as patient_9_10_1_, officevisi3_.type as type4_10_1_, appointmen4_.id as id1_0_2_, appointmen4_.comments as comments2_0_2_, appointmen4_.date as date3_0_2_, appointmen4_.hcp_id as hcp_id6_0_2_, appointmen4_.patient_id as patient_7_0_2_, appointmen4_.status as status4_0_2_, appointmen4_.type as type5_0_2_, basichealt5_.id as id1_1_3_, basichealt5_.diastolic as diastoli2_1_3_, basichealt5_.hcp_id as hcp_id12_1_3_, basichealt5_.hdl as hdl3_1_3_, basichealt5_.headCircumference as headCirc4_1_3_, basichealt5_.height as height5_1_3_, basichealt5_.houseSmokingStatus as houseSmo6_1_3_, basichealt5_.ldl as ldl7_1_3_, basichealt5_.patient_id as patient13_1_3_, basichealt5_.patientSmokingStatus as patientS8_1_3_, basichealt5_.systolic as systolic9_1_3_, basichealt5_.tri as tri10_1_3_, basichealt5_.weight as weight11_1_3_, user6_.username as username1_15_4_, user6_.enabled as enabled2_15_4_, user6_.password as password3_15_4_, user6_.role as role4_15_4_, hospital7_.name as name1_4_5_, hospital7_.address as address2_4_5_, hospital7_.state as state3_4_5_, hospital7_.zip as zip4_4_5_, user8_.username as username1_15_6_, user8_.enabled as enabled2_15_6_, user8_.password as password3_15_6_, user8_.role as role4_15_6_, prescripti9_.prescriptions_id as prescrip8_14_10_, prescripti9_.id as id1_14_10_, prescripti9_.id as id1_14_7_, prescripti9_.dosage as dosage2_14_7_, prescripti9_.drug_id as drug_id6_14_7_, prescripti9_.endDate as endDate3_14_7_, prescripti9_.patient_id as patient_7_14_7_, prescripti9_.renewals as renewals4_14_7_, prescripti9_.startDate as startDat5_14_7_ from Diagnoses this_ inner join ICDCodes icdcode2_ on this_.code_id=icdcode2_.id inner join OfficeVisits officevisi3_ on this_.visit_id=officevisi3_.id left outer join AppointmentRequests appointmen4_ on officevisi3_.appointment_id=appointmen4_.id left outer join BasicHealthMetrics basichealt5_ on officevisi3_.basichealthmetrics_id=basichealt5_.id left outer join Users user6_ on officevisi3_.hcp_id=user6_.username left outer join Hospitals hospital7_ on officevisi3_.hospital_id=hospital7_.name left outer join Users user8_ on officevisi3_.patient_id=user8_.username left outer join Prescriptions prescripti9_ on officevisi3_.id=prescripti9_.prescriptions_id where this_.visit_id=?
Hibernate: select this_.id as id1_2_8_, this_.code_id as code_id3_2_8_, this_.note as note2_2_8_, this_.visit_id as visit_id4_2_8_, icdcode2_.id as id1_5_0_, icdcode2_.code as code2_5_0_, icdcode2_.description as descript3_5_0_, officevisi3_.id as id1_10_1_, officevisi3_.appointment_id as appointm5_10_1_, officevisi3_.basichealthmetrics_id as basichea6_10_1_, officevisi3_.date as date2_10_1_, officevisi3_.hcp_id as hcp_id7_10_1_, officevisi3_.hospital_id as hospital8_10_1_, officevisi3_.notes as notes3_10_1_, officevisi3_.patient_id as patient_9_10_1_, officevisi3_.type as type4_10_1_, appointmen4_.id as id1_0_2_, appointmen4_.comments as comments2_0_2_, appointmen4_.date as date3_0_2_, appointmen4_.hcp_id as hcp_id6_0_2_, appointmen4_.patient_id as patient_7_0_2_, appointmen4_.status as status4_0_2_, appointmen4_.type as type5_0_2_, basichealt5_.id as id1_1_3_, basichealt5_.diastolic as diastoli2_1_3_, basichealt5_.hcp_id as hcp_id12_1_3_, basichealt5_.hdl as hdl3_1_3_, basichealt5_.headCircumference as headCirc4_1_3_, basichealt5_.height as height5_1_3_, basichealt5_.houseSmokingStatus as houseSmo6_1_3_, basichealt5_.ldl as ldl7_1_3_, basichealt5_.patient_id as patient13_1_3_, basichealt5_.patientSmokingStatus as patientS8_1_3_, basichealt5_.systolic as systolic9_1_3_, basichealt5_.tri as tri10_1_3_, basichealt5_.weight as weight11_1_3_, user6_.username as username1_15_4_, user6_.enabled as enabled2_15_4_, user6_.password as password3_15_4_, user6_.role as role4_15_4_, hospital7_.name as name1_4_5_, hospital7_.address as address2_4_5_, hospital7_.state as state3_4_5_, hospital7_.zip as zip4_4_5_, user8_.username as username1_15_6_, user8_.enabled as enabled2_15_6_, user8_.password as password3_15_6_, user8_.role as role4_15_6_, prescripti9_.prescriptions_id as prescrip8_14_10_, prescripti9_.id as id1_14_10_, prescripti9_.id as id1_14_7_, prescripti9_.dosage as dosage2_14_7_, prescripti9_.drug_id as drug_id6_14_7_, prescripti9_.endDate as endDate3_14_7_, prescripti9_.patient_id as patient_7_14_7_, prescripti9_.renewals as renewals4_14_7_, prescripti9_.startDate as startDat5_14_7_ from Diagnoses this_ inner join ICDCodes icdcode2_ on this_.code_id=icdcode2_.id inner join OfficeVisits officevisi3_ on this_.visit_id=officevisi3_.id left outer join AppointmentRequests appointmen4_ on officevisi3_.appointment_id=appointmen4_.id left outer join BasicHealthMetrics basichealt5_ on officevisi3_.basichealthmetrics_id=basichealt5_.id left outer join Users user6_ on officevisi3_.hcp_id=user6_.username left outer join Hospitals hospital7_ on officevisi3_.hospital_id=hospital7_.name left outer join Users user8_ on officevisi3_.patient_id=user8_.username left outer join Prescriptions prescripti9_ on officevisi3_.id=prescripti9_.prescriptions_id where this_.visit_id=?
08:28:50.791 [main] DEBUG o.h.e.l.i.CollectionLoadContext - No collections were found in result set for role: edu.ncsu.csc.itrust2.models.persistent.OfficeVisit.prescriptions
08:28:50.791 [main] DEBUG o.h.e.t.internal.TransactionImpl - committing
08:28:50.792 [main] DEBUG o.h.e.t.internal.TransactionImpl - begin
08:28:50.794 [main] DEBUG org.hibernate.SQL - select next_val as id_val from hibernate_sequence for update
Hibernate: select next_val as id_val from hibernate_sequence for update
08:28:50.795 [main] DEBUG org.hibernate.SQL - update hibernate_sequence set next_val= ? where next_val=?
Hibernate: update hibernate_sequence set next_val= ? where next_val=?
08:28:50.798 [main] DEBUG o.h.e.i.AbstractSaveEventListener - Generated identifier: 61, using strategy: org.hibernate.id.enhanced.SequenceStyleGenerator
08:28:50.798 [main] DEBUG o.h.e.t.internal.TransactionImpl - committing
08:28:50.798 [main] DEBUG o.h.e.i.AbstractFlushingEventListener - Processing flush-time cascades
08:28:50.798 [main] DEBUG o.h.e.i.AbstractFlushingEventListener - Dirty checking collections
08:28:50.799 [main] DEBUG o.h.e.i.AbstractFlushingEventListener - Flushed: 1 insertions, 0 updates, 0 deletions to 1 objects
08:28:50.799 [main] DEBUG o.h.e.i.AbstractFlushingEventListener - Flushed: 0 (re)creations, 0 updates, 0 removals to 0 collections
08:28:50.799 [main] DEBUG o.h.internal.util.EntityPrinter - Listing entities:
08:28:50.799 [main] DEBUG o.h.internal.util.EntityPrinter - edu.ncsu.csc.itrust2.models.persistent.LogEntry{secondaryUser=null, logCode=26, primaryUser=SPRING_API_TEST_USER, id=61, time=java.util.GregorianCalendar[time=1521721730792,areFieldsSet=true,areAllFieldsSet=true,lenient=true,zone=sun.util.calendar.ZoneInfo[id="America/New_York",offset=-18000000,dstSavings=3600000,useDaylight=true,transitions=235,lastRule=java.util.SimpleTimeZone[id=America/New_York,offset=-18000000,dstSavings=3600000,useDaylight=true,startYear=0,startMode=3,startMonth=2,startDay=8,startDayOfWeek=1,startTime=7200000,startTimeMode=0,endMode=3,endMonth=10,endDay=1,endDayOfWeek=1,endTime=7200000,endTimeMode=0]],firstDayOfWeek=1,minimalDaysInFirstWeek=1,ERA=1,YEAR=2018,MONTH=2,WEEK_OF_YEAR=12,WEEK_OF_MONTH=4,DAY_OF_MONTH=22,DAY_OF_YEAR=81,DAY_OF_WEEK=5,DAY_OF_WEEK_IN_MONTH=4,AM_PM=0,HOUR=8,HOUR_OF_DAY=8,MINUTE=28,SECOND=50,MILLISECOND=792,ZONE_OFFSET=-18000000,DST_OFFSET=3600000], message=patient}
08:28:50.800 [main] DEBUG org.hibernate.SQL - insert into LogEntries (logCode, message, primaryUser, secondaryUser, time, id) values (?, ?, ?, ?, ?, ?)
Hibernate: insert into LogEntries (logCode, message, primaryUser, secondaryUser, time, id) values (?, ?, ?, ?, ?, ?)
08:28:50.805 [main] DEBUG o.h.e.j.internal.JdbcCoordinatorImpl - HHH000420: Closing un-released batch
08:28:50.806 [main] DEBUG o.s.w.s.m.m.a.HttpEntityMethodProcessor - Written [edu.ncsu.csc.itrust2.models.persistent.OfficeVisit@57d0ecd7] as "application/json" using [org.springframework.http.converter.json.GsonHttpMessageConverter@5dd5be49]
08:28:50.808 [main] DEBUG o.s.t.w.s.TestDispatcherServlet - Null ModelAndView returned to DispatcherServlet with name '': assuming HandlerAdapter completed request handling
08:28:50.808 [main] DEBUG o.s.t.w.s.TestDispatcherServlet - Successfully completed request
08:28:50.808 [main] DEBUG o.s.t.w.s.TestDispatcherServlet - DispatcherServlet with name '' processing GET request for [/api/v1/officevisits]
08:28:50.809 [main] DEBUG o.s.w.s.m.m.a.RequestMappingHandlerMapping - Looking up handler method for path /api/v1/officevisits
08:28:50.809 [main] DEBUG o.s.w.s.m.m.a.RequestMappingHandlerMapping - Returning handler method [public java.util.List<edu.ncsu.csc.itrust2.models.persistent.OfficeVisit> edu.ncsu.csc.itrust2.controllers.api.APIOfficeVisitController.getOfficeVisits()]
08:28:50.818 [main] DEBUG o.s.b.f.s.DefaultListableBeanFactory - Returning cached instance of singleton bean 'APIOfficeVisitController'
08:28:50.818 [main] DEBUG o.s.t.w.s.TestDispatcherServlet - Last-Modified value for [/api/v1/officevisits] is: -1
08:28:50.819 [main] DEBUG o.h.e.t.internal.TransactionImpl - begin
08:28:50.821 [main] DEBUG org.hibernate.SQL - select this_.id as id1_10_12_, this_.appointment_id as appointm5_10_12_, this_.basichealthmetrics_id as basichea6_10_12_, this_.date as date2_10_12_, this_.hcp_id as hcp_id7_10_12_, this_.hospital_id as hospital8_10_12_, this_.notes as notes3_10_12_, this_.patient_id as patient_9_10_12_, this_.type as type4_10_12_, appointmen2_.id as id1_0_0_, appointmen2_.comments as comments2_0_0_, appointmen2_.date as date3_0_0_, appointmen2_.hcp_id as hcp_id6_0_0_, appointmen2_.patient_id as patient_7_0_0_, appointmen2_.status as status4_0_0_, appointmen2_.type as type5_0_0_, user3_.username as username1_15_1_, user3_.enabled as enabled2_15_1_, user3_.password as password3_15_1_, user3_.role as role4_15_1_, user4_.username as username1_15_2_, user4_.enabled as enabled2_15_2_, user4_.password as password3_15_2_, user4_.role as role4_15_2_, basichealt5_.id as id1_1_3_, basichealt5_.diastolic as diastoli2_1_3_, basichealt5_.hcp_id as hcp_id12_1_3_, basichealt5_.hdl as hdl3_1_3_, basichealt5_.headCircumference as headCirc4_1_3_, basichealt5_.height as height5_1_3_, basichealt5_.houseSmokingStatus as houseSmo6_1_3_, basichealt5_.ldl as ldl7_1_3_, basichealt5_.patient_id as patient13_1_3_, basichealt5_.patientSmokingStatus as patientS8_1_3_, basichealt5_.systolic as systolic9_1_3_, basichealt5_.tri as tri10_1_3_, basichealt5_.weight as weight11_1_3_, user6_.username as username1_15_4_, user6_.enabled as enabled2_15_4_, user6_.password as password3_15_4_, user6_.role as role4_15_4_, user7_.username as username1_15_5_, user7_.enabled as enabled2_15_5_, user7_.password as password3_15_5_, user7_.role as role4_15_5_, user8_.username as username1_15_6_, user8_.enabled as enabled2_15_6_, user8_.password as password3_15_6_, user8_.role as role4_15_6_, hospital9_.name as name1_4_7_, hospital9_.address as address2_4_7_, hospital9_.state as state3_4_7_, hospital9_.zip as zip4_4_7_, user10_.username as username1_15_8_, user10_.enabled as enabled2_15_8_, user10_.password as password3_15_8_, user10_.role as role4_15_8_, prescripti11_.prescriptions_id as prescrip8_14_14_, prescripti11_.id as id1_14_14_, prescripti11_.id as id1_14_9_, prescripti11_.dosage as dosage2_14_9_, prescripti11_.drug_id as drug_id6_14_9_, prescripti11_.endDate as endDate3_14_9_, prescripti11_.patient_id as patient_7_14_9_, prescripti11_.renewals as renewals4_14_9_, prescripti11_.startDate as startDat5_14_9_, drug12_.id as id1_3_10_, drug12_.code as code2_3_10_, drug12_.description as descript3_3_10_, drug12_.name as name4_3_10_, user13_.username as username1_15_11_, user13_.enabled as enabled2_15_11_, user13_.password as password3_15_11_, user13_.role as role4_15_11_ from OfficeVisits this_ left outer join AppointmentRequests appointmen2_ on this_.appointment_id=appointmen2_.id left outer join Users user3_ on appointmen2_.hcp_id=user3_.username left outer join Users user4_ on appointmen2_.patient_id=user4_.username left outer join BasicHealthMetrics basichealt5_ on this_.basichealthmetrics_id=basichealt5_.id left outer join Users user6_ on basichealt5_.hcp_id=user6_.username left outer join Users user7_ on basichealt5_.patient_id=user7_.username inner join Users user8_ on this_.hcp_id=user8_.username inner join Hospitals hospital9_ on this_.hospital_id=hospital9_.name inner join Users user10_ on this_.patient_id=user10_.username left outer join Prescriptions prescripti11_ on this_.id=prescripti11_.prescriptions_id left outer join Drugs drug12_ on prescripti11_.drug_id=drug12_.id left outer join Users user13_ on prescripti11_.patient_id=user13_.username
Hibernate: select this_.id as id1_10_12_, this_.appointment_id as appointm5_10_12_, this_.basichealthmetrics_id as basichea6_10_12_, this_.date as date2_10_12_, this_.hcp_id as hcp_id7_10_12_, this_.hospital_id as hospital8_10_12_, this_.notes as notes3_10_12_, this_.patient_id as patient_9_10_12_, this_.type as type4_10_12_, appointmen2_.id as id1_0_0_, appointmen2_.comments as comments2_0_0_, appointmen2_.date as date3_0_0_, appointmen2_.hcp_id as hcp_id6_0_0_, appointmen2_.patient_id as patient_7_0_0_, appointmen2_.status as status4_0_0_, appointmen2_.type as type5_0_0_, user3_.username as username1_15_1_, user3_.enabled as enabled2_15_1_, user3_.password as password3_15_1_, user3_.role as role4_15_1_, user4_.username as username1_15_2_, user4_.enabled as enabled2_15_2_, user4_.password as password3_15_2_, user4_.role as role4_15_2_, basichealt5_.id as id1_1_3_, basichealt5_.diastolic as diastoli2_1_3_, basichealt5_.hcp_id as hcp_id12_1_3_, basichealt5_.hdl as hdl3_1_3_, basichealt5_.headCircumference as headCirc4_1_3_, basichealt5_.height as height5_1_3_, basichealt5_.houseSmokingStatus as houseSmo6_1_3_, basichealt5_.ldl as ldl7_1_3_, basichealt5_.patient_id as patient13_1_3_, basichealt5_.patientSmokingStatus as patientS8_1_3_, basichealt5_.systolic as systolic9_1_3_, basichealt5_.tri as tri10_1_3_, basichealt5_.weight as weight11_1_3_, user6_.username as username1_15_4_, user6_.enabled as enabled2_15_4_, user6_.password as password3_15_4_, user6_.role as role4_15_4_, user7_.username as username1_15_5_, user7_.enabled as enabled2_15_5_, user7_.password as password3_15_5_, user7_.role as role4_15_5_, user8_.username as username1_15_6_, user8_.enabled as enabled2_15_6_, user8_.password as password3_15_6_, user8_.role as role4_15_6_, hospital9_.name as name1_4_7_, hospital9_.address as address2_4_7_, hospital9_.state as state3_4_7_, hospital9_.zip as zip4_4_7_, user10_.username as username1_15_8_, user10_.enabled as enabled2_15_8_, user10_.password as password3_15_8_, user10_.role as role4_15_8_, prescripti11_.prescriptions_id as prescrip8_14_14_, prescripti11_.id as id1_14_14_, prescripti11_.id as id1_14_9_, prescripti11_.dosage as dosage2_14_9_, prescripti11_.drug_id as drug_id6_14_9_, prescripti11_.endDate as endDate3_14_9_, prescripti11_.patient_id as patient_7_14_9_, prescripti11_.renewals as renewals4_14_9_, prescripti11_.startDate as startDat5_14_9_, drug12_.id as id1_3_10_, drug12_.code as code2_3_10_, drug12_.description as descript3_3_10_, drug12_.name as name4_3_10_, user13_.username as username1_15_11_, user13_.enabled as enabled2_15_11_, user13_.password as password3_15_11_, user13_.role as role4_15_11_ from OfficeVisits this_ left outer join AppointmentRequests appointmen2_ on this_.appointment_id=appointmen2_.id left outer join Users user3_ on appointmen2_.hcp_id=user3_.username left outer join Users user4_ on appointmen2_.patient_id=user4_.username left outer join BasicHealthMetrics basichealt5_ on this_.basichealthmetrics_id=basichealt5_.id left outer join Users user6_ on basichealt5_.hcp_id=user6_.username left outer join Users user7_ on basichealt5_.patient_id=user7_.username inner join Users user8_ on this_.hcp_id=user8_.username inner join Hospitals hospital9_ on this_.hospital_id=hospital9_.name inner join Users user10_ on this_.patient_id=user10_.username left outer join Prescriptions prescripti11_ on this_.id=prescripti11_.prescriptions_id left outer join Drugs drug12_ on prescripti11_.drug_id=drug12_.id left outer join Users user13_ on prescripti11_.patient_id=user13_.username
08:28:50.825 [main] DEBUG org.hibernate.loader.Loader - Result set row: 0
08:28:50.825 [main] DEBUG org.hibernate.loader.Loader - Result row: null, null, null, EntityKey[edu.ncsu.csc.itrust2.models.persistent.BasicHealthMetrics#59], EntityKey[edu.ncsu.csc.itrust2.models.persistent.User#hcp], EntityKey[edu.ncsu.csc.itrust2.models.persistent.User#patient], EntityKey[edu.ncsu.csc.itrust2.models.persistent.User#hcp], EntityKey[edu.ncsu.csc.itrust2.models.persistent.Hospital#iTrust Test Hospital 2], EntityKey[edu.ncsu.csc.itrust2.models.persistent.User#patient], null, null, null, EntityKey[edu.ncsu.csc.itrust2.models.persistent.OfficeVisit#60]
08:28:50.826 [main] DEBUG org.hibernate.loader.Loader - Result set contains (possibly empty) collection: [edu.ncsu.csc.itrust2.models.persistent.OfficeVisit.prescriptions#60]
08:28:50.828 [main] DEBUG o.h.engine.internal.TwoPhaseLoad - Resolving associations for [edu.ncsu.csc.itrust2.models.persistent.BasicHealthMetrics#59]
08:28:50.828 [main] DEBUG o.h.engine.internal.TwoPhaseLoad - Done materializing entity [edu.ncsu.csc.itrust2.models.persistent.BasicHealthMetrics#59]
08:28:50.828 [main] DEBUG o.h.engine.internal.TwoPhaseLoad - Resolving associations for [edu.ncsu.csc.itrust2.models.persistent.User#hcp]
08:28:50.829 [main] DEBUG o.h.engine.internal.TwoPhaseLoad - Done materializing entity [edu.ncsu.csc.itrust2.models.persistent.User#hcp]
08:28:50.829 [main] DEBUG o.h.engine.internal.TwoPhaseLoad - Resolving associations for [edu.ncsu.csc.itrust2.models.persistent.User#patient]
08:28:50.829 [main] DEBUG o.h.engine.internal.TwoPhaseLoad - Done materializing entity [edu.ncsu.csc.itrust2.models.persistent.User#patient]
08:28:50.829 [main] DEBUG o.h.engine.internal.TwoPhaseLoad - Resolving associations for [edu.ncsu.csc.itrust2.models.persistent.Hospital#iTrust Test Hospital 2]
08:28:50.829 [main] DEBUG o.h.engine.internal.TwoPhaseLoad - Done materializing entity [edu.ncsu.csc.itrust2.models.persistent.Hospital#iTrust Test Hospital 2]
08:28:50.829 [main] DEBUG o.h.engine.internal.TwoPhaseLoad - Resolving associations for [edu.ncsu.csc.itrust2.models.persistent.OfficeVisit#60]
08:28:50.830 [main] DEBUG o.h.engine.internal.TwoPhaseLoad - Done materializing entity [edu.ncsu.csc.itrust2.models.persistent.OfficeVisit#60]
08:28:50.831 [main] DEBUG o.h.e.l.i.CollectionLoadContext - 1 collections were found in result set for role: edu.ncsu.csc.itrust2.models.persistent.OfficeVisit.prescriptions
08:28:50.831 [main] DEBUG o.h.e.l.i.CollectionLoadContext - Collection fully initialized: [edu.ncsu.csc.itrust2.models.persistent.OfficeVisit.prescriptions#60]
08:28:50.831 [main] DEBUG o.h.e.l.i.CollectionLoadContext - 1 collections initialized for role: edu.ncsu.csc.itrust2.models.persistent.OfficeVisit.prescriptions
08:28:50.831 [main] DEBUG o.h.e.t.internal.TransactionImpl - committing
08:28:50.831 [main] DEBUG o.h.e.i.AbstractFlushingEventListener - Processing flush-time cascades
08:28:50.831 [main] DEBUG o.h.e.i.AbstractFlushingEventListener - Dirty checking collections
08:28:50.832 [main] DEBUG o.h.engine.internal.Collections - Collection found: [edu.ncsu.csc.itrust2.models.persistent.OfficeVisit.prescriptions#60], was: [edu.ncsu.csc.itrust2.models.persistent.OfficeVisit.prescriptions#60] (initialized)
08:28:50.832 [main] DEBUG o.h.e.i.AbstractFlushingEventListener - Flushed: 0 insertions, 0 updates, 0 deletions to 5 objects
08:28:50.832 [main] DEBUG o.h.e.i.AbstractFlushingEventListener - Flushed: 0 (re)creations, 0 updates, 0 removals to 1 collections
08:28:50.832 [main] DEBUG o.h.internal.util.EntityPrinter - Listing entities:
08:28:50.832 [main] DEBUG o.h.internal.util.EntityPrinter - edu.ncsu.csc.itrust2.models.persistent.BasicHealthMetrics{patientSmokingStatus=null, headCircumference=null, weight=null, tri=null, hdl=null, diastolic=null, systolic=null, hcp=edu.ncsu.csc.itrust2.models.persistent.User#hcp, ldl=null, houseSmokingStatus=null, patient=edu.ncsu.csc.itrust2.models.persistent.User#patient, id=59, height=null}
08:28:50.833 [main] DEBUG o.h.internal.util.EntityPrinter - edu.ncsu.csc.itrust2.models.persistent.User{password=$2a$10$EblZqNptyYvcLm/VwDCVAuBjzZOI7khzdyGPBr08PpIi0na624b8., role=ROLE_PATIENT, enabled=1, username=patient}
08:28:50.833 [main] DEBUG o.h.internal.util.EntityPrinter - edu.ncsu.csc.itrust2.models.persistent.OfficeVisit{date=java.util.GregorianCalendar[time=2470657800000,areFieldsSet=true,areAllFieldsSet=true,lenient=true,zone=sun.util.calendar.ZoneInfo[id="America/New_York",offset=-18000000,dstSavings=3600000,useDaylight=true,transitions=235,lastRule=java.util.SimpleTimeZone[id=America/New_York,offset=-18000000,dstSavings=3600000,useDaylight=true,startYear=0,startMode=3,startMonth=2,startDay=8,startDayOfWeek=1,startTime=7200000,startTimeMode=0,endMode=3,endMonth=10,endDay=1,endDayOfWeek=1,endTime=7200000,endTimeMode=0]],firstDayOfWeek=1,minimalDaysInFirstWeek=1,ERA=1,YEAR=2048,MONTH=3,WEEK_OF_YEAR=16,WEEK_OF_MONTH=3,DAY_OF_MONTH=16,DAY_OF_YEAR=107,DAY_OF_WEEK=5,DAY_OF_WEEK_IN_MONTH=3,AM_PM=0,HOUR=9,HOUR_OF_DAY=9,MINUTE=50,SECOND=0,MILLISECOND=0,ZONE_OFFSET=-18000000,DST_OFFSET=3600000], notes=Test office visit, hcp=edu.ncsu.csc.itrust2.models.persistent.User#hcp, patient=edu.ncsu.csc.itrust2.models.persistent.User#patient, basicHealthMetrics=edu.ncsu.csc.itrust2.models.persistent.BasicHealthMetrics#59, appointment=null, id=60, hospital=edu.ncsu.csc.itrust2.models.persistent.Hospital#iTrust Test Hospital 2, type=GENERAL_CHECKUP, prescriptions=[]}
08:28:50.833 [main] DEBUG o.h.internal.util.EntityPrinter - edu.ncsu.csc.itrust2.models.persistent.User{password=$2a$10$EblZqNptyYvcLm/VwDCVAuBjzZOI7khzdyGPBr08PpIi0na624b8., role=ROLE_HCP, enabled=1, username=hcp}
08:28:50.833 [main] DEBUG o.h.internal.util.EntityPrinter - edu.ncsu.csc.itrust2.models.persistent.Hospital{zip=27607, address=1 iTrust Test Street, name=iTrust Test Hospital 2, state=NC}
08:28:50.839 [main] DEBUG o.s.w.s.m.m.a.RequestResponseBodyMethodProcessor - Written [[edu.ncsu.csc.itrust2.models.persistent.OfficeVisit@2de5dc22]] as "application/json" using [org.springframework.http.converter.json.GsonHttpMessageConverter@5dd5be49]
08:28:50.847 [main] DEBUG o.s.t.w.s.TestDispatcherServlet - Null ModelAndView returned to DispatcherServlet with name '': assuming HandlerAdapter completed request handling
08:28:50.847 [main] DEBUG o.s.t.w.s.TestDispatcherServlet - Successfully completed request
08:28:50.847 [main] DEBUG o.h.e.t.internal.TransactionImpl - begin
08:28:50.849 [main] DEBUG org.hibernate.SQL - select this_.username as username1_15_0_, this_.enabled as enabled2_15_0_, this_.password as password3_15_0_, this_.role as role4_15_0_ from Users this_ where this_.username=? and this_.role=?
Hibernate: select this_.username as username1_15_0_, this_.enabled as enabled2_15_0_, this_.password as password3_15_0_, this_.role as role4_15_0_ from Users this_ where this_.username=? and this_.role=?
08:28:50.850 [main] DEBUG org.hibernate.loader.Loader - Result set row: 0
08:28:50.850 [main] DEBUG org.hibernate.loader.Loader - Result row: EntityKey[edu.ncsu.csc.itrust2.models.persistent.User#patient]
08:28:50.850 [main] DEBUG o.h.engine.internal.TwoPhaseLoad - Resolving associations for [edu.ncsu.csc.itrust2.models.persistent.User#patient]
08:28:50.850 [main] DEBUG o.h.engine.internal.TwoPhaseLoad - Done materializing entity [edu.ncsu.csc.itrust2.models.persistent.User#patient]
08:28:50.850 [main] DEBUG o.h.e.t.internal.TransactionImpl - committing
08:28:50.851 [main] DEBUG o.h.e.i.AbstractFlushingEventListener - Processing flush-time cascades
08:28:50.851 [main] DEBUG o.h.e.i.AbstractFlushingEventListener - Dirty checking collections
08:28:50.851 [main] DEBUG o.h.e.i.AbstractFlushingEventListener - Flushed: 0 insertions, 0 updates, 0 deletions to 1 objects
08:28:50.851 [main] DEBUG o.h.e.i.AbstractFlushingEventListener - Flushed: 0 (re)creations, 0 updates, 0 removals to 0 collections
08:28:50.851 [main] DEBUG o.h.internal.util.EntityPrinter - Listing entities:
08:28:50.851 [main] DEBUG o.h.internal.util.EntityPrinter - edu.ncsu.csc.itrust2.models.persistent.User{password=$2a$10$EblZqNptyYvcLm/VwDCVAuBjzZOI7khzdyGPBr08PpIi0na624b8., role=ROLE_PATIENT, enabled=1, username=patient}
08:28:50.852 [main] DEBUG o.h.e.t.internal.TransactionImpl - begin
08:28:50.853 [main] DEBUG org.hibernate.SQL - select this_.username as username1_15_0_, this_.enabled as enabled2_15_0_, this_.password as password3_15_0_, this_.role as role4_15_0_ from Users this_ where this_.username=? and this_.role=?
Hibernate: select this_.username as username1_15_0_, this_.enabled as enabled2_15_0_, this_.password as password3_15_0_, this_.role as role4_15_0_ from Users this_ where this_.username=? and this_.role=?
08:28:50.854 [main] DEBUG org.hibernate.loader.Loader - Result set row: 0
08:28:50.854 [main] DEBUG org.hibernate.loader.Loader - Result row: EntityKey[edu.ncsu.csc.itrust2.models.persistent.User#hcp]
08:28:50.854 [main] DEBUG o.h.engine.internal.TwoPhaseLoad - Resolving associations for [edu.ncsu.csc.itrust2.models.persistent.User#hcp]
08:28:50.854 [main] DEBUG o.h.engine.internal.TwoPhaseLoad - Done materializing entity [edu.ncsu.csc.itrust2.models.persistent.User#hcp]
08:28:50.854 [main] DEBUG o.h.e.t.internal.TransactionImpl - committing
08:28:50.854 [main] DEBUG o.h.e.i.AbstractFlushingEventListener - Processing flush-time cascades
08:28:50.855 [main] DEBUG o.h.e.i.AbstractFlushingEventListener - Dirty checking collections
08:28:50.855 [main] DEBUG o.h.e.i.AbstractFlushingEventListener - Flushed: 0 insertions, 0 updates, 0 deletions to 1 objects
08:28:50.855 [main] DEBUG o.h.e.i.AbstractFlushingEventListener - Flushed: 0 (re)creations, 0 updates, 0 removals to 0 collections
08:28:50.855 [main] DEBUG o.h.internal.util.EntityPrinter - Listing entities:
08:28:50.855 [main] DEBUG o.h.internal.util.EntityPrinter - edu.ncsu.csc.itrust2.models.persistent.User{password=$2a$10$EblZqNptyYvcLm/VwDCVAuBjzZOI7khzdyGPBr08PpIi0na624b8., role=ROLE_HCP, enabled=1, username=hcp}
08:28:50.856 [main] DEBUG o.h.e.t.internal.TransactionImpl - begin
08:28:50.867 [main] DEBUG org.hibernate.SQL - select this_.name as name1_4_0_, this_.address as address2_4_0_, this_.state as state3_4_0_, this_.zip as zip4_4_0_ from Hospitals this_ where this_.name=?
Hibernate: select this_.name as name1_4_0_, this_.address as address2_4_0_, this_.state as state3_4_0_, this_.zip as zip4_4_0_ from Hospitals this_ where this_.name=?
08:28:50.867 [main] DEBUG org.hibernate.loader.Loader - Result set row: 0
08:28:50.868 [main] DEBUG org.hibernate.loader.Loader - Result row: EntityKey[edu.ncsu.csc.itrust2.models.persistent.Hospital#iTrust Test Hospital 2]
08:28:50.868 [main] DEBUG o.h.engine.internal.TwoPhaseLoad - Resolving associations for [edu.ncsu.csc.itrust2.models.persistent.Hospital#iTrust Test Hospital 2]
08:28:50.868 [main] DEBUG o.h.engine.internal.TwoPhaseLoad - Done materializing entity [edu.ncsu.csc.itrust2.models.persistent.Hospital#iTrust Test Hospital 2]
08:28:50.868 [main] DEBUG o.h.e.t.internal.TransactionImpl - committing
08:28:50.868 [main] DEBUG o.h.e.i.AbstractFlushingEventListener - Processing flush-time cascades
08:28:50.869 [main] DEBUG o.h.e.i.AbstractFlushingEventListener - Dirty checking collections
08:28:50.869 [main] DEBUG o.h.e.i.AbstractFlushingEventListener - Flushed: 0 insertions, 0 updates, 0 deletions to 1 objects
08:28:50.869 [main] DEBUG o.h.e.i.AbstractFlushingEventListener - Flushed: 0 (re)creations, 0 updates, 0 removals to 0 collections
08:28:50.869 [main] DEBUG o.h.internal.util.EntityPrinter - Listing entities:
08:28:50.870 [main] DEBUG o.h.internal.util.EntityPrinter - edu.ncsu.csc.itrust2.models.persistent.Hospital{zip=27607, address=1 iTrust Test Street, name=iTrust Test Hospital 2, state=NC}
08:28:50.870 [main] DEBUG o.h.e.t.internal.TransactionImpl - begin
08:28:50.871 [main] DEBUG org.hibernate.SQL - select this_.username as username1_15_0_, this_.enabled as enabled2_15_0_, this_.password as password3_15_0_, this_.role as role4_15_0_ from Users this_ where this_.username=? and this_.role=?
Hibernate: select this_.username as username1_15_0_, this_.enabled as enabled2_15_0_, this_.password as password3_15_0_, this_.role as role4_15_0_ from Users this_ where this_.username=? and this_.role=?
08:28:50.873 [main] DEBUG org.hibernate.loader.Loader - Result set row: 0
08:28:50.873 [main] DEBUG org.hibernate.loader.Loader - Result row: EntityKey[edu.ncsu.csc.itrust2.models.persistent.User#patient]
08:28:50.873 [main] DEBUG o.h.engine.internal.TwoPhaseLoad - Resolving associations for [edu.ncsu.csc.itrust2.models.persistent.User#patient]
08:28:50.873 [main] DEBUG o.h.engine.internal.TwoPhaseLoad - Done materializing entity [edu.ncsu.csc.itrust2.models.persistent.User#patient]
08:28:50.874 [main] DEBUG o.h.e.t.internal.TransactionImpl - committing
08:28:50.874 [main] DEBUG o.h.e.i.AbstractFlushingEventListener - Processing flush-time cascades
08:28:50.874 [main] DEBUG o.h.e.i.AbstractFlushingEventListener - Dirty checking collections
08:28:50.874 [main] DEBUG o.h.e.i.AbstractFlushingEventListener - Flushed: 0 insertions, 0 updates, 0 deletions to 1 objects
08:28:50.874 [main] DEBUG o.h.e.i.AbstractFlushingEventListener - Flushed: 0 (re)creations, 0 updates, 0 removals to 0 collections
08:28:50.874 [main] DEBUG o.h.internal.util.EntityPrinter - Listing entities:
08:28:50.874 [main] DEBUG o.h.internal.util.EntityPrinter - edu.ncsu.csc.itrust2.models.persistent.User{password=$2a$10$EblZqNptyYvcLm/VwDCVAuBjzZOI7khzdyGPBr08PpIi0na624b8., role=ROLE_PATIENT, enabled=1, username=patient}
08:28:50.875 [main] DEBUG o.h.e.t.internal.TransactionImpl - begin
08:28:50.876 [main] DEBUG org.hibernate.SQL - select this_.username as username1_15_0_, this_.enabled as enabled2_15_0_, this_.password as password3_15_0_, this_.role as role4_15_0_ from Users this_ where this_.username=? and this_.role=?
Hibernate: select this_.username as username1_15_0_, this_.enabled as enabled2_15_0_, this_.password as password3_15_0_, this_.role as role4_15_0_ from Users this_ where this_.username=? and this_.role=?
08:28:50.878 [main] DEBUG org.hibernate.loader.Loader - Result set row: 0
08:28:50.878 [main] DEBUG org.hibernate.loader.Loader - Result row: EntityKey[edu.ncsu.csc.itrust2.models.persistent.User#hcp]
08:28:50.878 [main] DEBUG o.h.engine.internal.TwoPhaseLoad - Resolving associations for [edu.ncsu.csc.itrust2.models.persistent.User#hcp]
08:28:50.879 [main] DEBUG o.h.engine.internal.TwoPhaseLoad - Done materializing entity [edu.ncsu.csc.itrust2.models.persistent.User#hcp]
08:28:50.879 [main] DEBUG o.h.e.t.internal.TransactionImpl - committing
08:28:50.879 [main] DEBUG o.h.e.i.AbstractFlushingEventListener - Processing flush-time cascades
08:28:50.879 [main] DEBUG o.h.e.i.AbstractFlushingEventListener - Dirty checking collections
08:28:50.879 [main] DEBUG o.h.e.i.AbstractFlushingEventListener - Flushed: 0 insertions, 0 updates, 0 deletions to 1 objects
08:28:50.879 [main] DEBUG o.h.e.i.AbstractFlushingEventListener - Flushed: 0 (re)creations, 0 updates, 0 removals to 0 collections
08:28:50.879 [main] DEBUG o.h.internal.util.EntityPrinter - Listing entities:
08:28:50.880 [main] DEBUG o.h.internal.util.EntityPrinter - edu.ncsu.csc.itrust2.models.persistent.User{password=$2a$10$EblZqNptyYvcLm/VwDCVAuBjzZOI7khzdyGPBr08PpIi0na624b8., role=ROLE_HCP, enabled=1, username=hcp}
08:28:50.880 [main] DEBUG o.h.e.t.internal.TransactionImpl - begin
08:28:50.881 [main] DEBUG org.hibernate.SQL - select this_.username as username1_15_0_, this_.enabled as enabled2_15_0_, this_.password as password3_15_0_, this_.role as role4_15_0_ from Users this_ where this_.username=? and this_.role=?
Hibernate: select this_.username as username1_15_0_, this_.enabled as enabled2_15_0_, this_.password as password3_15_0_, this_.role as role4_15_0_ from Users this_ where this_.username=? and this_.role=?
08:28:50.882 [main] DEBUG org.hibernate.loader.Loader - Result set row: 0
08:28:50.882 [main] DEBUG org.hibernate.loader.Loader - Result row: EntityKey[edu.ncsu.csc.itrust2.models.persistent.User#patient]
08:28:50.882 [main] DEBUG o.h.engine.internal.TwoPhaseLoad - Resolving associations for [edu.ncsu.csc.itrust2.models.persistent.User#patient]
08:28:50.882 [main] DEBUG o.h.engine.internal.TwoPhaseLoad - Done materializing entity [edu.ncsu.csc.itrust2.models.persistent.User#patient]
08:28:50.882 [main] DEBUG o.h.e.t.internal.TransactionImpl - committing
08:28:50.882 [main] DEBUG o.h.e.i.AbstractFlushingEventListener - Processing flush-time cascades
08:28:50.883 [main] DEBUG o.h.e.i.AbstractFlushingEventListener - Dirty checking collections
08:28:50.883 [main] DEBUG o.h.e.i.AbstractFlushingEventListener - Flushed: 0 insertions, 0 updates, 0 deletions to 1 objects
08:28:50.883 [main] DEBUG o.h.e.i.AbstractFlushingEventListener - Flushed: 0 (re)creations, 0 updates, 0 removals to 0 collections
08:28:50.883 [main] DEBUG o.h.internal.util.EntityPrinter - Listing entities:
08:28:50.883 [main] DEBUG o.h.internal.util.EntityPrinter - edu.ncsu.csc.itrust2.models.persistent.User{password=$2a$10$EblZqNptyYvcLm/VwDCVAuBjzZOI7khzdyGPBr08PpIi0na624b8., role=ROLE_PATIENT, enabled=1, username=patient}
08:28:50.884 [main] DEBUG o.h.e.t.internal.TransactionImpl - begin
08:28:50.885 [main] DEBUG org.hibernate.SQL - select this_.self_id as self_id18_12_2_, this_.address1 as address1_12_2_, this_.address2 as address2_12_2_, this_.bloodType as bloodTyp3_12_2_, this_.causeOfDeath as causeOfD4_12_2_, this_.city as city5_12_2_, this_.dateOfBirth as dateOfBi6_12_2_, this_.dateOfDeath as dateOfDe7_12_2_, this_.email as email8_12_2_, this_.ethnicity as ethnicit9_12_2_, this_.father_id as father_19_12_2_, this_.firstName as firstNa10_12_2_, this_.gender as gender11_12_2_, this_.id as id12_12_2_, this_.lastName as lastNam13_12_2_, this_.mother_id as mother_20_12_2_, this_.phone as phone14_12_2_, this_.preferredName as preferr15_12_2_, this_.state as state16_12_2_, this_.zip as zip17_12_2_, user2_.username as username1_15_0_, user2_.enabled as enabled2_15_0_, user2_.password as password3_15_0_, user2_.role as role4_15_0_, user3_.username as username1_15_1_, user3_.enabled as enabled2_15_1_, user3_.password as password3_15_1_, user3_.role as role4_15_1_ from Patients this_ left outer join Users user2_ on this_.father_id=user2_.username left outer join Users user3_ on this_.mother_id=user3_.username where this_.self_id=?
Hibernate: select this_.self_id as self_id18_12_2_, this_.address1 as address1_12_2_, this_.address2 as address2_12_2_, this_.bloodType as bloodTyp3_12_2_, this_.causeOfDeath as causeOfD4_12_2_, this_.city as city5_12_2_, this_.dateOfBirth as dateOfBi6_12_2_, this_.dateOfDeath as dateOfDe7_12_2_, this_.email as email8_12_2_, this_.ethnicity as ethnicit9_12_2_, this_.father_id as father_19_12_2_, this_.firstName as firstNa10_12_2_, this_.gender as gender11_12_2_, this_.id as id12_12_2_, this_.lastName as lastNam13_12_2_, this_.mother_id as mother_20_12_2_, this_.phone as phone14_12_2_, this_.preferredName as preferr15_12_2_, this_.state as state16_12_2_, this_.zip as zip17_12_2_, user2_.username as username1_15_0_, user2_.enabled as enabled2_15_0_, user2_.password as password3_15_0_, user2_.role as role4_15_0_, user3_.username as username1_15_1_, user3_.enabled as enabled2_15_1_, user3_.password as password3_15_1_, user3_.role as role4_15_1_ from Patients this_ left outer join Users user2_ on this_.father_id=user2_.username left outer join Users user3_ on this_.mother_id=user3_.username where this_.self_id=?
08:28:50.887 [main] DEBUG o.h.e.t.internal.TransactionImpl - committing
08:28:50.888 [main] DEBUG o.h.e.t.internal.TransactionImpl - begin
08:28:50.888 [main] DEBUG org.hibernate.SQL - select this_.username as username1_15_0_, this_.enabled as enabled2_15_0_, this_.password as password3_15_0_, this_.role as role4_15_0_ from Users this_ where this_.username=? and this_.role=?
Hibernate: select this_.username as username1_15_0_, this_.enabled as enabled2_15_0_, this_.password as password3_15_0_, this_.role as role4_15_0_ from Users this_ where this_.username=? and this_.role=?
08:28:50.898 [main] DEBUG org.hibernate.loader.Loader - Result set row: 0
08:28:50.898 [main] DEBUG org.hibernate.loader.Loader - Result row: EntityKey[edu.ncsu.csc.itrust2.models.persistent.User#hcp]
08:28:50.899 [main] DEBUG o.h.engine.internal.TwoPhaseLoad - Resolving associations for [edu.ncsu.csc.itrust2.models.persistent.User#hcp]
08:28:50.899 [main] DEBUG o.h.engine.internal.TwoPhaseLoad - Done materializing entity [edu.ncsu.csc.itrust2.models.persistent.User#hcp]
08:28:50.899 [main] DEBUG o.h.e.t.internal.TransactionImpl - committing
08:28:50.899 [main] DEBUG o.h.e.i.AbstractFlushingEventListener - Processing flush-time cascades
08:28:50.899 [main] DEBUG o.h.e.i.AbstractFlushingEventListener - Dirty checking collections
08:28:50.899 [main] DEBUG o.h.e.i.AbstractFlushingEventListener - Flushed: 0 insertions, 0 updates, 0 deletions to 1 objects
08:28:50.900 [main] DEBUG o.h.e.i.AbstractFlushingEventListener - Flushed: 0 (re)creations, 0 updates, 0 removals to 0 collections
08:28:50.900 [main] DEBUG o.h.internal.util.EntityPrinter - Listing entities:
08:28:50.900 [main] DEBUG o.h.internal.util.EntityPrinter - edu.ncsu.csc.itrust2.models.persistent.User{password=$2a$10$EblZqNptyYvcLm/VwDCVAuBjzZOI7khzdyGPBr08PpIi0na624b8., role=ROLE_HCP, enabled=1, username=hcp}
08:28:50.900 [main] DEBUG o.h.e.t.internal.TransactionImpl - begin
08:28:50.904 [main] DEBUG org.hibernate.SQL - select this_.id as id1_10_12_, this_.appointment_id as appointm5_10_12_, this_.basichealthmetrics_id as basichea6_10_12_, this_.date as date2_10_12_, this_.hcp_id as hcp_id7_10_12_, this_.hospital_id as hospital8_10_12_, this_.notes as notes3_10_12_, this_.patient_id as patient_9_10_12_, this_.type as type4_10_12_, appointmen2_.id as id1_0_0_, appointmen2_.comments as comments2_0_0_, appointmen2_.date as date3_0_0_, appointmen2_.hcp_id as hcp_id6_0_0_, appointmen2_.patient_id as patient_7_0_0_, appointmen2_.status as status4_0_0_, appointmen2_.type as type5_0_0_, user3_.username as username1_15_1_, user3_.enabled as enabled2_15_1_, user3_.password as password3_15_1_, user3_.role as role4_15_1_, user4_.username as username1_15_2_, user4_.enabled as enabled2_15_2_, user4_.password as password3_15_2_, user4_.role as role4_15_2_, basichealt5_.id as id1_1_3_, basichealt5_.diastolic as diastoli2_1_3_, basichealt5_.hcp_id as hcp_id12_1_3_, basichealt5_.hdl as hdl3_1_3_, basichealt5_.headCircumference as headCirc4_1_3_, basichealt5_.height as height5_1_3_, basichealt5_.houseSmokingStatus as houseSmo6_1_3_, basichealt5_.ldl as ldl7_1_3_, basichealt5_.patient_id as patient13_1_3_, basichealt5_.patientSmokingStatus as patientS8_1_3_, basichealt5_.systolic as systolic9_1_3_, basichealt5_.tri as tri10_1_3_, basichealt5_.weight as weight11_1_3_, user6_.username as username1_15_4_, user6_.enabled as enabled2_15_4_, user6_.password as password3_15_4_, user6_.role as role4_15_4_, user7_.username as username1_15_5_, user7_.enabled as enabled2_15_5_, user7_.password as password3_15_5_, user7_.role as role4_15_5_, user8_.username as username1_15_6_, user8_.enabled as enabled2_15_6_, user8_.password as password3_15_6_, user8_.role as role4_15_6_, hospital9_.name as name1_4_7_, hospital9_.address as address2_4_7_, hospital9_.state as state3_4_7_, hospital9_.zip as zip4_4_7_, user10_.username as username1_15_8_, user10_.enabled as enabled2_15_8_, user10_.password as password3_15_8_, user10_.role as role4_15_8_, prescripti11_.prescriptions_id as prescrip8_14_14_, prescripti11_.id as id1_14_14_, prescripti11_.id as id1_14_9_, prescripti11_.dosage as dosage2_14_9_, prescripti11_.drug_id as drug_id6_14_9_, prescripti11_.endDate as endDate3_14_9_, prescripti11_.patient_id as patient_7_14_9_, prescripti11_.renewals as renewals4_14_9_, prescripti11_.startDate as startDat5_14_9_, drug12_.id as id1_3_10_, drug12_.code as code2_3_10_, drug12_.description as descript3_3_10_, drug12_.name as name4_3_10_, user13_.username as username1_15_11_, user13_.enabled as enabled2_15_11_, user13_.password as password3_15_11_, user13_.role as role4_15_11_ from OfficeVisits this_ left outer join AppointmentRequests appointmen2_ on this_.appointment_id=appointmen2_.id left outer join Users user3_ on appointmen2_.hcp_id=user3_.username left outer join Users user4_ on appointmen2_.patient_id=user4_.username left outer join BasicHealthMetrics basichealt5_ on this_.basichealthmetrics_id=basichealt5_.id left outer join Users user6_ on basichealt5_.hcp_id=user6_.username left outer join Users user7_ on basichealt5_.patient_id=user7_.username inner join Users user8_ on this_.hcp_id=user8_.username inner join Hospitals hospital9_ on this_.hospital_id=hospital9_.name inner join Users user10_ on this_.patient_id=user10_.username left outer join Prescriptions prescripti11_ on this_.id=prescripti11_.prescriptions_id left outer join Drugs drug12_ on prescripti11_.drug_id=drug12_.id left outer join Users user13_ on prescripti11_.patient_id=user13_.username where this_.hcp_id=?
Hibernate: select this_.id as id1_10_12_, this_.appointment_id as appointm5_10_12_, this_.basichealthmetrics_id as basichea6_10_12_, this_.date as date2_10_12_, this_.hcp_id as hcp_id7_10_12_, this_.hospital_id as hospital8_10_12_, this_.notes as notes3_10_12_, this_.patient_id as patient_9_10_12_, this_.type as type4_10_12_, appointmen2_.id as id1_0_0_, appointmen2_.comments as comments2_0_0_, appointmen2_.date as date3_0_0_, appointmen2_.hcp_id as hcp_id6_0_0_, appointmen2_.patient_id as patient_7_0_0_, appointmen2_.status as status4_0_0_, appointmen2_.type as type5_0_0_, user3_.username as username1_15_1_, user3_.enabled as enabled2_15_1_, user3_.password as password3_15_1_, user3_.role as role4_15_1_, user4_.username as username1_15_2_, user4_.enabled as enabled2_15_2_, user4_.password as password3_15_2_, user4_.role as role4_15_2_, basichealt5_.id as id1_1_3_, basichealt5_.diastolic as diastoli2_1_3_, basichealt5_.hcp_id as hcp_id12_1_3_, basichealt5_.hdl as hdl3_1_3_, basichealt5_.headCircumference as headCirc4_1_3_, basichealt5_.height as height5_1_3_, basichealt5_.houseSmokingStatus as houseSmo6_1_3_, basichealt5_.ldl as ldl7_1_3_, basichealt5_.patient_id as patient13_1_3_, basichealt5_.patientSmokingStatus as patientS8_1_3_, basichealt5_.systolic as systolic9_1_3_, basichealt5_.tri as tri10_1_3_, basichealt5_.weight as weight11_1_3_, user6_.username as username1_15_4_, user6_.enabled as enabled2_15_4_, user6_.password as password3_15_4_, user6_.role as role4_15_4_, user7_.username as username1_15_5_, user7_.enabled as enabled2_15_5_, user7_.password as password3_15_5_, user7_.role as role4_15_5_, user8_.username as username1_15_6_, user8_.enabled as enabled2_15_6_, user8_.password as password3_15_6_, user8_.role as role4_15_6_, hospital9_.name as name1_4_7_, hospital9_.address as address2_4_7_, hospital9_.state as state3_4_7_, hospital9_.zip as zip4_4_7_, user10_.username as username1_15_8_, user10_.enabled as enabled2_15_8_, user10_.password as password3_15_8_, user10_.role as role4_15_8_, prescripti11_.prescriptions_id as prescrip8_14_14_, prescripti11_.id as id1_14_14_, prescripti11_.id as id1_14_9_, prescripti11_.dosage as dosage2_14_9_, prescripti11_.drug_id as drug_id6_14_9_, prescripti11_.endDate as endDate3_14_9_, prescripti11_.patient_id as patient_7_14_9_, prescripti11_.renewals as renewals4_14_9_, prescripti11_.startDate as startDat5_14_9_, drug12_.id as id1_3_10_, drug12_.code as code2_3_10_, drug12_.description as descript3_3_10_, drug12_.name as name4_3_10_, user13_.username as username1_15_11_, user13_.enabled as enabled2_15_11_, user13_.password as password3_15_11_, user13_.role as role4_15_11_ from OfficeVisits this_ left outer join AppointmentRequests appointmen2_ on this_.appointment_id=appointmen2_.id left outer join Users user3_ on appointmen2_.hcp_id=user3_.username left outer join Users user4_ on appointmen2_.patient_id=user4_.username left outer join BasicHealthMetrics basichealt5_ on this_.basichealthmetrics_id=basichealt5_.id left outer join Users user6_ on basichealt5_.hcp_id=user6_.username left outer join Users user7_ on basichealt5_.patient_id=user7_.username inner join Users user8_ on this_.hcp_id=user8_.username inner join Hospitals hospital9_ on this_.hospital_id=hospital9_.name inner join Users user10_ on this_.patient_id=user10_.username left outer join Prescriptions prescripti11_ on this_.id=prescripti11_.prescriptions_id left outer join Drugs drug12_ on prescripti11_.drug_id=drug12_.id left outer join Users user13_ on prescripti11_.patient_id=user13_.username where this_.hcp_id=?
08:28:50.906 [main] DEBUG org.hibernate.loader.Loader - Result set row: 0
08:28:50.906 [main] DEBUG org.hibernate.loader.Loader - Result row: null, null, null, EntityKey[edu.ncsu.csc.itrust2.models.persistent.BasicHealthMetrics#59], EntityKey[edu.ncsu.csc.itrust2.models.persistent.User#hcp], EntityKey[edu.ncsu.csc.itrust2.models.persistent.User#patient], EntityKey[edu.ncsu.csc.itrust2.models.persistent.User#hcp], EntityKey[edu.ncsu.csc.itrust2.models.persistent.Hospital#iTrust Test Hospital 2], EntityKey[edu.ncsu.csc.itrust2.models.persistent.User#patient], null, null, null, EntityKey[edu.ncsu.csc.itrust2.models.persistent.OfficeVisit#60]
08:28:50.907 [main] DEBUG org.hibernate.loader.Loader - Result set contains (possibly empty) collection: [edu.ncsu.csc.itrust2.models.persistent.OfficeVisit.prescriptions#60]
08:28:50.907 [main] DEBUG o.h.engine.internal.TwoPhaseLoad - Resolving associations for [edu.ncsu.csc.itrust2.models.persistent.BasicHealthMetrics#59]
08:28:50.907 [main] DEBUG o.h.engine.internal.TwoPhaseLoad - Done materializing entity [edu.ncsu.csc.itrust2.models.persistent.BasicHealthMetrics#59]
08:28:50.908 [main] DEBUG o.h.engine.internal.TwoPhaseLoad - Resolving associations for [edu.ncsu.csc.itrust2.models.persistent.User#hcp]
08:28:50.908 [main] DEBUG o.h.engine.internal.TwoPhaseLoad - Done materializing entity [edu.ncsu.csc.itrust2.models.persistent.User#hcp]
08:28:50.908 [main] DEBUG o.h.engine.internal.TwoPhaseLoad - Resolving associations for [edu.ncsu.csc.itrust2.models.persistent.User#patient]
08:28:50.908 [main] DEBUG o.h.engine.internal.TwoPhaseLoad - Done materializing entity [edu.ncsu.csc.itrust2.models.persistent.User#patient]
08:28:50.908 [main] DEBUG o.h.engine.internal.TwoPhaseLoad - Resolving associations for [edu.ncsu.csc.itrust2.models.persistent.Hospital#iTrust Test Hospital 2]
08:28:50.908 [main] DEBUG o.h.engine.internal.TwoPhaseLoad - Done materializing entity [edu.ncsu.csc.itrust2.models.persistent.Hospital#iTrust Test Hospital 2]
08:28:50.909 [main] DEBUG o.h.engine.internal.TwoPhaseLoad - Resolving associations for [edu.ncsu.csc.itrust2.models.persistent.OfficeVisit#60]
08:28:50.909 [main] DEBUG o.h.engine.internal.TwoPhaseLoad - Done materializing entity [edu.ncsu.csc.itrust2.models.persistent.OfficeVisit#60]
08:28:50.909 [main] DEBUG o.h.e.l.i.CollectionLoadContext - 1 collections were found in result set for role: edu.ncsu.csc.itrust2.models.persistent.OfficeVisit.prescriptions
08:28:50.909 [main] DEBUG o.h.e.l.i.CollectionLoadContext - Collection fully initialized: [edu.ncsu.csc.itrust2.models.persistent.OfficeVisit.prescriptions#60]
08:28:50.909 [main] DEBUG o.h.e.l.i.CollectionLoadContext - 1 collections initialized for role: edu.ncsu.csc.itrust2.models.persistent.OfficeVisit.prescriptions
08:28:50.910 [main] DEBUG o.h.e.t.internal.TransactionImpl - committing
08:28:50.910 [main] DEBUG o.h.e.i.AbstractFlushingEventListener - Processing flush-time cascades
08:28:50.912 [main] DEBUG o.h.e.i.AbstractFlushingEventListener - Dirty checking collections
08:28:50.913 [main] DEBUG o.h.engine.internal.Collections - Collection found: [edu.ncsu.csc.itrust2.models.persistent.OfficeVisit.prescriptions#60], was: [edu.ncsu.csc.itrust2.models.persistent.OfficeVisit.prescriptions#60] (initialized)
08:28:50.913 [main] DEBUG o.h.e.i.AbstractFlushingEventListener - Flushed: 0 insertions, 0 updates, 0 deletions to 5 objects
08:28:50.914 [main] DEBUG o.h.e.i.AbstractFlushingEventListener - Flushed: 0 (re)creations, 0 updates, 0 removals to 1 collections
08:28:50.914 [main] DEBUG o.h.internal.util.EntityPrinter - Listing entities:
08:28:50.915 [main] DEBUG o.h.internal.util.EntityPrinter - edu.ncsu.csc.itrust2.models.persistent.BasicHealthMetrics{patientSmokingStatus=null, headCircumference=null, weight=null, tri=null, hdl=null, diastolic=null, systolic=null, hcp=edu.ncsu.csc.itrust2.models.persistent.User#hcp, ldl=null, houseSmokingStatus=null, patient=edu.ncsu.csc.itrust2.models.persistent.User#patient, id=59, height=null}
08:28:50.915 [main] DEBUG o.h.internal.util.EntityPrinter - edu.ncsu.csc.itrust2.models.persistent.User{password=$2a$10$EblZqNptyYvcLm/VwDCVAuBjzZOI7khzdyGPBr08PpIi0na624b8., role=ROLE_PATIENT, enabled=1, username=patient}
08:28:50.916 [main] DEBUG o.h.internal.util.EntityPrinter - edu.ncsu.csc.itrust2.models.persistent.OfficeVisit{date=java.util.GregorianCalendar[time=2470657800000,areFieldsSet=true,areAllFieldsSet=true,lenient=true,zone=sun.util.calendar.ZoneInfo[id="America/New_York",offset=-18000000,dstSavings=3600000,useDaylight=true,transitions=235,lastRule=java.util.SimpleTimeZone[id=America/New_York,offset=-18000000,dstSavings=3600000,useDaylight=true,startYear=0,startMode=3,startMonth=2,startDay=8,startDayOfWeek=1,startTime=7200000,startTimeMode=0,endMode=3,endMonth=10,endDay=1,endDayOfWeek=1,endTime=7200000,endTimeMode=0]],firstDayOfWeek=1,minimalDaysInFirstWeek=1,ERA=1,YEAR=2048,MONTH=3,WEEK_OF_YEAR=16,WEEK_OF_MONTH=3,DAY_OF_MONTH=16,DAY_OF_YEAR=107,DAY_OF_WEEK=5,DAY_OF_WEEK_IN_MONTH=3,AM_PM=0,HOUR=9,HOUR_OF_DAY=9,MINUTE=50,SECOND=0,MILLISECOND=0,ZONE_OFFSET=-18000000,DST_OFFSET=3600000], notes=Test office visit, hcp=edu.ncsu.csc.itrust2.models.persistent.User#hcp, patient=edu.ncsu.csc.itrust2.models.persistent.User#patient, basicHealthMetrics=edu.ncsu.csc.itrust2.models.persistent.BasicHealthMetrics#59, appointment=null, id=60, hospital=edu.ncsu.csc.itrust2.models.persistent.Hospital#iTrust Test Hospital 2, type=GENERAL_CHECKUP, prescriptions=[]}
08:28:50.916 [main] DEBUG o.h.internal.util.EntityPrinter - edu.ncsu.csc.itrust2.models.persistent.User{password=$2a$10$EblZqNptyYvcLm/VwDCVAuBjzZOI7khzdyGPBr08PpIi0na624b8., role=ROLE_HCP, enabled=1, username=hcp}
08:28:50.916 [main] DEBUG o.h.internal.util.EntityPrinter - edu.ncsu.csc.itrust2.models.persistent.Hospital{zip=27607, address=1 iTrust Test Street, name=iTrust Test Hospital 2, state=NC}
08:28:50.917 [main] DEBUG o.h.e.t.internal.TransactionImpl - begin
08:28:50.918 [main] DEBUG org.hibernate.SQL - select this_.username as username1_15_0_, this_.enabled as enabled2_15_0_, this_.password as password3_15_0_, this_.role as role4_15_0_ from Users this_ where this_.username=? and this_.role=?
Hibernate: select this_.username as username1_15_0_, this_.enabled as enabled2_15_0_, this_.password as password3_15_0_, this_.role as role4_15_0_ from Users this_ where this_.username=? and this_.role=?
08:28:50.918 [main] DEBUG org.hibernate.loader.Loader - Result set row: 0
08:28:50.926 [main] DEBUG org.hibernate.loader.Loader - Result row: EntityKey[edu.ncsu.csc.itrust2.models.persistent.User#hcp]
08:28:50.926 [main] DEBUG o.h.engine.internal.TwoPhaseLoad - Resolving associations for [edu.ncsu.csc.itrust2.models.persistent.User#hcp]
08:28:50.926 [main] DEBUG o.h.engine.internal.TwoPhaseLoad - Done materializing entity [edu.ncsu.csc.itrust2.models.persistent.User#hcp]
08:28:50.927 [main] DEBUG o.h.e.t.internal.TransactionImpl - committing
08:28:50.927 [main] DEBUG o.h.e.i.AbstractFlushingEventListener - Processing flush-time cascades
08:28:50.927 [main] DEBUG o.h.e.i.AbstractFlushingEventListener - Dirty checking collections
08:28:50.927 [main] DEBUG o.h.e.i.AbstractFlushingEventListener - Flushed: 0 insertions, 0 updates, 0 deletions to 1 objects
08:28:50.927 [main] DEBUG o.h.e.i.AbstractFlushingEventListener - Flushed: 0 (re)creations, 0 updates, 0 removals to 0 collections
08:28:50.927 [main] DEBUG o.h.internal.util.EntityPrinter - Listing entities:
08:28:50.928 [main] DEBUG o.h.internal.util.EntityPrinter - edu.ncsu.csc.itrust2.models.persistent.User{password=$2a$10$EblZqNptyYvcLm/VwDCVAuBjzZOI7khzdyGPBr08PpIi0na624b8., role=ROLE_HCP, enabled=1, username=hcp}
08:28:50.928 [main] DEBUG o.h.e.t.internal.TransactionImpl - begin
08:28:50.930 [main] DEBUG org.hibernate.SQL - select this_.username as username1_15_0_, this_.enabled as enabled2_15_0_, this_.password as password3_15_0_, this_.role as role4_15_0_ from Users this_ where this_.username=? and this_.role=?
Hibernate: select this_.username as username1_15_0_, this_.enabled as enabled2_15_0_, this_.password as password3_15_0_, this_.role as role4_15_0_ from Users this_ where this_.username=? and this_.role=?
08:28:50.930 [main] DEBUG org.hibernate.loader.Loader - Result set row: 0
08:28:50.931 [main] DEBUG org.hibernate.loader.Loader - Result row: EntityKey[edu.ncsu.csc.itrust2.models.persistent.User#patient]
08:28:50.931 [main] DEBUG o.h.engine.internal.TwoPhaseLoad - Resolving associations for [edu.ncsu.csc.itrust2.models.persistent.User#patient]
08:28:50.931 [main] DEBUG o.h.engine.internal.TwoPhaseLoad - Done materializing entity [edu.ncsu.csc.itrust2.models.persistent.User#patient]
08:28:50.931 [main] DEBUG o.h.e.t.internal.TransactionImpl - committing
08:28:50.931 [main] DEBUG o.h.e.i.AbstractFlushingEventListener - Processing flush-time cascades
08:28:50.931 [main] DEBUG o.h.e.i.AbstractFlushingEventListener - Dirty checking collections
08:28:50.932 [main] DEBUG o.h.e.i.AbstractFlushingEventListener - Flushed: 0 insertions, 0 updates, 0 deletions to 1 objects
08:28:50.932 [main] DEBUG o.h.e.i.AbstractFlushingEventListener - Flushed: 0 (re)creations, 0 updates, 0 removals to 0 collections
08:28:50.932 [main] DEBUG o.h.internal.util.EntityPrinter - Listing entities:
08:28:50.932 [main] DEBUG o.h.internal.util.EntityPrinter - edu.ncsu.csc.itrust2.models.persistent.User{password=$2a$10$EblZqNptyYvcLm/VwDCVAuBjzZOI7khzdyGPBr08PpIi0na624b8., role=ROLE_PATIENT, enabled=1, username=patient}
08:28:50.933 [main] DEBUG o.h.e.t.internal.TransactionImpl - begin
08:28:50.938 [main] DEBUG org.hibernate.SQL - select this_.id as id1_10_12_, this_.appointment_id as appointm5_10_12_, this_.basichealthmetrics_id as basichea6_10_12_, this_.date as date2_10_12_, this_.hcp_id as hcp_id7_10_12_, this_.hospital_id as hospital8_10_12_, this_.notes as notes3_10_12_, this_.patient_id as patient_9_10_12_, this_.type as type4_10_12_, appointmen2_.id as id1_0_0_, appointmen2_.comments as comments2_0_0_, appointmen2_.date as date3_0_0_, appointmen2_.hcp_id as hcp_id6_0_0_, appointmen2_.patient_id as patient_7_0_0_, appointmen2_.status as status4_0_0_, appointmen2_.type as type5_0_0_, user3_.username as username1_15_1_, user3_.enabled as enabled2_15_1_, user3_.password as password3_15_1_, user3_.role as role4_15_1_, user4_.username as username1_15_2_, user4_.enabled as enabled2_15_2_, user4_.password as password3_15_2_, user4_.role as role4_15_2_, basichealt5_.id as id1_1_3_, basichealt5_.diastolic as diastoli2_1_3_, basichealt5_.hcp_id as hcp_id12_1_3_, basichealt5_.hdl as hdl3_1_3_, basichealt5_.headCircumference as headCirc4_1_3_, basichealt5_.height as height5_1_3_, basichealt5_.houseSmokingStatus as houseSmo6_1_3_, basichealt5_.ldl as ldl7_1_3_, basichealt5_.patient_id as patient13_1_3_, basichealt5_.patientSmokingStatus as patientS8_1_3_, basichealt5_.systolic as systolic9_1_3_, basichealt5_.tri as tri10_1_3_, basichealt5_.weight as weight11_1_3_, user6_.username as username1_15_4_, user6_.enabled as enabled2_15_4_, user6_.password as password3_15_4_, user6_.role as role4_15_4_, user7_.username as username1_15_5_, user7_.enabled as enabled2_15_5_, user7_.password as password3_15_5_, user7_.role as role4_15_5_, user8_.username as username1_15_6_, user8_.enabled as enabled2_15_6_, user8_.password as password3_15_6_, user8_.role as role4_15_6_, hospital9_.name as name1_4_7_, hospital9_.address as address2_4_7_, hospital9_.state as state3_4_7_, hospital9_.zip as zip4_4_7_, user10_.username as username1_15_8_, user10_.enabled as enabled2_15_8_, user10_.password as password3_15_8_, user10_.role as role4_15_8_, prescripti11_.prescriptions_id as prescrip8_14_14_, prescripti11_.id as id1_14_14_, prescripti11_.id as id1_14_9_, prescripti11_.dosage as dosage2_14_9_, prescripti11_.drug_id as drug_id6_14_9_, prescripti11_.endDate as endDate3_14_9_, prescripti11_.patient_id as patient_7_14_9_, prescripti11_.renewals as renewals4_14_9_, prescripti11_.startDate as startDat5_14_9_, drug12_.id as id1_3_10_, drug12_.code as code2_3_10_, drug12_.description as descript3_3_10_, drug12_.name as name4_3_10_, user13_.username as username1_15_11_, user13_.enabled as enabled2_15_11_, user13_.password as password3_15_11_, user13_.role as role4_15_11_ from OfficeVisits this_ left outer join AppointmentRequests appointmen2_ on this_.appointment_id=appointmen2_.id left outer join Users user3_ on appointmen2_.hcp_id=user3_.username left outer join Users user4_ on appointmen2_.patient_id=user4_.username left outer join BasicHealthMetrics basichealt5_ on this_.basichealthmetrics_id=basichealt5_.id left outer join Users user6_ on basichealt5_.hcp_id=user6_.username left outer join Users user7_ on basichealt5_.patient_id=user7_.username inner join Users user8_ on this_.hcp_id=user8_.username inner join Hospitals hospital9_ on this_.hospital_id=hospital9_.name inner join Users user10_ on this_.patient_id=user10_.username left outer join Prescriptions prescripti11_ on this_.id=prescripti11_.prescriptions_id left outer join Drugs drug12_ on prescripti11_.drug_id=drug12_.id left outer join Users user13_ on prescripti11_.patient_id=user13_.username where this_.hcp_id=? and this_.patient_id=?
Hibernate: select this_.id as id1_10_12_, this_.appointment_id as appointm5_10_12_, this_.basichealthmetrics_id as basichea6_10_12_, this_.date as date2_10_12_, this_.hcp_id as hcp_id7_10_12_, this_.hospital_id as hospital8_10_12_, this_.notes as notes3_10_12_, this_.patient_id as patient_9_10_12_, this_.type as type4_10_12_, appointmen2_.id as id1_0_0_, appointmen2_.comments as comments2_0_0_, appointmen2_.date as date3_0_0_, appointmen2_.hcp_id as hcp_id6_0_0_, appointmen2_.patient_id as patient_7_0_0_, appointmen2_.status as status4_0_0_, appointmen2_.type as type5_0_0_, user3_.username as username1_15_1_, user3_.enabled as enabled2_15_1_, user3_.password as password3_15_1_, user3_.role as role4_15_1_, user4_.username as username1_15_2_, user4_.enabled as enabled2_15_2_, user4_.password as password3_15_2_, user4_.role as role4_15_2_, basichealt5_.id as id1_1_3_, basichealt5_.diastolic as diastoli2_1_3_, basichealt5_.hcp_id as hcp_id12_1_3_, basichealt5_.hdl as hdl3_1_3_, basichealt5_.headCircumference as headCirc4_1_3_, basichealt5_.height as height5_1_3_, basichealt5_.houseSmokingStatus as houseSmo6_1_3_, basichealt5_.ldl as ldl7_1_3_, basichealt5_.patient_id as patient13_1_3_, basichealt5_.patientSmokingStatus as patientS8_1_3_, basichealt5_.systolic as systolic9_1_3_, basichealt5_.tri as tri10_1_3_, basichealt5_.weight as weight11_1_3_, user6_.username as username1_15_4_, user6_.enabled as enabled2_15_4_, user6_.password as password3_15_4_, user6_.role as role4_15_4_, user7_.username as username1_15_5_, user7_.enabled as enabled2_15_5_, user7_.password as password3_15_5_, user7_.role as role4_15_5_, user8_.username as username1_15_6_, user8_.enabled as enabled2_15_6_, user8_.password as password3_15_6_, user8_.role as role4_15_6_, hospital9_.name as name1_4_7_, hospital9_.address as address2_4_7_, hospital9_.state as state3_4_7_, hospital9_.zip as zip4_4_7_, user10_.username as username1_15_8_, user10_.enabled as enabled2_15_8_, user10_.password as password3_15_8_, user10_.role as role4_15_8_, prescripti11_.prescriptions_id as prescrip8_14_14_, prescripti11_.id as id1_14_14_, prescripti11_.id as id1_14_9_, prescripti11_.dosage as dosage2_14_9_, prescripti11_.drug_id as drug_id6_14_9_, prescripti11_.endDate as endDate3_14_9_, prescripti11_.patient_id as patient_7_14_9_, prescripti11_.renewals as renewals4_14_9_, prescripti11_.startDate as startDat5_14_9_, drug12_.id as id1_3_10_, drug12_.code as code2_3_10_, drug12_.description as descript3_3_10_, drug12_.name as name4_3_10_, user13_.username as username1_15_11_, user13_.enabled as enabled2_15_11_, user13_.password as password3_15_11_, user13_.role as role4_15_11_ from OfficeVisits this_ left outer join AppointmentRequests appointmen2_ on this_.appointment_id=appointmen2_.id left outer join Users user3_ on appointmen2_.hcp_id=user3_.username left outer join Users user4_ on appointmen2_.patient_id=user4_.username left outer join BasicHealthMetrics basichealt5_ on this_.basichealthmetrics_id=basichealt5_.id left outer join Users user6_ on basichealt5_.hcp_id=user6_.username left outer join Users user7_ on basichealt5_.patient_id=user7_.username inner join Users user8_ on this_.hcp_id=user8_.username inner join Hospitals hospital9_ on this_.hospital_id=hospital9_.name inner join Users user10_ on this_.patient_id=user10_.username left outer join Prescriptions prescripti11_ on this_.id=prescripti11_.prescriptions_id left outer join Drugs drug12_ on prescripti11_.drug_id=drug12_.id left outer join Users user13_ on prescripti11_.patient_id=user13_.username where this_.hcp_id=? and this_.patient_id=?
08:28:50.941 [main] DEBUG org.hibernate.loader.Loader - Result set row: 0
08:28:50.942 [main] DEBUG org.hibernate.loader.Loader - Result row: null, null, null, EntityKey[edu.ncsu.csc.itrust2.models.persistent.BasicHealthMetrics#59], EntityKey[edu.ncsu.csc.itrust2.models.persistent.User#hcp], EntityKey[edu.ncsu.csc.itrust2.models.persistent.User#patient], EntityKey[edu.ncsu.csc.itrust2.models.persistent.User#hcp], EntityKey[edu.ncsu.csc.itrust2.models.persistent.Hospital#iTrust Test Hospital 2], EntityKey[edu.ncsu.csc.itrust2.models.persistent.User#patient], null, null, null, EntityKey[edu.ncsu.csc.itrust2.models.persistent.OfficeVisit#60]
08:28:50.944 [main] DEBUG org.hibernate.loader.Loader - Result set contains (possibly empty) collection: [edu.ncsu.csc.itrust2.models.persistent.OfficeVisit.prescriptions#60]
08:28:50.944 [main] DEBUG o.h.engine.internal.TwoPhaseLoad - Resolving associations for [edu.ncsu.csc.itrust2.models.persistent.BasicHealthMetrics#59]
08:28:50.945 [main] DEBUG o.h.engine.internal.TwoPhaseLoad - Done materializing entity [edu.ncsu.csc.itrust2.models.persistent.BasicHealthMetrics#59]
08:28:50.945 [main] DEBUG o.h.engine.internal.TwoPhaseLoad - Resolving associations for [edu.ncsu.csc.itrust2.models.persistent.User#hcp]
08:28:50.945 [main] DEBUG o.h.engine.internal.TwoPhaseLoad - Done materializing entity [edu.ncsu.csc.itrust2.models.persistent.User#hcp]
08:28:50.945 [main] DEBUG o.h.engine.internal.TwoPhaseLoad - Resolving associations for [edu.ncsu.csc.itrust2.models.persistent.User#patient]
08:28:50.950 [main] DEBUG o.h.engine.internal.TwoPhaseLoad - Done materializing entity [edu.ncsu.csc.itrust2.models.persistent.User#patient]
08:28:50.950 [main] DEBUG o.h.engine.internal.TwoPhaseLoad - Resolving associations for [edu.ncsu.csc.itrust2.models.persistent.Hospital#iTrust Test Hospital 2]
08:28:50.950 [main] DEBUG o.h.engine.internal.TwoPhaseLoad - Done materializing entity [edu.ncsu.csc.itrust2.models.persistent.Hospital#iTrust Test Hospital 2]
08:28:50.950 [main] DEBUG o.h.engine.internal.TwoPhaseLoad - Resolving associations for [edu.ncsu.csc.itrust2.models.persistent.OfficeVisit#60]
08:28:50.951 [main] DEBUG o.h.engine.internal.TwoPhaseLoad - Done materializing entity [edu.ncsu.csc.itrust2.models.persistent.OfficeVisit#60]
08:28:50.951 [main] DEBUG o.h.e.l.i.CollectionLoadContext - 1 collections were found in result set for role: edu.ncsu.csc.itrust2.models.persistent.OfficeVisit.prescriptions
08:28:50.951 [main] DEBUG o.h.e.l.i.CollectionLoadContext - Collection fully initialized: [edu.ncsu.csc.itrust2.models.persistent.OfficeVisit.prescriptions#60]
08:28:50.951 [main] DEBUG o.h.e.l.i.CollectionLoadContext - 1 collections initialized for role: edu.ncsu.csc.itrust2.models.persistent.OfficeVisit.prescriptions
08:28:50.951 [main] DEBUG o.h.e.t.internal.TransactionImpl - committing
08:28:50.952 [main] DEBUG o.h.e.i.AbstractFlushingEventListener - Processing flush-time cascades
08:28:50.952 [main] DEBUG o.h.e.i.AbstractFlushingEventListener - Dirty checking collections
08:28:50.953 [main] DEBUG o.h.engine.internal.Collections - Collection found: [edu.ncsu.csc.itrust2.models.persistent.OfficeVisit.prescriptions#60], was: [edu.ncsu.csc.itrust2.models.persistent.OfficeVisit.prescriptions#60] (initialized)
08:28:50.953 [main] DEBUG o.h.e.i.AbstractFlushingEventListener - Flushed: 0 insertions, 0 updates, 0 deletions to 5 objects
08:28:50.953 [main] DEBUG o.h.e.i.AbstractFlushingEventListener - Flushed: 0 (re)creations, 0 updates, 0 removals to 1 collections
08:28:50.953 [main] DEBUG o.h.internal.util.EntityPrinter - Listing entities:
08:28:50.953 [main] DEBUG o.h.internal.util.EntityPrinter - edu.ncsu.csc.itrust2.models.persistent.BasicHealthMetrics{patientSmokingStatus=null, headCircumference=null, weight=null, tri=null, hdl=null, diastolic=null, systolic=null, hcp=edu.ncsu.csc.itrust2.models.persistent.User#hcp, ldl=null, houseSmokingStatus=null, patient=edu.ncsu.csc.itrust2.models.persistent.User#patient, id=59, height=null}
08:28:50.954 [main] DEBUG o.h.internal.util.EntityPrinter - edu.ncsu.csc.itrust2.models.persistent.User{password=$2a$10$EblZqNptyYvcLm/VwDCVAuBjzZOI7khzdyGPBr08PpIi0na624b8., role=ROLE_PATIENT, enabled=1, username=patient}
08:28:50.954 [main] DEBUG o.h.internal.util.EntityPrinter - edu.ncsu.csc.itrust2.models.persistent.OfficeVisit{date=java.util.GregorianCalendar[time=2470657800000,areFieldsSet=true,areAllFieldsSet=true,lenient=true,zone=sun.util.calendar.ZoneInfo[id="America/New_York",offset=-18000000,dstSavings=3600000,useDaylight=true,transitions=235,lastRule=java.util.SimpleTimeZone[id=America/New_York,offset=-18000000,dstSavings=3600000,useDaylight=true,startYear=0,startMode=3,startMonth=2,startDay=8,startDayOfWeek=1,startTime=7200000,startTimeMode=0,endMode=3,endMonth=10,endDay=1,endDayOfWeek=1,endTime=7200000,endTimeMode=0]],firstDayOfWeek=1,minimalDaysInFirstWeek=1,ERA=1,YEAR=2048,MONTH=3,WEEK_OF_YEAR=16,WEEK_OF_MONTH=3,DAY_OF_MONTH=16,DAY_OF_YEAR=107,DAY_OF_WEEK=5,DAY_OF_WEEK_IN_MONTH=3,AM_PM=0,HOUR=9,HOUR_OF_DAY=9,MINUTE=50,SECOND=0,MILLISECOND=0,ZONE_OFFSET=-18000000,DST_OFFSET=3600000], notes=Test office visit, hcp=edu.ncsu.csc.itrust2.models.persistent.User#hcp, patient=edu.ncsu.csc.itrust2.models.persistent.User#patient, basicHealthMetrics=edu.ncsu.csc.itrust2.models.persistent.BasicHealthMetrics#59, appointment=null, id=60, hospital=edu.ncsu.csc.itrust2.models.persistent.Hospital#iTrust Test Hospital 2, type=GENERAL_CHECKUP, prescriptions=[]}
08:28:50.954 [main] DEBUG o.h.internal.util.EntityPrinter - edu.ncsu.csc.itrust2.models.persistent.User{password=$2a$10$EblZqNptyYvcLm/VwDCVAuBjzZOI7khzdyGPBr08PpIi0na624b8., role=ROLE_HCP, enabled=1, username=hcp}
08:28:50.954 [main] DEBUG o.h.internal.util.EntityPrinter - edu.ncsu.csc.itrust2.models.persistent.Hospital{zip=27607, address=1 iTrust Test Street, name=iTrust Test Hospital 2, state=NC}
08:28:50.955 [main] DEBUG o.h.e.t.internal.TransactionImpl - begin
08:28:50.956 [main] DEBUG org.hibernate.SQL - select this_.self_id as self_id18_12_2_, this_.address1 as address1_12_2_, this_.address2 as address2_12_2_, this_.bloodType as bloodTyp3_12_2_, this_.causeOfDeath as causeOfD4_12_2_, this_.city as city5_12_2_, this_.dateOfBirth as dateOfBi6_12_2_, this_.dateOfDeath as dateOfDe7_12_2_, this_.email as email8_12_2_, this_.ethnicity as ethnicit9_12_2_, this_.father_id as father_19_12_2_, this_.firstName as firstNa10_12_2_, this_.gender as gender11_12_2_, this_.id as id12_12_2_, this_.lastName as lastNam13_12_2_, this_.mother_id as mother_20_12_2_, this_.phone as phone14_12_2_, this_.preferredName as preferr15_12_2_, this_.state as state16_12_2_, this_.zip as zip17_12_2_, user2_.username as username1_15_0_, user2_.enabled as enabled2_15_0_, user2_.password as password3_15_0_, user2_.role as role4_15_0_, user3_.username as username1_15_1_, user3_.enabled as enabled2_15_1_, user3_.password as password3_15_1_, user3_.role as role4_15_1_ from Patients this_ left outer join Users user2_ on this_.father_id=user2_.username left outer join Users user3_ on this_.mother_id=user3_.username
Hibernate: select this_.self_id as self_id18_12_2_, this_.address1 as address1_12_2_, this_.address2 as address2_12_2_, this_.bloodType as bloodTyp3_12_2_, this_.causeOfDeath as causeOfD4_12_2_, this_.city as city5_12_2_, this_.dateOfBirth as dateOfBi6_12_2_, this_.dateOfDeath as dateOfDe7_12_2_, this_.email as email8_12_2_, this_.ethnicity as ethnicit9_12_2_, this_.father_id as father_19_12_2_, this_.firstName as firstNa10_12_2_, this_.gender as gender11_12_2_, this_.id as id12_12_2_, this_.lastName as lastNam13_12_2_, this_.mother_id as mother_20_12_2_, this_.phone as phone14_12_2_, this_.preferredName as preferr15_12_2_, this_.state as state16_12_2_, this_.zip as zip17_12_2_, user2_.username as username1_15_0_, user2_.enabled as enabled2_15_0_, user2_.password as password3_15_0_, user2_.role as role4_15_0_, user3_.username as username1_15_1_, user3_.enabled as enabled2_15_1_, user3_.password as password3_15_1_, user3_.role as role4_15_1_ from Patients this_ left outer join Users user2_ on this_.father_id=user2_.username left outer join Users user3_ on this_.mother_id=user3_.username
08:28:50.957 [main] DEBUG org.hibernate.loader.Loader - Result set row: 0
08:28:50.957 [main] DEBUG org.hibernate.SQL - select user0_.username as username1_15_0_, user0_.enabled as enabled2_15_0_, user0_.password as password3_15_0_, user0_.role as role4_15_0_ from Users user0_ where user0_.username=?
Hibernate: select user0_.username as username1_15_0_, user0_.enabled as enabled2_15_0_, user0_.password as password3_15_0_, user0_.role as role4_15_0_ from Users user0_ where user0_.username=?
08:28:50.958 [main] DEBUG o.h.l.p.e.p.i.ResultSetProcessorImpl - Starting ResultSet row #0
08:28:50.958 [main] DEBUG o.h.l.p.e.p.i.EntityReferenceInitializerImpl - On call to EntityIdentifierReaderImpl#resolve, EntityKey was already known; should only happen on root returns with an optional identifier specified
08:28:50.958 [main] DEBUG o.h.engine.internal.TwoPhaseLoad - Resolving associations for [edu.ncsu.csc.itrust2.models.persistent.User#antti]
08:28:50.966 [main] DEBUG o.h.engine.internal.TwoPhaseLoad - Done materializing entity [edu.ncsu.csc.itrust2.models.persistent.User#antti]
08:28:50.966 [main] DEBUG o.h.r.j.i.ResourceRegistryStandardImpl - HHH000387: ResultSet's statement was not registered
08:28:50.966 [main] DEBUG o.h.l.e.p.AbstractLoadPlanBasedEntityLoader - Done entity load : edu.ncsu.csc.itrust2.models.persistent.User#antti
08:28:50.967 [main] DEBUG org.hibernate.loader.Loader - Result row: null, null, EntityKey[edu.ncsu.csc.itrust2.models.persistent.Patient#component[self]{self=edu.ncsu.csc.itrust2.models.persistent.User#antti}]
08:28:50.967 [main] DEBUG o.h.engine.internal.TwoPhaseLoad - Resolving associations for [edu.ncsu.csc.itrust2.models.persistent.Patient#component[self]{self=edu.ncsu.csc.itrust2.models.persistent.User#antti}]
08:28:50.968 [main] DEBUG o.h.engine.internal.TwoPhaseLoad - Done materializing entity [edu.ncsu.csc.itrust2.models.persistent.Patient#component[self]{self=edu.ncsu.csc.itrust2.models.persistent.User#antti}]
08:28:50.968 [main] DEBUG o.h.e.t.internal.TransactionImpl - committing
08:28:50.968 [main] DEBUG o.h.e.i.AbstractFlushingEventListener - Processing flush-time cascades
08:28:50.968 [main] DEBUG o.h.e.i.AbstractFlushingEventListener - Dirty checking collections
08:28:50.969 [main] DEBUG o.h.e.i.AbstractFlushingEventListener - Flushed: 0 insertions, 0 updates, 1 deletions to 2 objects
08:28:50.969 [main] DEBUG o.h.e.i.AbstractFlushingEventListener - Flushed: 0 (re)creations, 0 updates, 0 removals to 0 collections
08:28:50.969 [main] DEBUG o.h.internal.util.EntityPrinter - Listing entities:
08:28:50.969 [main] DEBUG o.h.internal.util.EntityPrinter - edu.ncsu.csc.itrust2.models.persistent.User{password=$2a$10$a7p1113JVP4rkrBspgCjD..INViJ4SzdHHDEpzqyCOcWPJIHdG/oi, role=ROLE_PATIENT, enabled=1, username=antti}
08:28:50.969 [main] DEBUG o.h.internal.util.EntityPrinter - edu.ncsu.csc.itrust2.models.persistent.Patient{zip=27514, lastName=Walhelm, ethnicity=Caucasian, gender=Male, address2=Some Location, city=Viipuri, dateOfDeath=null, address1=1 Test Street, father=null, dateOfBirth=java.util.GregorianCalendar[time=235195200000,areFieldsSet=true,areAllFieldsSet=true,lenient=true,zone=sun.util.calendar.ZoneInfo[id="America/New_York",offset=-18000000,dstSavings=3600000,useDaylight=true,transitions=235,lastRule=java.util.SimpleTimeZone[id=America/New_York,offset=-18000000,dstSavings=3600000,useDaylight=true,startYear=0,startMode=3,startMonth=2,startDay=8,startDayOfWeek=1,startTime=7200000,startTimeMode=0,endMode=3,endMonth=10,endDay=1,endDayOfWeek=1,endTime=7200000,endTimeMode=0]],firstDayOfWeek=1,minimalDaysInFirstWeek=1,ERA=1,YEAR=1977,MONTH=5,WEEK_OF_YEAR=25,WEEK_OF_MONTH=3,DAY_OF_MONTH=15,DAY_OF_YEAR=166,DAY_OF_WEEK=4,DAY_OF_WEEK_IN_MONTH=3,AM_PM=0,HOUR=0,HOUR_OF_DAY=0,MINUTE=0,SECOND=0,MILLISECOND=0,ZONE_OFFSET=-18000000,DST_OFFSET=3600000], bloodType=APos, firstName=Antti, mother=null, phone=123-456-7890, id=null, preferredName=null, state=NC, causeOfDeath=null, email=antti@itrust.fi}
08:28:50.970 [main] DEBUG org.hibernate.SQL - delete from Patients where self_id=?
Hibernate: delete from Patients where self_id=?
08:28:50.973 [main] DEBUG o.h.e.j.internal.JdbcCoordinatorImpl - HHH000420: Closing un-released batch
08:28:50.974 [main] DEBUG o.s.t.w.s.TestDispatcherServlet - DispatcherServlet with name '' processing POST request for [/api/v1/users]
08:28:50.974 [main] DEBUG o.s.w.s.m.m.a.RequestMappingHandlerMapping - Looking up handler method for path /api/v1/users
08:28:50.974 [main] DEBUG o.s.w.s.m.m.a.RequestMappingHandlerMapping - Returning handler method [public org.springframework.http.ResponseEntity edu.ncsu.csc.itrust2.controllers.api.APIUserController.createUser(edu.ncsu.csc.itrust2.forms.admin.UserForm)]
08:28:50.974 [main] DEBUG o.s.b.f.s.DefaultListableBeanFactory - Returning cached instance of singleton bean 'APIUserController'
08:28:50.975 [main] DEBUG o.s.w.s.m.m.a.RequestResponseBodyMethodProcessor - Read [class edu.ncsu.csc.itrust2.forms.admin.UserForm] as "application/json" with [org.springframework.http.converter.json.GsonHttpMessageConverter@5dd5be49]
08:28:51.205 [main] DEBUG o.h.e.t.internal.TransactionImpl - begin
08:28:51.213 [main] DEBUG org.hibernate.SQL - select this_.username as username1_15_0_, this_.enabled as enabled2_15_0_, this_.password as password3_15_0_, this_.role as role4_15_0_ from Users this_ where this_.username=?
Hibernate: select this_.username as username1_15_0_, this_.enabled as enabled2_15_0_, this_.password as password3_15_0_, this_.role as role4_15_0_ from Users this_ where this_.username=?
08:28:51.214 [main] DEBUG org.hibernate.loader.Loader - Result set row: 0
08:28:51.214 [main] DEBUG org.hibernate.loader.Loader - Result row: EntityKey[edu.ncsu.csc.itrust2.models.persistent.User#antti]
08:28:51.215 [main] DEBUG o.h.engine.internal.TwoPhaseLoad - Resolving associations for [edu.ncsu.csc.itrust2.models.persistent.User#antti]
08:28:51.215 [main] DEBUG o.h.engine.internal.TwoPhaseLoad - Done materializing entity [edu.ncsu.csc.itrust2.models.persistent.User#antti]
08:28:51.215 [main] DEBUG o.h.e.t.internal.TransactionImpl - committing
08:28:51.215 [main] DEBUG o.h.e.i.AbstractFlushingEventListener - Processing flush-time cascades
08:28:51.215 [main] DEBUG o.h.e.i.AbstractFlushingEventListener - Dirty checking collections
08:28:51.216 [main] DEBUG o.h.e.i.AbstractFlushingEventListener - Flushed: 0 insertions, 0 updates, 0 deletions to 1 objects
08:28:51.216 [main] DEBUG o.h.e.i.AbstractFlushingEventListener - Flushed: 0 (re)creations, 0 updates, 0 removals to 0 collections
08:28:51.216 [main] DEBUG o.h.internal.util.EntityPrinter - Listing entities:
08:28:51.216 [main] DEBUG o.h.internal.util.EntityPrinter - edu.ncsu.csc.itrust2.models.persistent.User{password=$2a$10$a7p1113JVP4rkrBspgCjD..INViJ4SzdHHDEpzqyCOcWPJIHdG/oi, role=ROLE_PATIENT, enabled=1, username=antti}
08:28:51.217 [main] DEBUG o.s.w.s.m.m.a.HttpEntityMethodProcessor - Written [{"status":"failed","message":"User with the id antti already exists"}] as "text/plain" using [org.springframework.http.converter.StringHttpMessageConverter@7150f3ad]
08:28:51.217 [main] DEBUG o.s.t.w.s.TestDispatcherServlet - Null ModelAndView returned to DispatcherServlet with name '': assuming HandlerAdapter completed request handling
08:28:51.217 [main] DEBUG o.s.t.w.s.TestDispatcherServlet - Successfully completed request
08:28:51.219 [main] DEBUG o.s.t.w.s.TestDispatcherServlet - DispatcherServlet with name '' processing POST request for [/api/v1/patients]
08:28:51.219 [main] DEBUG o.s.w.s.m.m.a.RequestMappingHandlerMapping - Looking up handler method for path /api/v1/patients
08:28:51.220 [main] DEBUG o.s.w.s.m.m.a.RequestMappingHandlerMapping - Returning handler method [public org.springframework.http.ResponseEntity edu.ncsu.csc.itrust2.controllers.api.APIPatientController.createPatient(edu.ncsu.csc.itrust2.forms.hcp_patient.PatientForm)]
08:28:51.220 [main] DEBUG o.s.b.f.s.DefaultListableBeanFactory - Returning cached instance of singleton bean 'APIPatientController'
08:28:51.220 [main] DEBUG o.s.w.s.m.m.a.RequestResponseBodyMethodProcessor - Read [class edu.ncsu.csc.itrust2.forms.hcp_patient.PatientForm] as "application/json" with [org.springframework.http.converter.json.GsonHttpMessageConverter@5dd5be49]
08:28:51.221 [main] DEBUG o.h.e.t.internal.TransactionImpl - begin
08:28:51.231 [main] DEBUG org.hibernate.SQL - select this_.username as username1_15_0_, this_.enabled as enabled2_15_0_, this_.password as password3_15_0_, this_.role as role4_15_0_ from Users this_ where this_.username=? and this_.role=?
Hibernate: select this_.username as username1_15_0_, this_.enabled as enabled2_15_0_, this_.password as password3_15_0_, this_.role as role4_15_0_ from Users this_ where this_.username=? and this_.role=?
08:28:51.231 [main] DEBUG org.hibernate.loader.Loader - Result set row: 0
08:28:51.232 [main] DEBUG org.hibernate.loader.Loader - Result row: EntityKey[edu.ncsu.csc.itrust2.models.persistent.User#antti]
08:28:51.232 [main] DEBUG o.h.engine.internal.TwoPhaseLoad - Resolving associations for [edu.ncsu.csc.itrust2.models.persistent.User#antti]
08:28:51.232 [main] DEBUG o.h.engine.internal.TwoPhaseLoad - Done materializing entity [edu.ncsu.csc.itrust2.models.persistent.User#antti]
08:28:51.232 [main] DEBUG o.h.e.t.internal.TransactionImpl - committing
08:28:51.233 [main] DEBUG o.h.e.i.AbstractFlushingEventListener - Processing flush-time cascades
08:28:51.233 [main] DEBUG o.h.e.i.AbstractFlushingEventListener - Dirty checking collections
08:28:51.233 [main] DEBUG o.h.e.i.AbstractFlushingEventListener - Flushed: 0 insertions, 0 updates, 0 deletions to 1 objects
08:28:51.233 [main] DEBUG o.h.e.i.AbstractFlushingEventListener - Flushed: 0 (re)creations, 0 updates, 0 removals to 0 collections
08:28:51.233 [main] DEBUG o.h.internal.util.EntityPrinter - Listing entities:
08:28:51.233 [main] DEBUG o.h.internal.util.EntityPrinter - edu.ncsu.csc.itrust2.models.persistent.User{password=$2a$10$a7p1113JVP4rkrBspgCjD..INViJ4SzdHHDEpzqyCOcWPJIHdG/oi, role=ROLE_PATIENT, enabled=1, username=antti}
08:28:51.234 [main] DEBUG o.h.e.t.internal.TransactionImpl - begin
08:28:51.235 [main] DEBUG org.hibernate.SQL - select this_.username as username1_15_0_, this_.enabled as enabled2_15_0_, this_.password as password3_15_0_, this_.role as role4_15_0_ from Users this_ where this_.username=? and this_.role=?
Hibernate: select this_.username as username1_15_0_, this_.enabled as enabled2_15_0_, this_.password as password3_15_0_, this_.role as role4_15_0_ from Users this_ where this_.username=? and this_.role=?
08:28:51.235 [main] DEBUG o.h.e.t.internal.TransactionImpl - committing
08:28:51.236 [main] DEBUG o.h.e.t.internal.TransactionImpl - begin
08:28:51.237 [main] DEBUG org.hibernate.SQL - select this_.username as username1_15_0_, this_.enabled as enabled2_15_0_, this_.password as password3_15_0_, this_.role as role4_15_0_ from Users this_ where this_.username=? and this_.role=?
Hibernate: select this_.username as username1_15_0_, this_.enabled as enabled2_15_0_, this_.password as password3_15_0_, this_.role as role4_15_0_ from Users this_ where this_.username=? and this_.role=?
08:28:51.237 [main] DEBUG o.h.e.t.internal.TransactionImpl - committing
08:28:51.239 [main] DEBUG o.h.e.t.internal.TransactionImpl - begin
08:28:51.239 [main] DEBUG org.hibernate.SQL - select this_.username as username1_15_0_, this_.enabled as enabled2_15_0_, this_.password as password3_15_0_, this_.role as role4_15_0_ from Users this_ where this_.username=? and this_.role=?
Hibernate: select this_.username as username1_15_0_, this_.enabled as enabled2_15_0_, this_.password as password3_15_0_, this_.role as role4_15_0_ from Users this_ where this_.username=? and this_.role=?
08:28:51.240 [main] DEBUG org.hibernate.loader.Loader - Result set row: 0
08:28:51.240 [main] DEBUG org.hibernate.loader.Loader - Result row: EntityKey[edu.ncsu.csc.itrust2.models.persistent.User#antti]
08:28:51.240 [main] DEBUG o.h.engine.internal.TwoPhaseLoad - Resolving associations for [edu.ncsu.csc.itrust2.models.persistent.User#antti]
08:28:51.241 [main] DEBUG o.h.engine.internal.TwoPhaseLoad - Done materializing entity [edu.ncsu.csc.itrust2.models.persistent.User#antti]
08:28:51.241 [main] DEBUG o.h.e.t.internal.TransactionImpl - committing
08:28:51.241 [main] DEBUG o.h.e.i.AbstractFlushingEventListener - Processing flush-time cascades
08:28:51.241 [main] DEBUG o.h.e.i.AbstractFlushingEventListener - Dirty checking collections
08:28:51.241 [main] DEBUG o.h.e.i.AbstractFlushingEventListener - Flushed: 0 insertions, 0 updates, 0 deletions to 1 objects
08:28:51.241 [main] DEBUG o.h.e.i.AbstractFlushingEventListener - Flushed: 0 (re)creations, 0 updates, 0 removals to 0 collections
08:28:51.241 [main] DEBUG o.h.internal.util.EntityPrinter - Listing entities:
08:28:51.242 [main] DEBUG o.h.internal.util.EntityPrinter - edu.ncsu.csc.itrust2.models.persistent.User{password=$2a$10$a7p1113JVP4rkrBspgCjD..INViJ4SzdHHDEpzqyCOcWPJIHdG/oi, role=ROLE_PATIENT, enabled=1, username=antti}
08:28:51.242 [main] DEBUG o.h.e.t.internal.TransactionImpl - begin
08:28:51.243 [main] DEBUG org.hibernate.SQL - select this_.self_id as self_id18_12_2_, this_.address1 as address1_12_2_, this_.address2 as address2_12_2_, this_.bloodType as bloodTyp3_12_2_, this_.causeOfDeath as causeOfD4_12_2_, this_.city as city5_12_2_, this_.dateOfBirth as dateOfBi6_12_2_, this_.dateOfDeath as dateOfDe7_12_2_, this_.email as email8_12_2_, this_.ethnicity as ethnicit9_12_2_, this_.father_id as father_19_12_2_, this_.firstName as firstNa10_12_2_, this_.gender as gender11_12_2_, this_.id as id12_12_2_, this_.lastName as lastNam13_12_2_, this_.mother_id as mother_20_12_2_, this_.phone as phone14_12_2_, this_.preferredName as preferr15_12_2_, this_.state as state16_12_2_, this_.zip as zip17_12_2_, user2_.username as username1_15_0_, user2_.enabled as enabled2_15_0_, user2_.password as password3_15_0_, user2_.role as role4_15_0_, user3_.username as username1_15_1_, user3_.enabled as enabled2_15_1_, user3_.password as password3_15_1_, user3_.role as role4_15_1_ from Patients this_ left outer join Users user2_ on this_.father_id=user2_.username left outer join Users user3_ on this_.mother_id=user3_.username where this_.self_id=?
Hibernate: select this_.self_id as self_id18_12_2_, this_.address1 as address1_12_2_, this_.address2 as address2_12_2_, this_.bloodType as bloodTyp3_12_2_, this_.causeOfDeath as causeOfD4_12_2_, this_.city as city5_12_2_, this_.dateOfBirth as dateOfBi6_12_2_, this_.dateOfDeath as dateOfDe7_12_2_, this_.email as email8_12_2_, this_.ethnicity as ethnicit9_12_2_, this_.father_id as father_19_12_2_, this_.firstName as firstNa10_12_2_, this_.gender as gender11_12_2_, this_.id as id12_12_2_, this_.lastName as lastNam13_12_2_, this_.mother_id as mother_20_12_2_, this_.phone as phone14_12_2_, this_.preferredName as preferr15_12_2_, this_.state as state16_12_2_, this_.zip as zip17_12_2_, user2_.username as username1_15_0_, user2_.enabled as enabled2_15_0_, user2_.password as password3_15_0_, user2_.role as role4_15_0_, user3_.username as username1_15_1_, user3_.enabled as enabled2_15_1_, user3_.password as password3_15_1_, user3_.role as role4_15_1_ from Patients this_ left outer join Users user2_ on this_.father_id=user2_.username left outer join Users user3_ on this_.mother_id=user3_.username where this_.self_id=?
08:28:51.251 [main] DEBUG o.h.e.t.internal.TransactionImpl - committing
08:28:51.251 [main] DEBUG o.h.e.t.internal.TransactionImpl - begin
08:28:51.252 [main] DEBUG org.hibernate.SQL - select patient_.self_id, patient_.address1 as address1_12_, patient_.address2 as address2_12_, patient_.bloodType as bloodTyp3_12_, patient_.causeOfDeath as causeOfD4_12_, patient_.city as city5_12_, patient_.dateOfBirth as dateOfBi6_12_, patient_.dateOfDeath as dateOfDe7_12_, patient_.email as email8_12_, patient_.ethnicity as ethnicit9_12_, patient_.father_id as father_19_12_, patient_.firstName as firstNa10_12_, patient_.gender as gender11_12_, patient_.id as id12_12_, patient_.lastName as lastNam13_12_, patient_.mother_id as mother_20_12_, patient_.phone as phone14_12_, patient_.preferredName as preferr15_12_, patient_.state as state16_12_, patient_.zip as zip17_12_ from Patients patient_ where patient_.self_id=?
Hibernate: select patient_.self_id, patient_.address1 as address1_12_, patient_.address2 as address2_12_, patient_.bloodType as bloodTyp3_12_, patient_.causeOfDeath as causeOfD4_12_, patient_.city as city5_12_, patient_.dateOfBirth as dateOfBi6_12_, patient_.dateOfDeath as dateOfDe7_12_, patient_.email as email8_12_, patient_.ethnicity as ethnicit9_12_, patient_.father_id as father_19_12_, patient_.firstName as firstNa10_12_, patient_.gender as gender11_12_, patient_.id as id12_12_, patient_.lastName as lastNam13_12_, patient_.mother_id as mother_20_12_, patient_.phone as phone14_12_, patient_.preferredName as preferr15_12_, patient_.state as state16_12_, patient_.zip as zip17_12_ from Patients patient_ where patient_.self_id=?
08:28:51.253 [main] DEBUG o.h.r.j.i.ResourceRegistryStandardImpl - HHH000387: ResultSet's statement was not registered
08:28:51.253 [main] DEBUG o.h.e.i.AbstractSaveEventListener - Generated identifier: component[self]{self=edu.ncsu.csc.itrust2.models.persistent.User#antti}, using strategy: org.hibernate.id.CompositeNestedGeneratedValueGenerator
08:28:51.253 [main] DEBUG o.h.e.t.internal.TransactionImpl - committing
08:28:51.253 [main] DEBUG o.h.e.i.AbstractFlushingEventListener - Processing flush-time cascades
08:28:51.253 [main] DEBUG o.h.e.i.AbstractFlushingEventListener - Dirty checking collections
08:28:51.254 [main] DEBUG o.h.e.i.AbstractFlushingEventListener - Flushed: 1 insertions, 0 updates, 0 deletions to 1 objects
08:28:51.254 [main] DEBUG o.h.e.i.AbstractFlushingEventListener - Flushed: 0 (re)creations, 0 updates, 0 removals to 0 collections
08:28:51.254 [main] DEBUG o.h.internal.util.EntityPrinter - Listing entities:
08:28:51.254 [main] DEBUG o.h.internal.util.EntityPrinter - edu.ncsu.csc.itrust2.models.persistent.Patient{zip=27514, lastName=Walhelm, ethnicity=Caucasian, gender=Male, address2=Some Location, city=Viipuri, dateOfDeath=null, address1=1 Test Street, father=null, dateOfBirth=java.util.GregorianCalendar[time=235195200000,areFieldsSet=true,areAllFieldsSet=true,lenient=true,zone=sun.util.calendar.ZoneInfo[id="America/New_York",offset=-18000000,dstSavings=3600000,useDaylight=true,transitions=235,lastRule=java.util.SimpleTimeZone[id=America/New_York,offset=-18000000,dstSavings=3600000,useDaylight=true,startYear=0,startMode=3,startMonth=2,startDay=8,startDayOfWeek=1,startTime=7200000,startTimeMode=0,endMode=3,endMonth=10,endDay=1,endDayOfWeek=1,endTime=7200000,endTimeMode=0]],firstDayOfWeek=1,minimalDaysInFirstWeek=1,ERA=1,YEAR=1977,MONTH=5,WEEK_OF_YEAR=25,WEEK_OF_MONTH=3,DAY_OF_MONTH=15,DAY_OF_YEAR=166,DAY_OF_WEEK=4,DAY_OF_WEEK_IN_MONTH=3,AM_PM=0,HOUR=0,HOUR_OF_DAY=0,MINUTE=0,SECOND=0,MILLISECOND=0,ZONE_OFFSET=-18000000,DST_OFFSET=3600000], bloodType=APos, firstName=Antti, mother=null, phone=123-456-7890, id=null, preferredName=null, state=NC, causeOfDeath=null, email=antti@itrust.fi}
08:28:51.256 [main] DEBUG org.hibernate.SQL - insert into Patients (address1, address2, bloodType, causeOfDeath, city, dateOfBirth, dateOfDeath, email, ethnicity, father_id, firstName, gender, id, lastName, mother_id, phone, preferredName, state, zip, self_id) values (?, ?, ?, ?, ?, ?, ?, ?, ?, ?, ?, ?, ?, ?, ?, ?, ?, ?, ?, ?)
Hibernate: insert into Patients (address1, address2, bloodType, causeOfDeath, city, dateOfBirth, dateOfDeath, email, ethnicity, father_id, firstName, gender, id, lastName, mother_id, phone, preferredName, state, zip, self_id) values (?, ?, ?, ?, ?, ?, ?, ?, ?, ?, ?, ?, ?, ?, ?, ?, ?, ?, ?, ?)
08:28:51.259 [main] DEBUG o.h.e.j.internal.JdbcCoordinatorImpl - HHH000420: Closing un-released batch
08:28:51.259 [main] DEBUG o.h.e.t.internal.TransactionImpl - begin
08:28:51.260 [main] DEBUG org.hibernate.SQL - select next_val as id_val from hibernate_sequence for update
Hibernate: select next_val as id_val from hibernate_sequence for update
08:28:51.261 [main] DEBUG org.hibernate.SQL - update hibernate_sequence set next_val= ? where next_val=?
Hibernate: update hibernate_sequence set next_val= ? where next_val=?
08:28:51.263 [main] DEBUG o.h.e.i.AbstractSaveEventListener - Generated identifier: 62, using strategy: org.hibernate.id.enhanced.SequenceStyleGenerator
08:28:51.264 [main] DEBUG o.h.e.t.internal.TransactionImpl - committing
08:28:51.264 [main] DEBUG o.h.e.i.AbstractFlushingEventListener - Processing flush-time cascades
08:28:51.264 [main] DEBUG o.h.e.i.AbstractFlushingEventListener - Dirty checking collections
08:28:51.264 [main] DEBUG o.h.e.i.AbstractFlushingEventListener - Flushed: 1 insertions, 0 updates, 0 deletions to 1 objects
08:28:51.264 [main] DEBUG o.h.e.i.AbstractFlushingEventListener - Flushed: 0 (re)creations, 0 updates, 0 removals to 0 collections
08:28:51.264 [main] DEBUG o.h.internal.util.EntityPrinter - Listing entities:
08:28:51.264 [main] DEBUG o.h.internal.util.EntityPrinter - edu.ncsu.csc.itrust2.models.persistent.LogEntry{secondaryUser=null, logCode=14, primaryUser=SPRING_API_TEST_USER, id=62, time=java.util.GregorianCalendar[time=1521721731259,areFieldsSet=true,areAllFieldsSet=true,lenient=true,zone=sun.util.calendar.ZoneInfo[id="America/New_York",offset=-18000000,dstSavings=3600000,useDaylight=true,transitions=235,lastRule=java.util.SimpleTimeZone[id=America/New_York,offset=-18000000,dstSavings=3600000,useDaylight=true,startYear=0,startMode=3,startMonth=2,startDay=8,startDayOfWeek=1,startTime=7200000,startTimeMode=0,endMode=3,endMonth=10,endDay=1,endDayOfWeek=1,endTime=7200000,endTimeMode=0]],firstDayOfWeek=1,minimalDaysInFirstWeek=1,ERA=1,YEAR=2018,MONTH=2,WEEK_OF_YEAR=12,WEEK_OF_MONTH=4,DAY_OF_MONTH=22,DAY_OF_YEAR=81,DAY_OF_WEEK=5,DAY_OF_WEEK_IN_MONTH=4,AM_PM=0,HOUR=8,HOUR_OF_DAY=8,MINUTE=28,SECOND=51,MILLISECOND=259,ZONE_OFFSET=-18000000,DST_OFFSET=3600000], message=null}
08:28:51.266 [main] DEBUG org.hibernate.SQL - insert into LogEntries (logCode, message, primaryUser, secondaryUser, time, id) values (?, ?, ?, ?, ?, ?)
Hibernate: insert into LogEntries (logCode, message, primaryUser, secondaryUser, time, id) values (?, ?, ?, ?, ?, ?)
08:28:51.269 [main] DEBUG o.h.e.j.internal.JdbcCoordinatorImpl - HHH000420: Closing un-released batch
08:28:51.271 [main] DEBUG o.s.w.s.m.m.a.HttpEntityMethodProcessor - Written [edu.ncsu.csc.itrust2.models.persistent.Patient@19994c6] as "application/json" using [org.springframework.http.converter.json.GsonHttpMessageConverter@5dd5be49]
08:28:51.271 [main] DEBUG o.s.t.w.s.TestDispatcherServlet - Null ModelAndView returned to DispatcherServlet with name '': assuming HandlerAdapter completed request handling
08:28:51.271 [main] DEBUG o.s.t.w.s.TestDispatcherServlet - Successfully completed request
08:28:51.272 [main] DEBUG o.h.e.t.internal.TransactionImpl - begin
08:28:51.273 [main] DEBUG org.hibernate.SQL - select this_.username as username1_15_0_, this_.enabled as enabled2_15_0_, this_.password as password3_15_0_, this_.role as role4_15_0_ from Users this_ where this_.username=? and this_.role=?
Hibernate: select this_.username as username1_15_0_, this_.enabled as enabled2_15_0_, this_.password as password3_15_0_, this_.role as role4_15_0_ from Users this_ where this_.username=? and this_.role=?
08:28:51.273 [main] DEBUG org.hibernate.loader.Loader - Result set row: 0
08:28:51.273 [main] DEBUG org.hibernate.loader.Loader - Result row: EntityKey[edu.ncsu.csc.itrust2.models.persistent.User#antti]
08:28:51.274 [main] DEBUG o.h.engine.internal.TwoPhaseLoad - Resolving associations for [edu.ncsu.csc.itrust2.models.persistent.User#antti]
08:28:51.274 [main] DEBUG o.h.engine.internal.TwoPhaseLoad - Done materializing entity [edu.ncsu.csc.itrust2.models.persistent.User#antti]
08:28:51.274 [main] DEBUG o.h.e.t.internal.TransactionImpl - committing
08:28:51.282 [main] DEBUG o.h.e.i.AbstractFlushingEventListener - Processing flush-time cascades
08:28:51.282 [main] DEBUG o.h.e.i.AbstractFlushingEventListener - Dirty checking collections
08:28:51.282 [main] DEBUG o.h.e.i.AbstractFlushingEventListener - Flushed: 0 insertions, 0 updates, 0 deletions to 1 objects
08:28:51.282 [main] DEBUG o.h.e.i.AbstractFlushingEventListener - Flushed: 0 (re)creations, 0 updates, 0 removals to 0 collections
08:28:51.283 [main] DEBUG o.h.internal.util.EntityPrinter - Listing entities:
08:28:51.283 [main] DEBUG o.h.internal.util.EntityPrinter - edu.ncsu.csc.itrust2.models.persistent.User{password=$2a$10$a7p1113JVP4rkrBspgCjD..INViJ4SzdHHDEpzqyCOcWPJIHdG/oi, role=ROLE_PATIENT, enabled=1, username=antti}
08:28:51.284 [main] DEBUG o.h.e.t.internal.TransactionImpl - begin
08:28:51.289 [main] DEBUG org.hibernate.SQL - select this_.username as username1_15_0_, this_.enabled as enabled2_15_0_, this_.password as password3_15_0_, this_.role as role4_15_0_ from Users this_ where this_.username=? and this_.role=?
Hibernate: select this_.username as username1_15_0_, this_.enabled as enabled2_15_0_, this_.password as password3_15_0_, this_.role as role4_15_0_ from Users this_ where this_.username=? and this_.role=?
08:28:51.290 [main] DEBUG org.hibernate.loader.Loader - Result set row: 0
08:28:51.290 [main] DEBUG org.hibernate.loader.Loader - Result row: EntityKey[edu.ncsu.csc.itrust2.models.persistent.User#hcp]
08:28:51.291 [main] DEBUG o.h.engine.internal.TwoPhaseLoad - Resolving associations for [edu.ncsu.csc.itrust2.models.persistent.User#hcp]
08:28:51.291 [main] DEBUG o.h.engine.internal.TwoPhaseLoad - Done materializing entity [edu.ncsu.csc.itrust2.models.persistent.User#hcp]
08:28:51.291 [main] DEBUG o.h.e.t.internal.TransactionImpl - committing
08:28:51.291 [main] DEBUG o.h.e.i.AbstractFlushingEventListener - Processing flush-time cascades
08:28:51.291 [main] DEBUG o.h.e.i.AbstractFlushingEventListener - Dirty checking collections
08:28:51.292 [main] DEBUG o.h.e.i.AbstractFlushingEventListener - Flushed: 0 insertions, 0 updates, 0 deletions to 1 objects
08:28:51.292 [main] DEBUG o.h.e.i.AbstractFlushingEventListener - Flushed: 0 (re)creations, 0 updates, 0 removals to 0 collections
08:28:51.292 [main] DEBUG o.h.internal.util.EntityPrinter - Listing entities:
08:28:51.292 [main] DEBUG o.h.internal.util.EntityPrinter - edu.ncsu.csc.itrust2.models.persistent.User{password=$2a$10$EblZqNptyYvcLm/VwDCVAuBjzZOI7khzdyGPBr08PpIi0na624b8., role=ROLE_HCP, enabled=1, username=hcp}
08:28:51.293 [main] DEBUG o.h.e.t.internal.TransactionImpl - begin
08:28:51.294 [main] DEBUG org.hibernate.SQL - select this_.name as name1_4_0_, this_.address as address2_4_0_, this_.state as state3_4_0_, this_.zip as zip4_4_0_ from Hospitals this_ where this_.name=?
Hibernate: select this_.name as name1_4_0_, this_.address as address2_4_0_, this_.state as state3_4_0_, this_.zip as zip4_4_0_ from Hospitals this_ where this_.name=?
08:28:51.295 [main] DEBUG org.hibernate.loader.Loader - Result set row: 0
08:28:51.295 [main] DEBUG org.hibernate.loader.Loader - Result row: EntityKey[edu.ncsu.csc.itrust2.models.persistent.Hospital#iTrust Test Hospital 2]
08:28:51.295 [main] DEBUG o.h.engine.internal.TwoPhaseLoad - Resolving associations for [edu.ncsu.csc.itrust2.models.persistent.Hospital#iTrust Test Hospital 2]
08:28:51.295 [main] DEBUG o.h.engine.internal.TwoPhaseLoad - Done materializing entity [edu.ncsu.csc.itrust2.models.persistent.Hospital#iTrust Test Hospital 2]
08:28:51.295 [main] DEBUG o.h.e.t.internal.TransactionImpl - committing
08:28:51.295 [main] DEBUG o.h.e.i.AbstractFlushingEventListener - Processing flush-time cascades
08:28:51.296 [main] DEBUG o.h.e.i.AbstractFlushingEventListener - Dirty checking collections
08:28:51.296 [main] DEBUG o.h.e.i.AbstractFlushingEventListener - Flushed: 0 insertions, 0 updates, 0 deletions to 1 objects
08:28:51.296 [main] DEBUG o.h.e.i.AbstractFlushingEventListener - Flushed: 0 (re)creations, 0 updates, 0 removals to 0 collections
08:28:51.296 [main] DEBUG o.h.internal.util.EntityPrinter - Listing entities:
08:28:51.296 [main] DEBUG o.h.internal.util.EntityPrinter - edu.ncsu.csc.itrust2.models.persistent.Hospital{zip=27607, address=1 iTrust Test Street, name=iTrust Test Hospital 2, state=NC}
08:28:51.297 [main] DEBUG o.h.e.t.internal.TransactionImpl - begin
08:28:51.297 [main] DEBUG org.hibernate.SQL - select this_.username as username1_15_0_, this_.enabled as enabled2_15_0_, this_.password as password3_15_0_, this_.role as role4_15_0_ from Users this_ where this_.username=? and this_.role=?
Hibernate: select this_.username as username1_15_0_, this_.enabled as enabled2_15_0_, this_.password as password3_15_0_, this_.role as role4_15_0_ from Users this_ where this_.username=? and this_.role=?
08:28:51.298 [main] DEBUG org.hibernate.loader.Loader - Result set row: 0
08:28:51.298 [main] DEBUG org.hibernate.loader.Loader - Result row: EntityKey[edu.ncsu.csc.itrust2.models.persistent.User#antti]
08:28:51.298 [main] DEBUG o.h.engine.internal.TwoPhaseLoad - Resolving associations for [edu.ncsu.csc.itrust2.models.persistent.User#antti]
08:28:51.299 [main] DEBUG o.h.engine.internal.TwoPhaseLoad - Done materializing entity [edu.ncsu.csc.itrust2.models.persistent.User#antti]
08:28:51.299 [main] DEBUG o.h.e.t.internal.TransactionImpl - committing
08:28:51.299 [main] DEBUG o.h.e.i.AbstractFlushingEventListener - Processing flush-time cascades
08:28:51.299 [main] DEBUG o.h.e.i.AbstractFlushingEventListener - Dirty checking collections
08:28:51.299 [main] DEBUG o.h.e.i.AbstractFlushingEventListener - Flushed: 0 insertions, 0 updates, 0 deletions to 1 objects
08:28:51.299 [main] DEBUG o.h.e.i.AbstractFlushingEventListener - Flushed: 0 (re)creations, 0 updates, 0 removals to 0 collections
08:28:51.300 [main] DEBUG o.h.internal.util.EntityPrinter - Listing entities:
08:28:51.300 [main] DEBUG o.h.internal.util.EntityPrinter - edu.ncsu.csc.itrust2.models.persistent.User{password=$2a$10$a7p1113JVP4rkrBspgCjD..INViJ4SzdHHDEpzqyCOcWPJIHdG/oi, role=ROLE_PATIENT, enabled=1, username=antti}
08:28:51.304 [main] DEBUG o.h.e.t.internal.TransactionImpl - begin
08:28:51.304 [main] DEBUG org.hibernate.SQL - select this_.username as username1_15_0_, this_.enabled as enabled2_15_0_, this_.password as password3_15_0_, this_.role as role4_15_0_ from Users this_ where this_.username=? and this_.role=?
Hibernate: select this_.username as username1_15_0_, this_.enabled as enabled2_15_0_, this_.password as password3_15_0_, this_.role as role4_15_0_ from Users this_ where this_.username=? and this_.role=?
08:28:51.305 [main] DEBUG org.hibernate.loader.Loader - Result set row: 0
08:28:51.305 [main] DEBUG org.hibernate.loader.Loader - Result row: EntityKey[edu.ncsu.csc.itrust2.models.persistent.User#hcp]
08:28:51.306 [main] DEBUG o.h.engine.internal.TwoPhaseLoad - Resolving associations for [edu.ncsu.csc.itrust2.models.persistent.User#hcp]
08:28:51.306 [main] DEBUG o.h.engine.internal.TwoPhaseLoad - Done materializing entity [edu.ncsu.csc.itrust2.models.persistent.User#hcp]
08:28:51.306 [main] DEBUG o.h.e.t.internal.TransactionImpl - committing
08:28:51.306 [main] DEBUG o.h.e.i.AbstractFlushingEventListener - Processing flush-time cascades
08:28:51.306 [main] DEBUG o.h.e.i.AbstractFlushingEventListener - Dirty checking collections
08:28:51.306 [main] DEBUG o.h.e.i.AbstractFlushingEventListener - Flushed: 0 insertions, 0 updates, 0 deletions to 1 objects
08:28:51.307 [main] DEBUG o.h.e.i.AbstractFlushingEventListener - Flushed: 0 (re)creations, 0 updates, 0 removals to 0 collections
08:28:51.307 [main] DEBUG o.h.internal.util.EntityPrinter - Listing entities:
08:28:51.307 [main] DEBUG o.h.internal.util.EntityPrinter - edu.ncsu.csc.itrust2.models.persistent.User{password=$2a$10$EblZqNptyYvcLm/VwDCVAuBjzZOI7khzdyGPBr08PpIi0na624b8., role=ROLE_HCP, enabled=1, username=hcp}
08:28:51.308 [main] DEBUG o.h.e.t.internal.TransactionImpl - begin
08:28:51.308 [main] DEBUG org.hibernate.SQL - select this_.username as username1_15_0_, this_.enabled as enabled2_15_0_, this_.password as password3_15_0_, this_.role as role4_15_0_ from Users this_ where this_.username=? and this_.role=?
Hibernate: select this_.username as username1_15_0_, this_.enabled as enabled2_15_0_, this_.password as password3_15_0_, this_.role as role4_15_0_ from Users this_ where this_.username=? and this_.role=?
08:28:51.315 [main] DEBUG org.hibernate.loader.Loader - Result set row: 0
08:28:51.315 [main] DEBUG org.hibernate.loader.Loader - Result row: EntityKey[edu.ncsu.csc.itrust2.models.persistent.User#antti]
08:28:51.315 [main] DEBUG o.h.engine.internal.TwoPhaseLoad - Resolving associations for [edu.ncsu.csc.itrust2.models.persistent.User#antti]
08:28:51.315 [main] DEBUG o.h.engine.internal.TwoPhaseLoad - Done materializing entity [edu.ncsu.csc.itrust2.models.persistent.User#antti]
08:28:51.315 [main] DEBUG o.h.e.t.internal.TransactionImpl - committing
08:28:51.315 [main] DEBUG o.h.e.i.AbstractFlushingEventListener - Processing flush-time cascades
08:28:51.316 [main] DEBUG o.h.e.i.AbstractFlushingEventListener - Dirty checking collections
08:28:51.316 [main] DEBUG o.h.e.i.AbstractFlushingEventListener - Flushed: 0 insertions, 0 updates, 0 deletions to 1 objects
08:28:51.316 [main] DEBUG o.h.e.i.AbstractFlushingEventListener - Flushed: 0 (re)creations, 0 updates, 0 removals to 0 collections
08:28:51.316 [main] DEBUG o.h.internal.util.EntityPrinter - Listing entities:
08:28:51.316 [main] DEBUG o.h.internal.util.EntityPrinter - edu.ncsu.csc.itrust2.models.persistent.User{password=$2a$10$a7p1113JVP4rkrBspgCjD..INViJ4SzdHHDEpzqyCOcWPJIHdG/oi, role=ROLE_PATIENT, enabled=1, username=antti}
08:28:51.317 [main] DEBUG o.h.e.t.internal.TransactionImpl - begin
08:28:51.318 [main] DEBUG org.hibernate.SQL - select this_.self_id as self_id18_12_2_, this_.address1 as address1_12_2_, this_.address2 as address2_12_2_, this_.bloodType as bloodTyp3_12_2_, this_.causeOfDeath as causeOfD4_12_2_, this_.city as city5_12_2_, this_.dateOfBirth as dateOfBi6_12_2_, this_.dateOfDeath as dateOfDe7_12_2_, this_.email as email8_12_2_, this_.ethnicity as ethnicit9_12_2_, this_.father_id as father_19_12_2_, this_.firstName as firstNa10_12_2_, this_.gender as gender11_12_2_, this_.id as id12_12_2_, this_.lastName as lastNam13_12_2_, this_.mother_id as mother_20_12_2_, this_.phone as phone14_12_2_, this_.preferredName as preferr15_12_2_, this_.state as state16_12_2_, this_.zip as zip17_12_2_, user2_.username as username1_15_0_, user2_.enabled as enabled2_15_0_, user2_.password as password3_15_0_, user2_.role as role4_15_0_, user3_.username as username1_15_1_, user3_.enabled as enabled2_15_1_, user3_.password as password3_15_1_, user3_.role as role4_15_1_ from Patients this_ left outer join Users user2_ on this_.father_id=user2_.username left outer join Users user3_ on this_.mother_id=user3_.username where this_.self_id=?
Hibernate: select this_.self_id as self_id18_12_2_, this_.address1 as address1_12_2_, this_.address2 as address2_12_2_, this_.bloodType as bloodTyp3_12_2_, this_.causeOfDeath as causeOfD4_12_2_, this_.city as city5_12_2_, this_.dateOfBirth as dateOfBi6_12_2_, this_.dateOfDeath as dateOfDe7_12_2_, this_.email as email8_12_2_, this_.ethnicity as ethnicit9_12_2_, this_.father_id as father_19_12_2_, this_.firstName as firstNa10_12_2_, this_.gender as gender11_12_2_, this_.id as id12_12_2_, this_.lastName as lastNam13_12_2_, this_.mother_id as mother_20_12_2_, this_.phone as phone14_12_2_, this_.preferredName as preferr15_12_2_, this_.state as state16_12_2_, this_.zip as zip17_12_2_, user2_.username as username1_15_0_, user2_.enabled as enabled2_15_0_, user2_.password as password3_15_0_, user2_.role as role4_15_0_, user3_.username as username1_15_1_, user3_.enabled as enabled2_15_1_, user3_.password as password3_15_1_, user3_.role as role4_15_1_ from Patients this_ left outer join Users user2_ on this_.father_id=user2_.username left outer join Users user3_ on this_.mother_id=user3_.username where this_.self_id=?
08:28:51.320 [main] DEBUG org.hibernate.loader.Loader - Result set row: 0
08:28:51.320 [main] DEBUG org.hibernate.SQL - select user0_.username as username1_15_0_, user0_.enabled as enabled2_15_0_, user0_.password as password3_15_0_, user0_.role as role4_15_0_ from Users user0_ where user0_.username=?
Hibernate: select user0_.username as username1_15_0_, user0_.enabled as enabled2_15_0_, user0_.password as password3_15_0_, user0_.role as role4_15_0_ from Users user0_ where user0_.username=?
08:28:51.321 [main] DEBUG o.h.l.p.e.p.i.ResultSetProcessorImpl - Starting ResultSet row #0
08:28:51.321 [main] DEBUG o.h.l.p.e.p.i.EntityReferenceInitializerImpl - On call to EntityIdentifierReaderImpl#resolve, EntityKey was already known; should only happen on root returns with an optional identifier specified
08:28:51.321 [main] DEBUG o.h.engine.internal.TwoPhaseLoad - Resolving associations for [edu.ncsu.csc.itrust2.models.persistent.User#antti]
08:28:51.321 [main] DEBUG o.h.engine.internal.TwoPhaseLoad - Done materializing entity [edu.ncsu.csc.itrust2.models.persistent.User#antti]
08:28:51.322 [main] DEBUG o.h.r.j.i.ResourceRegistryStandardImpl - HHH000387: ResultSet's statement was not registered
08:28:51.322 [main] DEBUG o.h.l.e.p.AbstractLoadPlanBasedEntityLoader - Done entity load : edu.ncsu.csc.itrust2.models.persistent.User#antti
08:28:51.322 [main] DEBUG org.hibernate.loader.Loader - Result row: null, null, EntityKey[edu.ncsu.csc.itrust2.models.persistent.Patient#component[self]{self=edu.ncsu.csc.itrust2.models.persistent.User#antti}]
08:28:51.323 [main] DEBUG o.h.engine.internal.TwoPhaseLoad - Resolving associations for [edu.ncsu.csc.itrust2.models.persistent.Patient#component[self]{self=edu.ncsu.csc.itrust2.models.persistent.User#antti}]
08:28:51.323 [main] DEBUG o.h.engine.internal.TwoPhaseLoad - Done materializing entity [edu.ncsu.csc.itrust2.models.persistent.Patient#component[self]{self=edu.ncsu.csc.itrust2.models.persistent.User#antti}]
08:28:51.323 [main] DEBUG o.h.e.t.internal.TransactionImpl - committing
08:28:51.323 [main] DEBUG o.h.e.i.AbstractFlushingEventListener - Processing flush-time cascades
08:28:51.323 [main] DEBUG o.h.e.i.AbstractFlushingEventListener - Dirty checking collections
08:28:51.324 [main] DEBUG o.h.e.i.AbstractFlushingEventListener - Flushed: 0 insertions, 0 updates, 0 deletions to 2 objects
08:28:51.324 [main] DEBUG o.h.e.i.AbstractFlushingEventListener - Flushed: 0 (re)creations, 0 updates, 0 removals to 0 collections
08:28:51.324 [main] DEBUG o.h.internal.util.EntityPrinter - Listing entities:
08:28:51.324 [main] DEBUG o.h.internal.util.EntityPrinter - edu.ncsu.csc.itrust2.models.persistent.User{password=$2a$10$a7p1113JVP4rkrBspgCjD..INViJ4SzdHHDEpzqyCOcWPJIHdG/oi, role=ROLE_PATIENT, enabled=1, username=antti}
08:28:51.324 [main] DEBUG o.h.internal.util.EntityPrinter - edu.ncsu.csc.itrust2.models.persistent.Patient{zip=27514, lastName=Walhelm, ethnicity=Caucasian, gender=Male, address2=Some Location, city=Viipuri, dateOfDeath=null, address1=1 Test Street, father=null, dateOfBirth=java.util.GregorianCalendar[time=235195200000,areFieldsSet=true,areAllFieldsSet=true,lenient=true,zone=sun.util.calendar.ZoneInfo[id="America/New_York",offset=-18000000,dstSavings=3600000,useDaylight=true,transitions=235,lastRule=java.util.SimpleTimeZone[id=America/New_York,offset=-18000000,dstSavings=3600000,useDaylight=true,startYear=0,startMode=3,startMonth=2,startDay=8,startDayOfWeek=1,startTime=7200000,startTimeMode=0,endMode=3,endMonth=10,endDay=1,endDayOfWeek=1,endTime=7200000,endTimeMode=0]],firstDayOfWeek=1,minimalDaysInFirstWeek=1,ERA=1,YEAR=1977,MONTH=5,WEEK_OF_YEAR=25,WEEK_OF_MONTH=3,DAY_OF_MONTH=15,DAY_OF_YEAR=166,DAY_OF_WEEK=4,DAY_OF_WEEK_IN_MONTH=3,AM_PM=0,HOUR=0,HOUR_OF_DAY=0,MINUTE=0,SECOND=0,MILLISECOND=0,ZONE_OFFSET=-18000000,DST_OFFSET=3600000], bloodType=APos, firstName=Antti, mother=null, phone=123-456-7890, id=null, preferredName=null, state=NC, causeOfDeath=null, email=antti@itrust.fi}
08:28:51.335 [main] DEBUG o.h.e.t.internal.TransactionImpl - begin
08:28:51.336 [main] DEBUG org.hibernate.SQL - select this_.username as username1_15_0_, this_.enabled as enabled2_15_0_, this_.password as password3_15_0_, this_.role as role4_15_0_ from Users this_ where this_.username=? and this_.role=?
Hibernate: select this_.username as username1_15_0_, this_.enabled as enabled2_15_0_, this_.password as password3_15_0_, this_.role as role4_15_0_ from Users this_ where this_.username=? and this_.role=?
08:28:51.337 [main] DEBUG org.hibernate.loader.Loader - Result set row: 0
08:28:51.337 [main] DEBUG org.hibernate.loader.Loader - Result row: EntityKey[edu.ncsu.csc.itrust2.models.persistent.User#antti]
08:28:51.337 [main] DEBUG o.h.engine.internal.TwoPhaseLoad - Resolving associations for [edu.ncsu.csc.itrust2.models.persistent.User#antti]
08:28:51.337 [main] DEBUG o.h.engine.internal.TwoPhaseLoad - Done materializing entity [edu.ncsu.csc.itrust2.models.persistent.User#antti]
08:28:51.337 [main] DEBUG o.h.e.t.internal.TransactionImpl - committing
08:28:51.338 [main] DEBUG o.h.e.i.AbstractFlushingEventListener - Processing flush-time cascades
08:28:51.338 [main] DEBUG o.h.e.i.AbstractFlushingEventListener - Dirty checking collections
08:28:51.339 [main] DEBUG o.h.e.i.AbstractFlushingEventListener - Flushed: 0 insertions, 0 updates, 0 deletions to 1 objects
08:28:51.339 [main] DEBUG o.h.e.i.AbstractFlushingEventListener - Flushed: 0 (re)creations, 0 updates, 0 removals to 0 collections
08:28:51.339 [main] DEBUG o.h.internal.util.EntityPrinter - Listing entities:
08:28:51.339 [main] DEBUG o.h.internal.util.EntityPrinter - edu.ncsu.csc.itrust2.models.persistent.User{password=$2a$10$a7p1113JVP4rkrBspgCjD..INViJ4SzdHHDEpzqyCOcWPJIHdG/oi, role=ROLE_PATIENT, enabled=1, username=antti}
08:28:51.340 [main] DEBUG o.h.e.t.internal.TransactionImpl - begin
08:28:51.344 [main] DEBUG org.hibernate.SQL - select this_.username as username1_15_0_, this_.enabled as enabled2_15_0_, this_.password as password3_15_0_, this_.role as role4_15_0_ from Users this_ where this_.username=? and this_.role=?
Hibernate: select this_.username as username1_15_0_, this_.enabled as enabled2_15_0_, this_.password as password3_15_0_, this_.role as role4_15_0_ from Users this_ where this_.username=? and this_.role=?
08:28:51.345 [main] DEBUG org.hibernate.loader.Loader - Result set row: 0
08:28:51.345 [main] DEBUG org.hibernate.loader.Loader - Result row: EntityKey[edu.ncsu.csc.itrust2.models.persistent.User#hcp]
08:28:51.346 [main] DEBUG o.h.engine.internal.TwoPhaseLoad - Resolving associations for [edu.ncsu.csc.itrust2.models.persistent.User#hcp]
08:28:51.346 [main] DEBUG o.h.engine.internal.TwoPhaseLoad - Done materializing entity [edu.ncsu.csc.itrust2.models.persistent.User#hcp]
08:28:51.346 [main] DEBUG o.h.e.t.internal.TransactionImpl - committing
08:28:51.346 [main] DEBUG o.h.e.i.AbstractFlushingEventListener - Processing flush-time cascades
08:28:51.347 [main] DEBUG o.h.e.i.AbstractFlushingEventListener - Dirty checking collections
08:28:51.347 [main] DEBUG o.h.e.i.AbstractFlushingEventListener - Flushed: 0 insertions, 0 updates, 0 deletions to 1 objects
08:28:51.347 [main] DEBUG o.h.e.i.AbstractFlushingEventListener - Flushed: 0 (re)creations, 0 updates, 0 removals to 0 collections
08:28:51.347 [main] DEBUG o.h.internal.util.EntityPrinter - Listing entities:
08:28:51.347 [main] DEBUG o.h.internal.util.EntityPrinter - edu.ncsu.csc.itrust2.models.persistent.User{password=$2a$10$EblZqNptyYvcLm/VwDCVAuBjzZOI7khzdyGPBr08PpIi0na624b8., role=ROLE_HCP, enabled=1, username=hcp}
08:28:51.348 [main] DEBUG o.h.e.t.internal.TransactionImpl - begin
08:28:51.349 [main] DEBUG org.hibernate.SQL - select this_.username as username1_15_0_, this_.enabled as enabled2_15_0_, this_.password as password3_15_0_, this_.role as role4_15_0_ from Users this_ where this_.username=? and this_.role=?
Hibernate: select this_.username as username1_15_0_, this_.enabled as enabled2_15_0_, this_.password as password3_15_0_, this_.role as role4_15_0_ from Users this_ where this_.username=? and this_.role=?
08:28:51.349 [main] DEBUG org.hibernate.loader.Loader - Result set row: 0
08:28:51.350 [main] DEBUG org.hibernate.loader.Loader - Result row: EntityKey[edu.ncsu.csc.itrust2.models.persistent.User#antti]
08:28:51.350 [main] DEBUG o.h.engine.internal.TwoPhaseLoad - Resolving associations for [edu.ncsu.csc.itrust2.models.persistent.User#antti]
08:28:51.350 [main] DEBUG o.h.engine.internal.TwoPhaseLoad - Done materializing entity [edu.ncsu.csc.itrust2.models.persistent.User#antti]
08:28:51.350 [main] DEBUG o.h.e.t.internal.TransactionImpl - committing
08:28:51.350 [main] DEBUG o.h.e.i.AbstractFlushingEventListener - Processing flush-time cascades
08:28:51.350 [main] DEBUG o.h.e.i.AbstractFlushingEventListener - Dirty checking collections
08:28:51.351 [main] DEBUG o.h.e.i.AbstractFlushingEventListener - Flushed: 0 insertions, 0 updates, 0 deletions to 1 objects
08:28:51.351 [main] DEBUG o.h.e.i.AbstractFlushingEventListener - Flushed: 0 (re)creations, 0 updates, 0 removals to 0 collections
08:28:51.351 [main] DEBUG o.h.internal.util.EntityPrinter - Listing entities:
08:28:51.351 [main] DEBUG o.h.internal.util.EntityPrinter - edu.ncsu.csc.itrust2.models.persistent.User{password=$2a$10$a7p1113JVP4rkrBspgCjD..INViJ4SzdHHDEpzqyCOcWPJIHdG/oi, role=ROLE_PATIENT, enabled=1, username=antti}
08:28:51.352 [main] DEBUG o.h.e.t.internal.TransactionImpl - begin
08:28:51.352 [main] DEBUG org.hibernate.SQL - select this_.username as username1_15_0_, this_.enabled as enabled2_15_0_, this_.password as password3_15_0_, this_.role as role4_15_0_ from Users this_ where this_.username=? and this_.role=?
Hibernate: select this_.username as username1_15_0_, this_.enabled as enabled2_15_0_, this_.password as password3_15_0_, this_.role as role4_15_0_ from Users this_ where this_.username=? and this_.role=?
08:28:51.353 [main] DEBUG org.hibernate.loader.Loader - Result set row: 0
08:28:51.353 [main] DEBUG org.hibernate.loader.Loader - Result row: EntityKey[edu.ncsu.csc.itrust2.models.persistent.User#hcp]
08:28:51.353 [main] DEBUG o.h.engine.internal.TwoPhaseLoad - Resolving associations for [edu.ncsu.csc.itrust2.models.persistent.User#hcp]
08:28:51.354 [main] DEBUG o.h.engine.internal.TwoPhaseLoad - Done materializing entity [edu.ncsu.csc.itrust2.models.persistent.User#hcp]
08:28:51.354 [main] DEBUG o.h.e.t.internal.TransactionImpl - committing
08:28:51.354 [main] DEBUG o.h.e.i.AbstractFlushingEventListener - Processing flush-time cascades
08:28:51.354 [main] DEBUG o.h.e.i.AbstractFlushingEventListener - Dirty checking collections
08:28:51.354 [main] DEBUG o.h.e.i.AbstractFlushingEventListener - Flushed: 0 insertions, 0 updates, 0 deletions to 1 objects
08:28:51.354 [main] DEBUG o.h.e.i.AbstractFlushingEventListener - Flushed: 0 (re)creations, 0 updates, 0 removals to 0 collections
08:28:51.355 [main] DEBUG o.h.internal.util.EntityPrinter - Listing entities:
08:28:51.355 [main] DEBUG o.h.internal.util.EntityPrinter - edu.ncsu.csc.itrust2.models.persistent.User{password=$2a$10$EblZqNptyYvcLm/VwDCVAuBjzZOI7khzdyGPBr08PpIi0na624b8., role=ROLE_HCP, enabled=1, username=hcp}
08:28:51.356 [main] DEBUG o.h.e.t.internal.TransactionImpl - begin
08:28:51.357 [main] DEBUG org.hibernate.SQL - select this_.username as username1_15_0_, this_.enabled as enabled2_15_0_, this_.password as password3_15_0_, this_.role as role4_15_0_ from Users this_ where this_.username=?
Hibernate: select this_.username as username1_15_0_, this_.enabled as enabled2_15_0_, this_.password as password3_15_0_, this_.role as role4_15_0_ from Users this_ where this_.username=?
08:28:51.367 [main] DEBUG org.hibernate.loader.Loader - Result set row: 0
08:28:51.367 [main] DEBUG org.hibernate.loader.Loader - Result row: EntityKey[edu.ncsu.csc.itrust2.models.persistent.User#antti]
08:28:51.367 [main] DEBUG o.h.engine.internal.TwoPhaseLoad - Resolving associations for [edu.ncsu.csc.itrust2.models.persistent.User#antti]
08:28:51.367 [main] DEBUG o.h.engine.internal.TwoPhaseLoad - Done materializing entity [edu.ncsu.csc.itrust2.models.persistent.User#antti]
08:28:51.367 [main] DEBUG o.h.e.t.internal.TransactionImpl - committing
08:28:51.367 [main] DEBUG o.h.e.i.AbstractFlushingEventListener - Processing flush-time cascades
08:28:51.368 [main] DEBUG o.h.e.i.AbstractFlushingEventListener - Dirty checking collections
08:28:51.368 [main] DEBUG o.h.e.i.AbstractFlushingEventListener - Flushed: 0 insertions, 0 updates, 0 deletions to 1 objects
08:28:51.368 [main] DEBUG o.h.e.i.AbstractFlushingEventListener - Flushed: 0 (re)creations, 0 updates, 0 removals to 0 collections
08:28:51.368 [main] DEBUG o.h.internal.util.EntityPrinter - Listing entities:
08:28:51.368 [main] DEBUG o.h.internal.util.EntityPrinter - edu.ncsu.csc.itrust2.models.persistent.User{password=$2a$10$a7p1113JVP4rkrBspgCjD..INViJ4SzdHHDEpzqyCOcWPJIHdG/oi, role=ROLE_PATIENT, enabled=1, username=antti}
08:28:51.370 [main] DEBUG o.s.t.w.s.TestDispatcherServlet - DispatcherServlet with name '' processing POST request for [/api/v1/patients]
08:28:51.370 [main] DEBUG o.s.w.s.m.m.a.RequestMappingHandlerMapping - Looking up handler method for path /api/v1/patients
08:28:51.371 [main] DEBUG o.s.w.s.m.m.a.RequestMappingHandlerMapping - Returning handler method [public org.springframework.http.ResponseEntity edu.ncsu.csc.itrust2.controllers.api.APIPatientController.createPatient(edu.ncsu.csc.itrust2.forms.hcp_patient.PatientForm)]
08:28:51.371 [main] DEBUG o.s.b.f.s.DefaultListableBeanFactory - Returning cached instance of singleton bean 'APIPatientController'
08:28:51.372 [main] DEBUG o.s.w.s.m.m.a.RequestResponseBodyMethodProcessor - Read [class edu.ncsu.csc.itrust2.forms.hcp_patient.PatientForm] as "application/json" with [org.springframework.http.converter.json.GsonHttpMessageConverter@5dd5be49]
08:28:51.372 [main] DEBUG o.h.e.t.internal.TransactionImpl - begin
08:28:51.373 [main] DEBUG org.hibernate.SQL - select this_.username as username1_15_0_, this_.enabled as enabled2_15_0_, this_.password as password3_15_0_, this_.role as role4_15_0_ from Users this_ where this_.username=? and this_.role=?
Hibernate: select this_.username as username1_15_0_, this_.enabled as enabled2_15_0_, this_.password as password3_15_0_, this_.role as role4_15_0_ from Users this_ where this_.username=? and this_.role=?
08:28:51.373 [main] DEBUG org.hibernate.loader.Loader - Result set row: 0
08:28:51.374 [main] DEBUG org.hibernate.loader.Loader - Result row: EntityKey[edu.ncsu.csc.itrust2.models.persistent.User#antti]
08:28:51.374 [main] DEBUG o.h.engine.internal.TwoPhaseLoad - Resolving associations for [edu.ncsu.csc.itrust2.models.persistent.User#antti]
08:28:51.375 [main] DEBUG o.h.engine.internal.TwoPhaseLoad - Done materializing entity [edu.ncsu.csc.itrust2.models.persistent.User#antti]
08:28:51.375 [main] DEBUG o.h.e.t.internal.TransactionImpl - committing
08:28:51.375 [main] DEBUG o.h.e.i.AbstractFlushingEventListener - Processing flush-time cascades
08:28:51.375 [main] DEBUG o.h.e.i.AbstractFlushingEventListener - Dirty checking collections
08:28:51.380 [main] DEBUG o.h.e.i.AbstractFlushingEventListener - Flushed: 0 insertions, 0 updates, 0 deletions to 1 objects
08:28:51.380 [main] DEBUG o.h.e.i.AbstractFlushingEventListener - Flushed: 0 (re)creations, 0 updates, 0 removals to 0 collections
08:28:51.380 [main] DEBUG o.h.internal.util.EntityPrinter - Listing entities:
08:28:51.380 [main] DEBUG o.h.internal.util.EntityPrinter - edu.ncsu.csc.itrust2.models.persistent.User{password=$2a$10$a7p1113JVP4rkrBspgCjD..INViJ4SzdHHDEpzqyCOcWPJIHdG/oi, role=ROLE_PATIENT, enabled=1, username=antti}
08:28:51.381 [main] DEBUG o.h.e.t.internal.TransactionImpl - begin
08:28:51.382 [main] DEBUG org.hibernate.SQL - select this_.username as username1_15_0_, this_.enabled as enabled2_15_0_, this_.password as password3_15_0_, this_.role as role4_15_0_ from Users this_ where this_.username=? and this_.role=?
Hibernate: select this_.username as username1_15_0_, this_.enabled as enabled2_15_0_, this_.password as password3_15_0_, this_.role as role4_15_0_ from Users this_ where this_.username=? and this_.role=?
08:28:51.382 [main] DEBUG o.h.e.t.internal.TransactionImpl - committing
08:28:51.383 [main] DEBUG o.h.e.t.internal.TransactionImpl - begin
08:28:51.384 [main] DEBUG org.hibernate.SQL - select this_.username as username1_15_0_, this_.enabled as enabled2_15_0_, this_.password as password3_15_0_, this_.role as role4_15_0_ from Users this_ where this_.username=? and this_.role=?
Hibernate: select this_.username as username1_15_0_, this_.enabled as enabled2_15_0_, this_.password as password3_15_0_, this_.role as role4_15_0_ from Users this_ where this_.username=? and this_.role=?
08:28:51.394 [main] DEBUG o.h.e.t.internal.TransactionImpl - committing
08:28:51.396 [main] DEBUG o.h.e.t.internal.TransactionImpl - begin
08:28:51.397 [main] DEBUG org.hibernate.SQL - select this_.username as username1_15_0_, this_.enabled as enabled2_15_0_, this_.password as password3_15_0_, this_.role as role4_15_0_ from Users this_ where this_.username=? and this_.role=?
Hibernate: select this_.username as username1_15_0_, this_.enabled as enabled2_15_0_, this_.password as password3_15_0_, this_.role as role4_15_0_ from Users this_ where this_.username=? and this_.role=?
08:28:51.399 [main] DEBUG org.hibernate.loader.Loader - Result set row: 0
08:28:51.399 [main] DEBUG org.hibernate.loader.Loader - Result row: EntityKey[edu.ncsu.csc.itrust2.models.persistent.User#antti]
08:28:51.399 [main] DEBUG o.h.engine.internal.TwoPhaseLoad - Resolving associations for [edu.ncsu.csc.itrust2.models.persistent.User#antti]
08:28:51.400 [main] DEBUG o.h.engine.internal.TwoPhaseLoad - Done materializing entity [edu.ncsu.csc.itrust2.models.persistent.User#antti]
08:28:51.400 [main] DEBUG o.h.e.t.internal.TransactionImpl - committing
08:28:51.400 [main] DEBUG o.h.e.i.AbstractFlushingEventListener - Processing flush-time cascades
08:28:51.400 [main] DEBUG o.h.e.i.AbstractFlushingEventListener - Dirty checking collections
08:28:51.404 [main] DEBUG o.h.e.i.AbstractFlushingEventListener - Flushed: 0 insertions, 0 updates, 0 deletions to 1 objects
08:28:51.405 [main] DEBUG o.h.e.i.AbstractFlushingEventListener - Flushed: 0 (re)creations, 0 updates, 0 removals to 0 collections
08:28:51.405 [main] DEBUG o.h.internal.util.EntityPrinter - Listing entities:
08:28:51.405 [main] DEBUG o.h.internal.util.EntityPrinter - edu.ncsu.csc.itrust2.models.persistent.User{password=$2a$10$a7p1113JVP4rkrBspgCjD..INViJ4SzdHHDEpzqyCOcWPJIHdG/oi, role=ROLE_PATIENT, enabled=1, username=antti}
08:28:51.406 [main] DEBUG o.h.e.t.internal.TransactionImpl - begin
08:28:51.407 [main] DEBUG org.hibernate.SQL - select this_.self_id as self_id18_12_2_, this_.address1 as address1_12_2_, this_.address2 as address2_12_2_, this_.bloodType as bloodTyp3_12_2_, this_.causeOfDeath as causeOfD4_12_2_, this_.city as city5_12_2_, this_.dateOfBirth as dateOfBi6_12_2_, this_.dateOfDeath as dateOfDe7_12_2_, this_.email as email8_12_2_, this_.ethnicity as ethnicit9_12_2_, this_.father_id as father_19_12_2_, this_.firstName as firstNa10_12_2_, this_.gender as gender11_12_2_, this_.id as id12_12_2_, this_.lastName as lastNam13_12_2_, this_.mother_id as mother_20_12_2_, this_.phone as phone14_12_2_, this_.preferredName as preferr15_12_2_, this_.state as state16_12_2_, this_.zip as zip17_12_2_, user2_.username as username1_15_0_, user2_.enabled as enabled2_15_0_, user2_.password as password3_15_0_, user2_.role as role4_15_0_, user3_.username as username1_15_1_, user3_.enabled as enabled2_15_1_, user3_.password as password3_15_1_, user3_.role as role4_15_1_ from Patients this_ left outer join Users user2_ on this_.father_id=user2_.username left outer join Users user3_ on this_.mother_id=user3_.username where this_.self_id=?
Hibernate: select this_.self_id as self_id18_12_2_, this_.address1 as address1_12_2_, this_.address2 as address2_12_2_, this_.bloodType as bloodTyp3_12_2_, this_.causeOfDeath as causeOfD4_12_2_, this_.city as city5_12_2_, this_.dateOfBirth as dateOfBi6_12_2_, this_.dateOfDeath as dateOfDe7_12_2_, this_.email as email8_12_2_, this_.ethnicity as ethnicit9_12_2_, this_.father_id as father_19_12_2_, this_.firstName as firstNa10_12_2_, this_.gender as gender11_12_2_, this_.id as id12_12_2_, this_.lastName as lastNam13_12_2_, this_.mother_id as mother_20_12_2_, this_.phone as phone14_12_2_, this_.preferredName as preferr15_12_2_, this_.state as state16_12_2_, this_.zip as zip17_12_2_, user2_.username as username1_15_0_, user2_.enabled as enabled2_15_0_, user2_.password as password3_15_0_, user2_.role as role4_15_0_, user3_.username as username1_15_1_, user3_.enabled as enabled2_15_1_, user3_.password as password3_15_1_, user3_.role as role4_15_1_ from Patients this_ left outer join Users user2_ on this_.father_id=user2_.username left outer join Users user3_ on this_.mother_id=user3_.username where this_.self_id=?
08:28:51.408 [main] DEBUG org.hibernate.loader.Loader - Result set row: 0
08:28:51.408 [main] DEBUG org.hibernate.SQL - select user0_.username as username1_15_0_, user0_.enabled as enabled2_15_0_, user0_.password as password3_15_0_, user0_.role as role4_15_0_ from Users user0_ where user0_.username=?
Hibernate: select user0_.username as username1_15_0_, user0_.enabled as enabled2_15_0_, user0_.password as password3_15_0_, user0_.role as role4_15_0_ from Users user0_ where user0_.username=?
08:28:51.409 [main] DEBUG o.h.l.p.e.p.i.ResultSetProcessorImpl - Starting ResultSet row #0
08:28:51.409 [main] DEBUG o.h.l.p.e.p.i.EntityReferenceInitializerImpl - On call to EntityIdentifierReaderImpl#resolve, EntityKey was already known; should only happen on root returns with an optional identifier specified
08:28:51.409 [main] DEBUG o.h.engine.internal.TwoPhaseLoad - Resolving associations for [edu.ncsu.csc.itrust2.models.persistent.User#antti]
08:28:51.410 [main] DEBUG o.h.engine.internal.TwoPhaseLoad - Done materializing entity [edu.ncsu.csc.itrust2.models.persistent.User#antti]
08:28:51.410 [main] DEBUG o.h.r.j.i.ResourceRegistryStandardImpl - HHH000387: ResultSet's statement was not registered
08:28:51.410 [main] DEBUG o.h.l.e.p.AbstractLoadPlanBasedEntityLoader - Done entity load : edu.ncsu.csc.itrust2.models.persistent.User#antti
08:28:51.410 [main] DEBUG org.hibernate.loader.Loader - Result row: null, null, EntityKey[edu.ncsu.csc.itrust2.models.persistent.Patient#component[self]{self=edu.ncsu.csc.itrust2.models.persistent.User#antti}]
08:28:51.410 [main] DEBUG o.h.engine.internal.TwoPhaseLoad - Resolving associations for [edu.ncsu.csc.itrust2.models.persistent.Patient#component[self]{self=edu.ncsu.csc.itrust2.models.persistent.User#antti}]
08:28:51.411 [main] DEBUG o.h.engine.internal.TwoPhaseLoad - Done materializing entity [edu.ncsu.csc.itrust2.models.persistent.Patient#component[self]{self=edu.ncsu.csc.itrust2.models.persistent.User#antti}]
08:28:51.411 [main] DEBUG o.h.e.t.internal.TransactionImpl - committing
08:28:51.411 [main] DEBUG o.h.e.i.AbstractFlushingEventListener - Processing flush-time cascades
08:28:51.411 [main] DEBUG o.h.e.i.AbstractFlushingEventListener - Dirty checking collections
08:28:51.412 [main] DEBUG o.h.e.i.AbstractFlushingEventListener - Flushed: 0 insertions, 0 updates, 0 deletions to 2 objects
08:28:51.412 [main] DEBUG o.h.e.i.AbstractFlushingEventListener - Flushed: 0 (re)creations, 0 updates, 0 removals to 0 collections
08:28:51.412 [main] DEBUG o.h.internal.util.EntityPrinter - Listing entities:
08:28:51.412 [main] DEBUG o.h.internal.util.EntityPrinter - edu.ncsu.csc.itrust2.models.persistent.User{password=$2a$10$a7p1113JVP4rkrBspgCjD..INViJ4SzdHHDEpzqyCOcWPJIHdG/oi, role=ROLE_PATIENT, enabled=1, username=antti}
08:28:51.412 [main] DEBUG o.h.internal.util.EntityPrinter - edu.ncsu.csc.itrust2.models.persistent.Patient{zip=27514, lastName=Walhelm, ethnicity=Caucasian, gender=Male, address2=Some Location, city=Viipuri, dateOfDeath=null, address1=1 Test Street, father=null, dateOfBirth=java.util.GregorianCalendar[time=235195200000,areFieldsSet=true,areAllFieldsSet=true,lenient=true,zone=sun.util.calendar.ZoneInfo[id="America/New_York",offset=-18000000,dstSavings=3600000,useDaylight=true,transitions=235,lastRule=java.util.SimpleTimeZone[id=America/New_York,offset=-18000000,dstSavings=3600000,useDaylight=true,startYear=0,startMode=3,startMonth=2,startDay=8,startDayOfWeek=1,startTime=7200000,startTimeMode=0,endMode=3,endMonth=10,endDay=1,endDayOfWeek=1,endTime=7200000,endTimeMode=0]],firstDayOfWeek=1,minimalDaysInFirstWeek=1,ERA=1,YEAR=1977,MONTH=5,WEEK_OF_YEAR=25,WEEK_OF_MONTH=3,DAY_OF_MONTH=15,DAY_OF_YEAR=166,DAY_OF_WEEK=4,DAY_OF_WEEK_IN_MONTH=3,AM_PM=0,HOUR=0,HOUR_OF_DAY=0,MINUTE=0,SECOND=0,MILLISECOND=0,ZONE_OFFSET=-18000000,DST_OFFSET=3600000], bloodType=APos, firstName=Antti, mother=null, phone=123-456-7890, id=null, preferredName=null, state=NC, causeOfDeath=null, email=antti@itrust.fi}
08:28:51.414 [main] DEBUG o.s.w.s.m.m.a.HttpEntityMethodProcessor - Written [{"status":"failed","message":"Patient with the id antti already exists"}] as "text/plain" using [org.springframework.http.converter.StringHttpMessageConverter@7150f3ad]
08:28:51.414 [main] DEBUG o.s.t.w.s.TestDispatcherServlet - Null ModelAndView returned to DispatcherServlet with name '': assuming HandlerAdapter completed request handling
08:28:51.414 [main] DEBUG o.s.t.w.s.TestDispatcherServlet - Successfully completed request
08:28:51.414 [main] DEBUG o.h.e.t.internal.TransactionImpl - begin
08:28:51.415 [main] DEBUG org.hibernate.SQL - select this_.username as username1_15_0_, this_.enabled as enabled2_15_0_, this_.password as password3_15_0_, this_.role as role4_15_0_ from Users this_ where this_.username=? and this_.role=?
Hibernate: select this_.username as username1_15_0_, this_.enabled as enabled2_15_0_, this_.password as password3_15_0_, this_.role as role4_15_0_ from Users this_ where this_.username=? and this_.role=?
08:28:51.416 [main] DEBUG org.hibernate.loader.Loader - Result set row: 0
08:28:51.422 [main] DEBUG org.hibernate.loader.Loader - Result row: EntityKey[edu.ncsu.csc.itrust2.models.persistent.User#antti]
08:28:51.422 [main] DEBUG o.h.engine.internal.TwoPhaseLoad - Resolving associations for [edu.ncsu.csc.itrust2.models.persistent.User#antti]
08:28:51.422 [main] DEBUG o.h.engine.internal.TwoPhaseLoad - Done materializing entity [edu.ncsu.csc.itrust2.models.persistent.User#antti]
08:28:51.423 [main] DEBUG o.h.e.t.internal.TransactionImpl - committing
08:28:51.423 [main] DEBUG o.h.e.i.AbstractFlushingEventListener - Processing flush-time cascades
08:28:51.423 [main] DEBUG o.h.e.i.AbstractFlushingEventListener - Dirty checking collections
08:28:51.423 [main] DEBUG o.h.e.i.AbstractFlushingEventListener - Flushed: 0 insertions, 0 updates, 0 deletions to 1 objects
08:28:51.423 [main] DEBUG o.h.e.i.AbstractFlushingEventListener - Flushed: 0 (re)creations, 0 updates, 0 removals to 0 collections
08:28:51.423 [main] DEBUG o.h.internal.util.EntityPrinter - Listing entities:
08:28:51.423 [main] DEBUG o.h.internal.util.EntityPrinter - edu.ncsu.csc.itrust2.models.persistent.User{password=$2a$10$a7p1113JVP4rkrBspgCjD..INViJ4SzdHHDEpzqyCOcWPJIHdG/oi, role=ROLE_PATIENT, enabled=1, username=antti}
08:28:51.424 [main] DEBUG o.h.e.t.internal.TransactionImpl - begin
08:28:51.426 [main] DEBUG org.hibernate.SQL - select this_.username as username1_15_0_, this_.enabled as enabled2_15_0_, this_.password as password3_15_0_, this_.role as role4_15_0_ from Users this_ where this_.username=? and this_.role=?
Hibernate: select this_.username as username1_15_0_, this_.enabled as enabled2_15_0_, this_.password as password3_15_0_, this_.role as role4_15_0_ from Users this_ where this_.username=? and this_.role=?
08:28:51.427 [main] DEBUG org.hibernate.loader.Loader - Result set row: 0
08:28:51.427 [main] DEBUG org.hibernate.loader.Loader - Result row: EntityKey[edu.ncsu.csc.itrust2.models.persistent.User#hcp]
08:28:51.428 [main] DEBUG o.h.engine.internal.TwoPhaseLoad - Resolving associations for [edu.ncsu.csc.itrust2.models.persistent.User#hcp]
08:28:51.428 [main] DEBUG o.h.engine.internal.TwoPhaseLoad - Done materializing entity [edu.ncsu.csc.itrust2.models.persistent.User#hcp]
08:28:51.428 [main] DEBUG o.h.e.t.internal.TransactionImpl - committing
08:28:51.428 [main] DEBUG o.h.e.i.AbstractFlushingEventListener - Processing flush-time cascades
08:28:51.428 [main] DEBUG o.h.e.i.AbstractFlushingEventListener - Dirty checking collections
08:28:51.428 [main] DEBUG o.h.e.i.AbstractFlushingEventListener - Flushed: 0 insertions, 0 updates, 0 deletions to 1 objects
08:28:51.429 [main] DEBUG o.h.e.i.AbstractFlushingEventListener - Flushed: 0 (re)creations, 0 updates, 0 removals to 0 collections
08:28:51.429 [main] DEBUG o.h.internal.util.EntityPrinter - Listing entities:
08:28:51.429 [main] DEBUG o.h.internal.util.EntityPrinter - edu.ncsu.csc.itrust2.models.persistent.User{password=$2a$10$EblZqNptyYvcLm/VwDCVAuBjzZOI7khzdyGPBr08PpIi0na624b8., role=ROLE_HCP, enabled=1, username=hcp}
08:28:51.430 [main] DEBUG o.h.e.t.internal.TransactionImpl - begin
08:28:51.430 [main] DEBUG org.hibernate.SQL - select this_.name as name1_4_0_, this_.address as address2_4_0_, this_.state as state3_4_0_, this_.zip as zip4_4_0_ from Hospitals this_ where this_.name=?
Hibernate: select this_.name as name1_4_0_, this_.address as address2_4_0_, this_.state as state3_4_0_, this_.zip as zip4_4_0_ from Hospitals this_ where this_.name=?
08:28:51.431 [main] DEBUG org.hibernate.loader.Loader - Result set row: 0
08:28:51.431 [main] DEBUG org.hibernate.loader.Loader - Result row: EntityKey[edu.ncsu.csc.itrust2.models.persistent.Hospital#iTrust Test Hospital 2]
08:28:51.431 [main] DEBUG o.h.engine.internal.TwoPhaseLoad - Resolving associations for [edu.ncsu.csc.itrust2.models.persistent.Hospital#iTrust Test Hospital 2]
08:28:51.432 [main] DEBUG o.h.engine.internal.TwoPhaseLoad - Done materializing entity [edu.ncsu.csc.itrust2.models.persistent.Hospital#iTrust Test Hospital 2]
08:28:51.432 [main] DEBUG o.h.e.t.internal.TransactionImpl - committing
08:28:51.432 [main] DEBUG o.h.e.i.AbstractFlushingEventListener - Processing flush-time cascades
08:28:51.432 [main] DEBUG o.h.e.i.AbstractFlushingEventListener - Dirty checking collections
08:28:51.432 [main] DEBUG o.h.e.i.AbstractFlushingEventListener - Flushed: 0 insertions, 0 updates, 0 deletions to 1 objects
08:28:51.432 [main] DEBUG o.h.e.i.AbstractFlushingEventListener - Flushed: 0 (re)creations, 0 updates, 0 removals to 0 collections
08:28:51.432 [main] DEBUG o.h.internal.util.EntityPrinter - Listing entities:
08:28:51.433 [main] DEBUG o.h.internal.util.EntityPrinter - edu.ncsu.csc.itrust2.models.persistent.Hospital{zip=27607, address=1 iTrust Test Street, name=iTrust Test Hospital 2, state=NC}
08:28:51.433 [main] DEBUG o.h.e.t.internal.TransactionImpl - begin
08:28:51.442 [main] DEBUG org.hibernate.SQL - select this_.username as username1_15_0_, this_.enabled as enabled2_15_0_, this_.password as password3_15_0_, this_.role as role4_15_0_ from Users this_ where this_.username=? and this_.role=?
Hibernate: select this_.username as username1_15_0_, this_.enabled as enabled2_15_0_, this_.password as password3_15_0_, this_.role as role4_15_0_ from Users this_ where this_.username=? and this_.role=?
08:28:51.443 [main] DEBUG org.hibernate.loader.Loader - Result set row: 0
08:28:51.443 [main] DEBUG org.hibernate.loader.Loader - Result row: EntityKey[edu.ncsu.csc.itrust2.models.persistent.User#antti]
08:28:51.444 [main] DEBUG o.h.engine.internal.TwoPhaseLoad - Resolving associations for [edu.ncsu.csc.itrust2.models.persistent.User#antti]
08:28:51.444 [main] DEBUG o.h.engine.internal.TwoPhaseLoad - Done materializing entity [edu.ncsu.csc.itrust2.models.persistent.User#antti]
08:28:51.444 [main] DEBUG o.h.e.t.internal.TransactionImpl - committing
08:28:51.444 [main] DEBUG o.h.e.i.AbstractFlushingEventListener - Processing flush-time cascades
08:28:51.444 [main] DEBUG o.h.e.i.AbstractFlushingEventListener - Dirty checking collections
08:28:51.444 [main] DEBUG o.h.e.i.AbstractFlushingEventListener - Flushed: 0 insertions, 0 updates, 0 deletions to 1 objects
08:28:51.445 [main] DEBUG o.h.e.i.AbstractFlushingEventListener - Flushed: 0 (re)creations, 0 updates, 0 removals to 0 collections
08:28:51.445 [main] DEBUG o.h.internal.util.EntityPrinter - Listing entities:
08:28:51.445 [main] DEBUG o.h.internal.util.EntityPrinter - edu.ncsu.csc.itrust2.models.persistent.User{password=$2a$10$a7p1113JVP4rkrBspgCjD..INViJ4SzdHHDEpzqyCOcWPJIHdG/oi, role=ROLE_PATIENT, enabled=1, username=antti}
08:28:51.445 [main] DEBUG o.h.e.t.internal.TransactionImpl - begin
08:28:51.446 [main] DEBUG org.hibernate.SQL - select this_.username as username1_15_0_, this_.enabled as enabled2_15_0_, this_.password as password3_15_0_, this_.role as role4_15_0_ from Users this_ where this_.username=? and this_.role=?
Hibernate: select this_.username as username1_15_0_, this_.enabled as enabled2_15_0_, this_.password as password3_15_0_, this_.role as role4_15_0_ from Users this_ where this_.username=? and this_.role=?
08:28:51.447 [main] DEBUG org.hibernate.loader.Loader - Result set row: 0
08:28:51.447 [main] DEBUG org.hibernate.loader.Loader - Result row: EntityKey[edu.ncsu.csc.itrust2.models.persistent.User#hcp]
08:28:51.447 [main] DEBUG o.h.engine.internal.TwoPhaseLoad - Resolving associations for [edu.ncsu.csc.itrust2.models.persistent.User#hcp]
08:28:51.447 [main] DEBUG o.h.engine.internal.TwoPhaseLoad - Done materializing entity [edu.ncsu.csc.itrust2.models.persistent.User#hcp]
08:28:51.447 [main] DEBUG o.h.e.t.internal.TransactionImpl - committing
08:28:51.448 [main] DEBUG o.h.e.i.AbstractFlushingEventListener - Processing flush-time cascades
08:28:51.448 [main] DEBUG o.h.e.i.AbstractFlushingEventListener - Dirty checking collections
08:28:51.448 [main] DEBUG o.h.e.i.AbstractFlushingEventListener - Flushed: 0 insertions, 0 updates, 0 deletions to 1 objects
08:28:51.449 [main] DEBUG o.h.e.i.AbstractFlushingEventListener - Flushed: 0 (re)creations, 0 updates, 0 removals to 0 collections
08:28:51.449 [main] DEBUG o.h.internal.util.EntityPrinter - Listing entities:
08:28:51.449 [main] DEBUG o.h.internal.util.EntityPrinter - edu.ncsu.csc.itrust2.models.persistent.User{password=$2a$10$EblZqNptyYvcLm/VwDCVAuBjzZOI7khzdyGPBr08PpIi0na624b8., role=ROLE_HCP, enabled=1, username=hcp}
08:28:51.449 [main] DEBUG o.h.e.t.internal.TransactionImpl - begin
08:28:51.450 [main] DEBUG org.hibernate.SQL - select this_.username as username1_15_0_, this_.enabled as enabled2_15_0_, this_.password as password3_15_0_, this_.role as role4_15_0_ from Users this_ where this_.username=? and this_.role=?
Hibernate: select this_.username as username1_15_0_, this_.enabled as enabled2_15_0_, this_.password as password3_15_0_, this_.role as role4_15_0_ from Users this_ where this_.username=? and this_.role=?
08:28:51.451 [main] DEBUG org.hibernate.loader.Loader - Result set row: 0
08:28:51.451 [main] DEBUG org.hibernate.loader.Loader - Result row: EntityKey[edu.ncsu.csc.itrust2.models.persistent.User#antti]
08:28:51.451 [main] DEBUG o.h.engine.internal.TwoPhaseLoad - Resolving associations for [edu.ncsu.csc.itrust2.models.persistent.User#antti]
08:28:51.451 [main] DEBUG o.h.engine.internal.TwoPhaseLoad - Done materializing entity [edu.ncsu.csc.itrust2.models.persistent.User#antti]
08:28:51.452 [main] DEBUG o.h.e.t.internal.TransactionImpl - committing
08:28:51.452 [main] DEBUG o.h.e.i.AbstractFlushingEventListener - Processing flush-time cascades
08:28:51.452 [main] DEBUG o.h.e.i.AbstractFlushingEventListener - Dirty checking collections
08:28:51.452 [main] DEBUG o.h.e.i.AbstractFlushingEventListener - Flushed: 0 insertions, 0 updates, 0 deletions to 1 objects
08:28:51.452 [main] DEBUG o.h.e.i.AbstractFlushingEventListener - Flushed: 0 (re)creations, 0 updates, 0 removals to 0 collections
08:28:51.452 [main] DEBUG o.h.internal.util.EntityPrinter - Listing entities:
08:28:51.452 [main] DEBUG o.h.internal.util.EntityPrinter - edu.ncsu.csc.itrust2.models.persistent.User{password=$2a$10$a7p1113JVP4rkrBspgCjD..INViJ4SzdHHDEpzqyCOcWPJIHdG/oi, role=ROLE_PATIENT, enabled=1, username=antti}
08:28:51.453 [main] DEBUG o.h.e.t.internal.TransactionImpl - begin
08:28:51.454 [main] DEBUG org.hibernate.SQL - select this_.self_id as self_id18_12_2_, this_.address1 as address1_12_2_, this_.address2 as address2_12_2_, this_.bloodType as bloodTyp3_12_2_, this_.causeOfDeath as causeOfD4_12_2_, this_.city as city5_12_2_, this_.dateOfBirth as dateOfBi6_12_2_, this_.dateOfDeath as dateOfDe7_12_2_, this_.email as email8_12_2_, this_.ethnicity as ethnicit9_12_2_, this_.father_id as father_19_12_2_, this_.firstName as firstNa10_12_2_, this_.gender as gender11_12_2_, this_.id as id12_12_2_, this_.lastName as lastNam13_12_2_, this_.mother_id as mother_20_12_2_, this_.phone as phone14_12_2_, this_.preferredName as preferr15_12_2_, this_.state as state16_12_2_, this_.zip as zip17_12_2_, user2_.username as username1_15_0_, user2_.enabled as enabled2_15_0_, user2_.password as password3_15_0_, user2_.role as role4_15_0_, user3_.username as username1_15_1_, user3_.enabled as enabled2_15_1_, user3_.password as password3_15_1_, user3_.role as role4_15_1_ from Patients this_ left outer join Users user2_ on this_.father_id=user2_.username left outer join Users user3_ on this_.mother_id=user3_.username where this_.self_id=?
Hibernate: select this_.self_id as self_id18_12_2_, this_.address1 as address1_12_2_, this_.address2 as address2_12_2_, this_.bloodType as bloodTyp3_12_2_, this_.causeOfDeath as causeOfD4_12_2_, this_.city as city5_12_2_, this_.dateOfBirth as dateOfBi6_12_2_, this_.dateOfDeath as dateOfDe7_12_2_, this_.email as email8_12_2_, this_.ethnicity as ethnicit9_12_2_, this_.father_id as father_19_12_2_, this_.firstName as firstNa10_12_2_, this_.gender as gender11_12_2_, this_.id as id12_12_2_, this_.lastName as lastNam13_12_2_, this_.mother_id as mother_20_12_2_, this_.phone as phone14_12_2_, this_.preferredName as preferr15_12_2_, this_.state as state16_12_2_, this_.zip as zip17_12_2_, user2_.username as username1_15_0_, user2_.enabled as enabled2_15_0_, user2_.password as password3_15_0_, user2_.role as role4_15_0_, user3_.username as username1_15_1_, user3_.enabled as enabled2_15_1_, user3_.password as password3_15_1_, user3_.role as role4_15_1_ from Patients this_ left outer join Users user2_ on this_.father_id=user2_.username left outer join Users user3_ on this_.mother_id=user3_.username where this_.self_id=?
08:28:51.455 [main] DEBUG org.hibernate.loader.Loader - Result set row: 0
08:28:51.455 [main] DEBUG org.hibernate.SQL - select user0_.username as username1_15_0_, user0_.enabled as enabled2_15_0_, user0_.password as password3_15_0_, user0_.role as role4_15_0_ from Users user0_ where user0_.username=?
Hibernate: select user0_.username as username1_15_0_, user0_.enabled as enabled2_15_0_, user0_.password as password3_15_0_, user0_.role as role4_15_0_ from Users user0_ where user0_.username=?
08:28:51.456 [main] DEBUG o.h.l.p.e.p.i.ResultSetProcessorImpl - Starting ResultSet row #0
08:28:51.456 [main] DEBUG o.h.l.p.e.p.i.EntityReferenceInitializerImpl - On call to EntityIdentifierReaderImpl#resolve, EntityKey was already known; should only happen on root returns with an optional identifier specified
08:28:51.457 [main] DEBUG o.h.engine.internal.TwoPhaseLoad - Resolving associations for [edu.ncsu.csc.itrust2.models.persistent.User#antti]
08:28:51.457 [main] DEBUG o.h.engine.internal.TwoPhaseLoad - Done materializing entity [edu.ncsu.csc.itrust2.models.persistent.User#antti]
08:28:51.468 [main] DEBUG o.h.r.j.i.ResourceRegistryStandardImpl - HHH000387: ResultSet's statement was not registered
08:28:51.468 [main] DEBUG o.h.l.e.p.AbstractLoadPlanBasedEntityLoader - Done entity load : edu.ncsu.csc.itrust2.models.persistent.User#antti
08:28:51.469 [main] DEBUG org.hibernate.loader.Loader - Result row: null, null, EntityKey[edu.ncsu.csc.itrust2.models.persistent.Patient#component[self]{self=edu.ncsu.csc.itrust2.models.persistent.User#antti}]
08:28:51.469 [main] DEBUG o.h.engine.internal.TwoPhaseLoad - Resolving associations for [edu.ncsu.csc.itrust2.models.persistent.Patient#component[self]{self=edu.ncsu.csc.itrust2.models.persistent.User#antti}]
08:28:51.470 [main] DEBUG o.h.engine.internal.TwoPhaseLoad - Done materializing entity [edu.ncsu.csc.itrust2.models.persistent.Patient#component[self]{self=edu.ncsu.csc.itrust2.models.persistent.User#antti}]
08:28:51.470 [main] DEBUG o.h.e.t.internal.TransactionImpl - committing
08:28:51.479 [main] DEBUG o.h.e.i.AbstractFlushingEventListener - Processing flush-time cascades
08:28:51.480 [main] DEBUG o.h.e.i.AbstractFlushingEventListener - Dirty checking collections
08:28:51.481 [main] DEBUG o.h.e.i.AbstractFlushingEventListener - Flushed: 0 insertions, 0 updates, 0 deletions to 2 objects
08:28:51.481 [main] DEBUG o.h.e.i.AbstractFlushingEventListener - Flushed: 0 (re)creations, 0 updates, 0 removals to 0 collections
08:28:51.481 [main] DEBUG o.h.internal.util.EntityPrinter - Listing entities:
08:28:51.481 [main] DEBUG o.h.internal.util.EntityPrinter - edu.ncsu.csc.itrust2.models.persistent.User{password=$2a$10$a7p1113JVP4rkrBspgCjD..INViJ4SzdHHDEpzqyCOcWPJIHdG/oi, role=ROLE_PATIENT, enabled=1, username=antti}
08:28:51.481 [main] DEBUG o.h.internal.util.EntityPrinter - edu.ncsu.csc.itrust2.models.persistent.Patient{zip=27514, lastName=Walhelm, ethnicity=Caucasian, gender=Male, address2=Some Location, city=Viipuri, dateOfDeath=null, address1=1 Test Street, father=null, dateOfBirth=java.util.GregorianCalendar[time=235195200000,areFieldsSet=true,areAllFieldsSet=true,lenient=true,zone=sun.util.calendar.ZoneInfo[id="America/New_York",offset=-18000000,dstSavings=3600000,useDaylight=true,transitions=235,lastRule=java.util.SimpleTimeZone[id=America/New_York,offset=-18000000,dstSavings=3600000,useDaylight=true,startYear=0,startMode=3,startMonth=2,startDay=8,startDayOfWeek=1,startTime=7200000,startTimeMode=0,endMode=3,endMonth=10,endDay=1,endDayOfWeek=1,endTime=7200000,endTimeMode=0]],firstDayOfWeek=1,minimalDaysInFirstWeek=1,ERA=1,YEAR=1977,MONTH=5,WEEK_OF_YEAR=25,WEEK_OF_MONTH=3,DAY_OF_MONTH=15,DAY_OF_YEAR=166,DAY_OF_WEEK=4,DAY_OF_WEEK_IN_MONTH=3,AM_PM=0,HOUR=0,HOUR_OF_DAY=0,MINUTE=0,SECOND=0,MILLISECOND=0,ZONE_OFFSET=-18000000,DST_OFFSET=3600000], bloodType=APos, firstName=Antti, mother=null, phone=123-456-7890, id=null, preferredName=null, state=NC, causeOfDeath=null, email=antti@itrust.fi}
08:28:51.484 [main] DEBUG o.s.t.w.s.TestDispatcherServlet - DispatcherServlet with name '' processing POST request for [/api/v1/patients]
08:28:51.484 [main] DEBUG o.s.w.s.m.m.a.RequestMappingHandlerMapping - Looking up handler method for path /api/v1/patients
08:28:51.486 [main] DEBUG o.s.w.s.m.m.a.RequestMappingHandlerMapping - Returning handler method [public org.springframework.http.ResponseEntity edu.ncsu.csc.itrust2.controllers.api.APIPatientController.createPatient(edu.ncsu.csc.itrust2.forms.hcp_patient.PatientForm)]
08:28:51.489 [main] DEBUG o.s.b.f.s.DefaultListableBeanFactory - Returning cached instance of singleton bean 'APIPatientController'
08:28:51.489 [main] DEBUG o.s.w.s.m.m.a.RequestResponseBodyMethodProcessor - Read [class edu.ncsu.csc.itrust2.forms.hcp_patient.PatientForm] as "application/json" with [org.springframework.http.converter.json.GsonHttpMessageConverter@5dd5be49]
08:28:51.490 [main] DEBUG o.h.e.t.internal.TransactionImpl - begin
08:28:51.499 [main] DEBUG org.hibernate.SQL - select this_.username as username1_15_0_, this_.enabled as enabled2_15_0_, this_.password as password3_15_0_, this_.role as role4_15_0_ from Users this_ where this_.username=? and this_.role=?
Hibernate: select this_.username as username1_15_0_, this_.enabled as enabled2_15_0_, this_.password as password3_15_0_, this_.role as role4_15_0_ from Users this_ where this_.username=? and this_.role=?
08:28:51.502 [main] DEBUG org.hibernate.loader.Loader - Result set row: 0
08:28:51.502 [main] DEBUG org.hibernate.loader.Loader - Result row: EntityKey[edu.ncsu.csc.itrust2.models.persistent.User#antti]
08:28:51.504 [main] DEBUG o.h.engine.internal.TwoPhaseLoad - Resolving associations for [edu.ncsu.csc.itrust2.models.persistent.User#antti]
08:28:51.504 [main] DEBUG o.h.engine.internal.TwoPhaseLoad - Done materializing entity [edu.ncsu.csc.itrust2.models.persistent.User#antti]
08:28:51.510 [main] DEBUG o.h.e.t.internal.TransactionImpl - committing
08:28:51.510 [main] DEBUG o.h.e.i.AbstractFlushingEventListener - Processing flush-time cascades
08:28:51.510 [main] DEBUG o.h.e.i.AbstractFlushingEventListener - Dirty checking collections
08:28:51.510 [main] DEBUG o.h.e.i.AbstractFlushingEventListener - Flushed: 0 insertions, 0 updates, 0 deletions to 1 objects
08:28:51.510 [main] DEBUG o.h.e.i.AbstractFlushingEventListener - Flushed: 0 (re)creations, 0 updates, 0 removals to 0 collections
08:28:51.510 [main] DEBUG o.h.internal.util.EntityPrinter - Listing entities:
08:28:51.511 [main] DEBUG o.h.internal.util.EntityPrinter - edu.ncsu.csc.itrust2.models.persistent.User{password=$2a$10$a7p1113JVP4rkrBspgCjD..INViJ4SzdHHDEpzqyCOcWPJIHdG/oi, role=ROLE_PATIENT, enabled=1, username=antti}
08:28:51.511 [main] DEBUG o.h.e.t.internal.TransactionImpl - begin
08:28:51.519 [main] DEBUG org.hibernate.SQL - select this_.username as username1_15_0_, this_.enabled as enabled2_15_0_, this_.password as password3_15_0_, this_.role as role4_15_0_ from Users this_ where this_.username=? and this_.role=?
Hibernate: select this_.username as username1_15_0_, this_.enabled as enabled2_15_0_, this_.password as password3_15_0_, this_.role as role4_15_0_ from Users this_ where this_.username=? and this_.role=?
08:28:51.520 [main] DEBUG o.h.e.t.internal.TransactionImpl - committing
08:28:51.521 [main] DEBUG o.h.e.t.internal.TransactionImpl - begin
08:28:51.528 [main] DEBUG org.hibernate.SQL - select this_.username as username1_15_0_, this_.enabled as enabled2_15_0_, this_.password as password3_15_0_, this_.role as role4_15_0_ from Users this_ where this_.username=? and this_.role=?
Hibernate: select this_.username as username1_15_0_, this_.enabled as enabled2_15_0_, this_.password as password3_15_0_, this_.role as role4_15_0_ from Users this_ where this_.username=? and this_.role=?
08:28:51.529 [main] DEBUG o.h.e.t.internal.TransactionImpl - committing
08:28:51.530 [main] DEBUG o.h.e.t.internal.TransactionImpl - begin
08:28:51.532 [main] DEBUG org.hibernate.SQL - select this_.username as username1_15_0_, this_.enabled as enabled2_15_0_, this_.password as password3_15_0_, this_.role as role4_15_0_ from Users this_ where this_.username=? and this_.role=?
Hibernate: select this_.username as username1_15_0_, this_.enabled as enabled2_15_0_, this_.password as password3_15_0_, this_.role as role4_15_0_ from Users this_ where this_.username=? and this_.role=?
08:28:51.534 [main] DEBUG org.hibernate.loader.Loader - Result set row: 0
08:28:51.534 [main] DEBUG org.hibernate.loader.Loader - Result row: EntityKey[edu.ncsu.csc.itrust2.models.persistent.User#antti]
08:28:51.534 [main] DEBUG o.h.engine.internal.TwoPhaseLoad - Resolving associations for [edu.ncsu.csc.itrust2.models.persistent.User#antti]
08:28:51.534 [main] DEBUG o.h.engine.internal.TwoPhaseLoad - Done materializing entity [edu.ncsu.csc.itrust2.models.persistent.User#antti]
08:28:51.535 [main] DEBUG o.h.e.t.internal.TransactionImpl - committing
08:28:51.535 [main] DEBUG o.h.e.i.AbstractFlushingEventListener - Processing flush-time cascades
08:28:51.535 [main] DEBUG o.h.e.i.AbstractFlushingEventListener - Dirty checking collections
08:28:51.535 [main] DEBUG o.h.e.i.AbstractFlushingEventListener - Flushed: 0 insertions, 0 updates, 0 deletions to 1 objects
08:28:51.535 [main] DEBUG o.h.e.i.AbstractFlushingEventListener - Flushed: 0 (re)creations, 0 updates, 0 removals to 0 collections
08:28:51.535 [main] DEBUG o.h.internal.util.EntityPrinter - Listing entities:
08:28:51.535 [main] DEBUG o.h.internal.util.EntityPrinter - edu.ncsu.csc.itrust2.models.persistent.User{password=$2a$10$a7p1113JVP4rkrBspgCjD..INViJ4SzdHHDEpzqyCOcWPJIHdG/oi, role=ROLE_PATIENT, enabled=1, username=antti}
08:28:51.546 [main] DEBUG o.h.e.t.internal.TransactionImpl - begin
08:28:51.547 [main] DEBUG org.hibernate.SQL - select this_.self_id as self_id18_12_2_, this_.address1 as address1_12_2_, this_.address2 as address2_12_2_, this_.bloodType as bloodTyp3_12_2_, this_.causeOfDeath as causeOfD4_12_2_, this_.city as city5_12_2_, this_.dateOfBirth as dateOfBi6_12_2_, this_.dateOfDeath as dateOfDe7_12_2_, this_.email as email8_12_2_, this_.ethnicity as ethnicit9_12_2_, this_.father_id as father_19_12_2_, this_.firstName as firstNa10_12_2_, this_.gender as gender11_12_2_, this_.id as id12_12_2_, this_.lastName as lastNam13_12_2_, this_.mother_id as mother_20_12_2_, this_.phone as phone14_12_2_, this_.preferredName as preferr15_12_2_, this_.state as state16_12_2_, this_.zip as zip17_12_2_, user2_.username as username1_15_0_, user2_.enabled as enabled2_15_0_, user2_.password as password3_15_0_, user2_.role as role4_15_0_, user3_.username as username1_15_1_, user3_.enabled as enabled2_15_1_, user3_.password as password3_15_1_, user3_.role as role4_15_1_ from Patients this_ left outer join Users user2_ on this_.father_id=user2_.username left outer join Users user3_ on this_.mother_id=user3_.username where this_.self_id=?
Hibernate: select this_.self_id as self_id18_12_2_, this_.address1 as address1_12_2_, this_.address2 as address2_12_2_, this_.bloodType as bloodTyp3_12_2_, this_.causeOfDeath as causeOfD4_12_2_, this_.city as city5_12_2_, this_.dateOfBirth as dateOfBi6_12_2_, this_.dateOfDeath as dateOfDe7_12_2_, this_.email as email8_12_2_, this_.ethnicity as ethnicit9_12_2_, this_.father_id as father_19_12_2_, this_.firstName as firstNa10_12_2_, this_.gender as gender11_12_2_, this_.id as id12_12_2_, this_.lastName as lastNam13_12_2_, this_.mother_id as mother_20_12_2_, this_.phone as phone14_12_2_, this_.preferredName as preferr15_12_2_, this_.state as state16_12_2_, this_.zip as zip17_12_2_, user2_.username as username1_15_0_, user2_.enabled as enabled2_15_0_, user2_.password as password3_15_0_, user2_.role as role4_15_0_, user3_.username as username1_15_1_, user3_.enabled as enabled2_15_1_, user3_.password as password3_15_1_, user3_.role as role4_15_1_ from Patients this_ left outer join Users user2_ on this_.father_id=user2_.username left outer join Users user3_ on this_.mother_id=user3_.username where this_.self_id=?
08:28:51.548 [main] DEBUG org.hibernate.loader.Loader - Result set row: 0
08:28:51.549 [main] DEBUG org.hibernate.SQL - select user0_.username as username1_15_0_, user0_.enabled as enabled2_15_0_, user0_.password as password3_15_0_, user0_.role as role4_15_0_ from Users user0_ where user0_.username=?
Hibernate: select user0_.username as username1_15_0_, user0_.enabled as enabled2_15_0_, user0_.password as password3_15_0_, user0_.role as role4_15_0_ from Users user0_ where user0_.username=?
08:28:51.549 [main] DEBUG o.h.l.p.e.p.i.ResultSetProcessorImpl - Starting ResultSet row #0
08:28:51.549 [main] DEBUG o.h.l.p.e.p.i.EntityReferenceInitializerImpl - On call to EntityIdentifierReaderImpl#resolve, EntityKey was already known; should only happen on root returns with an optional identifier specified
08:28:51.550 [main] DEBUG o.h.engine.internal.TwoPhaseLoad - Resolving associations for [edu.ncsu.csc.itrust2.models.persistent.User#antti]
08:28:51.550 [main] DEBUG o.h.engine.internal.TwoPhaseLoad - Done materializing entity [edu.ncsu.csc.itrust2.models.persistent.User#antti]
08:28:51.550 [main] DEBUG o.h.r.j.i.ResourceRegistryStandardImpl - HHH000387: ResultSet's statement was not registered
08:28:51.550 [main] DEBUG o.h.l.e.p.AbstractLoadPlanBasedEntityLoader - Done entity load : edu.ncsu.csc.itrust2.models.persistent.User#antti
08:28:51.550 [main] DEBUG org.hibernate.loader.Loader - Result row: null, null, EntityKey[edu.ncsu.csc.itrust2.models.persistent.Patient#component[self]{self=edu.ncsu.csc.itrust2.models.persistent.User#antti}]
08:28:51.551 [main] DEBUG o.h.engine.internal.TwoPhaseLoad - Resolving associations for [edu.ncsu.csc.itrust2.models.persistent.Patient#component[self]{self=edu.ncsu.csc.itrust2.models.persistent.User#antti}]
08:28:51.552 [main] DEBUG o.h.engine.internal.TwoPhaseLoad - Done materializing entity [edu.ncsu.csc.itrust2.models.persistent.Patient#component[self]{self=edu.ncsu.csc.itrust2.models.persistent.User#antti}]
08:28:51.552 [main] DEBUG o.h.e.t.internal.TransactionImpl - committing
08:28:51.552 [main] DEBUG o.h.e.i.AbstractFlushingEventListener - Processing flush-time cascades
08:28:51.552 [main] DEBUG o.h.e.i.AbstractFlushingEventListener - Dirty checking collections
08:28:51.552 [main] DEBUG o.h.e.i.AbstractFlushingEventListener - Flushed: 0 insertions, 0 updates, 0 deletions to 2 objects
08:28:51.553 [main] DEBUG o.h.e.i.AbstractFlushingEventListener - Flushed: 0 (re)creations, 0 updates, 0 removals to 0 collections
08:28:51.553 [main] DEBUG o.h.internal.util.EntityPrinter - Listing entities:
08:28:51.553 [main] DEBUG o.h.internal.util.EntityPrinter - edu.ncsu.csc.itrust2.models.persistent.User{password=$2a$10$a7p1113JVP4rkrBspgCjD..INViJ4SzdHHDEpzqyCOcWPJIHdG/oi, role=ROLE_PATIENT, enabled=1, username=antti}
08:28:51.562 [main] DEBUG o.h.internal.util.EntityPrinter - edu.ncsu.csc.itrust2.models.persistent.Patient{zip=27514, lastName=Walhelm, ethnicity=Caucasian, gender=Male, address2=Some Location, city=Viipuri, dateOfDeath=null, address1=1 Test Street, father=null, dateOfBirth=java.util.GregorianCalendar[time=235195200000,areFieldsSet=true,areAllFieldsSet=true,lenient=true,zone=sun.util.calendar.ZoneInfo[id="America/New_York",offset=-18000000,dstSavings=3600000,useDaylight=true,transitions=235,lastRule=java.util.SimpleTimeZone[id=America/New_York,offset=-18000000,dstSavings=3600000,useDaylight=true,startYear=0,startMode=3,startMonth=2,startDay=8,startDayOfWeek=1,startTime=7200000,startTimeMode=0,endMode=3,endMonth=10,endDay=1,endDayOfWeek=1,endTime=7200000,endTimeMode=0]],firstDayOfWeek=1,minimalDaysInFirstWeek=1,ERA=1,YEAR=1977,MONTH=5,WEEK_OF_YEAR=25,WEEK_OF_MONTH=3,DAY_OF_MONTH=15,DAY_OF_YEAR=166,DAY_OF_WEEK=4,DAY_OF_WEEK_IN_MONTH=3,AM_PM=0,HOUR=0,HOUR_OF_DAY=0,MINUTE=0,SECOND=0,MILLISECOND=0,ZONE_OFFSET=-18000000,DST_OFFSET=3600000], bloodType=APos, firstName=Antti, mother=null, phone=123-456-7890, id=null, preferredName=null, state=NC, causeOfDeath=null, email=antti@itrust.fi}
08:28:51.564 [main] DEBUG o.s.w.s.m.m.a.HttpEntityMethodProcessor - Written [{"status":"failed","message":"Patient with the id antti already exists"}] as "text/plain" using [org.springframework.http.converter.StringHttpMessageConverter@7150f3ad]
08:28:51.565 [main] DEBUG o.s.t.w.s.TestDispatcherServlet - Null ModelAndView returned to DispatcherServlet with name '': assuming HandlerAdapter completed request handling
08:28:51.565 [main] DEBUG o.s.t.w.s.TestDispatcherServlet - Successfully completed request
08:28:51.565 [main] DEBUG o.h.e.t.internal.TransactionImpl - begin
08:28:51.566 [main] DEBUG org.hibernate.SQL - select this_.username as username1_15_0_, this_.enabled as enabled2_15_0_, this_.password as password3_15_0_, this_.role as role4_15_0_ from Users this_ where this_.username=? and this_.role=?
Hibernate: select this_.username as username1_15_0_, this_.enabled as enabled2_15_0_, this_.password as password3_15_0_, this_.role as role4_15_0_ from Users this_ where this_.username=? and this_.role=?
08:28:51.567 [main] DEBUG org.hibernate.loader.Loader - Result set row: 0
08:28:51.567 [main] DEBUG org.hibernate.loader.Loader - Result row: EntityKey[edu.ncsu.csc.itrust2.models.persistent.User#antti]
08:28:51.567 [main] DEBUG o.h.engine.internal.TwoPhaseLoad - Resolving associations for [edu.ncsu.csc.itrust2.models.persistent.User#antti]
08:28:51.567 [main] DEBUG o.h.engine.internal.TwoPhaseLoad - Done materializing entity [edu.ncsu.csc.itrust2.models.persistent.User#antti]
08:28:51.567 [main] DEBUG o.h.e.t.internal.TransactionImpl - committing
08:28:51.568 [main] DEBUG o.h.e.i.AbstractFlushingEventListener - Processing flush-time cascades
08:28:51.568 [main] DEBUG o.h.e.i.AbstractFlushingEventListener - Dirty checking collections
08:28:51.568 [main] DEBUG o.h.e.i.AbstractFlushingEventListener - Flushed: 0 insertions, 0 updates, 0 deletions to 1 objects
08:28:51.568 [main] DEBUG o.h.e.i.AbstractFlushingEventListener - Flushed: 0 (re)creations, 0 updates, 0 removals to 0 collections
08:28:51.568 [main] DEBUG o.h.internal.util.EntityPrinter - Listing entities:
08:28:51.568 [main] DEBUG o.h.internal.util.EntityPrinter - edu.ncsu.csc.itrust2.models.persistent.User{password=$2a$10$a7p1113JVP4rkrBspgCjD..INViJ4SzdHHDEpzqyCOcWPJIHdG/oi, role=ROLE_PATIENT, enabled=1, username=antti}
08:28:51.574 [main] DEBUG o.h.e.t.internal.TransactionImpl - begin
08:28:51.575 [main] DEBUG org.hibernate.SQL - select this_.username as username1_15_0_, this_.enabled as enabled2_15_0_, this_.password as password3_15_0_, this_.role as role4_15_0_ from Users this_ where this_.username=? and this_.role=?
Hibernate: select this_.username as username1_15_0_, this_.enabled as enabled2_15_0_, this_.password as password3_15_0_, this_.role as role4_15_0_ from Users this_ where this_.username=? and this_.role=?
08:28:51.576 [main] DEBUG org.hibernate.loader.Loader - Result set row: 0
08:28:51.582 [main] DEBUG org.hibernate.loader.Loader - Result row: EntityKey[edu.ncsu.csc.itrust2.models.persistent.User#hcp]
08:28:51.582 [main] DEBUG o.h.engine.internal.TwoPhaseLoad - Resolving associations for [edu.ncsu.csc.itrust2.models.persistent.User#hcp]
08:28:51.582 [main] DEBUG o.h.engine.internal.TwoPhaseLoad - Done materializing entity [edu.ncsu.csc.itrust2.models.persistent.User#hcp]
08:28:51.583 [main] DEBUG o.h.e.t.internal.TransactionImpl - committing
08:28:51.584 [main] DEBUG o.h.e.i.AbstractFlushingEventListener - Processing flush-time cascades
08:28:51.584 [main] DEBUG o.h.e.i.AbstractFlushingEventListener - Dirty checking collections
08:28:51.584 [main] DEBUG o.h.e.i.AbstractFlushingEventListener - Flushed: 0 insertions, 0 updates, 0 deletions to 1 objects
08:28:51.584 [main] DEBUG o.h.e.i.AbstractFlushingEventListener - Flushed: 0 (re)creations, 0 updates, 0 removals to 0 collections
08:28:51.584 [main] DEBUG o.h.internal.util.EntityPrinter - Listing entities:
08:28:51.584 [main] DEBUG o.h.internal.util.EntityPrinter - edu.ncsu.csc.itrust2.models.persistent.User{password=$2a$10$EblZqNptyYvcLm/VwDCVAuBjzZOI7khzdyGPBr08PpIi0na624b8., role=ROLE_HCP, enabled=1, username=hcp}
08:28:51.585 [main] DEBUG o.h.e.t.internal.TransactionImpl - begin
08:28:51.586 [main] DEBUG org.hibernate.SQL - select this_.name as name1_4_0_, this_.address as address2_4_0_, this_.state as state3_4_0_, this_.zip as zip4_4_0_ from Hospitals this_ where this_.name=?
Hibernate: select this_.name as name1_4_0_, this_.address as address2_4_0_, this_.state as state3_4_0_, this_.zip as zip4_4_0_ from Hospitals this_ where this_.name=?
08:28:51.587 [main] DEBUG org.hibernate.loader.Loader - Result set row: 0
08:28:51.587 [main] DEBUG org.hibernate.loader.Loader - Result row: EntityKey[edu.ncsu.csc.itrust2.models.persistent.Hospital#iTrust Test Hospital 2]
08:28:51.587 [main] DEBUG o.h.engine.internal.TwoPhaseLoad - Resolving associations for [edu.ncsu.csc.itrust2.models.persistent.Hospital#iTrust Test Hospital 2]
08:28:51.588 [main] DEBUG o.h.engine.internal.TwoPhaseLoad - Done materializing entity [edu.ncsu.csc.itrust2.models.persistent.Hospital#iTrust Test Hospital 2]
08:28:51.598 [main] DEBUG o.h.e.t.internal.TransactionImpl - committing
08:28:51.604 [main] DEBUG o.h.e.i.AbstractFlushingEventListener - Processing flush-time cascades
08:28:51.604 [main] DEBUG o.h.e.i.AbstractFlushingEventListener - Dirty checking collections
08:28:51.604 [main] DEBUG o.h.e.i.AbstractFlushingEventListener - Flushed: 0 insertions, 0 updates, 0 deletions to 1 objects
08:28:51.604 [main] DEBUG o.h.e.i.AbstractFlushingEventListener - Flushed: 0 (re)creations, 0 updates, 0 removals to 0 collections
08:28:51.604 [main] DEBUG o.h.internal.util.EntityPrinter - Listing entities:
08:28:51.604 [main] DEBUG o.h.internal.util.EntityPrinter - edu.ncsu.csc.itrust2.models.persistent.Hospital{zip=27607, address=1 iTrust Test Street, name=iTrust Test Hospital 2, state=NC}
08:28:51.605 [main] DEBUG o.h.e.t.internal.TransactionImpl - begin
08:28:51.606 [main] DEBUG org.hibernate.SQL - select this_.username as username1_15_0_, this_.enabled as enabled2_15_0_, this_.password as password3_15_0_, this_.role as role4_15_0_ from Users this_ where this_.username=? and this_.role=?
Hibernate: select this_.username as username1_15_0_, this_.enabled as enabled2_15_0_, this_.password as password3_15_0_, this_.role as role4_15_0_ from Users this_ where this_.username=? and this_.role=?
08:28:51.607 [main] DEBUG org.hibernate.loader.Loader - Result set row: 0
08:28:51.607 [main] DEBUG org.hibernate.loader.Loader - Result row: EntityKey[edu.ncsu.csc.itrust2.models.persistent.User#antti]
08:28:51.607 [main] DEBUG o.h.engine.internal.TwoPhaseLoad - Resolving associations for [edu.ncsu.csc.itrust2.models.persistent.User#antti]
08:28:51.608 [main] DEBUG o.h.engine.internal.TwoPhaseLoad - Done materializing entity [edu.ncsu.csc.itrust2.models.persistent.User#antti]
08:28:51.608 [main] DEBUG o.h.e.t.internal.TransactionImpl - committing
08:28:51.612 [main] DEBUG o.h.e.i.AbstractFlushingEventListener - Processing flush-time cascades
08:28:51.612 [main] DEBUG o.h.e.i.AbstractFlushingEventListener - Dirty checking collections
08:28:51.618 [main] DEBUG o.h.e.i.AbstractFlushingEventListener - Flushed: 0 insertions, 0 updates, 0 deletions to 1 objects
08:28:51.618 [main] DEBUG o.h.e.i.AbstractFlushingEventListener - Flushed: 0 (re)creations, 0 updates, 0 removals to 0 collections
08:28:51.618 [main] DEBUG o.h.internal.util.EntityPrinter - Listing entities:
08:28:51.619 [main] DEBUG o.h.internal.util.EntityPrinter - edu.ncsu.csc.itrust2.models.persistent.User{password=$2a$10$a7p1113JVP4rkrBspgCjD..INViJ4SzdHHDEpzqyCOcWPJIHdG/oi, role=ROLE_PATIENT, enabled=1, username=antti}
08:28:51.619 [main] DEBUG o.h.e.t.internal.TransactionImpl - begin
08:28:51.627 [main] DEBUG org.hibernate.SQL - select this_.username as username1_15_0_, this_.enabled as enabled2_15_0_, this_.password as password3_15_0_, this_.role as role4_15_0_ from Users this_ where this_.username=? and this_.role=?
Hibernate: select this_.username as username1_15_0_, this_.enabled as enabled2_15_0_, this_.password as password3_15_0_, this_.role as role4_15_0_ from Users this_ where this_.username=? and this_.role=?
08:28:51.630 [main] DEBUG org.hibernate.loader.Loader - Result set row: 0
08:28:51.630 [main] DEBUG org.hibernate.loader.Loader - Result row: EntityKey[edu.ncsu.csc.itrust2.models.persistent.User#hcp]
08:28:51.631 [main] DEBUG o.h.engine.internal.TwoPhaseLoad - Resolving associations for [edu.ncsu.csc.itrust2.models.persistent.User#hcp]
08:28:51.631 [main] DEBUG o.h.engine.internal.TwoPhaseLoad - Done materializing entity [edu.ncsu.csc.itrust2.models.persistent.User#hcp]
08:28:51.631 [main] DEBUG o.h.e.t.internal.TransactionImpl - committing
08:28:51.631 [main] DEBUG o.h.e.i.AbstractFlushingEventListener - Processing flush-time cascades
08:28:51.631 [main] DEBUG o.h.e.i.AbstractFlushingEventListener - Dirty checking collections
08:28:51.631 [main] DEBUG o.h.e.i.AbstractFlushingEventListener - Flushed: 0 insertions, 0 updates, 0 deletions to 1 objects
08:28:51.632 [main] DEBUG o.h.e.i.AbstractFlushingEventListener - Flushed: 0 (re)creations, 0 updates, 0 removals to 0 collections
08:28:51.632 [main] DEBUG o.h.internal.util.EntityPrinter - Listing entities:
08:28:51.632 [main] DEBUG o.h.internal.util.EntityPrinter - edu.ncsu.csc.itrust2.models.persistent.User{password=$2a$10$EblZqNptyYvcLm/VwDCVAuBjzZOI7khzdyGPBr08PpIi0na624b8., role=ROLE_HCP, enabled=1, username=hcp}
08:28:51.633 [main] DEBUG o.h.e.t.internal.TransactionImpl - begin
08:28:51.633 [main] DEBUG org.hibernate.SQL - select this_.username as username1_15_0_, this_.enabled as enabled2_15_0_, this_.password as password3_15_0_, this_.role as role4_15_0_ from Users this_ where this_.username=? and this_.role=?
Hibernate: select this_.username as username1_15_0_, this_.enabled as enabled2_15_0_, this_.password as password3_15_0_, this_.role as role4_15_0_ from Users this_ where this_.username=? and this_.role=?
08:28:51.643 [main] DEBUG org.hibernate.loader.Loader - Result set row: 0
08:28:51.643 [main] DEBUG org.hibernate.loader.Loader - Result row: EntityKey[edu.ncsu.csc.itrust2.models.persistent.User#antti]
08:28:51.643 [main] DEBUG o.h.engine.internal.TwoPhaseLoad - Resolving associations for [edu.ncsu.csc.itrust2.models.persistent.User#antti]
08:28:51.643 [main] DEBUG o.h.engine.internal.TwoPhaseLoad - Done materializing entity [edu.ncsu.csc.itrust2.models.persistent.User#antti]
08:28:51.644 [main] DEBUG o.h.e.t.internal.TransactionImpl - committing
08:28:51.644 [main] DEBUG o.h.e.i.AbstractFlushingEventListener - Processing flush-time cascades
08:28:51.644 [main] DEBUG o.h.e.i.AbstractFlushingEventListener - Dirty checking collections
08:28:51.644 [main] DEBUG o.h.e.i.AbstractFlushingEventListener - Flushed: 0 insertions, 0 updates, 0 deletions to 1 objects
08:28:51.644 [main] DEBUG o.h.e.i.AbstractFlushingEventListener - Flushed: 0 (re)creations, 0 updates, 0 removals to 0 collections
08:28:51.644 [main] DEBUG o.h.internal.util.EntityPrinter - Listing entities:
08:28:51.644 [main] DEBUG o.h.internal.util.EntityPrinter - edu.ncsu.csc.itrust2.models.persistent.User{password=$2a$10$a7p1113JVP4rkrBspgCjD..INViJ4SzdHHDEpzqyCOcWPJIHdG/oi, role=ROLE_PATIENT, enabled=1, username=antti}
08:28:51.645 [main] DEBUG o.h.e.t.internal.TransactionImpl - begin
08:28:51.647 [main] DEBUG org.hibernate.SQL - select this_.self_id as self_id18_12_2_, this_.address1 as address1_12_2_, this_.address2 as address2_12_2_, this_.bloodType as bloodTyp3_12_2_, this_.causeOfDeath as causeOfD4_12_2_, this_.city as city5_12_2_, this_.dateOfBirth as dateOfBi6_12_2_, this_.dateOfDeath as dateOfDe7_12_2_, this_.email as email8_12_2_, this_.ethnicity as ethnicit9_12_2_, this_.father_id as father_19_12_2_, this_.firstName as firstNa10_12_2_, this_.gender as gender11_12_2_, this_.id as id12_12_2_, this_.lastName as lastNam13_12_2_, this_.mother_id as mother_20_12_2_, this_.phone as phone14_12_2_, this_.preferredName as preferr15_12_2_, this_.state as state16_12_2_, this_.zip as zip17_12_2_, user2_.username as username1_15_0_, user2_.enabled as enabled2_15_0_, user2_.password as password3_15_0_, user2_.role as role4_15_0_, user3_.username as username1_15_1_, user3_.enabled as enabled2_15_1_, user3_.password as password3_15_1_, user3_.role as role4_15_1_ from Patients this_ left outer join Users user2_ on this_.father_id=user2_.username left outer join Users user3_ on this_.mother_id=user3_.username where this_.self_id=?
Hibernate: select this_.self_id as self_id18_12_2_, this_.address1 as address1_12_2_, this_.address2 as address2_12_2_, this_.bloodType as bloodTyp3_12_2_, this_.causeOfDeath as causeOfD4_12_2_, this_.city as city5_12_2_, this_.dateOfBirth as dateOfBi6_12_2_, this_.dateOfDeath as dateOfDe7_12_2_, this_.email as email8_12_2_, this_.ethnicity as ethnicit9_12_2_, this_.father_id as father_19_12_2_, this_.firstName as firstNa10_12_2_, this_.gender as gender11_12_2_, this_.id as id12_12_2_, this_.lastName as lastNam13_12_2_, this_.mother_id as mother_20_12_2_, this_.phone as phone14_12_2_, this_.preferredName as preferr15_12_2_, this_.state as state16_12_2_, this_.zip as zip17_12_2_, user2_.username as username1_15_0_, user2_.enabled as enabled2_15_0_, user2_.password as password3_15_0_, user2_.role as role4_15_0_, user3_.username as username1_15_1_, user3_.enabled as enabled2_15_1_, user3_.password as password3_15_1_, user3_.role as role4_15_1_ from Patients this_ left outer join Users user2_ on this_.father_id=user2_.username left outer join Users user3_ on this_.mother_id=user3_.username where this_.self_id=?
08:28:51.648 [main] DEBUG org.hibernate.loader.Loader - Result set row: 0
08:28:51.658 [main] DEBUG org.hibernate.SQL - select user0_.username as username1_15_0_, user0_.enabled as enabled2_15_0_, user0_.password as password3_15_0_, user0_.role as role4_15_0_ from Users user0_ where user0_.username=?
Hibernate: select user0_.username as username1_15_0_, user0_.enabled as enabled2_15_0_, user0_.password as password3_15_0_, user0_.role as role4_15_0_ from Users user0_ where user0_.username=?
08:28:51.659 [main] DEBUG o.h.l.p.e.p.i.ResultSetProcessorImpl - Starting ResultSet row #0
08:28:51.659 [main] DEBUG o.h.l.p.e.p.i.EntityReferenceInitializerImpl - On call to EntityIdentifierReaderImpl#resolve, EntityKey was already known; should only happen on root returns with an optional identifier specified
08:28:51.660 [main] DEBUG o.h.engine.internal.TwoPhaseLoad - Resolving associations for [edu.ncsu.csc.itrust2.models.persistent.User#antti]
08:28:51.660 [main] DEBUG o.h.engine.internal.TwoPhaseLoad - Done materializing entity [edu.ncsu.csc.itrust2.models.persistent.User#antti]
08:28:51.662 [main] DEBUG o.h.r.j.i.ResourceRegistryStandardImpl - HHH000387: ResultSet's statement was not registered
08:28:51.662 [main] DEBUG o.h.l.e.p.AbstractLoadPlanBasedEntityLoader - Done entity load : edu.ncsu.csc.itrust2.models.persistent.User#antti
08:28:51.662 [main] DEBUG org.hibernate.loader.Loader - Result row: null, null, EntityKey[edu.ncsu.csc.itrust2.models.persistent.Patient#component[self]{self=edu.ncsu.csc.itrust2.models.persistent.User#antti}]
08:28:51.664 [main] DEBUG o.h.engine.internal.TwoPhaseLoad - Resolving associations for [edu.ncsu.csc.itrust2.models.persistent.Patient#component[self]{self=edu.ncsu.csc.itrust2.models.persistent.User#antti}]
08:28:51.664 [main] DEBUG o.h.engine.internal.TwoPhaseLoad - Done materializing entity [edu.ncsu.csc.itrust2.models.persistent.Patient#component[self]{self=edu.ncsu.csc.itrust2.models.persistent.User#antti}]
08:28:51.665 [main] DEBUG o.h.e.t.internal.TransactionImpl - committing
08:28:51.665 [main] DEBUG o.h.e.i.AbstractFlushingEventListener - Processing flush-time cascades
08:28:51.665 [main] DEBUG o.h.e.i.AbstractFlushingEventListener - Dirty checking collections
08:28:51.666 [main] DEBUG o.h.e.i.AbstractFlushingEventListener - Flushed: 0 insertions, 0 updates, 0 deletions to 2 objects
08:28:51.666 [main] DEBUG o.h.e.i.AbstractFlushingEventListener - Flushed: 0 (re)creations, 0 updates, 0 removals to 0 collections
08:28:51.666 [main] DEBUG o.h.internal.util.EntityPrinter - Listing entities:
08:28:51.666 [main] DEBUG o.h.internal.util.EntityPrinter - edu.ncsu.csc.itrust2.models.persistent.User{password=$2a$10$a7p1113JVP4rkrBspgCjD..INViJ4SzdHHDEpzqyCOcWPJIHdG/oi, role=ROLE_PATIENT, enabled=1, username=antti}
08:28:51.666 [main] DEBUG o.h.internal.util.EntityPrinter - edu.ncsu.csc.itrust2.models.persistent.Patient{zip=27514, lastName=Walhelm, ethnicity=Caucasian, gender=Male, address2=Some Location, city=Viipuri, dateOfDeath=null, address1=1 Test Street, father=null, dateOfBirth=java.util.GregorianCalendar[time=235195200000,areFieldsSet=true,areAllFieldsSet=true,lenient=true,zone=sun.util.calendar.ZoneInfo[id="America/New_York",offset=-18000000,dstSavings=3600000,useDaylight=true,transitions=235,lastRule=java.util.SimpleTimeZone[id=America/New_York,offset=-18000000,dstSavings=3600000,useDaylight=true,startYear=0,startMode=3,startMonth=2,startDay=8,startDayOfWeek=1,startTime=7200000,startTimeMode=0,endMode=3,endMonth=10,endDay=1,endDayOfWeek=1,endTime=7200000,endTimeMode=0]],firstDayOfWeek=1,minimalDaysInFirstWeek=1,ERA=1,YEAR=1977,MONTH=5,WEEK_OF_YEAR=25,WEEK_OF_MONTH=3,DAY_OF_MONTH=15,DAY_OF_YEAR=166,DAY_OF_WEEK=4,DAY_OF_WEEK_IN_MONTH=3,AM_PM=0,HOUR=0,HOUR_OF_DAY=0,MINUTE=0,SECOND=0,MILLISECOND=0,ZONE_OFFSET=-18000000,DST_OFFSET=3600000], bloodType=APos, firstName=Antti, mother=null, phone=123-456-7890, id=null, preferredName=null, state=NC, causeOfDeath=null, email=antti@itrust.fi}
08:28:51.670 [main] DEBUG o.h.e.t.internal.TransactionImpl - begin
08:28:51.683 [main] DEBUG org.hibernate.SQL - select this_.username as username1_15_0_, this_.enabled as enabled2_15_0_, this_.password as password3_15_0_, this_.role as role4_15_0_ from Users this_ where this_.username=? and this_.role=?
Hibernate: select this_.username as username1_15_0_, this_.enabled as enabled2_15_0_, this_.password as password3_15_0_, this_.role as role4_15_0_ from Users this_ where this_.username=? and this_.role=?
08:28:51.684 [main] DEBUG org.hibernate.loader.Loader - Result set row: 0
08:28:51.684 [main] DEBUG org.hibernate.loader.Loader - Result row: EntityKey[edu.ncsu.csc.itrust2.models.persistent.User#patient]
08:28:51.684 [main] DEBUG o.h.engine.internal.TwoPhaseLoad - Resolving associations for [edu.ncsu.csc.itrust2.models.persistent.User#patient]
08:28:51.684 [main] DEBUG o.h.engine.internal.TwoPhaseLoad - Done materializing entity [edu.ncsu.csc.itrust2.models.persistent.User#patient]
08:28:51.685 [main] DEBUG o.h.e.t.internal.TransactionImpl - committing
08:28:51.685 [main] DEBUG o.h.e.i.AbstractFlushingEventListener - Processing flush-time cascades
08:28:51.685 [main] DEBUG o.h.e.i.AbstractFlushingEventListener - Dirty checking collections
08:28:51.685 [main] DEBUG o.h.e.i.AbstractFlushingEventListener - Flushed: 0 insertions, 0 updates, 0 deletions to 1 objects
08:28:51.685 [main] DEBUG o.h.e.i.AbstractFlushingEventListener - Flushed: 0 (re)creations, 0 updates, 0 removals to 0 collections
08:28:51.685 [main] DEBUG o.h.internal.util.EntityPrinter - Listing entities:
08:28:51.685 [main] DEBUG o.h.internal.util.EntityPrinter - edu.ncsu.csc.itrust2.models.persistent.User{password=$2a$10$EblZqNptyYvcLm/VwDCVAuBjzZOI7khzdyGPBr08PpIi0na624b8., role=ROLE_PATIENT, enabled=1, username=patient}
08:28:51.686 [main] DEBUG o.h.e.t.internal.TransactionImpl - begin
08:28:51.687 [main] DEBUG org.hibernate.SQL - select this_.id as id1_10_12_, this_.appointment_id as appointm5_10_12_, this_.basichealthmetrics_id as basichea6_10_12_, this_.date as date2_10_12_, this_.hcp_id as hcp_id7_10_12_, this_.hospital_id as hospital8_10_12_, this_.notes as notes3_10_12_, this_.patient_id as patient_9_10_12_, this_.type as type4_10_12_, appointmen2_.id as id1_0_0_, appointmen2_.comments as comments2_0_0_, appointmen2_.date as date3_0_0_, appointmen2_.hcp_id as hcp_id6_0_0_, appointmen2_.patient_id as patient_7_0_0_, appointmen2_.status as status4_0_0_, appointmen2_.type as type5_0_0_, user3_.username as username1_15_1_, user3_.enabled as enabled2_15_1_, user3_.password as password3_15_1_, user3_.role as role4_15_1_, user4_.username as username1_15_2_, user4_.enabled as enabled2_15_2_, user4_.password as password3_15_2_, user4_.role as role4_15_2_, basichealt5_.id as id1_1_3_, basichealt5_.diastolic as diastoli2_1_3_, basichealt5_.hcp_id as hcp_id12_1_3_, basichealt5_.hdl as hdl3_1_3_, basichealt5_.headCircumference as headCirc4_1_3_, basichealt5_.height as height5_1_3_, basichealt5_.houseSmokingStatus as houseSmo6_1_3_, basichealt5_.ldl as ldl7_1_3_, basichealt5_.patient_id as patient13_1_3_, basichealt5_.patientSmokingStatus as patientS8_1_3_, basichealt5_.systolic as systolic9_1_3_, basichealt5_.tri as tri10_1_3_, basichealt5_.weight as weight11_1_3_, user6_.username as username1_15_4_, user6_.enabled as enabled2_15_4_, user6_.password as password3_15_4_, user6_.role as role4_15_4_, user7_.username as username1_15_5_, user7_.enabled as enabled2_15_5_, user7_.password as password3_15_5_, user7_.role as role4_15_5_, user8_.username as username1_15_6_, user8_.enabled as enabled2_15_6_, user8_.password as password3_15_6_, user8_.role as role4_15_6_, hospital9_.name as name1_4_7_, hospital9_.address as address2_4_7_, hospital9_.state as state3_4_7_, hospital9_.zip as zip4_4_7_, user10_.username as username1_15_8_, user10_.enabled as enabled2_15_8_, user10_.password as password3_15_8_, user10_.role as role4_15_8_, prescripti11_.prescriptions_id as prescrip8_14_14_, prescripti11_.id as id1_14_14_, prescripti11_.id as id1_14_9_, prescripti11_.dosage as dosage2_14_9_, prescripti11_.drug_id as drug_id6_14_9_, prescripti11_.endDate as endDate3_14_9_, prescripti11_.patient_id as patient_7_14_9_, prescripti11_.renewals as renewals4_14_9_, prescripti11_.startDate as startDat5_14_9_, drug12_.id as id1_3_10_, drug12_.code as code2_3_10_, drug12_.description as descript3_3_10_, drug12_.name as name4_3_10_, user13_.username as username1_15_11_, user13_.enabled as enabled2_15_11_, user13_.password as password3_15_11_, user13_.role as role4_15_11_ from OfficeVisits this_ left outer join AppointmentRequests appointmen2_ on this_.appointment_id=appointmen2_.id left outer join Users user3_ on appointmen2_.hcp_id=user3_.username left outer join Users user4_ on appointmen2_.patient_id=user4_.username left outer join BasicHealthMetrics basichealt5_ on this_.basichealthmetrics_id=basichealt5_.id left outer join Users user6_ on basichealt5_.hcp_id=user6_.username left outer join Users user7_ on basichealt5_.patient_id=user7_.username inner join Users user8_ on this_.hcp_id=user8_.username inner join Hospitals hospital9_ on this_.hospital_id=hospital9_.name inner join Users user10_ on this_.patient_id=user10_.username left outer join Prescriptions prescripti11_ on this_.id=prescripti11_.prescriptions_id left outer join Drugs drug12_ on prescripti11_.drug_id=drug12_.id left outer join Users user13_ on prescripti11_.patient_id=user13_.username where this_.patient_id=?
Hibernate: select this_.id as id1_10_12_, this_.appointment_id as appointm5_10_12_, this_.basichealthmetrics_id as basichea6_10_12_, this_.date as date2_10_12_, this_.hcp_id as hcp_id7_10_12_, this_.hospital_id as hospital8_10_12_, this_.notes as notes3_10_12_, this_.patient_id as patient_9_10_12_, this_.type as type4_10_12_, appointmen2_.id as id1_0_0_, appointmen2_.comments as comments2_0_0_, appointmen2_.date as date3_0_0_, appointmen2_.hcp_id as hcp_id6_0_0_, appointmen2_.patient_id as patient_7_0_0_, appointmen2_.status as status4_0_0_, appointmen2_.type as type5_0_0_, user3_.username as username1_15_1_, user3_.enabled as enabled2_15_1_, user3_.password as password3_15_1_, user3_.role as role4_15_1_, user4_.username as username1_15_2_, user4_.enabled as enabled2_15_2_, user4_.password as password3_15_2_, user4_.role as role4_15_2_, basichealt5_.id as id1_1_3_, basichealt5_.diastolic as diastoli2_1_3_, basichealt5_.hcp_id as hcp_id12_1_3_, basichealt5_.hdl as hdl3_1_3_, basichealt5_.headCircumference as headCirc4_1_3_, basichealt5_.height as height5_1_3_, basichealt5_.houseSmokingStatus as houseSmo6_1_3_, basichealt5_.ldl as ldl7_1_3_, basichealt5_.patient_id as patient13_1_3_, basichealt5_.patientSmokingStatus as patientS8_1_3_, basichealt5_.systolic as systolic9_1_3_, basichealt5_.tri as tri10_1_3_, basichealt5_.weight as weight11_1_3_, user6_.username as username1_15_4_, user6_.enabled as enabled2_15_4_, user6_.password as password3_15_4_, user6_.role as role4_15_4_, user7_.username as username1_15_5_, user7_.enabled as enabled2_15_5_, user7_.password as password3_15_5_, user7_.role as role4_15_5_, user8_.username as username1_15_6_, user8_.enabled as enabled2_15_6_, user8_.password as password3_15_6_, user8_.role as role4_15_6_, hospital9_.name as name1_4_7_, hospital9_.address as address2_4_7_, hospital9_.state as state3_4_7_, hospital9_.zip as zip4_4_7_, user10_.username as username1_15_8_, user10_.enabled as enabled2_15_8_, user10_.password as password3_15_8_, user10_.role as role4_15_8_, prescripti11_.prescriptions_id as prescrip8_14_14_, prescripti11_.id as id1_14_14_, prescripti11_.id as id1_14_9_, prescripti11_.dosage as dosage2_14_9_, prescripti11_.drug_id as drug_id6_14_9_, prescripti11_.endDate as endDate3_14_9_, prescripti11_.patient_id as patient_7_14_9_, prescripti11_.renewals as renewals4_14_9_, prescripti11_.startDate as startDat5_14_9_, drug12_.id as id1_3_10_, drug12_.code as code2_3_10_, drug12_.description as descript3_3_10_, drug12_.name as name4_3_10_, user13_.username as username1_15_11_, user13_.enabled as enabled2_15_11_, user13_.password as password3_15_11_, user13_.role as role4_15_11_ from OfficeVisits this_ left outer join AppointmentRequests appointmen2_ on this_.appointment_id=appointmen2_.id left outer join Users user3_ on appointmen2_.hcp_id=user3_.username left outer join Users user4_ on appointmen2_.patient_id=user4_.username left outer join BasicHealthMetrics basichealt5_ on this_.basichealthmetrics_id=basichealt5_.id left outer join Users user6_ on basichealt5_.hcp_id=user6_.username left outer join Users user7_ on basichealt5_.patient_id=user7_.username inner join Users user8_ on this_.hcp_id=user8_.username inner join Hospitals hospital9_ on this_.hospital_id=hospital9_.name inner join Users user10_ on this_.patient_id=user10_.username left outer join Prescriptions prescripti11_ on this_.id=prescripti11_.prescriptions_id left outer join Drugs drug12_ on prescripti11_.drug_id=drug12_.id left outer join Users user13_ on prescripti11_.patient_id=user13_.username where this_.patient_id=?
08:28:51.689 [main] DEBUG org.hibernate.loader.Loader - Result set row: 0
08:28:51.691 [main] DEBUG org.hibernate.loader.Loader - Result row: null, null, null, EntityKey[edu.ncsu.csc.itrust2.models.persistent.BasicHealthMetrics#59], EntityKey[edu.ncsu.csc.itrust2.models.persistent.User#hcp], EntityKey[edu.ncsu.csc.itrust2.models.persistent.User#patient], EntityKey[edu.ncsu.csc.itrust2.models.persistent.User#hcp], EntityKey[edu.ncsu.csc.itrust2.models.persistent.Hospital#iTrust Test Hospital 2], EntityKey[edu.ncsu.csc.itrust2.models.persistent.User#patient], null, null, null, EntityKey[edu.ncsu.csc.itrust2.models.persistent.OfficeVisit#60]
08:28:51.692 [main] DEBUG org.hibernate.loader.Loader - Result set contains (possibly empty) collection: [edu.ncsu.csc.itrust2.models.persistent.OfficeVisit.prescriptions#60]
08:28:51.692 [main] DEBUG o.h.engine.internal.TwoPhaseLoad - Resolving associations for [edu.ncsu.csc.itrust2.models.persistent.BasicHealthMetrics#59]
08:28:51.692 [main] DEBUG o.h.engine.internal.TwoPhaseLoad - Done materializing entity [edu.ncsu.csc.itrust2.models.persistent.BasicHealthMetrics#59]
08:28:51.692 [main] DEBUG o.h.engine.internal.TwoPhaseLoad - Resolving associations for [edu.ncsu.csc.itrust2.models.persistent.User#hcp]
08:28:51.693 [main] DEBUG o.h.engine.internal.TwoPhaseLoad - Done materializing entity [edu.ncsu.csc.itrust2.models.persistent.User#hcp]
08:28:51.693 [main] DEBUG o.h.engine.internal.TwoPhaseLoad - Resolving associations for [edu.ncsu.csc.itrust2.models.persistent.User#patient]
08:28:51.693 [main] DEBUG o.h.engine.internal.TwoPhaseLoad - Done materializing entity [edu.ncsu.csc.itrust2.models.persistent.User#patient]
08:28:51.693 [main] DEBUG o.h.engine.internal.TwoPhaseLoad - Resolving associations for [edu.ncsu.csc.itrust2.models.persistent.Hospital#iTrust Test Hospital 2]
08:28:51.693 [main] DEBUG o.h.engine.internal.TwoPhaseLoad - Done materializing entity [edu.ncsu.csc.itrust2.models.persistent.Hospital#iTrust Test Hospital 2]
08:28:51.693 [main] DEBUG o.h.engine.internal.TwoPhaseLoad - Resolving associations for [edu.ncsu.csc.itrust2.models.persistent.OfficeVisit#60]
08:28:51.694 [main] DEBUG o.h.engine.internal.TwoPhaseLoad - Done materializing entity [edu.ncsu.csc.itrust2.models.persistent.OfficeVisit#60]
08:28:51.694 [main] DEBUG o.h.e.l.i.CollectionLoadContext - 1 collections were found in result set for role: edu.ncsu.csc.itrust2.models.persistent.OfficeVisit.prescriptions
08:28:51.694 [main] DEBUG o.h.e.l.i.CollectionLoadContext - Collection fully initialized: [edu.ncsu.csc.itrust2.models.persistent.OfficeVisit.prescriptions#60]
08:28:51.698 [main] DEBUG o.h.e.l.i.CollectionLoadContext - 1 collections initialized for role: edu.ncsu.csc.itrust2.models.persistent.OfficeVisit.prescriptions
08:28:51.698 [main] DEBUG o.h.e.t.internal.TransactionImpl - committing
08:28:51.698 [main] DEBUG o.h.e.i.AbstractFlushingEventListener - Processing flush-time cascades
08:28:51.698 [main] DEBUG o.h.e.i.AbstractFlushingEventListener - Dirty checking collections
08:28:51.699 [main] DEBUG o.h.engine.internal.Collections - Collection found: [edu.ncsu.csc.itrust2.models.persistent.OfficeVisit.prescriptions#60], was: [edu.ncsu.csc.itrust2.models.persistent.OfficeVisit.prescriptions#60] (initialized)
08:28:51.699 [main] DEBUG o.h.e.i.AbstractFlushingEventListener - Flushed: 0 insertions, 0 updates, 0 deletions to 5 objects
08:28:51.699 [main] DEBUG o.h.e.i.AbstractFlushingEventListener - Flushed: 0 (re)creations, 0 updates, 0 removals to 1 collections
08:28:51.704 [main] DEBUG o.h.internal.util.EntityPrinter - Listing entities:
08:28:51.704 [main] DEBUG o.h.internal.util.EntityPrinter - edu.ncsu.csc.itrust2.models.persistent.BasicHealthMetrics{patientSmokingStatus=null, headCircumference=null, weight=null, tri=null, hdl=null, diastolic=null, systolic=null, hcp=edu.ncsu.csc.itrust2.models.persistent.User#hcp, ldl=null, houseSmokingStatus=null, patient=edu.ncsu.csc.itrust2.models.persistent.User#patient, id=59, height=null}
08:28:51.704 [main] DEBUG o.h.internal.util.EntityPrinter - edu.ncsu.csc.itrust2.models.persistent.User{password=$2a$10$EblZqNptyYvcLm/VwDCVAuBjzZOI7khzdyGPBr08PpIi0na624b8., role=ROLE_PATIENT, enabled=1, username=patient}
08:28:51.706 [main] DEBUG o.h.internal.util.EntityPrinter - edu.ncsu.csc.itrust2.models.persistent.OfficeVisit{date=java.util.GregorianCalendar[time=2470657800000,areFieldsSet=true,areAllFieldsSet=true,lenient=true,zone=sun.util.calendar.ZoneInfo[id="America/New_York",offset=-18000000,dstSavings=3600000,useDaylight=true,transitions=235,lastRule=java.util.SimpleTimeZone[id=America/New_York,offset=-18000000,dstSavings=3600000,useDaylight=true,startYear=0,startMode=3,startMonth=2,startDay=8,startDayOfWeek=1,startTime=7200000,startTimeMode=0,endMode=3,endMonth=10,endDay=1,endDayOfWeek=1,endTime=7200000,endTimeMode=0]],firstDayOfWeek=1,minimalDaysInFirstWeek=1,ERA=1,YEAR=2048,MONTH=3,WEEK_OF_YEAR=16,WEEK_OF_MONTH=3,DAY_OF_MONTH=16,DAY_OF_YEAR=107,DAY_OF_WEEK=5,DAY_OF_WEEK_IN_MONTH=3,AM_PM=0,HOUR=9,HOUR_OF_DAY=9,MINUTE=50,SECOND=0,MILLISECOND=0,ZONE_OFFSET=-18000000,DST_OFFSET=3600000], notes=Test office visit, hcp=edu.ncsu.csc.itrust2.models.persistent.User#hcp, patient=edu.ncsu.csc.itrust2.models.persistent.User#patient, basicHealthMetrics=edu.ncsu.csc.itrust2.models.persistent.BasicHealthMetrics#59, appointment=null, id=60, hospital=edu.ncsu.csc.itrust2.models.persistent.Hospital#iTrust Test Hospital 2, type=GENERAL_CHECKUP, prescriptions=[]}
08:28:51.706 [main] DEBUG o.h.internal.util.EntityPrinter - edu.ncsu.csc.itrust2.models.persistent.User{password=$2a$10$EblZqNptyYvcLm/VwDCVAuBjzZOI7khzdyGPBr08PpIi0na624b8., role=ROLE_HCP, enabled=1, username=hcp}
08:28:51.707 [main] DEBUG o.h.internal.util.EntityPrinter - edu.ncsu.csc.itrust2.models.persistent.Hospital{zip=27607, address=1 iTrust Test Street, name=iTrust Test Hospital 2, state=NC}
08:28:51.712 [main] DEBUG o.s.t.w.s.TestDispatcherServlet - DispatcherServlet with name '' processing POST request for [/api/v1/officevisits]
08:28:51.713 [main] DEBUG o.s.w.s.m.m.a.RequestMappingHandlerMapping - Looking up handler method for path /api/v1/officevisits
08:28:51.713 [main] DEBUG o.s.w.s.m.m.a.RequestMappingHandlerMapping - Returning handler method [public org.springframework.http.ResponseEntity edu.ncsu.csc.itrust2.controllers.api.APIOfficeVisitController.createOfficeVisit(edu.ncsu.csc.itrust2.forms.hcp.OfficeVisitForm)]
08:28:51.713 [main] DEBUG o.s.b.f.s.DefaultListableBeanFactory - Returning cached instance of singleton bean 'APIOfficeVisitController'
08:28:51.714 [main] DEBUG o.s.w.s.m.m.a.RequestResponseBodyMethodProcessor - Read [class edu.ncsu.csc.itrust2.forms.hcp.OfficeVisitForm] as "application/json" with [org.springframework.http.converter.json.GsonHttpMessageConverter@5dd5be49]
08:28:51.715 [main] DEBUG o.h.e.t.internal.TransactionImpl - begin
08:28:51.718 [main] DEBUG org.hibernate.SQL - select this_.username as username1_15_0_, this_.enabled as enabled2_15_0_, this_.password as password3_15_0_, this_.role as role4_15_0_ from Users this_ where this_.username=? and this_.role=?
Hibernate: select this_.username as username1_15_0_, this_.enabled as enabled2_15_0_, this_.password as password3_15_0_, this_.role as role4_15_0_ from Users this_ where this_.username=? and this_.role=?
08:28:51.730 [main] DEBUG org.hibernate.loader.Loader - Result set row: 0
08:28:51.730 [main] DEBUG org.hibernate.loader.Loader - Result row: EntityKey[edu.ncsu.csc.itrust2.models.persistent.User#antti]
08:28:51.731 [main] DEBUG o.h.engine.internal.TwoPhaseLoad - Resolving associations for [edu.ncsu.csc.itrust2.models.persistent.User#antti]
08:28:51.731 [main] DEBUG o.h.engine.internal.TwoPhaseLoad - Done materializing entity [edu.ncsu.csc.itrust2.models.persistent.User#antti]
08:28:51.731 [main] DEBUG o.h.e.t.internal.TransactionImpl - committing
08:28:51.731 [main] DEBUG o.h.e.i.AbstractFlushingEventListener - Processing flush-time cascades
08:28:51.731 [main] DEBUG o.h.e.i.AbstractFlushingEventListener - Dirty checking collections
08:28:51.732 [main] DEBUG o.h.e.i.AbstractFlushingEventListener - Flushed: 0 insertions, 0 updates, 0 deletions to 1 objects
08:28:51.732 [main] DEBUG o.h.e.i.AbstractFlushingEventListener - Flushed: 0 (re)creations, 0 updates, 0 removals to 0 collections
08:28:51.732 [main] DEBUG o.h.internal.util.EntityPrinter - Listing entities:
08:28:51.732 [main] DEBUG o.h.internal.util.EntityPrinter - edu.ncsu.csc.itrust2.models.persistent.User{password=$2a$10$a7p1113JVP4rkrBspgCjD..INViJ4SzdHHDEpzqyCOcWPJIHdG/oi, role=ROLE_PATIENT, enabled=1, username=antti}
08:28:51.733 [main] DEBUG o.h.e.t.internal.TransactionImpl - begin
08:28:51.735 [main] DEBUG org.hibernate.SQL - select this_.username as username1_15_0_, this_.enabled as enabled2_15_0_, this_.password as password3_15_0_, this_.role as role4_15_0_ from Users this_ where this_.username=? and this_.role=?
Hibernate: select this_.username as username1_15_0_, this_.enabled as enabled2_15_0_, this_.password as password3_15_0_, this_.role as role4_15_0_ from Users this_ where this_.username=? and this_.role=?
08:28:51.735 [main] DEBUG org.hibernate.loader.Loader - Result set row: 0
08:28:51.736 [main] DEBUG org.hibernate.loader.Loader - Result row: EntityKey[edu.ncsu.csc.itrust2.models.persistent.User#hcp]
08:28:51.736 [main] DEBUG o.h.engine.internal.TwoPhaseLoad - Resolving associations for [edu.ncsu.csc.itrust2.models.persistent.User#hcp]
08:28:51.736 [main] DEBUG o.h.engine.internal.TwoPhaseLoad - Done materializing entity [edu.ncsu.csc.itrust2.models.persistent.User#hcp]
08:28:51.736 [main] DEBUG o.h.e.t.internal.TransactionImpl - committing
08:28:51.736 [main] DEBUG o.h.e.i.AbstractFlushingEventListener - Processing flush-time cascades
08:28:51.736 [main] DEBUG o.h.e.i.AbstractFlushingEventListener - Dirty checking collections
08:28:51.737 [main] DEBUG o.h.e.i.AbstractFlushingEventListener - Flushed: 0 insertions, 0 updates, 0 deletions to 1 objects
08:28:51.737 [main] DEBUG o.h.e.i.AbstractFlushingEventListener - Flushed: 0 (re)creations, 0 updates, 0 removals to 0 collections
08:28:51.737 [main] DEBUG o.h.internal.util.EntityPrinter - Listing entities:
08:28:51.737 [main] DEBUG o.h.internal.util.EntityPrinter - edu.ncsu.csc.itrust2.models.persistent.User{password=$2a$10$EblZqNptyYvcLm/VwDCVAuBjzZOI7khzdyGPBr08PpIi0na624b8., role=ROLE_HCP, enabled=1, username=hcp}
08:28:51.739 [main] DEBUG o.h.e.t.internal.TransactionImpl - begin
08:28:51.740 [main] DEBUG org.hibernate.SQL - select this_.name as name1_4_0_, this_.address as address2_4_0_, this_.state as state3_4_0_, this_.zip as zip4_4_0_ from Hospitals this_ where this_.name=?
Hibernate: select this_.name as name1_4_0_, this_.address as address2_4_0_, this_.state as state3_4_0_, this_.zip as zip4_4_0_ from Hospitals this_ where this_.name=?
08:28:51.740 [main] DEBUG org.hibernate.loader.Loader - Result set row: 0
08:28:51.740 [main] DEBUG org.hibernate.loader.Loader - Result row: EntityKey[edu.ncsu.csc.itrust2.models.persistent.Hospital#iTrust Test Hospital 2]
08:28:51.741 [main] DEBUG o.h.engine.internal.TwoPhaseLoad - Resolving associations for [edu.ncsu.csc.itrust2.models.persistent.Hospital#iTrust Test Hospital 2]
08:28:51.741 [main] DEBUG o.h.engine.internal.TwoPhaseLoad - Done materializing entity [edu.ncsu.csc.itrust2.models.persistent.Hospital#iTrust Test Hospital 2]
08:28:51.741 [main] DEBUG o.h.e.t.internal.TransactionImpl - committing
08:28:51.741 [main] DEBUG o.h.e.i.AbstractFlushingEventListener - Processing flush-time cascades
08:28:51.741 [main] DEBUG o.h.e.i.AbstractFlushingEventListener - Dirty checking collections
08:28:51.742 [main] DEBUG o.h.e.i.AbstractFlushingEventListener - Flushed: 0 insertions, 0 updates, 0 deletions to 1 objects
08:28:51.742 [main] DEBUG o.h.e.i.AbstractFlushingEventListener - Flushed: 0 (re)creations, 0 updates, 0 removals to 0 collections
08:28:51.742 [main] DEBUG o.h.internal.util.EntityPrinter - Listing entities:
08:28:51.742 [main] DEBUG o.h.internal.util.EntityPrinter - edu.ncsu.csc.itrust2.models.persistent.Hospital{zip=27607, address=1 iTrust Test Street, name=iTrust Test Hospital 2, state=NC}
08:28:51.742 [main] DEBUG o.h.e.t.internal.TransactionImpl - begin
08:28:51.751 [main] DEBUG org.hibernate.SQL - select this_.username as username1_15_0_, this_.enabled as enabled2_15_0_, this_.password as password3_15_0_, this_.role as role4_15_0_ from Users this_ where this_.username=? and this_.role=?
Hibernate: select this_.username as username1_15_0_, this_.enabled as enabled2_15_0_, this_.password as password3_15_0_, this_.role as role4_15_0_ from Users this_ where this_.username=? and this_.role=?
08:28:51.754 [main] DEBUG org.hibernate.loader.Loader - Result set row: 0
08:28:51.755 [main] DEBUG org.hibernate.loader.Loader - Result row: EntityKey[edu.ncsu.csc.itrust2.models.persistent.User#antti]
08:28:51.755 [main] DEBUG o.h.engine.internal.TwoPhaseLoad - Resolving associations for [edu.ncsu.csc.itrust2.models.persistent.User#antti]
08:28:51.755 [main] DEBUG o.h.engine.internal.TwoPhaseLoad - Done materializing entity [edu.ncsu.csc.itrust2.models.persistent.User#antti]
08:28:51.755 [main] DEBUG o.h.e.t.internal.TransactionImpl - committing
08:28:51.755 [main] DEBUG o.h.e.i.AbstractFlushingEventListener - Processing flush-time cascades
08:28:51.756 [main] DEBUG o.h.e.i.AbstractFlushingEventListener - Dirty checking collections
08:28:51.756 [main] DEBUG o.h.e.i.AbstractFlushingEventListener - Flushed: 0 insertions, 0 updates, 0 deletions to 1 objects
08:28:51.756 [main] DEBUG o.h.e.i.AbstractFlushingEventListener - Flushed: 0 (re)creations, 0 updates, 0 removals to 0 collections
08:28:51.756 [main] DEBUG o.h.internal.util.EntityPrinter - Listing entities:
08:28:51.756 [main] DEBUG o.h.internal.util.EntityPrinter - edu.ncsu.csc.itrust2.models.persistent.User{password=$2a$10$a7p1113JVP4rkrBspgCjD..INViJ4SzdHHDEpzqyCOcWPJIHdG/oi, role=ROLE_PATIENT, enabled=1, username=antti}
08:28:51.757 [main] DEBUG o.h.e.t.internal.TransactionImpl - begin
08:28:51.762 [main] DEBUG org.hibernate.SQL - select this_.username as username1_15_0_, this_.enabled as enabled2_15_0_, this_.password as password3_15_0_, this_.role as role4_15_0_ from Users this_ where this_.username=? and this_.role=?
Hibernate: select this_.username as username1_15_0_, this_.enabled as enabled2_15_0_, this_.password as password3_15_0_, this_.role as role4_15_0_ from Users this_ where this_.username=? and this_.role=?
08:28:51.766 [main] DEBUG org.hibernate.loader.Loader - Result set row: 0
08:28:51.766 [main] DEBUG org.hibernate.loader.Loader - Result row: EntityKey[edu.ncsu.csc.itrust2.models.persistent.User#hcp]
08:28:51.767 [main] DEBUG o.h.engine.internal.TwoPhaseLoad - Resolving associations for [edu.ncsu.csc.itrust2.models.persistent.User#hcp]
08:28:51.767 [main] DEBUG o.h.engine.internal.TwoPhaseLoad - Done materializing entity [edu.ncsu.csc.itrust2.models.persistent.User#hcp]
08:28:51.767 [main] DEBUG o.h.e.t.internal.TransactionImpl - committing
08:28:51.767 [main] DEBUG o.h.e.i.AbstractFlushingEventListener - Processing flush-time cascades
08:28:51.768 [main] DEBUG o.h.e.i.AbstractFlushingEventListener - Dirty checking collections
08:28:51.768 [main] DEBUG o.h.e.i.AbstractFlushingEventListener - Flushed: 0 insertions, 0 updates, 0 deletions to 1 objects
08:28:51.768 [main] DEBUG o.h.e.i.AbstractFlushingEventListener - Flushed: 0 (re)creations, 0 updates, 0 removals to 0 collections
08:28:51.768 [main] DEBUG o.h.internal.util.EntityPrinter - Listing entities:
08:28:51.768 [main] DEBUG o.h.internal.util.EntityPrinter - edu.ncsu.csc.itrust2.models.persistent.User{password=$2a$10$EblZqNptyYvcLm/VwDCVAuBjzZOI7khzdyGPBr08PpIi0na624b8., role=ROLE_HCP, enabled=1, username=hcp}
08:28:51.770 [main] DEBUG o.h.e.t.internal.TransactionImpl - begin
08:28:51.772 [main] DEBUG org.hibernate.SQL - select this_.username as username1_15_0_, this_.enabled as enabled2_15_0_, this_.password as password3_15_0_, this_.role as role4_15_0_ from Users this_ where this_.username=? and this_.role=?
Hibernate: select this_.username as username1_15_0_, this_.enabled as enabled2_15_0_, this_.password as password3_15_0_, this_.role as role4_15_0_ from Users this_ where this_.username=? and this_.role=?
08:28:51.772 [main] DEBUG org.hibernate.loader.Loader - Result set row: 0
08:28:51.773 [main] DEBUG org.hibernate.loader.Loader - Result row: EntityKey[edu.ncsu.csc.itrust2.models.persistent.User#antti]
08:28:51.773 [main] DEBUG o.h.engine.internal.TwoPhaseLoad - Resolving associations for [edu.ncsu.csc.itrust2.models.persistent.User#antti]
08:28:51.782 [main] DEBUG o.h.engine.internal.TwoPhaseLoad - Done materializing entity [edu.ncsu.csc.itrust2.models.persistent.User#antti]
08:28:51.782 [main] DEBUG o.h.e.t.internal.TransactionImpl - committing
08:28:51.783 [main] DEBUG o.h.e.i.AbstractFlushingEventListener - Processing flush-time cascades
08:28:51.785 [main] DEBUG o.h.e.i.AbstractFlushingEventListener - Dirty checking collections
08:28:51.785 [main] DEBUG o.h.e.i.AbstractFlushingEventListener - Flushed: 0 insertions, 0 updates, 0 deletions to 1 objects
08:28:51.785 [main] DEBUG o.h.e.i.AbstractFlushingEventListener - Flushed: 0 (re)creations, 0 updates, 0 removals to 0 collections
08:28:51.785 [main] DEBUG o.h.internal.util.EntityPrinter - Listing entities:
08:28:51.785 [main] DEBUG o.h.internal.util.EntityPrinter - edu.ncsu.csc.itrust2.models.persistent.User{password=$2a$10$a7p1113JVP4rkrBspgCjD..INViJ4SzdHHDEpzqyCOcWPJIHdG/oi, role=ROLE_PATIENT, enabled=1, username=antti}
08:28:51.788 [main] DEBUG o.h.e.t.internal.TransactionImpl - begin
08:28:51.789 [main] DEBUG org.hibernate.SQL - select this_.self_id as self_id18_12_2_, this_.address1 as address1_12_2_, this_.address2 as address2_12_2_, this_.bloodType as bloodTyp3_12_2_, this_.causeOfDeath as causeOfD4_12_2_, this_.city as city5_12_2_, this_.dateOfBirth as dateOfBi6_12_2_, this_.dateOfDeath as dateOfDe7_12_2_, this_.email as email8_12_2_, this_.ethnicity as ethnicit9_12_2_, this_.father_id as father_19_12_2_, this_.firstName as firstNa10_12_2_, this_.gender as gender11_12_2_, this_.id as id12_12_2_, this_.lastName as lastNam13_12_2_, this_.mother_id as mother_20_12_2_, this_.phone as phone14_12_2_, this_.preferredName as preferr15_12_2_, this_.state as state16_12_2_, this_.zip as zip17_12_2_, user2_.username as username1_15_0_, user2_.enabled as enabled2_15_0_, user2_.password as password3_15_0_, user2_.role as role4_15_0_, user3_.username as username1_15_1_, user3_.enabled as enabled2_15_1_, user3_.password as password3_15_1_, user3_.role as role4_15_1_ from Patients this_ left outer join Users user2_ on this_.father_id=user2_.username left outer join Users user3_ on this_.mother_id=user3_.username where this_.self_id=?
Hibernate: select this_.self_id as self_id18_12_2_, this_.address1 as address1_12_2_, this_.address2 as address2_12_2_, this_.bloodType as bloodTyp3_12_2_, this_.causeOfDeath as causeOfD4_12_2_, this_.city as city5_12_2_, this_.dateOfBirth as dateOfBi6_12_2_, this_.dateOfDeath as dateOfDe7_12_2_, this_.email as email8_12_2_, this_.ethnicity as ethnicit9_12_2_, this_.father_id as father_19_12_2_, this_.firstName as firstNa10_12_2_, this_.gender as gender11_12_2_, this_.id as id12_12_2_, this_.lastName as lastNam13_12_2_, this_.mother_id as mother_20_12_2_, this_.phone as phone14_12_2_, this_.preferredName as preferr15_12_2_, this_.state as state16_12_2_, this_.zip as zip17_12_2_, user2_.username as username1_15_0_, user2_.enabled as enabled2_15_0_, user2_.password as password3_15_0_, user2_.role as role4_15_0_, user3_.username as username1_15_1_, user3_.enabled as enabled2_15_1_, user3_.password as password3_15_1_, user3_.role as role4_15_1_ from Patients this_ left outer join Users user2_ on this_.father_id=user2_.username left outer join Users user3_ on this_.mother_id=user3_.username where this_.self_id=?
08:28:51.790 [main] DEBUG org.hibernate.loader.Loader - Result set row: 0
08:28:51.790 [main] DEBUG org.hibernate.SQL - select user0_.username as username1_15_0_, user0_.enabled as enabled2_15_0_, user0_.password as password3_15_0_, user0_.role as role4_15_0_ from Users user0_ where user0_.username=?
Hibernate: select user0_.username as username1_15_0_, user0_.enabled as enabled2_15_0_, user0_.password as password3_15_0_, user0_.role as role4_15_0_ from Users user0_ where user0_.username=?
08:28:51.791 [main] DEBUG o.h.l.p.e.p.i.ResultSetProcessorImpl - Starting ResultSet row #0
08:28:51.791 [main] DEBUG o.h.l.p.e.p.i.EntityReferenceInitializerImpl - On call to EntityIdentifierReaderImpl#resolve, EntityKey was already known; should only happen on root returns with an optional identifier specified
08:28:51.791 [main] DEBUG o.h.engine.internal.TwoPhaseLoad - Resolving associations for [edu.ncsu.csc.itrust2.models.persistent.User#antti]
08:28:51.791 [main] DEBUG o.h.engine.internal.TwoPhaseLoad - Done materializing entity [edu.ncsu.csc.itrust2.models.persistent.User#antti]
08:28:51.792 [main] DEBUG o.h.r.j.i.ResourceRegistryStandardImpl - HHH000387: ResultSet's statement was not registered
08:28:51.792 [main] DEBUG o.h.l.e.p.AbstractLoadPlanBasedEntityLoader - Done entity load : edu.ncsu.csc.itrust2.models.persistent.User#antti
08:28:51.792 [main] DEBUG org.hibernate.loader.Loader - Result row: null, null, EntityKey[edu.ncsu.csc.itrust2.models.persistent.Patient#component[self]{self=edu.ncsu.csc.itrust2.models.persistent.User#antti}]
08:28:51.792 [main] DEBUG o.h.engine.internal.TwoPhaseLoad - Resolving associations for [edu.ncsu.csc.itrust2.models.persistent.Patient#component[self]{self=edu.ncsu.csc.itrust2.models.persistent.User#antti}]
08:28:51.793 [main] DEBUG o.h.engine.internal.TwoPhaseLoad - Done materializing entity [edu.ncsu.csc.itrust2.models.persistent.Patient#component[self]{self=edu.ncsu.csc.itrust2.models.persistent.User#antti}]
08:28:51.793 [main] DEBUG o.h.e.t.internal.TransactionImpl - committing
08:28:51.793 [main] DEBUG o.h.e.i.AbstractFlushingEventListener - Processing flush-time cascades
08:28:51.793 [main] DEBUG o.h.e.i.AbstractFlushingEventListener - Dirty checking collections
08:28:51.793 [main] DEBUG o.h.e.i.AbstractFlushingEventListener - Flushed: 0 insertions, 0 updates, 0 deletions to 2 objects
08:28:51.794 [main] DEBUG o.h.e.i.AbstractFlushingEventListener - Flushed: 0 (re)creations, 0 updates, 0 removals to 0 collections
08:28:51.794 [main] DEBUG o.h.internal.util.EntityPrinter - Listing entities:
08:28:51.794 [main] DEBUG o.h.internal.util.EntityPrinter - edu.ncsu.csc.itrust2.models.persistent.User{password=$2a$10$a7p1113JVP4rkrBspgCjD..INViJ4SzdHHDEpzqyCOcWPJIHdG/oi, role=ROLE_PATIENT, enabled=1, username=antti}
08:28:51.794 [main] DEBUG o.h.internal.util.EntityPrinter - edu.ncsu.csc.itrust2.models.persistent.Patient{zip=27514, lastName=Walhelm, ethnicity=Caucasian, gender=Male, address2=Some Location, city=Viipuri, dateOfDeath=null, address1=1 Test Street, father=null, dateOfBirth=java.util.GregorianCalendar[time=235195200000,areFieldsSet=true,areAllFieldsSet=true,lenient=true,zone=sun.util.calendar.ZoneInfo[id="America/New_York",offset=-18000000,dstSavings=3600000,useDaylight=true,transitions=235,lastRule=java.util.SimpleTimeZone[id=America/New_York,offset=-18000000,dstSavings=3600000,useDaylight=true,startYear=0,startMode=3,startMonth=2,startDay=8,startDayOfWeek=1,startTime=7200000,startTimeMode=0,endMode=3,endMonth=10,endDay=1,endDayOfWeek=1,endTime=7200000,endTimeMode=0]],firstDayOfWeek=1,minimalDaysInFirstWeek=1,ERA=1,YEAR=1977,MONTH=5,WEEK_OF_YEAR=25,WEEK_OF_MONTH=3,DAY_OF_MONTH=15,DAY_OF_YEAR=166,DAY_OF_WEEK=4,DAY_OF_WEEK_IN_MONTH=3,AM_PM=0,HOUR=0,HOUR_OF_DAY=0,MINUTE=0,SECOND=0,MILLISECOND=0,ZONE_OFFSET=-18000000,DST_OFFSET=3600000], bloodType=APos, firstName=Antti, mother=null, phone=123-456-7890, id=null, preferredName=null, state=NC, causeOfDeath=null, email=antti@itrust.fi}
08:28:51.799 [main] DEBUG o.h.e.t.internal.TransactionImpl - begin
08:28:51.801 [main] DEBUG org.hibernate.SQL - select this_.id as id1_10_12_, this_.appointment_id as appointm5_10_12_, this_.basichealthmetrics_id as basichea6_10_12_, this_.date as date2_10_12_, this_.hcp_id as hcp_id7_10_12_, this_.hospital_id as hospital8_10_12_, this_.notes as notes3_10_12_, this_.patient_id as patient_9_10_12_, this_.type as type4_10_12_, appointmen2_.id as id1_0_0_, appointmen2_.comments as comments2_0_0_, appointmen2_.date as date3_0_0_, appointmen2_.hcp_id as hcp_id6_0_0_, appointmen2_.patient_id as patient_7_0_0_, appointmen2_.status as status4_0_0_, appointmen2_.type as type5_0_0_, user3_.username as username1_15_1_, user3_.enabled as enabled2_15_1_, user3_.password as password3_15_1_, user3_.role as role4_15_1_, user4_.username as username1_15_2_, user4_.enabled as enabled2_15_2_, user4_.password as password3_15_2_, user4_.role as role4_15_2_, basichealt5_.id as id1_1_3_, basichealt5_.diastolic as diastoli2_1_3_, basichealt5_.hcp_id as hcp_id12_1_3_, basichealt5_.hdl as hdl3_1_3_, basichealt5_.headCircumference as headCirc4_1_3_, basichealt5_.height as height5_1_3_, basichealt5_.houseSmokingStatus as houseSmo6_1_3_, basichealt5_.ldl as ldl7_1_3_, basichealt5_.patient_id as patient13_1_3_, basichealt5_.patientSmokingStatus as patientS8_1_3_, basichealt5_.systolic as systolic9_1_3_, basichealt5_.tri as tri10_1_3_, basichealt5_.weight as weight11_1_3_, user6_.username as username1_15_4_, user6_.enabled as enabled2_15_4_, user6_.password as password3_15_4_, user6_.role as role4_15_4_, user7_.username as username1_15_5_, user7_.enabled as enabled2_15_5_, user7_.password as password3_15_5_, user7_.role as role4_15_5_, user8_.username as username1_15_6_, user8_.enabled as enabled2_15_6_, user8_.password as password3_15_6_, user8_.role as role4_15_6_, hospital9_.name as name1_4_7_, hospital9_.address as address2_4_7_, hospital9_.state as state3_4_7_, hospital9_.zip as zip4_4_7_, user10_.username as username1_15_8_, user10_.enabled as enabled2_15_8_, user10_.password as password3_15_8_, user10_.role as role4_15_8_, prescripti11_.prescriptions_id as prescrip8_14_14_, prescripti11_.id as id1_14_14_, prescripti11_.id as id1_14_9_, prescripti11_.dosage as dosage2_14_9_, prescripti11_.drug_id as drug_id6_14_9_, prescripti11_.endDate as endDate3_14_9_, prescripti11_.patient_id as patient_7_14_9_, prescripti11_.renewals as renewals4_14_9_, prescripti11_.startDate as startDat5_14_9_, drug12_.id as id1_3_10_, drug12_.code as code2_3_10_, drug12_.description as descript3_3_10_, drug12_.name as name4_3_10_, user13_.username as username1_15_11_, user13_.enabled as enabled2_15_11_, user13_.password as password3_15_11_, user13_.role as role4_15_11_ from OfficeVisits this_ left outer join AppointmentRequests appointmen2_ on this_.appointment_id=appointmen2_.id left outer join Users user3_ on appointmen2_.hcp_id=user3_.username left outer join Users user4_ on appointmen2_.patient_id=user4_.username left outer join BasicHealthMetrics basichealt5_ on this_.basichealthmetrics_id=basichealt5_.id left outer join Users user6_ on basichealt5_.hcp_id=user6_.username left outer join Users user7_ on basichealt5_.patient_id=user7_.username inner join Users user8_ on this_.hcp_id=user8_.username inner join Hospitals hospital9_ on this_.hospital_id=hospital9_.name inner join Users user10_ on this_.patient_id=user10_.username left outer join Prescriptions prescripti11_ on this_.id=prescripti11_.prescriptions_id left outer join Drugs drug12_ on prescripti11_.drug_id=drug12_.id left outer join Users user13_ on prescripti11_.patient_id=user13_.username where this_.id=?
Hibernate: select this_.id as id1_10_12_, this_.appointment_id as appointm5_10_12_, this_.basichealthmetrics_id as basichea6_10_12_, this_.date as date2_10_12_, this_.hcp_id as hcp_id7_10_12_, this_.hospital_id as hospital8_10_12_, this_.notes as notes3_10_12_, this_.patient_id as patient_9_10_12_, this_.type as type4_10_12_, appointmen2_.id as id1_0_0_, appointmen2_.comments as comments2_0_0_, appointmen2_.date as date3_0_0_, appointmen2_.hcp_id as hcp_id6_0_0_, appointmen2_.patient_id as patient_7_0_0_, appointmen2_.status as status4_0_0_, appointmen2_.type as type5_0_0_, user3_.username as username1_15_1_, user3_.enabled as enabled2_15_1_, user3_.password as password3_15_1_, user3_.role as role4_15_1_, user4_.username as username1_15_2_, user4_.enabled as enabled2_15_2_, user4_.password as password3_15_2_, user4_.role as role4_15_2_, basichealt5_.id as id1_1_3_, basichealt5_.diastolic as diastoli2_1_3_, basichealt5_.hcp_id as hcp_id12_1_3_, basichealt5_.hdl as hdl3_1_3_, basichealt5_.headCircumference as headCirc4_1_3_, basichealt5_.height as height5_1_3_, basichealt5_.houseSmokingStatus as houseSmo6_1_3_, basichealt5_.ldl as ldl7_1_3_, basichealt5_.patient_id as patient13_1_3_, basichealt5_.patientSmokingStatus as patientS8_1_3_, basichealt5_.systolic as systolic9_1_3_, basichealt5_.tri as tri10_1_3_, basichealt5_.weight as weight11_1_3_, user6_.username as username1_15_4_, user6_.enabled as enabled2_15_4_, user6_.password as password3_15_4_, user6_.role as role4_15_4_, user7_.username as username1_15_5_, user7_.enabled as enabled2_15_5_, user7_.password as password3_15_5_, user7_.role as role4_15_5_, user8_.username as username1_15_6_, user8_.enabled as enabled2_15_6_, user8_.password as password3_15_6_, user8_.role as role4_15_6_, hospital9_.name as name1_4_7_, hospital9_.address as address2_4_7_, hospital9_.state as state3_4_7_, hospital9_.zip as zip4_4_7_, user10_.username as username1_15_8_, user10_.enabled as enabled2_15_8_, user10_.password as password3_15_8_, user10_.role as role4_15_8_, prescripti11_.prescriptions_id as prescrip8_14_14_, prescripti11_.id as id1_14_14_, prescripti11_.id as id1_14_9_, prescripti11_.dosage as dosage2_14_9_, prescripti11_.drug_id as drug_id6_14_9_, prescripti11_.endDate as endDate3_14_9_, prescripti11_.patient_id as patient_7_14_9_, prescripti11_.renewals as renewals4_14_9_, prescripti11_.startDate as startDat5_14_9_, drug12_.id as id1_3_10_, drug12_.code as code2_3_10_, drug12_.description as descript3_3_10_, drug12_.name as name4_3_10_, user13_.username as username1_15_11_, user13_.enabled as enabled2_15_11_, user13_.password as password3_15_11_, user13_.role as role4_15_11_ from OfficeVisits this_ left outer join AppointmentRequests appointmen2_ on this_.appointment_id=appointmen2_.id left outer join Users user3_ on appointmen2_.hcp_id=user3_.username left outer join Users user4_ on appointmen2_.patient_id=user4_.username left outer join BasicHealthMetrics basichealt5_ on this_.basichealthmetrics_id=basichealt5_.id left outer join Users user6_ on basichealt5_.hcp_id=user6_.username left outer join Users user7_ on basichealt5_.patient_id=user7_.username inner join Users user8_ on this_.hcp_id=user8_.username inner join Hospitals hospital9_ on this_.hospital_id=hospital9_.name inner join Users user10_ on this_.patient_id=user10_.username left outer join Prescriptions prescripti11_ on this_.id=prescripti11_.prescriptions_id left outer join Drugs drug12_ on prescripti11_.drug_id=drug12_.id left outer join Users user13_ on prescripti11_.patient_id=user13_.username where this_.id=?
08:28:51.804 [main] DEBUG org.hibernate.loader.Loader - Result set row: 0
08:28:51.804 [main] DEBUG org.hibernate.loader.Loader - Result row: null, null, null, EntityKey[edu.ncsu.csc.itrust2.models.persistent.BasicHealthMetrics#59], EntityKey[edu.ncsu.csc.itrust2.models.persistent.User#hcp], EntityKey[edu.ncsu.csc.itrust2.models.persistent.User#patient], EntityKey[edu.ncsu.csc.itrust2.models.persistent.User#hcp], EntityKey[edu.ncsu.csc.itrust2.models.persistent.Hospital#iTrust Test Hospital 2], EntityKey[edu.ncsu.csc.itrust2.models.persistent.User#patient], null, null, null, EntityKey[edu.ncsu.csc.itrust2.models.persistent.OfficeVisit#60]
08:28:51.805 [main] DEBUG org.hibernate.loader.Loader - Result set contains (possibly empty) collection: [edu.ncsu.csc.itrust2.models.persistent.OfficeVisit.prescriptions#60]
08:28:51.812 [main] DEBUG o.h.engine.internal.TwoPhaseLoad - Resolving associations for [edu.ncsu.csc.itrust2.models.persistent.BasicHealthMetrics#59]
08:28:51.813 [main] DEBUG o.h.engine.internal.TwoPhaseLoad - Done materializing entity [edu.ncsu.csc.itrust2.models.persistent.BasicHealthMetrics#59]
08:28:51.814 [main] DEBUG o.h.engine.internal.TwoPhaseLoad - Resolving associations for [edu.ncsu.csc.itrust2.models.persistent.User#hcp]
08:28:51.814 [main] DEBUG o.h.engine.internal.TwoPhaseLoad - Done materializing entity [edu.ncsu.csc.itrust2.models.persistent.User#hcp]
08:28:51.814 [main] DEBUG o.h.engine.internal.TwoPhaseLoad - Resolving associations for [edu.ncsu.csc.itrust2.models.persistent.User#patient]
08:28:51.814 [main] DEBUG o.h.engine.internal.TwoPhaseLoad - Done materializing entity [edu.ncsu.csc.itrust2.models.persistent.User#patient]
08:28:51.814 [main] DEBUG o.h.engine.internal.TwoPhaseLoad - Resolving associations for [edu.ncsu.csc.itrust2.models.persistent.Hospital#iTrust Test Hospital 2]
08:28:51.814 [main] DEBUG o.h.engine.internal.TwoPhaseLoad - Done materializing entity [edu.ncsu.csc.itrust2.models.persistent.Hospital#iTrust Test Hospital 2]
08:28:51.815 [main] DEBUG o.h.engine.internal.TwoPhaseLoad - Resolving associations for [edu.ncsu.csc.itrust2.models.persistent.OfficeVisit#60]
08:28:51.815 [main] DEBUG o.h.engine.internal.TwoPhaseLoad - Done materializing entity [edu.ncsu.csc.itrust2.models.persistent.OfficeVisit#60]
08:28:51.815 [main] DEBUG o.h.e.l.i.CollectionLoadContext - 1 collections were found in result set for role: edu.ncsu.csc.itrust2.models.persistent.OfficeVisit.prescriptions
08:28:51.815 [main] DEBUG o.h.e.l.i.CollectionLoadContext - Collection fully initialized: [edu.ncsu.csc.itrust2.models.persistent.OfficeVisit.prescriptions#60]
08:28:51.815 [main] DEBUG o.h.e.l.i.CollectionLoadContext - 1 collections initialized for role: edu.ncsu.csc.itrust2.models.persistent.OfficeVisit.prescriptions
08:28:51.816 [main] DEBUG o.h.e.t.internal.TransactionImpl - committing
08:28:51.816 [main] DEBUG o.h.e.i.AbstractFlushingEventListener - Processing flush-time cascades
08:28:51.816 [main] DEBUG o.h.e.i.AbstractFlushingEventListener - Dirty checking collections
08:28:51.816 [main] DEBUG o.h.engine.internal.Collections - Collection found: [edu.ncsu.csc.itrust2.models.persistent.OfficeVisit.prescriptions#60], was: [edu.ncsu.csc.itrust2.models.persistent.OfficeVisit.prescriptions#60] (initialized)
08:28:51.817 [main] DEBUG o.h.e.i.AbstractFlushingEventListener - Flushed: 0 insertions, 0 updates, 0 deletions to 5 objects
08:28:51.817 [main] DEBUG o.h.e.i.AbstractFlushingEventListener - Flushed: 0 (re)creations, 0 updates, 0 removals to 1 collections
08:28:51.817 [main] DEBUG o.h.internal.util.EntityPrinter - Listing entities:
08:28:51.818 [main] DEBUG o.h.internal.util.EntityPrinter - edu.ncsu.csc.itrust2.models.persistent.BasicHealthMetrics{patientSmokingStatus=null, headCircumference=null, weight=null, tri=null, hdl=null, diastolic=null, systolic=null, hcp=edu.ncsu.csc.itrust2.models.persistent.User#hcp, ldl=null, houseSmokingStatus=null, patient=edu.ncsu.csc.itrust2.models.persistent.User#patient, id=59, height=null}
08:28:51.818 [main] DEBUG o.h.internal.util.EntityPrinter - edu.ncsu.csc.itrust2.models.persistent.User{password=$2a$10$EblZqNptyYvcLm/VwDCVAuBjzZOI7khzdyGPBr08PpIi0na624b8., role=ROLE_PATIENT, enabled=1, username=patient}
08:28:51.818 [main] DEBUG o.h.internal.util.EntityPrinter - edu.ncsu.csc.itrust2.models.persistent.OfficeVisit{date=java.util.GregorianCalendar[time=2470657800000,areFieldsSet=true,areAllFieldsSet=true,lenient=true,zone=sun.util.calendar.ZoneInfo[id="America/New_York",offset=-18000000,dstSavings=3600000,useDaylight=true,transitions=235,lastRule=java.util.SimpleTimeZone[id=America/New_York,offset=-18000000,dstSavings=3600000,useDaylight=true,startYear=0,startMode=3,startMonth=2,startDay=8,startDayOfWeek=1,startTime=7200000,startTimeMode=0,endMode=3,endMonth=10,endDay=1,endDayOfWeek=1,endTime=7200000,endTimeMode=0]],firstDayOfWeek=1,minimalDaysInFirstWeek=1,ERA=1,YEAR=2048,MONTH=3,WEEK_OF_YEAR=16,WEEK_OF_MONTH=3,DAY_OF_MONTH=16,DAY_OF_YEAR=107,DAY_OF_WEEK=5,DAY_OF_WEEK_IN_MONTH=3,AM_PM=0,HOUR=9,HOUR_OF_DAY=9,MINUTE=50,SECOND=0,MILLISECOND=0,ZONE_OFFSET=-18000000,DST_OFFSET=3600000], notes=Test office visit, hcp=edu.ncsu.csc.itrust2.models.persistent.User#hcp, patient=edu.ncsu.csc.itrust2.models.persistent.User#patient, basicHealthMetrics=edu.ncsu.csc.itrust2.models.persistent.BasicHealthMetrics#59, appointment=null, id=60, hospital=edu.ncsu.csc.itrust2.models.persistent.Hospital#iTrust Test Hospital 2, type=GENERAL_CHECKUP, prescriptions=[]}
08:28:51.818 [main] DEBUG o.h.internal.util.EntityPrinter - edu.ncsu.csc.itrust2.models.persistent.User{password=$2a$10$EblZqNptyYvcLm/VwDCVAuBjzZOI7khzdyGPBr08PpIi0na624b8., role=ROLE_HCP, enabled=1, username=hcp}
08:28:51.818 [main] DEBUG o.h.internal.util.EntityPrinter - edu.ncsu.csc.itrust2.models.persistent.Hospital{zip=27607, address=1 iTrust Test Street, name=iTrust Test Hospital 2, state=NC}
08:28:51.820 [main] DEBUG o.s.w.s.m.m.a.HttpEntityMethodProcessor - Written [{"status":"failed","message":"Office visit with the id 60 already exists"}] as "text/plain" using [org.springframework.http.converter.StringHttpMessageConverter@7150f3ad]
08:28:51.820 [main] DEBUG o.s.t.w.s.TestDispatcherServlet - Null ModelAndView returned to DispatcherServlet with name '': assuming HandlerAdapter completed request handling
08:28:51.820 [main] DEBUG o.s.t.w.s.TestDispatcherServlet - Successfully completed request
08:28:51.821 [main] DEBUG o.s.t.w.s.TestDispatcherServlet - DispatcherServlet with name '' processing GET request for [/api/v1/officevisits/60]
08:28:51.821 [main] DEBUG o.s.w.s.m.m.a.RequestMappingHandlerMapping - Looking up handler method for path /api/v1/officevisits/60
08:28:51.822 [main] DEBUG o.s.w.s.m.m.a.RequestMappingHandlerMapping - Returning handler method [public org.springframework.http.ResponseEntity edu.ncsu.csc.itrust2.controllers.api.APIOfficeVisitController.getOfficeVisit(java.lang.Long)]
08:28:51.822 [main] DEBUG o.s.b.f.s.DefaultListableBeanFactory - Returning cached instance of singleton bean 'APIOfficeVisitController'
08:28:51.822 [main] DEBUG o.s.t.w.s.TestDispatcherServlet - Last-Modified value for [/api/v1/officevisits/60] is: -1
08:28:51.823 [main] DEBUG o.h.e.t.internal.TransactionImpl - begin
08:28:51.833 [main] DEBUG org.hibernate.SQL - select this_.id as id1_10_12_, this_.appointment_id as appointm5_10_12_, this_.basichealthmetrics_id as basichea6_10_12_, this_.date as date2_10_12_, this_.hcp_id as hcp_id7_10_12_, this_.hospital_id as hospital8_10_12_, this_.notes as notes3_10_12_, this_.patient_id as patient_9_10_12_, this_.type as type4_10_12_, appointmen2_.id as id1_0_0_, appointmen2_.comments as comments2_0_0_, appointmen2_.date as date3_0_0_, appointmen2_.hcp_id as hcp_id6_0_0_, appointmen2_.patient_id as patient_7_0_0_, appointmen2_.status as status4_0_0_, appointmen2_.type as type5_0_0_, user3_.username as username1_15_1_, user3_.enabled as enabled2_15_1_, user3_.password as password3_15_1_, user3_.role as role4_15_1_, user4_.username as username1_15_2_, user4_.enabled as enabled2_15_2_, user4_.password as password3_15_2_, user4_.role as role4_15_2_, basichealt5_.id as id1_1_3_, basichealt5_.diastolic as diastoli2_1_3_, basichealt5_.hcp_id as hcp_id12_1_3_, basichealt5_.hdl as hdl3_1_3_, basichealt5_.headCircumference as headCirc4_1_3_, basichealt5_.height as height5_1_3_, basichealt5_.houseSmokingStatus as houseSmo6_1_3_, basichealt5_.ldl as ldl7_1_3_, basichealt5_.patient_id as patient13_1_3_, basichealt5_.patientSmokingStatus as patientS8_1_3_, basichealt5_.systolic as systolic9_1_3_, basichealt5_.tri as tri10_1_3_, basichealt5_.weight as weight11_1_3_, user6_.username as username1_15_4_, user6_.enabled as enabled2_15_4_, user6_.password as password3_15_4_, user6_.role as role4_15_4_, user7_.username as username1_15_5_, user7_.enabled as enabled2_15_5_, user7_.password as password3_15_5_, user7_.role as role4_15_5_, user8_.username as username1_15_6_, user8_.enabled as enabled2_15_6_, user8_.password as password3_15_6_, user8_.role as role4_15_6_, hospital9_.name as name1_4_7_, hospital9_.address as address2_4_7_, hospital9_.state as state3_4_7_, hospital9_.zip as zip4_4_7_, user10_.username as username1_15_8_, user10_.enabled as enabled2_15_8_, user10_.password as password3_15_8_, user10_.role as role4_15_8_, prescripti11_.prescriptions_id as prescrip8_14_14_, prescripti11_.id as id1_14_14_, prescripti11_.id as id1_14_9_, prescripti11_.dosage as dosage2_14_9_, prescripti11_.drug_id as drug_id6_14_9_, prescripti11_.endDate as endDate3_14_9_, prescripti11_.patient_id as patient_7_14_9_, prescripti11_.renewals as renewals4_14_9_, prescripti11_.startDate as startDat5_14_9_, drug12_.id as id1_3_10_, drug12_.code as code2_3_10_, drug12_.description as descript3_3_10_, drug12_.name as name4_3_10_, user13_.username as username1_15_11_, user13_.enabled as enabled2_15_11_, user13_.password as password3_15_11_, user13_.role as role4_15_11_ from OfficeVisits this_ left outer join AppointmentRequests appointmen2_ on this_.appointment_id=appointmen2_.id left outer join Users user3_ on appointmen2_.hcp_id=user3_.username left outer join Users user4_ on appointmen2_.patient_id=user4_.username left outer join BasicHealthMetrics basichealt5_ on this_.basichealthmetrics_id=basichealt5_.id left outer join Users user6_ on basichealt5_.hcp_id=user6_.username left outer join Users user7_ on basichealt5_.patient_id=user7_.username inner join Users user8_ on this_.hcp_id=user8_.username inner join Hospitals hospital9_ on this_.hospital_id=hospital9_.name inner join Users user10_ on this_.patient_id=user10_.username left outer join Prescriptions prescripti11_ on this_.id=prescripti11_.prescriptions_id left outer join Drugs drug12_ on prescripti11_.drug_id=drug12_.id left outer join Users user13_ on prescripti11_.patient_id=user13_.username where this_.id=?
Hibernate: select this_.id as id1_10_12_, this_.appointment_id as appointm5_10_12_, this_.basichealthmetrics_id as basichea6_10_12_, this_.date as date2_10_12_, this_.hcp_id as hcp_id7_10_12_, this_.hospital_id as hospital8_10_12_, this_.notes as notes3_10_12_, this_.patient_id as patient_9_10_12_, this_.type as type4_10_12_, appointmen2_.id as id1_0_0_, appointmen2_.comments as comments2_0_0_, appointmen2_.date as date3_0_0_, appointmen2_.hcp_id as hcp_id6_0_0_, appointmen2_.patient_id as patient_7_0_0_, appointmen2_.status as status4_0_0_, appointmen2_.type as type5_0_0_, user3_.username as username1_15_1_, user3_.enabled as enabled2_15_1_, user3_.password as password3_15_1_, user3_.role as role4_15_1_, user4_.username as username1_15_2_, user4_.enabled as enabled2_15_2_, user4_.password as password3_15_2_, user4_.role as role4_15_2_, basichealt5_.id as id1_1_3_, basichealt5_.diastolic as diastoli2_1_3_, basichealt5_.hcp_id as hcp_id12_1_3_, basichealt5_.hdl as hdl3_1_3_, basichealt5_.headCircumference as headCirc4_1_3_, basichealt5_.height as height5_1_3_, basichealt5_.houseSmokingStatus as houseSmo6_1_3_, basichealt5_.ldl as ldl7_1_3_, basichealt5_.patient_id as patient13_1_3_, basichealt5_.patientSmokingStatus as patientS8_1_3_, basichealt5_.systolic as systolic9_1_3_, basichealt5_.tri as tri10_1_3_, basichealt5_.weight as weight11_1_3_, user6_.username as username1_15_4_, user6_.enabled as enabled2_15_4_, user6_.password as password3_15_4_, user6_.role as role4_15_4_, user7_.username as username1_15_5_, user7_.enabled as enabled2_15_5_, user7_.password as password3_15_5_, user7_.role as role4_15_5_, user8_.username as username1_15_6_, user8_.enabled as enabled2_15_6_, user8_.password as password3_15_6_, user8_.role as role4_15_6_, hospital9_.name as name1_4_7_, hospital9_.address as address2_4_7_, hospital9_.state as state3_4_7_, hospital9_.zip as zip4_4_7_, user10_.username as username1_15_8_, user10_.enabled as enabled2_15_8_, user10_.password as password3_15_8_, user10_.role as role4_15_8_, prescripti11_.prescriptions_id as prescrip8_14_14_, prescripti11_.id as id1_14_14_, prescripti11_.id as id1_14_9_, prescripti11_.dosage as dosage2_14_9_, prescripti11_.drug_id as drug_id6_14_9_, prescripti11_.endDate as endDate3_14_9_, prescripti11_.patient_id as patient_7_14_9_, prescripti11_.renewals as renewals4_14_9_, prescripti11_.startDate as startDat5_14_9_, drug12_.id as id1_3_10_, drug12_.code as code2_3_10_, drug12_.description as descript3_3_10_, drug12_.name as name4_3_10_, user13_.username as username1_15_11_, user13_.enabled as enabled2_15_11_, user13_.password as password3_15_11_, user13_.role as role4_15_11_ from OfficeVisits this_ left outer join AppointmentRequests appointmen2_ on this_.appointment_id=appointmen2_.id left outer join Users user3_ on appointmen2_.hcp_id=user3_.username left outer join Users user4_ on appointmen2_.patient_id=user4_.username left outer join BasicHealthMetrics basichealt5_ on this_.basichealthmetrics_id=basichealt5_.id left outer join Users user6_ on basichealt5_.hcp_id=user6_.username left outer join Users user7_ on basichealt5_.patient_id=user7_.username inner join Users user8_ on this_.hcp_id=user8_.username inner join Hospitals hospital9_ on this_.hospital_id=hospital9_.name inner join Users user10_ on this_.patient_id=user10_.username left outer join Prescriptions prescripti11_ on this_.id=prescripti11_.prescriptions_id left outer join Drugs drug12_ on prescripti11_.drug_id=drug12_.id left outer join Users user13_ on prescripti11_.patient_id=user13_.username where this_.id=?
08:28:51.835 [main] DEBUG org.hibernate.loader.Loader - Result set row: 0
08:28:51.835 [main] DEBUG org.hibernate.loader.Loader - Result row: null, null, null, EntityKey[edu.ncsu.csc.itrust2.models.persistent.BasicHealthMetrics#59], EntityKey[edu.ncsu.csc.itrust2.models.persistent.User#hcp], EntityKey[edu.ncsu.csc.itrust2.models.persistent.User#patient], EntityKey[edu.ncsu.csc.itrust2.models.persistent.User#hcp], EntityKey[edu.ncsu.csc.itrust2.models.persistent.Hospital#iTrust Test Hospital 2], EntityKey[edu.ncsu.csc.itrust2.models.persistent.User#patient], null, null, null, EntityKey[edu.ncsu.csc.itrust2.models.persistent.OfficeVisit#60]
08:28:51.836 [main] DEBUG org.hibernate.loader.Loader - Result set contains (possibly empty) collection: [edu.ncsu.csc.itrust2.models.persistent.OfficeVisit.prescriptions#60]
08:28:51.836 [main] DEBUG o.h.engine.internal.TwoPhaseLoad - Resolving associations for [edu.ncsu.csc.itrust2.models.persistent.BasicHealthMetrics#59]
08:28:51.837 [main] DEBUG o.h.engine.internal.TwoPhaseLoad - Done materializing entity [edu.ncsu.csc.itrust2.models.persistent.BasicHealthMetrics#59]
08:28:51.837 [main] DEBUG o.h.engine.internal.TwoPhaseLoad - Resolving associations for [edu.ncsu.csc.itrust2.models.persistent.User#hcp]
08:28:51.837 [main] DEBUG o.h.engine.internal.TwoPhaseLoad - Done materializing entity [edu.ncsu.csc.itrust2.models.persistent.User#hcp]
08:28:51.837 [main] DEBUG o.h.engine.internal.TwoPhaseLoad - Resolving associations for [edu.ncsu.csc.itrust2.models.persistent.User#patient]
08:28:51.837 [main] DEBUG o.h.engine.internal.TwoPhaseLoad - Done materializing entity [edu.ncsu.csc.itrust2.models.persistent.User#patient]
08:28:51.837 [main] DEBUG o.h.engine.internal.TwoPhaseLoad - Resolving associations for [edu.ncsu.csc.itrust2.models.persistent.Hospital#iTrust Test Hospital 2]
08:28:51.837 [main] DEBUG o.h.engine.internal.TwoPhaseLoad - Done materializing entity [edu.ncsu.csc.itrust2.models.persistent.Hospital#iTrust Test Hospital 2]
08:28:51.838 [main] DEBUG o.h.engine.internal.TwoPhaseLoad - Resolving associations for [edu.ncsu.csc.itrust2.models.persistent.OfficeVisit#60]
08:28:51.838 [main] DEBUG o.h.engine.internal.TwoPhaseLoad - Done materializing entity [edu.ncsu.csc.itrust2.models.persistent.OfficeVisit#60]
08:28:51.838 [main] DEBUG o.h.e.l.i.CollectionLoadContext - 1 collections were found in result set for role: edu.ncsu.csc.itrust2.models.persistent.OfficeVisit.prescriptions
08:28:51.838 [main] DEBUG o.h.e.l.i.CollectionLoadContext - Collection fully initialized: [edu.ncsu.csc.itrust2.models.persistent.OfficeVisit.prescriptions#60]
08:28:51.838 [main] DEBUG o.h.e.l.i.CollectionLoadContext - 1 collections initialized for role: edu.ncsu.csc.itrust2.models.persistent.OfficeVisit.prescriptions
08:28:51.839 [main] DEBUG o.h.e.t.internal.TransactionImpl - committing
08:28:51.839 [main] DEBUG o.h.e.i.AbstractFlushingEventListener - Processing flush-time cascades
08:28:51.839 [main] DEBUG o.h.e.i.AbstractFlushingEventListener - Dirty checking collections
08:28:51.839 [main] DEBUG o.h.engine.internal.Collections - Collection found: [edu.ncsu.csc.itrust2.models.persistent.OfficeVisit.prescriptions#60], was: [edu.ncsu.csc.itrust2.models.persistent.OfficeVisit.prescriptions#60] (initialized)
08:28:51.839 [main] DEBUG o.h.e.i.AbstractFlushingEventListener - Flushed: 0 insertions, 0 updates, 0 deletions to 5 objects
08:28:51.840 [main] DEBUG o.h.e.i.AbstractFlushingEventListener - Flushed: 0 (re)creations, 0 updates, 0 removals to 1 collections
08:28:51.840 [main] DEBUG o.h.internal.util.EntityPrinter - Listing entities:
08:28:51.840 [main] DEBUG o.h.internal.util.EntityPrinter - edu.ncsu.csc.itrust2.models.persistent.BasicHealthMetrics{patientSmokingStatus=null, headCircumference=null, weight=null, tri=null, hdl=null, diastolic=null, systolic=null, hcp=edu.ncsu.csc.itrust2.models.persistent.User#hcp, ldl=null, houseSmokingStatus=null, patient=edu.ncsu.csc.itrust2.models.persistent.User#patient, id=59, height=null}
08:28:51.840 [main] DEBUG o.h.internal.util.EntityPrinter - edu.ncsu.csc.itrust2.models.persistent.User{password=$2a$10$EblZqNptyYvcLm/VwDCVAuBjzZOI7khzdyGPBr08PpIi0na624b8., role=ROLE_PATIENT, enabled=1, username=patient}
08:28:51.840 [main] DEBUG o.h.internal.util.EntityPrinter - edu.ncsu.csc.itrust2.models.persistent.OfficeVisit{date=java.util.GregorianCalendar[time=2470657800000,areFieldsSet=true,areAllFieldsSet=true,lenient=true,zone=sun.util.calendar.ZoneInfo[id="America/New_York",offset=-18000000,dstSavings=3600000,useDaylight=true,transitions=235,lastRule=java.util.SimpleTimeZone[id=America/New_York,offset=-18000000,dstSavings=3600000,useDaylight=true,startYear=0,startMode=3,startMonth=2,startDay=8,startDayOfWeek=1,startTime=7200000,startTimeMode=0,endMode=3,endMonth=10,endDay=1,endDayOfWeek=1,endTime=7200000,endTimeMode=0]],firstDayOfWeek=1,minimalDaysInFirstWeek=1,ERA=1,YEAR=2048,MONTH=3,WEEK_OF_YEAR=16,WEEK_OF_MONTH=3,DAY_OF_MONTH=16,DAY_OF_YEAR=107,DAY_OF_WEEK=5,DAY_OF_WEEK_IN_MONTH=3,AM_PM=0,HOUR=9,HOUR_OF_DAY=9,MINUTE=50,SECOND=0,MILLISECOND=0,ZONE_OFFSET=-18000000,DST_OFFSET=3600000], notes=Test office visit, hcp=edu.ncsu.csc.itrust2.models.persistent.User#hcp, patient=edu.ncsu.csc.itrust2.models.persistent.User#patient, basicHealthMetrics=edu.ncsu.csc.itrust2.models.persistent.BasicHealthMetrics#59, appointment=null, id=60, hospital=edu.ncsu.csc.itrust2.models.persistent.Hospital#iTrust Test Hospital 2, type=GENERAL_CHECKUP, prescriptions=[]}
08:28:51.840 [main] DEBUG o.h.internal.util.EntityPrinter - edu.ncsu.csc.itrust2.models.persistent.User{password=$2a$10$EblZqNptyYvcLm/VwDCVAuBjzZOI7khzdyGPBr08PpIi0na624b8., role=ROLE_HCP, enabled=1, username=hcp}
08:28:51.840 [main] DEBUG o.h.internal.util.EntityPrinter - edu.ncsu.csc.itrust2.models.persistent.Hospital{zip=27607, address=1 iTrust Test Street, name=iTrust Test Hospital 2, state=NC}
08:28:51.842 [main] DEBUG o.h.e.t.internal.TransactionImpl - begin
08:28:51.843 [main] DEBUG org.hibernate.SQL - select this_.username as username1_15_0_, this_.enabled as enabled2_15_0_, this_.password as password3_15_0_, this_.role as role4_15_0_ from Users this_ where this_.username=?
Hibernate: select this_.username as username1_15_0_, this_.enabled as enabled2_15_0_, this_.password as password3_15_0_, this_.role as role4_15_0_ from Users this_ where this_.username=?
08:28:51.851 [main] DEBUG o.h.e.t.internal.TransactionImpl - committing
08:28:51.851 [main] DEBUG o.s.w.s.m.m.a.ExceptionHandlerExceptionResolver - Resolving exception from handler [public org.springframework.http.ResponseEntity edu.ncsu.csc.itrust2.controllers.api.APIOfficeVisitController.getOfficeVisit(java.lang.Long)]: java.lang.NullPointerException
08:28:51.852 [main] DEBUG o.s.w.s.m.a.ResponseStatusExceptionResolver - Resolving exception from handler [public org.springframework.http.ResponseEntity edu.ncsu.csc.itrust2.controllers.api.APIOfficeVisitController.getOfficeVisit(java.lang.Long)]: java.lang.NullPointerException
08:28:51.852 [main] DEBUG o.s.w.s.m.s.DefaultHandlerExceptionResolver - Resolving exception from handler [public org.springframework.http.ResponseEntity edu.ncsu.csc.itrust2.controllers.api.APIOfficeVisitController.getOfficeVisit(java.lang.Long)]: java.lang.NullPointerException
08:28:51.853 [main] DEBUG o.s.t.w.s.TestDispatcherServlet - Could not complete request
java.lang.NullPointerException: null
	at edu.ncsu.csc.itrust2.controllers.api.APIOfficeVisitController.getOfficeVisit(APIOfficeVisitController.java:76) ~[classes/:na]
	at edu.ncsu.csc.itrust2.controllers.api.APIOfficeVisitController$$FastClassBySpringCGLIB$$3e0f2ac1.invoke(<generated>) ~[classes/:na]
	at org.springframework.cglib.proxy.MethodProxy.invoke(MethodProxy.java:204) ~[spring-core-4.3.5.RELEASE.jar:4.3.5.RELEASE]
	at org.springframework.aop.framework.CglibAopProxy$DynamicAdvisedInterceptor.intercept(CglibAopProxy.java:652) ~[spring-aop-4.3.5.RELEASE.jar:4.3.5.RELEASE]
	at edu.ncsu.csc.itrust2.controllers.api.APIOfficeVisitController$$EnhancerBySpringCGLIB$$e2a19132.getOfficeVisit(<generated>) ~[classes/:na]
	at sun.reflect.NativeMethodAccessorImpl.invoke0(Native Method) ~[na:1.8.0_161]
	at sun.reflect.NativeMethodAccessorImpl.invoke(NativeMethodAccessorImpl.java:62) ~[na:1.8.0_161]
	at sun.reflect.DelegatingMethodAccessorImpl.invoke(DelegatingMethodAccessorImpl.java:43) ~[na:1.8.0_161]
	at java.lang.reflect.Method.invoke(Method.java:498) ~[na:1.8.0_161]
	at org.springframework.web.method.support.InvocableHandlerMethod.doInvoke(InvocableHandlerMethod.java:220) ~[spring-web-4.3.5.RELEASE.jar:4.3.5.RELEASE]
	at org.springframework.web.method.support.InvocableHandlerMethod.invokeForRequest(InvocableHandlerMethod.java:134) ~[spring-web-4.3.5.RELEASE.jar:4.3.5.RELEASE]
	at org.springframework.web.servlet.mvc.method.annotation.ServletInvocableHandlerMethod.invokeAndHandle(ServletInvocableHandlerMethod.java:116) ~[spring-webmvc-4.3.5.RELEASE.jar:4.3.5.RELEASE]
	at org.springframework.web.servlet.mvc.method.annotation.RequestMappingHandlerAdapter.invokeHandlerMethod(RequestMappingHandlerAdapter.java:827) ~[spring-webmvc-4.3.5.RELEASE.jar:4.3.5.RELEASE]
	at org.springframework.web.servlet.mvc.method.annotation.RequestMappingHandlerAdapter.handleInternal(RequestMappingHandlerAdapter.java:738) ~[spring-webmvc-4.3.5.RELEASE.jar:4.3.5.RELEASE]
	at org.springframework.web.servlet.mvc.method.AbstractHandlerMethodAdapter.handle(AbstractHandlerMethodAdapter.java:85) ~[spring-webmvc-4.3.5.RELEASE.jar:4.3.5.RELEASE]
	at org.springframework.web.servlet.DispatcherServlet.doDispatch(DispatcherServlet.java:963) ~[spring-webmvc-4.3.5.RELEASE.jar:4.3.5.RELEASE]
	at org.springframework.web.servlet.DispatcherServlet.doService(DispatcherServlet.java:897) ~[spring-webmvc-4.3.5.RELEASE.jar:4.3.5.RELEASE]
	at org.springframework.web.servlet.FrameworkServlet.processRequest(FrameworkServlet.java:970) [spring-webmvc-4.3.5.RELEASE.jar:4.3.5.RELEASE]
	at org.springframework.web.servlet.FrameworkServlet.doGet(FrameworkServlet.java:861) [spring-webmvc-4.3.5.RELEASE.jar:4.3.5.RELEASE]
	at javax.servlet.http.HttpServlet.service(HttpServlet.java:668) [javax.servlet-api-3.0.1.jar:3.0.1]
	at org.springframework.web.servlet.FrameworkServlet.service(FrameworkServlet.java:846) [spring-webmvc-4.3.5.RELEASE.jar:4.3.5.RELEASE]
	at org.springframework.test.web.servlet.TestDispatcherServlet.service(TestDispatcherServlet.java:65) [spring-test-4.3.5.RELEASE.jar:4.3.5.RELEASE]
	at javax.servlet.http.HttpServlet.service(HttpServlet.java:770) [javax.servlet-api-3.0.1.jar:3.0.1]
	at org.springframework.mock.web.MockFilterChain$ServletFilterProxy.doFilter(MockFilterChain.java:167) [spring-test-4.3.5.RELEASE.jar:4.3.5.RELEASE]
	at org.springframework.mock.web.MockFilterChain.doFilter(MockFilterChain.java:134) [spring-test-4.3.5.RELEASE.jar:4.3.5.RELEASE]
	at org.springframework.test.web.servlet.MockMvc.perform(MockMvc.java:155) [spring-test-4.3.5.RELEASE.jar:4.3.5.RELEASE]
	at edu.ncsu.csc.itrust2.apitest.APIOfficeVisitTest.testOfficeVisitAPI(APIOfficeVisitTest.java:420) [test-classes/:na]
	at sun.reflect.NativeMethodAccessorImpl.invoke0(Native Method) ~[na:1.8.0_161]
	at sun.reflect.NativeMethodAccessorImpl.invoke(NativeMethodAccessorImpl.java:62) ~[na:1.8.0_161]
	at sun.reflect.DelegatingMethodAccessorImpl.invoke(DelegatingMethodAccessorImpl.java:43) ~[na:1.8.0_161]
	at java.lang.reflect.Method.invoke(Method.java:498) ~[na:1.8.0_161]
	at org.junit.runners.model.FrameworkMethod$1.runReflectiveCall(FrameworkMethod.java:50) [junit-4.12.jar:4.12]
	at org.junit.internal.runners.model.ReflectiveCallable.run(ReflectiveCallable.java:12) [junit-4.12.jar:4.12]
	at org.junit.runners.model.FrameworkMethod.invokeExplosively(FrameworkMethod.java:47) [junit-4.12.jar:4.12]
	at org.junit.internal.runners.statements.InvokeMethod.evaluate(InvokeMethod.java:17) [junit-4.12.jar:4.12]
	at org.junit.internal.runners.statements.RunBefores.evaluate(RunBefores.java:26) [junit-4.12.jar:4.12]
	at org.springframework.test.context.junit4.statements.RunBeforeTestMethodCallbacks.evaluate(RunBeforeTestMethodCallbacks.java:75) [spring-test-4.3.5.RELEASE.jar:4.3.5.RELEASE]
	at org.springframework.test.context.junit4.statements.RunAfterTestMethodCallbacks.evaluate(RunAfterTestMethodCallbacks.java:86) [spring-test-4.3.5.RELEASE.jar:4.3.5.RELEASE]
	at org.springframework.test.context.junit4.statements.SpringRepeat.evaluate(SpringRepeat.java:84) [spring-test-4.3.5.RELEASE.jar:4.3.5.RELEASE]
	at org.junit.runners.ParentRunner.runLeaf(ParentRunner.java:325) [junit-4.12.jar:4.12]
	at org.springframework.test.context.junit4.SpringJUnit4ClassRunner.runChild(SpringJUnit4ClassRunner.java:252) [spring-test-4.3.5.RELEASE.jar:4.3.5.RELEASE]
	at org.springframework.test.context.junit4.SpringJUnit4ClassRunner.runChild(SpringJUnit4ClassRunner.java:94) [spring-test-4.3.5.RELEASE.jar:4.3.5.RELEASE]
	at org.junit.runners.ParentRunner$3.run(ParentRunner.java:290) [junit-4.12.jar:4.12]
	at org.junit.runners.ParentRunner$1.schedule(ParentRunner.java:71) [junit-4.12.jar:4.12]
	at org.junit.runners.ParentRunner.runChildren(ParentRunner.java:288) [junit-4.12.jar:4.12]
	at org.junit.runners.ParentRunner.access$000(ParentRunner.java:58) [junit-4.12.jar:4.12]
	at org.junit.runners.ParentRunner$2.evaluate(ParentRunner.java:268) [junit-4.12.jar:4.12]
	at org.springframework.test.context.junit4.statements.RunBeforeTestClassCallbacks.evaluate(RunBeforeTestClassCallbacks.java:61) [spring-test-4.3.5.RELEASE.jar:4.3.5.RELEASE]
	at org.springframework.test.context.junit4.statements.RunAfterTestClassCallbacks.evaluate(RunAfterTestClassCallbacks.java:70) [spring-test-4.3.5.RELEASE.jar:4.3.5.RELEASE]
	at org.junit.runners.ParentRunner.run(ParentRunner.java:363) [junit-4.12.jar:4.12]
	at org.springframework.test.context.junit4.SpringJUnit4ClassRunner.run(SpringJUnit4ClassRunner.java:191) [spring-test-4.3.5.RELEASE.jar:4.3.5.RELEASE]
	at org.apache.maven.surefire.junit4.JUnit4Provider.execute(JUnit4Provider.java:365) [surefire-junit4-2.20.jar:2.20]
	at org.apache.maven.surefire.junit4.JUnit4Provider.executeWithRerun(JUnit4Provider.java:272) [surefire-junit4-2.20.jar:2.20]
	at org.apache.maven.surefire.junit4.JUnit4Provider.executeTestSet(JUnit4Provider.java:236) [surefire-junit4-2.20.jar:2.20]
	at org.apache.maven.surefire.junit4.JUnit4Provider.invoke(JUnit4Provider.java:159) [surefire-junit4-2.20.jar:2.20]
	at org.apache.maven.surefire.booter.ForkedBooter.invokeProviderInSameClassLoader(ForkedBooter.java:386) [surefire-booter-2.20.jar:2.20]
	at org.apache.maven.surefire.booter.ForkedBooter.runSuitesInProcess(ForkedBooter.java:323) [surefire-booter-2.20.jar:2.20]
	at org.apache.maven.surefire.booter.ForkedBooter.main(ForkedBooter.java:143) [surefire-booter-2.20.jar:2.20]
08:28:51.855 [main] DEBUG o.s.t.c.s.AbstractDirtiesContextTestExecutionListener - After test method: context [DefaultTestContext@7f46062e testClass = APIOfficeVisitTest, testInstance = edu.ncsu.csc.itrust2.apitest.APIOfficeVisitTest@3a4bb03e, testMethod = testOfficeVisitAPI@APIOfficeVisitTest, testException = org.springframework.web.util.NestedServletException: Request processing failed; nested exception is java.lang.NullPointerException, mergedContextConfiguration = [WebMergedContextConfiguration@507948c8 testClass = APIOfficeVisitTest, locations = '{}', classes = '{class edu.ncsu.csc.itrust2.config.RootConfiguration, class edu.ncsu.csc.itrust2.mvc.config.WebMvcConfiguration}', contextInitializerClasses = '[]', activeProfiles = '{}', propertySourceLocations = '{}', propertySourceProperties = '{}', contextCustomizers = set[[empty]], resourceBasePath = 'src/main/webapp', contextLoader = 'org.springframework.test.context.web.WebDelegatingSmartContextLoader', parent = [null]]], class annotated with @DirtiesContext [false] with mode [null], method annotated with @DirtiesContext [false] with mode [null].
08:28:51.855 [main] DEBUG o.s.t.c.w.ServletTestExecutionListener - Resetting RequestContextHolder for test context [DefaultTestContext@7f46062e testClass = APIOfficeVisitTest, testInstance = edu.ncsu.csc.itrust2.apitest.APIOfficeVisitTest@3a4bb03e, testMethod = testOfficeVisitAPI@APIOfficeVisitTest, testException = org.springframework.web.util.NestedServletException: Request processing failed; nested exception is java.lang.NullPointerException, mergedContextConfiguration = [WebMergedContextConfiguration@507948c8 testClass = APIOfficeVisitTest, locations = '{}', classes = '{class edu.ncsu.csc.itrust2.config.RootConfiguration, class edu.ncsu.csc.itrust2.mvc.config.WebMvcConfiguration}', contextInitializerClasses = '[]', activeProfiles = '{}', propertySourceLocations = '{}', propertySourceProperties = '{}', contextCustomizers = set[[empty]], resourceBasePath = 'src/main/webapp', contextLoader = 'org.springframework.test.context.web.WebDelegatingSmartContextLoader', parent = [null]]].
]]></system-out>
    <system-err><![CDATA[HOSPITALS
]]></system-err>
  </testcase>
  <testcase name="testPreScheduledOfficeVisit" classname="edu.ncsu.csc.itrust2.apitest.APIOfficeVisitTest" time="0.985"/>
</testsuite>