<?xml version="1.0" encoding="UTF-8"?>
<testsuite xmlns:xsi="http://www.w3.org/2001/XMLSchema-instance" xsi:noNamespaceSchemaLocation="https://maven.apache.org/surefire/maven-surefire-plugin/xsd/surefire-test-report.xsd" name="edu.ncsu.csc.itrust2.apitest.APIDiagnosisTest" time="4.707" tests="1" errors="1" skipped="0" failures="0">
  <properties>
    <property name="java.runtime.name" value="Java(TM) SE Runtime Environment"/>
    <property name="sun.boot.library.path" value="/usr/lib/jvm/java-8-oracle/jre/lib/amd64"/>
    <property name="java.vm.version" value="25.161-b12"/>
    <property name="java.vm.vendor" value="Oracle Corporation"/>
    <property name="java.vendor.url" value="http://java.oracle.com/"/>
    <property name="path.separator" value=":"/>
    <property name="guice.disable.misplaced.annotation.check" value="true"/>
    <property name="java.vm.name" value="Java HotSpot(TM) 64-Bit Server VM"/>
    <property name="file.encoding.pkg" value="sun.io"/>
    <property name="user.country" value="US"/>
    <property name="sun.java.launcher" value="SUN_STANDARD"/>
    <property name="sun.os.patch.level" value="unknown"/>
    <property name="java.vm.specification.name" value="Java Virtual Machine Specification"/>
    <property name="user.dir" value="/var/lib/jenkins/workspace/iTrustBuildJob/iTrust2"/>
    <property name="java.runtime.version" value="1.8.0_161-b12"/>
    <property name="java.awt.graphicsenv" value="sun.awt.X11GraphicsEnvironment"/>
    <property name="java.endorsed.dirs" value="/usr/lib/jvm/java-8-oracle/jre/lib/endorsed"/>
    <property name="os.arch" value="amd64"/>
    <property name="java.io.tmpdir" value="/tmp"/>
    <property name="line.separator" value="&#10;"/>
    <property name="java.vm.specification.vendor" value="Oracle Corporation"/>
    <property name="os.name" value="Linux"/>
    <property name="classworlds.conf" value="/usr/share/maven/bin/m2.conf"/>
    <property name="sun.jnu.encoding" value="UTF-8"/>
    <property name="java.library.path" value="/usr/java/packages/lib/amd64:/usr/lib64:/lib64:/lib:/usr/lib"/>
    <property name="java.specification.name" value="Java Platform API Specification"/>
    <property name="java.class.version" value="52.0"/>
    <property name="sun.management.compiler" value="HotSpot 64-Bit Tiered Compilers"/>
    <property name="os.version" value="3.13.0-139-generic"/>
    <property name="user.home" value="/root"/>
    <property name="user.timezone" value="America/New_York"/>
    <property name="java.awt.printerjob" value="sun.print.PSPrinterJob"/>
    <property name="file.encoding" value="UTF-8"/>
    <property name="java.specification.version" value="1.8"/>
    <property name="user.name" value="root"/>
    <property name="java.class.path" value="/usr/share/maven/boot/plexus-classworlds-2.x.jar"/>
    <property name="java.vm.specification.version" value="1.8"/>
    <property name="sun.arch.data.model" value="64"/>
    <property name="java.home" value="/usr/lib/jvm/java-8-oracle/jre"/>
    <property name="sun.java.command" value="org.codehaus.plexus.classworlds.launcher.Launcher clean test verify checkstyle:checkstyle"/>
    <property name="java.specification.vendor" value="Oracle Corporation"/>
    <property name="user.language" value="en"/>
    <property name="awt.toolkit" value="sun.awt.X11.XToolkit"/>
    <property name="java.vm.info" value="mixed mode"/>
    <property name="java.version" value="1.8.0_161"/>
    <property name="java.ext.dirs" value="/usr/lib/jvm/java-8-oracle/jre/lib/ext:/usr/java/packages/lib/ext"/>
    <property name="securerandom.source" value="file:/dev/./urandom"/>
    <property name="sun.boot.class.path" value="/usr/lib/jvm/java-8-oracle/jre/lib/resources.jar:/usr/lib/jvm/java-8-oracle/jre/lib/rt.jar:/usr/lib/jvm/java-8-oracle/jre/lib/sunrsasign.jar:/usr/lib/jvm/java-8-oracle/jre/lib/jsse.jar:/usr/lib/jvm/java-8-oracle/jre/lib/jce.jar:/usr/lib/jvm/java-8-oracle/jre/lib/charsets.jar:/usr/lib/jvm/java-8-oracle/jre/lib/jfr.jar:/usr/lib/jvm/java-8-oracle/jre/classes"/>
    <property name="java.vendor" value="Oracle Corporation"/>
    <property name="maven.home" value="/usr/share/maven"/>
    <property name="file.separator" value="/"/>
    <property name="java.vendor.url.bug" value="http://bugreport.sun.com/bugreport/"/>
    <property name="sun.cpu.endian" value="little"/>
    <property name="sun.io.unicode.encoding" value="UnicodeLittle"/>
    <property name="sun.cpu.isalist" value=""/>
  </properties>
  <testcase name="testDiagnoses" classname="edu.ncsu.csc.itrust2.apitest.APIDiagnosisTest" time="4.705">
    <error type="java.lang.NullPointerException">java.lang.NullPointerException
	at edu.ncsu.csc.itrust2.apitest.APIDiagnosisTest.testDiagnoses(APIDiagnosisTest.java:100)
</error>
    <system-out><![CDATA[00:38:19.804 [main] DEBUG o.s.t.c.j.SpringJUnit4ClassRunner - SpringJUnit4ClassRunner constructor called with [class edu.ncsu.csc.itrust2.apitest.APIDiagnosisTest]
00:38:19.804 [main] DEBUG o.s.test.context.BootstrapUtils - Instantiating CacheAwareContextLoaderDelegate from class [org.springframework.test.context.cache.DefaultCacheAwareContextLoaderDelegate]
00:38:19.804 [main] DEBUG o.s.test.context.BootstrapUtils - Instantiating BootstrapContext using constructor [public org.springframework.test.context.support.DefaultBootstrapContext(java.lang.Class,org.springframework.test.context.CacheAwareContextLoaderDelegate)]
00:38:19.805 [main] DEBUG o.s.test.context.BootstrapUtils - Instantiating TestContextBootstrapper for test class [edu.ncsu.csc.itrust2.apitest.APIDiagnosisTest] from class [org.springframework.test.context.web.WebTestContextBootstrapper]
00:38:19.805 [main] DEBUG o.s.t.c.s.AbstractDelegatingSmartContextLoader - Delegating to AnnotationConfigWebContextLoader to process context configuration [ContextConfigurationAttributes@4c85eb6b declaringClass = 'edu.ncsu.csc.itrust2.apitest.APIDiagnosisTest', classes = '{class edu.ncsu.csc.itrust2.config.RootConfiguration, class edu.ncsu.csc.itrust2.mvc.config.WebMvcConfiguration}', locations = '{}', inheritLocations = true, initializers = '{}', inheritInitializers = true, name = [null], contextLoaderClass = 'org.springframework.test.context.ContextLoader'].
00:38:19.815 [main] DEBUG o.s.t.c.support.ActiveProfilesUtils - Could not find an 'annotation declaring class' for annotation type [org.springframework.test.context.ActiveProfiles] and class [edu.ncsu.csc.itrust2.apitest.APIDiagnosisTest]
00:38:19.816 [main] DEBUG o.s.t.c.w.WebTestContextBootstrapper - @TestExecutionListeners is not present for class [edu.ncsu.csc.itrust2.apitest.APIDiagnosisTest]: using defaults.
00:38:19.817 [main] INFO  o.s.t.c.w.WebTestContextBootstrapper - Loaded default TestExecutionListener class names from location [META-INF/spring.factories]: [org.springframework.security.test.context.support.WithSecurityContextTestExecutionListener, org.springframework.test.context.web.ServletTestExecutionListener, org.springframework.test.context.support.DirtiesContextBeforeModesTestExecutionListener, org.springframework.test.context.support.DependencyInjectionTestExecutionListener, org.springframework.test.context.support.DirtiesContextTestExecutionListener, org.springframework.test.context.transaction.TransactionalTestExecutionListener, org.springframework.test.context.jdbc.SqlScriptsTestExecutionListener]
00:38:19.817 [main] INFO  o.s.t.c.w.WebTestContextBootstrapper - Using TestExecutionListeners: [org.springframework.test.context.web.ServletTestExecutionListener@5d5d8ca6, org.springframework.test.context.support.DirtiesContextBeforeModesTestExecutionListener@65ed7661, org.springframework.test.context.support.DependencyInjectionTestExecutionListener@2bf833b5, org.springframework.test.context.support.DirtiesContextTestExecutionListener@6e576b5a, org.springframework.test.context.transaction.TransactionalTestExecutionListener@5fdef28a, org.springframework.test.context.jdbc.SqlScriptsTestExecutionListener@518ed96e, org.springframework.security.test.context.support.WithSecurityContextTestExecutionListener@3b812d71]
00:38:19.817 [main] DEBUG o.s.t.annotation.ProfileValueUtils - Retrieved @ProfileValueSourceConfiguration [null] for test class [edu.ncsu.csc.itrust2.apitest.APIDiagnosisTest]
00:38:19.817 [main] DEBUG o.s.t.annotation.ProfileValueUtils - Retrieved ProfileValueSource type [class org.springframework.test.annotation.SystemProfileValueSource] for class [edu.ncsu.csc.itrust2.apitest.APIDiagnosisTest]
00:38:19.817 [main] DEBUG o.s.t.annotation.ProfileValueUtils - Retrieved @ProfileValueSourceConfiguration [null] for test class [edu.ncsu.csc.itrust2.apitest.APIDiagnosisTest]
00:38:19.817 [main] DEBUG o.s.t.annotation.ProfileValueUtils - Retrieved ProfileValueSource type [class org.springframework.test.annotation.SystemProfileValueSource] for class [edu.ncsu.csc.itrust2.apitest.APIDiagnosisTest]
00:38:19.817 [main] DEBUG o.s.t.annotation.ProfileValueUtils - Retrieved @ProfileValueSourceConfiguration [null] for test class [edu.ncsu.csc.itrust2.apitest.APIDiagnosisTest]
00:38:19.818 [main] DEBUG o.s.t.annotation.ProfileValueUtils - Retrieved ProfileValueSource type [class org.springframework.test.annotation.SystemProfileValueSource] for class [edu.ncsu.csc.itrust2.apitest.APIDiagnosisTest]
00:38:19.818 [main] DEBUG o.s.t.c.s.AbstractDirtiesContextTestExecutionListener - Before test class: context [DefaultTestContext@6ed99ce0 testClass = APIDiagnosisTest, testInstance = [null], testMethod = [null], testException = [null], mergedContextConfiguration = [WebMergedContextConfiguration@463b7913 testClass = APIDiagnosisTest, locations = '{}', classes = '{class edu.ncsu.csc.itrust2.config.RootConfiguration, class edu.ncsu.csc.itrust2.mvc.config.WebMvcConfiguration}', contextInitializerClasses = '[]', activeProfiles = '{}', propertySourceLocations = '{}', propertySourceProperties = '{}', contextCustomizers = set[[empty]], resourceBasePath = 'src/main/webapp', contextLoader = 'org.springframework.test.context.web.WebDelegatingSmartContextLoader', parent = [null]]], class annotated with @DirtiesContext [false] with mode [null].
00:38:19.818 [main] DEBUG o.s.t.annotation.ProfileValueUtils - Retrieved @ProfileValueSourceConfiguration [null] for test class [edu.ncsu.csc.itrust2.apitest.APIDiagnosisTest]
00:38:19.818 [main] DEBUG o.s.t.annotation.ProfileValueUtils - Retrieved ProfileValueSource type [class org.springframework.test.annotation.SystemProfileValueSource] for class [edu.ncsu.csc.itrust2.apitest.APIDiagnosisTest]
00:38:19.818 [main] DEBUG o.s.t.c.c.DefaultCacheAwareContextLoaderDelegate - Retrieved ApplicationContext from cache with key [[WebMergedContextConfiguration@463b7913 testClass = APIDiagnosisTest, locations = '{}', classes = '{class edu.ncsu.csc.itrust2.config.RootConfiguration, class edu.ncsu.csc.itrust2.mvc.config.WebMvcConfiguration}', contextInitializerClasses = '[]', activeProfiles = '{}', propertySourceLocations = '{}', propertySourceProperties = '{}', contextCustomizers = set[[empty]], resourceBasePath = 'src/main/webapp', contextLoader = 'org.springframework.test.context.web.WebDelegatingSmartContextLoader', parent = [null]]]
00:38:19.818 [main] DEBUG o.springframework.test.context.cache - Spring test ApplicationContext cache statistics: [DefaultContextCache@42bfc11f size = 1, maxSize = 32, parentContextCount = 0, hitCount = 23, missCount = 1]
00:38:19.819 [main] DEBUG o.s.t.c.w.ServletTestExecutionListener - Setting up MockHttpServletRequest, MockHttpServletResponse, ServletWebRequest, and RequestContextHolder for test context [DefaultTestContext@6ed99ce0 testClass = APIDiagnosisTest, testInstance = edu.ncsu.csc.itrust2.apitest.APIDiagnosisTest@61598d13, testMethod = [null], testException = [null], mergedContextConfiguration = [WebMergedContextConfiguration@463b7913 testClass = APIDiagnosisTest, locations = '{}', classes = '{class edu.ncsu.csc.itrust2.config.RootConfiguration, class edu.ncsu.csc.itrust2.mvc.config.WebMvcConfiguration}', contextInitializerClasses = '[]', activeProfiles = '{}', propertySourceLocations = '{}', propertySourceProperties = '{}', contextCustomizers = set[[empty]], resourceBasePath = 'src/main/webapp', contextLoader = 'org.springframework.test.context.web.WebDelegatingSmartContextLoader', parent = [null]]].
00:38:19.819 [main] DEBUG o.s.t.c.s.DependencyInjectionTestExecutionListener - Performing dependency injection for test context [[DefaultTestContext@6ed99ce0 testClass = APIDiagnosisTest, testInstance = edu.ncsu.csc.itrust2.apitest.APIDiagnosisTest@61598d13, testMethod = [null], testException = [null], mergedContextConfiguration = [WebMergedContextConfiguration@463b7913 testClass = APIDiagnosisTest, locations = '{}', classes = '{class edu.ncsu.csc.itrust2.config.RootConfiguration, class edu.ncsu.csc.itrust2.mvc.config.WebMvcConfiguration}', contextInitializerClasses = '[]', activeProfiles = '{}', propertySourceLocations = '{}', propertySourceProperties = '{}', contextCustomizers = set[[empty]], resourceBasePath = 'src/main/webapp', contextLoader = 'org.springframework.test.context.web.WebDelegatingSmartContextLoader', parent = [null]]]].
00:38:19.819 [main] DEBUG o.s.t.c.c.DefaultCacheAwareContextLoaderDelegate - Retrieved ApplicationContext from cache with key [[WebMergedContextConfiguration@463b7913 testClass = APIDiagnosisTest, locations = '{}', classes = '{class edu.ncsu.csc.itrust2.config.RootConfiguration, class edu.ncsu.csc.itrust2.mvc.config.WebMvcConfiguration}', contextInitializerClasses = '[]', activeProfiles = '{}', propertySourceLocations = '{}', propertySourceProperties = '{}', contextCustomizers = set[[empty]], resourceBasePath = 'src/main/webapp', contextLoader = 'org.springframework.test.context.web.WebDelegatingSmartContextLoader', parent = [null]]]
00:38:19.819 [main] DEBUG o.springframework.test.context.cache - Spring test ApplicationContext cache statistics: [DefaultContextCache@42bfc11f size = 1, maxSize = 32, parentContextCount = 0, hitCount = 24, missCount = 1]
00:38:19.821 [main] DEBUG o.s.b.f.annotation.InjectionMetadata - Processing injected element of bean 'edu.ncsu.csc.itrust2.apitest.APIDiagnosisTest': AutowiredFieldElement for private org.springframework.web.context.WebApplicationContext edu.ncsu.csc.itrust2.apitest.APIDiagnosisTest.context
00:38:19.821 [main] DEBUG o.s.b.f.a.AutowiredAnnotationBeanPostProcessor - Autowiring by type from bean name 'edu.ncsu.csc.itrust2.apitest.APIDiagnosisTest' to bean named 'org.springframework.web.context.support.GenericWebApplicationContext@599e4d41'
00:38:19.821 [main] DEBUG o.s.b.f.s.DefaultListableBeanFactory - Returning cached instance of singleton bean 'metaDataSourceAdvisor'
00:38:19.822 [main] DEBUG o.s.t.c.s.AbstractDirtiesContextTestExecutionListener - Before test method: context [DefaultTestContext@6ed99ce0 testClass = APIDiagnosisTest, testInstance = edu.ncsu.csc.itrust2.apitest.APIDiagnosisTest@61598d13, testMethod = testDiagnoses@APIDiagnosisTest, testException = [null], mergedContextConfiguration = [WebMergedContextConfiguration@463b7913 testClass = APIDiagnosisTest, locations = '{}', classes = '{class edu.ncsu.csc.itrust2.config.RootConfiguration, class edu.ncsu.csc.itrust2.mvc.config.WebMvcConfiguration}', contextInitializerClasses = '[]', activeProfiles = '{}', propertySourceLocations = '{}', propertySourceProperties = '{}', contextCustomizers = set[[empty]], resourceBasePath = 'src/main/webapp', contextLoader = 'org.springframework.test.context.web.WebDelegatingSmartContextLoader', parent = [null]]], class annotated with @DirtiesContext [false] with mode [null], method annotated with @DirtiesContext [false] with mode [null].
00:38:19.822 [main] DEBUG o.s.t.c.c.DefaultCacheAwareContextLoaderDelegate - Retrieved ApplicationContext from cache with key [[WebMergedContextConfiguration@463b7913 testClass = APIDiagnosisTest, locations = '{}', classes = '{class edu.ncsu.csc.itrust2.config.RootConfiguration, class edu.ncsu.csc.itrust2.mvc.config.WebMvcConfiguration}', contextInitializerClasses = '[]', activeProfiles = '{}', propertySourceLocations = '{}', propertySourceProperties = '{}', contextCustomizers = set[[empty]], resourceBasePath = 'src/main/webapp', contextLoader = 'org.springframework.test.context.web.WebDelegatingSmartContextLoader', parent = [null]]]
00:38:19.822 [main] DEBUG o.springframework.test.context.cache - Spring test ApplicationContext cache statistics: [DefaultContextCache@42bfc11f size = 1, maxSize = 32, parentContextCount = 0, hitCount = 25, missCount = 1]
00:38:19.823 [main] DEBUG o.s.b.f.s.DefaultListableBeanFactory - Creating instance of bean 'org.springframework.security.test.context.support.WithMockUserSecurityContextFactory'
00:38:19.823 [main] DEBUG o.s.b.f.s.DefaultListableBeanFactory - Finished creating instance of bean 'org.springframework.security.test.context.support.WithMockUserSecurityContextFactory'
00:38:19.823 [main] DEBUG o.s.t.w.s.TestDispatcherServlet - Initializing servlet ''
00:38:19.823 [main] DEBUG o.s.w.c.s.StandardServletEnvironment - Adding [servletConfigInitParams] PropertySource with lowest search precedence
00:38:19.826 [main] DEBUG o.s.w.c.s.StandardServletEnvironment - Adding [servletContextInitParams] PropertySource with lowest search precedence
00:38:19.826 [main] DEBUG o.s.w.c.s.StandardServletEnvironment - Adding [systemProperties] PropertySource with lowest search precedence
00:38:19.826 [main] DEBUG o.s.w.c.s.StandardServletEnvironment - Adding [systemEnvironment] PropertySource with lowest search precedence
00:38:19.826 [main] DEBUG o.s.w.c.s.StandardServletEnvironment - Initialized StandardServletEnvironment with PropertySources [servletConfigInitParams,servletContextInitParams,systemProperties,systemEnvironment]
00:38:19.826 [main] INFO  o.s.mock.web.MockServletContext - Initializing Spring FrameworkServlet ''
00:38:19.826 [main] INFO  o.s.t.w.s.TestDispatcherServlet - FrameworkServlet '': initialization started
00:38:19.827 [main] DEBUG o.s.t.w.s.TestDispatcherServlet - Unable to locate MultipartResolver with name 'multipartResolver': no multipart request handling provided
00:38:19.827 [main] DEBUG o.s.b.f.s.DefaultListableBeanFactory - Creating instance of bean 'org.springframework.web.servlet.i18n.AcceptHeaderLocaleResolver'
00:38:19.827 [main] DEBUG o.s.b.f.s.DefaultListableBeanFactory - Finished creating instance of bean 'org.springframework.web.servlet.i18n.AcceptHeaderLocaleResolver'
00:38:19.827 [main] DEBUG o.s.t.w.s.TestDispatcherServlet - Unable to locate LocaleResolver with name 'localeResolver': using default [org.springframework.web.servlet.i18n.AcceptHeaderLocaleResolver@711d66e0]
00:38:19.827 [main] DEBUG o.s.b.f.s.DefaultListableBeanFactory - Creating instance of bean 'org.springframework.web.servlet.theme.FixedThemeResolver'
00:38:19.827 [main] DEBUG o.s.b.f.s.DefaultListableBeanFactory - Finished creating instance of bean 'org.springframework.web.servlet.theme.FixedThemeResolver'
00:38:19.827 [main] DEBUG o.s.t.w.s.TestDispatcherServlet - Unable to locate ThemeResolver with name 'themeResolver': using default [org.springframework.web.servlet.theme.FixedThemeResolver@6cf37a31]
00:38:19.828 [main] DEBUG o.s.b.f.s.DefaultListableBeanFactory - Returning cached instance of singleton bean 'viewControllerHandlerMapping'
00:38:19.828 [main] DEBUG o.s.b.f.s.DefaultListableBeanFactory - Returning cached instance of singleton bean 'beanNameHandlerMapping'
00:38:19.828 [main] DEBUG o.s.b.f.s.DefaultListableBeanFactory - Returning cached instance of singleton bean 'resourceHandlerMapping'
00:38:19.828 [main] DEBUG o.s.b.f.s.DefaultListableBeanFactory - Returning cached instance of singleton bean 'defaultServletHandlerMapping'
00:38:19.828 [main] DEBUG o.s.b.f.s.DefaultListableBeanFactory - Returning cached instance of singleton bean 'requestMappingHandlerMapping'
00:38:19.828 [main] DEBUG o.s.b.f.s.DefaultListableBeanFactory - Returning cached instance of singleton bean 'requestMappingHandlerAdapter'
00:38:19.828 [main] DEBUG o.s.b.f.s.DefaultListableBeanFactory - Returning cached instance of singleton bean 'httpRequestHandlerAdapter'
00:38:19.828 [main] DEBUG o.s.b.f.s.DefaultListableBeanFactory - Returning cached instance of singleton bean 'simpleControllerHandlerAdapter'
00:38:19.829 [main] DEBUG o.s.b.f.s.DefaultListableBeanFactory - Returning cached instance of singleton bean 'handlerExceptionResolver'
00:38:19.829 [main] DEBUG o.s.b.f.s.DefaultListableBeanFactory - Creating instance of bean 'org.springframework.web.servlet.view.DefaultRequestToViewNameTranslator'
00:38:19.829 [main] DEBUG o.s.b.f.s.DefaultListableBeanFactory - Finished creating instance of bean 'org.springframework.web.servlet.view.DefaultRequestToViewNameTranslator'
00:38:19.835 [main] DEBUG o.s.t.w.s.TestDispatcherServlet - Unable to locate RequestToViewNameTranslator with name 'viewNameTranslator': using default [org.springframework.web.servlet.view.DefaultRequestToViewNameTranslator@41ef53a9]
00:38:19.835 [main] DEBUG o.s.b.f.s.DefaultListableBeanFactory - Returning cached instance of singleton bean 'mvcViewResolver'
00:38:19.835 [main] DEBUG o.s.b.f.s.DefaultListableBeanFactory - Returning cached instance of singleton bean 'viewResolver'
00:38:19.836 [main] DEBUG o.s.b.f.s.DefaultListableBeanFactory - Creating instance of bean 'org.springframework.web.servlet.support.SessionFlashMapManager'
00:38:19.836 [main] DEBUG o.s.b.f.s.DefaultListableBeanFactory - Finished creating instance of bean 'org.springframework.web.servlet.support.SessionFlashMapManager'
00:38:19.836 [main] DEBUG o.s.t.w.s.TestDispatcherServlet - Unable to locate FlashMapManager with name 'flashMapManager': using default [org.springframework.web.servlet.support.SessionFlashMapManager@1c4493c6]
00:38:19.836 [main] DEBUG o.s.t.w.s.TestDispatcherServlet - Published WebApplicationContext of servlet '' as ServletContext attribute with name [org.springframework.web.servlet.FrameworkServlet.CONTEXT.]
00:38:19.836 [main] INFO  o.s.t.w.s.TestDispatcherServlet - FrameworkServlet '': initialization completed in 10 ms
00:38:19.836 [main] DEBUG o.s.t.w.s.TestDispatcherServlet - Servlet '' configured successfully
00:38:19.837 [main] DEBUG o.s.t.w.s.TestDispatcherServlet - DispatcherServlet with name '' processing POST request for [/api/v1/users]
00:38:19.837 [main] DEBUG o.s.w.s.m.m.a.RequestMappingHandlerMapping - Looking up handler method for path /api/v1/users
00:38:19.838 [main] DEBUG o.s.w.s.m.m.a.RequestMappingHandlerMapping - Did not find handler method for [/api/v1/users]
00:38:19.838 [main] WARN  o.s.web.servlet.PageNotFound - No mapping found for HTTP request with URI [/api/v1/users] in DispatcherServlet with name ''
00:38:19.839 [main] DEBUG o.s.t.w.s.TestDispatcherServlet - Successfully completed request
00:38:19.839 [main] DEBUG o.s.t.w.s.TestDispatcherServlet - DispatcherServlet with name '' processing POST request for [/api/v1/users]
00:38:19.839 [main] DEBUG o.s.w.s.m.m.a.RequestMappingHandlerMapping - Looking up handler method for path /api/v1/users
00:38:19.841 [main] DEBUG o.s.w.s.m.m.a.RequestMappingHandlerMapping - Did not find handler method for [/api/v1/users]
00:38:19.841 [main] WARN  o.s.web.servlet.PageNotFound - No mapping found for HTTP request with URI [/api/v1/users] in DispatcherServlet with name ''
00:38:19.841 [main] DEBUG o.s.t.w.s.TestDispatcherServlet - Successfully completed request
00:38:19.850 [main] DEBUG o.s.t.w.s.TestDispatcherServlet - DispatcherServlet with name '' processing POST request for [/api/v1/users]
00:38:19.851 [main] DEBUG o.s.w.s.m.m.a.RequestMappingHandlerMapping - Looking up handler method for path /api/v1/users
00:38:19.852 [main] DEBUG o.s.w.s.m.m.a.RequestMappingHandlerMapping - Did not find handler method for [/api/v1/users]
00:38:19.852 [main] WARN  o.s.web.servlet.PageNotFound - No mapping found for HTTP request with URI [/api/v1/users] in DispatcherServlet with name ''
00:38:19.852 [main] DEBUG o.s.t.w.s.TestDispatcherServlet - Successfully completed request
00:38:19.857 [main] DEBUG o.s.b.f.s.DefaultListableBeanFactory - Returning cached instance of singleton bean 'springSecurityFilterChain'
00:38:19.859 [main] DEBUG o.s.test.util.ReflectionTestUtils - Invoking method 'getFilters' on target object [FilterChainProxy[Filter Chains: [[ Ant [pattern='/api/v1/requestPasswordReset'], []], [ Ant [pattern='/api/v1/resetPassword/*'], []], [ Ant [pattern='/requestPasswordReset'], []], [ Ant [pattern='/resetPassword'], []], [ org.springframework.security.web.util.matcher.AnyRequestMatcher@1, [edu.ncsu.csc.itrust2.config.IPFilter@20bed60a, org.springframework.security.web.context.request.async.WebAsyncManagerIntegrationFilter@b6182cb, org.springframework.security.web.context.SecurityContextPersistenceFilter@4b9fd79, org.springframework.security.web.header.HeaderWriterFilter@55a72c9e, org.springframework.security.web.csrf.CsrfFilter@d8a5846, org.springframework.security.web.authentication.logout.LogoutFilter@3a7c75d9, org.springframework.security.web.authentication.UsernamePasswordAuthenticationFilter@754fa706, org.springframework.security.web.savedrequest.RequestCacheAwareFilter@51e68bcd, org.springframework.security.web.servletapi.SecurityContextHolderAwareRequestFilter@4a1978df, org.springframework.security.web.authentication.AnonymousAuthenticationFilter@16ea544e, org.springframework.security.web.session.SessionManagementFilter@63156646, org.springframework.security.web.access.ExceptionTranslationFilter@4515dfae, org.springframework.security.web.access.intercept.FilterSecurityInterceptor@7c156ea]]]]] with arguments {org.springframework.mock.web.MockHttpServletRequest@60d6d8d0}
00:38:19.866 [main] DEBUG o.s.s.w.u.m.AntPathRequestMatcher - Checking match of request : '/login'; against '/api/v1/requestPasswordReset'
00:38:19.866 [main] DEBUG o.s.s.w.u.m.AntPathRequestMatcher - Checking match of request : '/login'; against '/api/v1/resetPassword/*'
00:38:19.866 [main] DEBUG o.s.s.w.u.m.AntPathRequestMatcher - Checking match of request : '/login'; against '/requestPasswordReset'
00:38:19.866 [main] DEBUG o.s.s.w.u.m.AntPathRequestMatcher - Checking match of request : '/login'; against '/resetPassword'
00:38:19.867 [main] DEBUG o.s.test.util.ReflectionTestUtils - Getting field 'tokenRepository' from target object [org.springframework.security.web.csrf.CsrfFilter@d8a5846] or target class [class org.springframework.security.web.csrf.CsrfFilter]
00:38:19.869 [main] DEBUG o.s.b.f.s.DefaultListableBeanFactory - Returning cached instance of singleton bean 'springSecurityFilterChain'
00:38:19.869 [main] DEBUG o.s.test.util.ReflectionTestUtils - Invoking method 'getFilters' on target object [FilterChainProxy[Filter Chains: [[ Ant [pattern='/api/v1/requestPasswordReset'], []], [ Ant [pattern='/api/v1/resetPassword/*'], []], [ Ant [pattern='/requestPasswordReset'], []], [ Ant [pattern='/resetPassword'], []], [ org.springframework.security.web.util.matcher.AnyRequestMatcher@1, [edu.ncsu.csc.itrust2.config.IPFilter@20bed60a, org.springframework.security.web.context.request.async.WebAsyncManagerIntegrationFilter@b6182cb, org.springframework.security.web.context.SecurityContextPersistenceFilter@4b9fd79, org.springframework.security.web.header.HeaderWriterFilter@55a72c9e, org.springframework.security.web.csrf.CsrfFilter@d8a5846, org.springframework.security.web.authentication.logout.LogoutFilter@3a7c75d9, org.springframework.security.web.authentication.UsernamePasswordAuthenticationFilter@754fa706, org.springframework.security.web.savedrequest.RequestCacheAwareFilter@51e68bcd, org.springframework.security.web.servletapi.SecurityContextHolderAwareRequestFilter@4a1978df, org.springframework.security.web.authentication.AnonymousAuthenticationFilter@16ea544e, org.springframework.security.web.session.SessionManagementFilter@63156646, org.springframework.security.web.access.ExceptionTranslationFilter@4515dfae, org.springframework.security.web.access.intercept.FilterSecurityInterceptor@7c156ea]]]]] with arguments {org.springframework.mock.web.MockHttpServletRequest@60d6d8d0}
00:38:19.869 [main] DEBUG o.s.s.w.u.m.AntPathRequestMatcher - Checking match of request : '/login'; against '/api/v1/requestPasswordReset'
00:38:19.869 [main] DEBUG o.s.s.w.u.m.AntPathRequestMatcher - Checking match of request : '/login'; against '/api/v1/resetPassword/*'
00:38:19.869 [main] DEBUG o.s.s.w.u.m.AntPathRequestMatcher - Checking match of request : '/login'; against '/requestPasswordReset'
00:38:19.869 [main] DEBUG o.s.s.w.u.m.AntPathRequestMatcher - Checking match of request : '/login'; against '/resetPassword'
00:38:19.869 [main] DEBUG o.s.test.util.ReflectionTestUtils - Setting field 'tokenRepository' of type [null] on target object [org.springframework.security.web.csrf.CsrfFilter@d8a5846] or target class [class org.springframework.security.web.csrf.CsrfFilter] to value [org.springframework.security.test.web.servlet.request.SecurityMockMvcRequestPostProcessors$CsrfRequestPostProcessor$TestCsrfTokenRepository@31725710]
00:38:19.870 [main] DEBUG o.s.t.w.s.TestDispatcherServlet - DispatcherServlet with name '' processing POST request for [/login]
00:38:19.871 [main] DEBUG o.s.w.s.h.SimpleUrlHandlerMapping - Mapping [/login] to HandlerExecutionChain with handler [org.springframework.web.servlet.mvc.ParameterizableViewController@6180afa9] and 1 interceptor
00:38:19.872 [main] DEBUG o.s.w.s.m.a.ResponseStatusExceptionResolver - Resolving exception from handler [org.springframework.web.servlet.mvc.ParameterizableViewController@6180afa9]: org.springframework.web.HttpRequestMethodNotSupportedException: Request method 'POST' not supported
00:38:19.882 [main] DEBUG o.s.w.s.m.s.DefaultHandlerExceptionResolver - Resolving exception from handler [org.springframework.web.servlet.mvc.ParameterizableViewController@6180afa9]: org.springframework.web.HttpRequestMethodNotSupportedException: Request method 'POST' not supported
00:38:19.883 [main] WARN  o.s.web.servlet.PageNotFound - Request method 'POST' not supported
00:38:19.884 [main] DEBUG o.s.t.w.s.TestDispatcherServlet - Null ModelAndView returned to DispatcherServlet with name '': assuming HandlerAdapter completed request handling
00:38:19.884 [main] DEBUG o.s.t.w.s.TestDispatcherServlet - Successfully completed request
00:38:19.961 [main] DEBUG o.h.i.internal.IntegratorServiceImpl - Adding Integrator [org.hibernate.cfg.beanvalidation.BeanValidationIntegrator].
00:38:19.973 [main] DEBUG o.h.i.internal.IntegratorServiceImpl - Adding Integrator [org.hibernate.secure.spi.JaccIntegrator].
00:38:19.976 [main] DEBUG o.h.i.internal.IntegratorServiceImpl - Adding Integrator [org.hibernate.cache.internal.CollectionCacheInvalidator].
00:38:20.266 [main] INFO  org.hibernate.Version - HHH000412: Hibernate Core {5.0.11.Final}
00:38:20.270 [main] INFO  org.hibernate.cfg.Environment - HHH000205: Loaded properties from resource hibernate.properties: {hibernate.connection.username=root, hibernate.connection.password=****, hibernate.connection.url=jdbc:mysql://localhost:3306/iTrust2?createDatabaseIfNotExist=true, hibernate.bytecode.use_reflection_optimizer=false}
00:38:20.278 [main] INFO  org.hibernate.cfg.Environment - HHH000021: Bytecode provider name : javassist
00:38:20.374 [main] DEBUG o.h.b.j.i.s.LocalXmlResourceResolver - Interpreting public/system identifier : [null] - [http://www.hibernate.org/dtd/hibernate-configuration-3.0.dtd]
00:38:20.374 [main] DEBUG o.h.b.j.i.s.LocalXmlResourceResolver - Recognized hibernate-configuration identifier; attempting to resolve on classpath under org/hibernate/
00:38:20.379 [main] DEBUG o.h.b.c.internal.JaxbCfgProcessor - cfg.xml document did not define namespaces; wrapping in custom event reader to introduce namespace information
00:38:20.983 [main] DEBUG org.hibernate.cfg.Configuration - Building session factory using internal StandardServiceRegistryBuilder
00:38:21.000 [main] DEBUG o.h.service.spi.ServiceBinding - Overriding existing service binding [org.hibernate.secure.spi.JaccService]
00:38:21.000 [main] DEBUG org.hibernate.cfg.Configuration - Building session factory using provided StandardServiceRegistry
00:38:21.160 [main] DEBUG o.h.c.i.RegionFactoryInitiator - Cache region factory : org.hibernate.cache.internal.NoCachingRegionFactory
00:38:21.174 [main] INFO  o.h.annotations.common.Version - HCANN000001: Hibernate Commons Annotations {5.0.1.Final}
00:38:21.214 [main] DEBUG org.hibernate.type.BasicTypeRegistry - Adding type registration boolean -> org.hibernate.type.BooleanType@5eb2e851
00:38:21.214 [main] DEBUG org.hibernate.type.BasicTypeRegistry - Adding type registration boolean -> org.hibernate.type.BooleanType@5eb2e851
00:38:21.214 [main] DEBUG org.hibernate.type.BasicTypeRegistry - Adding type registration java.lang.Boolean -> org.hibernate.type.BooleanType@5eb2e851
00:38:21.216 [main] DEBUG org.hibernate.type.BasicTypeRegistry - Adding type registration numeric_boolean -> org.hibernate.type.NumericBooleanType@4c1c7d22
00:38:21.218 [main] DEBUG org.hibernate.type.BasicTypeRegistry - Adding type registration true_false -> org.hibernate.type.TrueFalseType@18c135fa
00:38:21.218 [main] DEBUG org.hibernate.type.BasicTypeRegistry - Adding type registration yes_no -> org.hibernate.type.YesNoType@24cf094d
00:38:21.221 [main] DEBUG org.hibernate.type.BasicTypeRegistry - Adding type registration byte -> org.hibernate.type.ByteType@51d9bed3
00:38:21.221 [main] DEBUG org.hibernate.type.BasicTypeRegistry - Adding type registration byte -> org.hibernate.type.ByteType@51d9bed3
00:38:21.221 [main] DEBUG org.hibernate.type.BasicTypeRegistry - Adding type registration java.lang.Byte -> org.hibernate.type.ByteType@51d9bed3
00:38:21.223 [main] DEBUG org.hibernate.type.BasicTypeRegistry - Adding type registration character -> org.hibernate.type.CharacterType@16f9d20c
00:38:21.223 [main] DEBUG org.hibernate.type.BasicTypeRegistry - Adding type registration char -> org.hibernate.type.CharacterType@16f9d20c
00:38:21.223 [main] DEBUG org.hibernate.type.BasicTypeRegistry - Adding type registration java.lang.Character -> org.hibernate.type.CharacterType@16f9d20c
00:38:21.225 [main] DEBUG org.hibernate.type.BasicTypeRegistry - Adding type registration short -> org.hibernate.type.ShortType@6d526684
00:38:21.225 [main] DEBUG org.hibernate.type.BasicTypeRegistry - Adding type registration short -> org.hibernate.type.ShortType@6d526684
00:38:21.226 [main] DEBUG org.hibernate.type.BasicTypeRegistry - Adding type registration java.lang.Short -> org.hibernate.type.ShortType@6d526684
00:38:21.227 [main] DEBUG org.hibernate.type.BasicTypeRegistry - Adding type registration integer -> org.hibernate.type.IntegerType@672b0f0a
00:38:21.228 [main] DEBUG org.hibernate.type.BasicTypeRegistry - Adding type registration int -> org.hibernate.type.IntegerType@672b0f0a
00:38:21.228 [main] DEBUG org.hibernate.type.BasicTypeRegistry - Adding type registration java.lang.Integer -> org.hibernate.type.IntegerType@672b0f0a
00:38:21.230 [main] DEBUG org.hibernate.type.BasicTypeRegistry - Adding type registration long -> org.hibernate.type.LongType@2c0e260
00:38:21.230 [main] DEBUG org.hibernate.type.BasicTypeRegistry - Adding type registration long -> org.hibernate.type.LongType@2c0e260
00:38:21.231 [main] DEBUG org.hibernate.type.BasicTypeRegistry - Adding type registration java.lang.Long -> org.hibernate.type.LongType@2c0e260
00:38:21.233 [main] DEBUG org.hibernate.type.BasicTypeRegistry - Adding type registration float -> org.hibernate.type.FloatType@670034a0
00:38:21.233 [main] DEBUG org.hibernate.type.BasicTypeRegistry - Adding type registration float -> org.hibernate.type.FloatType@670034a0
00:38:21.234 [main] DEBUG org.hibernate.type.BasicTypeRegistry - Adding type registration java.lang.Float -> org.hibernate.type.FloatType@670034a0
00:38:21.236 [main] DEBUG org.hibernate.type.BasicTypeRegistry - Adding type registration double -> org.hibernate.type.DoubleType@f20f100
00:38:21.236 [main] DEBUG org.hibernate.type.BasicTypeRegistry - Adding type registration double -> org.hibernate.type.DoubleType@f20f100
00:38:21.236 [main] DEBUG org.hibernate.type.BasicTypeRegistry - Adding type registration java.lang.Double -> org.hibernate.type.DoubleType@f20f100
00:38:21.239 [main] DEBUG org.hibernate.type.BasicTypeRegistry - Adding type registration big_decimal -> org.hibernate.type.BigDecimalType@5d2450d5
00:38:21.239 [main] DEBUG org.hibernate.type.BasicTypeRegistry - Adding type registration java.math.BigDecimal -> org.hibernate.type.BigDecimalType@5d2450d5
00:38:21.241 [main] DEBUG org.hibernate.type.BasicTypeRegistry - Adding type registration big_integer -> org.hibernate.type.BigIntegerType@547795ca
00:38:21.241 [main] DEBUG org.hibernate.type.BasicTypeRegistry - Adding type registration java.math.BigInteger -> org.hibernate.type.BigIntegerType@547795ca
00:38:21.243 [main] DEBUG org.hibernate.type.BasicTypeRegistry - Adding type registration string -> org.hibernate.type.StringType@18bd405b
00:38:21.243 [main] DEBUG org.hibernate.type.BasicTypeRegistry - Adding type registration java.lang.String -> org.hibernate.type.StringType@18bd405b
00:38:21.244 [main] DEBUG org.hibernate.type.BasicTypeRegistry - Adding type registration nstring -> org.hibernate.type.StringNVarcharType@1d591f58
00:38:21.246 [main] DEBUG org.hibernate.type.BasicTypeRegistry - Adding type registration ncharacter -> org.hibernate.type.CharacterNCharType@2207bca1
00:38:21.248 [main] DEBUG org.hibernate.type.BasicTypeRegistry - Adding type registration url -> org.hibernate.type.UrlType@47763ec6
00:38:21.248 [main] DEBUG org.hibernate.type.BasicTypeRegistry - Adding type registration java.net.URL -> org.hibernate.type.UrlType@47763ec6
00:38:21.251 [main] DEBUG org.hibernate.type.BasicTypeRegistry - Adding type registration date -> org.hibernate.type.DateType@74ba0d7
00:38:21.251 [main] DEBUG org.hibernate.type.BasicTypeRegistry - Adding type registration java.sql.Date -> org.hibernate.type.DateType@74ba0d7
00:38:21.254 [main] DEBUG org.hibernate.type.BasicTypeRegistry - Adding type registration time -> org.hibernate.type.TimeType@7367b2bd
00:38:21.254 [main] DEBUG org.hibernate.type.BasicTypeRegistry - Adding type registration java.sql.Time -> org.hibernate.type.TimeType@7367b2bd
00:38:21.257 [main] DEBUG org.hibernate.type.BasicTypeRegistry - Adding type registration timestamp -> org.hibernate.type.TimestampType@177e6486
00:38:21.257 [main] DEBUG org.hibernate.type.BasicTypeRegistry - Adding type registration java.sql.Timestamp -> org.hibernate.type.TimestampType@177e6486
00:38:21.257 [main] DEBUG org.hibernate.type.BasicTypeRegistry - Adding type registration java.util.Date -> org.hibernate.type.TimestampType@177e6486
00:38:21.259 [main] DEBUG org.hibernate.type.BasicTypeRegistry - Adding type registration dbtimestamp -> org.hibernate.type.DbTimestampType@5fc38804
00:38:21.261 [main] DEBUG org.hibernate.type.BasicTypeRegistry - Adding type registration calendar -> org.hibernate.type.CalendarType@7c018b33
00:38:21.261 [main] DEBUG org.hibernate.type.BasicTypeRegistry - Adding type registration java.util.Calendar -> org.hibernate.type.CalendarType@7c018b33
00:38:21.261 [main] DEBUG org.hibernate.type.BasicTypeRegistry - Adding type registration java.util.GregorianCalendar -> org.hibernate.type.CalendarType@7c018b33
00:38:21.263 [main] DEBUG org.hibernate.type.BasicTypeRegistry - Adding type registration calendar_date -> org.hibernate.type.CalendarDateType@3921b006
00:38:21.265 [main] DEBUG org.hibernate.type.BasicTypeRegistry - Adding type registration locale -> org.hibernate.type.LocaleType@753cceca
00:38:21.265 [main] DEBUG org.hibernate.type.BasicTypeRegistry - Adding type registration java.util.Locale -> org.hibernate.type.LocaleType@753cceca
00:38:21.266 [main] DEBUG org.hibernate.type.BasicTypeRegistry - Adding type registration currency -> org.hibernate.type.CurrencyType@13808cf6
00:38:21.267 [main] DEBUG org.hibernate.type.BasicTypeRegistry - Adding type registration java.util.Currency -> org.hibernate.type.CurrencyType@13808cf6
00:38:21.268 [main] DEBUG org.hibernate.type.BasicTypeRegistry - Adding type registration timezone -> org.hibernate.type.TimeZoneType@5611dbb9
00:38:21.268 [main] DEBUG org.hibernate.type.BasicTypeRegistry - Adding type registration java.util.TimeZone -> org.hibernate.type.TimeZoneType@5611dbb9
00:38:21.270 [main] DEBUG org.hibernate.type.BasicTypeRegistry - Adding type registration class -> org.hibernate.type.ClassType@50982248
00:38:21.270 [main] DEBUG org.hibernate.type.BasicTypeRegistry - Adding type registration java.lang.Class -> org.hibernate.type.ClassType@50982248
00:38:21.272 [main] DEBUG org.hibernate.type.BasicTypeRegistry - Adding type registration uuid-binary -> org.hibernate.type.UUIDBinaryType@6263f9a9
00:38:21.273 [main] DEBUG org.hibernate.type.BasicTypeRegistry - Adding type registration java.util.UUID -> org.hibernate.type.UUIDBinaryType@6263f9a9
00:38:21.273 [main] DEBUG org.hibernate.type.BasicTypeRegistry - Adding type registration uuid-char -> org.hibernate.type.UUIDCharType@25e0047c
00:38:21.276 [main] DEBUG org.hibernate.type.BasicTypeRegistry - Adding type registration binary -> org.hibernate.type.BinaryType@54595220
00:38:21.276 [main] DEBUG org.hibernate.type.BasicTypeRegistry - Adding type registration byte[] -> org.hibernate.type.BinaryType@54595220
00:38:21.276 [main] DEBUG org.hibernate.type.BasicTypeRegistry - Adding type registration [B -> org.hibernate.type.BinaryType@54595220
00:38:21.278 [main] DEBUG org.hibernate.type.BasicTypeRegistry - Adding type registration wrapper-binary -> org.hibernate.type.WrapperBinaryType@30c8f117
00:38:21.278 [main] DEBUG org.hibernate.type.BasicTypeRegistry - Adding type registration Byte[] -> org.hibernate.type.WrapperBinaryType@30c8f117
00:38:21.279 [main] DEBUG org.hibernate.type.BasicTypeRegistry - Adding type registration [Ljava.lang.Byte; -> org.hibernate.type.WrapperBinaryType@30c8f117
00:38:21.281 [main] DEBUG org.hibernate.type.BasicTypeRegistry - Adding type registration row_version -> org.hibernate.type.RowVersionType@50a9fa29
00:38:21.282 [main] DEBUG org.hibernate.type.BasicTypeRegistry - Adding type registration image -> org.hibernate.type.ImageType@268f9a04
00:38:21.284 [main] DEBUG org.hibernate.type.BasicTypeRegistry - Adding type registration characters -> org.hibernate.type.CharArrayType@233cd973
00:38:21.284 [main] DEBUG org.hibernate.type.BasicTypeRegistry - Adding type registration char[] -> org.hibernate.type.CharArrayType@233cd973
00:38:21.284 [main] DEBUG org.hibernate.type.BasicTypeRegistry - Adding type registration [C -> org.hibernate.type.CharArrayType@233cd973
00:38:21.286 [main] DEBUG org.hibernate.type.BasicTypeRegistry - Adding type registration wrapper-characters -> org.hibernate.type.CharacterArrayType@4c77eb54
00:38:21.286 [main] DEBUG org.hibernate.type.BasicTypeRegistry - Adding type registration [Ljava.lang.Character; -> org.hibernate.type.CharacterArrayType@4c77eb54
00:38:21.286 [main] DEBUG org.hibernate.type.BasicTypeRegistry - Adding type registration Character[] -> org.hibernate.type.CharacterArrayType@4c77eb54
00:38:21.288 [main] DEBUG org.hibernate.type.BasicTypeRegistry - Adding type registration text -> org.hibernate.type.TextType@68af530a
00:38:21.289 [main] DEBUG org.hibernate.type.BasicTypeRegistry - Adding type registration ntext -> org.hibernate.type.NTextType@5e3c33ac
00:38:21.297 [main] DEBUG org.hibernate.type.BasicTypeRegistry - Adding type registration blob -> org.hibernate.type.BlobType@48195a26
00:38:21.297 [main] DEBUG org.hibernate.type.BasicTypeRegistry - Adding type registration java.sql.Blob -> org.hibernate.type.BlobType@48195a26
00:38:21.298 [main] DEBUG org.hibernate.type.BasicTypeRegistry - Adding type registration materialized_blob -> org.hibernate.type.MaterializedBlobType@b99316f
00:38:21.305 [main] DEBUG org.hibernate.type.BasicTypeRegistry - Adding type registration clob -> org.hibernate.type.ClobType@3b94fb5d
00:38:21.306 [main] DEBUG org.hibernate.type.BasicTypeRegistry - Adding type registration java.sql.Clob -> org.hibernate.type.ClobType@3b94fb5d
00:38:21.312 [main] DEBUG org.hibernate.type.BasicTypeRegistry - Adding type registration nclob -> org.hibernate.type.NClobType@4bb9b98d
00:38:21.312 [main] DEBUG org.hibernate.type.BasicTypeRegistry - Adding type registration java.sql.NClob -> org.hibernate.type.NClobType@4bb9b98d
00:38:21.313 [main] DEBUG org.hibernate.type.BasicTypeRegistry - Adding type registration materialized_clob -> org.hibernate.type.MaterializedClobType@7485c18
00:38:21.313 [main] DEBUG org.hibernate.type.BasicTypeRegistry - Adding type registration materialized_nclob -> org.hibernate.type.MaterializedNClobType@563f9766
00:38:21.315 [main] DEBUG org.hibernate.type.BasicTypeRegistry - Adding type registration serializable -> org.hibernate.type.SerializableType@4be71e28
00:38:21.321 [main] DEBUG org.hibernate.type.BasicTypeRegistry - Adding type registration object -> org.hibernate.type.ObjectType@18f871de
00:38:21.322 [main] DEBUG org.hibernate.type.BasicTypeRegistry - Adding type registration java.lang.Object -> org.hibernate.type.ObjectType@18f871de
00:38:21.322 [main] DEBUG org.hibernate.type.BasicTypeRegistry - Adding type registration imm_date -> org.hibernate.type.AdaptedImmutableType@3b6e493
00:38:21.322 [main] DEBUG org.hibernate.type.BasicTypeRegistry - Adding type registration imm_time -> org.hibernate.type.AdaptedImmutableType@1cd82d4d
00:38:21.323 [main] DEBUG org.hibernate.type.BasicTypeRegistry - Adding type registration imm_timestamp -> org.hibernate.type.AdaptedImmutableType@2be76355
00:38:21.323 [main] DEBUG org.hibernate.type.BasicTypeRegistry - Adding type registration imm_dbtimestamp -> org.hibernate.type.AdaptedImmutableType@2b3a4b06
00:38:21.323 [main] DEBUG org.hibernate.type.BasicTypeRegistry - Adding type registration imm_calendar -> org.hibernate.type.AdaptedImmutableType@1f9ca08e
00:38:21.323 [main] DEBUG org.hibernate.type.BasicTypeRegistry - Adding type registration imm_calendar_date -> org.hibernate.type.AdaptedImmutableType@42735475
00:38:21.323 [main] DEBUG org.hibernate.type.BasicTypeRegistry - Adding type registration imm_binary -> org.hibernate.type.AdaptedImmutableType@529e6aa5
00:38:21.323 [main] DEBUG org.hibernate.type.BasicTypeRegistry - Adding type registration imm_serializable -> org.hibernate.type.AdaptedImmutableType@2b05798b
00:38:21.341 [main] WARN  org.hibernate.orm.connections - HHH10001002: Using Hibernate built-in connection pool (not for production use!)
00:38:21.343 [main] INFO  org.hibernate.orm.connections - HHH10001005: using driver [com.mysql.jdbc.Driver] at URL [jdbc:mysql://localhost:3306/iTrust2?createDatabaseIfNotExist=true]
00:38:21.343 [main] INFO  org.hibernate.orm.connections - HHH10001001: Connection properties: {user=root, password=root}
00:38:21.343 [main] INFO  org.hibernate.orm.connections - HHH10001003: Autocommit mode: false
00:38:21.348 [main] DEBUG o.h.e.j.c.i.DriverManagerConnectionProviderImpl - Initializing Connection pool with 1 Connections
00:38:21.348 [main] INFO  o.h.e.j.c.i.DriverManagerConnectionProviderImpl - HHH000115: Hibernate connection pool size: 100 (min=1)
00:38:21.826 [main] DEBUG o.h.e.j.e.i.JdbcEnvironmentInitiator - Database ->
       name : MySQL
    version : 5.5.59-0ubuntu0.14.04.1
      major : 5
      minor : 5
00:38:21.826 [main] DEBUG o.h.e.j.e.i.JdbcEnvironmentInitiator - Driver ->
       name : MySQL Connector Java
    version : mysql-connector-java-5.1.40 ( Revision: 402933ef52cad9aa82624e80acbea46e3a701ce6 )
      major : 5
      minor : 1
00:38:21.827 [main] DEBUG o.h.e.j.e.i.JdbcEnvironmentInitiator - JDBC version : 4.0
00:38:21.849 [main] INFO  org.hibernate.dialect.Dialect - HHH000400: Using dialect: org.hibernate.dialect.MySQLDialect
00:38:21.904 [main] DEBUG o.h.e.j.e.s.IdentifierHelperBuilder - JDBC driver metadata reported database stores quoted identifiers in more than one case
00:38:21.911 [main] DEBUG o.h.e.j.e.s.IdentifierHelperBuilder - IdentifierCaseStrategy for both quoted and unquoted identifiers was set to the same strategy [MIXED]; that will likely lead to problems in schema update and validation if using quoted identifiers
00:38:21.975 [main] DEBUG o.h.i.f.i.DefaultIdentifierGeneratorFactory - Registering IdentifierGenerator strategy [uuid2] -> [org.hibernate.id.UUIDGenerator]
00:38:21.976 [main] DEBUG o.h.i.f.i.DefaultIdentifierGeneratorFactory - Registering IdentifierGenerator strategy [guid] -> [org.hibernate.id.GUIDGenerator]
00:38:21.978 [main] DEBUG o.h.i.f.i.DefaultIdentifierGeneratorFactory - Registering IdentifierGenerator strategy [uuid] -> [org.hibernate.id.UUIDHexGenerator]
00:38:21.978 [main] DEBUG o.h.i.f.i.DefaultIdentifierGeneratorFactory - Registering IdentifierGenerator strategy [uuid.hex] -> [org.hibernate.id.UUIDHexGenerator]
00:38:21.978 [main] DEBUG o.h.i.f.i.DefaultIdentifierGeneratorFactory - Registering IdentifierGenerator strategy [assigned] -> [org.hibernate.id.Assigned]
00:38:21.980 [main] DEBUG o.h.i.f.i.DefaultIdentifierGeneratorFactory - Registering IdentifierGenerator strategy [identity] -> [org.hibernate.id.IdentityGenerator]
00:38:21.981 [main] DEBUG o.h.i.f.i.DefaultIdentifierGeneratorFactory - Registering IdentifierGenerator strategy [select] -> [org.hibernate.id.SelectGenerator]
00:38:21.983 [main] DEBUG o.h.i.f.i.DefaultIdentifierGeneratorFactory - Registering IdentifierGenerator strategy [sequence] -> [org.hibernate.id.enhanced.SequenceStyleGenerator]
00:38:21.984 [main] DEBUG o.h.i.f.i.DefaultIdentifierGeneratorFactory - Registering IdentifierGenerator strategy [seqhilo] -> [org.hibernate.id.SequenceHiLoGenerator]
00:38:21.985 [main] DEBUG o.h.i.f.i.DefaultIdentifierGeneratorFactory - Registering IdentifierGenerator strategy [increment] -> [org.hibernate.id.IncrementGenerator]
00:38:21.986 [main] DEBUG o.h.i.f.i.DefaultIdentifierGeneratorFactory - Registering IdentifierGenerator strategy [foreign] -> [org.hibernate.id.ForeignGenerator]
00:38:21.987 [main] DEBUG o.h.i.f.i.DefaultIdentifierGeneratorFactory - Registering IdentifierGenerator strategy [sequence-identity] -> [org.hibernate.id.SequenceIdentityGenerator]
00:38:21.987 [main] DEBUG o.h.i.f.i.DefaultIdentifierGeneratorFactory - Registering IdentifierGenerator strategy [enhanced-sequence] -> [org.hibernate.id.enhanced.SequenceStyleGenerator]
00:38:21.989 [main] DEBUG o.h.i.f.i.DefaultIdentifierGeneratorFactory - Registering IdentifierGenerator strategy [enhanced-table] -> [org.hibernate.id.enhanced.TableGenerator]
00:38:22.052 [main] DEBUG o.h.boot.model.relational.Namespace - Created database namespace [logicalName=Name{catalog=null, schema=null}, physicalName=Name{catalog=null, schema=null}]
00:38:22.123 [main] DEBUG org.hibernate.cfg.AnnotationBinder - Binding entity from annotated class: edu.ncsu.csc.itrust2.models.persistent.LogEntry
00:38:22.166 [main] DEBUG org.hibernate.cfg.Ejb3Column - Binding column: Ejb3DiscriminatorColumn{logicalColumnName'DTYPE', discriminatorTypeName='string'}
00:38:22.183 [main] DEBUG o.h.cfg.annotations.EntityBinder - Import with entity name LogEntry
00:38:22.188 [main] DEBUG o.h.cfg.annotations.EntityBinder - Bind entity edu.ncsu.csc.itrust2.models.persistent.LogEntry on table LogEntries
00:38:22.227 [main] DEBUG org.hibernate.cfg.Ejb3Column - Binding column: Ejb3Column{table=org.hibernate.mapping.Table(LogEntries), mappingColumn=id, insertable=true, updatable=true, unique=false}
00:38:22.232 [main] DEBUG o.h.cfg.annotations.PropertyBinder - MetadataSourceProcessor property id with lazy=false
00:38:22.236 [main] DEBUG o.h.cfg.AbstractPropertyHolder - Attempting to locate auto-apply AttributeConverter for property [edu.ncsu.csc.itrust2.models.persistent.LogEntry:id]
00:38:22.237 [main] DEBUG o.h.c.annotations.SimpleValueBinder - building SimpleValue for id
00:38:22.241 [main] DEBUG o.h.cfg.annotations.PropertyBinder - Building property id
00:38:22.245 [main] DEBUG org.hibernate.cfg.Ejb3Column - Binding column: Ejb3Column{table=org.hibernate.mapping.Table(LogEntries), mappingColumn=logCode, insertable=true, updatable=true, unique=false}
00:38:22.245 [main] DEBUG o.h.cfg.annotations.PropertyBinder - MetadataSourceProcessor property logCode with lazy=false
00:38:22.245 [main] DEBUG o.h.cfg.AbstractPropertyHolder - Attempting to locate auto-apply AttributeConverter for property [edu.ncsu.csc.itrust2.models.persistent.LogEntry:logCode]
00:38:22.248 [main] DEBUG o.h.c.annotations.SimpleValueBinder - building SimpleValue for logCode
00:38:22.249 [main] DEBUG o.h.cfg.annotations.PropertyBinder - Building property logCode
00:38:22.250 [main] DEBUG org.hibernate.cfg.Ejb3Column - Binding column: Ejb3Column{table=org.hibernate.mapping.Table(LogEntries), mappingColumn=message, insertable=true, updatable=true, unique=false}
00:38:22.250 [main] DEBUG o.h.cfg.annotations.PropertyBinder - MetadataSourceProcessor property message with lazy=false
00:38:22.251 [main] DEBUG o.h.cfg.AbstractPropertyHolder - Attempting to locate auto-apply AttributeConverter for property [edu.ncsu.csc.itrust2.models.persistent.LogEntry:message]
00:38:22.251 [main] DEBUG o.h.c.annotations.SimpleValueBinder - building SimpleValue for message
00:38:22.251 [main] DEBUG o.h.cfg.annotations.PropertyBinder - Building property message
00:38:22.251 [main] DEBUG org.hibernate.cfg.Ejb3Column - Binding column: Ejb3Column{table=org.hibernate.mapping.Table(LogEntries), mappingColumn=primaryUser, insertable=true, updatable=true, unique=false}
00:38:22.251 [main] DEBUG o.h.cfg.annotations.PropertyBinder - MetadataSourceProcessor property primaryUser with lazy=false
00:38:22.252 [main] DEBUG o.h.cfg.AbstractPropertyHolder - Attempting to locate auto-apply AttributeConverter for property [edu.ncsu.csc.itrust2.models.persistent.LogEntry:primaryUser]
00:38:22.252 [main] DEBUG o.h.c.annotations.SimpleValueBinder - building SimpleValue for primaryUser
00:38:22.252 [main] DEBUG o.h.cfg.annotations.PropertyBinder - Building property primaryUser
00:38:22.252 [main] DEBUG org.hibernate.cfg.Ejb3Column - Binding column: Ejb3Column{table=org.hibernate.mapping.Table(LogEntries), mappingColumn=secondaryUser, insertable=true, updatable=true, unique=false}
00:38:22.253 [main] DEBUG o.h.cfg.annotations.PropertyBinder - MetadataSourceProcessor property secondaryUser with lazy=false
00:38:22.253 [main] DEBUG o.h.cfg.AbstractPropertyHolder - Attempting to locate auto-apply AttributeConverter for property [edu.ncsu.csc.itrust2.models.persistent.LogEntry:secondaryUser]
00:38:22.253 [main] DEBUG o.h.c.annotations.SimpleValueBinder - building SimpleValue for secondaryUser
00:38:22.253 [main] DEBUG o.h.cfg.annotations.PropertyBinder - Building property secondaryUser
00:38:22.253 [main] DEBUG org.hibernate.cfg.Ejb3Column - Binding column: Ejb3Column{table=org.hibernate.mapping.Table(LogEntries), mappingColumn=time, insertable=true, updatable=true, unique=false}
00:38:22.254 [main] DEBUG o.h.cfg.annotations.PropertyBinder - MetadataSourceProcessor property time with lazy=false
00:38:22.254 [main] DEBUG o.h.cfg.AbstractPropertyHolder - Attempting to locate auto-apply AttributeConverter for property [edu.ncsu.csc.itrust2.models.persistent.LogEntry:time]
00:38:22.254 [main] DEBUG o.h.c.annotations.SimpleValueBinder - building SimpleValue for time
00:38:22.254 [main] DEBUG o.h.cfg.annotations.PropertyBinder - Building property time
00:38:22.255 [main] DEBUG org.hibernate.cfg.AnnotationBinder - Binding entity from annotated class: edu.ncsu.csc.itrust2.models.persistent.AppointmentRequest
00:38:22.256 [main] DEBUG org.hibernate.cfg.Ejb3Column - Binding column: Ejb3DiscriminatorColumn{logicalColumnName'DTYPE', discriminatorTypeName='string'}
00:38:22.256 [main] DEBUG o.h.cfg.annotations.EntityBinder - Import with entity name AppointmentRequest
00:38:22.256 [main] DEBUG o.h.cfg.annotations.EntityBinder - Bind entity edu.ncsu.csc.itrust2.models.persistent.AppointmentRequest on table AppointmentRequests
00:38:22.263 [main] DEBUG org.hibernate.cfg.Ejb3Column - Binding column: Ejb3Column{table=org.hibernate.mapping.Table(AppointmentRequests), mappingColumn=id, insertable=true, updatable=true, unique=false}
00:38:22.263 [main] DEBUG o.h.cfg.annotations.PropertyBinder - MetadataSourceProcessor property id with lazy=false
00:38:22.264 [main] DEBUG o.h.cfg.AbstractPropertyHolder - Attempting to locate auto-apply AttributeConverter for property [edu.ncsu.csc.itrust2.models.persistent.AppointmentRequest:id]
00:38:22.264 [main] DEBUG o.h.c.annotations.SimpleValueBinder - building SimpleValue for id
00:38:22.264 [main] DEBUG o.h.cfg.annotations.PropertyBinder - Building property id
00:38:22.264 [main] DEBUG org.hibernate.cfg.Ejb3Column - Binding column: Ejb3Column{table=org.hibernate.mapping.Table(AppointmentRequests), mappingColumn=comments, insertable=true, updatable=true, unique=false}
00:38:22.264 [main] DEBUG o.h.cfg.annotations.PropertyBinder - MetadataSourceProcessor property comments with lazy=false
00:38:22.265 [main] DEBUG o.h.cfg.AbstractPropertyHolder - Attempting to locate auto-apply AttributeConverter for property [edu.ncsu.csc.itrust2.models.persistent.AppointmentRequest:comments]
00:38:22.265 [main] DEBUG o.h.c.annotations.SimpleValueBinder - building SimpleValue for comments
00:38:22.265 [main] DEBUG o.h.cfg.annotations.PropertyBinder - Building property comments
00:38:22.265 [main] DEBUG org.hibernate.cfg.Ejb3Column - Binding column: Ejb3Column{table=org.hibernate.mapping.Table(AppointmentRequests), mappingColumn=date, insertable=true, updatable=true, unique=false}
00:38:22.265 [main] DEBUG o.h.cfg.annotations.PropertyBinder - MetadataSourceProcessor property date with lazy=false
00:38:22.266 [main] DEBUG o.h.cfg.AbstractPropertyHolder - Attempting to locate auto-apply AttributeConverter for property [edu.ncsu.csc.itrust2.models.persistent.AppointmentRequest:date]
00:38:22.266 [main] DEBUG o.h.c.annotations.SimpleValueBinder - building SimpleValue for date
00:38:22.266 [main] DEBUG o.h.cfg.annotations.PropertyBinder - Building property date
00:38:22.268 [main] DEBUG org.hibernate.cfg.Ejb3Column - Binding column: Ejb3JoinColumn{logicalColumnName='hcp_id', referencedColumn='', mappedBy=''}
00:38:22.268 [main] DEBUG org.hibernate.cfg.Ejb3Column - Binding column: Ejb3Column{table=org.hibernate.mapping.Table(AppointmentRequests), mappingColumn=hcp, insertable=true, updatable=true, unique=false}
00:38:22.273 [main] DEBUG o.h.cfg.annotations.PropertyBinder - Building property hcp
00:38:22.274 [main] DEBUG org.hibernate.cfg.Ejb3Column - Binding column: Ejb3JoinColumn{logicalColumnName='patient_id', referencedColumn='', mappedBy=''}
00:38:22.274 [main] DEBUG org.hibernate.cfg.Ejb3Column - Binding column: Ejb3Column{table=org.hibernate.mapping.Table(AppointmentRequests), mappingColumn=patient, insertable=true, updatable=true, unique=false}
00:38:22.274 [main] DEBUG o.h.cfg.annotations.PropertyBinder - Building property patient
00:38:22.274 [main] DEBUG org.hibernate.cfg.Ejb3Column - Binding column: Ejb3Column{table=org.hibernate.mapping.Table(AppointmentRequests), mappingColumn=status, insertable=true, updatable=true, unique=false}
00:38:22.275 [main] DEBUG o.h.cfg.annotations.PropertyBinder - MetadataSourceProcessor property status with lazy=false
00:38:22.275 [main] DEBUG o.h.cfg.AbstractPropertyHolder - Attempting to locate auto-apply AttributeConverter for property [edu.ncsu.csc.itrust2.models.persistent.AppointmentRequest:status]
00:38:22.275 [main] DEBUG o.h.c.annotations.SimpleValueBinder - building SimpleValue for status
00:38:22.275 [main] DEBUG o.h.cfg.annotations.PropertyBinder - Building property status
00:38:22.276 [main] DEBUG org.hibernate.cfg.Ejb3Column - Binding column: Ejb3Column{table=org.hibernate.mapping.Table(AppointmentRequests), mappingColumn=type, insertable=true, updatable=true, unique=false}
00:38:22.276 [main] DEBUG o.h.cfg.annotations.PropertyBinder - MetadataSourceProcessor property type with lazy=false
00:38:22.276 [main] DEBUG o.h.cfg.AbstractPropertyHolder - Attempting to locate auto-apply AttributeConverter for property [edu.ncsu.csc.itrust2.models.persistent.AppointmentRequest:type]
00:38:22.276 [main] DEBUG o.h.c.annotations.SimpleValueBinder - building SimpleValue for type
00:38:22.276 [main] DEBUG o.h.cfg.annotations.PropertyBinder - Building property type
00:38:22.277 [main] DEBUG org.hibernate.cfg.AnnotationBinder - Binding entity from annotated class: edu.ncsu.csc.itrust2.models.persistent.User
00:38:22.277 [main] DEBUG org.hibernate.cfg.Ejb3Column - Binding column: Ejb3DiscriminatorColumn{logicalColumnName'DTYPE', discriminatorTypeName='string'}
00:38:22.277 [main] DEBUG o.h.cfg.annotations.EntityBinder - Import with entity name User
00:38:22.277 [main] DEBUG o.h.cfg.annotations.EntityBinder - Bind entity edu.ncsu.csc.itrust2.models.persistent.User on table Users
00:38:22.281 [main] DEBUG org.hibernate.cfg.Ejb3Column - Binding column: Ejb3Column{table=org.hibernate.mapping.Table(Users), mappingColumn=username, insertable=true, updatable=true, unique=false}
00:38:22.281 [main] DEBUG o.h.cfg.annotations.PropertyBinder - MetadataSourceProcessor property username with lazy=false
00:38:22.281 [main] DEBUG o.h.cfg.AbstractPropertyHolder - Attempting to locate auto-apply AttributeConverter for property [edu.ncsu.csc.itrust2.models.persistent.User:username]
00:38:22.281 [main] DEBUG o.h.c.annotations.SimpleValueBinder - building SimpleValue for username
00:38:22.281 [main] DEBUG o.h.cfg.annotations.PropertyBinder - Building property username
00:38:22.282 [main] DEBUG org.hibernate.cfg.Ejb3Column - Binding column: Ejb3Column{table=org.hibernate.mapping.Table(Users), mappingColumn=enabled, insertable=true, updatable=true, unique=false}
00:38:22.282 [main] DEBUG o.h.cfg.annotations.PropertyBinder - MetadataSourceProcessor property enabled with lazy=false
00:38:22.282 [main] DEBUG o.h.cfg.AbstractPropertyHolder - Attempting to locate auto-apply AttributeConverter for property [edu.ncsu.csc.itrust2.models.persistent.User:enabled]
00:38:22.283 [main] DEBUG o.h.c.annotations.SimpleValueBinder - building SimpleValue for enabled
00:38:22.283 [main] DEBUG o.h.cfg.annotations.PropertyBinder - Building property enabled
00:38:22.283 [main] DEBUG org.hibernate.cfg.Ejb3Column - Binding column: Ejb3Column{table=org.hibernate.mapping.Table(Users), mappingColumn=password, insertable=true, updatable=true, unique=false}
00:38:22.283 [main] DEBUG o.h.cfg.annotations.PropertyBinder - MetadataSourceProcessor property password with lazy=false
00:38:22.284 [main] DEBUG o.h.cfg.AbstractPropertyHolder - Attempting to locate auto-apply AttributeConverter for property [edu.ncsu.csc.itrust2.models.persistent.User:password]
00:38:22.284 [main] DEBUG o.h.c.annotations.SimpleValueBinder - building SimpleValue for password
00:38:22.284 [main] DEBUG o.h.cfg.annotations.PropertyBinder - Building property password
00:38:22.284 [main] DEBUG org.hibernate.cfg.Ejb3Column - Binding column: Ejb3Column{table=org.hibernate.mapping.Table(Users), mappingColumn=role, insertable=true, updatable=true, unique=false}
00:38:22.284 [main] DEBUG o.h.cfg.annotations.PropertyBinder - MetadataSourceProcessor property role with lazy=false
00:38:22.285 [main] DEBUG o.h.cfg.AbstractPropertyHolder - Attempting to locate auto-apply AttributeConverter for property [edu.ncsu.csc.itrust2.models.persistent.User:role]
00:38:22.285 [main] DEBUG o.h.c.annotations.SimpleValueBinder - building SimpleValue for role
00:38:22.285 [main] DEBUG o.h.cfg.annotations.PropertyBinder - Building property role
00:38:22.285 [main] DEBUG org.hibernate.cfg.AnnotationBinder - Binding entity from annotated class: edu.ncsu.csc.itrust2.models.persistent.OfficeVisit
00:38:22.286 [main] DEBUG org.hibernate.cfg.Ejb3Column - Binding column: Ejb3DiscriminatorColumn{logicalColumnName'DTYPE', discriminatorTypeName='string'}
00:38:22.286 [main] DEBUG o.h.cfg.annotations.EntityBinder - Import with entity name OfficeVisit
00:38:22.286 [main] DEBUG o.h.cfg.annotations.EntityBinder - Bind entity edu.ncsu.csc.itrust2.models.persistent.OfficeVisit on table OfficeVisits
00:38:22.291 [main] DEBUG org.hibernate.cfg.Ejb3Column - Binding column: Ejb3Column{table=org.hibernate.mapping.Table(OfficeVisits), mappingColumn=id, insertable=true, updatable=true, unique=false}
00:38:22.291 [main] DEBUG o.h.cfg.annotations.PropertyBinder - MetadataSourceProcessor property id with lazy=false
00:38:22.291 [main] DEBUG o.h.cfg.AbstractPropertyHolder - Attempting to locate auto-apply AttributeConverter for property [edu.ncsu.csc.itrust2.models.persistent.OfficeVisit:id]
00:38:22.292 [main] DEBUG o.h.c.annotations.SimpleValueBinder - building SimpleValue for id
00:38:22.292 [main] DEBUG o.h.cfg.annotations.PropertyBinder - Building property id
00:38:22.292 [main] DEBUG org.hibernate.cfg.Ejb3Column - Binding column: Ejb3JoinColumn{logicalColumnName='appointment_id', referencedColumn='', mappedBy=''}
00:38:22.292 [main] DEBUG org.hibernate.cfg.Ejb3Column - Binding column: Ejb3Column{table=org.hibernate.mapping.Table(OfficeVisits), mappingColumn=appointment, insertable=true, updatable=true, unique=false}
00:38:22.293 [main] DEBUG o.h.cfg.annotations.PropertyBinder - Building property appointment
00:38:22.293 [main] DEBUG org.hibernate.cfg.Ejb3Column - Binding column: Ejb3JoinColumn{logicalColumnName='basichealthmetrics_id', referencedColumn='', mappedBy=''}
00:38:22.293 [main] DEBUG org.hibernate.cfg.Ejb3Column - Binding column: Ejb3Column{table=org.hibernate.mapping.Table(OfficeVisits), mappingColumn=basicHealthMetrics, insertable=true, updatable=true, unique=false}
00:38:22.294 [main] DEBUG o.h.cfg.annotations.PropertyBinder - Building property basicHealthMetrics
00:38:22.294 [main] DEBUG org.hibernate.cfg.Ejb3Column - Binding column: Ejb3Column{table=org.hibernate.mapping.Table(OfficeVisits), mappingColumn=date, insertable=true, updatable=true, unique=false}
00:38:22.294 [main] DEBUG o.h.cfg.annotations.PropertyBinder - MetadataSourceProcessor property date with lazy=false
00:38:22.294 [main] DEBUG o.h.cfg.AbstractPropertyHolder - Attempting to locate auto-apply AttributeConverter for property [edu.ncsu.csc.itrust2.models.persistent.OfficeVisit:date]
00:38:22.294 [main] DEBUG o.h.c.annotations.SimpleValueBinder - building SimpleValue for date
00:38:22.295 [main] DEBUG o.h.cfg.annotations.PropertyBinder - Building property date
00:38:22.295 [main] DEBUG org.hibernate.cfg.Ejb3Column - Binding column: Ejb3JoinColumn{logicalColumnName='hcp_id', referencedColumn='', mappedBy=''}
00:38:22.295 [main] DEBUG org.hibernate.cfg.Ejb3Column - Binding column: Ejb3Column{table=org.hibernate.mapping.Table(OfficeVisits), mappingColumn=hcp, insertable=true, updatable=true, unique=false}
00:38:22.295 [main] DEBUG o.h.cfg.annotations.PropertyBinder - Building property hcp
00:38:22.296 [main] DEBUG org.hibernate.cfg.Ejb3Column - Binding column: Ejb3JoinColumn{logicalColumnName='hospital_id', referencedColumn='', mappedBy=''}
00:38:22.296 [main] DEBUG org.hibernate.cfg.Ejb3Column - Binding column: Ejb3Column{table=org.hibernate.mapping.Table(OfficeVisits), mappingColumn=hospital, insertable=true, updatable=true, unique=false}
00:38:22.296 [main] DEBUG o.h.cfg.annotations.PropertyBinder - Building property hospital
00:38:22.296 [main] DEBUG org.hibernate.cfg.Ejb3Column - Binding column: Ejb3Column{table=org.hibernate.mapping.Table(OfficeVisits), mappingColumn=notes, insertable=true, updatable=true, unique=false}
00:38:22.296 [main] DEBUG o.h.cfg.annotations.PropertyBinder - MetadataSourceProcessor property notes with lazy=false
00:38:22.297 [main] DEBUG o.h.cfg.AbstractPropertyHolder - Attempting to locate auto-apply AttributeConverter for property [edu.ncsu.csc.itrust2.models.persistent.OfficeVisit:notes]
00:38:22.297 [main] DEBUG o.h.c.annotations.SimpleValueBinder - building SimpleValue for notes
00:38:22.297 [main] DEBUG o.h.cfg.annotations.PropertyBinder - Building property notes
00:38:22.297 [main] DEBUG org.hibernate.cfg.Ejb3Column - Binding column: Ejb3JoinColumn{logicalColumnName='patient_id', referencedColumn='', mappedBy=''}
00:38:22.297 [main] DEBUG org.hibernate.cfg.Ejb3Column - Binding column: Ejb3Column{table=org.hibernate.mapping.Table(OfficeVisits), mappingColumn=patient, insertable=true, updatable=true, unique=false}
00:38:22.298 [main] DEBUG o.h.cfg.annotations.PropertyBinder - Building property patient
00:38:22.298 [main] DEBUG org.hibernate.cfg.Ejb3Column - Binding column: Ejb3JoinColumn{logicalColumnName='prescriptions_id', referencedColumn='', mappedBy=''}
00:38:22.298 [main] DEBUG org.hibernate.cfg.Ejb3Column - Binding column: Ejb3Column{table=org.hibernate.mapping.Table(OfficeVisits), mappingColumn=prescriptions, insertable=true, updatable=true, unique=false}
00:38:22.300 [main] DEBUG org.hibernate.cfg.Ejb3Column - Binding column: Ejb3Column{table=org.hibernate.mapping.Table(OfficeVisits), mappingColumn=null, insertable=true, updatable=true, unique=false}
00:38:22.318 [main] DEBUG org.hibernate.cfg.Ejb3Column - Binding column: Ejb3Column{table=org.hibernate.mapping.Table(OfficeVisits), mappingColumn=element, insertable=true, updatable=true, unique=false}
00:38:22.319 [main] DEBUG org.hibernate.cfg.Ejb3Column - Binding column: Ejb3Column{table=org.hibernate.mapping.Table(OfficeVisits), mappingColumn=prescriptions_KEY, insertable=true, updatable=true, unique=false}
00:38:22.320 [main] DEBUG org.hibernate.cfg.Ejb3Column - Binding column: Ejb3JoinColumn{logicalColumnName='prescriptions_KEY', referencedColumn='null', mappedBy='null'}
00:38:22.321 [main] DEBUG org.hibernate.cfg.Ejb3Column - Binding column: Ejb3JoinColumn{logicalColumnName='null', referencedColumn='null', mappedBy=''}
00:38:22.321 [main] DEBUG org.hibernate.cfg.Ejb3Column - Binding column: Ejb3JoinColumn{logicalColumnName='null', referencedColumn='null', mappedBy=''}
00:38:22.322 [main] DEBUG o.h.cfg.annotations.CollectionBinder - Collection role: edu.ncsu.csc.itrust2.models.persistent.OfficeVisit.prescriptions
00:38:22.325 [main] DEBUG o.h.cfg.annotations.PropertyBinder - Building property prescriptions
00:38:22.325 [main] DEBUG org.hibernate.cfg.Ejb3Column - Binding column: Ejb3Column{table=org.hibernate.mapping.Table(OfficeVisits), mappingColumn=type, insertable=true, updatable=true, unique=false}
00:38:22.326 [main] DEBUG o.h.cfg.annotations.PropertyBinder - MetadataSourceProcessor property type with lazy=false
00:38:22.326 [main] DEBUG o.h.cfg.AbstractPropertyHolder - Attempting to locate auto-apply AttributeConverter for property [edu.ncsu.csc.itrust2.models.persistent.OfficeVisit:type]
00:38:22.326 [main] DEBUG o.h.c.annotations.SimpleValueBinder - building SimpleValue for type
00:38:22.326 [main] DEBUG o.h.cfg.annotations.PropertyBinder - Building property type
00:38:22.326 [main] DEBUG org.hibernate.cfg.AnnotationBinder - Binding entity from annotated class: edu.ncsu.csc.itrust2.models.persistent.Hospital
00:38:22.327 [main] DEBUG org.hibernate.cfg.Ejb3Column - Binding column: Ejb3DiscriminatorColumn{logicalColumnName'DTYPE', discriminatorTypeName='string'}
00:38:22.327 [main] DEBUG o.h.cfg.annotations.EntityBinder - Import with entity name Hospital
00:38:22.327 [main] DEBUG o.h.cfg.annotations.EntityBinder - Bind entity edu.ncsu.csc.itrust2.models.persistent.Hospital on table Hospitals
00:38:22.328 [main] DEBUG org.hibernate.cfg.Ejb3Column - Binding column: Ejb3Column{table=org.hibernate.mapping.Table(Hospitals), mappingColumn=name, insertable=true, updatable=true, unique=false}
00:38:22.328 [main] DEBUG o.h.cfg.annotations.PropertyBinder - MetadataSourceProcessor property name with lazy=false
00:38:22.329 [main] DEBUG o.h.cfg.AbstractPropertyHolder - Attempting to locate auto-apply AttributeConverter for property [edu.ncsu.csc.itrust2.models.persistent.Hospital:name]
00:38:22.329 [main] DEBUG o.h.c.annotations.SimpleValueBinder - building SimpleValue for name
00:38:22.329 [main] DEBUG o.h.cfg.annotations.PropertyBinder - Building property name
00:38:22.331 [main] DEBUG org.hibernate.cfg.Ejb3Column - Binding column: Ejb3Column{table=org.hibernate.mapping.Table(Hospitals), mappingColumn=address, insertable=true, updatable=true, unique=false}
00:38:22.331 [main] DEBUG o.h.cfg.annotations.PropertyBinder - MetadataSourceProcessor property address with lazy=false
00:38:22.332 [main] DEBUG o.h.cfg.AbstractPropertyHolder - Attempting to locate auto-apply AttributeConverter for property [edu.ncsu.csc.itrust2.models.persistent.Hospital:address]
00:38:22.332 [main] DEBUG o.h.c.annotations.SimpleValueBinder - building SimpleValue for address
00:38:22.332 [main] DEBUG o.h.cfg.annotations.PropertyBinder - Building property address
00:38:22.332 [main] DEBUG org.hibernate.cfg.Ejb3Column - Binding column: Ejb3Column{table=org.hibernate.mapping.Table(Hospitals), mappingColumn=state, insertable=true, updatable=true, unique=false}
00:38:22.332 [main] DEBUG o.h.cfg.annotations.PropertyBinder - MetadataSourceProcessor property state with lazy=false
00:38:22.333 [main] DEBUG o.h.cfg.AbstractPropertyHolder - Attempting to locate auto-apply AttributeConverter for property [edu.ncsu.csc.itrust2.models.persistent.Hospital:state]
00:38:22.333 [main] DEBUG o.h.c.annotations.SimpleValueBinder - building SimpleValue for state
00:38:22.333 [main] DEBUG o.h.cfg.annotations.PropertyBinder - Building property state
00:38:22.333 [main] DEBUG org.hibernate.cfg.Ejb3Column - Binding column: Ejb3Column{table=org.hibernate.mapping.Table(Hospitals), mappingColumn=zip, insertable=true, updatable=true, unique=false}
00:38:22.333 [main] DEBUG o.h.cfg.annotations.PropertyBinder - MetadataSourceProcessor property zip with lazy=false
00:38:22.334 [main] DEBUG o.h.cfg.AbstractPropertyHolder - Attempting to locate auto-apply AttributeConverter for property [edu.ncsu.csc.itrust2.models.persistent.Hospital:zip]
00:38:22.334 [main] DEBUG o.h.c.annotations.SimpleValueBinder - building SimpleValue for zip
00:38:22.334 [main] DEBUG o.h.cfg.annotations.PropertyBinder - Building property zip
00:38:22.334 [main] DEBUG org.hibernate.cfg.AnnotationBinder - Binding entity from annotated class: edu.ncsu.csc.itrust2.models.persistent.Patient
00:38:22.334 [main] DEBUG org.hibernate.cfg.Ejb3Column - Binding column: Ejb3DiscriminatorColumn{logicalColumnName'DTYPE', discriminatorTypeName='string'}
00:38:22.335 [main] DEBUG o.h.cfg.annotations.EntityBinder - Import with entity name Patient
00:38:22.335 [main] DEBUG o.h.cfg.annotations.EntityBinder - Bind entity edu.ncsu.csc.itrust2.models.persistent.Patient on table Patients
00:38:22.338 [main] DEBUG org.hibernate.cfg.Ejb3Column - Binding column: Ejb3JoinColumn{logicalColumnName='self_id', referencedColumn='', mappedBy=''}
00:38:22.338 [main] DEBUG org.hibernate.cfg.Ejb3Column - Binding column: Ejb3Column{table=org.hibernate.mapping.Table(Patients), mappingColumn=self, insertable=true, updatable=true, unique=false}
00:38:22.339 [main] DEBUG o.h.cfg.annotations.PropertyBinder - Building property self
00:38:22.344 [main] DEBUG org.hibernate.cfg.Ejb3Column - Binding column: Ejb3Column{table=org.hibernate.mapping.Table(Patients), mappingColumn=address1, insertable=true, updatable=true, unique=false}
00:38:22.344 [main] DEBUG o.h.cfg.annotations.PropertyBinder - MetadataSourceProcessor property address1 with lazy=false
00:38:22.344 [main] DEBUG o.h.cfg.AbstractPropertyHolder - Attempting to locate auto-apply AttributeConverter for property [edu.ncsu.csc.itrust2.models.persistent.Patient:address1]
00:38:22.345 [main] DEBUG o.h.c.annotations.SimpleValueBinder - building SimpleValue for address1
00:38:22.345 [main] DEBUG o.h.cfg.annotations.PropertyBinder - Building property address1
00:38:22.345 [main] DEBUG org.hibernate.cfg.Ejb3Column - Binding column: Ejb3Column{table=org.hibernate.mapping.Table(Patients), mappingColumn=address2, insertable=true, updatable=true, unique=false}
00:38:22.345 [main] DEBUG o.h.cfg.annotations.PropertyBinder - MetadataSourceProcessor property address2 with lazy=false
00:38:22.345 [main] DEBUG o.h.cfg.AbstractPropertyHolder - Attempting to locate auto-apply AttributeConverter for property [edu.ncsu.csc.itrust2.models.persistent.Patient:address2]
00:38:22.346 [main] DEBUG o.h.c.annotations.SimpleValueBinder - building SimpleValue for address2
00:38:22.346 [main] DEBUG o.h.cfg.annotations.PropertyBinder - Building property address2
00:38:22.346 [main] DEBUG org.hibernate.cfg.Ejb3Column - Binding column: Ejb3Column{table=org.hibernate.mapping.Table(Patients), mappingColumn=bloodType, insertable=true, updatable=true, unique=false}
00:38:22.346 [main] DEBUG o.h.cfg.annotations.PropertyBinder - MetadataSourceProcessor property bloodType with lazy=false
00:38:22.346 [main] DEBUG o.h.cfg.AbstractPropertyHolder - Attempting to locate auto-apply AttributeConverter for property [edu.ncsu.csc.itrust2.models.persistent.Patient:bloodType]
00:38:22.347 [main] DEBUG o.h.c.annotations.SimpleValueBinder - building SimpleValue for bloodType
00:38:22.347 [main] DEBUG o.h.cfg.annotations.PropertyBinder - Building property bloodType
00:38:22.347 [main] DEBUG org.hibernate.cfg.Ejb3Column - Binding column: Ejb3Column{table=org.hibernate.mapping.Table(Patients), mappingColumn=causeOfDeath, insertable=true, updatable=true, unique=false}
00:38:22.347 [main] DEBUG o.h.cfg.annotations.PropertyBinder - MetadataSourceProcessor property causeOfDeath with lazy=false
00:38:22.347 [main] DEBUG o.h.cfg.AbstractPropertyHolder - Attempting to locate auto-apply AttributeConverter for property [edu.ncsu.csc.itrust2.models.persistent.Patient:causeOfDeath]
00:38:22.347 [main] DEBUG o.h.c.annotations.SimpleValueBinder - building SimpleValue for causeOfDeath
00:38:22.348 [main] DEBUG o.h.cfg.annotations.PropertyBinder - Building property causeOfDeath
00:38:22.348 [main] DEBUG org.hibernate.cfg.Ejb3Column - Binding column: Ejb3Column{table=org.hibernate.mapping.Table(Patients), mappingColumn=city, insertable=true, updatable=true, unique=false}
00:38:22.348 [main] DEBUG o.h.cfg.annotations.PropertyBinder - MetadataSourceProcessor property city with lazy=false
00:38:22.348 [main] DEBUG o.h.cfg.AbstractPropertyHolder - Attempting to locate auto-apply AttributeConverter for property [edu.ncsu.csc.itrust2.models.persistent.Patient:city]
00:38:22.348 [main] DEBUG o.h.c.annotations.SimpleValueBinder - building SimpleValue for city
00:38:22.349 [main] DEBUG o.h.cfg.annotations.PropertyBinder - Building property city
00:38:22.349 [main] DEBUG org.hibernate.cfg.Ejb3Column - Binding column: Ejb3Column{table=org.hibernate.mapping.Table(Patients), mappingColumn=dateOfBirth, insertable=true, updatable=true, unique=false}
00:38:22.349 [main] DEBUG o.h.cfg.annotations.PropertyBinder - MetadataSourceProcessor property dateOfBirth with lazy=false
00:38:22.349 [main] DEBUG o.h.cfg.AbstractPropertyHolder - Attempting to locate auto-apply AttributeConverter for property [edu.ncsu.csc.itrust2.models.persistent.Patient:dateOfBirth]
00:38:22.349 [main] DEBUG o.h.c.annotations.SimpleValueBinder - building SimpleValue for dateOfBirth
00:38:22.350 [main] DEBUG o.h.cfg.annotations.PropertyBinder - Building property dateOfBirth
00:38:22.350 [main] DEBUG org.hibernate.cfg.Ejb3Column - Binding column: Ejb3Column{table=org.hibernate.mapping.Table(Patients), mappingColumn=dateOfDeath, insertable=true, updatable=true, unique=false}
00:38:22.350 [main] DEBUG o.h.cfg.annotations.PropertyBinder - MetadataSourceProcessor property dateOfDeath with lazy=false
00:38:22.350 [main] DEBUG o.h.cfg.AbstractPropertyHolder - Attempting to locate auto-apply AttributeConverter for property [edu.ncsu.csc.itrust2.models.persistent.Patient:dateOfDeath]
00:38:22.350 [main] DEBUG o.h.c.annotations.SimpleValueBinder - building SimpleValue for dateOfDeath
00:38:22.351 [main] DEBUG o.h.cfg.annotations.PropertyBinder - Building property dateOfDeath
00:38:22.351 [main] DEBUG org.hibernate.cfg.Ejb3Column - Binding column: Ejb3Column{table=org.hibernate.mapping.Table(Patients), mappingColumn=email, insertable=true, updatable=true, unique=false}
00:38:22.351 [main] DEBUG o.h.cfg.annotations.PropertyBinder - MetadataSourceProcessor property email with lazy=false
00:38:22.351 [main] DEBUG o.h.cfg.AbstractPropertyHolder - Attempting to locate auto-apply AttributeConverter for property [edu.ncsu.csc.itrust2.models.persistent.Patient:email]
00:38:22.351 [main] DEBUG o.h.c.annotations.SimpleValueBinder - building SimpleValue for email
00:38:22.351 [main] DEBUG o.h.cfg.annotations.PropertyBinder - Building property email
00:38:22.352 [main] DEBUG org.hibernate.cfg.Ejb3Column - Binding column: Ejb3Column{table=org.hibernate.mapping.Table(Patients), mappingColumn=ethnicity, insertable=true, updatable=true, unique=false}
00:38:22.352 [main] DEBUG o.h.cfg.annotations.PropertyBinder - MetadataSourceProcessor property ethnicity with lazy=false
00:38:22.352 [main] DEBUG o.h.cfg.AbstractPropertyHolder - Attempting to locate auto-apply AttributeConverter for property [edu.ncsu.csc.itrust2.models.persistent.Patient:ethnicity]
00:38:22.352 [main] DEBUG o.h.c.annotations.SimpleValueBinder - building SimpleValue for ethnicity
00:38:22.352 [main] DEBUG o.h.cfg.annotations.PropertyBinder - Building property ethnicity
00:38:22.353 [main] DEBUG org.hibernate.cfg.Ejb3Column - Binding column: Ejb3JoinColumn{logicalColumnName='father_id', referencedColumn='', mappedBy=''}
00:38:22.353 [main] DEBUG org.hibernate.cfg.Ejb3Column - Binding column: Ejb3Column{table=org.hibernate.mapping.Table(Patients), mappingColumn=father, insertable=true, updatable=true, unique=false}
00:38:22.353 [main] DEBUG o.h.cfg.annotations.PropertyBinder - Building property father
00:38:22.353 [main] DEBUG org.hibernate.cfg.Ejb3Column - Binding column: Ejb3Column{table=org.hibernate.mapping.Table(Patients), mappingColumn=firstName, insertable=true, updatable=true, unique=false}
00:38:22.354 [main] DEBUG o.h.cfg.annotations.PropertyBinder - MetadataSourceProcessor property firstName with lazy=false
00:38:22.354 [main] DEBUG o.h.cfg.AbstractPropertyHolder - Attempting to locate auto-apply AttributeConverter for property [edu.ncsu.csc.itrust2.models.persistent.Patient:firstName]
00:38:22.354 [main] DEBUG o.h.c.annotations.SimpleValueBinder - building SimpleValue for firstName
00:38:22.354 [main] DEBUG o.h.cfg.annotations.PropertyBinder - Building property firstName
00:38:22.354 [main] DEBUG org.hibernate.cfg.Ejb3Column - Binding column: Ejb3Column{table=org.hibernate.mapping.Table(Patients), mappingColumn=gender, insertable=true, updatable=true, unique=false}
00:38:22.355 [main] DEBUG o.h.cfg.annotations.PropertyBinder - MetadataSourceProcessor property gender with lazy=false
00:38:22.355 [main] DEBUG o.h.cfg.AbstractPropertyHolder - Attempting to locate auto-apply AttributeConverter for property [edu.ncsu.csc.itrust2.models.persistent.Patient:gender]
00:38:22.355 [main] DEBUG o.h.c.annotations.SimpleValueBinder - building SimpleValue for gender
00:38:22.355 [main] DEBUG o.h.cfg.annotations.PropertyBinder - Building property gender
00:38:22.355 [main] DEBUG org.hibernate.cfg.Ejb3Column - Binding column: Ejb3Column{table=org.hibernate.mapping.Table(Patients), mappingColumn=id, insertable=true, updatable=true, unique=false}
00:38:22.356 [main] DEBUG o.h.cfg.annotations.PropertyBinder - MetadataSourceProcessor property id with lazy=false
00:38:22.356 [main] DEBUG o.h.cfg.AbstractPropertyHolder - Attempting to locate auto-apply AttributeConverter for property [edu.ncsu.csc.itrust2.models.persistent.Patient:id]
00:38:22.356 [main] DEBUG o.h.c.annotations.SimpleValueBinder - building SimpleValue for id
00:38:22.356 [main] DEBUG o.h.cfg.annotations.PropertyBinder - Building property id
00:38:22.356 [main] DEBUG org.hibernate.cfg.Ejb3Column - Binding column: Ejb3Column{table=org.hibernate.mapping.Table(Patients), mappingColumn=lastName, insertable=true, updatable=true, unique=false}
00:38:22.356 [main] DEBUG o.h.cfg.annotations.PropertyBinder - MetadataSourceProcessor property lastName with lazy=false
00:38:22.357 [main] DEBUG o.h.cfg.AbstractPropertyHolder - Attempting to locate auto-apply AttributeConverter for property [edu.ncsu.csc.itrust2.models.persistent.Patient:lastName]
00:38:22.357 [main] DEBUG o.h.c.annotations.SimpleValueBinder - building SimpleValue for lastName
00:38:22.357 [main] DEBUG o.h.cfg.annotations.PropertyBinder - Building property lastName
00:38:22.357 [main] DEBUG org.hibernate.cfg.Ejb3Column - Binding column: Ejb3JoinColumn{logicalColumnName='mother_id', referencedColumn='', mappedBy=''}
00:38:22.357 [main] DEBUG org.hibernate.cfg.Ejb3Column - Binding column: Ejb3Column{table=org.hibernate.mapping.Table(Patients), mappingColumn=mother, insertable=true, updatable=true, unique=false}
00:38:22.358 [main] DEBUG o.h.cfg.annotations.PropertyBinder - Building property mother
00:38:22.358 [main] DEBUG org.hibernate.cfg.Ejb3Column - Binding column: Ejb3Column{table=org.hibernate.mapping.Table(Patients), mappingColumn=phone, insertable=true, updatable=true, unique=false}
00:38:22.358 [main] DEBUG o.h.cfg.annotations.PropertyBinder - MetadataSourceProcessor property phone with lazy=false
00:38:22.358 [main] DEBUG o.h.cfg.AbstractPropertyHolder - Attempting to locate auto-apply AttributeConverter for property [edu.ncsu.csc.itrust2.models.persistent.Patient:phone]
00:38:22.358 [main] DEBUG o.h.c.annotations.SimpleValueBinder - building SimpleValue for phone
00:38:22.359 [main] DEBUG o.h.cfg.annotations.PropertyBinder - Building property phone
00:38:22.359 [main] DEBUG org.hibernate.cfg.Ejb3Column - Binding column: Ejb3Column{table=org.hibernate.mapping.Table(Patients), mappingColumn=preferredName, insertable=true, updatable=true, unique=false}
00:38:22.359 [main] DEBUG o.h.cfg.annotations.PropertyBinder - MetadataSourceProcessor property preferredName with lazy=false
00:38:22.359 [main] DEBUG o.h.cfg.AbstractPropertyHolder - Attempting to locate auto-apply AttributeConverter for property [edu.ncsu.csc.itrust2.models.persistent.Patient:preferredName]
00:38:22.359 [main] DEBUG o.h.c.annotations.SimpleValueBinder - building SimpleValue for preferredName
00:38:22.360 [main] DEBUG o.h.cfg.annotations.PropertyBinder - Building property preferredName
00:38:22.360 [main] DEBUG org.hibernate.cfg.Ejb3Column - Binding column: Ejb3Column{table=org.hibernate.mapping.Table(Patients), mappingColumn=state, insertable=true, updatable=true, unique=false}
00:38:22.360 [main] DEBUG o.h.cfg.annotations.PropertyBinder - MetadataSourceProcessor property state with lazy=false
00:38:22.360 [main] DEBUG o.h.cfg.AbstractPropertyHolder - Attempting to locate auto-apply AttributeConverter for property [edu.ncsu.csc.itrust2.models.persistent.Patient:state]
00:38:22.360 [main] DEBUG o.h.c.annotations.SimpleValueBinder - building SimpleValue for state
00:38:22.361 [main] DEBUG o.h.cfg.annotations.PropertyBinder - Building property state
00:38:22.361 [main] DEBUG org.hibernate.cfg.Ejb3Column - Binding column: Ejb3Column{table=org.hibernate.mapping.Table(Patients), mappingColumn=zip, insertable=true, updatable=true, unique=false}
00:38:22.361 [main] DEBUG o.h.cfg.annotations.PropertyBinder - MetadataSourceProcessor property zip with lazy=false
00:38:22.361 [main] DEBUG o.h.cfg.AbstractPropertyHolder - Attempting to locate auto-apply AttributeConverter for property [edu.ncsu.csc.itrust2.models.persistent.Patient:zip]
00:38:22.361 [main] DEBUG o.h.c.annotations.SimpleValueBinder - building SimpleValue for zip
00:38:22.362 [main] DEBUG o.h.cfg.annotations.PropertyBinder - Building property zip
00:38:22.362 [main] DEBUG org.hibernate.cfg.AnnotationBinder - Binding entity from annotated class: edu.ncsu.csc.itrust2.models.persistent.Personnel
00:38:22.362 [main] DEBUG org.hibernate.cfg.Ejb3Column - Binding column: Ejb3DiscriminatorColumn{logicalColumnName'DTYPE', discriminatorTypeName='string'}
00:38:22.362 [main] DEBUG o.h.cfg.annotations.EntityBinder - Import with entity name Personnel
00:38:22.362 [main] DEBUG o.h.cfg.annotations.EntityBinder - Bind entity edu.ncsu.csc.itrust2.models.persistent.Personnel on table Personnel
00:38:22.365 [main] DEBUG org.hibernate.cfg.Ejb3Column - Binding column: Ejb3Column{table=org.hibernate.mapping.Table(Personnel), mappingColumn=id, insertable=true, updatable=true, unique=false}
00:38:22.365 [main] DEBUG o.h.cfg.annotations.PropertyBinder - MetadataSourceProcessor property id with lazy=false
00:38:22.365 [main] DEBUG o.h.cfg.AbstractPropertyHolder - Attempting to locate auto-apply AttributeConverter for property [edu.ncsu.csc.itrust2.models.persistent.Personnel:id]
00:38:22.365 [main] DEBUG o.h.c.annotations.SimpleValueBinder - building SimpleValue for id
00:38:22.365 [main] DEBUG o.h.cfg.annotations.PropertyBinder - Building property id
00:38:22.366 [main] DEBUG org.hibernate.cfg.Ejb3Column - Binding column: Ejb3Column{table=org.hibernate.mapping.Table(Personnel), mappingColumn=address1, insertable=true, updatable=true, unique=false}
00:38:22.366 [main] DEBUG o.h.cfg.annotations.PropertyBinder - MetadataSourceProcessor property address1 with lazy=false
00:38:22.366 [main] DEBUG o.h.cfg.AbstractPropertyHolder - Attempting to locate auto-apply AttributeConverter for property [edu.ncsu.csc.itrust2.models.persistent.Personnel:address1]
00:38:22.366 [main] DEBUG o.h.c.annotations.SimpleValueBinder - building SimpleValue for address1
00:38:22.366 [main] DEBUG o.h.cfg.annotations.PropertyBinder - Building property address1
00:38:22.367 [main] DEBUG org.hibernate.cfg.Ejb3Column - Binding column: Ejb3Column{table=org.hibernate.mapping.Table(Personnel), mappingColumn=address2, insertable=true, updatable=true, unique=false}
00:38:22.367 [main] DEBUG o.h.cfg.annotations.PropertyBinder - MetadataSourceProcessor property address2 with lazy=false
00:38:22.367 [main] DEBUG o.h.cfg.AbstractPropertyHolder - Attempting to locate auto-apply AttributeConverter for property [edu.ncsu.csc.itrust2.models.persistent.Personnel:address2]
00:38:22.367 [main] DEBUG o.h.c.annotations.SimpleValueBinder - building SimpleValue for address2
00:38:22.367 [main] DEBUG o.h.cfg.annotations.PropertyBinder - Building property address2
00:38:22.367 [main] DEBUG org.hibernate.cfg.Ejb3Column - Binding column: Ejb3Column{table=org.hibernate.mapping.Table(Personnel), mappingColumn=city, insertable=true, updatable=true, unique=false}
00:38:22.368 [main] DEBUG o.h.cfg.annotations.PropertyBinder - MetadataSourceProcessor property city with lazy=false
00:38:22.368 [main] DEBUG o.h.cfg.AbstractPropertyHolder - Attempting to locate auto-apply AttributeConverter for property [edu.ncsu.csc.itrust2.models.persistent.Personnel:city]
00:38:22.368 [main] DEBUG o.h.c.annotations.SimpleValueBinder - building SimpleValue for city
00:38:22.368 [main] DEBUG o.h.cfg.annotations.PropertyBinder - Building property city
00:38:22.368 [main] DEBUG org.hibernate.cfg.Ejb3Column - Binding column: Ejb3Column{table=org.hibernate.mapping.Table(Personnel), mappingColumn=email, insertable=true, updatable=true, unique=false}
00:38:22.369 [main] DEBUG o.h.cfg.annotations.PropertyBinder - MetadataSourceProcessor property email with lazy=false
00:38:22.369 [main] DEBUG o.h.cfg.AbstractPropertyHolder - Attempting to locate auto-apply AttributeConverter for property [edu.ncsu.csc.itrust2.models.persistent.Personnel:email]
00:38:22.369 [main] DEBUG o.h.c.annotations.SimpleValueBinder - building SimpleValue for email
00:38:22.369 [main] DEBUG o.h.cfg.annotations.PropertyBinder - Building property email
00:38:22.369 [main] DEBUG org.hibernate.cfg.Ejb3Column - Binding column: Ejb3Column{table=org.hibernate.mapping.Table(Personnel), mappingColumn=enabled, insertable=true, updatable=true, unique=false}
00:38:22.369 [main] DEBUG o.h.cfg.annotations.PropertyBinder - MetadataSourceProcessor property enabled with lazy=false
00:38:22.370 [main] DEBUG o.h.cfg.AbstractPropertyHolder - Attempting to locate auto-apply AttributeConverter for property [edu.ncsu.csc.itrust2.models.persistent.Personnel:enabled]
00:38:22.370 [main] DEBUG o.h.c.annotations.SimpleValueBinder - building SimpleValue for enabled
00:38:22.370 [main] DEBUG o.h.cfg.annotations.PropertyBinder - Building property enabled
00:38:22.370 [main] DEBUG org.hibernate.cfg.Ejb3Column - Binding column: Ejb3Column{table=org.hibernate.mapping.Table(Personnel), mappingColumn=firstName, insertable=true, updatable=true, unique=false}
00:38:22.370 [main] DEBUG o.h.cfg.annotations.PropertyBinder - MetadataSourceProcessor property firstName with lazy=false
00:38:22.371 [main] DEBUG o.h.cfg.AbstractPropertyHolder - Attempting to locate auto-apply AttributeConverter for property [edu.ncsu.csc.itrust2.models.persistent.Personnel:firstName]
00:38:22.371 [main] DEBUG o.h.c.annotations.SimpleValueBinder - building SimpleValue for firstName
00:38:22.371 [main] DEBUG o.h.cfg.annotations.PropertyBinder - Building property firstName
00:38:22.371 [main] DEBUG org.hibernate.cfg.Ejb3Column - Binding column: Ejb3Column{table=org.hibernate.mapping.Table(Personnel), mappingColumn=lastName, insertable=true, updatable=true, unique=false}
00:38:22.371 [main] DEBUG o.h.cfg.annotations.PropertyBinder - MetadataSourceProcessor property lastName with lazy=false
00:38:22.371 [main] DEBUG o.h.cfg.AbstractPropertyHolder - Attempting to locate auto-apply AttributeConverter for property [edu.ncsu.csc.itrust2.models.persistent.Personnel:lastName]
00:38:22.372 [main] DEBUG o.h.c.annotations.SimpleValueBinder - building SimpleValue for lastName
00:38:22.372 [main] DEBUG o.h.cfg.annotations.PropertyBinder - Building property lastName
00:38:22.372 [main] DEBUG org.hibernate.cfg.Ejb3Column - Binding column: Ejb3Column{table=org.hibernate.mapping.Table(Personnel), mappingColumn=phone, insertable=true, updatable=true, unique=false}
00:38:22.372 [main] DEBUG o.h.cfg.annotations.PropertyBinder - MetadataSourceProcessor property phone with lazy=false
00:38:22.372 [main] DEBUG o.h.cfg.AbstractPropertyHolder - Attempting to locate auto-apply AttributeConverter for property [edu.ncsu.csc.itrust2.models.persistent.Personnel:phone]
00:38:22.373 [main] DEBUG o.h.c.annotations.SimpleValueBinder - building SimpleValue for phone
00:38:22.373 [main] DEBUG o.h.cfg.annotations.PropertyBinder - Building property phone
00:38:22.373 [main] DEBUG org.hibernate.cfg.Ejb3Column - Binding column: Ejb3JoinColumn{logicalColumnName='self_id', referencedColumn='', mappedBy=''}
00:38:22.373 [main] DEBUG org.hibernate.cfg.Ejb3Column - Binding column: Ejb3Column{table=org.hibernate.mapping.Table(Personnel), mappingColumn=self, insertable=true, updatable=true, unique=false}
00:38:22.373 [main] DEBUG o.h.cfg.annotations.PropertyBinder - Building property self
00:38:22.374 [main] DEBUG org.hibernate.cfg.Ejb3Column - Binding column: Ejb3Column{table=org.hibernate.mapping.Table(Personnel), mappingColumn=specialty, insertable=true, updatable=true, unique=false}
00:38:22.374 [main] DEBUG o.h.cfg.annotations.PropertyBinder - MetadataSourceProcessor property specialty with lazy=false
00:38:22.374 [main] DEBUG o.h.cfg.AbstractPropertyHolder - Attempting to locate auto-apply AttributeConverter for property [edu.ncsu.csc.itrust2.models.persistent.Personnel:specialty]
00:38:22.374 [main] DEBUG o.h.c.annotations.SimpleValueBinder - building SimpleValue for specialty
00:38:22.374 [main] DEBUG o.h.cfg.annotations.PropertyBinder - Building property specialty
00:38:22.375 [main] DEBUG org.hibernate.cfg.Ejb3Column - Binding column: Ejb3Column{table=org.hibernate.mapping.Table(Personnel), mappingColumn=state, insertable=true, updatable=true, unique=false}
00:38:22.375 [main] DEBUG o.h.cfg.annotations.PropertyBinder - MetadataSourceProcessor property state with lazy=false
00:38:22.375 [main] DEBUG o.h.cfg.AbstractPropertyHolder - Attempting to locate auto-apply AttributeConverter for property [edu.ncsu.csc.itrust2.models.persistent.Personnel:state]
00:38:22.375 [main] DEBUG o.h.c.annotations.SimpleValueBinder - building SimpleValue for state
00:38:22.375 [main] DEBUG o.h.cfg.annotations.PropertyBinder - Building property state
00:38:22.375 [main] DEBUG org.hibernate.cfg.Ejb3Column - Binding column: Ejb3Column{table=org.hibernate.mapping.Table(Personnel), mappingColumn=zip, insertable=true, updatable=true, unique=false}
00:38:22.376 [main] DEBUG o.h.cfg.annotations.PropertyBinder - MetadataSourceProcessor property zip with lazy=false
00:38:22.376 [main] DEBUG o.h.cfg.AbstractPropertyHolder - Attempting to locate auto-apply AttributeConverter for property [edu.ncsu.csc.itrust2.models.persistent.Personnel:zip]
00:38:22.376 [main] DEBUG o.h.c.annotations.SimpleValueBinder - building SimpleValue for zip
00:38:22.376 [main] DEBUG o.h.cfg.annotations.PropertyBinder - Building property zip
00:38:22.376 [main] DEBUG org.hibernate.cfg.AnnotationBinder - Binding entity from annotated class: edu.ncsu.csc.itrust2.models.persistent.BasicHealthMetrics
00:38:22.377 [main] DEBUG org.hibernate.cfg.Ejb3Column - Binding column: Ejb3DiscriminatorColumn{logicalColumnName'DTYPE', discriminatorTypeName='string'}
00:38:22.377 [main] DEBUG o.h.cfg.annotations.EntityBinder - Import with entity name BasicHealthMetrics
00:38:22.377 [main] DEBUG o.h.cfg.annotations.EntityBinder - Bind entity edu.ncsu.csc.itrust2.models.persistent.BasicHealthMetrics on table BasicHealthMetrics
00:38:22.379 [main] DEBUG org.hibernate.cfg.Ejb3Column - Binding column: Ejb3Column{table=org.hibernate.mapping.Table(BasicHealthMetrics), mappingColumn=id, insertable=true, updatable=true, unique=false}
00:38:22.379 [main] DEBUG o.h.cfg.annotations.PropertyBinder - MetadataSourceProcessor property id with lazy=false
00:38:22.380 [main] DEBUG o.h.cfg.AbstractPropertyHolder - Attempting to locate auto-apply AttributeConverter for property [edu.ncsu.csc.itrust2.models.persistent.BasicHealthMetrics:id]
00:38:22.380 [main] DEBUG o.h.c.annotations.SimpleValueBinder - building SimpleValue for id
00:38:22.380 [main] DEBUG o.h.cfg.annotations.PropertyBinder - Building property id
00:38:22.380 [main] DEBUG org.hibernate.cfg.Ejb3Column - Binding column: Ejb3Column{table=org.hibernate.mapping.Table(BasicHealthMetrics), mappingColumn=diastolic, insertable=true, updatable=true, unique=false}
00:38:22.380 [main] DEBUG o.h.cfg.annotations.PropertyBinder - MetadataSourceProcessor property diastolic with lazy=false
00:38:22.381 [main] DEBUG o.h.cfg.AbstractPropertyHolder - Attempting to locate auto-apply AttributeConverter for property [edu.ncsu.csc.itrust2.models.persistent.BasicHealthMetrics:diastolic]
00:38:22.381 [main] DEBUG o.h.c.annotations.SimpleValueBinder - building SimpleValue for diastolic
00:38:22.381 [main] DEBUG o.h.cfg.annotations.PropertyBinder - Building property diastolic
00:38:22.381 [main] DEBUG org.hibernate.cfg.Ejb3Column - Binding column: Ejb3JoinColumn{logicalColumnName='hcp_id', referencedColumn='', mappedBy=''}
00:38:22.381 [main] DEBUG org.hibernate.cfg.Ejb3Column - Binding column: Ejb3Column{table=org.hibernate.mapping.Table(BasicHealthMetrics), mappingColumn=hcp, insertable=true, updatable=true, unique=false}
00:38:22.382 [main] DEBUG o.h.cfg.annotations.PropertyBinder - Building property hcp
00:38:22.382 [main] DEBUG org.hibernate.cfg.Ejb3Column - Binding column: Ejb3Column{table=org.hibernate.mapping.Table(BasicHealthMetrics), mappingColumn=hdl, insertable=true, updatable=true, unique=false}
00:38:22.382 [main] DEBUG o.h.cfg.annotations.PropertyBinder - MetadataSourceProcessor property hdl with lazy=false
00:38:22.382 [main] DEBUG o.h.cfg.AbstractPropertyHolder - Attempting to locate auto-apply AttributeConverter for property [edu.ncsu.csc.itrust2.models.persistent.BasicHealthMetrics:hdl]
00:38:22.382 [main] DEBUG o.h.c.annotations.SimpleValueBinder - building SimpleValue for hdl
00:38:22.383 [main] DEBUG o.h.cfg.annotations.PropertyBinder - Building property hdl
00:38:22.383 [main] DEBUG org.hibernate.cfg.Ejb3Column - Binding column: Ejb3Column{table=org.hibernate.mapping.Table(BasicHealthMetrics), mappingColumn=headCircumference, insertable=true, updatable=true, unique=false}
00:38:22.383 [main] DEBUG o.h.cfg.annotations.PropertyBinder - MetadataSourceProcessor property headCircumference with lazy=false
00:38:22.383 [main] DEBUG o.h.cfg.AbstractPropertyHolder - Attempting to locate auto-apply AttributeConverter for property [edu.ncsu.csc.itrust2.models.persistent.BasicHealthMetrics:headCircumference]
00:38:22.383 [main] DEBUG o.h.c.annotations.SimpleValueBinder - building SimpleValue for headCircumference
00:38:22.384 [main] DEBUG o.h.cfg.annotations.PropertyBinder - Building property headCircumference
00:38:22.384 [main] DEBUG org.hibernate.cfg.Ejb3Column - Binding column: Ejb3Column{table=org.hibernate.mapping.Table(BasicHealthMetrics), mappingColumn=height, insertable=true, updatable=true, unique=false}
00:38:22.384 [main] DEBUG o.h.cfg.annotations.PropertyBinder - MetadataSourceProcessor property height with lazy=false
00:38:22.384 [main] DEBUG o.h.cfg.AbstractPropertyHolder - Attempting to locate auto-apply AttributeConverter for property [edu.ncsu.csc.itrust2.models.persistent.BasicHealthMetrics:height]
00:38:22.384 [main] DEBUG o.h.c.annotations.SimpleValueBinder - building SimpleValue for height
00:38:22.384 [main] DEBUG o.h.cfg.annotations.PropertyBinder - Building property height
00:38:22.385 [main] DEBUG org.hibernate.cfg.Ejb3Column - Binding column: Ejb3Column{table=org.hibernate.mapping.Table(BasicHealthMetrics), mappingColumn=houseSmokingStatus, insertable=true, updatable=true, unique=false}
00:38:22.385 [main] DEBUG o.h.cfg.annotations.PropertyBinder - MetadataSourceProcessor property houseSmokingStatus with lazy=false
00:38:22.385 [main] DEBUG o.h.cfg.AbstractPropertyHolder - Attempting to locate auto-apply AttributeConverter for property [edu.ncsu.csc.itrust2.models.persistent.BasicHealthMetrics:houseSmokingStatus]
00:38:22.385 [main] DEBUG o.h.c.annotations.SimpleValueBinder - building SimpleValue for houseSmokingStatus
00:38:22.385 [main] DEBUG o.h.cfg.annotations.PropertyBinder - Building property houseSmokingStatus
00:38:22.386 [main] DEBUG org.hibernate.cfg.Ejb3Column - Binding column: Ejb3Column{table=org.hibernate.mapping.Table(BasicHealthMetrics), mappingColumn=ldl, insertable=true, updatable=true, unique=false}
00:38:22.386 [main] DEBUG o.h.cfg.annotations.PropertyBinder - MetadataSourceProcessor property ldl with lazy=false
00:38:22.386 [main] DEBUG o.h.cfg.AbstractPropertyHolder - Attempting to locate auto-apply AttributeConverter for property [edu.ncsu.csc.itrust2.models.persistent.BasicHealthMetrics:ldl]
00:38:22.386 [main] DEBUG o.h.c.annotations.SimpleValueBinder - building SimpleValue for ldl
00:38:22.386 [main] DEBUG o.h.cfg.annotations.PropertyBinder - Building property ldl
00:38:22.387 [main] DEBUG org.hibernate.cfg.Ejb3Column - Binding column: Ejb3JoinColumn{logicalColumnName='patient_id', referencedColumn='', mappedBy=''}
00:38:22.387 [main] DEBUG org.hibernate.cfg.Ejb3Column - Binding column: Ejb3Column{table=org.hibernate.mapping.Table(BasicHealthMetrics), mappingColumn=patient, insertable=true, updatable=true, unique=false}
00:38:22.387 [main] DEBUG o.h.cfg.annotations.PropertyBinder - Building property patient
00:38:22.387 [main] DEBUG org.hibernate.cfg.Ejb3Column - Binding column: Ejb3Column{table=org.hibernate.mapping.Table(BasicHealthMetrics), mappingColumn=patientSmokingStatus, insertable=true, updatable=true, unique=false}
00:38:22.387 [main] DEBUG o.h.cfg.annotations.PropertyBinder - MetadataSourceProcessor property patientSmokingStatus with lazy=false
00:38:22.388 [main] DEBUG o.h.cfg.AbstractPropertyHolder - Attempting to locate auto-apply AttributeConverter for property [edu.ncsu.csc.itrust2.models.persistent.BasicHealthMetrics:patientSmokingStatus]
00:38:22.388 [main] DEBUG o.h.c.annotations.SimpleValueBinder - building SimpleValue for patientSmokingStatus
00:38:22.388 [main] DEBUG o.h.cfg.annotations.PropertyBinder - Building property patientSmokingStatus
00:38:22.388 [main] DEBUG org.hibernate.cfg.Ejb3Column - Binding column: Ejb3Column{table=org.hibernate.mapping.Table(BasicHealthMetrics), mappingColumn=systolic, insertable=true, updatable=true, unique=false}
00:38:22.388 [main] DEBUG o.h.cfg.annotations.PropertyBinder - MetadataSourceProcessor property systolic with lazy=false
00:38:22.389 [main] DEBUG o.h.cfg.AbstractPropertyHolder - Attempting to locate auto-apply AttributeConverter for property [edu.ncsu.csc.itrust2.models.persistent.BasicHealthMetrics:systolic]
00:38:22.389 [main] DEBUG o.h.c.annotations.SimpleValueBinder - building SimpleValue for systolic
00:38:22.389 [main] DEBUG o.h.cfg.annotations.PropertyBinder - Building property systolic
00:38:22.389 [main] DEBUG org.hibernate.cfg.Ejb3Column - Binding column: Ejb3Column{table=org.hibernate.mapping.Table(BasicHealthMetrics), mappingColumn=tri, insertable=true, updatable=true, unique=false}
00:38:22.389 [main] DEBUG o.h.cfg.annotations.PropertyBinder - MetadataSourceProcessor property tri with lazy=false
00:38:22.389 [main] DEBUG o.h.cfg.AbstractPropertyHolder - Attempting to locate auto-apply AttributeConverter for property [edu.ncsu.csc.itrust2.models.persistent.BasicHealthMetrics:tri]
00:38:22.390 [main] DEBUG o.h.c.annotations.SimpleValueBinder - building SimpleValue for tri
00:38:22.390 [main] DEBUG o.h.cfg.annotations.PropertyBinder - Building property tri
00:38:22.390 [main] DEBUG org.hibernate.cfg.Ejb3Column - Binding column: Ejb3Column{table=org.hibernate.mapping.Table(BasicHealthMetrics), mappingColumn=weight, insertable=true, updatable=true, unique=false}
00:38:22.390 [main] DEBUG o.h.cfg.annotations.PropertyBinder - MetadataSourceProcessor property weight with lazy=false
00:38:22.390 [main] DEBUG o.h.cfg.AbstractPropertyHolder - Attempting to locate auto-apply AttributeConverter for property [edu.ncsu.csc.itrust2.models.persistent.BasicHealthMetrics:weight]
00:38:22.391 [main] DEBUG o.h.c.annotations.SimpleValueBinder - building SimpleValue for weight
00:38:22.391 [main] DEBUG o.h.cfg.annotations.PropertyBinder - Building property weight
00:38:22.391 [main] DEBUG org.hibernate.cfg.AnnotationBinder - Binding entity from annotated class: edu.ncsu.csc.itrust2.models.persistent.Diagnosis
00:38:22.391 [main] DEBUG org.hibernate.cfg.Ejb3Column - Binding column: Ejb3DiscriminatorColumn{logicalColumnName'DTYPE', discriminatorTypeName='string'}
00:38:22.391 [main] DEBUG o.h.cfg.annotations.EntityBinder - Import with entity name Diagnosis
00:38:22.392 [main] DEBUG o.h.cfg.annotations.EntityBinder - Bind entity edu.ncsu.csc.itrust2.models.persistent.Diagnosis on table Diagnoses
00:38:22.393 [main] DEBUG org.hibernate.cfg.Ejb3Column - Binding column: Ejb3Column{table=org.hibernate.mapping.Table(Diagnoses), mappingColumn=id, insertable=true, updatable=true, unique=false}
00:38:22.393 [main] DEBUG o.h.cfg.annotations.PropertyBinder - MetadataSourceProcessor property id with lazy=false
00:38:22.393 [main] DEBUG o.h.cfg.AbstractPropertyHolder - Attempting to locate auto-apply AttributeConverter for property [edu.ncsu.csc.itrust2.models.persistent.Diagnosis:id]
00:38:22.393 [main] DEBUG o.h.c.annotations.SimpleValueBinder - building SimpleValue for id
00:38:22.394 [main] DEBUG o.h.cfg.annotations.PropertyBinder - Building property id
00:38:22.394 [main] DEBUG org.hibernate.cfg.Ejb3Column - Binding column: Ejb3JoinColumn{logicalColumnName='code_id', referencedColumn='', mappedBy=''}
00:38:22.394 [main] DEBUG org.hibernate.cfg.Ejb3Column - Binding column: Ejb3Column{table=org.hibernate.mapping.Table(Diagnoses), mappingColumn=code, insertable=true, updatable=true, unique=false}
00:38:22.394 [main] DEBUG o.h.cfg.annotations.PropertyBinder - Building property code
00:38:22.395 [main] DEBUG org.hibernate.cfg.Ejb3Column - Binding column: Ejb3Column{table=org.hibernate.mapping.Table(Diagnoses), mappingColumn=note, insertable=true, updatable=true, unique=false}
00:38:22.395 [main] DEBUG o.h.cfg.annotations.PropertyBinder - MetadataSourceProcessor property note with lazy=false
00:38:22.395 [main] DEBUG o.h.cfg.AbstractPropertyHolder - Attempting to locate auto-apply AttributeConverter for property [edu.ncsu.csc.itrust2.models.persistent.Diagnosis:note]
00:38:22.395 [main] DEBUG o.h.c.annotations.SimpleValueBinder - building SimpleValue for note
00:38:22.395 [main] DEBUG o.h.cfg.annotations.PropertyBinder - Building property note
00:38:22.395 [main] DEBUG org.hibernate.cfg.Ejb3Column - Binding column: Ejb3JoinColumn{logicalColumnName='visit_id', referencedColumn='', mappedBy=''}
00:38:22.396 [main] DEBUG org.hibernate.cfg.Ejb3Column - Binding column: Ejb3Column{table=org.hibernate.mapping.Table(Diagnoses), mappingColumn=visit, insertable=true, updatable=true, unique=false}
00:38:22.396 [main] DEBUG o.h.cfg.annotations.PropertyBinder - Building property visit
00:38:22.396 [main] DEBUG org.hibernate.cfg.AnnotationBinder - Binding entity from annotated class: edu.ncsu.csc.itrust2.models.persistent.ICDCode
00:38:22.396 [main] DEBUG org.hibernate.cfg.Ejb3Column - Binding column: Ejb3DiscriminatorColumn{logicalColumnName'DTYPE', discriminatorTypeName='string'}
00:38:22.397 [main] DEBUG o.h.cfg.annotations.EntityBinder - Import with entity name ICDCode
00:38:22.397 [main] DEBUG o.h.cfg.annotations.EntityBinder - Bind entity edu.ncsu.csc.itrust2.models.persistent.ICDCode on table ICDCodes
00:38:22.398 [main] DEBUG org.hibernate.cfg.Ejb3Column - Binding column: Ejb3Column{table=org.hibernate.mapping.Table(ICDCodes), mappingColumn=id, insertable=true, updatable=true, unique=false}
00:38:22.398 [main] DEBUG o.h.cfg.annotations.PropertyBinder - MetadataSourceProcessor property id with lazy=false
00:38:22.398 [main] DEBUG o.h.cfg.AbstractPropertyHolder - Attempting to locate auto-apply AttributeConverter for property [edu.ncsu.csc.itrust2.models.persistent.ICDCode:id]
00:38:22.398 [main] DEBUG o.h.c.annotations.SimpleValueBinder - building SimpleValue for id
00:38:22.398 [main] DEBUG o.h.cfg.annotations.PropertyBinder - Building property id
00:38:22.399 [main] DEBUG org.hibernate.cfg.Ejb3Column - Binding column: Ejb3Column{table=org.hibernate.mapping.Table(ICDCodes), mappingColumn=code, insertable=true, updatable=true, unique=false}
00:38:22.399 [main] DEBUG o.h.cfg.annotations.PropertyBinder - MetadataSourceProcessor property code with lazy=false
00:38:22.399 [main] DEBUG o.h.cfg.AbstractPropertyHolder - Attempting to locate auto-apply AttributeConverter for property [edu.ncsu.csc.itrust2.models.persistent.ICDCode:code]
00:38:22.399 [main] DEBUG o.h.c.annotations.SimpleValueBinder - building SimpleValue for code
00:38:22.399 [main] DEBUG o.h.cfg.annotations.PropertyBinder - Building property code
00:38:22.400 [main] DEBUG org.hibernate.cfg.Ejb3Column - Binding column: Ejb3Column{table=org.hibernate.mapping.Table(ICDCodes), mappingColumn=description, insertable=true, updatable=true, unique=false}
00:38:22.400 [main] DEBUG o.h.cfg.annotations.PropertyBinder - MetadataSourceProcessor property description with lazy=false
00:38:22.400 [main] DEBUG o.h.cfg.AbstractPropertyHolder - Attempting to locate auto-apply AttributeConverter for property [edu.ncsu.csc.itrust2.models.persistent.ICDCode:description]
00:38:22.400 [main] DEBUG o.h.c.annotations.SimpleValueBinder - building SimpleValue for description
00:38:22.400 [main] DEBUG o.h.cfg.annotations.PropertyBinder - Building property description
00:38:22.400 [main] DEBUG org.hibernate.cfg.AnnotationBinder - Binding entity from annotated class: edu.ncsu.csc.itrust2.models.persistent.Drug
00:38:22.401 [main] DEBUG org.hibernate.cfg.Ejb3Column - Binding column: Ejb3DiscriminatorColumn{logicalColumnName'DTYPE', discriminatorTypeName='string'}
00:38:22.401 [main] DEBUG o.h.cfg.annotations.EntityBinder - Import with entity name Drug
00:38:22.401 [main] DEBUG o.h.cfg.annotations.EntityBinder - Bind entity edu.ncsu.csc.itrust2.models.persistent.Drug on table Drugs
00:38:22.404 [main] DEBUG org.hibernate.cfg.Ejb3Column - Binding column: Ejb3Column{table=org.hibernate.mapping.Table(Drugs), mappingColumn=id, insertable=true, updatable=true, unique=false}
00:38:22.404 [main] DEBUG o.h.cfg.annotations.PropertyBinder - MetadataSourceProcessor property id with lazy=false
00:38:22.404 [main] DEBUG o.h.cfg.AbstractPropertyHolder - Attempting to locate auto-apply AttributeConverter for property [edu.ncsu.csc.itrust2.models.persistent.Drug:id]
00:38:22.405 [main] DEBUG o.h.c.annotations.SimpleValueBinder - building SimpleValue for id
00:38:22.405 [main] DEBUG o.h.cfg.annotations.PropertyBinder - Building property id
00:38:22.405 [main] DEBUG org.hibernate.cfg.Ejb3Column - Binding column: Ejb3Column{table=org.hibernate.mapping.Table(Drugs), mappingColumn=code, insertable=true, updatable=true, unique=false}
00:38:22.405 [main] DEBUG o.h.cfg.annotations.PropertyBinder - MetadataSourceProcessor property code with lazy=false
00:38:22.405 [main] DEBUG o.h.cfg.AbstractPropertyHolder - Attempting to locate auto-apply AttributeConverter for property [edu.ncsu.csc.itrust2.models.persistent.Drug:code]
00:38:22.406 [main] DEBUG o.h.c.annotations.SimpleValueBinder - building SimpleValue for code
00:38:22.406 [main] DEBUG o.h.cfg.annotations.PropertyBinder - Building property code
00:38:22.406 [main] DEBUG org.hibernate.cfg.Ejb3Column - Binding column: Ejb3Column{table=org.hibernate.mapping.Table(Drugs), mappingColumn=description, insertable=true, updatable=true, unique=false}
00:38:22.406 [main] DEBUG o.h.cfg.annotations.PropertyBinder - MetadataSourceProcessor property description with lazy=false
00:38:22.406 [main] DEBUG o.h.cfg.AbstractPropertyHolder - Attempting to locate auto-apply AttributeConverter for property [edu.ncsu.csc.itrust2.models.persistent.Drug:description]
00:38:22.407 [main] DEBUG o.h.c.annotations.SimpleValueBinder - building SimpleValue for description
00:38:22.407 [main] DEBUG o.h.cfg.annotations.PropertyBinder - Building property description
00:38:22.407 [main] DEBUG org.hibernate.cfg.Ejb3Column - Binding column: Ejb3Column{table=org.hibernate.mapping.Table(Drugs), mappingColumn=name, insertable=true, updatable=true, unique=false}
00:38:22.407 [main] DEBUG o.h.cfg.annotations.PropertyBinder - MetadataSourceProcessor property name with lazy=false
00:38:22.407 [main] DEBUG o.h.cfg.AbstractPropertyHolder - Attempting to locate auto-apply AttributeConverter for property [edu.ncsu.csc.itrust2.models.persistent.Drug:name]
00:38:22.408 [main] DEBUG o.h.c.annotations.SimpleValueBinder - building SimpleValue for name
00:38:22.408 [main] DEBUG o.h.cfg.annotations.PropertyBinder - Building property name
00:38:22.408 [main] DEBUG org.hibernate.cfg.AnnotationBinder - Binding entity from annotated class: edu.ncsu.csc.itrust2.models.persistent.Prescription
00:38:22.408 [main] DEBUG org.hibernate.cfg.Ejb3Column - Binding column: Ejb3DiscriminatorColumn{logicalColumnName'DTYPE', discriminatorTypeName='string'}
00:38:22.408 [main] DEBUG o.h.cfg.annotations.EntityBinder - Import with entity name Prescription
00:38:22.409 [main] DEBUG o.h.cfg.annotations.EntityBinder - Bind entity edu.ncsu.csc.itrust2.models.persistent.Prescription on table Prescriptions
00:38:22.410 [main] DEBUG org.hibernate.cfg.Ejb3Column - Binding column: Ejb3Column{table=org.hibernate.mapping.Table(Prescriptions), mappingColumn=id, insertable=true, updatable=true, unique=false}
00:38:22.410 [main] DEBUG o.h.cfg.annotations.PropertyBinder - MetadataSourceProcessor property id with lazy=false
00:38:22.410 [main] DEBUG o.h.cfg.AbstractPropertyHolder - Attempting to locate auto-apply AttributeConverter for property [edu.ncsu.csc.itrust2.models.persistent.Prescription:id]
00:38:22.411 [main] DEBUG o.h.c.annotations.SimpleValueBinder - building SimpleValue for id
00:38:22.411 [main] DEBUG o.h.cfg.annotations.PropertyBinder - Building property id
00:38:22.411 [main] DEBUG org.hibernate.cfg.Ejb3Column - Binding column: Ejb3JoinColumn{logicalColumnName='dosage_id', referencedColumn='', mappedBy=''}
00:38:22.411 [main] DEBUG org.hibernate.cfg.Ejb3Column - Binding column: Ejb3Column{table=org.hibernate.mapping.Table(Prescriptions), mappingColumn=dosage, insertable=true, updatable=true, unique=false}
00:38:22.411 [main] DEBUG o.h.cfg.annotations.PropertyBinder - MetadataSourceProcessor property dosage with lazy=false
00:38:22.412 [main] DEBUG o.h.cfg.AbstractPropertyHolder - Attempting to locate auto-apply AttributeConverter for property [edu.ncsu.csc.itrust2.models.persistent.Prescription:dosage]
00:38:22.412 [main] DEBUG o.h.c.annotations.SimpleValueBinder - building SimpleValue for dosage
00:38:22.412 [main] DEBUG o.h.cfg.annotations.PropertyBinder - Building property dosage
00:38:22.412 [main] DEBUG org.hibernate.cfg.Ejb3Column - Binding column: Ejb3JoinColumn{logicalColumnName='drug_id', referencedColumn='', mappedBy=''}
00:38:22.412 [main] DEBUG org.hibernate.cfg.Ejb3Column - Binding column: Ejb3Column{table=org.hibernate.mapping.Table(Prescriptions), mappingColumn=drug, insertable=true, updatable=true, unique=false}
00:38:22.413 [main] DEBUG o.h.cfg.annotations.PropertyBinder - Building property drug
00:38:22.413 [main] DEBUG org.hibernate.cfg.Ejb3Column - Binding column: Ejb3JoinColumn{logicalColumnName='end_id', referencedColumn='', mappedBy=''}
00:38:22.413 [main] DEBUG org.hibernate.cfg.Ejb3Column - Binding column: Ejb3Column{table=org.hibernate.mapping.Table(Prescriptions), mappingColumn=endDate, insertable=true, updatable=true, unique=false}
00:38:22.413 [main] DEBUG o.h.cfg.annotations.PropertyBinder - MetadataSourceProcessor property endDate with lazy=false
00:38:22.413 [main] DEBUG o.h.cfg.AbstractPropertyHolder - Attempting to locate auto-apply AttributeConverter for property [edu.ncsu.csc.itrust2.models.persistent.Prescription:endDate]
00:38:22.414 [main] DEBUG o.h.c.annotations.SimpleValueBinder - building SimpleValue for endDate
00:38:22.414 [main] DEBUG o.h.cfg.annotations.PropertyBinder - Building property endDate
00:38:22.414 [main] DEBUG org.hibernate.cfg.Ejb3Column - Binding column: Ejb3JoinColumn{logicalColumnName='patient_id', referencedColumn='', mappedBy=''}
00:38:22.414 [main] DEBUG org.hibernate.cfg.Ejb3Column - Binding column: Ejb3Column{table=org.hibernate.mapping.Table(Prescriptions), mappingColumn=patient, insertable=true, updatable=true, unique=false}
00:38:22.414 [main] DEBUG o.h.cfg.annotations.PropertyBinder - Building property patient
00:38:22.415 [main] DEBUG org.hibernate.cfg.Ejb3Column - Binding column: Ejb3JoinColumn{logicalColumnName='renewal_id', referencedColumn='', mappedBy=''}
00:38:22.415 [main] DEBUG org.hibernate.cfg.Ejb3Column - Binding column: Ejb3Column{table=org.hibernate.mapping.Table(Prescriptions), mappingColumn=renewals, insertable=true, updatable=true, unique=false}
00:38:22.415 [main] DEBUG o.h.cfg.annotations.PropertyBinder - MetadataSourceProcessor property renewals with lazy=false
00:38:22.415 [main] DEBUG o.h.cfg.AbstractPropertyHolder - Attempting to locate auto-apply AttributeConverter for property [edu.ncsu.csc.itrust2.models.persistent.Prescription:renewals]
00:38:22.415 [main] DEBUG o.h.c.annotations.SimpleValueBinder - building SimpleValue for renewals
00:38:22.415 [main] DEBUG o.h.cfg.annotations.PropertyBinder - Building property renewals
00:38:22.416 [main] DEBUG org.hibernate.cfg.Ejb3Column - Binding column: Ejb3JoinColumn{logicalColumnName='start_id', referencedColumn='', mappedBy=''}
00:38:22.416 [main] DEBUG org.hibernate.cfg.Ejb3Column - Binding column: Ejb3Column{table=org.hibernate.mapping.Table(Prescriptions), mappingColumn=startDate, insertable=true, updatable=true, unique=false}
00:38:22.416 [main] DEBUG o.h.cfg.annotations.PropertyBinder - MetadataSourceProcessor property startDate with lazy=false
00:38:22.416 [main] DEBUG o.h.cfg.AbstractPropertyHolder - Attempting to locate auto-apply AttributeConverter for property [edu.ncsu.csc.itrust2.models.persistent.Prescription:startDate]
00:38:22.416 [main] DEBUG o.h.c.annotations.SimpleValueBinder - building SimpleValue for startDate
00:38:22.417 [main] DEBUG o.h.cfg.annotations.PropertyBinder - Building property startDate
00:38:22.417 [main] DEBUG org.hibernate.cfg.AnnotationBinder - Binding entity from annotated class: edu.ncsu.csc.itrust2.models.persistent.PasswordResetToken
00:38:22.417 [main] DEBUG org.hibernate.cfg.Ejb3Column - Binding column: Ejb3DiscriminatorColumn{logicalColumnName'DTYPE', discriminatorTypeName='string'}
00:38:22.417 [main] DEBUG o.h.cfg.annotations.EntityBinder - Import with entity name PasswordResetToken
00:38:22.417 [main] DEBUG o.h.cfg.annotations.EntityBinder - Bind entity edu.ncsu.csc.itrust2.models.persistent.PasswordResetToken on table PasswordResetTokens
00:38:22.418 [main] DEBUG org.hibernate.cfg.Ejb3Column - Binding column: Ejb3Column{table=org.hibernate.mapping.Table(PasswordResetTokens), mappingColumn=id, insertable=true, updatable=true, unique=false}
00:38:22.419 [main] DEBUG o.h.cfg.annotations.PropertyBinder - MetadataSourceProcessor property id with lazy=false
00:38:22.419 [main] DEBUG o.h.cfg.AbstractPropertyHolder - Attempting to locate auto-apply AttributeConverter for property [edu.ncsu.csc.itrust2.models.persistent.PasswordResetToken:id]
00:38:22.419 [main] DEBUG o.h.c.annotations.SimpleValueBinder - building SimpleValue for id
00:38:22.419 [main] DEBUG o.h.cfg.annotations.PropertyBinder - Building property id
00:38:22.420 [main] DEBUG org.hibernate.cfg.Ejb3Column - Binding column: Ejb3Column{table=org.hibernate.mapping.Table(PasswordResetTokens), mappingColumn=creationTime, insertable=true, updatable=true, unique=false}
00:38:22.420 [main] DEBUG o.h.cfg.annotations.PropertyBinder - MetadataSourceProcessor property creationTime with lazy=false
00:38:22.420 [main] DEBUG o.h.cfg.AbstractPropertyHolder - Attempting to locate auto-apply AttributeConverter for property [edu.ncsu.csc.itrust2.models.persistent.PasswordResetToken:creationTime]
00:38:22.420 [main] DEBUG o.h.c.annotations.SimpleValueBinder - building SimpleValue for creationTime
00:38:22.420 [main] DEBUG o.h.cfg.annotations.PropertyBinder - Building property creationTime
00:38:22.421 [main] DEBUG org.hibernate.cfg.Ejb3Column - Binding column: Ejb3Column{table=org.hibernate.mapping.Table(PasswordResetTokens), mappingColumn=tempPassword, insertable=true, updatable=true, unique=false}
00:38:22.421 [main] DEBUG o.h.cfg.annotations.PropertyBinder - MetadataSourceProcessor property tempPassword with lazy=false
00:38:22.421 [main] DEBUG o.h.cfg.AbstractPropertyHolder - Attempting to locate auto-apply AttributeConverter for property [edu.ncsu.csc.itrust2.models.persistent.PasswordResetToken:tempPassword]
00:38:22.421 [main] DEBUG o.h.c.annotations.SimpleValueBinder - building SimpleValue for tempPassword
00:38:22.421 [main] DEBUG o.h.cfg.annotations.PropertyBinder - Building property tempPassword
00:38:22.421 [main] DEBUG org.hibernate.cfg.Ejb3Column - Binding column: Ejb3JoinColumn{logicalColumnName='user_id', referencedColumn='', mappedBy=''}
00:38:22.422 [main] DEBUG org.hibernate.cfg.Ejb3Column - Binding column: Ejb3Column{table=org.hibernate.mapping.Table(PasswordResetTokens), mappingColumn=user, insertable=true, updatable=true, unique=false}
00:38:22.422 [main] DEBUG o.h.cfg.annotations.PropertyBinder - Building property user
00:38:22.422 [main] DEBUG org.hibernate.cfg.AnnotationBinder - Binding entity from annotated class: edu.ncsu.csc.itrust2.models.persistent.LoginAttempt
00:38:22.422 [main] DEBUG org.hibernate.cfg.Ejb3Column - Binding column: Ejb3DiscriminatorColumn{logicalColumnName'DTYPE', discriminatorTypeName='string'}
00:38:22.423 [main] DEBUG o.h.cfg.annotations.EntityBinder - Import with entity name LoginAttempt
00:38:22.423 [main] DEBUG o.h.cfg.annotations.EntityBinder - Bind entity edu.ncsu.csc.itrust2.models.persistent.LoginAttempt on table LoginAttempts
00:38:22.424 [main] DEBUG org.hibernate.cfg.Ejb3Column - Binding column: Ejb3Column{table=org.hibernate.mapping.Table(LoginAttempts), mappingColumn=id, insertable=true, updatable=true, unique=false}
00:38:22.424 [main] DEBUG o.h.cfg.annotations.PropertyBinder - MetadataSourceProcessor property id with lazy=false
00:38:22.424 [main] DEBUG o.h.cfg.AbstractPropertyHolder - Attempting to locate auto-apply AttributeConverter for property [edu.ncsu.csc.itrust2.models.persistent.LoginAttempt:id]
00:38:22.424 [main] DEBUG o.h.c.annotations.SimpleValueBinder - building SimpleValue for id
00:38:22.424 [main] DEBUG o.h.cfg.annotations.PropertyBinder - Building property id
00:38:22.425 [main] DEBUG org.hibernate.cfg.Ejb3Column - Binding column: Ejb3Column{table=org.hibernate.mapping.Table(LoginAttempts), mappingColumn=ip, insertable=true, updatable=true, unique=false}
00:38:22.425 [main] DEBUG o.h.cfg.annotations.PropertyBinder - MetadataSourceProcessor property ip with lazy=false
00:38:22.425 [main] DEBUG o.h.cfg.AbstractPropertyHolder - Attempting to locate auto-apply AttributeConverter for property [edu.ncsu.csc.itrust2.models.persistent.LoginAttempt:ip]
00:38:22.425 [main] DEBUG o.h.c.annotations.SimpleValueBinder - building SimpleValue for ip
00:38:22.425 [main] DEBUG o.h.cfg.annotations.PropertyBinder - Building property ip
00:38:22.426 [main] DEBUG org.hibernate.cfg.Ejb3Column - Binding column: Ejb3Column{table=org.hibernate.mapping.Table(LoginAttempts), mappingColumn=time, insertable=true, updatable=true, unique=false}
00:38:22.426 [main] DEBUG o.h.cfg.annotations.PropertyBinder - MetadataSourceProcessor property time with lazy=false
00:38:22.426 [main] DEBUG o.h.cfg.AbstractPropertyHolder - Attempting to locate auto-apply AttributeConverter for property [edu.ncsu.csc.itrust2.models.persistent.LoginAttempt:time]
00:38:22.426 [main] DEBUG o.h.c.annotations.SimpleValueBinder - building SimpleValue for time
00:38:22.426 [main] DEBUG o.h.cfg.annotations.PropertyBinder - Building property time
00:38:22.426 [main] DEBUG org.hibernate.cfg.Ejb3Column - Binding column: Ejb3JoinColumn{logicalColumnName='user_id', referencedColumn='', mappedBy=''}
00:38:22.427 [main] DEBUG org.hibernate.cfg.Ejb3Column - Binding column: Ejb3Column{table=org.hibernate.mapping.Table(LoginAttempts), mappingColumn=user, insertable=true, updatable=true, unique=false}
00:38:22.427 [main] DEBUG o.h.cfg.annotations.PropertyBinder - Building property user
00:38:22.427 [main] DEBUG org.hibernate.cfg.AnnotationBinder - Binding entity from annotated class: edu.ncsu.csc.itrust2.models.persistent.LoginLockout
00:38:22.427 [main] DEBUG org.hibernate.cfg.Ejb3Column - Binding column: Ejb3DiscriminatorColumn{logicalColumnName'DTYPE', discriminatorTypeName='string'}
00:38:22.428 [main] DEBUG o.h.cfg.annotations.EntityBinder - Import with entity name LoginLockout
00:38:22.428 [main] DEBUG o.h.cfg.annotations.EntityBinder - Bind entity edu.ncsu.csc.itrust2.models.persistent.LoginLockout on table LoginLockouts
00:38:22.429 [main] DEBUG org.hibernate.cfg.Ejb3Column - Binding column: Ejb3Column{table=org.hibernate.mapping.Table(LoginLockouts), mappingColumn=id, insertable=true, updatable=true, unique=false}
00:38:22.429 [main] DEBUG o.h.cfg.annotations.PropertyBinder - MetadataSourceProcessor property id with lazy=false
00:38:22.430 [main] DEBUG o.h.cfg.AbstractPropertyHolder - Attempting to locate auto-apply AttributeConverter for property [edu.ncsu.csc.itrust2.models.persistent.LoginLockout:id]
00:38:22.430 [main] DEBUG o.h.c.annotations.SimpleValueBinder - building SimpleValue for id
00:38:22.430 [main] DEBUG o.h.cfg.annotations.PropertyBinder - Building property id
00:38:22.430 [main] DEBUG org.hibernate.cfg.Ejb3Column - Binding column: Ejb3Column{table=org.hibernate.mapping.Table(LoginLockouts), mappingColumn=ip, insertable=true, updatable=true, unique=false}
00:38:22.430 [main] DEBUG o.h.cfg.annotations.PropertyBinder - MetadataSourceProcessor property ip with lazy=false
00:38:22.430 [main] DEBUG o.h.cfg.AbstractPropertyHolder - Attempting to locate auto-apply AttributeConverter for property [edu.ncsu.csc.itrust2.models.persistent.LoginLockout:ip]
00:38:22.431 [main] DEBUG o.h.c.annotations.SimpleValueBinder - building SimpleValue for ip
00:38:22.431 [main] DEBUG o.h.cfg.annotations.PropertyBinder - Building property ip
00:38:22.431 [main] DEBUG org.hibernate.cfg.Ejb3Column - Binding column: Ejb3Column{table=org.hibernate.mapping.Table(LoginLockouts), mappingColumn=time, insertable=true, updatable=true, unique=false}
00:38:22.431 [main] DEBUG o.h.cfg.annotations.PropertyBinder - MetadataSourceProcessor property time with lazy=false
00:38:22.431 [main] DEBUG o.h.cfg.AbstractPropertyHolder - Attempting to locate auto-apply AttributeConverter for property [edu.ncsu.csc.itrust2.models.persistent.LoginLockout:time]
00:38:22.432 [main] DEBUG o.h.c.annotations.SimpleValueBinder - building SimpleValue for time
00:38:22.432 [main] DEBUG o.h.cfg.annotations.PropertyBinder - Building property time
00:38:22.432 [main] DEBUG org.hibernate.cfg.Ejb3Column - Binding column: Ejb3JoinColumn{logicalColumnName='user_id', referencedColumn='', mappedBy=''}
00:38:22.432 [main] DEBUG org.hibernate.cfg.Ejb3Column - Binding column: Ejb3Column{table=org.hibernate.mapping.Table(LoginLockouts), mappingColumn=user, insertable=true, updatable=true, unique=false}
00:38:22.432 [main] DEBUG o.h.cfg.annotations.PropertyBinder - Building property user
00:38:22.433 [main] DEBUG org.hibernate.cfg.AnnotationBinder - Binding entity from annotated class: edu.ncsu.csc.itrust2.models.persistent.LoginBan
00:38:22.433 [main] DEBUG org.hibernate.cfg.Ejb3Column - Binding column: Ejb3DiscriminatorColumn{logicalColumnName'DTYPE', discriminatorTypeName='string'}
00:38:22.433 [main] DEBUG o.h.cfg.annotations.EntityBinder - Import with entity name LoginBan
00:38:22.433 [main] DEBUG o.h.cfg.annotations.EntityBinder - Bind entity edu.ncsu.csc.itrust2.models.persistent.LoginBan on table LoginBans
00:38:22.434 [main] DEBUG org.hibernate.cfg.Ejb3Column - Binding column: Ejb3Column{table=org.hibernate.mapping.Table(LoginBans), mappingColumn=id, insertable=true, updatable=true, unique=false}
00:38:22.435 [main] DEBUG o.h.cfg.annotations.PropertyBinder - MetadataSourceProcessor property id with lazy=false
00:38:22.435 [main] DEBUG o.h.cfg.AbstractPropertyHolder - Attempting to locate auto-apply AttributeConverter for property [edu.ncsu.csc.itrust2.models.persistent.LoginBan:id]
00:38:22.435 [main] DEBUG o.h.c.annotations.SimpleValueBinder - building SimpleValue for id
00:38:22.435 [main] DEBUG o.h.cfg.annotations.PropertyBinder - Building property id
00:38:22.435 [main] DEBUG org.hibernate.cfg.Ejb3Column - Binding column: Ejb3Column{table=org.hibernate.mapping.Table(LoginBans), mappingColumn=ip, insertable=true, updatable=true, unique=false}
00:38:22.436 [main] DEBUG o.h.cfg.annotations.PropertyBinder - MetadataSourceProcessor property ip with lazy=false
00:38:22.436 [main] DEBUG o.h.cfg.AbstractPropertyHolder - Attempting to locate auto-apply AttributeConverter for property [edu.ncsu.csc.itrust2.models.persistent.LoginBan:ip]
00:38:22.436 [main] DEBUG o.h.c.annotations.SimpleValueBinder - building SimpleValue for ip
00:38:22.436 [main] DEBUG o.h.cfg.annotations.PropertyBinder - Building property ip
00:38:22.436 [main] DEBUG org.hibernate.cfg.Ejb3Column - Binding column: Ejb3Column{table=org.hibernate.mapping.Table(LoginBans), mappingColumn=time, insertable=true, updatable=true, unique=false}
00:38:22.436 [main] DEBUG o.h.cfg.annotations.PropertyBinder - MetadataSourceProcessor property time with lazy=false
00:38:22.437 [main] DEBUG o.h.cfg.AbstractPropertyHolder - Attempting to locate auto-apply AttributeConverter for property [edu.ncsu.csc.itrust2.models.persistent.LoginBan:time]
00:38:22.437 [main] DEBUG o.h.c.annotations.SimpleValueBinder - building SimpleValue for time
00:38:22.437 [main] DEBUG o.h.cfg.annotations.PropertyBinder - Building property time
00:38:22.437 [main] DEBUG org.hibernate.cfg.Ejb3Column - Binding column: Ejb3JoinColumn{logicalColumnName='user_id', referencedColumn='', mappedBy=''}
00:38:22.437 [main] DEBUG org.hibernate.cfg.Ejb3Column - Binding column: Ejb3Column{table=org.hibernate.mapping.Table(LoginBans), mappingColumn=user, insertable=true, updatable=true, unique=false}
00:38:22.438 [main] DEBUG o.h.cfg.annotations.PropertyBinder - Building property user
00:38:22.439 [main] DEBUG o.h.c.annotations.SimpleValueBinder - Starting fillSimpleValue for id
00:38:22.439 [main] DEBUG o.h.c.annotations.SimpleValueBinder - Starting fillSimpleValue for logCode
00:38:22.440 [main] DEBUG o.h.c.annotations.SimpleValueBinder - Starting fillSimpleValue for message
00:38:22.440 [main] DEBUG o.h.c.annotations.SimpleValueBinder - Starting fillSimpleValue for primaryUser
00:38:22.440 [main] DEBUG o.h.c.annotations.SimpleValueBinder - Starting fillSimpleValue for secondaryUser
00:38:22.440 [main] DEBUG o.h.c.annotations.SimpleValueBinder - Starting fillSimpleValue for time
00:38:22.440 [main] DEBUG o.h.c.annotations.SimpleValueBinder - Starting fillSimpleValue for id
00:38:22.441 [main] DEBUG o.h.c.annotations.SimpleValueBinder - Starting fillSimpleValue for comments
00:38:22.441 [main] DEBUG o.h.c.annotations.SimpleValueBinder - Starting fillSimpleValue for date
00:38:22.441 [main] DEBUG o.h.c.annotations.SimpleValueBinder - Starting fillSimpleValue for status
00:38:22.441 [main] DEBUG o.h.c.annotations.SimpleValueBinder - Starting fillSimpleValue for type
00:38:22.441 [main] DEBUG o.h.c.annotations.SimpleValueBinder - Starting fillSimpleValue for username
00:38:22.441 [main] DEBUG o.h.c.annotations.SimpleValueBinder - Starting fillSimpleValue for enabled
00:38:22.442 [main] DEBUG o.h.c.annotations.SimpleValueBinder - Starting fillSimpleValue for password
00:38:22.442 [main] DEBUG o.h.c.annotations.SimpleValueBinder - Starting fillSimpleValue for role
00:38:22.442 [main] DEBUG o.h.c.annotations.SimpleValueBinder - Starting fillSimpleValue for id
00:38:22.442 [main] DEBUG o.h.c.annotations.SimpleValueBinder - Starting fillSimpleValue for date
00:38:22.442 [main] DEBUG o.h.c.annotations.SimpleValueBinder - Starting fillSimpleValue for notes
00:38:22.442 [main] DEBUG o.h.c.annotations.SimpleValueBinder - Starting fillSimpleValue for type
00:38:22.442 [main] DEBUG o.h.c.annotations.SimpleValueBinder - Starting fillSimpleValue for name
00:38:22.443 [main] DEBUG o.h.c.annotations.SimpleValueBinder - Starting fillSimpleValue for address
00:38:22.443 [main] DEBUG o.h.c.annotations.SimpleValueBinder - Starting fillSimpleValue for state
00:38:22.443 [main] DEBUG o.h.c.annotations.SimpleValueBinder - Starting fillSimpleValue for zip
00:38:22.443 [main] DEBUG o.h.c.annotations.SimpleValueBinder - Starting fillSimpleValue for address1
00:38:22.443 [main] DEBUG o.h.c.annotations.SimpleValueBinder - Starting fillSimpleValue for address2
00:38:22.443 [main] DEBUG o.h.c.annotations.SimpleValueBinder - Starting fillSimpleValue for bloodType
00:38:22.444 [main] DEBUG o.h.c.annotations.SimpleValueBinder - Starting fillSimpleValue for causeOfDeath
00:38:22.444 [main] DEBUG o.h.c.annotations.SimpleValueBinder - Starting fillSimpleValue for city
00:38:22.444 [main] DEBUG o.h.c.annotations.SimpleValueBinder - Starting fillSimpleValue for dateOfBirth
00:38:22.444 [main] DEBUG o.h.c.annotations.SimpleValueBinder - Starting fillSimpleValue for dateOfDeath
00:38:22.444 [main] DEBUG o.h.c.annotations.SimpleValueBinder - Starting fillSimpleValue for email
00:38:22.444 [main] DEBUG o.h.c.annotations.SimpleValueBinder - Starting fillSimpleValue for ethnicity
00:38:22.444 [main] DEBUG o.h.c.annotations.SimpleValueBinder - Starting fillSimpleValue for firstName
00:38:22.445 [main] DEBUG o.h.c.annotations.SimpleValueBinder - Starting fillSimpleValue for gender
00:38:22.445 [main] DEBUG o.h.c.annotations.SimpleValueBinder - Starting fillSimpleValue for id
00:38:22.445 [main] DEBUG o.h.c.annotations.SimpleValueBinder - Starting fillSimpleValue for lastName
00:38:22.445 [main] DEBUG o.h.c.annotations.SimpleValueBinder - Starting fillSimpleValue for phone
00:38:22.445 [main] DEBUG o.h.c.annotations.SimpleValueBinder - Starting fillSimpleValue for preferredName
00:38:22.445 [main] DEBUG o.h.c.annotations.SimpleValueBinder - Starting fillSimpleValue for state
00:38:22.446 [main] DEBUG o.h.c.annotations.SimpleValueBinder - Starting fillSimpleValue for zip
00:38:22.446 [main] DEBUG o.h.c.annotations.SimpleValueBinder - Starting fillSimpleValue for id
00:38:22.446 [main] DEBUG o.h.c.annotations.SimpleValueBinder - Starting fillSimpleValue for address1
00:38:22.446 [main] DEBUG o.h.c.annotations.SimpleValueBinder - Starting fillSimpleValue for address2
00:38:22.446 [main] DEBUG o.h.c.annotations.SimpleValueBinder - Starting fillSimpleValue for city
00:38:22.446 [main] DEBUG o.h.c.annotations.SimpleValueBinder - Starting fillSimpleValue for email
00:38:22.446 [main] DEBUG o.h.c.annotations.SimpleValueBinder - Starting fillSimpleValue for enabled
00:38:22.447 [main] DEBUG o.h.c.annotations.SimpleValueBinder - Starting fillSimpleValue for firstName
00:38:22.447 [main] DEBUG o.h.c.annotations.SimpleValueBinder - Starting fillSimpleValue for lastName
00:38:22.447 [main] DEBUG o.h.c.annotations.SimpleValueBinder - Starting fillSimpleValue for phone
00:38:22.447 [main] DEBUG o.h.c.annotations.SimpleValueBinder - Starting fillSimpleValue for specialty
00:38:22.447 [main] DEBUG o.h.c.annotations.SimpleValueBinder - Starting fillSimpleValue for state
00:38:22.447 [main] DEBUG o.h.c.annotations.SimpleValueBinder - Starting fillSimpleValue for zip
00:38:22.447 [main] DEBUG o.h.c.annotations.SimpleValueBinder - Starting fillSimpleValue for id
00:38:22.448 [main] DEBUG o.h.c.annotations.SimpleValueBinder - Starting fillSimpleValue for diastolic
00:38:22.448 [main] DEBUG o.h.c.annotations.SimpleValueBinder - Starting fillSimpleValue for hdl
00:38:22.448 [main] DEBUG o.h.c.annotations.SimpleValueBinder - Starting fillSimpleValue for headCircumference
00:38:22.448 [main] DEBUG o.h.c.annotations.SimpleValueBinder - Starting fillSimpleValue for height
00:38:22.448 [main] DEBUG o.h.c.annotations.SimpleValueBinder - Starting fillSimpleValue for houseSmokingStatus
00:38:22.448 [main] DEBUG o.h.c.annotations.SimpleValueBinder - Starting fillSimpleValue for ldl
00:38:22.448 [main] DEBUG o.h.c.annotations.SimpleValueBinder - Starting fillSimpleValue for patientSmokingStatus
00:38:22.449 [main] DEBUG o.h.c.annotations.SimpleValueBinder - Starting fillSimpleValue for systolic
00:38:22.449 [main] DEBUG o.h.c.annotations.SimpleValueBinder - Starting fillSimpleValue for tri
00:38:22.449 [main] DEBUG o.h.c.annotations.SimpleValueBinder - Starting fillSimpleValue for weight
00:38:22.449 [main] DEBUG o.h.c.annotations.SimpleValueBinder - Starting fillSimpleValue for id
00:38:22.449 [main] DEBUG o.h.c.annotations.SimpleValueBinder - Starting fillSimpleValue for note
00:38:22.449 [main] DEBUG o.h.c.annotations.SimpleValueBinder - Starting fillSimpleValue for id
00:38:22.449 [main] DEBUG o.h.c.annotations.SimpleValueBinder - Starting fillSimpleValue for code
00:38:22.450 [main] DEBUG o.h.c.annotations.SimpleValueBinder - Starting fillSimpleValue for description
00:38:22.450 [main] DEBUG o.h.c.annotations.SimpleValueBinder - Starting fillSimpleValue for id
00:38:22.450 [main] DEBUG o.h.c.annotations.SimpleValueBinder - Starting fillSimpleValue for code
00:38:22.450 [main] DEBUG o.h.c.annotations.SimpleValueBinder - Starting fillSimpleValue for description
00:38:22.450 [main] DEBUG o.h.c.annotations.SimpleValueBinder - Starting fillSimpleValue for name
00:38:22.450 [main] DEBUG o.h.c.annotations.SimpleValueBinder - Starting fillSimpleValue for id
00:38:22.450 [main] DEBUG o.h.c.annotations.SimpleValueBinder - Starting fillSimpleValue for dosage
00:38:22.451 [main] DEBUG o.h.c.annotations.SimpleValueBinder - Starting fillSimpleValue for endDate
00:38:22.451 [main] DEBUG o.h.c.annotations.SimpleValueBinder - Starting fillSimpleValue for renewals
00:38:22.451 [main] DEBUG o.h.c.annotations.SimpleValueBinder - Starting fillSimpleValue for startDate
00:38:22.451 [main] DEBUG o.h.c.annotations.SimpleValueBinder - Starting fillSimpleValue for id
00:38:22.451 [main] DEBUG o.h.c.annotations.SimpleValueBinder - Starting fillSimpleValue for creationTime
00:38:22.451 [main] DEBUG o.h.c.annotations.SimpleValueBinder - Starting fillSimpleValue for tempPassword
00:38:22.451 [main] DEBUG o.h.c.annotations.SimpleValueBinder - Starting fillSimpleValue for id
00:38:22.452 [main] DEBUG o.h.c.annotations.SimpleValueBinder - Starting fillSimpleValue for ip
00:38:22.452 [main] DEBUG o.h.c.annotations.SimpleValueBinder - Starting fillSimpleValue for time
00:38:22.452 [main] DEBUG o.h.c.annotations.SimpleValueBinder - Starting fillSimpleValue for id
00:38:22.452 [main] DEBUG o.h.c.annotations.SimpleValueBinder - Starting fillSimpleValue for ip
00:38:22.452 [main] DEBUG o.h.c.annotations.SimpleValueBinder - Starting fillSimpleValue for time
00:38:22.452 [main] DEBUG o.h.c.annotations.SimpleValueBinder - Starting fillSimpleValue for id
00:38:22.452 [main] DEBUG o.h.c.annotations.SimpleValueBinder - Starting fillSimpleValue for ip
00:38:22.453 [main] DEBUG o.h.c.annotations.SimpleValueBinder - Starting fillSimpleValue for time
00:38:22.463 [main] DEBUG org.hibernate.mapping.PrimaryKey - Forcing column [id] to be non-null as it is part of the primary key for table [logentries]
00:38:22.463 [main] DEBUG org.hibernate.mapping.PrimaryKey - Forcing column [id] to be non-null as it is part of the primary key for table [appointmentrequests]
00:38:22.463 [main] DEBUG org.hibernate.mapping.PrimaryKey - Forcing column [username] to be non-null as it is part of the primary key for table [users]
00:38:22.463 [main] DEBUG org.hibernate.mapping.PrimaryKey - Forcing column [id] to be non-null as it is part of the primary key for table [officevisits]
00:38:22.463 [main] DEBUG org.hibernate.mapping.PrimaryKey - Forcing column [name] to be non-null as it is part of the primary key for table [hospitals]
00:38:22.464 [main] DEBUG org.hibernate.mapping.PrimaryKey - Forcing column [self_id] to be non-null as it is part of the primary key for table [patients]
00:38:22.464 [main] DEBUG org.hibernate.mapping.PrimaryKey - Forcing column [id] to be non-null as it is part of the primary key for table [personnel]
00:38:22.465 [main] DEBUG org.hibernate.mapping.PrimaryKey - Forcing column [id] to be non-null as it is part of the primary key for table [basichealthmetrics]
00:38:22.465 [main] DEBUG org.hibernate.mapping.PrimaryKey - Forcing column [id] to be non-null as it is part of the primary key for table [diagnoses]
00:38:22.465 [main] DEBUG org.hibernate.mapping.PrimaryKey - Forcing column [id] to be non-null as it is part of the primary key for table [icdcodes]
00:38:22.465 [main] DEBUG org.hibernate.mapping.PrimaryKey - Forcing column [id] to be non-null as it is part of the primary key for table [drugs]
00:38:22.465 [main] DEBUG org.hibernate.mapping.PrimaryKey - Forcing column [id] to be non-null as it is part of the primary key for table [prescriptions]
00:38:22.465 [main] DEBUG org.hibernate.mapping.PrimaryKey - Forcing column [id] to be non-null as it is part of the primary key for table [passwordresettokens]
00:38:22.466 [main] DEBUG org.hibernate.mapping.PrimaryKey - Forcing column [id] to be non-null as it is part of the primary key for table [loginattempts]
00:38:22.466 [main] DEBUG org.hibernate.mapping.PrimaryKey - Forcing column [id] to be non-null as it is part of the primary key for table [loginlockouts]
00:38:22.466 [main] DEBUG org.hibernate.mapping.PrimaryKey - Forcing column [id] to be non-null as it is part of the primary key for table [loginbans]
00:38:22.466 [main] DEBUG o.hibernate.cfg.CollectionSecondPass - Second pass for collection: edu.ncsu.csc.itrust2.models.persistent.OfficeVisit.prescriptions
00:38:22.466 [main] DEBUG o.h.cfg.annotations.CollectionBinder - Binding a OneToMany: edu.ncsu.csc.itrust2.models.persistent.OfficeVisit.prescriptions through a foreign key
00:38:22.468 [main] DEBUG o.h.cfg.annotations.CollectionBinder - Mapping collection: edu.ncsu.csc.itrust2.models.persistent.OfficeVisit.prescriptions -> Prescriptions
00:38:22.469 [main] DEBUG o.hibernate.cfg.CollectionSecondPass - Mapped collection key: prescriptions_id, one-to-many: edu.ncsu.csc.itrust2.models.persistent.Prescription
00:38:22.469 [main] DEBUG o.h.b.i.InFlightMetadataCollectorImpl - Resolving reference to class: edu.ncsu.csc.itrust2.models.persistent.User
00:38:22.472 [main] DEBUG o.h.b.i.InFlightMetadataCollectorImpl - Resolving reference to class: edu.ncsu.csc.itrust2.models.persistent.User
00:38:22.472 [main] DEBUG o.h.b.i.InFlightMetadataCollectorImpl - Resolving reference to class: edu.ncsu.csc.itrust2.models.persistent.User
00:38:22.473 [main] DEBUG o.h.b.i.InFlightMetadataCollectorImpl - Resolving reference to class: edu.ncsu.csc.itrust2.models.persistent.User
00:38:22.473 [main] DEBUG o.h.b.i.InFlightMetadataCollectorImpl - Resolving reference to class: edu.ncsu.csc.itrust2.models.persistent.ICDCode
00:38:22.473 [main] DEBUG o.h.b.i.InFlightMetadataCollectorImpl - Resolving reference to class: edu.ncsu.csc.itrust2.models.persistent.OfficeVisit
00:38:22.474 [main] DEBUG o.h.b.i.InFlightMetadataCollectorImpl - Resolving reference to class: edu.ncsu.csc.itrust2.models.persistent.User
00:38:22.474 [main] DEBUG o.h.b.i.InFlightMetadataCollectorImpl - Resolving reference to class: edu.ncsu.csc.itrust2.models.persistent.User
00:38:22.474 [main] DEBUG o.h.b.i.InFlightMetadataCollectorImpl - Resolving reference to class: edu.ncsu.csc.itrust2.models.persistent.User
00:38:22.474 [main] DEBUG o.h.b.i.InFlightMetadataCollectorImpl - Resolving reference to class: edu.ncsu.csc.itrust2.models.persistent.AppointmentRequest
00:38:22.475 [main] DEBUG o.h.b.i.InFlightMetadataCollectorImpl - Resolving reference to class: edu.ncsu.csc.itrust2.models.persistent.BasicHealthMetrics
00:38:22.475 [main] DEBUG o.h.b.i.InFlightMetadataCollectorImpl - Resolving reference to class: edu.ncsu.csc.itrust2.models.persistent.User
00:38:22.475 [main] DEBUG o.h.b.i.InFlightMetadataCollectorImpl - Resolving reference to class: edu.ncsu.csc.itrust2.models.persistent.Hospital
00:38:22.476 [main] DEBUG o.h.b.i.InFlightMetadataCollectorImpl - Resolving reference to class: edu.ncsu.csc.itrust2.models.persistent.User
00:38:22.476 [main] DEBUG o.h.b.i.InFlightMetadataCollectorImpl - Resolving reference to class: edu.ncsu.csc.itrust2.models.persistent.User
00:38:22.476 [main] DEBUG o.h.b.i.InFlightMetadataCollectorImpl - Resolving reference to class: edu.ncsu.csc.itrust2.models.persistent.User
00:38:22.477 [main] DEBUG o.h.b.i.InFlightMetadataCollectorImpl - Resolving reference to class: edu.ncsu.csc.itrust2.models.persistent.User
00:38:22.477 [main] DEBUG o.h.b.i.InFlightMetadataCollectorImpl - Resolving reference to class: edu.ncsu.csc.itrust2.models.persistent.User
00:38:22.477 [main] DEBUG o.h.b.i.InFlightMetadataCollectorImpl - Resolving reference to class: edu.ncsu.csc.itrust2.models.persistent.User
00:38:22.477 [main] DEBUG o.h.b.i.InFlightMetadataCollectorImpl - Resolving reference to class: edu.ncsu.csc.itrust2.models.persistent.Drug
00:38:22.478 [main] DEBUG o.h.b.i.InFlightMetadataCollectorImpl - Resolving reference to class: edu.ncsu.csc.itrust2.models.persistent.User
00:38:22.478 [main] DEBUG o.h.b.i.InFlightMetadataCollectorImpl - Resolving reference to class: edu.ncsu.csc.itrust2.models.persistent.OfficeVisit
00:38:22.479 [main] DEBUG o.h.b.i.InFlightMetadataCollectorImpl - Resolving reference to class: edu.ncsu.csc.itrust2.models.persistent.User
00:38:22.480 [main] DEBUG o.h.b.i.InFlightMetadataCollectorImpl - Resolving reference to class: edu.ncsu.csc.itrust2.models.persistent.User
00:38:22.480 [main] DEBUG o.h.b.i.InFlightMetadataCollectorImpl - Resolving reference to class: edu.ncsu.csc.itrust2.models.persistent.User
00:38:22.480 [main] DEBUG o.h.b.i.InFlightMetadataCollectorImpl - Resolving reference to class: edu.ncsu.csc.itrust2.models.persistent.User
00:38:22.480 [main] DEBUG o.h.b.i.InFlightMetadataCollectorImpl - Resolving reference to class: edu.ncsu.csc.itrust2.models.persistent.ICDCode
00:38:22.480 [main] DEBUG o.h.b.i.InFlightMetadataCollectorImpl - Resolving reference to class: edu.ncsu.csc.itrust2.models.persistent.OfficeVisit
00:38:22.480 [main] DEBUG o.h.b.i.InFlightMetadataCollectorImpl - Resolving reference to class: edu.ncsu.csc.itrust2.models.persistent.User
00:38:22.480 [main] DEBUG o.h.b.i.InFlightMetadataCollectorImpl - Resolving reference to class: edu.ncsu.csc.itrust2.models.persistent.User
00:38:22.481 [main] DEBUG o.h.b.i.InFlightMetadataCollectorImpl - Resolving reference to class: edu.ncsu.csc.itrust2.models.persistent.User
00:38:22.481 [main] DEBUG o.h.b.i.InFlightMetadataCollectorImpl - Resolving reference to class: edu.ncsu.csc.itrust2.models.persistent.AppointmentRequest
00:38:22.481 [main] DEBUG o.h.b.i.InFlightMetadataCollectorImpl - Resolving reference to class: edu.ncsu.csc.itrust2.models.persistent.BasicHealthMetrics
00:38:22.481 [main] DEBUG o.h.b.i.InFlightMetadataCollectorImpl - Resolving reference to class: edu.ncsu.csc.itrust2.models.persistent.User
00:38:22.481 [main] DEBUG o.h.b.i.InFlightMetadataCollectorImpl - Resolving reference to class: edu.ncsu.csc.itrust2.models.persistent.Hospital
00:38:22.481 [main] DEBUG o.h.b.i.InFlightMetadataCollectorImpl - Resolving reference to class: edu.ncsu.csc.itrust2.models.persistent.User
00:38:22.481 [main] DEBUG o.h.b.i.InFlightMetadataCollectorImpl - Resolving reference to class: edu.ncsu.csc.itrust2.models.persistent.User
00:38:22.482 [main] DEBUG o.h.b.i.InFlightMetadataCollectorImpl - Resolving reference to class: edu.ncsu.csc.itrust2.models.persistent.User
00:38:22.482 [main] DEBUG o.h.b.i.InFlightMetadataCollectorImpl - Resolving reference to class: edu.ncsu.csc.itrust2.models.persistent.User
00:38:22.482 [main] DEBUG o.h.b.i.InFlightMetadataCollectorImpl - Resolving reference to class: edu.ncsu.csc.itrust2.models.persistent.User
00:38:22.482 [main] DEBUG o.h.b.i.InFlightMetadataCollectorImpl - Resolving reference to class: edu.ncsu.csc.itrust2.models.persistent.User
00:38:22.482 [main] DEBUG o.h.b.i.InFlightMetadataCollectorImpl - Resolving reference to class: edu.ncsu.csc.itrust2.models.persistent.Drug
00:38:22.482 [main] DEBUG o.h.b.i.InFlightMetadataCollectorImpl - Resolving reference to class: edu.ncsu.csc.itrust2.models.persistent.User
00:38:22.483 [main] DEBUG o.h.b.i.InFlightMetadataCollectorImpl - Resolving reference to class: edu.ncsu.csc.itrust2.models.persistent.OfficeVisit
00:38:22.504 [main] DEBUG o.h.b.internal.ClassLoaderAccessImpl - Not known whether passed class name [edu.ncsu.csc.itrust2.models.persistent.Patient] is safe
00:38:22.504 [main] DEBUG o.h.b.internal.ClassLoaderAccessImpl - No temp ClassLoader provided; using live ClassLoader for loading potentially unsafe class : edu.ncsu.csc.itrust2.models.persistent.Patient
00:38:22.676 [main] WARN  org.hibernate.mapping.RootClass - HHH000038: Composite-id class does not override equals(): edu.ncsu.csc.itrust2.models.persistent.Patient
00:38:22.676 [main] WARN  org.hibernate.mapping.RootClass - HHH000039: Composite-id class does not override hashCode(): edu.ncsu.csc.itrust2.models.persistent.Patient
00:38:22.696 [main] DEBUG o.h.internal.SessionFactoryImpl - Building session factory
00:38:22.698 [main] DEBUG org.hibernate.cfg.Settings - SessionFactory name : null
00:38:22.698 [main] DEBUG org.hibernate.cfg.Settings - Automatic flush during beforeCompletion(): disabled
00:38:22.698 [main] DEBUG org.hibernate.cfg.Settings - Automatic session close at end of transaction: disabled
00:38:22.698 [main] DEBUG org.hibernate.cfg.Settings - Statistics: disabled
00:38:22.699 [main] DEBUG org.hibernate.cfg.Settings - Deleted entity synthetic identifier rollback: disabled
00:38:22.699 [main] DEBUG org.hibernate.cfg.Settings - Default entity-mode: pojo
00:38:22.699 [main] DEBUG org.hibernate.cfg.Settings - Check Nullability in Core (should be disabled when Bean Validation is on): enabled
00:38:22.699 [main] DEBUG org.hibernate.cfg.Settings - Allow initialization of lazy state outside session : disabled
00:38:22.699 [main] DEBUG org.hibernate.cfg.Settings - Using BatchFetchStyle : LEGACY
00:38:22.699 [main] DEBUG org.hibernate.cfg.Settings - Default batch fetch size: -1
00:38:22.700 [main] DEBUG org.hibernate.cfg.Settings - Maximum outer join fetch depth: 2
00:38:22.700 [main] DEBUG org.hibernate.cfg.Settings - Default null ordering: NONE
00:38:22.700 [main] DEBUG org.hibernate.cfg.Settings - Order SQL updates by primary key: disabled
00:38:22.700 [main] DEBUG org.hibernate.cfg.Settings - Order SQL inserts for batching: disabled
00:38:22.700 [main] DEBUG org.hibernate.cfg.Settings - multi-tenancy strategy : NONE
00:38:22.700 [main] DEBUG org.hibernate.cfg.Settings - JTA Track by Thread: enabled
00:38:22.700 [main] DEBUG org.hibernate.cfg.Settings - Query language substitutions: {}
00:38:22.701 [main] DEBUG org.hibernate.cfg.Settings - JPA query language strict compliance: disabled
00:38:22.701 [main] DEBUG org.hibernate.cfg.Settings - Named query checking : enabled
00:38:22.701 [main] DEBUG org.hibernate.cfg.Settings - Second-level cache: enabled
00:38:22.701 [main] DEBUG org.hibernate.cfg.Settings - Second-level query cache: disabled
00:38:22.701 [main] DEBUG org.hibernate.cfg.Settings - Second-level query cache factory: org.hibernate.cache.internal.StandardQueryCacheFactory@1117486c
00:38:22.701 [main] DEBUG org.hibernate.cfg.Settings - Second-level cache region prefix: null
00:38:22.702 [main] DEBUG org.hibernate.cfg.Settings - Optimize second-level cache for minimal puts: disabled
00:38:22.702 [main] DEBUG org.hibernate.cfg.Settings - Structured second-level cache entries: disabled
00:38:22.702 [main] DEBUG org.hibernate.cfg.Settings - Second-level cache direct-reference entries: disabled
00:38:22.702 [main] DEBUG org.hibernate.cfg.Settings - Automatic eviction of collection cache: disabled
00:38:22.702 [main] DEBUG org.hibernate.cfg.Settings - JDBC batch size: 15
00:38:22.702 [main] DEBUG org.hibernate.cfg.Settings - JDBC batch updates for versioned data: enabled
00:38:22.702 [main] DEBUG org.hibernate.cfg.Settings - Scrollable result sets: enabled
00:38:22.703 [main] DEBUG org.hibernate.cfg.Settings - Wrap result sets: disabled
00:38:22.703 [main] DEBUG org.hibernate.cfg.Settings - JDBC3 getGeneratedKeys(): enabled
00:38:22.703 [main] DEBUG org.hibernate.cfg.Settings - JDBC result set fetch size: null
00:38:22.703 [main] DEBUG org.hibernate.cfg.Settings - Connection release mode: ON_CLOSE
00:38:22.703 [main] DEBUG org.hibernate.cfg.Settings - Generate SQL with comments: disabled
00:38:22.793 [main] DEBUG o.h.internal.SessionFactoryImpl - Returning a Reference to the SessionFactory
00:38:22.795 [main] DEBUG o.h.internal.SessionFactoryImpl - Session factory constructed with filter configurations : {}
00:38:22.796 [main] DEBUG o.h.internal.SessionFactoryImpl - Instantiating session factory with properties: {hibernate.connection.password=root, java.runtime.name=Java(TM) SE Runtime Environment, java.vm.version=25.161-b12, sun.boot.library.path=/usr/lib/jvm/java-8-oracle/jre/lib/amd64, hibernate.connection.username=root, hibernate.boot.CfgXmlAccessService.key=org.hibernate.boot.cfgxml.spi.LoadedConfig@6ac6ab9c, java.vm.vendor=Oracle Corporation, java.vendor.url=http://java.oracle.com/, path.separator=:, java.vm.name=Java HotSpot(TM) 64-Bit Server VM, file.encoding.pkg=sun.io, sun.os.patch.level=unknown, user.country=US, sun.java.launcher=SUN_STANDARD, java.vm.specification.name=Java Virtual Machine Specification, user.dir=/var/lib/jenkins/workspace/iTrustBuildJob/iTrust2, java.runtime.version=1.8.0_161-b12, java.awt.graphicsenv=sun.awt.X11GraphicsEnvironment, basedir=/var/lib/jenkins/workspace/iTrustBuildJob/iTrust2, os.arch=amd64, java.endorsed.dirs=/usr/lib/jvm/java-8-oracle/jre/lib/endorsed, surefire.real.class.path=/var/lib/jenkins/workspace/iTrustBuildJob/iTrust2/target/surefire/surefirebooter4419685374546665759.jar:/root/.m2/repository/org/jacoco/org.jacoco.agent/0.7.5.201505241946/org.jacoco.agent-0.7.5.201505241946-runtime.jar, java.io.tmpdir=/tmp, line.separator=
, java.vm.specification.vendor=Oracle Corporation, os.name=Linux, sun.jnu.encoding=UTF-8, java.library.path=/usr/java/packages/lib/amd64:/usr/lib64:/lib64:/lib:/usr/lib, surefire.test.class.path=/var/lib/jenkins/workspace/iTrustBuildJob/iTrust2/target/test-classes:/var/lib/jenkins/workspace/iTrustBuildJob/iTrust2/target/classes:/root/.m2/repository/javax/servlet/jsp/jstl/javax.servlet.jsp.jstl-api/1.2.1/javax.servlet.jsp.jstl-api-1.2.1.jar:/root/.m2/repository/javax/validation/validation-api/1.1.0.Final/validation-api-1.1.0.Final.jar:/root/.m2/repository/org/hibernate/hibernate-validator/5.4.1.Final/hibernate-validator-5.4.1.Final.jar:/root/.m2/repository/org/jboss/logging/jboss-logging/3.3.0.Final/jboss-logging-3.3.0.Final.jar:/root/.m2/repository/com/fasterxml/classmate/1.3.1/classmate-1.3.1.jar:/root/.m2/repository/org/slf4j/jcl-over-slf4j/1.7.7/jcl-over-slf4j-1.7.7.jar:/root/.m2/repository/org/slf4j/jul-to-slf4j/1.7.7/jul-to-slf4j-1.7.7.jar:/root/.m2/repository/org/slf4j/log4j-over-slf4j/1.7.7/log4j-over-slf4j-1.7.7.jar:/root/.m2/repository/org/slf4j/slf4j-api/1.7.7/slf4j-api-1.7.7.jar:/root/.m2/repository/org/springframework/security/spring-security-config/4.2.2.RELEASE/spring-security-config-4.2.2.RELEASE.jar:/root/.m2/repository/aopalliance/aopalliance/1.0/aopalliance-1.0.jar:/root/.m2/repository/org/springframework/spring-aop/4.3.5.RELEASE/spring-aop-4.3.5.RELEASE.jar:/root/.m2/repository/org/springframework/spring-beans/4.3.5.RELEASE/spring-beans-4.3.5.RELEASE.jar:/root/.m2/repository/org/springframework/spring-context/4.3.5.RELEASE/spring-context-4.3.5.RELEASE.jar:/root/.m2/repository/org/springframework/spring-core/4.3.5.RELEASE/spring-core-4.3.5.RELEASE.jar:/root/.m2/repository/org/springframework/security/spring-security-core/4.2.2.RELEASE/spring-security-core-4.2.2.RELEASE.jar:/root/.m2/repository/org/springframework/spring-expression/4.3.5.RELEASE/spring-expression-4.3.5.RELEASE.jar:/root/.m2/repository/org/springframework/security/spring-security-web/4.2.2.RELEASE/spring-security-web-4.2.2.RELEASE.jar:/root/.m2/repository/org/springframework/spring-web/4.3.5.RELEASE/spring-web-4.3.5.RELEASE.jar:/root/.m2/repository/org/springframework/spring-jdbc/4.3.5.RELEASE/spring-jdbc-4.3.5.RELEASE.jar:/root/.m2/repository/org/springframework/spring-tx/4.3.5.RELEASE/spring-tx-4.3.5.RELEASE.jar:/root/.m2/repository/javax/el/javax.el-api/2.2.4/javax.el-api-2.2.4.jar:/root/.m2/repository/org/glassfish/javax.el/3.0.1-b08/javax.el-3.0.1-b08.jar:/root/.m2/repository/org/springframework/spring-webmvc/4.3.5.RELEASE/spring-webmvc-4.3.5.RELEASE.jar:/root/.m2/repository/commons-logging/commons-logging/1.2/commons-logging-1.2.jar:/root/.m2/repository/javax/servlet/jsp/jsp-api/2.1/jsp-api-2.1.jar:/root/.m2/repository/javax/servlet/javax.servlet-api/3.0.1/javax.servlet-api-3.0.1.jar:/root/.m2/repository/cglib/cglib-nodep/3.1/cglib-nodep-3.1.jar:/root/.m2/repository/ch/qos/logback/logback-classic/1.1.2/logback-classic-1.1.2.jar:/root/.m2/repository/ch/qos/logback/logback-core/1.1.2/logback-core-1.1.2.jar:/root/.m2/repository/opensymphony/sitemesh/2.4.2/sitemesh-2.4.2.jar:/root/.m2/repository/junit/junit/4.12/junit-4.12.jar:/root/.m2/repository/org/assertj/assertj-core/2.2.0/assertj-core-2.2.0.jar:/root/.m2/repository/org/mockito/mockito-core/1.10.19/mockito-core-1.10.19.jar:/root/.m2/repository/org/objenesis/objenesis/2.1/objenesis-2.1.jar:/root/.m2/repository/org/springframework/security/spring-security-test/4.2.2.RELEASE/spring-security-test-4.2.2.RELEASE.jar:/root/.m2/repository/org/springframework/spring-test/4.3.5.RELEASE/spring-test-4.3.5.RELEASE.jar:/root/.m2/repository/mysql/mysql-connector-java/5.1.40/mysql-connector-java-5.1.40.jar:/root/.m2/repository/org/springframework/spring-orm/4.3.5.RELEASE/spring-orm-4.3.5.RELEASE.jar:/root/.m2/repository/org/springframework/data/spring-data-jpa/1.10.2.RELEASE/spring-data-jpa-1.10.2.RELEASE.jar:/root/.m2/repository/org/springframework/data/spring-data-commons/1.12.2.RELEASE/spring-data-commons-1.12.2.RELEASE.jar:/root/.m2/repository/org/aspectj/aspectjrt/1.8.9/aspectjrt-1.8.9.jar:/root/.m2/repository/org/thymeleaf/thymeleaf/3.0.0.RELEASE/thymeleaf-3.0.0.RELEASE.jar:/root/.m2/repository/ognl/ognl/3.1.3/ognl-3.1.3.jar:/root/.m2/repository/org/javassist/javassist/3.20.0-GA/javassist-3.20.0-GA.jar:/root/.m2/repository/org/attoparser/attoparser/2.0.0.RELEASE/attoparser-2.0.0.RELEASE.jar:/root/.m2/repository/org/unbescape/unbescape/1.1.3.RELEASE/unbescape-1.1.3.RELEASE.jar:/root/.m2/repository/org/thymeleaf/thymeleaf-spring4/3.0.2.RELEASE/thymeleaf-spring4-3.0.2.RELEASE.jar:/root/.m2/repository/org/thymeleaf/extras/thymeleaf-extras-tiles2-spring4/2.1.1.RELEASE/thymeleaf-extras-tiles2-spring4-2.1.1.RELEASE.jar:/root/.m2/repository/org/thymeleaf/extras/thymeleaf-extras-tiles2/2.1.1.RELEASE/thymeleaf-extras-tiles2-2.1.1.RELEASE.jar:/root/.m2/repository/org/apache/tiles/tiles-core/2.2.2/tiles-core-2.2.2.jar:/root/.m2/repository/org/apache/tiles/tiles-api/2.2.2/tiles-api-2.2.2.jar:/root/.m2/repository/commons-digester/commons-digester/2.0/commons-digester-2.0.jar:/root/.m2/repository/commons-beanutils/commons-beanutils/1.8.0/commons-beanutils-1.8.0.jar:/root/.m2/repository/org/apache/tiles/tiles-template/2.2.2/tiles-template-2.2.2.jar:/root/.m2/repository/org/apache/tiles/tiles-servlet/2.2.2/tiles-servlet-2.2.2.jar:/root/.m2/repository/org/apache/tiles/tiles-jsp/2.2.2/tiles-jsp-2.2.2.jar:/root/.m2/repository/org/hibernate/hibernate-entitymanager/5.0.11.Final/hibernate-entitymanager-5.0.11.Final.jar:/root/.m2/repository/org/hibernate/hibernate-core/5.0.11.Final/hibernate-core-5.0.11.Final.jar:/root/.m2/repository/antlr/antlr/2.7.7/antlr-2.7.7.jar:/root/.m2/repository/org/jboss/jandex/2.0.0.Final/jandex-2.0.0.Final.jar:/root/.m2/repository/dom4j/dom4j/1.6.1/dom4j-1.6.1.jar:/root/.m2/repository/org/hibernate/common/hibernate-commons-annotations/5.0.1.Final/hibernate-commons-annotations-5.0.1.Final.jar:/root/.m2/repository/org/hibernate/javax/persistence/hibernate-jpa-2.1-api/1.0.0.Final/hibernate-jpa-2.1-api-1.0.0.Final.jar:/root/.m2/repository/org/apache/geronimo/specs/geronimo-jta_1.1_spec/1.1.1/geronimo-jta_1.1_spec-1.1.1.jar:/root/.m2/repository/org/seleniumhq/selenium/selenium-java/2.53.1/selenium-java-2.53.1.jar:/root/.m2/repository/org/seleniumhq/selenium/selenium-chrome-driver/2.53.1/selenium-chrome-driver-2.53.1.jar:/root/.m2/repository/org/seleniumhq/selenium/selenium-remote-driver/2.53.1/selenium-remote-driver-2.53.1.jar:/root/.m2/repository/org/seleniumhq/selenium/selenium-api/2.53.1/selenium-api-2.53.1.jar:/root/.m2/repository/com/google/guava/guava/19.0/guava-19.0.jar:/root/.m2/repository/org/seleniumhq/selenium/selenium-edge-driver/2.53.1/selenium-edge-driver-2.53.1.jar:/root/.m2/repository/org/apache/commons/commons-exec/1.3/commons-exec-1.3.jar:/root/.m2/repository/org/seleniumhq/selenium/selenium-firefox-driver/2.53.1/selenium-firefox-driver-2.53.1.jar:/root/.m2/repository/org/seleniumhq/selenium/selenium-ie-driver/2.53.1/selenium-ie-driver-2.53.1.jar:/root/.m2/repository/net/java/dev/jna/jna/4.1.0/jna-4.1.0.jar:/root/.m2/repository/net/java/dev/jna/jna-platform/4.1.0/jna-platform-4.1.0.jar:/root/.m2/repository/org/seleniumhq/selenium/selenium-safari-driver/2.53.1/selenium-safari-driver-2.53.1.jar:/root/.m2/repository/io/netty/netty/3.5.7.Final/netty-3.5.7.Final.jar:/root/.m2/repository/org/seleniumhq/selenium/selenium-support/2.53.1/selenium-support-2.53.1.jar:/root/.m2/repository/org/seleniumhq/selenium/selenium-leg-rc/2.53.1/selenium-leg-rc-2.53.1.jar:/root/.m2/repository/org/seleniumhq/selenium/htmlunit-driver/2.21/htmlunit-driver-2.21.jar:/root/.m2/repository/net/sourceforge/htmlunit/htmlunit/2.21/htmlunit-2.21.jar:/root/.m2/repository/xalan/xalan/2.7.2/xalan-2.7.2.jar:/root/.m2/repository/xalan/serializer/2.7.2/serializer-2.7.2.jar:/root/.m2/repository/org/apache/httpcomponents/httpmime/4.5.2/httpmime-4.5.2.jar:/root/.m2/repository/commons-codec/commons-codec/1.10/commons-codec-1.10.jar:/root/.m2/repository/net/sourceforge/htmlunit/htmlunit-core-js/2.17/htmlunit-core-js-2.17.jar:/root/.m2/repository/net/sourceforge/htmlunit/neko-htmlunit/2.21/neko-htmlunit-2.21.jar:/root/.m2/repository/xerces/xercesImpl/2.11.0/xercesImpl-2.11.0.jar:/root/.m2/repository/net/sourceforge/cssparser/cssparser/0.9.18/cssparser-0.9.18.jar:/root/.m2/repository/org/w3c/css/sac/1.3/sac-1.3.jar:/root/.m2/repository/org/eclipse/jetty/websocket/websocket-client/9.2.15.v20160210/websocket-client-9.2.15.v20160210.jar:/root/.m2/repository/org/eclipse/jetty/jetty-util/9.2.15.v20160210/jetty-util-9.2.15.v20160210.jar:/root/.m2/repository/org/eclipse/jetty/jetty-io/9.2.15.v20160210/jetty-io-9.2.15.v20160210.jar:/root/.m2/repository/org/eclipse/jetty/websocket/websocket-common/9.2.15.v20160210/websocket-common-9.2.15.v20160210.jar:/root/.m2/repository/org/eclipse/jetty/websocket/websocket-api/9.2.15.v20160210/websocket-api-9.2.15.v20160210.jar:/root/.m2/repository/commons-collections/commons-collections/3.2.2/commons-collections-3.2.2.jar:/root/.m2/repository/io/github/bonigarcia/webdrivermanager/1.7.2/webdrivermanager-1.7.2.jar:/root/.m2/repository/commons-io/commons-io/2.5/commons-io-2.5.jar:/root/.m2/repository/com/typesafe/config/1.2.1/config-1.2.1.jar:/root/.m2/repository/org/apache/commons/commons-lang3/3.5/commons-lang3-3.5.jar:/root/.m2/repository/org/apache/httpcomponents/httpclient/4.5.3/httpclient-4.5.3.jar:/root/.m2/repository/org/apache/httpcomponents/httpcore/4.4.6/httpcore-4.4.6.jar:/root/.m2/repository/org/rauschig/jarchivelib/0.7.1/jarchivelib-0.7.1.jar:/root/.m2/repository/org/apache/commons/commons-compress/1.9/commons-compress-1.9.jar:/root/.m2/repository/org/jsoup/jsoup/1.10.2/jsoup-1.10.2.jar:/root/.m2/repository/xml-apis/xml-apis/1.4.01/xml-apis-1.4.01.jar:/root/.m2/repository/info/cukes/cucumber-core/1.2.4/cucumber-core-1.2.4.jar:/root/.m2/repository/info/cukes/gherkin/2.12.2/gherkin-2.12.2.jar:/root/.m2/repository/info/cukes/cucumber-html/0.2.3/cucumber-html-0.2.3.jar:/root/.m2/repository/info/cukes/cucumber-java/1.2.4/cucumber-java-1.2.4.jar:/root/.m2/repository/info/cukes/cucumber-jvm-deps/1.0.5/cucumber-jvm-deps-1.0.5.jar:/root/.m2/repository/info/cukes/cucumber-picocontainer/1.2.4/cucumber-picocontainer-1.2.4.jar:/root/.m2/repository/org/picocontainer/picocontainer/2.15/picocontainer-2.15.jar:/root/.m2/repository/info/cukes/cucumber-junit/1.2.4/cucumber-junit-1.2.4.jar:/root/.m2/repository/org/springframework/webflow/spring-binding/2.4.4.RELEASE/spring-binding-2.4.4.RELEASE.jar:/root/.m2/repository/opensymphony/ognl/2.6.11/ognl-2.6.11.jar:/root/.m2/repository/org/springframework/webflow/spring-webflow/2.4.4.RELEASE/spring-webflow-2.4.4.RELEASE.jar:/root/.m2/repository/org/springframework/webflow/spring-js/2.4.4.RELEASE/spring-js-2.4.4.RELEASE.jar:/root/.m2/repository/org/springframework/webflow/spring-js-resources/2.4.4.RELEASE/spring-js-resources-2.4.4.RELEASE.jar:/root/.m2/repository/com/google/code/gson/gson/2.8.0/gson-2.8.0.jar:/root/.m2/repository/org/hamcrest/hamcrest-core/1.3/hamcrest-core-1.3.jar:/root/.m2/repository/org/hamcrest/hamcrest-library/1.3/hamcrest-library-1.3.jar:/root/.m2/repository/com/jayway/jsonpath/json-path-assert/2.2.0/json-path-assert-2.2.0.jar:/root/.m2/repository/com/jayway/jsonpath/json-path/2.2.0/json-path-2.2.0.jar:/root/.m2/repository/net/minidev/json-smart/2.2.1/json-smart-2.2.1.jar:/root/.m2/repository/net/minidev/accessors-smart/1.1/accessors-smart-1.1.jar:/root/.m2/repository/org/ow2/asm/asm/5.0.3/asm-5.0.3.jar:/root/.m2/repository/org/springframework/session/spring-session/1.2.1.RELEASE/spring-session-1.2.1.RELEASE.jar:/root/.m2/repository/javax/mail/mail/1.4.7/mail-1.4.7.jar:/root/.m2/repository/javax/activation/activation/1.1/activation-1.1.jar:/root/.m2/repository/javax/mail/javax.mail-api/1.5.5/javax.mail-api-1.5.5.jar:, java.class.version=52.0, java.specification.name=Java Platform API Specification, hibernate.connection.pool_size=100, sun.management.compiler=HotSpot 64-Bit Tiered Compilers, os.version=3.13.0-139-generic, user.home=/root, user.timezone=America/New_York, java.awt.printerjob=sun.print.PSPrinterJob, file.encoding=UTF-8, java.specification.version=1.8, hibernate.connection.driver_class=com.mysql.jdbc.Driver, show_sql=true, user.name=root, java.class.path=/var/lib/jenkins/workspace/iTrustBuildJob/iTrust2/target/test-classes:/var/lib/jenkins/workspace/iTrustBuildJob/iTrust2/target/classes:/root/.m2/repository/javax/servlet/jsp/jstl/javax.servlet.jsp.jstl-api/1.2.1/javax.servlet.jsp.jstl-api-1.2.1.jar:/root/.m2/repository/javax/validation/validation-api/1.1.0.Final/validation-api-1.1.0.Final.jar:/root/.m2/repository/org/hibernate/hibernate-validator/5.4.1.Final/hibernate-validator-5.4.1.Final.jar:/root/.m2/repository/org/jboss/logging/jboss-logging/3.3.0.Final/jboss-logging-3.3.0.Final.jar:/root/.m2/repository/com/fasterxml/classmate/1.3.1/classmate-1.3.1.jar:/root/.m2/repository/org/slf4j/jcl-over-slf4j/1.7.7/jcl-over-slf4j-1.7.7.jar:/root/.m2/repository/org/slf4j/jul-to-slf4j/1.7.7/jul-to-slf4j-1.7.7.jar:/root/.m2/repository/org/slf4j/log4j-over-slf4j/1.7.7/log4j-over-slf4j-1.7.7.jar:/root/.m2/repository/org/slf4j/slf4j-api/1.7.7/slf4j-api-1.7.7.jar:/root/.m2/repository/org/springframework/security/spring-security-config/4.2.2.RELEASE/spring-security-config-4.2.2.RELEASE.jar:/root/.m2/repository/aopalliance/aopalliance/1.0/aopalliance-1.0.jar:/root/.m2/repository/org/springframework/spring-aop/4.3.5.RELEASE/spring-aop-4.3.5.RELEASE.jar:/root/.m2/repository/org/springframework/spring-beans/4.3.5.RELEASE/spring-beans-4.3.5.RELEASE.jar:/root/.m2/repository/org/springframework/spring-context/4.3.5.RELEASE/spring-context-4.3.5.RELEASE.jar:/root/.m2/repository/org/springframework/spring-core/4.3.5.RELEASE/spring-core-4.3.5.RELEASE.jar:/root/.m2/repository/org/springframework/security/spring-security-core/4.2.2.RELEASE/spring-security-core-4.2.2.RELEASE.jar:/root/.m2/repository/org/springframework/spring-expression/4.3.5.RELEASE/spring-expression-4.3.5.RELEASE.jar:/root/.m2/repository/org/springframework/security/spring-security-web/4.2.2.RELEASE/spring-security-web-4.2.2.RELEASE.jar:/root/.m2/repository/org/springframework/spring-web/4.3.5.RELEASE/spring-web-4.3.5.RELEASE.jar:/root/.m2/repository/org/springframework/spring-jdbc/4.3.5.RELEASE/spring-jdbc-4.3.5.RELEASE.jar:/root/.m2/repository/org/springframework/spring-tx/4.3.5.RELEASE/spring-tx-4.3.5.RELEASE.jar:/root/.m2/repository/javax/el/javax.el-api/2.2.4/javax.el-api-2.2.4.jar:/root/.m2/repository/org/glassfish/javax.el/3.0.1-b08/javax.el-3.0.1-b08.jar:/root/.m2/repository/org/springframework/spring-webmvc/4.3.5.RELEASE/spring-webmvc-4.3.5.RELEASE.jar:/root/.m2/repository/commons-logging/commons-logging/1.2/commons-logging-1.2.jar:/root/.m2/repository/javax/servlet/jsp/jsp-api/2.1/jsp-api-2.1.jar:/root/.m2/repository/javax/servlet/javax.servlet-api/3.0.1/javax.servlet-api-3.0.1.jar:/root/.m2/repository/cglib/cglib-nodep/3.1/cglib-nodep-3.1.jar:/root/.m2/repository/ch/qos/logback/logback-classic/1.1.2/logback-classic-1.1.2.jar:/root/.m2/repository/ch/qos/logback/logback-core/1.1.2/logback-core-1.1.2.jar:/root/.m2/repository/opensymphony/sitemesh/2.4.2/sitemesh-2.4.2.jar:/root/.m2/repository/junit/junit/4.12/junit-4.12.jar:/root/.m2/repository/org/assertj/assertj-core/2.2.0/assertj-core-2.2.0.jar:/root/.m2/repository/org/mockito/mockito-core/1.10.19/mockito-core-1.10.19.jar:/root/.m2/repository/org/objenesis/objenesis/2.1/objenesis-2.1.jar:/root/.m2/repository/org/springframework/security/spring-security-test/4.2.2.RELEASE/spring-security-test-4.2.2.RELEASE.jar:/root/.m2/repository/org/springframework/spring-test/4.3.5.RELEASE/spring-test-4.3.5.RELEASE.jar:/root/.m2/repository/mysql/mysql-connector-java/5.1.40/mysql-connector-java-5.1.40.jar:/root/.m2/repository/org/springframework/spring-orm/4.3.5.RELEASE/spring-orm-4.3.5.RELEASE.jar:/root/.m2/repository/org/springframework/data/spring-data-jpa/1.10.2.RELEASE/spring-data-jpa-1.10.2.RELEASE.jar:/root/.m2/repository/org/springframework/data/spring-data-commons/1.12.2.RELEASE/spring-data-commons-1.12.2.RELEASE.jar:/root/.m2/repository/org/aspectj/aspectjrt/1.8.9/aspectjrt-1.8.9.jar:/root/.m2/repository/org/thymeleaf/thymeleaf/3.0.0.RELEASE/thymeleaf-3.0.0.RELEASE.jar:/root/.m2/repository/ognl/ognl/3.1.3/ognl-3.1.3.jar:/root/.m2/repository/org/javassist/javassist/3.20.0-GA/javassist-3.20.0-GA.jar:/root/.m2/repository/org/attoparser/attoparser/2.0.0.RELEASE/attoparser-2.0.0.RELEASE.jar:/root/.m2/repository/org/unbescape/unbescape/1.1.3.RELEASE/unbescape-1.1.3.RELEASE.jar:/root/.m2/repository/org/thymeleaf/thymeleaf-spring4/3.0.2.RELEASE/thymeleaf-spring4-3.0.2.RELEASE.jar:/root/.m2/repository/org/thymeleaf/extras/thymeleaf-extras-tiles2-spring4/2.1.1.RELEASE/thymeleaf-extras-tiles2-spring4-2.1.1.RELEASE.jar:/root/.m2/repository/org/thymeleaf/extras/thymeleaf-extras-tiles2/2.1.1.RELEASE/thymeleaf-extras-tiles2-2.1.1.RELEASE.jar:/root/.m2/repository/org/apache/tiles/tiles-core/2.2.2/tiles-core-2.2.2.jar:/root/.m2/repository/org/apache/tiles/tiles-api/2.2.2/tiles-api-2.2.2.jar:/root/.m2/repository/commons-digester/commons-digester/2.0/commons-digester-2.0.jar:/root/.m2/repository/commons-beanutils/commons-beanutils/1.8.0/commons-beanutils-1.8.0.jar:/root/.m2/repository/org/apache/tiles/tiles-template/2.2.2/tiles-template-2.2.2.jar:/root/.m2/repository/org/apache/tiles/tiles-servlet/2.2.2/tiles-servlet-2.2.2.jar:/root/.m2/repository/org/apache/tiles/tiles-jsp/2.2.2/tiles-jsp-2.2.2.jar:/root/.m2/repository/org/hibernate/hibernate-entitymanager/5.0.11.Final/hibernate-entitymanager-5.0.11.Final.jar:/root/.m2/repository/org/hibernate/hibernate-core/5.0.11.Final/hibernate-core-5.0.11.Final.jar:/root/.m2/repository/antlr/antlr/2.7.7/antlr-2.7.7.jar:/root/.m2/repository/org/jboss/jandex/2.0.0.Final/jandex-2.0.0.Final.jar:/root/.m2/repository/dom4j/dom4j/1.6.1/dom4j-1.6.1.jar:/root/.m2/repository/org/hibernate/common/hibernate-commons-annotations/5.0.1.Final/hibernate-commons-annotations-5.0.1.Final.jar:/root/.m2/repository/org/hibernate/javax/persistence/hibernate-jpa-2.1-api/1.0.0.Final/hibernate-jpa-2.1-api-1.0.0.Final.jar:/root/.m2/repository/org/apache/geronimo/specs/geronimo-jta_1.1_spec/1.1.1/geronimo-jta_1.1_spec-1.1.1.jar:/root/.m2/repository/org/seleniumhq/selenium/selenium-java/2.53.1/selenium-java-2.53.1.jar:/root/.m2/repository/org/seleniumhq/selenium/selenium-chrome-driver/2.53.1/selenium-chrome-driver-2.53.1.jar:/root/.m2/repository/org/seleniumhq/selenium/selenium-remote-driver/2.53.1/selenium-remote-driver-2.53.1.jar:/root/.m2/repository/org/seleniumhq/selenium/selenium-api/2.53.1/selenium-api-2.53.1.jar:/root/.m2/repository/com/google/guava/guava/19.0/guava-19.0.jar:/root/.m2/repository/org/seleniumhq/selenium/selenium-edge-driver/2.53.1/selenium-edge-driver-2.53.1.jar:/root/.m2/repository/org/apache/commons/commons-exec/1.3/commons-exec-1.3.jar:/root/.m2/repository/org/seleniumhq/selenium/selenium-firefox-driver/2.53.1/selenium-firefox-driver-2.53.1.jar:/root/.m2/repository/org/seleniumhq/selenium/selenium-ie-driver/2.53.1/selenium-ie-driver-2.53.1.jar:/root/.m2/repository/net/java/dev/jna/jna/4.1.0/jna-4.1.0.jar:/root/.m2/repository/net/java/dev/jna/jna-platform/4.1.0/jna-platform-4.1.0.jar:/root/.m2/repository/org/seleniumhq/selenium/selenium-safari-driver/2.53.1/selenium-safari-driver-2.53.1.jar:/root/.m2/repository/io/netty/netty/3.5.7.Final/netty-3.5.7.Final.jar:/root/.m2/repository/org/seleniumhq/selenium/selenium-support/2.53.1/selenium-support-2.53.1.jar:/root/.m2/repository/org/seleniumhq/selenium/selenium-leg-rc/2.53.1/selenium-leg-rc-2.53.1.jar:/root/.m2/repository/org/seleniumhq/selenium/htmlunit-driver/2.21/htmlunit-driver-2.21.jar:/root/.m2/repository/net/sourceforge/htmlunit/htmlunit/2.21/htmlunit-2.21.jar:/root/.m2/repository/xalan/xalan/2.7.2/xalan-2.7.2.jar:/root/.m2/repository/xalan/serializer/2.7.2/serializer-2.7.2.jar:/root/.m2/repository/org/apache/httpcomponents/httpmime/4.5.2/httpmime-4.5.2.jar:/root/.m2/repository/commons-codec/commons-codec/1.10/commons-codec-1.10.jar:/root/.m2/repository/net/sourceforge/htmlunit/htmlunit-core-js/2.17/htmlunit-core-js-2.17.jar:/root/.m2/repository/net/sourceforge/htmlunit/neko-htmlunit/2.21/neko-htmlunit-2.21.jar:/root/.m2/repository/xerces/xercesImpl/2.11.0/xercesImpl-2.11.0.jar:/root/.m2/repository/net/sourceforge/cssparser/cssparser/0.9.18/cssparser-0.9.18.jar:/root/.m2/repository/org/w3c/css/sac/1.3/sac-1.3.jar:/root/.m2/repository/org/eclipse/jetty/websocket/websocket-client/9.2.15.v20160210/websocket-client-9.2.15.v20160210.jar:/root/.m2/repository/org/eclipse/jetty/jetty-util/9.2.15.v20160210/jetty-util-9.2.15.v20160210.jar:/root/.m2/repository/org/eclipse/jetty/jetty-io/9.2.15.v20160210/jetty-io-9.2.15.v20160210.jar:/root/.m2/repository/org/eclipse/jetty/websocket/websocket-common/9.2.15.v20160210/websocket-common-9.2.15.v20160210.jar:/root/.m2/repository/org/eclipse/jetty/websocket/websocket-api/9.2.15.v20160210/websocket-api-9.2.15.v20160210.jar:/root/.m2/repository/commons-collections/commons-collections/3.2.2/commons-collections-3.2.2.jar:/root/.m2/repository/io/github/bonigarcia/webdrivermanager/1.7.2/webdrivermanager-1.7.2.jar:/root/.m2/repository/commons-io/commons-io/2.5/commons-io-2.5.jar:/root/.m2/repository/com/typesafe/config/1.2.1/config-1.2.1.jar:/root/.m2/repository/org/apache/commons/commons-lang3/3.5/commons-lang3-3.5.jar:/root/.m2/repository/org/apache/httpcomponents/httpclient/4.5.3/httpclient-4.5.3.jar:/root/.m2/repository/org/apache/httpcomponents/httpcore/4.4.6/httpcore-4.4.6.jar:/root/.m2/repository/org/rauschig/jarchivelib/0.7.1/jarchivelib-0.7.1.jar:/root/.m2/repository/org/apache/commons/commons-compress/1.9/commons-compress-1.9.jar:/root/.m2/repository/org/jsoup/jsoup/1.10.2/jsoup-1.10.2.jar:/root/.m2/repository/xml-apis/xml-apis/1.4.01/xml-apis-1.4.01.jar:/root/.m2/repository/info/cukes/cucumber-core/1.2.4/cucumber-core-1.2.4.jar:/root/.m2/repository/info/cukes/gherkin/2.12.2/gherkin-2.12.2.jar:/root/.m2/repository/info/cukes/cucumber-html/0.2.3/cucumber-html-0.2.3.jar:/root/.m2/repository/info/cukes/cucumber-java/1.2.4/cucumber-java-1.2.4.jar:/root/.m2/repository/info/cukes/cucumber-jvm-deps/1.0.5/cucumber-jvm-deps-1.0.5.jar:/root/.m2/repository/info/cukes/cucumber-picocontainer/1.2.4/cucumber-picocontainer-1.2.4.jar:/root/.m2/repository/org/picocontainer/picocontainer/2.15/picocontainer-2.15.jar:/root/.m2/repository/info/cukes/cucumber-junit/1.2.4/cucumber-junit-1.2.4.jar:/root/.m2/repository/org/springframework/webflow/spring-binding/2.4.4.RELEASE/spring-binding-2.4.4.RELEASE.jar:/root/.m2/repository/opensymphony/ognl/2.6.11/ognl-2.6.11.jar:/root/.m2/repository/org/springframework/webflow/spring-webflow/2.4.4.RELEASE/spring-webflow-2.4.4.RELEASE.jar:/root/.m2/repository/org/springframework/webflow/spring-js/2.4.4.RELEASE/spring-js-2.4.4.RELEASE.jar:/root/.m2/repository/org/springframework/webflow/spring-js-resources/2.4.4.RELEASE/spring-js-resources-2.4.4.RELEASE.jar:/root/.m2/repository/com/google/code/gson/gson/2.8.0/gson-2.8.0.jar:/root/.m2/repository/org/hamcrest/hamcrest-core/1.3/hamcrest-core-1.3.jar:/root/.m2/repository/org/hamcrest/hamcrest-library/1.3/hamcrest-library-1.3.jar:/root/.m2/repository/com/jayway/jsonpath/json-path-assert/2.2.0/json-path-assert-2.2.0.jar:/root/.m2/repository/com/jayway/jsonpath/json-path/2.2.0/json-path-2.2.0.jar:/root/.m2/repository/net/minidev/json-smart/2.2.1/json-smart-2.2.1.jar:/root/.m2/repository/net/minidev/accessors-smart/1.1/accessors-smart-1.1.jar:/root/.m2/repository/org/ow2/asm/asm/5.0.3/asm-5.0.3.jar:/root/.m2/repository/org/springframework/session/spring-session/1.2.1.RELEASE/spring-session-1.2.1.RELEASE.jar:/root/.m2/repository/javax/mail/mail/1.4.7/mail-1.4.7.jar:/root/.m2/repository/javax/activation/activation/1.1/activation-1.1.jar:/root/.m2/repository/javax/mail/javax.mail-api/1.5.5/javax.mail-api-1.5.5.jar:, hibernate.bytecode.use_reflection_optimizer=false, hibernate.show_sql=true, java.vm.specification.version=1.8, sun.arch.data.model=64, sun.java.command=/var/lib/jenkins/workspace/iTrustBuildJob/iTrust2/target/surefire/surefirebooter4419685374546665759.jar /var/lib/jenkins/workspace/iTrustBuildJob/iTrust2/target/surefire 2018-03-22T00-38-06_452-jvmRun1 surefire3027058162967633101tmp surefire_04864392742764763154tmp, java.home=/usr/lib/jvm/java-8-oracle/jre, hibernate.connection.url=jdbc:mysql://localhost:3306/iTrust2?createDatabaseIfNotExist=true, hibernate.dialect=org.hibernate.dialect.MySQLDialect, user.language=en, java.specification.vendor=Oracle Corporation, awt.toolkit=sun.awt.X11.XToolkit, java.vm.info=mixed mode, java.version=1.8.0_161, java.ext.dirs=/usr/lib/jvm/java-8-oracle/jre/lib/ext:/usr/java/packages/lib/ext, sun.boot.class.path=/usr/lib/jvm/java-8-oracle/jre/lib/resources.jar:/usr/lib/jvm/java-8-oracle/jre/lib/rt.jar:/usr/lib/jvm/java-8-oracle/jre/lib/sunrsasign.jar:/usr/lib/jvm/java-8-oracle/jre/lib/jsse.jar:/usr/lib/jvm/java-8-oracle/jre/lib/jce.jar:/usr/lib/jvm/java-8-oracle/jre/lib/charsets.jar:/usr/lib/jvm/java-8-oracle/jre/lib/jfr.jar:/usr/lib/jvm/java-8-oracle/jre/classes, java.vendor=Oracle Corporation, localRepository=/root/.m2/repository, file.separator=/, java.vendor.url.bug=http://bugreport.sun.com/bugreport/, hibernate.hbm2ddl.auto=update, sun.io.unicode.encoding=UnicodeLittle, sun.cpu.endian=little, sun.cpu.isalist=}
00:38:22.827 [main] DEBUG o.h.v.i.e.r.DefaultTraversableResolver - Found javax.persistence.Persistence on classpath containing 'getPersistenceUtil'. Assuming JPA 2 environment. Trying to instantiate JPA aware TraversableResolver
00:38:22.827 [main] DEBUG o.h.v.i.e.r.DefaultTraversableResolver - Instantiated JPA aware TraversableResolver of type org.hibernate.validator.internal.engine.resolver.JPATraversableResolver.
00:38:22.828 [main] DEBUG o.h.v.i.xml.ValidationXmlParser - Trying to load META-INF/validation.xml for XML based Validator configuration.
00:38:22.828 [main] DEBUG o.h.v.i.xml.ResourceLoaderHelper - Trying to load META-INF/validation.xml via TCCL
00:38:22.828 [main] DEBUG o.h.v.i.xml.ResourceLoaderHelper - Trying to load META-INF/validation.xml via Hibernate Validator's class loader
00:38:22.828 [main] DEBUG o.h.v.i.xml.ValidationXmlParser - No META-INF/validation.xml found. Using annotation based configuration only.
00:38:22.834 [main] DEBUG o.h.b.internal.ClassLoaderAccessImpl - Not known whether passed class name [edu.ncsu.csc.itrust2.models.persistent.Personnel] is safe
00:38:22.835 [main] DEBUG o.h.b.internal.ClassLoaderAccessImpl - No temp ClassLoader provided; using live ClassLoader for loading potentially unsafe class : edu.ncsu.csc.itrust2.models.persistent.Personnel
00:38:22.925 [main] DEBUG o.h.b.internal.ClassLoaderAccessImpl - Not known whether passed class name [edu.ncsu.csc.itrust2.models.persistent.BasicHealthMetrics] is safe
00:38:22.925 [main] DEBUG o.h.b.internal.ClassLoaderAccessImpl - No temp ClassLoader provided; using live ClassLoader for loading potentially unsafe class : edu.ncsu.csc.itrust2.models.persistent.BasicHealthMetrics
00:38:22.946 [main] DEBUG o.h.b.internal.ClassLoaderAccessImpl - Not known whether passed class name [edu.ncsu.csc.itrust2.models.persistent.LoginAttempt] is safe
00:38:22.947 [main] DEBUG o.h.b.internal.ClassLoaderAccessImpl - No temp ClassLoader provided; using live ClassLoader for loading potentially unsafe class : edu.ncsu.csc.itrust2.models.persistent.LoginAttempt
00:38:22.950 [main] DEBUG o.h.b.internal.ClassLoaderAccessImpl - Not known whether passed class name [edu.ncsu.csc.itrust2.models.persistent.Patient] is safe
00:38:22.950 [main] DEBUG o.h.b.internal.ClassLoaderAccessImpl - No temp ClassLoader provided; using live ClassLoader for loading potentially unsafe class : edu.ncsu.csc.itrust2.models.persistent.Patient
00:38:22.961 [main] DEBUG o.h.b.internal.ClassLoaderAccessImpl - Not known whether passed class name [edu.ncsu.csc.itrust2.models.persistent.ICDCode] is safe
00:38:22.961 [main] DEBUG o.h.b.internal.ClassLoaderAccessImpl - No temp ClassLoader provided; using live ClassLoader for loading potentially unsafe class : edu.ncsu.csc.itrust2.models.persistent.ICDCode
00:38:22.964 [main] DEBUG o.h.b.internal.ClassLoaderAccessImpl - Not known whether passed class name [edu.ncsu.csc.itrust2.models.persistent.AppointmentRequest] is safe
00:38:22.964 [main] DEBUG o.h.b.internal.ClassLoaderAccessImpl - No temp ClassLoader provided; using live ClassLoader for loading potentially unsafe class : edu.ncsu.csc.itrust2.models.persistent.AppointmentRequest
00:38:22.969 [main] DEBUG o.h.b.internal.ClassLoaderAccessImpl - Not known whether passed class name [edu.ncsu.csc.itrust2.models.persistent.LoginBan] is safe
00:38:22.972 [main] DEBUG o.h.b.internal.ClassLoaderAccessImpl - No temp ClassLoader provided; using live ClassLoader for loading potentially unsafe class : edu.ncsu.csc.itrust2.models.persistent.LoginBan
00:38:22.974 [main] DEBUG o.h.b.internal.ClassLoaderAccessImpl - Not known whether passed class name [edu.ncsu.csc.itrust2.models.persistent.LogEntry] is safe
00:38:22.974 [main] DEBUG o.h.b.internal.ClassLoaderAccessImpl - No temp ClassLoader provided; using live ClassLoader for loading potentially unsafe class : edu.ncsu.csc.itrust2.models.persistent.LogEntry
00:38:22.979 [main] DEBUG o.h.b.internal.ClassLoaderAccessImpl - Not known whether passed class name [edu.ncsu.csc.itrust2.models.persistent.LoginLockout] is safe
00:38:22.979 [main] DEBUG o.h.b.internal.ClassLoaderAccessImpl - No temp ClassLoader provided; using live ClassLoader for loading potentially unsafe class : edu.ncsu.csc.itrust2.models.persistent.LoginLockout
00:38:22.982 [main] DEBUG o.h.b.internal.ClassLoaderAccessImpl - Not known whether passed class name [edu.ncsu.csc.itrust2.models.persistent.OfficeVisit] is safe
00:38:22.982 [main] DEBUG o.h.b.internal.ClassLoaderAccessImpl - No temp ClassLoader provided; using live ClassLoader for loading potentially unsafe class : edu.ncsu.csc.itrust2.models.persistent.OfficeVisit
00:38:22.988 [main] DEBUG o.h.b.internal.ClassLoaderAccessImpl - Not known whether passed class name [edu.ncsu.csc.itrust2.models.persistent.Drug] is safe
00:38:22.988 [main] DEBUG o.h.b.internal.ClassLoaderAccessImpl - No temp ClassLoader provided; using live ClassLoader for loading potentially unsafe class : edu.ncsu.csc.itrust2.models.persistent.Drug
00:38:22.997 [main] DEBUG o.h.v.i.m.d.ConstraintDescriptorImpl - Adding composing constraint: ConstraintDescriptorImpl{annotation=javax.validation.constraints.NotNull, payloads=[], hasComposingConstraints=true, isReportAsSingleInvalidConstraint=false, elementType=FIELD, definedOn=DEFINED_LOCALLY, groups=[interface javax.validation.groups.Default], attributes={message={javax.validation.constraints.NotNull.message}, payload=[Ljava.lang.Class;@20701f00, groups=[Ljava.lang.Class;@e2777d0}, constraintType=GENERIC}.
00:38:22.998 [main] DEBUG o.h.v.i.m.d.ConstraintDescriptorImpl - Adding composing constraint: ConstraintDescriptorImpl{annotation=javax.validation.constraints.Size, payloads=[], hasComposingConstraints=true, isReportAsSingleInvalidConstraint=false, elementType=FIELD, definedOn=DEFINED_LOCALLY, groups=[interface javax.validation.groups.Default], attributes={groups=[Ljava.lang.Class;@72ff2641, min=1, message={javax.validation.constraints.Size.message}, payload=[Ljava.lang.Class;@52b3b9d2, max=2147483647}, constraintType=GENERIC}.
00:38:23.001 [main] DEBUG o.h.b.internal.ClassLoaderAccessImpl - Not known whether passed class name [edu.ncsu.csc.itrust2.models.persistent.Diagnosis] is safe
00:38:23.002 [main] DEBUG o.h.b.internal.ClassLoaderAccessImpl - No temp ClassLoader provided; using live ClassLoader for loading potentially unsafe class : edu.ncsu.csc.itrust2.models.persistent.Diagnosis
00:38:23.005 [main] DEBUG o.h.b.internal.ClassLoaderAccessImpl - Not known whether passed class name [edu.ncsu.csc.itrust2.models.persistent.User] is safe
00:38:23.005 [main] DEBUG o.h.b.internal.ClassLoaderAccessImpl - No temp ClassLoader provided; using live ClassLoader for loading potentially unsafe class : edu.ncsu.csc.itrust2.models.persistent.User
00:38:23.009 [main] DEBUG o.h.b.internal.ClassLoaderAccessImpl - Not known whether passed class name [edu.ncsu.csc.itrust2.models.persistent.Hospital] is safe
00:38:23.009 [main] DEBUG o.h.b.internal.ClassLoaderAccessImpl - No temp ClassLoader provided; using live ClassLoader for loading potentially unsafe class : edu.ncsu.csc.itrust2.models.persistent.Hospital
00:38:23.010 [main] DEBUG o.h.v.i.m.d.ConstraintDescriptorImpl - Adding composing constraint: ConstraintDescriptorImpl{annotation=javax.validation.constraints.NotNull, payloads=[], hasComposingConstraints=true, isReportAsSingleInvalidConstraint=false, elementType=FIELD, definedOn=DEFINED_LOCALLY, groups=[interface javax.validation.groups.Default], attributes={message={javax.validation.constraints.NotNull.message}, payload=[Ljava.lang.Class;@6f178123, groups=[Ljava.lang.Class;@7a0f770a}, constraintType=GENERIC}.
00:38:23.010 [main] DEBUG o.h.v.i.m.d.ConstraintDescriptorImpl - Adding composing constraint: ConstraintDescriptorImpl{annotation=javax.validation.constraints.Size, payloads=[], hasComposingConstraints=true, isReportAsSingleInvalidConstraint=false, elementType=FIELD, definedOn=DEFINED_LOCALLY, groups=[interface javax.validation.groups.Default], attributes={groups=[Ljava.lang.Class;@26b0980e, min=1, message={javax.validation.constraints.Size.message}, payload=[Ljava.lang.Class;@c1627e0, max=2147483647}, constraintType=GENERIC}.
00:38:23.011 [main] DEBUG o.h.v.i.m.d.ConstraintDescriptorImpl - Adding composing constraint: ConstraintDescriptorImpl{annotation=javax.validation.constraints.NotNull, payloads=[], hasComposingConstraints=true, isReportAsSingleInvalidConstraint=false, elementType=FIELD, definedOn=DEFINED_LOCALLY, groups=[interface javax.validation.groups.Default], attributes={message={javax.validation.constraints.NotNull.message}, payload=[Ljava.lang.Class;@5f5bb1d8, groups=[Ljava.lang.Class;@5e6d3a1e}, constraintType=GENERIC}.
00:38:23.011 [main] DEBUG o.h.v.i.m.d.ConstraintDescriptorImpl - Adding composing constraint: ConstraintDescriptorImpl{annotation=javax.validation.constraints.Size, payloads=[], hasComposingConstraints=true, isReportAsSingleInvalidConstraint=false, elementType=FIELD, definedOn=DEFINED_LOCALLY, groups=[interface javax.validation.groups.Default], attributes={groups=[Ljava.lang.Class;@7cbfa935, min=1, message={javax.validation.constraints.Size.message}, payload=[Ljava.lang.Class;@41abb865, max=2147483647}, constraintType=GENERIC}.
00:38:23.012 [main] DEBUG o.h.v.i.m.d.ConstraintDescriptorImpl - Adding composing constraint: ConstraintDescriptorImpl{annotation=javax.validation.constraints.NotNull, payloads=[], hasComposingConstraints=true, isReportAsSingleInvalidConstraint=false, elementType=FIELD, definedOn=DEFINED_LOCALLY, groups=[interface javax.validation.groups.Default], attributes={message={javax.validation.constraints.NotNull.message}, payload=[Ljava.lang.Class;@437c04f9, groups=[Ljava.lang.Class;@74f66b42}, constraintType=GENERIC}.
00:38:23.013 [main] DEBUG o.h.v.i.m.d.ConstraintDescriptorImpl - Adding composing constraint: ConstraintDescriptorImpl{annotation=javax.validation.constraints.Size, payloads=[], hasComposingConstraints=true, isReportAsSingleInvalidConstraint=false, elementType=FIELD, definedOn=DEFINED_LOCALLY, groups=[interface javax.validation.groups.Default], attributes={groups=[Ljava.lang.Class;@750182e8, min=1, message={javax.validation.constraints.Size.message}, payload=[Ljava.lang.Class;@69f564bd, max=2147483647}, constraintType=GENERIC}.
00:38:23.016 [main] DEBUG o.h.b.internal.ClassLoaderAccessImpl - Not known whether passed class name [edu.ncsu.csc.itrust2.models.persistent.PasswordResetToken] is safe
00:38:23.016 [main] DEBUG o.h.b.internal.ClassLoaderAccessImpl - No temp ClassLoader provided; using live ClassLoader for loading potentially unsafe class : edu.ncsu.csc.itrust2.models.persistent.PasswordResetToken
00:38:23.019 [main] DEBUG o.h.b.internal.ClassLoaderAccessImpl - Not known whether passed class name [edu.ncsu.csc.itrust2.models.persistent.Prescription] is safe
00:38:23.019 [main] DEBUG o.h.b.internal.ClassLoaderAccessImpl - No temp ClassLoader provided; using live ClassLoader for loading potentially unsafe class : edu.ncsu.csc.itrust2.models.persistent.Prescription
00:38:23.027 [main] DEBUG o.h.secure.spi.JaccIntegrator - Skipping JACC integration as it was not enabled
00:38:23.078 [main] DEBUG o.h.b.internal.ClassLoaderAccessImpl - Not known whether passed class name [edu.ncsu.csc.itrust2.models.persistent.Personnel] is safe
00:38:23.078 [main] DEBUG o.h.b.internal.ClassLoaderAccessImpl - No temp ClassLoader provided; using live ClassLoader for loading potentially unsafe class : edu.ncsu.csc.itrust2.models.persistent.Personnel
00:38:23.091 [main] DEBUG o.h.b.internal.ClassLoaderAccessImpl - Not known whether passed class name [edu.ncsu.csc.itrust2.models.persistent.Personnel] is safe
00:38:23.091 [main] DEBUG o.h.b.internal.ClassLoaderAccessImpl - No temp ClassLoader provided; using live ClassLoader for loading potentially unsafe class : edu.ncsu.csc.itrust2.models.persistent.Personnel
00:38:23.206 [main] DEBUG o.h.b.internal.ClassLoaderAccessImpl - Not known whether passed class name [edu.ncsu.csc.itrust2.models.persistent.BasicHealthMetrics] is safe
00:38:23.207 [main] DEBUG o.h.b.internal.ClassLoaderAccessImpl - No temp ClassLoader provided; using live ClassLoader for loading potentially unsafe class : edu.ncsu.csc.itrust2.models.persistent.BasicHealthMetrics
00:38:23.207 [main] DEBUG o.h.b.internal.ClassLoaderAccessImpl - Not known whether passed class name [edu.ncsu.csc.itrust2.models.persistent.BasicHealthMetrics] is safe
00:38:23.208 [main] DEBUG o.h.b.internal.ClassLoaderAccessImpl - No temp ClassLoader provided; using live ClassLoader for loading potentially unsafe class : edu.ncsu.csc.itrust2.models.persistent.BasicHealthMetrics
00:38:23.218 [main] DEBUG o.h.b.internal.ClassLoaderAccessImpl - Not known whether passed class name [edu.ncsu.csc.itrust2.models.persistent.LoginAttempt] is safe
00:38:23.218 [main] DEBUG o.h.b.internal.ClassLoaderAccessImpl - No temp ClassLoader provided; using live ClassLoader for loading potentially unsafe class : edu.ncsu.csc.itrust2.models.persistent.LoginAttempt
00:38:23.218 [main] DEBUG o.h.b.internal.ClassLoaderAccessImpl - Not known whether passed class name [edu.ncsu.csc.itrust2.models.persistent.LoginAttempt] is safe
00:38:23.219 [main] DEBUG o.h.b.internal.ClassLoaderAccessImpl - No temp ClassLoader provided; using live ClassLoader for loading potentially unsafe class : edu.ncsu.csc.itrust2.models.persistent.LoginAttempt
00:38:23.224 [main] DEBUG o.h.b.internal.ClassLoaderAccessImpl - Not known whether passed class name [edu.ncsu.csc.itrust2.models.persistent.Patient] is safe
00:38:23.224 [main] DEBUG o.h.b.internal.ClassLoaderAccessImpl - No temp ClassLoader provided; using live ClassLoader for loading potentially unsafe class : edu.ncsu.csc.itrust2.models.persistent.Patient
00:38:23.262 [main] DEBUG o.h.b.internal.ClassLoaderAccessImpl - Not known whether passed class name [edu.ncsu.csc.itrust2.models.persistent.ICDCode] is safe
00:38:23.264 [main] DEBUG o.h.b.internal.ClassLoaderAccessImpl - No temp ClassLoader provided; using live ClassLoader for loading potentially unsafe class : edu.ncsu.csc.itrust2.models.persistent.ICDCode
00:38:23.264 [main] DEBUG o.h.b.internal.ClassLoaderAccessImpl - Not known whether passed class name [edu.ncsu.csc.itrust2.models.persistent.ICDCode] is safe
00:38:23.264 [main] DEBUG o.h.b.internal.ClassLoaderAccessImpl - No temp ClassLoader provided; using live ClassLoader for loading potentially unsafe class : edu.ncsu.csc.itrust2.models.persistent.ICDCode
00:38:23.276 [main] DEBUG o.h.b.internal.ClassLoaderAccessImpl - Not known whether passed class name [edu.ncsu.csc.itrust2.models.persistent.AppointmentRequest] is safe
00:38:23.276 [main] DEBUG o.h.b.internal.ClassLoaderAccessImpl - No temp ClassLoader provided; using live ClassLoader for loading potentially unsafe class : edu.ncsu.csc.itrust2.models.persistent.AppointmentRequest
00:38:23.279 [main] DEBUG o.h.b.internal.ClassLoaderAccessImpl - Not known whether passed class name [edu.ncsu.csc.itrust2.models.persistent.AppointmentRequest] is safe
00:38:23.279 [main] DEBUG o.h.b.internal.ClassLoaderAccessImpl - No temp ClassLoader provided; using live ClassLoader for loading potentially unsafe class : edu.ncsu.csc.itrust2.models.persistent.AppointmentRequest
00:38:23.290 [main] DEBUG o.h.b.internal.ClassLoaderAccessImpl - Not known whether passed class name [edu.ncsu.csc.itrust2.models.persistent.LoginBan] is safe
00:38:23.291 [main] DEBUG o.h.b.internal.ClassLoaderAccessImpl - No temp ClassLoader provided; using live ClassLoader for loading potentially unsafe class : edu.ncsu.csc.itrust2.models.persistent.LoginBan
00:38:23.292 [main] DEBUG o.h.b.internal.ClassLoaderAccessImpl - Not known whether passed class name [edu.ncsu.csc.itrust2.models.persistent.LoginBan] is safe
00:38:23.293 [main] DEBUG o.h.b.internal.ClassLoaderAccessImpl - No temp ClassLoader provided; using live ClassLoader for loading potentially unsafe class : edu.ncsu.csc.itrust2.models.persistent.LoginBan
00:38:23.301 [main] DEBUG o.h.b.internal.ClassLoaderAccessImpl - Not known whether passed class name [edu.ncsu.csc.itrust2.models.persistent.LogEntry] is safe
00:38:23.304 [main] DEBUG o.h.b.internal.ClassLoaderAccessImpl - No temp ClassLoader provided; using live ClassLoader for loading potentially unsafe class : edu.ncsu.csc.itrust2.models.persistent.LogEntry
00:38:23.306 [main] DEBUG o.h.b.internal.ClassLoaderAccessImpl - Not known whether passed class name [edu.ncsu.csc.itrust2.models.persistent.LogEntry] is safe
00:38:23.306 [main] DEBUG o.h.b.internal.ClassLoaderAccessImpl - No temp ClassLoader provided; using live ClassLoader for loading potentially unsafe class : edu.ncsu.csc.itrust2.models.persistent.LogEntry
00:38:23.310 [main] DEBUG o.h.b.internal.ClassLoaderAccessImpl - Not known whether passed class name [edu.ncsu.csc.itrust2.models.persistent.LoginLockout] is safe
00:38:23.313 [main] DEBUG o.h.b.internal.ClassLoaderAccessImpl - No temp ClassLoader provided; using live ClassLoader for loading potentially unsafe class : edu.ncsu.csc.itrust2.models.persistent.LoginLockout
00:38:23.313 [main] DEBUG o.h.b.internal.ClassLoaderAccessImpl - Not known whether passed class name [edu.ncsu.csc.itrust2.models.persistent.LoginLockout] is safe
00:38:23.314 [main] DEBUG o.h.b.internal.ClassLoaderAccessImpl - No temp ClassLoader provided; using live ClassLoader for loading potentially unsafe class : edu.ncsu.csc.itrust2.models.persistent.LoginLockout
00:38:23.321 [main] DEBUG o.h.b.internal.ClassLoaderAccessImpl - Not known whether passed class name [edu.ncsu.csc.itrust2.models.persistent.OfficeVisit] is safe
00:38:23.321 [main] DEBUG o.h.b.internal.ClassLoaderAccessImpl - No temp ClassLoader provided; using live ClassLoader for loading potentially unsafe class : edu.ncsu.csc.itrust2.models.persistent.OfficeVisit
00:38:23.326 [main] DEBUG o.h.b.internal.ClassLoaderAccessImpl - Not known whether passed class name [edu.ncsu.csc.itrust2.models.persistent.OfficeVisit] is safe
00:38:23.327 [main] DEBUG o.h.b.internal.ClassLoaderAccessImpl - No temp ClassLoader provided; using live ClassLoader for loading potentially unsafe class : edu.ncsu.csc.itrust2.models.persistent.OfficeVisit
00:38:23.340 [main] DEBUG o.h.b.internal.ClassLoaderAccessImpl - Not known whether passed class name [edu.ncsu.csc.itrust2.models.persistent.Drug] is safe
00:38:23.344 [main] DEBUG o.h.b.internal.ClassLoaderAccessImpl - No temp ClassLoader provided; using live ClassLoader for loading potentially unsafe class : edu.ncsu.csc.itrust2.models.persistent.Drug
00:38:23.344 [main] DEBUG o.h.b.internal.ClassLoaderAccessImpl - Not known whether passed class name [edu.ncsu.csc.itrust2.models.persistent.Drug] is safe
00:38:23.344 [main] DEBUG o.h.b.internal.ClassLoaderAccessImpl - No temp ClassLoader provided; using live ClassLoader for loading potentially unsafe class : edu.ncsu.csc.itrust2.models.persistent.Drug
00:38:23.350 [main] DEBUG o.h.b.internal.ClassLoaderAccessImpl - Not known whether passed class name [edu.ncsu.csc.itrust2.models.persistent.Diagnosis] is safe
00:38:23.351 [main] DEBUG o.h.b.internal.ClassLoaderAccessImpl - No temp ClassLoader provided; using live ClassLoader for loading potentially unsafe class : edu.ncsu.csc.itrust2.models.persistent.Diagnosis
00:38:23.352 [main] DEBUG o.h.b.internal.ClassLoaderAccessImpl - Not known whether passed class name [edu.ncsu.csc.itrust2.models.persistent.Diagnosis] is safe
00:38:23.352 [main] DEBUG o.h.b.internal.ClassLoaderAccessImpl - No temp ClassLoader provided; using live ClassLoader for loading potentially unsafe class : edu.ncsu.csc.itrust2.models.persistent.Diagnosis
00:38:23.358 [main] DEBUG o.h.b.internal.ClassLoaderAccessImpl - Not known whether passed class name [edu.ncsu.csc.itrust2.models.persistent.User] is safe
00:38:23.358 [main] DEBUG o.h.b.internal.ClassLoaderAccessImpl - No temp ClassLoader provided; using live ClassLoader for loading potentially unsafe class : edu.ncsu.csc.itrust2.models.persistent.User
00:38:23.358 [main] DEBUG o.h.b.internal.ClassLoaderAccessImpl - Not known whether passed class name [edu.ncsu.csc.itrust2.models.persistent.User] is safe
00:38:23.358 [main] DEBUG o.h.b.internal.ClassLoaderAccessImpl - No temp ClassLoader provided; using live ClassLoader for loading potentially unsafe class : edu.ncsu.csc.itrust2.models.persistent.User
00:38:23.365 [main] DEBUG o.h.b.internal.ClassLoaderAccessImpl - Not known whether passed class name [edu.ncsu.csc.itrust2.models.persistent.Hospital] is safe
00:38:23.365 [main] DEBUG o.h.b.internal.ClassLoaderAccessImpl - No temp ClassLoader provided; using live ClassLoader for loading potentially unsafe class : edu.ncsu.csc.itrust2.models.persistent.Hospital
00:38:23.365 [main] DEBUG o.h.b.internal.ClassLoaderAccessImpl - Not known whether passed class name [edu.ncsu.csc.itrust2.models.persistent.Hospital] is safe
00:38:23.365 [main] DEBUG o.h.b.internal.ClassLoaderAccessImpl - No temp ClassLoader provided; using live ClassLoader for loading potentially unsafe class : edu.ncsu.csc.itrust2.models.persistent.Hospital
00:38:23.369 [main] DEBUG o.h.b.internal.ClassLoaderAccessImpl - Not known whether passed class name [edu.ncsu.csc.itrust2.models.persistent.PasswordResetToken] is safe
00:38:23.369 [main] DEBUG o.h.b.internal.ClassLoaderAccessImpl - No temp ClassLoader provided; using live ClassLoader for loading potentially unsafe class : edu.ncsu.csc.itrust2.models.persistent.PasswordResetToken
00:38:23.369 [main] DEBUG o.h.b.internal.ClassLoaderAccessImpl - Not known whether passed class name [edu.ncsu.csc.itrust2.models.persistent.PasswordResetToken] is safe
00:38:23.369 [main] DEBUG o.h.b.internal.ClassLoaderAccessImpl - No temp ClassLoader provided; using live ClassLoader for loading potentially unsafe class : edu.ncsu.csc.itrust2.models.persistent.PasswordResetToken
00:38:23.381 [main] DEBUG o.h.b.internal.ClassLoaderAccessImpl - Not known whether passed class name [edu.ncsu.csc.itrust2.models.persistent.Prescription] is safe
00:38:23.381 [main] DEBUG o.h.b.internal.ClassLoaderAccessImpl - No temp ClassLoader provided; using live ClassLoader for loading potentially unsafe class : edu.ncsu.csc.itrust2.models.persistent.Prescription
00:38:23.381 [main] DEBUG o.h.b.internal.ClassLoaderAccessImpl - Not known whether passed class name [edu.ncsu.csc.itrust2.models.persistent.Prescription] is safe
00:38:23.382 [main] DEBUG o.h.b.internal.ClassLoaderAccessImpl - No temp ClassLoader provided; using live ClassLoader for loading potentially unsafe class : edu.ncsu.csc.itrust2.models.persistent.Prescription
00:38:23.404 [main] DEBUG o.h.p.c.AbstractCollectionPersister - Static SQL for collection: edu.ncsu.csc.itrust2.models.persistent.OfficeVisit.prescriptions
00:38:23.404 [main] DEBUG o.h.p.c.AbstractCollectionPersister -  Row insert: update Prescriptions set prescriptions_id=? where id=?
00:38:23.404 [main] DEBUG o.h.p.c.AbstractCollectionPersister -  Row update: update Prescriptions set  where id=?
00:38:23.404 [main] DEBUG o.h.p.c.AbstractCollectionPersister -  Row delete: update Prescriptions set prescriptions_id=null where prescriptions_id=? and id=?
00:38:23.404 [main] DEBUG o.h.p.c.AbstractCollectionPersister -  One-shot delete: update Prescriptions set prescriptions_id=null where prescriptions_id=?
00:38:23.411 [main] DEBUG o.h.p.entity.AbstractEntityPersister - Static SQL for entity: edu.ncsu.csc.itrust2.models.persistent.Personnel
00:38:23.411 [main] DEBUG o.h.p.entity.AbstractEntityPersister -  Version select: select id from Personnel where id =?
00:38:23.411 [main] DEBUG o.h.p.entity.AbstractEntityPersister -  Snapshot select: select personnel_.id, personnel_.address1 as address2_13_, personnel_.address2 as address3_13_, personnel_.city as city4_13_, personnel_.email as email5_13_, personnel_.enabled as enabled6_13_, personnel_.firstName as firstNam7_13_, personnel_.lastName as lastName8_13_, personnel_.phone as phone9_13_, personnel_.self_id as self_id13_13_, personnel_.specialty as special10_13_, personnel_.state as state11_13_, personnel_.zip as zip12_13_ from Personnel personnel_ where personnel_.id=?
00:38:23.411 [main] DEBUG o.h.p.entity.AbstractEntityPersister -  Insert 0: insert into Personnel (address1, address2, city, email, enabled, firstName, lastName, phone, self_id, specialty, state, zip, id) values (?, ?, ?, ?, ?, ?, ?, ?, ?, ?, ?, ?, ?)
00:38:23.411 [main] DEBUG o.h.p.entity.AbstractEntityPersister -  Update 0: update Personnel set address1=?, address2=?, city=?, email=?, enabled=?, firstName=?, lastName=?, phone=?, self_id=?, specialty=?, state=?, zip=? where id=?
00:38:23.411 [main] DEBUG o.h.p.entity.AbstractEntityPersister -  Delete 0: delete from Personnel where id=?
00:38:23.449 [main] DEBUG o.h.l.p.b.i.spaces.QuerySpacesImpl - Adding QuerySpace : uid = <gen:0> -> org.hibernate.loader.plan.build.internal.spaces.EntityQuerySpaceImpl@5823ff0d]
00:38:23.451 [main] DEBUG o.h.p.w.spi.MetamodelGraphWalker - Visiting attribute path : address1
00:38:23.451 [main] DEBUG o.h.p.w.spi.MetamodelGraphWalker - Visiting attribute path : address2
00:38:23.451 [main] DEBUG o.h.p.w.spi.MetamodelGraphWalker - Visiting attribute path : city
00:38:23.451 [main] DEBUG o.h.p.w.spi.MetamodelGraphWalker - Visiting attribute path : email
00:38:23.451 [main] DEBUG o.h.p.w.spi.MetamodelGraphWalker - Visiting attribute path : enabled
00:38:23.451 [main] DEBUG o.h.p.w.spi.MetamodelGraphWalker - Visiting attribute path : firstName
00:38:23.451 [main] DEBUG o.h.p.w.spi.MetamodelGraphWalker - Visiting attribute path : lastName
00:38:23.451 [main] DEBUG o.h.p.w.spi.MetamodelGraphWalker - Visiting attribute path : phone
00:38:23.451 [main] DEBUG o.h.p.w.spi.MetamodelGraphWalker - Visiting attribute path : self
00:38:23.459 [main] DEBUG o.h.l.p.b.i.spaces.QuerySpacesImpl - Adding QuerySpace : uid = <gen:1> -> org.hibernate.loader.plan.build.internal.spaces.EntityQuerySpaceImpl@28186be6]
00:38:23.462 [main] DEBUG o.h.p.w.spi.MetamodelGraphWalker - Visiting attribute path : self.enabled
00:38:23.462 [main] DEBUG o.h.p.w.spi.MetamodelGraphWalker - Visiting attribute path : self.password
00:38:23.462 [main] DEBUG o.h.p.w.spi.MetamodelGraphWalker - Visiting attribute path : self.role
00:38:23.462 [main] DEBUG o.h.p.w.spi.MetamodelGraphWalker - Visiting attribute path : specialty
00:38:23.462 [main] DEBUG o.h.p.w.spi.MetamodelGraphWalker - Visiting attribute path : state
00:38:23.462 [main] DEBUG o.h.p.w.spi.MetamodelGraphWalker - Visiting attribute path : zip
00:38:23.462 [main] DEBUG o.h.l.p.b.i.FetchStyleLoadPlanBuildingAssociationVisitationStrategy - Building LoadPlan...
00:38:23.488 [main] DEBUG o.h.l.p.e.i.LoadQueryJoinAndFetchProcessor - processing queryspace <gen:0>
00:38:23.497 [main] DEBUG o.h.l.p.b.spi.LoadPlanTreePrinter - LoadPlan(entity=edu.ncsu.csc.itrust2.models.persistent.Personnel)
    - Returns
       - EntityReturnImpl(entity=edu.ncsu.csc.itrust2.models.persistent.Personnel, querySpaceUid=<gen:0>, path=edu.ncsu.csc.itrust2.models.persistent.Personnel)
          - EntityAttributeFetchImpl(entity=edu.ncsu.csc.itrust2.models.persistent.User, querySpaceUid=<gen:1>, path=edu.ncsu.csc.itrust2.models.persistent.Personnel.self)
    - QuerySpaces
       - EntityQuerySpaceImpl(uid=<gen:0>, entity=edu.ncsu.csc.itrust2.models.persistent.Personnel)
          - SQL table alias mapping - personnel0_
          - alias suffix - 0_
          - suffixed key columns - {id1_13_0_}
          - JOIN (JoinDefinedByMetadata(self)) : <gen:0> -> <gen:1>
             - EntityQuerySpaceImpl(uid=<gen:1>, entity=edu.ncsu.csc.itrust2.models.persistent.User)
                - SQL table alias mapping - user1_
                - alias suffix - 1_
                - suffixed key columns - {username1_15_1_}

00:38:23.500 [main] DEBUG o.h.loader.entity.plan.EntityLoader - Static select for entity edu.ncsu.csc.itrust2.models.persistent.Personnel [NONE]: select personnel0_.id as id1_13_0_, personnel0_.address1 as address2_13_0_, personnel0_.address2 as address3_13_0_, personnel0_.city as city4_13_0_, personnel0_.email as email5_13_0_, personnel0_.enabled as enabled6_13_0_, personnel0_.firstName as firstNam7_13_0_, personnel0_.lastName as lastName8_13_0_, personnel0_.phone as phone9_13_0_, personnel0_.self_id as self_id13_13_0_, personnel0_.specialty as special10_13_0_, personnel0_.state as state11_13_0_, personnel0_.zip as zip12_13_0_, user1_.username as username1_15_1_, user1_.enabled as enabled2_15_1_, user1_.password as password3_15_1_, user1_.role as role4_15_1_ from Personnel personnel0_ left outer join Users user1_ on personnel0_.self_id=user1_.username where personnel0_.id=?
00:38:23.500 [main] DEBUG o.h.l.p.b.i.spaces.QuerySpacesImpl - Adding QuerySpace : uid = <gen:0> -> org.hibernate.loader.plan.build.internal.spaces.EntityQuerySpaceImpl@8b58de4]
00:38:23.500 [main] DEBUG o.h.p.w.spi.MetamodelGraphWalker - Visiting attribute path : address1
00:38:23.500 [main] DEBUG o.h.p.w.spi.MetamodelGraphWalker - Visiting attribute path : address2
00:38:23.500 [main] DEBUG o.h.p.w.spi.MetamodelGraphWalker - Visiting attribute path : city
00:38:23.501 [main] DEBUG o.h.p.w.spi.MetamodelGraphWalker - Visiting attribute path : email
00:38:23.501 [main] DEBUG o.h.p.w.spi.MetamodelGraphWalker - Visiting attribute path : enabled
00:38:23.501 [main] DEBUG o.h.p.w.spi.MetamodelGraphWalker - Visiting attribute path : firstName
00:38:23.501 [main] DEBUG o.h.p.w.spi.MetamodelGraphWalker - Visiting attribute path : lastName
00:38:23.501 [main] DEBUG o.h.p.w.spi.MetamodelGraphWalker - Visiting attribute path : phone
00:38:23.501 [main] DEBUG o.h.p.w.spi.MetamodelGraphWalker - Visiting attribute path : self
00:38:23.501 [main] DEBUG o.h.l.p.b.i.spaces.QuerySpacesImpl - Adding QuerySpace : uid = <gen:1> -> org.hibernate.loader.plan.build.internal.spaces.EntityQuerySpaceImpl@367763bd]
00:38:23.501 [main] DEBUG o.h.p.w.spi.MetamodelGraphWalker - Visiting attribute path : self.enabled
00:38:23.501 [main] DEBUG o.h.p.w.spi.MetamodelGraphWalker - Visiting attribute path : self.password
00:38:23.501 [main] DEBUG o.h.p.w.spi.MetamodelGraphWalker - Visiting attribute path : self.role
00:38:23.501 [main] DEBUG o.h.p.w.spi.MetamodelGraphWalker - Visiting attribute path : specialty
00:38:23.501 [main] DEBUG o.h.p.w.spi.MetamodelGraphWalker - Visiting attribute path : state
00:38:23.501 [main] DEBUG o.h.p.w.spi.MetamodelGraphWalker - Visiting attribute path : zip
00:38:23.501 [main] DEBUG o.h.l.p.b.i.FetchStyleLoadPlanBuildingAssociationVisitationStrategy - Building LoadPlan...
00:38:23.510 [main] DEBUG o.h.l.p.e.i.LoadQueryJoinAndFetchProcessor - processing queryspace <gen:0>
00:38:23.510 [main] DEBUG o.h.l.p.b.spi.LoadPlanTreePrinter - LoadPlan(entity=edu.ncsu.csc.itrust2.models.persistent.Personnel)
    - Returns
       - EntityReturnImpl(entity=edu.ncsu.csc.itrust2.models.persistent.Personnel, querySpaceUid=<gen:0>, path=edu.ncsu.csc.itrust2.models.persistent.Personnel)
          - EntityAttributeFetchImpl(entity=edu.ncsu.csc.itrust2.models.persistent.User, querySpaceUid=<gen:1>, path=edu.ncsu.csc.itrust2.models.persistent.Personnel.self)
    - QuerySpaces
       - EntityQuerySpaceImpl(uid=<gen:0>, entity=edu.ncsu.csc.itrust2.models.persistent.Personnel)
          - SQL table alias mapping - personnel0_
          - alias suffix - 0_
          - suffixed key columns - {id1_13_0_}
          - JOIN (JoinDefinedByMetadata(self)) : <gen:0> -> <gen:1>
             - EntityQuerySpaceImpl(uid=<gen:1>, entity=edu.ncsu.csc.itrust2.models.persistent.User)
                - SQL table alias mapping - user1_
                - alias suffix - 1_
                - suffixed key columns - {username1_15_1_}

00:38:23.511 [main] DEBUG o.h.loader.entity.plan.EntityLoader - Static select for entity edu.ncsu.csc.itrust2.models.persistent.Personnel [READ]: select personnel0_.id as id1_13_0_, personnel0_.address1 as address2_13_0_, personnel0_.address2 as address3_13_0_, personnel0_.city as city4_13_0_, personnel0_.email as email5_13_0_, personnel0_.enabled as enabled6_13_0_, personnel0_.firstName as firstNam7_13_0_, personnel0_.lastName as lastName8_13_0_, personnel0_.phone as phone9_13_0_, personnel0_.self_id as self_id13_13_0_, personnel0_.specialty as special10_13_0_, personnel0_.state as state11_13_0_, personnel0_.zip as zip12_13_0_, user1_.username as username1_15_1_, user1_.enabled as enabled2_15_1_, user1_.password as password3_15_1_, user1_.role as role4_15_1_ from Personnel personnel0_ left outer join Users user1_ on personnel0_.self_id=user1_.username where personnel0_.id=?
00:38:23.511 [main] DEBUG o.h.l.p.b.i.spaces.QuerySpacesImpl - Adding QuerySpace : uid = <gen:0> -> org.hibernate.loader.plan.build.internal.spaces.EntityQuerySpaceImpl@ab1a5f6]
00:38:23.511 [main] DEBUG o.h.p.w.spi.MetamodelGraphWalker - Visiting attribute path : address1
00:38:23.511 [main] DEBUG o.h.p.w.spi.MetamodelGraphWalker - Visiting attribute path : address2
00:38:23.511 [main] DEBUG o.h.p.w.spi.MetamodelGraphWalker - Visiting attribute path : city
00:38:23.511 [main] DEBUG o.h.p.w.spi.MetamodelGraphWalker - Visiting attribute path : email
00:38:23.511 [main] DEBUG o.h.p.w.spi.MetamodelGraphWalker - Visiting attribute path : enabled
00:38:23.511 [main] DEBUG o.h.p.w.spi.MetamodelGraphWalker - Visiting attribute path : firstName
00:38:23.511 [main] DEBUG o.h.p.w.spi.MetamodelGraphWalker - Visiting attribute path : lastName
00:38:23.511 [main] DEBUG o.h.p.w.spi.MetamodelGraphWalker - Visiting attribute path : phone
00:38:23.511 [main] DEBUG o.h.p.w.spi.MetamodelGraphWalker - Visiting attribute path : self
00:38:23.511 [main] DEBUG o.h.l.p.b.i.spaces.QuerySpacesImpl - Adding QuerySpace : uid = <gen:1> -> org.hibernate.loader.plan.build.internal.spaces.EntityQuerySpaceImpl@6c45837d]
00:38:23.511 [main] DEBUG o.h.p.w.spi.MetamodelGraphWalker - Visiting attribute path : specialty
00:38:23.511 [main] DEBUG o.h.p.w.spi.MetamodelGraphWalker - Visiting attribute path : state
00:38:23.511 [main] DEBUG o.h.p.w.spi.MetamodelGraphWalker - Visiting attribute path : zip
00:38:23.511 [main] DEBUG o.h.l.p.b.i.FetchStyleLoadPlanBuildingAssociationVisitationStrategy - Building LoadPlan...
00:38:23.512 [main] DEBUG o.h.l.p.e.i.LoadQueryJoinAndFetchProcessor - processing queryspace <gen:0>
00:38:23.512 [main] DEBUG o.h.l.p.b.spi.LoadPlanTreePrinter - LoadPlan(entity=edu.ncsu.csc.itrust2.models.persistent.Personnel)
    - Returns
       - EntityReturnImpl(entity=edu.ncsu.csc.itrust2.models.persistent.Personnel, querySpaceUid=<gen:0>, path=edu.ncsu.csc.itrust2.models.persistent.Personnel)
          - EntityAttributeFetchImpl(entity=edu.ncsu.csc.itrust2.models.persistent.User, querySpaceUid=<gen:1>, path=edu.ncsu.csc.itrust2.models.persistent.Personnel.self)
    - QuerySpaces
       - EntityQuerySpaceImpl(uid=<gen:0>, entity=edu.ncsu.csc.itrust2.models.persistent.Personnel)
          - SQL table alias mapping - personnel0_
          - alias suffix - 0_
          - suffixed key columns - {id1_13_0_}

00:38:23.512 [main] DEBUG o.h.loader.entity.plan.EntityLoader - Static select for entity edu.ncsu.csc.itrust2.models.persistent.Personnel [UPGRADE]: select personnel0_.id as id1_13_0_, personnel0_.address1 as address2_13_0_, personnel0_.address2 as address3_13_0_, personnel0_.city as city4_13_0_, personnel0_.email as email5_13_0_, personnel0_.enabled as enabled6_13_0_, personnel0_.firstName as firstNam7_13_0_, personnel0_.lastName as lastName8_13_0_, personnel0_.phone as phone9_13_0_, personnel0_.self_id as self_id13_13_0_, personnel0_.specialty as special10_13_0_, personnel0_.state as state11_13_0_, personnel0_.zip as zip12_13_0_ from Personnel personnel0_ where personnel0_.id=? for update
00:38:23.512 [main] DEBUG o.h.l.p.b.i.spaces.QuerySpacesImpl - Adding QuerySpace : uid = <gen:0> -> org.hibernate.loader.plan.build.internal.spaces.EntityQuerySpaceImpl@3c619d64]
00:38:23.512 [main] DEBUG o.h.p.w.spi.MetamodelGraphWalker - Visiting attribute path : address1
00:38:23.512 [main] DEBUG o.h.p.w.spi.MetamodelGraphWalker - Visiting attribute path : address2
00:38:23.512 [main] DEBUG o.h.p.w.spi.MetamodelGraphWalker - Visiting attribute path : city
00:38:23.512 [main] DEBUG o.h.p.w.spi.MetamodelGraphWalker - Visiting attribute path : email
00:38:23.512 [main] DEBUG o.h.p.w.spi.MetamodelGraphWalker - Visiting attribute path : enabled
00:38:23.512 [main] DEBUG o.h.p.w.spi.MetamodelGraphWalker - Visiting attribute path : firstName
00:38:23.512 [main] DEBUG o.h.p.w.spi.MetamodelGraphWalker - Visiting attribute path : lastName
00:38:23.512 [main] DEBUG o.h.p.w.spi.MetamodelGraphWalker - Visiting attribute path : phone
00:38:23.512 [main] DEBUG o.h.p.w.spi.MetamodelGraphWalker - Visiting attribute path : self
00:38:23.512 [main] DEBUG o.h.l.p.b.i.spaces.QuerySpacesImpl - Adding QuerySpace : uid = <gen:1> -> org.hibernate.loader.plan.build.internal.spaces.EntityQuerySpaceImpl@495bd10d]
00:38:23.513 [main] DEBUG o.h.p.w.spi.MetamodelGraphWalker - Visiting attribute path : specialty
00:38:23.513 [main] DEBUG o.h.p.w.spi.MetamodelGraphWalker - Visiting attribute path : state
00:38:23.513 [main] DEBUG o.h.p.w.spi.MetamodelGraphWalker - Visiting attribute path : zip
00:38:23.513 [main] DEBUG o.h.l.p.b.i.FetchStyleLoadPlanBuildingAssociationVisitationStrategy - Building LoadPlan...
00:38:23.513 [main] DEBUG o.h.l.p.e.i.LoadQueryJoinAndFetchProcessor - processing queryspace <gen:0>
00:38:23.514 [main] DEBUG o.h.l.p.b.spi.LoadPlanTreePrinter - LoadPlan(entity=edu.ncsu.csc.itrust2.models.persistent.Personnel)
    - Returns
       - EntityReturnImpl(entity=edu.ncsu.csc.itrust2.models.persistent.Personnel, querySpaceUid=<gen:0>, path=edu.ncsu.csc.itrust2.models.persistent.Personnel)
          - EntityAttributeFetchImpl(entity=edu.ncsu.csc.itrust2.models.persistent.User, querySpaceUid=<gen:1>, path=edu.ncsu.csc.itrust2.models.persistent.Personnel.self)
    - QuerySpaces
       - EntityQuerySpaceImpl(uid=<gen:0>, entity=edu.ncsu.csc.itrust2.models.persistent.Personnel)
          - SQL table alias mapping - personnel0_
          - alias suffix - 0_
          - suffixed key columns - {id1_13_0_}

00:38:23.514 [main] DEBUG o.h.loader.entity.plan.EntityLoader - Static select for entity edu.ncsu.csc.itrust2.models.persistent.Personnel [UPGRADE_NOWAIT]: select personnel0_.id as id1_13_0_, personnel0_.address1 as address2_13_0_, personnel0_.address2 as address3_13_0_, personnel0_.city as city4_13_0_, personnel0_.email as email5_13_0_, personnel0_.enabled as enabled6_13_0_, personnel0_.firstName as firstNam7_13_0_, personnel0_.lastName as lastName8_13_0_, personnel0_.phone as phone9_13_0_, personnel0_.self_id as self_id13_13_0_, personnel0_.specialty as special10_13_0_, personnel0_.state as state11_13_0_, personnel0_.zip as zip12_13_0_ from Personnel personnel0_ where personnel0_.id=? for update
00:38:23.514 [main] DEBUG o.h.l.p.b.i.spaces.QuerySpacesImpl - Adding QuerySpace : uid = <gen:0> -> org.hibernate.loader.plan.build.internal.spaces.EntityQuerySpaceImpl@9c5ed30]
00:38:23.514 [main] DEBUG o.h.p.w.spi.MetamodelGraphWalker - Visiting attribute path : address1
00:38:23.514 [main] DEBUG o.h.p.w.spi.MetamodelGraphWalker - Visiting attribute path : address2
00:38:23.514 [main] DEBUG o.h.p.w.spi.MetamodelGraphWalker - Visiting attribute path : city
00:38:23.514 [main] DEBUG o.h.p.w.spi.MetamodelGraphWalker - Visiting attribute path : email
00:38:23.514 [main] DEBUG o.h.p.w.spi.MetamodelGraphWalker - Visiting attribute path : enabled
00:38:23.514 [main] DEBUG o.h.p.w.spi.MetamodelGraphWalker - Visiting attribute path : firstName
00:38:23.514 [main] DEBUG o.h.p.w.spi.MetamodelGraphWalker - Visiting attribute path : lastName
00:38:23.514 [main] DEBUG o.h.p.w.spi.MetamodelGraphWalker - Visiting attribute path : phone
00:38:23.514 [main] DEBUG o.h.p.w.spi.MetamodelGraphWalker - Visiting attribute path : self
00:38:23.514 [main] DEBUG o.h.l.p.b.i.spaces.QuerySpacesImpl - Adding QuerySpace : uid = <gen:1> -> org.hibernate.loader.plan.build.internal.spaces.EntityQuerySpaceImpl@42f465bc]
00:38:23.514 [main] DEBUG o.h.p.w.spi.MetamodelGraphWalker - Visiting attribute path : specialty
00:38:23.514 [main] DEBUG o.h.p.w.spi.MetamodelGraphWalker - Visiting attribute path : state
00:38:23.514 [main] DEBUG o.h.p.w.spi.MetamodelGraphWalker - Visiting attribute path : zip
00:38:23.514 [main] DEBUG o.h.l.p.b.i.FetchStyleLoadPlanBuildingAssociationVisitationStrategy - Building LoadPlan...
00:38:23.515 [main] DEBUG o.h.l.p.e.i.LoadQueryJoinAndFetchProcessor - processing queryspace <gen:0>
00:38:23.515 [main] DEBUG o.h.l.p.b.spi.LoadPlanTreePrinter - LoadPlan(entity=edu.ncsu.csc.itrust2.models.persistent.Personnel)
    - Returns
       - EntityReturnImpl(entity=edu.ncsu.csc.itrust2.models.persistent.Personnel, querySpaceUid=<gen:0>, path=edu.ncsu.csc.itrust2.models.persistent.Personnel)
          - EntityAttributeFetchImpl(entity=edu.ncsu.csc.itrust2.models.persistent.User, querySpaceUid=<gen:1>, path=edu.ncsu.csc.itrust2.models.persistent.Personnel.self)
    - QuerySpaces
       - EntityQuerySpaceImpl(uid=<gen:0>, entity=edu.ncsu.csc.itrust2.models.persistent.Personnel)
          - SQL table alias mapping - personnel0_
          - alias suffix - 0_
          - suffixed key columns - {id1_13_0_}

00:38:23.515 [main] DEBUG o.h.loader.entity.plan.EntityLoader - Static select for entity edu.ncsu.csc.itrust2.models.persistent.Personnel [UPGRADE_SKIPLOCKED]: select personnel0_.id as id1_13_0_, personnel0_.address1 as address2_13_0_, personnel0_.address2 as address3_13_0_, personnel0_.city as city4_13_0_, personnel0_.email as email5_13_0_, personnel0_.enabled as enabled6_13_0_, personnel0_.firstName as firstNam7_13_0_, personnel0_.lastName as lastName8_13_0_, personnel0_.phone as phone9_13_0_, personnel0_.self_id as self_id13_13_0_, personnel0_.specialty as special10_13_0_, personnel0_.state as state11_13_0_, personnel0_.zip as zip12_13_0_ from Personnel personnel0_ where personnel0_.id=? for update
00:38:23.515 [main] DEBUG o.h.l.p.b.i.spaces.QuerySpacesImpl - Adding QuerySpace : uid = <gen:0> -> org.hibernate.loader.plan.build.internal.spaces.EntityQuerySpaceImpl@55b01756]
00:38:23.515 [main] DEBUG o.h.p.w.spi.MetamodelGraphWalker - Visiting attribute path : address1
00:38:23.515 [main] DEBUG o.h.p.w.spi.MetamodelGraphWalker - Visiting attribute path : address2
00:38:23.515 [main] DEBUG o.h.p.w.spi.MetamodelGraphWalker - Visiting attribute path : city
00:38:23.515 [main] DEBUG o.h.p.w.spi.MetamodelGraphWalker - Visiting attribute path : email
00:38:23.515 [main] DEBUG o.h.p.w.spi.MetamodelGraphWalker - Visiting attribute path : enabled
00:38:23.515 [main] DEBUG o.h.p.w.spi.MetamodelGraphWalker - Visiting attribute path : firstName
00:38:23.515 [main] DEBUG o.h.p.w.spi.MetamodelGraphWalker - Visiting attribute path : lastName
00:38:23.516 [main] DEBUG o.h.p.w.spi.MetamodelGraphWalker - Visiting attribute path : phone
00:38:23.516 [main] DEBUG o.h.p.w.spi.MetamodelGraphWalker - Visiting attribute path : self
00:38:23.516 [main] DEBUG o.h.l.p.b.i.spaces.QuerySpacesImpl - Adding QuerySpace : uid = <gen:1> -> org.hibernate.loader.plan.build.internal.spaces.EntityQuerySpaceImpl@34dca058]
00:38:23.516 [main] DEBUG o.h.p.w.spi.MetamodelGraphWalker - Visiting attribute path : specialty
00:38:23.516 [main] DEBUG o.h.p.w.spi.MetamodelGraphWalker - Visiting attribute path : state
00:38:23.516 [main] DEBUG o.h.p.w.spi.MetamodelGraphWalker - Visiting attribute path : zip
00:38:23.516 [main] DEBUG o.h.l.p.b.i.FetchStyleLoadPlanBuildingAssociationVisitationStrategy - Building LoadPlan...
00:38:23.516 [main] DEBUG o.h.l.p.e.i.LoadQueryJoinAndFetchProcessor - processing queryspace <gen:0>
00:38:23.516 [main] DEBUG o.h.l.p.b.spi.LoadPlanTreePrinter - LoadPlan(entity=edu.ncsu.csc.itrust2.models.persistent.Personnel)
    - Returns
       - EntityReturnImpl(entity=edu.ncsu.csc.itrust2.models.persistent.Personnel, querySpaceUid=<gen:0>, path=edu.ncsu.csc.itrust2.models.persistent.Personnel)
          - EntityAttributeFetchImpl(entity=edu.ncsu.csc.itrust2.models.persistent.User, querySpaceUid=<gen:1>, path=edu.ncsu.csc.itrust2.models.persistent.Personnel.self)
    - QuerySpaces
       - EntityQuerySpaceImpl(uid=<gen:0>, entity=edu.ncsu.csc.itrust2.models.persistent.Personnel)
          - SQL table alias mapping - personnel0_
          - alias suffix - 0_
          - suffixed key columns - {id1_13_0_}

00:38:23.517 [main] DEBUG o.h.loader.entity.plan.EntityLoader - Static select for entity edu.ncsu.csc.itrust2.models.persistent.Personnel [FORCE]: select personnel0_.id as id1_13_0_, personnel0_.address1 as address2_13_0_, personnel0_.address2 as address3_13_0_, personnel0_.city as city4_13_0_, personnel0_.email as email5_13_0_, personnel0_.enabled as enabled6_13_0_, personnel0_.firstName as firstNam7_13_0_, personnel0_.lastName as lastName8_13_0_, personnel0_.phone as phone9_13_0_, personnel0_.self_id as self_id13_13_0_, personnel0_.specialty as special10_13_0_, personnel0_.state as state11_13_0_, personnel0_.zip as zip12_13_0_ from Personnel personnel0_ where personnel0_.id=? for update
00:38:23.517 [main] DEBUG o.h.l.p.b.i.spaces.QuerySpacesImpl - Adding QuerySpace : uid = <gen:0> -> org.hibernate.loader.plan.build.internal.spaces.EntityQuerySpaceImpl@5564eafa]
00:38:23.517 [main] DEBUG o.h.p.w.spi.MetamodelGraphWalker - Visiting attribute path : address1
00:38:23.517 [main] DEBUG o.h.p.w.spi.MetamodelGraphWalker - Visiting attribute path : address2
00:38:23.517 [main] DEBUG o.h.p.w.spi.MetamodelGraphWalker - Visiting attribute path : city
00:38:23.517 [main] DEBUG o.h.p.w.spi.MetamodelGraphWalker - Visiting attribute path : email
00:38:23.517 [main] DEBUG o.h.p.w.spi.MetamodelGraphWalker - Visiting attribute path : enabled
00:38:23.517 [main] DEBUG o.h.p.w.spi.MetamodelGraphWalker - Visiting attribute path : firstName
00:38:23.517 [main] DEBUG o.h.p.w.spi.MetamodelGraphWalker - Visiting attribute path : lastName
00:38:23.517 [main] DEBUG o.h.p.w.spi.MetamodelGraphWalker - Visiting attribute path : phone
00:38:23.517 [main] DEBUG o.h.p.w.spi.MetamodelGraphWalker - Visiting attribute path : self
00:38:23.517 [main] DEBUG o.h.l.p.b.i.spaces.QuerySpacesImpl - Adding QuerySpace : uid = <gen:1> -> org.hibernate.loader.plan.build.internal.spaces.EntityQuerySpaceImpl@25c13639]
00:38:23.517 [main] DEBUG o.h.p.w.spi.MetamodelGraphWalker - Visiting attribute path : specialty
00:38:23.517 [main] DEBUG o.h.p.w.spi.MetamodelGraphWalker - Visiting attribute path : state
00:38:23.517 [main] DEBUG o.h.p.w.spi.MetamodelGraphWalker - Visiting attribute path : zip
00:38:23.517 [main] DEBUG o.h.l.p.b.i.FetchStyleLoadPlanBuildingAssociationVisitationStrategy - Building LoadPlan...
00:38:23.518 [main] DEBUG o.h.l.p.e.i.LoadQueryJoinAndFetchProcessor - processing queryspace <gen:0>
00:38:23.518 [main] DEBUG o.h.l.p.b.spi.LoadPlanTreePrinter - LoadPlan(entity=edu.ncsu.csc.itrust2.models.persistent.Personnel)
    - Returns
       - EntityReturnImpl(entity=edu.ncsu.csc.itrust2.models.persistent.Personnel, querySpaceUid=<gen:0>, path=edu.ncsu.csc.itrust2.models.persistent.Personnel)
          - EntityAttributeFetchImpl(entity=edu.ncsu.csc.itrust2.models.persistent.User, querySpaceUid=<gen:1>, path=edu.ncsu.csc.itrust2.models.persistent.Personnel.self)
    - QuerySpaces
       - EntityQuerySpaceImpl(uid=<gen:0>, entity=edu.ncsu.csc.itrust2.models.persistent.Personnel)
          - SQL table alias mapping - personnel0_
          - alias suffix - 0_
          - suffixed key columns - {id1_13_0_}

00:38:23.518 [main] DEBUG o.h.loader.entity.plan.EntityLoader - Static select for entity edu.ncsu.csc.itrust2.models.persistent.Personnel [PESSIMISTIC_READ]: select personnel0_.id as id1_13_0_, personnel0_.address1 as address2_13_0_, personnel0_.address2 as address3_13_0_, personnel0_.city as city4_13_0_, personnel0_.email as email5_13_0_, personnel0_.enabled as enabled6_13_0_, personnel0_.firstName as firstNam7_13_0_, personnel0_.lastName as lastName8_13_0_, personnel0_.phone as phone9_13_0_, personnel0_.self_id as self_id13_13_0_, personnel0_.specialty as special10_13_0_, personnel0_.state as state11_13_0_, personnel0_.zip as zip12_13_0_ from Personnel personnel0_ where personnel0_.id=? lock in share mode
00:38:23.518 [main] DEBUG o.h.l.p.b.i.spaces.QuerySpacesImpl - Adding QuerySpace : uid = <gen:0> -> org.hibernate.loader.plan.build.internal.spaces.EntityQuerySpaceImpl@744e8cb9]
00:38:23.518 [main] DEBUG o.h.p.w.spi.MetamodelGraphWalker - Visiting attribute path : address1
00:38:23.518 [main] DEBUG o.h.p.w.spi.MetamodelGraphWalker - Visiting attribute path : address2
00:38:23.518 [main] DEBUG o.h.p.w.spi.MetamodelGraphWalker - Visiting attribute path : city
00:38:23.518 [main] DEBUG o.h.p.w.spi.MetamodelGraphWalker - Visiting attribute path : email
00:38:23.518 [main] DEBUG o.h.p.w.spi.MetamodelGraphWalker - Visiting attribute path : enabled
00:38:23.518 [main] DEBUG o.h.p.w.spi.MetamodelGraphWalker - Visiting attribute path : firstName
00:38:23.519 [main] DEBUG o.h.p.w.spi.MetamodelGraphWalker - Visiting attribute path : lastName
00:38:23.519 [main] DEBUG o.h.p.w.spi.MetamodelGraphWalker - Visiting attribute path : phone
00:38:23.519 [main] DEBUG o.h.p.w.spi.MetamodelGraphWalker - Visiting attribute path : self
00:38:23.519 [main] DEBUG o.h.l.p.b.i.spaces.QuerySpacesImpl - Adding QuerySpace : uid = <gen:1> -> org.hibernate.loader.plan.build.internal.spaces.EntityQuerySpaceImpl@5c03a8e3]
00:38:23.519 [main] DEBUG o.h.p.w.spi.MetamodelGraphWalker - Visiting attribute path : specialty
00:38:23.519 [main] DEBUG o.h.p.w.spi.MetamodelGraphWalker - Visiting attribute path : state
00:38:23.519 [main] DEBUG o.h.p.w.spi.MetamodelGraphWalker - Visiting attribute path : zip
00:38:23.519 [main] DEBUG o.h.l.p.b.i.FetchStyleLoadPlanBuildingAssociationVisitationStrategy - Building LoadPlan...
00:38:23.519 [main] DEBUG o.h.l.p.e.i.LoadQueryJoinAndFetchProcessor - processing queryspace <gen:0>
00:38:23.519 [main] DEBUG o.h.l.p.b.spi.LoadPlanTreePrinter - LoadPlan(entity=edu.ncsu.csc.itrust2.models.persistent.Personnel)
    - Returns
       - EntityReturnImpl(entity=edu.ncsu.csc.itrust2.models.persistent.Personnel, querySpaceUid=<gen:0>, path=edu.ncsu.csc.itrust2.models.persistent.Personnel)
          - EntityAttributeFetchImpl(entity=edu.ncsu.csc.itrust2.models.persistent.User, querySpaceUid=<gen:1>, path=edu.ncsu.csc.itrust2.models.persistent.Personnel.self)
    - QuerySpaces
       - EntityQuerySpaceImpl(uid=<gen:0>, entity=edu.ncsu.csc.itrust2.models.persistent.Personnel)
          - SQL table alias mapping - personnel0_
          - alias suffix - 0_
          - suffixed key columns - {id1_13_0_}

00:38:23.519 [main] DEBUG o.h.loader.entity.plan.EntityLoader - Static select for entity edu.ncsu.csc.itrust2.models.persistent.Personnel [PESSIMISTIC_WRITE]: select personnel0_.id as id1_13_0_, personnel0_.address1 as address2_13_0_, personnel0_.address2 as address3_13_0_, personnel0_.city as city4_13_0_, personnel0_.email as email5_13_0_, personnel0_.enabled as enabled6_13_0_, personnel0_.firstName as firstNam7_13_0_, personnel0_.lastName as lastName8_13_0_, personnel0_.phone as phone9_13_0_, personnel0_.self_id as self_id13_13_0_, personnel0_.specialty as special10_13_0_, personnel0_.state as state11_13_0_, personnel0_.zip as zip12_13_0_ from Personnel personnel0_ where personnel0_.id=? for update
00:38:23.520 [main] DEBUG o.h.l.p.b.i.spaces.QuerySpacesImpl - Adding QuerySpace : uid = <gen:0> -> org.hibernate.loader.plan.build.internal.spaces.EntityQuerySpaceImpl@705f2da4]
00:38:23.520 [main] DEBUG o.h.p.w.spi.MetamodelGraphWalker - Visiting attribute path : address1
00:38:23.520 [main] DEBUG o.h.p.w.spi.MetamodelGraphWalker - Visiting attribute path : address2
00:38:23.520 [main] DEBUG o.h.p.w.spi.MetamodelGraphWalker - Visiting attribute path : city
00:38:23.520 [main] DEBUG o.h.p.w.spi.MetamodelGraphWalker - Visiting attribute path : email
00:38:23.520 [main] DEBUG o.h.p.w.spi.MetamodelGraphWalker - Visiting attribute path : enabled
00:38:23.520 [main] DEBUG o.h.p.w.spi.MetamodelGraphWalker - Visiting attribute path : firstName
00:38:23.520 [main] DEBUG o.h.p.w.spi.MetamodelGraphWalker - Visiting attribute path : lastName
00:38:23.520 [main] DEBUG o.h.p.w.spi.MetamodelGraphWalker - Visiting attribute path : phone
00:38:23.520 [main] DEBUG o.h.p.w.spi.MetamodelGraphWalker - Visiting attribute path : self
00:38:23.520 [main] DEBUG o.h.l.p.b.i.spaces.QuerySpacesImpl - Adding QuerySpace : uid = <gen:1> -> org.hibernate.loader.plan.build.internal.spaces.EntityQuerySpaceImpl@a5e99a7]
00:38:23.520 [main] DEBUG o.h.p.w.spi.MetamodelGraphWalker - Visiting attribute path : specialty
00:38:23.520 [main] DEBUG o.h.p.w.spi.MetamodelGraphWalker - Visiting attribute path : state
00:38:23.520 [main] DEBUG o.h.p.w.spi.MetamodelGraphWalker - Visiting attribute path : zip
00:38:23.520 [main] DEBUG o.h.l.p.b.i.FetchStyleLoadPlanBuildingAssociationVisitationStrategy - Building LoadPlan...
00:38:23.521 [main] DEBUG o.h.l.p.e.i.LoadQueryJoinAndFetchProcessor - processing queryspace <gen:0>
00:38:23.521 [main] DEBUG o.h.l.p.b.spi.LoadPlanTreePrinter - LoadPlan(entity=edu.ncsu.csc.itrust2.models.persistent.Personnel)
    - Returns
       - EntityReturnImpl(entity=edu.ncsu.csc.itrust2.models.persistent.Personnel, querySpaceUid=<gen:0>, path=edu.ncsu.csc.itrust2.models.persistent.Personnel)
          - EntityAttributeFetchImpl(entity=edu.ncsu.csc.itrust2.models.persistent.User, querySpaceUid=<gen:1>, path=edu.ncsu.csc.itrust2.models.persistent.Personnel.self)
    - QuerySpaces
       - EntityQuerySpaceImpl(uid=<gen:0>, entity=edu.ncsu.csc.itrust2.models.persistent.Personnel)
          - SQL table alias mapping - personnel0_
          - alias suffix - 0_
          - suffixed key columns - {id1_13_0_}

00:38:23.521 [main] DEBUG o.h.loader.entity.plan.EntityLoader - Static select for entity edu.ncsu.csc.itrust2.models.persistent.Personnel [PESSIMISTIC_FORCE_INCREMENT]: select personnel0_.id as id1_13_0_, personnel0_.address1 as address2_13_0_, personnel0_.address2 as address3_13_0_, personnel0_.city as city4_13_0_, personnel0_.email as email5_13_0_, personnel0_.enabled as enabled6_13_0_, personnel0_.firstName as firstNam7_13_0_, personnel0_.lastName as lastName8_13_0_, personnel0_.phone as phone9_13_0_, personnel0_.self_id as self_id13_13_0_, personnel0_.specialty as special10_13_0_, personnel0_.state as state11_13_0_, personnel0_.zip as zip12_13_0_ from Personnel personnel0_ where personnel0_.id=? for update
00:38:23.521 [main] DEBUG o.h.l.p.b.i.spaces.QuerySpacesImpl - Adding QuerySpace : uid = <gen:0> -> org.hibernate.loader.plan.build.internal.spaces.EntityQuerySpaceImpl@4b5b7cbf]
00:38:23.521 [main] DEBUG o.h.p.w.spi.MetamodelGraphWalker - Visiting attribute path : address1
00:38:23.521 [main] DEBUG o.h.p.w.spi.MetamodelGraphWalker - Visiting attribute path : address2
00:38:23.521 [main] DEBUG o.h.p.w.spi.MetamodelGraphWalker - Visiting attribute path : city
00:38:23.521 [main] DEBUG o.h.p.w.spi.MetamodelGraphWalker - Visiting attribute path : email
00:38:23.521 [main] DEBUG o.h.p.w.spi.MetamodelGraphWalker - Visiting attribute path : enabled
00:38:23.521 [main] DEBUG o.h.p.w.spi.MetamodelGraphWalker - Visiting attribute path : firstName
00:38:23.521 [main] DEBUG o.h.p.w.spi.MetamodelGraphWalker - Visiting attribute path : lastName
00:38:23.521 [main] DEBUG o.h.p.w.spi.MetamodelGraphWalker - Visiting attribute path : phone
00:38:23.521 [main] DEBUG o.h.p.w.spi.MetamodelGraphWalker - Visiting attribute path : self
00:38:23.521 [main] DEBUG o.h.l.p.b.i.spaces.QuerySpacesImpl - Adding QuerySpace : uid = <gen:1> -> org.hibernate.loader.plan.build.internal.spaces.EntityQuerySpaceImpl@102498af]
00:38:23.521 [main] DEBUG o.h.p.w.spi.MetamodelGraphWalker - Visiting attribute path : specialty
00:38:23.522 [main] DEBUG o.h.p.w.spi.MetamodelGraphWalker - Visiting attribute path : state
00:38:23.522 [main] DEBUG o.h.p.w.spi.MetamodelGraphWalker - Visiting attribute path : zip
00:38:23.522 [main] DEBUG o.h.l.p.b.i.FetchStyleLoadPlanBuildingAssociationVisitationStrategy - Building LoadPlan...
00:38:23.522 [main] DEBUG o.h.l.p.e.i.LoadQueryJoinAndFetchProcessor - processing queryspace <gen:0>
00:38:23.522 [main] DEBUG o.h.l.p.b.spi.LoadPlanTreePrinter - LoadPlan(entity=edu.ncsu.csc.itrust2.models.persistent.Personnel)
    - Returns
       - EntityReturnImpl(entity=edu.ncsu.csc.itrust2.models.persistent.Personnel, querySpaceUid=<gen:0>, path=edu.ncsu.csc.itrust2.models.persistent.Personnel)
          - EntityAttributeFetchImpl(entity=edu.ncsu.csc.itrust2.models.persistent.User, querySpaceUid=<gen:1>, path=edu.ncsu.csc.itrust2.models.persistent.Personnel.self)
    - QuerySpaces
       - EntityQuerySpaceImpl(uid=<gen:0>, entity=edu.ncsu.csc.itrust2.models.persistent.Personnel)
          - SQL table alias mapping - personnel0_
          - alias suffix - 0_
          - suffixed key columns - {id1_13_0_}

00:38:23.522 [main] DEBUG o.h.loader.entity.plan.EntityLoader - Static select for entity edu.ncsu.csc.itrust2.models.persistent.Personnel [OPTIMISTIC]: select personnel0_.id as id1_13_0_, personnel0_.address1 as address2_13_0_, personnel0_.address2 as address3_13_0_, personnel0_.city as city4_13_0_, personnel0_.email as email5_13_0_, personnel0_.enabled as enabled6_13_0_, personnel0_.firstName as firstNam7_13_0_, personnel0_.lastName as lastName8_13_0_, personnel0_.phone as phone9_13_0_, personnel0_.self_id as self_id13_13_0_, personnel0_.specialty as special10_13_0_, personnel0_.state as state11_13_0_, personnel0_.zip as zip12_13_0_ from Personnel personnel0_ where personnel0_.id=?
00:38:23.522 [main] DEBUG o.h.l.p.b.i.spaces.QuerySpacesImpl - Adding QuerySpace : uid = <gen:0> -> org.hibernate.loader.plan.build.internal.spaces.EntityQuerySpaceImpl@6ec9b8ad]
00:38:23.522 [main] DEBUG o.h.p.w.spi.MetamodelGraphWalker - Visiting attribute path : address1
00:38:23.523 [main] DEBUG o.h.p.w.spi.MetamodelGraphWalker - Visiting attribute path : address2
00:38:23.523 [main] DEBUG o.h.p.w.spi.MetamodelGraphWalker - Visiting attribute path : city
00:38:23.523 [main] DEBUG o.h.p.w.spi.MetamodelGraphWalker - Visiting attribute path : email
00:38:23.523 [main] DEBUG o.h.p.w.spi.MetamodelGraphWalker - Visiting attribute path : enabled
00:38:23.523 [main] DEBUG o.h.p.w.spi.MetamodelGraphWalker - Visiting attribute path : firstName
00:38:23.523 [main] DEBUG o.h.p.w.spi.MetamodelGraphWalker - Visiting attribute path : lastName
00:38:23.523 [main] DEBUG o.h.p.w.spi.MetamodelGraphWalker - Visiting attribute path : phone
00:38:23.523 [main] DEBUG o.h.p.w.spi.MetamodelGraphWalker - Visiting attribute path : self
00:38:23.523 [main] DEBUG o.h.l.p.b.i.spaces.QuerySpacesImpl - Adding QuerySpace : uid = <gen:1> -> org.hibernate.loader.plan.build.internal.spaces.EntityQuerySpaceImpl@3e14014c]
00:38:23.523 [main] DEBUG o.h.p.w.spi.MetamodelGraphWalker - Visiting attribute path : specialty
00:38:23.523 [main] DEBUG o.h.p.w.spi.MetamodelGraphWalker - Visiting attribute path : state
00:38:23.523 [main] DEBUG o.h.p.w.spi.MetamodelGraphWalker - Visiting attribute path : zip
00:38:23.523 [main] DEBUG o.h.l.p.b.i.FetchStyleLoadPlanBuildingAssociationVisitationStrategy - Building LoadPlan...
00:38:23.523 [main] DEBUG o.h.l.p.e.i.LoadQueryJoinAndFetchProcessor - processing queryspace <gen:0>
00:38:23.524 [main] DEBUG o.h.l.p.b.spi.LoadPlanTreePrinter - LoadPlan(entity=edu.ncsu.csc.itrust2.models.persistent.Personnel)
    - Returns
       - EntityReturnImpl(entity=edu.ncsu.csc.itrust2.models.persistent.Personnel, querySpaceUid=<gen:0>, path=edu.ncsu.csc.itrust2.models.persistent.Personnel)
          - EntityAttributeFetchImpl(entity=edu.ncsu.csc.itrust2.models.persistent.User, querySpaceUid=<gen:1>, path=edu.ncsu.csc.itrust2.models.persistent.Personnel.self)
    - QuerySpaces
       - EntityQuerySpaceImpl(uid=<gen:0>, entity=edu.ncsu.csc.itrust2.models.persistent.Personnel)
          - SQL table alias mapping - personnel0_
          - alias suffix - 0_
          - suffixed key columns - {id1_13_0_}

00:38:23.524 [main] DEBUG o.h.loader.entity.plan.EntityLoader - Static select for entity edu.ncsu.csc.itrust2.models.persistent.Personnel [OPTIMISTIC_FORCE_INCREMENT]: select personnel0_.id as id1_13_0_, personnel0_.address1 as address2_13_0_, personnel0_.address2 as address3_13_0_, personnel0_.city as city4_13_0_, personnel0_.email as email5_13_0_, personnel0_.enabled as enabled6_13_0_, personnel0_.firstName as firstNam7_13_0_, personnel0_.lastName as lastName8_13_0_, personnel0_.phone as phone9_13_0_, personnel0_.self_id as self_id13_13_0_, personnel0_.specialty as special10_13_0_, personnel0_.state as state11_13_0_, personnel0_.zip as zip12_13_0_ from Personnel personnel0_ where personnel0_.id=?
00:38:23.579 [main] DEBUG org.hibernate.loader.Loader - Static select for action ACTION_MERGE on entity edu.ncsu.csc.itrust2.models.persistent.Personnel: select personnel0_.id as id1_13_0_, personnel0_.address1 as address2_13_0_, personnel0_.address2 as address3_13_0_, personnel0_.city as city4_13_0_, personnel0_.email as email5_13_0_, personnel0_.enabled as enabled6_13_0_, personnel0_.firstName as firstNam7_13_0_, personnel0_.lastName as lastName8_13_0_, personnel0_.phone as phone9_13_0_, personnel0_.self_id as self_id13_13_0_, personnel0_.specialty as special10_13_0_, personnel0_.state as state11_13_0_, personnel0_.zip as zip12_13_0_ from Personnel personnel0_ where personnel0_.id=?
00:38:23.580 [main] DEBUG org.hibernate.loader.Loader - Static select for action ACTION_REFRESH on entity edu.ncsu.csc.itrust2.models.persistent.Personnel: select personnel0_.id as id1_13_0_, personnel0_.address1 as address2_13_0_, personnel0_.address2 as address3_13_0_, personnel0_.city as city4_13_0_, personnel0_.email as email5_13_0_, personnel0_.enabled as enabled6_13_0_, personnel0_.firstName as firstNam7_13_0_, personnel0_.lastName as lastName8_13_0_, personnel0_.phone as phone9_13_0_, personnel0_.self_id as self_id13_13_0_, personnel0_.specialty as special10_13_0_, personnel0_.state as state11_13_0_, personnel0_.zip as zip12_13_0_ from Personnel personnel0_ where personnel0_.id=?
00:38:23.580 [main] DEBUG o.h.p.entity.AbstractEntityPersister - Static SQL for entity: edu.ncsu.csc.itrust2.models.persistent.BasicHealthMetrics
00:38:23.580 [main] DEBUG o.h.p.entity.AbstractEntityPersister -  Version select: select id from BasicHealthMetrics where id =?
00:38:23.580 [main] DEBUG o.h.p.entity.AbstractEntityPersister -  Snapshot select: select basichealt_.id, basichealt_.diastolic as diastoli2_1_, basichealt_.hcp_id as hcp_id12_1_, basichealt_.hdl as hdl3_1_, basichealt_.headCircumference as headCirc4_1_, basichealt_.height as height5_1_, basichealt_.houseSmokingStatus as houseSmo6_1_, basichealt_.ldl as ldl7_1_, basichealt_.patient_id as patient13_1_, basichealt_.patientSmokingStatus as patientS8_1_, basichealt_.systolic as systolic9_1_, basichealt_.tri as tri10_1_, basichealt_.weight as weight11_1_ from BasicHealthMetrics basichealt_ where basichealt_.id=?
00:38:23.580 [main] DEBUG o.h.p.entity.AbstractEntityPersister -  Insert 0: insert into BasicHealthMetrics (diastolic, hcp_id, hdl, headCircumference, height, houseSmokingStatus, ldl, patient_id, patientSmokingStatus, systolic, tri, weight, id) values (?, ?, ?, ?, ?, ?, ?, ?, ?, ?, ?, ?, ?)
00:38:23.580 [main] DEBUG o.h.p.entity.AbstractEntityPersister -  Update 0: update BasicHealthMetrics set diastolic=?, hcp_id=?, hdl=?, headCircumference=?, height=?, houseSmokingStatus=?, ldl=?, patient_id=?, patientSmokingStatus=?, systolic=?, tri=?, weight=? where id=?
00:38:23.581 [main] DEBUG o.h.p.entity.AbstractEntityPersister -  Delete 0: delete from BasicHealthMetrics where id=?
00:38:23.581 [main] DEBUG o.h.l.p.b.i.spaces.QuerySpacesImpl - Adding QuerySpace : uid = <gen:0> -> org.hibernate.loader.plan.build.internal.spaces.EntityQuerySpaceImpl@5d80ad22]
00:38:23.581 [main] DEBUG o.h.p.w.spi.MetamodelGraphWalker - Visiting attribute path : diastolic
00:38:23.581 [main] DEBUG o.h.p.w.spi.MetamodelGraphWalker - Visiting attribute path : hcp
00:38:23.581 [main] DEBUG o.h.l.p.b.i.spaces.QuerySpacesImpl - Adding QuerySpace : uid = <gen:1> -> org.hibernate.loader.plan.build.internal.spaces.EntityQuerySpaceImpl@2f07d29]
00:38:23.581 [main] DEBUG o.h.p.w.spi.MetamodelGraphWalker - Visiting attribute path : hcp.enabled
00:38:23.581 [main] DEBUG o.h.p.w.spi.MetamodelGraphWalker - Visiting attribute path : hcp.password
00:38:23.581 [main] DEBUG o.h.p.w.spi.MetamodelGraphWalker - Visiting attribute path : hcp.role
00:38:23.581 [main] DEBUG o.h.p.w.spi.MetamodelGraphWalker - Visiting attribute path : hdl
00:38:23.581 [main] DEBUG o.h.p.w.spi.MetamodelGraphWalker - Visiting attribute path : headCircumference
00:38:23.581 [main] DEBUG o.h.p.w.spi.MetamodelGraphWalker - Visiting attribute path : height
00:38:23.581 [main] DEBUG o.h.p.w.spi.MetamodelGraphWalker - Visiting attribute path : houseSmokingStatus
00:38:23.581 [main] DEBUG o.h.p.w.spi.MetamodelGraphWalker - Visiting attribute path : ldl
00:38:23.581 [main] DEBUG o.h.p.w.spi.MetamodelGraphWalker - Visiting attribute path : patient
00:38:23.582 [main] DEBUG o.h.l.p.b.i.spaces.QuerySpacesImpl - Adding QuerySpace : uid = <gen:2> -> org.hibernate.loader.plan.build.internal.spaces.EntityQuerySpaceImpl@9293dd4]
00:38:23.582 [main] DEBUG o.h.p.w.spi.MetamodelGraphWalker - Visiting attribute path : patient.enabled
00:38:23.582 [main] DEBUG o.h.p.w.spi.MetamodelGraphWalker - Visiting attribute path : patient.password
00:38:23.582 [main] DEBUG o.h.p.w.spi.MetamodelGraphWalker - Visiting attribute path : patient.role
00:38:23.582 [main] DEBUG o.h.p.w.spi.MetamodelGraphWalker - Visiting attribute path : patientSmokingStatus
00:38:23.582 [main] DEBUG o.h.p.w.spi.MetamodelGraphWalker - Visiting attribute path : systolic
00:38:23.582 [main] DEBUG o.h.p.w.spi.MetamodelGraphWalker - Visiting attribute path : tri
00:38:23.582 [main] DEBUG o.h.p.w.spi.MetamodelGraphWalker - Visiting attribute path : weight
00:38:23.582 [main] DEBUG o.h.l.p.b.i.FetchStyleLoadPlanBuildingAssociationVisitationStrategy - Building LoadPlan...
00:38:23.582 [main] DEBUG o.h.l.p.e.i.LoadQueryJoinAndFetchProcessor - processing queryspace <gen:0>
00:38:23.583 [main] DEBUG o.h.l.p.b.spi.LoadPlanTreePrinter - LoadPlan(entity=edu.ncsu.csc.itrust2.models.persistent.BasicHealthMetrics)
    - Returns
       - EntityReturnImpl(entity=edu.ncsu.csc.itrust2.models.persistent.BasicHealthMetrics, querySpaceUid=<gen:0>, path=edu.ncsu.csc.itrust2.models.persistent.BasicHealthMetrics)
          - EntityAttributeFetchImpl(entity=edu.ncsu.csc.itrust2.models.persistent.User, querySpaceUid=<gen:1>, path=edu.ncsu.csc.itrust2.models.persistent.BasicHealthMetrics.hcp)
          - EntityAttributeFetchImpl(entity=edu.ncsu.csc.itrust2.models.persistent.User, querySpaceUid=<gen:2>, path=edu.ncsu.csc.itrust2.models.persistent.BasicHealthMetrics.patient)
    - QuerySpaces
       - EntityQuerySpaceImpl(uid=<gen:0>, entity=edu.ncsu.csc.itrust2.models.persistent.BasicHealthMetrics)
          - SQL table alias mapping - basichealt0_
          - alias suffix - 0_
          - suffixed key columns - {id1_1_0_}
          - JOIN (JoinDefinedByMetadata(hcp)) : <gen:0> -> <gen:1>
             - EntityQuerySpaceImpl(uid=<gen:1>, entity=edu.ncsu.csc.itrust2.models.persistent.User)
                - SQL table alias mapping - user1_
                - alias suffix - 1_
                - suffixed key columns - {username1_15_1_}
          - JOIN (JoinDefinedByMetadata(patient)) : <gen:0> -> <gen:2>
             - EntityQuerySpaceImpl(uid=<gen:2>, entity=edu.ncsu.csc.itrust2.models.persistent.User)
                - SQL table alias mapping - user2_
                - alias suffix - 2_
                - suffixed key columns - {username1_15_2_}

00:38:23.583 [main] DEBUG o.h.loader.entity.plan.EntityLoader - Static select for entity edu.ncsu.csc.itrust2.models.persistent.BasicHealthMetrics [NONE]: select basichealt0_.id as id1_1_0_, basichealt0_.diastolic as diastoli2_1_0_, basichealt0_.hcp_id as hcp_id12_1_0_, basichealt0_.hdl as hdl3_1_0_, basichealt0_.headCircumference as headCirc4_1_0_, basichealt0_.height as height5_1_0_, basichealt0_.houseSmokingStatus as houseSmo6_1_0_, basichealt0_.ldl as ldl7_1_0_, basichealt0_.patient_id as patient13_1_0_, basichealt0_.patientSmokingStatus as patientS8_1_0_, basichealt0_.systolic as systolic9_1_0_, basichealt0_.tri as tri10_1_0_, basichealt0_.weight as weight11_1_0_, user1_.username as username1_15_1_, user1_.enabled as enabled2_15_1_, user1_.password as password3_15_1_, user1_.role as role4_15_1_, user2_.username as username1_15_2_, user2_.enabled as enabled2_15_2_, user2_.password as password3_15_2_, user2_.role as role4_15_2_ from BasicHealthMetrics basichealt0_ inner join Users user1_ on basichealt0_.hcp_id=user1_.username inner join Users user2_ on basichealt0_.patient_id=user2_.username where basichealt0_.id=?
00:38:23.583 [main] DEBUG o.h.l.p.b.i.spaces.QuerySpacesImpl - Adding QuerySpace : uid = <gen:0> -> org.hibernate.loader.plan.build.internal.spaces.EntityQuerySpaceImpl@2b327f1c]
00:38:23.583 [main] DEBUG o.h.p.w.spi.MetamodelGraphWalker - Visiting attribute path : diastolic
00:38:23.583 [main] DEBUG o.h.p.w.spi.MetamodelGraphWalker - Visiting attribute path : hcp
00:38:23.583 [main] DEBUG o.h.l.p.b.i.spaces.QuerySpacesImpl - Adding QuerySpace : uid = <gen:1> -> org.hibernate.loader.plan.build.internal.spaces.EntityQuerySpaceImpl@79a4174c]
00:38:23.584 [main] DEBUG o.h.p.w.spi.MetamodelGraphWalker - Visiting attribute path : hcp.enabled
00:38:23.584 [main] DEBUG o.h.p.w.spi.MetamodelGraphWalker - Visiting attribute path : hcp.password
00:38:23.584 [main] DEBUG o.h.p.w.spi.MetamodelGraphWalker - Visiting attribute path : hcp.role
00:38:23.584 [main] DEBUG o.h.p.w.spi.MetamodelGraphWalker - Visiting attribute path : hdl
00:38:23.584 [main] DEBUG o.h.p.w.spi.MetamodelGraphWalker - Visiting attribute path : headCircumference
00:38:23.584 [main] DEBUG o.h.p.w.spi.MetamodelGraphWalker - Visiting attribute path : height
00:38:23.584 [main] DEBUG o.h.p.w.spi.MetamodelGraphWalker - Visiting attribute path : houseSmokingStatus
00:38:23.584 [main] DEBUG o.h.p.w.spi.MetamodelGraphWalker - Visiting attribute path : ldl
00:38:23.584 [main] DEBUG o.h.p.w.spi.MetamodelGraphWalker - Visiting attribute path : patient
00:38:23.584 [main] DEBUG o.h.l.p.b.i.spaces.QuerySpacesImpl - Adding QuerySpace : uid = <gen:2> -> org.hibernate.loader.plan.build.internal.spaces.EntityQuerySpaceImpl@39b62bf8]
00:38:23.584 [main] DEBUG o.h.p.w.spi.MetamodelGraphWalker - Visiting attribute path : patient.enabled
00:38:23.584 [main] DEBUG o.h.p.w.spi.MetamodelGraphWalker - Visiting attribute path : patient.password
00:38:23.584 [main] DEBUG o.h.p.w.spi.MetamodelGraphWalker - Visiting attribute path : patient.role
00:38:23.584 [main] DEBUG o.h.p.w.spi.MetamodelGraphWalker - Visiting attribute path : patientSmokingStatus
00:38:23.584 [main] DEBUG o.h.p.w.spi.MetamodelGraphWalker - Visiting attribute path : systolic
00:38:23.584 [main] DEBUG o.h.p.w.spi.MetamodelGraphWalker - Visiting attribute path : tri
00:38:23.584 [main] DEBUG o.h.p.w.spi.MetamodelGraphWalker - Visiting attribute path : weight
00:38:23.584 [main] DEBUG o.h.l.p.b.i.FetchStyleLoadPlanBuildingAssociationVisitationStrategy - Building LoadPlan...
00:38:23.585 [main] DEBUG o.h.l.p.e.i.LoadQueryJoinAndFetchProcessor - processing queryspace <gen:0>
00:38:23.585 [main] DEBUG o.h.l.p.b.spi.LoadPlanTreePrinter - LoadPlan(entity=edu.ncsu.csc.itrust2.models.persistent.BasicHealthMetrics)
    - Returns
       - EntityReturnImpl(entity=edu.ncsu.csc.itrust2.models.persistent.BasicHealthMetrics, querySpaceUid=<gen:0>, path=edu.ncsu.csc.itrust2.models.persistent.BasicHealthMetrics)
          - EntityAttributeFetchImpl(entity=edu.ncsu.csc.itrust2.models.persistent.User, querySpaceUid=<gen:1>, path=edu.ncsu.csc.itrust2.models.persistent.BasicHealthMetrics.hcp)
          - EntityAttributeFetchImpl(entity=edu.ncsu.csc.itrust2.models.persistent.User, querySpaceUid=<gen:2>, path=edu.ncsu.csc.itrust2.models.persistent.BasicHealthMetrics.patient)
    - QuerySpaces
       - EntityQuerySpaceImpl(uid=<gen:0>, entity=edu.ncsu.csc.itrust2.models.persistent.BasicHealthMetrics)
          - SQL table alias mapping - basichealt0_
          - alias suffix - 0_
          - suffixed key columns - {id1_1_0_}
          - JOIN (JoinDefinedByMetadata(hcp)) : <gen:0> -> <gen:1>
             - EntityQuerySpaceImpl(uid=<gen:1>, entity=edu.ncsu.csc.itrust2.models.persistent.User)
                - SQL table alias mapping - user1_
                - alias suffix - 1_
                - suffixed key columns - {username1_15_1_}
          - JOIN (JoinDefinedByMetadata(patient)) : <gen:0> -> <gen:2>
             - EntityQuerySpaceImpl(uid=<gen:2>, entity=edu.ncsu.csc.itrust2.models.persistent.User)
                - SQL table alias mapping - user2_
                - alias suffix - 2_
                - suffixed key columns - {username1_15_2_}

00:38:23.585 [main] DEBUG o.h.loader.entity.plan.EntityLoader - Static select for entity edu.ncsu.csc.itrust2.models.persistent.BasicHealthMetrics [READ]: select basichealt0_.id as id1_1_0_, basichealt0_.diastolic as diastoli2_1_0_, basichealt0_.hcp_id as hcp_id12_1_0_, basichealt0_.hdl as hdl3_1_0_, basichealt0_.headCircumference as headCirc4_1_0_, basichealt0_.height as height5_1_0_, basichealt0_.houseSmokingStatus as houseSmo6_1_0_, basichealt0_.ldl as ldl7_1_0_, basichealt0_.patient_id as patient13_1_0_, basichealt0_.patientSmokingStatus as patientS8_1_0_, basichealt0_.systolic as systolic9_1_0_, basichealt0_.tri as tri10_1_0_, basichealt0_.weight as weight11_1_0_, user1_.username as username1_15_1_, user1_.enabled as enabled2_15_1_, user1_.password as password3_15_1_, user1_.role as role4_15_1_, user2_.username as username1_15_2_, user2_.enabled as enabled2_15_2_, user2_.password as password3_15_2_, user2_.role as role4_15_2_ from BasicHealthMetrics basichealt0_ inner join Users user1_ on basichealt0_.hcp_id=user1_.username inner join Users user2_ on basichealt0_.patient_id=user2_.username where basichealt0_.id=?
00:38:23.586 [main] DEBUG o.h.l.p.b.i.spaces.QuerySpacesImpl - Adding QuerySpace : uid = <gen:0> -> org.hibernate.loader.plan.build.internal.spaces.EntityQuerySpaceImpl@43a0764a]
00:38:23.586 [main] DEBUG o.h.p.w.spi.MetamodelGraphWalker - Visiting attribute path : diastolic
00:38:23.586 [main] DEBUG o.h.p.w.spi.MetamodelGraphWalker - Visiting attribute path : hcp
00:38:23.586 [main] DEBUG o.h.l.p.b.i.spaces.QuerySpacesImpl - Adding QuerySpace : uid = <gen:1> -> org.hibernate.loader.plan.build.internal.spaces.EntityQuerySpaceImpl@695520be]
00:38:23.586 [main] DEBUG o.h.p.w.spi.MetamodelGraphWalker - Visiting attribute path : hdl
00:38:23.586 [main] DEBUG o.h.p.w.spi.MetamodelGraphWalker - Visiting attribute path : headCircumference
00:38:23.586 [main] DEBUG o.h.p.w.spi.MetamodelGraphWalker - Visiting attribute path : height
00:38:23.586 [main] DEBUG o.h.p.w.spi.MetamodelGraphWalker - Visiting attribute path : houseSmokingStatus
00:38:23.586 [main] DEBUG o.h.p.w.spi.MetamodelGraphWalker - Visiting attribute path : ldl
00:38:23.586 [main] DEBUG o.h.p.w.spi.MetamodelGraphWalker - Visiting attribute path : patient
00:38:23.586 [main] DEBUG o.h.l.p.b.i.spaces.QuerySpacesImpl - Adding QuerySpace : uid = <gen:2> -> org.hibernate.loader.plan.build.internal.spaces.EntityQuerySpaceImpl@4bf15f5d]
00:38:23.586 [main] DEBUG o.h.p.w.spi.MetamodelGraphWalker - Visiting attribute path : patientSmokingStatus
00:38:23.586 [main] DEBUG o.h.p.w.spi.MetamodelGraphWalker - Visiting attribute path : systolic
00:38:23.586 [main] DEBUG o.h.p.w.spi.MetamodelGraphWalker - Visiting attribute path : tri
00:38:23.586 [main] DEBUG o.h.p.w.spi.MetamodelGraphWalker - Visiting attribute path : weight
00:38:23.586 [main] DEBUG o.h.l.p.b.i.FetchStyleLoadPlanBuildingAssociationVisitationStrategy - Building LoadPlan...
00:38:23.587 [main] DEBUG o.h.l.p.e.i.LoadQueryJoinAndFetchProcessor - processing queryspace <gen:0>
00:38:23.587 [main] DEBUG o.h.l.p.b.spi.LoadPlanTreePrinter - LoadPlan(entity=edu.ncsu.csc.itrust2.models.persistent.BasicHealthMetrics)
    - Returns
       - EntityReturnImpl(entity=edu.ncsu.csc.itrust2.models.persistent.BasicHealthMetrics, querySpaceUid=<gen:0>, path=edu.ncsu.csc.itrust2.models.persistent.BasicHealthMetrics)
          - EntityAttributeFetchImpl(entity=edu.ncsu.csc.itrust2.models.persistent.User, querySpaceUid=<gen:1>, path=edu.ncsu.csc.itrust2.models.persistent.BasicHealthMetrics.hcp)
          - EntityAttributeFetchImpl(entity=edu.ncsu.csc.itrust2.models.persistent.User, querySpaceUid=<gen:2>, path=edu.ncsu.csc.itrust2.models.persistent.BasicHealthMetrics.patient)
    - QuerySpaces
       - EntityQuerySpaceImpl(uid=<gen:0>, entity=edu.ncsu.csc.itrust2.models.persistent.BasicHealthMetrics)
          - SQL table alias mapping - basichealt0_
          - alias suffix - 0_
          - suffixed key columns - {id1_1_0_}

00:38:23.587 [main] DEBUG o.h.loader.entity.plan.EntityLoader - Static select for entity edu.ncsu.csc.itrust2.models.persistent.BasicHealthMetrics [UPGRADE]: select basichealt0_.id as id1_1_0_, basichealt0_.diastolic as diastoli2_1_0_, basichealt0_.hcp_id as hcp_id12_1_0_, basichealt0_.hdl as hdl3_1_0_, basichealt0_.headCircumference as headCirc4_1_0_, basichealt0_.height as height5_1_0_, basichealt0_.houseSmokingStatus as houseSmo6_1_0_, basichealt0_.ldl as ldl7_1_0_, basichealt0_.patient_id as patient13_1_0_, basichealt0_.patientSmokingStatus as patientS8_1_0_, basichealt0_.systolic as systolic9_1_0_, basichealt0_.tri as tri10_1_0_, basichealt0_.weight as weight11_1_0_ from BasicHealthMetrics basichealt0_ where basichealt0_.id=? for update
00:38:23.587 [main] DEBUG o.h.l.p.b.i.spaces.QuerySpacesImpl - Adding QuerySpace : uid = <gen:0> -> org.hibernate.loader.plan.build.internal.spaces.EntityQuerySpaceImpl@b23624f]
00:38:23.587 [main] DEBUG o.h.p.w.spi.MetamodelGraphWalker - Visiting attribute path : diastolic
00:38:23.587 [main] DEBUG o.h.p.w.spi.MetamodelGraphWalker - Visiting attribute path : hcp
00:38:23.587 [main] DEBUG o.h.l.p.b.i.spaces.QuerySpacesImpl - Adding QuerySpace : uid = <gen:1> -> org.hibernate.loader.plan.build.internal.spaces.EntityQuerySpaceImpl@b334cdc]
00:38:23.587 [main] DEBUG o.h.p.w.spi.MetamodelGraphWalker - Visiting attribute path : hdl
00:38:23.587 [main] DEBUG o.h.p.w.spi.MetamodelGraphWalker - Visiting attribute path : headCircumference
00:38:23.587 [main] DEBUG o.h.p.w.spi.MetamodelGraphWalker - Visiting attribute path : height
00:38:23.587 [main] DEBUG o.h.p.w.spi.MetamodelGraphWalker - Visiting attribute path : houseSmokingStatus
00:38:23.587 [main] DEBUG o.h.p.w.spi.MetamodelGraphWalker - Visiting attribute path : ldl
00:38:23.588 [main] DEBUG o.h.p.w.spi.MetamodelGraphWalker - Visiting attribute path : patient
00:38:23.588 [main] DEBUG o.h.l.p.b.i.spaces.QuerySpacesImpl - Adding QuerySpace : uid = <gen:2> -> org.hibernate.loader.plan.build.internal.spaces.EntityQuerySpaceImpl@4af9f150]
00:38:23.588 [main] DEBUG o.h.p.w.spi.MetamodelGraphWalker - Visiting attribute path : patientSmokingStatus
00:38:23.588 [main] DEBUG o.h.p.w.spi.MetamodelGraphWalker - Visiting attribute path : systolic
00:38:23.588 [main] DEBUG o.h.p.w.spi.MetamodelGraphWalker - Visiting attribute path : tri
00:38:23.588 [main] DEBUG o.h.p.w.spi.MetamodelGraphWalker - Visiting attribute path : weight
00:38:23.588 [main] DEBUG o.h.l.p.b.i.FetchStyleLoadPlanBuildingAssociationVisitationStrategy - Building LoadPlan...
00:38:23.588 [main] DEBUG o.h.l.p.e.i.LoadQueryJoinAndFetchProcessor - processing queryspace <gen:0>
00:38:23.588 [main] DEBUG o.h.l.p.b.spi.LoadPlanTreePrinter - LoadPlan(entity=edu.ncsu.csc.itrust2.models.persistent.BasicHealthMetrics)
    - Returns
       - EntityReturnImpl(entity=edu.ncsu.csc.itrust2.models.persistent.BasicHealthMetrics, querySpaceUid=<gen:0>, path=edu.ncsu.csc.itrust2.models.persistent.BasicHealthMetrics)
          - EntityAttributeFetchImpl(entity=edu.ncsu.csc.itrust2.models.persistent.User, querySpaceUid=<gen:1>, path=edu.ncsu.csc.itrust2.models.persistent.BasicHealthMetrics.hcp)
          - EntityAttributeFetchImpl(entity=edu.ncsu.csc.itrust2.models.persistent.User, querySpaceUid=<gen:2>, path=edu.ncsu.csc.itrust2.models.persistent.BasicHealthMetrics.patient)
    - QuerySpaces
       - EntityQuerySpaceImpl(uid=<gen:0>, entity=edu.ncsu.csc.itrust2.models.persistent.BasicHealthMetrics)
          - SQL table alias mapping - basichealt0_
          - alias suffix - 0_
          - suffixed key columns - {id1_1_0_}

00:38:23.589 [main] DEBUG o.h.loader.entity.plan.EntityLoader - Static select for entity edu.ncsu.csc.itrust2.models.persistent.BasicHealthMetrics [UPGRADE_NOWAIT]: select basichealt0_.id as id1_1_0_, basichealt0_.diastolic as diastoli2_1_0_, basichealt0_.hcp_id as hcp_id12_1_0_, basichealt0_.hdl as hdl3_1_0_, basichealt0_.headCircumference as headCirc4_1_0_, basichealt0_.height as height5_1_0_, basichealt0_.houseSmokingStatus as houseSmo6_1_0_, basichealt0_.ldl as ldl7_1_0_, basichealt0_.patient_id as patient13_1_0_, basichealt0_.patientSmokingStatus as patientS8_1_0_, basichealt0_.systolic as systolic9_1_0_, basichealt0_.tri as tri10_1_0_, basichealt0_.weight as weight11_1_0_ from BasicHealthMetrics basichealt0_ where basichealt0_.id=? for update
00:38:23.589 [main] DEBUG o.h.l.p.b.i.spaces.QuerySpacesImpl - Adding QuerySpace : uid = <gen:0> -> org.hibernate.loader.plan.build.internal.spaces.EntityQuerySpaceImpl@5a58c35a]
00:38:23.589 [main] DEBUG o.h.p.w.spi.MetamodelGraphWalker - Visiting attribute path : diastolic
00:38:23.589 [main] DEBUG o.h.p.w.spi.MetamodelGraphWalker - Visiting attribute path : hcp
00:38:23.589 [main] DEBUG o.h.l.p.b.i.spaces.QuerySpacesImpl - Adding QuerySpace : uid = <gen:1> -> org.hibernate.loader.plan.build.internal.spaces.EntityQuerySpaceImpl@1e44c8b2]
00:38:23.589 [main] DEBUG o.h.p.w.spi.MetamodelGraphWalker - Visiting attribute path : hdl
00:38:23.589 [main] DEBUG o.h.p.w.spi.MetamodelGraphWalker - Visiting attribute path : headCircumference
00:38:23.589 [main] DEBUG o.h.p.w.spi.MetamodelGraphWalker - Visiting attribute path : height
00:38:23.589 [main] DEBUG o.h.p.w.spi.MetamodelGraphWalker - Visiting attribute path : houseSmokingStatus
00:38:23.589 [main] DEBUG o.h.p.w.spi.MetamodelGraphWalker - Visiting attribute path : ldl
00:38:23.589 [main] DEBUG o.h.p.w.spi.MetamodelGraphWalker - Visiting attribute path : patient
00:38:23.589 [main] DEBUG o.h.l.p.b.i.spaces.QuerySpacesImpl - Adding QuerySpace : uid = <gen:2> -> org.hibernate.loader.plan.build.internal.spaces.EntityQuerySpaceImpl@1b32c95b]
00:38:23.589 [main] DEBUG o.h.p.w.spi.MetamodelGraphWalker - Visiting attribute path : patientSmokingStatus
00:38:23.589 [main] DEBUG o.h.p.w.spi.MetamodelGraphWalker - Visiting attribute path : systolic
00:38:23.589 [main] DEBUG o.h.p.w.spi.MetamodelGraphWalker - Visiting attribute path : tri
00:38:23.589 [main] DEBUG o.h.p.w.spi.MetamodelGraphWalker - Visiting attribute path : weight
00:38:23.589 [main] DEBUG o.h.l.p.b.i.FetchStyleLoadPlanBuildingAssociationVisitationStrategy - Building LoadPlan...
00:38:23.590 [main] DEBUG o.h.l.p.e.i.LoadQueryJoinAndFetchProcessor - processing queryspace <gen:0>
00:38:23.590 [main] DEBUG o.h.l.p.b.spi.LoadPlanTreePrinter - LoadPlan(entity=edu.ncsu.csc.itrust2.models.persistent.BasicHealthMetrics)
    - Returns
       - EntityReturnImpl(entity=edu.ncsu.csc.itrust2.models.persistent.BasicHealthMetrics, querySpaceUid=<gen:0>, path=edu.ncsu.csc.itrust2.models.persistent.BasicHealthMetrics)
          - EntityAttributeFetchImpl(entity=edu.ncsu.csc.itrust2.models.persistent.User, querySpaceUid=<gen:1>, path=edu.ncsu.csc.itrust2.models.persistent.BasicHealthMetrics.hcp)
          - EntityAttributeFetchImpl(entity=edu.ncsu.csc.itrust2.models.persistent.User, querySpaceUid=<gen:2>, path=edu.ncsu.csc.itrust2.models.persistent.BasicHealthMetrics.patient)
    - QuerySpaces
       - EntityQuerySpaceImpl(uid=<gen:0>, entity=edu.ncsu.csc.itrust2.models.persistent.BasicHealthMetrics)
          - SQL table alias mapping - basichealt0_
          - alias suffix - 0_
          - suffixed key columns - {id1_1_0_}

00:38:23.590 [main] DEBUG o.h.loader.entity.plan.EntityLoader - Static select for entity edu.ncsu.csc.itrust2.models.persistent.BasicHealthMetrics [UPGRADE_SKIPLOCKED]: select basichealt0_.id as id1_1_0_, basichealt0_.diastolic as diastoli2_1_0_, basichealt0_.hcp_id as hcp_id12_1_0_, basichealt0_.hdl as hdl3_1_0_, basichealt0_.headCircumference as headCirc4_1_0_, basichealt0_.height as height5_1_0_, basichealt0_.houseSmokingStatus as houseSmo6_1_0_, basichealt0_.ldl as ldl7_1_0_, basichealt0_.patient_id as patient13_1_0_, basichealt0_.patientSmokingStatus as patientS8_1_0_, basichealt0_.systolic as systolic9_1_0_, basichealt0_.tri as tri10_1_0_, basichealt0_.weight as weight11_1_0_ from BasicHealthMetrics basichealt0_ where basichealt0_.id=? for update
00:38:23.590 [main] DEBUG o.h.l.p.b.i.spaces.QuerySpacesImpl - Adding QuerySpace : uid = <gen:0> -> org.hibernate.loader.plan.build.internal.spaces.EntityQuerySpaceImpl@7ec9b74]
00:38:23.590 [main] DEBUG o.h.p.w.spi.MetamodelGraphWalker - Visiting attribute path : diastolic
00:38:23.590 [main] DEBUG o.h.p.w.spi.MetamodelGraphWalker - Visiting attribute path : hcp
00:38:23.590 [main] DEBUG o.h.l.p.b.i.spaces.QuerySpacesImpl - Adding QuerySpace : uid = <gen:1> -> org.hibernate.loader.plan.build.internal.spaces.EntityQuerySpaceImpl@31dae2dd]
00:38:23.590 [main] DEBUG o.h.p.w.spi.MetamodelGraphWalker - Visiting attribute path : hdl
00:38:23.591 [main] DEBUG o.h.p.w.spi.MetamodelGraphWalker - Visiting attribute path : headCircumference
00:38:23.591 [main] DEBUG o.h.p.w.spi.MetamodelGraphWalker - Visiting attribute path : height
00:38:23.591 [main] DEBUG o.h.p.w.spi.MetamodelGraphWalker - Visiting attribute path : houseSmokingStatus
00:38:23.591 [main] DEBUG o.h.p.w.spi.MetamodelGraphWalker - Visiting attribute path : ldl
00:38:23.591 [main] DEBUG o.h.p.w.spi.MetamodelGraphWalker - Visiting attribute path : patient
00:38:23.591 [main] DEBUG o.h.l.p.b.i.spaces.QuerySpacesImpl - Adding QuerySpace : uid = <gen:2> -> org.hibernate.loader.plan.build.internal.spaces.EntityQuerySpaceImpl@3c2f8dac]
00:38:23.591 [main] DEBUG o.h.p.w.spi.MetamodelGraphWalker - Visiting attribute path : patientSmokingStatus
00:38:23.591 [main] DEBUG o.h.p.w.spi.MetamodelGraphWalker - Visiting attribute path : systolic
00:38:23.591 [main] DEBUG o.h.p.w.spi.MetamodelGraphWalker - Visiting attribute path : tri
00:38:23.591 [main] DEBUG o.h.p.w.spi.MetamodelGraphWalker - Visiting attribute path : weight
00:38:23.591 [main] DEBUG o.h.l.p.b.i.FetchStyleLoadPlanBuildingAssociationVisitationStrategy - Building LoadPlan...
00:38:23.591 [main] DEBUG o.h.l.p.e.i.LoadQueryJoinAndFetchProcessor - processing queryspace <gen:0>
00:38:23.592 [main] DEBUG o.h.l.p.b.spi.LoadPlanTreePrinter - LoadPlan(entity=edu.ncsu.csc.itrust2.models.persistent.BasicHealthMetrics)
    - Returns
       - EntityReturnImpl(entity=edu.ncsu.csc.itrust2.models.persistent.BasicHealthMetrics, querySpaceUid=<gen:0>, path=edu.ncsu.csc.itrust2.models.persistent.BasicHealthMetrics)
          - EntityAttributeFetchImpl(entity=edu.ncsu.csc.itrust2.models.persistent.User, querySpaceUid=<gen:1>, path=edu.ncsu.csc.itrust2.models.persistent.BasicHealthMetrics.hcp)
          - EntityAttributeFetchImpl(entity=edu.ncsu.csc.itrust2.models.persistent.User, querySpaceUid=<gen:2>, path=edu.ncsu.csc.itrust2.models.persistent.BasicHealthMetrics.patient)
    - QuerySpaces
       - EntityQuerySpaceImpl(uid=<gen:0>, entity=edu.ncsu.csc.itrust2.models.persistent.BasicHealthMetrics)
          - SQL table alias mapping - basichealt0_
          - alias suffix - 0_
          - suffixed key columns - {id1_1_0_}

00:38:23.592 [main] DEBUG o.h.loader.entity.plan.EntityLoader - Static select for entity edu.ncsu.csc.itrust2.models.persistent.BasicHealthMetrics [FORCE]: select basichealt0_.id as id1_1_0_, basichealt0_.diastolic as diastoli2_1_0_, basichealt0_.hcp_id as hcp_id12_1_0_, basichealt0_.hdl as hdl3_1_0_, basichealt0_.headCircumference as headCirc4_1_0_, basichealt0_.height as height5_1_0_, basichealt0_.houseSmokingStatus as houseSmo6_1_0_, basichealt0_.ldl as ldl7_1_0_, basichealt0_.patient_id as patient13_1_0_, basichealt0_.patientSmokingStatus as patientS8_1_0_, basichealt0_.systolic as systolic9_1_0_, basichealt0_.tri as tri10_1_0_, basichealt0_.weight as weight11_1_0_ from BasicHealthMetrics basichealt0_ where basichealt0_.id=? for update
00:38:23.592 [main] DEBUG o.h.l.p.b.i.spaces.QuerySpacesImpl - Adding QuerySpace : uid = <gen:0> -> org.hibernate.loader.plan.build.internal.spaces.EntityQuerySpaceImpl@5ffb9666]
00:38:23.592 [main] DEBUG o.h.p.w.spi.MetamodelGraphWalker - Visiting attribute path : diastolic
00:38:23.592 [main] DEBUG o.h.p.w.spi.MetamodelGraphWalker - Visiting attribute path : hcp
00:38:23.592 [main] DEBUG o.h.l.p.b.i.spaces.QuerySpacesImpl - Adding QuerySpace : uid = <gen:1> -> org.hibernate.loader.plan.build.internal.spaces.EntityQuerySpaceImpl@2df683dc]
00:38:23.592 [main] DEBUG o.h.p.w.spi.MetamodelGraphWalker - Visiting attribute path : hdl
00:38:23.592 [main] DEBUG o.h.p.w.spi.MetamodelGraphWalker - Visiting attribute path : headCircumference
00:38:23.592 [main] DEBUG o.h.p.w.spi.MetamodelGraphWalker - Visiting attribute path : height
00:38:23.592 [main] DEBUG o.h.p.w.spi.MetamodelGraphWalker - Visiting attribute path : houseSmokingStatus
00:38:23.592 [main] DEBUG o.h.p.w.spi.MetamodelGraphWalker - Visiting attribute path : ldl
00:38:23.592 [main] DEBUG o.h.p.w.spi.MetamodelGraphWalker - Visiting attribute path : patient
00:38:23.592 [main] DEBUG o.h.l.p.b.i.spaces.QuerySpacesImpl - Adding QuerySpace : uid = <gen:2> -> org.hibernate.loader.plan.build.internal.spaces.EntityQuerySpaceImpl@6d743923]
00:38:23.592 [main] DEBUG o.h.p.w.spi.MetamodelGraphWalker - Visiting attribute path : patientSmokingStatus
00:38:23.592 [main] DEBUG o.h.p.w.spi.MetamodelGraphWalker - Visiting attribute path : systolic
00:38:23.592 [main] DEBUG o.h.p.w.spi.MetamodelGraphWalker - Visiting attribute path : tri
00:38:23.593 [main] DEBUG o.h.p.w.spi.MetamodelGraphWalker - Visiting attribute path : weight
00:38:23.593 [main] DEBUG o.h.l.p.b.i.FetchStyleLoadPlanBuildingAssociationVisitationStrategy - Building LoadPlan...
00:38:23.593 [main] DEBUG o.h.l.p.e.i.LoadQueryJoinAndFetchProcessor - processing queryspace <gen:0>
00:38:23.593 [main] DEBUG o.h.l.p.b.spi.LoadPlanTreePrinter - LoadPlan(entity=edu.ncsu.csc.itrust2.models.persistent.BasicHealthMetrics)
    - Returns
       - EntityReturnImpl(entity=edu.ncsu.csc.itrust2.models.persistent.BasicHealthMetrics, querySpaceUid=<gen:0>, path=edu.ncsu.csc.itrust2.models.persistent.BasicHealthMetrics)
          - EntityAttributeFetchImpl(entity=edu.ncsu.csc.itrust2.models.persistent.User, querySpaceUid=<gen:1>, path=edu.ncsu.csc.itrust2.models.persistent.BasicHealthMetrics.hcp)
          - EntityAttributeFetchImpl(entity=edu.ncsu.csc.itrust2.models.persistent.User, querySpaceUid=<gen:2>, path=edu.ncsu.csc.itrust2.models.persistent.BasicHealthMetrics.patient)
    - QuerySpaces
       - EntityQuerySpaceImpl(uid=<gen:0>, entity=edu.ncsu.csc.itrust2.models.persistent.BasicHealthMetrics)
          - SQL table alias mapping - basichealt0_
          - alias suffix - 0_
          - suffixed key columns - {id1_1_0_}

00:38:23.593 [main] DEBUG o.h.loader.entity.plan.EntityLoader - Static select for entity edu.ncsu.csc.itrust2.models.persistent.BasicHealthMetrics [PESSIMISTIC_READ]: select basichealt0_.id as id1_1_0_, basichealt0_.diastolic as diastoli2_1_0_, basichealt0_.hcp_id as hcp_id12_1_0_, basichealt0_.hdl as hdl3_1_0_, basichealt0_.headCircumference as headCirc4_1_0_, basichealt0_.height as height5_1_0_, basichealt0_.houseSmokingStatus as houseSmo6_1_0_, basichealt0_.ldl as ldl7_1_0_, basichealt0_.patient_id as patient13_1_0_, basichealt0_.patientSmokingStatus as patientS8_1_0_, basichealt0_.systolic as systolic9_1_0_, basichealt0_.tri as tri10_1_0_, basichealt0_.weight as weight11_1_0_ from BasicHealthMetrics basichealt0_ where basichealt0_.id=? lock in share mode
00:38:23.593 [main] DEBUG o.h.l.p.b.i.spaces.QuerySpacesImpl - Adding QuerySpace : uid = <gen:0> -> org.hibernate.loader.plan.build.internal.spaces.EntityQuerySpaceImpl@6ebfda4d]
00:38:23.593 [main] DEBUG o.h.p.w.spi.MetamodelGraphWalker - Visiting attribute path : diastolic
00:38:23.593 [main] DEBUG o.h.p.w.spi.MetamodelGraphWalker - Visiting attribute path : hcp
00:38:23.594 [main] DEBUG o.h.l.p.b.i.spaces.QuerySpacesImpl - Adding QuerySpace : uid = <gen:1> -> org.hibernate.loader.plan.build.internal.spaces.EntityQuerySpaceImpl@5e58376c]
00:38:23.594 [main] DEBUG o.h.p.w.spi.MetamodelGraphWalker - Visiting attribute path : hdl
00:38:23.594 [main] DEBUG o.h.p.w.spi.MetamodelGraphWalker - Visiting attribute path : headCircumference
00:38:23.594 [main] DEBUG o.h.p.w.spi.MetamodelGraphWalker - Visiting attribute path : height
00:38:23.594 [main] DEBUG o.h.p.w.spi.MetamodelGraphWalker - Visiting attribute path : houseSmokingStatus
00:38:23.594 [main] DEBUG o.h.p.w.spi.MetamodelGraphWalker - Visiting attribute path : ldl
00:38:23.594 [main] DEBUG o.h.p.w.spi.MetamodelGraphWalker - Visiting attribute path : patient
00:38:23.594 [main] DEBUG o.h.l.p.b.i.spaces.QuerySpacesImpl - Adding QuerySpace : uid = <gen:2> -> org.hibernate.loader.plan.build.internal.spaces.EntityQuerySpaceImpl@1229a0a5]
00:38:23.594 [main] DEBUG o.h.p.w.spi.MetamodelGraphWalker - Visiting attribute path : patientSmokingStatus
00:38:23.594 [main] DEBUG o.h.p.w.spi.MetamodelGraphWalker - Visiting attribute path : systolic
00:38:23.594 [main] DEBUG o.h.p.w.spi.MetamodelGraphWalker - Visiting attribute path : tri
00:38:23.594 [main] DEBUG o.h.p.w.spi.MetamodelGraphWalker - Visiting attribute path : weight
00:38:23.594 [main] DEBUG o.h.l.p.b.i.FetchStyleLoadPlanBuildingAssociationVisitationStrategy - Building LoadPlan...
00:38:23.597 [main] DEBUG o.h.l.p.e.i.LoadQueryJoinAndFetchProcessor - processing queryspace <gen:0>
00:38:23.598 [main] DEBUG o.h.l.p.b.spi.LoadPlanTreePrinter - LoadPlan(entity=edu.ncsu.csc.itrust2.models.persistent.BasicHealthMetrics)
    - Returns
       - EntityReturnImpl(entity=edu.ncsu.csc.itrust2.models.persistent.BasicHealthMetrics, querySpaceUid=<gen:0>, path=edu.ncsu.csc.itrust2.models.persistent.BasicHealthMetrics)
          - EntityAttributeFetchImpl(entity=edu.ncsu.csc.itrust2.models.persistent.User, querySpaceUid=<gen:1>, path=edu.ncsu.csc.itrust2.models.persistent.BasicHealthMetrics.hcp)
          - EntityAttributeFetchImpl(entity=edu.ncsu.csc.itrust2.models.persistent.User, querySpaceUid=<gen:2>, path=edu.ncsu.csc.itrust2.models.persistent.BasicHealthMetrics.patient)
    - QuerySpaces
       - EntityQuerySpaceImpl(uid=<gen:0>, entity=edu.ncsu.csc.itrust2.models.persistent.BasicHealthMetrics)
          - SQL table alias mapping - basichealt0_
          - alias suffix - 0_
          - suffixed key columns - {id1_1_0_}

00:38:23.598 [main] DEBUG o.h.loader.entity.plan.EntityLoader - Static select for entity edu.ncsu.csc.itrust2.models.persistent.BasicHealthMetrics [PESSIMISTIC_WRITE]: select basichealt0_.id as id1_1_0_, basichealt0_.diastolic as diastoli2_1_0_, basichealt0_.hcp_id as hcp_id12_1_0_, basichealt0_.hdl as hdl3_1_0_, basichealt0_.headCircumference as headCirc4_1_0_, basichealt0_.height as height5_1_0_, basichealt0_.houseSmokingStatus as houseSmo6_1_0_, basichealt0_.ldl as ldl7_1_0_, basichealt0_.patient_id as patient13_1_0_, basichealt0_.patientSmokingStatus as patientS8_1_0_, basichealt0_.systolic as systolic9_1_0_, basichealt0_.tri as tri10_1_0_, basichealt0_.weight as weight11_1_0_ from BasicHealthMetrics basichealt0_ where basichealt0_.id=? for update
00:38:23.598 [main] DEBUG o.h.l.p.b.i.spaces.QuerySpacesImpl - Adding QuerySpace : uid = <gen:0> -> org.hibernate.loader.plan.build.internal.spaces.EntityQuerySpaceImpl@2546d1f]
00:38:23.598 [main] DEBUG o.h.p.w.spi.MetamodelGraphWalker - Visiting attribute path : diastolic
00:38:23.598 [main] DEBUG o.h.p.w.spi.MetamodelGraphWalker - Visiting attribute path : hcp
00:38:23.598 [main] DEBUG o.h.l.p.b.i.spaces.QuerySpacesImpl - Adding QuerySpace : uid = <gen:1> -> org.hibernate.loader.plan.build.internal.spaces.EntityQuerySpaceImpl@172a54c6]
00:38:23.598 [main] DEBUG o.h.p.w.spi.MetamodelGraphWalker - Visiting attribute path : hdl
00:38:23.598 [main] DEBUG o.h.p.w.spi.MetamodelGraphWalker - Visiting attribute path : headCircumference
00:38:23.598 [main] DEBUG o.h.p.w.spi.MetamodelGraphWalker - Visiting attribute path : height
00:38:23.598 [main] DEBUG o.h.p.w.spi.MetamodelGraphWalker - Visiting attribute path : houseSmokingStatus
00:38:23.598 [main] DEBUG o.h.p.w.spi.MetamodelGraphWalker - Visiting attribute path : ldl
00:38:23.598 [main] DEBUG o.h.p.w.spi.MetamodelGraphWalker - Visiting attribute path : patient
00:38:23.599 [main] DEBUG o.h.l.p.b.i.spaces.QuerySpacesImpl - Adding QuerySpace : uid = <gen:2> -> org.hibernate.loader.plan.build.internal.spaces.EntityQuerySpaceImpl@48d9f20e]
00:38:23.599 [main] DEBUG o.h.p.w.spi.MetamodelGraphWalker - Visiting attribute path : patientSmokingStatus
00:38:23.599 [main] DEBUG o.h.p.w.spi.MetamodelGraphWalker - Visiting attribute path : systolic
00:38:23.599 [main] DEBUG o.h.p.w.spi.MetamodelGraphWalker - Visiting attribute path : tri
00:38:23.599 [main] DEBUG o.h.p.w.spi.MetamodelGraphWalker - Visiting attribute path : weight
00:38:23.599 [main] DEBUG o.h.l.p.b.i.FetchStyleLoadPlanBuildingAssociationVisitationStrategy - Building LoadPlan...
00:38:23.599 [main] DEBUG o.h.l.p.e.i.LoadQueryJoinAndFetchProcessor - processing queryspace <gen:0>
00:38:23.599 [main] DEBUG o.h.l.p.b.spi.LoadPlanTreePrinter - LoadPlan(entity=edu.ncsu.csc.itrust2.models.persistent.BasicHealthMetrics)
    - Returns
       - EntityReturnImpl(entity=edu.ncsu.csc.itrust2.models.persistent.BasicHealthMetrics, querySpaceUid=<gen:0>, path=edu.ncsu.csc.itrust2.models.persistent.BasicHealthMetrics)
          - EntityAttributeFetchImpl(entity=edu.ncsu.csc.itrust2.models.persistent.User, querySpaceUid=<gen:1>, path=edu.ncsu.csc.itrust2.models.persistent.BasicHealthMetrics.hcp)
          - EntityAttributeFetchImpl(entity=edu.ncsu.csc.itrust2.models.persistent.User, querySpaceUid=<gen:2>, path=edu.ncsu.csc.itrust2.models.persistent.BasicHealthMetrics.patient)
    - QuerySpaces
       - EntityQuerySpaceImpl(uid=<gen:0>, entity=edu.ncsu.csc.itrust2.models.persistent.BasicHealthMetrics)
          - SQL table alias mapping - basichealt0_
          - alias suffix - 0_
          - suffixed key columns - {id1_1_0_}

00:38:23.599 [main] DEBUG o.h.loader.entity.plan.EntityLoader - Static select for entity edu.ncsu.csc.itrust2.models.persistent.BasicHealthMetrics [PESSIMISTIC_FORCE_INCREMENT]: select basichealt0_.id as id1_1_0_, basichealt0_.diastolic as diastoli2_1_0_, basichealt0_.hcp_id as hcp_id12_1_0_, basichealt0_.hdl as hdl3_1_0_, basichealt0_.headCircumference as headCirc4_1_0_, basichealt0_.height as height5_1_0_, basichealt0_.houseSmokingStatus as houseSmo6_1_0_, basichealt0_.ldl as ldl7_1_0_, basichealt0_.patient_id as patient13_1_0_, basichealt0_.patientSmokingStatus as patientS8_1_0_, basichealt0_.systolic as systolic9_1_0_, basichealt0_.tri as tri10_1_0_, basichealt0_.weight as weight11_1_0_ from BasicHealthMetrics basichealt0_ where basichealt0_.id=? for update
00:38:23.600 [main] DEBUG o.h.l.p.b.i.spaces.QuerySpacesImpl - Adding QuerySpace : uid = <gen:0> -> org.hibernate.loader.plan.build.internal.spaces.EntityQuerySpaceImpl@69c4429f]
00:38:23.600 [main] DEBUG o.h.p.w.spi.MetamodelGraphWalker - Visiting attribute path : diastolic
00:38:23.600 [main] DEBUG o.h.p.w.spi.MetamodelGraphWalker - Visiting attribute path : hcp
00:38:23.600 [main] DEBUG o.h.l.p.b.i.spaces.QuerySpacesImpl - Adding QuerySpace : uid = <gen:1> -> org.hibernate.loader.plan.build.internal.spaces.EntityQuerySpaceImpl@13eb3d7f]
00:38:23.600 [main] DEBUG o.h.p.w.spi.MetamodelGraphWalker - Visiting attribute path : hdl
00:38:23.600 [main] DEBUG o.h.p.w.spi.MetamodelGraphWalker - Visiting attribute path : headCircumference
00:38:23.600 [main] DEBUG o.h.p.w.spi.MetamodelGraphWalker - Visiting attribute path : height
00:38:23.600 [main] DEBUG o.h.p.w.spi.MetamodelGraphWalker - Visiting attribute path : houseSmokingStatus
00:38:23.600 [main] DEBUG o.h.p.w.spi.MetamodelGraphWalker - Visiting attribute path : ldl
00:38:23.600 [main] DEBUG o.h.p.w.spi.MetamodelGraphWalker - Visiting attribute path : patient
00:38:23.600 [main] DEBUG o.h.l.p.b.i.spaces.QuerySpacesImpl - Adding QuerySpace : uid = <gen:2> -> org.hibernate.loader.plan.build.internal.spaces.EntityQuerySpaceImpl@14a5e48e]
00:38:23.600 [main] DEBUG o.h.p.w.spi.MetamodelGraphWalker - Visiting attribute path : patientSmokingStatus
00:38:23.600 [main] DEBUG o.h.p.w.spi.MetamodelGraphWalker - Visiting attribute path : systolic
00:38:23.600 [main] DEBUG o.h.p.w.spi.MetamodelGraphWalker - Visiting attribute path : tri
00:38:23.600 [main] DEBUG o.h.p.w.spi.MetamodelGraphWalker - Visiting attribute path : weight
00:38:23.600 [main] DEBUG o.h.l.p.b.i.FetchStyleLoadPlanBuildingAssociationVisitationStrategy - Building LoadPlan...
00:38:23.601 [main] DEBUG o.h.l.p.e.i.LoadQueryJoinAndFetchProcessor - processing queryspace <gen:0>
00:38:23.601 [main] DEBUG o.h.l.p.b.spi.LoadPlanTreePrinter - LoadPlan(entity=edu.ncsu.csc.itrust2.models.persistent.BasicHealthMetrics)
    - Returns
       - EntityReturnImpl(entity=edu.ncsu.csc.itrust2.models.persistent.BasicHealthMetrics, querySpaceUid=<gen:0>, path=edu.ncsu.csc.itrust2.models.persistent.BasicHealthMetrics)
          - EntityAttributeFetchImpl(entity=edu.ncsu.csc.itrust2.models.persistent.User, querySpaceUid=<gen:1>, path=edu.ncsu.csc.itrust2.models.persistent.BasicHealthMetrics.hcp)
          - EntityAttributeFetchImpl(entity=edu.ncsu.csc.itrust2.models.persistent.User, querySpaceUid=<gen:2>, path=edu.ncsu.csc.itrust2.models.persistent.BasicHealthMetrics.patient)
    - QuerySpaces
       - EntityQuerySpaceImpl(uid=<gen:0>, entity=edu.ncsu.csc.itrust2.models.persistent.BasicHealthMetrics)
          - SQL table alias mapping - basichealt0_
          - alias suffix - 0_
          - suffixed key columns - {id1_1_0_}

00:38:23.601 [main] DEBUG o.h.loader.entity.plan.EntityLoader - Static select for entity edu.ncsu.csc.itrust2.models.persistent.BasicHealthMetrics [OPTIMISTIC]: select basichealt0_.id as id1_1_0_, basichealt0_.diastolic as diastoli2_1_0_, basichealt0_.hcp_id as hcp_id12_1_0_, basichealt0_.hdl as hdl3_1_0_, basichealt0_.headCircumference as headCirc4_1_0_, basichealt0_.height as height5_1_0_, basichealt0_.houseSmokingStatus as houseSmo6_1_0_, basichealt0_.ldl as ldl7_1_0_, basichealt0_.patient_id as patient13_1_0_, basichealt0_.patientSmokingStatus as patientS8_1_0_, basichealt0_.systolic as systolic9_1_0_, basichealt0_.tri as tri10_1_0_, basichealt0_.weight as weight11_1_0_ from BasicHealthMetrics basichealt0_ where basichealt0_.id=?
00:38:23.601 [main] DEBUG o.h.l.p.b.i.spaces.QuerySpacesImpl - Adding QuerySpace : uid = <gen:0> -> org.hibernate.loader.plan.build.internal.spaces.EntityQuerySpaceImpl@5fbe9c3f]
00:38:23.601 [main] DEBUG o.h.p.w.spi.MetamodelGraphWalker - Visiting attribute path : diastolic
00:38:23.601 [main] DEBUG o.h.p.w.spi.MetamodelGraphWalker - Visiting attribute path : hcp
00:38:23.601 [main] DEBUG o.h.l.p.b.i.spaces.QuerySpacesImpl - Adding QuerySpace : uid = <gen:1> -> org.hibernate.loader.plan.build.internal.spaces.EntityQuerySpaceImpl@55ee1c88]
00:38:23.601 [main] DEBUG o.h.p.w.spi.MetamodelGraphWalker - Visiting attribute path : hdl
00:38:23.601 [main] DEBUG o.h.p.w.spi.MetamodelGraphWalker - Visiting attribute path : headCircumference
00:38:23.601 [main] DEBUG o.h.p.w.spi.MetamodelGraphWalker - Visiting attribute path : height
00:38:23.601 [main] DEBUG o.h.p.w.spi.MetamodelGraphWalker - Visiting attribute path : houseSmokingStatus
00:38:23.602 [main] DEBUG o.h.p.w.spi.MetamodelGraphWalker - Visiting attribute path : ldl
00:38:23.602 [main] DEBUG o.h.p.w.spi.MetamodelGraphWalker - Visiting attribute path : patient
00:38:23.602 [main] DEBUG o.h.l.p.b.i.spaces.QuerySpacesImpl - Adding QuerySpace : uid = <gen:2> -> org.hibernate.loader.plan.build.internal.spaces.EntityQuerySpaceImpl@6ed4032f]
00:38:23.602 [main] DEBUG o.h.p.w.spi.MetamodelGraphWalker - Visiting attribute path : patientSmokingStatus
00:38:23.602 [main] DEBUG o.h.p.w.spi.MetamodelGraphWalker - Visiting attribute path : systolic
00:38:23.602 [main] DEBUG o.h.p.w.spi.MetamodelGraphWalker - Visiting attribute path : tri
00:38:23.602 [main] DEBUG o.h.p.w.spi.MetamodelGraphWalker - Visiting attribute path : weight
00:38:23.602 [main] DEBUG o.h.l.p.b.i.FetchStyleLoadPlanBuildingAssociationVisitationStrategy - Building LoadPlan...
00:38:23.602 [main] DEBUG o.h.l.p.e.i.LoadQueryJoinAndFetchProcessor - processing queryspace <gen:0>
00:38:23.602 [main] DEBUG o.h.l.p.b.spi.LoadPlanTreePrinter - LoadPlan(entity=edu.ncsu.csc.itrust2.models.persistent.BasicHealthMetrics)
    - Returns
       - EntityReturnImpl(entity=edu.ncsu.csc.itrust2.models.persistent.BasicHealthMetrics, querySpaceUid=<gen:0>, path=edu.ncsu.csc.itrust2.models.persistent.BasicHealthMetrics)
          - EntityAttributeFetchImpl(entity=edu.ncsu.csc.itrust2.models.persistent.User, querySpaceUid=<gen:1>, path=edu.ncsu.csc.itrust2.models.persistent.BasicHealthMetrics.hcp)
          - EntityAttributeFetchImpl(entity=edu.ncsu.csc.itrust2.models.persistent.User, querySpaceUid=<gen:2>, path=edu.ncsu.csc.itrust2.models.persistent.BasicHealthMetrics.patient)
    - QuerySpaces
       - EntityQuerySpaceImpl(uid=<gen:0>, entity=edu.ncsu.csc.itrust2.models.persistent.BasicHealthMetrics)
          - SQL table alias mapping - basichealt0_
          - alias suffix - 0_
          - suffixed key columns - {id1_1_0_}

00:38:23.603 [main] DEBUG o.h.loader.entity.plan.EntityLoader - Static select for entity edu.ncsu.csc.itrust2.models.persistent.BasicHealthMetrics [OPTIMISTIC_FORCE_INCREMENT]: select basichealt0_.id as id1_1_0_, basichealt0_.diastolic as diastoli2_1_0_, basichealt0_.hcp_id as hcp_id12_1_0_, basichealt0_.hdl as hdl3_1_0_, basichealt0_.headCircumference as headCirc4_1_0_, basichealt0_.height as height5_1_0_, basichealt0_.houseSmokingStatus as houseSmo6_1_0_, basichealt0_.ldl as ldl7_1_0_, basichealt0_.patient_id as patient13_1_0_, basichealt0_.patientSmokingStatus as patientS8_1_0_, basichealt0_.systolic as systolic9_1_0_, basichealt0_.tri as tri10_1_0_, basichealt0_.weight as weight11_1_0_ from BasicHealthMetrics basichealt0_ where basichealt0_.id=?
00:38:23.603 [main] DEBUG org.hibernate.loader.Loader - Static select for action ACTION_MERGE on entity edu.ncsu.csc.itrust2.models.persistent.BasicHealthMetrics: select basichealt0_.id as id1_1_0_, basichealt0_.diastolic as diastoli2_1_0_, basichealt0_.hcp_id as hcp_id12_1_0_, basichealt0_.hdl as hdl3_1_0_, basichealt0_.headCircumference as headCirc4_1_0_, basichealt0_.height as height5_1_0_, basichealt0_.houseSmokingStatus as houseSmo6_1_0_, basichealt0_.ldl as ldl7_1_0_, basichealt0_.patient_id as patient13_1_0_, basichealt0_.patientSmokingStatus as patientS8_1_0_, basichealt0_.systolic as systolic9_1_0_, basichealt0_.tri as tri10_1_0_, basichealt0_.weight as weight11_1_0_ from BasicHealthMetrics basichealt0_ where basichealt0_.id=?
00:38:23.603 [main] DEBUG org.hibernate.loader.Loader - Static select for action ACTION_REFRESH on entity edu.ncsu.csc.itrust2.models.persistent.BasicHealthMetrics: select basichealt0_.id as id1_1_0_, basichealt0_.diastolic as diastoli2_1_0_, basichealt0_.hcp_id as hcp_id12_1_0_, basichealt0_.hdl as hdl3_1_0_, basichealt0_.headCircumference as headCirc4_1_0_, basichealt0_.height as height5_1_0_, basichealt0_.houseSmokingStatus as houseSmo6_1_0_, basichealt0_.ldl as ldl7_1_0_, basichealt0_.patient_id as patient13_1_0_, basichealt0_.patientSmokingStatus as patientS8_1_0_, basichealt0_.systolic as systolic9_1_0_, basichealt0_.tri as tri10_1_0_, basichealt0_.weight as weight11_1_0_ from BasicHealthMetrics basichealt0_ where basichealt0_.id=?
00:38:23.603 [main] DEBUG o.h.p.entity.AbstractEntityPersister - Static SQL for entity: edu.ncsu.csc.itrust2.models.persistent.LoginAttempt
00:38:23.603 [main] DEBUG o.h.p.entity.AbstractEntityPersister -  Version select: select id from LoginAttempts where id =?
00:38:23.604 [main] DEBUG o.h.p.entity.AbstractEntityPersister -  Snapshot select: select loginattem_.id, loginattem_.ip as ip2_7_, loginattem_.time as time3_7_, loginattem_.user_id as user_id4_7_ from LoginAttempts loginattem_ where loginattem_.id=?
00:38:23.604 [main] DEBUG o.h.p.entity.AbstractEntityPersister -  Insert 0: insert into LoginAttempts (ip, time, user_id, id) values (?, ?, ?, ?)
00:38:23.604 [main] DEBUG o.h.p.entity.AbstractEntityPersister -  Update 0: update LoginAttempts set ip=?, time=?, user_id=? where id=?
00:38:23.604 [main] DEBUG o.h.p.entity.AbstractEntityPersister -  Delete 0: delete from LoginAttempts where id=?
00:38:23.604 [main] DEBUG o.h.l.p.b.i.spaces.QuerySpacesImpl - Adding QuerySpace : uid = <gen:0> -> org.hibernate.loader.plan.build.internal.spaces.EntityQuerySpaceImpl@452025ae]
00:38:23.604 [main] DEBUG o.h.p.w.spi.MetamodelGraphWalker - Visiting attribute path : ip
00:38:23.604 [main] DEBUG o.h.p.w.spi.MetamodelGraphWalker - Visiting attribute path : time
00:38:23.604 [main] DEBUG o.h.p.w.spi.MetamodelGraphWalker - Visiting attribute path : user
00:38:23.604 [main] DEBUG o.h.l.p.b.i.spaces.QuerySpacesImpl - Adding QuerySpace : uid = <gen:1> -> org.hibernate.loader.plan.build.internal.spaces.EntityQuerySpaceImpl@59c46cef]
00:38:23.604 [main] DEBUG o.h.p.w.spi.MetamodelGraphWalker - Visiting attribute path : user.enabled
00:38:23.604 [main] DEBUG o.h.p.w.spi.MetamodelGraphWalker - Visiting attribute path : user.password
00:38:23.604 [main] DEBUG o.h.p.w.spi.MetamodelGraphWalker - Visiting attribute path : user.role
00:38:23.604 [main] DEBUG o.h.l.p.b.i.FetchStyleLoadPlanBuildingAssociationVisitationStrategy - Building LoadPlan...
00:38:23.604 [main] DEBUG o.h.l.p.e.i.LoadQueryJoinAndFetchProcessor - processing queryspace <gen:0>
00:38:23.605 [main] DEBUG o.h.l.p.b.spi.LoadPlanTreePrinter - LoadPlan(entity=edu.ncsu.csc.itrust2.models.persistent.LoginAttempt)
    - Returns
       - EntityReturnImpl(entity=edu.ncsu.csc.itrust2.models.persistent.LoginAttempt, querySpaceUid=<gen:0>, path=edu.ncsu.csc.itrust2.models.persistent.LoginAttempt)
          - EntityAttributeFetchImpl(entity=edu.ncsu.csc.itrust2.models.persistent.User, querySpaceUid=<gen:1>, path=edu.ncsu.csc.itrust2.models.persistent.LoginAttempt.user)
    - QuerySpaces
       - EntityQuerySpaceImpl(uid=<gen:0>, entity=edu.ncsu.csc.itrust2.models.persistent.LoginAttempt)
          - SQL table alias mapping - loginattem0_
          - alias suffix - 0_
          - suffixed key columns - {id1_7_0_}
          - JOIN (JoinDefinedByMetadata(user)) : <gen:0> -> <gen:1>
             - EntityQuerySpaceImpl(uid=<gen:1>, entity=edu.ncsu.csc.itrust2.models.persistent.User)
                - SQL table alias mapping - user1_
                - alias suffix - 1_
                - suffixed key columns - {username1_15_1_}

00:38:23.605 [main] DEBUG o.h.loader.entity.plan.EntityLoader - Static select for entity edu.ncsu.csc.itrust2.models.persistent.LoginAttempt [NONE]: select loginattem0_.id as id1_7_0_, loginattem0_.ip as ip2_7_0_, loginattem0_.time as time3_7_0_, loginattem0_.user_id as user_id4_7_0_, user1_.username as username1_15_1_, user1_.enabled as enabled2_15_1_, user1_.password as password3_15_1_, user1_.role as role4_15_1_ from LoginAttempts loginattem0_ left outer join Users user1_ on loginattem0_.user_id=user1_.username where loginattem0_.id=?
00:38:23.605 [main] DEBUG o.h.l.p.b.i.spaces.QuerySpacesImpl - Adding QuerySpace : uid = <gen:0> -> org.hibernate.loader.plan.build.internal.spaces.EntityQuerySpaceImpl@530e8b90]
00:38:23.605 [main] DEBUG o.h.p.w.spi.MetamodelGraphWalker - Visiting attribute path : ip
00:38:23.605 [main] DEBUG o.h.p.w.spi.MetamodelGraphWalker - Visiting attribute path : time
00:38:23.605 [main] DEBUG o.h.p.w.spi.MetamodelGraphWalker - Visiting attribute path : user
00:38:23.605 [main] DEBUG o.h.l.p.b.i.spaces.QuerySpacesImpl - Adding QuerySpace : uid = <gen:1> -> org.hibernate.loader.plan.build.internal.spaces.EntityQuerySpaceImpl@c34fb74]
00:38:23.605 [main] DEBUG o.h.p.w.spi.MetamodelGraphWalker - Visiting attribute path : user.enabled
00:38:23.606 [main] DEBUG o.h.p.w.spi.MetamodelGraphWalker - Visiting attribute path : user.password
00:38:23.606 [main] DEBUG o.h.p.w.spi.MetamodelGraphWalker - Visiting attribute path : user.role
00:38:23.606 [main] DEBUG o.h.l.p.b.i.FetchStyleLoadPlanBuildingAssociationVisitationStrategy - Building LoadPlan...
00:38:23.606 [main] DEBUG o.h.l.p.e.i.LoadQueryJoinAndFetchProcessor - processing queryspace <gen:0>
00:38:23.610 [main] DEBUG o.h.l.p.b.spi.LoadPlanTreePrinter - LoadPlan(entity=edu.ncsu.csc.itrust2.models.persistent.LoginAttempt)
    - Returns
       - EntityReturnImpl(entity=edu.ncsu.csc.itrust2.models.persistent.LoginAttempt, querySpaceUid=<gen:0>, path=edu.ncsu.csc.itrust2.models.persistent.LoginAttempt)
          - EntityAttributeFetchImpl(entity=edu.ncsu.csc.itrust2.models.persistent.User, querySpaceUid=<gen:1>, path=edu.ncsu.csc.itrust2.models.persistent.LoginAttempt.user)
    - QuerySpaces
       - EntityQuerySpaceImpl(uid=<gen:0>, entity=edu.ncsu.csc.itrust2.models.persistent.LoginAttempt)
          - SQL table alias mapping - loginattem0_
          - alias suffix - 0_
          - suffixed key columns - {id1_7_0_}
          - JOIN (JoinDefinedByMetadata(user)) : <gen:0> -> <gen:1>
             - EntityQuerySpaceImpl(uid=<gen:1>, entity=edu.ncsu.csc.itrust2.models.persistent.User)
                - SQL table alias mapping - user1_
                - alias suffix - 1_
                - suffixed key columns - {username1_15_1_}

00:38:23.611 [main] DEBUG o.h.loader.entity.plan.EntityLoader - Static select for entity edu.ncsu.csc.itrust2.models.persistent.LoginAttempt [READ]: select loginattem0_.id as id1_7_0_, loginattem0_.ip as ip2_7_0_, loginattem0_.time as time3_7_0_, loginattem0_.user_id as user_id4_7_0_, user1_.username as username1_15_1_, user1_.enabled as enabled2_15_1_, user1_.password as password3_15_1_, user1_.role as role4_15_1_ from LoginAttempts loginattem0_ left outer join Users user1_ on loginattem0_.user_id=user1_.username where loginattem0_.id=?
00:38:23.611 [main] DEBUG o.h.l.p.b.i.spaces.QuerySpacesImpl - Adding QuerySpace : uid = <gen:0> -> org.hibernate.loader.plan.build.internal.spaces.EntityQuerySpaceImpl@2232589]
00:38:23.611 [main] DEBUG o.h.p.w.spi.MetamodelGraphWalker - Visiting attribute path : ip
00:38:23.611 [main] DEBUG o.h.p.w.spi.MetamodelGraphWalker - Visiting attribute path : time
00:38:23.611 [main] DEBUG o.h.p.w.spi.MetamodelGraphWalker - Visiting attribute path : user
00:38:23.611 [main] DEBUG o.h.l.p.b.i.spaces.QuerySpacesImpl - Adding QuerySpace : uid = <gen:1> -> org.hibernate.loader.plan.build.internal.spaces.EntityQuerySpaceImpl@3584bf3a]
00:38:23.611 [main] DEBUG o.h.l.p.b.i.FetchStyleLoadPlanBuildingAssociationVisitationStrategy - Building LoadPlan...
00:38:23.611 [main] DEBUG o.h.l.p.e.i.LoadQueryJoinAndFetchProcessor - processing queryspace <gen:0>
00:38:23.612 [main] DEBUG o.h.l.p.b.spi.LoadPlanTreePrinter - LoadPlan(entity=edu.ncsu.csc.itrust2.models.persistent.LoginAttempt)
    - Returns
       - EntityReturnImpl(entity=edu.ncsu.csc.itrust2.models.persistent.LoginAttempt, querySpaceUid=<gen:0>, path=edu.ncsu.csc.itrust2.models.persistent.LoginAttempt)
          - EntityAttributeFetchImpl(entity=edu.ncsu.csc.itrust2.models.persistent.User, querySpaceUid=<gen:1>, path=edu.ncsu.csc.itrust2.models.persistent.LoginAttempt.user)
    - QuerySpaces
       - EntityQuerySpaceImpl(uid=<gen:0>, entity=edu.ncsu.csc.itrust2.models.persistent.LoginAttempt)
          - SQL table alias mapping - loginattem0_
          - alias suffix - 0_
          - suffixed key columns - {id1_7_0_}

00:38:23.612 [main] DEBUG o.h.loader.entity.plan.EntityLoader - Static select for entity edu.ncsu.csc.itrust2.models.persistent.LoginAttempt [UPGRADE]: select loginattem0_.id as id1_7_0_, loginattem0_.ip as ip2_7_0_, loginattem0_.time as time3_7_0_, loginattem0_.user_id as user_id4_7_0_ from LoginAttempts loginattem0_ where loginattem0_.id=? for update
00:38:23.612 [main] DEBUG o.h.l.p.b.i.spaces.QuerySpacesImpl - Adding QuerySpace : uid = <gen:0> -> org.hibernate.loader.plan.build.internal.spaces.EntityQuerySpaceImpl@2301821a]
00:38:23.612 [main] DEBUG o.h.p.w.spi.MetamodelGraphWalker - Visiting attribute path : ip
00:38:23.612 [main] DEBUG o.h.p.w.spi.MetamodelGraphWalker - Visiting attribute path : time
00:38:23.612 [main] DEBUG o.h.p.w.spi.MetamodelGraphWalker - Visiting attribute path : user
00:38:23.612 [main] DEBUG o.h.l.p.b.i.spaces.QuerySpacesImpl - Adding QuerySpace : uid = <gen:1> -> org.hibernate.loader.plan.build.internal.spaces.EntityQuerySpaceImpl@268d85a1]
00:38:23.612 [main] DEBUG o.h.l.p.b.i.FetchStyleLoadPlanBuildingAssociationVisitationStrategy - Building LoadPlan...
00:38:23.612 [main] DEBUG o.h.l.p.e.i.LoadQueryJoinAndFetchProcessor - processing queryspace <gen:0>
00:38:23.613 [main] DEBUG o.h.l.p.b.spi.LoadPlanTreePrinter - LoadPlan(entity=edu.ncsu.csc.itrust2.models.persistent.LoginAttempt)
    - Returns
       - EntityReturnImpl(entity=edu.ncsu.csc.itrust2.models.persistent.LoginAttempt, querySpaceUid=<gen:0>, path=edu.ncsu.csc.itrust2.models.persistent.LoginAttempt)
          - EntityAttributeFetchImpl(entity=edu.ncsu.csc.itrust2.models.persistent.User, querySpaceUid=<gen:1>, path=edu.ncsu.csc.itrust2.models.persistent.LoginAttempt.user)
    - QuerySpaces
       - EntityQuerySpaceImpl(uid=<gen:0>, entity=edu.ncsu.csc.itrust2.models.persistent.LoginAttempt)
          - SQL table alias mapping - loginattem0_
          - alias suffix - 0_
          - suffixed key columns - {id1_7_0_}

00:38:23.613 [main] DEBUG o.h.loader.entity.plan.EntityLoader - Static select for entity edu.ncsu.csc.itrust2.models.persistent.LoginAttempt [UPGRADE_NOWAIT]: select loginattem0_.id as id1_7_0_, loginattem0_.ip as ip2_7_0_, loginattem0_.time as time3_7_0_, loginattem0_.user_id as user_id4_7_0_ from LoginAttempts loginattem0_ where loginattem0_.id=? for update
00:38:23.613 [main] DEBUG o.h.l.p.b.i.spaces.QuerySpacesImpl - Adding QuerySpace : uid = <gen:0> -> org.hibernate.loader.plan.build.internal.spaces.EntityQuerySpaceImpl@36609325]
00:38:23.613 [main] DEBUG o.h.p.w.spi.MetamodelGraphWalker - Visiting attribute path : ip
00:38:23.613 [main] DEBUG o.h.p.w.spi.MetamodelGraphWalker - Visiting attribute path : time
00:38:23.613 [main] DEBUG o.h.p.w.spi.MetamodelGraphWalker - Visiting attribute path : user
00:38:23.613 [main] DEBUG o.h.l.p.b.i.spaces.QuerySpacesImpl - Adding QuerySpace : uid = <gen:1> -> org.hibernate.loader.plan.build.internal.spaces.EntityQuerySpaceImpl@ef87000]
00:38:23.613 [main] DEBUG o.h.l.p.b.i.FetchStyleLoadPlanBuildingAssociationVisitationStrategy - Building LoadPlan...
00:38:23.613 [main] DEBUG o.h.l.p.e.i.LoadQueryJoinAndFetchProcessor - processing queryspace <gen:0>
00:38:23.613 [main] DEBUG o.h.l.p.b.spi.LoadPlanTreePrinter - LoadPlan(entity=edu.ncsu.csc.itrust2.models.persistent.LoginAttempt)
    - Returns
       - EntityReturnImpl(entity=edu.ncsu.csc.itrust2.models.persistent.LoginAttempt, querySpaceUid=<gen:0>, path=edu.ncsu.csc.itrust2.models.persistent.LoginAttempt)
          - EntityAttributeFetchImpl(entity=edu.ncsu.csc.itrust2.models.persistent.User, querySpaceUid=<gen:1>, path=edu.ncsu.csc.itrust2.models.persistent.LoginAttempt.user)
    - QuerySpaces
       - EntityQuerySpaceImpl(uid=<gen:0>, entity=edu.ncsu.csc.itrust2.models.persistent.LoginAttempt)
          - SQL table alias mapping - loginattem0_
          - alias suffix - 0_
          - suffixed key columns - {id1_7_0_}

00:38:23.614 [main] DEBUG o.h.loader.entity.plan.EntityLoader - Static select for entity edu.ncsu.csc.itrust2.models.persistent.LoginAttempt [UPGRADE_SKIPLOCKED]: select loginattem0_.id as id1_7_0_, loginattem0_.ip as ip2_7_0_, loginattem0_.time as time3_7_0_, loginattem0_.user_id as user_id4_7_0_ from LoginAttempts loginattem0_ where loginattem0_.id=? for update
00:38:23.614 [main] DEBUG o.h.l.p.b.i.spaces.QuerySpacesImpl - Adding QuerySpace : uid = <gen:0> -> org.hibernate.loader.plan.build.internal.spaces.EntityQuerySpaceImpl@44124cf3]
00:38:23.614 [main] DEBUG o.h.p.w.spi.MetamodelGraphWalker - Visiting attribute path : ip
00:38:23.614 [main] DEBUG o.h.p.w.spi.MetamodelGraphWalker - Visiting attribute path : time
00:38:23.614 [main] DEBUG o.h.p.w.spi.MetamodelGraphWalker - Visiting attribute path : user
00:38:23.614 [main] DEBUG o.h.l.p.b.i.spaces.QuerySpacesImpl - Adding QuerySpace : uid = <gen:1> -> org.hibernate.loader.plan.build.internal.spaces.EntityQuerySpaceImpl@195dbd4b]
00:38:23.614 [main] DEBUG o.h.l.p.b.i.FetchStyleLoadPlanBuildingAssociationVisitationStrategy - Building LoadPlan...
00:38:23.614 [main] DEBUG o.h.l.p.e.i.LoadQueryJoinAndFetchProcessor - processing queryspace <gen:0>
00:38:23.614 [main] DEBUG o.h.l.p.b.spi.LoadPlanTreePrinter - LoadPlan(entity=edu.ncsu.csc.itrust2.models.persistent.LoginAttempt)
    - Returns
       - EntityReturnImpl(entity=edu.ncsu.csc.itrust2.models.persistent.LoginAttempt, querySpaceUid=<gen:0>, path=edu.ncsu.csc.itrust2.models.persistent.LoginAttempt)
          - EntityAttributeFetchImpl(entity=edu.ncsu.csc.itrust2.models.persistent.User, querySpaceUid=<gen:1>, path=edu.ncsu.csc.itrust2.models.persistent.LoginAttempt.user)
    - QuerySpaces
       - EntityQuerySpaceImpl(uid=<gen:0>, entity=edu.ncsu.csc.itrust2.models.persistent.LoginAttempt)
          - SQL table alias mapping - loginattem0_
          - alias suffix - 0_
          - suffixed key columns - {id1_7_0_}

00:38:23.615 [main] DEBUG o.h.loader.entity.plan.EntityLoader - Static select for entity edu.ncsu.csc.itrust2.models.persistent.LoginAttempt [FORCE]: select loginattem0_.id as id1_7_0_, loginattem0_.ip as ip2_7_0_, loginattem0_.time as time3_7_0_, loginattem0_.user_id as user_id4_7_0_ from LoginAttempts loginattem0_ where loginattem0_.id=? for update
00:38:23.615 [main] DEBUG o.h.l.p.b.i.spaces.QuerySpacesImpl - Adding QuerySpace : uid = <gen:0> -> org.hibernate.loader.plan.build.internal.spaces.EntityQuerySpaceImpl@5468b610]
00:38:23.615 [main] DEBUG o.h.p.w.spi.MetamodelGraphWalker - Visiting attribute path : ip
00:38:23.615 [main] DEBUG o.h.p.w.spi.MetamodelGraphWalker - Visiting attribute path : time
00:38:23.615 [main] DEBUG o.h.p.w.spi.MetamodelGraphWalker - Visiting attribute path : user
00:38:23.615 [main] DEBUG o.h.l.p.b.i.spaces.QuerySpacesImpl - Adding QuerySpace : uid = <gen:1> -> org.hibernate.loader.plan.build.internal.spaces.EntityQuerySpaceImpl@3c1b9d72]
00:38:23.615 [main] DEBUG o.h.l.p.b.i.FetchStyleLoadPlanBuildingAssociationVisitationStrategy - Building LoadPlan...
00:38:23.615 [main] DEBUG o.h.l.p.e.i.LoadQueryJoinAndFetchProcessor - processing queryspace <gen:0>
00:38:23.615 [main] DEBUG o.h.l.p.b.spi.LoadPlanTreePrinter - LoadPlan(entity=edu.ncsu.csc.itrust2.models.persistent.LoginAttempt)
    - Returns
       - EntityReturnImpl(entity=edu.ncsu.csc.itrust2.models.persistent.LoginAttempt, querySpaceUid=<gen:0>, path=edu.ncsu.csc.itrust2.models.persistent.LoginAttempt)
          - EntityAttributeFetchImpl(entity=edu.ncsu.csc.itrust2.models.persistent.User, querySpaceUid=<gen:1>, path=edu.ncsu.csc.itrust2.models.persistent.LoginAttempt.user)
    - QuerySpaces
       - EntityQuerySpaceImpl(uid=<gen:0>, entity=edu.ncsu.csc.itrust2.models.persistent.LoginAttempt)
          - SQL table alias mapping - loginattem0_
          - alias suffix - 0_
          - suffixed key columns - {id1_7_0_}

00:38:23.615 [main] DEBUG o.h.loader.entity.plan.EntityLoader - Static select for entity edu.ncsu.csc.itrust2.models.persistent.LoginAttempt [PESSIMISTIC_READ]: select loginattem0_.id as id1_7_0_, loginattem0_.ip as ip2_7_0_, loginattem0_.time as time3_7_0_, loginattem0_.user_id as user_id4_7_0_ from LoginAttempts loginattem0_ where loginattem0_.id=? lock in share mode
00:38:23.616 [main] DEBUG o.h.l.p.b.i.spaces.QuerySpacesImpl - Adding QuerySpace : uid = <gen:0> -> org.hibernate.loader.plan.build.internal.spaces.EntityQuerySpaceImpl@4858d85f]
00:38:23.616 [main] DEBUG o.h.p.w.spi.MetamodelGraphWalker - Visiting attribute path : ip
00:38:23.616 [main] DEBUG o.h.p.w.spi.MetamodelGraphWalker - Visiting attribute path : time
00:38:23.616 [main] DEBUG o.h.p.w.spi.MetamodelGraphWalker - Visiting attribute path : user
00:38:23.616 [main] DEBUG o.h.l.p.b.i.spaces.QuerySpacesImpl - Adding QuerySpace : uid = <gen:1> -> org.hibernate.loader.plan.build.internal.spaces.EntityQuerySpaceImpl@36d5f37]
00:38:23.616 [main] DEBUG o.h.l.p.b.i.FetchStyleLoadPlanBuildingAssociationVisitationStrategy - Building LoadPlan...
00:38:23.616 [main] DEBUG o.h.l.p.e.i.LoadQueryJoinAndFetchProcessor - processing queryspace <gen:0>
00:38:23.616 [main] DEBUG o.h.l.p.b.spi.LoadPlanTreePrinter - LoadPlan(entity=edu.ncsu.csc.itrust2.models.persistent.LoginAttempt)
    - Returns
       - EntityReturnImpl(entity=edu.ncsu.csc.itrust2.models.persistent.LoginAttempt, querySpaceUid=<gen:0>, path=edu.ncsu.csc.itrust2.models.persistent.LoginAttempt)
          - EntityAttributeFetchImpl(entity=edu.ncsu.csc.itrust2.models.persistent.User, querySpaceUid=<gen:1>, path=edu.ncsu.csc.itrust2.models.persistent.LoginAttempt.user)
    - QuerySpaces
       - EntityQuerySpaceImpl(uid=<gen:0>, entity=edu.ncsu.csc.itrust2.models.persistent.LoginAttempt)
          - SQL table alias mapping - loginattem0_
          - alias suffix - 0_
          - suffixed key columns - {id1_7_0_}

00:38:23.616 [main] DEBUG o.h.loader.entity.plan.EntityLoader - Static select for entity edu.ncsu.csc.itrust2.models.persistent.LoginAttempt [PESSIMISTIC_WRITE]: select loginattem0_.id as id1_7_0_, loginattem0_.ip as ip2_7_0_, loginattem0_.time as time3_7_0_, loginattem0_.user_id as user_id4_7_0_ from LoginAttempts loginattem0_ where loginattem0_.id=? for update
00:38:23.616 [main] DEBUG o.h.l.p.b.i.spaces.QuerySpacesImpl - Adding QuerySpace : uid = <gen:0> -> org.hibernate.loader.plan.build.internal.spaces.EntityQuerySpaceImpl@63fda225]
00:38:23.617 [main] DEBUG o.h.p.w.spi.MetamodelGraphWalker - Visiting attribute path : ip
00:38:23.617 [main] DEBUG o.h.p.w.spi.MetamodelGraphWalker - Visiting attribute path : time
00:38:23.617 [main] DEBUG o.h.p.w.spi.MetamodelGraphWalker - Visiting attribute path : user
00:38:23.617 [main] DEBUG o.h.l.p.b.i.spaces.QuerySpacesImpl - Adding QuerySpace : uid = <gen:1> -> org.hibernate.loader.plan.build.internal.spaces.EntityQuerySpaceImpl@3d53cc45]
00:38:23.617 [main] DEBUG o.h.l.p.b.i.FetchStyleLoadPlanBuildingAssociationVisitationStrategy - Building LoadPlan...
00:38:23.617 [main] DEBUG o.h.l.p.e.i.LoadQueryJoinAndFetchProcessor - processing queryspace <gen:0>
00:38:23.617 [main] DEBUG o.h.l.p.b.spi.LoadPlanTreePrinter - LoadPlan(entity=edu.ncsu.csc.itrust2.models.persistent.LoginAttempt)
    - Returns
       - EntityReturnImpl(entity=edu.ncsu.csc.itrust2.models.persistent.LoginAttempt, querySpaceUid=<gen:0>, path=edu.ncsu.csc.itrust2.models.persistent.LoginAttempt)
          - EntityAttributeFetchImpl(entity=edu.ncsu.csc.itrust2.models.persistent.User, querySpaceUid=<gen:1>, path=edu.ncsu.csc.itrust2.models.persistent.LoginAttempt.user)
    - QuerySpaces
       - EntityQuerySpaceImpl(uid=<gen:0>, entity=edu.ncsu.csc.itrust2.models.persistent.LoginAttempt)
          - SQL table alias mapping - loginattem0_
          - alias suffix - 0_
          - suffixed key columns - {id1_7_0_}

00:38:23.617 [main] DEBUG o.h.loader.entity.plan.EntityLoader - Static select for entity edu.ncsu.csc.itrust2.models.persistent.LoginAttempt [PESSIMISTIC_FORCE_INCREMENT]: select loginattem0_.id as id1_7_0_, loginattem0_.ip as ip2_7_0_, loginattem0_.time as time3_7_0_, loginattem0_.user_id as user_id4_7_0_ from LoginAttempts loginattem0_ where loginattem0_.id=? for update
00:38:23.617 [main] DEBUG o.h.l.p.b.i.spaces.QuerySpacesImpl - Adding QuerySpace : uid = <gen:0> -> org.hibernate.loader.plan.build.internal.spaces.EntityQuerySpaceImpl@54aeb83f]
00:38:23.617 [main] DEBUG o.h.p.w.spi.MetamodelGraphWalker - Visiting attribute path : ip
00:38:23.618 [main] DEBUG o.h.p.w.spi.MetamodelGraphWalker - Visiting attribute path : time
00:38:23.618 [main] DEBUG o.h.p.w.spi.MetamodelGraphWalker - Visiting attribute path : user
00:38:23.618 [main] DEBUG o.h.l.p.b.i.spaces.QuerySpacesImpl - Adding QuerySpace : uid = <gen:1> -> org.hibernate.loader.plan.build.internal.spaces.EntityQuerySpaceImpl@7f21bb45]
00:38:23.618 [main] DEBUG o.h.l.p.b.i.FetchStyleLoadPlanBuildingAssociationVisitationStrategy - Building LoadPlan...
00:38:23.620 [main] DEBUG o.h.l.p.e.i.LoadQueryJoinAndFetchProcessor - processing queryspace <gen:0>
00:38:23.621 [main] DEBUG o.h.l.p.b.spi.LoadPlanTreePrinter - LoadPlan(entity=edu.ncsu.csc.itrust2.models.persistent.LoginAttempt)
    - Returns
       - EntityReturnImpl(entity=edu.ncsu.csc.itrust2.models.persistent.LoginAttempt, querySpaceUid=<gen:0>, path=edu.ncsu.csc.itrust2.models.persistent.LoginAttempt)
          - EntityAttributeFetchImpl(entity=edu.ncsu.csc.itrust2.models.persistent.User, querySpaceUid=<gen:1>, path=edu.ncsu.csc.itrust2.models.persistent.LoginAttempt.user)
    - QuerySpaces
       - EntityQuerySpaceImpl(uid=<gen:0>, entity=edu.ncsu.csc.itrust2.models.persistent.LoginAttempt)
          - SQL table alias mapping - loginattem0_
          - alias suffix - 0_
          - suffixed key columns - {id1_7_0_}

00:38:23.621 [main] DEBUG o.h.loader.entity.plan.EntityLoader - Static select for entity edu.ncsu.csc.itrust2.models.persistent.LoginAttempt [OPTIMISTIC]: select loginattem0_.id as id1_7_0_, loginattem0_.ip as ip2_7_0_, loginattem0_.time as time3_7_0_, loginattem0_.user_id as user_id4_7_0_ from LoginAttempts loginattem0_ where loginattem0_.id=?
00:38:23.622 [main] DEBUG o.h.l.p.b.i.spaces.QuerySpacesImpl - Adding QuerySpace : uid = <gen:0> -> org.hibernate.loader.plan.build.internal.spaces.EntityQuerySpaceImpl@5cb36100]
00:38:23.623 [main] DEBUG o.h.p.w.spi.MetamodelGraphWalker - Visiting attribute path : ip
00:38:23.623 [main] DEBUG o.h.p.w.spi.MetamodelGraphWalker - Visiting attribute path : time
00:38:23.623 [main] DEBUG o.h.p.w.spi.MetamodelGraphWalker - Visiting attribute path : user
00:38:23.623 [main] DEBUG o.h.l.p.b.i.spaces.QuerySpacesImpl - Adding QuerySpace : uid = <gen:1> -> org.hibernate.loader.plan.build.internal.spaces.EntityQuerySpaceImpl@412ddaaf]
00:38:23.623 [main] DEBUG o.h.l.p.b.i.FetchStyleLoadPlanBuildingAssociationVisitationStrategy - Building LoadPlan...
00:38:23.624 [main] DEBUG o.h.l.p.e.i.LoadQueryJoinAndFetchProcessor - processing queryspace <gen:0>
00:38:23.624 [main] DEBUG o.h.l.p.b.spi.LoadPlanTreePrinter - LoadPlan(entity=edu.ncsu.csc.itrust2.models.persistent.LoginAttempt)
    - Returns
       - EntityReturnImpl(entity=edu.ncsu.csc.itrust2.models.persistent.LoginAttempt, querySpaceUid=<gen:0>, path=edu.ncsu.csc.itrust2.models.persistent.LoginAttempt)
          - EntityAttributeFetchImpl(entity=edu.ncsu.csc.itrust2.models.persistent.User, querySpaceUid=<gen:1>, path=edu.ncsu.csc.itrust2.models.persistent.LoginAttempt.user)
    - QuerySpaces
       - EntityQuerySpaceImpl(uid=<gen:0>, entity=edu.ncsu.csc.itrust2.models.persistent.LoginAttempt)
          - SQL table alias mapping - loginattem0_
          - alias suffix - 0_
          - suffixed key columns - {id1_7_0_}

00:38:23.624 [main] DEBUG o.h.loader.entity.plan.EntityLoader - Static select for entity edu.ncsu.csc.itrust2.models.persistent.LoginAttempt [OPTIMISTIC_FORCE_INCREMENT]: select loginattem0_.id as id1_7_0_, loginattem0_.ip as ip2_7_0_, loginattem0_.time as time3_7_0_, loginattem0_.user_id as user_id4_7_0_ from LoginAttempts loginattem0_ where loginattem0_.id=?
00:38:23.624 [main] DEBUG org.hibernate.loader.Loader - Static select for action ACTION_MERGE on entity edu.ncsu.csc.itrust2.models.persistent.LoginAttempt: select loginattem0_.id as id1_7_0_, loginattem0_.ip as ip2_7_0_, loginattem0_.time as time3_7_0_, loginattem0_.user_id as user_id4_7_0_ from LoginAttempts loginattem0_ where loginattem0_.id=?
00:38:23.625 [main] DEBUG org.hibernate.loader.Loader - Static select for action ACTION_REFRESH on entity edu.ncsu.csc.itrust2.models.persistent.LoginAttempt: select loginattem0_.id as id1_7_0_, loginattem0_.ip as ip2_7_0_, loginattem0_.time as time3_7_0_, loginattem0_.user_id as user_id4_7_0_ from LoginAttempts loginattem0_ where loginattem0_.id=?
00:38:23.625 [main] DEBUG o.h.p.entity.AbstractEntityPersister - Static SQL for entity: edu.ncsu.csc.itrust2.models.persistent.Patient
00:38:23.625 [main] DEBUG o.h.p.entity.AbstractEntityPersister -  Version select: select self_id from Patients where self_id =?
00:38:23.626 [main] DEBUG o.h.p.entity.AbstractEntityPersister -  Snapshot select: select patient_.self_id, patient_.address1 as address1_12_, patient_.address2 as address2_12_, patient_.bloodType as bloodTyp3_12_, patient_.causeOfDeath as causeOfD4_12_, patient_.city as city5_12_, patient_.dateOfBirth as dateOfBi6_12_, patient_.dateOfDeath as dateOfDe7_12_, patient_.email as email8_12_, patient_.ethnicity as ethnicit9_12_, patient_.father_id as father_19_12_, patient_.firstName as firstNa10_12_, patient_.gender as gender11_12_, patient_.id as id12_12_, patient_.lastName as lastNam13_12_, patient_.mother_id as mother_20_12_, patient_.phone as phone14_12_, patient_.preferredName as preferr15_12_, patient_.state as state16_12_, patient_.zip as zip17_12_ from Patients patient_ where patient_.self_id=?
00:38:23.626 [main] DEBUG o.h.p.entity.AbstractEntityPersister -  Insert 0: insert into Patients (address1, address2, bloodType, causeOfDeath, city, dateOfBirth, dateOfDeath, email, ethnicity, father_id, firstName, gender, id, lastName, mother_id, phone, preferredName, state, zip, self_id) values (?, ?, ?, ?, ?, ?, ?, ?, ?, ?, ?, ?, ?, ?, ?, ?, ?, ?, ?, ?)
00:38:23.626 [main] DEBUG o.h.p.entity.AbstractEntityPersister -  Update 0: update Patients set address1=?, address2=?, bloodType=?, causeOfDeath=?, city=?, dateOfBirth=?, dateOfDeath=?, email=?, ethnicity=?, father_id=?, firstName=?, gender=?, id=?, lastName=?, mother_id=?, phone=?, preferredName=?, state=?, zip=? where self_id=?
00:38:23.626 [main] DEBUG o.h.p.entity.AbstractEntityPersister -  Delete 0: delete from Patients where self_id=?
00:38:23.626 [main] DEBUG o.h.l.p.b.i.spaces.QuerySpacesImpl - Adding QuerySpace : uid = <gen:0> -> org.hibernate.loader.plan.build.internal.spaces.EntityQuerySpaceImpl@33a4ba5c]
00:38:23.628 [main] DEBUG o.h.l.p.b.i.spaces.QuerySpacesImpl - Adding QuerySpace : uid = <gen:0>-id -> org.hibernate.loader.plan.build.internal.spaces.CompositeQuerySpaceImpl@70822753]
00:38:23.632 [main] DEBUG o.h.p.w.spi.MetamodelGraphWalker - Visiting attribute path : self
00:38:23.632 [main] DEBUG o.h.p.w.spi.MetamodelGraphWalker - Property path deemed to be circular : self
00:38:23.632 [main] DEBUG o.h.p.w.spi.MetamodelGraphWalker - Visiting attribute path : address1
00:38:23.632 [main] DEBUG o.h.p.w.spi.MetamodelGraphWalker - Visiting attribute path : address2
00:38:23.632 [main] DEBUG o.h.p.w.spi.MetamodelGraphWalker - Visiting attribute path : bloodType
00:38:23.633 [main] DEBUG o.h.p.w.spi.MetamodelGraphWalker - Visiting attribute path : causeOfDeath
00:38:23.633 [main] DEBUG o.h.p.w.spi.MetamodelGraphWalker - Visiting attribute path : city
00:38:23.633 [main] DEBUG o.h.p.w.spi.MetamodelGraphWalker - Visiting attribute path : dateOfBirth
00:38:23.633 [main] DEBUG o.h.p.w.spi.MetamodelGraphWalker - Visiting attribute path : dateOfDeath
00:38:23.633 [main] DEBUG o.h.p.w.spi.MetamodelGraphWalker - Visiting attribute path : email
00:38:23.633 [main] DEBUG o.h.p.w.spi.MetamodelGraphWalker - Visiting attribute path : ethnicity
00:38:23.633 [main] DEBUG o.h.p.w.spi.MetamodelGraphWalker - Visiting attribute path : father
00:38:23.634 [main] DEBUG o.h.l.p.b.i.spaces.QuerySpacesImpl - Adding QuerySpace : uid = <gen:1> -> org.hibernate.loader.plan.build.internal.spaces.EntityQuerySpaceImpl@2fe01e72]
00:38:23.634 [main] DEBUG o.h.p.w.spi.MetamodelGraphWalker - Visiting attribute path : father.enabled
00:38:23.634 [main] DEBUG o.h.p.w.spi.MetamodelGraphWalker - Visiting attribute path : father.password
00:38:23.634 [main] DEBUG o.h.p.w.spi.MetamodelGraphWalker - Visiting attribute path : father.role
00:38:23.634 [main] DEBUG o.h.p.w.spi.MetamodelGraphWalker - Visiting attribute path : firstName
00:38:23.634 [main] DEBUG o.h.p.w.spi.MetamodelGraphWalker - Visiting attribute path : gender
00:38:23.635 [main] DEBUG o.h.p.w.spi.MetamodelGraphWalker - Visiting attribute path : id
00:38:23.635 [main] DEBUG o.h.p.w.spi.MetamodelGraphWalker - Visiting attribute path : lastName
00:38:23.635 [main] DEBUG o.h.p.w.spi.MetamodelGraphWalker - Visiting attribute path : mother
00:38:23.635 [main] DEBUG o.h.l.p.b.i.spaces.QuerySpacesImpl - Adding QuerySpace : uid = <gen:2> -> org.hibernate.loader.plan.build.internal.spaces.EntityQuerySpaceImpl@1d9215dd]
00:38:23.635 [main] DEBUG o.h.p.w.spi.MetamodelGraphWalker - Visiting attribute path : mother.enabled
00:38:23.635 [main] DEBUG o.h.p.w.spi.MetamodelGraphWalker - Visiting attribute path : mother.password
00:38:23.636 [main] DEBUG o.h.p.w.spi.MetamodelGraphWalker - Visiting attribute path : mother.role
00:38:23.636 [main] DEBUG o.h.p.w.spi.MetamodelGraphWalker - Visiting attribute path : phone
00:38:23.636 [main] DEBUG o.h.p.w.spi.MetamodelGraphWalker - Visiting attribute path : preferredName
00:38:23.636 [main] DEBUG o.h.p.w.spi.MetamodelGraphWalker - Visiting attribute path : state
00:38:23.636 [main] DEBUG o.h.p.w.spi.MetamodelGraphWalker - Visiting attribute path : zip
00:38:23.636 [main] DEBUG o.h.l.p.b.i.FetchStyleLoadPlanBuildingAssociationVisitationStrategy - Building LoadPlan...
00:38:23.637 [main] DEBUG o.h.l.p.e.i.LoadQueryJoinAndFetchProcessor - processing queryspace <gen:0>
00:38:23.638 [main] DEBUG o.h.l.p.b.spi.LoadPlanTreePrinter - LoadPlan(entity=edu.ncsu.csc.itrust2.models.persistent.Patient)
    - Returns
       - EntityReturnImpl(entity=edu.ncsu.csc.itrust2.models.persistent.Patient, querySpaceUid=<gen:0>, path=edu.ncsu.csc.itrust2.models.persistent.Patient)
          - EntityAttributeFetchImpl(entity=edu.ncsu.csc.itrust2.models.persistent.User, querySpaceUid=<gen:1>, path=edu.ncsu.csc.itrust2.models.persistent.Patient.father)
          - EntityAttributeFetchImpl(entity=edu.ncsu.csc.itrust2.models.persistent.User, querySpaceUid=<gen:2>, path=edu.ncsu.csc.itrust2.models.persistent.Patient.mother)
    - QuerySpaces
       - EntityQuerySpaceImpl(uid=<gen:0>, entity=edu.ncsu.csc.itrust2.models.persistent.Patient)
          - SQL table alias mapping - patient0_
          - alias suffix - 0_
          - suffixed key columns - {self_id18_12_0_}
          - JOIN (JoinDefinedByMetadata(id)) : <gen:0> -> <gen:0>-id
             - CompositeQuerySpaceImpl(uid=<gen:0>-id)
                - SQL table alias mapping - patient0_
          - JOIN (JoinDefinedByMetadata(father)) : <gen:0> -> <gen:1>
             - EntityQuerySpaceImpl(uid=<gen:1>, entity=edu.ncsu.csc.itrust2.models.persistent.User)
                - SQL table alias mapping - user1_
                - alias suffix - 1_
                - suffixed key columns - {username1_15_1_}
          - JOIN (JoinDefinedByMetadata(mother)) : <gen:0> -> <gen:2>
             - EntityQuerySpaceImpl(uid=<gen:2>, entity=edu.ncsu.csc.itrust2.models.persistent.User)
                - SQL table alias mapping - user2_
                - alias suffix - 2_
                - suffixed key columns - {username1_15_2_}

00:38:23.638 [main] DEBUG o.h.loader.entity.plan.EntityLoader - Static select for entity edu.ncsu.csc.itrust2.models.persistent.Patient [NONE]: select patient0_.self_id as self_id18_12_0_, patient0_.address1 as address1_12_0_, patient0_.address2 as address2_12_0_, patient0_.bloodType as bloodTyp3_12_0_, patient0_.causeOfDeath as causeOfD4_12_0_, patient0_.city as city5_12_0_, patient0_.dateOfBirth as dateOfBi6_12_0_, patient0_.dateOfDeath as dateOfDe7_12_0_, patient0_.email as email8_12_0_, patient0_.ethnicity as ethnicit9_12_0_, patient0_.father_id as father_19_12_0_, patient0_.firstName as firstNa10_12_0_, patient0_.gender as gender11_12_0_, patient0_.id as id12_12_0_, patient0_.lastName as lastNam13_12_0_, patient0_.mother_id as mother_20_12_0_, patient0_.phone as phone14_12_0_, patient0_.preferredName as preferr15_12_0_, patient0_.state as state16_12_0_, patient0_.zip as zip17_12_0_, user1_.username as username1_15_1_, user1_.enabled as enabled2_15_1_, user1_.password as password3_15_1_, user1_.role as role4_15_1_, user2_.username as username1_15_2_, user2_.enabled as enabled2_15_2_, user2_.password as password3_15_2_, user2_.role as role4_15_2_ from Patients patient0_ left outer join Users user1_ on patient0_.father_id=user1_.username left outer join Users user2_ on patient0_.mother_id=user2_.username where patient0_.self_id=?
00:38:23.638 [main] DEBUG o.h.l.p.b.i.spaces.QuerySpacesImpl - Adding QuerySpace : uid = <gen:0> -> org.hibernate.loader.plan.build.internal.spaces.EntityQuerySpaceImpl@381b699c]
00:38:23.638 [main] DEBUG o.h.l.p.b.i.spaces.QuerySpacesImpl - Adding QuerySpace : uid = <gen:0>-id -> org.hibernate.loader.plan.build.internal.spaces.CompositeQuerySpaceImpl@7a89a3e1]
00:38:23.639 [main] DEBUG o.h.p.w.spi.MetamodelGraphWalker - Visiting attribute path : self
00:38:23.639 [main] DEBUG o.h.p.w.spi.MetamodelGraphWalker - Property path deemed to be circular : self
00:38:23.639 [main] DEBUG o.h.p.w.spi.MetamodelGraphWalker - Visiting attribute path : address1
00:38:23.639 [main] DEBUG o.h.p.w.spi.MetamodelGraphWalker - Visiting attribute path : address2
00:38:23.639 [main] DEBUG o.h.p.w.spi.MetamodelGraphWalker - Visiting attribute path : bloodType
00:38:23.639 [main] DEBUG o.h.p.w.spi.MetamodelGraphWalker - Visiting attribute path : causeOfDeath
00:38:23.639 [main] DEBUG o.h.p.w.spi.MetamodelGraphWalker - Visiting attribute path : city
00:38:23.639 [main] DEBUG o.h.p.w.spi.MetamodelGraphWalker - Visiting attribute path : dateOfBirth
00:38:23.640 [main] DEBUG o.h.p.w.spi.MetamodelGraphWalker - Visiting attribute path : dateOfDeath
00:38:23.640 [main] DEBUG o.h.p.w.spi.MetamodelGraphWalker - Visiting attribute path : email
00:38:23.640 [main] DEBUG o.h.p.w.spi.MetamodelGraphWalker - Visiting attribute path : ethnicity
00:38:23.640 [main] DEBUG o.h.p.w.spi.MetamodelGraphWalker - Visiting attribute path : father
00:38:23.640 [main] DEBUG o.h.l.p.b.i.spaces.QuerySpacesImpl - Adding QuerySpace : uid = <gen:1> -> org.hibernate.loader.plan.build.internal.spaces.EntityQuerySpaceImpl@3cb7e3c0]
00:38:23.640 [main] DEBUG o.h.p.w.spi.MetamodelGraphWalker - Visiting attribute path : father.enabled
00:38:23.641 [main] DEBUG o.h.p.w.spi.MetamodelGraphWalker - Visiting attribute path : father.password
00:38:23.641 [main] DEBUG o.h.p.w.spi.MetamodelGraphWalker - Visiting attribute path : father.role
00:38:23.641 [main] DEBUG o.h.p.w.spi.MetamodelGraphWalker - Visiting attribute path : firstName
00:38:23.641 [main] DEBUG o.h.p.w.spi.MetamodelGraphWalker - Visiting attribute path : gender
00:38:23.641 [main] DEBUG o.h.p.w.spi.MetamodelGraphWalker - Visiting attribute path : id
00:38:23.641 [main] DEBUG o.h.p.w.spi.MetamodelGraphWalker - Visiting attribute path : lastName
00:38:23.641 [main] DEBUG o.h.p.w.spi.MetamodelGraphWalker - Visiting attribute path : mother
00:38:23.642 [main] DEBUG o.h.l.p.b.i.spaces.QuerySpacesImpl - Adding QuerySpace : uid = <gen:2> -> org.hibernate.loader.plan.build.internal.spaces.EntityQuerySpaceImpl@3ff66103]
00:38:23.642 [main] DEBUG o.h.p.w.spi.MetamodelGraphWalker - Visiting attribute path : mother.enabled
00:38:23.642 [main] DEBUG o.h.p.w.spi.MetamodelGraphWalker - Visiting attribute path : mother.password
00:38:23.642 [main] DEBUG o.h.p.w.spi.MetamodelGraphWalker - Visiting attribute path : mother.role
00:38:23.642 [main] DEBUG o.h.p.w.spi.MetamodelGraphWalker - Visiting attribute path : phone
00:38:23.642 [main] DEBUG o.h.p.w.spi.MetamodelGraphWalker - Visiting attribute path : preferredName
00:38:23.643 [main] DEBUG o.h.p.w.spi.MetamodelGraphWalker - Visiting attribute path : state
00:38:23.643 [main] DEBUG o.h.p.w.spi.MetamodelGraphWalker - Visiting attribute path : zip
00:38:23.643 [main] DEBUG o.h.l.p.b.i.FetchStyleLoadPlanBuildingAssociationVisitationStrategy - Building LoadPlan...
00:38:23.643 [main] DEBUG o.h.l.p.e.i.LoadQueryJoinAndFetchProcessor - processing queryspace <gen:0>
00:38:23.644 [main] DEBUG o.h.l.p.b.spi.LoadPlanTreePrinter - LoadPlan(entity=edu.ncsu.csc.itrust2.models.persistent.Patient)
    - Returns
       - EntityReturnImpl(entity=edu.ncsu.csc.itrust2.models.persistent.Patient, querySpaceUid=<gen:0>, path=edu.ncsu.csc.itrust2.models.persistent.Patient)
          - EntityAttributeFetchImpl(entity=edu.ncsu.csc.itrust2.models.persistent.User, querySpaceUid=<gen:1>, path=edu.ncsu.csc.itrust2.models.persistent.Patient.father)
          - EntityAttributeFetchImpl(entity=edu.ncsu.csc.itrust2.models.persistent.User, querySpaceUid=<gen:2>, path=edu.ncsu.csc.itrust2.models.persistent.Patient.mother)
    - QuerySpaces
       - EntityQuerySpaceImpl(uid=<gen:0>, entity=edu.ncsu.csc.itrust2.models.persistent.Patient)
          - SQL table alias mapping - patient0_
          - alias suffix - 0_
          - suffixed key columns - {self_id18_12_0_}
          - JOIN (JoinDefinedByMetadata(id)) : <gen:0> -> <gen:0>-id
             - CompositeQuerySpaceImpl(uid=<gen:0>-id)
                - SQL table alias mapping - patient0_
          - JOIN (JoinDefinedByMetadata(father)) : <gen:0> -> <gen:1>
             - EntityQuerySpaceImpl(uid=<gen:1>, entity=edu.ncsu.csc.itrust2.models.persistent.User)
                - SQL table alias mapping - user1_
                - alias suffix - 1_
                - suffixed key columns - {username1_15_1_}
          - JOIN (JoinDefinedByMetadata(mother)) : <gen:0> -> <gen:2>
             - EntityQuerySpaceImpl(uid=<gen:2>, entity=edu.ncsu.csc.itrust2.models.persistent.User)
                - SQL table alias mapping - user2_
                - alias suffix - 2_
                - suffixed key columns - {username1_15_2_}

00:38:23.644 [main] DEBUG o.h.loader.entity.plan.EntityLoader - Static select for entity edu.ncsu.csc.itrust2.models.persistent.Patient [READ]: select patient0_.self_id as self_id18_12_0_, patient0_.address1 as address1_12_0_, patient0_.address2 as address2_12_0_, patient0_.bloodType as bloodTyp3_12_0_, patient0_.causeOfDeath as causeOfD4_12_0_, patient0_.city as city5_12_0_, patient0_.dateOfBirth as dateOfBi6_12_0_, patient0_.dateOfDeath as dateOfDe7_12_0_, patient0_.email as email8_12_0_, patient0_.ethnicity as ethnicit9_12_0_, patient0_.father_id as father_19_12_0_, patient0_.firstName as firstNa10_12_0_, patient0_.gender as gender11_12_0_, patient0_.id as id12_12_0_, patient0_.lastName as lastNam13_12_0_, patient0_.mother_id as mother_20_12_0_, patient0_.phone as phone14_12_0_, patient0_.preferredName as preferr15_12_0_, patient0_.state as state16_12_0_, patient0_.zip as zip17_12_0_, user1_.username as username1_15_1_, user1_.enabled as enabled2_15_1_, user1_.password as password3_15_1_, user1_.role as role4_15_1_, user2_.username as username1_15_2_, user2_.enabled as enabled2_15_2_, user2_.password as password3_15_2_, user2_.role as role4_15_2_ from Patients patient0_ left outer join Users user1_ on patient0_.father_id=user1_.username left outer join Users user2_ on patient0_.mother_id=user2_.username where patient0_.self_id=?
00:38:23.644 [main] DEBUG o.h.l.p.b.i.spaces.QuerySpacesImpl - Adding QuerySpace : uid = <gen:0> -> org.hibernate.loader.plan.build.internal.spaces.EntityQuerySpaceImpl@7a288f45]
00:38:23.645 [main] DEBUG o.h.l.p.b.i.spaces.QuerySpacesImpl - Adding QuerySpace : uid = <gen:0>-id -> org.hibernate.loader.plan.build.internal.spaces.CompositeQuerySpaceImpl@474bf725]
00:38:23.645 [main] DEBUG o.h.p.w.spi.MetamodelGraphWalker - Visiting attribute path : self
00:38:23.645 [main] DEBUG o.h.p.w.spi.MetamodelGraphWalker - Property path deemed to be circular : self
00:38:23.645 [main] DEBUG o.h.p.w.spi.MetamodelGraphWalker - Visiting attribute path : address1
00:38:23.645 [main] DEBUG o.h.p.w.spi.MetamodelGraphWalker - Visiting attribute path : address2
00:38:23.645 [main] DEBUG o.h.p.w.spi.MetamodelGraphWalker - Visiting attribute path : bloodType
00:38:23.646 [main] DEBUG o.h.p.w.spi.MetamodelGraphWalker - Visiting attribute path : causeOfDeath
00:38:23.646 [main] DEBUG o.h.p.w.spi.MetamodelGraphWalker - Visiting attribute path : city
00:38:23.646 [main] DEBUG o.h.p.w.spi.MetamodelGraphWalker - Visiting attribute path : dateOfBirth
00:38:23.646 [main] DEBUG o.h.p.w.spi.MetamodelGraphWalker - Visiting attribute path : dateOfDeath
00:38:23.646 [main] DEBUG o.h.p.w.spi.MetamodelGraphWalker - Visiting attribute path : email
00:38:23.646 [main] DEBUG o.h.p.w.spi.MetamodelGraphWalker - Visiting attribute path : ethnicity
00:38:23.646 [main] DEBUG o.h.p.w.spi.MetamodelGraphWalker - Visiting attribute path : father
00:38:23.647 [main] DEBUG o.h.l.p.b.i.spaces.QuerySpacesImpl - Adding QuerySpace : uid = <gen:1> -> org.hibernate.loader.plan.build.internal.spaces.EntityQuerySpaceImpl@1a6a3a0f]
00:38:23.647 [main] DEBUG o.h.p.w.spi.MetamodelGraphWalker - Visiting attribute path : firstName
00:38:23.647 [main] DEBUG o.h.p.w.spi.MetamodelGraphWalker - Visiting attribute path : gender
00:38:23.647 [main] DEBUG o.h.p.w.spi.MetamodelGraphWalker - Visiting attribute path : id
00:38:23.647 [main] DEBUG o.h.p.w.spi.MetamodelGraphWalker - Visiting attribute path : lastName
00:38:23.647 [main] DEBUG o.h.p.w.spi.MetamodelGraphWalker - Visiting attribute path : mother
00:38:23.647 [main] DEBUG o.h.l.p.b.i.spaces.QuerySpacesImpl - Adding QuerySpace : uid = <gen:2> -> org.hibernate.loader.plan.build.internal.spaces.EntityQuerySpaceImpl@20014b8]
00:38:23.648 [main] DEBUG o.h.p.w.spi.MetamodelGraphWalker - Visiting attribute path : phone
00:38:23.648 [main] DEBUG o.h.p.w.spi.MetamodelGraphWalker - Visiting attribute path : preferredName
00:38:23.648 [main] DEBUG o.h.p.w.spi.MetamodelGraphWalker - Visiting attribute path : state
00:38:23.648 [main] DEBUG o.h.p.w.spi.MetamodelGraphWalker - Visiting attribute path : zip
00:38:23.648 [main] DEBUG o.h.l.p.b.i.FetchStyleLoadPlanBuildingAssociationVisitationStrategy - Building LoadPlan...
00:38:23.649 [main] DEBUG o.h.l.p.e.i.LoadQueryJoinAndFetchProcessor - processing queryspace <gen:0>
00:38:23.649 [main] DEBUG o.h.l.p.b.spi.LoadPlanTreePrinter - LoadPlan(entity=edu.ncsu.csc.itrust2.models.persistent.Patient)
    - Returns
       - EntityReturnImpl(entity=edu.ncsu.csc.itrust2.models.persistent.Patient, querySpaceUid=<gen:0>, path=edu.ncsu.csc.itrust2.models.persistent.Patient)
          - EntityAttributeFetchImpl(entity=edu.ncsu.csc.itrust2.models.persistent.User, querySpaceUid=<gen:1>, path=edu.ncsu.csc.itrust2.models.persistent.Patient.father)
          - EntityAttributeFetchImpl(entity=edu.ncsu.csc.itrust2.models.persistent.User, querySpaceUid=<gen:2>, path=edu.ncsu.csc.itrust2.models.persistent.Patient.mother)
    - QuerySpaces
       - EntityQuerySpaceImpl(uid=<gen:0>, entity=edu.ncsu.csc.itrust2.models.persistent.Patient)
          - SQL table alias mapping - patient0_
          - alias suffix - 0_
          - suffixed key columns - {self_id18_12_0_}
          - JOIN (JoinDefinedByMetadata(id)) : <gen:0> -> <gen:0>-id
             - CompositeQuerySpaceImpl(uid=<gen:0>-id)
                - SQL table alias mapping - patient0_

00:38:23.649 [main] DEBUG o.h.loader.entity.plan.EntityLoader - Static select for entity edu.ncsu.csc.itrust2.models.persistent.Patient [UPGRADE]: select patient0_.self_id as self_id18_12_0_, patient0_.address1 as address1_12_0_, patient0_.address2 as address2_12_0_, patient0_.bloodType as bloodTyp3_12_0_, patient0_.causeOfDeath as causeOfD4_12_0_, patient0_.city as city5_12_0_, patient0_.dateOfBirth as dateOfBi6_12_0_, patient0_.dateOfDeath as dateOfDe7_12_0_, patient0_.email as email8_12_0_, patient0_.ethnicity as ethnicit9_12_0_, patient0_.father_id as father_19_12_0_, patient0_.firstName as firstNa10_12_0_, patient0_.gender as gender11_12_0_, patient0_.id as id12_12_0_, patient0_.lastName as lastNam13_12_0_, patient0_.mother_id as mother_20_12_0_, patient0_.phone as phone14_12_0_, patient0_.preferredName as preferr15_12_0_, patient0_.state as state16_12_0_, patient0_.zip as zip17_12_0_ from Patients patient0_ where patient0_.self_id=? for update
00:38:23.649 [main] DEBUG o.h.l.p.b.i.spaces.QuerySpacesImpl - Adding QuerySpace : uid = <gen:0> -> org.hibernate.loader.plan.build.internal.spaces.EntityQuerySpaceImpl@2fc2096]
00:38:23.650 [main] DEBUG o.h.l.p.b.i.spaces.QuerySpacesImpl - Adding QuerySpace : uid = <gen:0>-id -> org.hibernate.loader.plan.build.internal.spaces.CompositeQuerySpaceImpl@10335e87]
00:38:23.650 [main] DEBUG o.h.p.w.spi.MetamodelGraphWalker - Visiting attribute path : self
00:38:23.650 [main] DEBUG o.h.p.w.spi.MetamodelGraphWalker - Property path deemed to be circular : self
00:38:23.650 [main] DEBUG o.h.p.w.spi.MetamodelGraphWalker - Visiting attribute path : address1
00:38:23.650 [main] DEBUG o.h.p.w.spi.MetamodelGraphWalker - Visiting attribute path : address2
00:38:23.650 [main] DEBUG o.h.p.w.spi.MetamodelGraphWalker - Visiting attribute path : bloodType
00:38:23.651 [main] DEBUG o.h.p.w.spi.MetamodelGraphWalker - Visiting attribute path : causeOfDeath
00:38:23.651 [main] DEBUG o.h.p.w.spi.MetamodelGraphWalker - Visiting attribute path : city
00:38:23.651 [main] DEBUG o.h.p.w.spi.MetamodelGraphWalker - Visiting attribute path : dateOfBirth
00:38:23.651 [main] DEBUG o.h.p.w.spi.MetamodelGraphWalker - Visiting attribute path : dateOfDeath
00:38:23.651 [main] DEBUG o.h.p.w.spi.MetamodelGraphWalker - Visiting attribute path : email
00:38:23.651 [main] DEBUG o.h.p.w.spi.MetamodelGraphWalker - Visiting attribute path : ethnicity
00:38:23.651 [main] DEBUG o.h.p.w.spi.MetamodelGraphWalker - Visiting attribute path : father
00:38:23.652 [main] DEBUG o.h.l.p.b.i.spaces.QuerySpacesImpl - Adding QuerySpace : uid = <gen:1> -> org.hibernate.loader.plan.build.internal.spaces.EntityQuerySpaceImpl@3a7eade2]
00:38:23.652 [main] DEBUG o.h.p.w.spi.MetamodelGraphWalker - Visiting attribute path : firstName
00:38:23.652 [main] DEBUG o.h.p.w.spi.MetamodelGraphWalker - Visiting attribute path : gender
00:38:23.652 [main] DEBUG o.h.p.w.spi.MetamodelGraphWalker - Visiting attribute path : id
00:38:23.652 [main] DEBUG o.h.p.w.spi.MetamodelGraphWalker - Visiting attribute path : lastName
00:38:23.652 [main] DEBUG o.h.p.w.spi.MetamodelGraphWalker - Visiting attribute path : mother
00:38:23.652 [main] DEBUG o.h.l.p.b.i.spaces.QuerySpacesImpl - Adding QuerySpace : uid = <gen:2> -> org.hibernate.loader.plan.build.internal.spaces.EntityQuerySpaceImpl@30331b4c]
00:38:23.653 [main] DEBUG o.h.p.w.spi.MetamodelGraphWalker - Visiting attribute path : phone
00:38:23.653 [main] DEBUG o.h.p.w.spi.MetamodelGraphWalker - Visiting attribute path : preferredName
00:38:23.653 [main] DEBUG o.h.p.w.spi.MetamodelGraphWalker - Visiting attribute path : state
00:38:23.653 [main] DEBUG o.h.p.w.spi.MetamodelGraphWalker - Visiting attribute path : zip
00:38:23.653 [main] DEBUG o.h.l.p.b.i.FetchStyleLoadPlanBuildingAssociationVisitationStrategy - Building LoadPlan...
00:38:23.653 [main] DEBUG o.h.l.p.e.i.LoadQueryJoinAndFetchProcessor - processing queryspace <gen:0>
00:38:23.654 [main] DEBUG o.h.l.p.b.spi.LoadPlanTreePrinter - LoadPlan(entity=edu.ncsu.csc.itrust2.models.persistent.Patient)
    - Returns
       - EntityReturnImpl(entity=edu.ncsu.csc.itrust2.models.persistent.Patient, querySpaceUid=<gen:0>, path=edu.ncsu.csc.itrust2.models.persistent.Patient)
          - EntityAttributeFetchImpl(entity=edu.ncsu.csc.itrust2.models.persistent.User, querySpaceUid=<gen:1>, path=edu.ncsu.csc.itrust2.models.persistent.Patient.father)
          - EntityAttributeFetchImpl(entity=edu.ncsu.csc.itrust2.models.persistent.User, querySpaceUid=<gen:2>, path=edu.ncsu.csc.itrust2.models.persistent.Patient.mother)
    - QuerySpaces
       - EntityQuerySpaceImpl(uid=<gen:0>, entity=edu.ncsu.csc.itrust2.models.persistent.Patient)
          - SQL table alias mapping - patient0_
          - alias suffix - 0_
          - suffixed key columns - {self_id18_12_0_}
          - JOIN (JoinDefinedByMetadata(id)) : <gen:0> -> <gen:0>-id
             - CompositeQuerySpaceImpl(uid=<gen:0>-id)
                - SQL table alias mapping - patient0_

00:38:23.654 [main] DEBUG o.h.loader.entity.plan.EntityLoader - Static select for entity edu.ncsu.csc.itrust2.models.persistent.Patient [UPGRADE_NOWAIT]: select patient0_.self_id as self_id18_12_0_, patient0_.address1 as address1_12_0_, patient0_.address2 as address2_12_0_, patient0_.bloodType as bloodTyp3_12_0_, patient0_.causeOfDeath as causeOfD4_12_0_, patient0_.city as city5_12_0_, patient0_.dateOfBirth as dateOfBi6_12_0_, patient0_.dateOfDeath as dateOfDe7_12_0_, patient0_.email as email8_12_0_, patient0_.ethnicity as ethnicit9_12_0_, patient0_.father_id as father_19_12_0_, patient0_.firstName as firstNa10_12_0_, patient0_.gender as gender11_12_0_, patient0_.id as id12_12_0_, patient0_.lastName as lastNam13_12_0_, patient0_.mother_id as mother_20_12_0_, patient0_.phone as phone14_12_0_, patient0_.preferredName as preferr15_12_0_, patient0_.state as state16_12_0_, patient0_.zip as zip17_12_0_ from Patients patient0_ where patient0_.self_id=? for update
00:38:23.654 [main] DEBUG o.h.l.p.b.i.spaces.QuerySpacesImpl - Adding QuerySpace : uid = <gen:0> -> org.hibernate.loader.plan.build.internal.spaces.EntityQuerySpaceImpl@7e993d42]
00:38:23.654 [main] DEBUG o.h.l.p.b.i.spaces.QuerySpacesImpl - Adding QuerySpace : uid = <gen:0>-id -> org.hibernate.loader.plan.build.internal.spaces.CompositeQuerySpaceImpl@97d3f57]
00:38:23.655 [main] DEBUG o.h.p.w.spi.MetamodelGraphWalker - Visiting attribute path : self
00:38:23.655 [main] DEBUG o.h.p.w.spi.MetamodelGraphWalker - Property path deemed to be circular : self
00:38:23.655 [main] DEBUG o.h.p.w.spi.MetamodelGraphWalker - Visiting attribute path : address1
00:38:23.655 [main] DEBUG o.h.p.w.spi.MetamodelGraphWalker - Visiting attribute path : address2
00:38:23.655 [main] DEBUG o.h.p.w.spi.MetamodelGraphWalker - Visiting attribute path : bloodType
00:38:23.655 [main] DEBUG o.h.p.w.spi.MetamodelGraphWalker - Visiting attribute path : causeOfDeath
00:38:23.656 [main] DEBUG o.h.p.w.spi.MetamodelGraphWalker - Visiting attribute path : city
00:38:23.656 [main] DEBUG o.h.p.w.spi.MetamodelGraphWalker - Visiting attribute path : dateOfBirth
00:38:23.656 [main] DEBUG o.h.p.w.spi.MetamodelGraphWalker - Visiting attribute path : dateOfDeath
00:38:23.656 [main] DEBUG o.h.p.w.spi.MetamodelGraphWalker - Visiting attribute path : email
00:38:23.656 [main] DEBUG o.h.p.w.spi.MetamodelGraphWalker - Visiting attribute path : ethnicity
00:38:23.656 [main] DEBUG o.h.p.w.spi.MetamodelGraphWalker - Visiting attribute path : father
00:38:23.656 [main] DEBUG o.h.l.p.b.i.spaces.QuerySpacesImpl - Adding QuerySpace : uid = <gen:1> -> org.hibernate.loader.plan.build.internal.spaces.EntityQuerySpaceImpl@59a65b77]
00:38:23.657 [main] DEBUG o.h.p.w.spi.MetamodelGraphWalker - Visiting attribute path : firstName
00:38:23.657 [main] DEBUG o.h.p.w.spi.MetamodelGraphWalker - Visiting attribute path : gender
00:38:23.657 [main] DEBUG o.h.p.w.spi.MetamodelGraphWalker - Visiting attribute path : id
00:38:23.657 [main] DEBUG o.h.p.w.spi.MetamodelGraphWalker - Visiting attribute path : lastName
00:38:23.657 [main] DEBUG o.h.p.w.spi.MetamodelGraphWalker - Visiting attribute path : mother
00:38:23.657 [main] DEBUG o.h.l.p.b.i.spaces.QuerySpacesImpl - Adding QuerySpace : uid = <gen:2> -> org.hibernate.loader.plan.build.internal.spaces.EntityQuerySpaceImpl@39414093]
00:38:23.657 [main] DEBUG o.h.p.w.spi.MetamodelGraphWalker - Visiting attribute path : phone
00:38:23.658 [main] DEBUG o.h.p.w.spi.MetamodelGraphWalker - Visiting attribute path : preferredName
00:38:23.658 [main] DEBUG o.h.p.w.spi.MetamodelGraphWalker - Visiting attribute path : state
00:38:23.658 [main] DEBUG o.h.p.w.spi.MetamodelGraphWalker - Visiting attribute path : zip
00:38:23.658 [main] DEBUG o.h.l.p.b.i.FetchStyleLoadPlanBuildingAssociationVisitationStrategy - Building LoadPlan...
00:38:23.658 [main] DEBUG o.h.l.p.e.i.LoadQueryJoinAndFetchProcessor - processing queryspace <gen:0>
00:38:23.659 [main] DEBUG o.h.l.p.b.spi.LoadPlanTreePrinter - LoadPlan(entity=edu.ncsu.csc.itrust2.models.persistent.Patient)
    - Returns
       - EntityReturnImpl(entity=edu.ncsu.csc.itrust2.models.persistent.Patient, querySpaceUid=<gen:0>, path=edu.ncsu.csc.itrust2.models.persistent.Patient)
          - EntityAttributeFetchImpl(entity=edu.ncsu.csc.itrust2.models.persistent.User, querySpaceUid=<gen:1>, path=edu.ncsu.csc.itrust2.models.persistent.Patient.father)
          - EntityAttributeFetchImpl(entity=edu.ncsu.csc.itrust2.models.persistent.User, querySpaceUid=<gen:2>, path=edu.ncsu.csc.itrust2.models.persistent.Patient.mother)
    - QuerySpaces
       - EntityQuerySpaceImpl(uid=<gen:0>, entity=edu.ncsu.csc.itrust2.models.persistent.Patient)
          - SQL table alias mapping - patient0_
          - alias suffix - 0_
          - suffixed key columns - {self_id18_12_0_}
          - JOIN (JoinDefinedByMetadata(id)) : <gen:0> -> <gen:0>-id
             - CompositeQuerySpaceImpl(uid=<gen:0>-id)
                - SQL table alias mapping - patient0_

00:38:23.659 [main] DEBUG o.h.loader.entity.plan.EntityLoader - Static select for entity edu.ncsu.csc.itrust2.models.persistent.Patient [UPGRADE_SKIPLOCKED]: select patient0_.self_id as self_id18_12_0_, patient0_.address1 as address1_12_0_, patient0_.address2 as address2_12_0_, patient0_.bloodType as bloodTyp3_12_0_, patient0_.causeOfDeath as causeOfD4_12_0_, patient0_.city as city5_12_0_, patient0_.dateOfBirth as dateOfBi6_12_0_, patient0_.dateOfDeath as dateOfDe7_12_0_, patient0_.email as email8_12_0_, patient0_.ethnicity as ethnicit9_12_0_, patient0_.father_id as father_19_12_0_, patient0_.firstName as firstNa10_12_0_, patient0_.gender as gender11_12_0_, patient0_.id as id12_12_0_, patient0_.lastName as lastNam13_12_0_, patient0_.mother_id as mother_20_12_0_, patient0_.phone as phone14_12_0_, patient0_.preferredName as preferr15_12_0_, patient0_.state as state16_12_0_, patient0_.zip as zip17_12_0_ from Patients patient0_ where patient0_.self_id=? for update
00:38:23.659 [main] DEBUG o.h.l.p.b.i.spaces.QuerySpacesImpl - Adding QuerySpace : uid = <gen:0> -> org.hibernate.loader.plan.build.internal.spaces.EntityQuerySpaceImpl@63a9df26]
00:38:23.659 [main] DEBUG o.h.l.p.b.i.spaces.QuerySpacesImpl - Adding QuerySpace : uid = <gen:0>-id -> org.hibernate.loader.plan.build.internal.spaces.CompositeQuerySpaceImpl@1df35f2f]
00:38:23.660 [main] DEBUG o.h.p.w.spi.MetamodelGraphWalker - Visiting attribute path : self
00:38:23.660 [main] DEBUG o.h.p.w.spi.MetamodelGraphWalker - Property path deemed to be circular : self
00:38:23.660 [main] DEBUG o.h.p.w.spi.MetamodelGraphWalker - Visiting attribute path : address1
00:38:23.660 [main] DEBUG o.h.p.w.spi.MetamodelGraphWalker - Visiting attribute path : address2
00:38:23.660 [main] DEBUG o.h.p.w.spi.MetamodelGraphWalker - Visiting attribute path : bloodType
00:38:23.661 [main] DEBUG o.h.p.w.spi.MetamodelGraphWalker - Visiting attribute path : causeOfDeath
00:38:23.661 [main] DEBUG o.h.p.w.spi.MetamodelGraphWalker - Visiting attribute path : city
00:38:23.661 [main] DEBUG o.h.p.w.spi.MetamodelGraphWalker - Visiting attribute path : dateOfBirth
00:38:23.661 [main] DEBUG o.h.p.w.spi.MetamodelGraphWalker - Visiting attribute path : dateOfDeath
00:38:23.661 [main] DEBUG o.h.p.w.spi.MetamodelGraphWalker - Visiting attribute path : email
00:38:23.661 [main] DEBUG o.h.p.w.spi.MetamodelGraphWalker - Visiting attribute path : ethnicity
00:38:23.661 [main] DEBUG o.h.p.w.spi.MetamodelGraphWalker - Visiting attribute path : father
00:38:23.662 [main] DEBUG o.h.l.p.b.i.spaces.QuerySpacesImpl - Adding QuerySpace : uid = <gen:1> -> org.hibernate.loader.plan.build.internal.spaces.EntityQuerySpaceImpl@68eef6f9]
00:38:23.662 [main] DEBUG o.h.p.w.spi.MetamodelGraphWalker - Visiting attribute path : firstName
00:38:23.662 [main] DEBUG o.h.p.w.spi.MetamodelGraphWalker - Visiting attribute path : gender
00:38:23.662 [main] DEBUG o.h.p.w.spi.MetamodelGraphWalker - Visiting attribute path : id
00:38:23.662 [main] DEBUG o.h.p.w.spi.MetamodelGraphWalker - Visiting attribute path : lastName
00:38:23.662 [main] DEBUG o.h.p.w.spi.MetamodelGraphWalker - Visiting attribute path : mother
00:38:23.663 [main] DEBUG o.h.l.p.b.i.spaces.QuerySpacesImpl - Adding QuerySpace : uid = <gen:2> -> org.hibernate.loader.plan.build.internal.spaces.EntityQuerySpaceImpl@6f63d6ec]
00:38:23.663 [main] DEBUG o.h.p.w.spi.MetamodelGraphWalker - Visiting attribute path : phone
00:38:23.663 [main] DEBUG o.h.p.w.spi.MetamodelGraphWalker - Visiting attribute path : preferredName
00:38:23.663 [main] DEBUG o.h.p.w.spi.MetamodelGraphWalker - Visiting attribute path : state
00:38:23.663 [main] DEBUG o.h.p.w.spi.MetamodelGraphWalker - Visiting attribute path : zip
00:38:23.663 [main] DEBUG o.h.l.p.b.i.FetchStyleLoadPlanBuildingAssociationVisitationStrategy - Building LoadPlan...
00:38:23.664 [main] DEBUG o.h.l.p.e.i.LoadQueryJoinAndFetchProcessor - processing queryspace <gen:0>
00:38:23.664 [main] DEBUG o.h.l.p.b.spi.LoadPlanTreePrinter - LoadPlan(entity=edu.ncsu.csc.itrust2.models.persistent.Patient)
    - Returns
       - EntityReturnImpl(entity=edu.ncsu.csc.itrust2.models.persistent.Patient, querySpaceUid=<gen:0>, path=edu.ncsu.csc.itrust2.models.persistent.Patient)
          - EntityAttributeFetchImpl(entity=edu.ncsu.csc.itrust2.models.persistent.User, querySpaceUid=<gen:1>, path=edu.ncsu.csc.itrust2.models.persistent.Patient.father)
          - EntityAttributeFetchImpl(entity=edu.ncsu.csc.itrust2.models.persistent.User, querySpaceUid=<gen:2>, path=edu.ncsu.csc.itrust2.models.persistent.Patient.mother)
    - QuerySpaces
       - EntityQuerySpaceImpl(uid=<gen:0>, entity=edu.ncsu.csc.itrust2.models.persistent.Patient)
          - SQL table alias mapping - patient0_
          - alias suffix - 0_
          - suffixed key columns - {self_id18_12_0_}
          - JOIN (JoinDefinedByMetadata(id)) : <gen:0> -> <gen:0>-id
             - CompositeQuerySpaceImpl(uid=<gen:0>-id)
                - SQL table alias mapping - patient0_

00:38:23.664 [main] DEBUG o.h.loader.entity.plan.EntityLoader - Static select for entity edu.ncsu.csc.itrust2.models.persistent.Patient [FORCE]: select patient0_.self_id as self_id18_12_0_, patient0_.address1 as address1_12_0_, patient0_.address2 as address2_12_0_, patient0_.bloodType as bloodTyp3_12_0_, patient0_.causeOfDeath as causeOfD4_12_0_, patient0_.city as city5_12_0_, patient0_.dateOfBirth as dateOfBi6_12_0_, patient0_.dateOfDeath as dateOfDe7_12_0_, patient0_.email as email8_12_0_, patient0_.ethnicity as ethnicit9_12_0_, patient0_.father_id as father_19_12_0_, patient0_.firstName as firstNa10_12_0_, patient0_.gender as gender11_12_0_, patient0_.id as id12_12_0_, patient0_.lastName as lastNam13_12_0_, patient0_.mother_id as mother_20_12_0_, patient0_.phone as phone14_12_0_, patient0_.preferredName as preferr15_12_0_, patient0_.state as state16_12_0_, patient0_.zip as zip17_12_0_ from Patients patient0_ where patient0_.self_id=? for update
00:38:23.664 [main] DEBUG o.h.l.p.b.i.spaces.QuerySpacesImpl - Adding QuerySpace : uid = <gen:0> -> org.hibernate.loader.plan.build.internal.spaces.EntityQuerySpaceImpl@37ce54ef]
00:38:23.665 [main] DEBUG o.h.l.p.b.i.spaces.QuerySpacesImpl - Adding QuerySpace : uid = <gen:0>-id -> org.hibernate.loader.plan.build.internal.spaces.CompositeQuerySpaceImpl@688e9cc5]
00:38:23.665 [main] DEBUG o.h.p.w.spi.MetamodelGraphWalker - Visiting attribute path : self
00:38:23.665 [main] DEBUG o.h.p.w.spi.MetamodelGraphWalker - Property path deemed to be circular : self
00:38:23.665 [main] DEBUG o.h.p.w.spi.MetamodelGraphWalker - Visiting attribute path : address1
00:38:23.665 [main] DEBUG o.h.p.w.spi.MetamodelGraphWalker - Visiting attribute path : address2
00:38:23.665 [main] DEBUG o.h.p.w.spi.MetamodelGraphWalker - Visiting attribute path : bloodType
00:38:23.666 [main] DEBUG o.h.p.w.spi.MetamodelGraphWalker - Visiting attribute path : causeOfDeath
00:38:23.666 [main] DEBUG o.h.p.w.spi.MetamodelGraphWalker - Visiting attribute path : city
00:38:23.666 [main] DEBUG o.h.p.w.spi.MetamodelGraphWalker - Visiting attribute path : dateOfBirth
00:38:23.666 [main] DEBUG o.h.p.w.spi.MetamodelGraphWalker - Visiting attribute path : dateOfDeath
00:38:23.666 [main] DEBUG o.h.p.w.spi.MetamodelGraphWalker - Visiting attribute path : email
00:38:23.666 [main] DEBUG o.h.p.w.spi.MetamodelGraphWalker - Visiting attribute path : ethnicity
00:38:23.666 [main] DEBUG o.h.p.w.spi.MetamodelGraphWalker - Visiting attribute path : father
00:38:23.667 [main] DEBUG o.h.l.p.b.i.spaces.QuerySpacesImpl - Adding QuerySpace : uid = <gen:1> -> org.hibernate.loader.plan.build.internal.spaces.EntityQuerySpaceImpl@43c1dfae]
00:38:23.667 [main] DEBUG o.h.p.w.spi.MetamodelGraphWalker - Visiting attribute path : firstName
00:38:23.667 [main] DEBUG o.h.p.w.spi.MetamodelGraphWalker - Visiting attribute path : gender
00:38:23.667 [main] DEBUG o.h.p.w.spi.MetamodelGraphWalker - Visiting attribute path : id
00:38:23.667 [main] DEBUG o.h.p.w.spi.MetamodelGraphWalker - Visiting attribute path : lastName
00:38:23.667 [main] DEBUG o.h.p.w.spi.MetamodelGraphWalker - Visiting attribute path : mother
00:38:23.667 [main] DEBUG o.h.l.p.b.i.spaces.QuerySpacesImpl - Adding QuerySpace : uid = <gen:2> -> org.hibernate.loader.plan.build.internal.spaces.EntityQuerySpaceImpl@5f350ba7]
00:38:23.668 [main] DEBUG o.h.p.w.spi.MetamodelGraphWalker - Visiting attribute path : phone
00:38:23.668 [main] DEBUG o.h.p.w.spi.MetamodelGraphWalker - Visiting attribute path : preferredName
00:38:23.668 [main] DEBUG o.h.p.w.spi.MetamodelGraphWalker - Visiting attribute path : state
00:38:23.668 [main] DEBUG o.h.p.w.spi.MetamodelGraphWalker - Visiting attribute path : zip
00:38:23.668 [main] DEBUG o.h.l.p.b.i.FetchStyleLoadPlanBuildingAssociationVisitationStrategy - Building LoadPlan...
00:38:23.668 [main] DEBUG o.h.l.p.e.i.LoadQueryJoinAndFetchProcessor - processing queryspace <gen:0>
00:38:23.669 [main] DEBUG o.h.l.p.b.spi.LoadPlanTreePrinter - LoadPlan(entity=edu.ncsu.csc.itrust2.models.persistent.Patient)
    - Returns
       - EntityReturnImpl(entity=edu.ncsu.csc.itrust2.models.persistent.Patient, querySpaceUid=<gen:0>, path=edu.ncsu.csc.itrust2.models.persistent.Patient)
          - EntityAttributeFetchImpl(entity=edu.ncsu.csc.itrust2.models.persistent.User, querySpaceUid=<gen:1>, path=edu.ncsu.csc.itrust2.models.persistent.Patient.father)
          - EntityAttributeFetchImpl(entity=edu.ncsu.csc.itrust2.models.persistent.User, querySpaceUid=<gen:2>, path=edu.ncsu.csc.itrust2.models.persistent.Patient.mother)
    - QuerySpaces
       - EntityQuerySpaceImpl(uid=<gen:0>, entity=edu.ncsu.csc.itrust2.models.persistent.Patient)
          - SQL table alias mapping - patient0_
          - alias suffix - 0_
          - suffixed key columns - {self_id18_12_0_}
          - JOIN (JoinDefinedByMetadata(id)) : <gen:0> -> <gen:0>-id
             - CompositeQuerySpaceImpl(uid=<gen:0>-id)
                - SQL table alias mapping - patient0_

00:38:23.669 [main] DEBUG o.h.loader.entity.plan.EntityLoader - Static select for entity edu.ncsu.csc.itrust2.models.persistent.Patient [PESSIMISTIC_READ]: select patient0_.self_id as self_id18_12_0_, patient0_.address1 as address1_12_0_, patient0_.address2 as address2_12_0_, patient0_.bloodType as bloodTyp3_12_0_, patient0_.causeOfDeath as causeOfD4_12_0_, patient0_.city as city5_12_0_, patient0_.dateOfBirth as dateOfBi6_12_0_, patient0_.dateOfDeath as dateOfDe7_12_0_, patient0_.email as email8_12_0_, patient0_.ethnicity as ethnicit9_12_0_, patient0_.father_id as father_19_12_0_, patient0_.firstName as firstNa10_12_0_, patient0_.gender as gender11_12_0_, patient0_.id as id12_12_0_, patient0_.lastName as lastNam13_12_0_, patient0_.mother_id as mother_20_12_0_, patient0_.phone as phone14_12_0_, patient0_.preferredName as preferr15_12_0_, patient0_.state as state16_12_0_, patient0_.zip as zip17_12_0_ from Patients patient0_ where patient0_.self_id=? lock in share mode
00:38:23.669 [main] DEBUG o.h.l.p.b.i.spaces.QuerySpacesImpl - Adding QuerySpace : uid = <gen:0> -> org.hibernate.loader.plan.build.internal.spaces.EntityQuerySpaceImpl@6f7d962c]
00:38:23.669 [main] DEBUG o.h.l.p.b.i.spaces.QuerySpacesImpl - Adding QuerySpace : uid = <gen:0>-id -> org.hibernate.loader.plan.build.internal.spaces.CompositeQuerySpaceImpl@52fb969]
00:38:23.670 [main] DEBUG o.h.p.w.spi.MetamodelGraphWalker - Visiting attribute path : self
00:38:23.670 [main] DEBUG o.h.p.w.spi.MetamodelGraphWalker - Property path deemed to be circular : self
00:38:23.670 [main] DEBUG o.h.p.w.spi.MetamodelGraphWalker - Visiting attribute path : address1
00:38:23.670 [main] DEBUG o.h.p.w.spi.MetamodelGraphWalker - Visiting attribute path : address2
00:38:23.670 [main] DEBUG o.h.p.w.spi.MetamodelGraphWalker - Visiting attribute path : bloodType
00:38:23.670 [main] DEBUG o.h.p.w.spi.MetamodelGraphWalker - Visiting attribute path : causeOfDeath
00:38:23.670 [main] DEBUG o.h.p.w.spi.MetamodelGraphWalker - Visiting attribute path : city
00:38:23.671 [main] DEBUG o.h.p.w.spi.MetamodelGraphWalker - Visiting attribute path : dateOfBirth
00:38:23.671 [main] DEBUG o.h.p.w.spi.MetamodelGraphWalker - Visiting attribute path : dateOfDeath
00:38:23.671 [main] DEBUG o.h.p.w.spi.MetamodelGraphWalker - Visiting attribute path : email
00:38:23.671 [main] DEBUG o.h.p.w.spi.MetamodelGraphWalker - Visiting attribute path : ethnicity
00:38:23.671 [main] DEBUG o.h.p.w.spi.MetamodelGraphWalker - Visiting attribute path : father
00:38:23.671 [main] DEBUG o.h.l.p.b.i.spaces.QuerySpacesImpl - Adding QuerySpace : uid = <gen:1> -> org.hibernate.loader.plan.build.internal.spaces.EntityQuerySpaceImpl@3c0e4560]
00:38:23.671 [main] DEBUG o.h.p.w.spi.MetamodelGraphWalker - Visiting attribute path : firstName
00:38:23.672 [main] DEBUG o.h.p.w.spi.MetamodelGraphWalker - Visiting attribute path : gender
00:38:23.672 [main] DEBUG o.h.p.w.spi.MetamodelGraphWalker - Visiting attribute path : id
00:38:23.672 [main] DEBUG o.h.p.w.spi.MetamodelGraphWalker - Visiting attribute path : lastName
00:38:23.672 [main] DEBUG o.h.p.w.spi.MetamodelGraphWalker - Visiting attribute path : mother
00:38:23.672 [main] DEBUG o.h.l.p.b.i.spaces.QuerySpacesImpl - Adding QuerySpace : uid = <gen:2> -> org.hibernate.loader.plan.build.internal.spaces.EntityQuerySpaceImpl@44924779]
00:38:23.672 [main] DEBUG o.h.p.w.spi.MetamodelGraphWalker - Visiting attribute path : phone
00:38:23.673 [main] DEBUG o.h.p.w.spi.MetamodelGraphWalker - Visiting attribute path : preferredName
00:38:23.673 [main] DEBUG o.h.p.w.spi.MetamodelGraphWalker - Visiting attribute path : state
00:38:23.673 [main] DEBUG o.h.p.w.spi.MetamodelGraphWalker - Visiting attribute path : zip
00:38:23.673 [main] DEBUG o.h.l.p.b.i.FetchStyleLoadPlanBuildingAssociationVisitationStrategy - Building LoadPlan...
00:38:23.673 [main] DEBUG o.h.l.p.e.i.LoadQueryJoinAndFetchProcessor - processing queryspace <gen:0>
00:38:23.674 [main] DEBUG o.h.l.p.b.spi.LoadPlanTreePrinter - LoadPlan(entity=edu.ncsu.csc.itrust2.models.persistent.Patient)
    - Returns
       - EntityReturnImpl(entity=edu.ncsu.csc.itrust2.models.persistent.Patient, querySpaceUid=<gen:0>, path=edu.ncsu.csc.itrust2.models.persistent.Patient)
          - EntityAttributeFetchImpl(entity=edu.ncsu.csc.itrust2.models.persistent.User, querySpaceUid=<gen:1>, path=edu.ncsu.csc.itrust2.models.persistent.Patient.father)
          - EntityAttributeFetchImpl(entity=edu.ncsu.csc.itrust2.models.persistent.User, querySpaceUid=<gen:2>, path=edu.ncsu.csc.itrust2.models.persistent.Patient.mother)
    - QuerySpaces
       - EntityQuerySpaceImpl(uid=<gen:0>, entity=edu.ncsu.csc.itrust2.models.persistent.Patient)
          - SQL table alias mapping - patient0_
          - alias suffix - 0_
          - suffixed key columns - {self_id18_12_0_}
          - JOIN (JoinDefinedByMetadata(id)) : <gen:0> -> <gen:0>-id
             - CompositeQuerySpaceImpl(uid=<gen:0>-id)
                - SQL table alias mapping - patient0_

00:38:23.674 [main] DEBUG o.h.loader.entity.plan.EntityLoader - Static select for entity edu.ncsu.csc.itrust2.models.persistent.Patient [PESSIMISTIC_WRITE]: select patient0_.self_id as self_id18_12_0_, patient0_.address1 as address1_12_0_, patient0_.address2 as address2_12_0_, patient0_.bloodType as bloodTyp3_12_0_, patient0_.causeOfDeath as causeOfD4_12_0_, patient0_.city as city5_12_0_, patient0_.dateOfBirth as dateOfBi6_12_0_, patient0_.dateOfDeath as dateOfDe7_12_0_, patient0_.email as email8_12_0_, patient0_.ethnicity as ethnicit9_12_0_, patient0_.father_id as father_19_12_0_, patient0_.firstName as firstNa10_12_0_, patient0_.gender as gender11_12_0_, patient0_.id as id12_12_0_, patient0_.lastName as lastNam13_12_0_, patient0_.mother_id as mother_20_12_0_, patient0_.phone as phone14_12_0_, patient0_.preferredName as preferr15_12_0_, patient0_.state as state16_12_0_, patient0_.zip as zip17_12_0_ from Patients patient0_ where patient0_.self_id=? for update
00:38:23.674 [main] DEBUG o.h.l.p.b.i.spaces.QuerySpacesImpl - Adding QuerySpace : uid = <gen:0> -> org.hibernate.loader.plan.build.internal.spaces.EntityQuerySpaceImpl@7d231564]
00:38:23.674 [main] DEBUG o.h.l.p.b.i.spaces.QuerySpacesImpl - Adding QuerySpace : uid = <gen:0>-id -> org.hibernate.loader.plan.build.internal.spaces.CompositeQuerySpaceImpl@4994717a]
00:38:23.675 [main] DEBUG o.h.p.w.spi.MetamodelGraphWalker - Visiting attribute path : self
00:38:23.675 [main] DEBUG o.h.p.w.spi.MetamodelGraphWalker - Property path deemed to be circular : self
00:38:23.675 [main] DEBUG o.h.p.w.spi.MetamodelGraphWalker - Visiting attribute path : address1
00:38:23.675 [main] DEBUG o.h.p.w.spi.MetamodelGraphWalker - Visiting attribute path : address2
00:38:23.675 [main] DEBUG o.h.p.w.spi.MetamodelGraphWalker - Visiting attribute path : bloodType
00:38:23.675 [main] DEBUG o.h.p.w.spi.MetamodelGraphWalker - Visiting attribute path : causeOfDeath
00:38:23.675 [main] DEBUG o.h.p.w.spi.MetamodelGraphWalker - Visiting attribute path : city
00:38:23.676 [main] DEBUG o.h.p.w.spi.MetamodelGraphWalker - Visiting attribute path : dateOfBirth
00:38:23.676 [main] DEBUG o.h.p.w.spi.MetamodelGraphWalker - Visiting attribute path : dateOfDeath
00:38:23.676 [main] DEBUG o.h.p.w.spi.MetamodelGraphWalker - Visiting attribute path : email
00:38:23.676 [main] DEBUG o.h.p.w.spi.MetamodelGraphWalker - Visiting attribute path : ethnicity
00:38:23.676 [main] DEBUG o.h.p.w.spi.MetamodelGraphWalker - Visiting attribute path : father
00:38:23.676 [main] DEBUG o.h.l.p.b.i.spaces.QuerySpacesImpl - Adding QuerySpace : uid = <gen:1> -> org.hibernate.loader.plan.build.internal.spaces.EntityQuerySpaceImpl@346d8915]
00:38:23.676 [main] DEBUG o.h.p.w.spi.MetamodelGraphWalker - Visiting attribute path : firstName
00:38:23.677 [main] DEBUG o.h.p.w.spi.MetamodelGraphWalker - Visiting attribute path : gender
00:38:23.677 [main] DEBUG o.h.p.w.spi.MetamodelGraphWalker - Visiting attribute path : id
00:38:23.677 [main] DEBUG o.h.p.w.spi.MetamodelGraphWalker - Visiting attribute path : lastName
00:38:23.677 [main] DEBUG o.h.p.w.spi.MetamodelGraphWalker - Visiting attribute path : mother
00:38:23.677 [main] DEBUG o.h.l.p.b.i.spaces.QuerySpacesImpl - Adding QuerySpace : uid = <gen:2> -> org.hibernate.loader.plan.build.internal.spaces.EntityQuerySpaceImpl@5e982143]
00:38:23.677 [main] DEBUG o.h.p.w.spi.MetamodelGraphWalker - Visiting attribute path : phone
00:38:23.677 [main] DEBUG o.h.p.w.spi.MetamodelGraphWalker - Visiting attribute path : preferredName
00:38:23.678 [main] DEBUG o.h.p.w.spi.MetamodelGraphWalker - Visiting attribute path : state
00:38:23.678 [main] DEBUG o.h.p.w.spi.MetamodelGraphWalker - Visiting attribute path : zip
00:38:23.678 [main] DEBUG o.h.l.p.b.i.FetchStyleLoadPlanBuildingAssociationVisitationStrategy - Building LoadPlan...
00:38:23.678 [main] DEBUG o.h.l.p.e.i.LoadQueryJoinAndFetchProcessor - processing queryspace <gen:0>
00:38:23.678 [main] DEBUG o.h.l.p.b.spi.LoadPlanTreePrinter - LoadPlan(entity=edu.ncsu.csc.itrust2.models.persistent.Patient)
    - Returns
       - EntityReturnImpl(entity=edu.ncsu.csc.itrust2.models.persistent.Patient, querySpaceUid=<gen:0>, path=edu.ncsu.csc.itrust2.models.persistent.Patient)
          - EntityAttributeFetchImpl(entity=edu.ncsu.csc.itrust2.models.persistent.User, querySpaceUid=<gen:1>, path=edu.ncsu.csc.itrust2.models.persistent.Patient.father)
          - EntityAttributeFetchImpl(entity=edu.ncsu.csc.itrust2.models.persistent.User, querySpaceUid=<gen:2>, path=edu.ncsu.csc.itrust2.models.persistent.Patient.mother)
    - QuerySpaces
       - EntityQuerySpaceImpl(uid=<gen:0>, entity=edu.ncsu.csc.itrust2.models.persistent.Patient)
          - SQL table alias mapping - patient0_
          - alias suffix - 0_
          - suffixed key columns - {self_id18_12_0_}
          - JOIN (JoinDefinedByMetadata(id)) : <gen:0> -> <gen:0>-id
             - CompositeQuerySpaceImpl(uid=<gen:0>-id)
                - SQL table alias mapping - patient0_

00:38:23.679 [main] DEBUG o.h.loader.entity.plan.EntityLoader - Static select for entity edu.ncsu.csc.itrust2.models.persistent.Patient [PESSIMISTIC_FORCE_INCREMENT]: select patient0_.self_id as self_id18_12_0_, patient0_.address1 as address1_12_0_, patient0_.address2 as address2_12_0_, patient0_.bloodType as bloodTyp3_12_0_, patient0_.causeOfDeath as causeOfD4_12_0_, patient0_.city as city5_12_0_, patient0_.dateOfBirth as dateOfBi6_12_0_, patient0_.dateOfDeath as dateOfDe7_12_0_, patient0_.email as email8_12_0_, patient0_.ethnicity as ethnicit9_12_0_, patient0_.father_id as father_19_12_0_, patient0_.firstName as firstNa10_12_0_, patient0_.gender as gender11_12_0_, patient0_.id as id12_12_0_, patient0_.lastName as lastNam13_12_0_, patient0_.mother_id as mother_20_12_0_, patient0_.phone as phone14_12_0_, patient0_.preferredName as preferr15_12_0_, patient0_.state as state16_12_0_, patient0_.zip as zip17_12_0_ from Patients patient0_ where patient0_.self_id=? for update
00:38:23.679 [main] DEBUG o.h.l.p.b.i.spaces.QuerySpacesImpl - Adding QuerySpace : uid = <gen:0> -> org.hibernate.loader.plan.build.internal.spaces.EntityQuerySpaceImpl@215be68d]
00:38:23.679 [main] DEBUG o.h.l.p.b.i.spaces.QuerySpacesImpl - Adding QuerySpace : uid = <gen:0>-id -> org.hibernate.loader.plan.build.internal.spaces.CompositeQuerySpaceImpl@71789f5c]
00:38:23.679 [main] DEBUG o.h.p.w.spi.MetamodelGraphWalker - Visiting attribute path : self
00:38:23.679 [main] DEBUG o.h.p.w.spi.MetamodelGraphWalker - Property path deemed to be circular : self
00:38:23.680 [main] DEBUG o.h.p.w.spi.MetamodelGraphWalker - Visiting attribute path : address1
00:38:23.680 [main] DEBUG o.h.p.w.spi.MetamodelGraphWalker - Visiting attribute path : address2
00:38:23.680 [main] DEBUG o.h.p.w.spi.MetamodelGraphWalker - Visiting attribute path : bloodType
00:38:23.680 [main] DEBUG o.h.p.w.spi.MetamodelGraphWalker - Visiting attribute path : causeOfDeath
00:38:23.680 [main] DEBUG o.h.p.w.spi.MetamodelGraphWalker - Visiting attribute path : city
00:38:23.680 [main] DEBUG o.h.p.w.spi.MetamodelGraphWalker - Visiting attribute path : dateOfBirth
00:38:23.680 [main] DEBUG o.h.p.w.spi.MetamodelGraphWalker - Visiting attribute path : dateOfDeath
00:38:23.681 [main] DEBUG o.h.p.w.spi.MetamodelGraphWalker - Visiting attribute path : email
00:38:23.681 [main] DEBUG o.h.p.w.spi.MetamodelGraphWalker - Visiting attribute path : ethnicity
00:38:23.681 [main] DEBUG o.h.p.w.spi.MetamodelGraphWalker - Visiting attribute path : father
00:38:23.681 [main] DEBUG o.h.l.p.b.i.spaces.QuerySpacesImpl - Adding QuerySpace : uid = <gen:1> -> org.hibernate.loader.plan.build.internal.spaces.EntityQuerySpaceImpl@4819dcdf]
00:38:23.681 [main] DEBUG o.h.p.w.spi.MetamodelGraphWalker - Visiting attribute path : firstName
00:38:23.681 [main] DEBUG o.h.p.w.spi.MetamodelGraphWalker - Visiting attribute path : gender
00:38:23.681 [main] DEBUG o.h.p.w.spi.MetamodelGraphWalker - Visiting attribute path : id
00:38:23.682 [main] DEBUG o.h.p.w.spi.MetamodelGraphWalker - Visiting attribute path : lastName
00:38:23.682 [main] DEBUG o.h.p.w.spi.MetamodelGraphWalker - Visiting attribute path : mother
00:38:23.682 [main] DEBUG o.h.l.p.b.i.spaces.QuerySpacesImpl - Adding QuerySpace : uid = <gen:2> -> org.hibernate.loader.plan.build.internal.spaces.EntityQuerySpaceImpl@7dae28ff]
00:38:23.682 [main] DEBUG o.h.p.w.spi.MetamodelGraphWalker - Visiting attribute path : phone
00:38:23.682 [main] DEBUG o.h.p.w.spi.MetamodelGraphWalker - Visiting attribute path : preferredName
00:38:23.682 [main] DEBUG o.h.p.w.spi.MetamodelGraphWalker - Visiting attribute path : state
00:38:23.682 [main] DEBUG o.h.p.w.spi.MetamodelGraphWalker - Visiting attribute path : zip
00:38:23.683 [main] DEBUG o.h.l.p.b.i.FetchStyleLoadPlanBuildingAssociationVisitationStrategy - Building LoadPlan...
00:38:23.683 [main] DEBUG o.h.l.p.e.i.LoadQueryJoinAndFetchProcessor - processing queryspace <gen:0>
00:38:23.683 [main] DEBUG o.h.l.p.b.spi.LoadPlanTreePrinter - LoadPlan(entity=edu.ncsu.csc.itrust2.models.persistent.Patient)
    - Returns
       - EntityReturnImpl(entity=edu.ncsu.csc.itrust2.models.persistent.Patient, querySpaceUid=<gen:0>, path=edu.ncsu.csc.itrust2.models.persistent.Patient)
          - EntityAttributeFetchImpl(entity=edu.ncsu.csc.itrust2.models.persistent.User, querySpaceUid=<gen:1>, path=edu.ncsu.csc.itrust2.models.persistent.Patient.father)
          - EntityAttributeFetchImpl(entity=edu.ncsu.csc.itrust2.models.persistent.User, querySpaceUid=<gen:2>, path=edu.ncsu.csc.itrust2.models.persistent.Patient.mother)
    - QuerySpaces
       - EntityQuerySpaceImpl(uid=<gen:0>, entity=edu.ncsu.csc.itrust2.models.persistent.Patient)
          - SQL table alias mapping - patient0_
          - alias suffix - 0_
          - suffixed key columns - {self_id18_12_0_}
          - JOIN (JoinDefinedByMetadata(id)) : <gen:0> -> <gen:0>-id
             - CompositeQuerySpaceImpl(uid=<gen:0>-id)
                - SQL table alias mapping - patient0_

00:38:23.684 [main] DEBUG o.h.loader.entity.plan.EntityLoader - Static select for entity edu.ncsu.csc.itrust2.models.persistent.Patient [OPTIMISTIC]: select patient0_.self_id as self_id18_12_0_, patient0_.address1 as address1_12_0_, patient0_.address2 as address2_12_0_, patient0_.bloodType as bloodTyp3_12_0_, patient0_.causeOfDeath as causeOfD4_12_0_, patient0_.city as city5_12_0_, patient0_.dateOfBirth as dateOfBi6_12_0_, patient0_.dateOfDeath as dateOfDe7_12_0_, patient0_.email as email8_12_0_, patient0_.ethnicity as ethnicit9_12_0_, patient0_.father_id as father_19_12_0_, patient0_.firstName as firstNa10_12_0_, patient0_.gender as gender11_12_0_, patient0_.id as id12_12_0_, patient0_.lastName as lastNam13_12_0_, patient0_.mother_id as mother_20_12_0_, patient0_.phone as phone14_12_0_, patient0_.preferredName as preferr15_12_0_, patient0_.state as state16_12_0_, patient0_.zip as zip17_12_0_ from Patients patient0_ where patient0_.self_id=?
00:38:23.684 [main] DEBUG o.h.l.p.b.i.spaces.QuerySpacesImpl - Adding QuerySpace : uid = <gen:0> -> org.hibernate.loader.plan.build.internal.spaces.EntityQuerySpaceImpl@780435b0]
00:38:23.684 [main] DEBUG o.h.l.p.b.i.spaces.QuerySpacesImpl - Adding QuerySpace : uid = <gen:0>-id -> org.hibernate.loader.plan.build.internal.spaces.CompositeQuerySpaceImpl@f23a9fe]
00:38:23.684 [main] DEBUG o.h.p.w.spi.MetamodelGraphWalker - Visiting attribute path : self
00:38:23.684 [main] DEBUG o.h.p.w.spi.MetamodelGraphWalker - Property path deemed to be circular : self
00:38:23.684 [main] DEBUG o.h.p.w.spi.MetamodelGraphWalker - Visiting attribute path : address1
00:38:23.685 [main] DEBUG o.h.p.w.spi.MetamodelGraphWalker - Visiting attribute path : address2
00:38:23.685 [main] DEBUG o.h.p.w.spi.MetamodelGraphWalker - Visiting attribute path : bloodType
00:38:23.685 [main] DEBUG o.h.p.w.spi.MetamodelGraphWalker - Visiting attribute path : causeOfDeath
00:38:23.685 [main] DEBUG o.h.p.w.spi.MetamodelGraphWalker - Visiting attribute path : city
00:38:23.685 [main] DEBUG o.h.p.w.spi.MetamodelGraphWalker - Visiting attribute path : dateOfBirth
00:38:23.685 [main] DEBUG o.h.p.w.spi.MetamodelGraphWalker - Visiting attribute path : dateOfDeath
00:38:23.685 [main] DEBUG o.h.p.w.spi.MetamodelGraphWalker - Visiting attribute path : email
00:38:23.686 [main] DEBUG o.h.p.w.spi.MetamodelGraphWalker - Visiting attribute path : ethnicity
00:38:23.686 [main] DEBUG o.h.p.w.spi.MetamodelGraphWalker - Visiting attribute path : father
00:38:23.686 [main] DEBUG o.h.l.p.b.i.spaces.QuerySpacesImpl - Adding QuerySpace : uid = <gen:1> -> org.hibernate.loader.plan.build.internal.spaces.EntityQuerySpaceImpl@5c4f4757]
00:38:23.686 [main] DEBUG o.h.p.w.spi.MetamodelGraphWalker - Visiting attribute path : firstName
00:38:23.686 [main] DEBUG o.h.p.w.spi.MetamodelGraphWalker - Visiting attribute path : gender
00:38:23.686 [main] DEBUG o.h.p.w.spi.MetamodelGraphWalker - Visiting attribute path : id
00:38:23.686 [main] DEBUG o.h.p.w.spi.MetamodelGraphWalker - Visiting attribute path : lastName
00:38:23.687 [main] DEBUG o.h.p.w.spi.MetamodelGraphWalker - Visiting attribute path : mother
00:38:23.687 [main] DEBUG o.h.l.p.b.i.spaces.QuerySpacesImpl - Adding QuerySpace : uid = <gen:2> -> org.hibernate.loader.plan.build.internal.spaces.EntityQuerySpaceImpl@4eb17979]
00:38:23.687 [main] DEBUG o.h.p.w.spi.MetamodelGraphWalker - Visiting attribute path : phone
00:38:23.687 [main] DEBUG o.h.p.w.spi.MetamodelGraphWalker - Visiting attribute path : preferredName
00:38:23.687 [main] DEBUG o.h.p.w.spi.MetamodelGraphWalker - Visiting attribute path : state
00:38:23.687 [main] DEBUG o.h.p.w.spi.MetamodelGraphWalker - Visiting attribute path : zip
00:38:23.687 [main] DEBUG o.h.l.p.b.i.FetchStyleLoadPlanBuildingAssociationVisitationStrategy - Building LoadPlan...
00:38:23.688 [main] DEBUG o.h.l.p.e.i.LoadQueryJoinAndFetchProcessor - processing queryspace <gen:0>
00:38:23.688 [main] DEBUG o.h.l.p.b.spi.LoadPlanTreePrinter - LoadPlan(entity=edu.ncsu.csc.itrust2.models.persistent.Patient)
    - Returns
       - EntityReturnImpl(entity=edu.ncsu.csc.itrust2.models.persistent.Patient, querySpaceUid=<gen:0>, path=edu.ncsu.csc.itrust2.models.persistent.Patient)
          - EntityAttributeFetchImpl(entity=edu.ncsu.csc.itrust2.models.persistent.User, querySpaceUid=<gen:1>, path=edu.ncsu.csc.itrust2.models.persistent.Patient.father)
          - EntityAttributeFetchImpl(entity=edu.ncsu.csc.itrust2.models.persistent.User, querySpaceUid=<gen:2>, path=edu.ncsu.csc.itrust2.models.persistent.Patient.mother)
    - QuerySpaces
       - EntityQuerySpaceImpl(uid=<gen:0>, entity=edu.ncsu.csc.itrust2.models.persistent.Patient)
          - SQL table alias mapping - patient0_
          - alias suffix - 0_
          - suffixed key columns - {self_id18_12_0_}
          - JOIN (JoinDefinedByMetadata(id)) : <gen:0> -> <gen:0>-id
             - CompositeQuerySpaceImpl(uid=<gen:0>-id)
                - SQL table alias mapping - patient0_

00:38:23.688 [main] DEBUG o.h.loader.entity.plan.EntityLoader - Static select for entity edu.ncsu.csc.itrust2.models.persistent.Patient [OPTIMISTIC_FORCE_INCREMENT]: select patient0_.self_id as self_id18_12_0_, patient0_.address1 as address1_12_0_, patient0_.address2 as address2_12_0_, patient0_.bloodType as bloodTyp3_12_0_, patient0_.causeOfDeath as causeOfD4_12_0_, patient0_.city as city5_12_0_, patient0_.dateOfBirth as dateOfBi6_12_0_, patient0_.dateOfDeath as dateOfDe7_12_0_, patient0_.email as email8_12_0_, patient0_.ethnicity as ethnicit9_12_0_, patient0_.father_id as father_19_12_0_, patient0_.firstName as firstNa10_12_0_, patient0_.gender as gender11_12_0_, patient0_.id as id12_12_0_, patient0_.lastName as lastNam13_12_0_, patient0_.mother_id as mother_20_12_0_, patient0_.phone as phone14_12_0_, patient0_.preferredName as preferr15_12_0_, patient0_.state as state16_12_0_, patient0_.zip as zip17_12_0_ from Patients patient0_ where patient0_.self_id=?
00:38:23.689 [main] DEBUG org.hibernate.loader.Loader - Static select for action ACTION_MERGE on entity edu.ncsu.csc.itrust2.models.persistent.Patient: select patient0_.self_id as self_id18_12_0_, patient0_.address1 as address1_12_0_, patient0_.address2 as address2_12_0_, patient0_.bloodType as bloodTyp3_12_0_, patient0_.causeOfDeath as causeOfD4_12_0_, patient0_.city as city5_12_0_, patient0_.dateOfBirth as dateOfBi6_12_0_, patient0_.dateOfDeath as dateOfDe7_12_0_, patient0_.email as email8_12_0_, patient0_.ethnicity as ethnicit9_12_0_, patient0_.father_id as father_19_12_0_, patient0_.firstName as firstNa10_12_0_, patient0_.gender as gender11_12_0_, patient0_.id as id12_12_0_, patient0_.lastName as lastNam13_12_0_, patient0_.mother_id as mother_20_12_0_, patient0_.phone as phone14_12_0_, patient0_.preferredName as preferr15_12_0_, patient0_.state as state16_12_0_, patient0_.zip as zip17_12_0_ from Patients patient0_ where patient0_.self_id=?
00:38:23.689 [main] DEBUG org.hibernate.loader.Loader - Static select for action ACTION_REFRESH on entity edu.ncsu.csc.itrust2.models.persistent.Patient: select patient0_.self_id as self_id18_12_0_, patient0_.address1 as address1_12_0_, patient0_.address2 as address2_12_0_, patient0_.bloodType as bloodTyp3_12_0_, patient0_.causeOfDeath as causeOfD4_12_0_, patient0_.city as city5_12_0_, patient0_.dateOfBirth as dateOfBi6_12_0_, patient0_.dateOfDeath as dateOfDe7_12_0_, patient0_.email as email8_12_0_, patient0_.ethnicity as ethnicit9_12_0_, patient0_.father_id as father_19_12_0_, patient0_.firstName as firstNa10_12_0_, patient0_.gender as gender11_12_0_, patient0_.id as id12_12_0_, patient0_.lastName as lastNam13_12_0_, patient0_.mother_id as mother_20_12_0_, patient0_.phone as phone14_12_0_, patient0_.preferredName as preferr15_12_0_, patient0_.state as state16_12_0_, patient0_.zip as zip17_12_0_ from Patients patient0_ where patient0_.self_id=?
00:38:23.690 [main] DEBUG o.h.p.entity.AbstractEntityPersister - Static SQL for entity: edu.ncsu.csc.itrust2.models.persistent.ICDCode
00:38:23.690 [main] DEBUG o.h.p.entity.AbstractEntityPersister -  Version select: select id from ICDCodes where id =?
00:38:23.690 [main] DEBUG o.h.p.entity.AbstractEntityPersister -  Snapshot select: select icdcode_.id, icdcode_.code as code2_5_, icdcode_.description as descript3_5_ from ICDCodes icdcode_ where icdcode_.id=?
00:38:23.690 [main] DEBUG o.h.p.entity.AbstractEntityPersister -  Insert 0: insert into ICDCodes (code, description, id) values (?, ?, ?)
00:38:23.690 [main] DEBUG o.h.p.entity.AbstractEntityPersister -  Update 0: update ICDCodes set code=?, description=? where id=?
00:38:23.691 [main] DEBUG o.h.p.entity.AbstractEntityPersister -  Delete 0: delete from ICDCodes where id=?
00:38:23.691 [main] DEBUG o.h.l.p.b.i.spaces.QuerySpacesImpl - Adding QuerySpace : uid = <gen:0> -> org.hibernate.loader.plan.build.internal.spaces.EntityQuerySpaceImpl@142e4e25]
00:38:23.691 [main] DEBUG o.h.p.w.spi.MetamodelGraphWalker - Visiting attribute path : code
00:38:23.691 [main] DEBUG o.h.p.w.spi.MetamodelGraphWalker - Visiting attribute path : description
00:38:23.691 [main] DEBUG o.h.l.p.b.i.FetchStyleLoadPlanBuildingAssociationVisitationStrategy - Building LoadPlan...
00:38:23.692 [main] DEBUG o.h.l.p.e.i.LoadQueryJoinAndFetchProcessor - processing queryspace <gen:0>
00:38:23.692 [main] DEBUG o.h.l.p.b.spi.LoadPlanTreePrinter - LoadPlan(entity=edu.ncsu.csc.itrust2.models.persistent.ICDCode)
    - Returns
       - EntityReturnImpl(entity=edu.ncsu.csc.itrust2.models.persistent.ICDCode, querySpaceUid=<gen:0>, path=edu.ncsu.csc.itrust2.models.persistent.ICDCode)
    - QuerySpaces
       - EntityQuerySpaceImpl(uid=<gen:0>, entity=edu.ncsu.csc.itrust2.models.persistent.ICDCode)
          - SQL table alias mapping - icdcode0_
          - alias suffix - 0_
          - suffixed key columns - {id1_5_0_}

00:38:23.692 [main] DEBUG o.h.loader.entity.plan.EntityLoader - Static select for entity edu.ncsu.csc.itrust2.models.persistent.ICDCode [NONE]: select icdcode0_.id as id1_5_0_, icdcode0_.code as code2_5_0_, icdcode0_.description as descript3_5_0_ from ICDCodes icdcode0_ where icdcode0_.id=?
00:38:23.692 [main] DEBUG o.h.l.p.b.i.spaces.QuerySpacesImpl - Adding QuerySpace : uid = <gen:0> -> org.hibernate.loader.plan.build.internal.spaces.EntityQuerySpaceImpl@4de2c8e8]
00:38:23.692 [main] DEBUG o.h.p.w.spi.MetamodelGraphWalker - Visiting attribute path : code
00:38:23.693 [main] DEBUG o.h.p.w.spi.MetamodelGraphWalker - Visiting attribute path : description
00:38:23.693 [main] DEBUG o.h.l.p.b.i.FetchStyleLoadPlanBuildingAssociationVisitationStrategy - Building LoadPlan...
00:38:23.693 [main] DEBUG o.h.l.p.e.i.LoadQueryJoinAndFetchProcessor - processing queryspace <gen:0>
00:38:23.693 [main] DEBUG o.h.l.p.b.spi.LoadPlanTreePrinter - LoadPlan(entity=edu.ncsu.csc.itrust2.models.persistent.ICDCode)
    - Returns
       - EntityReturnImpl(entity=edu.ncsu.csc.itrust2.models.persistent.ICDCode, querySpaceUid=<gen:0>, path=edu.ncsu.csc.itrust2.models.persistent.ICDCode)
    - QuerySpaces
       - EntityQuerySpaceImpl(uid=<gen:0>, entity=edu.ncsu.csc.itrust2.models.persistent.ICDCode)
          - SQL table alias mapping - icdcode0_
          - alias suffix - 0_
          - suffixed key columns - {id1_5_0_}

00:38:23.693 [main] DEBUG o.h.loader.entity.plan.EntityLoader - Static select for entity edu.ncsu.csc.itrust2.models.persistent.ICDCode [READ]: select icdcode0_.id as id1_5_0_, icdcode0_.code as code2_5_0_, icdcode0_.description as descript3_5_0_ from ICDCodes icdcode0_ where icdcode0_.id=?
00:38:23.694 [main] DEBUG o.h.l.p.b.i.spaces.QuerySpacesImpl - Adding QuerySpace : uid = <gen:0> -> org.hibernate.loader.plan.build.internal.spaces.EntityQuerySpaceImpl@6ee432c4]
00:38:23.694 [main] DEBUG o.h.p.w.spi.MetamodelGraphWalker - Visiting attribute path : code
00:38:23.694 [main] DEBUG o.h.p.w.spi.MetamodelGraphWalker - Visiting attribute path : description
00:38:23.694 [main] DEBUG o.h.l.p.b.i.FetchStyleLoadPlanBuildingAssociationVisitationStrategy - Building LoadPlan...
00:38:23.694 [main] DEBUG o.h.l.p.e.i.LoadQueryJoinAndFetchProcessor - processing queryspace <gen:0>
00:38:23.695 [main] DEBUG o.h.l.p.b.spi.LoadPlanTreePrinter - LoadPlan(entity=edu.ncsu.csc.itrust2.models.persistent.ICDCode)
    - Returns
       - EntityReturnImpl(entity=edu.ncsu.csc.itrust2.models.persistent.ICDCode, querySpaceUid=<gen:0>, path=edu.ncsu.csc.itrust2.models.persistent.ICDCode)
    - QuerySpaces
       - EntityQuerySpaceImpl(uid=<gen:0>, entity=edu.ncsu.csc.itrust2.models.persistent.ICDCode)
          - SQL table alias mapping - icdcode0_
          - alias suffix - 0_
          - suffixed key columns - {id1_5_0_}

00:38:23.695 [main] DEBUG o.h.loader.entity.plan.EntityLoader - Static select for entity edu.ncsu.csc.itrust2.models.persistent.ICDCode [UPGRADE]: select icdcode0_.id as id1_5_0_, icdcode0_.code as code2_5_0_, icdcode0_.description as descript3_5_0_ from ICDCodes icdcode0_ where icdcode0_.id=? for update
00:38:23.695 [main] DEBUG o.h.l.p.b.i.spaces.QuerySpacesImpl - Adding QuerySpace : uid = <gen:0> -> org.hibernate.loader.plan.build.internal.spaces.EntityQuerySpaceImpl@54b3b458]
00:38:23.695 [main] DEBUG o.h.p.w.spi.MetamodelGraphWalker - Visiting attribute path : code
00:38:23.695 [main] DEBUG o.h.p.w.spi.MetamodelGraphWalker - Visiting attribute path : description
00:38:23.696 [main] DEBUG o.h.l.p.b.i.FetchStyleLoadPlanBuildingAssociationVisitationStrategy - Building LoadPlan...
00:38:23.696 [main] DEBUG o.h.l.p.e.i.LoadQueryJoinAndFetchProcessor - processing queryspace <gen:0>
00:38:23.696 [main] DEBUG o.h.l.p.b.spi.LoadPlanTreePrinter - LoadPlan(entity=edu.ncsu.csc.itrust2.models.persistent.ICDCode)
    - Returns
       - EntityReturnImpl(entity=edu.ncsu.csc.itrust2.models.persistent.ICDCode, querySpaceUid=<gen:0>, path=edu.ncsu.csc.itrust2.models.persistent.ICDCode)
    - QuerySpaces
       - EntityQuerySpaceImpl(uid=<gen:0>, entity=edu.ncsu.csc.itrust2.models.persistent.ICDCode)
          - SQL table alias mapping - icdcode0_
          - alias suffix - 0_
          - suffixed key columns - {id1_5_0_}

00:38:23.696 [main] DEBUG o.h.loader.entity.plan.EntityLoader - Static select for entity edu.ncsu.csc.itrust2.models.persistent.ICDCode [UPGRADE_NOWAIT]: select icdcode0_.id as id1_5_0_, icdcode0_.code as code2_5_0_, icdcode0_.description as descript3_5_0_ from ICDCodes icdcode0_ where icdcode0_.id=? for update
00:38:23.696 [main] DEBUG o.h.l.p.b.i.spaces.QuerySpacesImpl - Adding QuerySpace : uid = <gen:0> -> org.hibernate.loader.plan.build.internal.spaces.EntityQuerySpaceImpl@7b672be5]
00:38:23.697 [main] DEBUG o.h.p.w.spi.MetamodelGraphWalker - Visiting attribute path : code
00:38:23.697 [main] DEBUG o.h.p.w.spi.MetamodelGraphWalker - Visiting attribute path : description
00:38:23.697 [main] DEBUG o.h.l.p.b.i.FetchStyleLoadPlanBuildingAssociationVisitationStrategy - Building LoadPlan...
00:38:23.697 [main] DEBUG o.h.l.p.e.i.LoadQueryJoinAndFetchProcessor - processing queryspace <gen:0>
00:38:23.697 [main] DEBUG o.h.l.p.b.spi.LoadPlanTreePrinter - LoadPlan(entity=edu.ncsu.csc.itrust2.models.persistent.ICDCode)
    - Returns
       - EntityReturnImpl(entity=edu.ncsu.csc.itrust2.models.persistent.ICDCode, querySpaceUid=<gen:0>, path=edu.ncsu.csc.itrust2.models.persistent.ICDCode)
    - QuerySpaces
       - EntityQuerySpaceImpl(uid=<gen:0>, entity=edu.ncsu.csc.itrust2.models.persistent.ICDCode)
          - SQL table alias mapping - icdcode0_
          - alias suffix - 0_
          - suffixed key columns - {id1_5_0_}

00:38:23.698 [main] DEBUG o.h.loader.entity.plan.EntityLoader - Static select for entity edu.ncsu.csc.itrust2.models.persistent.ICDCode [UPGRADE_SKIPLOCKED]: select icdcode0_.id as id1_5_0_, icdcode0_.code as code2_5_0_, icdcode0_.description as descript3_5_0_ from ICDCodes icdcode0_ where icdcode0_.id=? for update
00:38:23.698 [main] DEBUG o.h.l.p.b.i.spaces.QuerySpacesImpl - Adding QuerySpace : uid = <gen:0> -> org.hibernate.loader.plan.build.internal.spaces.EntityQuerySpaceImpl@51d759e5]
00:38:23.698 [main] DEBUG o.h.p.w.spi.MetamodelGraphWalker - Visiting attribute path : code
00:38:23.698 [main] DEBUG o.h.p.w.spi.MetamodelGraphWalker - Visiting attribute path : description
00:38:23.698 [main] DEBUG o.h.l.p.b.i.FetchStyleLoadPlanBuildingAssociationVisitationStrategy - Building LoadPlan...
00:38:23.699 [main] DEBUG o.h.l.p.e.i.LoadQueryJoinAndFetchProcessor - processing queryspace <gen:0>
00:38:23.699 [main] DEBUG o.h.l.p.b.spi.LoadPlanTreePrinter - LoadPlan(entity=edu.ncsu.csc.itrust2.models.persistent.ICDCode)
    - Returns
       - EntityReturnImpl(entity=edu.ncsu.csc.itrust2.models.persistent.ICDCode, querySpaceUid=<gen:0>, path=edu.ncsu.csc.itrust2.models.persistent.ICDCode)
    - QuerySpaces
       - EntityQuerySpaceImpl(uid=<gen:0>, entity=edu.ncsu.csc.itrust2.models.persistent.ICDCode)
          - SQL table alias mapping - icdcode0_
          - alias suffix - 0_
          - suffixed key columns - {id1_5_0_}

00:38:23.699 [main] DEBUG o.h.loader.entity.plan.EntityLoader - Static select for entity edu.ncsu.csc.itrust2.models.persistent.ICDCode [FORCE]: select icdcode0_.id as id1_5_0_, icdcode0_.code as code2_5_0_, icdcode0_.description as descript3_5_0_ from ICDCodes icdcode0_ where icdcode0_.id=? for update
00:38:23.699 [main] DEBUG o.h.l.p.b.i.spaces.QuerySpacesImpl - Adding QuerySpace : uid = <gen:0> -> org.hibernate.loader.plan.build.internal.spaces.EntityQuerySpaceImpl@757cc46c]
00:38:23.699 [main] DEBUG o.h.p.w.spi.MetamodelGraphWalker - Visiting attribute path : code
00:38:23.700 [main] DEBUG o.h.p.w.spi.MetamodelGraphWalker - Visiting attribute path : description
00:38:23.700 [main] DEBUG o.h.l.p.b.i.FetchStyleLoadPlanBuildingAssociationVisitationStrategy - Building LoadPlan...
00:38:23.700 [main] DEBUG o.h.l.p.e.i.LoadQueryJoinAndFetchProcessor - processing queryspace <gen:0>
00:38:23.700 [main] DEBUG o.h.l.p.b.spi.LoadPlanTreePrinter - LoadPlan(entity=edu.ncsu.csc.itrust2.models.persistent.ICDCode)
    - Returns
       - EntityReturnImpl(entity=edu.ncsu.csc.itrust2.models.persistent.ICDCode, querySpaceUid=<gen:0>, path=edu.ncsu.csc.itrust2.models.persistent.ICDCode)
    - QuerySpaces
       - EntityQuerySpaceImpl(uid=<gen:0>, entity=edu.ncsu.csc.itrust2.models.persistent.ICDCode)
          - SQL table alias mapping - icdcode0_
          - alias suffix - 0_
          - suffixed key columns - {id1_5_0_}

00:38:23.700 [main] DEBUG o.h.loader.entity.plan.EntityLoader - Static select for entity edu.ncsu.csc.itrust2.models.persistent.ICDCode [PESSIMISTIC_READ]: select icdcode0_.id as id1_5_0_, icdcode0_.code as code2_5_0_, icdcode0_.description as descript3_5_0_ from ICDCodes icdcode0_ where icdcode0_.id=? lock in share mode
00:38:23.701 [main] DEBUG o.h.l.p.b.i.spaces.QuerySpacesImpl - Adding QuerySpace : uid = <gen:0> -> org.hibernate.loader.plan.build.internal.spaces.EntityQuerySpaceImpl@7f9f2f7d]
00:38:23.701 [main] DEBUG o.h.p.w.spi.MetamodelGraphWalker - Visiting attribute path : code
00:38:23.701 [main] DEBUG o.h.p.w.spi.MetamodelGraphWalker - Visiting attribute path : description
00:38:23.701 [main] DEBUG o.h.l.p.b.i.FetchStyleLoadPlanBuildingAssociationVisitationStrategy - Building LoadPlan...
00:38:23.701 [main] DEBUG o.h.l.p.e.i.LoadQueryJoinAndFetchProcessor - processing queryspace <gen:0>
00:38:23.702 [main] DEBUG o.h.l.p.b.spi.LoadPlanTreePrinter - LoadPlan(entity=edu.ncsu.csc.itrust2.models.persistent.ICDCode)
    - Returns
       - EntityReturnImpl(entity=edu.ncsu.csc.itrust2.models.persistent.ICDCode, querySpaceUid=<gen:0>, path=edu.ncsu.csc.itrust2.models.persistent.ICDCode)
    - QuerySpaces
       - EntityQuerySpaceImpl(uid=<gen:0>, entity=edu.ncsu.csc.itrust2.models.persistent.ICDCode)
          - SQL table alias mapping - icdcode0_
          - alias suffix - 0_
          - suffixed key columns - {id1_5_0_}

00:38:23.702 [main] DEBUG o.h.loader.entity.plan.EntityLoader - Static select for entity edu.ncsu.csc.itrust2.models.persistent.ICDCode [PESSIMISTIC_WRITE]: select icdcode0_.id as id1_5_0_, icdcode0_.code as code2_5_0_, icdcode0_.description as descript3_5_0_ from ICDCodes icdcode0_ where icdcode0_.id=? for update
00:38:23.702 [main] DEBUG o.h.l.p.b.i.spaces.QuerySpacesImpl - Adding QuerySpace : uid = <gen:0> -> org.hibernate.loader.plan.build.internal.spaces.EntityQuerySpaceImpl@6c9eb0ef]
00:38:23.702 [main] DEBUG o.h.p.w.spi.MetamodelGraphWalker - Visiting attribute path : code
00:38:23.702 [main] DEBUG o.h.p.w.spi.MetamodelGraphWalker - Visiting attribute path : description
00:38:23.703 [main] DEBUG o.h.l.p.b.i.FetchStyleLoadPlanBuildingAssociationVisitationStrategy - Building LoadPlan...
00:38:23.703 [main] DEBUG o.h.l.p.e.i.LoadQueryJoinAndFetchProcessor - processing queryspace <gen:0>
00:38:23.703 [main] DEBUG o.h.l.p.b.spi.LoadPlanTreePrinter - LoadPlan(entity=edu.ncsu.csc.itrust2.models.persistent.ICDCode)
    - Returns
       - EntityReturnImpl(entity=edu.ncsu.csc.itrust2.models.persistent.ICDCode, querySpaceUid=<gen:0>, path=edu.ncsu.csc.itrust2.models.persistent.ICDCode)
    - QuerySpaces
       - EntityQuerySpaceImpl(uid=<gen:0>, entity=edu.ncsu.csc.itrust2.models.persistent.ICDCode)
          - SQL table alias mapping - icdcode0_
          - alias suffix - 0_
          - suffixed key columns - {id1_5_0_}

00:38:23.703 [main] DEBUG o.h.loader.entity.plan.EntityLoader - Static select for entity edu.ncsu.csc.itrust2.models.persistent.ICDCode [PESSIMISTIC_FORCE_INCREMENT]: select icdcode0_.id as id1_5_0_, icdcode0_.code as code2_5_0_, icdcode0_.description as descript3_5_0_ from ICDCodes icdcode0_ where icdcode0_.id=? for update
00:38:23.703 [main] DEBUG o.h.l.p.b.i.spaces.QuerySpacesImpl - Adding QuerySpace : uid = <gen:0> -> org.hibernate.loader.plan.build.internal.spaces.EntityQuerySpaceImpl@1cc53602]
00:38:23.704 [main] DEBUG o.h.p.w.spi.MetamodelGraphWalker - Visiting attribute path : code
00:38:23.704 [main] DEBUG o.h.p.w.spi.MetamodelGraphWalker - Visiting attribute path : description
00:38:23.704 [main] DEBUG o.h.l.p.b.i.FetchStyleLoadPlanBuildingAssociationVisitationStrategy - Building LoadPlan...
00:38:23.704 [main] DEBUG o.h.l.p.e.i.LoadQueryJoinAndFetchProcessor - processing queryspace <gen:0>
00:38:23.704 [main] DEBUG o.h.l.p.b.spi.LoadPlanTreePrinter - LoadPlan(entity=edu.ncsu.csc.itrust2.models.persistent.ICDCode)
    - Returns
       - EntityReturnImpl(entity=edu.ncsu.csc.itrust2.models.persistent.ICDCode, querySpaceUid=<gen:0>, path=edu.ncsu.csc.itrust2.models.persistent.ICDCode)
    - QuerySpaces
       - EntityQuerySpaceImpl(uid=<gen:0>, entity=edu.ncsu.csc.itrust2.models.persistent.ICDCode)
          - SQL table alias mapping - icdcode0_
          - alias suffix - 0_
          - suffixed key columns - {id1_5_0_}

00:38:23.705 [main] DEBUG o.h.loader.entity.plan.EntityLoader - Static select for entity edu.ncsu.csc.itrust2.models.persistent.ICDCode [OPTIMISTIC]: select icdcode0_.id as id1_5_0_, icdcode0_.code as code2_5_0_, icdcode0_.description as descript3_5_0_ from ICDCodes icdcode0_ where icdcode0_.id=?
00:38:23.705 [main] DEBUG o.h.l.p.b.i.spaces.QuerySpacesImpl - Adding QuerySpace : uid = <gen:0> -> org.hibernate.loader.plan.build.internal.spaces.EntityQuerySpaceImpl@68dc22e7]
00:38:23.705 [main] DEBUG o.h.p.w.spi.MetamodelGraphWalker - Visiting attribute path : code
00:38:23.705 [main] DEBUG o.h.p.w.spi.MetamodelGraphWalker - Visiting attribute path : description
00:38:23.705 [main] DEBUG o.h.l.p.b.i.FetchStyleLoadPlanBuildingAssociationVisitationStrategy - Building LoadPlan...
00:38:23.705 [main] DEBUG o.h.l.p.e.i.LoadQueryJoinAndFetchProcessor - processing queryspace <gen:0>
00:38:23.706 [main] DEBUG o.h.l.p.b.spi.LoadPlanTreePrinter - LoadPlan(entity=edu.ncsu.csc.itrust2.models.persistent.ICDCode)
    - Returns
       - EntityReturnImpl(entity=edu.ncsu.csc.itrust2.models.persistent.ICDCode, querySpaceUid=<gen:0>, path=edu.ncsu.csc.itrust2.models.persistent.ICDCode)
    - QuerySpaces
       - EntityQuerySpaceImpl(uid=<gen:0>, entity=edu.ncsu.csc.itrust2.models.persistent.ICDCode)
          - SQL table alias mapping - icdcode0_
          - alias suffix - 0_
          - suffixed key columns - {id1_5_0_}

00:38:23.706 [main] DEBUG o.h.loader.entity.plan.EntityLoader - Static select for entity edu.ncsu.csc.itrust2.models.persistent.ICDCode [OPTIMISTIC_FORCE_INCREMENT]: select icdcode0_.id as id1_5_0_, icdcode0_.code as code2_5_0_, icdcode0_.description as descript3_5_0_ from ICDCodes icdcode0_ where icdcode0_.id=?
00:38:23.706 [main] DEBUG org.hibernate.loader.Loader - Static select for action ACTION_MERGE on entity edu.ncsu.csc.itrust2.models.persistent.ICDCode: select icdcode0_.id as id1_5_0_, icdcode0_.code as code2_5_0_, icdcode0_.description as descript3_5_0_ from ICDCodes icdcode0_ where icdcode0_.id=?
00:38:23.706 [main] DEBUG org.hibernate.loader.Loader - Static select for action ACTION_REFRESH on entity edu.ncsu.csc.itrust2.models.persistent.ICDCode: select icdcode0_.id as id1_5_0_, icdcode0_.code as code2_5_0_, icdcode0_.description as descript3_5_0_ from ICDCodes icdcode0_ where icdcode0_.id=?
00:38:23.707 [main] DEBUG o.h.p.entity.AbstractEntityPersister - Static SQL for entity: edu.ncsu.csc.itrust2.models.persistent.AppointmentRequest
00:38:23.707 [main] DEBUG o.h.p.entity.AbstractEntityPersister -  Version select: select id from AppointmentRequests where id =?
00:38:23.707 [main] DEBUG o.h.p.entity.AbstractEntityPersister -  Snapshot select: select appointmen_.id, appointmen_.comments as comments2_0_, appointmen_.date as date3_0_, appointmen_.hcp_id as hcp_id6_0_, appointmen_.patient_id as patient_7_0_, appointmen_.status as status4_0_, appointmen_.type as type5_0_ from AppointmentRequests appointmen_ where appointmen_.id=?
00:38:23.707 [main] DEBUG o.h.p.entity.AbstractEntityPersister -  Insert 0: insert into AppointmentRequests (comments, date, hcp_id, patient_id, status, type, id) values (?, ?, ?, ?, ?, ?, ?)
00:38:23.707 [main] DEBUG o.h.p.entity.AbstractEntityPersister -  Update 0: update AppointmentRequests set comments=?, date=?, hcp_id=?, patient_id=?, status=?, type=? where id=?
00:38:23.708 [main] DEBUG o.h.p.entity.AbstractEntityPersister -  Delete 0: delete from AppointmentRequests where id=?
00:38:23.708 [main] DEBUG o.h.l.p.b.i.spaces.QuerySpacesImpl - Adding QuerySpace : uid = <gen:0> -> org.hibernate.loader.plan.build.internal.spaces.EntityQuerySpaceImpl@7f2e139f]
00:38:23.708 [main] DEBUG o.h.p.w.spi.MetamodelGraphWalker - Visiting attribute path : comments
00:38:23.708 [main] DEBUG o.h.p.w.spi.MetamodelGraphWalker - Visiting attribute path : date
00:38:23.708 [main] DEBUG o.h.p.w.spi.MetamodelGraphWalker - Visiting attribute path : hcp
00:38:23.708 [main] DEBUG o.h.l.p.b.i.spaces.QuerySpacesImpl - Adding QuerySpace : uid = <gen:1> -> org.hibernate.loader.plan.build.internal.spaces.EntityQuerySpaceImpl@60c9c668]
00:38:23.709 [main] DEBUG o.h.p.w.spi.MetamodelGraphWalker - Visiting attribute path : hcp.enabled
00:38:23.709 [main] DEBUG o.h.p.w.spi.MetamodelGraphWalker - Visiting attribute path : hcp.password
00:38:23.709 [main] DEBUG o.h.p.w.spi.MetamodelGraphWalker - Visiting attribute path : hcp.role
00:38:23.709 [main] DEBUG o.h.p.w.spi.MetamodelGraphWalker - Visiting attribute path : patient
00:38:23.709 [main] DEBUG o.h.l.p.b.i.spaces.QuerySpacesImpl - Adding QuerySpace : uid = <gen:2> -> org.hibernate.loader.plan.build.internal.spaces.EntityQuerySpaceImpl@576d4010]
00:38:23.710 [main] DEBUG o.h.p.w.spi.MetamodelGraphWalker - Visiting attribute path : patient.enabled
00:38:23.710 [main] DEBUG o.h.p.w.spi.MetamodelGraphWalker - Visiting attribute path : patient.password
00:38:23.710 [main] DEBUG o.h.p.w.spi.MetamodelGraphWalker - Visiting attribute path : patient.role
00:38:23.710 [main] DEBUG o.h.p.w.spi.MetamodelGraphWalker - Visiting attribute path : status
00:38:23.710 [main] DEBUG o.h.p.w.spi.MetamodelGraphWalker - Visiting attribute path : type
00:38:23.710 [main] DEBUG o.h.l.p.b.i.FetchStyleLoadPlanBuildingAssociationVisitationStrategy - Building LoadPlan...
00:38:23.711 [main] DEBUG o.h.l.p.e.i.LoadQueryJoinAndFetchProcessor - processing queryspace <gen:0>
00:38:23.711 [main] DEBUG o.h.l.p.b.spi.LoadPlanTreePrinter - LoadPlan(entity=edu.ncsu.csc.itrust2.models.persistent.AppointmentRequest)
    - Returns
       - EntityReturnImpl(entity=edu.ncsu.csc.itrust2.models.persistent.AppointmentRequest, querySpaceUid=<gen:0>, path=edu.ncsu.csc.itrust2.models.persistent.AppointmentRequest)
          - EntityAttributeFetchImpl(entity=edu.ncsu.csc.itrust2.models.persistent.User, querySpaceUid=<gen:1>, path=edu.ncsu.csc.itrust2.models.persistent.AppointmentRequest.hcp)
          - EntityAttributeFetchImpl(entity=edu.ncsu.csc.itrust2.models.persistent.User, querySpaceUid=<gen:2>, path=edu.ncsu.csc.itrust2.models.persistent.AppointmentRequest.patient)
    - QuerySpaces
       - EntityQuerySpaceImpl(uid=<gen:0>, entity=edu.ncsu.csc.itrust2.models.persistent.AppointmentRequest)
          - SQL table alias mapping - appointmen0_
          - alias suffix - 0_
          - suffixed key columns - {id1_0_0_}
          - JOIN (JoinDefinedByMetadata(hcp)) : <gen:0> -> <gen:1>
             - EntityQuerySpaceImpl(uid=<gen:1>, entity=edu.ncsu.csc.itrust2.models.persistent.User)
                - SQL table alias mapping - user1_
                - alias suffix - 1_
                - suffixed key columns - {username1_15_1_}
          - JOIN (JoinDefinedByMetadata(patient)) : <gen:0> -> <gen:2>
             - EntityQuerySpaceImpl(uid=<gen:2>, entity=edu.ncsu.csc.itrust2.models.persistent.User)
                - SQL table alias mapping - user2_
                - alias suffix - 2_
                - suffixed key columns - {username1_15_2_}

00:38:23.711 [main] DEBUG o.h.loader.entity.plan.EntityLoader - Static select for entity edu.ncsu.csc.itrust2.models.persistent.AppointmentRequest [NONE]: select appointmen0_.id as id1_0_0_, appointmen0_.comments as comments2_0_0_, appointmen0_.date as date3_0_0_, appointmen0_.hcp_id as hcp_id6_0_0_, appointmen0_.patient_id as patient_7_0_0_, appointmen0_.status as status4_0_0_, appointmen0_.type as type5_0_0_, user1_.username as username1_15_1_, user1_.enabled as enabled2_15_1_, user1_.password as password3_15_1_, user1_.role as role4_15_1_, user2_.username as username1_15_2_, user2_.enabled as enabled2_15_2_, user2_.password as password3_15_2_, user2_.role as role4_15_2_ from AppointmentRequests appointmen0_ inner join Users user1_ on appointmen0_.hcp_id=user1_.username inner join Users user2_ on appointmen0_.patient_id=user2_.username where appointmen0_.id=?
00:38:23.712 [main] DEBUG o.h.l.p.b.i.spaces.QuerySpacesImpl - Adding QuerySpace : uid = <gen:0> -> org.hibernate.loader.plan.build.internal.spaces.EntityQuerySpaceImpl@48d6de5d]
00:38:23.712 [main] DEBUG o.h.p.w.spi.MetamodelGraphWalker - Visiting attribute path : comments
00:38:23.712 [main] DEBUG o.h.p.w.spi.MetamodelGraphWalker - Visiting attribute path : date
00:38:23.712 [main] DEBUG o.h.p.w.spi.MetamodelGraphWalker - Visiting attribute path : hcp
00:38:23.712 [main] DEBUG o.h.l.p.b.i.spaces.QuerySpacesImpl - Adding QuerySpace : uid = <gen:1> -> org.hibernate.loader.plan.build.internal.spaces.EntityQuerySpaceImpl@2d1dc902]
00:38:23.713 [main] DEBUG o.h.p.w.spi.MetamodelGraphWalker - Visiting attribute path : hcp.enabled
00:38:23.713 [main] DEBUG o.h.p.w.spi.MetamodelGraphWalker - Visiting attribute path : hcp.password
00:38:23.713 [main] DEBUG o.h.p.w.spi.MetamodelGraphWalker - Visiting attribute path : hcp.role
00:38:23.713 [main] DEBUG o.h.p.w.spi.MetamodelGraphWalker - Visiting attribute path : patient
00:38:23.713 [main] DEBUG o.h.l.p.b.i.spaces.QuerySpacesImpl - Adding QuerySpace : uid = <gen:2> -> org.hibernate.loader.plan.build.internal.spaces.EntityQuerySpaceImpl@2045125c]
00:38:23.713 [main] DEBUG o.h.p.w.spi.MetamodelGraphWalker - Visiting attribute path : patient.enabled
00:38:23.713 [main] DEBUG o.h.p.w.spi.MetamodelGraphWalker - Visiting attribute path : patient.password
00:38:23.714 [main] DEBUG o.h.p.w.spi.MetamodelGraphWalker - Visiting attribute path : patient.role
00:38:23.714 [main] DEBUG o.h.p.w.spi.MetamodelGraphWalker - Visiting attribute path : status
00:38:23.714 [main] DEBUG o.h.p.w.spi.MetamodelGraphWalker - Visiting attribute path : type
00:38:23.714 [main] DEBUG o.h.l.p.b.i.FetchStyleLoadPlanBuildingAssociationVisitationStrategy - Building LoadPlan...
00:38:23.714 [main] DEBUG o.h.l.p.e.i.LoadQueryJoinAndFetchProcessor - processing queryspace <gen:0>
00:38:23.715 [main] DEBUG o.h.l.p.b.spi.LoadPlanTreePrinter - LoadPlan(entity=edu.ncsu.csc.itrust2.models.persistent.AppointmentRequest)
    - Returns
       - EntityReturnImpl(entity=edu.ncsu.csc.itrust2.models.persistent.AppointmentRequest, querySpaceUid=<gen:0>, path=edu.ncsu.csc.itrust2.models.persistent.AppointmentRequest)
          - EntityAttributeFetchImpl(entity=edu.ncsu.csc.itrust2.models.persistent.User, querySpaceUid=<gen:1>, path=edu.ncsu.csc.itrust2.models.persistent.AppointmentRequest.hcp)
          - EntityAttributeFetchImpl(entity=edu.ncsu.csc.itrust2.models.persistent.User, querySpaceUid=<gen:2>, path=edu.ncsu.csc.itrust2.models.persistent.AppointmentRequest.patient)
    - QuerySpaces
       - EntityQuerySpaceImpl(uid=<gen:0>, entity=edu.ncsu.csc.itrust2.models.persistent.AppointmentRequest)
          - SQL table alias mapping - appointmen0_
          - alias suffix - 0_
          - suffixed key columns - {id1_0_0_}
          - JOIN (JoinDefinedByMetadata(hcp)) : <gen:0> -> <gen:1>
             - EntityQuerySpaceImpl(uid=<gen:1>, entity=edu.ncsu.csc.itrust2.models.persistent.User)
                - SQL table alias mapping - user1_
                - alias suffix - 1_
                - suffixed key columns - {username1_15_1_}
          - JOIN (JoinDefinedByMetadata(patient)) : <gen:0> -> <gen:2>
             - EntityQuerySpaceImpl(uid=<gen:2>, entity=edu.ncsu.csc.itrust2.models.persistent.User)
                - SQL table alias mapping - user2_
                - alias suffix - 2_
                - suffixed key columns - {username1_15_2_}

00:38:23.715 [main] DEBUG o.h.loader.entity.plan.EntityLoader - Static select for entity edu.ncsu.csc.itrust2.models.persistent.AppointmentRequest [READ]: select appointmen0_.id as id1_0_0_, appointmen0_.comments as comments2_0_0_, appointmen0_.date as date3_0_0_, appointmen0_.hcp_id as hcp_id6_0_0_, appointmen0_.patient_id as patient_7_0_0_, appointmen0_.status as status4_0_0_, appointmen0_.type as type5_0_0_, user1_.username as username1_15_1_, user1_.enabled as enabled2_15_1_, user1_.password as password3_15_1_, user1_.role as role4_15_1_, user2_.username as username1_15_2_, user2_.enabled as enabled2_15_2_, user2_.password as password3_15_2_, user2_.role as role4_15_2_ from AppointmentRequests appointmen0_ inner join Users user1_ on appointmen0_.hcp_id=user1_.username inner join Users user2_ on appointmen0_.patient_id=user2_.username where appointmen0_.id=?
00:38:23.715 [main] DEBUG o.h.l.p.b.i.spaces.QuerySpacesImpl - Adding QuerySpace : uid = <gen:0> -> org.hibernate.loader.plan.build.internal.spaces.EntityQuerySpaceImpl@18d35482]
00:38:23.716 [main] DEBUG o.h.p.w.spi.MetamodelGraphWalker - Visiting attribute path : comments
00:38:23.716 [main] DEBUG o.h.p.w.spi.MetamodelGraphWalker - Visiting attribute path : date
00:38:23.716 [main] DEBUG o.h.p.w.spi.MetamodelGraphWalker - Visiting attribute path : hcp
00:38:23.716 [main] DEBUG o.h.l.p.b.i.spaces.QuerySpacesImpl - Adding QuerySpace : uid = <gen:1> -> org.hibernate.loader.plan.build.internal.spaces.EntityQuerySpaceImpl@366a0ebf]
00:38:23.716 [main] DEBUG o.h.p.w.spi.MetamodelGraphWalker - Visiting attribute path : patient
00:38:23.716 [main] DEBUG o.h.l.p.b.i.spaces.QuerySpacesImpl - Adding QuerySpace : uid = <gen:2> -> org.hibernate.loader.plan.build.internal.spaces.EntityQuerySpaceImpl@43c30f08]
00:38:23.717 [main] DEBUG o.h.p.w.spi.MetamodelGraphWalker - Visiting attribute path : status
00:38:23.717 [main] DEBUG o.h.p.w.spi.MetamodelGraphWalker - Visiting attribute path : type
00:38:23.717 [main] DEBUG o.h.l.p.b.i.FetchStyleLoadPlanBuildingAssociationVisitationStrategy - Building LoadPlan...
00:38:23.717 [main] DEBUG o.h.l.p.e.i.LoadQueryJoinAndFetchProcessor - processing queryspace <gen:0>
00:38:23.718 [main] DEBUG o.h.l.p.b.spi.LoadPlanTreePrinter - LoadPlan(entity=edu.ncsu.csc.itrust2.models.persistent.AppointmentRequest)
    - Returns
       - EntityReturnImpl(entity=edu.ncsu.csc.itrust2.models.persistent.AppointmentRequest, querySpaceUid=<gen:0>, path=edu.ncsu.csc.itrust2.models.persistent.AppointmentRequest)
          - EntityAttributeFetchImpl(entity=edu.ncsu.csc.itrust2.models.persistent.User, querySpaceUid=<gen:1>, path=edu.ncsu.csc.itrust2.models.persistent.AppointmentRequest.hcp)
          - EntityAttributeFetchImpl(entity=edu.ncsu.csc.itrust2.models.persistent.User, querySpaceUid=<gen:2>, path=edu.ncsu.csc.itrust2.models.persistent.AppointmentRequest.patient)
    - QuerySpaces
       - EntityQuerySpaceImpl(uid=<gen:0>, entity=edu.ncsu.csc.itrust2.models.persistent.AppointmentRequest)
          - SQL table alias mapping - appointmen0_
          - alias suffix - 0_
          - suffixed key columns - {id1_0_0_}

00:38:23.718 [main] DEBUG o.h.loader.entity.plan.EntityLoader - Static select for entity edu.ncsu.csc.itrust2.models.persistent.AppointmentRequest [UPGRADE]: select appointmen0_.id as id1_0_0_, appointmen0_.comments as comments2_0_0_, appointmen0_.date as date3_0_0_, appointmen0_.hcp_id as hcp_id6_0_0_, appointmen0_.patient_id as patient_7_0_0_, appointmen0_.status as status4_0_0_, appointmen0_.type as type5_0_0_ from AppointmentRequests appointmen0_ where appointmen0_.id=? for update
00:38:23.718 [main] DEBUG o.h.l.p.b.i.spaces.QuerySpacesImpl - Adding QuerySpace : uid = <gen:0> -> org.hibernate.loader.plan.build.internal.spaces.EntityQuerySpaceImpl@413634b6]
00:38:23.718 [main] DEBUG o.h.p.w.spi.MetamodelGraphWalker - Visiting attribute path : comments
00:38:23.718 [main] DEBUG o.h.p.w.spi.MetamodelGraphWalker - Visiting attribute path : date
00:38:23.718 [main] DEBUG o.h.p.w.spi.MetamodelGraphWalker - Visiting attribute path : hcp
00:38:23.719 [main] DEBUG o.h.l.p.b.i.spaces.QuerySpacesImpl - Adding QuerySpace : uid = <gen:1> -> org.hibernate.loader.plan.build.internal.spaces.EntityQuerySpaceImpl@300b0844]
00:38:23.719 [main] DEBUG o.h.p.w.spi.MetamodelGraphWalker - Visiting attribute path : patient
00:38:23.720 [main] DEBUG o.h.l.p.b.i.spaces.QuerySpacesImpl - Adding QuerySpace : uid = <gen:2> -> org.hibernate.loader.plan.build.internal.spaces.EntityQuerySpaceImpl@6bebea02]
00:38:23.720 [main] DEBUG o.h.p.w.spi.MetamodelGraphWalker - Visiting attribute path : status
00:38:23.721 [main] DEBUG o.h.p.w.spi.MetamodelGraphWalker - Visiting attribute path : type
00:38:23.721 [main] DEBUG o.h.l.p.b.i.FetchStyleLoadPlanBuildingAssociationVisitationStrategy - Building LoadPlan...
00:38:23.721 [main] DEBUG o.h.l.p.e.i.LoadQueryJoinAndFetchProcessor - processing queryspace <gen:0>
00:38:23.721 [main] DEBUG o.h.l.p.b.spi.LoadPlanTreePrinter - LoadPlan(entity=edu.ncsu.csc.itrust2.models.persistent.AppointmentRequest)
    - Returns
       - EntityReturnImpl(entity=edu.ncsu.csc.itrust2.models.persistent.AppointmentRequest, querySpaceUid=<gen:0>, path=edu.ncsu.csc.itrust2.models.persistent.AppointmentRequest)
          - EntityAttributeFetchImpl(entity=edu.ncsu.csc.itrust2.models.persistent.User, querySpaceUid=<gen:1>, path=edu.ncsu.csc.itrust2.models.persistent.AppointmentRequest.hcp)
          - EntityAttributeFetchImpl(entity=edu.ncsu.csc.itrust2.models.persistent.User, querySpaceUid=<gen:2>, path=edu.ncsu.csc.itrust2.models.persistent.AppointmentRequest.patient)
    - QuerySpaces
       - EntityQuerySpaceImpl(uid=<gen:0>, entity=edu.ncsu.csc.itrust2.models.persistent.AppointmentRequest)
          - SQL table alias mapping - appointmen0_
          - alias suffix - 0_
          - suffixed key columns - {id1_0_0_}

00:38:23.722 [main] DEBUG o.h.loader.entity.plan.EntityLoader - Static select for entity edu.ncsu.csc.itrust2.models.persistent.AppointmentRequest [UPGRADE_NOWAIT]: select appointmen0_.id as id1_0_0_, appointmen0_.comments as comments2_0_0_, appointmen0_.date as date3_0_0_, appointmen0_.hcp_id as hcp_id6_0_0_, appointmen0_.patient_id as patient_7_0_0_, appointmen0_.status as status4_0_0_, appointmen0_.type as type5_0_0_ from AppointmentRequests appointmen0_ where appointmen0_.id=? for update
00:38:23.722 [main] DEBUG o.h.l.p.b.i.spaces.QuerySpacesImpl - Adding QuerySpace : uid = <gen:0> -> org.hibernate.loader.plan.build.internal.spaces.EntityQuerySpaceImpl@1b08e04d]
00:38:23.722 [main] DEBUG o.h.p.w.spi.MetamodelGraphWalker - Visiting attribute path : comments
00:38:23.722 [main] DEBUG o.h.p.w.spi.MetamodelGraphWalker - Visiting attribute path : date
00:38:23.722 [main] DEBUG o.h.p.w.spi.MetamodelGraphWalker - Visiting attribute path : hcp
00:38:23.722 [main] DEBUG o.h.l.p.b.i.spaces.QuerySpacesImpl - Adding QuerySpace : uid = <gen:1> -> org.hibernate.loader.plan.build.internal.spaces.EntityQuerySpaceImpl@32c446ac]
00:38:23.723 [main] DEBUG o.h.p.w.spi.MetamodelGraphWalker - Visiting attribute path : patient
00:38:23.723 [main] DEBUG o.h.l.p.b.i.spaces.QuerySpacesImpl - Adding QuerySpace : uid = <gen:2> -> org.hibernate.loader.plan.build.internal.spaces.EntityQuerySpaceImpl@6cb110c]
00:38:23.723 [main] DEBUG o.h.p.w.spi.MetamodelGraphWalker - Visiting attribute path : status
00:38:23.723 [main] DEBUG o.h.p.w.spi.MetamodelGraphWalker - Visiting attribute path : type
00:38:23.723 [main] DEBUG o.h.l.p.b.i.FetchStyleLoadPlanBuildingAssociationVisitationStrategy - Building LoadPlan...
00:38:23.723 [main] DEBUG o.h.l.p.e.i.LoadQueryJoinAndFetchProcessor - processing queryspace <gen:0>
00:38:23.724 [main] DEBUG o.h.l.p.b.spi.LoadPlanTreePrinter - LoadPlan(entity=edu.ncsu.csc.itrust2.models.persistent.AppointmentRequest)
    - Returns
       - EntityReturnImpl(entity=edu.ncsu.csc.itrust2.models.persistent.AppointmentRequest, querySpaceUid=<gen:0>, path=edu.ncsu.csc.itrust2.models.persistent.AppointmentRequest)
          - EntityAttributeFetchImpl(entity=edu.ncsu.csc.itrust2.models.persistent.User, querySpaceUid=<gen:1>, path=edu.ncsu.csc.itrust2.models.persistent.AppointmentRequest.hcp)
          - EntityAttributeFetchImpl(entity=edu.ncsu.csc.itrust2.models.persistent.User, querySpaceUid=<gen:2>, path=edu.ncsu.csc.itrust2.models.persistent.AppointmentRequest.patient)
    - QuerySpaces
       - EntityQuerySpaceImpl(uid=<gen:0>, entity=edu.ncsu.csc.itrust2.models.persistent.AppointmentRequest)
          - SQL table alias mapping - appointmen0_
          - alias suffix - 0_
          - suffixed key columns - {id1_0_0_}

00:38:23.724 [main] DEBUG o.h.loader.entity.plan.EntityLoader - Static select for entity edu.ncsu.csc.itrust2.models.persistent.AppointmentRequest [UPGRADE_SKIPLOCKED]: select appointmen0_.id as id1_0_0_, appointmen0_.comments as comments2_0_0_, appointmen0_.date as date3_0_0_, appointmen0_.hcp_id as hcp_id6_0_0_, appointmen0_.patient_id as patient_7_0_0_, appointmen0_.status as status4_0_0_, appointmen0_.type as type5_0_0_ from AppointmentRequests appointmen0_ where appointmen0_.id=? for update
00:38:23.724 [main] DEBUG o.h.l.p.b.i.spaces.QuerySpacesImpl - Adding QuerySpace : uid = <gen:0> -> org.hibernate.loader.plan.build.internal.spaces.EntityQuerySpaceImpl@5a1d9310]
00:38:23.724 [main] DEBUG o.h.p.w.spi.MetamodelGraphWalker - Visiting attribute path : comments
00:38:23.724 [main] DEBUG o.h.p.w.spi.MetamodelGraphWalker - Visiting attribute path : date
00:38:23.725 [main] DEBUG o.h.p.w.spi.MetamodelGraphWalker - Visiting attribute path : hcp
00:38:23.725 [main] DEBUG o.h.l.p.b.i.spaces.QuerySpacesImpl - Adding QuerySpace : uid = <gen:1> -> org.hibernate.loader.plan.build.internal.spaces.EntityQuerySpaceImpl@390e0734]
00:38:23.725 [main] DEBUG o.h.p.w.spi.MetamodelGraphWalker - Visiting attribute path : patient
00:38:23.725 [main] DEBUG o.h.l.p.b.i.spaces.QuerySpacesImpl - Adding QuerySpace : uid = <gen:2> -> org.hibernate.loader.plan.build.internal.spaces.EntityQuerySpaceImpl@67133268]
00:38:23.725 [main] DEBUG o.h.p.w.spi.MetamodelGraphWalker - Visiting attribute path : status
00:38:23.725 [main] DEBUG o.h.p.w.spi.MetamodelGraphWalker - Visiting attribute path : type
00:38:23.726 [main] DEBUG o.h.l.p.b.i.FetchStyleLoadPlanBuildingAssociationVisitationStrategy - Building LoadPlan...
00:38:23.726 [main] DEBUG o.h.l.p.e.i.LoadQueryJoinAndFetchProcessor - processing queryspace <gen:0>
00:38:23.726 [main] DEBUG o.h.l.p.b.spi.LoadPlanTreePrinter - LoadPlan(entity=edu.ncsu.csc.itrust2.models.persistent.AppointmentRequest)
    - Returns
       - EntityReturnImpl(entity=edu.ncsu.csc.itrust2.models.persistent.AppointmentRequest, querySpaceUid=<gen:0>, path=edu.ncsu.csc.itrust2.models.persistent.AppointmentRequest)
          - EntityAttributeFetchImpl(entity=edu.ncsu.csc.itrust2.models.persistent.User, querySpaceUid=<gen:1>, path=edu.ncsu.csc.itrust2.models.persistent.AppointmentRequest.hcp)
          - EntityAttributeFetchImpl(entity=edu.ncsu.csc.itrust2.models.persistent.User, querySpaceUid=<gen:2>, path=edu.ncsu.csc.itrust2.models.persistent.AppointmentRequest.patient)
    - QuerySpaces
       - EntityQuerySpaceImpl(uid=<gen:0>, entity=edu.ncsu.csc.itrust2.models.persistent.AppointmentRequest)
          - SQL table alias mapping - appointmen0_
          - alias suffix - 0_
          - suffixed key columns - {id1_0_0_}

00:38:23.726 [main] DEBUG o.h.loader.entity.plan.EntityLoader - Static select for entity edu.ncsu.csc.itrust2.models.persistent.AppointmentRequest [FORCE]: select appointmen0_.id as id1_0_0_, appointmen0_.comments as comments2_0_0_, appointmen0_.date as date3_0_0_, appointmen0_.hcp_id as hcp_id6_0_0_, appointmen0_.patient_id as patient_7_0_0_, appointmen0_.status as status4_0_0_, appointmen0_.type as type5_0_0_ from AppointmentRequests appointmen0_ where appointmen0_.id=? for update
00:38:23.727 [main] DEBUG o.h.l.p.b.i.spaces.QuerySpacesImpl - Adding QuerySpace : uid = <gen:0> -> org.hibernate.loader.plan.build.internal.spaces.EntityQuerySpaceImpl@51a0a889]
00:38:23.727 [main] DEBUG o.h.p.w.spi.MetamodelGraphWalker - Visiting attribute path : comments
00:38:23.727 [main] DEBUG o.h.p.w.spi.MetamodelGraphWalker - Visiting attribute path : date
00:38:23.727 [main] DEBUG o.h.p.w.spi.MetamodelGraphWalker - Visiting attribute path : hcp
00:38:23.727 [main] DEBUG o.h.l.p.b.i.spaces.QuerySpacesImpl - Adding QuerySpace : uid = <gen:1> -> org.hibernate.loader.plan.build.internal.spaces.EntityQuerySpaceImpl@4f4a3c26]
00:38:23.727 [main] DEBUG o.h.p.w.spi.MetamodelGraphWalker - Visiting attribute path : patient
00:38:23.727 [main] DEBUG o.h.l.p.b.i.spaces.QuerySpacesImpl - Adding QuerySpace : uid = <gen:2> -> org.hibernate.loader.plan.build.internal.spaces.EntityQuerySpaceImpl@3134d7d5]
00:38:23.728 [main] DEBUG o.h.p.w.spi.MetamodelGraphWalker - Visiting attribute path : status
00:38:23.728 [main] DEBUG o.h.p.w.spi.MetamodelGraphWalker - Visiting attribute path : type
00:38:23.728 [main] DEBUG o.h.l.p.b.i.FetchStyleLoadPlanBuildingAssociationVisitationStrategy - Building LoadPlan...
00:38:23.728 [main] DEBUG o.h.l.p.e.i.LoadQueryJoinAndFetchProcessor - processing queryspace <gen:0>
00:38:23.728 [main] DEBUG o.h.l.p.b.spi.LoadPlanTreePrinter - LoadPlan(entity=edu.ncsu.csc.itrust2.models.persistent.AppointmentRequest)
    - Returns
       - EntityReturnImpl(entity=edu.ncsu.csc.itrust2.models.persistent.AppointmentRequest, querySpaceUid=<gen:0>, path=edu.ncsu.csc.itrust2.models.persistent.AppointmentRequest)
          - EntityAttributeFetchImpl(entity=edu.ncsu.csc.itrust2.models.persistent.User, querySpaceUid=<gen:1>, path=edu.ncsu.csc.itrust2.models.persistent.AppointmentRequest.hcp)
          - EntityAttributeFetchImpl(entity=edu.ncsu.csc.itrust2.models.persistent.User, querySpaceUid=<gen:2>, path=edu.ncsu.csc.itrust2.models.persistent.AppointmentRequest.patient)
    - QuerySpaces
       - EntityQuerySpaceImpl(uid=<gen:0>, entity=edu.ncsu.csc.itrust2.models.persistent.AppointmentRequest)
          - SQL table alias mapping - appointmen0_
          - alias suffix - 0_
          - suffixed key columns - {id1_0_0_}

00:38:23.729 [main] DEBUG o.h.loader.entity.plan.EntityLoader - Static select for entity edu.ncsu.csc.itrust2.models.persistent.AppointmentRequest [PESSIMISTIC_READ]: select appointmen0_.id as id1_0_0_, appointmen0_.comments as comments2_0_0_, appointmen0_.date as date3_0_0_, appointmen0_.hcp_id as hcp_id6_0_0_, appointmen0_.patient_id as patient_7_0_0_, appointmen0_.status as status4_0_0_, appointmen0_.type as type5_0_0_ from AppointmentRequests appointmen0_ where appointmen0_.id=? lock in share mode
00:38:23.729 [main] DEBUG o.h.l.p.b.i.spaces.QuerySpacesImpl - Adding QuerySpace : uid = <gen:0> -> org.hibernate.loader.plan.build.internal.spaces.EntityQuerySpaceImpl@6584d59a]
00:38:23.729 [main] DEBUG o.h.p.w.spi.MetamodelGraphWalker - Visiting attribute path : comments
00:38:23.729 [main] DEBUG o.h.p.w.spi.MetamodelGraphWalker - Visiting attribute path : date
00:38:23.729 [main] DEBUG o.h.p.w.spi.MetamodelGraphWalker - Visiting attribute path : hcp
00:38:23.730 [main] DEBUG o.h.l.p.b.i.spaces.QuerySpacesImpl - Adding QuerySpace : uid = <gen:1> -> org.hibernate.loader.plan.build.internal.spaces.EntityQuerySpaceImpl@58458599]
00:38:23.730 [main] DEBUG o.h.p.w.spi.MetamodelGraphWalker - Visiting attribute path : patient
00:38:23.730 [main] DEBUG o.h.l.p.b.i.spaces.QuerySpacesImpl - Adding QuerySpace : uid = <gen:2> -> org.hibernate.loader.plan.build.internal.spaces.EntityQuerySpaceImpl@4f586b3b]
00:38:23.730 [main] DEBUG o.h.p.w.spi.MetamodelGraphWalker - Visiting attribute path : status
00:38:23.730 [main] DEBUG o.h.p.w.spi.MetamodelGraphWalker - Visiting attribute path : type
00:38:23.730 [main] DEBUG o.h.l.p.b.i.FetchStyleLoadPlanBuildingAssociationVisitationStrategy - Building LoadPlan...
00:38:23.731 [main] DEBUG o.h.l.p.e.i.LoadQueryJoinAndFetchProcessor - processing queryspace <gen:0>
00:38:23.731 [main] DEBUG o.h.l.p.b.spi.LoadPlanTreePrinter - LoadPlan(entity=edu.ncsu.csc.itrust2.models.persistent.AppointmentRequest)
    - Returns
       - EntityReturnImpl(entity=edu.ncsu.csc.itrust2.models.persistent.AppointmentRequest, querySpaceUid=<gen:0>, path=edu.ncsu.csc.itrust2.models.persistent.AppointmentRequest)
          - EntityAttributeFetchImpl(entity=edu.ncsu.csc.itrust2.models.persistent.User, querySpaceUid=<gen:1>, path=edu.ncsu.csc.itrust2.models.persistent.AppointmentRequest.hcp)
          - EntityAttributeFetchImpl(entity=edu.ncsu.csc.itrust2.models.persistent.User, querySpaceUid=<gen:2>, path=edu.ncsu.csc.itrust2.models.persistent.AppointmentRequest.patient)
    - QuerySpaces
       - EntityQuerySpaceImpl(uid=<gen:0>, entity=edu.ncsu.csc.itrust2.models.persistent.AppointmentRequest)
          - SQL table alias mapping - appointmen0_
          - alias suffix - 0_
          - suffixed key columns - {id1_0_0_}

00:38:23.731 [main] DEBUG o.h.loader.entity.plan.EntityLoader - Static select for entity edu.ncsu.csc.itrust2.models.persistent.AppointmentRequest [PESSIMISTIC_WRITE]: select appointmen0_.id as id1_0_0_, appointmen0_.comments as comments2_0_0_, appointmen0_.date as date3_0_0_, appointmen0_.hcp_id as hcp_id6_0_0_, appointmen0_.patient_id as patient_7_0_0_, appointmen0_.status as status4_0_0_, appointmen0_.type as type5_0_0_ from AppointmentRequests appointmen0_ where appointmen0_.id=? for update
00:38:23.731 [main] DEBUG o.h.l.p.b.i.spaces.QuerySpacesImpl - Adding QuerySpace : uid = <gen:0> -> org.hibernate.loader.plan.build.internal.spaces.EntityQuerySpaceImpl@c334f4f]
00:38:23.731 [main] DEBUG o.h.p.w.spi.MetamodelGraphWalker - Visiting attribute path : comments
00:38:23.732 [main] DEBUG o.h.p.w.spi.MetamodelGraphWalker - Visiting attribute path : date
00:38:23.732 [main] DEBUG o.h.p.w.spi.MetamodelGraphWalker - Visiting attribute path : hcp
00:38:23.732 [main] DEBUG o.h.l.p.b.i.spaces.QuerySpacesImpl - Adding QuerySpace : uid = <gen:1> -> org.hibernate.loader.plan.build.internal.spaces.EntityQuerySpaceImpl@3f4a92d8]
00:38:23.732 [main] DEBUG o.h.p.w.spi.MetamodelGraphWalker - Visiting attribute path : patient
00:38:23.732 [main] DEBUG o.h.l.p.b.i.spaces.QuerySpacesImpl - Adding QuerySpace : uid = <gen:2> -> org.hibernate.loader.plan.build.internal.spaces.EntityQuerySpaceImpl@33c727b9]
00:38:23.732 [main] DEBUG o.h.p.w.spi.MetamodelGraphWalker - Visiting attribute path : status
00:38:23.732 [main] DEBUG o.h.p.w.spi.MetamodelGraphWalker - Visiting attribute path : type
00:38:23.733 [main] DEBUG o.h.l.p.b.i.FetchStyleLoadPlanBuildingAssociationVisitationStrategy - Building LoadPlan...
00:38:23.733 [main] DEBUG o.h.l.p.e.i.LoadQueryJoinAndFetchProcessor - processing queryspace <gen:0>
00:38:23.733 [main] DEBUG o.h.l.p.b.spi.LoadPlanTreePrinter - LoadPlan(entity=edu.ncsu.csc.itrust2.models.persistent.AppointmentRequest)
    - Returns
       - EntityReturnImpl(entity=edu.ncsu.csc.itrust2.models.persistent.AppointmentRequest, querySpaceUid=<gen:0>, path=edu.ncsu.csc.itrust2.models.persistent.AppointmentRequest)
          - EntityAttributeFetchImpl(entity=edu.ncsu.csc.itrust2.models.persistent.User, querySpaceUid=<gen:1>, path=edu.ncsu.csc.itrust2.models.persistent.AppointmentRequest.hcp)
          - EntityAttributeFetchImpl(entity=edu.ncsu.csc.itrust2.models.persistent.User, querySpaceUid=<gen:2>, path=edu.ncsu.csc.itrust2.models.persistent.AppointmentRequest.patient)
    - QuerySpaces
       - EntityQuerySpaceImpl(uid=<gen:0>, entity=edu.ncsu.csc.itrust2.models.persistent.AppointmentRequest)
          - SQL table alias mapping - appointmen0_
          - alias suffix - 0_
          - suffixed key columns - {id1_0_0_}

00:38:23.733 [main] DEBUG o.h.loader.entity.plan.EntityLoader - Static select for entity edu.ncsu.csc.itrust2.models.persistent.AppointmentRequest [PESSIMISTIC_FORCE_INCREMENT]: select appointmen0_.id as id1_0_0_, appointmen0_.comments as comments2_0_0_, appointmen0_.date as date3_0_0_, appointmen0_.hcp_id as hcp_id6_0_0_, appointmen0_.patient_id as patient_7_0_0_, appointmen0_.status as status4_0_0_, appointmen0_.type as type5_0_0_ from AppointmentRequests appointmen0_ where appointmen0_.id=? for update
00:38:23.734 [main] DEBUG o.h.l.p.b.i.spaces.QuerySpacesImpl - Adding QuerySpace : uid = <gen:0> -> org.hibernate.loader.plan.build.internal.spaces.EntityQuerySpaceImpl@25184fb9]
00:38:23.734 [main] DEBUG o.h.p.w.spi.MetamodelGraphWalker - Visiting attribute path : comments
00:38:23.734 [main] DEBUG o.h.p.w.spi.MetamodelGraphWalker - Visiting attribute path : date
00:38:23.734 [main] DEBUG o.h.p.w.spi.MetamodelGraphWalker - Visiting attribute path : hcp
00:38:23.734 [main] DEBUG o.h.l.p.b.i.spaces.QuerySpacesImpl - Adding QuerySpace : uid = <gen:1> -> org.hibernate.loader.plan.build.internal.spaces.EntityQuerySpaceImpl@38757c81]
00:38:23.734 [main] DEBUG o.h.p.w.spi.MetamodelGraphWalker - Visiting attribute path : patient
00:38:23.735 [main] DEBUG o.h.l.p.b.i.spaces.QuerySpacesImpl - Adding QuerySpace : uid = <gen:2> -> org.hibernate.loader.plan.build.internal.spaces.EntityQuerySpaceImpl@32056ed9]
00:38:23.735 [main] DEBUG o.h.p.w.spi.MetamodelGraphWalker - Visiting attribute path : status
00:38:23.735 [main] DEBUG o.h.p.w.spi.MetamodelGraphWalker - Visiting attribute path : type
00:38:23.735 [main] DEBUG o.h.l.p.b.i.FetchStyleLoadPlanBuildingAssociationVisitationStrategy - Building LoadPlan...
00:38:23.735 [main] DEBUG o.h.l.p.e.i.LoadQueryJoinAndFetchProcessor - processing queryspace <gen:0>
00:38:23.736 [main] DEBUG o.h.l.p.b.spi.LoadPlanTreePrinter - LoadPlan(entity=edu.ncsu.csc.itrust2.models.persistent.AppointmentRequest)
    - Returns
       - EntityReturnImpl(entity=edu.ncsu.csc.itrust2.models.persistent.AppointmentRequest, querySpaceUid=<gen:0>, path=edu.ncsu.csc.itrust2.models.persistent.AppointmentRequest)
          - EntityAttributeFetchImpl(entity=edu.ncsu.csc.itrust2.models.persistent.User, querySpaceUid=<gen:1>, path=edu.ncsu.csc.itrust2.models.persistent.AppointmentRequest.hcp)
          - EntityAttributeFetchImpl(entity=edu.ncsu.csc.itrust2.models.persistent.User, querySpaceUid=<gen:2>, path=edu.ncsu.csc.itrust2.models.persistent.AppointmentRequest.patient)
    - QuerySpaces
       - EntityQuerySpaceImpl(uid=<gen:0>, entity=edu.ncsu.csc.itrust2.models.persistent.AppointmentRequest)
          - SQL table alias mapping - appointmen0_
          - alias suffix - 0_
          - suffixed key columns - {id1_0_0_}

00:38:23.736 [main] DEBUG o.h.loader.entity.plan.EntityLoader - Static select for entity edu.ncsu.csc.itrust2.models.persistent.AppointmentRequest [OPTIMISTIC]: select appointmen0_.id as id1_0_0_, appointmen0_.comments as comments2_0_0_, appointmen0_.date as date3_0_0_, appointmen0_.hcp_id as hcp_id6_0_0_, appointmen0_.patient_id as patient_7_0_0_, appointmen0_.status as status4_0_0_, appointmen0_.type as type5_0_0_ from AppointmentRequests appointmen0_ where appointmen0_.id=?
00:38:23.736 [main] DEBUG o.h.l.p.b.i.spaces.QuerySpacesImpl - Adding QuerySpace : uid = <gen:0> -> org.hibernate.loader.plan.build.internal.spaces.EntityQuerySpaceImpl@55879aa7]
00:38:23.736 [main] DEBUG o.h.p.w.spi.MetamodelGraphWalker - Visiting attribute path : comments
00:38:23.736 [main] DEBUG o.h.p.w.spi.MetamodelGraphWalker - Visiting attribute path : date
00:38:23.737 [main] DEBUG o.h.p.w.spi.MetamodelGraphWalker - Visiting attribute path : hcp
00:38:23.737 [main] DEBUG o.h.l.p.b.i.spaces.QuerySpacesImpl - Adding QuerySpace : uid = <gen:1> -> org.hibernate.loader.plan.build.internal.spaces.EntityQuerySpaceImpl@2c016c9]
00:38:23.737 [main] DEBUG o.h.p.w.spi.MetamodelGraphWalker - Visiting attribute path : patient
00:38:23.737 [main] DEBUG o.h.l.p.b.i.spaces.QuerySpacesImpl - Adding QuerySpace : uid = <gen:2> -> org.hibernate.loader.plan.build.internal.spaces.EntityQuerySpaceImpl@1b2ad3ee]
00:38:23.737 [main] DEBUG o.h.p.w.spi.MetamodelGraphWalker - Visiting attribute path : status
00:38:23.737 [main] DEBUG o.h.p.w.spi.MetamodelGraphWalker - Visiting attribute path : type
00:38:23.738 [main] DEBUG o.h.l.p.b.i.FetchStyleLoadPlanBuildingAssociationVisitationStrategy - Building LoadPlan...
00:38:23.738 [main] DEBUG o.h.l.p.e.i.LoadQueryJoinAndFetchProcessor - processing queryspace <gen:0>
00:38:23.738 [main] DEBUG o.h.l.p.b.spi.LoadPlanTreePrinter - LoadPlan(entity=edu.ncsu.csc.itrust2.models.persistent.AppointmentRequest)
    - Returns
       - EntityReturnImpl(entity=edu.ncsu.csc.itrust2.models.persistent.AppointmentRequest, querySpaceUid=<gen:0>, path=edu.ncsu.csc.itrust2.models.persistent.AppointmentRequest)
          - EntityAttributeFetchImpl(entity=edu.ncsu.csc.itrust2.models.persistent.User, querySpaceUid=<gen:1>, path=edu.ncsu.csc.itrust2.models.persistent.AppointmentRequest.hcp)
          - EntityAttributeFetchImpl(entity=edu.ncsu.csc.itrust2.models.persistent.User, querySpaceUid=<gen:2>, path=edu.ncsu.csc.itrust2.models.persistent.AppointmentRequest.patient)
    - QuerySpaces
       - EntityQuerySpaceImpl(uid=<gen:0>, entity=edu.ncsu.csc.itrust2.models.persistent.AppointmentRequest)
          - SQL table alias mapping - appointmen0_
          - alias suffix - 0_
          - suffixed key columns - {id1_0_0_}

00:38:23.738 [main] DEBUG o.h.loader.entity.plan.EntityLoader - Static select for entity edu.ncsu.csc.itrust2.models.persistent.AppointmentRequest [OPTIMISTIC_FORCE_INCREMENT]: select appointmen0_.id as id1_0_0_, appointmen0_.comments as comments2_0_0_, appointmen0_.date as date3_0_0_, appointmen0_.hcp_id as hcp_id6_0_0_, appointmen0_.patient_id as patient_7_0_0_, appointmen0_.status as status4_0_0_, appointmen0_.type as type5_0_0_ from AppointmentRequests appointmen0_ where appointmen0_.id=?
00:38:23.739 [main] DEBUG org.hibernate.loader.Loader - Static select for action ACTION_MERGE on entity edu.ncsu.csc.itrust2.models.persistent.AppointmentRequest: select appointmen0_.id as id1_0_0_, appointmen0_.comments as comments2_0_0_, appointmen0_.date as date3_0_0_, appointmen0_.hcp_id as hcp_id6_0_0_, appointmen0_.patient_id as patient_7_0_0_, appointmen0_.status as status4_0_0_, appointmen0_.type as type5_0_0_ from AppointmentRequests appointmen0_ where appointmen0_.id=?
00:38:23.739 [main] DEBUG org.hibernate.loader.Loader - Static select for action ACTION_REFRESH on entity edu.ncsu.csc.itrust2.models.persistent.AppointmentRequest: select appointmen0_.id as id1_0_0_, appointmen0_.comments as comments2_0_0_, appointmen0_.date as date3_0_0_, appointmen0_.hcp_id as hcp_id6_0_0_, appointmen0_.patient_id as patient_7_0_0_, appointmen0_.status as status4_0_0_, appointmen0_.type as type5_0_0_ from AppointmentRequests appointmen0_ where appointmen0_.id=?
00:38:23.739 [main] DEBUG o.h.p.entity.AbstractEntityPersister - Static SQL for entity: edu.ncsu.csc.itrust2.models.persistent.LoginBan
00:38:23.740 [main] DEBUG o.h.p.entity.AbstractEntityPersister -  Version select: select id from LoginBans where id =?
00:38:23.740 [main] DEBUG o.h.p.entity.AbstractEntityPersister -  Snapshot select: select loginban_.id, loginban_.ip as ip2_8_, loginban_.time as time3_8_, loginban_.user_id as user_id4_8_ from LoginBans loginban_ where loginban_.id=?
00:38:23.740 [main] DEBUG o.h.p.entity.AbstractEntityPersister -  Insert 0: insert into LoginBans (ip, time, user_id, id) values (?, ?, ?, ?)
00:38:23.740 [main] DEBUG o.h.p.entity.AbstractEntityPersister -  Update 0: update LoginBans set ip=?, time=?, user_id=? where id=?
00:38:23.740 [main] DEBUG o.h.p.entity.AbstractEntityPersister -  Delete 0: delete from LoginBans where id=?
00:38:23.740 [main] DEBUG o.h.l.p.b.i.spaces.QuerySpacesImpl - Adding QuerySpace : uid = <gen:0> -> org.hibernate.loader.plan.build.internal.spaces.EntityQuerySpaceImpl@7211208e]
00:38:23.741 [main] DEBUG o.h.p.w.spi.MetamodelGraphWalker - Visiting attribute path : ip
00:38:23.741 [main] DEBUG o.h.p.w.spi.MetamodelGraphWalker - Visiting attribute path : time
00:38:23.741 [main] DEBUG o.h.p.w.spi.MetamodelGraphWalker - Visiting attribute path : user
00:38:23.741 [main] DEBUG o.h.l.p.b.i.spaces.QuerySpacesImpl - Adding QuerySpace : uid = <gen:1> -> org.hibernate.loader.plan.build.internal.spaces.EntityQuerySpaceImpl@76a99305]
00:38:23.741 [main] DEBUG o.h.p.w.spi.MetamodelGraphWalker - Visiting attribute path : user.enabled
00:38:23.741 [main] DEBUG o.h.p.w.spi.MetamodelGraphWalker - Visiting attribute path : user.password
00:38:23.741 [main] DEBUG o.h.p.w.spi.MetamodelGraphWalker - Visiting attribute path : user.role
00:38:23.742 [main] DEBUG o.h.l.p.b.i.FetchStyleLoadPlanBuildingAssociationVisitationStrategy - Building LoadPlan...
00:38:23.742 [main] DEBUG o.h.l.p.e.i.LoadQueryJoinAndFetchProcessor - processing queryspace <gen:0>
00:38:23.742 [main] DEBUG o.h.l.p.b.spi.LoadPlanTreePrinter - LoadPlan(entity=edu.ncsu.csc.itrust2.models.persistent.LoginBan)
    - Returns
       - EntityReturnImpl(entity=edu.ncsu.csc.itrust2.models.persistent.LoginBan, querySpaceUid=<gen:0>, path=edu.ncsu.csc.itrust2.models.persistent.LoginBan)
          - EntityAttributeFetchImpl(entity=edu.ncsu.csc.itrust2.models.persistent.User, querySpaceUid=<gen:1>, path=edu.ncsu.csc.itrust2.models.persistent.LoginBan.user)
    - QuerySpaces
       - EntityQuerySpaceImpl(uid=<gen:0>, entity=edu.ncsu.csc.itrust2.models.persistent.LoginBan)
          - SQL table alias mapping - loginban0_
          - alias suffix - 0_
          - suffixed key columns - {id1_8_0_}
          - JOIN (JoinDefinedByMetadata(user)) : <gen:0> -> <gen:1>
             - EntityQuerySpaceImpl(uid=<gen:1>, entity=edu.ncsu.csc.itrust2.models.persistent.User)
                - SQL table alias mapping - user1_
                - alias suffix - 1_
                - suffixed key columns - {username1_15_1_}

00:38:23.743 [main] DEBUG o.h.loader.entity.plan.EntityLoader - Static select for entity edu.ncsu.csc.itrust2.models.persistent.LoginBan [NONE]: select loginban0_.id as id1_8_0_, loginban0_.ip as ip2_8_0_, loginban0_.time as time3_8_0_, loginban0_.user_id as user_id4_8_0_, user1_.username as username1_15_1_, user1_.enabled as enabled2_15_1_, user1_.password as password3_15_1_, user1_.role as role4_15_1_ from LoginBans loginban0_ left outer join Users user1_ on loginban0_.user_id=user1_.username where loginban0_.id=?
00:38:23.743 [main] DEBUG o.h.l.p.b.i.spaces.QuerySpacesImpl - Adding QuerySpace : uid = <gen:0> -> org.hibernate.loader.plan.build.internal.spaces.EntityQuerySpaceImpl@40bfc929]
00:38:23.743 [main] DEBUG o.h.p.w.spi.MetamodelGraphWalker - Visiting attribute path : ip
00:38:23.743 [main] DEBUG o.h.p.w.spi.MetamodelGraphWalker - Visiting attribute path : time
00:38:23.743 [main] DEBUG o.h.p.w.spi.MetamodelGraphWalker - Visiting attribute path : user
00:38:23.743 [main] DEBUG o.h.l.p.b.i.spaces.QuerySpacesImpl - Adding QuerySpace : uid = <gen:1> -> org.hibernate.loader.plan.build.internal.spaces.EntityQuerySpaceImpl@6358d8de]
00:38:23.744 [main] DEBUG o.h.p.w.spi.MetamodelGraphWalker - Visiting attribute path : user.enabled
00:38:23.744 [main] DEBUG o.h.p.w.spi.MetamodelGraphWalker - Visiting attribute path : user.password
00:38:23.744 [main] DEBUG o.h.p.w.spi.MetamodelGraphWalker - Visiting attribute path : user.role
00:38:23.744 [main] DEBUG o.h.l.p.b.i.FetchStyleLoadPlanBuildingAssociationVisitationStrategy - Building LoadPlan...
00:38:23.744 [main] DEBUG o.h.l.p.e.i.LoadQueryJoinAndFetchProcessor - processing queryspace <gen:0>
00:38:23.745 [main] DEBUG o.h.l.p.b.spi.LoadPlanTreePrinter - LoadPlan(entity=edu.ncsu.csc.itrust2.models.persistent.LoginBan)
    - Returns
       - EntityReturnImpl(entity=edu.ncsu.csc.itrust2.models.persistent.LoginBan, querySpaceUid=<gen:0>, path=edu.ncsu.csc.itrust2.models.persistent.LoginBan)
          - EntityAttributeFetchImpl(entity=edu.ncsu.csc.itrust2.models.persistent.User, querySpaceUid=<gen:1>, path=edu.ncsu.csc.itrust2.models.persistent.LoginBan.user)
    - QuerySpaces
       - EntityQuerySpaceImpl(uid=<gen:0>, entity=edu.ncsu.csc.itrust2.models.persistent.LoginBan)
          - SQL table alias mapping - loginban0_
          - alias suffix - 0_
          - suffixed key columns - {id1_8_0_}
          - JOIN (JoinDefinedByMetadata(user)) : <gen:0> -> <gen:1>
             - EntityQuerySpaceImpl(uid=<gen:1>, entity=edu.ncsu.csc.itrust2.models.persistent.User)
                - SQL table alias mapping - user1_
                - alias suffix - 1_
                - suffixed key columns - {username1_15_1_}

00:38:23.745 [main] DEBUG o.h.loader.entity.plan.EntityLoader - Static select for entity edu.ncsu.csc.itrust2.models.persistent.LoginBan [READ]: select loginban0_.id as id1_8_0_, loginban0_.ip as ip2_8_0_, loginban0_.time as time3_8_0_, loginban0_.user_id as user_id4_8_0_, user1_.username as username1_15_1_, user1_.enabled as enabled2_15_1_, user1_.password as password3_15_1_, user1_.role as role4_15_1_ from LoginBans loginban0_ left outer join Users user1_ on loginban0_.user_id=user1_.username where loginban0_.id=?
00:38:23.745 [main] DEBUG o.h.l.p.b.i.spaces.QuerySpacesImpl - Adding QuerySpace : uid = <gen:0> -> org.hibernate.loader.plan.build.internal.spaces.EntityQuerySpaceImpl@6aaa576f]
00:38:23.745 [main] DEBUG o.h.p.w.spi.MetamodelGraphWalker - Visiting attribute path : ip
00:38:23.746 [main] DEBUG o.h.p.w.spi.MetamodelGraphWalker - Visiting attribute path : time
00:38:23.746 [main] DEBUG o.h.p.w.spi.MetamodelGraphWalker - Visiting attribute path : user
00:38:23.746 [main] DEBUG o.h.l.p.b.i.spaces.QuerySpacesImpl - Adding QuerySpace : uid = <gen:1> -> org.hibernate.loader.plan.build.internal.spaces.EntityQuerySpaceImpl@c4be921]
00:38:23.746 [main] DEBUG o.h.l.p.b.i.FetchStyleLoadPlanBuildingAssociationVisitationStrategy - Building LoadPlan...
00:38:23.746 [main] DEBUG o.h.l.p.e.i.LoadQueryJoinAndFetchProcessor - processing queryspace <gen:0>
00:38:23.747 [main] DEBUG o.h.l.p.b.spi.LoadPlanTreePrinter - LoadPlan(entity=edu.ncsu.csc.itrust2.models.persistent.LoginBan)
    - Returns
       - EntityReturnImpl(entity=edu.ncsu.csc.itrust2.models.persistent.LoginBan, querySpaceUid=<gen:0>, path=edu.ncsu.csc.itrust2.models.persistent.LoginBan)
          - EntityAttributeFetchImpl(entity=edu.ncsu.csc.itrust2.models.persistent.User, querySpaceUid=<gen:1>, path=edu.ncsu.csc.itrust2.models.persistent.LoginBan.user)
    - QuerySpaces
       - EntityQuerySpaceImpl(uid=<gen:0>, entity=edu.ncsu.csc.itrust2.models.persistent.LoginBan)
          - SQL table alias mapping - loginban0_
          - alias suffix - 0_
          - suffixed key columns - {id1_8_0_}

00:38:23.747 [main] DEBUG o.h.loader.entity.plan.EntityLoader - Static select for entity edu.ncsu.csc.itrust2.models.persistent.LoginBan [UPGRADE]: select loginban0_.id as id1_8_0_, loginban0_.ip as ip2_8_0_, loginban0_.time as time3_8_0_, loginban0_.user_id as user_id4_8_0_ from LoginBans loginban0_ where loginban0_.id=? for update
00:38:23.747 [main] DEBUG o.h.l.p.b.i.spaces.QuerySpacesImpl - Adding QuerySpace : uid = <gen:0> -> org.hibernate.loader.plan.build.internal.spaces.EntityQuerySpaceImpl@49beaa01]
00:38:23.747 [main] DEBUG o.h.p.w.spi.MetamodelGraphWalker - Visiting attribute path : ip
00:38:23.747 [main] DEBUG o.h.p.w.spi.MetamodelGraphWalker - Visiting attribute path : time
00:38:23.747 [main] DEBUG o.h.p.w.spi.MetamodelGraphWalker - Visiting attribute path : user
00:38:23.748 [main] DEBUG o.h.l.p.b.i.spaces.QuerySpacesImpl - Adding QuerySpace : uid = <gen:1> -> org.hibernate.loader.plan.build.internal.spaces.EntityQuerySpaceImpl@5a1b262f]
00:38:23.748 [main] DEBUG o.h.l.p.b.i.FetchStyleLoadPlanBuildingAssociationVisitationStrategy - Building LoadPlan...
00:38:23.748 [main] DEBUG o.h.l.p.e.i.LoadQueryJoinAndFetchProcessor - processing queryspace <gen:0>
00:38:23.748 [main] DEBUG o.h.l.p.b.spi.LoadPlanTreePrinter - LoadPlan(entity=edu.ncsu.csc.itrust2.models.persistent.LoginBan)
    - Returns
       - EntityReturnImpl(entity=edu.ncsu.csc.itrust2.models.persistent.LoginBan, querySpaceUid=<gen:0>, path=edu.ncsu.csc.itrust2.models.persistent.LoginBan)
          - EntityAttributeFetchImpl(entity=edu.ncsu.csc.itrust2.models.persistent.User, querySpaceUid=<gen:1>, path=edu.ncsu.csc.itrust2.models.persistent.LoginBan.user)
    - QuerySpaces
       - EntityQuerySpaceImpl(uid=<gen:0>, entity=edu.ncsu.csc.itrust2.models.persistent.LoginBan)
          - SQL table alias mapping - loginban0_
          - alias suffix - 0_
          - suffixed key columns - {id1_8_0_}

00:38:23.749 [main] DEBUG o.h.loader.entity.plan.EntityLoader - Static select for entity edu.ncsu.csc.itrust2.models.persistent.LoginBan [UPGRADE_NOWAIT]: select loginban0_.id as id1_8_0_, loginban0_.ip as ip2_8_0_, loginban0_.time as time3_8_0_, loginban0_.user_id as user_id4_8_0_ from LoginBans loginban0_ where loginban0_.id=? for update
00:38:23.749 [main] DEBUG o.h.l.p.b.i.spaces.QuerySpacesImpl - Adding QuerySpace : uid = <gen:0> -> org.hibernate.loader.plan.build.internal.spaces.EntityQuerySpaceImpl@94adeac]
00:38:23.749 [main] DEBUG o.h.p.w.spi.MetamodelGraphWalker - Visiting attribute path : ip
00:38:23.749 [main] DEBUG o.h.p.w.spi.MetamodelGraphWalker - Visiting attribute path : time
00:38:23.749 [main] DEBUG o.h.p.w.spi.MetamodelGraphWalker - Visiting attribute path : user
00:38:23.749 [main] DEBUG o.h.l.p.b.i.spaces.QuerySpacesImpl - Adding QuerySpace : uid = <gen:1> -> org.hibernate.loader.plan.build.internal.spaces.EntityQuerySpaceImpl@78a954de]
00:38:23.750 [main] DEBUG o.h.l.p.b.i.FetchStyleLoadPlanBuildingAssociationVisitationStrategy - Building LoadPlan...
00:38:23.750 [main] DEBUG o.h.l.p.e.i.LoadQueryJoinAndFetchProcessor - processing queryspace <gen:0>
00:38:23.750 [main] DEBUG o.h.l.p.b.spi.LoadPlanTreePrinter - LoadPlan(entity=edu.ncsu.csc.itrust2.models.persistent.LoginBan)
    - Returns
       - EntityReturnImpl(entity=edu.ncsu.csc.itrust2.models.persistent.LoginBan, querySpaceUid=<gen:0>, path=edu.ncsu.csc.itrust2.models.persistent.LoginBan)
          - EntityAttributeFetchImpl(entity=edu.ncsu.csc.itrust2.models.persistent.User, querySpaceUid=<gen:1>, path=edu.ncsu.csc.itrust2.models.persistent.LoginBan.user)
    - QuerySpaces
       - EntityQuerySpaceImpl(uid=<gen:0>, entity=edu.ncsu.csc.itrust2.models.persistent.LoginBan)
          - SQL table alias mapping - loginban0_
          - alias suffix - 0_
          - suffixed key columns - {id1_8_0_}

00:38:23.750 [main] DEBUG o.h.loader.entity.plan.EntityLoader - Static select for entity edu.ncsu.csc.itrust2.models.persistent.LoginBan [UPGRADE_SKIPLOCKED]: select loginban0_.id as id1_8_0_, loginban0_.ip as ip2_8_0_, loginban0_.time as time3_8_0_, loginban0_.user_id as user_id4_8_0_ from LoginBans loginban0_ where loginban0_.id=? for update
00:38:23.751 [main] DEBUG o.h.l.p.b.i.spaces.QuerySpacesImpl - Adding QuerySpace : uid = <gen:0> -> org.hibernate.loader.plan.build.internal.spaces.EntityQuerySpaceImpl@7b802fba]
00:38:23.751 [main] DEBUG o.h.p.w.spi.MetamodelGraphWalker - Visiting attribute path : ip
00:38:23.751 [main] DEBUG o.h.p.w.spi.MetamodelGraphWalker - Visiting attribute path : time
00:38:23.751 [main] DEBUG o.h.p.w.spi.MetamodelGraphWalker - Visiting attribute path : user
00:38:23.751 [main] DEBUG o.h.l.p.b.i.spaces.QuerySpacesImpl - Adding QuerySpace : uid = <gen:1> -> org.hibernate.loader.plan.build.internal.spaces.EntityQuerySpaceImpl@551087d1]
00:38:23.751 [main] DEBUG o.h.l.p.b.i.FetchStyleLoadPlanBuildingAssociationVisitationStrategy - Building LoadPlan...
00:38:23.752 [main] DEBUG o.h.l.p.e.i.LoadQueryJoinAndFetchProcessor - processing queryspace <gen:0>
00:38:23.752 [main] DEBUG o.h.l.p.b.spi.LoadPlanTreePrinter - LoadPlan(entity=edu.ncsu.csc.itrust2.models.persistent.LoginBan)
    - Returns
       - EntityReturnImpl(entity=edu.ncsu.csc.itrust2.models.persistent.LoginBan, querySpaceUid=<gen:0>, path=edu.ncsu.csc.itrust2.models.persistent.LoginBan)
          - EntityAttributeFetchImpl(entity=edu.ncsu.csc.itrust2.models.persistent.User, querySpaceUid=<gen:1>, path=edu.ncsu.csc.itrust2.models.persistent.LoginBan.user)
    - QuerySpaces
       - EntityQuerySpaceImpl(uid=<gen:0>, entity=edu.ncsu.csc.itrust2.models.persistent.LoginBan)
          - SQL table alias mapping - loginban0_
          - alias suffix - 0_
          - suffixed key columns - {id1_8_0_}

00:38:23.752 [main] DEBUG o.h.loader.entity.plan.EntityLoader - Static select for entity edu.ncsu.csc.itrust2.models.persistent.LoginBan [FORCE]: select loginban0_.id as id1_8_0_, loginban0_.ip as ip2_8_0_, loginban0_.time as time3_8_0_, loginban0_.user_id as user_id4_8_0_ from LoginBans loginban0_ where loginban0_.id=? for update
00:38:23.752 [main] DEBUG o.h.l.p.b.i.spaces.QuerySpacesImpl - Adding QuerySpace : uid = <gen:0> -> org.hibernate.loader.plan.build.internal.spaces.EntityQuerySpaceImpl@672d2609]
00:38:23.752 [main] DEBUG o.h.p.w.spi.MetamodelGraphWalker - Visiting attribute path : ip
00:38:23.753 [main] DEBUG o.h.p.w.spi.MetamodelGraphWalker - Visiting attribute path : time
00:38:23.753 [main] DEBUG o.h.p.w.spi.MetamodelGraphWalker - Visiting attribute path : user
00:38:23.753 [main] DEBUG o.h.l.p.b.i.spaces.QuerySpacesImpl - Adding QuerySpace : uid = <gen:1> -> org.hibernate.loader.plan.build.internal.spaces.EntityQuerySpaceImpl@38e12425]
00:38:23.753 [main] DEBUG o.h.l.p.b.i.FetchStyleLoadPlanBuildingAssociationVisitationStrategy - Building LoadPlan...
00:38:23.753 [main] DEBUG o.h.l.p.e.i.LoadQueryJoinAndFetchProcessor - processing queryspace <gen:0>
00:38:23.754 [main] DEBUG o.h.l.p.b.spi.LoadPlanTreePrinter - LoadPlan(entity=edu.ncsu.csc.itrust2.models.persistent.LoginBan)
    - Returns
       - EntityReturnImpl(entity=edu.ncsu.csc.itrust2.models.persistent.LoginBan, querySpaceUid=<gen:0>, path=edu.ncsu.csc.itrust2.models.persistent.LoginBan)
          - EntityAttributeFetchImpl(entity=edu.ncsu.csc.itrust2.models.persistent.User, querySpaceUid=<gen:1>, path=edu.ncsu.csc.itrust2.models.persistent.LoginBan.user)
    - QuerySpaces
       - EntityQuerySpaceImpl(uid=<gen:0>, entity=edu.ncsu.csc.itrust2.models.persistent.LoginBan)
          - SQL table alias mapping - loginban0_
          - alias suffix - 0_
          - suffixed key columns - {id1_8_0_}

00:38:23.754 [main] DEBUG o.h.loader.entity.plan.EntityLoader - Static select for entity edu.ncsu.csc.itrust2.models.persistent.LoginBan [PESSIMISTIC_READ]: select loginban0_.id as id1_8_0_, loginban0_.ip as ip2_8_0_, loginban0_.time as time3_8_0_, loginban0_.user_id as user_id4_8_0_ from LoginBans loginban0_ where loginban0_.id=? lock in share mode
00:38:23.754 [main] DEBUG o.h.l.p.b.i.spaces.QuerySpacesImpl - Adding QuerySpace : uid = <gen:0> -> org.hibernate.loader.plan.build.internal.spaces.EntityQuerySpaceImpl@691e12e7]
00:38:23.754 [main] DEBUG o.h.p.w.spi.MetamodelGraphWalker - Visiting attribute path : ip
00:38:23.754 [main] DEBUG o.h.p.w.spi.MetamodelGraphWalker - Visiting attribute path : time
00:38:23.754 [main] DEBUG o.h.p.w.spi.MetamodelGraphWalker - Visiting attribute path : user
00:38:23.755 [main] DEBUG o.h.l.p.b.i.spaces.QuerySpacesImpl - Adding QuerySpace : uid = <gen:1> -> org.hibernate.loader.plan.build.internal.spaces.EntityQuerySpaceImpl@2baeef8b]
00:38:23.755 [main] DEBUG o.h.l.p.b.i.FetchStyleLoadPlanBuildingAssociationVisitationStrategy - Building LoadPlan...
00:38:23.755 [main] DEBUG o.h.l.p.e.i.LoadQueryJoinAndFetchProcessor - processing queryspace <gen:0>
00:38:23.755 [main] DEBUG o.h.l.p.b.spi.LoadPlanTreePrinter - LoadPlan(entity=edu.ncsu.csc.itrust2.models.persistent.LoginBan)
    - Returns
       - EntityReturnImpl(entity=edu.ncsu.csc.itrust2.models.persistent.LoginBan, querySpaceUid=<gen:0>, path=edu.ncsu.csc.itrust2.models.persistent.LoginBan)
          - EntityAttributeFetchImpl(entity=edu.ncsu.csc.itrust2.models.persistent.User, querySpaceUid=<gen:1>, path=edu.ncsu.csc.itrust2.models.persistent.LoginBan.user)
    - QuerySpaces
       - EntityQuerySpaceImpl(uid=<gen:0>, entity=edu.ncsu.csc.itrust2.models.persistent.LoginBan)
          - SQL table alias mapping - loginban0_
          - alias suffix - 0_
          - suffixed key columns - {id1_8_0_}

00:38:23.756 [main] DEBUG o.h.loader.entity.plan.EntityLoader - Static select for entity edu.ncsu.csc.itrust2.models.persistent.LoginBan [PESSIMISTIC_WRITE]: select loginban0_.id as id1_8_0_, loginban0_.ip as ip2_8_0_, loginban0_.time as time3_8_0_, loginban0_.user_id as user_id4_8_0_ from LoginBans loginban0_ where loginban0_.id=? for update
00:38:23.756 [main] DEBUG o.h.l.p.b.i.spaces.QuerySpacesImpl - Adding QuerySpace : uid = <gen:0> -> org.hibernate.loader.plan.build.internal.spaces.EntityQuerySpaceImpl@1adf26d7]
00:38:23.756 [main] DEBUG o.h.p.w.spi.MetamodelGraphWalker - Visiting attribute path : ip
00:38:23.756 [main] DEBUG o.h.p.w.spi.MetamodelGraphWalker - Visiting attribute path : time
00:38:23.756 [main] DEBUG o.h.p.w.spi.MetamodelGraphWalker - Visiting attribute path : user
00:38:23.756 [main] DEBUG o.h.l.p.b.i.spaces.QuerySpacesImpl - Adding QuerySpace : uid = <gen:1> -> org.hibernate.loader.plan.build.internal.spaces.EntityQuerySpaceImpl@fab8aef]
00:38:23.757 [main] DEBUG o.h.l.p.b.i.FetchStyleLoadPlanBuildingAssociationVisitationStrategy - Building LoadPlan...
00:38:23.757 [main] DEBUG o.h.l.p.e.i.LoadQueryJoinAndFetchProcessor - processing queryspace <gen:0>
00:38:23.757 [main] DEBUG o.h.l.p.b.spi.LoadPlanTreePrinter - LoadPlan(entity=edu.ncsu.csc.itrust2.models.persistent.LoginBan)
    - Returns
       - EntityReturnImpl(entity=edu.ncsu.csc.itrust2.models.persistent.LoginBan, querySpaceUid=<gen:0>, path=edu.ncsu.csc.itrust2.models.persistent.LoginBan)
          - EntityAttributeFetchImpl(entity=edu.ncsu.csc.itrust2.models.persistent.User, querySpaceUid=<gen:1>, path=edu.ncsu.csc.itrust2.models.persistent.LoginBan.user)
    - QuerySpaces
       - EntityQuerySpaceImpl(uid=<gen:0>, entity=edu.ncsu.csc.itrust2.models.persistent.LoginBan)
          - SQL table alias mapping - loginban0_
          - alias suffix - 0_
          - suffixed key columns - {id1_8_0_}

00:38:23.757 [main] DEBUG o.h.loader.entity.plan.EntityLoader - Static select for entity edu.ncsu.csc.itrust2.models.persistent.LoginBan [PESSIMISTIC_FORCE_INCREMENT]: select loginban0_.id as id1_8_0_, loginban0_.ip as ip2_8_0_, loginban0_.time as time3_8_0_, loginban0_.user_id as user_id4_8_0_ from LoginBans loginban0_ where loginban0_.id=? for update
00:38:23.757 [main] DEBUG o.h.l.p.b.i.spaces.QuerySpacesImpl - Adding QuerySpace : uid = <gen:0> -> org.hibernate.loader.plan.build.internal.spaces.EntityQuerySpaceImpl@5325ee26]
00:38:23.758 [main] DEBUG o.h.p.w.spi.MetamodelGraphWalker - Visiting attribute path : ip
00:38:23.758 [main] DEBUG o.h.p.w.spi.MetamodelGraphWalker - Visiting attribute path : time
00:38:23.758 [main] DEBUG o.h.p.w.spi.MetamodelGraphWalker - Visiting attribute path : user
00:38:23.758 [main] DEBUG o.h.l.p.b.i.spaces.QuerySpacesImpl - Adding QuerySpace : uid = <gen:1> -> org.hibernate.loader.plan.build.internal.spaces.EntityQuerySpaceImpl@4fad76c1]
00:38:23.758 [main] DEBUG o.h.l.p.b.i.FetchStyleLoadPlanBuildingAssociationVisitationStrategy - Building LoadPlan...
00:38:23.758 [main] DEBUG o.h.l.p.e.i.LoadQueryJoinAndFetchProcessor - processing queryspace <gen:0>
00:38:23.759 [main] DEBUG o.h.l.p.b.spi.LoadPlanTreePrinter - LoadPlan(entity=edu.ncsu.csc.itrust2.models.persistent.LoginBan)
    - Returns
       - EntityReturnImpl(entity=edu.ncsu.csc.itrust2.models.persistent.LoginBan, querySpaceUid=<gen:0>, path=edu.ncsu.csc.itrust2.models.persistent.LoginBan)
          - EntityAttributeFetchImpl(entity=edu.ncsu.csc.itrust2.models.persistent.User, querySpaceUid=<gen:1>, path=edu.ncsu.csc.itrust2.models.persistent.LoginBan.user)
    - QuerySpaces
       - EntityQuerySpaceImpl(uid=<gen:0>, entity=edu.ncsu.csc.itrust2.models.persistent.LoginBan)
          - SQL table alias mapping - loginban0_
          - alias suffix - 0_
          - suffixed key columns - {id1_8_0_}

00:38:23.759 [main] DEBUG o.h.loader.entity.plan.EntityLoader - Static select for entity edu.ncsu.csc.itrust2.models.persistent.LoginBan [OPTIMISTIC]: select loginban0_.id as id1_8_0_, loginban0_.ip as ip2_8_0_, loginban0_.time as time3_8_0_, loginban0_.user_id as user_id4_8_0_ from LoginBans loginban0_ where loginban0_.id=?
00:38:23.759 [main] DEBUG o.h.l.p.b.i.spaces.QuerySpacesImpl - Adding QuerySpace : uid = <gen:0> -> org.hibernate.loader.plan.build.internal.spaces.EntityQuerySpaceImpl@1c027129]
00:38:23.759 [main] DEBUG o.h.p.w.spi.MetamodelGraphWalker - Visiting attribute path : ip
00:38:23.760 [main] DEBUG o.h.p.w.spi.MetamodelGraphWalker - Visiting attribute path : time
00:38:23.760 [main] DEBUG o.h.p.w.spi.MetamodelGraphWalker - Visiting attribute path : user
00:38:23.760 [main] DEBUG o.h.l.p.b.i.spaces.QuerySpacesImpl - Adding QuerySpace : uid = <gen:1> -> org.hibernate.loader.plan.build.internal.spaces.EntityQuerySpaceImpl@2c510894]
00:38:23.760 [main] DEBUG o.h.l.p.b.i.FetchStyleLoadPlanBuildingAssociationVisitationStrategy - Building LoadPlan...
00:38:23.760 [main] DEBUG o.h.l.p.e.i.LoadQueryJoinAndFetchProcessor - processing queryspace <gen:0>
00:38:23.761 [main] DEBUG o.h.l.p.b.spi.LoadPlanTreePrinter - LoadPlan(entity=edu.ncsu.csc.itrust2.models.persistent.LoginBan)
    - Returns
       - EntityReturnImpl(entity=edu.ncsu.csc.itrust2.models.persistent.LoginBan, querySpaceUid=<gen:0>, path=edu.ncsu.csc.itrust2.models.persistent.LoginBan)
          - EntityAttributeFetchImpl(entity=edu.ncsu.csc.itrust2.models.persistent.User, querySpaceUid=<gen:1>, path=edu.ncsu.csc.itrust2.models.persistent.LoginBan.user)
    - QuerySpaces
       - EntityQuerySpaceImpl(uid=<gen:0>, entity=edu.ncsu.csc.itrust2.models.persistent.LoginBan)
          - SQL table alias mapping - loginban0_
          - alias suffix - 0_
          - suffixed key columns - {id1_8_0_}

00:38:23.761 [main] DEBUG o.h.loader.entity.plan.EntityLoader - Static select for entity edu.ncsu.csc.itrust2.models.persistent.LoginBan [OPTIMISTIC_FORCE_INCREMENT]: select loginban0_.id as id1_8_0_, loginban0_.ip as ip2_8_0_, loginban0_.time as time3_8_0_, loginban0_.user_id as user_id4_8_0_ from LoginBans loginban0_ where loginban0_.id=?
00:38:23.761 [main] DEBUG org.hibernate.loader.Loader - Static select for action ACTION_MERGE on entity edu.ncsu.csc.itrust2.models.persistent.LoginBan: select loginban0_.id as id1_8_0_, loginban0_.ip as ip2_8_0_, loginban0_.time as time3_8_0_, loginban0_.user_id as user_id4_8_0_ from LoginBans loginban0_ where loginban0_.id=?
00:38:23.761 [main] DEBUG org.hibernate.loader.Loader - Static select for action ACTION_REFRESH on entity edu.ncsu.csc.itrust2.models.persistent.LoginBan: select loginban0_.id as id1_8_0_, loginban0_.ip as ip2_8_0_, loginban0_.time as time3_8_0_, loginban0_.user_id as user_id4_8_0_ from LoginBans loginban0_ where loginban0_.id=?
00:38:23.762 [main] DEBUG o.h.p.entity.AbstractEntityPersister - Static SQL for entity: edu.ncsu.csc.itrust2.models.persistent.LogEntry
00:38:23.762 [main] DEBUG o.h.p.entity.AbstractEntityPersister -  Version select: select id from LogEntries where id =?
00:38:23.762 [main] DEBUG o.h.p.entity.AbstractEntityPersister -  Snapshot select: select logentry_.id, logentry_.logCode as logCode2_6_, logentry_.message as message3_6_, logentry_.primaryUser as primaryU4_6_, logentry_.secondaryUser as secondar5_6_, logentry_.time as time6_6_ from LogEntries logentry_ where logentry_.id=?
00:38:23.762 [main] DEBUG o.h.p.entity.AbstractEntityPersister -  Insert 0: insert into LogEntries (logCode, message, primaryUser, secondaryUser, time, id) values (?, ?, ?, ?, ?, ?)
00:38:23.762 [main] DEBUG o.h.p.entity.AbstractEntityPersister -  Update 0: update LogEntries set logCode=?, message=?, primaryUser=?, secondaryUser=?, time=? where id=?
00:38:23.762 [main] DEBUG o.h.p.entity.AbstractEntityPersister -  Delete 0: delete from LogEntries where id=?
00:38:23.763 [main] DEBUG o.h.l.p.b.i.spaces.QuerySpacesImpl - Adding QuerySpace : uid = <gen:0> -> org.hibernate.loader.plan.build.internal.spaces.EntityQuerySpaceImpl@86e68a1]
00:38:23.763 [main] DEBUG o.h.p.w.spi.MetamodelGraphWalker - Visiting attribute path : logCode
00:38:23.763 [main] DEBUG o.h.p.w.spi.MetamodelGraphWalker - Visiting attribute path : message
00:38:23.763 [main] DEBUG o.h.p.w.spi.MetamodelGraphWalker - Visiting attribute path : primaryUser
00:38:23.763 [main] DEBUG o.h.p.w.spi.MetamodelGraphWalker - Visiting attribute path : secondaryUser
00:38:23.763 [main] DEBUG o.h.p.w.spi.MetamodelGraphWalker - Visiting attribute path : time
00:38:23.764 [main] DEBUG o.h.l.p.b.i.FetchStyleLoadPlanBuildingAssociationVisitationStrategy - Building LoadPlan...
00:38:23.764 [main] DEBUG o.h.l.p.e.i.LoadQueryJoinAndFetchProcessor - processing queryspace <gen:0>
00:38:23.764 [main] DEBUG o.h.l.p.b.spi.LoadPlanTreePrinter - LoadPlan(entity=edu.ncsu.csc.itrust2.models.persistent.LogEntry)
    - Returns
       - EntityReturnImpl(entity=edu.ncsu.csc.itrust2.models.persistent.LogEntry, querySpaceUid=<gen:0>, path=edu.ncsu.csc.itrust2.models.persistent.LogEntry)
    - QuerySpaces
       - EntityQuerySpaceImpl(uid=<gen:0>, entity=edu.ncsu.csc.itrust2.models.persistent.LogEntry)
          - SQL table alias mapping - logentry0_
          - alias suffix - 0_
          - suffixed key columns - {id1_6_0_}

00:38:23.764 [main] DEBUG o.h.loader.entity.plan.EntityLoader - Static select for entity edu.ncsu.csc.itrust2.models.persistent.LogEntry [NONE]: select logentry0_.id as id1_6_0_, logentry0_.logCode as logCode2_6_0_, logentry0_.message as message3_6_0_, logentry0_.primaryUser as primaryU4_6_0_, logentry0_.secondaryUser as secondar5_6_0_, logentry0_.time as time6_6_0_ from LogEntries logentry0_ where logentry0_.id=?
00:38:23.765 [main] DEBUG o.h.l.p.b.i.spaces.QuerySpacesImpl - Adding QuerySpace : uid = <gen:0> -> org.hibernate.loader.plan.build.internal.spaces.EntityQuerySpaceImpl@30354360]
00:38:23.765 [main] DEBUG o.h.p.w.spi.MetamodelGraphWalker - Visiting attribute path : logCode
00:38:23.765 [main] DEBUG o.h.p.w.spi.MetamodelGraphWalker - Visiting attribute path : message
00:38:23.765 [main] DEBUG o.h.p.w.spi.MetamodelGraphWalker - Visiting attribute path : primaryUser
00:38:23.765 [main] DEBUG o.h.p.w.spi.MetamodelGraphWalker - Visiting attribute path : secondaryUser
00:38:23.765 [main] DEBUG o.h.p.w.spi.MetamodelGraphWalker - Visiting attribute path : time
00:38:23.765 [main] DEBUG o.h.l.p.b.i.FetchStyleLoadPlanBuildingAssociationVisitationStrategy - Building LoadPlan...
00:38:23.766 [main] DEBUG o.h.l.p.e.i.LoadQueryJoinAndFetchProcessor - processing queryspace <gen:0>
00:38:23.766 [main] DEBUG o.h.l.p.b.spi.LoadPlanTreePrinter - LoadPlan(entity=edu.ncsu.csc.itrust2.models.persistent.LogEntry)
    - Returns
       - EntityReturnImpl(entity=edu.ncsu.csc.itrust2.models.persistent.LogEntry, querySpaceUid=<gen:0>, path=edu.ncsu.csc.itrust2.models.persistent.LogEntry)
    - QuerySpaces
       - EntityQuerySpaceImpl(uid=<gen:0>, entity=edu.ncsu.csc.itrust2.models.persistent.LogEntry)
          - SQL table alias mapping - logentry0_
          - alias suffix - 0_
          - suffixed key columns - {id1_6_0_}

00:38:23.766 [main] DEBUG o.h.loader.entity.plan.EntityLoader - Static select for entity edu.ncsu.csc.itrust2.models.persistent.LogEntry [READ]: select logentry0_.id as id1_6_0_, logentry0_.logCode as logCode2_6_0_, logentry0_.message as message3_6_0_, logentry0_.primaryUser as primaryU4_6_0_, logentry0_.secondaryUser as secondar5_6_0_, logentry0_.time as time6_6_0_ from LogEntries logentry0_ where logentry0_.id=?
00:38:23.766 [main] DEBUG o.h.l.p.b.i.spaces.QuerySpacesImpl - Adding QuerySpace : uid = <gen:0> -> org.hibernate.loader.plan.build.internal.spaces.EntityQuerySpaceImpl@6fd4a10b]
00:38:23.766 [main] DEBUG o.h.p.w.spi.MetamodelGraphWalker - Visiting attribute path : logCode
00:38:23.767 [main] DEBUG o.h.p.w.spi.MetamodelGraphWalker - Visiting attribute path : message
00:38:23.767 [main] DEBUG o.h.p.w.spi.MetamodelGraphWalker - Visiting attribute path : primaryUser
00:38:23.767 [main] DEBUG o.h.p.w.spi.MetamodelGraphWalker - Visiting attribute path : secondaryUser
00:38:23.767 [main] DEBUG o.h.p.w.spi.MetamodelGraphWalker - Visiting attribute path : time
00:38:23.767 [main] DEBUG o.h.l.p.b.i.FetchStyleLoadPlanBuildingAssociationVisitationStrategy - Building LoadPlan...
00:38:23.767 [main] DEBUG o.h.l.p.e.i.LoadQueryJoinAndFetchProcessor - processing queryspace <gen:0>
00:38:23.768 [main] DEBUG o.h.l.p.b.spi.LoadPlanTreePrinter - LoadPlan(entity=edu.ncsu.csc.itrust2.models.persistent.LogEntry)
    - Returns
       - EntityReturnImpl(entity=edu.ncsu.csc.itrust2.models.persistent.LogEntry, querySpaceUid=<gen:0>, path=edu.ncsu.csc.itrust2.models.persistent.LogEntry)
    - QuerySpaces
       - EntityQuerySpaceImpl(uid=<gen:0>, entity=edu.ncsu.csc.itrust2.models.persistent.LogEntry)
          - SQL table alias mapping - logentry0_
          - alias suffix - 0_
          - suffixed key columns - {id1_6_0_}

00:38:23.768 [main] DEBUG o.h.loader.entity.plan.EntityLoader - Static select for entity edu.ncsu.csc.itrust2.models.persistent.LogEntry [UPGRADE]: select logentry0_.id as id1_6_0_, logentry0_.logCode as logCode2_6_0_, logentry0_.message as message3_6_0_, logentry0_.primaryUser as primaryU4_6_0_, logentry0_.secondaryUser as secondar5_6_0_, logentry0_.time as time6_6_0_ from LogEntries logentry0_ where logentry0_.id=? for update
00:38:23.768 [main] DEBUG o.h.l.p.b.i.spaces.QuerySpacesImpl - Adding QuerySpace : uid = <gen:0> -> org.hibernate.loader.plan.build.internal.spaces.EntityQuerySpaceImpl@2406ca83]
00:38:23.768 [main] DEBUG o.h.p.w.spi.MetamodelGraphWalker - Visiting attribute path : logCode
00:38:23.768 [main] DEBUG o.h.p.w.spi.MetamodelGraphWalker - Visiting attribute path : message
00:38:23.768 [main] DEBUG o.h.p.w.spi.MetamodelGraphWalker - Visiting attribute path : primaryUser
00:38:23.769 [main] DEBUG o.h.p.w.spi.MetamodelGraphWalker - Visiting attribute path : secondaryUser
00:38:23.769 [main] DEBUG o.h.p.w.spi.MetamodelGraphWalker - Visiting attribute path : time
00:38:23.769 [main] DEBUG o.h.l.p.b.i.FetchStyleLoadPlanBuildingAssociationVisitationStrategy - Building LoadPlan...
00:38:23.769 [main] DEBUG o.h.l.p.e.i.LoadQueryJoinAndFetchProcessor - processing queryspace <gen:0>
00:38:23.769 [main] DEBUG o.h.l.p.b.spi.LoadPlanTreePrinter - LoadPlan(entity=edu.ncsu.csc.itrust2.models.persistent.LogEntry)
    - Returns
       - EntityReturnImpl(entity=edu.ncsu.csc.itrust2.models.persistent.LogEntry, querySpaceUid=<gen:0>, path=edu.ncsu.csc.itrust2.models.persistent.LogEntry)
    - QuerySpaces
       - EntityQuerySpaceImpl(uid=<gen:0>, entity=edu.ncsu.csc.itrust2.models.persistent.LogEntry)
          - SQL table alias mapping - logentry0_
          - alias suffix - 0_
          - suffixed key columns - {id1_6_0_}

00:38:23.770 [main] DEBUG o.h.loader.entity.plan.EntityLoader - Static select for entity edu.ncsu.csc.itrust2.models.persistent.LogEntry [UPGRADE_NOWAIT]: select logentry0_.id as id1_6_0_, logentry0_.logCode as logCode2_6_0_, logentry0_.message as message3_6_0_, logentry0_.primaryUser as primaryU4_6_0_, logentry0_.secondaryUser as secondar5_6_0_, logentry0_.time as time6_6_0_ from LogEntries logentry0_ where logentry0_.id=? for update
00:38:23.770 [main] DEBUG o.h.l.p.b.i.spaces.QuerySpacesImpl - Adding QuerySpace : uid = <gen:0> -> org.hibernate.loader.plan.build.internal.spaces.EntityQuerySpaceImpl@5d65977d]
00:38:23.770 [main] DEBUG o.h.p.w.spi.MetamodelGraphWalker - Visiting attribute path : logCode
00:38:23.770 [main] DEBUG o.h.p.w.spi.MetamodelGraphWalker - Visiting attribute path : message
00:38:23.770 [main] DEBUG o.h.p.w.spi.MetamodelGraphWalker - Visiting attribute path : primaryUser
00:38:23.770 [main] DEBUG o.h.p.w.spi.MetamodelGraphWalker - Visiting attribute path : secondaryUser
00:38:23.771 [main] DEBUG o.h.p.w.spi.MetamodelGraphWalker - Visiting attribute path : time
00:38:23.771 [main] DEBUG o.h.l.p.b.i.FetchStyleLoadPlanBuildingAssociationVisitationStrategy - Building LoadPlan...
00:38:23.771 [main] DEBUG o.h.l.p.e.i.LoadQueryJoinAndFetchProcessor - processing queryspace <gen:0>
00:38:23.771 [main] DEBUG o.h.l.p.b.spi.LoadPlanTreePrinter - LoadPlan(entity=edu.ncsu.csc.itrust2.models.persistent.LogEntry)
    - Returns
       - EntityReturnImpl(entity=edu.ncsu.csc.itrust2.models.persistent.LogEntry, querySpaceUid=<gen:0>, path=edu.ncsu.csc.itrust2.models.persistent.LogEntry)
    - QuerySpaces
       - EntityQuerySpaceImpl(uid=<gen:0>, entity=edu.ncsu.csc.itrust2.models.persistent.LogEntry)
          - SQL table alias mapping - logentry0_
          - alias suffix - 0_
          - suffixed key columns - {id1_6_0_}

00:38:23.771 [main] DEBUG o.h.loader.entity.plan.EntityLoader - Static select for entity edu.ncsu.csc.itrust2.models.persistent.LogEntry [UPGRADE_SKIPLOCKED]: select logentry0_.id as id1_6_0_, logentry0_.logCode as logCode2_6_0_, logentry0_.message as message3_6_0_, logentry0_.primaryUser as primaryU4_6_0_, logentry0_.secondaryUser as secondar5_6_0_, logentry0_.time as time6_6_0_ from LogEntries logentry0_ where logentry0_.id=? for update
00:38:23.772 [main] DEBUG o.h.l.p.b.i.spaces.QuerySpacesImpl - Adding QuerySpace : uid = <gen:0> -> org.hibernate.loader.plan.build.internal.spaces.EntityQuerySpaceImpl@643f2339]
00:38:23.772 [main] DEBUG o.h.p.w.spi.MetamodelGraphWalker - Visiting attribute path : logCode
00:38:23.772 [main] DEBUG o.h.p.w.spi.MetamodelGraphWalker - Visiting attribute path : message
00:38:23.772 [main] DEBUG o.h.p.w.spi.MetamodelGraphWalker - Visiting attribute path : primaryUser
00:38:23.772 [main] DEBUG o.h.p.w.spi.MetamodelGraphWalker - Visiting attribute path : secondaryUser
00:38:23.772 [main] DEBUG o.h.p.w.spi.MetamodelGraphWalker - Visiting attribute path : time
00:38:23.773 [main] DEBUG o.h.l.p.b.i.FetchStyleLoadPlanBuildingAssociationVisitationStrategy - Building LoadPlan...
00:38:23.773 [main] DEBUG o.h.l.p.e.i.LoadQueryJoinAndFetchProcessor - processing queryspace <gen:0>
00:38:23.773 [main] DEBUG o.h.l.p.b.spi.LoadPlanTreePrinter - LoadPlan(entity=edu.ncsu.csc.itrust2.models.persistent.LogEntry)
    - Returns
       - EntityReturnImpl(entity=edu.ncsu.csc.itrust2.models.persistent.LogEntry, querySpaceUid=<gen:0>, path=edu.ncsu.csc.itrust2.models.persistent.LogEntry)
    - QuerySpaces
       - EntityQuerySpaceImpl(uid=<gen:0>, entity=edu.ncsu.csc.itrust2.models.persistent.LogEntry)
          - SQL table alias mapping - logentry0_
          - alias suffix - 0_
          - suffixed key columns - {id1_6_0_}

00:38:23.773 [main] DEBUG o.h.loader.entity.plan.EntityLoader - Static select for entity edu.ncsu.csc.itrust2.models.persistent.LogEntry [FORCE]: select logentry0_.id as id1_6_0_, logentry0_.logCode as logCode2_6_0_, logentry0_.message as message3_6_0_, logentry0_.primaryUser as primaryU4_6_0_, logentry0_.secondaryUser as secondar5_6_0_, logentry0_.time as time6_6_0_ from LogEntries logentry0_ where logentry0_.id=? for update
00:38:23.773 [main] DEBUG o.h.l.p.b.i.spaces.QuerySpacesImpl - Adding QuerySpace : uid = <gen:0> -> org.hibernate.loader.plan.build.internal.spaces.EntityQuerySpaceImpl@1fea5b3d]
00:38:23.774 [main] DEBUG o.h.p.w.spi.MetamodelGraphWalker - Visiting attribute path : logCode
00:38:23.774 [main] DEBUG o.h.p.w.spi.MetamodelGraphWalker - Visiting attribute path : message
00:38:23.774 [main] DEBUG o.h.p.w.spi.MetamodelGraphWalker - Visiting attribute path : primaryUser
00:38:23.774 [main] DEBUG o.h.p.w.spi.MetamodelGraphWalker - Visiting attribute path : secondaryUser
00:38:23.774 [main] DEBUG o.h.p.w.spi.MetamodelGraphWalker - Visiting attribute path : time
00:38:23.774 [main] DEBUG o.h.l.p.b.i.FetchStyleLoadPlanBuildingAssociationVisitationStrategy - Building LoadPlan...
00:38:23.775 [main] DEBUG o.h.l.p.e.i.LoadQueryJoinAndFetchProcessor - processing queryspace <gen:0>
00:38:23.775 [main] DEBUG o.h.l.p.b.spi.LoadPlanTreePrinter - LoadPlan(entity=edu.ncsu.csc.itrust2.models.persistent.LogEntry)
    - Returns
       - EntityReturnImpl(entity=edu.ncsu.csc.itrust2.models.persistent.LogEntry, querySpaceUid=<gen:0>, path=edu.ncsu.csc.itrust2.models.persistent.LogEntry)
    - QuerySpaces
       - EntityQuerySpaceImpl(uid=<gen:0>, entity=edu.ncsu.csc.itrust2.models.persistent.LogEntry)
          - SQL table alias mapping - logentry0_
          - alias suffix - 0_
          - suffixed key columns - {id1_6_0_}

00:38:23.775 [main] DEBUG o.h.loader.entity.plan.EntityLoader - Static select for entity edu.ncsu.csc.itrust2.models.persistent.LogEntry [PESSIMISTIC_READ]: select logentry0_.id as id1_6_0_, logentry0_.logCode as logCode2_6_0_, logentry0_.message as message3_6_0_, logentry0_.primaryUser as primaryU4_6_0_, logentry0_.secondaryUser as secondar5_6_0_, logentry0_.time as time6_6_0_ from LogEntries logentry0_ where logentry0_.id=? lock in share mode
00:38:23.775 [main] DEBUG o.h.l.p.b.i.spaces.QuerySpacesImpl - Adding QuerySpace : uid = <gen:0> -> org.hibernate.loader.plan.build.internal.spaces.EntityQuerySpaceImpl@94880be]
00:38:23.775 [main] DEBUG o.h.p.w.spi.MetamodelGraphWalker - Visiting attribute path : logCode
00:38:23.775 [main] DEBUG o.h.p.w.spi.MetamodelGraphWalker - Visiting attribute path : message
00:38:23.776 [main] DEBUG o.h.p.w.spi.MetamodelGraphWalker - Visiting attribute path : primaryUser
00:38:23.776 [main] DEBUG o.h.p.w.spi.MetamodelGraphWalker - Visiting attribute path : secondaryUser
00:38:23.776 [main] DEBUG o.h.p.w.spi.MetamodelGraphWalker - Visiting attribute path : time
00:38:23.776 [main] DEBUG o.h.l.p.b.i.FetchStyleLoadPlanBuildingAssociationVisitationStrategy - Building LoadPlan...
00:38:23.776 [main] DEBUG o.h.l.p.e.i.LoadQueryJoinAndFetchProcessor - processing queryspace <gen:0>
00:38:23.777 [main] DEBUG o.h.l.p.b.spi.LoadPlanTreePrinter - LoadPlan(entity=edu.ncsu.csc.itrust2.models.persistent.LogEntry)
    - Returns
       - EntityReturnImpl(entity=edu.ncsu.csc.itrust2.models.persistent.LogEntry, querySpaceUid=<gen:0>, path=edu.ncsu.csc.itrust2.models.persistent.LogEntry)
    - QuerySpaces
       - EntityQuerySpaceImpl(uid=<gen:0>, entity=edu.ncsu.csc.itrust2.models.persistent.LogEntry)
          - SQL table alias mapping - logentry0_
          - alias suffix - 0_
          - suffixed key columns - {id1_6_0_}

00:38:23.777 [main] DEBUG o.h.loader.entity.plan.EntityLoader - Static select for entity edu.ncsu.csc.itrust2.models.persistent.LogEntry [PESSIMISTIC_WRITE]: select logentry0_.id as id1_6_0_, logentry0_.logCode as logCode2_6_0_, logentry0_.message as message3_6_0_, logentry0_.primaryUser as primaryU4_6_0_, logentry0_.secondaryUser as secondar5_6_0_, logentry0_.time as time6_6_0_ from LogEntries logentry0_ where logentry0_.id=? for update
00:38:23.777 [main] DEBUG o.h.l.p.b.i.spaces.QuerySpacesImpl - Adding QuerySpace : uid = <gen:0> -> org.hibernate.loader.plan.build.internal.spaces.EntityQuerySpaceImpl@50d3d2f]
00:38:23.777 [main] DEBUG o.h.p.w.spi.MetamodelGraphWalker - Visiting attribute path : logCode
00:38:23.777 [main] DEBUG o.h.p.w.spi.MetamodelGraphWalker - Visiting attribute path : message
00:38:23.777 [main] DEBUG o.h.p.w.spi.MetamodelGraphWalker - Visiting attribute path : primaryUser
00:38:23.778 [main] DEBUG o.h.p.w.spi.MetamodelGraphWalker - Visiting attribute path : secondaryUser
00:38:23.778 [main] DEBUG o.h.p.w.spi.MetamodelGraphWalker - Visiting attribute path : time
00:38:23.778 [main] DEBUG o.h.l.p.b.i.FetchStyleLoadPlanBuildingAssociationVisitationStrategy - Building LoadPlan...
00:38:23.778 [main] DEBUG o.h.l.p.e.i.LoadQueryJoinAndFetchProcessor - processing queryspace <gen:0>
00:38:23.778 [main] DEBUG o.h.l.p.b.spi.LoadPlanTreePrinter - LoadPlan(entity=edu.ncsu.csc.itrust2.models.persistent.LogEntry)
    - Returns
       - EntityReturnImpl(entity=edu.ncsu.csc.itrust2.models.persistent.LogEntry, querySpaceUid=<gen:0>, path=edu.ncsu.csc.itrust2.models.persistent.LogEntry)
    - QuerySpaces
       - EntityQuerySpaceImpl(uid=<gen:0>, entity=edu.ncsu.csc.itrust2.models.persistent.LogEntry)
          - SQL table alias mapping - logentry0_
          - alias suffix - 0_
          - suffixed key columns - {id1_6_0_}

00:38:23.779 [main] DEBUG o.h.loader.entity.plan.EntityLoader - Static select for entity edu.ncsu.csc.itrust2.models.persistent.LogEntry [PESSIMISTIC_FORCE_INCREMENT]: select logentry0_.id as id1_6_0_, logentry0_.logCode as logCode2_6_0_, logentry0_.message as message3_6_0_, logentry0_.primaryUser as primaryU4_6_0_, logentry0_.secondaryUser as secondar5_6_0_, logentry0_.time as time6_6_0_ from LogEntries logentry0_ where logentry0_.id=? for update
00:38:23.779 [main] DEBUG o.h.l.p.b.i.spaces.QuerySpacesImpl - Adding QuerySpace : uid = <gen:0> -> org.hibernate.loader.plan.build.internal.spaces.EntityQuerySpaceImpl@468f428c]
00:38:23.779 [main] DEBUG o.h.p.w.spi.MetamodelGraphWalker - Visiting attribute path : logCode
00:38:23.779 [main] DEBUG o.h.p.w.spi.MetamodelGraphWalker - Visiting attribute path : message
00:38:23.779 [main] DEBUG o.h.p.w.spi.MetamodelGraphWalker - Visiting attribute path : primaryUser
00:38:23.779 [main] DEBUG o.h.p.w.spi.MetamodelGraphWalker - Visiting attribute path : secondaryUser
00:38:23.779 [main] DEBUG o.h.p.w.spi.MetamodelGraphWalker - Visiting attribute path : time
00:38:23.780 [main] DEBUG o.h.l.p.b.i.FetchStyleLoadPlanBuildingAssociationVisitationStrategy - Building LoadPlan...
00:38:23.780 [main] DEBUG o.h.l.p.e.i.LoadQueryJoinAndFetchProcessor - processing queryspace <gen:0>
00:38:23.780 [main] DEBUG o.h.l.p.b.spi.LoadPlanTreePrinter - LoadPlan(entity=edu.ncsu.csc.itrust2.models.persistent.LogEntry)
    - Returns
       - EntityReturnImpl(entity=edu.ncsu.csc.itrust2.models.persistent.LogEntry, querySpaceUid=<gen:0>, path=edu.ncsu.csc.itrust2.models.persistent.LogEntry)
    - QuerySpaces
       - EntityQuerySpaceImpl(uid=<gen:0>, entity=edu.ncsu.csc.itrust2.models.persistent.LogEntry)
          - SQL table alias mapping - logentry0_
          - alias suffix - 0_
          - suffixed key columns - {id1_6_0_}

00:38:23.780 [main] DEBUG o.h.loader.entity.plan.EntityLoader - Static select for entity edu.ncsu.csc.itrust2.models.persistent.LogEntry [OPTIMISTIC]: select logentry0_.id as id1_6_0_, logentry0_.logCode as logCode2_6_0_, logentry0_.message as message3_6_0_, logentry0_.primaryUser as primaryU4_6_0_, logentry0_.secondaryUser as secondar5_6_0_, logentry0_.time as time6_6_0_ from LogEntries logentry0_ where logentry0_.id=?
00:38:23.781 [main] DEBUG o.h.l.p.b.i.spaces.QuerySpacesImpl - Adding QuerySpace : uid = <gen:0> -> org.hibernate.loader.plan.build.internal.spaces.EntityQuerySpaceImpl@7f846335]
00:38:23.781 [main] DEBUG o.h.p.w.spi.MetamodelGraphWalker - Visiting attribute path : logCode
00:38:23.781 [main] DEBUG o.h.p.w.spi.MetamodelGraphWalker - Visiting attribute path : message
00:38:23.781 [main] DEBUG o.h.p.w.spi.MetamodelGraphWalker - Visiting attribute path : primaryUser
00:38:23.781 [main] DEBUG o.h.p.w.spi.MetamodelGraphWalker - Visiting attribute path : secondaryUser
00:38:23.781 [main] DEBUG o.h.p.w.spi.MetamodelGraphWalker - Visiting attribute path : time
00:38:23.781 [main] DEBUG o.h.l.p.b.i.FetchStyleLoadPlanBuildingAssociationVisitationStrategy - Building LoadPlan...
00:38:23.782 [main] DEBUG o.h.l.p.e.i.LoadQueryJoinAndFetchProcessor - processing queryspace <gen:0>
00:38:23.782 [main] DEBUG o.h.l.p.b.spi.LoadPlanTreePrinter - LoadPlan(entity=edu.ncsu.csc.itrust2.models.persistent.LogEntry)
    - Returns
       - EntityReturnImpl(entity=edu.ncsu.csc.itrust2.models.persistent.LogEntry, querySpaceUid=<gen:0>, path=edu.ncsu.csc.itrust2.models.persistent.LogEntry)
    - QuerySpaces
       - EntityQuerySpaceImpl(uid=<gen:0>, entity=edu.ncsu.csc.itrust2.models.persistent.LogEntry)
          - SQL table alias mapping - logentry0_
          - alias suffix - 0_
          - suffixed key columns - {id1_6_0_}

00:38:23.782 [main] DEBUG o.h.loader.entity.plan.EntityLoader - Static select for entity edu.ncsu.csc.itrust2.models.persistent.LogEntry [OPTIMISTIC_FORCE_INCREMENT]: select logentry0_.id as id1_6_0_, logentry0_.logCode as logCode2_6_0_, logentry0_.message as message3_6_0_, logentry0_.primaryUser as primaryU4_6_0_, logentry0_.secondaryUser as secondar5_6_0_, logentry0_.time as time6_6_0_ from LogEntries logentry0_ where logentry0_.id=?
00:38:23.782 [main] DEBUG org.hibernate.loader.Loader - Static select for action ACTION_MERGE on entity edu.ncsu.csc.itrust2.models.persistent.LogEntry: select logentry0_.id as id1_6_0_, logentry0_.logCode as logCode2_6_0_, logentry0_.message as message3_6_0_, logentry0_.primaryUser as primaryU4_6_0_, logentry0_.secondaryUser as secondar5_6_0_, logentry0_.time as time6_6_0_ from LogEntries logentry0_ where logentry0_.id=?
00:38:23.783 [main] DEBUG org.hibernate.loader.Loader - Static select for action ACTION_REFRESH on entity edu.ncsu.csc.itrust2.models.persistent.LogEntry: select logentry0_.id as id1_6_0_, logentry0_.logCode as logCode2_6_0_, logentry0_.message as message3_6_0_, logentry0_.primaryUser as primaryU4_6_0_, logentry0_.secondaryUser as secondar5_6_0_, logentry0_.time as time6_6_0_ from LogEntries logentry0_ where logentry0_.id=?
00:38:23.783 [main] DEBUG o.h.p.entity.AbstractEntityPersister - Static SQL for entity: edu.ncsu.csc.itrust2.models.persistent.LoginLockout
00:38:23.783 [main] DEBUG o.h.p.entity.AbstractEntityPersister -  Version select: select id from LoginLockouts where id =?
00:38:23.783 [main] DEBUG o.h.p.entity.AbstractEntityPersister -  Snapshot select: select loginlocko_.id, loginlocko_.ip as ip2_9_, loginlocko_.time as time3_9_, loginlocko_.user_id as user_id4_9_ from LoginLockouts loginlocko_ where loginlocko_.id=?
00:38:23.783 [main] DEBUG o.h.p.entity.AbstractEntityPersister -  Insert 0: insert into LoginLockouts (ip, time, user_id, id) values (?, ?, ?, ?)
00:38:23.784 [main] DEBUG o.h.p.entity.AbstractEntityPersister -  Update 0: update LoginLockouts set ip=?, time=?, user_id=? where id=?
00:38:23.784 [main] DEBUG o.h.p.entity.AbstractEntityPersister -  Delete 0: delete from LoginLockouts where id=?
00:38:23.784 [main] DEBUG o.h.l.p.b.i.spaces.QuerySpacesImpl - Adding QuerySpace : uid = <gen:0> -> org.hibernate.loader.plan.build.internal.spaces.EntityQuerySpaceImpl@332d4c4f]
00:38:23.784 [main] DEBUG o.h.p.w.spi.MetamodelGraphWalker - Visiting attribute path : ip
00:38:23.784 [main] DEBUG o.h.p.w.spi.MetamodelGraphWalker - Visiting attribute path : time
00:38:23.784 [main] DEBUG o.h.p.w.spi.MetamodelGraphWalker - Visiting attribute path : user
00:38:23.785 [main] DEBUG o.h.l.p.b.i.spaces.QuerySpacesImpl - Adding QuerySpace : uid = <gen:1> -> org.hibernate.loader.plan.build.internal.spaces.EntityQuerySpaceImpl@1a942990]
00:38:23.785 [main] DEBUG o.h.p.w.spi.MetamodelGraphWalker - Visiting attribute path : user.enabled
00:38:23.785 [main] DEBUG o.h.p.w.spi.MetamodelGraphWalker - Visiting attribute path : user.password
00:38:23.785 [main] DEBUG o.h.p.w.spi.MetamodelGraphWalker - Visiting attribute path : user.role
00:38:23.785 [main] DEBUG o.h.l.p.b.i.FetchStyleLoadPlanBuildingAssociationVisitationStrategy - Building LoadPlan...
00:38:23.785 [main] DEBUG o.h.l.p.e.i.LoadQueryJoinAndFetchProcessor - processing queryspace <gen:0>
00:38:23.786 [main] DEBUG o.h.l.p.b.spi.LoadPlanTreePrinter - LoadPlan(entity=edu.ncsu.csc.itrust2.models.persistent.LoginLockout)
    - Returns
       - EntityReturnImpl(entity=edu.ncsu.csc.itrust2.models.persistent.LoginLockout, querySpaceUid=<gen:0>, path=edu.ncsu.csc.itrust2.models.persistent.LoginLockout)
          - EntityAttributeFetchImpl(entity=edu.ncsu.csc.itrust2.models.persistent.User, querySpaceUid=<gen:1>, path=edu.ncsu.csc.itrust2.models.persistent.LoginLockout.user)
    - QuerySpaces
       - EntityQuerySpaceImpl(uid=<gen:0>, entity=edu.ncsu.csc.itrust2.models.persistent.LoginLockout)
          - SQL table alias mapping - loginlocko0_
          - alias suffix - 0_
          - suffixed key columns - {id1_9_0_}
          - JOIN (JoinDefinedByMetadata(user)) : <gen:0> -> <gen:1>
             - EntityQuerySpaceImpl(uid=<gen:1>, entity=edu.ncsu.csc.itrust2.models.persistent.User)
                - SQL table alias mapping - user1_
                - alias suffix - 1_
                - suffixed key columns - {username1_15_1_}

00:38:23.786 [main] DEBUG o.h.loader.entity.plan.EntityLoader - Static select for entity edu.ncsu.csc.itrust2.models.persistent.LoginLockout [NONE]: select loginlocko0_.id as id1_9_0_, loginlocko0_.ip as ip2_9_0_, loginlocko0_.time as time3_9_0_, loginlocko0_.user_id as user_id4_9_0_, user1_.username as username1_15_1_, user1_.enabled as enabled2_15_1_, user1_.password as password3_15_1_, user1_.role as role4_15_1_ from LoginLockouts loginlocko0_ left outer join Users user1_ on loginlocko0_.user_id=user1_.username where loginlocko0_.id=?
00:38:23.786 [main] DEBUG o.h.l.p.b.i.spaces.QuerySpacesImpl - Adding QuerySpace : uid = <gen:0> -> org.hibernate.loader.plan.build.internal.spaces.EntityQuerySpaceImpl@1b708791]
00:38:23.786 [main] DEBUG o.h.p.w.spi.MetamodelGraphWalker - Visiting attribute path : ip
00:38:23.787 [main] DEBUG o.h.p.w.spi.MetamodelGraphWalker - Visiting attribute path : time
00:38:23.787 [main] DEBUG o.h.p.w.spi.MetamodelGraphWalker - Visiting attribute path : user
00:38:23.787 [main] DEBUG o.h.l.p.b.i.spaces.QuerySpacesImpl - Adding QuerySpace : uid = <gen:1> -> org.hibernate.loader.plan.build.internal.spaces.EntityQuerySpaceImpl@4d96d46b]
00:38:23.787 [main] DEBUG o.h.p.w.spi.MetamodelGraphWalker - Visiting attribute path : user.enabled
00:38:23.787 [main] DEBUG o.h.p.w.spi.MetamodelGraphWalker - Visiting attribute path : user.password
00:38:23.787 [main] DEBUG o.h.p.w.spi.MetamodelGraphWalker - Visiting attribute path : user.role
00:38:23.788 [main] DEBUG o.h.l.p.b.i.FetchStyleLoadPlanBuildingAssociationVisitationStrategy - Building LoadPlan...
00:38:23.788 [main] DEBUG o.h.l.p.e.i.LoadQueryJoinAndFetchProcessor - processing queryspace <gen:0>
00:38:23.788 [main] DEBUG o.h.l.p.b.spi.LoadPlanTreePrinter - LoadPlan(entity=edu.ncsu.csc.itrust2.models.persistent.LoginLockout)
    - Returns
       - EntityReturnImpl(entity=edu.ncsu.csc.itrust2.models.persistent.LoginLockout, querySpaceUid=<gen:0>, path=edu.ncsu.csc.itrust2.models.persistent.LoginLockout)
          - EntityAttributeFetchImpl(entity=edu.ncsu.csc.itrust2.models.persistent.User, querySpaceUid=<gen:1>, path=edu.ncsu.csc.itrust2.models.persistent.LoginLockout.user)
    - QuerySpaces
       - EntityQuerySpaceImpl(uid=<gen:0>, entity=edu.ncsu.csc.itrust2.models.persistent.LoginLockout)
          - SQL table alias mapping - loginlocko0_
          - alias suffix - 0_
          - suffixed key columns - {id1_9_0_}
          - JOIN (JoinDefinedByMetadata(user)) : <gen:0> -> <gen:1>
             - EntityQuerySpaceImpl(uid=<gen:1>, entity=edu.ncsu.csc.itrust2.models.persistent.User)
                - SQL table alias mapping - user1_
                - alias suffix - 1_
                - suffixed key columns - {username1_15_1_}

00:38:23.788 [main] DEBUG o.h.loader.entity.plan.EntityLoader - Static select for entity edu.ncsu.csc.itrust2.models.persistent.LoginLockout [READ]: select loginlocko0_.id as id1_9_0_, loginlocko0_.ip as ip2_9_0_, loginlocko0_.time as time3_9_0_, loginlocko0_.user_id as user_id4_9_0_, user1_.username as username1_15_1_, user1_.enabled as enabled2_15_1_, user1_.password as password3_15_1_, user1_.role as role4_15_1_ from LoginLockouts loginlocko0_ left outer join Users user1_ on loginlocko0_.user_id=user1_.username where loginlocko0_.id=?
00:38:23.789 [main] DEBUG o.h.l.p.b.i.spaces.QuerySpacesImpl - Adding QuerySpace : uid = <gen:0> -> org.hibernate.loader.plan.build.internal.spaces.EntityQuerySpaceImpl@27731eb1]
00:38:23.789 [main] DEBUG o.h.p.w.spi.MetamodelGraphWalker - Visiting attribute path : ip
00:38:23.789 [main] DEBUG o.h.p.w.spi.MetamodelGraphWalker - Visiting attribute path : time
00:38:23.789 [main] DEBUG o.h.p.w.spi.MetamodelGraphWalker - Visiting attribute path : user
00:38:23.789 [main] DEBUG o.h.l.p.b.i.spaces.QuerySpacesImpl - Adding QuerySpace : uid = <gen:1> -> org.hibernate.loader.plan.build.internal.spaces.EntityQuerySpaceImpl@74fde7f]
00:38:23.789 [main] DEBUG o.h.l.p.b.i.FetchStyleLoadPlanBuildingAssociationVisitationStrategy - Building LoadPlan...
00:38:23.790 [main] DEBUG o.h.l.p.e.i.LoadQueryJoinAndFetchProcessor - processing queryspace <gen:0>
00:38:23.790 [main] DEBUG o.h.l.p.b.spi.LoadPlanTreePrinter - LoadPlan(entity=edu.ncsu.csc.itrust2.models.persistent.LoginLockout)
    - Returns
       - EntityReturnImpl(entity=edu.ncsu.csc.itrust2.models.persistent.LoginLockout, querySpaceUid=<gen:0>, path=edu.ncsu.csc.itrust2.models.persistent.LoginLockout)
          - EntityAttributeFetchImpl(entity=edu.ncsu.csc.itrust2.models.persistent.User, querySpaceUid=<gen:1>, path=edu.ncsu.csc.itrust2.models.persistent.LoginLockout.user)
    - QuerySpaces
       - EntityQuerySpaceImpl(uid=<gen:0>, entity=edu.ncsu.csc.itrust2.models.persistent.LoginLockout)
          - SQL table alias mapping - loginlocko0_
          - alias suffix - 0_
          - suffixed key columns - {id1_9_0_}

00:38:23.790 [main] DEBUG o.h.loader.entity.plan.EntityLoader - Static select for entity edu.ncsu.csc.itrust2.models.persistent.LoginLockout [UPGRADE]: select loginlocko0_.id as id1_9_0_, loginlocko0_.ip as ip2_9_0_, loginlocko0_.time as time3_9_0_, loginlocko0_.user_id as user_id4_9_0_ from LoginLockouts loginlocko0_ where loginlocko0_.id=? for update
00:38:23.790 [main] DEBUG o.h.l.p.b.i.spaces.QuerySpacesImpl - Adding QuerySpace : uid = <gen:0> -> org.hibernate.loader.plan.build.internal.spaces.EntityQuerySpaceImpl@3d042d2f]
00:38:23.790 [main] DEBUG o.h.p.w.spi.MetamodelGraphWalker - Visiting attribute path : ip
00:38:23.791 [main] DEBUG o.h.p.w.spi.MetamodelGraphWalker - Visiting attribute path : time
00:38:23.791 [main] DEBUG o.h.p.w.spi.MetamodelGraphWalker - Visiting attribute path : user
00:38:23.791 [main] DEBUG o.h.l.p.b.i.spaces.QuerySpacesImpl - Adding QuerySpace : uid = <gen:1> -> org.hibernate.loader.plan.build.internal.spaces.EntityQuerySpaceImpl@758bd34f]
00:38:23.791 [main] DEBUG o.h.l.p.b.i.FetchStyleLoadPlanBuildingAssociationVisitationStrategy - Building LoadPlan...
00:38:23.791 [main] DEBUG o.h.l.p.e.i.LoadQueryJoinAndFetchProcessor - processing queryspace <gen:0>
00:38:23.792 [main] DEBUG o.h.l.p.b.spi.LoadPlanTreePrinter - LoadPlan(entity=edu.ncsu.csc.itrust2.models.persistent.LoginLockout)
    - Returns
       - EntityReturnImpl(entity=edu.ncsu.csc.itrust2.models.persistent.LoginLockout, querySpaceUid=<gen:0>, path=edu.ncsu.csc.itrust2.models.persistent.LoginLockout)
          - EntityAttributeFetchImpl(entity=edu.ncsu.csc.itrust2.models.persistent.User, querySpaceUid=<gen:1>, path=edu.ncsu.csc.itrust2.models.persistent.LoginLockout.user)
    - QuerySpaces
       - EntityQuerySpaceImpl(uid=<gen:0>, entity=edu.ncsu.csc.itrust2.models.persistent.LoginLockout)
          - SQL table alias mapping - loginlocko0_
          - alias suffix - 0_
          - suffixed key columns - {id1_9_0_}

00:38:23.792 [main] DEBUG o.h.loader.entity.plan.EntityLoader - Static select for entity edu.ncsu.csc.itrust2.models.persistent.LoginLockout [UPGRADE_NOWAIT]: select loginlocko0_.id as id1_9_0_, loginlocko0_.ip as ip2_9_0_, loginlocko0_.time as time3_9_0_, loginlocko0_.user_id as user_id4_9_0_ from LoginLockouts loginlocko0_ where loginlocko0_.id=? for update
00:38:23.792 [main] DEBUG o.h.l.p.b.i.spaces.QuerySpacesImpl - Adding QuerySpace : uid = <gen:0> -> org.hibernate.loader.plan.build.internal.spaces.EntityQuerySpaceImpl@c4e47a7]
00:38:23.792 [main] DEBUG o.h.p.w.spi.MetamodelGraphWalker - Visiting attribute path : ip
00:38:23.792 [main] DEBUG o.h.p.w.spi.MetamodelGraphWalker - Visiting attribute path : time
00:38:23.793 [main] DEBUG o.h.p.w.spi.MetamodelGraphWalker - Visiting attribute path : user
00:38:23.793 [main] DEBUG o.h.l.p.b.i.spaces.QuerySpacesImpl - Adding QuerySpace : uid = <gen:1> -> org.hibernate.loader.plan.build.internal.spaces.EntityQuerySpaceImpl@7bbc6e81]
00:38:23.793 [main] DEBUG o.h.l.p.b.i.FetchStyleLoadPlanBuildingAssociationVisitationStrategy - Building LoadPlan...
00:38:23.793 [main] DEBUG o.h.l.p.e.i.LoadQueryJoinAndFetchProcessor - processing queryspace <gen:0>
00:38:23.793 [main] DEBUG o.h.l.p.b.spi.LoadPlanTreePrinter - LoadPlan(entity=edu.ncsu.csc.itrust2.models.persistent.LoginLockout)
    - Returns
       - EntityReturnImpl(entity=edu.ncsu.csc.itrust2.models.persistent.LoginLockout, querySpaceUid=<gen:0>, path=edu.ncsu.csc.itrust2.models.persistent.LoginLockout)
          - EntityAttributeFetchImpl(entity=edu.ncsu.csc.itrust2.models.persistent.User, querySpaceUid=<gen:1>, path=edu.ncsu.csc.itrust2.models.persistent.LoginLockout.user)
    - QuerySpaces
       - EntityQuerySpaceImpl(uid=<gen:0>, entity=edu.ncsu.csc.itrust2.models.persistent.LoginLockout)
          - SQL table alias mapping - loginlocko0_
          - alias suffix - 0_
          - suffixed key columns - {id1_9_0_}

00:38:23.794 [main] DEBUG o.h.loader.entity.plan.EntityLoader - Static select for entity edu.ncsu.csc.itrust2.models.persistent.LoginLockout [UPGRADE_SKIPLOCKED]: select loginlocko0_.id as id1_9_0_, loginlocko0_.ip as ip2_9_0_, loginlocko0_.time as time3_9_0_, loginlocko0_.user_id as user_id4_9_0_ from LoginLockouts loginlocko0_ where loginlocko0_.id=? for update
00:38:23.794 [main] DEBUG o.h.l.p.b.i.spaces.QuerySpacesImpl - Adding QuerySpace : uid = <gen:0> -> org.hibernate.loader.plan.build.internal.spaces.EntityQuerySpaceImpl@5086cb12]
00:38:23.794 [main] DEBUG o.h.p.w.spi.MetamodelGraphWalker - Visiting attribute path : ip
00:38:23.794 [main] DEBUG o.h.p.w.spi.MetamodelGraphWalker - Visiting attribute path : time
00:38:23.794 [main] DEBUG o.h.p.w.spi.MetamodelGraphWalker - Visiting attribute path : user
00:38:23.794 [main] DEBUG o.h.l.p.b.i.spaces.QuerySpacesImpl - Adding QuerySpace : uid = <gen:1> -> org.hibernate.loader.plan.build.internal.spaces.EntityQuerySpaceImpl@45addb81]
00:38:23.795 [main] DEBUG o.h.l.p.b.i.FetchStyleLoadPlanBuildingAssociationVisitationStrategy - Building LoadPlan...
00:38:23.795 [main] DEBUG o.h.l.p.e.i.LoadQueryJoinAndFetchProcessor - processing queryspace <gen:0>
00:38:23.795 [main] DEBUG o.h.l.p.b.spi.LoadPlanTreePrinter - LoadPlan(entity=edu.ncsu.csc.itrust2.models.persistent.LoginLockout)
    - Returns
       - EntityReturnImpl(entity=edu.ncsu.csc.itrust2.models.persistent.LoginLockout, querySpaceUid=<gen:0>, path=edu.ncsu.csc.itrust2.models.persistent.LoginLockout)
          - EntityAttributeFetchImpl(entity=edu.ncsu.csc.itrust2.models.persistent.User, querySpaceUid=<gen:1>, path=edu.ncsu.csc.itrust2.models.persistent.LoginLockout.user)
    - QuerySpaces
       - EntityQuerySpaceImpl(uid=<gen:0>, entity=edu.ncsu.csc.itrust2.models.persistent.LoginLockout)
          - SQL table alias mapping - loginlocko0_
          - alias suffix - 0_
          - suffixed key columns - {id1_9_0_}

00:38:23.802 [main] DEBUG o.h.loader.entity.plan.EntityLoader - Static select for entity edu.ncsu.csc.itrust2.models.persistent.LoginLockout [FORCE]: select loginlocko0_.id as id1_9_0_, loginlocko0_.ip as ip2_9_0_, loginlocko0_.time as time3_9_0_, loginlocko0_.user_id as user_id4_9_0_ from LoginLockouts loginlocko0_ where loginlocko0_.id=? for update
00:38:23.802 [main] DEBUG o.h.l.p.b.i.spaces.QuerySpacesImpl - Adding QuerySpace : uid = <gen:0> -> org.hibernate.loader.plan.build.internal.spaces.EntityQuerySpaceImpl@5d7d7dd3]
00:38:23.802 [main] DEBUG o.h.p.w.spi.MetamodelGraphWalker - Visiting attribute path : ip
00:38:23.803 [main] DEBUG o.h.p.w.spi.MetamodelGraphWalker - Visiting attribute path : time
00:38:23.803 [main] DEBUG o.h.p.w.spi.MetamodelGraphWalker - Visiting attribute path : user
00:38:23.803 [main] DEBUG o.h.l.p.b.i.spaces.QuerySpacesImpl - Adding QuerySpace : uid = <gen:1> -> org.hibernate.loader.plan.build.internal.spaces.EntityQuerySpaceImpl@4bd08c8a]
00:38:23.803 [main] DEBUG o.h.l.p.b.i.FetchStyleLoadPlanBuildingAssociationVisitationStrategy - Building LoadPlan...
00:38:23.803 [main] DEBUG o.h.l.p.e.i.LoadQueryJoinAndFetchProcessor - processing queryspace <gen:0>
00:38:23.810 [main] DEBUG o.h.l.p.b.spi.LoadPlanTreePrinter - LoadPlan(entity=edu.ncsu.csc.itrust2.models.persistent.LoginLockout)
    - Returns
       - EntityReturnImpl(entity=edu.ncsu.csc.itrust2.models.persistent.LoginLockout, querySpaceUid=<gen:0>, path=edu.ncsu.csc.itrust2.models.persistent.LoginLockout)
          - EntityAttributeFetchImpl(entity=edu.ncsu.csc.itrust2.models.persistent.User, querySpaceUid=<gen:1>, path=edu.ncsu.csc.itrust2.models.persistent.LoginLockout.user)
    - QuerySpaces
       - EntityQuerySpaceImpl(uid=<gen:0>, entity=edu.ncsu.csc.itrust2.models.persistent.LoginLockout)
          - SQL table alias mapping - loginlocko0_
          - alias suffix - 0_
          - suffixed key columns - {id1_9_0_}

00:38:23.810 [main] DEBUG o.h.loader.entity.plan.EntityLoader - Static select for entity edu.ncsu.csc.itrust2.models.persistent.LoginLockout [PESSIMISTIC_READ]: select loginlocko0_.id as id1_9_0_, loginlocko0_.ip as ip2_9_0_, loginlocko0_.time as time3_9_0_, loginlocko0_.user_id as user_id4_9_0_ from LoginLockouts loginlocko0_ where loginlocko0_.id=? lock in share mode
00:38:23.810 [main] DEBUG o.h.l.p.b.i.spaces.QuerySpacesImpl - Adding QuerySpace : uid = <gen:0> -> org.hibernate.loader.plan.build.internal.spaces.EntityQuerySpaceImpl@608a27a2]
00:38:23.811 [main] DEBUG o.h.p.w.spi.MetamodelGraphWalker - Visiting attribute path : ip
00:38:23.811 [main] DEBUG o.h.p.w.spi.MetamodelGraphWalker - Visiting attribute path : time
00:38:23.811 [main] DEBUG o.h.p.w.spi.MetamodelGraphWalker - Visiting attribute path : user
00:38:23.811 [main] DEBUG o.h.l.p.b.i.spaces.QuerySpacesImpl - Adding QuerySpace : uid = <gen:1> -> org.hibernate.loader.plan.build.internal.spaces.EntityQuerySpaceImpl@42e7c03e]
00:38:23.811 [main] DEBUG o.h.l.p.b.i.FetchStyleLoadPlanBuildingAssociationVisitationStrategy - Building LoadPlan...
00:38:23.811 [main] DEBUG o.h.l.p.e.i.LoadQueryJoinAndFetchProcessor - processing queryspace <gen:0>
00:38:23.812 [main] DEBUG o.h.l.p.b.spi.LoadPlanTreePrinter - LoadPlan(entity=edu.ncsu.csc.itrust2.models.persistent.LoginLockout)
    - Returns
       - EntityReturnImpl(entity=edu.ncsu.csc.itrust2.models.persistent.LoginLockout, querySpaceUid=<gen:0>, path=edu.ncsu.csc.itrust2.models.persistent.LoginLockout)
          - EntityAttributeFetchImpl(entity=edu.ncsu.csc.itrust2.models.persistent.User, querySpaceUid=<gen:1>, path=edu.ncsu.csc.itrust2.models.persistent.LoginLockout.user)
    - QuerySpaces
       - EntityQuerySpaceImpl(uid=<gen:0>, entity=edu.ncsu.csc.itrust2.models.persistent.LoginLockout)
          - SQL table alias mapping - loginlocko0_
          - alias suffix - 0_
          - suffixed key columns - {id1_9_0_}

00:38:23.812 [main] DEBUG o.h.loader.entity.plan.EntityLoader - Static select for entity edu.ncsu.csc.itrust2.models.persistent.LoginLockout [PESSIMISTIC_WRITE]: select loginlocko0_.id as id1_9_0_, loginlocko0_.ip as ip2_9_0_, loginlocko0_.time as time3_9_0_, loginlocko0_.user_id as user_id4_9_0_ from LoginLockouts loginlocko0_ where loginlocko0_.id=? for update
00:38:23.812 [main] DEBUG o.h.l.p.b.i.spaces.QuerySpacesImpl - Adding QuerySpace : uid = <gen:0> -> org.hibernate.loader.plan.build.internal.spaces.EntityQuerySpaceImpl@d9ca034]
00:38:23.812 [main] DEBUG o.h.p.w.spi.MetamodelGraphWalker - Visiting attribute path : ip
00:38:23.812 [main] DEBUG o.h.p.w.spi.MetamodelGraphWalker - Visiting attribute path : time
00:38:23.813 [main] DEBUG o.h.p.w.spi.MetamodelGraphWalker - Visiting attribute path : user
00:38:23.813 [main] DEBUG o.h.l.p.b.i.spaces.QuerySpacesImpl - Adding QuerySpace : uid = <gen:1> -> org.hibernate.loader.plan.build.internal.spaces.EntityQuerySpaceImpl@10f51061]
00:38:23.813 [main] DEBUG o.h.l.p.b.i.FetchStyleLoadPlanBuildingAssociationVisitationStrategy - Building LoadPlan...
00:38:23.813 [main] DEBUG o.h.l.p.e.i.LoadQueryJoinAndFetchProcessor - processing queryspace <gen:0>
00:38:23.814 [main] DEBUG o.h.l.p.b.spi.LoadPlanTreePrinter - LoadPlan(entity=edu.ncsu.csc.itrust2.models.persistent.LoginLockout)
    - Returns
       - EntityReturnImpl(entity=edu.ncsu.csc.itrust2.models.persistent.LoginLockout, querySpaceUid=<gen:0>, path=edu.ncsu.csc.itrust2.models.persistent.LoginLockout)
          - EntityAttributeFetchImpl(entity=edu.ncsu.csc.itrust2.models.persistent.User, querySpaceUid=<gen:1>, path=edu.ncsu.csc.itrust2.models.persistent.LoginLockout.user)
    - QuerySpaces
       - EntityQuerySpaceImpl(uid=<gen:0>, entity=edu.ncsu.csc.itrust2.models.persistent.LoginLockout)
          - SQL table alias mapping - loginlocko0_
          - alias suffix - 0_
          - suffixed key columns - {id1_9_0_}

00:38:23.814 [main] DEBUG o.h.loader.entity.plan.EntityLoader - Static select for entity edu.ncsu.csc.itrust2.models.persistent.LoginLockout [PESSIMISTIC_FORCE_INCREMENT]: select loginlocko0_.id as id1_9_0_, loginlocko0_.ip as ip2_9_0_, loginlocko0_.time as time3_9_0_, loginlocko0_.user_id as user_id4_9_0_ from LoginLockouts loginlocko0_ where loginlocko0_.id=? for update
00:38:23.814 [main] DEBUG o.h.l.p.b.i.spaces.QuerySpacesImpl - Adding QuerySpace : uid = <gen:0> -> org.hibernate.loader.plan.build.internal.spaces.EntityQuerySpaceImpl@6c6fc471]
00:38:23.814 [main] DEBUG o.h.p.w.spi.MetamodelGraphWalker - Visiting attribute path : ip
00:38:23.814 [main] DEBUG o.h.p.w.spi.MetamodelGraphWalker - Visiting attribute path : time
00:38:23.814 [main] DEBUG o.h.p.w.spi.MetamodelGraphWalker - Visiting attribute path : user
00:38:23.815 [main] DEBUG o.h.l.p.b.i.spaces.QuerySpacesImpl - Adding QuerySpace : uid = <gen:1> -> org.hibernate.loader.plan.build.internal.spaces.EntityQuerySpaceImpl@696567e8]
00:38:23.815 [main] DEBUG o.h.l.p.b.i.FetchStyleLoadPlanBuildingAssociationVisitationStrategy - Building LoadPlan...
00:38:23.815 [main] DEBUG o.h.l.p.e.i.LoadQueryJoinAndFetchProcessor - processing queryspace <gen:0>
00:38:23.815 [main] DEBUG o.h.l.p.b.spi.LoadPlanTreePrinter - LoadPlan(entity=edu.ncsu.csc.itrust2.models.persistent.LoginLockout)
    - Returns
       - EntityReturnImpl(entity=edu.ncsu.csc.itrust2.models.persistent.LoginLockout, querySpaceUid=<gen:0>, path=edu.ncsu.csc.itrust2.models.persistent.LoginLockout)
          - EntityAttributeFetchImpl(entity=edu.ncsu.csc.itrust2.models.persistent.User, querySpaceUid=<gen:1>, path=edu.ncsu.csc.itrust2.models.persistent.LoginLockout.user)
    - QuerySpaces
       - EntityQuerySpaceImpl(uid=<gen:0>, entity=edu.ncsu.csc.itrust2.models.persistent.LoginLockout)
          - SQL table alias mapping - loginlocko0_
          - alias suffix - 0_
          - suffixed key columns - {id1_9_0_}

00:38:23.815 [main] DEBUG o.h.loader.entity.plan.EntityLoader - Static select for entity edu.ncsu.csc.itrust2.models.persistent.LoginLockout [OPTIMISTIC]: select loginlocko0_.id as id1_9_0_, loginlocko0_.ip as ip2_9_0_, loginlocko0_.time as time3_9_0_, loginlocko0_.user_id as user_id4_9_0_ from LoginLockouts loginlocko0_ where loginlocko0_.id=?
00:38:23.816 [main] DEBUG o.h.l.p.b.i.spaces.QuerySpacesImpl - Adding QuerySpace : uid = <gen:0> -> org.hibernate.loader.plan.build.internal.spaces.EntityQuerySpaceImpl@51ab04bd]
00:38:23.816 [main] DEBUG o.h.p.w.spi.MetamodelGraphWalker - Visiting attribute path : ip
00:38:23.816 [main] DEBUG o.h.p.w.spi.MetamodelGraphWalker - Visiting attribute path : time
00:38:23.816 [main] DEBUG o.h.p.w.spi.MetamodelGraphWalker - Visiting attribute path : user
00:38:23.816 [main] DEBUG o.h.l.p.b.i.spaces.QuerySpacesImpl - Adding QuerySpace : uid = <gen:1> -> org.hibernate.loader.plan.build.internal.spaces.EntityQuerySpaceImpl@151f2e17]
00:38:23.816 [main] DEBUG o.h.l.p.b.i.FetchStyleLoadPlanBuildingAssociationVisitationStrategy - Building LoadPlan...
00:38:23.817 [main] DEBUG o.h.l.p.e.i.LoadQueryJoinAndFetchProcessor - processing queryspace <gen:0>
00:38:23.817 [main] DEBUG o.h.l.p.b.spi.LoadPlanTreePrinter - LoadPlan(entity=edu.ncsu.csc.itrust2.models.persistent.LoginLockout)
    - Returns
       - EntityReturnImpl(entity=edu.ncsu.csc.itrust2.models.persistent.LoginLockout, querySpaceUid=<gen:0>, path=edu.ncsu.csc.itrust2.models.persistent.LoginLockout)
          - EntityAttributeFetchImpl(entity=edu.ncsu.csc.itrust2.models.persistent.User, querySpaceUid=<gen:1>, path=edu.ncsu.csc.itrust2.models.persistent.LoginLockout.user)
    - QuerySpaces
       - EntityQuerySpaceImpl(uid=<gen:0>, entity=edu.ncsu.csc.itrust2.models.persistent.LoginLockout)
          - SQL table alias mapping - loginlocko0_
          - alias suffix - 0_
          - suffixed key columns - {id1_9_0_}

00:38:23.817 [main] DEBUG o.h.loader.entity.plan.EntityLoader - Static select for entity edu.ncsu.csc.itrust2.models.persistent.LoginLockout [OPTIMISTIC_FORCE_INCREMENT]: select loginlocko0_.id as id1_9_0_, loginlocko0_.ip as ip2_9_0_, loginlocko0_.time as time3_9_0_, loginlocko0_.user_id as user_id4_9_0_ from LoginLockouts loginlocko0_ where loginlocko0_.id=?
00:38:23.818 [main] DEBUG org.hibernate.loader.Loader - Static select for action ACTION_MERGE on entity edu.ncsu.csc.itrust2.models.persistent.LoginLockout: select loginlocko0_.id as id1_9_0_, loginlocko0_.ip as ip2_9_0_, loginlocko0_.time as time3_9_0_, loginlocko0_.user_id as user_id4_9_0_ from LoginLockouts loginlocko0_ where loginlocko0_.id=?
00:38:23.818 [main] DEBUG org.hibernate.loader.Loader - Static select for action ACTION_REFRESH on entity edu.ncsu.csc.itrust2.models.persistent.LoginLockout: select loginlocko0_.id as id1_9_0_, loginlocko0_.ip as ip2_9_0_, loginlocko0_.time as time3_9_0_, loginlocko0_.user_id as user_id4_9_0_ from LoginLockouts loginlocko0_ where loginlocko0_.id=?
00:38:23.818 [main] DEBUG o.h.p.entity.AbstractEntityPersister - Static SQL for entity: edu.ncsu.csc.itrust2.models.persistent.OfficeVisit
00:38:23.818 [main] DEBUG o.h.p.entity.AbstractEntityPersister -  Version select: select id from OfficeVisits where id =?
00:38:23.818 [main] DEBUG o.h.p.entity.AbstractEntityPersister -  Snapshot select: select officevisi_.id, officevisi_.appointment_id as appointm5_10_, officevisi_.basichealthmetrics_id as basichea6_10_, officevisi_.date as date2_10_, officevisi_.hcp_id as hcp_id7_10_, officevisi_.hospital_id as hospital8_10_, officevisi_.notes as notes3_10_, officevisi_.patient_id as patient_9_10_, officevisi_.type as type4_10_ from OfficeVisits officevisi_ where officevisi_.id=?
00:38:23.819 [main] DEBUG o.h.p.entity.AbstractEntityPersister -  Insert 0: insert into OfficeVisits (appointment_id, basichealthmetrics_id, date, hcp_id, hospital_id, notes, patient_id, type, id) values (?, ?, ?, ?, ?, ?, ?, ?, ?)
00:38:23.819 [main] DEBUG o.h.p.entity.AbstractEntityPersister -  Update 0: update OfficeVisits set appointment_id=?, basichealthmetrics_id=?, date=?, hcp_id=?, hospital_id=?, notes=?, patient_id=?, type=? where id=?
00:38:23.819 [main] DEBUG o.h.p.entity.AbstractEntityPersister -  Delete 0: delete from OfficeVisits where id=?
00:38:23.819 [main] DEBUG o.h.l.p.b.i.spaces.QuerySpacesImpl - Adding QuerySpace : uid = <gen:0> -> org.hibernate.loader.plan.build.internal.spaces.EntityQuerySpaceImpl@5707517b]
00:38:23.819 [main] DEBUG o.h.p.w.spi.MetamodelGraphWalker - Visiting attribute path : appointment
00:38:23.819 [main] DEBUG o.h.l.p.b.i.spaces.QuerySpacesImpl - Adding QuerySpace : uid = <gen:1> -> org.hibernate.loader.plan.build.internal.spaces.EntityQuerySpaceImpl@356b9409]
00:38:23.820 [main] DEBUG o.h.p.w.spi.MetamodelGraphWalker - Visiting attribute path : appointment.comments
00:38:23.820 [main] DEBUG o.h.p.w.spi.MetamodelGraphWalker - Visiting attribute path : appointment.date
00:38:23.820 [main] DEBUG o.h.p.w.spi.MetamodelGraphWalker - Visiting attribute path : appointment.hcp
00:38:23.820 [main] DEBUG o.h.l.p.b.i.spaces.QuerySpacesImpl - Adding QuerySpace : uid = <gen:2> -> org.hibernate.loader.plan.build.internal.spaces.EntityQuerySpaceImpl@340975ea]
00:38:23.820 [main] DEBUG o.h.p.w.spi.MetamodelGraphWalker - Visiting attribute path : appointment.hcp.enabled
00:38:23.821 [main] DEBUG o.h.p.w.spi.MetamodelGraphWalker - Visiting attribute path : appointment.hcp.password
00:38:23.821 [main] DEBUG o.h.p.w.spi.MetamodelGraphWalker - Visiting attribute path : appointment.hcp.role
00:38:23.821 [main] DEBUG o.h.p.w.spi.MetamodelGraphWalker - Visiting attribute path : appointment.patient
00:38:23.821 [main] DEBUG o.h.l.p.b.i.spaces.QuerySpacesImpl - Adding QuerySpace : uid = <gen:3> -> org.hibernate.loader.plan.build.internal.spaces.EntityQuerySpaceImpl@23ade7e]
00:38:23.821 [main] DEBUG o.h.p.w.spi.MetamodelGraphWalker - Visiting attribute path : appointment.patient.enabled
00:38:23.821 [main] DEBUG o.h.p.w.spi.MetamodelGraphWalker - Visiting attribute path : appointment.patient.password
00:38:23.821 [main] DEBUG o.h.p.w.spi.MetamodelGraphWalker - Visiting attribute path : appointment.patient.role
00:38:23.822 [main] DEBUG o.h.p.w.spi.MetamodelGraphWalker - Visiting attribute path : appointment.status
00:38:23.822 [main] DEBUG o.h.p.w.spi.MetamodelGraphWalker - Visiting attribute path : appointment.type
00:38:23.822 [main] DEBUG o.h.p.w.spi.MetamodelGraphWalker - Visiting attribute path : basicHealthMetrics
00:38:23.822 [main] DEBUG o.h.l.p.b.i.spaces.QuerySpacesImpl - Adding QuerySpace : uid = <gen:4> -> org.hibernate.loader.plan.build.internal.spaces.EntityQuerySpaceImpl@67c83c82]
00:38:23.830 [main] DEBUG o.h.p.w.spi.MetamodelGraphWalker - Visiting attribute path : basicHealthMetrics.diastolic
00:38:23.830 [main] DEBUG o.h.p.w.spi.MetamodelGraphWalker - Visiting attribute path : basicHealthMetrics.hcp
00:38:23.830 [main] DEBUG o.h.l.p.b.i.spaces.QuerySpacesImpl - Adding QuerySpace : uid = <gen:5> -> org.hibernate.loader.plan.build.internal.spaces.EntityQuerySpaceImpl@1e46f43c]
00:38:23.831 [main] DEBUG o.h.p.w.spi.MetamodelGraphWalker - Visiting attribute path : basicHealthMetrics.hcp.enabled
00:38:23.831 [main] DEBUG o.h.p.w.spi.MetamodelGraphWalker - Visiting attribute path : basicHealthMetrics.hcp.password
00:38:23.831 [main] DEBUG o.h.p.w.spi.MetamodelGraphWalker - Visiting attribute path : basicHealthMetrics.hcp.role
00:38:23.831 [main] DEBUG o.h.p.w.spi.MetamodelGraphWalker - Visiting attribute path : basicHealthMetrics.hdl
00:38:23.831 [main] DEBUG o.h.p.w.spi.MetamodelGraphWalker - Visiting attribute path : basicHealthMetrics.headCircumference
00:38:23.831 [main] DEBUG o.h.p.w.spi.MetamodelGraphWalker - Visiting attribute path : basicHealthMetrics.height
00:38:23.831 [main] DEBUG o.h.p.w.spi.MetamodelGraphWalker - Visiting attribute path : basicHealthMetrics.houseSmokingStatus
00:38:23.832 [main] DEBUG o.h.p.w.spi.MetamodelGraphWalker - Visiting attribute path : basicHealthMetrics.ldl
00:38:23.832 [main] DEBUG o.h.p.w.spi.MetamodelGraphWalker - Visiting attribute path : basicHealthMetrics.patient
00:38:23.832 [main] DEBUG o.h.l.p.b.i.spaces.QuerySpacesImpl - Adding QuerySpace : uid = <gen:6> -> org.hibernate.loader.plan.build.internal.spaces.EntityQuerySpaceImpl@2d2ad1b5]
00:38:23.832 [main] DEBUG o.h.p.w.spi.MetamodelGraphWalker - Visiting attribute path : basicHealthMetrics.patient.enabled
00:38:23.832 [main] DEBUG o.h.p.w.spi.MetamodelGraphWalker - Visiting attribute path : basicHealthMetrics.patient.password
00:38:23.832 [main] DEBUG o.h.p.w.spi.MetamodelGraphWalker - Visiting attribute path : basicHealthMetrics.patient.role
00:38:23.832 [main] DEBUG o.h.p.w.spi.MetamodelGraphWalker - Visiting attribute path : basicHealthMetrics.patientSmokingStatus
00:38:23.833 [main] DEBUG o.h.p.w.spi.MetamodelGraphWalker - Visiting attribute path : basicHealthMetrics.systolic
00:38:23.833 [main] DEBUG o.h.p.w.spi.MetamodelGraphWalker - Visiting attribute path : basicHealthMetrics.tri
00:38:23.833 [main] DEBUG o.h.p.w.spi.MetamodelGraphWalker - Visiting attribute path : basicHealthMetrics.weight
00:38:23.833 [main] DEBUG o.h.p.w.spi.MetamodelGraphWalker - Visiting attribute path : date
00:38:23.833 [main] DEBUG o.h.p.w.spi.MetamodelGraphWalker - Visiting attribute path : hcp
00:38:23.833 [main] DEBUG o.h.l.p.b.i.spaces.QuerySpacesImpl - Adding QuerySpace : uid = <gen:7> -> org.hibernate.loader.plan.build.internal.spaces.EntityQuerySpaceImpl@167c98db]
00:38:23.834 [main] DEBUG o.h.p.w.spi.MetamodelGraphWalker - Visiting attribute path : hcp.enabled
00:38:23.834 [main] DEBUG o.h.p.w.spi.MetamodelGraphWalker - Visiting attribute path : hcp.password
00:38:23.834 [main] DEBUG o.h.p.w.spi.MetamodelGraphWalker - Visiting attribute path : hcp.role
00:38:23.834 [main] DEBUG o.h.p.w.spi.MetamodelGraphWalker - Visiting attribute path : hospital
00:38:23.834 [main] DEBUG o.h.l.p.b.i.spaces.QuerySpacesImpl - Adding QuerySpace : uid = <gen:8> -> org.hibernate.loader.plan.build.internal.spaces.EntityQuerySpaceImpl@600eccf5]
00:38:23.834 [main] DEBUG o.h.p.w.spi.MetamodelGraphWalker - Visiting attribute path : hospital.address
00:38:23.835 [main] DEBUG o.h.p.w.spi.MetamodelGraphWalker - Visiting attribute path : hospital.state
00:38:23.835 [main] DEBUG o.h.p.w.spi.MetamodelGraphWalker - Visiting attribute path : hospital.zip
00:38:23.835 [main] DEBUG o.h.p.w.spi.MetamodelGraphWalker - Visiting attribute path : notes
00:38:23.835 [main] DEBUG o.h.p.w.spi.MetamodelGraphWalker - Visiting attribute path : patient
00:38:23.835 [main] DEBUG o.h.l.p.b.i.spaces.QuerySpacesImpl - Adding QuerySpace : uid = <gen:9> -> org.hibernate.loader.plan.build.internal.spaces.EntityQuerySpaceImpl@3eb83530]
00:38:23.835 [main] DEBUG o.h.p.w.spi.MetamodelGraphWalker - Visiting attribute path : patient.enabled
00:38:23.836 [main] DEBUG o.h.p.w.spi.MetamodelGraphWalker - Visiting attribute path : patient.password
00:38:23.836 [main] DEBUG o.h.p.w.spi.MetamodelGraphWalker - Visiting attribute path : patient.role
00:38:23.836 [main] DEBUG o.h.p.w.spi.MetamodelGraphWalker - Visiting attribute path : prescriptions
00:38:23.838 [main] DEBUG o.h.l.p.b.i.spaces.QuerySpacesImpl - Adding QuerySpace : uid = <gen:10> -> org.hibernate.loader.plan.build.internal.spaces.CollectionQuerySpaceImpl@766b346f]
00:38:23.841 [main] DEBUG o.h.l.p.b.i.spaces.QuerySpacesImpl - Adding QuerySpace : uid = <gen:11> -> org.hibernate.loader.plan.build.internal.spaces.EntityQuerySpaceImpl@462bbb2c]
00:38:23.843 [main] DEBUG o.h.p.w.spi.MetamodelGraphWalker - Visiting attribute path : prescriptions.dosage
00:38:23.846 [main] DEBUG o.h.p.w.spi.MetamodelGraphWalker - Visiting attribute path : prescriptions.drug
00:38:23.846 [main] DEBUG o.h.l.p.b.i.spaces.QuerySpacesImpl - Adding QuerySpace : uid = <gen:12> -> org.hibernate.loader.plan.build.internal.spaces.EntityQuerySpaceImpl@34dc8c4f]
00:38:23.846 [main] DEBUG o.h.p.w.spi.MetamodelGraphWalker - Visiting attribute path : prescriptions.drug.code
00:38:23.847 [main] DEBUG o.h.p.w.spi.MetamodelGraphWalker - Visiting attribute path : prescriptions.drug.description
00:38:23.847 [main] DEBUG o.h.p.w.spi.MetamodelGraphWalker - Visiting attribute path : prescriptions.drug.name
00:38:23.847 [main] DEBUG o.h.p.w.spi.MetamodelGraphWalker - Visiting attribute path : prescriptions.endDate
00:38:23.847 [main] DEBUG o.h.p.w.spi.MetamodelGraphWalker - Visiting attribute path : prescriptions.patient
00:38:23.847 [main] DEBUG o.h.l.p.b.i.spaces.QuerySpacesImpl - Adding QuerySpace : uid = <gen:13> -> org.hibernate.loader.plan.build.internal.spaces.EntityQuerySpaceImpl@3129bded]
00:38:23.847 [main] DEBUG o.h.p.w.spi.MetamodelGraphWalker - Visiting attribute path : prescriptions.patient.enabled
00:38:23.847 [main] DEBUG o.h.p.w.spi.MetamodelGraphWalker - Visiting attribute path : prescriptions.patient.password
00:38:23.848 [main] DEBUG o.h.p.w.spi.MetamodelGraphWalker - Visiting attribute path : prescriptions.patient.role
00:38:23.848 [main] DEBUG o.h.p.w.spi.MetamodelGraphWalker - Visiting attribute path : prescriptions.renewals
00:38:23.848 [main] DEBUG o.h.p.w.spi.MetamodelGraphWalker - Visiting attribute path : prescriptions.startDate
00:38:23.848 [main] DEBUG o.h.p.w.spi.MetamodelGraphWalker - Visiting attribute path : type
00:38:23.848 [main] DEBUG o.h.l.p.b.i.FetchStyleLoadPlanBuildingAssociationVisitationStrategy - Building LoadPlan...
00:38:23.849 [main] DEBUG o.h.l.p.e.i.LoadQueryJoinAndFetchProcessor - processing queryspace <gen:0>
00:38:23.854 [main] DEBUG o.h.l.p.b.spi.LoadPlanTreePrinter - LoadPlan(entity=edu.ncsu.csc.itrust2.models.persistent.OfficeVisit)
    - Returns
       - EntityReturnImpl(entity=edu.ncsu.csc.itrust2.models.persistent.OfficeVisit, querySpaceUid=<gen:0>, path=edu.ncsu.csc.itrust2.models.persistent.OfficeVisit)
          - EntityAttributeFetchImpl(entity=edu.ncsu.csc.itrust2.models.persistent.AppointmentRequest, querySpaceUid=<gen:1>, path=edu.ncsu.csc.itrust2.models.persistent.OfficeVisit.appointment)
             - EntityAttributeFetchImpl(entity=edu.ncsu.csc.itrust2.models.persistent.User, querySpaceUid=<gen:2>, path=edu.ncsu.csc.itrust2.models.persistent.OfficeVisit.appointment.hcp)
             - EntityAttributeFetchImpl(entity=edu.ncsu.csc.itrust2.models.persistent.User, querySpaceUid=<gen:3>, path=edu.ncsu.csc.itrust2.models.persistent.OfficeVisit.appointment.patient)
          - EntityAttributeFetchImpl(entity=edu.ncsu.csc.itrust2.models.persistent.BasicHealthMetrics, querySpaceUid=<gen:4>, path=edu.ncsu.csc.itrust2.models.persistent.OfficeVisit.basicHealthMetrics)
             - EntityAttributeFetchImpl(entity=edu.ncsu.csc.itrust2.models.persistent.User, querySpaceUid=<gen:5>, path=edu.ncsu.csc.itrust2.models.persistent.OfficeVisit.basicHealthMetrics.hcp)
             - EntityAttributeFetchImpl(entity=edu.ncsu.csc.itrust2.models.persistent.User, querySpaceUid=<gen:6>, path=edu.ncsu.csc.itrust2.models.persistent.OfficeVisit.basicHealthMetrics.patient)
          - EntityAttributeFetchImpl(entity=edu.ncsu.csc.itrust2.models.persistent.User, querySpaceUid=<gen:7>, path=edu.ncsu.csc.itrust2.models.persistent.OfficeVisit.hcp)
          - EntityAttributeFetchImpl(entity=edu.ncsu.csc.itrust2.models.persistent.Hospital, querySpaceUid=<gen:8>, path=edu.ncsu.csc.itrust2.models.persistent.OfficeVisit.hospital)
          - EntityAttributeFetchImpl(entity=edu.ncsu.csc.itrust2.models.persistent.User, querySpaceUid=<gen:9>, path=edu.ncsu.csc.itrust2.models.persistent.OfficeVisit.patient)
          - CollectionAttributeFetchImpl(collection=edu.ncsu.csc.itrust2.models.persistent.OfficeVisit.prescriptions, querySpaceUid=<gen:10>, path=edu.ncsu.csc.itrust2.models.persistent.OfficeVisit.prescriptions)
             - (collection element) CollectionFetchableElementEntityGraph(entity=edu.ncsu.csc.itrust2.models.persistent.Prescription, querySpaceUid=<gen:11>, path=edu.ncsu.csc.itrust2.models.persistent.OfficeVisit.prescriptions.<elements>)
                - EntityAttributeFetchImpl(entity=edu.ncsu.csc.itrust2.models.persistent.Drug, querySpaceUid=<gen:12>, path=edu.ncsu.csc.itrust2.models.persistent.OfficeVisit.prescriptions.<elements>.drug)
                - EntityAttributeFetchImpl(entity=edu.ncsu.csc.itrust2.models.persistent.User, querySpaceUid=<gen:13>, path=edu.ncsu.csc.itrust2.models.persistent.OfficeVisit.prescriptions.<elements>.patient)
    - QuerySpaces
       - EntityQuerySpaceImpl(uid=<gen:0>, entity=edu.ncsu.csc.itrust2.models.persistent.OfficeVisit)
          - SQL table alias mapping - officevisi0_
          - alias suffix - 0_
          - suffixed key columns - {id1_10_0_}
          - JOIN (JoinDefinedByMetadata(appointment)) : <gen:0> -> <gen:1>
             - EntityQuerySpaceImpl(uid=<gen:1>, entity=edu.ncsu.csc.itrust2.models.persistent.AppointmentRequest)
                - SQL table alias mapping - appointmen1_
                - alias suffix - 1_
                - suffixed key columns - {id1_0_1_}
                - JOIN (JoinDefinedByMetadata(hcp)) : <gen:1> -> <gen:2>
                   - EntityQuerySpaceImpl(uid=<gen:2>, entity=edu.ncsu.csc.itrust2.models.persistent.User)
                      - SQL table alias mapping - user2_
                      - alias suffix - 2_
                      - suffixed key columns - {username1_15_2_}
                - JOIN (JoinDefinedByMetadata(patient)) : <gen:1> -> <gen:3>
                   - EntityQuerySpaceImpl(uid=<gen:3>, entity=edu.ncsu.csc.itrust2.models.persistent.User)
                      - SQL table alias mapping - user3_
                      - alias suffix - 3_
                      - suffixed key columns - {username1_15_3_}
          - JOIN (JoinDefinedByMetadata(basicHealthMetrics)) : <gen:0> -> <gen:4>
             - EntityQuerySpaceImpl(uid=<gen:4>, entity=edu.ncsu.csc.itrust2.models.persistent.BasicHealthMetrics)
                - SQL table alias mapping - basichealt4_
                - alias suffix - 4_
                - suffixed key columns - {id1_1_4_}
                - JOIN (JoinDefinedByMetadata(hcp)) : <gen:4> -> <gen:5>
                   - EntityQuerySpaceImpl(uid=<gen:5>, entity=edu.ncsu.csc.itrust2.models.persistent.User)
                      - SQL table alias mapping - user5_
                      - alias suffix - 5_
                      - suffixed key columns - {username1_15_5_}
                - JOIN (JoinDefinedByMetadata(patient)) : <gen:4> -> <gen:6>
                   - EntityQuerySpaceImpl(uid=<gen:6>, entity=edu.ncsu.csc.itrust2.models.persistent.User)
                      - SQL table alias mapping - user6_
                      - alias suffix - 6_
                      - suffixed key columns - {username1_15_6_}
          - JOIN (JoinDefinedByMetadata(hcp)) : <gen:0> -> <gen:7>
             - EntityQuerySpaceImpl(uid=<gen:7>, entity=edu.ncsu.csc.itrust2.models.persistent.User)
                - SQL table alias mapping - user7_
                - alias suffix - 7_
                - suffixed key columns - {username1_15_7_}
          - JOIN (JoinDefinedByMetadata(hospital)) : <gen:0> -> <gen:8>
             - EntityQuerySpaceImpl(uid=<gen:8>, entity=edu.ncsu.csc.itrust2.models.persistent.Hospital)
                - SQL table alias mapping - hospital8_
                - alias suffix - 8_
                - suffixed key columns - {name1_4_8_}
          - JOIN (JoinDefinedByMetadata(patient)) : <gen:0> -> <gen:9>
             - EntityQuerySpaceImpl(uid=<gen:9>, entity=edu.ncsu.csc.itrust2.models.persistent.User)
                - SQL table alias mapping - user9_
                - alias suffix - 9_
                - suffixed key columns - {username1_15_9_}
          - JOIN (JoinDefinedByMetadata(prescriptions)) : <gen:0> -> <gen:10>
             - CollectionQuerySpaceImpl(uid=<gen:10>, collection=edu.ncsu.csc.itrust2.models.persistent.OfficeVisit.prescriptions)
                - SQL table alias mapping - prescripti10_
                - alias suffix - 10_
                - suffixed key columns - {prescrip8_14_10_}
                - entity-element alias suffix - 11_
                - 11_entity-element suffixed key columns - id1_14_11_
                - JOIN (JoinDefinedByMetadata(elements)) : <gen:10> -> <gen:11>
                   - EntityQuerySpaceImpl(uid=<gen:11>, entity=edu.ncsu.csc.itrust2.models.persistent.Prescription)
                      - SQL table alias mapping - prescripti10_
                      - alias suffix - 11_
                      - suffixed key columns - {id1_14_11_}
                      - JOIN (JoinDefinedByMetadata(drug)) : <gen:11> -> <gen:12>
                         - EntityQuerySpaceImpl(uid=<gen:12>, entity=edu.ncsu.csc.itrust2.models.persistent.Drug)
                            - SQL table alias mapping - drug11_
                            - alias suffix - 12_
                            - suffixed key columns - {id1_3_12_}
                      - JOIN (JoinDefinedByMetadata(patient)) : <gen:11> -> <gen:13>
                         - EntityQuerySpaceImpl(uid=<gen:13>, entity=edu.ncsu.csc.itrust2.models.persistent.User)
                            - SQL table alias mapping - user12_
                            - alias suffix - 13_
                            - suffixed key columns - {username1_15_13_}

00:38:23.862 [main] DEBUG o.h.loader.entity.plan.EntityLoader - Static select for entity edu.ncsu.csc.itrust2.models.persistent.OfficeVisit [NONE]: select officevisi0_.id as id1_10_0_, officevisi0_.appointment_id as appointm5_10_0_, officevisi0_.basichealthmetrics_id as basichea6_10_0_, officevisi0_.date as date2_10_0_, officevisi0_.hcp_id as hcp_id7_10_0_, officevisi0_.hospital_id as hospital8_10_0_, officevisi0_.notes as notes3_10_0_, officevisi0_.patient_id as patient_9_10_0_, officevisi0_.type as type4_10_0_, appointmen1_.id as id1_0_1_, appointmen1_.comments as comments2_0_1_, appointmen1_.date as date3_0_1_, appointmen1_.hcp_id as hcp_id6_0_1_, appointmen1_.patient_id as patient_7_0_1_, appointmen1_.status as status4_0_1_, appointmen1_.type as type5_0_1_, user2_.username as username1_15_2_, user2_.enabled as enabled2_15_2_, user2_.password as password3_15_2_, user2_.role as role4_15_2_, user3_.username as username1_15_3_, user3_.enabled as enabled2_15_3_, user3_.password as password3_15_3_, user3_.role as role4_15_3_, basichealt4_.id as id1_1_4_, basichealt4_.diastolic as diastoli2_1_4_, basichealt4_.hcp_id as hcp_id12_1_4_, basichealt4_.hdl as hdl3_1_4_, basichealt4_.headCircumference as headCirc4_1_4_, basichealt4_.height as height5_1_4_, basichealt4_.houseSmokingStatus as houseSmo6_1_4_, basichealt4_.ldl as ldl7_1_4_, basichealt4_.patient_id as patient13_1_4_, basichealt4_.patientSmokingStatus as patientS8_1_4_, basichealt4_.systolic as systolic9_1_4_, basichealt4_.tri as tri10_1_4_, basichealt4_.weight as weight11_1_4_, user5_.username as username1_15_5_, user5_.enabled as enabled2_15_5_, user5_.password as password3_15_5_, user5_.role as role4_15_5_, user6_.username as username1_15_6_, user6_.enabled as enabled2_15_6_, user6_.password as password3_15_6_, user6_.role as role4_15_6_, user7_.username as username1_15_7_, user7_.enabled as enabled2_15_7_, user7_.password as password3_15_7_, user7_.role as role4_15_7_, hospital8_.name as name1_4_8_, hospital8_.address as address2_4_8_, hospital8_.state as state3_4_8_, hospital8_.zip as zip4_4_8_, user9_.username as username1_15_9_, user9_.enabled as enabled2_15_9_, user9_.password as password3_15_9_, user9_.role as role4_15_9_, prescripti10_.prescriptions_id as prescrip8_14_10_, prescripti10_.id as id1_14_10_, prescripti10_.id as id1_14_11_, prescripti10_.dosage as dosage2_14_11_, prescripti10_.drug_id as drug_id6_14_11_, prescripti10_.endDate as endDate3_14_11_, prescripti10_.patient_id as patient_7_14_11_, prescripti10_.renewals as renewals4_14_11_, prescripti10_.startDate as startDat5_14_11_, drug11_.id as id1_3_12_, drug11_.code as code2_3_12_, drug11_.description as descript3_3_12_, drug11_.name as name4_3_12_, user12_.username as username1_15_13_, user12_.enabled as enabled2_15_13_, user12_.password as password3_15_13_, user12_.role as role4_15_13_ from OfficeVisits officevisi0_ left outer join AppointmentRequests appointmen1_ on officevisi0_.appointment_id=appointmen1_.id left outer join Users user2_ on appointmen1_.hcp_id=user2_.username left outer join Users user3_ on appointmen1_.patient_id=user3_.username left outer join BasicHealthMetrics basichealt4_ on officevisi0_.basichealthmetrics_id=basichealt4_.id left outer join Users user5_ on basichealt4_.hcp_id=user5_.username left outer join Users user6_ on basichealt4_.patient_id=user6_.username inner join Users user7_ on officevisi0_.hcp_id=user7_.username inner join Hospitals hospital8_ on officevisi0_.hospital_id=hospital8_.name inner join Users user9_ on officevisi0_.patient_id=user9_.username left outer join Prescriptions prescripti10_ on officevisi0_.id=prescripti10_.prescriptions_id left outer join Drugs drug11_ on prescripti10_.drug_id=drug11_.id left outer join Users user12_ on prescripti10_.patient_id=user12_.username where officevisi0_.id=?
00:38:23.862 [main] DEBUG o.h.l.p.b.i.spaces.QuerySpacesImpl - Adding QuerySpace : uid = <gen:0> -> org.hibernate.loader.plan.build.internal.spaces.EntityQuerySpaceImpl@610fc4b4]
00:38:23.863 [main] DEBUG o.h.p.w.spi.MetamodelGraphWalker - Visiting attribute path : appointment
00:38:23.863 [main] DEBUG o.h.l.p.b.i.spaces.QuerySpacesImpl - Adding QuerySpace : uid = <gen:1> -> org.hibernate.loader.plan.build.internal.spaces.EntityQuerySpaceImpl@4ff15e5b]
00:38:23.863 [main] DEBUG o.h.p.w.spi.MetamodelGraphWalker - Visiting attribute path : appointment.comments
00:38:23.863 [main] DEBUG o.h.p.w.spi.MetamodelGraphWalker - Visiting attribute path : appointment.date
00:38:23.863 [main] DEBUG o.h.p.w.spi.MetamodelGraphWalker - Visiting attribute path : appointment.hcp
00:38:23.863 [main] DEBUG o.h.l.p.b.i.spaces.QuerySpacesImpl - Adding QuerySpace : uid = <gen:2> -> org.hibernate.loader.plan.build.internal.spaces.EntityQuerySpaceImpl@27785213]
00:38:23.864 [main] DEBUG o.h.p.w.spi.MetamodelGraphWalker - Visiting attribute path : appointment.hcp.enabled
00:38:23.864 [main] DEBUG o.h.p.w.spi.MetamodelGraphWalker - Visiting attribute path : appointment.hcp.password
00:38:23.864 [main] DEBUG o.h.p.w.spi.MetamodelGraphWalker - Visiting attribute path : appointment.hcp.role
00:38:23.864 [main] DEBUG o.h.p.w.spi.MetamodelGraphWalker - Visiting attribute path : appointment.patient
00:38:23.864 [main] DEBUG o.h.l.p.b.i.spaces.QuerySpacesImpl - Adding QuerySpace : uid = <gen:3> -> org.hibernate.loader.plan.build.internal.spaces.EntityQuerySpaceImpl@48930622]
00:38:23.864 [main] DEBUG o.h.p.w.spi.MetamodelGraphWalker - Visiting attribute path : appointment.patient.enabled
00:38:23.865 [main] DEBUG o.h.p.w.spi.MetamodelGraphWalker - Visiting attribute path : appointment.patient.password
00:38:23.865 [main] DEBUG o.h.p.w.spi.MetamodelGraphWalker - Visiting attribute path : appointment.patient.role
00:38:23.865 [main] DEBUG o.h.p.w.spi.MetamodelGraphWalker - Visiting attribute path : appointment.status
00:38:23.865 [main] DEBUG o.h.p.w.spi.MetamodelGraphWalker - Visiting attribute path : appointment.type
00:38:23.865 [main] DEBUG o.h.p.w.spi.MetamodelGraphWalker - Visiting attribute path : basicHealthMetrics
00:38:23.865 [main] DEBUG o.h.l.p.b.i.spaces.QuerySpacesImpl - Adding QuerySpace : uid = <gen:4> -> org.hibernate.loader.plan.build.internal.spaces.EntityQuerySpaceImpl@7d5df6e2]
00:38:23.866 [main] DEBUG o.h.p.w.spi.MetamodelGraphWalker - Visiting attribute path : basicHealthMetrics.diastolic
00:38:23.866 [main] DEBUG o.h.p.w.spi.MetamodelGraphWalker - Visiting attribute path : basicHealthMetrics.hcp
00:38:23.866 [main] DEBUG o.h.l.p.b.i.spaces.QuerySpacesImpl - Adding QuerySpace : uid = <gen:5> -> org.hibernate.loader.plan.build.internal.spaces.EntityQuerySpaceImpl@c493b15]
00:38:23.866 [main] DEBUG o.h.p.w.spi.MetamodelGraphWalker - Visiting attribute path : basicHealthMetrics.hcp.enabled
00:38:23.866 [main] DEBUG o.h.p.w.spi.MetamodelGraphWalker - Visiting attribute path : basicHealthMetrics.hcp.password
00:38:23.866 [main] DEBUG o.h.p.w.spi.MetamodelGraphWalker - Visiting attribute path : basicHealthMetrics.hcp.role
00:38:23.866 [main] DEBUG o.h.p.w.spi.MetamodelGraphWalker - Visiting attribute path : basicHealthMetrics.hdl
00:38:23.867 [main] DEBUG o.h.p.w.spi.MetamodelGraphWalker - Visiting attribute path : basicHealthMetrics.headCircumference
00:38:23.867 [main] DEBUG o.h.p.w.spi.MetamodelGraphWalker - Visiting attribute path : basicHealthMetrics.height
00:38:23.867 [main] DEBUG o.h.p.w.spi.MetamodelGraphWalker - Visiting attribute path : basicHealthMetrics.houseSmokingStatus
00:38:23.867 [main] DEBUG o.h.p.w.spi.MetamodelGraphWalker - Visiting attribute path : basicHealthMetrics.ldl
00:38:23.867 [main] DEBUG o.h.p.w.spi.MetamodelGraphWalker - Visiting attribute path : basicHealthMetrics.patient
00:38:23.874 [main] DEBUG o.h.l.p.b.i.spaces.QuerySpacesImpl - Adding QuerySpace : uid = <gen:6> -> org.hibernate.loader.plan.build.internal.spaces.EntityQuerySpaceImpl@c69231]
00:38:23.878 [main] DEBUG o.h.p.w.spi.MetamodelGraphWalker - Visiting attribute path : basicHealthMetrics.patient.enabled
00:38:23.878 [main] DEBUG o.h.p.w.spi.MetamodelGraphWalker - Visiting attribute path : basicHealthMetrics.patient.password
00:38:23.879 [main] DEBUG o.h.p.w.spi.MetamodelGraphWalker - Visiting attribute path : basicHealthMetrics.patient.role
00:38:23.879 [main] DEBUG o.h.p.w.spi.MetamodelGraphWalker - Visiting attribute path : basicHealthMetrics.patientSmokingStatus
00:38:23.879 [main] DEBUG o.h.p.w.spi.MetamodelGraphWalker - Visiting attribute path : basicHealthMetrics.systolic
00:38:23.879 [main] DEBUG o.h.p.w.spi.MetamodelGraphWalker - Visiting attribute path : basicHealthMetrics.tri
00:38:23.879 [main] DEBUG o.h.p.w.spi.MetamodelGraphWalker - Visiting attribute path : basicHealthMetrics.weight
00:38:23.879 [main] DEBUG o.h.p.w.spi.MetamodelGraphWalker - Visiting attribute path : date
00:38:23.879 [main] DEBUG o.h.p.w.spi.MetamodelGraphWalker - Visiting attribute path : hcp
00:38:23.879 [main] DEBUG o.h.l.p.b.i.spaces.QuerySpacesImpl - Adding QuerySpace : uid = <gen:7> -> org.hibernate.loader.plan.build.internal.spaces.EntityQuerySpaceImpl@458caaa6]
00:38:23.880 [main] DEBUG o.h.p.w.spi.MetamodelGraphWalker - Visiting attribute path : hcp.enabled
00:38:23.880 [main] DEBUG o.h.p.w.spi.MetamodelGraphWalker - Visiting attribute path : hcp.password
00:38:23.880 [main] DEBUG o.h.p.w.spi.MetamodelGraphWalker - Visiting attribute path : hcp.role
00:38:23.880 [main] DEBUG o.h.p.w.spi.MetamodelGraphWalker - Visiting attribute path : hospital
00:38:23.880 [main] DEBUG o.h.l.p.b.i.spaces.QuerySpacesImpl - Adding QuerySpace : uid = <gen:8> -> org.hibernate.loader.plan.build.internal.spaces.EntityQuerySpaceImpl@1754aaa4]
00:38:23.880 [main] DEBUG o.h.p.w.spi.MetamodelGraphWalker - Visiting attribute path : hospital.address
00:38:23.880 [main] DEBUG o.h.p.w.spi.MetamodelGraphWalker - Visiting attribute path : hospital.state
00:38:23.880 [main] DEBUG o.h.p.w.spi.MetamodelGraphWalker - Visiting attribute path : hospital.zip
00:38:23.880 [main] DEBUG o.h.p.w.spi.MetamodelGraphWalker - Visiting attribute path : notes
00:38:23.880 [main] DEBUG o.h.p.w.spi.MetamodelGraphWalker - Visiting attribute path : patient
00:38:23.880 [main] DEBUG o.h.l.p.b.i.spaces.QuerySpacesImpl - Adding QuerySpace : uid = <gen:9> -> org.hibernate.loader.plan.build.internal.spaces.EntityQuerySpaceImpl@727118f8]
00:38:23.880 [main] DEBUG o.h.p.w.spi.MetamodelGraphWalker - Visiting attribute path : patient.enabled
00:38:23.880 [main] DEBUG o.h.p.w.spi.MetamodelGraphWalker - Visiting attribute path : patient.password
00:38:23.880 [main] DEBUG o.h.p.w.spi.MetamodelGraphWalker - Visiting attribute path : patient.role
00:38:23.881 [main] DEBUG o.h.p.w.spi.MetamodelGraphWalker - Visiting attribute path : prescriptions
00:38:23.881 [main] DEBUG o.h.l.p.b.i.spaces.QuerySpacesImpl - Adding QuerySpace : uid = <gen:10> -> org.hibernate.loader.plan.build.internal.spaces.CollectionQuerySpaceImpl@5c760302]
00:38:23.881 [main] DEBUG o.h.l.p.b.i.spaces.QuerySpacesImpl - Adding QuerySpace : uid = <gen:11> -> org.hibernate.loader.plan.build.internal.spaces.EntityQuerySpaceImpl@4c6275f0]
00:38:23.881 [main] DEBUG o.h.p.w.spi.MetamodelGraphWalker - Visiting attribute path : prescriptions.dosage
00:38:23.881 [main] DEBUG o.h.p.w.spi.MetamodelGraphWalker - Visiting attribute path : prescriptions.drug
00:38:23.882 [main] DEBUG o.h.l.p.b.i.spaces.QuerySpacesImpl - Adding QuerySpace : uid = <gen:12> -> org.hibernate.loader.plan.build.internal.spaces.EntityQuerySpaceImpl@1804a8c9]
00:38:23.882 [main] DEBUG o.h.p.w.spi.MetamodelGraphWalker - Visiting attribute path : prescriptions.drug.code
00:38:23.882 [main] DEBUG o.h.p.w.spi.MetamodelGraphWalker - Visiting attribute path : prescriptions.drug.description
00:38:23.882 [main] DEBUG o.h.p.w.spi.MetamodelGraphWalker - Visiting attribute path : prescriptions.drug.name
00:38:23.883 [main] DEBUG o.h.p.w.spi.MetamodelGraphWalker - Visiting attribute path : prescriptions.endDate
00:38:23.883 [main] DEBUG o.h.p.w.spi.MetamodelGraphWalker - Visiting attribute path : prescriptions.patient
00:38:23.883 [main] DEBUG o.h.l.p.b.i.spaces.QuerySpacesImpl - Adding QuerySpace : uid = <gen:13> -> org.hibernate.loader.plan.build.internal.spaces.EntityQuerySpaceImpl@1ec5590]
00:38:23.883 [main] DEBUG o.h.p.w.spi.MetamodelGraphWalker - Visiting attribute path : prescriptions.patient.enabled
00:38:23.883 [main] DEBUG o.h.p.w.spi.MetamodelGraphWalker - Visiting attribute path : prescriptions.patient.password
00:38:23.883 [main] DEBUG o.h.p.w.spi.MetamodelGraphWalker - Visiting attribute path : prescriptions.patient.role
00:38:23.883 [main] DEBUG o.h.p.w.spi.MetamodelGraphWalker - Visiting attribute path : prescriptions.renewals
00:38:23.883 [main] DEBUG o.h.p.w.spi.MetamodelGraphWalker - Visiting attribute path : prescriptions.startDate
00:38:23.884 [main] DEBUG o.h.p.w.spi.MetamodelGraphWalker - Visiting attribute path : type
00:38:23.884 [main] DEBUG o.h.l.p.b.i.FetchStyleLoadPlanBuildingAssociationVisitationStrategy - Building LoadPlan...
00:38:23.885 [main] DEBUG o.h.l.p.e.i.LoadQueryJoinAndFetchProcessor - processing queryspace <gen:0>
00:38:23.887 [main] DEBUG o.h.l.p.b.spi.LoadPlanTreePrinter - LoadPlan(entity=edu.ncsu.csc.itrust2.models.persistent.OfficeVisit)
    - Returns
       - EntityReturnImpl(entity=edu.ncsu.csc.itrust2.models.persistent.OfficeVisit, querySpaceUid=<gen:0>, path=edu.ncsu.csc.itrust2.models.persistent.OfficeVisit)
          - EntityAttributeFetchImpl(entity=edu.ncsu.csc.itrust2.models.persistent.AppointmentRequest, querySpaceUid=<gen:1>, path=edu.ncsu.csc.itrust2.models.persistent.OfficeVisit.appointment)
             - EntityAttributeFetchImpl(entity=edu.ncsu.csc.itrust2.models.persistent.User, querySpaceUid=<gen:2>, path=edu.ncsu.csc.itrust2.models.persistent.OfficeVisit.appointment.hcp)
             - EntityAttributeFetchImpl(entity=edu.ncsu.csc.itrust2.models.persistent.User, querySpaceUid=<gen:3>, path=edu.ncsu.csc.itrust2.models.persistent.OfficeVisit.appointment.patient)
          - EntityAttributeFetchImpl(entity=edu.ncsu.csc.itrust2.models.persistent.BasicHealthMetrics, querySpaceUid=<gen:4>, path=edu.ncsu.csc.itrust2.models.persistent.OfficeVisit.basicHealthMetrics)
             - EntityAttributeFetchImpl(entity=edu.ncsu.csc.itrust2.models.persistent.User, querySpaceUid=<gen:5>, path=edu.ncsu.csc.itrust2.models.persistent.OfficeVisit.basicHealthMetrics.hcp)
             - EntityAttributeFetchImpl(entity=edu.ncsu.csc.itrust2.models.persistent.User, querySpaceUid=<gen:6>, path=edu.ncsu.csc.itrust2.models.persistent.OfficeVisit.basicHealthMetrics.patient)
          - EntityAttributeFetchImpl(entity=edu.ncsu.csc.itrust2.models.persistent.User, querySpaceUid=<gen:7>, path=edu.ncsu.csc.itrust2.models.persistent.OfficeVisit.hcp)
          - EntityAttributeFetchImpl(entity=edu.ncsu.csc.itrust2.models.persistent.Hospital, querySpaceUid=<gen:8>, path=edu.ncsu.csc.itrust2.models.persistent.OfficeVisit.hospital)
          - EntityAttributeFetchImpl(entity=edu.ncsu.csc.itrust2.models.persistent.User, querySpaceUid=<gen:9>, path=edu.ncsu.csc.itrust2.models.persistent.OfficeVisit.patient)
          - CollectionAttributeFetchImpl(collection=edu.ncsu.csc.itrust2.models.persistent.OfficeVisit.prescriptions, querySpaceUid=<gen:10>, path=edu.ncsu.csc.itrust2.models.persistent.OfficeVisit.prescriptions)
             - (collection element) CollectionFetchableElementEntityGraph(entity=edu.ncsu.csc.itrust2.models.persistent.Prescription, querySpaceUid=<gen:11>, path=edu.ncsu.csc.itrust2.models.persistent.OfficeVisit.prescriptions.<elements>)
                - EntityAttributeFetchImpl(entity=edu.ncsu.csc.itrust2.models.persistent.Drug, querySpaceUid=<gen:12>, path=edu.ncsu.csc.itrust2.models.persistent.OfficeVisit.prescriptions.<elements>.drug)
                - EntityAttributeFetchImpl(entity=edu.ncsu.csc.itrust2.models.persistent.User, querySpaceUid=<gen:13>, path=edu.ncsu.csc.itrust2.models.persistent.OfficeVisit.prescriptions.<elements>.patient)
    - QuerySpaces
       - EntityQuerySpaceImpl(uid=<gen:0>, entity=edu.ncsu.csc.itrust2.models.persistent.OfficeVisit)
          - SQL table alias mapping - officevisi0_
          - alias suffix - 0_
          - suffixed key columns - {id1_10_0_}
          - JOIN (JoinDefinedByMetadata(appointment)) : <gen:0> -> <gen:1>
             - EntityQuerySpaceImpl(uid=<gen:1>, entity=edu.ncsu.csc.itrust2.models.persistent.AppointmentRequest)
                - SQL table alias mapping - appointmen1_
                - alias suffix - 1_
                - suffixed key columns - {id1_0_1_}
                - JOIN (JoinDefinedByMetadata(hcp)) : <gen:1> -> <gen:2>
                   - EntityQuerySpaceImpl(uid=<gen:2>, entity=edu.ncsu.csc.itrust2.models.persistent.User)
                      - SQL table alias mapping - user2_
                      - alias suffix - 2_
                      - suffixed key columns - {username1_15_2_}
                - JOIN (JoinDefinedByMetadata(patient)) : <gen:1> -> <gen:3>
                   - EntityQuerySpaceImpl(uid=<gen:3>, entity=edu.ncsu.csc.itrust2.models.persistent.User)
                      - SQL table alias mapping - user3_
                      - alias suffix - 3_
                      - suffixed key columns - {username1_15_3_}
          - JOIN (JoinDefinedByMetadata(basicHealthMetrics)) : <gen:0> -> <gen:4>
             - EntityQuerySpaceImpl(uid=<gen:4>, entity=edu.ncsu.csc.itrust2.models.persistent.BasicHealthMetrics)
                - SQL table alias mapping - basichealt4_
                - alias suffix - 4_
                - suffixed key columns - {id1_1_4_}
                - JOIN (JoinDefinedByMetadata(hcp)) : <gen:4> -> <gen:5>
                   - EntityQuerySpaceImpl(uid=<gen:5>, entity=edu.ncsu.csc.itrust2.models.persistent.User)
                      - SQL table alias mapping - user5_
                      - alias suffix - 5_
                      - suffixed key columns - {username1_15_5_}
                - JOIN (JoinDefinedByMetadata(patient)) : <gen:4> -> <gen:6>
                   - EntityQuerySpaceImpl(uid=<gen:6>, entity=edu.ncsu.csc.itrust2.models.persistent.User)
                      - SQL table alias mapping - user6_
                      - alias suffix - 6_
                      - suffixed key columns - {username1_15_6_}
          - JOIN (JoinDefinedByMetadata(hcp)) : <gen:0> -> <gen:7>
             - EntityQuerySpaceImpl(uid=<gen:7>, entity=edu.ncsu.csc.itrust2.models.persistent.User)
                - SQL table alias mapping - user7_
                - alias suffix - 7_
                - suffixed key columns - {username1_15_7_}
          - JOIN (JoinDefinedByMetadata(hospital)) : <gen:0> -> <gen:8>
             - EntityQuerySpaceImpl(uid=<gen:8>, entity=edu.ncsu.csc.itrust2.models.persistent.Hospital)
                - SQL table alias mapping - hospital8_
                - alias suffix - 8_
                - suffixed key columns - {name1_4_8_}
          - JOIN (JoinDefinedByMetadata(patient)) : <gen:0> -> <gen:9>
             - EntityQuerySpaceImpl(uid=<gen:9>, entity=edu.ncsu.csc.itrust2.models.persistent.User)
                - SQL table alias mapping - user9_
                - alias suffix - 9_
                - suffixed key columns - {username1_15_9_}
          - JOIN (JoinDefinedByMetadata(prescriptions)) : <gen:0> -> <gen:10>
             - CollectionQuerySpaceImpl(uid=<gen:10>, collection=edu.ncsu.csc.itrust2.models.persistent.OfficeVisit.prescriptions)
                - SQL table alias mapping - prescripti10_
                - alias suffix - 10_
                - suffixed key columns - {prescrip8_14_10_}
                - entity-element alias suffix - 11_
                - 11_entity-element suffixed key columns - id1_14_11_
                - JOIN (JoinDefinedByMetadata(elements)) : <gen:10> -> <gen:11>
                   - EntityQuerySpaceImpl(uid=<gen:11>, entity=edu.ncsu.csc.itrust2.models.persistent.Prescription)
                      - SQL table alias mapping - prescripti10_
                      - alias suffix - 11_
                      - suffixed key columns - {id1_14_11_}
                      - JOIN (JoinDefinedByMetadata(drug)) : <gen:11> -> <gen:12>
                         - EntityQuerySpaceImpl(uid=<gen:12>, entity=edu.ncsu.csc.itrust2.models.persistent.Drug)
                            - SQL table alias mapping - drug11_
                            - alias suffix - 12_
                            - suffixed key columns - {id1_3_12_}
                      - JOIN (JoinDefinedByMetadata(patient)) : <gen:11> -> <gen:13>
                         - EntityQuerySpaceImpl(uid=<gen:13>, entity=edu.ncsu.csc.itrust2.models.persistent.User)
                            - SQL table alias mapping - user12_
                            - alias suffix - 13_
                            - suffixed key columns - {username1_15_13_}

00:38:23.887 [main] DEBUG o.h.loader.entity.plan.EntityLoader - Static select for entity edu.ncsu.csc.itrust2.models.persistent.OfficeVisit [READ]: select officevisi0_.id as id1_10_0_, officevisi0_.appointment_id as appointm5_10_0_, officevisi0_.basichealthmetrics_id as basichea6_10_0_, officevisi0_.date as date2_10_0_, officevisi0_.hcp_id as hcp_id7_10_0_, officevisi0_.hospital_id as hospital8_10_0_, officevisi0_.notes as notes3_10_0_, officevisi0_.patient_id as patient_9_10_0_, officevisi0_.type as type4_10_0_, appointmen1_.id as id1_0_1_, appointmen1_.comments as comments2_0_1_, appointmen1_.date as date3_0_1_, appointmen1_.hcp_id as hcp_id6_0_1_, appointmen1_.patient_id as patient_7_0_1_, appointmen1_.status as status4_0_1_, appointmen1_.type as type5_0_1_, user2_.username as username1_15_2_, user2_.enabled as enabled2_15_2_, user2_.password as password3_15_2_, user2_.role as role4_15_2_, user3_.username as username1_15_3_, user3_.enabled as enabled2_15_3_, user3_.password as password3_15_3_, user3_.role as role4_15_3_, basichealt4_.id as id1_1_4_, basichealt4_.diastolic as diastoli2_1_4_, basichealt4_.hcp_id as hcp_id12_1_4_, basichealt4_.hdl as hdl3_1_4_, basichealt4_.headCircumference as headCirc4_1_4_, basichealt4_.height as height5_1_4_, basichealt4_.houseSmokingStatus as houseSmo6_1_4_, basichealt4_.ldl as ldl7_1_4_, basichealt4_.patient_id as patient13_1_4_, basichealt4_.patientSmokingStatus as patientS8_1_4_, basichealt4_.systolic as systolic9_1_4_, basichealt4_.tri as tri10_1_4_, basichealt4_.weight as weight11_1_4_, user5_.username as username1_15_5_, user5_.enabled as enabled2_15_5_, user5_.password as password3_15_5_, user5_.role as role4_15_5_, user6_.username as username1_15_6_, user6_.enabled as enabled2_15_6_, user6_.password as password3_15_6_, user6_.role as role4_15_6_, user7_.username as username1_15_7_, user7_.enabled as enabled2_15_7_, user7_.password as password3_15_7_, user7_.role as role4_15_7_, hospital8_.name as name1_4_8_, hospital8_.address as address2_4_8_, hospital8_.state as state3_4_8_, hospital8_.zip as zip4_4_8_, user9_.username as username1_15_9_, user9_.enabled as enabled2_15_9_, user9_.password as password3_15_9_, user9_.role as role4_15_9_, prescripti10_.prescriptions_id as prescrip8_14_10_, prescripti10_.id as id1_14_10_, prescripti10_.id as id1_14_11_, prescripti10_.dosage as dosage2_14_11_, prescripti10_.drug_id as drug_id6_14_11_, prescripti10_.endDate as endDate3_14_11_, prescripti10_.patient_id as patient_7_14_11_, prescripti10_.renewals as renewals4_14_11_, prescripti10_.startDate as startDat5_14_11_, drug11_.id as id1_3_12_, drug11_.code as code2_3_12_, drug11_.description as descript3_3_12_, drug11_.name as name4_3_12_, user12_.username as username1_15_13_, user12_.enabled as enabled2_15_13_, user12_.password as password3_15_13_, user12_.role as role4_15_13_ from OfficeVisits officevisi0_ left outer join AppointmentRequests appointmen1_ on officevisi0_.appointment_id=appointmen1_.id left outer join Users user2_ on appointmen1_.hcp_id=user2_.username left outer join Users user3_ on appointmen1_.patient_id=user3_.username left outer join BasicHealthMetrics basichealt4_ on officevisi0_.basichealthmetrics_id=basichealt4_.id left outer join Users user5_ on basichealt4_.hcp_id=user5_.username left outer join Users user6_ on basichealt4_.patient_id=user6_.username inner join Users user7_ on officevisi0_.hcp_id=user7_.username inner join Hospitals hospital8_ on officevisi0_.hospital_id=hospital8_.name inner join Users user9_ on officevisi0_.patient_id=user9_.username left outer join Prescriptions prescripti10_ on officevisi0_.id=prescripti10_.prescriptions_id left outer join Drugs drug11_ on prescripti10_.drug_id=drug11_.id left outer join Users user12_ on prescripti10_.patient_id=user12_.username where officevisi0_.id=?
00:38:23.887 [main] DEBUG o.h.l.p.b.i.spaces.QuerySpacesImpl - Adding QuerySpace : uid = <gen:0> -> org.hibernate.loader.plan.build.internal.spaces.EntityQuerySpaceImpl@7e0d38a9]
00:38:23.887 [main] DEBUG o.h.p.w.spi.MetamodelGraphWalker - Visiting attribute path : appointment
00:38:23.887 [main] DEBUG o.h.l.p.b.i.spaces.QuerySpacesImpl - Adding QuerySpace : uid = <gen:1> -> org.hibernate.loader.plan.build.internal.spaces.EntityQuerySpaceImpl@6ed548ac]
00:38:23.887 [main] DEBUG o.h.p.w.spi.MetamodelGraphWalker - Visiting attribute path : basicHealthMetrics
00:38:23.888 [main] DEBUG o.h.l.p.b.i.spaces.QuerySpacesImpl - Adding QuerySpace : uid = <gen:2> -> org.hibernate.loader.plan.build.internal.spaces.EntityQuerySpaceImpl@39e7527a]
00:38:23.888 [main] DEBUG o.h.p.w.spi.MetamodelGraphWalker - Visiting attribute path : date
00:38:23.888 [main] DEBUG o.h.p.w.spi.MetamodelGraphWalker - Visiting attribute path : hcp
00:38:23.888 [main] DEBUG o.h.l.p.b.i.spaces.QuerySpacesImpl - Adding QuerySpace : uid = <gen:3> -> org.hibernate.loader.plan.build.internal.spaces.EntityQuerySpaceImpl@2e38ed9f]
00:38:23.888 [main] DEBUG o.h.p.w.spi.MetamodelGraphWalker - Visiting attribute path : hospital
00:38:23.888 [main] DEBUG o.h.l.p.b.i.spaces.QuerySpacesImpl - Adding QuerySpace : uid = <gen:4> -> org.hibernate.loader.plan.build.internal.spaces.EntityQuerySpaceImpl@1597087b]
00:38:23.888 [main] DEBUG o.h.p.w.spi.MetamodelGraphWalker - Visiting attribute path : notes
00:38:23.888 [main] DEBUG o.h.p.w.spi.MetamodelGraphWalker - Visiting attribute path : patient
00:38:23.888 [main] DEBUG o.h.l.p.b.i.spaces.QuerySpacesImpl - Adding QuerySpace : uid = <gen:5> -> org.hibernate.loader.plan.build.internal.spaces.EntityQuerySpaceImpl@5143b24d]
00:38:23.888 [main] DEBUG o.h.p.w.spi.MetamodelGraphWalker - Visiting attribute path : prescriptions
00:38:23.888 [main] DEBUG o.h.l.p.b.i.spaces.QuerySpacesImpl - Adding QuerySpace : uid = <gen:6> -> org.hibernate.loader.plan.build.internal.spaces.CollectionQuerySpaceImpl@52344e9d]
00:38:23.890 [main] DEBUG o.h.l.p.b.i.spaces.QuerySpacesImpl - Adding QuerySpace : uid = <gen:7> -> org.hibernate.loader.plan.build.internal.spaces.EntityQuerySpaceImpl@3b890551]
00:38:23.890 [main] DEBUG o.h.p.w.spi.MetamodelGraphWalker - Visiting attribute path : type
00:38:23.890 [main] DEBUG o.h.l.p.b.i.FetchStyleLoadPlanBuildingAssociationVisitationStrategy - Building LoadPlan...
00:38:23.891 [main] DEBUG o.h.l.p.e.i.LoadQueryJoinAndFetchProcessor - processing queryspace <gen:0>
00:38:23.891 [main] DEBUG o.h.l.p.b.spi.LoadPlanTreePrinter - LoadPlan(entity=edu.ncsu.csc.itrust2.models.persistent.OfficeVisit)
    - Returns
       - EntityReturnImpl(entity=edu.ncsu.csc.itrust2.models.persistent.OfficeVisit, querySpaceUid=<gen:0>, path=edu.ncsu.csc.itrust2.models.persistent.OfficeVisit)
          - EntityAttributeFetchImpl(entity=edu.ncsu.csc.itrust2.models.persistent.AppointmentRequest, querySpaceUid=<gen:1>, path=edu.ncsu.csc.itrust2.models.persistent.OfficeVisit.appointment)
          - EntityAttributeFetchImpl(entity=edu.ncsu.csc.itrust2.models.persistent.BasicHealthMetrics, querySpaceUid=<gen:2>, path=edu.ncsu.csc.itrust2.models.persistent.OfficeVisit.basicHealthMetrics)
          - EntityAttributeFetchImpl(entity=edu.ncsu.csc.itrust2.models.persistent.User, querySpaceUid=<gen:3>, path=edu.ncsu.csc.itrust2.models.persistent.OfficeVisit.hcp)
          - EntityAttributeFetchImpl(entity=edu.ncsu.csc.itrust2.models.persistent.Hospital, querySpaceUid=<gen:4>, path=edu.ncsu.csc.itrust2.models.persistent.OfficeVisit.hospital)
          - EntityAttributeFetchImpl(entity=edu.ncsu.csc.itrust2.models.persistent.User, querySpaceUid=<gen:5>, path=edu.ncsu.csc.itrust2.models.persistent.OfficeVisit.patient)
          - CollectionAttributeFetchImpl(collection=edu.ncsu.csc.itrust2.models.persistent.OfficeVisit.prescriptions, querySpaceUid=<gen:6>, path=edu.ncsu.csc.itrust2.models.persistent.OfficeVisit.prescriptions)
             - (collection element) CollectionFetchableElementEntityGraph(entity=edu.ncsu.csc.itrust2.models.persistent.Prescription, querySpaceUid=<gen:7>, path=edu.ncsu.csc.itrust2.models.persistent.OfficeVisit.prescriptions.<elements>)
    - QuerySpaces
       - EntityQuerySpaceImpl(uid=<gen:0>, entity=edu.ncsu.csc.itrust2.models.persistent.OfficeVisit)
          - SQL table alias mapping - officevisi0_
          - alias suffix - 0_
          - suffixed key columns - {id1_10_0_}

00:38:23.891 [main] DEBUG o.h.loader.entity.plan.EntityLoader - Static select for entity edu.ncsu.csc.itrust2.models.persistent.OfficeVisit [UPGRADE]: select officevisi0_.id as id1_10_0_, officevisi0_.appointment_id as appointm5_10_0_, officevisi0_.basichealthmetrics_id as basichea6_10_0_, officevisi0_.date as date2_10_0_, officevisi0_.hcp_id as hcp_id7_10_0_, officevisi0_.hospital_id as hospital8_10_0_, officevisi0_.notes as notes3_10_0_, officevisi0_.patient_id as patient_9_10_0_, officevisi0_.type as type4_10_0_ from OfficeVisits officevisi0_ where officevisi0_.id=? for update
00:38:23.891 [main] DEBUG o.h.l.p.b.i.spaces.QuerySpacesImpl - Adding QuerySpace : uid = <gen:0> -> org.hibernate.loader.plan.build.internal.spaces.EntityQuerySpaceImpl@16f0168b]
00:38:23.891 [main] DEBUG o.h.p.w.spi.MetamodelGraphWalker - Visiting attribute path : appointment
00:38:23.891 [main] DEBUG o.h.l.p.b.i.spaces.QuerySpacesImpl - Adding QuerySpace : uid = <gen:1> -> org.hibernate.loader.plan.build.internal.spaces.EntityQuerySpaceImpl@2addf2b4]
00:38:23.891 [main] DEBUG o.h.p.w.spi.MetamodelGraphWalker - Visiting attribute path : basicHealthMetrics
00:38:23.892 [main] DEBUG o.h.l.p.b.i.spaces.QuerySpacesImpl - Adding QuerySpace : uid = <gen:2> -> org.hibernate.loader.plan.build.internal.spaces.EntityQuerySpaceImpl@598dc933]
00:38:23.892 [main] DEBUG o.h.p.w.spi.MetamodelGraphWalker - Visiting attribute path : date
00:38:23.892 [main] DEBUG o.h.p.w.spi.MetamodelGraphWalker - Visiting attribute path : hcp
00:38:23.892 [main] DEBUG o.h.l.p.b.i.spaces.QuerySpacesImpl - Adding QuerySpace : uid = <gen:3> -> org.hibernate.loader.plan.build.internal.spaces.EntityQuerySpaceImpl@4f5fc8c7]
00:38:23.892 [main] DEBUG o.h.p.w.spi.MetamodelGraphWalker - Visiting attribute path : hospital
00:38:23.892 [main] DEBUG o.h.l.p.b.i.spaces.QuerySpacesImpl - Adding QuerySpace : uid = <gen:4> -> org.hibernate.loader.plan.build.internal.spaces.EntityQuerySpaceImpl@7dfe4de1]
00:38:23.892 [main] DEBUG o.h.p.w.spi.MetamodelGraphWalker - Visiting attribute path : notes
00:38:23.892 [main] DEBUG o.h.p.w.spi.MetamodelGraphWalker - Visiting attribute path : patient
00:38:23.892 [main] DEBUG o.h.l.p.b.i.spaces.QuerySpacesImpl - Adding QuerySpace : uid = <gen:5> -> org.hibernate.loader.plan.build.internal.spaces.EntityQuerySpaceImpl@38f348b8]
00:38:23.892 [main] DEBUG o.h.p.w.spi.MetamodelGraphWalker - Visiting attribute path : prescriptions
00:38:23.893 [main] DEBUG o.h.l.p.b.i.spaces.QuerySpacesImpl - Adding QuerySpace : uid = <gen:6> -> org.hibernate.loader.plan.build.internal.spaces.CollectionQuerySpaceImpl@f00cac4]
00:38:23.893 [main] DEBUG o.h.l.p.b.i.spaces.QuerySpacesImpl - Adding QuerySpace : uid = <gen:7> -> org.hibernate.loader.plan.build.internal.spaces.EntityQuerySpaceImpl@3e283213]
00:38:23.893 [main] DEBUG o.h.p.w.spi.MetamodelGraphWalker - Visiting attribute path : type
00:38:23.893 [main] DEBUG o.h.l.p.b.i.FetchStyleLoadPlanBuildingAssociationVisitationStrategy - Building LoadPlan...
00:38:23.893 [main] DEBUG o.h.l.p.e.i.LoadQueryJoinAndFetchProcessor - processing queryspace <gen:0>
00:38:23.893 [main] DEBUG o.h.l.p.b.spi.LoadPlanTreePrinter - LoadPlan(entity=edu.ncsu.csc.itrust2.models.persistent.OfficeVisit)
    - Returns
       - EntityReturnImpl(entity=edu.ncsu.csc.itrust2.models.persistent.OfficeVisit, querySpaceUid=<gen:0>, path=edu.ncsu.csc.itrust2.models.persistent.OfficeVisit)
          - EntityAttributeFetchImpl(entity=edu.ncsu.csc.itrust2.models.persistent.AppointmentRequest, querySpaceUid=<gen:1>, path=edu.ncsu.csc.itrust2.models.persistent.OfficeVisit.appointment)
          - EntityAttributeFetchImpl(entity=edu.ncsu.csc.itrust2.models.persistent.BasicHealthMetrics, querySpaceUid=<gen:2>, path=edu.ncsu.csc.itrust2.models.persistent.OfficeVisit.basicHealthMetrics)
          - EntityAttributeFetchImpl(entity=edu.ncsu.csc.itrust2.models.persistent.User, querySpaceUid=<gen:3>, path=edu.ncsu.csc.itrust2.models.persistent.OfficeVisit.hcp)
          - EntityAttributeFetchImpl(entity=edu.ncsu.csc.itrust2.models.persistent.Hospital, querySpaceUid=<gen:4>, path=edu.ncsu.csc.itrust2.models.persistent.OfficeVisit.hospital)
          - EntityAttributeFetchImpl(entity=edu.ncsu.csc.itrust2.models.persistent.User, querySpaceUid=<gen:5>, path=edu.ncsu.csc.itrust2.models.persistent.OfficeVisit.patient)
          - CollectionAttributeFetchImpl(collection=edu.ncsu.csc.itrust2.models.persistent.OfficeVisit.prescriptions, querySpaceUid=<gen:6>, path=edu.ncsu.csc.itrust2.models.persistent.OfficeVisit.prescriptions)
             - (collection element) CollectionFetchableElementEntityGraph(entity=edu.ncsu.csc.itrust2.models.persistent.Prescription, querySpaceUid=<gen:7>, path=edu.ncsu.csc.itrust2.models.persistent.OfficeVisit.prescriptions.<elements>)
    - QuerySpaces
       - EntityQuerySpaceImpl(uid=<gen:0>, entity=edu.ncsu.csc.itrust2.models.persistent.OfficeVisit)
          - SQL table alias mapping - officevisi0_
          - alias suffix - 0_
          - suffixed key columns - {id1_10_0_}

00:38:23.893 [main] DEBUG o.h.loader.entity.plan.EntityLoader - Static select for entity edu.ncsu.csc.itrust2.models.persistent.OfficeVisit [UPGRADE_NOWAIT]: select officevisi0_.id as id1_10_0_, officevisi0_.appointment_id as appointm5_10_0_, officevisi0_.basichealthmetrics_id as basichea6_10_0_, officevisi0_.date as date2_10_0_, officevisi0_.hcp_id as hcp_id7_10_0_, officevisi0_.hospital_id as hospital8_10_0_, officevisi0_.notes as notes3_10_0_, officevisi0_.patient_id as patient_9_10_0_, officevisi0_.type as type4_10_0_ from OfficeVisits officevisi0_ where officevisi0_.id=? for update
00:38:23.893 [main] DEBUG o.h.l.p.b.i.spaces.QuerySpacesImpl - Adding QuerySpace : uid = <gen:0> -> org.hibernate.loader.plan.build.internal.spaces.EntityQuerySpaceImpl@31b6f172]
00:38:23.893 [main] DEBUG o.h.p.w.spi.MetamodelGraphWalker - Visiting attribute path : appointment
00:38:23.893 [main] DEBUG o.h.l.p.b.i.spaces.QuerySpacesImpl - Adding QuerySpace : uid = <gen:1> -> org.hibernate.loader.plan.build.internal.spaces.EntityQuerySpaceImpl@1afd773e]
00:38:23.894 [main] DEBUG o.h.p.w.spi.MetamodelGraphWalker - Visiting attribute path : basicHealthMetrics
00:38:23.894 [main] DEBUG o.h.l.p.b.i.spaces.QuerySpacesImpl - Adding QuerySpace : uid = <gen:2> -> org.hibernate.loader.plan.build.internal.spaces.EntityQuerySpaceImpl@65ba66d8]
00:38:23.894 [main] DEBUG o.h.p.w.spi.MetamodelGraphWalker - Visiting attribute path : date
00:38:23.894 [main] DEBUG o.h.p.w.spi.MetamodelGraphWalker - Visiting attribute path : hcp
00:38:23.894 [main] DEBUG o.h.l.p.b.i.spaces.QuerySpacesImpl - Adding QuerySpace : uid = <gen:3> -> org.hibernate.loader.plan.build.internal.spaces.EntityQuerySpaceImpl@6381267c]
00:38:23.894 [main] DEBUG o.h.p.w.spi.MetamodelGraphWalker - Visiting attribute path : hospital
00:38:23.894 [main] DEBUG o.h.l.p.b.i.spaces.QuerySpacesImpl - Adding QuerySpace : uid = <gen:4> -> org.hibernate.loader.plan.build.internal.spaces.EntityQuerySpaceImpl@66edaa01]
00:38:23.895 [main] DEBUG o.h.p.w.spi.MetamodelGraphWalker - Visiting attribute path : notes
00:38:23.895 [main] DEBUG o.h.p.w.spi.MetamodelGraphWalker - Visiting attribute path : patient
00:38:23.895 [main] DEBUG o.h.l.p.b.i.spaces.QuerySpacesImpl - Adding QuerySpace : uid = <gen:5> -> org.hibernate.loader.plan.build.internal.spaces.EntityQuerySpaceImpl@17586565]
00:38:23.895 [main] DEBUG o.h.p.w.spi.MetamodelGraphWalker - Visiting attribute path : prescriptions
00:38:23.895 [main] DEBUG o.h.l.p.b.i.spaces.QuerySpacesImpl - Adding QuerySpace : uid = <gen:6> -> org.hibernate.loader.plan.build.internal.spaces.CollectionQuerySpaceImpl@21e25df0]
00:38:23.895 [main] DEBUG o.h.l.p.b.i.spaces.QuerySpacesImpl - Adding QuerySpace : uid = <gen:7> -> org.hibernate.loader.plan.build.internal.spaces.EntityQuerySpaceImpl@4bba3d76]
00:38:23.896 [main] DEBUG o.h.p.w.spi.MetamodelGraphWalker - Visiting attribute path : type
00:38:23.896 [main] DEBUG o.h.l.p.b.i.FetchStyleLoadPlanBuildingAssociationVisitationStrategy - Building LoadPlan...
00:38:23.896 [main] DEBUG o.h.l.p.e.i.LoadQueryJoinAndFetchProcessor - processing queryspace <gen:0>
00:38:23.899 [main] DEBUG o.h.l.p.b.spi.LoadPlanTreePrinter - LoadPlan(entity=edu.ncsu.csc.itrust2.models.persistent.OfficeVisit)
    - Returns
       - EntityReturnImpl(entity=edu.ncsu.csc.itrust2.models.persistent.OfficeVisit, querySpaceUid=<gen:0>, path=edu.ncsu.csc.itrust2.models.persistent.OfficeVisit)
          - EntityAttributeFetchImpl(entity=edu.ncsu.csc.itrust2.models.persistent.AppointmentRequest, querySpaceUid=<gen:1>, path=edu.ncsu.csc.itrust2.models.persistent.OfficeVisit.appointment)
          - EntityAttributeFetchImpl(entity=edu.ncsu.csc.itrust2.models.persistent.BasicHealthMetrics, querySpaceUid=<gen:2>, path=edu.ncsu.csc.itrust2.models.persistent.OfficeVisit.basicHealthMetrics)
          - EntityAttributeFetchImpl(entity=edu.ncsu.csc.itrust2.models.persistent.User, querySpaceUid=<gen:3>, path=edu.ncsu.csc.itrust2.models.persistent.OfficeVisit.hcp)
          - EntityAttributeFetchImpl(entity=edu.ncsu.csc.itrust2.models.persistent.Hospital, querySpaceUid=<gen:4>, path=edu.ncsu.csc.itrust2.models.persistent.OfficeVisit.hospital)
          - EntityAttributeFetchImpl(entity=edu.ncsu.csc.itrust2.models.persistent.User, querySpaceUid=<gen:5>, path=edu.ncsu.csc.itrust2.models.persistent.OfficeVisit.patient)
          - CollectionAttributeFetchImpl(collection=edu.ncsu.csc.itrust2.models.persistent.OfficeVisit.prescriptions, querySpaceUid=<gen:6>, path=edu.ncsu.csc.itrust2.models.persistent.OfficeVisit.prescriptions)
             - (collection element) CollectionFetchableElementEntityGraph(entity=edu.ncsu.csc.itrust2.models.persistent.Prescription, querySpaceUid=<gen:7>, path=edu.ncsu.csc.itrust2.models.persistent.OfficeVisit.prescriptions.<elements>)
    - QuerySpaces
       - EntityQuerySpaceImpl(uid=<gen:0>, entity=edu.ncsu.csc.itrust2.models.persistent.OfficeVisit)
          - SQL table alias mapping - officevisi0_
          - alias suffix - 0_
          - suffixed key columns - {id1_10_0_}

00:38:23.899 [main] DEBUG o.h.loader.entity.plan.EntityLoader - Static select for entity edu.ncsu.csc.itrust2.models.persistent.OfficeVisit [UPGRADE_SKIPLOCKED]: select officevisi0_.id as id1_10_0_, officevisi0_.appointment_id as appointm5_10_0_, officevisi0_.basichealthmetrics_id as basichea6_10_0_, officevisi0_.date as date2_10_0_, officevisi0_.hcp_id as hcp_id7_10_0_, officevisi0_.hospital_id as hospital8_10_0_, officevisi0_.notes as notes3_10_0_, officevisi0_.patient_id as patient_9_10_0_, officevisi0_.type as type4_10_0_ from OfficeVisits officevisi0_ where officevisi0_.id=? for update
00:38:23.899 [main] DEBUG o.h.l.p.b.i.spaces.QuerySpacesImpl - Adding QuerySpace : uid = <gen:0> -> org.hibernate.loader.plan.build.internal.spaces.EntityQuerySpaceImpl@400c2ba2]
00:38:23.899 [main] DEBUG o.h.p.w.spi.MetamodelGraphWalker - Visiting attribute path : appointment
00:38:23.900 [main] DEBUG o.h.l.p.b.i.spaces.QuerySpacesImpl - Adding QuerySpace : uid = <gen:1> -> org.hibernate.loader.plan.build.internal.spaces.EntityQuerySpaceImpl@2795cf23]
00:38:23.900 [main] DEBUG o.h.p.w.spi.MetamodelGraphWalker - Visiting attribute path : basicHealthMetrics
00:38:23.900 [main] DEBUG o.h.l.p.b.i.spaces.QuerySpacesImpl - Adding QuerySpace : uid = <gen:2> -> org.hibernate.loader.plan.build.internal.spaces.EntityQuerySpaceImpl@3d5e072a]
00:38:23.900 [main] DEBUG o.h.p.w.spi.MetamodelGraphWalker - Visiting attribute path : date
00:38:23.900 [main] DEBUG o.h.p.w.spi.MetamodelGraphWalker - Visiting attribute path : hcp
00:38:23.900 [main] DEBUG o.h.l.p.b.i.spaces.QuerySpacesImpl - Adding QuerySpace : uid = <gen:3> -> org.hibernate.loader.plan.build.internal.spaces.EntityQuerySpaceImpl@1c2e6a18]
00:38:23.900 [main] DEBUG o.h.p.w.spi.MetamodelGraphWalker - Visiting attribute path : hospital
00:38:23.900 [main] DEBUG o.h.l.p.b.i.spaces.QuerySpacesImpl - Adding QuerySpace : uid = <gen:4> -> org.hibernate.loader.plan.build.internal.spaces.EntityQuerySpaceImpl@50a5eb53]
00:38:23.900 [main] DEBUG o.h.p.w.spi.MetamodelGraphWalker - Visiting attribute path : notes
00:38:23.900 [main] DEBUG o.h.p.w.spi.MetamodelGraphWalker - Visiting attribute path : patient
00:38:23.900 [main] DEBUG o.h.l.p.b.i.spaces.QuerySpacesImpl - Adding QuerySpace : uid = <gen:5> -> org.hibernate.loader.plan.build.internal.spaces.EntityQuerySpaceImpl@5940dab3]
00:38:23.900 [main] DEBUG o.h.p.w.spi.MetamodelGraphWalker - Visiting attribute path : prescriptions
00:38:23.900 [main] DEBUG o.h.l.p.b.i.spaces.QuerySpacesImpl - Adding QuerySpace : uid = <gen:6> -> org.hibernate.loader.plan.build.internal.spaces.CollectionQuerySpaceImpl@14eae1e6]
00:38:23.900 [main] DEBUG o.h.l.p.b.i.spaces.QuerySpacesImpl - Adding QuerySpace : uid = <gen:7> -> org.hibernate.loader.plan.build.internal.spaces.EntityQuerySpaceImpl@7bfb27c9]
00:38:23.900 [main] DEBUG o.h.p.w.spi.MetamodelGraphWalker - Visiting attribute path : type
00:38:23.900 [main] DEBUG o.h.l.p.b.i.FetchStyleLoadPlanBuildingAssociationVisitationStrategy - Building LoadPlan...
00:38:23.901 [main] DEBUG o.h.l.p.e.i.LoadQueryJoinAndFetchProcessor - processing queryspace <gen:0>
00:38:23.901 [main] DEBUG o.h.l.p.b.spi.LoadPlanTreePrinter - LoadPlan(entity=edu.ncsu.csc.itrust2.models.persistent.OfficeVisit)
    - Returns
       - EntityReturnImpl(entity=edu.ncsu.csc.itrust2.models.persistent.OfficeVisit, querySpaceUid=<gen:0>, path=edu.ncsu.csc.itrust2.models.persistent.OfficeVisit)
          - EntityAttributeFetchImpl(entity=edu.ncsu.csc.itrust2.models.persistent.AppointmentRequest, querySpaceUid=<gen:1>, path=edu.ncsu.csc.itrust2.models.persistent.OfficeVisit.appointment)
          - EntityAttributeFetchImpl(entity=edu.ncsu.csc.itrust2.models.persistent.BasicHealthMetrics, querySpaceUid=<gen:2>, path=edu.ncsu.csc.itrust2.models.persistent.OfficeVisit.basicHealthMetrics)
          - EntityAttributeFetchImpl(entity=edu.ncsu.csc.itrust2.models.persistent.User, querySpaceUid=<gen:3>, path=edu.ncsu.csc.itrust2.models.persistent.OfficeVisit.hcp)
          - EntityAttributeFetchImpl(entity=edu.ncsu.csc.itrust2.models.persistent.Hospital, querySpaceUid=<gen:4>, path=edu.ncsu.csc.itrust2.models.persistent.OfficeVisit.hospital)
          - EntityAttributeFetchImpl(entity=edu.ncsu.csc.itrust2.models.persistent.User, querySpaceUid=<gen:5>, path=edu.ncsu.csc.itrust2.models.persistent.OfficeVisit.patient)
          - CollectionAttributeFetchImpl(collection=edu.ncsu.csc.itrust2.models.persistent.OfficeVisit.prescriptions, querySpaceUid=<gen:6>, path=edu.ncsu.csc.itrust2.models.persistent.OfficeVisit.prescriptions)
             - (collection element) CollectionFetchableElementEntityGraph(entity=edu.ncsu.csc.itrust2.models.persistent.Prescription, querySpaceUid=<gen:7>, path=edu.ncsu.csc.itrust2.models.persistent.OfficeVisit.prescriptions.<elements>)
    - QuerySpaces
       - EntityQuerySpaceImpl(uid=<gen:0>, entity=edu.ncsu.csc.itrust2.models.persistent.OfficeVisit)
          - SQL table alias mapping - officevisi0_
          - alias suffix - 0_
          - suffixed key columns - {id1_10_0_}

00:38:23.901 [main] DEBUG o.h.loader.entity.plan.EntityLoader - Static select for entity edu.ncsu.csc.itrust2.models.persistent.OfficeVisit [FORCE]: select officevisi0_.id as id1_10_0_, officevisi0_.appointment_id as appointm5_10_0_, officevisi0_.basichealthmetrics_id as basichea6_10_0_, officevisi0_.date as date2_10_0_, officevisi0_.hcp_id as hcp_id7_10_0_, officevisi0_.hospital_id as hospital8_10_0_, officevisi0_.notes as notes3_10_0_, officevisi0_.patient_id as patient_9_10_0_, officevisi0_.type as type4_10_0_ from OfficeVisits officevisi0_ where officevisi0_.id=? for update
00:38:23.901 [main] DEBUG o.h.l.p.b.i.spaces.QuerySpacesImpl - Adding QuerySpace : uid = <gen:0> -> org.hibernate.loader.plan.build.internal.spaces.EntityQuerySpaceImpl@47bb496]
00:38:23.901 [main] DEBUG o.h.p.w.spi.MetamodelGraphWalker - Visiting attribute path : appointment
00:38:23.902 [main] DEBUG o.h.l.p.b.i.spaces.QuerySpacesImpl - Adding QuerySpace : uid = <gen:1> -> org.hibernate.loader.plan.build.internal.spaces.EntityQuerySpaceImpl@18975ca9]
00:38:23.902 [main] DEBUG o.h.p.w.spi.MetamodelGraphWalker - Visiting attribute path : basicHealthMetrics
00:38:23.902 [main] DEBUG o.h.l.p.b.i.spaces.QuerySpacesImpl - Adding QuerySpace : uid = <gen:2> -> org.hibernate.loader.plan.build.internal.spaces.EntityQuerySpaceImpl@3a70f51d]
00:38:23.902 [main] DEBUG o.h.p.w.spi.MetamodelGraphWalker - Visiting attribute path : date
00:38:23.902 [main] DEBUG o.h.p.w.spi.MetamodelGraphWalker - Visiting attribute path : hcp
00:38:23.902 [main] DEBUG o.h.l.p.b.i.spaces.QuerySpacesImpl - Adding QuerySpace : uid = <gen:3> -> org.hibernate.loader.plan.build.internal.spaces.EntityQuerySpaceImpl@63f629c1]
00:38:23.902 [main] DEBUG o.h.p.w.spi.MetamodelGraphWalker - Visiting attribute path : hospital
00:38:23.903 [main] DEBUG o.h.l.p.b.i.spaces.QuerySpacesImpl - Adding QuerySpace : uid = <gen:4> -> org.hibernate.loader.plan.build.internal.spaces.EntityQuerySpaceImpl@33883864]
00:38:23.903 [main] DEBUG o.h.p.w.spi.MetamodelGraphWalker - Visiting attribute path : notes
00:38:23.903 [main] DEBUG o.h.p.w.spi.MetamodelGraphWalker - Visiting attribute path : patient
00:38:23.903 [main] DEBUG o.h.l.p.b.i.spaces.QuerySpacesImpl - Adding QuerySpace : uid = <gen:5> -> org.hibernate.loader.plan.build.internal.spaces.EntityQuerySpaceImpl@115858a8]
00:38:23.903 [main] DEBUG o.h.p.w.spi.MetamodelGraphWalker - Visiting attribute path : prescriptions
00:38:23.903 [main] DEBUG o.h.l.p.b.i.spaces.QuerySpacesImpl - Adding QuerySpace : uid = <gen:6> -> org.hibernate.loader.plan.build.internal.spaces.CollectionQuerySpaceImpl@2c3d8f83]
00:38:23.903 [main] DEBUG o.h.l.p.b.i.spaces.QuerySpacesImpl - Adding QuerySpace : uid = <gen:7> -> org.hibernate.loader.plan.build.internal.spaces.EntityQuerySpaceImpl@7e5713e4]
00:38:23.903 [main] DEBUG o.h.p.w.spi.MetamodelGraphWalker - Visiting attribute path : type
00:38:23.903 [main] DEBUG o.h.l.p.b.i.FetchStyleLoadPlanBuildingAssociationVisitationStrategy - Building LoadPlan...
00:38:23.903 [main] DEBUG o.h.l.p.e.i.LoadQueryJoinAndFetchProcessor - processing queryspace <gen:0>
00:38:23.904 [main] DEBUG o.h.l.p.b.spi.LoadPlanTreePrinter - LoadPlan(entity=edu.ncsu.csc.itrust2.models.persistent.OfficeVisit)
    - Returns
       - EntityReturnImpl(entity=edu.ncsu.csc.itrust2.models.persistent.OfficeVisit, querySpaceUid=<gen:0>, path=edu.ncsu.csc.itrust2.models.persistent.OfficeVisit)
          - EntityAttributeFetchImpl(entity=edu.ncsu.csc.itrust2.models.persistent.AppointmentRequest, querySpaceUid=<gen:1>, path=edu.ncsu.csc.itrust2.models.persistent.OfficeVisit.appointment)
          - EntityAttributeFetchImpl(entity=edu.ncsu.csc.itrust2.models.persistent.BasicHealthMetrics, querySpaceUid=<gen:2>, path=edu.ncsu.csc.itrust2.models.persistent.OfficeVisit.basicHealthMetrics)
          - EntityAttributeFetchImpl(entity=edu.ncsu.csc.itrust2.models.persistent.User, querySpaceUid=<gen:3>, path=edu.ncsu.csc.itrust2.models.persistent.OfficeVisit.hcp)
          - EntityAttributeFetchImpl(entity=edu.ncsu.csc.itrust2.models.persistent.Hospital, querySpaceUid=<gen:4>, path=edu.ncsu.csc.itrust2.models.persistent.OfficeVisit.hospital)
          - EntityAttributeFetchImpl(entity=edu.ncsu.csc.itrust2.models.persistent.User, querySpaceUid=<gen:5>, path=edu.ncsu.csc.itrust2.models.persistent.OfficeVisit.patient)
          - CollectionAttributeFetchImpl(collection=edu.ncsu.csc.itrust2.models.persistent.OfficeVisit.prescriptions, querySpaceUid=<gen:6>, path=edu.ncsu.csc.itrust2.models.persistent.OfficeVisit.prescriptions)
             - (collection element) CollectionFetchableElementEntityGraph(entity=edu.ncsu.csc.itrust2.models.persistent.Prescription, querySpaceUid=<gen:7>, path=edu.ncsu.csc.itrust2.models.persistent.OfficeVisit.prescriptions.<elements>)
    - QuerySpaces
       - EntityQuerySpaceImpl(uid=<gen:0>, entity=edu.ncsu.csc.itrust2.models.persistent.OfficeVisit)
          - SQL table alias mapping - officevisi0_
          - alias suffix - 0_
          - suffixed key columns - {id1_10_0_}

00:38:23.904 [main] DEBUG o.h.loader.entity.plan.EntityLoader - Static select for entity edu.ncsu.csc.itrust2.models.persistent.OfficeVisit [PESSIMISTIC_READ]: select officevisi0_.id as id1_10_0_, officevisi0_.appointment_id as appointm5_10_0_, officevisi0_.basichealthmetrics_id as basichea6_10_0_, officevisi0_.date as date2_10_0_, officevisi0_.hcp_id as hcp_id7_10_0_, officevisi0_.hospital_id as hospital8_10_0_, officevisi0_.notes as notes3_10_0_, officevisi0_.patient_id as patient_9_10_0_, officevisi0_.type as type4_10_0_ from OfficeVisits officevisi0_ where officevisi0_.id=? lock in share mode
00:38:23.904 [main] DEBUG o.h.l.p.b.i.spaces.QuerySpacesImpl - Adding QuerySpace : uid = <gen:0> -> org.hibernate.loader.plan.build.internal.spaces.EntityQuerySpaceImpl@c6e5f52]
00:38:23.904 [main] DEBUG o.h.p.w.spi.MetamodelGraphWalker - Visiting attribute path : appointment
00:38:23.904 [main] DEBUG o.h.l.p.b.i.spaces.QuerySpacesImpl - Adding QuerySpace : uid = <gen:1> -> org.hibernate.loader.plan.build.internal.spaces.EntityQuerySpaceImpl@1f21068f]
00:38:23.905 [main] DEBUG o.h.p.w.spi.MetamodelGraphWalker - Visiting attribute path : basicHealthMetrics
00:38:23.905 [main] DEBUG o.h.l.p.b.i.spaces.QuerySpacesImpl - Adding QuerySpace : uid = <gen:2> -> org.hibernate.loader.plan.build.internal.spaces.EntityQuerySpaceImpl@59affebc]
00:38:23.905 [main] DEBUG o.h.p.w.spi.MetamodelGraphWalker - Visiting attribute path : date
00:38:23.905 [main] DEBUG o.h.p.w.spi.MetamodelGraphWalker - Visiting attribute path : hcp
00:38:23.905 [main] DEBUG o.h.l.p.b.i.spaces.QuerySpacesImpl - Adding QuerySpace : uid = <gen:3> -> org.hibernate.loader.plan.build.internal.spaces.EntityQuerySpaceImpl@27c5ae14]
00:38:23.905 [main] DEBUG o.h.p.w.spi.MetamodelGraphWalker - Visiting attribute path : hospital
00:38:23.905 [main] DEBUG o.h.l.p.b.i.spaces.QuerySpacesImpl - Adding QuerySpace : uid = <gen:4> -> org.hibernate.loader.plan.build.internal.spaces.EntityQuerySpaceImpl@7ee7f230]
00:38:23.908 [main] DEBUG o.h.p.w.spi.MetamodelGraphWalker - Visiting attribute path : notes
00:38:23.908 [main] DEBUG o.h.p.w.spi.MetamodelGraphWalker - Visiting attribute path : patient
00:38:23.908 [main] DEBUG o.h.l.p.b.i.spaces.QuerySpacesImpl - Adding QuerySpace : uid = <gen:5> -> org.hibernate.loader.plan.build.internal.spaces.EntityQuerySpaceImpl@69e5961d]
00:38:23.908 [main] DEBUG o.h.p.w.spi.MetamodelGraphWalker - Visiting attribute path : prescriptions
00:38:23.908 [main] DEBUG o.h.l.p.b.i.spaces.QuerySpacesImpl - Adding QuerySpace : uid = <gen:6> -> org.hibernate.loader.plan.build.internal.spaces.CollectionQuerySpaceImpl@4f99df83]
00:38:23.908 [main] DEBUG o.h.l.p.b.i.spaces.QuerySpacesImpl - Adding QuerySpace : uid = <gen:7> -> org.hibernate.loader.plan.build.internal.spaces.EntityQuerySpaceImpl@45a66d6a]
00:38:23.909 [main] DEBUG o.h.p.w.spi.MetamodelGraphWalker - Visiting attribute path : type
00:38:23.909 [main] DEBUG o.h.l.p.b.i.FetchStyleLoadPlanBuildingAssociationVisitationStrategy - Building LoadPlan...
00:38:23.909 [main] DEBUG o.h.l.p.e.i.LoadQueryJoinAndFetchProcessor - processing queryspace <gen:0>
00:38:23.909 [main] DEBUG o.h.l.p.b.spi.LoadPlanTreePrinter - LoadPlan(entity=edu.ncsu.csc.itrust2.models.persistent.OfficeVisit)
    - Returns
       - EntityReturnImpl(entity=edu.ncsu.csc.itrust2.models.persistent.OfficeVisit, querySpaceUid=<gen:0>, path=edu.ncsu.csc.itrust2.models.persistent.OfficeVisit)
          - EntityAttributeFetchImpl(entity=edu.ncsu.csc.itrust2.models.persistent.AppointmentRequest, querySpaceUid=<gen:1>, path=edu.ncsu.csc.itrust2.models.persistent.OfficeVisit.appointment)
          - EntityAttributeFetchImpl(entity=edu.ncsu.csc.itrust2.models.persistent.BasicHealthMetrics, querySpaceUid=<gen:2>, path=edu.ncsu.csc.itrust2.models.persistent.OfficeVisit.basicHealthMetrics)
          - EntityAttributeFetchImpl(entity=edu.ncsu.csc.itrust2.models.persistent.User, querySpaceUid=<gen:3>, path=edu.ncsu.csc.itrust2.models.persistent.OfficeVisit.hcp)
          - EntityAttributeFetchImpl(entity=edu.ncsu.csc.itrust2.models.persistent.Hospital, querySpaceUid=<gen:4>, path=edu.ncsu.csc.itrust2.models.persistent.OfficeVisit.hospital)
          - EntityAttributeFetchImpl(entity=edu.ncsu.csc.itrust2.models.persistent.User, querySpaceUid=<gen:5>, path=edu.ncsu.csc.itrust2.models.persistent.OfficeVisit.patient)
          - CollectionAttributeFetchImpl(collection=edu.ncsu.csc.itrust2.models.persistent.OfficeVisit.prescriptions, querySpaceUid=<gen:6>, path=edu.ncsu.csc.itrust2.models.persistent.OfficeVisit.prescriptions)
             - (collection element) CollectionFetchableElementEntityGraph(entity=edu.ncsu.csc.itrust2.models.persistent.Prescription, querySpaceUid=<gen:7>, path=edu.ncsu.csc.itrust2.models.persistent.OfficeVisit.prescriptions.<elements>)
    - QuerySpaces
       - EntityQuerySpaceImpl(uid=<gen:0>, entity=edu.ncsu.csc.itrust2.models.persistent.OfficeVisit)
          - SQL table alias mapping - officevisi0_
          - alias suffix - 0_
          - suffixed key columns - {id1_10_0_}

00:38:23.909 [main] DEBUG o.h.loader.entity.plan.EntityLoader - Static select for entity edu.ncsu.csc.itrust2.models.persistent.OfficeVisit [PESSIMISTIC_WRITE]: select officevisi0_.id as id1_10_0_, officevisi0_.appointment_id as appointm5_10_0_, officevisi0_.basichealthmetrics_id as basichea6_10_0_, officevisi0_.date as date2_10_0_, officevisi0_.hcp_id as hcp_id7_10_0_, officevisi0_.hospital_id as hospital8_10_0_, officevisi0_.notes as notes3_10_0_, officevisi0_.patient_id as patient_9_10_0_, officevisi0_.type as type4_10_0_ from OfficeVisits officevisi0_ where officevisi0_.id=? for update
00:38:23.909 [main] DEBUG o.h.l.p.b.i.spaces.QuerySpacesImpl - Adding QuerySpace : uid = <gen:0> -> org.hibernate.loader.plan.build.internal.spaces.EntityQuerySpaceImpl@491719c]
00:38:23.909 [main] DEBUG o.h.p.w.spi.MetamodelGraphWalker - Visiting attribute path : appointment
00:38:23.909 [main] DEBUG o.h.l.p.b.i.spaces.QuerySpacesImpl - Adding QuerySpace : uid = <gen:1> -> org.hibernate.loader.plan.build.internal.spaces.EntityQuerySpaceImpl@4065f019]
00:38:23.909 [main] DEBUG o.h.p.w.spi.MetamodelGraphWalker - Visiting attribute path : basicHealthMetrics
00:38:23.909 [main] DEBUG o.h.l.p.b.i.spaces.QuerySpacesImpl - Adding QuerySpace : uid = <gen:2> -> org.hibernate.loader.plan.build.internal.spaces.EntityQuerySpaceImpl@365e0842]
00:38:23.910 [main] DEBUG o.h.p.w.spi.MetamodelGraphWalker - Visiting attribute path : date
00:38:23.910 [main] DEBUG o.h.p.w.spi.MetamodelGraphWalker - Visiting attribute path : hcp
00:38:23.910 [main] DEBUG o.h.l.p.b.i.spaces.QuerySpacesImpl - Adding QuerySpace : uid = <gen:3> -> org.hibernate.loader.plan.build.internal.spaces.EntityQuerySpaceImpl@394c9284]
00:38:23.910 [main] DEBUG o.h.p.w.spi.MetamodelGraphWalker - Visiting attribute path : hospital
00:38:23.910 [main] DEBUG o.h.l.p.b.i.spaces.QuerySpacesImpl - Adding QuerySpace : uid = <gen:4> -> org.hibernate.loader.plan.build.internal.spaces.EntityQuerySpaceImpl@725575e2]
00:38:23.910 [main] DEBUG o.h.p.w.spi.MetamodelGraphWalker - Visiting attribute path : notes
00:38:23.910 [main] DEBUG o.h.p.w.spi.MetamodelGraphWalker - Visiting attribute path : patient
00:38:23.910 [main] DEBUG o.h.l.p.b.i.spaces.QuerySpacesImpl - Adding QuerySpace : uid = <gen:5> -> org.hibernate.loader.plan.build.internal.spaces.EntityQuerySpaceImpl@1ddfa689]
00:38:23.910 [main] DEBUG o.h.p.w.spi.MetamodelGraphWalker - Visiting attribute path : prescriptions
00:38:23.910 [main] DEBUG o.h.l.p.b.i.spaces.QuerySpacesImpl - Adding QuerySpace : uid = <gen:6> -> org.hibernate.loader.plan.build.internal.spaces.CollectionQuerySpaceImpl@5b85a168]
00:38:23.910 [main] DEBUG o.h.l.p.b.i.spaces.QuerySpacesImpl - Adding QuerySpace : uid = <gen:7> -> org.hibernate.loader.plan.build.internal.spaces.EntityQuerySpaceImpl@680c02e]
00:38:23.910 [main] DEBUG o.h.p.w.spi.MetamodelGraphWalker - Visiting attribute path : type
00:38:23.910 [main] DEBUG o.h.l.p.b.i.FetchStyleLoadPlanBuildingAssociationVisitationStrategy - Building LoadPlan...
00:38:23.910 [main] DEBUG o.h.l.p.e.i.LoadQueryJoinAndFetchProcessor - processing queryspace <gen:0>
00:38:23.911 [main] DEBUG o.h.l.p.b.spi.LoadPlanTreePrinter - LoadPlan(entity=edu.ncsu.csc.itrust2.models.persistent.OfficeVisit)
    - Returns
       - EntityReturnImpl(entity=edu.ncsu.csc.itrust2.models.persistent.OfficeVisit, querySpaceUid=<gen:0>, path=edu.ncsu.csc.itrust2.models.persistent.OfficeVisit)
          - EntityAttributeFetchImpl(entity=edu.ncsu.csc.itrust2.models.persistent.AppointmentRequest, querySpaceUid=<gen:1>, path=edu.ncsu.csc.itrust2.models.persistent.OfficeVisit.appointment)
          - EntityAttributeFetchImpl(entity=edu.ncsu.csc.itrust2.models.persistent.BasicHealthMetrics, querySpaceUid=<gen:2>, path=edu.ncsu.csc.itrust2.models.persistent.OfficeVisit.basicHealthMetrics)
          - EntityAttributeFetchImpl(entity=edu.ncsu.csc.itrust2.models.persistent.User, querySpaceUid=<gen:3>, path=edu.ncsu.csc.itrust2.models.persistent.OfficeVisit.hcp)
          - EntityAttributeFetchImpl(entity=edu.ncsu.csc.itrust2.models.persistent.Hospital, querySpaceUid=<gen:4>, path=edu.ncsu.csc.itrust2.models.persistent.OfficeVisit.hospital)
          - EntityAttributeFetchImpl(entity=edu.ncsu.csc.itrust2.models.persistent.User, querySpaceUid=<gen:5>, path=edu.ncsu.csc.itrust2.models.persistent.OfficeVisit.patient)
          - CollectionAttributeFetchImpl(collection=edu.ncsu.csc.itrust2.models.persistent.OfficeVisit.prescriptions, querySpaceUid=<gen:6>, path=edu.ncsu.csc.itrust2.models.persistent.OfficeVisit.prescriptions)
             - (collection element) CollectionFetchableElementEntityGraph(entity=edu.ncsu.csc.itrust2.models.persistent.Prescription, querySpaceUid=<gen:7>, path=edu.ncsu.csc.itrust2.models.persistent.OfficeVisit.prescriptions.<elements>)
    - QuerySpaces
       - EntityQuerySpaceImpl(uid=<gen:0>, entity=edu.ncsu.csc.itrust2.models.persistent.OfficeVisit)
          - SQL table alias mapping - officevisi0_
          - alias suffix - 0_
          - suffixed key columns - {id1_10_0_}

00:38:23.911 [main] DEBUG o.h.loader.entity.plan.EntityLoader - Static select for entity edu.ncsu.csc.itrust2.models.persistent.OfficeVisit [PESSIMISTIC_FORCE_INCREMENT]: select officevisi0_.id as id1_10_0_, officevisi0_.appointment_id as appointm5_10_0_, officevisi0_.basichealthmetrics_id as basichea6_10_0_, officevisi0_.date as date2_10_0_, officevisi0_.hcp_id as hcp_id7_10_0_, officevisi0_.hospital_id as hospital8_10_0_, officevisi0_.notes as notes3_10_0_, officevisi0_.patient_id as patient_9_10_0_, officevisi0_.type as type4_10_0_ from OfficeVisits officevisi0_ where officevisi0_.id=? for update
00:38:23.911 [main] DEBUG o.h.l.p.b.i.spaces.QuerySpacesImpl - Adding QuerySpace : uid = <gen:0> -> org.hibernate.loader.plan.build.internal.spaces.EntityQuerySpaceImpl@5fa34f79]
00:38:23.911 [main] DEBUG o.h.p.w.spi.MetamodelGraphWalker - Visiting attribute path : appointment
00:38:23.911 [main] DEBUG o.h.l.p.b.i.spaces.QuerySpacesImpl - Adding QuerySpace : uid = <gen:1> -> org.hibernate.loader.plan.build.internal.spaces.EntityQuerySpaceImpl@49503996]
00:38:23.911 [main] DEBUG o.h.p.w.spi.MetamodelGraphWalker - Visiting attribute path : basicHealthMetrics
00:38:23.911 [main] DEBUG o.h.l.p.b.i.spaces.QuerySpacesImpl - Adding QuerySpace : uid = <gen:2> -> org.hibernate.loader.plan.build.internal.spaces.EntityQuerySpaceImpl@49511122]
00:38:23.911 [main] DEBUG o.h.p.w.spi.MetamodelGraphWalker - Visiting attribute path : date
00:38:23.911 [main] DEBUG o.h.p.w.spi.MetamodelGraphWalker - Visiting attribute path : hcp
00:38:23.911 [main] DEBUG o.h.l.p.b.i.spaces.QuerySpacesImpl - Adding QuerySpace : uid = <gen:3> -> org.hibernate.loader.plan.build.internal.spaces.EntityQuerySpaceImpl@ccc47f6]
00:38:23.911 [main] DEBUG o.h.p.w.spi.MetamodelGraphWalker - Visiting attribute path : hospital
00:38:23.911 [main] DEBUG o.h.l.p.b.i.spaces.QuerySpacesImpl - Adding QuerySpace : uid = <gen:4> -> org.hibernate.loader.plan.build.internal.spaces.EntityQuerySpaceImpl@7196f094]
00:38:23.911 [main] DEBUG o.h.p.w.spi.MetamodelGraphWalker - Visiting attribute path : notes
00:38:23.911 [main] DEBUG o.h.p.w.spi.MetamodelGraphWalker - Visiting attribute path : patient
00:38:23.912 [main] DEBUG o.h.l.p.b.i.spaces.QuerySpacesImpl - Adding QuerySpace : uid = <gen:5> -> org.hibernate.loader.plan.build.internal.spaces.EntityQuerySpaceImpl@3942fbb9]
00:38:23.912 [main] DEBUG o.h.p.w.spi.MetamodelGraphWalker - Visiting attribute path : prescriptions
00:38:23.912 [main] DEBUG o.h.l.p.b.i.spaces.QuerySpacesImpl - Adding QuerySpace : uid = <gen:6> -> org.hibernate.loader.plan.build.internal.spaces.CollectionQuerySpaceImpl@785b35b2]
00:38:23.912 [main] DEBUG o.h.l.p.b.i.spaces.QuerySpacesImpl - Adding QuerySpace : uid = <gen:7> -> org.hibernate.loader.plan.build.internal.spaces.EntityQuerySpaceImpl@16c63eb8]
00:38:23.912 [main] DEBUG o.h.p.w.spi.MetamodelGraphWalker - Visiting attribute path : type
00:38:23.912 [main] DEBUG o.h.l.p.b.i.FetchStyleLoadPlanBuildingAssociationVisitationStrategy - Building LoadPlan...
00:38:23.912 [main] DEBUG o.h.l.p.e.i.LoadQueryJoinAndFetchProcessor - processing queryspace <gen:0>
00:38:23.913 [main] DEBUG o.h.l.p.b.spi.LoadPlanTreePrinter - LoadPlan(entity=edu.ncsu.csc.itrust2.models.persistent.OfficeVisit)
    - Returns
       - EntityReturnImpl(entity=edu.ncsu.csc.itrust2.models.persistent.OfficeVisit, querySpaceUid=<gen:0>, path=edu.ncsu.csc.itrust2.models.persistent.OfficeVisit)
          - EntityAttributeFetchImpl(entity=edu.ncsu.csc.itrust2.models.persistent.AppointmentRequest, querySpaceUid=<gen:1>, path=edu.ncsu.csc.itrust2.models.persistent.OfficeVisit.appointment)
          - EntityAttributeFetchImpl(entity=edu.ncsu.csc.itrust2.models.persistent.BasicHealthMetrics, querySpaceUid=<gen:2>, path=edu.ncsu.csc.itrust2.models.persistent.OfficeVisit.basicHealthMetrics)
          - EntityAttributeFetchImpl(entity=edu.ncsu.csc.itrust2.models.persistent.User, querySpaceUid=<gen:3>, path=edu.ncsu.csc.itrust2.models.persistent.OfficeVisit.hcp)
          - EntityAttributeFetchImpl(entity=edu.ncsu.csc.itrust2.models.persistent.Hospital, querySpaceUid=<gen:4>, path=edu.ncsu.csc.itrust2.models.persistent.OfficeVisit.hospital)
          - EntityAttributeFetchImpl(entity=edu.ncsu.csc.itrust2.models.persistent.User, querySpaceUid=<gen:5>, path=edu.ncsu.csc.itrust2.models.persistent.OfficeVisit.patient)
          - CollectionAttributeFetchImpl(collection=edu.ncsu.csc.itrust2.models.persistent.OfficeVisit.prescriptions, querySpaceUid=<gen:6>, path=edu.ncsu.csc.itrust2.models.persistent.OfficeVisit.prescriptions)
             - (collection element) CollectionFetchableElementEntityGraph(entity=edu.ncsu.csc.itrust2.models.persistent.Prescription, querySpaceUid=<gen:7>, path=edu.ncsu.csc.itrust2.models.persistent.OfficeVisit.prescriptions.<elements>)
    - QuerySpaces
       - EntityQuerySpaceImpl(uid=<gen:0>, entity=edu.ncsu.csc.itrust2.models.persistent.OfficeVisit)
          - SQL table alias mapping - officevisi0_
          - alias suffix - 0_
          - suffixed key columns - {id1_10_0_}

00:38:23.913 [main] DEBUG o.h.loader.entity.plan.EntityLoader - Static select for entity edu.ncsu.csc.itrust2.models.persistent.OfficeVisit [OPTIMISTIC]: select officevisi0_.id as id1_10_0_, officevisi0_.appointment_id as appointm5_10_0_, officevisi0_.basichealthmetrics_id as basichea6_10_0_, officevisi0_.date as date2_10_0_, officevisi0_.hcp_id as hcp_id7_10_0_, officevisi0_.hospital_id as hospital8_10_0_, officevisi0_.notes as notes3_10_0_, officevisi0_.patient_id as patient_9_10_0_, officevisi0_.type as type4_10_0_ from OfficeVisits officevisi0_ where officevisi0_.id=?
00:38:23.913 [main] DEBUG o.h.l.p.b.i.spaces.QuerySpacesImpl - Adding QuerySpace : uid = <gen:0> -> org.hibernate.loader.plan.build.internal.spaces.EntityQuerySpaceImpl@50927ea4]
00:38:23.913 [main] DEBUG o.h.p.w.spi.MetamodelGraphWalker - Visiting attribute path : appointment
00:38:23.913 [main] DEBUG o.h.l.p.b.i.spaces.QuerySpacesImpl - Adding QuerySpace : uid = <gen:1> -> org.hibernate.loader.plan.build.internal.spaces.EntityQuerySpaceImpl@5ff494ff]
00:38:23.913 [main] DEBUG o.h.p.w.spi.MetamodelGraphWalker - Visiting attribute path : basicHealthMetrics
00:38:23.914 [main] DEBUG o.h.l.p.b.i.spaces.QuerySpacesImpl - Adding QuerySpace : uid = <gen:2> -> org.hibernate.loader.plan.build.internal.spaces.EntityQuerySpaceImpl@78e05247]
00:38:23.914 [main] DEBUG o.h.p.w.spi.MetamodelGraphWalker - Visiting attribute path : date
00:38:23.914 [main] DEBUG o.h.p.w.spi.MetamodelGraphWalker - Visiting attribute path : hcp
00:38:23.914 [main] DEBUG o.h.l.p.b.i.spaces.QuerySpacesImpl - Adding QuerySpace : uid = <gen:3> -> org.hibernate.loader.plan.build.internal.spaces.EntityQuerySpaceImpl@3b4464a1]
00:38:23.914 [main] DEBUG o.h.p.w.spi.MetamodelGraphWalker - Visiting attribute path : hospital
00:38:23.914 [main] DEBUG o.h.l.p.b.i.spaces.QuerySpacesImpl - Adding QuerySpace : uid = <gen:4> -> org.hibernate.loader.plan.build.internal.spaces.EntityQuerySpaceImpl@5bc629cd]
00:38:23.914 [main] DEBUG o.h.p.w.spi.MetamodelGraphWalker - Visiting attribute path : notes
00:38:23.914 [main] DEBUG o.h.p.w.spi.MetamodelGraphWalker - Visiting attribute path : patient
00:38:23.914 [main] DEBUG o.h.l.p.b.i.spaces.QuerySpacesImpl - Adding QuerySpace : uid = <gen:5> -> org.hibernate.loader.plan.build.internal.spaces.EntityQuerySpaceImpl@206e1d26]
00:38:23.914 [main] DEBUG o.h.p.w.spi.MetamodelGraphWalker - Visiting attribute path : prescriptions
00:38:23.914 [main] DEBUG o.h.l.p.b.i.spaces.QuerySpacesImpl - Adding QuerySpace : uid = <gen:6> -> org.hibernate.loader.plan.build.internal.spaces.CollectionQuerySpaceImpl@5a661106]
00:38:23.914 [main] DEBUG o.h.l.p.b.i.spaces.QuerySpacesImpl - Adding QuerySpace : uid = <gen:7> -> org.hibernate.loader.plan.build.internal.spaces.EntityQuerySpaceImpl@429f0787]
00:38:23.914 [main] DEBUG o.h.p.w.spi.MetamodelGraphWalker - Visiting attribute path : type
00:38:23.914 [main] DEBUG o.h.l.p.b.i.FetchStyleLoadPlanBuildingAssociationVisitationStrategy - Building LoadPlan...
00:38:23.915 [main] DEBUG o.h.l.p.e.i.LoadQueryJoinAndFetchProcessor - processing queryspace <gen:0>
00:38:23.915 [main] DEBUG o.h.l.p.b.spi.LoadPlanTreePrinter - LoadPlan(entity=edu.ncsu.csc.itrust2.models.persistent.OfficeVisit)
    - Returns
       - EntityReturnImpl(entity=edu.ncsu.csc.itrust2.models.persistent.OfficeVisit, querySpaceUid=<gen:0>, path=edu.ncsu.csc.itrust2.models.persistent.OfficeVisit)
          - EntityAttributeFetchImpl(entity=edu.ncsu.csc.itrust2.models.persistent.AppointmentRequest, querySpaceUid=<gen:1>, path=edu.ncsu.csc.itrust2.models.persistent.OfficeVisit.appointment)
          - EntityAttributeFetchImpl(entity=edu.ncsu.csc.itrust2.models.persistent.BasicHealthMetrics, querySpaceUid=<gen:2>, path=edu.ncsu.csc.itrust2.models.persistent.OfficeVisit.basicHealthMetrics)
          - EntityAttributeFetchImpl(entity=edu.ncsu.csc.itrust2.models.persistent.User, querySpaceUid=<gen:3>, path=edu.ncsu.csc.itrust2.models.persistent.OfficeVisit.hcp)
          - EntityAttributeFetchImpl(entity=edu.ncsu.csc.itrust2.models.persistent.Hospital, querySpaceUid=<gen:4>, path=edu.ncsu.csc.itrust2.models.persistent.OfficeVisit.hospital)
          - EntityAttributeFetchImpl(entity=edu.ncsu.csc.itrust2.models.persistent.User, querySpaceUid=<gen:5>, path=edu.ncsu.csc.itrust2.models.persistent.OfficeVisit.patient)
          - CollectionAttributeFetchImpl(collection=edu.ncsu.csc.itrust2.models.persistent.OfficeVisit.prescriptions, querySpaceUid=<gen:6>, path=edu.ncsu.csc.itrust2.models.persistent.OfficeVisit.prescriptions)
             - (collection element) CollectionFetchableElementEntityGraph(entity=edu.ncsu.csc.itrust2.models.persistent.Prescription, querySpaceUid=<gen:7>, path=edu.ncsu.csc.itrust2.models.persistent.OfficeVisit.prescriptions.<elements>)
    - QuerySpaces
       - EntityQuerySpaceImpl(uid=<gen:0>, entity=edu.ncsu.csc.itrust2.models.persistent.OfficeVisit)
          - SQL table alias mapping - officevisi0_
          - alias suffix - 0_
          - suffixed key columns - {id1_10_0_}

00:38:23.915 [main] DEBUG o.h.loader.entity.plan.EntityLoader - Static select for entity edu.ncsu.csc.itrust2.models.persistent.OfficeVisit [OPTIMISTIC_FORCE_INCREMENT]: select officevisi0_.id as id1_10_0_, officevisi0_.appointment_id as appointm5_10_0_, officevisi0_.basichealthmetrics_id as basichea6_10_0_, officevisi0_.date as date2_10_0_, officevisi0_.hcp_id as hcp_id7_10_0_, officevisi0_.hospital_id as hospital8_10_0_, officevisi0_.notes as notes3_10_0_, officevisi0_.patient_id as patient_9_10_0_, officevisi0_.type as type4_10_0_ from OfficeVisits officevisi0_ where officevisi0_.id=?
00:38:23.915 [main] DEBUG org.hibernate.loader.Loader - Static select for action ACTION_MERGE on entity edu.ncsu.csc.itrust2.models.persistent.OfficeVisit: select officevisi0_.id as id1_10_0_, officevisi0_.appointment_id as appointm5_10_0_, officevisi0_.basichealthmetrics_id as basichea6_10_0_, officevisi0_.date as date2_10_0_, officevisi0_.hcp_id as hcp_id7_10_0_, officevisi0_.hospital_id as hospital8_10_0_, officevisi0_.notes as notes3_10_0_, officevisi0_.patient_id as patient_9_10_0_, officevisi0_.type as type4_10_0_ from OfficeVisits officevisi0_ where officevisi0_.id=?
00:38:23.916 [main] DEBUG org.hibernate.loader.Loader - Static select for action ACTION_REFRESH on entity edu.ncsu.csc.itrust2.models.persistent.OfficeVisit: select officevisi0_.id as id1_10_0_, officevisi0_.appointment_id as appointm5_10_0_, officevisi0_.basichealthmetrics_id as basichea6_10_0_, officevisi0_.date as date2_10_0_, officevisi0_.hcp_id as hcp_id7_10_0_, officevisi0_.hospital_id as hospital8_10_0_, officevisi0_.notes as notes3_10_0_, officevisi0_.patient_id as patient_9_10_0_, officevisi0_.type as type4_10_0_ from OfficeVisits officevisi0_ where officevisi0_.id=?
00:38:23.916 [main] DEBUG o.h.p.entity.AbstractEntityPersister - Static SQL for entity: edu.ncsu.csc.itrust2.models.persistent.Drug
00:38:23.916 [main] DEBUG o.h.p.entity.AbstractEntityPersister -  Version select: select id from Drugs where id =?
00:38:23.916 [main] DEBUG o.h.p.entity.AbstractEntityPersister -  Snapshot select: select drug_.id, drug_.code as code2_3_, drug_.description as descript3_3_, drug_.name as name4_3_ from Drugs drug_ where drug_.id=?
00:38:23.916 [main] DEBUG o.h.p.entity.AbstractEntityPersister -  Insert 0: insert into Drugs (code, description, name, id) values (?, ?, ?, ?)
00:38:23.916 [main] DEBUG o.h.p.entity.AbstractEntityPersister -  Update 0: update Drugs set code=?, description=?, name=? where id=?
00:38:23.916 [main] DEBUG o.h.p.entity.AbstractEntityPersister -  Delete 0: delete from Drugs where id=?
00:38:23.916 [main] DEBUG o.h.l.p.b.i.spaces.QuerySpacesImpl - Adding QuerySpace : uid = <gen:0> -> org.hibernate.loader.plan.build.internal.spaces.EntityQuerySpaceImpl@287dc658]
00:38:23.916 [main] DEBUG o.h.p.w.spi.MetamodelGraphWalker - Visiting attribute path : code
00:38:23.916 [main] DEBUG o.h.p.w.spi.MetamodelGraphWalker - Visiting attribute path : description
00:38:23.916 [main] DEBUG o.h.p.w.spi.MetamodelGraphWalker - Visiting attribute path : name
00:38:23.916 [main] DEBUG o.h.l.p.b.i.FetchStyleLoadPlanBuildingAssociationVisitationStrategy - Building LoadPlan...
00:38:23.916 [main] DEBUG o.h.l.p.e.i.LoadQueryJoinAndFetchProcessor - processing queryspace <gen:0>
00:38:23.916 [main] DEBUG o.h.l.p.b.spi.LoadPlanTreePrinter - LoadPlan(entity=edu.ncsu.csc.itrust2.models.persistent.Drug)
    - Returns
       - EntityReturnImpl(entity=edu.ncsu.csc.itrust2.models.persistent.Drug, querySpaceUid=<gen:0>, path=edu.ncsu.csc.itrust2.models.persistent.Drug)
    - QuerySpaces
       - EntityQuerySpaceImpl(uid=<gen:0>, entity=edu.ncsu.csc.itrust2.models.persistent.Drug)
          - SQL table alias mapping - drug0_
          - alias suffix - 0_
          - suffixed key columns - {id1_3_0_}

00:38:23.917 [main] DEBUG o.h.loader.entity.plan.EntityLoader - Static select for entity edu.ncsu.csc.itrust2.models.persistent.Drug [NONE]: select drug0_.id as id1_3_0_, drug0_.code as code2_3_0_, drug0_.description as descript3_3_0_, drug0_.name as name4_3_0_ from Drugs drug0_ where drug0_.id=?
00:38:23.917 [main] DEBUG o.h.l.p.b.i.spaces.QuerySpacesImpl - Adding QuerySpace : uid = <gen:0> -> org.hibernate.loader.plan.build.internal.spaces.EntityQuerySpaceImpl@122eb97e]
00:38:23.917 [main] DEBUG o.h.p.w.spi.MetamodelGraphWalker - Visiting attribute path : code
00:38:23.917 [main] DEBUG o.h.p.w.spi.MetamodelGraphWalker - Visiting attribute path : description
00:38:23.917 [main] DEBUG o.h.p.w.spi.MetamodelGraphWalker - Visiting attribute path : name
00:38:23.917 [main] DEBUG o.h.l.p.b.i.FetchStyleLoadPlanBuildingAssociationVisitationStrategy - Building LoadPlan...
00:38:23.917 [main] DEBUG o.h.l.p.e.i.LoadQueryJoinAndFetchProcessor - processing queryspace <gen:0>
00:38:23.917 [main] DEBUG o.h.l.p.b.spi.LoadPlanTreePrinter - LoadPlan(entity=edu.ncsu.csc.itrust2.models.persistent.Drug)
    - Returns
       - EntityReturnImpl(entity=edu.ncsu.csc.itrust2.models.persistent.Drug, querySpaceUid=<gen:0>, path=edu.ncsu.csc.itrust2.models.persistent.Drug)
    - QuerySpaces
       - EntityQuerySpaceImpl(uid=<gen:0>, entity=edu.ncsu.csc.itrust2.models.persistent.Drug)
          - SQL table alias mapping - drug0_
          - alias suffix - 0_
          - suffixed key columns - {id1_3_0_}

00:38:23.918 [main] DEBUG o.h.loader.entity.plan.EntityLoader - Static select for entity edu.ncsu.csc.itrust2.models.persistent.Drug [READ]: select drug0_.id as id1_3_0_, drug0_.code as code2_3_0_, drug0_.description as descript3_3_0_, drug0_.name as name4_3_0_ from Drugs drug0_ where drug0_.id=?
00:38:23.918 [main] DEBUG o.h.l.p.b.i.spaces.QuerySpacesImpl - Adding QuerySpace : uid = <gen:0> -> org.hibernate.loader.plan.build.internal.spaces.EntityQuerySpaceImpl@6ebe7bdb]
00:38:23.918 [main] DEBUG o.h.p.w.spi.MetamodelGraphWalker - Visiting attribute path : code
00:38:23.918 [main] DEBUG o.h.p.w.spi.MetamodelGraphWalker - Visiting attribute path : description
00:38:23.918 [main] DEBUG o.h.p.w.spi.MetamodelGraphWalker - Visiting attribute path : name
00:38:23.918 [main] DEBUG o.h.l.p.b.i.FetchStyleLoadPlanBuildingAssociationVisitationStrategy - Building LoadPlan...
00:38:23.918 [main] DEBUG o.h.l.p.e.i.LoadQueryJoinAndFetchProcessor - processing queryspace <gen:0>
00:38:23.919 [main] DEBUG o.h.l.p.b.spi.LoadPlanTreePrinter - LoadPlan(entity=edu.ncsu.csc.itrust2.models.persistent.Drug)
    - Returns
       - EntityReturnImpl(entity=edu.ncsu.csc.itrust2.models.persistent.Drug, querySpaceUid=<gen:0>, path=edu.ncsu.csc.itrust2.models.persistent.Drug)
    - QuerySpaces
       - EntityQuerySpaceImpl(uid=<gen:0>, entity=edu.ncsu.csc.itrust2.models.persistent.Drug)
          - SQL table alias mapping - drug0_
          - alias suffix - 0_
          - suffixed key columns - {id1_3_0_}

00:38:23.919 [main] DEBUG o.h.loader.entity.plan.EntityLoader - Static select for entity edu.ncsu.csc.itrust2.models.persistent.Drug [UPGRADE]: select drug0_.id as id1_3_0_, drug0_.code as code2_3_0_, drug0_.description as descript3_3_0_, drug0_.name as name4_3_0_ from Drugs drug0_ where drug0_.id=? for update
00:38:23.919 [main] DEBUG o.h.l.p.b.i.spaces.QuerySpacesImpl - Adding QuerySpace : uid = <gen:0> -> org.hibernate.loader.plan.build.internal.spaces.EntityQuerySpaceImpl@22f72b40]
00:38:23.919 [main] DEBUG o.h.p.w.spi.MetamodelGraphWalker - Visiting attribute path : code
00:38:23.919 [main] DEBUG o.h.p.w.spi.MetamodelGraphWalker - Visiting attribute path : description
00:38:23.919 [main] DEBUG o.h.p.w.spi.MetamodelGraphWalker - Visiting attribute path : name
00:38:23.919 [main] DEBUG o.h.l.p.b.i.FetchStyleLoadPlanBuildingAssociationVisitationStrategy - Building LoadPlan...
00:38:23.919 [main] DEBUG o.h.l.p.e.i.LoadQueryJoinAndFetchProcessor - processing queryspace <gen:0>
00:38:23.920 [main] DEBUG o.h.l.p.b.spi.LoadPlanTreePrinter - LoadPlan(entity=edu.ncsu.csc.itrust2.models.persistent.Drug)
    - Returns
       - EntityReturnImpl(entity=edu.ncsu.csc.itrust2.models.persistent.Drug, querySpaceUid=<gen:0>, path=edu.ncsu.csc.itrust2.models.persistent.Drug)
    - QuerySpaces
       - EntityQuerySpaceImpl(uid=<gen:0>, entity=edu.ncsu.csc.itrust2.models.persistent.Drug)
          - SQL table alias mapping - drug0_
          - alias suffix - 0_
          - suffixed key columns - {id1_3_0_}

00:38:23.920 [main] DEBUG o.h.loader.entity.plan.EntityLoader - Static select for entity edu.ncsu.csc.itrust2.models.persistent.Drug [UPGRADE_NOWAIT]: select drug0_.id as id1_3_0_, drug0_.code as code2_3_0_, drug0_.description as descript3_3_0_, drug0_.name as name4_3_0_ from Drugs drug0_ where drug0_.id=? for update
00:38:23.920 [main] DEBUG o.h.l.p.b.i.spaces.QuerySpacesImpl - Adding QuerySpace : uid = <gen:0> -> org.hibernate.loader.plan.build.internal.spaces.EntityQuerySpaceImpl@2e10dea7]
00:38:23.920 [main] DEBUG o.h.p.w.spi.MetamodelGraphWalker - Visiting attribute path : code
00:38:23.920 [main] DEBUG o.h.p.w.spi.MetamodelGraphWalker - Visiting attribute path : description
00:38:23.920 [main] DEBUG o.h.p.w.spi.MetamodelGraphWalker - Visiting attribute path : name
00:38:23.920 [main] DEBUG o.h.l.p.b.i.FetchStyleLoadPlanBuildingAssociationVisitationStrategy - Building LoadPlan...
00:38:23.920 [main] DEBUG o.h.l.p.e.i.LoadQueryJoinAndFetchProcessor - processing queryspace <gen:0>
00:38:23.920 [main] DEBUG o.h.l.p.b.spi.LoadPlanTreePrinter - LoadPlan(entity=edu.ncsu.csc.itrust2.models.persistent.Drug)
    - Returns
       - EntityReturnImpl(entity=edu.ncsu.csc.itrust2.models.persistent.Drug, querySpaceUid=<gen:0>, path=edu.ncsu.csc.itrust2.models.persistent.Drug)
    - QuerySpaces
       - EntityQuerySpaceImpl(uid=<gen:0>, entity=edu.ncsu.csc.itrust2.models.persistent.Drug)
          - SQL table alias mapping - drug0_
          - alias suffix - 0_
          - suffixed key columns - {id1_3_0_}

00:38:23.920 [main] DEBUG o.h.loader.entity.plan.EntityLoader - Static select for entity edu.ncsu.csc.itrust2.models.persistent.Drug [UPGRADE_SKIPLOCKED]: select drug0_.id as id1_3_0_, drug0_.code as code2_3_0_, drug0_.description as descript3_3_0_, drug0_.name as name4_3_0_ from Drugs drug0_ where drug0_.id=? for update
00:38:23.920 [main] DEBUG o.h.l.p.b.i.spaces.QuerySpacesImpl - Adding QuerySpace : uid = <gen:0> -> org.hibernate.loader.plan.build.internal.spaces.EntityQuerySpaceImpl@5c44897e]
00:38:23.920 [main] DEBUG o.h.p.w.spi.MetamodelGraphWalker - Visiting attribute path : code
00:38:23.920 [main] DEBUG o.h.p.w.spi.MetamodelGraphWalker - Visiting attribute path : description
00:38:23.920 [main] DEBUG o.h.p.w.spi.MetamodelGraphWalker - Visiting attribute path : name
00:38:23.920 [main] DEBUG o.h.l.p.b.i.FetchStyleLoadPlanBuildingAssociationVisitationStrategy - Building LoadPlan...
00:38:23.921 [main] DEBUG o.h.l.p.e.i.LoadQueryJoinAndFetchProcessor - processing queryspace <gen:0>
00:38:23.921 [main] DEBUG o.h.l.p.b.spi.LoadPlanTreePrinter - LoadPlan(entity=edu.ncsu.csc.itrust2.models.persistent.Drug)
    - Returns
       - EntityReturnImpl(entity=edu.ncsu.csc.itrust2.models.persistent.Drug, querySpaceUid=<gen:0>, path=edu.ncsu.csc.itrust2.models.persistent.Drug)
    - QuerySpaces
       - EntityQuerySpaceImpl(uid=<gen:0>, entity=edu.ncsu.csc.itrust2.models.persistent.Drug)
          - SQL table alias mapping - drug0_
          - alias suffix - 0_
          - suffixed key columns - {id1_3_0_}

00:38:23.921 [main] DEBUG o.h.loader.entity.plan.EntityLoader - Static select for entity edu.ncsu.csc.itrust2.models.persistent.Drug [FORCE]: select drug0_.id as id1_3_0_, drug0_.code as code2_3_0_, drug0_.description as descript3_3_0_, drug0_.name as name4_3_0_ from Drugs drug0_ where drug0_.id=? for update
00:38:23.921 [main] DEBUG o.h.l.p.b.i.spaces.QuerySpacesImpl - Adding QuerySpace : uid = <gen:0> -> org.hibernate.loader.plan.build.internal.spaces.EntityQuerySpaceImpl@2f623aeb]
00:38:23.921 [main] DEBUG o.h.p.w.spi.MetamodelGraphWalker - Visiting attribute path : code
00:38:23.921 [main] DEBUG o.h.p.w.spi.MetamodelGraphWalker - Visiting attribute path : description
00:38:23.921 [main] DEBUG o.h.p.w.spi.MetamodelGraphWalker - Visiting attribute path : name
00:38:23.921 [main] DEBUG o.h.l.p.b.i.FetchStyleLoadPlanBuildingAssociationVisitationStrategy - Building LoadPlan...
00:38:23.921 [main] DEBUG o.h.l.p.e.i.LoadQueryJoinAndFetchProcessor - processing queryspace <gen:0>
00:38:23.922 [main] DEBUG o.h.l.p.b.spi.LoadPlanTreePrinter - LoadPlan(entity=edu.ncsu.csc.itrust2.models.persistent.Drug)
    - Returns
       - EntityReturnImpl(entity=edu.ncsu.csc.itrust2.models.persistent.Drug, querySpaceUid=<gen:0>, path=edu.ncsu.csc.itrust2.models.persistent.Drug)
    - QuerySpaces
       - EntityQuerySpaceImpl(uid=<gen:0>, entity=edu.ncsu.csc.itrust2.models.persistent.Drug)
          - SQL table alias mapping - drug0_
          - alias suffix - 0_
          - suffixed key columns - {id1_3_0_}

00:38:23.922 [main] DEBUG o.h.loader.entity.plan.EntityLoader - Static select for entity edu.ncsu.csc.itrust2.models.persistent.Drug [PESSIMISTIC_READ]: select drug0_.id as id1_3_0_, drug0_.code as code2_3_0_, drug0_.description as descript3_3_0_, drug0_.name as name4_3_0_ from Drugs drug0_ where drug0_.id=? lock in share mode
00:38:23.922 [main] DEBUG o.h.l.p.b.i.spaces.QuerySpacesImpl - Adding QuerySpace : uid = <gen:0> -> org.hibernate.loader.plan.build.internal.spaces.EntityQuerySpaceImpl@fc4bb]
00:38:23.922 [main] DEBUG o.h.p.w.spi.MetamodelGraphWalker - Visiting attribute path : code
00:38:23.922 [main] DEBUG o.h.p.w.spi.MetamodelGraphWalker - Visiting attribute path : description
00:38:23.922 [main] DEBUG o.h.p.w.spi.MetamodelGraphWalker - Visiting attribute path : name
00:38:23.922 [main] DEBUG o.h.l.p.b.i.FetchStyleLoadPlanBuildingAssociationVisitationStrategy - Building LoadPlan...
00:38:23.922 [main] DEBUG o.h.l.p.e.i.LoadQueryJoinAndFetchProcessor - processing queryspace <gen:0>
00:38:23.922 [main] DEBUG o.h.l.p.b.spi.LoadPlanTreePrinter - LoadPlan(entity=edu.ncsu.csc.itrust2.models.persistent.Drug)
    - Returns
       - EntityReturnImpl(entity=edu.ncsu.csc.itrust2.models.persistent.Drug, querySpaceUid=<gen:0>, path=edu.ncsu.csc.itrust2.models.persistent.Drug)
    - QuerySpaces
       - EntityQuerySpaceImpl(uid=<gen:0>, entity=edu.ncsu.csc.itrust2.models.persistent.Drug)
          - SQL table alias mapping - drug0_
          - alias suffix - 0_
          - suffixed key columns - {id1_3_0_}

00:38:23.923 [main] DEBUG o.h.loader.entity.plan.EntityLoader - Static select for entity edu.ncsu.csc.itrust2.models.persistent.Drug [PESSIMISTIC_WRITE]: select drug0_.id as id1_3_0_, drug0_.code as code2_3_0_, drug0_.description as descript3_3_0_, drug0_.name as name4_3_0_ from Drugs drug0_ where drug0_.id=? for update
00:38:23.923 [main] DEBUG o.h.l.p.b.i.spaces.QuerySpacesImpl - Adding QuerySpace : uid = <gen:0> -> org.hibernate.loader.plan.build.internal.spaces.EntityQuerySpaceImpl@401f38ff]
00:38:23.923 [main] DEBUG o.h.p.w.spi.MetamodelGraphWalker - Visiting attribute path : code
00:38:23.923 [main] DEBUG o.h.p.w.spi.MetamodelGraphWalker - Visiting attribute path : description
00:38:23.923 [main] DEBUG o.h.p.w.spi.MetamodelGraphWalker - Visiting attribute path : name
00:38:23.923 [main] DEBUG o.h.l.p.b.i.FetchStyleLoadPlanBuildingAssociationVisitationStrategy - Building LoadPlan...
00:38:23.923 [main] DEBUG o.h.l.p.e.i.LoadQueryJoinAndFetchProcessor - processing queryspace <gen:0>
00:38:23.923 [main] DEBUG o.h.l.p.b.spi.LoadPlanTreePrinter - LoadPlan(entity=edu.ncsu.csc.itrust2.models.persistent.Drug)
    - Returns
       - EntityReturnImpl(entity=edu.ncsu.csc.itrust2.models.persistent.Drug, querySpaceUid=<gen:0>, path=edu.ncsu.csc.itrust2.models.persistent.Drug)
    - QuerySpaces
       - EntityQuerySpaceImpl(uid=<gen:0>, entity=edu.ncsu.csc.itrust2.models.persistent.Drug)
          - SQL table alias mapping - drug0_
          - alias suffix - 0_
          - suffixed key columns - {id1_3_0_}

00:38:23.924 [main] DEBUG o.h.loader.entity.plan.EntityLoader - Static select for entity edu.ncsu.csc.itrust2.models.persistent.Drug [PESSIMISTIC_FORCE_INCREMENT]: select drug0_.id as id1_3_0_, drug0_.code as code2_3_0_, drug0_.description as descript3_3_0_, drug0_.name as name4_3_0_ from Drugs drug0_ where drug0_.id=? for update
00:38:23.924 [main] DEBUG o.h.l.p.b.i.spaces.QuerySpacesImpl - Adding QuerySpace : uid = <gen:0> -> org.hibernate.loader.plan.build.internal.spaces.EntityQuerySpaceImpl@3e3297b]
00:38:23.924 [main] DEBUG o.h.p.w.spi.MetamodelGraphWalker - Visiting attribute path : code
00:38:23.924 [main] DEBUG o.h.p.w.spi.MetamodelGraphWalker - Visiting attribute path : description
00:38:23.924 [main] DEBUG o.h.p.w.spi.MetamodelGraphWalker - Visiting attribute path : name
00:38:23.924 [main] DEBUG o.h.l.p.b.i.FetchStyleLoadPlanBuildingAssociationVisitationStrategy - Building LoadPlan...
00:38:23.924 [main] DEBUG o.h.l.p.e.i.LoadQueryJoinAndFetchProcessor - processing queryspace <gen:0>
00:38:23.925 [main] DEBUG o.h.l.p.b.spi.LoadPlanTreePrinter - LoadPlan(entity=edu.ncsu.csc.itrust2.models.persistent.Drug)
    - Returns
       - EntityReturnImpl(entity=edu.ncsu.csc.itrust2.models.persistent.Drug, querySpaceUid=<gen:0>, path=edu.ncsu.csc.itrust2.models.persistent.Drug)
    - QuerySpaces
       - EntityQuerySpaceImpl(uid=<gen:0>, entity=edu.ncsu.csc.itrust2.models.persistent.Drug)
          - SQL table alias mapping - drug0_
          - alias suffix - 0_
          - suffixed key columns - {id1_3_0_}

00:38:23.925 [main] DEBUG o.h.loader.entity.plan.EntityLoader - Static select for entity edu.ncsu.csc.itrust2.models.persistent.Drug [OPTIMISTIC]: select drug0_.id as id1_3_0_, drug0_.code as code2_3_0_, drug0_.description as descript3_3_0_, drug0_.name as name4_3_0_ from Drugs drug0_ where drug0_.id=?
00:38:23.925 [main] DEBUG o.h.l.p.b.i.spaces.QuerySpacesImpl - Adding QuerySpace : uid = <gen:0> -> org.hibernate.loader.plan.build.internal.spaces.EntityQuerySpaceImpl@63ca7b09]
00:38:23.925 [main] DEBUG o.h.p.w.spi.MetamodelGraphWalker - Visiting attribute path : code
00:38:23.925 [main] DEBUG o.h.p.w.spi.MetamodelGraphWalker - Visiting attribute path : description
00:38:23.925 [main] DEBUG o.h.p.w.spi.MetamodelGraphWalker - Visiting attribute path : name
00:38:23.925 [main] DEBUG o.h.l.p.b.i.FetchStyleLoadPlanBuildingAssociationVisitationStrategy - Building LoadPlan...
00:38:23.925 [main] DEBUG o.h.l.p.e.i.LoadQueryJoinAndFetchProcessor - processing queryspace <gen:0>
00:38:23.925 [main] DEBUG o.h.l.p.b.spi.LoadPlanTreePrinter - LoadPlan(entity=edu.ncsu.csc.itrust2.models.persistent.Drug)
    - Returns
       - EntityReturnImpl(entity=edu.ncsu.csc.itrust2.models.persistent.Drug, querySpaceUid=<gen:0>, path=edu.ncsu.csc.itrust2.models.persistent.Drug)
    - QuerySpaces
       - EntityQuerySpaceImpl(uid=<gen:0>, entity=edu.ncsu.csc.itrust2.models.persistent.Drug)
          - SQL table alias mapping - drug0_
          - alias suffix - 0_
          - suffixed key columns - {id1_3_0_}

00:38:23.925 [main] DEBUG o.h.loader.entity.plan.EntityLoader - Static select for entity edu.ncsu.csc.itrust2.models.persistent.Drug [OPTIMISTIC_FORCE_INCREMENT]: select drug0_.id as id1_3_0_, drug0_.code as code2_3_0_, drug0_.description as descript3_3_0_, drug0_.name as name4_3_0_ from Drugs drug0_ where drug0_.id=?
00:38:23.926 [main] DEBUG org.hibernate.loader.Loader - Static select for action ACTION_MERGE on entity edu.ncsu.csc.itrust2.models.persistent.Drug: select drug0_.id as id1_3_0_, drug0_.code as code2_3_0_, drug0_.description as descript3_3_0_, drug0_.name as name4_3_0_ from Drugs drug0_ where drug0_.id=?
00:38:23.927 [main] DEBUG org.hibernate.loader.Loader - Static select for action ACTION_REFRESH on entity edu.ncsu.csc.itrust2.models.persistent.Drug: select drug0_.id as id1_3_0_, drug0_.code as code2_3_0_, drug0_.description as descript3_3_0_, drug0_.name as name4_3_0_ from Drugs drug0_ where drug0_.id=?
00:38:23.927 [main] DEBUG o.h.p.entity.AbstractEntityPersister - Static SQL for entity: edu.ncsu.csc.itrust2.models.persistent.Diagnosis
00:38:23.927 [main] DEBUG o.h.p.entity.AbstractEntityPersister -  Version select: select id from Diagnoses where id =?
00:38:23.927 [main] DEBUG o.h.p.entity.AbstractEntityPersister -  Snapshot select: select diagnosis_.id, diagnosis_.code_id as code_id3_2_, diagnosis_.note as note2_2_, diagnosis_.visit_id as visit_id4_2_ from Diagnoses diagnosis_ where diagnosis_.id=?
00:38:23.927 [main] DEBUG o.h.p.entity.AbstractEntityPersister -  Insert 0: insert into Diagnoses (code_id, note, visit_id, id) values (?, ?, ?, ?)
00:38:23.927 [main] DEBUG o.h.p.entity.AbstractEntityPersister -  Update 0: update Diagnoses set code_id=?, note=?, visit_id=? where id=?
00:38:23.927 [main] DEBUG o.h.p.entity.AbstractEntityPersister -  Delete 0: delete from Diagnoses where id=?
00:38:23.927 [main] DEBUG o.h.l.p.b.i.spaces.QuerySpacesImpl - Adding QuerySpace : uid = <gen:0> -> org.hibernate.loader.plan.build.internal.spaces.EntityQuerySpaceImpl@3c894e97]
00:38:23.927 [main] DEBUG o.h.p.w.spi.MetamodelGraphWalker - Visiting attribute path : code
00:38:23.927 [main] DEBUG o.h.l.p.b.i.spaces.QuerySpacesImpl - Adding QuerySpace : uid = <gen:1> -> org.hibernate.loader.plan.build.internal.spaces.EntityQuerySpaceImpl@dc2f783]
00:38:23.928 [main] DEBUG o.h.p.w.spi.MetamodelGraphWalker - Visiting attribute path : code.code
00:38:23.928 [main] DEBUG o.h.p.w.spi.MetamodelGraphWalker - Visiting attribute path : code.description
00:38:23.928 [main] DEBUG o.h.p.w.spi.MetamodelGraphWalker - Visiting attribute path : note
00:38:23.928 [main] DEBUG o.h.p.w.spi.MetamodelGraphWalker - Visiting attribute path : visit
00:38:23.929 [main] DEBUG o.h.l.p.b.i.spaces.QuerySpacesImpl - Adding QuerySpace : uid = <gen:2> -> org.hibernate.loader.plan.build.internal.spaces.EntityQuerySpaceImpl@51285b0]
00:38:23.929 [main] DEBUG o.h.p.w.spi.MetamodelGraphWalker - Visiting attribute path : visit.appointment
00:38:23.930 [main] DEBUG o.h.l.p.b.i.spaces.QuerySpacesImpl - Adding QuerySpace : uid = <gen:3> -> org.hibernate.loader.plan.build.internal.spaces.EntityQuerySpaceImpl@24a502da]
00:38:23.930 [main] DEBUG o.h.p.w.spi.MetamodelGraphWalker - Visiting attribute path : visit.appointment.comments
00:38:23.930 [main] DEBUG o.h.p.w.spi.MetamodelGraphWalker - Visiting attribute path : visit.appointment.date
00:38:23.930 [main] DEBUG o.h.p.w.spi.MetamodelGraphWalker - Visiting attribute path : visit.appointment.hcp
00:38:23.930 [main] DEBUG o.h.l.p.b.i.spaces.QuerySpacesImpl - Adding QuerySpace : uid = <gen:4> -> org.hibernate.loader.plan.build.internal.spaces.EntityQuerySpaceImpl@aa8a329]
00:38:23.930 [main] DEBUG o.h.p.w.spi.MetamodelGraphWalker - Visiting attribute path : visit.appointment.patient
00:38:23.930 [main] DEBUG o.h.l.p.b.i.spaces.QuerySpacesImpl - Adding QuerySpace : uid = <gen:5> -> org.hibernate.loader.plan.build.internal.spaces.EntityQuerySpaceImpl@38f8b4e6]
00:38:23.930 [main] DEBUG o.h.p.w.spi.MetamodelGraphWalker - Visiting attribute path : visit.appointment.status
00:38:23.930 [main] DEBUG o.h.p.w.spi.MetamodelGraphWalker - Visiting attribute path : visit.appointment.type
00:38:23.930 [main] DEBUG o.h.p.w.spi.MetamodelGraphWalker - Visiting attribute path : visit.basicHealthMetrics
00:38:23.930 [main] DEBUG o.h.l.p.b.i.spaces.QuerySpacesImpl - Adding QuerySpace : uid = <gen:6> -> org.hibernate.loader.plan.build.internal.spaces.EntityQuerySpaceImpl@34c7c2f1]
00:38:23.931 [main] DEBUG o.h.p.w.spi.MetamodelGraphWalker - Visiting attribute path : visit.basicHealthMetrics.diastolic
00:38:23.931 [main] DEBUG o.h.p.w.spi.MetamodelGraphWalker - Visiting attribute path : visit.basicHealthMetrics.hcp
00:38:23.931 [main] DEBUG o.h.l.p.b.i.spaces.QuerySpacesImpl - Adding QuerySpace : uid = <gen:7> -> org.hibernate.loader.plan.build.internal.spaces.EntityQuerySpaceImpl@54c7b65a]
00:38:23.931 [main] DEBUG o.h.p.w.spi.MetamodelGraphWalker - Visiting attribute path : visit.basicHealthMetrics.hdl
00:38:23.931 [main] DEBUG o.h.p.w.spi.MetamodelGraphWalker - Visiting attribute path : visit.basicHealthMetrics.headCircumference
00:38:23.931 [main] DEBUG o.h.p.w.spi.MetamodelGraphWalker - Visiting attribute path : visit.basicHealthMetrics.height
00:38:23.931 [main] DEBUG o.h.p.w.spi.MetamodelGraphWalker - Visiting attribute path : visit.basicHealthMetrics.houseSmokingStatus
00:38:23.931 [main] DEBUG o.h.p.w.spi.MetamodelGraphWalker - Visiting attribute path : visit.basicHealthMetrics.ldl
00:38:23.931 [main] DEBUG o.h.p.w.spi.MetamodelGraphWalker - Visiting attribute path : visit.basicHealthMetrics.patient
00:38:23.931 [main] DEBUG o.h.l.p.b.i.spaces.QuerySpacesImpl - Adding QuerySpace : uid = <gen:8> -> org.hibernate.loader.plan.build.internal.spaces.EntityQuerySpaceImpl@29e577a0]
00:38:23.931 [main] DEBUG o.h.p.w.spi.MetamodelGraphWalker - Visiting attribute path : visit.basicHealthMetrics.patientSmokingStatus
00:38:23.931 [main] DEBUG o.h.p.w.spi.MetamodelGraphWalker - Visiting attribute path : visit.basicHealthMetrics.systolic
00:38:23.931 [main] DEBUG o.h.p.w.spi.MetamodelGraphWalker - Visiting attribute path : visit.basicHealthMetrics.tri
00:38:23.931 [main] DEBUG o.h.p.w.spi.MetamodelGraphWalker - Visiting attribute path : visit.basicHealthMetrics.weight
00:38:23.931 [main] DEBUG o.h.p.w.spi.MetamodelGraphWalker - Visiting attribute path : visit.date
00:38:23.931 [main] DEBUG o.h.p.w.spi.MetamodelGraphWalker - Visiting attribute path : visit.hcp
00:38:23.931 [main] DEBUG o.h.l.p.b.i.spaces.QuerySpacesImpl - Adding QuerySpace : uid = <gen:9> -> org.hibernate.loader.plan.build.internal.spaces.EntityQuerySpaceImpl@233ff827]
00:38:23.931 [main] DEBUG o.h.p.w.spi.MetamodelGraphWalker - Visiting attribute path : visit.hcp.enabled
00:38:23.931 [main] DEBUG o.h.p.w.spi.MetamodelGraphWalker - Visiting attribute path : visit.hcp.password
00:38:23.931 [main] DEBUG o.h.p.w.spi.MetamodelGraphWalker - Visiting attribute path : visit.hcp.role
00:38:23.931 [main] DEBUG o.h.p.w.spi.MetamodelGraphWalker - Visiting attribute path : visit.hospital
00:38:23.932 [main] DEBUG o.h.l.p.b.i.spaces.QuerySpacesImpl - Adding QuerySpace : uid = <gen:10> -> org.hibernate.loader.plan.build.internal.spaces.EntityQuerySpaceImpl@1e312071]
00:38:23.932 [main] DEBUG o.h.p.w.spi.MetamodelGraphWalker - Visiting attribute path : visit.hospital.address
00:38:23.932 [main] DEBUG o.h.p.w.spi.MetamodelGraphWalker - Visiting attribute path : visit.hospital.state
00:38:23.932 [main] DEBUG o.h.p.w.spi.MetamodelGraphWalker - Visiting attribute path : visit.hospital.zip
00:38:23.932 [main] DEBUG o.h.p.w.spi.MetamodelGraphWalker - Visiting attribute path : visit.notes
00:38:23.932 [main] DEBUG o.h.p.w.spi.MetamodelGraphWalker - Visiting attribute path : visit.patient
00:38:23.932 [main] DEBUG o.h.l.p.b.i.spaces.QuerySpacesImpl - Adding QuerySpace : uid = <gen:11> -> org.hibernate.loader.plan.build.internal.spaces.EntityQuerySpaceImpl@4049211a]
00:38:23.932 [main] DEBUG o.h.p.w.spi.MetamodelGraphWalker - Visiting attribute path : visit.patient.enabled
00:38:23.932 [main] DEBUG o.h.p.w.spi.MetamodelGraphWalker - Visiting attribute path : visit.patient.password
00:38:23.932 [main] DEBUG o.h.p.w.spi.MetamodelGraphWalker - Visiting attribute path : visit.patient.role
00:38:23.932 [main] DEBUG o.h.p.w.spi.MetamodelGraphWalker - Visiting attribute path : visit.prescriptions
00:38:23.932 [main] DEBUG o.h.l.p.b.i.spaces.QuerySpacesImpl - Adding QuerySpace : uid = <gen:12> -> org.hibernate.loader.plan.build.internal.spaces.CollectionQuerySpaceImpl@49b2855d]
00:38:23.932 [main] DEBUG o.h.l.p.b.i.spaces.QuerySpacesImpl - Adding QuerySpace : uid = <gen:13> -> org.hibernate.loader.plan.build.internal.spaces.EntityQuerySpaceImpl@dfe1807]
00:38:23.932 [main] DEBUG o.h.p.w.spi.MetamodelGraphWalker - Visiting attribute path : visit.prescriptions.dosage
00:38:23.932 [main] DEBUG o.h.p.w.spi.MetamodelGraphWalker - Visiting attribute path : visit.prescriptions.drug
00:38:23.933 [main] DEBUG o.h.l.p.b.i.spaces.QuerySpacesImpl - Adding QuerySpace : uid = <gen:14> -> org.hibernate.loader.plan.build.internal.spaces.EntityQuerySpaceImpl@3fa0d1cb]
00:38:23.933 [main] DEBUG o.h.p.w.spi.MetamodelGraphWalker - Visiting attribute path : visit.prescriptions.endDate
00:38:23.933 [main] DEBUG o.h.p.w.spi.MetamodelGraphWalker - Visiting attribute path : visit.prescriptions.patient
00:38:23.933 [main] DEBUG o.h.l.p.b.i.spaces.QuerySpacesImpl - Adding QuerySpace : uid = <gen:15> -> org.hibernate.loader.plan.build.internal.spaces.EntityQuerySpaceImpl@4263c818]
00:38:23.933 [main] DEBUG o.h.p.w.spi.MetamodelGraphWalker - Visiting attribute path : visit.prescriptions.renewals
00:38:23.933 [main] DEBUG o.h.p.w.spi.MetamodelGraphWalker - Visiting attribute path : visit.prescriptions.startDate
00:38:23.933 [main] DEBUG o.h.p.w.spi.MetamodelGraphWalker - Visiting attribute path : visit.type
00:38:23.933 [main] DEBUG o.h.l.p.b.i.FetchStyleLoadPlanBuildingAssociationVisitationStrategy - Building LoadPlan...
00:38:23.933 [main] DEBUG o.h.l.p.e.i.LoadQueryJoinAndFetchProcessor - processing queryspace <gen:0>
00:38:23.936 [main] DEBUG o.h.l.p.b.spi.LoadPlanTreePrinter - LoadPlan(entity=edu.ncsu.csc.itrust2.models.persistent.Diagnosis)
    - Returns
       - EntityReturnImpl(entity=edu.ncsu.csc.itrust2.models.persistent.Diagnosis, querySpaceUid=<gen:0>, path=edu.ncsu.csc.itrust2.models.persistent.Diagnosis)
          - EntityAttributeFetchImpl(entity=edu.ncsu.csc.itrust2.models.persistent.ICDCode, querySpaceUid=<gen:1>, path=edu.ncsu.csc.itrust2.models.persistent.Diagnosis.code)
          - EntityAttributeFetchImpl(entity=edu.ncsu.csc.itrust2.models.persistent.OfficeVisit, querySpaceUid=<gen:2>, path=edu.ncsu.csc.itrust2.models.persistent.Diagnosis.visit)
             - EntityAttributeFetchImpl(entity=edu.ncsu.csc.itrust2.models.persistent.AppointmentRequest, querySpaceUid=<gen:3>, path=edu.ncsu.csc.itrust2.models.persistent.Diagnosis.visit.appointment)
                - EntityAttributeFetchImpl(entity=edu.ncsu.csc.itrust2.models.persistent.User, querySpaceUid=<gen:4>, path=edu.ncsu.csc.itrust2.models.persistent.Diagnosis.visit.appointment.hcp)
                - EntityAttributeFetchImpl(entity=edu.ncsu.csc.itrust2.models.persistent.User, querySpaceUid=<gen:5>, path=edu.ncsu.csc.itrust2.models.persistent.Diagnosis.visit.appointment.patient)
             - EntityAttributeFetchImpl(entity=edu.ncsu.csc.itrust2.models.persistent.BasicHealthMetrics, querySpaceUid=<gen:6>, path=edu.ncsu.csc.itrust2.models.persistent.Diagnosis.visit.basicHealthMetrics)
                - EntityAttributeFetchImpl(entity=edu.ncsu.csc.itrust2.models.persistent.User, querySpaceUid=<gen:7>, path=edu.ncsu.csc.itrust2.models.persistent.Diagnosis.visit.basicHealthMetrics.hcp)
                - EntityAttributeFetchImpl(entity=edu.ncsu.csc.itrust2.models.persistent.User, querySpaceUid=<gen:8>, path=edu.ncsu.csc.itrust2.models.persistent.Diagnosis.visit.basicHealthMetrics.patient)
             - EntityAttributeFetchImpl(entity=edu.ncsu.csc.itrust2.models.persistent.User, querySpaceUid=<gen:9>, path=edu.ncsu.csc.itrust2.models.persistent.Diagnosis.visit.hcp)
             - EntityAttributeFetchImpl(entity=edu.ncsu.csc.itrust2.models.persistent.Hospital, querySpaceUid=<gen:10>, path=edu.ncsu.csc.itrust2.models.persistent.Diagnosis.visit.hospital)
             - EntityAttributeFetchImpl(entity=edu.ncsu.csc.itrust2.models.persistent.User, querySpaceUid=<gen:11>, path=edu.ncsu.csc.itrust2.models.persistent.Diagnosis.visit.patient)
             - CollectionAttributeFetchImpl(collection=edu.ncsu.csc.itrust2.models.persistent.OfficeVisit.prescriptions, querySpaceUid=<gen:12>, path=edu.ncsu.csc.itrust2.models.persistent.Diagnosis.visit.prescriptions)
                - (collection element) CollectionFetchableElementEntityGraph(entity=edu.ncsu.csc.itrust2.models.persistent.Prescription, querySpaceUid=<gen:13>, path=edu.ncsu.csc.itrust2.models.persistent.Diagnosis.visit.prescriptions.<elements>)
                   - EntityAttributeFetchImpl(entity=edu.ncsu.csc.itrust2.models.persistent.Drug, querySpaceUid=<gen:14>, path=edu.ncsu.csc.itrust2.models.persistent.Diagnosis.visit.prescriptions.<elements>.drug)
                   - EntityAttributeFetchImpl(entity=edu.ncsu.csc.itrust2.models.persistent.User, querySpaceUid=<gen:15>, path=edu.ncsu.csc.itrust2.models.persistent.Diagnosis.visit.prescriptions.<elements>.patient)
    - QuerySpaces
       - EntityQuerySpaceImpl(uid=<gen:0>, entity=edu.ncsu.csc.itrust2.models.persistent.Diagnosis)
          - SQL table alias mapping - diagnosis0_
          - alias suffix - 0_
          - suffixed key columns - {id1_2_0_}
          - JOIN (JoinDefinedByMetadata(code)) : <gen:0> -> <gen:1>
             - EntityQuerySpaceImpl(uid=<gen:1>, entity=edu.ncsu.csc.itrust2.models.persistent.ICDCode)
                - SQL table alias mapping - icdcode1_
                - alias suffix - 1_
                - suffixed key columns - {id1_5_1_}
          - JOIN (JoinDefinedByMetadata(visit)) : <gen:0> -> <gen:2>
             - EntityQuerySpaceImpl(uid=<gen:2>, entity=edu.ncsu.csc.itrust2.models.persistent.OfficeVisit)
                - SQL table alias mapping - officevisi2_
                - alias suffix - 2_
                - suffixed key columns - {id1_10_2_}
                - JOIN (JoinDefinedByMetadata(appointment)) : <gen:2> -> <gen:3>
                   - EntityQuerySpaceImpl(uid=<gen:3>, entity=edu.ncsu.csc.itrust2.models.persistent.AppointmentRequest)
                      - SQL table alias mapping - appointmen3_
                      - alias suffix - 3_
                      - suffixed key columns - {id1_0_3_}
                - JOIN (JoinDefinedByMetadata(basicHealthMetrics)) : <gen:2> -> <gen:6>
                   - EntityQuerySpaceImpl(uid=<gen:6>, entity=edu.ncsu.csc.itrust2.models.persistent.BasicHealthMetrics)
                      - SQL table alias mapping - basichealt4_
                      - alias suffix - 4_
                      - suffixed key columns - {id1_1_4_}
                - JOIN (JoinDefinedByMetadata(hcp)) : <gen:2> -> <gen:9>
                   - EntityQuerySpaceImpl(uid=<gen:9>, entity=edu.ncsu.csc.itrust2.models.persistent.User)
                      - SQL table alias mapping - user5_
                      - alias suffix - 5_
                      - suffixed key columns - {username1_15_5_}
                - JOIN (JoinDefinedByMetadata(hospital)) : <gen:2> -> <gen:10>
                   - EntityQuerySpaceImpl(uid=<gen:10>, entity=edu.ncsu.csc.itrust2.models.persistent.Hospital)
                      - SQL table alias mapping - hospital6_
                      - alias suffix - 6_
                      - suffixed key columns - {name1_4_6_}
                - JOIN (JoinDefinedByMetadata(patient)) : <gen:2> -> <gen:11>
                   - EntityQuerySpaceImpl(uid=<gen:11>, entity=edu.ncsu.csc.itrust2.models.persistent.User)
                      - SQL table alias mapping - user7_
                      - alias suffix - 7_
                      - suffixed key columns - {username1_15_7_}
                - JOIN (JoinDefinedByMetadata(prescriptions)) : <gen:2> -> <gen:12>
                   - CollectionQuerySpaceImpl(uid=<gen:12>, collection=edu.ncsu.csc.itrust2.models.persistent.OfficeVisit.prescriptions)
                      - SQL table alias mapping - prescripti8_
                      - alias suffix - 8_
                      - suffixed key columns - {prescrip8_14_8_}
                      - entity-element alias suffix - 9_
                      - 9_entity-element suffixed key columns - id1_14_9_
                      - JOIN (JoinDefinedByMetadata(elements)) : <gen:12> -> <gen:13>
                         - EntityQuerySpaceImpl(uid=<gen:13>, entity=edu.ncsu.csc.itrust2.models.persistent.Prescription)
                            - SQL table alias mapping - prescripti8_
                            - alias suffix - 9_
                            - suffixed key columns - {id1_14_9_}

00:38:23.936 [main] DEBUG o.h.loader.entity.plan.EntityLoader - Static select for entity edu.ncsu.csc.itrust2.models.persistent.Diagnosis [NONE]: select diagnosis0_.id as id1_2_0_, diagnosis0_.code_id as code_id3_2_0_, diagnosis0_.note as note2_2_0_, diagnosis0_.visit_id as visit_id4_2_0_, icdcode1_.id as id1_5_1_, icdcode1_.code as code2_5_1_, icdcode1_.description as descript3_5_1_, officevisi2_.id as id1_10_2_, officevisi2_.appointment_id as appointm5_10_2_, officevisi2_.basichealthmetrics_id as basichea6_10_2_, officevisi2_.date as date2_10_2_, officevisi2_.hcp_id as hcp_id7_10_2_, officevisi2_.hospital_id as hospital8_10_2_, officevisi2_.notes as notes3_10_2_, officevisi2_.patient_id as patient_9_10_2_, officevisi2_.type as type4_10_2_, appointmen3_.id as id1_0_3_, appointmen3_.comments as comments2_0_3_, appointmen3_.date as date3_0_3_, appointmen3_.hcp_id as hcp_id6_0_3_, appointmen3_.patient_id as patient_7_0_3_, appointmen3_.status as status4_0_3_, appointmen3_.type as type5_0_3_, basichealt4_.id as id1_1_4_, basichealt4_.diastolic as diastoli2_1_4_, basichealt4_.hcp_id as hcp_id12_1_4_, basichealt4_.hdl as hdl3_1_4_, basichealt4_.headCircumference as headCirc4_1_4_, basichealt4_.height as height5_1_4_, basichealt4_.houseSmokingStatus as houseSmo6_1_4_, basichealt4_.ldl as ldl7_1_4_, basichealt4_.patient_id as patient13_1_4_, basichealt4_.patientSmokingStatus as patientS8_1_4_, basichealt4_.systolic as systolic9_1_4_, basichealt4_.tri as tri10_1_4_, basichealt4_.weight as weight11_1_4_, user5_.username as username1_15_5_, user5_.enabled as enabled2_15_5_, user5_.password as password3_15_5_, user5_.role as role4_15_5_, hospital6_.name as name1_4_6_, hospital6_.address as address2_4_6_, hospital6_.state as state3_4_6_, hospital6_.zip as zip4_4_6_, user7_.username as username1_15_7_, user7_.enabled as enabled2_15_7_, user7_.password as password3_15_7_, user7_.role as role4_15_7_, prescripti8_.prescriptions_id as prescrip8_14_8_, prescripti8_.id as id1_14_8_, prescripti8_.id as id1_14_9_, prescripti8_.dosage as dosage2_14_9_, prescripti8_.drug_id as drug_id6_14_9_, prescripti8_.endDate as endDate3_14_9_, prescripti8_.patient_id as patient_7_14_9_, prescripti8_.renewals as renewals4_14_9_, prescripti8_.startDate as startDat5_14_9_ from Diagnoses diagnosis0_ inner join ICDCodes icdcode1_ on diagnosis0_.code_id=icdcode1_.id inner join OfficeVisits officevisi2_ on diagnosis0_.visit_id=officevisi2_.id left outer join AppointmentRequests appointmen3_ on officevisi2_.appointment_id=appointmen3_.id left outer join BasicHealthMetrics basichealt4_ on officevisi2_.basichealthmetrics_id=basichealt4_.id inner join Users user5_ on officevisi2_.hcp_id=user5_.username inner join Hospitals hospital6_ on officevisi2_.hospital_id=hospital6_.name inner join Users user7_ on officevisi2_.patient_id=user7_.username left outer join Prescriptions prescripti8_ on officevisi2_.id=prescripti8_.prescriptions_id where diagnosis0_.id=?
00:38:23.936 [main] DEBUG o.h.l.p.b.i.spaces.QuerySpacesImpl - Adding QuerySpace : uid = <gen:0> -> org.hibernate.loader.plan.build.internal.spaces.EntityQuerySpaceImpl@732e9d36]
00:38:23.936 [main] DEBUG o.h.p.w.spi.MetamodelGraphWalker - Visiting attribute path : code
00:38:23.937 [main] DEBUG o.h.l.p.b.i.spaces.QuerySpacesImpl - Adding QuerySpace : uid = <gen:1> -> org.hibernate.loader.plan.build.internal.spaces.EntityQuerySpaceImpl@152833e]
00:38:23.938 [main] DEBUG o.h.p.w.spi.MetamodelGraphWalker - Visiting attribute path : code.code
00:38:23.938 [main] DEBUG o.h.p.w.spi.MetamodelGraphWalker - Visiting attribute path : code.description
00:38:23.939 [main] DEBUG o.h.p.w.spi.MetamodelGraphWalker - Visiting attribute path : note
00:38:23.939 [main] DEBUG o.h.p.w.spi.MetamodelGraphWalker - Visiting attribute path : visit
00:38:23.939 [main] DEBUG o.h.l.p.b.i.spaces.QuerySpacesImpl - Adding QuerySpace : uid = <gen:2> -> org.hibernate.loader.plan.build.internal.spaces.EntityQuerySpaceImpl@5aed59aa]
00:38:23.939 [main] DEBUG o.h.p.w.spi.MetamodelGraphWalker - Visiting attribute path : visit.appointment
00:38:23.939 [main] DEBUG o.h.l.p.b.i.spaces.QuerySpacesImpl - Adding QuerySpace : uid = <gen:3> -> org.hibernate.loader.plan.build.internal.spaces.EntityQuerySpaceImpl@5efc3e29]
00:38:23.939 [main] DEBUG o.h.p.w.spi.MetamodelGraphWalker - Visiting attribute path : visit.appointment.comments
00:38:23.939 [main] DEBUG o.h.p.w.spi.MetamodelGraphWalker - Visiting attribute path : visit.appointment.date
00:38:23.939 [main] DEBUG o.h.p.w.spi.MetamodelGraphWalker - Visiting attribute path : visit.appointment.hcp
00:38:23.939 [main] DEBUG o.h.l.p.b.i.spaces.QuerySpacesImpl - Adding QuerySpace : uid = <gen:4> -> org.hibernate.loader.plan.build.internal.spaces.EntityQuerySpaceImpl@5e31e41d]
00:38:23.939 [main] DEBUG o.h.p.w.spi.MetamodelGraphWalker - Visiting attribute path : visit.appointment.patient
00:38:23.939 [main] DEBUG o.h.l.p.b.i.spaces.QuerySpacesImpl - Adding QuerySpace : uid = <gen:5> -> org.hibernate.loader.plan.build.internal.spaces.EntityQuerySpaceImpl@5b0aa44]
00:38:23.939 [main] DEBUG o.h.p.w.spi.MetamodelGraphWalker - Visiting attribute path : visit.appointment.status
00:38:23.939 [main] DEBUG o.h.p.w.spi.MetamodelGraphWalker - Visiting attribute path : visit.appointment.type
00:38:23.939 [main] DEBUG o.h.p.w.spi.MetamodelGraphWalker - Visiting attribute path : visit.basicHealthMetrics
00:38:23.939 [main] DEBUG o.h.l.p.b.i.spaces.QuerySpacesImpl - Adding QuerySpace : uid = <gen:6> -> org.hibernate.loader.plan.build.internal.spaces.EntityQuerySpaceImpl@3a02c1ad]
00:38:23.940 [main] DEBUG o.h.p.w.spi.MetamodelGraphWalker - Visiting attribute path : visit.basicHealthMetrics.diastolic
00:38:23.940 [main] DEBUG o.h.p.w.spi.MetamodelGraphWalker - Visiting attribute path : visit.basicHealthMetrics.hcp
00:38:23.940 [main] DEBUG o.h.l.p.b.i.spaces.QuerySpacesImpl - Adding QuerySpace : uid = <gen:7> -> org.hibernate.loader.plan.build.internal.spaces.EntityQuerySpaceImpl@b80e25e]
00:38:23.940 [main] DEBUG o.h.p.w.spi.MetamodelGraphWalker - Visiting attribute path : visit.basicHealthMetrics.hdl
00:38:23.940 [main] DEBUG o.h.p.w.spi.MetamodelGraphWalker - Visiting attribute path : visit.basicHealthMetrics.headCircumference
00:38:23.940 [main] DEBUG o.h.p.w.spi.MetamodelGraphWalker - Visiting attribute path : visit.basicHealthMetrics.height
00:38:23.940 [main] DEBUG o.h.p.w.spi.MetamodelGraphWalker - Visiting attribute path : visit.basicHealthMetrics.houseSmokingStatus
00:38:23.940 [main] DEBUG o.h.p.w.spi.MetamodelGraphWalker - Visiting attribute path : visit.basicHealthMetrics.ldl
00:38:23.940 [main] DEBUG o.h.p.w.spi.MetamodelGraphWalker - Visiting attribute path : visit.basicHealthMetrics.patient
00:38:23.940 [main] DEBUG o.h.l.p.b.i.spaces.QuerySpacesImpl - Adding QuerySpace : uid = <gen:8> -> org.hibernate.loader.plan.build.internal.spaces.EntityQuerySpaceImpl@b628be0]
00:38:23.940 [main] DEBUG o.h.p.w.spi.MetamodelGraphWalker - Visiting attribute path : visit.basicHealthMetrics.patientSmokingStatus
00:38:23.940 [main] DEBUG o.h.p.w.spi.MetamodelGraphWalker - Visiting attribute path : visit.basicHealthMetrics.systolic
00:38:23.940 [main] DEBUG o.h.p.w.spi.MetamodelGraphWalker - Visiting attribute path : visit.basicHealthMetrics.tri
00:38:23.940 [main] DEBUG o.h.p.w.spi.MetamodelGraphWalker - Visiting attribute path : visit.basicHealthMetrics.weight
00:38:23.940 [main] DEBUG o.h.p.w.spi.MetamodelGraphWalker - Visiting attribute path : visit.date
00:38:23.940 [main] DEBUG o.h.p.w.spi.MetamodelGraphWalker - Visiting attribute path : visit.hcp
00:38:23.940 [main] DEBUG o.h.l.p.b.i.spaces.QuerySpacesImpl - Adding QuerySpace : uid = <gen:9> -> org.hibernate.loader.plan.build.internal.spaces.EntityQuerySpaceImpl@27412c88]
00:38:23.940 [main] DEBUG o.h.p.w.spi.MetamodelGraphWalker - Visiting attribute path : visit.hcp.enabled
00:38:23.940 [main] DEBUG o.h.p.w.spi.MetamodelGraphWalker - Visiting attribute path : visit.hcp.password
00:38:23.940 [main] DEBUG o.h.p.w.spi.MetamodelGraphWalker - Visiting attribute path : visit.hcp.role
00:38:23.940 [main] DEBUG o.h.p.w.spi.MetamodelGraphWalker - Visiting attribute path : visit.hospital
00:38:23.940 [main] DEBUG o.h.l.p.b.i.spaces.QuerySpacesImpl - Adding QuerySpace : uid = <gen:10> -> org.hibernate.loader.plan.build.internal.spaces.EntityQuerySpaceImpl@76e28b38]
00:38:23.941 [main] DEBUG o.h.p.w.spi.MetamodelGraphWalker - Visiting attribute path : visit.hospital.address
00:38:23.941 [main] DEBUG o.h.p.w.spi.MetamodelGraphWalker - Visiting attribute path : visit.hospital.state
00:38:23.941 [main] DEBUG o.h.p.w.spi.MetamodelGraphWalker - Visiting attribute path : visit.hospital.zip
00:38:23.941 [main] DEBUG o.h.p.w.spi.MetamodelGraphWalker - Visiting attribute path : visit.notes
00:38:23.941 [main] DEBUG o.h.p.w.spi.MetamodelGraphWalker - Visiting attribute path : visit.patient
00:38:23.941 [main] DEBUG o.h.l.p.b.i.spaces.QuerySpacesImpl - Adding QuerySpace : uid = <gen:11> -> org.hibernate.loader.plan.build.internal.spaces.EntityQuerySpaceImpl@47cb7753]
00:38:23.941 [main] DEBUG o.h.p.w.spi.MetamodelGraphWalker - Visiting attribute path : visit.patient.enabled
00:38:23.941 [main] DEBUG o.h.p.w.spi.MetamodelGraphWalker - Visiting attribute path : visit.patient.password
00:38:23.941 [main] DEBUG o.h.p.w.spi.MetamodelGraphWalker - Visiting attribute path : visit.patient.role
00:38:23.941 [main] DEBUG o.h.p.w.spi.MetamodelGraphWalker - Visiting attribute path : visit.prescriptions
00:38:23.942 [main] DEBUG o.h.l.p.b.i.spaces.QuerySpacesImpl - Adding QuerySpace : uid = <gen:12> -> org.hibernate.loader.plan.build.internal.spaces.CollectionQuerySpaceImpl@3fd5159f]
00:38:23.942 [main] DEBUG o.h.l.p.b.i.spaces.QuerySpacesImpl - Adding QuerySpace : uid = <gen:13> -> org.hibernate.loader.plan.build.internal.spaces.EntityQuerySpaceImpl@57e115a1]
00:38:23.942 [main] DEBUG o.h.p.w.spi.MetamodelGraphWalker - Visiting attribute path : visit.prescriptions.dosage
00:38:23.942 [main] DEBUG o.h.p.w.spi.MetamodelGraphWalker - Visiting attribute path : visit.prescriptions.drug
00:38:23.943 [main] DEBUG o.h.l.p.b.i.spaces.QuerySpacesImpl - Adding QuerySpace : uid = <gen:14> -> org.hibernate.loader.plan.build.internal.spaces.EntityQuerySpaceImpl@66a67a00]
00:38:23.943 [main] DEBUG o.h.p.w.spi.MetamodelGraphWalker - Visiting attribute path : visit.prescriptions.endDate
00:38:23.943 [main] DEBUG o.h.p.w.spi.MetamodelGraphWalker - Visiting attribute path : visit.prescriptions.patient
00:38:23.943 [main] DEBUG o.h.l.p.b.i.spaces.QuerySpacesImpl - Adding QuerySpace : uid = <gen:15> -> org.hibernate.loader.plan.build.internal.spaces.EntityQuerySpaceImpl@39352768]
00:38:23.943 [main] DEBUG o.h.p.w.spi.MetamodelGraphWalker - Visiting attribute path : visit.prescriptions.renewals
00:38:23.943 [main] DEBUG o.h.p.w.spi.MetamodelGraphWalker - Visiting attribute path : visit.prescriptions.startDate
00:38:23.943 [main] DEBUG o.h.p.w.spi.MetamodelGraphWalker - Visiting attribute path : visit.type
00:38:23.943 [main] DEBUG o.h.l.p.b.i.FetchStyleLoadPlanBuildingAssociationVisitationStrategy - Building LoadPlan...
00:38:23.943 [main] DEBUG o.h.l.p.e.i.LoadQueryJoinAndFetchProcessor - processing queryspace <gen:0>
00:38:23.945 [main] DEBUG o.h.l.p.b.spi.LoadPlanTreePrinter - LoadPlan(entity=edu.ncsu.csc.itrust2.models.persistent.Diagnosis)
    - Returns
       - EntityReturnImpl(entity=edu.ncsu.csc.itrust2.models.persistent.Diagnosis, querySpaceUid=<gen:0>, path=edu.ncsu.csc.itrust2.models.persistent.Diagnosis)
          - EntityAttributeFetchImpl(entity=edu.ncsu.csc.itrust2.models.persistent.ICDCode, querySpaceUid=<gen:1>, path=edu.ncsu.csc.itrust2.models.persistent.Diagnosis.code)
          - EntityAttributeFetchImpl(entity=edu.ncsu.csc.itrust2.models.persistent.OfficeVisit, querySpaceUid=<gen:2>, path=edu.ncsu.csc.itrust2.models.persistent.Diagnosis.visit)
             - EntityAttributeFetchImpl(entity=edu.ncsu.csc.itrust2.models.persistent.AppointmentRequest, querySpaceUid=<gen:3>, path=edu.ncsu.csc.itrust2.models.persistent.Diagnosis.visit.appointment)
                - EntityAttributeFetchImpl(entity=edu.ncsu.csc.itrust2.models.persistent.User, querySpaceUid=<gen:4>, path=edu.ncsu.csc.itrust2.models.persistent.Diagnosis.visit.appointment.hcp)
                - EntityAttributeFetchImpl(entity=edu.ncsu.csc.itrust2.models.persistent.User, querySpaceUid=<gen:5>, path=edu.ncsu.csc.itrust2.models.persistent.Diagnosis.visit.appointment.patient)
             - EntityAttributeFetchImpl(entity=edu.ncsu.csc.itrust2.models.persistent.BasicHealthMetrics, querySpaceUid=<gen:6>, path=edu.ncsu.csc.itrust2.models.persistent.Diagnosis.visit.basicHealthMetrics)
                - EntityAttributeFetchImpl(entity=edu.ncsu.csc.itrust2.models.persistent.User, querySpaceUid=<gen:7>, path=edu.ncsu.csc.itrust2.models.persistent.Diagnosis.visit.basicHealthMetrics.hcp)
                - EntityAttributeFetchImpl(entity=edu.ncsu.csc.itrust2.models.persistent.User, querySpaceUid=<gen:8>, path=edu.ncsu.csc.itrust2.models.persistent.Diagnosis.visit.basicHealthMetrics.patient)
             - EntityAttributeFetchImpl(entity=edu.ncsu.csc.itrust2.models.persistent.User, querySpaceUid=<gen:9>, path=edu.ncsu.csc.itrust2.models.persistent.Diagnosis.visit.hcp)
             - EntityAttributeFetchImpl(entity=edu.ncsu.csc.itrust2.models.persistent.Hospital, querySpaceUid=<gen:10>, path=edu.ncsu.csc.itrust2.models.persistent.Diagnosis.visit.hospital)
             - EntityAttributeFetchImpl(entity=edu.ncsu.csc.itrust2.models.persistent.User, querySpaceUid=<gen:11>, path=edu.ncsu.csc.itrust2.models.persistent.Diagnosis.visit.patient)
             - CollectionAttributeFetchImpl(collection=edu.ncsu.csc.itrust2.models.persistent.OfficeVisit.prescriptions, querySpaceUid=<gen:12>, path=edu.ncsu.csc.itrust2.models.persistent.Diagnosis.visit.prescriptions)
                - (collection element) CollectionFetchableElementEntityGraph(entity=edu.ncsu.csc.itrust2.models.persistent.Prescription, querySpaceUid=<gen:13>, path=edu.ncsu.csc.itrust2.models.persistent.Diagnosis.visit.prescriptions.<elements>)
                   - EntityAttributeFetchImpl(entity=edu.ncsu.csc.itrust2.models.persistent.Drug, querySpaceUid=<gen:14>, path=edu.ncsu.csc.itrust2.models.persistent.Diagnosis.visit.prescriptions.<elements>.drug)
                   - EntityAttributeFetchImpl(entity=edu.ncsu.csc.itrust2.models.persistent.User, querySpaceUid=<gen:15>, path=edu.ncsu.csc.itrust2.models.persistent.Diagnosis.visit.prescriptions.<elements>.patient)
    - QuerySpaces
       - EntityQuerySpaceImpl(uid=<gen:0>, entity=edu.ncsu.csc.itrust2.models.persistent.Diagnosis)
          - SQL table alias mapping - diagnosis0_
          - alias suffix - 0_
          - suffixed key columns - {id1_2_0_}
          - JOIN (JoinDefinedByMetadata(code)) : <gen:0> -> <gen:1>
             - EntityQuerySpaceImpl(uid=<gen:1>, entity=edu.ncsu.csc.itrust2.models.persistent.ICDCode)
                - SQL table alias mapping - icdcode1_
                - alias suffix - 1_
                - suffixed key columns - {id1_5_1_}
          - JOIN (JoinDefinedByMetadata(visit)) : <gen:0> -> <gen:2>
             - EntityQuerySpaceImpl(uid=<gen:2>, entity=edu.ncsu.csc.itrust2.models.persistent.OfficeVisit)
                - SQL table alias mapping - officevisi2_
                - alias suffix - 2_
                - suffixed key columns - {id1_10_2_}
                - JOIN (JoinDefinedByMetadata(appointment)) : <gen:2> -> <gen:3>
                   - EntityQuerySpaceImpl(uid=<gen:3>, entity=edu.ncsu.csc.itrust2.models.persistent.AppointmentRequest)
                      - SQL table alias mapping - appointmen3_
                      - alias suffix - 3_
                      - suffixed key columns - {id1_0_3_}
                - JOIN (JoinDefinedByMetadata(basicHealthMetrics)) : <gen:2> -> <gen:6>
                   - EntityQuerySpaceImpl(uid=<gen:6>, entity=edu.ncsu.csc.itrust2.models.persistent.BasicHealthMetrics)
                      - SQL table alias mapping - basichealt4_
                      - alias suffix - 4_
                      - suffixed key columns - {id1_1_4_}
                - JOIN (JoinDefinedByMetadata(hcp)) : <gen:2> -> <gen:9>
                   - EntityQuerySpaceImpl(uid=<gen:9>, entity=edu.ncsu.csc.itrust2.models.persistent.User)
                      - SQL table alias mapping - user5_
                      - alias suffix - 5_
                      - suffixed key columns - {username1_15_5_}
                - JOIN (JoinDefinedByMetadata(hospital)) : <gen:2> -> <gen:10>
                   - EntityQuerySpaceImpl(uid=<gen:10>, entity=edu.ncsu.csc.itrust2.models.persistent.Hospital)
                      - SQL table alias mapping - hospital6_
                      - alias suffix - 6_
                      - suffixed key columns - {name1_4_6_}
                - JOIN (JoinDefinedByMetadata(patient)) : <gen:2> -> <gen:11>
                   - EntityQuerySpaceImpl(uid=<gen:11>, entity=edu.ncsu.csc.itrust2.models.persistent.User)
                      - SQL table alias mapping - user7_
                      - alias suffix - 7_
                      - suffixed key columns - {username1_15_7_}
                - JOIN (JoinDefinedByMetadata(prescriptions)) : <gen:2> -> <gen:12>
                   - CollectionQuerySpaceImpl(uid=<gen:12>, collection=edu.ncsu.csc.itrust2.models.persistent.OfficeVisit.prescriptions)
                      - SQL table alias mapping - prescripti8_
                      - alias suffix - 8_
                      - suffixed key columns - {prescrip8_14_8_}
                      - entity-element alias suffix - 9_
                      - 9_entity-element suffixed key columns - id1_14_9_
                      - JOIN (JoinDefinedByMetadata(elements)) : <gen:12> -> <gen:13>
                         - EntityQuerySpaceImpl(uid=<gen:13>, entity=edu.ncsu.csc.itrust2.models.persistent.Prescription)
                            - SQL table alias mapping - prescripti8_
                            - alias suffix - 9_
                            - suffixed key columns - {id1_14_9_}

00:38:23.945 [main] DEBUG o.h.loader.entity.plan.EntityLoader - Static select for entity edu.ncsu.csc.itrust2.models.persistent.Diagnosis [READ]: select diagnosis0_.id as id1_2_0_, diagnosis0_.code_id as code_id3_2_0_, diagnosis0_.note as note2_2_0_, diagnosis0_.visit_id as visit_id4_2_0_, icdcode1_.id as id1_5_1_, icdcode1_.code as code2_5_1_, icdcode1_.description as descript3_5_1_, officevisi2_.id as id1_10_2_, officevisi2_.appointment_id as appointm5_10_2_, officevisi2_.basichealthmetrics_id as basichea6_10_2_, officevisi2_.date as date2_10_2_, officevisi2_.hcp_id as hcp_id7_10_2_, officevisi2_.hospital_id as hospital8_10_2_, officevisi2_.notes as notes3_10_2_, officevisi2_.patient_id as patient_9_10_2_, officevisi2_.type as type4_10_2_, appointmen3_.id as id1_0_3_, appointmen3_.comments as comments2_0_3_, appointmen3_.date as date3_0_3_, appointmen3_.hcp_id as hcp_id6_0_3_, appointmen3_.patient_id as patient_7_0_3_, appointmen3_.status as status4_0_3_, appointmen3_.type as type5_0_3_, basichealt4_.id as id1_1_4_, basichealt4_.diastolic as diastoli2_1_4_, basichealt4_.hcp_id as hcp_id12_1_4_, basichealt4_.hdl as hdl3_1_4_, basichealt4_.headCircumference as headCirc4_1_4_, basichealt4_.height as height5_1_4_, basichealt4_.houseSmokingStatus as houseSmo6_1_4_, basichealt4_.ldl as ldl7_1_4_, basichealt4_.patient_id as patient13_1_4_, basichealt4_.patientSmokingStatus as patientS8_1_4_, basichealt4_.systolic as systolic9_1_4_, basichealt4_.tri as tri10_1_4_, basichealt4_.weight as weight11_1_4_, user5_.username as username1_15_5_, user5_.enabled as enabled2_15_5_, user5_.password as password3_15_5_, user5_.role as role4_15_5_, hospital6_.name as name1_4_6_, hospital6_.address as address2_4_6_, hospital6_.state as state3_4_6_, hospital6_.zip as zip4_4_6_, user7_.username as username1_15_7_, user7_.enabled as enabled2_15_7_, user7_.password as password3_15_7_, user7_.role as role4_15_7_, prescripti8_.prescriptions_id as prescrip8_14_8_, prescripti8_.id as id1_14_8_, prescripti8_.id as id1_14_9_, prescripti8_.dosage as dosage2_14_9_, prescripti8_.drug_id as drug_id6_14_9_, prescripti8_.endDate as endDate3_14_9_, prescripti8_.patient_id as patient_7_14_9_, prescripti8_.renewals as renewals4_14_9_, prescripti8_.startDate as startDat5_14_9_ from Diagnoses diagnosis0_ inner join ICDCodes icdcode1_ on diagnosis0_.code_id=icdcode1_.id inner join OfficeVisits officevisi2_ on diagnosis0_.visit_id=officevisi2_.id left outer join AppointmentRequests appointmen3_ on officevisi2_.appointment_id=appointmen3_.id left outer join BasicHealthMetrics basichealt4_ on officevisi2_.basichealthmetrics_id=basichealt4_.id inner join Users user5_ on officevisi2_.hcp_id=user5_.username inner join Hospitals hospital6_ on officevisi2_.hospital_id=hospital6_.name inner join Users user7_ on officevisi2_.patient_id=user7_.username left outer join Prescriptions prescripti8_ on officevisi2_.id=prescripti8_.prescriptions_id where diagnosis0_.id=?
00:38:23.945 [main] DEBUG o.h.l.p.b.i.spaces.QuerySpacesImpl - Adding QuerySpace : uid = <gen:0> -> org.hibernate.loader.plan.build.internal.spaces.EntityQuerySpaceImpl@1699aa36]
00:38:23.945 [main] DEBUG o.h.p.w.spi.MetamodelGraphWalker - Visiting attribute path : code
00:38:23.945 [main] DEBUG o.h.l.p.b.i.spaces.QuerySpacesImpl - Adding QuerySpace : uid = <gen:1> -> org.hibernate.loader.plan.build.internal.spaces.EntityQuerySpaceImpl@7546d260]
00:38:23.945 [main] DEBUG o.h.p.w.spi.MetamodelGraphWalker - Visiting attribute path : note
00:38:23.945 [main] DEBUG o.h.p.w.spi.MetamodelGraphWalker - Visiting attribute path : visit
00:38:23.945 [main] DEBUG o.h.l.p.b.i.spaces.QuerySpacesImpl - Adding QuerySpace : uid = <gen:2> -> org.hibernate.loader.plan.build.internal.spaces.EntityQuerySpaceImpl@6558b5c7]
00:38:23.946 [main] DEBUG o.h.l.p.b.i.FetchStyleLoadPlanBuildingAssociationVisitationStrategy - Building LoadPlan...
00:38:23.946 [main] DEBUG o.h.l.p.e.i.LoadQueryJoinAndFetchProcessor - processing queryspace <gen:0>
00:38:23.946 [main] DEBUG o.h.l.p.b.spi.LoadPlanTreePrinter - LoadPlan(entity=edu.ncsu.csc.itrust2.models.persistent.Diagnosis)
    - Returns
       - EntityReturnImpl(entity=edu.ncsu.csc.itrust2.models.persistent.Diagnosis, querySpaceUid=<gen:0>, path=edu.ncsu.csc.itrust2.models.persistent.Diagnosis)
          - EntityAttributeFetchImpl(entity=edu.ncsu.csc.itrust2.models.persistent.ICDCode, querySpaceUid=<gen:1>, path=edu.ncsu.csc.itrust2.models.persistent.Diagnosis.code)
          - EntityAttributeFetchImpl(entity=edu.ncsu.csc.itrust2.models.persistent.OfficeVisit, querySpaceUid=<gen:2>, path=edu.ncsu.csc.itrust2.models.persistent.Diagnosis.visit)
    - QuerySpaces
       - EntityQuerySpaceImpl(uid=<gen:0>, entity=edu.ncsu.csc.itrust2.models.persistent.Diagnosis)
          - SQL table alias mapping - diagnosis0_
          - alias suffix - 0_
          - suffixed key columns - {id1_2_0_}

00:38:23.946 [main] DEBUG o.h.loader.entity.plan.EntityLoader - Static select for entity edu.ncsu.csc.itrust2.models.persistent.Diagnosis [UPGRADE]: select diagnosis0_.id as id1_2_0_, diagnosis0_.code_id as code_id3_2_0_, diagnosis0_.note as note2_2_0_, diagnosis0_.visit_id as visit_id4_2_0_ from Diagnoses diagnosis0_ where diagnosis0_.id=? for update
00:38:23.946 [main] DEBUG o.h.l.p.b.i.spaces.QuerySpacesImpl - Adding QuerySpace : uid = <gen:0> -> org.hibernate.loader.plan.build.internal.spaces.EntityQuerySpaceImpl@3e4b6b40]
00:38:23.946 [main] DEBUG o.h.p.w.spi.MetamodelGraphWalker - Visiting attribute path : code
00:38:23.946 [main] DEBUG o.h.l.p.b.i.spaces.QuerySpacesImpl - Adding QuerySpace : uid = <gen:1> -> org.hibernate.loader.plan.build.internal.spaces.EntityQuerySpaceImpl@7366b259]
00:38:23.946 [main] DEBUG o.h.p.w.spi.MetamodelGraphWalker - Visiting attribute path : note
00:38:23.946 [main] DEBUG o.h.p.w.spi.MetamodelGraphWalker - Visiting attribute path : visit
00:38:23.946 [main] DEBUG o.h.l.p.b.i.spaces.QuerySpacesImpl - Adding QuerySpace : uid = <gen:2> -> org.hibernate.loader.plan.build.internal.spaces.EntityQuerySpaceImpl@5330d77f]
00:38:23.946 [main] DEBUG o.h.l.p.b.i.FetchStyleLoadPlanBuildingAssociationVisitationStrategy - Building LoadPlan...
00:38:23.947 [main] DEBUG o.h.l.p.e.i.LoadQueryJoinAndFetchProcessor - processing queryspace <gen:0>
00:38:23.948 [main] DEBUG o.h.l.p.b.spi.LoadPlanTreePrinter - LoadPlan(entity=edu.ncsu.csc.itrust2.models.persistent.Diagnosis)
    - Returns
       - EntityReturnImpl(entity=edu.ncsu.csc.itrust2.models.persistent.Diagnosis, querySpaceUid=<gen:0>, path=edu.ncsu.csc.itrust2.models.persistent.Diagnosis)
          - EntityAttributeFetchImpl(entity=edu.ncsu.csc.itrust2.models.persistent.ICDCode, querySpaceUid=<gen:1>, path=edu.ncsu.csc.itrust2.models.persistent.Diagnosis.code)
          - EntityAttributeFetchImpl(entity=edu.ncsu.csc.itrust2.models.persistent.OfficeVisit, querySpaceUid=<gen:2>, path=edu.ncsu.csc.itrust2.models.persistent.Diagnosis.visit)
    - QuerySpaces
       - EntityQuerySpaceImpl(uid=<gen:0>, entity=edu.ncsu.csc.itrust2.models.persistent.Diagnosis)
          - SQL table alias mapping - diagnosis0_
          - alias suffix - 0_
          - suffixed key columns - {id1_2_0_}

00:38:23.948 [main] DEBUG o.h.loader.entity.plan.EntityLoader - Static select for entity edu.ncsu.csc.itrust2.models.persistent.Diagnosis [UPGRADE_NOWAIT]: select diagnosis0_.id as id1_2_0_, diagnosis0_.code_id as code_id3_2_0_, diagnosis0_.note as note2_2_0_, diagnosis0_.visit_id as visit_id4_2_0_ from Diagnoses diagnosis0_ where diagnosis0_.id=? for update
00:38:23.948 [main] DEBUG o.h.l.p.b.i.spaces.QuerySpacesImpl - Adding QuerySpace : uid = <gen:0> -> org.hibernate.loader.plan.build.internal.spaces.EntityQuerySpaceImpl@36c4a732]
00:38:23.948 [main] DEBUG o.h.p.w.spi.MetamodelGraphWalker - Visiting attribute path : code
00:38:23.949 [main] DEBUG o.h.l.p.b.i.spaces.QuerySpacesImpl - Adding QuerySpace : uid = <gen:1> -> org.hibernate.loader.plan.build.internal.spaces.EntityQuerySpaceImpl@452ccb54]
00:38:23.949 [main] DEBUG o.h.p.w.spi.MetamodelGraphWalker - Visiting attribute path : note
00:38:23.949 [main] DEBUG o.h.p.w.spi.MetamodelGraphWalker - Visiting attribute path : visit
00:38:23.949 [main] DEBUG o.h.l.p.b.i.spaces.QuerySpacesImpl - Adding QuerySpace : uid = <gen:2> -> org.hibernate.loader.plan.build.internal.spaces.EntityQuerySpaceImpl@107267a1]
00:38:23.949 [main] DEBUG o.h.l.p.b.i.FetchStyleLoadPlanBuildingAssociationVisitationStrategy - Building LoadPlan...
00:38:23.949 [main] DEBUG o.h.l.p.e.i.LoadQueryJoinAndFetchProcessor - processing queryspace <gen:0>
00:38:23.949 [main] DEBUG o.h.l.p.b.spi.LoadPlanTreePrinter - LoadPlan(entity=edu.ncsu.csc.itrust2.models.persistent.Diagnosis)
    - Returns
       - EntityReturnImpl(entity=edu.ncsu.csc.itrust2.models.persistent.Diagnosis, querySpaceUid=<gen:0>, path=edu.ncsu.csc.itrust2.models.persistent.Diagnosis)
          - EntityAttributeFetchImpl(entity=edu.ncsu.csc.itrust2.models.persistent.ICDCode, querySpaceUid=<gen:1>, path=edu.ncsu.csc.itrust2.models.persistent.Diagnosis.code)
          - EntityAttributeFetchImpl(entity=edu.ncsu.csc.itrust2.models.persistent.OfficeVisit, querySpaceUid=<gen:2>, path=edu.ncsu.csc.itrust2.models.persistent.Diagnosis.visit)
    - QuerySpaces
       - EntityQuerySpaceImpl(uid=<gen:0>, entity=edu.ncsu.csc.itrust2.models.persistent.Diagnosis)
          - SQL table alias mapping - diagnosis0_
          - alias suffix - 0_
          - suffixed key columns - {id1_2_0_}

00:38:23.949 [main] DEBUG o.h.loader.entity.plan.EntityLoader - Static select for entity edu.ncsu.csc.itrust2.models.persistent.Diagnosis [UPGRADE_SKIPLOCKED]: select diagnosis0_.id as id1_2_0_, diagnosis0_.code_id as code_id3_2_0_, diagnosis0_.note as note2_2_0_, diagnosis0_.visit_id as visit_id4_2_0_ from Diagnoses diagnosis0_ where diagnosis0_.id=? for update
00:38:23.949 [main] DEBUG o.h.l.p.b.i.spaces.QuerySpacesImpl - Adding QuerySpace : uid = <gen:0> -> org.hibernate.loader.plan.build.internal.spaces.EntityQuerySpaceImpl@31cbfaa]
00:38:23.950 [main] DEBUG o.h.p.w.spi.MetamodelGraphWalker - Visiting attribute path : code
00:38:23.950 [main] DEBUG o.h.l.p.b.i.spaces.QuerySpacesImpl - Adding QuerySpace : uid = <gen:1> -> org.hibernate.loader.plan.build.internal.spaces.EntityQuerySpaceImpl@518eef4c]
00:38:23.950 [main] DEBUG o.h.p.w.spi.MetamodelGraphWalker - Visiting attribute path : note
00:38:23.950 [main] DEBUG o.h.p.w.spi.MetamodelGraphWalker - Visiting attribute path : visit
00:38:23.950 [main] DEBUG o.h.l.p.b.i.spaces.QuerySpacesImpl - Adding QuerySpace : uid = <gen:2> -> org.hibernate.loader.plan.build.internal.spaces.EntityQuerySpaceImpl@52c2c5b3]
00:38:23.950 [main] DEBUG o.h.l.p.b.i.FetchStyleLoadPlanBuildingAssociationVisitationStrategy - Building LoadPlan...
00:38:23.950 [main] DEBUG o.h.l.p.e.i.LoadQueryJoinAndFetchProcessor - processing queryspace <gen:0>
00:38:23.951 [main] DEBUG o.h.l.p.b.spi.LoadPlanTreePrinter - LoadPlan(entity=edu.ncsu.csc.itrust2.models.persistent.Diagnosis)
    - Returns
       - EntityReturnImpl(entity=edu.ncsu.csc.itrust2.models.persistent.Diagnosis, querySpaceUid=<gen:0>, path=edu.ncsu.csc.itrust2.models.persistent.Diagnosis)
          - EntityAttributeFetchImpl(entity=edu.ncsu.csc.itrust2.models.persistent.ICDCode, querySpaceUid=<gen:1>, path=edu.ncsu.csc.itrust2.models.persistent.Diagnosis.code)
          - EntityAttributeFetchImpl(entity=edu.ncsu.csc.itrust2.models.persistent.OfficeVisit, querySpaceUid=<gen:2>, path=edu.ncsu.csc.itrust2.models.persistent.Diagnosis.visit)
    - QuerySpaces
       - EntityQuerySpaceImpl(uid=<gen:0>, entity=edu.ncsu.csc.itrust2.models.persistent.Diagnosis)
          - SQL table alias mapping - diagnosis0_
          - alias suffix - 0_
          - suffixed key columns - {id1_2_0_}

00:38:23.951 [main] DEBUG o.h.loader.entity.plan.EntityLoader - Static select for entity edu.ncsu.csc.itrust2.models.persistent.Diagnosis [FORCE]: select diagnosis0_.id as id1_2_0_, diagnosis0_.code_id as code_id3_2_0_, diagnosis0_.note as note2_2_0_, diagnosis0_.visit_id as visit_id4_2_0_ from Diagnoses diagnosis0_ where diagnosis0_.id=? for update
00:38:23.951 [main] DEBUG o.h.l.p.b.i.spaces.QuerySpacesImpl - Adding QuerySpace : uid = <gen:0> -> org.hibernate.loader.plan.build.internal.spaces.EntityQuerySpaceImpl@34c5c1ae]
00:38:23.951 [main] DEBUG o.h.p.w.spi.MetamodelGraphWalker - Visiting attribute path : code
00:38:23.951 [main] DEBUG o.h.l.p.b.i.spaces.QuerySpacesImpl - Adding QuerySpace : uid = <gen:1> -> org.hibernate.loader.plan.build.internal.spaces.EntityQuerySpaceImpl@3f80294b]
00:38:23.951 [main] DEBUG o.h.p.w.spi.MetamodelGraphWalker - Visiting attribute path : note
00:38:23.951 [main] DEBUG o.h.p.w.spi.MetamodelGraphWalker - Visiting attribute path : visit
00:38:23.952 [main] DEBUG o.h.l.p.b.i.spaces.QuerySpacesImpl - Adding QuerySpace : uid = <gen:2> -> org.hibernate.loader.plan.build.internal.spaces.EntityQuerySpaceImpl@7b2b9c55]
00:38:23.952 [main] DEBUG o.h.l.p.b.i.FetchStyleLoadPlanBuildingAssociationVisitationStrategy - Building LoadPlan...
00:38:23.952 [main] DEBUG o.h.l.p.e.i.LoadQueryJoinAndFetchProcessor - processing queryspace <gen:0>
00:38:23.954 [main] DEBUG o.h.l.p.b.spi.LoadPlanTreePrinter - LoadPlan(entity=edu.ncsu.csc.itrust2.models.persistent.Diagnosis)
    - Returns
       - EntityReturnImpl(entity=edu.ncsu.csc.itrust2.models.persistent.Diagnosis, querySpaceUid=<gen:0>, path=edu.ncsu.csc.itrust2.models.persistent.Diagnosis)
          - EntityAttributeFetchImpl(entity=edu.ncsu.csc.itrust2.models.persistent.ICDCode, querySpaceUid=<gen:1>, path=edu.ncsu.csc.itrust2.models.persistent.Diagnosis.code)
          - EntityAttributeFetchImpl(entity=edu.ncsu.csc.itrust2.models.persistent.OfficeVisit, querySpaceUid=<gen:2>, path=edu.ncsu.csc.itrust2.models.persistent.Diagnosis.visit)
    - QuerySpaces
       - EntityQuerySpaceImpl(uid=<gen:0>, entity=edu.ncsu.csc.itrust2.models.persistent.Diagnosis)
          - SQL table alias mapping - diagnosis0_
          - alias suffix - 0_
          - suffixed key columns - {id1_2_0_}

00:38:23.962 [main] DEBUG o.h.loader.entity.plan.EntityLoader - Static select for entity edu.ncsu.csc.itrust2.models.persistent.Diagnosis [PESSIMISTIC_READ]: select diagnosis0_.id as id1_2_0_, diagnosis0_.code_id as code_id3_2_0_, diagnosis0_.note as note2_2_0_, diagnosis0_.visit_id as visit_id4_2_0_ from Diagnoses diagnosis0_ where diagnosis0_.id=? lock in share mode
00:38:23.962 [main] DEBUG o.h.l.p.b.i.spaces.QuerySpacesImpl - Adding QuerySpace : uid = <gen:0> -> org.hibernate.loader.plan.build.internal.spaces.EntityQuerySpaceImpl@6179ea2f]
00:38:23.962 [main] DEBUG o.h.p.w.spi.MetamodelGraphWalker - Visiting attribute path : code
00:38:23.962 [main] DEBUG o.h.l.p.b.i.spaces.QuerySpacesImpl - Adding QuerySpace : uid = <gen:1> -> org.hibernate.loader.plan.build.internal.spaces.EntityQuerySpaceImpl@54d9de9c]
00:38:23.962 [main] DEBUG o.h.p.w.spi.MetamodelGraphWalker - Visiting attribute path : note
00:38:23.962 [main] DEBUG o.h.p.w.spi.MetamodelGraphWalker - Visiting attribute path : visit
00:38:23.963 [main] DEBUG o.h.l.p.b.i.spaces.QuerySpacesImpl - Adding QuerySpace : uid = <gen:2> -> org.hibernate.loader.plan.build.internal.spaces.EntityQuerySpaceImpl@73372966]
00:38:23.963 [main] DEBUG o.h.l.p.b.i.FetchStyleLoadPlanBuildingAssociationVisitationStrategy - Building LoadPlan...
00:38:23.963 [main] DEBUG o.h.l.p.e.i.LoadQueryJoinAndFetchProcessor - processing queryspace <gen:0>
00:38:23.963 [main] DEBUG o.h.l.p.b.spi.LoadPlanTreePrinter - LoadPlan(entity=edu.ncsu.csc.itrust2.models.persistent.Diagnosis)
    - Returns
       - EntityReturnImpl(entity=edu.ncsu.csc.itrust2.models.persistent.Diagnosis, querySpaceUid=<gen:0>, path=edu.ncsu.csc.itrust2.models.persistent.Diagnosis)
          - EntityAttributeFetchImpl(entity=edu.ncsu.csc.itrust2.models.persistent.ICDCode, querySpaceUid=<gen:1>, path=edu.ncsu.csc.itrust2.models.persistent.Diagnosis.code)
          - EntityAttributeFetchImpl(entity=edu.ncsu.csc.itrust2.models.persistent.OfficeVisit, querySpaceUid=<gen:2>, path=edu.ncsu.csc.itrust2.models.persistent.Diagnosis.visit)
    - QuerySpaces
       - EntityQuerySpaceImpl(uid=<gen:0>, entity=edu.ncsu.csc.itrust2.models.persistent.Diagnosis)
          - SQL table alias mapping - diagnosis0_
          - alias suffix - 0_
          - suffixed key columns - {id1_2_0_}

00:38:23.963 [main] DEBUG o.h.loader.entity.plan.EntityLoader - Static select for entity edu.ncsu.csc.itrust2.models.persistent.Diagnosis [PESSIMISTIC_WRITE]: select diagnosis0_.id as id1_2_0_, diagnosis0_.code_id as code_id3_2_0_, diagnosis0_.note as note2_2_0_, diagnosis0_.visit_id as visit_id4_2_0_ from Diagnoses diagnosis0_ where diagnosis0_.id=? for update
00:38:23.963 [main] DEBUG o.h.l.p.b.i.spaces.QuerySpacesImpl - Adding QuerySpace : uid = <gen:0> -> org.hibernate.loader.plan.build.internal.spaces.EntityQuerySpaceImpl@5d319dbd]
00:38:23.963 [main] DEBUG o.h.p.w.spi.MetamodelGraphWalker - Visiting attribute path : code
00:38:23.963 [main] DEBUG o.h.l.p.b.i.spaces.QuerySpacesImpl - Adding QuerySpace : uid = <gen:1> -> org.hibernate.loader.plan.build.internal.spaces.EntityQuerySpaceImpl@46ed94a1]
00:38:23.963 [main] DEBUG o.h.p.w.spi.MetamodelGraphWalker - Visiting attribute path : note
00:38:23.963 [main] DEBUG o.h.p.w.spi.MetamodelGraphWalker - Visiting attribute path : visit
00:38:23.963 [main] DEBUG o.h.l.p.b.i.spaces.QuerySpacesImpl - Adding QuerySpace : uid = <gen:2> -> org.hibernate.loader.plan.build.internal.spaces.EntityQuerySpaceImpl@c5be903]
00:38:23.964 [main] DEBUG o.h.l.p.b.i.FetchStyleLoadPlanBuildingAssociationVisitationStrategy - Building LoadPlan...
00:38:23.964 [main] DEBUG o.h.l.p.e.i.LoadQueryJoinAndFetchProcessor - processing queryspace <gen:0>
00:38:23.964 [main] DEBUG o.h.l.p.b.spi.LoadPlanTreePrinter - LoadPlan(entity=edu.ncsu.csc.itrust2.models.persistent.Diagnosis)
    - Returns
       - EntityReturnImpl(entity=edu.ncsu.csc.itrust2.models.persistent.Diagnosis, querySpaceUid=<gen:0>, path=edu.ncsu.csc.itrust2.models.persistent.Diagnosis)
          - EntityAttributeFetchImpl(entity=edu.ncsu.csc.itrust2.models.persistent.ICDCode, querySpaceUid=<gen:1>, path=edu.ncsu.csc.itrust2.models.persistent.Diagnosis.code)
          - EntityAttributeFetchImpl(entity=edu.ncsu.csc.itrust2.models.persistent.OfficeVisit, querySpaceUid=<gen:2>, path=edu.ncsu.csc.itrust2.models.persistent.Diagnosis.visit)
    - QuerySpaces
       - EntityQuerySpaceImpl(uid=<gen:0>, entity=edu.ncsu.csc.itrust2.models.persistent.Diagnosis)
          - SQL table alias mapping - diagnosis0_
          - alias suffix - 0_
          - suffixed key columns - {id1_2_0_}

00:38:23.964 [main] DEBUG o.h.loader.entity.plan.EntityLoader - Static select for entity edu.ncsu.csc.itrust2.models.persistent.Diagnosis [PESSIMISTIC_FORCE_INCREMENT]: select diagnosis0_.id as id1_2_0_, diagnosis0_.code_id as code_id3_2_0_, diagnosis0_.note as note2_2_0_, diagnosis0_.visit_id as visit_id4_2_0_ from Diagnoses diagnosis0_ where diagnosis0_.id=? for update
00:38:23.964 [main] DEBUG o.h.l.p.b.i.spaces.QuerySpacesImpl - Adding QuerySpace : uid = <gen:0> -> org.hibernate.loader.plan.build.internal.spaces.EntityQuerySpaceImpl@5d564140]
00:38:23.964 [main] DEBUG o.h.p.w.spi.MetamodelGraphWalker - Visiting attribute path : code
00:38:23.964 [main] DEBUG o.h.l.p.b.i.spaces.QuerySpacesImpl - Adding QuerySpace : uid = <gen:1> -> org.hibernate.loader.plan.build.internal.spaces.EntityQuerySpaceImpl@7f02762f]
00:38:23.964 [main] DEBUG o.h.p.w.spi.MetamodelGraphWalker - Visiting attribute path : note
00:38:23.964 [main] DEBUG o.h.p.w.spi.MetamodelGraphWalker - Visiting attribute path : visit
00:38:23.964 [main] DEBUG o.h.l.p.b.i.spaces.QuerySpacesImpl - Adding QuerySpace : uid = <gen:2> -> org.hibernate.loader.plan.build.internal.spaces.EntityQuerySpaceImpl@2cc28b3d]
00:38:23.964 [main] DEBUG o.h.l.p.b.i.FetchStyleLoadPlanBuildingAssociationVisitationStrategy - Building LoadPlan...
00:38:23.965 [main] DEBUG o.h.l.p.e.i.LoadQueryJoinAndFetchProcessor - processing queryspace <gen:0>
00:38:23.965 [main] DEBUG o.h.l.p.b.spi.LoadPlanTreePrinter - LoadPlan(entity=edu.ncsu.csc.itrust2.models.persistent.Diagnosis)
    - Returns
       - EntityReturnImpl(entity=edu.ncsu.csc.itrust2.models.persistent.Diagnosis, querySpaceUid=<gen:0>, path=edu.ncsu.csc.itrust2.models.persistent.Diagnosis)
          - EntityAttributeFetchImpl(entity=edu.ncsu.csc.itrust2.models.persistent.ICDCode, querySpaceUid=<gen:1>, path=edu.ncsu.csc.itrust2.models.persistent.Diagnosis.code)
          - EntityAttributeFetchImpl(entity=edu.ncsu.csc.itrust2.models.persistent.OfficeVisit, querySpaceUid=<gen:2>, path=edu.ncsu.csc.itrust2.models.persistent.Diagnosis.visit)
    - QuerySpaces
       - EntityQuerySpaceImpl(uid=<gen:0>, entity=edu.ncsu.csc.itrust2.models.persistent.Diagnosis)
          - SQL table alias mapping - diagnosis0_
          - alias suffix - 0_
          - suffixed key columns - {id1_2_0_}

00:38:23.965 [main] DEBUG o.h.loader.entity.plan.EntityLoader - Static select for entity edu.ncsu.csc.itrust2.models.persistent.Diagnosis [OPTIMISTIC]: select diagnosis0_.id as id1_2_0_, diagnosis0_.code_id as code_id3_2_0_, diagnosis0_.note as note2_2_0_, diagnosis0_.visit_id as visit_id4_2_0_ from Diagnoses diagnosis0_ where diagnosis0_.id=?
00:38:23.965 [main] DEBUG o.h.l.p.b.i.spaces.QuerySpacesImpl - Adding QuerySpace : uid = <gen:0> -> org.hibernate.loader.plan.build.internal.spaces.EntityQuerySpaceImpl@43f193a4]
00:38:23.965 [main] DEBUG o.h.p.w.spi.MetamodelGraphWalker - Visiting attribute path : code
00:38:23.965 [main] DEBUG o.h.l.p.b.i.spaces.QuerySpacesImpl - Adding QuerySpace : uid = <gen:1> -> org.hibernate.loader.plan.build.internal.spaces.EntityQuerySpaceImpl@7f5b59ed]
00:38:23.966 [main] DEBUG o.h.p.w.spi.MetamodelGraphWalker - Visiting attribute path : note
00:38:23.966 [main] DEBUG o.h.p.w.spi.MetamodelGraphWalker - Visiting attribute path : visit
00:38:23.966 [main] DEBUG o.h.l.p.b.i.spaces.QuerySpacesImpl - Adding QuerySpace : uid = <gen:2> -> org.hibernate.loader.plan.build.internal.spaces.EntityQuerySpaceImpl@47f8be58]
00:38:23.966 [main] DEBUG o.h.l.p.b.i.FetchStyleLoadPlanBuildingAssociationVisitationStrategy - Building LoadPlan...
00:38:23.966 [main] DEBUG o.h.l.p.e.i.LoadQueryJoinAndFetchProcessor - processing queryspace <gen:0>
00:38:23.966 [main] DEBUG o.h.l.p.b.spi.LoadPlanTreePrinter - LoadPlan(entity=edu.ncsu.csc.itrust2.models.persistent.Diagnosis)
    - Returns
       - EntityReturnImpl(entity=edu.ncsu.csc.itrust2.models.persistent.Diagnosis, querySpaceUid=<gen:0>, path=edu.ncsu.csc.itrust2.models.persistent.Diagnosis)
          - EntityAttributeFetchImpl(entity=edu.ncsu.csc.itrust2.models.persistent.ICDCode, querySpaceUid=<gen:1>, path=edu.ncsu.csc.itrust2.models.persistent.Diagnosis.code)
          - EntityAttributeFetchImpl(entity=edu.ncsu.csc.itrust2.models.persistent.OfficeVisit, querySpaceUid=<gen:2>, path=edu.ncsu.csc.itrust2.models.persistent.Diagnosis.visit)
    - QuerySpaces
       - EntityQuerySpaceImpl(uid=<gen:0>, entity=edu.ncsu.csc.itrust2.models.persistent.Diagnosis)
          - SQL table alias mapping - diagnosis0_
          - alias suffix - 0_
          - suffixed key columns - {id1_2_0_}

00:38:23.966 [main] DEBUG o.h.loader.entity.plan.EntityLoader - Static select for entity edu.ncsu.csc.itrust2.models.persistent.Diagnosis [OPTIMISTIC_FORCE_INCREMENT]: select diagnosis0_.id as id1_2_0_, diagnosis0_.code_id as code_id3_2_0_, diagnosis0_.note as note2_2_0_, diagnosis0_.visit_id as visit_id4_2_0_ from Diagnoses diagnosis0_ where diagnosis0_.id=?
00:38:23.966 [main] DEBUG org.hibernate.loader.Loader - Static select for action ACTION_MERGE on entity edu.ncsu.csc.itrust2.models.persistent.Diagnosis: select diagnosis0_.id as id1_2_0_, diagnosis0_.code_id as code_id3_2_0_, diagnosis0_.note as note2_2_0_, diagnosis0_.visit_id as visit_id4_2_0_ from Diagnoses diagnosis0_ where diagnosis0_.id=?
00:38:23.967 [main] DEBUG org.hibernate.loader.Loader - Static select for action ACTION_REFRESH on entity edu.ncsu.csc.itrust2.models.persistent.Diagnosis: select diagnosis0_.id as id1_2_0_, diagnosis0_.code_id as code_id3_2_0_, diagnosis0_.note as note2_2_0_, diagnosis0_.visit_id as visit_id4_2_0_ from Diagnoses diagnosis0_ where diagnosis0_.id=?
00:38:23.967 [main] DEBUG o.h.p.entity.AbstractEntityPersister - Static SQL for entity: edu.ncsu.csc.itrust2.models.persistent.User
00:38:23.967 [main] DEBUG o.h.p.entity.AbstractEntityPersister -  Version select: select username from Users where username =?
00:38:23.967 [main] DEBUG o.h.p.entity.AbstractEntityPersister -  Snapshot select: select user_.username, user_.enabled as enabled2_15_, user_.password as password3_15_, user_.role as role4_15_ from Users user_ where user_.username=?
00:38:23.967 [main] DEBUG o.h.p.entity.AbstractEntityPersister -  Insert 0: insert into Users (enabled, password, role, username) values (?, ?, ?, ?)
00:38:23.967 [main] DEBUG o.h.p.entity.AbstractEntityPersister -  Update 0: update Users set enabled=?, password=?, role=? where username=?
00:38:23.967 [main] DEBUG o.h.p.entity.AbstractEntityPersister -  Delete 0: delete from Users where username=?
00:38:23.967 [main] DEBUG o.h.l.p.b.i.spaces.QuerySpacesImpl - Adding QuerySpace : uid = <gen:0> -> org.hibernate.loader.plan.build.internal.spaces.EntityQuerySpaceImpl@85b79b0]
00:38:23.968 [main] DEBUG o.h.p.w.spi.MetamodelGraphWalker - Visiting attribute path : enabled
00:38:23.968 [main] DEBUG o.h.p.w.spi.MetamodelGraphWalker - Visiting attribute path : password
00:38:23.968 [main] DEBUG o.h.p.w.spi.MetamodelGraphWalker - Visiting attribute path : role
00:38:23.968 [main] DEBUG o.h.l.p.b.i.FetchStyleLoadPlanBuildingAssociationVisitationStrategy - Building LoadPlan...
00:38:23.968 [main] DEBUG o.h.l.p.e.i.LoadQueryJoinAndFetchProcessor - processing queryspace <gen:0>
00:38:23.968 [main] DEBUG o.h.l.p.b.spi.LoadPlanTreePrinter - LoadPlan(entity=edu.ncsu.csc.itrust2.models.persistent.User)
    - Returns
       - EntityReturnImpl(entity=edu.ncsu.csc.itrust2.models.persistent.User, querySpaceUid=<gen:0>, path=edu.ncsu.csc.itrust2.models.persistent.User)
    - QuerySpaces
       - EntityQuerySpaceImpl(uid=<gen:0>, entity=edu.ncsu.csc.itrust2.models.persistent.User)
          - SQL table alias mapping - user0_
          - alias suffix - 0_
          - suffixed key columns - {username1_15_0_}

00:38:23.968 [main] DEBUG o.h.loader.entity.plan.EntityLoader - Static select for entity edu.ncsu.csc.itrust2.models.persistent.User [NONE]: select user0_.username as username1_15_0_, user0_.enabled as enabled2_15_0_, user0_.password as password3_15_0_, user0_.role as role4_15_0_ from Users user0_ where user0_.username=?
00:38:23.968 [main] DEBUG o.h.l.p.b.i.spaces.QuerySpacesImpl - Adding QuerySpace : uid = <gen:0> -> org.hibernate.loader.plan.build.internal.spaces.EntityQuerySpaceImpl@19ef6dc6]
00:38:23.968 [main] DEBUG o.h.p.w.spi.MetamodelGraphWalker - Visiting attribute path : enabled
00:38:23.968 [main] DEBUG o.h.p.w.spi.MetamodelGraphWalker - Visiting attribute path : password
00:38:23.968 [main] DEBUG o.h.p.w.spi.MetamodelGraphWalker - Visiting attribute path : role
00:38:23.968 [main] DEBUG o.h.l.p.b.i.FetchStyleLoadPlanBuildingAssociationVisitationStrategy - Building LoadPlan...
00:38:23.968 [main] DEBUG o.h.l.p.e.i.LoadQueryJoinAndFetchProcessor - processing queryspace <gen:0>
00:38:23.969 [main] DEBUG o.h.l.p.b.spi.LoadPlanTreePrinter - LoadPlan(entity=edu.ncsu.csc.itrust2.models.persistent.User)
    - Returns
       - EntityReturnImpl(entity=edu.ncsu.csc.itrust2.models.persistent.User, querySpaceUid=<gen:0>, path=edu.ncsu.csc.itrust2.models.persistent.User)
    - QuerySpaces
       - EntityQuerySpaceImpl(uid=<gen:0>, entity=edu.ncsu.csc.itrust2.models.persistent.User)
          - SQL table alias mapping - user0_
          - alias suffix - 0_
          - suffixed key columns - {username1_15_0_}

00:38:23.969 [main] DEBUG o.h.loader.entity.plan.EntityLoader - Static select for entity edu.ncsu.csc.itrust2.models.persistent.User [READ]: select user0_.username as username1_15_0_, user0_.enabled as enabled2_15_0_, user0_.password as password3_15_0_, user0_.role as role4_15_0_ from Users user0_ where user0_.username=?
00:38:23.969 [main] DEBUG o.h.l.p.b.i.spaces.QuerySpacesImpl - Adding QuerySpace : uid = <gen:0> -> org.hibernate.loader.plan.build.internal.spaces.EntityQuerySpaceImpl@48a276e8]
00:38:23.969 [main] DEBUG o.h.p.w.spi.MetamodelGraphWalker - Visiting attribute path : enabled
00:38:23.969 [main] DEBUG o.h.p.w.spi.MetamodelGraphWalker - Visiting attribute path : password
00:38:23.969 [main] DEBUG o.h.p.w.spi.MetamodelGraphWalker - Visiting attribute path : role
00:38:23.969 [main] DEBUG o.h.l.p.b.i.FetchStyleLoadPlanBuildingAssociationVisitationStrategy - Building LoadPlan...
00:38:23.969 [main] DEBUG o.h.l.p.e.i.LoadQueryJoinAndFetchProcessor - processing queryspace <gen:0>
00:38:23.969 [main] DEBUG o.h.l.p.b.spi.LoadPlanTreePrinter - LoadPlan(entity=edu.ncsu.csc.itrust2.models.persistent.User)
    - Returns
       - EntityReturnImpl(entity=edu.ncsu.csc.itrust2.models.persistent.User, querySpaceUid=<gen:0>, path=edu.ncsu.csc.itrust2.models.persistent.User)
    - QuerySpaces
       - EntityQuerySpaceImpl(uid=<gen:0>, entity=edu.ncsu.csc.itrust2.models.persistent.User)
          - SQL table alias mapping - user0_
          - alias suffix - 0_
          - suffixed key columns - {username1_15_0_}

00:38:23.969 [main] DEBUG o.h.loader.entity.plan.EntityLoader - Static select for entity edu.ncsu.csc.itrust2.models.persistent.User [UPGRADE]: select user0_.username as username1_15_0_, user0_.enabled as enabled2_15_0_, user0_.password as password3_15_0_, user0_.role as role4_15_0_ from Users user0_ where user0_.username=? for update
00:38:23.969 [main] DEBUG o.h.l.p.b.i.spaces.QuerySpacesImpl - Adding QuerySpace : uid = <gen:0> -> org.hibernate.loader.plan.build.internal.spaces.EntityQuerySpaceImpl@60a9d6f8]
00:38:23.969 [main] DEBUG o.h.p.w.spi.MetamodelGraphWalker - Visiting attribute path : enabled
00:38:23.969 [main] DEBUG o.h.p.w.spi.MetamodelGraphWalker - Visiting attribute path : password
00:38:23.969 [main] DEBUG o.h.p.w.spi.MetamodelGraphWalker - Visiting attribute path : role
00:38:23.969 [main] DEBUG o.h.l.p.b.i.FetchStyleLoadPlanBuildingAssociationVisitationStrategy - Building LoadPlan...
00:38:23.970 [main] DEBUG o.h.l.p.e.i.LoadQueryJoinAndFetchProcessor - processing queryspace <gen:0>
00:38:23.970 [main] DEBUG o.h.l.p.b.spi.LoadPlanTreePrinter - LoadPlan(entity=edu.ncsu.csc.itrust2.models.persistent.User)
    - Returns
       - EntityReturnImpl(entity=edu.ncsu.csc.itrust2.models.persistent.User, querySpaceUid=<gen:0>, path=edu.ncsu.csc.itrust2.models.persistent.User)
    - QuerySpaces
       - EntityQuerySpaceImpl(uid=<gen:0>, entity=edu.ncsu.csc.itrust2.models.persistent.User)
          - SQL table alias mapping - user0_
          - alias suffix - 0_
          - suffixed key columns - {username1_15_0_}

00:38:23.970 [main] DEBUG o.h.loader.entity.plan.EntityLoader - Static select for entity edu.ncsu.csc.itrust2.models.persistent.User [UPGRADE_NOWAIT]: select user0_.username as username1_15_0_, user0_.enabled as enabled2_15_0_, user0_.password as password3_15_0_, user0_.role as role4_15_0_ from Users user0_ where user0_.username=? for update
00:38:23.970 [main] DEBUG o.h.l.p.b.i.spaces.QuerySpacesImpl - Adding QuerySpace : uid = <gen:0> -> org.hibernate.loader.plan.build.internal.spaces.EntityQuerySpaceImpl@1875326b]
00:38:23.970 [main] DEBUG o.h.p.w.spi.MetamodelGraphWalker - Visiting attribute path : enabled
00:38:23.970 [main] DEBUG o.h.p.w.spi.MetamodelGraphWalker - Visiting attribute path : password
00:38:23.970 [main] DEBUG o.h.p.w.spi.MetamodelGraphWalker - Visiting attribute path : role
00:38:23.970 [main] DEBUG o.h.l.p.b.i.FetchStyleLoadPlanBuildingAssociationVisitationStrategy - Building LoadPlan...
00:38:23.970 [main] DEBUG o.h.l.p.e.i.LoadQueryJoinAndFetchProcessor - processing queryspace <gen:0>
00:38:23.970 [main] DEBUG o.h.l.p.b.spi.LoadPlanTreePrinter - LoadPlan(entity=edu.ncsu.csc.itrust2.models.persistent.User)
    - Returns
       - EntityReturnImpl(entity=edu.ncsu.csc.itrust2.models.persistent.User, querySpaceUid=<gen:0>, path=edu.ncsu.csc.itrust2.models.persistent.User)
    - QuerySpaces
       - EntityQuerySpaceImpl(uid=<gen:0>, entity=edu.ncsu.csc.itrust2.models.persistent.User)
          - SQL table alias mapping - user0_
          - alias suffix - 0_
          - suffixed key columns - {username1_15_0_}

00:38:23.970 [main] DEBUG o.h.loader.entity.plan.EntityLoader - Static select for entity edu.ncsu.csc.itrust2.models.persistent.User [UPGRADE_SKIPLOCKED]: select user0_.username as username1_15_0_, user0_.enabled as enabled2_15_0_, user0_.password as password3_15_0_, user0_.role as role4_15_0_ from Users user0_ where user0_.username=? for update
00:38:23.971 [main] DEBUG o.h.l.p.b.i.spaces.QuerySpacesImpl - Adding QuerySpace : uid = <gen:0> -> org.hibernate.loader.plan.build.internal.spaces.EntityQuerySpaceImpl@640c71bc]
00:38:23.971 [main] DEBUG o.h.p.w.spi.MetamodelGraphWalker - Visiting attribute path : enabled
00:38:23.971 [main] DEBUG o.h.p.w.spi.MetamodelGraphWalker - Visiting attribute path : password
00:38:23.971 [main] DEBUG o.h.p.w.spi.MetamodelGraphWalker - Visiting attribute path : role
00:38:23.971 [main] DEBUG o.h.l.p.b.i.FetchStyleLoadPlanBuildingAssociationVisitationStrategy - Building LoadPlan...
00:38:23.971 [main] DEBUG o.h.l.p.e.i.LoadQueryJoinAndFetchProcessor - processing queryspace <gen:0>
00:38:23.971 [main] DEBUG o.h.l.p.b.spi.LoadPlanTreePrinter - LoadPlan(entity=edu.ncsu.csc.itrust2.models.persistent.User)
    - Returns
       - EntityReturnImpl(entity=edu.ncsu.csc.itrust2.models.persistent.User, querySpaceUid=<gen:0>, path=edu.ncsu.csc.itrust2.models.persistent.User)
    - QuerySpaces
       - EntityQuerySpaceImpl(uid=<gen:0>, entity=edu.ncsu.csc.itrust2.models.persistent.User)
          - SQL table alias mapping - user0_
          - alias suffix - 0_
          - suffixed key columns - {username1_15_0_}

00:38:23.971 [main] DEBUG o.h.loader.entity.plan.EntityLoader - Static select for entity edu.ncsu.csc.itrust2.models.persistent.User [FORCE]: select user0_.username as username1_15_0_, user0_.enabled as enabled2_15_0_, user0_.password as password3_15_0_, user0_.role as role4_15_0_ from Users user0_ where user0_.username=? for update
00:38:23.971 [main] DEBUG o.h.l.p.b.i.spaces.QuerySpacesImpl - Adding QuerySpace : uid = <gen:0> -> org.hibernate.loader.plan.build.internal.spaces.EntityQuerySpaceImpl@4e35920b]
00:38:23.971 [main] DEBUG o.h.p.w.spi.MetamodelGraphWalker - Visiting attribute path : enabled
00:38:23.971 [main] DEBUG o.h.p.w.spi.MetamodelGraphWalker - Visiting attribute path : password
00:38:23.971 [main] DEBUG o.h.p.w.spi.MetamodelGraphWalker - Visiting attribute path : role
00:38:23.971 [main] DEBUG o.h.l.p.b.i.FetchStyleLoadPlanBuildingAssociationVisitationStrategy - Building LoadPlan...
00:38:23.971 [main] DEBUG o.h.l.p.e.i.LoadQueryJoinAndFetchProcessor - processing queryspace <gen:0>
00:38:23.972 [main] DEBUG o.h.l.p.b.spi.LoadPlanTreePrinter - LoadPlan(entity=edu.ncsu.csc.itrust2.models.persistent.User)
    - Returns
       - EntityReturnImpl(entity=edu.ncsu.csc.itrust2.models.persistent.User, querySpaceUid=<gen:0>, path=edu.ncsu.csc.itrust2.models.persistent.User)
    - QuerySpaces
       - EntityQuerySpaceImpl(uid=<gen:0>, entity=edu.ncsu.csc.itrust2.models.persistent.User)
          - SQL table alias mapping - user0_
          - alias suffix - 0_
          - suffixed key columns - {username1_15_0_}

00:38:23.972 [main] DEBUG o.h.loader.entity.plan.EntityLoader - Static select for entity edu.ncsu.csc.itrust2.models.persistent.User [PESSIMISTIC_READ]: select user0_.username as username1_15_0_, user0_.enabled as enabled2_15_0_, user0_.password as password3_15_0_, user0_.role as role4_15_0_ from Users user0_ where user0_.username=? lock in share mode
00:38:23.972 [main] DEBUG o.h.l.p.b.i.spaces.QuerySpacesImpl - Adding QuerySpace : uid = <gen:0> -> org.hibernate.loader.plan.build.internal.spaces.EntityQuerySpaceImpl@602673d9]
00:38:23.972 [main] DEBUG o.h.p.w.spi.MetamodelGraphWalker - Visiting attribute path : enabled
00:38:23.972 [main] DEBUG o.h.p.w.spi.MetamodelGraphWalker - Visiting attribute path : password
00:38:23.972 [main] DEBUG o.h.p.w.spi.MetamodelGraphWalker - Visiting attribute path : role
00:38:23.972 [main] DEBUG o.h.l.p.b.i.FetchStyleLoadPlanBuildingAssociationVisitationStrategy - Building LoadPlan...
00:38:23.972 [main] DEBUG o.h.l.p.e.i.LoadQueryJoinAndFetchProcessor - processing queryspace <gen:0>
00:38:23.972 [main] DEBUG o.h.l.p.b.spi.LoadPlanTreePrinter - LoadPlan(entity=edu.ncsu.csc.itrust2.models.persistent.User)
    - Returns
       - EntityReturnImpl(entity=edu.ncsu.csc.itrust2.models.persistent.User, querySpaceUid=<gen:0>, path=edu.ncsu.csc.itrust2.models.persistent.User)
    - QuerySpaces
       - EntityQuerySpaceImpl(uid=<gen:0>, entity=edu.ncsu.csc.itrust2.models.persistent.User)
          - SQL table alias mapping - user0_
          - alias suffix - 0_
          - suffixed key columns - {username1_15_0_}

00:38:23.972 [main] DEBUG o.h.loader.entity.plan.EntityLoader - Static select for entity edu.ncsu.csc.itrust2.models.persistent.User [PESSIMISTIC_WRITE]: select user0_.username as username1_15_0_, user0_.enabled as enabled2_15_0_, user0_.password as password3_15_0_, user0_.role as role4_15_0_ from Users user0_ where user0_.username=? for update
00:38:23.972 [main] DEBUG o.h.l.p.b.i.spaces.QuerySpacesImpl - Adding QuerySpace : uid = <gen:0> -> org.hibernate.loader.plan.build.internal.spaces.EntityQuerySpaceImpl@6d63ddaf]
00:38:23.972 [main] DEBUG o.h.p.w.spi.MetamodelGraphWalker - Visiting attribute path : enabled
00:38:23.972 [main] DEBUG o.h.p.w.spi.MetamodelGraphWalker - Visiting attribute path : password
00:38:23.972 [main] DEBUG o.h.p.w.spi.MetamodelGraphWalker - Visiting attribute path : role
00:38:23.972 [main] DEBUG o.h.l.p.b.i.FetchStyleLoadPlanBuildingAssociationVisitationStrategy - Building LoadPlan...
00:38:23.973 [main] DEBUG o.h.l.p.e.i.LoadQueryJoinAndFetchProcessor - processing queryspace <gen:0>
00:38:23.983 [main] DEBUG o.h.l.p.b.spi.LoadPlanTreePrinter - LoadPlan(entity=edu.ncsu.csc.itrust2.models.persistent.User)
    - Returns
       - EntityReturnImpl(entity=edu.ncsu.csc.itrust2.models.persistent.User, querySpaceUid=<gen:0>, path=edu.ncsu.csc.itrust2.models.persistent.User)
    - QuerySpaces
       - EntityQuerySpaceImpl(uid=<gen:0>, entity=edu.ncsu.csc.itrust2.models.persistent.User)
          - SQL table alias mapping - user0_
          - alias suffix - 0_
          - suffixed key columns - {username1_15_0_}

00:38:23.983 [main] DEBUG o.h.loader.entity.plan.EntityLoader - Static select for entity edu.ncsu.csc.itrust2.models.persistent.User [PESSIMISTIC_FORCE_INCREMENT]: select user0_.username as username1_15_0_, user0_.enabled as enabled2_15_0_, user0_.password as password3_15_0_, user0_.role as role4_15_0_ from Users user0_ where user0_.username=? for update
00:38:23.983 [main] DEBUG o.h.l.p.b.i.spaces.QuerySpacesImpl - Adding QuerySpace : uid = <gen:0> -> org.hibernate.loader.plan.build.internal.spaces.EntityQuerySpaceImpl@5a3465b5]
00:38:23.983 [main] DEBUG o.h.p.w.spi.MetamodelGraphWalker - Visiting attribute path : enabled
00:38:23.983 [main] DEBUG o.h.p.w.spi.MetamodelGraphWalker - Visiting attribute path : password
00:38:23.983 [main] DEBUG o.h.p.w.spi.MetamodelGraphWalker - Visiting attribute path : role
00:38:23.983 [main] DEBUG o.h.l.p.b.i.FetchStyleLoadPlanBuildingAssociationVisitationStrategy - Building LoadPlan...
00:38:23.983 [main] DEBUG o.h.l.p.e.i.LoadQueryJoinAndFetchProcessor - processing queryspace <gen:0>
00:38:23.983 [main] DEBUG o.h.l.p.b.spi.LoadPlanTreePrinter - LoadPlan(entity=edu.ncsu.csc.itrust2.models.persistent.User)
    - Returns
       - EntityReturnImpl(entity=edu.ncsu.csc.itrust2.models.persistent.User, querySpaceUid=<gen:0>, path=edu.ncsu.csc.itrust2.models.persistent.User)
    - QuerySpaces
       - EntityQuerySpaceImpl(uid=<gen:0>, entity=edu.ncsu.csc.itrust2.models.persistent.User)
          - SQL table alias mapping - user0_
          - alias suffix - 0_
          - suffixed key columns - {username1_15_0_}

00:38:23.985 [main] DEBUG o.h.loader.entity.plan.EntityLoader - Static select for entity edu.ncsu.csc.itrust2.models.persistent.User [OPTIMISTIC]: select user0_.username as username1_15_0_, user0_.enabled as enabled2_15_0_, user0_.password as password3_15_0_, user0_.role as role4_15_0_ from Users user0_ where user0_.username=?
00:38:23.985 [main] DEBUG o.h.l.p.b.i.spaces.QuerySpacesImpl - Adding QuerySpace : uid = <gen:0> -> org.hibernate.loader.plan.build.internal.spaces.EntityQuerySpaceImpl@35b9094]
00:38:23.985 [main] DEBUG o.h.p.w.spi.MetamodelGraphWalker - Visiting attribute path : enabled
00:38:23.985 [main] DEBUG o.h.p.w.spi.MetamodelGraphWalker - Visiting attribute path : password
00:38:23.985 [main] DEBUG o.h.p.w.spi.MetamodelGraphWalker - Visiting attribute path : role
00:38:23.985 [main] DEBUG o.h.l.p.b.i.FetchStyleLoadPlanBuildingAssociationVisitationStrategy - Building LoadPlan...
00:38:23.985 [main] DEBUG o.h.l.p.e.i.LoadQueryJoinAndFetchProcessor - processing queryspace <gen:0>
00:38:23.985 [main] DEBUG o.h.l.p.b.spi.LoadPlanTreePrinter - LoadPlan(entity=edu.ncsu.csc.itrust2.models.persistent.User)
    - Returns
       - EntityReturnImpl(entity=edu.ncsu.csc.itrust2.models.persistent.User, querySpaceUid=<gen:0>, path=edu.ncsu.csc.itrust2.models.persistent.User)
    - QuerySpaces
       - EntityQuerySpaceImpl(uid=<gen:0>, entity=edu.ncsu.csc.itrust2.models.persistent.User)
          - SQL table alias mapping - user0_
          - alias suffix - 0_
          - suffixed key columns - {username1_15_0_}

00:38:23.986 [main] DEBUG o.h.loader.entity.plan.EntityLoader - Static select for entity edu.ncsu.csc.itrust2.models.persistent.User [OPTIMISTIC_FORCE_INCREMENT]: select user0_.username as username1_15_0_, user0_.enabled as enabled2_15_0_, user0_.password as password3_15_0_, user0_.role as role4_15_0_ from Users user0_ where user0_.username=?
00:38:23.986 [main] DEBUG org.hibernate.loader.Loader - Static select for action ACTION_MERGE on entity edu.ncsu.csc.itrust2.models.persistent.User: select user0_.username as username1_15_0_, user0_.enabled as enabled2_15_0_, user0_.password as password3_15_0_, user0_.role as role4_15_0_ from Users user0_ where user0_.username=?
00:38:23.986 [main] DEBUG org.hibernate.loader.Loader - Static select for action ACTION_REFRESH on entity edu.ncsu.csc.itrust2.models.persistent.User: select user0_.username as username1_15_0_, user0_.enabled as enabled2_15_0_, user0_.password as password3_15_0_, user0_.role as role4_15_0_ from Users user0_ where user0_.username=?
00:38:23.987 [main] DEBUG o.h.p.entity.AbstractEntityPersister - Static SQL for entity: edu.ncsu.csc.itrust2.models.persistent.Hospital
00:38:23.987 [main] DEBUG o.h.p.entity.AbstractEntityPersister -  Version select: select name from Hospitals where name =?
00:38:23.987 [main] DEBUG o.h.p.entity.AbstractEntityPersister -  Snapshot select: select hospital_.name, hospital_.address as address2_4_, hospital_.state as state3_4_, hospital_.zip as zip4_4_ from Hospitals hospital_ where hospital_.name=?
00:38:23.987 [main] DEBUG o.h.p.entity.AbstractEntityPersister -  Insert 0: insert into Hospitals (address, state, zip, name) values (?, ?, ?, ?)
00:38:23.987 [main] DEBUG o.h.p.entity.AbstractEntityPersister -  Update 0: update Hospitals set address=?, state=?, zip=? where name=?
00:38:23.987 [main] DEBUG o.h.p.entity.AbstractEntityPersister -  Delete 0: delete from Hospitals where name=?
00:38:23.987 [main] DEBUG o.h.l.p.b.i.spaces.QuerySpacesImpl - Adding QuerySpace : uid = <gen:0> -> org.hibernate.loader.plan.build.internal.spaces.EntityQuerySpaceImpl@8a9bdc5]
00:38:23.987 [main] DEBUG o.h.p.w.spi.MetamodelGraphWalker - Visiting attribute path : address
00:38:23.987 [main] DEBUG o.h.p.w.spi.MetamodelGraphWalker - Visiting attribute path : state
00:38:23.987 [main] DEBUG o.h.p.w.spi.MetamodelGraphWalker - Visiting attribute path : zip
00:38:23.987 [main] DEBUG o.h.l.p.b.i.FetchStyleLoadPlanBuildingAssociationVisitationStrategy - Building LoadPlan...
00:38:23.987 [main] DEBUG o.h.l.p.e.i.LoadQueryJoinAndFetchProcessor - processing queryspace <gen:0>
00:38:23.987 [main] DEBUG o.h.l.p.b.spi.LoadPlanTreePrinter - LoadPlan(entity=edu.ncsu.csc.itrust2.models.persistent.Hospital)
    - Returns
       - EntityReturnImpl(entity=edu.ncsu.csc.itrust2.models.persistent.Hospital, querySpaceUid=<gen:0>, path=edu.ncsu.csc.itrust2.models.persistent.Hospital)
    - QuerySpaces
       - EntityQuerySpaceImpl(uid=<gen:0>, entity=edu.ncsu.csc.itrust2.models.persistent.Hospital)
          - SQL table alias mapping - hospital0_
          - alias suffix - 0_
          - suffixed key columns - {name1_4_0_}

00:38:23.987 [main] DEBUG o.h.loader.entity.plan.EntityLoader - Static select for entity edu.ncsu.csc.itrust2.models.persistent.Hospital [NONE]: select hospital0_.name as name1_4_0_, hospital0_.address as address2_4_0_, hospital0_.state as state3_4_0_, hospital0_.zip as zip4_4_0_ from Hospitals hospital0_ where hospital0_.name=?
00:38:23.988 [main] DEBUG o.h.l.p.b.i.spaces.QuerySpacesImpl - Adding QuerySpace : uid = <gen:0> -> org.hibernate.loader.plan.build.internal.spaces.EntityQuerySpaceImpl@12e6b5a7]
00:38:23.988 [main] DEBUG o.h.p.w.spi.MetamodelGraphWalker - Visiting attribute path : address
00:38:23.988 [main] DEBUG o.h.p.w.spi.MetamodelGraphWalker - Visiting attribute path : state
00:38:23.988 [main] DEBUG o.h.p.w.spi.MetamodelGraphWalker - Visiting attribute path : zip
00:38:23.988 [main] DEBUG o.h.l.p.b.i.FetchStyleLoadPlanBuildingAssociationVisitationStrategy - Building LoadPlan...
00:38:23.988 [main] DEBUG o.h.l.p.e.i.LoadQueryJoinAndFetchProcessor - processing queryspace <gen:0>
00:38:23.988 [main] DEBUG o.h.l.p.b.spi.LoadPlanTreePrinter - LoadPlan(entity=edu.ncsu.csc.itrust2.models.persistent.Hospital)
    - Returns
       - EntityReturnImpl(entity=edu.ncsu.csc.itrust2.models.persistent.Hospital, querySpaceUid=<gen:0>, path=edu.ncsu.csc.itrust2.models.persistent.Hospital)
    - QuerySpaces
       - EntityQuerySpaceImpl(uid=<gen:0>, entity=edu.ncsu.csc.itrust2.models.persistent.Hospital)
          - SQL table alias mapping - hospital0_
          - alias suffix - 0_
          - suffixed key columns - {name1_4_0_}

00:38:23.988 [main] DEBUG o.h.loader.entity.plan.EntityLoader - Static select for entity edu.ncsu.csc.itrust2.models.persistent.Hospital [READ]: select hospital0_.name as name1_4_0_, hospital0_.address as address2_4_0_, hospital0_.state as state3_4_0_, hospital0_.zip as zip4_4_0_ from Hospitals hospital0_ where hospital0_.name=?
00:38:23.988 [main] DEBUG o.h.l.p.b.i.spaces.QuerySpacesImpl - Adding QuerySpace : uid = <gen:0> -> org.hibernate.loader.plan.build.internal.spaces.EntityQuerySpaceImpl@6dab527d]
00:38:23.988 [main] DEBUG o.h.p.w.spi.MetamodelGraphWalker - Visiting attribute path : address
00:38:23.988 [main] DEBUG o.h.p.w.spi.MetamodelGraphWalker - Visiting attribute path : state
00:38:23.988 [main] DEBUG o.h.p.w.spi.MetamodelGraphWalker - Visiting attribute path : zip
00:38:23.988 [main] DEBUG o.h.l.p.b.i.FetchStyleLoadPlanBuildingAssociationVisitationStrategy - Building LoadPlan...
00:38:23.988 [main] DEBUG o.h.l.p.e.i.LoadQueryJoinAndFetchProcessor - processing queryspace <gen:0>
00:38:23.989 [main] DEBUG o.h.l.p.b.spi.LoadPlanTreePrinter - LoadPlan(entity=edu.ncsu.csc.itrust2.models.persistent.Hospital)
    - Returns
       - EntityReturnImpl(entity=edu.ncsu.csc.itrust2.models.persistent.Hospital, querySpaceUid=<gen:0>, path=edu.ncsu.csc.itrust2.models.persistent.Hospital)
    - QuerySpaces
       - EntityQuerySpaceImpl(uid=<gen:0>, entity=edu.ncsu.csc.itrust2.models.persistent.Hospital)
          - SQL table alias mapping - hospital0_
          - alias suffix - 0_
          - suffixed key columns - {name1_4_0_}

00:38:23.989 [main] DEBUG o.h.loader.entity.plan.EntityLoader - Static select for entity edu.ncsu.csc.itrust2.models.persistent.Hospital [UPGRADE]: select hospital0_.name as name1_4_0_, hospital0_.address as address2_4_0_, hospital0_.state as state3_4_0_, hospital0_.zip as zip4_4_0_ from Hospitals hospital0_ where hospital0_.name=? for update
00:38:23.989 [main] DEBUG o.h.l.p.b.i.spaces.QuerySpacesImpl - Adding QuerySpace : uid = <gen:0> -> org.hibernate.loader.plan.build.internal.spaces.EntityQuerySpaceImpl@35c3cbb3]
00:38:23.989 [main] DEBUG o.h.p.w.spi.MetamodelGraphWalker - Visiting attribute path : address
00:38:23.989 [main] DEBUG o.h.p.w.spi.MetamodelGraphWalker - Visiting attribute path : state
00:38:23.989 [main] DEBUG o.h.p.w.spi.MetamodelGraphWalker - Visiting attribute path : zip
00:38:23.989 [main] DEBUG o.h.l.p.b.i.FetchStyleLoadPlanBuildingAssociationVisitationStrategy - Building LoadPlan...
00:38:23.989 [main] DEBUG o.h.l.p.e.i.LoadQueryJoinAndFetchProcessor - processing queryspace <gen:0>
00:38:23.989 [main] DEBUG o.h.l.p.b.spi.LoadPlanTreePrinter - LoadPlan(entity=edu.ncsu.csc.itrust2.models.persistent.Hospital)
    - Returns
       - EntityReturnImpl(entity=edu.ncsu.csc.itrust2.models.persistent.Hospital, querySpaceUid=<gen:0>, path=edu.ncsu.csc.itrust2.models.persistent.Hospital)
    - QuerySpaces
       - EntityQuerySpaceImpl(uid=<gen:0>, entity=edu.ncsu.csc.itrust2.models.persistent.Hospital)
          - SQL table alias mapping - hospital0_
          - alias suffix - 0_
          - suffixed key columns - {name1_4_0_}

00:38:23.989 [main] DEBUG o.h.loader.entity.plan.EntityLoader - Static select for entity edu.ncsu.csc.itrust2.models.persistent.Hospital [UPGRADE_NOWAIT]: select hospital0_.name as name1_4_0_, hospital0_.address as address2_4_0_, hospital0_.state as state3_4_0_, hospital0_.zip as zip4_4_0_ from Hospitals hospital0_ where hospital0_.name=? for update
00:38:23.989 [main] DEBUG o.h.l.p.b.i.spaces.QuerySpacesImpl - Adding QuerySpace : uid = <gen:0> -> org.hibernate.loader.plan.build.internal.spaces.EntityQuerySpaceImpl@66a80005]
00:38:23.989 [main] DEBUG o.h.p.w.spi.MetamodelGraphWalker - Visiting attribute path : address
00:38:23.990 [main] DEBUG o.h.p.w.spi.MetamodelGraphWalker - Visiting attribute path : state
00:38:23.990 [main] DEBUG o.h.p.w.spi.MetamodelGraphWalker - Visiting attribute path : zip
00:38:23.990 [main] DEBUG o.h.l.p.b.i.FetchStyleLoadPlanBuildingAssociationVisitationStrategy - Building LoadPlan...
00:38:23.990 [main] DEBUG o.h.l.p.e.i.LoadQueryJoinAndFetchProcessor - processing queryspace <gen:0>
00:38:23.990 [main] DEBUG o.h.l.p.b.spi.LoadPlanTreePrinter - LoadPlan(entity=edu.ncsu.csc.itrust2.models.persistent.Hospital)
    - Returns
       - EntityReturnImpl(entity=edu.ncsu.csc.itrust2.models.persistent.Hospital, querySpaceUid=<gen:0>, path=edu.ncsu.csc.itrust2.models.persistent.Hospital)
    - QuerySpaces
       - EntityQuerySpaceImpl(uid=<gen:0>, entity=edu.ncsu.csc.itrust2.models.persistent.Hospital)
          - SQL table alias mapping - hospital0_
          - alias suffix - 0_
          - suffixed key columns - {name1_4_0_}

00:38:23.990 [main] DEBUG o.h.loader.entity.plan.EntityLoader - Static select for entity edu.ncsu.csc.itrust2.models.persistent.Hospital [UPGRADE_SKIPLOCKED]: select hospital0_.name as name1_4_0_, hospital0_.address as address2_4_0_, hospital0_.state as state3_4_0_, hospital0_.zip as zip4_4_0_ from Hospitals hospital0_ where hospital0_.name=? for update
00:38:23.990 [main] DEBUG o.h.l.p.b.i.spaces.QuerySpacesImpl - Adding QuerySpace : uid = <gen:0> -> org.hibernate.loader.plan.build.internal.spaces.EntityQuerySpaceImpl@2726fe01]
00:38:23.991 [main] DEBUG o.h.p.w.spi.MetamodelGraphWalker - Visiting attribute path : address
00:38:23.991 [main] DEBUG o.h.p.w.spi.MetamodelGraphWalker - Visiting attribute path : state
00:38:23.991 [main] DEBUG o.h.p.w.spi.MetamodelGraphWalker - Visiting attribute path : zip
00:38:23.991 [main] DEBUG o.h.l.p.b.i.FetchStyleLoadPlanBuildingAssociationVisitationStrategy - Building LoadPlan...
00:38:23.991 [main] DEBUG o.h.l.p.e.i.LoadQueryJoinAndFetchProcessor - processing queryspace <gen:0>
00:38:23.992 [main] DEBUG o.h.l.p.b.spi.LoadPlanTreePrinter - LoadPlan(entity=edu.ncsu.csc.itrust2.models.persistent.Hospital)
    - Returns
       - EntityReturnImpl(entity=edu.ncsu.csc.itrust2.models.persistent.Hospital, querySpaceUid=<gen:0>, path=edu.ncsu.csc.itrust2.models.persistent.Hospital)
    - QuerySpaces
       - EntityQuerySpaceImpl(uid=<gen:0>, entity=edu.ncsu.csc.itrust2.models.persistent.Hospital)
          - SQL table alias mapping - hospital0_
          - alias suffix - 0_
          - suffixed key columns - {name1_4_0_}

00:38:23.992 [main] DEBUG o.h.loader.entity.plan.EntityLoader - Static select for entity edu.ncsu.csc.itrust2.models.persistent.Hospital [FORCE]: select hospital0_.name as name1_4_0_, hospital0_.address as address2_4_0_, hospital0_.state as state3_4_0_, hospital0_.zip as zip4_4_0_ from Hospitals hospital0_ where hospital0_.name=? for update
00:38:23.992 [main] DEBUG o.h.l.p.b.i.spaces.QuerySpacesImpl - Adding QuerySpace : uid = <gen:0> -> org.hibernate.loader.plan.build.internal.spaces.EntityQuerySpaceImpl@6c25ab53]
00:38:23.992 [main] DEBUG o.h.p.w.spi.MetamodelGraphWalker - Visiting attribute path : address
00:38:23.992 [main] DEBUG o.h.p.w.spi.MetamodelGraphWalker - Visiting attribute path : state
00:38:23.992 [main] DEBUG o.h.p.w.spi.MetamodelGraphWalker - Visiting attribute path : zip
00:38:23.992 [main] DEBUG o.h.l.p.b.i.FetchStyleLoadPlanBuildingAssociationVisitationStrategy - Building LoadPlan...
00:38:23.992 [main] DEBUG o.h.l.p.e.i.LoadQueryJoinAndFetchProcessor - processing queryspace <gen:0>
00:38:23.993 [main] DEBUG o.h.l.p.b.spi.LoadPlanTreePrinter - LoadPlan(entity=edu.ncsu.csc.itrust2.models.persistent.Hospital)
    - Returns
       - EntityReturnImpl(entity=edu.ncsu.csc.itrust2.models.persistent.Hospital, querySpaceUid=<gen:0>, path=edu.ncsu.csc.itrust2.models.persistent.Hospital)
    - QuerySpaces
       - EntityQuerySpaceImpl(uid=<gen:0>, entity=edu.ncsu.csc.itrust2.models.persistent.Hospital)
          - SQL table alias mapping - hospital0_
          - alias suffix - 0_
          - suffixed key columns - {name1_4_0_}

00:38:23.993 [main] DEBUG o.h.loader.entity.plan.EntityLoader - Static select for entity edu.ncsu.csc.itrust2.models.persistent.Hospital [PESSIMISTIC_READ]: select hospital0_.name as name1_4_0_, hospital0_.address as address2_4_0_, hospital0_.state as state3_4_0_, hospital0_.zip as zip4_4_0_ from Hospitals hospital0_ where hospital0_.name=? lock in share mode
00:38:23.993 [main] DEBUG o.h.l.p.b.i.spaces.QuerySpacesImpl - Adding QuerySpace : uid = <gen:0> -> org.hibernate.loader.plan.build.internal.spaces.EntityQuerySpaceImpl@69f6b35f]
00:38:23.993 [main] DEBUG o.h.p.w.spi.MetamodelGraphWalker - Visiting attribute path : address
00:38:23.993 [main] DEBUG o.h.p.w.spi.MetamodelGraphWalker - Visiting attribute path : state
00:38:23.993 [main] DEBUG o.h.p.w.spi.MetamodelGraphWalker - Visiting attribute path : zip
00:38:23.993 [main] DEBUG o.h.l.p.b.i.FetchStyleLoadPlanBuildingAssociationVisitationStrategy - Building LoadPlan...
00:38:23.993 [main] DEBUG o.h.l.p.e.i.LoadQueryJoinAndFetchProcessor - processing queryspace <gen:0>
00:38:23.993 [main] DEBUG o.h.l.p.b.spi.LoadPlanTreePrinter - LoadPlan(entity=edu.ncsu.csc.itrust2.models.persistent.Hospital)
    - Returns
       - EntityReturnImpl(entity=edu.ncsu.csc.itrust2.models.persistent.Hospital, querySpaceUid=<gen:0>, path=edu.ncsu.csc.itrust2.models.persistent.Hospital)
    - QuerySpaces
       - EntityQuerySpaceImpl(uid=<gen:0>, entity=edu.ncsu.csc.itrust2.models.persistent.Hospital)
          - SQL table alias mapping - hospital0_
          - alias suffix - 0_
          - suffixed key columns - {name1_4_0_}

00:38:23.993 [main] DEBUG o.h.loader.entity.plan.EntityLoader - Static select for entity edu.ncsu.csc.itrust2.models.persistent.Hospital [PESSIMISTIC_WRITE]: select hospital0_.name as name1_4_0_, hospital0_.address as address2_4_0_, hospital0_.state as state3_4_0_, hospital0_.zip as zip4_4_0_ from Hospitals hospital0_ where hospital0_.name=? for update
00:38:23.993 [main] DEBUG o.h.l.p.b.i.spaces.QuerySpacesImpl - Adding QuerySpace : uid = <gen:0> -> org.hibernate.loader.plan.build.internal.spaces.EntityQuerySpaceImpl@3b613d1b]
00:38:23.993 [main] DEBUG o.h.p.w.spi.MetamodelGraphWalker - Visiting attribute path : address
00:38:23.993 [main] DEBUG o.h.p.w.spi.MetamodelGraphWalker - Visiting attribute path : state
00:38:23.994 [main] DEBUG o.h.p.w.spi.MetamodelGraphWalker - Visiting attribute path : zip
00:38:23.994 [main] DEBUG o.h.l.p.b.i.FetchStyleLoadPlanBuildingAssociationVisitationStrategy - Building LoadPlan...
00:38:24.002 [main] DEBUG o.h.l.p.e.i.LoadQueryJoinAndFetchProcessor - processing queryspace <gen:0>
00:38:24.003 [main] DEBUG o.h.l.p.b.spi.LoadPlanTreePrinter - LoadPlan(entity=edu.ncsu.csc.itrust2.models.persistent.Hospital)
    - Returns
       - EntityReturnImpl(entity=edu.ncsu.csc.itrust2.models.persistent.Hospital, querySpaceUid=<gen:0>, path=edu.ncsu.csc.itrust2.models.persistent.Hospital)
    - QuerySpaces
       - EntityQuerySpaceImpl(uid=<gen:0>, entity=edu.ncsu.csc.itrust2.models.persistent.Hospital)
          - SQL table alias mapping - hospital0_
          - alias suffix - 0_
          - suffixed key columns - {name1_4_0_}

00:38:24.003 [main] DEBUG o.h.loader.entity.plan.EntityLoader - Static select for entity edu.ncsu.csc.itrust2.models.persistent.Hospital [PESSIMISTIC_FORCE_INCREMENT]: select hospital0_.name as name1_4_0_, hospital0_.address as address2_4_0_, hospital0_.state as state3_4_0_, hospital0_.zip as zip4_4_0_ from Hospitals hospital0_ where hospital0_.name=? for update
00:38:24.003 [main] DEBUG o.h.l.p.b.i.spaces.QuerySpacesImpl - Adding QuerySpace : uid = <gen:0> -> org.hibernate.loader.plan.build.internal.spaces.EntityQuerySpaceImpl@1af83dc8]
00:38:24.003 [main] DEBUG o.h.p.w.spi.MetamodelGraphWalker - Visiting attribute path : address
00:38:24.003 [main] DEBUG o.h.p.w.spi.MetamodelGraphWalker - Visiting attribute path : state
00:38:24.003 [main] DEBUG o.h.p.w.spi.MetamodelGraphWalker - Visiting attribute path : zip
00:38:24.003 [main] DEBUG o.h.l.p.b.i.FetchStyleLoadPlanBuildingAssociationVisitationStrategy - Building LoadPlan...
00:38:24.003 [main] DEBUG o.h.l.p.e.i.LoadQueryJoinAndFetchProcessor - processing queryspace <gen:0>
00:38:24.003 [main] DEBUG o.h.l.p.b.spi.LoadPlanTreePrinter - LoadPlan(entity=edu.ncsu.csc.itrust2.models.persistent.Hospital)
    - Returns
       - EntityReturnImpl(entity=edu.ncsu.csc.itrust2.models.persistent.Hospital, querySpaceUid=<gen:0>, path=edu.ncsu.csc.itrust2.models.persistent.Hospital)
    - QuerySpaces
       - EntityQuerySpaceImpl(uid=<gen:0>, entity=edu.ncsu.csc.itrust2.models.persistent.Hospital)
          - SQL table alias mapping - hospital0_
          - alias suffix - 0_
          - suffixed key columns - {name1_4_0_}

00:38:24.004 [main] DEBUG o.h.loader.entity.plan.EntityLoader - Static select for entity edu.ncsu.csc.itrust2.models.persistent.Hospital [OPTIMISTIC]: select hospital0_.name as name1_4_0_, hospital0_.address as address2_4_0_, hospital0_.state as state3_4_0_, hospital0_.zip as zip4_4_0_ from Hospitals hospital0_ where hospital0_.name=?
00:38:24.004 [main] DEBUG o.h.l.p.b.i.spaces.QuerySpacesImpl - Adding QuerySpace : uid = <gen:0> -> org.hibernate.loader.plan.build.internal.spaces.EntityQuerySpaceImpl@296c11dd]
00:38:24.004 [main] DEBUG o.h.p.w.spi.MetamodelGraphWalker - Visiting attribute path : address
00:38:24.004 [main] DEBUG o.h.p.w.spi.MetamodelGraphWalker - Visiting attribute path : state
00:38:24.004 [main] DEBUG o.h.p.w.spi.MetamodelGraphWalker - Visiting attribute path : zip
00:38:24.004 [main] DEBUG o.h.l.p.b.i.FetchStyleLoadPlanBuildingAssociationVisitationStrategy - Building LoadPlan...
00:38:24.004 [main] DEBUG o.h.l.p.e.i.LoadQueryJoinAndFetchProcessor - processing queryspace <gen:0>
00:38:24.004 [main] DEBUG o.h.l.p.b.spi.LoadPlanTreePrinter - LoadPlan(entity=edu.ncsu.csc.itrust2.models.persistent.Hospital)
    - Returns
       - EntityReturnImpl(entity=edu.ncsu.csc.itrust2.models.persistent.Hospital, querySpaceUid=<gen:0>, path=edu.ncsu.csc.itrust2.models.persistent.Hospital)
    - QuerySpaces
       - EntityQuerySpaceImpl(uid=<gen:0>, entity=edu.ncsu.csc.itrust2.models.persistent.Hospital)
          - SQL table alias mapping - hospital0_
          - alias suffix - 0_
          - suffixed key columns - {name1_4_0_}

00:38:24.004 [main] DEBUG o.h.loader.entity.plan.EntityLoader - Static select for entity edu.ncsu.csc.itrust2.models.persistent.Hospital [OPTIMISTIC_FORCE_INCREMENT]: select hospital0_.name as name1_4_0_, hospital0_.address as address2_4_0_, hospital0_.state as state3_4_0_, hospital0_.zip as zip4_4_0_ from Hospitals hospital0_ where hospital0_.name=?
00:38:24.005 [main] DEBUG org.hibernate.loader.Loader - Static select for action ACTION_MERGE on entity edu.ncsu.csc.itrust2.models.persistent.Hospital: select hospital0_.name as name1_4_0_, hospital0_.address as address2_4_0_, hospital0_.state as state3_4_0_, hospital0_.zip as zip4_4_0_ from Hospitals hospital0_ where hospital0_.name=?
00:38:24.006 [main] DEBUG org.hibernate.loader.Loader - Static select for action ACTION_REFRESH on entity edu.ncsu.csc.itrust2.models.persistent.Hospital: select hospital0_.name as name1_4_0_, hospital0_.address as address2_4_0_, hospital0_.state as state3_4_0_, hospital0_.zip as zip4_4_0_ from Hospitals hospital0_ where hospital0_.name=?
00:38:24.007 [main] DEBUG o.h.p.entity.AbstractEntityPersister - Static SQL for entity: edu.ncsu.csc.itrust2.models.persistent.PasswordResetToken
00:38:24.007 [main] DEBUG o.h.p.entity.AbstractEntityPersister -  Version select: select id from PasswordResetTokens where id =?
00:38:24.007 [main] DEBUG o.h.p.entity.AbstractEntityPersister -  Snapshot select: select passwordre_.id, passwordre_.creationTime as creation2_11_, passwordre_.tempPassword as tempPass3_11_, passwordre_.user_id as user_id4_11_ from PasswordResetTokens passwordre_ where passwordre_.id=?
00:38:24.007 [main] DEBUG o.h.p.entity.AbstractEntityPersister -  Insert 0: insert into PasswordResetTokens (creationTime, tempPassword, user_id, id) values (?, ?, ?, ?)
00:38:24.007 [main] DEBUG o.h.p.entity.AbstractEntityPersister -  Update 0: update PasswordResetTokens set creationTime=?, tempPassword=?, user_id=? where id=?
00:38:24.007 [main] DEBUG o.h.p.entity.AbstractEntityPersister -  Delete 0: delete from PasswordResetTokens where id=?
00:38:24.007 [main] DEBUG o.h.l.p.b.i.spaces.QuerySpacesImpl - Adding QuerySpace : uid = <gen:0> -> org.hibernate.loader.plan.build.internal.spaces.EntityQuerySpaceImpl@747f980c]
00:38:24.007 [main] DEBUG o.h.p.w.spi.MetamodelGraphWalker - Visiting attribute path : creationTime
00:38:24.007 [main] DEBUG o.h.p.w.spi.MetamodelGraphWalker - Visiting attribute path : tempPassword
00:38:24.007 [main] DEBUG o.h.p.w.spi.MetamodelGraphWalker - Visiting attribute path : user
00:38:24.008 [main] DEBUG o.h.l.p.b.i.spaces.QuerySpacesImpl - Adding QuerySpace : uid = <gen:1> -> org.hibernate.loader.plan.build.internal.spaces.EntityQuerySpaceImpl@1dd184c7]
00:38:24.008 [main] DEBUG o.h.p.w.spi.MetamodelGraphWalker - Visiting attribute path : user.enabled
00:38:24.008 [main] DEBUG o.h.p.w.spi.MetamodelGraphWalker - Visiting attribute path : user.password
00:38:24.008 [main] DEBUG o.h.p.w.spi.MetamodelGraphWalker - Visiting attribute path : user.role
00:38:24.008 [main] DEBUG o.h.l.p.b.i.FetchStyleLoadPlanBuildingAssociationVisitationStrategy - Building LoadPlan...
00:38:24.008 [main] DEBUG o.h.l.p.e.i.LoadQueryJoinAndFetchProcessor - processing queryspace <gen:0>
00:38:24.008 [main] DEBUG o.h.l.p.b.spi.LoadPlanTreePrinter - LoadPlan(entity=edu.ncsu.csc.itrust2.models.persistent.PasswordResetToken)
    - Returns
       - EntityReturnImpl(entity=edu.ncsu.csc.itrust2.models.persistent.PasswordResetToken, querySpaceUid=<gen:0>, path=edu.ncsu.csc.itrust2.models.persistent.PasswordResetToken)
          - EntityAttributeFetchImpl(entity=edu.ncsu.csc.itrust2.models.persistent.User, querySpaceUid=<gen:1>, path=edu.ncsu.csc.itrust2.models.persistent.PasswordResetToken.user)
    - QuerySpaces
       - EntityQuerySpaceImpl(uid=<gen:0>, entity=edu.ncsu.csc.itrust2.models.persistent.PasswordResetToken)
          - SQL table alias mapping - passwordre0_
          - alias suffix - 0_
          - suffixed key columns - {id1_11_0_}
          - JOIN (JoinDefinedByMetadata(user)) : <gen:0> -> <gen:1>
             - EntityQuerySpaceImpl(uid=<gen:1>, entity=edu.ncsu.csc.itrust2.models.persistent.User)
                - SQL table alias mapping - user1_
                - alias suffix - 1_
                - suffixed key columns - {username1_15_1_}

00:38:24.008 [main] DEBUG o.h.loader.entity.plan.EntityLoader - Static select for entity edu.ncsu.csc.itrust2.models.persistent.PasswordResetToken [NONE]: select passwordre0_.id as id1_11_0_, passwordre0_.creationTime as creation2_11_0_, passwordre0_.tempPassword as tempPass3_11_0_, passwordre0_.user_id as user_id4_11_0_, user1_.username as username1_15_1_, user1_.enabled as enabled2_15_1_, user1_.password as password3_15_1_, user1_.role as role4_15_1_ from PasswordResetTokens passwordre0_ inner join Users user1_ on passwordre0_.user_id=user1_.username where passwordre0_.id=?
00:38:24.009 [main] DEBUG o.h.l.p.b.i.spaces.QuerySpacesImpl - Adding QuerySpace : uid = <gen:0> -> org.hibernate.loader.plan.build.internal.spaces.EntityQuerySpaceImpl@2dde5ae5]
00:38:24.009 [main] DEBUG o.h.p.w.spi.MetamodelGraphWalker - Visiting attribute path : creationTime
00:38:24.009 [main] DEBUG o.h.p.w.spi.MetamodelGraphWalker - Visiting attribute path : tempPassword
00:38:24.009 [main] DEBUG o.h.p.w.spi.MetamodelGraphWalker - Visiting attribute path : user
00:38:24.009 [main] DEBUG o.h.l.p.b.i.spaces.QuerySpacesImpl - Adding QuerySpace : uid = <gen:1> -> org.hibernate.loader.plan.build.internal.spaces.EntityQuerySpaceImpl@3c69a59d]
00:38:24.009 [main] DEBUG o.h.p.w.spi.MetamodelGraphWalker - Visiting attribute path : user.enabled
00:38:24.009 [main] DEBUG o.h.p.w.spi.MetamodelGraphWalker - Visiting attribute path : user.password
00:38:24.009 [main] DEBUG o.h.p.w.spi.MetamodelGraphWalker - Visiting attribute path : user.role
00:38:24.009 [main] DEBUG o.h.l.p.b.i.FetchStyleLoadPlanBuildingAssociationVisitationStrategy - Building LoadPlan...
00:38:24.009 [main] DEBUG o.h.l.p.e.i.LoadQueryJoinAndFetchProcessor - processing queryspace <gen:0>
00:38:24.010 [main] DEBUG o.h.l.p.b.spi.LoadPlanTreePrinter - LoadPlan(entity=edu.ncsu.csc.itrust2.models.persistent.PasswordResetToken)
    - Returns
       - EntityReturnImpl(entity=edu.ncsu.csc.itrust2.models.persistent.PasswordResetToken, querySpaceUid=<gen:0>, path=edu.ncsu.csc.itrust2.models.persistent.PasswordResetToken)
          - EntityAttributeFetchImpl(entity=edu.ncsu.csc.itrust2.models.persistent.User, querySpaceUid=<gen:1>, path=edu.ncsu.csc.itrust2.models.persistent.PasswordResetToken.user)
    - QuerySpaces
       - EntityQuerySpaceImpl(uid=<gen:0>, entity=edu.ncsu.csc.itrust2.models.persistent.PasswordResetToken)
          - SQL table alias mapping - passwordre0_
          - alias suffix - 0_
          - suffixed key columns - {id1_11_0_}
          - JOIN (JoinDefinedByMetadata(user)) : <gen:0> -> <gen:1>
             - EntityQuerySpaceImpl(uid=<gen:1>, entity=edu.ncsu.csc.itrust2.models.persistent.User)
                - SQL table alias mapping - user1_
                - alias suffix - 1_
                - suffixed key columns - {username1_15_1_}

00:38:24.011 [main] DEBUG o.h.loader.entity.plan.EntityLoader - Static select for entity edu.ncsu.csc.itrust2.models.persistent.PasswordResetToken [READ]: select passwordre0_.id as id1_11_0_, passwordre0_.creationTime as creation2_11_0_, passwordre0_.tempPassword as tempPass3_11_0_, passwordre0_.user_id as user_id4_11_0_, user1_.username as username1_15_1_, user1_.enabled as enabled2_15_1_, user1_.password as password3_15_1_, user1_.role as role4_15_1_ from PasswordResetTokens passwordre0_ inner join Users user1_ on passwordre0_.user_id=user1_.username where passwordre0_.id=?
00:38:24.011 [main] DEBUG o.h.l.p.b.i.spaces.QuerySpacesImpl - Adding QuerySpace : uid = <gen:0> -> org.hibernate.loader.plan.build.internal.spaces.EntityQuerySpaceImpl@ef60ee6]
00:38:24.011 [main] DEBUG o.h.p.w.spi.MetamodelGraphWalker - Visiting attribute path : creationTime
00:38:24.011 [main] DEBUG o.h.p.w.spi.MetamodelGraphWalker - Visiting attribute path : tempPassword
00:38:24.011 [main] DEBUG o.h.p.w.spi.MetamodelGraphWalker - Visiting attribute path : user
00:38:24.011 [main] DEBUG o.h.l.p.b.i.spaces.QuerySpacesImpl - Adding QuerySpace : uid = <gen:1> -> org.hibernate.loader.plan.build.internal.spaces.EntityQuerySpaceImpl@2dc50af2]
00:38:24.011 [main] DEBUG o.h.l.p.b.i.FetchStyleLoadPlanBuildingAssociationVisitationStrategy - Building LoadPlan...
00:38:24.011 [main] DEBUG o.h.l.p.e.i.LoadQueryJoinAndFetchProcessor - processing queryspace <gen:0>
00:38:24.012 [main] DEBUG o.h.l.p.b.spi.LoadPlanTreePrinter - LoadPlan(entity=edu.ncsu.csc.itrust2.models.persistent.PasswordResetToken)
    - Returns
       - EntityReturnImpl(entity=edu.ncsu.csc.itrust2.models.persistent.PasswordResetToken, querySpaceUid=<gen:0>, path=edu.ncsu.csc.itrust2.models.persistent.PasswordResetToken)
          - EntityAttributeFetchImpl(entity=edu.ncsu.csc.itrust2.models.persistent.User, querySpaceUid=<gen:1>, path=edu.ncsu.csc.itrust2.models.persistent.PasswordResetToken.user)
    - QuerySpaces
       - EntityQuerySpaceImpl(uid=<gen:0>, entity=edu.ncsu.csc.itrust2.models.persistent.PasswordResetToken)
          - SQL table alias mapping - passwordre0_
          - alias suffix - 0_
          - suffixed key columns - {id1_11_0_}

00:38:24.012 [main] DEBUG o.h.loader.entity.plan.EntityLoader - Static select for entity edu.ncsu.csc.itrust2.models.persistent.PasswordResetToken [UPGRADE]: select passwordre0_.id as id1_11_0_, passwordre0_.creationTime as creation2_11_0_, passwordre0_.tempPassword as tempPass3_11_0_, passwordre0_.user_id as user_id4_11_0_ from PasswordResetTokens passwordre0_ where passwordre0_.id=? for update
00:38:24.012 [main] DEBUG o.h.l.p.b.i.spaces.QuerySpacesImpl - Adding QuerySpace : uid = <gen:0> -> org.hibernate.loader.plan.build.internal.spaces.EntityQuerySpaceImpl@7fcd9248]
00:38:24.012 [main] DEBUG o.h.p.w.spi.MetamodelGraphWalker - Visiting attribute path : creationTime
00:38:24.012 [main] DEBUG o.h.p.w.spi.MetamodelGraphWalker - Visiting attribute path : tempPassword
00:38:24.012 [main] DEBUG o.h.p.w.spi.MetamodelGraphWalker - Visiting attribute path : user
00:38:24.012 [main] DEBUG o.h.l.p.b.i.spaces.QuerySpacesImpl - Adding QuerySpace : uid = <gen:1> -> org.hibernate.loader.plan.build.internal.spaces.EntityQuerySpaceImpl@151a7f12]
00:38:24.012 [main] DEBUG o.h.l.p.b.i.FetchStyleLoadPlanBuildingAssociationVisitationStrategy - Building LoadPlan...
00:38:24.013 [main] DEBUG o.h.l.p.e.i.LoadQueryJoinAndFetchProcessor - processing queryspace <gen:0>
00:38:24.013 [main] DEBUG o.h.l.p.b.spi.LoadPlanTreePrinter - LoadPlan(entity=edu.ncsu.csc.itrust2.models.persistent.PasswordResetToken)
    - Returns
       - EntityReturnImpl(entity=edu.ncsu.csc.itrust2.models.persistent.PasswordResetToken, querySpaceUid=<gen:0>, path=edu.ncsu.csc.itrust2.models.persistent.PasswordResetToken)
          - EntityAttributeFetchImpl(entity=edu.ncsu.csc.itrust2.models.persistent.User, querySpaceUid=<gen:1>, path=edu.ncsu.csc.itrust2.models.persistent.PasswordResetToken.user)
    - QuerySpaces
       - EntityQuerySpaceImpl(uid=<gen:0>, entity=edu.ncsu.csc.itrust2.models.persistent.PasswordResetToken)
          - SQL table alias mapping - passwordre0_
          - alias suffix - 0_
          - suffixed key columns - {id1_11_0_}

00:38:24.013 [main] DEBUG o.h.loader.entity.plan.EntityLoader - Static select for entity edu.ncsu.csc.itrust2.models.persistent.PasswordResetToken [UPGRADE_NOWAIT]: select passwordre0_.id as id1_11_0_, passwordre0_.creationTime as creation2_11_0_, passwordre0_.tempPassword as tempPass3_11_0_, passwordre0_.user_id as user_id4_11_0_ from PasswordResetTokens passwordre0_ where passwordre0_.id=? for update
00:38:24.013 [main] DEBUG o.h.l.p.b.i.spaces.QuerySpacesImpl - Adding QuerySpace : uid = <gen:0> -> org.hibernate.loader.plan.build.internal.spaces.EntityQuerySpaceImpl@108d75d9]
00:38:24.013 [main] DEBUG o.h.p.w.spi.MetamodelGraphWalker - Visiting attribute path : creationTime
00:38:24.013 [main] DEBUG o.h.p.w.spi.MetamodelGraphWalker - Visiting attribute path : tempPassword
00:38:24.013 [main] DEBUG o.h.p.w.spi.MetamodelGraphWalker - Visiting attribute path : user
00:38:24.014 [main] DEBUG o.h.l.p.b.i.spaces.QuerySpacesImpl - Adding QuerySpace : uid = <gen:1> -> org.hibernate.loader.plan.build.internal.spaces.EntityQuerySpaceImpl@53f07129]
00:38:24.014 [main] DEBUG o.h.l.p.b.i.FetchStyleLoadPlanBuildingAssociationVisitationStrategy - Building LoadPlan...
00:38:24.014 [main] DEBUG o.h.l.p.e.i.LoadQueryJoinAndFetchProcessor - processing queryspace <gen:0>
00:38:24.014 [main] DEBUG o.h.l.p.b.spi.LoadPlanTreePrinter - LoadPlan(entity=edu.ncsu.csc.itrust2.models.persistent.PasswordResetToken)
    - Returns
       - EntityReturnImpl(entity=edu.ncsu.csc.itrust2.models.persistent.PasswordResetToken, querySpaceUid=<gen:0>, path=edu.ncsu.csc.itrust2.models.persistent.PasswordResetToken)
          - EntityAttributeFetchImpl(entity=edu.ncsu.csc.itrust2.models.persistent.User, querySpaceUid=<gen:1>, path=edu.ncsu.csc.itrust2.models.persistent.PasswordResetToken.user)
    - QuerySpaces
       - EntityQuerySpaceImpl(uid=<gen:0>, entity=edu.ncsu.csc.itrust2.models.persistent.PasswordResetToken)
          - SQL table alias mapping - passwordre0_
          - alias suffix - 0_
          - suffixed key columns - {id1_11_0_}

00:38:24.022 [main] DEBUG o.h.loader.entity.plan.EntityLoader - Static select for entity edu.ncsu.csc.itrust2.models.persistent.PasswordResetToken [UPGRADE_SKIPLOCKED]: select passwordre0_.id as id1_11_0_, passwordre0_.creationTime as creation2_11_0_, passwordre0_.tempPassword as tempPass3_11_0_, passwordre0_.user_id as user_id4_11_0_ from PasswordResetTokens passwordre0_ where passwordre0_.id=? for update
00:38:24.022 [main] DEBUG o.h.l.p.b.i.spaces.QuerySpacesImpl - Adding QuerySpace : uid = <gen:0> -> org.hibernate.loader.plan.build.internal.spaces.EntityQuerySpaceImpl@15d466aa]
00:38:24.022 [main] DEBUG o.h.p.w.spi.MetamodelGraphWalker - Visiting attribute path : creationTime
00:38:24.022 [main] DEBUG o.h.p.w.spi.MetamodelGraphWalker - Visiting attribute path : tempPassword
00:38:24.022 [main] DEBUG o.h.p.w.spi.MetamodelGraphWalker - Visiting attribute path : user
00:38:24.022 [main] DEBUG o.h.l.p.b.i.spaces.QuerySpacesImpl - Adding QuerySpace : uid = <gen:1> -> org.hibernate.loader.plan.build.internal.spaces.EntityQuerySpaceImpl@62930e9d]
00:38:24.023 [main] DEBUG o.h.l.p.b.i.FetchStyleLoadPlanBuildingAssociationVisitationStrategy - Building LoadPlan...
00:38:24.023 [main] DEBUG o.h.l.p.e.i.LoadQueryJoinAndFetchProcessor - processing queryspace <gen:0>
00:38:24.023 [main] DEBUG o.h.l.p.b.spi.LoadPlanTreePrinter - LoadPlan(entity=edu.ncsu.csc.itrust2.models.persistent.PasswordResetToken)
    - Returns
       - EntityReturnImpl(entity=edu.ncsu.csc.itrust2.models.persistent.PasswordResetToken, querySpaceUid=<gen:0>, path=edu.ncsu.csc.itrust2.models.persistent.PasswordResetToken)
          - EntityAttributeFetchImpl(entity=edu.ncsu.csc.itrust2.models.persistent.User, querySpaceUid=<gen:1>, path=edu.ncsu.csc.itrust2.models.persistent.PasswordResetToken.user)
    - QuerySpaces
       - EntityQuerySpaceImpl(uid=<gen:0>, entity=edu.ncsu.csc.itrust2.models.persistent.PasswordResetToken)
          - SQL table alias mapping - passwordre0_
          - alias suffix - 0_
          - suffixed key columns - {id1_11_0_}

00:38:24.023 [main] DEBUG o.h.loader.entity.plan.EntityLoader - Static select for entity edu.ncsu.csc.itrust2.models.persistent.PasswordResetToken [FORCE]: select passwordre0_.id as id1_11_0_, passwordre0_.creationTime as creation2_11_0_, passwordre0_.tempPassword as tempPass3_11_0_, passwordre0_.user_id as user_id4_11_0_ from PasswordResetTokens passwordre0_ where passwordre0_.id=? for update
00:38:24.023 [main] DEBUG o.h.l.p.b.i.spaces.QuerySpacesImpl - Adding QuerySpace : uid = <gen:0> -> org.hibernate.loader.plan.build.internal.spaces.EntityQuerySpaceImpl@32ba52df]
00:38:24.023 [main] DEBUG o.h.p.w.spi.MetamodelGraphWalker - Visiting attribute path : creationTime
00:38:24.023 [main] DEBUG o.h.p.w.spi.MetamodelGraphWalker - Visiting attribute path : tempPassword
00:38:24.023 [main] DEBUG o.h.p.w.spi.MetamodelGraphWalker - Visiting attribute path : user
00:38:24.024 [main] DEBUG o.h.l.p.b.i.spaces.QuerySpacesImpl - Adding QuerySpace : uid = <gen:1> -> org.hibernate.loader.plan.build.internal.spaces.EntityQuerySpaceImpl@dbb96a7]
00:38:24.024 [main] DEBUG o.h.l.p.b.i.FetchStyleLoadPlanBuildingAssociationVisitationStrategy - Building LoadPlan...
00:38:24.024 [main] DEBUG o.h.l.p.e.i.LoadQueryJoinAndFetchProcessor - processing queryspace <gen:0>
00:38:24.024 [main] DEBUG o.h.l.p.b.spi.LoadPlanTreePrinter - LoadPlan(entity=edu.ncsu.csc.itrust2.models.persistent.PasswordResetToken)
    - Returns
       - EntityReturnImpl(entity=edu.ncsu.csc.itrust2.models.persistent.PasswordResetToken, querySpaceUid=<gen:0>, path=edu.ncsu.csc.itrust2.models.persistent.PasswordResetToken)
          - EntityAttributeFetchImpl(entity=edu.ncsu.csc.itrust2.models.persistent.User, querySpaceUid=<gen:1>, path=edu.ncsu.csc.itrust2.models.persistent.PasswordResetToken.user)
    - QuerySpaces
       - EntityQuerySpaceImpl(uid=<gen:0>, entity=edu.ncsu.csc.itrust2.models.persistent.PasswordResetToken)
          - SQL table alias mapping - passwordre0_
          - alias suffix - 0_
          - suffixed key columns - {id1_11_0_}

00:38:24.024 [main] DEBUG o.h.loader.entity.plan.EntityLoader - Static select for entity edu.ncsu.csc.itrust2.models.persistent.PasswordResetToken [PESSIMISTIC_READ]: select passwordre0_.id as id1_11_0_, passwordre0_.creationTime as creation2_11_0_, passwordre0_.tempPassword as tempPass3_11_0_, passwordre0_.user_id as user_id4_11_0_ from PasswordResetTokens passwordre0_ where passwordre0_.id=? lock in share mode
00:38:24.024 [main] DEBUG o.h.l.p.b.i.spaces.QuerySpacesImpl - Adding QuerySpace : uid = <gen:0> -> org.hibernate.loader.plan.build.internal.spaces.EntityQuerySpaceImpl@7726966b]
00:38:24.024 [main] DEBUG o.h.p.w.spi.MetamodelGraphWalker - Visiting attribute path : creationTime
00:38:24.024 [main] DEBUG o.h.p.w.spi.MetamodelGraphWalker - Visiting attribute path : tempPassword
00:38:24.024 [main] DEBUG o.h.p.w.spi.MetamodelGraphWalker - Visiting attribute path : user
00:38:24.025 [main] DEBUG o.h.l.p.b.i.spaces.QuerySpacesImpl - Adding QuerySpace : uid = <gen:1> -> org.hibernate.loader.plan.build.internal.spaces.EntityQuerySpaceImpl@7f775a30]
00:38:24.025 [main] DEBUG o.h.l.p.b.i.FetchStyleLoadPlanBuildingAssociationVisitationStrategy - Building LoadPlan...
00:38:24.025 [main] DEBUG o.h.l.p.e.i.LoadQueryJoinAndFetchProcessor - processing queryspace <gen:0>
00:38:24.025 [main] DEBUG o.h.l.p.b.spi.LoadPlanTreePrinter - LoadPlan(entity=edu.ncsu.csc.itrust2.models.persistent.PasswordResetToken)
    - Returns
       - EntityReturnImpl(entity=edu.ncsu.csc.itrust2.models.persistent.PasswordResetToken, querySpaceUid=<gen:0>, path=edu.ncsu.csc.itrust2.models.persistent.PasswordResetToken)
          - EntityAttributeFetchImpl(entity=edu.ncsu.csc.itrust2.models.persistent.User, querySpaceUid=<gen:1>, path=edu.ncsu.csc.itrust2.models.persistent.PasswordResetToken.user)
    - QuerySpaces
       - EntityQuerySpaceImpl(uid=<gen:0>, entity=edu.ncsu.csc.itrust2.models.persistent.PasswordResetToken)
          - SQL table alias mapping - passwordre0_
          - alias suffix - 0_
          - suffixed key columns - {id1_11_0_}

00:38:24.026 [main] DEBUG o.h.loader.entity.plan.EntityLoader - Static select for entity edu.ncsu.csc.itrust2.models.persistent.PasswordResetToken [PESSIMISTIC_WRITE]: select passwordre0_.id as id1_11_0_, passwordre0_.creationTime as creation2_11_0_, passwordre0_.tempPassword as tempPass3_11_0_, passwordre0_.user_id as user_id4_11_0_ from PasswordResetTokens passwordre0_ where passwordre0_.id=? for update
00:38:24.026 [main] DEBUG o.h.l.p.b.i.spaces.QuerySpacesImpl - Adding QuerySpace : uid = <gen:0> -> org.hibernate.loader.plan.build.internal.spaces.EntityQuerySpaceImpl@2ea8f5d7]
00:38:24.026 [main] DEBUG o.h.p.w.spi.MetamodelGraphWalker - Visiting attribute path : creationTime
00:38:24.026 [main] DEBUG o.h.p.w.spi.MetamodelGraphWalker - Visiting attribute path : tempPassword
00:38:24.026 [main] DEBUG o.h.p.w.spi.MetamodelGraphWalker - Visiting attribute path : user
00:38:24.027 [main] DEBUG o.h.l.p.b.i.spaces.QuerySpacesImpl - Adding QuerySpace : uid = <gen:1> -> org.hibernate.loader.plan.build.internal.spaces.EntityQuerySpaceImpl@2aa4f53c]
00:38:24.027 [main] DEBUG o.h.l.p.b.i.FetchStyleLoadPlanBuildingAssociationVisitationStrategy - Building LoadPlan...
00:38:24.027 [main] DEBUG o.h.l.p.e.i.LoadQueryJoinAndFetchProcessor - processing queryspace <gen:0>
00:38:24.027 [main] DEBUG o.h.l.p.b.spi.LoadPlanTreePrinter - LoadPlan(entity=edu.ncsu.csc.itrust2.models.persistent.PasswordResetToken)
    - Returns
       - EntityReturnImpl(entity=edu.ncsu.csc.itrust2.models.persistent.PasswordResetToken, querySpaceUid=<gen:0>, path=edu.ncsu.csc.itrust2.models.persistent.PasswordResetToken)
          - EntityAttributeFetchImpl(entity=edu.ncsu.csc.itrust2.models.persistent.User, querySpaceUid=<gen:1>, path=edu.ncsu.csc.itrust2.models.persistent.PasswordResetToken.user)
    - QuerySpaces
       - EntityQuerySpaceImpl(uid=<gen:0>, entity=edu.ncsu.csc.itrust2.models.persistent.PasswordResetToken)
          - SQL table alias mapping - passwordre0_
          - alias suffix - 0_
          - suffixed key columns - {id1_11_0_}

00:38:24.027 [main] DEBUG o.h.loader.entity.plan.EntityLoader - Static select for entity edu.ncsu.csc.itrust2.models.persistent.PasswordResetToken [PESSIMISTIC_FORCE_INCREMENT]: select passwordre0_.id as id1_11_0_, passwordre0_.creationTime as creation2_11_0_, passwordre0_.tempPassword as tempPass3_11_0_, passwordre0_.user_id as user_id4_11_0_ from PasswordResetTokens passwordre0_ where passwordre0_.id=? for update
00:38:24.027 [main] DEBUG o.h.l.p.b.i.spaces.QuerySpacesImpl - Adding QuerySpace : uid = <gen:0> -> org.hibernate.loader.plan.build.internal.spaces.EntityQuerySpaceImpl@6fc79c82]
00:38:24.028 [main] DEBUG o.h.p.w.spi.MetamodelGraphWalker - Visiting attribute path : creationTime
00:38:24.028 [main] DEBUG o.h.p.w.spi.MetamodelGraphWalker - Visiting attribute path : tempPassword
00:38:24.028 [main] DEBUG o.h.p.w.spi.MetamodelGraphWalker - Visiting attribute path : user
00:38:24.028 [main] DEBUG o.h.l.p.b.i.spaces.QuerySpacesImpl - Adding QuerySpace : uid = <gen:1> -> org.hibernate.loader.plan.build.internal.spaces.EntityQuerySpaceImpl@1e93ea01]
00:38:24.028 [main] DEBUG o.h.l.p.b.i.FetchStyleLoadPlanBuildingAssociationVisitationStrategy - Building LoadPlan...
00:38:24.028 [main] DEBUG o.h.l.p.e.i.LoadQueryJoinAndFetchProcessor - processing queryspace <gen:0>
00:38:24.028 [main] DEBUG o.h.l.p.b.spi.LoadPlanTreePrinter - LoadPlan(entity=edu.ncsu.csc.itrust2.models.persistent.PasswordResetToken)
    - Returns
       - EntityReturnImpl(entity=edu.ncsu.csc.itrust2.models.persistent.PasswordResetToken, querySpaceUid=<gen:0>, path=edu.ncsu.csc.itrust2.models.persistent.PasswordResetToken)
          - EntityAttributeFetchImpl(entity=edu.ncsu.csc.itrust2.models.persistent.User, querySpaceUid=<gen:1>, path=edu.ncsu.csc.itrust2.models.persistent.PasswordResetToken.user)
    - QuerySpaces
       - EntityQuerySpaceImpl(uid=<gen:0>, entity=edu.ncsu.csc.itrust2.models.persistent.PasswordResetToken)
          - SQL table alias mapping - passwordre0_
          - alias suffix - 0_
          - suffixed key columns - {id1_11_0_}

00:38:24.028 [main] DEBUG o.h.loader.entity.plan.EntityLoader - Static select for entity edu.ncsu.csc.itrust2.models.persistent.PasswordResetToken [OPTIMISTIC]: select passwordre0_.id as id1_11_0_, passwordre0_.creationTime as creation2_11_0_, passwordre0_.tempPassword as tempPass3_11_0_, passwordre0_.user_id as user_id4_11_0_ from PasswordResetTokens passwordre0_ where passwordre0_.id=?
00:38:24.029 [main] DEBUG o.h.l.p.b.i.spaces.QuerySpacesImpl - Adding QuerySpace : uid = <gen:0> -> org.hibernate.loader.plan.build.internal.spaces.EntityQuerySpaceImpl@1313e1fa]
00:38:24.029 [main] DEBUG o.h.p.w.spi.MetamodelGraphWalker - Visiting attribute path : creationTime
00:38:24.029 [main] DEBUG o.h.p.w.spi.MetamodelGraphWalker - Visiting attribute path : tempPassword
00:38:24.029 [main] DEBUG o.h.p.w.spi.MetamodelGraphWalker - Visiting attribute path : user
00:38:24.030 [main] DEBUG o.h.l.p.b.i.spaces.QuerySpacesImpl - Adding QuerySpace : uid = <gen:1> -> org.hibernate.loader.plan.build.internal.spaces.EntityQuerySpaceImpl@5c61a0]
00:38:24.030 [main] DEBUG o.h.l.p.b.i.FetchStyleLoadPlanBuildingAssociationVisitationStrategy - Building LoadPlan...
00:38:24.030 [main] DEBUG o.h.l.p.e.i.LoadQueryJoinAndFetchProcessor - processing queryspace <gen:0>
00:38:24.031 [main] DEBUG o.h.l.p.b.spi.LoadPlanTreePrinter - LoadPlan(entity=edu.ncsu.csc.itrust2.models.persistent.PasswordResetToken)
    - Returns
       - EntityReturnImpl(entity=edu.ncsu.csc.itrust2.models.persistent.PasswordResetToken, querySpaceUid=<gen:0>, path=edu.ncsu.csc.itrust2.models.persistent.PasswordResetToken)
          - EntityAttributeFetchImpl(entity=edu.ncsu.csc.itrust2.models.persistent.User, querySpaceUid=<gen:1>, path=edu.ncsu.csc.itrust2.models.persistent.PasswordResetToken.user)
    - QuerySpaces
       - EntityQuerySpaceImpl(uid=<gen:0>, entity=edu.ncsu.csc.itrust2.models.persistent.PasswordResetToken)
          - SQL table alias mapping - passwordre0_
          - alias suffix - 0_
          - suffixed key columns - {id1_11_0_}

00:38:24.031 [main] DEBUG o.h.loader.entity.plan.EntityLoader - Static select for entity edu.ncsu.csc.itrust2.models.persistent.PasswordResetToken [OPTIMISTIC_FORCE_INCREMENT]: select passwordre0_.id as id1_11_0_, passwordre0_.creationTime as creation2_11_0_, passwordre0_.tempPassword as tempPass3_11_0_, passwordre0_.user_id as user_id4_11_0_ from PasswordResetTokens passwordre0_ where passwordre0_.id=?
00:38:24.036 [main] DEBUG org.hibernate.loader.Loader - Static select for action ACTION_MERGE on entity edu.ncsu.csc.itrust2.models.persistent.PasswordResetToken: select passwordre0_.id as id1_11_0_, passwordre0_.creationTime as creation2_11_0_, passwordre0_.tempPassword as tempPass3_11_0_, passwordre0_.user_id as user_id4_11_0_ from PasswordResetTokens passwordre0_ where passwordre0_.id=?
00:38:24.037 [main] DEBUG org.hibernate.loader.Loader - Static select for action ACTION_REFRESH on entity edu.ncsu.csc.itrust2.models.persistent.PasswordResetToken: select passwordre0_.id as id1_11_0_, passwordre0_.creationTime as creation2_11_0_, passwordre0_.tempPassword as tempPass3_11_0_, passwordre0_.user_id as user_id4_11_0_ from PasswordResetTokens passwordre0_ where passwordre0_.id=?
00:38:24.037 [main] DEBUG o.h.p.entity.AbstractEntityPersister - Static SQL for entity: edu.ncsu.csc.itrust2.models.persistent.Prescription
00:38:24.037 [main] DEBUG o.h.p.entity.AbstractEntityPersister -  Version select: select id from Prescriptions where id =?
00:38:24.037 [main] DEBUG o.h.p.entity.AbstractEntityPersister -  Snapshot select: select prescripti_.id, prescripti_.dosage as dosage2_14_, prescripti_.drug_id as drug_id6_14_, prescripti_.endDate as endDate3_14_, prescripti_.patient_id as patient_7_14_, prescripti_.renewals as renewals4_14_, prescripti_.startDate as startDat5_14_ from Prescriptions prescripti_ where prescripti_.id=?
00:38:24.037 [main] DEBUG o.h.p.entity.AbstractEntityPersister -  Insert 0: insert into Prescriptions (dosage, drug_id, endDate, patient_id, renewals, startDate, id) values (?, ?, ?, ?, ?, ?, ?)
00:38:24.037 [main] DEBUG o.h.p.entity.AbstractEntityPersister -  Update 0: update Prescriptions set dosage=?, drug_id=?, endDate=?, patient_id=?, renewals=?, startDate=? where id=?
00:38:24.037 [main] DEBUG o.h.p.entity.AbstractEntityPersister -  Delete 0: delete from Prescriptions where id=?
00:38:24.037 [main] DEBUG o.h.l.p.b.i.spaces.QuerySpacesImpl - Adding QuerySpace : uid = <gen:0> -> org.hibernate.loader.plan.build.internal.spaces.EntityQuerySpaceImpl@19e5048]
00:38:24.037 [main] DEBUG o.h.p.w.spi.MetamodelGraphWalker - Visiting attribute path : dosage
00:38:24.038 [main] DEBUG o.h.p.w.spi.MetamodelGraphWalker - Visiting attribute path : drug
00:38:24.038 [main] DEBUG o.h.l.p.b.i.spaces.QuerySpacesImpl - Adding QuerySpace : uid = <gen:1> -> org.hibernate.loader.plan.build.internal.spaces.EntityQuerySpaceImpl@5753977b]
00:38:24.038 [main] DEBUG o.h.p.w.spi.MetamodelGraphWalker - Visiting attribute path : drug.code
00:38:24.038 [main] DEBUG o.h.p.w.spi.MetamodelGraphWalker - Visiting attribute path : drug.description
00:38:24.038 [main] DEBUG o.h.p.w.spi.MetamodelGraphWalker - Visiting attribute path : drug.name
00:38:24.038 [main] DEBUG o.h.p.w.spi.MetamodelGraphWalker - Visiting attribute path : endDate
00:38:24.038 [main] DEBUG o.h.p.w.spi.MetamodelGraphWalker - Visiting attribute path : patient
00:38:24.038 [main] DEBUG o.h.l.p.b.i.spaces.QuerySpacesImpl - Adding QuerySpace : uid = <gen:2> -> org.hibernate.loader.plan.build.internal.spaces.EntityQuerySpaceImpl@470ea784]
00:38:24.038 [main] DEBUG o.h.p.w.spi.MetamodelGraphWalker - Visiting attribute path : patient.enabled
00:38:24.038 [main] DEBUG o.h.p.w.spi.MetamodelGraphWalker - Visiting attribute path : patient.password
00:38:24.038 [main] DEBUG o.h.p.w.spi.MetamodelGraphWalker - Visiting attribute path : patient.role
00:38:24.039 [main] DEBUG o.h.p.w.spi.MetamodelGraphWalker - Visiting attribute path : renewals
00:38:24.039 [main] DEBUG o.h.p.w.spi.MetamodelGraphWalker - Visiting attribute path : startDate
00:38:24.039 [main] DEBUG o.h.l.p.b.i.FetchStyleLoadPlanBuildingAssociationVisitationStrategy - Building LoadPlan...
00:38:24.039 [main] DEBUG o.h.l.p.e.i.LoadQueryJoinAndFetchProcessor - processing queryspace <gen:0>
00:38:24.039 [main] DEBUG o.h.l.p.b.spi.LoadPlanTreePrinter - LoadPlan(entity=edu.ncsu.csc.itrust2.models.persistent.Prescription)
    - Returns
       - EntityReturnImpl(entity=edu.ncsu.csc.itrust2.models.persistent.Prescription, querySpaceUid=<gen:0>, path=edu.ncsu.csc.itrust2.models.persistent.Prescription)
          - EntityAttributeFetchImpl(entity=edu.ncsu.csc.itrust2.models.persistent.Drug, querySpaceUid=<gen:1>, path=edu.ncsu.csc.itrust2.models.persistent.Prescription.drug)
          - EntityAttributeFetchImpl(entity=edu.ncsu.csc.itrust2.models.persistent.User, querySpaceUid=<gen:2>, path=edu.ncsu.csc.itrust2.models.persistent.Prescription.patient)
    - QuerySpaces
       - EntityQuerySpaceImpl(uid=<gen:0>, entity=edu.ncsu.csc.itrust2.models.persistent.Prescription)
          - SQL table alias mapping - prescripti0_
          - alias suffix - 0_
          - suffixed key columns - {id1_14_0_}
          - JOIN (JoinDefinedByMetadata(drug)) : <gen:0> -> <gen:1>
             - EntityQuerySpaceImpl(uid=<gen:1>, entity=edu.ncsu.csc.itrust2.models.persistent.Drug)
                - SQL table alias mapping - drug1_
                - alias suffix - 1_
                - suffixed key columns - {id1_3_1_}
          - JOIN (JoinDefinedByMetadata(patient)) : <gen:0> -> <gen:2>
             - EntityQuerySpaceImpl(uid=<gen:2>, entity=edu.ncsu.csc.itrust2.models.persistent.User)
                - SQL table alias mapping - user2_
                - alias suffix - 2_
                - suffixed key columns - {username1_15_2_}

00:38:24.039 [main] DEBUG o.h.loader.entity.plan.EntityLoader - Static select for entity edu.ncsu.csc.itrust2.models.persistent.Prescription [NONE]: select prescripti0_.id as id1_14_0_, prescripti0_.dosage as dosage2_14_0_, prescripti0_.drug_id as drug_id6_14_0_, prescripti0_.endDate as endDate3_14_0_, prescripti0_.patient_id as patient_7_14_0_, prescripti0_.renewals as renewals4_14_0_, prescripti0_.startDate as startDat5_14_0_, drug1_.id as id1_3_1_, drug1_.code as code2_3_1_, drug1_.description as descript3_3_1_, drug1_.name as name4_3_1_, user2_.username as username1_15_2_, user2_.enabled as enabled2_15_2_, user2_.password as password3_15_2_, user2_.role as role4_15_2_ from Prescriptions prescripti0_ inner join Drugs drug1_ on prescripti0_.drug_id=drug1_.id inner join Users user2_ on prescripti0_.patient_id=user2_.username where prescripti0_.id=?
00:38:24.040 [main] DEBUG o.h.l.p.b.i.spaces.QuerySpacesImpl - Adding QuerySpace : uid = <gen:0> -> org.hibernate.loader.plan.build.internal.spaces.EntityQuerySpaceImpl@7230812e]
00:38:24.041 [main] DEBUG o.h.p.w.spi.MetamodelGraphWalker - Visiting attribute path : dosage
00:38:24.041 [main] DEBUG o.h.p.w.spi.MetamodelGraphWalker - Visiting attribute path : drug
00:38:24.041 [main] DEBUG o.h.l.p.b.i.spaces.QuerySpacesImpl - Adding QuerySpace : uid = <gen:1> -> org.hibernate.loader.plan.build.internal.spaces.EntityQuerySpaceImpl@79021576]
00:38:24.042 [main] DEBUG o.h.p.w.spi.MetamodelGraphWalker - Visiting attribute path : drug.code
00:38:24.042 [main] DEBUG o.h.p.w.spi.MetamodelGraphWalker - Visiting attribute path : drug.description
00:38:24.042 [main] DEBUG o.h.p.w.spi.MetamodelGraphWalker - Visiting attribute path : drug.name
00:38:24.042 [main] DEBUG o.h.p.w.spi.MetamodelGraphWalker - Visiting attribute path : endDate
00:38:24.042 [main] DEBUG o.h.p.w.spi.MetamodelGraphWalker - Visiting attribute path : patient
00:38:24.042 [main] DEBUG o.h.l.p.b.i.spaces.QuerySpacesImpl - Adding QuerySpace : uid = <gen:2> -> org.hibernate.loader.plan.build.internal.spaces.EntityQuerySpaceImpl@2ff73267]
00:38:24.042 [main] DEBUG o.h.p.w.spi.MetamodelGraphWalker - Visiting attribute path : patient.enabled
00:38:24.042 [main] DEBUG o.h.p.w.spi.MetamodelGraphWalker - Visiting attribute path : patient.password
00:38:24.042 [main] DEBUG o.h.p.w.spi.MetamodelGraphWalker - Visiting attribute path : patient.role
00:38:24.042 [main] DEBUG o.h.p.w.spi.MetamodelGraphWalker - Visiting attribute path : renewals
00:38:24.042 [main] DEBUG o.h.p.w.spi.MetamodelGraphWalker - Visiting attribute path : startDate
00:38:24.042 [main] DEBUG o.h.l.p.b.i.FetchStyleLoadPlanBuildingAssociationVisitationStrategy - Building LoadPlan...
00:38:24.043 [main] DEBUG o.h.l.p.e.i.LoadQueryJoinAndFetchProcessor - processing queryspace <gen:0>
00:38:24.043 [main] DEBUG o.h.l.p.b.spi.LoadPlanTreePrinter - LoadPlan(entity=edu.ncsu.csc.itrust2.models.persistent.Prescription)
    - Returns
       - EntityReturnImpl(entity=edu.ncsu.csc.itrust2.models.persistent.Prescription, querySpaceUid=<gen:0>, path=edu.ncsu.csc.itrust2.models.persistent.Prescription)
          - EntityAttributeFetchImpl(entity=edu.ncsu.csc.itrust2.models.persistent.Drug, querySpaceUid=<gen:1>, path=edu.ncsu.csc.itrust2.models.persistent.Prescription.drug)
          - EntityAttributeFetchImpl(entity=edu.ncsu.csc.itrust2.models.persistent.User, querySpaceUid=<gen:2>, path=edu.ncsu.csc.itrust2.models.persistent.Prescription.patient)
    - QuerySpaces
       - EntityQuerySpaceImpl(uid=<gen:0>, entity=edu.ncsu.csc.itrust2.models.persistent.Prescription)
          - SQL table alias mapping - prescripti0_
          - alias suffix - 0_
          - suffixed key columns - {id1_14_0_}
          - JOIN (JoinDefinedByMetadata(drug)) : <gen:0> -> <gen:1>
             - EntityQuerySpaceImpl(uid=<gen:1>, entity=edu.ncsu.csc.itrust2.models.persistent.Drug)
                - SQL table alias mapping - drug1_
                - alias suffix - 1_
                - suffixed key columns - {id1_3_1_}
          - JOIN (JoinDefinedByMetadata(patient)) : <gen:0> -> <gen:2>
             - EntityQuerySpaceImpl(uid=<gen:2>, entity=edu.ncsu.csc.itrust2.models.persistent.User)
                - SQL table alias mapping - user2_
                - alias suffix - 2_
                - suffixed key columns - {username1_15_2_}

00:38:24.043 [main] DEBUG o.h.loader.entity.plan.EntityLoader - Static select for entity edu.ncsu.csc.itrust2.models.persistent.Prescription [READ]: select prescripti0_.id as id1_14_0_, prescripti0_.dosage as dosage2_14_0_, prescripti0_.drug_id as drug_id6_14_0_, prescripti0_.endDate as endDate3_14_0_, prescripti0_.patient_id as patient_7_14_0_, prescripti0_.renewals as renewals4_14_0_, prescripti0_.startDate as startDat5_14_0_, drug1_.id as id1_3_1_, drug1_.code as code2_3_1_, drug1_.description as descript3_3_1_, drug1_.name as name4_3_1_, user2_.username as username1_15_2_, user2_.enabled as enabled2_15_2_, user2_.password as password3_15_2_, user2_.role as role4_15_2_ from Prescriptions prescripti0_ inner join Drugs drug1_ on prescripti0_.drug_id=drug1_.id inner join Users user2_ on prescripti0_.patient_id=user2_.username where prescripti0_.id=?
00:38:24.043 [main] DEBUG o.h.l.p.b.i.spaces.QuerySpacesImpl - Adding QuerySpace : uid = <gen:0> -> org.hibernate.loader.plan.build.internal.spaces.EntityQuerySpaceImpl@18a3fe72]
00:38:24.043 [main] DEBUG o.h.p.w.spi.MetamodelGraphWalker - Visiting attribute path : dosage
00:38:24.050 [main] DEBUG o.h.p.w.spi.MetamodelGraphWalker - Visiting attribute path : drug
00:38:24.050 [main] DEBUG o.h.l.p.b.i.spaces.QuerySpacesImpl - Adding QuerySpace : uid = <gen:1> -> org.hibernate.loader.plan.build.internal.spaces.EntityQuerySpaceImpl@10fb3ecc]
00:38:24.050 [main] DEBUG o.h.p.w.spi.MetamodelGraphWalker - Visiting attribute path : endDate
00:38:24.050 [main] DEBUG o.h.p.w.spi.MetamodelGraphWalker - Visiting attribute path : patient
00:38:24.050 [main] DEBUG o.h.l.p.b.i.spaces.QuerySpacesImpl - Adding QuerySpace : uid = <gen:2> -> org.hibernate.loader.plan.build.internal.spaces.EntityQuerySpaceImpl@7e92bf4a]
00:38:24.050 [main] DEBUG o.h.p.w.spi.MetamodelGraphWalker - Visiting attribute path : renewals
00:38:24.050 [main] DEBUG o.h.p.w.spi.MetamodelGraphWalker - Visiting attribute path : startDate
00:38:24.050 [main] DEBUG o.h.l.p.b.i.FetchStyleLoadPlanBuildingAssociationVisitationStrategy - Building LoadPlan...
00:38:24.051 [main] DEBUG o.h.l.p.e.i.LoadQueryJoinAndFetchProcessor - processing queryspace <gen:0>
00:38:24.051 [main] DEBUG o.h.l.p.b.spi.LoadPlanTreePrinter - LoadPlan(entity=edu.ncsu.csc.itrust2.models.persistent.Prescription)
    - Returns
       - EntityReturnImpl(entity=edu.ncsu.csc.itrust2.models.persistent.Prescription, querySpaceUid=<gen:0>, path=edu.ncsu.csc.itrust2.models.persistent.Prescription)
          - EntityAttributeFetchImpl(entity=edu.ncsu.csc.itrust2.models.persistent.Drug, querySpaceUid=<gen:1>, path=edu.ncsu.csc.itrust2.models.persistent.Prescription.drug)
          - EntityAttributeFetchImpl(entity=edu.ncsu.csc.itrust2.models.persistent.User, querySpaceUid=<gen:2>, path=edu.ncsu.csc.itrust2.models.persistent.Prescription.patient)
    - QuerySpaces
       - EntityQuerySpaceImpl(uid=<gen:0>, entity=edu.ncsu.csc.itrust2.models.persistent.Prescription)
          - SQL table alias mapping - prescripti0_
          - alias suffix - 0_
          - suffixed key columns - {id1_14_0_}

00:38:24.051 [main] DEBUG o.h.loader.entity.plan.EntityLoader - Static select for entity edu.ncsu.csc.itrust2.models.persistent.Prescription [UPGRADE]: select prescripti0_.id as id1_14_0_, prescripti0_.dosage as dosage2_14_0_, prescripti0_.drug_id as drug_id6_14_0_, prescripti0_.endDate as endDate3_14_0_, prescripti0_.patient_id as patient_7_14_0_, prescripti0_.renewals as renewals4_14_0_, prescripti0_.startDate as startDat5_14_0_ from Prescriptions prescripti0_ where prescripti0_.id=? for update
00:38:24.051 [main] DEBUG o.h.l.p.b.i.spaces.QuerySpacesImpl - Adding QuerySpace : uid = <gen:0> -> org.hibernate.loader.plan.build.internal.spaces.EntityQuerySpaceImpl@79c59e84]
00:38:24.051 [main] DEBUG o.h.p.w.spi.MetamodelGraphWalker - Visiting attribute path : dosage
00:38:24.051 [main] DEBUG o.h.p.w.spi.MetamodelGraphWalker - Visiting attribute path : drug
00:38:24.051 [main] DEBUG o.h.l.p.b.i.spaces.QuerySpacesImpl - Adding QuerySpace : uid = <gen:1> -> org.hibernate.loader.plan.build.internal.spaces.EntityQuerySpaceImpl@7cc79eae]
00:38:24.051 [main] DEBUG o.h.p.w.spi.MetamodelGraphWalker - Visiting attribute path : endDate
00:38:24.052 [main] DEBUG o.h.p.w.spi.MetamodelGraphWalker - Visiting attribute path : patient
00:38:24.052 [main] DEBUG o.h.l.p.b.i.spaces.QuerySpacesImpl - Adding QuerySpace : uid = <gen:2> -> org.hibernate.loader.plan.build.internal.spaces.EntityQuerySpaceImpl@17c40693]
00:38:24.052 [main] DEBUG o.h.p.w.spi.MetamodelGraphWalker - Visiting attribute path : renewals
00:38:24.052 [main] DEBUG o.h.p.w.spi.MetamodelGraphWalker - Visiting attribute path : startDate
00:38:24.052 [main] DEBUG o.h.l.p.b.i.FetchStyleLoadPlanBuildingAssociationVisitationStrategy - Building LoadPlan...
00:38:24.052 [main] DEBUG o.h.l.p.e.i.LoadQueryJoinAndFetchProcessor - processing queryspace <gen:0>
00:38:24.052 [main] DEBUG o.h.l.p.b.spi.LoadPlanTreePrinter - LoadPlan(entity=edu.ncsu.csc.itrust2.models.persistent.Prescription)
    - Returns
       - EntityReturnImpl(entity=edu.ncsu.csc.itrust2.models.persistent.Prescription, querySpaceUid=<gen:0>, path=edu.ncsu.csc.itrust2.models.persistent.Prescription)
          - EntityAttributeFetchImpl(entity=edu.ncsu.csc.itrust2.models.persistent.Drug, querySpaceUid=<gen:1>, path=edu.ncsu.csc.itrust2.models.persistent.Prescription.drug)
          - EntityAttributeFetchImpl(entity=edu.ncsu.csc.itrust2.models.persistent.User, querySpaceUid=<gen:2>, path=edu.ncsu.csc.itrust2.models.persistent.Prescription.patient)
    - QuerySpaces
       - EntityQuerySpaceImpl(uid=<gen:0>, entity=edu.ncsu.csc.itrust2.models.persistent.Prescription)
          - SQL table alias mapping - prescripti0_
          - alias suffix - 0_
          - suffixed key columns - {id1_14_0_}

00:38:24.052 [main] DEBUG o.h.loader.entity.plan.EntityLoader - Static select for entity edu.ncsu.csc.itrust2.models.persistent.Prescription [UPGRADE_NOWAIT]: select prescripti0_.id as id1_14_0_, prescripti0_.dosage as dosage2_14_0_, prescripti0_.drug_id as drug_id6_14_0_, prescripti0_.endDate as endDate3_14_0_, prescripti0_.patient_id as patient_7_14_0_, prescripti0_.renewals as renewals4_14_0_, prescripti0_.startDate as startDat5_14_0_ from Prescriptions prescripti0_ where prescripti0_.id=? for update
00:38:24.053 [main] DEBUG o.h.l.p.b.i.spaces.QuerySpacesImpl - Adding QuerySpace : uid = <gen:0> -> org.hibernate.loader.plan.build.internal.spaces.EntityQuerySpaceImpl@42209b51]
00:38:24.053 [main] DEBUG o.h.p.w.spi.MetamodelGraphWalker - Visiting attribute path : dosage
00:38:24.053 [main] DEBUG o.h.p.w.spi.MetamodelGraphWalker - Visiting attribute path : drug
00:38:24.053 [main] DEBUG o.h.l.p.b.i.spaces.QuerySpacesImpl - Adding QuerySpace : uid = <gen:1> -> org.hibernate.loader.plan.build.internal.spaces.EntityQuerySpaceImpl@29a636c8]
00:38:24.053 [main] DEBUG o.h.p.w.spi.MetamodelGraphWalker - Visiting attribute path : endDate
00:38:24.053 [main] DEBUG o.h.p.w.spi.MetamodelGraphWalker - Visiting attribute path : patient
00:38:24.053 [main] DEBUG o.h.l.p.b.i.spaces.QuerySpacesImpl - Adding QuerySpace : uid = <gen:2> -> org.hibernate.loader.plan.build.internal.spaces.EntityQuerySpaceImpl@1ee14df1]
00:38:24.053 [main] DEBUG o.h.p.w.spi.MetamodelGraphWalker - Visiting attribute path : renewals
00:38:24.053 [main] DEBUG o.h.p.w.spi.MetamodelGraphWalker - Visiting attribute path : startDate
00:38:24.053 [main] DEBUG o.h.l.p.b.i.FetchStyleLoadPlanBuildingAssociationVisitationStrategy - Building LoadPlan...
00:38:24.054 [main] DEBUG o.h.l.p.e.i.LoadQueryJoinAndFetchProcessor - processing queryspace <gen:0>
00:38:24.054 [main] DEBUG o.h.l.p.b.spi.LoadPlanTreePrinter - LoadPlan(entity=edu.ncsu.csc.itrust2.models.persistent.Prescription)
    - Returns
       - EntityReturnImpl(entity=edu.ncsu.csc.itrust2.models.persistent.Prescription, querySpaceUid=<gen:0>, path=edu.ncsu.csc.itrust2.models.persistent.Prescription)
          - EntityAttributeFetchImpl(entity=edu.ncsu.csc.itrust2.models.persistent.Drug, querySpaceUid=<gen:1>, path=edu.ncsu.csc.itrust2.models.persistent.Prescription.drug)
          - EntityAttributeFetchImpl(entity=edu.ncsu.csc.itrust2.models.persistent.User, querySpaceUid=<gen:2>, path=edu.ncsu.csc.itrust2.models.persistent.Prescription.patient)
    - QuerySpaces
       - EntityQuerySpaceImpl(uid=<gen:0>, entity=edu.ncsu.csc.itrust2.models.persistent.Prescription)
          - SQL table alias mapping - prescripti0_
          - alias suffix - 0_
          - suffixed key columns - {id1_14_0_}

00:38:24.054 [main] DEBUG o.h.loader.entity.plan.EntityLoader - Static select for entity edu.ncsu.csc.itrust2.models.persistent.Prescription [UPGRADE_SKIPLOCKED]: select prescripti0_.id as id1_14_0_, prescripti0_.dosage as dosage2_14_0_, prescripti0_.drug_id as drug_id6_14_0_, prescripti0_.endDate as endDate3_14_0_, prescripti0_.patient_id as patient_7_14_0_, prescripti0_.renewals as renewals4_14_0_, prescripti0_.startDate as startDat5_14_0_ from Prescriptions prescripti0_ where prescripti0_.id=? for update
00:38:24.054 [main] DEBUG o.h.l.p.b.i.spaces.QuerySpacesImpl - Adding QuerySpace : uid = <gen:0> -> org.hibernate.loader.plan.build.internal.spaces.EntityQuerySpaceImpl@585da76f]
00:38:24.054 [main] DEBUG o.h.p.w.spi.MetamodelGraphWalker - Visiting attribute path : dosage
00:38:24.054 [main] DEBUG o.h.p.w.spi.MetamodelGraphWalker - Visiting attribute path : drug
00:38:24.057 [main] DEBUG o.h.l.p.b.i.spaces.QuerySpacesImpl - Adding QuerySpace : uid = <gen:1> -> org.hibernate.loader.plan.build.internal.spaces.EntityQuerySpaceImpl@e724650]
00:38:24.058 [main] DEBUG o.h.p.w.spi.MetamodelGraphWalker - Visiting attribute path : endDate
00:38:24.058 [main] DEBUG o.h.p.w.spi.MetamodelGraphWalker - Visiting attribute path : patient
00:38:24.058 [main] DEBUG o.h.l.p.b.i.spaces.QuerySpacesImpl - Adding QuerySpace : uid = <gen:2> -> org.hibernate.loader.plan.build.internal.spaces.EntityQuerySpaceImpl@1ae80caa]
00:38:24.058 [main] DEBUG o.h.p.w.spi.MetamodelGraphWalker - Visiting attribute path : renewals
00:38:24.058 [main] DEBUG o.h.p.w.spi.MetamodelGraphWalker - Visiting attribute path : startDate
00:38:24.058 [main] DEBUG o.h.l.p.b.i.FetchStyleLoadPlanBuildingAssociationVisitationStrategy - Building LoadPlan...
00:38:24.059 [main] DEBUG o.h.l.p.e.i.LoadQueryJoinAndFetchProcessor - processing queryspace <gen:0>
00:38:24.061 [main] DEBUG o.h.l.p.b.spi.LoadPlanTreePrinter - LoadPlan(entity=edu.ncsu.csc.itrust2.models.persistent.Prescription)
    - Returns
       - EntityReturnImpl(entity=edu.ncsu.csc.itrust2.models.persistent.Prescription, querySpaceUid=<gen:0>, path=edu.ncsu.csc.itrust2.models.persistent.Prescription)
          - EntityAttributeFetchImpl(entity=edu.ncsu.csc.itrust2.models.persistent.Drug, querySpaceUid=<gen:1>, path=edu.ncsu.csc.itrust2.models.persistent.Prescription.drug)
          - EntityAttributeFetchImpl(entity=edu.ncsu.csc.itrust2.models.persistent.User, querySpaceUid=<gen:2>, path=edu.ncsu.csc.itrust2.models.persistent.Prescription.patient)
    - QuerySpaces
       - EntityQuerySpaceImpl(uid=<gen:0>, entity=edu.ncsu.csc.itrust2.models.persistent.Prescription)
          - SQL table alias mapping - prescripti0_
          - alias suffix - 0_
          - suffixed key columns - {id1_14_0_}

00:38:24.061 [main] DEBUG o.h.loader.entity.plan.EntityLoader - Static select for entity edu.ncsu.csc.itrust2.models.persistent.Prescription [FORCE]: select prescripti0_.id as id1_14_0_, prescripti0_.dosage as dosage2_14_0_, prescripti0_.drug_id as drug_id6_14_0_, prescripti0_.endDate as endDate3_14_0_, prescripti0_.patient_id as patient_7_14_0_, prescripti0_.renewals as renewals4_14_0_, prescripti0_.startDate as startDat5_14_0_ from Prescriptions prescripti0_ where prescripti0_.id=? for update
00:38:24.061 [main] DEBUG o.h.l.p.b.i.spaces.QuerySpacesImpl - Adding QuerySpace : uid = <gen:0> -> org.hibernate.loader.plan.build.internal.spaces.EntityQuerySpaceImpl@2f3bb647]
00:38:24.061 [main] DEBUG o.h.p.w.spi.MetamodelGraphWalker - Visiting attribute path : dosage
00:38:24.061 [main] DEBUG o.h.p.w.spi.MetamodelGraphWalker - Visiting attribute path : drug
00:38:24.061 [main] DEBUG o.h.l.p.b.i.spaces.QuerySpacesImpl - Adding QuerySpace : uid = <gen:1> -> org.hibernate.loader.plan.build.internal.spaces.EntityQuerySpaceImpl@74cbe9bf]
00:38:24.061 [main] DEBUG o.h.p.w.spi.MetamodelGraphWalker - Visiting attribute path : endDate
00:38:24.062 [main] DEBUG o.h.p.w.spi.MetamodelGraphWalker - Visiting attribute path : patient
00:38:24.062 [main] DEBUG o.h.l.p.b.i.spaces.QuerySpacesImpl - Adding QuerySpace : uid = <gen:2> -> org.hibernate.loader.plan.build.internal.spaces.EntityQuerySpaceImpl@2e1c36d0]
00:38:24.062 [main] DEBUG o.h.p.w.spi.MetamodelGraphWalker - Visiting attribute path : renewals
00:38:24.062 [main] DEBUG o.h.p.w.spi.MetamodelGraphWalker - Visiting attribute path : startDate
00:38:24.062 [main] DEBUG o.h.l.p.b.i.FetchStyleLoadPlanBuildingAssociationVisitationStrategy - Building LoadPlan...
00:38:24.062 [main] DEBUG o.h.l.p.e.i.LoadQueryJoinAndFetchProcessor - processing queryspace <gen:0>
00:38:24.062 [main] DEBUG o.h.l.p.b.spi.LoadPlanTreePrinter - LoadPlan(entity=edu.ncsu.csc.itrust2.models.persistent.Prescription)
    - Returns
       - EntityReturnImpl(entity=edu.ncsu.csc.itrust2.models.persistent.Prescription, querySpaceUid=<gen:0>, path=edu.ncsu.csc.itrust2.models.persistent.Prescription)
          - EntityAttributeFetchImpl(entity=edu.ncsu.csc.itrust2.models.persistent.Drug, querySpaceUid=<gen:1>, path=edu.ncsu.csc.itrust2.models.persistent.Prescription.drug)
          - EntityAttributeFetchImpl(entity=edu.ncsu.csc.itrust2.models.persistent.User, querySpaceUid=<gen:2>, path=edu.ncsu.csc.itrust2.models.persistent.Prescription.patient)
    - QuerySpaces
       - EntityQuerySpaceImpl(uid=<gen:0>, entity=edu.ncsu.csc.itrust2.models.persistent.Prescription)
          - SQL table alias mapping - prescripti0_
          - alias suffix - 0_
          - suffixed key columns - {id1_14_0_}

00:38:24.062 [main] DEBUG o.h.loader.entity.plan.EntityLoader - Static select for entity edu.ncsu.csc.itrust2.models.persistent.Prescription [PESSIMISTIC_READ]: select prescripti0_.id as id1_14_0_, prescripti0_.dosage as dosage2_14_0_, prescripti0_.drug_id as drug_id6_14_0_, prescripti0_.endDate as endDate3_14_0_, prescripti0_.patient_id as patient_7_14_0_, prescripti0_.renewals as renewals4_14_0_, prescripti0_.startDate as startDat5_14_0_ from Prescriptions prescripti0_ where prescripti0_.id=? lock in share mode
00:38:24.063 [main] DEBUG o.h.l.p.b.i.spaces.QuerySpacesImpl - Adding QuerySpace : uid = <gen:0> -> org.hibernate.loader.plan.build.internal.spaces.EntityQuerySpaceImpl@5ce734da]
00:38:24.063 [main] DEBUG o.h.p.w.spi.MetamodelGraphWalker - Visiting attribute path : dosage
00:38:24.063 [main] DEBUG o.h.p.w.spi.MetamodelGraphWalker - Visiting attribute path : drug
00:38:24.063 [main] DEBUG o.h.l.p.b.i.spaces.QuerySpacesImpl - Adding QuerySpace : uid = <gen:1> -> org.hibernate.loader.plan.build.internal.spaces.EntityQuerySpaceImpl@249f050f]
00:38:24.063 [main] DEBUG o.h.p.w.spi.MetamodelGraphWalker - Visiting attribute path : endDate
00:38:24.063 [main] DEBUG o.h.p.w.spi.MetamodelGraphWalker - Visiting attribute path : patient
00:38:24.063 [main] DEBUG o.h.l.p.b.i.spaces.QuerySpacesImpl - Adding QuerySpace : uid = <gen:2> -> org.hibernate.loader.plan.build.internal.spaces.EntityQuerySpaceImpl@6bfa1dfa]
00:38:24.063 [main] DEBUG o.h.p.w.spi.MetamodelGraphWalker - Visiting attribute path : renewals
00:38:24.063 [main] DEBUG o.h.p.w.spi.MetamodelGraphWalker - Visiting attribute path : startDate
00:38:24.063 [main] DEBUG o.h.l.p.b.i.FetchStyleLoadPlanBuildingAssociationVisitationStrategy - Building LoadPlan...
00:38:24.063 [main] DEBUG o.h.l.p.e.i.LoadQueryJoinAndFetchProcessor - processing queryspace <gen:0>
00:38:24.064 [main] DEBUG o.h.l.p.b.spi.LoadPlanTreePrinter - LoadPlan(entity=edu.ncsu.csc.itrust2.models.persistent.Prescription)
    - Returns
       - EntityReturnImpl(entity=edu.ncsu.csc.itrust2.models.persistent.Prescription, querySpaceUid=<gen:0>, path=edu.ncsu.csc.itrust2.models.persistent.Prescription)
          - EntityAttributeFetchImpl(entity=edu.ncsu.csc.itrust2.models.persistent.Drug, querySpaceUid=<gen:1>, path=edu.ncsu.csc.itrust2.models.persistent.Prescription.drug)
          - EntityAttributeFetchImpl(entity=edu.ncsu.csc.itrust2.models.persistent.User, querySpaceUid=<gen:2>, path=edu.ncsu.csc.itrust2.models.persistent.Prescription.patient)
    - QuerySpaces
       - EntityQuerySpaceImpl(uid=<gen:0>, entity=edu.ncsu.csc.itrust2.models.persistent.Prescription)
          - SQL table alias mapping - prescripti0_
          - alias suffix - 0_
          - suffixed key columns - {id1_14_0_}

00:38:24.064 [main] DEBUG o.h.loader.entity.plan.EntityLoader - Static select for entity edu.ncsu.csc.itrust2.models.persistent.Prescription [PESSIMISTIC_WRITE]: select prescripti0_.id as id1_14_0_, prescripti0_.dosage as dosage2_14_0_, prescripti0_.drug_id as drug_id6_14_0_, prescripti0_.endDate as endDate3_14_0_, prescripti0_.patient_id as patient_7_14_0_, prescripti0_.renewals as renewals4_14_0_, prescripti0_.startDate as startDat5_14_0_ from Prescriptions prescripti0_ where prescripti0_.id=? for update
00:38:24.064 [main] DEBUG o.h.l.p.b.i.spaces.QuerySpacesImpl - Adding QuerySpace : uid = <gen:0> -> org.hibernate.loader.plan.build.internal.spaces.EntityQuerySpaceImpl@edea5bb]
00:38:24.064 [main] DEBUG o.h.p.w.spi.MetamodelGraphWalker - Visiting attribute path : dosage
00:38:24.064 [main] DEBUG o.h.p.w.spi.MetamodelGraphWalker - Visiting attribute path : drug
00:38:24.064 [main] DEBUG o.h.l.p.b.i.spaces.QuerySpacesImpl - Adding QuerySpace : uid = <gen:1> -> org.hibernate.loader.plan.build.internal.spaces.EntityQuerySpaceImpl@49867f43]
00:38:24.074 [main] DEBUG o.h.p.w.spi.MetamodelGraphWalker - Visiting attribute path : endDate
00:38:24.074 [main] DEBUG o.h.p.w.spi.MetamodelGraphWalker - Visiting attribute path : patient
00:38:24.074 [main] DEBUG o.h.l.p.b.i.spaces.QuerySpacesImpl - Adding QuerySpace : uid = <gen:2> -> org.hibernate.loader.plan.build.internal.spaces.EntityQuerySpaceImpl@72a8be44]
00:38:24.074 [main] DEBUG o.h.p.w.spi.MetamodelGraphWalker - Visiting attribute path : renewals
00:38:24.074 [main] DEBUG o.h.p.w.spi.MetamodelGraphWalker - Visiting attribute path : startDate
00:38:24.074 [main] DEBUG o.h.l.p.b.i.FetchStyleLoadPlanBuildingAssociationVisitationStrategy - Building LoadPlan...
00:38:24.074 [main] DEBUG o.h.l.p.e.i.LoadQueryJoinAndFetchProcessor - processing queryspace <gen:0>
00:38:24.075 [main] DEBUG o.h.l.p.b.spi.LoadPlanTreePrinter - LoadPlan(entity=edu.ncsu.csc.itrust2.models.persistent.Prescription)
    - Returns
       - EntityReturnImpl(entity=edu.ncsu.csc.itrust2.models.persistent.Prescription, querySpaceUid=<gen:0>, path=edu.ncsu.csc.itrust2.models.persistent.Prescription)
          - EntityAttributeFetchImpl(entity=edu.ncsu.csc.itrust2.models.persistent.Drug, querySpaceUid=<gen:1>, path=edu.ncsu.csc.itrust2.models.persistent.Prescription.drug)
          - EntityAttributeFetchImpl(entity=edu.ncsu.csc.itrust2.models.persistent.User, querySpaceUid=<gen:2>, path=edu.ncsu.csc.itrust2.models.persistent.Prescription.patient)
    - QuerySpaces
       - EntityQuerySpaceImpl(uid=<gen:0>, entity=edu.ncsu.csc.itrust2.models.persistent.Prescription)
          - SQL table alias mapping - prescripti0_
          - alias suffix - 0_
          - suffixed key columns - {id1_14_0_}

00:38:24.075 [main] DEBUG o.h.loader.entity.plan.EntityLoader - Static select for entity edu.ncsu.csc.itrust2.models.persistent.Prescription [PESSIMISTIC_FORCE_INCREMENT]: select prescripti0_.id as id1_14_0_, prescripti0_.dosage as dosage2_14_0_, prescripti0_.drug_id as drug_id6_14_0_, prescripti0_.endDate as endDate3_14_0_, prescripti0_.patient_id as patient_7_14_0_, prescripti0_.renewals as renewals4_14_0_, prescripti0_.startDate as startDat5_14_0_ from Prescriptions prescripti0_ where prescripti0_.id=? for update
00:38:24.075 [main] DEBUG o.h.l.p.b.i.spaces.QuerySpacesImpl - Adding QuerySpace : uid = <gen:0> -> org.hibernate.loader.plan.build.internal.spaces.EntityQuerySpaceImpl@9202ed7]
00:38:24.075 [main] DEBUG o.h.p.w.spi.MetamodelGraphWalker - Visiting attribute path : dosage
00:38:24.075 [main] DEBUG o.h.p.w.spi.MetamodelGraphWalker - Visiting attribute path : drug
00:38:24.075 [main] DEBUG o.h.l.p.b.i.spaces.QuerySpacesImpl - Adding QuerySpace : uid = <gen:1> -> org.hibernate.loader.plan.build.internal.spaces.EntityQuerySpaceImpl@b8fbcad]
00:38:24.075 [main] DEBUG o.h.p.w.spi.MetamodelGraphWalker - Visiting attribute path : endDate
00:38:24.075 [main] DEBUG o.h.p.w.spi.MetamodelGraphWalker - Visiting attribute path : patient
00:38:24.075 [main] DEBUG o.h.l.p.b.i.spaces.QuerySpacesImpl - Adding QuerySpace : uid = <gen:2> -> org.hibernate.loader.plan.build.internal.spaces.EntityQuerySpaceImpl@3c627906]
00:38:24.076 [main] DEBUG o.h.p.w.spi.MetamodelGraphWalker - Visiting attribute path : renewals
00:38:24.076 [main] DEBUG o.h.p.w.spi.MetamodelGraphWalker - Visiting attribute path : startDate
00:38:24.076 [main] DEBUG o.h.l.p.b.i.FetchStyleLoadPlanBuildingAssociationVisitationStrategy - Building LoadPlan...
00:38:24.076 [main] DEBUG o.h.l.p.e.i.LoadQueryJoinAndFetchProcessor - processing queryspace <gen:0>
00:38:24.080 [main] DEBUG o.h.l.p.b.spi.LoadPlanTreePrinter - LoadPlan(entity=edu.ncsu.csc.itrust2.models.persistent.Prescription)
    - Returns
       - EntityReturnImpl(entity=edu.ncsu.csc.itrust2.models.persistent.Prescription, querySpaceUid=<gen:0>, path=edu.ncsu.csc.itrust2.models.persistent.Prescription)
          - EntityAttributeFetchImpl(entity=edu.ncsu.csc.itrust2.models.persistent.Drug, querySpaceUid=<gen:1>, path=edu.ncsu.csc.itrust2.models.persistent.Prescription.drug)
          - EntityAttributeFetchImpl(entity=edu.ncsu.csc.itrust2.models.persistent.User, querySpaceUid=<gen:2>, path=edu.ncsu.csc.itrust2.models.persistent.Prescription.patient)
    - QuerySpaces
       - EntityQuerySpaceImpl(uid=<gen:0>, entity=edu.ncsu.csc.itrust2.models.persistent.Prescription)
          - SQL table alias mapping - prescripti0_
          - alias suffix - 0_
          - suffixed key columns - {id1_14_0_}

00:38:24.080 [main] DEBUG o.h.loader.entity.plan.EntityLoader - Static select for entity edu.ncsu.csc.itrust2.models.persistent.Prescription [OPTIMISTIC]: select prescripti0_.id as id1_14_0_, prescripti0_.dosage as dosage2_14_0_, prescripti0_.drug_id as drug_id6_14_0_, prescripti0_.endDate as endDate3_14_0_, prescripti0_.patient_id as patient_7_14_0_, prescripti0_.renewals as renewals4_14_0_, prescripti0_.startDate as startDat5_14_0_ from Prescriptions prescripti0_ where prescripti0_.id=?
00:38:24.080 [main] DEBUG o.h.l.p.b.i.spaces.QuerySpacesImpl - Adding QuerySpace : uid = <gen:0> -> org.hibernate.loader.plan.build.internal.spaces.EntityQuerySpaceImpl@34bcaecb]
00:38:24.080 [main] DEBUG o.h.p.w.spi.MetamodelGraphWalker - Visiting attribute path : dosage
00:38:24.081 [main] DEBUG o.h.p.w.spi.MetamodelGraphWalker - Visiting attribute path : drug
00:38:24.081 [main] DEBUG o.h.l.p.b.i.spaces.QuerySpacesImpl - Adding QuerySpace : uid = <gen:1> -> org.hibernate.loader.plan.build.internal.spaces.EntityQuerySpaceImpl@7ed83a6c]
00:38:24.081 [main] DEBUG o.h.p.w.spi.MetamodelGraphWalker - Visiting attribute path : endDate
00:38:24.081 [main] DEBUG o.h.p.w.spi.MetamodelGraphWalker - Visiting attribute path : patient
00:38:24.081 [main] DEBUG o.h.l.p.b.i.spaces.QuerySpacesImpl - Adding QuerySpace : uid = <gen:2> -> org.hibernate.loader.plan.build.internal.spaces.EntityQuerySpaceImpl@51ddc6f8]
00:38:24.081 [main] DEBUG o.h.p.w.spi.MetamodelGraphWalker - Visiting attribute path : renewals
00:38:24.081 [main] DEBUG o.h.p.w.spi.MetamodelGraphWalker - Visiting attribute path : startDate
00:38:24.081 [main] DEBUG o.h.l.p.b.i.FetchStyleLoadPlanBuildingAssociationVisitationStrategy - Building LoadPlan...
00:38:24.081 [main] DEBUG o.h.l.p.e.i.LoadQueryJoinAndFetchProcessor - processing queryspace <gen:0>
00:38:24.082 [main] DEBUG o.h.l.p.b.spi.LoadPlanTreePrinter - LoadPlan(entity=edu.ncsu.csc.itrust2.models.persistent.Prescription)
    - Returns
       - EntityReturnImpl(entity=edu.ncsu.csc.itrust2.models.persistent.Prescription, querySpaceUid=<gen:0>, path=edu.ncsu.csc.itrust2.models.persistent.Prescription)
          - EntityAttributeFetchImpl(entity=edu.ncsu.csc.itrust2.models.persistent.Drug, querySpaceUid=<gen:1>, path=edu.ncsu.csc.itrust2.models.persistent.Prescription.drug)
          - EntityAttributeFetchImpl(entity=edu.ncsu.csc.itrust2.models.persistent.User, querySpaceUid=<gen:2>, path=edu.ncsu.csc.itrust2.models.persistent.Prescription.patient)
    - QuerySpaces
       - EntityQuerySpaceImpl(uid=<gen:0>, entity=edu.ncsu.csc.itrust2.models.persistent.Prescription)
          - SQL table alias mapping - prescripti0_
          - alias suffix - 0_
          - suffixed key columns - {id1_14_0_}

00:38:24.082 [main] DEBUG o.h.loader.entity.plan.EntityLoader - Static select for entity edu.ncsu.csc.itrust2.models.persistent.Prescription [OPTIMISTIC_FORCE_INCREMENT]: select prescripti0_.id as id1_14_0_, prescripti0_.dosage as dosage2_14_0_, prescripti0_.drug_id as drug_id6_14_0_, prescripti0_.endDate as endDate3_14_0_, prescripti0_.patient_id as patient_7_14_0_, prescripti0_.renewals as renewals4_14_0_, prescripti0_.startDate as startDat5_14_0_ from Prescriptions prescripti0_ where prescripti0_.id=?
00:38:24.082 [main] DEBUG org.hibernate.loader.Loader - Static select for action ACTION_MERGE on entity edu.ncsu.csc.itrust2.models.persistent.Prescription: select prescripti0_.id as id1_14_0_, prescripti0_.dosage as dosage2_14_0_, prescripti0_.drug_id as drug_id6_14_0_, prescripti0_.endDate as endDate3_14_0_, prescripti0_.patient_id as patient_7_14_0_, prescripti0_.renewals as renewals4_14_0_, prescripti0_.startDate as startDat5_14_0_ from Prescriptions prescripti0_ where prescripti0_.id=?
00:38:24.082 [main] DEBUG org.hibernate.loader.Loader - Static select for action ACTION_REFRESH on entity edu.ncsu.csc.itrust2.models.persistent.Prescription: select prescripti0_.id as id1_14_0_, prescripti0_.dosage as dosage2_14_0_, prescripti0_.drug_id as drug_id6_14_0_, prescripti0_.endDate as endDate3_14_0_, prescripti0_.patient_id as patient_7_14_0_, prescripti0_.renewals as renewals4_14_0_, prescripti0_.startDate as startDat5_14_0_ from Prescriptions prescripti0_ where prescripti0_.id=?
00:38:24.092 [main] DEBUG o.h.l.p.b.i.spaces.QuerySpacesImpl - Adding QuerySpace : uid = <gen:0> -> org.hibernate.loader.plan.build.internal.spaces.CollectionQuerySpaceImpl@7a804bdc]
00:38:24.092 [main] DEBUG o.h.l.p.b.i.spaces.QuerySpacesImpl - Adding QuerySpace : uid = <gen:1> -> org.hibernate.loader.plan.build.internal.spaces.EntityQuerySpaceImpl@18b48fd6]
00:38:24.092 [main] DEBUG o.h.p.w.spi.MetamodelGraphWalker - Visiting attribute path : dosage
00:38:24.093 [main] DEBUG o.h.p.w.spi.MetamodelGraphWalker - Visiting attribute path : drug
00:38:24.093 [main] DEBUG o.h.l.p.b.i.spaces.QuerySpacesImpl - Adding QuerySpace : uid = <gen:2> -> org.hibernate.loader.plan.build.internal.spaces.EntityQuerySpaceImpl@5420e4be]
00:38:24.093 [main] DEBUG o.h.p.w.spi.MetamodelGraphWalker - Visiting attribute path : drug.code
00:38:24.093 [main] DEBUG o.h.p.w.spi.MetamodelGraphWalker - Visiting attribute path : drug.description
00:38:24.093 [main] DEBUG o.h.p.w.spi.MetamodelGraphWalker - Visiting attribute path : drug.name
00:38:24.093 [main] DEBUG o.h.p.w.spi.MetamodelGraphWalker - Visiting attribute path : endDate
00:38:24.093 [main] DEBUG o.h.p.w.spi.MetamodelGraphWalker - Visiting attribute path : patient
00:38:24.094 [main] DEBUG o.h.l.p.b.i.spaces.QuerySpacesImpl - Adding QuerySpace : uid = <gen:3> -> org.hibernate.loader.plan.build.internal.spaces.EntityQuerySpaceImpl@f80933f]
00:38:24.094 [main] DEBUG o.h.p.w.spi.MetamodelGraphWalker - Visiting attribute path : patient.enabled
00:38:24.094 [main] DEBUG o.h.p.w.spi.MetamodelGraphWalker - Visiting attribute path : patient.password
00:38:24.094 [main] DEBUG o.h.p.w.spi.MetamodelGraphWalker - Visiting attribute path : patient.role
00:38:24.094 [main] DEBUG o.h.p.w.spi.MetamodelGraphWalker - Visiting attribute path : renewals
00:38:24.094 [main] DEBUG o.h.p.w.spi.MetamodelGraphWalker - Visiting attribute path : startDate
00:38:24.094 [main] DEBUG o.h.l.p.b.i.FetchStyleLoadPlanBuildingAssociationVisitationStrategy - Building LoadPlan...
00:38:24.096 [main] DEBUG o.h.l.p.e.i.LoadQueryJoinAndFetchProcessor - processing queryspace <gen:0>
00:38:24.097 [main] DEBUG o.h.l.p.b.spi.LoadPlanTreePrinter - LoadPlan(collection=edu.ncsu.csc.itrust2.models.persistent.OfficeVisit.prescriptions)
    - Returns
       - CollectionReturnImpl(collection=edu.ncsu.csc.itrust2.models.persistent.OfficeVisit.prescriptions, querySpaceUid=<gen:0>, path=[edu.ncsu.csc.itrust2.models.persistent.OfficeVisit.prescriptions])
          - (collection element) CollectionFetchableElementEntityGraph(entity=edu.ncsu.csc.itrust2.models.persistent.Prescription, querySpaceUid=<gen:1>, path=[edu.ncsu.csc.itrust2.models.persistent.OfficeVisit.prescriptions].<elements>)
             - EntityAttributeFetchImpl(entity=edu.ncsu.csc.itrust2.models.persistent.Drug, querySpaceUid=<gen:2>, path=[edu.ncsu.csc.itrust2.models.persistent.OfficeVisit.prescriptions].<elements>.drug)
             - EntityAttributeFetchImpl(entity=edu.ncsu.csc.itrust2.models.persistent.User, querySpaceUid=<gen:3>, path=[edu.ncsu.csc.itrust2.models.persistent.OfficeVisit.prescriptions].<elements>.patient)
    - QuerySpaces
       - CollectionQuerySpaceImpl(uid=<gen:0>, collection=edu.ncsu.csc.itrust2.models.persistent.OfficeVisit.prescriptions)
          - SQL table alias mapping - prescripti0_
          - alias suffix - 0_
          - suffixed key columns - {prescrip8_14_0_}
          - entity-element alias suffix - 1_
          - 1_entity-element suffixed key columns - id1_14_1_
          - JOIN (JoinDefinedByMetadata(elements)) : <gen:0> -> <gen:1>
             - EntityQuerySpaceImpl(uid=<gen:1>, entity=edu.ncsu.csc.itrust2.models.persistent.Prescription)
                - SQL table alias mapping - prescripti0_
                - alias suffix - 1_
                - suffixed key columns - {id1_14_1_}
                - JOIN (JoinDefinedByMetadata(drug)) : <gen:1> -> <gen:2>
                   - EntityQuerySpaceImpl(uid=<gen:2>, entity=edu.ncsu.csc.itrust2.models.persistent.Drug)
                      - SQL table alias mapping - drug1_
                      - alias suffix - 2_
                      - suffixed key columns - {id1_3_2_}
                - JOIN (JoinDefinedByMetadata(patient)) : <gen:1> -> <gen:3>
                   - EntityQuerySpaceImpl(uid=<gen:3>, entity=edu.ncsu.csc.itrust2.models.persistent.User)
                      - SQL table alias mapping - user2_
                      - alias suffix - 3_
                      - suffixed key columns - {username1_15_3_}

00:38:24.098 [main] DEBUG o.h.l.c.plan.CollectionLoader - Static select for collection edu.ncsu.csc.itrust2.models.persistent.OfficeVisit.prescriptions: select prescripti0_.prescriptions_id as prescrip8_14_0_, prescripti0_.id as id1_14_0_, prescripti0_.id as id1_14_1_, prescripti0_.dosage as dosage2_14_1_, prescripti0_.drug_id as drug_id6_14_1_, prescripti0_.endDate as endDate3_14_1_, prescripti0_.patient_id as patient_7_14_1_, prescripti0_.renewals as renewals4_14_1_, prescripti0_.startDate as startDat5_14_1_, drug1_.id as id1_3_2_, drug1_.code as code2_3_2_, drug1_.description as descript3_3_2_, drug1_.name as name4_3_2_, user2_.username as username1_15_3_, user2_.enabled as enabled2_15_3_, user2_.password as password3_15_3_, user2_.role as role4_15_3_ from Prescriptions prescripti0_ inner join Drugs drug1_ on prescripti0_.drug_id=drug1_.id inner join Users user2_ on prescripti0_.patient_id=user2_.username where prescripti0_.prescriptions_id=?
00:38:24.098 [main] DEBUG o.h.internal.SessionFactoryImpl - Instantiated session factory
00:38:24.103 [main] INFO  o.h.tool.hbm2ddl.SchemaUpdate - HHH000228: Running hbm2ddl schema update
00:38:24.201 [main] DEBUG org.hibernate.mapping.Table - No alter strings for table : AppointmentRequests
00:38:24.262 [main] DEBUG org.hibernate.mapping.Table - No alter strings for table : BasicHealthMetrics
00:38:24.279 [main] DEBUG org.hibernate.mapping.Table - No alter strings for table : Diagnoses
00:38:24.295 [main] DEBUG org.hibernate.mapping.Table - No alter strings for table : Drugs
00:38:24.301 [main] DEBUG org.hibernate.mapping.Table - No alter strings for table : hibernate_sequence
00:38:24.316 [main] DEBUG org.hibernate.mapping.Table - No alter strings for table : Hospitals
00:38:24.324 [main] DEBUG org.hibernate.mapping.Table - No alter strings for table : ICDCodes
00:38:24.339 [main] DEBUG org.hibernate.mapping.Table - No alter strings for table : LogEntries
00:38:24.349 [main] DEBUG org.hibernate.mapping.Table - No alter strings for table : LoginAttempts
00:38:24.359 [main] DEBUG org.hibernate.mapping.Table - No alter strings for table : LoginBans
00:38:24.369 [main] DEBUG org.hibernate.mapping.Table - No alter strings for table : LoginLockouts
00:38:24.401 [main] DEBUG org.hibernate.mapping.Table - No alter strings for table : OfficeVisits
00:38:24.419 [main] DEBUG org.hibernate.mapping.Table - No alter strings for table : PasswordResetTokens
00:38:24.483 [main] DEBUG org.hibernate.mapping.Table - No alter strings for table : Patients
00:38:24.516 [main] DEBUG org.hibernate.mapping.Table - No alter strings for table : Personnel
00:38:24.551 [main] DEBUG org.hibernate.mapping.Table - No alter strings for table : Prescriptions
00:38:24.563 [main] DEBUG org.hibernate.mapping.Table - No alter strings for table : Users
00:38:24.760 [main] DEBUG o.h.e.t.j.p.i.JtaPlatformInitiator - No JtaPlatform was specified, checking resolver
00:38:24.761 [main] DEBUG o.h.e.t.j.p.i.JtaPlatformResolverInitiator - No JtaPlatformResolver was specified, using default [org.hibernate.engine.transaction.jta.platform.internal.StandardJtaPlatformResolver]
00:38:24.765 [main] DEBUG o.h.e.t.j.p.i.StandardJtaPlatformResolver - Could not resolve JtaPlatform, using default [org.hibernate.engine.transaction.jta.platform.internal.NoJtaPlatform]
00:38:24.767 [main] DEBUG o.h.internal.NamedQueryRepository - Checking 0 named HQL queries
00:38:24.767 [main] DEBUG o.h.internal.NamedQueryRepository - Checking 0 named SQL queries
00:38:24.770 [main] DEBUG o.h.internal.SessionFactoryRegistry - Initializing SessionFactoryRegistry : org.hibernate.internal.SessionFactoryRegistry@74b2ad8e
00:38:24.773 [main] DEBUG o.h.internal.SessionFactoryRegistry - Registering SessionFactory: 8ffe40d8-e562-4862-b38c-b4c478275028 (<unnamed>)
00:38:24.773 [main] DEBUG o.h.internal.SessionFactoryRegistry - Not binding SessionFactory to JNDI, no JNDI name configured
00:38:24.868 [main] DEBUG o.h.s.internal.StatisticsInitiator - Statistics initialized [enabled=false]
00:38:24.869 [main] DEBUG o.h.e.t.internal.TransactionImpl - begin
00:38:24.881 [main] DEBUG org.hibernate.SQL - select hospital_.name, hospital_.address as address2_4_, hospital_.state as state3_4_, hospital_.zip as zip4_4_ from Hospitals hospital_ where hospital_.name=?
Hibernate: select hospital_.name, hospital_.address as address2_4_, hospital_.state as state3_4_, hospital_.zip as zip4_4_ from Hospitals hospital_ where hospital_.name=?
00:38:24.904 [main] DEBUG o.h.r.j.i.ResourceRegistryStandardImpl - HHH000387: ResultSet's statement was not registered
00:38:24.933 [main] DEBUG o.h.e.i.AbstractSaveEventListener - Generated identifier: iTrust Test Hospital 2, using strategy: org.hibernate.id.Assigned
00:38:24.953 [main] DEBUG o.h.e.t.internal.TransactionImpl - committing
00:38:24.954 [main] DEBUG o.h.e.i.AbstractFlushingEventListener - Processing flush-time cascades
00:38:24.956 [main] DEBUG o.h.e.i.AbstractFlushingEventListener - Dirty checking collections
00:38:24.958 [main] DEBUG o.h.e.i.AbstractFlushingEventListener - Flushed: 1 insertions, 0 updates, 0 deletions to 1 objects
00:38:24.958 [main] DEBUG o.h.e.i.AbstractFlushingEventListener - Flushed: 0 (re)creations, 0 updates, 0 removals to 0 collections
00:38:24.960 [main] DEBUG o.h.internal.util.EntityPrinter - Listing entities:
00:38:24.960 [main] DEBUG o.h.internal.util.EntityPrinter - edu.ncsu.csc.itrust2.models.persistent.Hospital{zip=27607, address=1 iTrust Test Street, name=iTrust Test Hospital 2, state=NC}
00:38:25.005 [main] DEBUG org.hibernate.SQL - insert into Hospitals (address, state, zip, name) values (?, ?, ?, ?)
Hibernate: insert into Hospitals (address, state, zip, name) values (?, ?, ?, ?)
00:38:25.015 [main] DEBUG o.h.e.j.internal.JdbcCoordinatorImpl - HHH000420: Closing un-released batch
00:38:25.021 [main] DEBUG o.s.b.f.s.DefaultListableBeanFactory - Returning cached instance of singleton bean 'springSecurityFilterChain'
00:38:25.021 [main] DEBUG o.s.test.util.ReflectionTestUtils - Invoking method 'getFilters' on target object [FilterChainProxy[Filter Chains: [[ Ant [pattern='/api/v1/requestPasswordReset'], []], [ Ant [pattern='/api/v1/resetPassword/*'], []], [ Ant [pattern='/requestPasswordReset'], []], [ Ant [pattern='/resetPassword'], []], [ org.springframework.security.web.util.matcher.AnyRequestMatcher@1, [edu.ncsu.csc.itrust2.config.IPFilter@20bed60a, org.springframework.security.web.context.request.async.WebAsyncManagerIntegrationFilter@b6182cb, org.springframework.security.web.context.SecurityContextPersistenceFilter@4b9fd79, org.springframework.security.web.header.HeaderWriterFilter@55a72c9e, org.springframework.security.web.csrf.CsrfFilter@d8a5846, org.springframework.security.web.authentication.logout.LogoutFilter@3a7c75d9, org.springframework.security.web.authentication.UsernamePasswordAuthenticationFilter@754fa706, org.springframework.security.web.savedrequest.RequestCacheAwareFilter@51e68bcd, org.springframework.security.web.servletapi.SecurityContextHolderAwareRequestFilter@4a1978df, org.springframework.security.web.authentication.AnonymousAuthenticationFilter@16ea544e, org.springframework.security.web.session.SessionManagementFilter@63156646, org.springframework.security.web.access.ExceptionTranslationFilter@4515dfae, org.springframework.security.web.access.intercept.FilterSecurityInterceptor@7c156ea]]]]] with arguments {org.springframework.mock.web.MockHttpServletRequest@3b3bcd18}
00:38:25.022 [main] DEBUG o.s.s.w.u.m.AntPathRequestMatcher - Checking match of request : '/api/v1/icdcodes'; against '/api/v1/requestPasswordReset'
00:38:25.022 [main] DEBUG o.s.s.w.u.m.AntPathRequestMatcher - Checking match of request : '/api/v1/icdcodes'; against '/api/v1/resetPassword/*'
00:38:25.022 [main] DEBUG o.s.s.w.u.m.AntPathRequestMatcher - Checking match of request : '/api/v1/icdcodes'; against '/requestPasswordReset'
00:38:25.022 [main] DEBUG o.s.s.w.u.m.AntPathRequestMatcher - Checking match of request : '/api/v1/icdcodes'; against '/resetPassword'
00:38:25.023 [main] DEBUG o.s.test.util.ReflectionTestUtils - Getting field 'repo' from target object [org.springframework.security.web.context.SecurityContextPersistenceFilter@4b9fd79] or target class [class org.springframework.security.web.context.SecurityContextPersistenceFilter]
00:38:25.023 [main] DEBUG o.s.b.f.s.DefaultListableBeanFactory - Returning cached instance of singleton bean 'springSecurityFilterChain'
00:38:25.024 [main] DEBUG o.s.test.util.ReflectionTestUtils - Invoking method 'getFilters' on target object [FilterChainProxy[Filter Chains: [[ Ant [pattern='/api/v1/requestPasswordReset'], []], [ Ant [pattern='/api/v1/resetPassword/*'], []], [ Ant [pattern='/requestPasswordReset'], []], [ Ant [pattern='/resetPassword'], []], [ org.springframework.security.web.util.matcher.AnyRequestMatcher@1, [edu.ncsu.csc.itrust2.config.IPFilter@20bed60a, org.springframework.security.web.context.request.async.WebAsyncManagerIntegrationFilter@b6182cb, org.springframework.security.web.context.SecurityContextPersistenceFilter@4b9fd79, org.springframework.security.web.header.HeaderWriterFilter@55a72c9e, org.springframework.security.web.csrf.CsrfFilter@d8a5846, org.springframework.security.web.authentication.logout.LogoutFilter@3a7c75d9, org.springframework.security.web.authentication.UsernamePasswordAuthenticationFilter@754fa706, org.springframework.security.web.savedrequest.RequestCacheAwareFilter@51e68bcd, org.springframework.security.web.servletapi.SecurityContextHolderAwareRequestFilter@4a1978df, org.springframework.security.web.authentication.AnonymousAuthenticationFilter@16ea544e, org.springframework.security.web.session.SessionManagementFilter@63156646, org.springframework.security.web.access.ExceptionTranslationFilter@4515dfae, org.springframework.security.web.access.intercept.FilterSecurityInterceptor@7c156ea]]]]] with arguments {org.springframework.mock.web.MockHttpServletRequest@3b3bcd18}
00:38:25.024 [main] DEBUG o.s.s.w.u.m.AntPathRequestMatcher - Checking match of request : '/api/v1/icdcodes'; against '/api/v1/requestPasswordReset'
00:38:25.024 [main] DEBUG o.s.s.w.u.m.AntPathRequestMatcher - Checking match of request : '/api/v1/icdcodes'; against '/api/v1/resetPassword/*'
00:38:25.024 [main] DEBUG o.s.s.w.u.m.AntPathRequestMatcher - Checking match of request : '/api/v1/icdcodes'; against '/requestPasswordReset'
00:38:25.024 [main] DEBUG o.s.s.w.u.m.AntPathRequestMatcher - Checking match of request : '/api/v1/icdcodes'; against '/resetPassword'
00:38:25.024 [main] DEBUG o.s.test.util.ReflectionTestUtils - Setting field 'repo' of type [null] on target object [org.springframework.security.web.context.SecurityContextPersistenceFilter@4b9fd79] or target class [class org.springframework.security.web.context.SecurityContextPersistenceFilter] to value [org.springframework.security.test.web.servlet.request.SecurityMockMvcRequestPostProcessors$SecurityContextRequestPostProcessorSupport$TestSecurityContextRepository@1ae5ae3b]
00:38:25.025 [main] DEBUG o.s.s.w.c.HttpSessionSecurityContextRepository - No HttpSession currently exists
00:38:25.025 [main] DEBUG o.s.s.w.c.HttpSessionSecurityContextRepository - No SecurityContext was available from the HttpSession: null. A new one will be created.
00:38:25.030 [main] DEBUG o.s.s.w.c.HttpSessionSecurityContextRepository - HttpSession being created as SecurityContext is non-default
00:38:25.032 [main] DEBUG o.s.s.w.c.HttpSessionSecurityContextRepository - SecurityContext 'org.springframework.security.core.context.SecurityContextImpl@17ed071c: Authentication: org.springframework.security.authentication.UsernamePasswordAuthenticationToken@17ed071c: Principal: org.springframework.security.core.userdetails.User@586034f: Username: admin; Password: [PROTECTED]; Enabled: true; AccountNonExpired: true; credentialsNonExpired: true; AccountNonLocked: true; Granted Authorities: ROLE_USER; Credentials: [PROTECTED]; Authenticated: true; Details: null; Granted Authorities: ROLE_USER' stored to HttpSession: 'org.springframework.mock.web.MockHttpSession@33756b95
00:38:25.033 [main] DEBUG o.s.t.w.s.TestDispatcherServlet - DispatcherServlet with name '' processing POST request for [/api/v1/icdcodes]
00:38:25.033 [main] DEBUG o.s.w.s.m.m.a.RequestMappingHandlerMapping - Looking up handler method for path /api/v1/icdcodes
00:38:25.034 [main] DEBUG o.s.w.s.m.m.a.RequestMappingHandlerMapping - Did not find handler method for [/api/v1/icdcodes]
00:38:25.035 [main] WARN  o.s.web.servlet.PageNotFound - No mapping found for HTTP request with URI [/api/v1/icdcodes] in DispatcherServlet with name ''
00:38:25.035 [main] DEBUG o.s.t.w.s.TestDispatcherServlet - Successfully completed request
00:38:25.036 [main] DEBUG o.s.t.c.s.AbstractDirtiesContextTestExecutionListener - After test method: context [DefaultTestContext@6ed99ce0 testClass = APIDiagnosisTest, testInstance = edu.ncsu.csc.itrust2.apitest.APIDiagnosisTest@61598d13, testMethod = testDiagnoses@APIDiagnosisTest, testException = java.lang.NullPointerException, mergedContextConfiguration = [WebMergedContextConfiguration@463b7913 testClass = APIDiagnosisTest, locations = '{}', classes = '{class edu.ncsu.csc.itrust2.config.RootConfiguration, class edu.ncsu.csc.itrust2.mvc.config.WebMvcConfiguration}', contextInitializerClasses = '[]', activeProfiles = '{}', propertySourceLocations = '{}', propertySourceProperties = '{}', contextCustomizers = set[[empty]], resourceBasePath = 'src/main/webapp', contextLoader = 'org.springframework.test.context.web.WebDelegatingSmartContextLoader', parent = [null]]], class annotated with @DirtiesContext [false] with mode [null], method annotated with @DirtiesContext [false] with mode [null].
00:38:25.036 [main] DEBUG o.s.t.c.w.ServletTestExecutionListener - Resetting RequestContextHolder for test context [DefaultTestContext@6ed99ce0 testClass = APIDiagnosisTest, testInstance = edu.ncsu.csc.itrust2.apitest.APIDiagnosisTest@61598d13, testMethod = testDiagnoses@APIDiagnosisTest, testException = java.lang.NullPointerException, mergedContextConfiguration = [WebMergedContextConfiguration@463b7913 testClass = APIDiagnosisTest, locations = '{}', classes = '{class edu.ncsu.csc.itrust2.config.RootConfiguration, class edu.ncsu.csc.itrust2.mvc.config.WebMvcConfiguration}', contextInitializerClasses = '[]', activeProfiles = '{}', propertySourceLocations = '{}', propertySourceProperties = '{}', contextCustomizers = set[[empty]], resourceBasePath = 'src/main/webapp', contextLoader = 'org.springframework.test.context.web.WebDelegatingSmartContextLoader', parent = [null]]].
]]></system-out>
  </testcase>
</testsuite>