<?xml version="1.0" encoding="UTF-8"?>
<testsuite xmlns:xsi="http://www.w3.org/2001/XMLSchema-instance" xsi:noNamespaceSchemaLocation="https://maven.apache.org/surefire/maven-surefire-plugin/xsd/surefire-test-report.xsd" name="edu.ncsu.csc.itrust2.apitest.APIOfficeVisitTest" time="0.022" tests="4" errors="2" skipped="0" failures="1">
  <properties>
    <property name="java.runtime.name" value="Java(TM) SE Runtime Environment"/>
    <property name="sun.boot.library.path" value="/usr/lib/jvm/java-8-oracle/jre/lib/amd64"/>
    <property name="java.vm.version" value="25.161-b12"/>
    <property name="java.vm.vendor" value="Oracle Corporation"/>
    <property name="java.vendor.url" value="http://java.oracle.com/"/>
    <property name="path.separator" value=":"/>
    <property name="guice.disable.misplaced.annotation.check" value="true"/>
    <property name="java.vm.name" value="Java HotSpot(TM) 64-Bit Server VM"/>
    <property name="file.encoding.pkg" value="sun.io"/>
    <property name="user.country" value="US"/>
    <property name="sun.java.launcher" value="SUN_STANDARD"/>
    <property name="sun.os.patch.level" value="unknown"/>
    <property name="java.vm.specification.name" value="Java Virtual Machine Specification"/>
    <property name="user.dir" value="/var/lib/jenkins/workspace/iTrustBuildJob/iTrust2"/>
    <property name="java.runtime.version" value="1.8.0_161-b12"/>
    <property name="java.awt.graphicsenv" value="sun.awt.X11GraphicsEnvironment"/>
    <property name="java.endorsed.dirs" value="/usr/lib/jvm/java-8-oracle/jre/lib/endorsed"/>
    <property name="os.arch" value="amd64"/>
    <property name="java.io.tmpdir" value="/tmp"/>
    <property name="line.separator" value="&#10;"/>
    <property name="java.vm.specification.vendor" value="Oracle Corporation"/>
    <property name="os.name" value="Linux"/>
    <property name="classworlds.conf" value="/usr/share/maven/bin/m2.conf"/>
    <property name="sun.jnu.encoding" value="UTF-8"/>
    <property name="java.library.path" value="/usr/java/packages/lib/amd64:/usr/lib64:/lib64:/lib:/usr/lib"/>
    <property name="java.specification.name" value="Java Platform API Specification"/>
    <property name="java.class.version" value="52.0"/>
    <property name="sun.management.compiler" value="HotSpot 64-Bit Tiered Compilers"/>
    <property name="os.version" value="3.13.0-139-generic"/>
    <property name="user.home" value="/root"/>
    <property name="user.timezone" value="America/New_York"/>
    <property name="java.awt.printerjob" value="sun.print.PSPrinterJob"/>
    <property name="file.encoding" value="UTF-8"/>
    <property name="java.specification.version" value="1.8"/>
    <property name="user.name" value="root"/>
    <property name="java.class.path" value="/usr/share/maven/boot/plexus-classworlds-2.x.jar"/>
    <property name="java.vm.specification.version" value="1.8"/>
    <property name="sun.arch.data.model" value="64"/>
    <property name="java.home" value="/usr/lib/jvm/java-8-oracle/jre"/>
    <property name="sun.java.command" value="org.codehaus.plexus.classworlds.launcher.Launcher clean test verify checkstyle:checkstyle"/>
    <property name="java.specification.vendor" value="Oracle Corporation"/>
    <property name="user.language" value="en"/>
    <property name="awt.toolkit" value="sun.awt.X11.XToolkit"/>
    <property name="java.vm.info" value="mixed mode"/>
    <property name="java.version" value="1.8.0_161"/>
    <property name="java.ext.dirs" value="/usr/lib/jvm/java-8-oracle/jre/lib/ext:/usr/java/packages/lib/ext"/>
    <property name="securerandom.source" value="file:/dev/./urandom"/>
    <property name="sun.boot.class.path" value="/usr/lib/jvm/java-8-oracle/jre/lib/resources.jar:/usr/lib/jvm/java-8-oracle/jre/lib/rt.jar:/usr/lib/jvm/java-8-oracle/jre/lib/sunrsasign.jar:/usr/lib/jvm/java-8-oracle/jre/lib/jsse.jar:/usr/lib/jvm/java-8-oracle/jre/lib/jce.jar:/usr/lib/jvm/java-8-oracle/jre/lib/charsets.jar:/usr/lib/jvm/java-8-oracle/jre/lib/jfr.jar:/usr/lib/jvm/java-8-oracle/jre/classes"/>
    <property name="java.vendor" value="Oracle Corporation"/>
    <property name="maven.home" value="/usr/share/maven"/>
    <property name="file.separator" value="/"/>
    <property name="java.vendor.url.bug" value="http://bugreport.sun.com/bugreport/"/>
    <property name="sun.cpu.endian" value="little"/>
    <property name="sun.io.unicode.encoding" value="UnicodeLittle"/>
    <property name="sun.cpu.isalist" value=""/>
  </properties>
  <testcase name="testDeleteNonExistentOfficeVisit" classname="edu.ncsu.csc.itrust2.apitest.APIOfficeVisitTest" time="0.002">
    <failure message="Status expected:&lt;404&gt; but was:&lt;400&gt;" type="java.lang.AssertionError"><![CDATA[java.lang.AssertionError: Status expected:<404> but was:<400>
	at edu.ncsu.csc.itrust2.apitest.APIOfficeVisitTest.testDeleteNonExistentOfficeVisit(APIOfficeVisitTest.java:99)
]]></failure>
    <system-out><![CDATA[00:47:45.648 [main] DEBUG o.s.t.c.j.SpringJUnit4ClassRunner - SpringJUnit4ClassRunner constructor called with [class edu.ncsu.csc.itrust2.apitest.APIOfficeVisitTest]
00:47:45.649 [main] DEBUG o.s.test.context.BootstrapUtils - Instantiating CacheAwareContextLoaderDelegate from class [org.springframework.test.context.cache.DefaultCacheAwareContextLoaderDelegate]
00:47:45.649 [main] DEBUG o.s.test.context.BootstrapUtils - Instantiating BootstrapContext using constructor [public org.springframework.test.context.support.DefaultBootstrapContext(java.lang.Class,org.springframework.test.context.CacheAwareContextLoaderDelegate)]
00:47:45.649 [main] DEBUG o.s.test.context.BootstrapUtils - Instantiating TestContextBootstrapper for test class [edu.ncsu.csc.itrust2.apitest.APIOfficeVisitTest] from class [org.springframework.test.context.web.WebTestContextBootstrapper]
00:47:45.649 [main] DEBUG o.s.t.c.s.AbstractDelegatingSmartContextLoader - Delegating to AnnotationConfigWebContextLoader to process context configuration [ContextConfigurationAttributes@5e9c051 declaringClass = 'edu.ncsu.csc.itrust2.apitest.APIOfficeVisitTest', classes = '{class edu.ncsu.csc.itrust2.config.RootConfiguration, class edu.ncsu.csc.itrust2.mvc.config.WebMvcConfiguration}', locations = '{}', inheritLocations = true, initializers = '{}', inheritInitializers = true, name = [null], contextLoaderClass = 'org.springframework.test.context.ContextLoader'].
00:47:45.652 [main] DEBUG o.s.t.c.support.ActiveProfilesUtils - Could not find an 'annotation declaring class' for annotation type [org.springframework.test.context.ActiveProfiles] and class [edu.ncsu.csc.itrust2.apitest.APIOfficeVisitTest]
00:47:45.652 [main] DEBUG o.s.t.c.w.WebTestContextBootstrapper - @TestExecutionListeners is not present for class [edu.ncsu.csc.itrust2.apitest.APIOfficeVisitTest]: using defaults.
00:47:45.653 [main] INFO  o.s.t.c.w.WebTestContextBootstrapper - Loaded default TestExecutionListener class names from location [META-INF/spring.factories]: [org.springframework.security.test.context.support.WithSecurityContextTestExecutionListener, org.springframework.test.context.web.ServletTestExecutionListener, org.springframework.test.context.support.DirtiesContextBeforeModesTestExecutionListener, org.springframework.test.context.support.DependencyInjectionTestExecutionListener, org.springframework.test.context.support.DirtiesContextTestExecutionListener, org.springframework.test.context.transaction.TransactionalTestExecutionListener, org.springframework.test.context.jdbc.SqlScriptsTestExecutionListener]
00:47:45.668 [main] INFO  o.s.t.c.w.WebTestContextBootstrapper - Using TestExecutionListeners: [org.springframework.test.context.web.ServletTestExecutionListener@241f4260, org.springframework.test.context.support.DirtiesContextBeforeModesTestExecutionListener@64c28a8b, org.springframework.test.context.support.DependencyInjectionTestExecutionListener@6f272767, org.springframework.test.context.support.DirtiesContextTestExecutionListener@3695c5fa, org.springframework.test.context.transaction.TransactionalTestExecutionListener@68c79d0a, org.springframework.test.context.jdbc.SqlScriptsTestExecutionListener@1821c44b, org.springframework.security.test.context.support.WithSecurityContextTestExecutionListener@4e6bd437]
00:47:45.669 [main] DEBUG o.s.t.annotation.ProfileValueUtils - Retrieved @ProfileValueSourceConfiguration [null] for test class [edu.ncsu.csc.itrust2.apitest.APIOfficeVisitTest]
00:47:45.669 [main] DEBUG o.s.t.annotation.ProfileValueUtils - Retrieved ProfileValueSource type [class org.springframework.test.annotation.SystemProfileValueSource] for class [edu.ncsu.csc.itrust2.apitest.APIOfficeVisitTest]
00:47:45.669 [main] DEBUG o.s.t.annotation.ProfileValueUtils - Retrieved @ProfileValueSourceConfiguration [null] for test class [edu.ncsu.csc.itrust2.apitest.APIOfficeVisitTest]
00:47:45.669 [main] DEBUG o.s.t.annotation.ProfileValueUtils - Retrieved ProfileValueSource type [class org.springframework.test.annotation.SystemProfileValueSource] for class [edu.ncsu.csc.itrust2.apitest.APIOfficeVisitTest]
00:47:45.669 [main] DEBUG o.s.t.annotation.ProfileValueUtils - Retrieved @ProfileValueSourceConfiguration [null] for test class [edu.ncsu.csc.itrust2.apitest.APIOfficeVisitTest]
00:47:45.669 [main] DEBUG o.s.t.annotation.ProfileValueUtils - Retrieved ProfileValueSource type [class org.springframework.test.annotation.SystemProfileValueSource] for class [edu.ncsu.csc.itrust2.apitest.APIOfficeVisitTest]
00:47:45.670 [main] DEBUG o.s.t.c.s.AbstractDirtiesContextTestExecutionListener - Before test class: context [DefaultTestContext@56c96215 testClass = APIOfficeVisitTest, testInstance = [null], testMethod = [null], testException = [null], mergedContextConfiguration = [WebMergedContextConfiguration@2329a0b testClass = APIOfficeVisitTest, locations = '{}', classes = '{class edu.ncsu.csc.itrust2.config.RootConfiguration, class edu.ncsu.csc.itrust2.mvc.config.WebMvcConfiguration}', contextInitializerClasses = '[]', activeProfiles = '{}', propertySourceLocations = '{}', propertySourceProperties = '{}', contextCustomizers = set[[empty]], resourceBasePath = 'src/main/webapp', contextLoader = 'org.springframework.test.context.web.WebDelegatingSmartContextLoader', parent = [null]]], class annotated with @DirtiesContext [false] with mode [null].
00:47:45.670 [main] DEBUG o.s.t.annotation.ProfileValueUtils - Retrieved @ProfileValueSourceConfiguration [null] for test class [edu.ncsu.csc.itrust2.apitest.APIOfficeVisitTest]
00:47:45.670 [main] DEBUG o.s.t.annotation.ProfileValueUtils - Retrieved ProfileValueSource type [class org.springframework.test.annotation.SystemProfileValueSource] for class [edu.ncsu.csc.itrust2.apitest.APIOfficeVisitTest]
00:47:45.670 [main] DEBUG o.s.t.c.c.DefaultCacheAwareContextLoaderDelegate - Retrieved ApplicationContext from cache with key [[WebMergedContextConfiguration@2329a0b testClass = APIOfficeVisitTest, locations = '{}', classes = '{class edu.ncsu.csc.itrust2.config.RootConfiguration, class edu.ncsu.csc.itrust2.mvc.config.WebMvcConfiguration}', contextInitializerClasses = '[]', activeProfiles = '{}', propertySourceLocations = '{}', propertySourceProperties = '{}', contextCustomizers = set[[empty]], resourceBasePath = 'src/main/webapp', contextLoader = 'org.springframework.test.context.web.WebDelegatingSmartContextLoader', parent = [null]]]
00:47:45.670 [main] DEBUG o.springframework.test.context.cache - Spring test ApplicationContext cache statistics: [DefaultContextCache@42bfc11f size = 1, maxSize = 32, parentContextCount = 0, hitCount = 44, missCount = 1]
00:47:45.670 [main] DEBUG o.s.t.c.w.ServletTestExecutionListener - Setting up MockHttpServletRequest, MockHttpServletResponse, ServletWebRequest, and RequestContextHolder for test context [DefaultTestContext@56c96215 testClass = APIOfficeVisitTest, testInstance = edu.ncsu.csc.itrust2.apitest.APIOfficeVisitTest@14a7059a, testMethod = [null], testException = [null], mergedContextConfiguration = [WebMergedContextConfiguration@2329a0b testClass = APIOfficeVisitTest, locations = '{}', classes = '{class edu.ncsu.csc.itrust2.config.RootConfiguration, class edu.ncsu.csc.itrust2.mvc.config.WebMvcConfiguration}', contextInitializerClasses = '[]', activeProfiles = '{}', propertySourceLocations = '{}', propertySourceProperties = '{}', contextCustomizers = set[[empty]], resourceBasePath = 'src/main/webapp', contextLoader = 'org.springframework.test.context.web.WebDelegatingSmartContextLoader', parent = [null]]].
00:47:45.670 [main] DEBUG o.s.t.c.s.DependencyInjectionTestExecutionListener - Performing dependency injection for test context [[DefaultTestContext@56c96215 testClass = APIOfficeVisitTest, testInstance = edu.ncsu.csc.itrust2.apitest.APIOfficeVisitTest@14a7059a, testMethod = [null], testException = [null], mergedContextConfiguration = [WebMergedContextConfiguration@2329a0b testClass = APIOfficeVisitTest, locations = '{}', classes = '{class edu.ncsu.csc.itrust2.config.RootConfiguration, class edu.ncsu.csc.itrust2.mvc.config.WebMvcConfiguration}', contextInitializerClasses = '[]', activeProfiles = '{}', propertySourceLocations = '{}', propertySourceProperties = '{}', contextCustomizers = set[[empty]], resourceBasePath = 'src/main/webapp', contextLoader = 'org.springframework.test.context.web.WebDelegatingSmartContextLoader', parent = [null]]]].
00:47:45.674 [main] DEBUG o.s.t.c.c.DefaultCacheAwareContextLoaderDelegate - Retrieved ApplicationContext from cache with key [[WebMergedContextConfiguration@2329a0b testClass = APIOfficeVisitTest, locations = '{}', classes = '{class edu.ncsu.csc.itrust2.config.RootConfiguration, class edu.ncsu.csc.itrust2.mvc.config.WebMvcConfiguration}', contextInitializerClasses = '[]', activeProfiles = '{}', propertySourceLocations = '{}', propertySourceProperties = '{}', contextCustomizers = set[[empty]], resourceBasePath = 'src/main/webapp', contextLoader = 'org.springframework.test.context.web.WebDelegatingSmartContextLoader', parent = [null]]]
00:47:45.674 [main] DEBUG o.springframework.test.context.cache - Spring test ApplicationContext cache statistics: [DefaultContextCache@42bfc11f size = 1, maxSize = 32, parentContextCount = 0, hitCount = 45, missCount = 1]
00:47:45.682 [main] DEBUG o.s.b.f.annotation.InjectionMetadata - Processing injected element of bean 'edu.ncsu.csc.itrust2.apitest.APIOfficeVisitTest': AutowiredFieldElement for private org.springframework.web.context.WebApplicationContext edu.ncsu.csc.itrust2.apitest.APIOfficeVisitTest.context
00:47:45.683 [main] DEBUG o.s.b.f.a.AutowiredAnnotationBeanPostProcessor - Autowiring by type from bean name 'edu.ncsu.csc.itrust2.apitest.APIOfficeVisitTest' to bean named 'org.springframework.web.context.support.GenericWebApplicationContext@599e4d41'
00:47:45.683 [main] DEBUG o.s.b.f.s.DefaultListableBeanFactory - Returning cached instance of singleton bean 'metaDataSourceAdvisor'
00:47:45.692 [main] DEBUG o.s.t.c.s.AbstractDirtiesContextTestExecutionListener - Before test method: context [DefaultTestContext@56c96215 testClass = APIOfficeVisitTest, testInstance = edu.ncsu.csc.itrust2.apitest.APIOfficeVisitTest@14a7059a, testMethod = testDeleteNonExistentOfficeVisit@APIOfficeVisitTest, testException = [null], mergedContextConfiguration = [WebMergedContextConfiguration@2329a0b testClass = APIOfficeVisitTest, locations = '{}', classes = '{class edu.ncsu.csc.itrust2.config.RootConfiguration, class edu.ncsu.csc.itrust2.mvc.config.WebMvcConfiguration}', contextInitializerClasses = '[]', activeProfiles = '{}', propertySourceLocations = '{}', propertySourceProperties = '{}', contextCustomizers = set[[empty]], resourceBasePath = 'src/main/webapp', contextLoader = 'org.springframework.test.context.web.WebDelegatingSmartContextLoader', parent = [null]]], class annotated with @DirtiesContext [false] with mode [null], method annotated with @DirtiesContext [false] with mode [null].
00:47:45.692 [main] DEBUG o.s.t.w.s.TestDispatcherServlet - Initializing servlet ''
00:47:45.692 [main] DEBUG o.s.w.c.s.StandardServletEnvironment - Adding [servletConfigInitParams] PropertySource with lowest search precedence
00:47:45.692 [main] DEBUG o.s.w.c.s.StandardServletEnvironment - Adding [servletContextInitParams] PropertySource with lowest search precedence
00:47:45.692 [main] DEBUG o.s.w.c.s.StandardServletEnvironment - Adding [systemProperties] PropertySource with lowest search precedence
00:47:45.693 [main] DEBUG o.s.w.c.s.StandardServletEnvironment - Adding [systemEnvironment] PropertySource with lowest search precedence
00:47:45.693 [main] DEBUG o.s.w.c.s.StandardServletEnvironment - Initialized StandardServletEnvironment with PropertySources [servletConfigInitParams,servletContextInitParams,systemProperties,systemEnvironment]
00:47:45.693 [main] INFO  o.s.mock.web.MockServletContext - Initializing Spring FrameworkServlet ''
00:47:45.693 [main] INFO  o.s.t.w.s.TestDispatcherServlet - FrameworkServlet '': initialization started
00:47:45.698 [main] DEBUG o.s.t.w.s.TestDispatcherServlet - Unable to locate MultipartResolver with name 'multipartResolver': no multipart request handling provided
00:47:45.698 [main] DEBUG o.s.b.f.s.DefaultListableBeanFactory - Creating instance of bean 'org.springframework.web.servlet.i18n.AcceptHeaderLocaleResolver'
00:47:45.698 [main] DEBUG o.s.b.f.s.DefaultListableBeanFactory - Finished creating instance of bean 'org.springframework.web.servlet.i18n.AcceptHeaderLocaleResolver'
00:47:45.698 [main] DEBUG o.s.t.w.s.TestDispatcherServlet - Unable to locate LocaleResolver with name 'localeResolver': using default [org.springframework.web.servlet.i18n.AcceptHeaderLocaleResolver@19b9a215]
00:47:45.699 [main] DEBUG o.s.b.f.s.DefaultListableBeanFactory - Creating instance of bean 'org.springframework.web.servlet.theme.FixedThemeResolver'
00:47:45.699 [main] DEBUG o.s.b.f.s.DefaultListableBeanFactory - Finished creating instance of bean 'org.springframework.web.servlet.theme.FixedThemeResolver'
00:47:45.699 [main] DEBUG o.s.t.w.s.TestDispatcherServlet - Unable to locate ThemeResolver with name 'themeResolver': using default [org.springframework.web.servlet.theme.FixedThemeResolver@fcd91eb]
00:47:45.699 [main] DEBUG o.s.b.f.s.DefaultListableBeanFactory - Returning cached instance of singleton bean 'requestMappingHandlerMapping'
00:47:45.699 [main] DEBUG o.s.b.f.s.DefaultListableBeanFactory - Returning cached instance of singleton bean 'viewControllerHandlerMapping'
00:47:45.699 [main] DEBUG o.s.b.f.s.DefaultListableBeanFactory - Returning cached instance of singleton bean 'beanNameHandlerMapping'
00:47:45.699 [main] DEBUG o.s.b.f.s.DefaultListableBeanFactory - Returning cached instance of singleton bean 'resourceHandlerMapping'
00:47:45.706 [main] DEBUG o.s.b.f.s.DefaultListableBeanFactory - Returning cached instance of singleton bean 'defaultServletHandlerMapping'
00:47:45.706 [main] DEBUG o.s.b.f.s.DefaultListableBeanFactory - Returning cached instance of singleton bean 'requestMappingHandlerAdapter'
00:47:45.706 [main] DEBUG o.s.b.f.s.DefaultListableBeanFactory - Returning cached instance of singleton bean 'httpRequestHandlerAdapter'
00:47:45.706 [main] DEBUG o.s.b.f.s.DefaultListableBeanFactory - Returning cached instance of singleton bean 'simpleControllerHandlerAdapter'
00:47:45.707 [main] DEBUG o.s.b.f.s.DefaultListableBeanFactory - Returning cached instance of singleton bean 'handlerExceptionResolver'
00:47:45.707 [main] DEBUG o.s.b.f.s.DefaultListableBeanFactory - Creating instance of bean 'org.springframework.web.servlet.view.DefaultRequestToViewNameTranslator'
00:47:45.707 [main] DEBUG o.s.b.f.s.DefaultListableBeanFactory - Finished creating instance of bean 'org.springframework.web.servlet.view.DefaultRequestToViewNameTranslator'
00:47:45.707 [main] DEBUG o.s.t.w.s.TestDispatcherServlet - Unable to locate RequestToViewNameTranslator with name 'viewNameTranslator': using default [org.springframework.web.servlet.view.DefaultRequestToViewNameTranslator@23eace5d]
00:47:45.707 [main] DEBUG o.s.b.f.s.DefaultListableBeanFactory - Returning cached instance of singleton bean 'mvcViewResolver'
00:47:45.707 [main] DEBUG o.s.b.f.s.DefaultListableBeanFactory - Returning cached instance of singleton bean 'viewResolver'
00:47:45.707 [main] DEBUG o.s.b.f.s.DefaultListableBeanFactory - Creating instance of bean 'org.springframework.web.servlet.support.SessionFlashMapManager'
00:47:45.708 [main] DEBUG o.s.b.f.s.DefaultListableBeanFactory - Finished creating instance of bean 'org.springframework.web.servlet.support.SessionFlashMapManager'
00:47:45.708 [main] DEBUG o.s.t.w.s.TestDispatcherServlet - Unable to locate FlashMapManager with name 'flashMapManager': using default [org.springframework.web.servlet.support.SessionFlashMapManager@4a74b46c]
00:47:45.708 [main] DEBUG o.s.t.w.s.TestDispatcherServlet - Published WebApplicationContext of servlet '' as ServletContext attribute with name [org.springframework.web.servlet.FrameworkServlet.CONTEXT.]
00:47:45.708 [main] INFO  o.s.t.w.s.TestDispatcherServlet - FrameworkServlet '': initialization completed in 10 ms
00:47:45.709 [main] DEBUG o.s.t.w.s.TestDispatcherServlet - Servlet '' configured successfully
00:47:45.709 [main] DEBUG o.h.e.t.internal.TransactionImpl - begin
00:47:45.721 [main] DEBUG org.hibernate.SQL - select this_.username as username1_15_0_, this_.enabled as enabled2_15_0_, this_.password as password3_15_0_, this_.role as role4_15_0_ from Users this_ where this_.username=? and this_.role=?
Hibernate: select this_.username as username1_15_0_, this_.enabled as enabled2_15_0_, this_.password as password3_15_0_, this_.role as role4_15_0_ from Users this_ where this_.username=? and this_.role=?
00:47:45.726 [main] DEBUG org.hibernate.loader.Loader - Result set row: 0
00:47:45.726 [main] DEBUG org.hibernate.loader.Loader - Result row: EntityKey[edu.ncsu.csc.itrust2.models.persistent.User#patient]
00:47:45.726 [main] DEBUG o.h.engine.internal.TwoPhaseLoad - Resolving associations for [edu.ncsu.csc.itrust2.models.persistent.User#patient]
00:47:45.727 [main] DEBUG o.h.engine.internal.TwoPhaseLoad - Done materializing entity [edu.ncsu.csc.itrust2.models.persistent.User#patient]
00:47:45.737 [main] DEBUG o.h.e.t.internal.TransactionImpl - committing
00:47:45.737 [main] DEBUG o.h.e.i.AbstractFlushingEventListener - Processing flush-time cascades
00:47:45.737 [main] DEBUG o.h.e.i.AbstractFlushingEventListener - Dirty checking collections
00:47:45.737 [main] DEBUG o.h.e.i.AbstractFlushingEventListener - Flushed: 0 insertions, 0 updates, 0 deletions to 1 objects
00:47:45.737 [main] DEBUG o.h.e.i.AbstractFlushingEventListener - Flushed: 0 (re)creations, 0 updates, 0 removals to 0 collections
00:47:45.737 [main] DEBUG o.h.internal.util.EntityPrinter - Listing entities:
00:47:45.737 [main] DEBUG o.h.internal.util.EntityPrinter - edu.ncsu.csc.itrust2.models.persistent.User{password=$2a$10$suMk6JRrkTCVGzbHRw86KuQJGn19ypCZ18kuRqJG31X.e5JnVAGQq, role=ROLE_PATIENT, enabled=1, username=patient}
00:47:45.754 [main] DEBUG o.h.e.t.internal.TransactionImpl - begin
00:47:45.755 [main] DEBUG org.hibernate.SQL - select this_.self_id as self_id18_12_2_, this_.address1 as address1_12_2_, this_.address2 as address2_12_2_, this_.bloodType as bloodTyp3_12_2_, this_.causeOfDeath as causeOfD4_12_2_, this_.city as city5_12_2_, this_.dateOfBirth as dateOfBi6_12_2_, this_.dateOfDeath as dateOfDe7_12_2_, this_.email as email8_12_2_, this_.ethnicity as ethnicit9_12_2_, this_.father_id as father_19_12_2_, this_.firstName as firstNa10_12_2_, this_.gender as gender11_12_2_, this_.id as id12_12_2_, this_.lastName as lastNam13_12_2_, this_.mother_id as mother_20_12_2_, this_.phone as phone14_12_2_, this_.preferredName as preferr15_12_2_, this_.state as state16_12_2_, this_.zip as zip17_12_2_, user2_.username as username1_15_0_, user2_.enabled as enabled2_15_0_, user2_.password as password3_15_0_, user2_.role as role4_15_0_, user3_.username as username1_15_1_, user3_.enabled as enabled2_15_1_, user3_.password as password3_15_1_, user3_.role as role4_15_1_ from Patients this_ left outer join Users user2_ on this_.father_id=user2_.username left outer join Users user3_ on this_.mother_id=user3_.username where this_.self_id=?
Hibernate: select this_.self_id as self_id18_12_2_, this_.address1 as address1_12_2_, this_.address2 as address2_12_2_, this_.bloodType as bloodTyp3_12_2_, this_.causeOfDeath as causeOfD4_12_2_, this_.city as city5_12_2_, this_.dateOfBirth as dateOfBi6_12_2_, this_.dateOfDeath as dateOfDe7_12_2_, this_.email as email8_12_2_, this_.ethnicity as ethnicit9_12_2_, this_.father_id as father_19_12_2_, this_.firstName as firstNa10_12_2_, this_.gender as gender11_12_2_, this_.id as id12_12_2_, this_.lastName as lastNam13_12_2_, this_.mother_id as mother_20_12_2_, this_.phone as phone14_12_2_, this_.preferredName as preferr15_12_2_, this_.state as state16_12_2_, this_.zip as zip17_12_2_, user2_.username as username1_15_0_, user2_.enabled as enabled2_15_0_, user2_.password as password3_15_0_, user2_.role as role4_15_0_, user3_.username as username1_15_1_, user3_.enabled as enabled2_15_1_, user3_.password as password3_15_1_, user3_.role as role4_15_1_ from Patients this_ left outer join Users user2_ on this_.father_id=user2_.username left outer join Users user3_ on this_.mother_id=user3_.username where this_.self_id=?
00:47:45.759 [main] DEBUG o.h.e.t.internal.TransactionImpl - committing
00:47:45.763 [main] DEBUG o.s.t.w.s.TestDispatcherServlet - DispatcherServlet with name '' processing DELETE request for [/api/v1/officevisits/-1]
00:47:45.763 [main] DEBUG o.s.w.s.m.m.a.RequestMappingHandlerMapping - Looking up handler method for path /api/v1/officevisits/-1
00:47:45.765 [main] DEBUG o.s.w.s.m.m.a.RequestMappingHandlerMapping - Returning handler method [public org.springframework.http.ResponseEntity edu.ncsu.csc.itrust2.controllers.api.APIOfficeVisitController.deleteOfficeVisit(java.lang.Long)]
00:47:45.765 [main] DEBUG o.s.b.f.s.DefaultListableBeanFactory - Returning cached instance of singleton bean 'APIOfficeVisitController'
00:47:45.786 [main] DEBUG o.h.e.t.internal.TransactionImpl - begin
00:47:45.799 [main] DEBUG org.hibernate.SQL - select this_.id as id1_10_12_, this_.appointment_id as appointm5_10_12_, this_.basichealthmetrics_id as basichea6_10_12_, this_.date as date2_10_12_, this_.hcp_id as hcp_id7_10_12_, this_.hospital_id as hospital8_10_12_, this_.notes as notes3_10_12_, this_.patient_id as patient_9_10_12_, this_.type as type4_10_12_, appointmen2_.id as id1_0_0_, appointmen2_.comments as comments2_0_0_, appointmen2_.date as date3_0_0_, appointmen2_.hcp_id as hcp_id6_0_0_, appointmen2_.patient_id as patient_7_0_0_, appointmen2_.status as status4_0_0_, appointmen2_.type as type5_0_0_, user3_.username as username1_15_1_, user3_.enabled as enabled2_15_1_, user3_.password as password3_15_1_, user3_.role as role4_15_1_, user4_.username as username1_15_2_, user4_.enabled as enabled2_15_2_, user4_.password as password3_15_2_, user4_.role as role4_15_2_, basichealt5_.id as id1_1_3_, basichealt5_.diastolic as diastoli2_1_3_, basichealt5_.hcp_id as hcp_id12_1_3_, basichealt5_.hdl as hdl3_1_3_, basichealt5_.headCircumference as headCirc4_1_3_, basichealt5_.height as height5_1_3_, basichealt5_.houseSmokingStatus as houseSmo6_1_3_, basichealt5_.ldl as ldl7_1_3_, basichealt5_.patient_id as patient13_1_3_, basichealt5_.patientSmokingStatus as patientS8_1_3_, basichealt5_.systolic as systolic9_1_3_, basichealt5_.tri as tri10_1_3_, basichealt5_.weight as weight11_1_3_, user6_.username as username1_15_4_, user6_.enabled as enabled2_15_4_, user6_.password as password3_15_4_, user6_.role as role4_15_4_, user7_.username as username1_15_5_, user7_.enabled as enabled2_15_5_, user7_.password as password3_15_5_, user7_.role as role4_15_5_, user8_.username as username1_15_6_, user8_.enabled as enabled2_15_6_, user8_.password as password3_15_6_, user8_.role as role4_15_6_, hospital9_.name as name1_4_7_, hospital9_.address as address2_4_7_, hospital9_.state as state3_4_7_, hospital9_.zip as zip4_4_7_, user10_.username as username1_15_8_, user10_.enabled as enabled2_15_8_, user10_.password as password3_15_8_, user10_.role as role4_15_8_, prescripti11_.prescriptions_id as prescrip8_14_14_, prescripti11_.id as id1_14_14_, prescripti11_.id as id1_14_9_, prescripti11_.dosage as dosage2_14_9_, prescripti11_.drug_id as drug_id6_14_9_, prescripti11_.endDate as endDate3_14_9_, prescripti11_.patient_id as patient_7_14_9_, prescripti11_.renewals as renewals4_14_9_, prescripti11_.startDate as startDat5_14_9_, drug12_.id as id1_3_10_, drug12_.code as code2_3_10_, drug12_.description as descript3_3_10_, drug12_.name as name4_3_10_, user13_.username as username1_15_11_, user13_.enabled as enabled2_15_11_, user13_.password as password3_15_11_, user13_.role as role4_15_11_ from OfficeVisits this_ left outer join AppointmentRequests appointmen2_ on this_.appointment_id=appointmen2_.id left outer join Users user3_ on appointmen2_.hcp_id=user3_.username left outer join Users user4_ on appointmen2_.patient_id=user4_.username left outer join BasicHealthMetrics basichealt5_ on this_.basichealthmetrics_id=basichealt5_.id left outer join Users user6_ on basichealt5_.hcp_id=user6_.username left outer join Users user7_ on basichealt5_.patient_id=user7_.username inner join Users user8_ on this_.hcp_id=user8_.username inner join Hospitals hospital9_ on this_.hospital_id=hospital9_.name inner join Users user10_ on this_.patient_id=user10_.username left outer join Prescriptions prescripti11_ on this_.id=prescripti11_.prescriptions_id left outer join Drugs drug12_ on prescripti11_.drug_id=drug12_.id left outer join Users user13_ on prescripti11_.patient_id=user13_.username where this_.id=?
Hibernate: select this_.id as id1_10_12_, this_.appointment_id as appointm5_10_12_, this_.basichealthmetrics_id as basichea6_10_12_, this_.date as date2_10_12_, this_.hcp_id as hcp_id7_10_12_, this_.hospital_id as hospital8_10_12_, this_.notes as notes3_10_12_, this_.patient_id as patient_9_10_12_, this_.type as type4_10_12_, appointmen2_.id as id1_0_0_, appointmen2_.comments as comments2_0_0_, appointmen2_.date as date3_0_0_, appointmen2_.hcp_id as hcp_id6_0_0_, appointmen2_.patient_id as patient_7_0_0_, appointmen2_.status as status4_0_0_, appointmen2_.type as type5_0_0_, user3_.username as username1_15_1_, user3_.enabled as enabled2_15_1_, user3_.password as password3_15_1_, user3_.role as role4_15_1_, user4_.username as username1_15_2_, user4_.enabled as enabled2_15_2_, user4_.password as password3_15_2_, user4_.role as role4_15_2_, basichealt5_.id as id1_1_3_, basichealt5_.diastolic as diastoli2_1_3_, basichealt5_.hcp_id as hcp_id12_1_3_, basichealt5_.hdl as hdl3_1_3_, basichealt5_.headCircumference as headCirc4_1_3_, basichealt5_.height as height5_1_3_, basichealt5_.houseSmokingStatus as houseSmo6_1_3_, basichealt5_.ldl as ldl7_1_3_, basichealt5_.patient_id as patient13_1_3_, basichealt5_.patientSmokingStatus as patientS8_1_3_, basichealt5_.systolic as systolic9_1_3_, basichealt5_.tri as tri10_1_3_, basichealt5_.weight as weight11_1_3_, user6_.username as username1_15_4_, user6_.enabled as enabled2_15_4_, user6_.password as password3_15_4_, user6_.role as role4_15_4_, user7_.username as username1_15_5_, user7_.enabled as enabled2_15_5_, user7_.password as password3_15_5_, user7_.role as role4_15_5_, user8_.username as username1_15_6_, user8_.enabled as enabled2_15_6_, user8_.password as password3_15_6_, user8_.role as role4_15_6_, hospital9_.name as name1_4_7_, hospital9_.address as address2_4_7_, hospital9_.state as state3_4_7_, hospital9_.zip as zip4_4_7_, user10_.username as username1_15_8_, user10_.enabled as enabled2_15_8_, user10_.password as password3_15_8_, user10_.role as role4_15_8_, prescripti11_.prescriptions_id as prescrip8_14_14_, prescripti11_.id as id1_14_14_, prescripti11_.id as id1_14_9_, prescripti11_.dosage as dosage2_14_9_, prescripti11_.drug_id as drug_id6_14_9_, prescripti11_.endDate as endDate3_14_9_, prescripti11_.patient_id as patient_7_14_9_, prescripti11_.renewals as renewals4_14_9_, prescripti11_.startDate as startDat5_14_9_, drug12_.id as id1_3_10_, drug12_.code as code2_3_10_, drug12_.description as descript3_3_10_, drug12_.name as name4_3_10_, user13_.username as username1_15_11_, user13_.enabled as enabled2_15_11_, user13_.password as password3_15_11_, user13_.role as role4_15_11_ from OfficeVisits this_ left outer join AppointmentRequests appointmen2_ on this_.appointment_id=appointmen2_.id left outer join Users user3_ on appointmen2_.hcp_id=user3_.username left outer join Users user4_ on appointmen2_.patient_id=user4_.username left outer join BasicHealthMetrics basichealt5_ on this_.basichealthmetrics_id=basichealt5_.id left outer join Users user6_ on basichealt5_.hcp_id=user6_.username left outer join Users user7_ on basichealt5_.patient_id=user7_.username inner join Users user8_ on this_.hcp_id=user8_.username inner join Hospitals hospital9_ on this_.hospital_id=hospital9_.name inner join Users user10_ on this_.patient_id=user10_.username left outer join Prescriptions prescripti11_ on this_.id=prescripti11_.prescriptions_id left outer join Drugs drug12_ on prescripti11_.drug_id=drug12_.id left outer join Users user13_ on prescripti11_.patient_id=user13_.username where this_.id=?
00:47:45.801 [main] DEBUG o.h.e.l.i.CollectionLoadContext - No collections were found in result set for role: edu.ncsu.csc.itrust2.models.persistent.OfficeVisit.prescriptions
00:47:45.801 [main] DEBUG o.h.e.t.internal.TransactionImpl - committing
00:47:45.816 [main] DEBUG o.s.w.s.m.m.a.HttpEntityMethodProcessor - Written [{"status":"failed","message":"Could not delete -1 because of null"}] as "text/plain" using [org.springframework.http.converter.StringHttpMessageConverter@6e3b76ea]
00:47:45.819 [main] DEBUG o.s.t.w.s.TestDispatcherServlet - Null ModelAndView returned to DispatcherServlet with name '': assuming HandlerAdapter completed request handling
00:47:45.833 [main] DEBUG o.s.t.w.s.TestDispatcherServlet - Successfully completed request
00:47:45.835 [main] DEBUG o.s.t.c.s.AbstractDirtiesContextTestExecutionListener - After test method: context [DefaultTestContext@56c96215 testClass = APIOfficeVisitTest, testInstance = edu.ncsu.csc.itrust2.apitest.APIOfficeVisitTest@14a7059a, testMethod = testDeleteNonExistentOfficeVisit@APIOfficeVisitTest, testException = java.lang.AssertionError: Status expected:<404> but was:<400>, mergedContextConfiguration = [WebMergedContextConfiguration@2329a0b testClass = APIOfficeVisitTest, locations = '{}', classes = '{class edu.ncsu.csc.itrust2.config.RootConfiguration, class edu.ncsu.csc.itrust2.mvc.config.WebMvcConfiguration}', contextInitializerClasses = '[]', activeProfiles = '{}', propertySourceLocations = '{}', propertySourceProperties = '{}', contextCustomizers = set[[empty]], resourceBasePath = 'src/main/webapp', contextLoader = 'org.springframework.test.context.web.WebDelegatingSmartContextLoader', parent = [null]]], class annotated with @DirtiesContext [false] with mode [null], method annotated with @DirtiesContext [false] with mode [null].
00:47:45.835 [main] DEBUG o.s.t.c.w.ServletTestExecutionListener - Resetting RequestContextHolder for test context [DefaultTestContext@56c96215 testClass = APIOfficeVisitTest, testInstance = edu.ncsu.csc.itrust2.apitest.APIOfficeVisitTest@14a7059a, testMethod = testDeleteNonExistentOfficeVisit@APIOfficeVisitTest, testException = java.lang.AssertionError: Status expected:<404> but was:<400>, mergedContextConfiguration = [WebMergedContextConfiguration@2329a0b testClass = APIOfficeVisitTest, locations = '{}', classes = '{class edu.ncsu.csc.itrust2.config.RootConfiguration, class edu.ncsu.csc.itrust2.mvc.config.WebMvcConfiguration}', contextInitializerClasses = '[]', activeProfiles = '{}', propertySourceLocations = '{}', propertySourceProperties = '{}', contextCustomizers = set[[empty]], resourceBasePath = 'src/main/webapp', contextLoader = 'org.springframework.test.context.web.WebDelegatingSmartContextLoader', parent = [null]]].
]]></system-out>
    <system-err><![CDATA[java.lang.NullPointerException
	at edu.ncsu.csc.itrust2.controllers.api.APIOfficeVisitController.deleteOfficeVisit(APIOfficeVisitController.java:142)
	at edu.ncsu.csc.itrust2.controllers.api.APIOfficeVisitController$$FastClassBySpringCGLIB$$3e0f2ac1.invoke(<generated>)
	at org.springframework.cglib.proxy.MethodProxy.invoke(MethodProxy.java:204)
	at org.springframework.aop.framework.CglibAopProxy$DynamicAdvisedInterceptor.intercept(CglibAopProxy.java:652)
	at edu.ncsu.csc.itrust2.controllers.api.APIOfficeVisitController$$EnhancerBySpringCGLIB$$bcae9c69.deleteOfficeVisit(<generated>)
	at sun.reflect.NativeMethodAccessorImpl.invoke0(Native Method)
	at sun.reflect.NativeMethodAccessorImpl.invoke(NativeMethodAccessorImpl.java:62)
	at sun.reflect.DelegatingMethodAccessorImpl.invoke(DelegatingMethodAccessorImpl.java:43)
	at java.lang.reflect.Method.invoke(Method.java:498)
	at org.springframework.web.method.support.InvocableHandlerMethod.doInvoke(InvocableHandlerMethod.java:220)
	at org.springframework.web.method.support.InvocableHandlerMethod.invokeForRequest(InvocableHandlerMethod.java:134)
	at org.springframework.web.servlet.mvc.method.annotation.ServletInvocableHandlerMethod.invokeAndHandle(ServletInvocableHandlerMethod.java:116)
	at org.springframework.web.servlet.mvc.method.annotation.RequestMappingHandlerAdapter.invokeHandlerMethod(RequestMappingHandlerAdapter.java:827)
	at org.springframework.web.servlet.mvc.method.annotation.RequestMappingHandlerAdapter.handleInternal(RequestMappingHandlerAdapter.java:738)
	at org.springframework.web.servlet.mvc.method.AbstractHandlerMethodAdapter.handle(AbstractHandlerMethodAdapter.java:85)
	at org.springframework.web.servlet.DispatcherServlet.doDispatch(DispatcherServlet.java:963)
	at org.springframework.web.servlet.DispatcherServlet.doService(DispatcherServlet.java:897)
	at org.springframework.web.servlet.FrameworkServlet.processRequest(FrameworkServlet.java:970)
	at org.springframework.web.servlet.FrameworkServlet.doDelete(FrameworkServlet.java:894)
	at javax.servlet.http.HttpServlet.service(HttpServlet.java:694)
	at org.springframework.web.servlet.FrameworkServlet.service(FrameworkServlet.java:846)
	at org.springframework.test.web.servlet.TestDispatcherServlet.service(TestDispatcherServlet.java:65)
	at javax.servlet.http.HttpServlet.service(HttpServlet.java:770)
	at org.springframework.mock.web.MockFilterChain$ServletFilterProxy.doFilter(MockFilterChain.java:167)
	at org.springframework.mock.web.MockFilterChain.doFilter(MockFilterChain.java:134)
	at org.springframework.test.web.servlet.MockMvc.perform(MockMvc.java:155)
	at edu.ncsu.csc.itrust2.apitest.APIOfficeVisitTest.testDeleteNonExistentOfficeVisit(APIOfficeVisitTest.java:99)
	at sun.reflect.NativeMethodAccessorImpl.invoke0(Native Method)
	at sun.reflect.NativeMethodAccessorImpl.invoke(NativeMethodAccessorImpl.java:62)
	at sun.reflect.DelegatingMethodAccessorImpl.invoke(DelegatingMethodAccessorImpl.java:43)
	at java.lang.reflect.Method.invoke(Method.java:498)
	at org.junit.runners.model.FrameworkMethod$1.runReflectiveCall(FrameworkMethod.java:50)
	at org.junit.internal.runners.model.ReflectiveCallable.run(ReflectiveCallable.java:12)
	at org.junit.runners.model.FrameworkMethod.invokeExplosively(FrameworkMethod.java:47)
	at org.junit.internal.runners.statements.InvokeMethod.evaluate(InvokeMethod.java:17)
	at org.junit.internal.runners.statements.RunBefores.evaluate(RunBefores.java:26)
	at org.springframework.test.context.junit4.statements.RunBeforeTestMethodCallbacks.evaluate(RunBeforeTestMethodCallbacks.java:75)
	at org.springframework.test.context.junit4.statements.RunAfterTestMethodCallbacks.evaluate(RunAfterTestMethodCallbacks.java:86)
	at org.springframework.test.context.junit4.statements.SpringRepeat.evaluate(SpringRepeat.java:84)
	at org.junit.runners.ParentRunner.runLeaf(ParentRunner.java:325)
	at org.springframework.test.context.junit4.SpringJUnit4ClassRunner.runChild(SpringJUnit4ClassRunner.java:252)
	at org.springframework.test.context.junit4.SpringJUnit4ClassRunner.runChild(SpringJUnit4ClassRunner.java:94)
	at org.junit.runners.ParentRunner$3.run(ParentRunner.java:290)
	at org.junit.runners.ParentRunner$1.schedule(ParentRunner.java:71)
	at org.junit.runners.ParentRunner.runChildren(ParentRunner.java:288)
	at org.junit.runners.ParentRunner.access$000(ParentRunner.java:58)
	at org.junit.runners.ParentRunner$2.evaluate(ParentRunner.java:268)
	at org.springframework.test.context.junit4.statements.RunBeforeTestClassCallbacks.evaluate(RunBeforeTestClassCallbacks.java:61)
	at org.springframework.test.context.junit4.statements.RunAfterTestClassCallbacks.evaluate(RunAfterTestClassCallbacks.java:70)
	at org.junit.runners.ParentRunner.run(ParentRunner.java:363)
	at org.springframework.test.context.junit4.SpringJUnit4ClassRunner.run(SpringJUnit4ClassRunner.java:191)
	at org.apache.maven.surefire.junit4.JUnit4Provider.execute(JUnit4Provider.java:365)
	at org.apache.maven.surefire.junit4.JUnit4Provider.executeWithRerun(JUnit4Provider.java:272)
	at org.apache.maven.surefire.junit4.JUnit4Provider.executeTestSet(JUnit4Provider.java:236)
	at org.apache.maven.surefire.junit4.JUnit4Provider.invoke(JUnit4Provider.java:159)
	at org.apache.maven.surefire.booter.ForkedBooter.invokeProviderInSameClassLoader(ForkedBooter.java:386)
	at org.apache.maven.surefire.booter.ForkedBooter.runSuitesInProcess(ForkedBooter.java:323)
	at org.apache.maven.surefire.booter.ForkedBooter.main(ForkedBooter.java:143)
]]></system-err>
  </testcase>
  <testcase name="testGetNonExistentOfficeVisit" classname="edu.ncsu.csc.itrust2.apitest.APIOfficeVisitTest" time="0.001">
    <error message="Request processing failed; nested exception is java.lang.NullPointerException" type="org.springframework.web.util.NestedServletException">org.springframework.web.util.NestedServletException: Request processing failed; nested exception is java.lang.NullPointerException
	at edu.ncsu.csc.itrust2.apitest.APIOfficeVisitTest.testGetNonExistentOfficeVisit(APIOfficeVisitTest.java:88)
Caused by: java.lang.NullPointerException
	at edu.ncsu.csc.itrust2.apitest.APIOfficeVisitTest.testGetNonExistentOfficeVisit(APIOfficeVisitTest.java:88)
</error>
    <system-out><![CDATA[00:47:45.836 [main] DEBUG o.s.t.annotation.ProfileValueUtils - Retrieved @ProfileValueSourceConfiguration [null] for test class [edu.ncsu.csc.itrust2.apitest.APIOfficeVisitTest]
00:47:45.836 [main] DEBUG o.s.t.annotation.ProfileValueUtils - Retrieved ProfileValueSource type [class org.springframework.test.annotation.SystemProfileValueSource] for class [edu.ncsu.csc.itrust2.apitest.APIOfficeVisitTest]
00:47:45.836 [main] DEBUG o.s.t.c.c.DefaultCacheAwareContextLoaderDelegate - Retrieved ApplicationContext from cache with key [[WebMergedContextConfiguration@2329a0b testClass = APIOfficeVisitTest, locations = '{}', classes = '{class edu.ncsu.csc.itrust2.config.RootConfiguration, class edu.ncsu.csc.itrust2.mvc.config.WebMvcConfiguration}', contextInitializerClasses = '[]', activeProfiles = '{}', propertySourceLocations = '{}', propertySourceProperties = '{}', contextCustomizers = set[[empty]], resourceBasePath = 'src/main/webapp', contextLoader = 'org.springframework.test.context.web.WebDelegatingSmartContextLoader', parent = [null]]]
00:47:45.838 [main] DEBUG o.springframework.test.context.cache - Spring test ApplicationContext cache statistics: [DefaultContextCache@42bfc11f size = 1, maxSize = 32, parentContextCount = 0, hitCount = 46, missCount = 1]
00:47:45.838 [main] DEBUG o.s.t.c.w.ServletTestExecutionListener - Setting up MockHttpServletRequest, MockHttpServletResponse, ServletWebRequest, and RequestContextHolder for test context [DefaultTestContext@56c96215 testClass = APIOfficeVisitTest, testInstance = edu.ncsu.csc.itrust2.apitest.APIOfficeVisitTest@602b726c, testMethod = [null], testException = [null], mergedContextConfiguration = [WebMergedContextConfiguration@2329a0b testClass = APIOfficeVisitTest, locations = '{}', classes = '{class edu.ncsu.csc.itrust2.config.RootConfiguration, class edu.ncsu.csc.itrust2.mvc.config.WebMvcConfiguration}', contextInitializerClasses = '[]', activeProfiles = '{}', propertySourceLocations = '{}', propertySourceProperties = '{}', contextCustomizers = set[[empty]], resourceBasePath = 'src/main/webapp', contextLoader = 'org.springframework.test.context.web.WebDelegatingSmartContextLoader', parent = [null]]].
00:47:45.838 [main] DEBUG o.s.t.c.s.DependencyInjectionTestExecutionListener - Performing dependency injection for test context [[DefaultTestContext@56c96215 testClass = APIOfficeVisitTest, testInstance = edu.ncsu.csc.itrust2.apitest.APIOfficeVisitTest@602b726c, testMethod = [null], testException = [null], mergedContextConfiguration = [WebMergedContextConfiguration@2329a0b testClass = APIOfficeVisitTest, locations = '{}', classes = '{class edu.ncsu.csc.itrust2.config.RootConfiguration, class edu.ncsu.csc.itrust2.mvc.config.WebMvcConfiguration}', contextInitializerClasses = '[]', activeProfiles = '{}', propertySourceLocations = '{}', propertySourceProperties = '{}', contextCustomizers = set[[empty]], resourceBasePath = 'src/main/webapp', contextLoader = 'org.springframework.test.context.web.WebDelegatingSmartContextLoader', parent = [null]]]].
00:47:45.838 [main] DEBUG o.s.t.c.c.DefaultCacheAwareContextLoaderDelegate - Retrieved ApplicationContext from cache with key [[WebMergedContextConfiguration@2329a0b testClass = APIOfficeVisitTest, locations = '{}', classes = '{class edu.ncsu.csc.itrust2.config.RootConfiguration, class edu.ncsu.csc.itrust2.mvc.config.WebMvcConfiguration}', contextInitializerClasses = '[]', activeProfiles = '{}', propertySourceLocations = '{}', propertySourceProperties = '{}', contextCustomizers = set[[empty]], resourceBasePath = 'src/main/webapp', contextLoader = 'org.springframework.test.context.web.WebDelegatingSmartContextLoader', parent = [null]]]
00:47:45.839 [main] DEBUG o.springframework.test.context.cache - Spring test ApplicationContext cache statistics: [DefaultContextCache@42bfc11f size = 1, maxSize = 32, parentContextCount = 0, hitCount = 47, missCount = 1]
00:47:45.839 [main] DEBUG o.s.b.f.annotation.InjectionMetadata - Processing injected element of bean 'edu.ncsu.csc.itrust2.apitest.APIOfficeVisitTest': AutowiredFieldElement for private org.springframework.web.context.WebApplicationContext edu.ncsu.csc.itrust2.apitest.APIOfficeVisitTest.context
00:47:45.847 [main] DEBUG o.s.t.c.s.AbstractDirtiesContextTestExecutionListener - Before test method: context [DefaultTestContext@56c96215 testClass = APIOfficeVisitTest, testInstance = edu.ncsu.csc.itrust2.apitest.APIOfficeVisitTest@602b726c, testMethod = testGetNonExistentOfficeVisit@APIOfficeVisitTest, testException = [null], mergedContextConfiguration = [WebMergedContextConfiguration@2329a0b testClass = APIOfficeVisitTest, locations = '{}', classes = '{class edu.ncsu.csc.itrust2.config.RootConfiguration, class edu.ncsu.csc.itrust2.mvc.config.WebMvcConfiguration}', contextInitializerClasses = '[]', activeProfiles = '{}', propertySourceLocations = '{}', propertySourceProperties = '{}', contextCustomizers = set[[empty]], resourceBasePath = 'src/main/webapp', contextLoader = 'org.springframework.test.context.web.WebDelegatingSmartContextLoader', parent = [null]]], class annotated with @DirtiesContext [false] with mode [null], method annotated with @DirtiesContext [false] with mode [null].
00:47:45.847 [main] DEBUG o.s.t.w.s.TestDispatcherServlet - Initializing servlet ''
00:47:45.848 [main] DEBUG o.s.w.c.s.StandardServletEnvironment - Adding [servletConfigInitParams] PropertySource with lowest search precedence
00:47:45.848 [main] DEBUG o.s.w.c.s.StandardServletEnvironment - Adding [servletContextInitParams] PropertySource with lowest search precedence
00:47:45.848 [main] DEBUG o.s.w.c.s.StandardServletEnvironment - Adding [systemProperties] PropertySource with lowest search precedence
00:47:45.848 [main] DEBUG o.s.w.c.s.StandardServletEnvironment - Adding [systemEnvironment] PropertySource with lowest search precedence
00:47:45.848 [main] DEBUG o.s.w.c.s.StandardServletEnvironment - Initialized StandardServletEnvironment with PropertySources [servletConfigInitParams,servletContextInitParams,systemProperties,systemEnvironment]
00:47:45.848 [main] INFO  o.s.mock.web.MockServletContext - Initializing Spring FrameworkServlet ''
00:47:45.848 [main] INFO  o.s.t.w.s.TestDispatcherServlet - FrameworkServlet '': initialization started
00:47:45.848 [main] DEBUG o.s.t.w.s.TestDispatcherServlet - Unable to locate MultipartResolver with name 'multipartResolver': no multipart request handling provided
00:47:45.853 [main] DEBUG o.s.b.f.s.DefaultListableBeanFactory - Creating instance of bean 'org.springframework.web.servlet.i18n.AcceptHeaderLocaleResolver'
00:47:45.853 [main] DEBUG o.s.b.f.s.DefaultListableBeanFactory - Finished creating instance of bean 'org.springframework.web.servlet.i18n.AcceptHeaderLocaleResolver'
00:47:45.853 [main] DEBUG o.s.t.w.s.TestDispatcherServlet - Unable to locate LocaleResolver with name 'localeResolver': using default [org.springframework.web.servlet.i18n.AcceptHeaderLocaleResolver@43d29b47]
00:47:45.853 [main] DEBUG o.s.b.f.s.DefaultListableBeanFactory - Creating instance of bean 'org.springframework.web.servlet.theme.FixedThemeResolver'
00:47:45.853 [main] DEBUG o.s.b.f.s.DefaultListableBeanFactory - Finished creating instance of bean 'org.springframework.web.servlet.theme.FixedThemeResolver'
00:47:45.853 [main] DEBUG o.s.t.w.s.TestDispatcherServlet - Unable to locate ThemeResolver with name 'themeResolver': using default [org.springframework.web.servlet.theme.FixedThemeResolver@39937b93]
00:47:45.855 [main] DEBUG o.s.b.f.s.DefaultListableBeanFactory - Returning cached instance of singleton bean 'requestMappingHandlerMapping'
00:47:45.855 [main] DEBUG o.s.b.f.s.DefaultListableBeanFactory - Returning cached instance of singleton bean 'viewControllerHandlerMapping'
00:47:45.855 [main] DEBUG o.s.b.f.s.DefaultListableBeanFactory - Returning cached instance of singleton bean 'beanNameHandlerMapping'
00:47:45.855 [main] DEBUG o.s.b.f.s.DefaultListableBeanFactory - Returning cached instance of singleton bean 'resourceHandlerMapping'
00:47:45.855 [main] DEBUG o.s.b.f.s.DefaultListableBeanFactory - Returning cached instance of singleton bean 'defaultServletHandlerMapping'
00:47:45.856 [main] DEBUG o.s.b.f.s.DefaultListableBeanFactory - Returning cached instance of singleton bean 'requestMappingHandlerAdapter'
00:47:45.856 [main] DEBUG o.s.b.f.s.DefaultListableBeanFactory - Returning cached instance of singleton bean 'httpRequestHandlerAdapter'
00:47:45.856 [main] DEBUG o.s.b.f.s.DefaultListableBeanFactory - Returning cached instance of singleton bean 'simpleControllerHandlerAdapter'
00:47:45.856 [main] DEBUG o.s.b.f.s.DefaultListableBeanFactory - Returning cached instance of singleton bean 'handlerExceptionResolver'
00:47:45.856 [main] DEBUG o.s.b.f.s.DefaultListableBeanFactory - Creating instance of bean 'org.springframework.web.servlet.view.DefaultRequestToViewNameTranslator'
00:47:45.856 [main] DEBUG o.s.b.f.s.DefaultListableBeanFactory - Finished creating instance of bean 'org.springframework.web.servlet.view.DefaultRequestToViewNameTranslator'
00:47:45.856 [main] DEBUG o.s.t.w.s.TestDispatcherServlet - Unable to locate RequestToViewNameTranslator with name 'viewNameTranslator': using default [org.springframework.web.servlet.view.DefaultRequestToViewNameTranslator@210d6df]
00:47:45.857 [main] DEBUG o.s.b.f.s.DefaultListableBeanFactory - Returning cached instance of singleton bean 'mvcViewResolver'
00:47:45.857 [main] DEBUG o.s.b.f.s.DefaultListableBeanFactory - Returning cached instance of singleton bean 'viewResolver'
00:47:45.857 [main] DEBUG o.s.b.f.s.DefaultListableBeanFactory - Creating instance of bean 'org.springframework.web.servlet.support.SessionFlashMapManager'
00:47:45.865 [main] DEBUG o.s.b.f.s.DefaultListableBeanFactory - Finished creating instance of bean 'org.springframework.web.servlet.support.SessionFlashMapManager'
00:47:45.867 [main] DEBUG o.s.t.w.s.TestDispatcherServlet - Unable to locate FlashMapManager with name 'flashMapManager': using default [org.springframework.web.servlet.support.SessionFlashMapManager@17a0afff]
00:47:45.867 [main] DEBUG o.s.t.w.s.TestDispatcherServlet - Published WebApplicationContext of servlet '' as ServletContext attribute with name [org.springframework.web.servlet.FrameworkServlet.CONTEXT.]
00:47:45.872 [main] INFO  o.s.t.w.s.TestDispatcherServlet - FrameworkServlet '': initialization completed in 24 ms
00:47:45.874 [main] DEBUG o.s.t.w.s.TestDispatcherServlet - Servlet '' configured successfully
00:47:45.874 [main] DEBUG o.h.e.t.internal.TransactionImpl - begin
00:47:45.879 [main] DEBUG org.hibernate.SQL - select this_.username as username1_15_0_, this_.enabled as enabled2_15_0_, this_.password as password3_15_0_, this_.role as role4_15_0_ from Users this_ where this_.username=? and this_.role=?
Hibernate: select this_.username as username1_15_0_, this_.enabled as enabled2_15_0_, this_.password as password3_15_0_, this_.role as role4_15_0_ from Users this_ where this_.username=? and this_.role=?
00:47:45.879 [main] DEBUG org.hibernate.loader.Loader - Result set row: 0
00:47:45.880 [main] DEBUG org.hibernate.loader.Loader - Result row: EntityKey[edu.ncsu.csc.itrust2.models.persistent.User#patient]
00:47:45.880 [main] DEBUG o.h.engine.internal.TwoPhaseLoad - Resolving associations for [edu.ncsu.csc.itrust2.models.persistent.User#patient]
00:47:45.880 [main] DEBUG o.h.engine.internal.TwoPhaseLoad - Done materializing entity [edu.ncsu.csc.itrust2.models.persistent.User#patient]
00:47:45.880 [main] DEBUG o.h.e.t.internal.TransactionImpl - committing
00:47:45.880 [main] DEBUG o.h.e.i.AbstractFlushingEventListener - Processing flush-time cascades
00:47:45.880 [main] DEBUG o.h.e.i.AbstractFlushingEventListener - Dirty checking collections
00:47:45.880 [main] DEBUG o.h.e.i.AbstractFlushingEventListener - Flushed: 0 insertions, 0 updates, 0 deletions to 1 objects
00:47:45.880 [main] DEBUG o.h.e.i.AbstractFlushingEventListener - Flushed: 0 (re)creations, 0 updates, 0 removals to 0 collections
00:47:45.881 [main] DEBUG o.h.internal.util.EntityPrinter - Listing entities:
00:47:45.881 [main] DEBUG o.h.internal.util.EntityPrinter - edu.ncsu.csc.itrust2.models.persistent.User{password=$2a$10$suMk6JRrkTCVGzbHRw86KuQJGn19ypCZ18kuRqJG31X.e5JnVAGQq, role=ROLE_PATIENT, enabled=1, username=patient}
00:47:45.881 [main] DEBUG o.h.e.t.internal.TransactionImpl - begin
00:47:45.886 [main] DEBUG org.hibernate.SQL - select this_.self_id as self_id18_12_2_, this_.address1 as address1_12_2_, this_.address2 as address2_12_2_, this_.bloodType as bloodTyp3_12_2_, this_.causeOfDeath as causeOfD4_12_2_, this_.city as city5_12_2_, this_.dateOfBirth as dateOfBi6_12_2_, this_.dateOfDeath as dateOfDe7_12_2_, this_.email as email8_12_2_, this_.ethnicity as ethnicit9_12_2_, this_.father_id as father_19_12_2_, this_.firstName as firstNa10_12_2_, this_.gender as gender11_12_2_, this_.id as id12_12_2_, this_.lastName as lastNam13_12_2_, this_.mother_id as mother_20_12_2_, this_.phone as phone14_12_2_, this_.preferredName as preferr15_12_2_, this_.state as state16_12_2_, this_.zip as zip17_12_2_, user2_.username as username1_15_0_, user2_.enabled as enabled2_15_0_, user2_.password as password3_15_0_, user2_.role as role4_15_0_, user3_.username as username1_15_1_, user3_.enabled as enabled2_15_1_, user3_.password as password3_15_1_, user3_.role as role4_15_1_ from Patients this_ left outer join Users user2_ on this_.father_id=user2_.username left outer join Users user3_ on this_.mother_id=user3_.username where this_.self_id=?
Hibernate: select this_.self_id as self_id18_12_2_, this_.address1 as address1_12_2_, this_.address2 as address2_12_2_, this_.bloodType as bloodTyp3_12_2_, this_.causeOfDeath as causeOfD4_12_2_, this_.city as city5_12_2_, this_.dateOfBirth as dateOfBi6_12_2_, this_.dateOfDeath as dateOfDe7_12_2_, this_.email as email8_12_2_, this_.ethnicity as ethnicit9_12_2_, this_.father_id as father_19_12_2_, this_.firstName as firstNa10_12_2_, this_.gender as gender11_12_2_, this_.id as id12_12_2_, this_.lastName as lastNam13_12_2_, this_.mother_id as mother_20_12_2_, this_.phone as phone14_12_2_, this_.preferredName as preferr15_12_2_, this_.state as state16_12_2_, this_.zip as zip17_12_2_, user2_.username as username1_15_0_, user2_.enabled as enabled2_15_0_, user2_.password as password3_15_0_, user2_.role as role4_15_0_, user3_.username as username1_15_1_, user3_.enabled as enabled2_15_1_, user3_.password as password3_15_1_, user3_.role as role4_15_1_ from Patients this_ left outer join Users user2_ on this_.father_id=user2_.username left outer join Users user3_ on this_.mother_id=user3_.username where this_.self_id=?
00:47:45.887 [main] DEBUG o.h.e.t.internal.TransactionImpl - committing
00:47:45.888 [main] DEBUG o.s.t.w.s.TestDispatcherServlet - DispatcherServlet with name '' processing GET request for [/api/v1/officevisits/-1]
00:47:45.890 [main] DEBUG o.s.w.s.m.m.a.RequestMappingHandlerMapping - Looking up handler method for path /api/v1/officevisits/-1
00:47:45.891 [main] DEBUG o.s.w.s.m.m.a.RequestMappingHandlerMapping - Returning handler method [public org.springframework.http.ResponseEntity edu.ncsu.csc.itrust2.controllers.api.APIOfficeVisitController.getOfficeVisit(java.lang.Long)]
00:47:45.891 [main] DEBUG o.s.b.f.s.DefaultListableBeanFactory - Returning cached instance of singleton bean 'APIOfficeVisitController'
00:47:45.892 [main] DEBUG o.s.t.w.s.TestDispatcherServlet - Last-Modified value for [/api/v1/officevisits/-1] is: -1
00:47:45.894 [main] DEBUG o.h.e.t.internal.TransactionImpl - begin
00:47:45.901 [main] DEBUG org.hibernate.SQL - select this_.id as id1_10_12_, this_.appointment_id as appointm5_10_12_, this_.basichealthmetrics_id as basichea6_10_12_, this_.date as date2_10_12_, this_.hcp_id as hcp_id7_10_12_, this_.hospital_id as hospital8_10_12_, this_.notes as notes3_10_12_, this_.patient_id as patient_9_10_12_, this_.type as type4_10_12_, appointmen2_.id as id1_0_0_, appointmen2_.comments as comments2_0_0_, appointmen2_.date as date3_0_0_, appointmen2_.hcp_id as hcp_id6_0_0_, appointmen2_.patient_id as patient_7_0_0_, appointmen2_.status as status4_0_0_, appointmen2_.type as type5_0_0_, user3_.username as username1_15_1_, user3_.enabled as enabled2_15_1_, user3_.password as password3_15_1_, user3_.role as role4_15_1_, user4_.username as username1_15_2_, user4_.enabled as enabled2_15_2_, user4_.password as password3_15_2_, user4_.role as role4_15_2_, basichealt5_.id as id1_1_3_, basichealt5_.diastolic as diastoli2_1_3_, basichealt5_.hcp_id as hcp_id12_1_3_, basichealt5_.hdl as hdl3_1_3_, basichealt5_.headCircumference as headCirc4_1_3_, basichealt5_.height as height5_1_3_, basichealt5_.houseSmokingStatus as houseSmo6_1_3_, basichealt5_.ldl as ldl7_1_3_, basichealt5_.patient_id as patient13_1_3_, basichealt5_.patientSmokingStatus as patientS8_1_3_, basichealt5_.systolic as systolic9_1_3_, basichealt5_.tri as tri10_1_3_, basichealt5_.weight as weight11_1_3_, user6_.username as username1_15_4_, user6_.enabled as enabled2_15_4_, user6_.password as password3_15_4_, user6_.role as role4_15_4_, user7_.username as username1_15_5_, user7_.enabled as enabled2_15_5_, user7_.password as password3_15_5_, user7_.role as role4_15_5_, user8_.username as username1_15_6_, user8_.enabled as enabled2_15_6_, user8_.password as password3_15_6_, user8_.role as role4_15_6_, hospital9_.name as name1_4_7_, hospital9_.address as address2_4_7_, hospital9_.state as state3_4_7_, hospital9_.zip as zip4_4_7_, user10_.username as username1_15_8_, user10_.enabled as enabled2_15_8_, user10_.password as password3_15_8_, user10_.role as role4_15_8_, prescripti11_.prescriptions_id as prescrip8_14_14_, prescripti11_.id as id1_14_14_, prescripti11_.id as id1_14_9_, prescripti11_.dosage as dosage2_14_9_, prescripti11_.drug_id as drug_id6_14_9_, prescripti11_.endDate as endDate3_14_9_, prescripti11_.patient_id as patient_7_14_9_, prescripti11_.renewals as renewals4_14_9_, prescripti11_.startDate as startDat5_14_9_, drug12_.id as id1_3_10_, drug12_.code as code2_3_10_, drug12_.description as descript3_3_10_, drug12_.name as name4_3_10_, user13_.username as username1_15_11_, user13_.enabled as enabled2_15_11_, user13_.password as password3_15_11_, user13_.role as role4_15_11_ from OfficeVisits this_ left outer join AppointmentRequests appointmen2_ on this_.appointment_id=appointmen2_.id left outer join Users user3_ on appointmen2_.hcp_id=user3_.username left outer join Users user4_ on appointmen2_.patient_id=user4_.username left outer join BasicHealthMetrics basichealt5_ on this_.basichealthmetrics_id=basichealt5_.id left outer join Users user6_ on basichealt5_.hcp_id=user6_.username left outer join Users user7_ on basichealt5_.patient_id=user7_.username inner join Users user8_ on this_.hcp_id=user8_.username inner join Hospitals hospital9_ on this_.hospital_id=hospital9_.name inner join Users user10_ on this_.patient_id=user10_.username left outer join Prescriptions prescripti11_ on this_.id=prescripti11_.prescriptions_id left outer join Drugs drug12_ on prescripti11_.drug_id=drug12_.id left outer join Users user13_ on prescripti11_.patient_id=user13_.username where this_.id=?
Hibernate: select this_.id as id1_10_12_, this_.appointment_id as appointm5_10_12_, this_.basichealthmetrics_id as basichea6_10_12_, this_.date as date2_10_12_, this_.hcp_id as hcp_id7_10_12_, this_.hospital_id as hospital8_10_12_, this_.notes as notes3_10_12_, this_.patient_id as patient_9_10_12_, this_.type as type4_10_12_, appointmen2_.id as id1_0_0_, appointmen2_.comments as comments2_0_0_, appointmen2_.date as date3_0_0_, appointmen2_.hcp_id as hcp_id6_0_0_, appointmen2_.patient_id as patient_7_0_0_, appointmen2_.status as status4_0_0_, appointmen2_.type as type5_0_0_, user3_.username as username1_15_1_, user3_.enabled as enabled2_15_1_, user3_.password as password3_15_1_, user3_.role as role4_15_1_, user4_.username as username1_15_2_, user4_.enabled as enabled2_15_2_, user4_.password as password3_15_2_, user4_.role as role4_15_2_, basichealt5_.id as id1_1_3_, basichealt5_.diastolic as diastoli2_1_3_, basichealt5_.hcp_id as hcp_id12_1_3_, basichealt5_.hdl as hdl3_1_3_, basichealt5_.headCircumference as headCirc4_1_3_, basichealt5_.height as height5_1_3_, basichealt5_.houseSmokingStatus as houseSmo6_1_3_, basichealt5_.ldl as ldl7_1_3_, basichealt5_.patient_id as patient13_1_3_, basichealt5_.patientSmokingStatus as patientS8_1_3_, basichealt5_.systolic as systolic9_1_3_, basichealt5_.tri as tri10_1_3_, basichealt5_.weight as weight11_1_3_, user6_.username as username1_15_4_, user6_.enabled as enabled2_15_4_, user6_.password as password3_15_4_, user6_.role as role4_15_4_, user7_.username as username1_15_5_, user7_.enabled as enabled2_15_5_, user7_.password as password3_15_5_, user7_.role as role4_15_5_, user8_.username as username1_15_6_, user8_.enabled as enabled2_15_6_, user8_.password as password3_15_6_, user8_.role as role4_15_6_, hospital9_.name as name1_4_7_, hospital9_.address as address2_4_7_, hospital9_.state as state3_4_7_, hospital9_.zip as zip4_4_7_, user10_.username as username1_15_8_, user10_.enabled as enabled2_15_8_, user10_.password as password3_15_8_, user10_.role as role4_15_8_, prescripti11_.prescriptions_id as prescrip8_14_14_, prescripti11_.id as id1_14_14_, prescripti11_.id as id1_14_9_, prescripti11_.dosage as dosage2_14_9_, prescripti11_.drug_id as drug_id6_14_9_, prescripti11_.endDate as endDate3_14_9_, prescripti11_.patient_id as patient_7_14_9_, prescripti11_.renewals as renewals4_14_9_, prescripti11_.startDate as startDat5_14_9_, drug12_.id as id1_3_10_, drug12_.code as code2_3_10_, drug12_.description as descript3_3_10_, drug12_.name as name4_3_10_, user13_.username as username1_15_11_, user13_.enabled as enabled2_15_11_, user13_.password as password3_15_11_, user13_.role as role4_15_11_ from OfficeVisits this_ left outer join AppointmentRequests appointmen2_ on this_.appointment_id=appointmen2_.id left outer join Users user3_ on appointmen2_.hcp_id=user3_.username left outer join Users user4_ on appointmen2_.patient_id=user4_.username left outer join BasicHealthMetrics basichealt5_ on this_.basichealthmetrics_id=basichealt5_.id left outer join Users user6_ on basichealt5_.hcp_id=user6_.username left outer join Users user7_ on basichealt5_.patient_id=user7_.username inner join Users user8_ on this_.hcp_id=user8_.username inner join Hospitals hospital9_ on this_.hospital_id=hospital9_.name inner join Users user10_ on this_.patient_id=user10_.username left outer join Prescriptions prescripti11_ on this_.id=prescripti11_.prescriptions_id left outer join Drugs drug12_ on prescripti11_.drug_id=drug12_.id left outer join Users user13_ on prescripti11_.patient_id=user13_.username where this_.id=?
00:47:45.909 [main] DEBUG o.h.e.l.i.CollectionLoadContext - No collections were found in result set for role: edu.ncsu.csc.itrust2.models.persistent.OfficeVisit.prescriptions
00:47:45.909 [main] DEBUG o.h.e.t.internal.TransactionImpl - committing
00:47:45.926 [main] DEBUG o.h.e.t.internal.TransactionImpl - begin
00:47:45.927 [main] DEBUG org.hibernate.SQL - select this_.username as username1_15_0_, this_.enabled as enabled2_15_0_, this_.password as password3_15_0_, this_.role as role4_15_0_ from Users this_ where this_.username=?
Hibernate: select this_.username as username1_15_0_, this_.enabled as enabled2_15_0_, this_.password as password3_15_0_, this_.role as role4_15_0_ from Users this_ where this_.username=?
00:47:45.929 [main] DEBUG o.h.e.t.internal.TransactionImpl - committing
00:47:45.930 [main] DEBUG o.s.w.s.m.m.a.ExceptionHandlerExceptionResolver - Resolving exception from handler [public org.springframework.http.ResponseEntity edu.ncsu.csc.itrust2.controllers.api.APIOfficeVisitController.getOfficeVisit(java.lang.Long)]: java.lang.NullPointerException
00:47:45.938 [main] DEBUG o.s.w.s.m.a.ResponseStatusExceptionResolver - Resolving exception from handler [public org.springframework.http.ResponseEntity edu.ncsu.csc.itrust2.controllers.api.APIOfficeVisitController.getOfficeVisit(java.lang.Long)]: java.lang.NullPointerException
00:47:45.940 [main] DEBUG o.s.w.s.m.s.DefaultHandlerExceptionResolver - Resolving exception from handler [public org.springframework.http.ResponseEntity edu.ncsu.csc.itrust2.controllers.api.APIOfficeVisitController.getOfficeVisit(java.lang.Long)]: java.lang.NullPointerException
00:47:45.941 [main] DEBUG o.s.t.w.s.TestDispatcherServlet - Could not complete request
java.lang.NullPointerException: null
	at edu.ncsu.csc.itrust2.controllers.api.APIOfficeVisitController.getOfficeVisit(APIOfficeVisitController.java:76) ~[classes/:na]
	at edu.ncsu.csc.itrust2.controllers.api.APIOfficeVisitController$$FastClassBySpringCGLIB$$3e0f2ac1.invoke(<generated>) ~[classes/:na]
	at org.springframework.cglib.proxy.MethodProxy.invoke(MethodProxy.java:204) ~[spring-core-4.3.5.RELEASE.jar:4.3.5.RELEASE]
	at org.springframework.aop.framework.CglibAopProxy$DynamicAdvisedInterceptor.intercept(CglibAopProxy.java:652) ~[spring-aop-4.3.5.RELEASE.jar:4.3.5.RELEASE]
	at edu.ncsu.csc.itrust2.controllers.api.APIOfficeVisitController$$EnhancerBySpringCGLIB$$bcae9c69.getOfficeVisit(<generated>) ~[classes/:na]
	at sun.reflect.NativeMethodAccessorImpl.invoke0(Native Method) ~[na:1.8.0_161]
	at sun.reflect.NativeMethodAccessorImpl.invoke(NativeMethodAccessorImpl.java:62) ~[na:1.8.0_161]
	at sun.reflect.DelegatingMethodAccessorImpl.invoke(DelegatingMethodAccessorImpl.java:43) ~[na:1.8.0_161]
	at java.lang.reflect.Method.invoke(Method.java:498) ~[na:1.8.0_161]
	at org.springframework.web.method.support.InvocableHandlerMethod.doInvoke(InvocableHandlerMethod.java:220) ~[spring-web-4.3.5.RELEASE.jar:4.3.5.RELEASE]
	at org.springframework.web.method.support.InvocableHandlerMethod.invokeForRequest(InvocableHandlerMethod.java:134) ~[spring-web-4.3.5.RELEASE.jar:4.3.5.RELEASE]
	at org.springframework.web.servlet.mvc.method.annotation.ServletInvocableHandlerMethod.invokeAndHandle(ServletInvocableHandlerMethod.java:116) ~[spring-webmvc-4.3.5.RELEASE.jar:4.3.5.RELEASE]
	at org.springframework.web.servlet.mvc.method.annotation.RequestMappingHandlerAdapter.invokeHandlerMethod(RequestMappingHandlerAdapter.java:827) ~[spring-webmvc-4.3.5.RELEASE.jar:4.3.5.RELEASE]
	at org.springframework.web.servlet.mvc.method.annotation.RequestMappingHandlerAdapter.handleInternal(RequestMappingHandlerAdapter.java:738) ~[spring-webmvc-4.3.5.RELEASE.jar:4.3.5.RELEASE]
	at org.springframework.web.servlet.mvc.method.AbstractHandlerMethodAdapter.handle(AbstractHandlerMethodAdapter.java:85) ~[spring-webmvc-4.3.5.RELEASE.jar:4.3.5.RELEASE]
	at org.springframework.web.servlet.DispatcherServlet.doDispatch(DispatcherServlet.java:963) ~[spring-webmvc-4.3.5.RELEASE.jar:4.3.5.RELEASE]
	at org.springframework.web.servlet.DispatcherServlet.doService(DispatcherServlet.java:897) ~[spring-webmvc-4.3.5.RELEASE.jar:4.3.5.RELEASE]
	at org.springframework.web.servlet.FrameworkServlet.processRequest(FrameworkServlet.java:970) [spring-webmvc-4.3.5.RELEASE.jar:4.3.5.RELEASE]
	at org.springframework.web.servlet.FrameworkServlet.doGet(FrameworkServlet.java:861) [spring-webmvc-4.3.5.RELEASE.jar:4.3.5.RELEASE]
	at javax.servlet.http.HttpServlet.service(HttpServlet.java:668) [javax.servlet-api-3.0.1.jar:3.0.1]
	at org.springframework.web.servlet.FrameworkServlet.service(FrameworkServlet.java:846) [spring-webmvc-4.3.5.RELEASE.jar:4.3.5.RELEASE]
	at org.springframework.test.web.servlet.TestDispatcherServlet.service(TestDispatcherServlet.java:65) [spring-test-4.3.5.RELEASE.jar:4.3.5.RELEASE]
	at javax.servlet.http.HttpServlet.service(HttpServlet.java:770) [javax.servlet-api-3.0.1.jar:3.0.1]
	at org.springframework.mock.web.MockFilterChain$ServletFilterProxy.doFilter(MockFilterChain.java:167) [spring-test-4.3.5.RELEASE.jar:4.3.5.RELEASE]
	at org.springframework.mock.web.MockFilterChain.doFilter(MockFilterChain.java:134) [spring-test-4.3.5.RELEASE.jar:4.3.5.RELEASE]
	at org.springframework.test.web.servlet.MockMvc.perform(MockMvc.java:155) [spring-test-4.3.5.RELEASE.jar:4.3.5.RELEASE]
	at edu.ncsu.csc.itrust2.apitest.APIOfficeVisitTest.testGetNonExistentOfficeVisit(APIOfficeVisitTest.java:88) [test-classes/:na]
	at sun.reflect.NativeMethodAccessorImpl.invoke0(Native Method) ~[na:1.8.0_161]
	at sun.reflect.NativeMethodAccessorImpl.invoke(NativeMethodAccessorImpl.java:62) ~[na:1.8.0_161]
	at sun.reflect.DelegatingMethodAccessorImpl.invoke(DelegatingMethodAccessorImpl.java:43) ~[na:1.8.0_161]
	at java.lang.reflect.Method.invoke(Method.java:498) ~[na:1.8.0_161]
	at org.junit.runners.model.FrameworkMethod$1.runReflectiveCall(FrameworkMethod.java:50) [junit-4.12.jar:4.12]
	at org.junit.internal.runners.model.ReflectiveCallable.run(ReflectiveCallable.java:12) [junit-4.12.jar:4.12]
	at org.junit.runners.model.FrameworkMethod.invokeExplosively(FrameworkMethod.java:47) [junit-4.12.jar:4.12]
	at org.junit.internal.runners.statements.InvokeMethod.evaluate(InvokeMethod.java:17) [junit-4.12.jar:4.12]
	at org.junit.internal.runners.statements.RunBefores.evaluate(RunBefores.java:26) [junit-4.12.jar:4.12]
	at org.springframework.test.context.junit4.statements.RunBeforeTestMethodCallbacks.evaluate(RunBeforeTestMethodCallbacks.java:75) [spring-test-4.3.5.RELEASE.jar:4.3.5.RELEASE]
	at org.springframework.test.context.junit4.statements.RunAfterTestMethodCallbacks.evaluate(RunAfterTestMethodCallbacks.java:86) [spring-test-4.3.5.RELEASE.jar:4.3.5.RELEASE]
	at org.springframework.test.context.junit4.statements.SpringRepeat.evaluate(SpringRepeat.java:84) [spring-test-4.3.5.RELEASE.jar:4.3.5.RELEASE]
	at org.junit.runners.ParentRunner.runLeaf(ParentRunner.java:325) [junit-4.12.jar:4.12]
	at org.springframework.test.context.junit4.SpringJUnit4ClassRunner.runChild(SpringJUnit4ClassRunner.java:252) [spring-test-4.3.5.RELEASE.jar:4.3.5.RELEASE]
	at org.springframework.test.context.junit4.SpringJUnit4ClassRunner.runChild(SpringJUnit4ClassRunner.java:94) [spring-test-4.3.5.RELEASE.jar:4.3.5.RELEASE]
	at org.junit.runners.ParentRunner$3.run(ParentRunner.java:290) [junit-4.12.jar:4.12]
	at org.junit.runners.ParentRunner$1.schedule(ParentRunner.java:71) [junit-4.12.jar:4.12]
	at org.junit.runners.ParentRunner.runChildren(ParentRunner.java:288) [junit-4.12.jar:4.12]
	at org.junit.runners.ParentRunner.access$000(ParentRunner.java:58) [junit-4.12.jar:4.12]
	at org.junit.runners.ParentRunner$2.evaluate(ParentRunner.java:268) [junit-4.12.jar:4.12]
	at org.springframework.test.context.junit4.statements.RunBeforeTestClassCallbacks.evaluate(RunBeforeTestClassCallbacks.java:61) [spring-test-4.3.5.RELEASE.jar:4.3.5.RELEASE]
	at org.springframework.test.context.junit4.statements.RunAfterTestClassCallbacks.evaluate(RunAfterTestClassCallbacks.java:70) [spring-test-4.3.5.RELEASE.jar:4.3.5.RELEASE]
	at org.junit.runners.ParentRunner.run(ParentRunner.java:363) [junit-4.12.jar:4.12]
	at org.springframework.test.context.junit4.SpringJUnit4ClassRunner.run(SpringJUnit4ClassRunner.java:191) [spring-test-4.3.5.RELEASE.jar:4.3.5.RELEASE]
	at org.apache.maven.surefire.junit4.JUnit4Provider.execute(JUnit4Provider.java:365) [surefire-junit4-2.20.jar:2.20]
	at org.apache.maven.surefire.junit4.JUnit4Provider.executeWithRerun(JUnit4Provider.java:272) [surefire-junit4-2.20.jar:2.20]
	at org.apache.maven.surefire.junit4.JUnit4Provider.executeTestSet(JUnit4Provider.java:236) [surefire-junit4-2.20.jar:2.20]
	at org.apache.maven.surefire.junit4.JUnit4Provider.invoke(JUnit4Provider.java:159) [surefire-junit4-2.20.jar:2.20]
	at org.apache.maven.surefire.booter.ForkedBooter.invokeProviderInSameClassLoader(ForkedBooter.java:386) [surefire-booter-2.20.jar:2.20]
	at org.apache.maven.surefire.booter.ForkedBooter.runSuitesInProcess(ForkedBooter.java:323) [surefire-booter-2.20.jar:2.20]
	at org.apache.maven.surefire.booter.ForkedBooter.main(ForkedBooter.java:143) [surefire-booter-2.20.jar:2.20]
00:47:45.943 [main] DEBUG o.s.t.c.s.AbstractDirtiesContextTestExecutionListener - After test method: context [DefaultTestContext@56c96215 testClass = APIOfficeVisitTest, testInstance = edu.ncsu.csc.itrust2.apitest.APIOfficeVisitTest@602b726c, testMethod = testGetNonExistentOfficeVisit@APIOfficeVisitTest, testException = org.springframework.web.util.NestedServletException: Request processing failed; nested exception is java.lang.NullPointerException, mergedContextConfiguration = [WebMergedContextConfiguration@2329a0b testClass = APIOfficeVisitTest, locations = '{}', classes = '{class edu.ncsu.csc.itrust2.config.RootConfiguration, class edu.ncsu.csc.itrust2.mvc.config.WebMvcConfiguration}', contextInitializerClasses = '[]', activeProfiles = '{}', propertySourceLocations = '{}', propertySourceProperties = '{}', contextCustomizers = set[[empty]], resourceBasePath = 'src/main/webapp', contextLoader = 'org.springframework.test.context.web.WebDelegatingSmartContextLoader', parent = [null]]], class annotated with @DirtiesContext [false] with mode [null], method annotated with @DirtiesContext [false] with mode [null].
00:47:45.943 [main] DEBUG o.s.t.c.w.ServletTestExecutionListener - Resetting RequestContextHolder for test context [DefaultTestContext@56c96215 testClass = APIOfficeVisitTest, testInstance = edu.ncsu.csc.itrust2.apitest.APIOfficeVisitTest@602b726c, testMethod = testGetNonExistentOfficeVisit@APIOfficeVisitTest, testException = org.springframework.web.util.NestedServletException: Request processing failed; nested exception is java.lang.NullPointerException, mergedContextConfiguration = [WebMergedContextConfiguration@2329a0b testClass = APIOfficeVisitTest, locations = '{}', classes = '{class edu.ncsu.csc.itrust2.config.RootConfiguration, class edu.ncsu.csc.itrust2.mvc.config.WebMvcConfiguration}', contextInitializerClasses = '[]', activeProfiles = '{}', propertySourceLocations = '{}', propertySourceProperties = '{}', contextCustomizers = set[[empty]], resourceBasePath = 'src/main/webapp', contextLoader = 'org.springframework.test.context.web.WebDelegatingSmartContextLoader', parent = [null]]].
]]></system-out>
  </testcase>
  <testcase name="testOfficeVisitAPI" classname="edu.ncsu.csc.itrust2.apitest.APIOfficeVisitTest" time="0.008">
    <error type="java.lang.NullPointerException">java.lang.NullPointerException
	at edu.ncsu.csc.itrust2.apitest.APIOfficeVisitTest.testOfficeVisitAPI(APIOfficeVisitTest.java:259)
</error>
    <system-out><![CDATA[00:47:45.944 [main] DEBUG o.s.t.annotation.ProfileValueUtils - Retrieved @ProfileValueSourceConfiguration [null] for test class [edu.ncsu.csc.itrust2.apitest.APIOfficeVisitTest]
00:47:45.944 [main] DEBUG o.s.t.annotation.ProfileValueUtils - Retrieved ProfileValueSource type [class org.springframework.test.annotation.SystemProfileValueSource] for class [edu.ncsu.csc.itrust2.apitest.APIOfficeVisitTest]
00:47:45.948 [main] DEBUG o.s.t.c.c.DefaultCacheAwareContextLoaderDelegate - Retrieved ApplicationContext from cache with key [[WebMergedContextConfiguration@2329a0b testClass = APIOfficeVisitTest, locations = '{}', classes = '{class edu.ncsu.csc.itrust2.config.RootConfiguration, class edu.ncsu.csc.itrust2.mvc.config.WebMvcConfiguration}', contextInitializerClasses = '[]', activeProfiles = '{}', propertySourceLocations = '{}', propertySourceProperties = '{}', contextCustomizers = set[[empty]], resourceBasePath = 'src/main/webapp', contextLoader = 'org.springframework.test.context.web.WebDelegatingSmartContextLoader', parent = [null]]]
00:47:45.948 [main] DEBUG o.springframework.test.context.cache - Spring test ApplicationContext cache statistics: [DefaultContextCache@42bfc11f size = 1, maxSize = 32, parentContextCount = 0, hitCount = 48, missCount = 1]
00:47:45.948 [main] DEBUG o.s.t.c.w.ServletTestExecutionListener - Setting up MockHttpServletRequest, MockHttpServletResponse, ServletWebRequest, and RequestContextHolder for test context [DefaultTestContext@56c96215 testClass = APIOfficeVisitTest, testInstance = edu.ncsu.csc.itrust2.apitest.APIOfficeVisitTest@7222f7fc, testMethod = [null], testException = [null], mergedContextConfiguration = [WebMergedContextConfiguration@2329a0b testClass = APIOfficeVisitTest, locations = '{}', classes = '{class edu.ncsu.csc.itrust2.config.RootConfiguration, class edu.ncsu.csc.itrust2.mvc.config.WebMvcConfiguration}', contextInitializerClasses = '[]', activeProfiles = '{}', propertySourceLocations = '{}', propertySourceProperties = '{}', contextCustomizers = set[[empty]], resourceBasePath = 'src/main/webapp', contextLoader = 'org.springframework.test.context.web.WebDelegatingSmartContextLoader', parent = [null]]].
00:47:45.949 [main] DEBUG o.s.t.c.s.DependencyInjectionTestExecutionListener - Performing dependency injection for test context [[DefaultTestContext@56c96215 testClass = APIOfficeVisitTest, testInstance = edu.ncsu.csc.itrust2.apitest.APIOfficeVisitTest@7222f7fc, testMethod = [null], testException = [null], mergedContextConfiguration = [WebMergedContextConfiguration@2329a0b testClass = APIOfficeVisitTest, locations = '{}', classes = '{class edu.ncsu.csc.itrust2.config.RootConfiguration, class edu.ncsu.csc.itrust2.mvc.config.WebMvcConfiguration}', contextInitializerClasses = '[]', activeProfiles = '{}', propertySourceLocations = '{}', propertySourceProperties = '{}', contextCustomizers = set[[empty]], resourceBasePath = 'src/main/webapp', contextLoader = 'org.springframework.test.context.web.WebDelegatingSmartContextLoader', parent = [null]]]].
00:47:45.949 [main] DEBUG o.s.t.c.c.DefaultCacheAwareContextLoaderDelegate - Retrieved ApplicationContext from cache with key [[WebMergedContextConfiguration@2329a0b testClass = APIOfficeVisitTest, locations = '{}', classes = '{class edu.ncsu.csc.itrust2.config.RootConfiguration, class edu.ncsu.csc.itrust2.mvc.config.WebMvcConfiguration}', contextInitializerClasses = '[]', activeProfiles = '{}', propertySourceLocations = '{}', propertySourceProperties = '{}', contextCustomizers = set[[empty]], resourceBasePath = 'src/main/webapp', contextLoader = 'org.springframework.test.context.web.WebDelegatingSmartContextLoader', parent = [null]]]
00:47:45.949 [main] DEBUG o.springframework.test.context.cache - Spring test ApplicationContext cache statistics: [DefaultContextCache@42bfc11f size = 1, maxSize = 32, parentContextCount = 0, hitCount = 49, missCount = 1]
00:47:45.949 [main] DEBUG o.s.b.f.annotation.InjectionMetadata - Processing injected element of bean 'edu.ncsu.csc.itrust2.apitest.APIOfficeVisitTest': AutowiredFieldElement for private org.springframework.web.context.WebApplicationContext edu.ncsu.csc.itrust2.apitest.APIOfficeVisitTest.context
00:47:45.950 [main] DEBUG o.s.t.c.s.AbstractDirtiesContextTestExecutionListener - Before test method: context [DefaultTestContext@56c96215 testClass = APIOfficeVisitTest, testInstance = edu.ncsu.csc.itrust2.apitest.APIOfficeVisitTest@7222f7fc, testMethod = testOfficeVisitAPI@APIOfficeVisitTest, testException = [null], mergedContextConfiguration = [WebMergedContextConfiguration@2329a0b testClass = APIOfficeVisitTest, locations = '{}', classes = '{class edu.ncsu.csc.itrust2.config.RootConfiguration, class edu.ncsu.csc.itrust2.mvc.config.WebMvcConfiguration}', contextInitializerClasses = '[]', activeProfiles = '{}', propertySourceLocations = '{}', propertySourceProperties = '{}', contextCustomizers = set[[empty]], resourceBasePath = 'src/main/webapp', contextLoader = 'org.springframework.test.context.web.WebDelegatingSmartContextLoader', parent = [null]]], class annotated with @DirtiesContext [false] with mode [null], method annotated with @DirtiesContext [false] with mode [null].
00:47:45.950 [main] DEBUG o.s.t.w.s.TestDispatcherServlet - Initializing servlet ''
00:47:45.950 [main] DEBUG o.s.w.c.s.StandardServletEnvironment - Adding [servletConfigInitParams] PropertySource with lowest search precedence
00:47:45.950 [main] DEBUG o.s.w.c.s.StandardServletEnvironment - Adding [servletContextInitParams] PropertySource with lowest search precedence
00:47:45.950 [main] DEBUG o.s.w.c.s.StandardServletEnvironment - Adding [systemProperties] PropertySource with lowest search precedence
00:47:45.950 [main] DEBUG o.s.w.c.s.StandardServletEnvironment - Adding [systemEnvironment] PropertySource with lowest search precedence
00:47:45.950 [main] DEBUG o.s.w.c.s.StandardServletEnvironment - Initialized StandardServletEnvironment with PropertySources [servletConfigInitParams,servletContextInitParams,systemProperties,systemEnvironment]
00:47:45.950 [main] INFO  o.s.mock.web.MockServletContext - Initializing Spring FrameworkServlet ''
00:47:45.951 [main] INFO  o.s.t.w.s.TestDispatcherServlet - FrameworkServlet '': initialization started
00:47:45.951 [main] DEBUG o.s.t.w.s.TestDispatcherServlet - Unable to locate MultipartResolver with name 'multipartResolver': no multipart request handling provided
00:47:45.951 [main] DEBUG o.s.b.f.s.DefaultListableBeanFactory - Creating instance of bean 'org.springframework.web.servlet.i18n.AcceptHeaderLocaleResolver'
00:47:45.954 [main] DEBUG o.s.b.f.s.DefaultListableBeanFactory - Finished creating instance of bean 'org.springframework.web.servlet.i18n.AcceptHeaderLocaleResolver'
00:47:45.964 [main] DEBUG o.s.t.w.s.TestDispatcherServlet - Unable to locate LocaleResolver with name 'localeResolver': using default [org.springframework.web.servlet.i18n.AcceptHeaderLocaleResolver@1bec814e]
00:47:45.964 [main] DEBUG o.s.b.f.s.DefaultListableBeanFactory - Creating instance of bean 'org.springframework.web.servlet.theme.FixedThemeResolver'
00:47:45.964 [main] DEBUG o.s.b.f.s.DefaultListableBeanFactory - Finished creating instance of bean 'org.springframework.web.servlet.theme.FixedThemeResolver'
00:47:45.964 [main] DEBUG o.s.t.w.s.TestDispatcherServlet - Unable to locate ThemeResolver with name 'themeResolver': using default [org.springframework.web.servlet.theme.FixedThemeResolver@4b8a60b0]
00:47:45.964 [main] DEBUG o.s.b.f.s.DefaultListableBeanFactory - Returning cached instance of singleton bean 'requestMappingHandlerMapping'
00:47:45.964 [main] DEBUG o.s.b.f.s.DefaultListableBeanFactory - Returning cached instance of singleton bean 'viewControllerHandlerMapping'
00:47:45.964 [main] DEBUG o.s.b.f.s.DefaultListableBeanFactory - Returning cached instance of singleton bean 'beanNameHandlerMapping'
00:47:45.965 [main] DEBUG o.s.b.f.s.DefaultListableBeanFactory - Returning cached instance of singleton bean 'resourceHandlerMapping'
00:47:45.965 [main] DEBUG o.s.b.f.s.DefaultListableBeanFactory - Returning cached instance of singleton bean 'defaultServletHandlerMapping'
00:47:45.965 [main] DEBUG o.s.b.f.s.DefaultListableBeanFactory - Returning cached instance of singleton bean 'requestMappingHandlerAdapter'
00:47:45.965 [main] DEBUG o.s.b.f.s.DefaultListableBeanFactory - Returning cached instance of singleton bean 'httpRequestHandlerAdapter'
00:47:45.965 [main] DEBUG o.s.b.f.s.DefaultListableBeanFactory - Returning cached instance of singleton bean 'simpleControllerHandlerAdapter'
00:47:45.966 [main] DEBUG o.s.b.f.s.DefaultListableBeanFactory - Returning cached instance of singleton bean 'handlerExceptionResolver'
00:47:45.966 [main] DEBUG o.s.b.f.s.DefaultListableBeanFactory - Creating instance of bean 'org.springframework.web.servlet.view.DefaultRequestToViewNameTranslator'
00:47:45.977 [main] DEBUG o.s.b.f.s.DefaultListableBeanFactory - Finished creating instance of bean 'org.springframework.web.servlet.view.DefaultRequestToViewNameTranslator'
00:47:45.977 [main] DEBUG o.s.t.w.s.TestDispatcherServlet - Unable to locate RequestToViewNameTranslator with name 'viewNameTranslator': using default [org.springframework.web.servlet.view.DefaultRequestToViewNameTranslator@2e72f32a]
00:47:45.977 [main] DEBUG o.s.b.f.s.DefaultListableBeanFactory - Returning cached instance of singleton bean 'mvcViewResolver'
00:47:45.977 [main] DEBUG o.s.b.f.s.DefaultListableBeanFactory - Returning cached instance of singleton bean 'viewResolver'
00:47:45.978 [main] DEBUG o.s.b.f.s.DefaultListableBeanFactory - Creating instance of bean 'org.springframework.web.servlet.support.SessionFlashMapManager'
00:47:45.978 [main] DEBUG o.s.b.f.s.DefaultListableBeanFactory - Finished creating instance of bean 'org.springframework.web.servlet.support.SessionFlashMapManager'
00:47:45.990 [main] DEBUG o.s.t.w.s.TestDispatcherServlet - Unable to locate FlashMapManager with name 'flashMapManager': using default [org.springframework.web.servlet.support.SessionFlashMapManager@312ccd51]
00:47:45.990 [main] DEBUG o.s.t.w.s.TestDispatcherServlet - Published WebApplicationContext of servlet '' as ServletContext attribute with name [org.springframework.web.servlet.FrameworkServlet.CONTEXT.]
00:47:45.990 [main] INFO  o.s.t.w.s.TestDispatcherServlet - FrameworkServlet '': initialization completed in 39 ms
00:47:45.990 [main] DEBUG o.s.t.w.s.TestDispatcherServlet - Servlet '' configured successfully
00:47:45.991 [main] DEBUG o.h.e.t.internal.TransactionImpl - begin
00:47:45.992 [main] DEBUG org.hibernate.SQL - select this_.username as username1_15_0_, this_.enabled as enabled2_15_0_, this_.password as password3_15_0_, this_.role as role4_15_0_ from Users this_ where this_.username=? and this_.role=?
Hibernate: select this_.username as username1_15_0_, this_.enabled as enabled2_15_0_, this_.password as password3_15_0_, this_.role as role4_15_0_ from Users this_ where this_.username=? and this_.role=?
00:47:45.993 [main] DEBUG org.hibernate.loader.Loader - Result set row: 0
00:47:45.993 [main] DEBUG org.hibernate.loader.Loader - Result row: EntityKey[edu.ncsu.csc.itrust2.models.persistent.User#patient]
00:47:45.993 [main] DEBUG o.h.engine.internal.TwoPhaseLoad - Resolving associations for [edu.ncsu.csc.itrust2.models.persistent.User#patient]
00:47:45.993 [main] DEBUG o.h.engine.internal.TwoPhaseLoad - Done materializing entity [edu.ncsu.csc.itrust2.models.persistent.User#patient]
00:47:45.993 [main] DEBUG o.h.e.t.internal.TransactionImpl - committing
00:47:45.993 [main] DEBUG o.h.e.i.AbstractFlushingEventListener - Processing flush-time cascades
00:47:45.994 [main] DEBUG o.h.e.i.AbstractFlushingEventListener - Dirty checking collections
00:47:45.994 [main] DEBUG o.h.e.i.AbstractFlushingEventListener - Flushed: 0 insertions, 0 updates, 0 deletions to 1 objects
00:47:45.994 [main] DEBUG o.h.e.i.AbstractFlushingEventListener - Flushed: 0 (re)creations, 0 updates, 0 removals to 0 collections
00:47:45.994 [main] DEBUG o.h.internal.util.EntityPrinter - Listing entities:
00:47:45.994 [main] DEBUG o.h.internal.util.EntityPrinter - edu.ncsu.csc.itrust2.models.persistent.User{password=$2a$10$suMk6JRrkTCVGzbHRw86KuQJGn19ypCZ18kuRqJG31X.e5JnVAGQq, role=ROLE_PATIENT, enabled=1, username=patient}
00:47:46.000 [main] DEBUG o.h.e.t.internal.TransactionImpl - begin
00:47:46.001 [main] DEBUG org.hibernate.SQL - select this_.self_id as self_id18_12_2_, this_.address1 as address1_12_2_, this_.address2 as address2_12_2_, this_.bloodType as bloodTyp3_12_2_, this_.causeOfDeath as causeOfD4_12_2_, this_.city as city5_12_2_, this_.dateOfBirth as dateOfBi6_12_2_, this_.dateOfDeath as dateOfDe7_12_2_, this_.email as email8_12_2_, this_.ethnicity as ethnicit9_12_2_, this_.father_id as father_19_12_2_, this_.firstName as firstNa10_12_2_, this_.gender as gender11_12_2_, this_.id as id12_12_2_, this_.lastName as lastNam13_12_2_, this_.mother_id as mother_20_12_2_, this_.phone as phone14_12_2_, this_.preferredName as preferr15_12_2_, this_.state as state16_12_2_, this_.zip as zip17_12_2_, user2_.username as username1_15_0_, user2_.enabled as enabled2_15_0_, user2_.password as password3_15_0_, user2_.role as role4_15_0_, user3_.username as username1_15_1_, user3_.enabled as enabled2_15_1_, user3_.password as password3_15_1_, user3_.role as role4_15_1_ from Patients this_ left outer join Users user2_ on this_.father_id=user2_.username left outer join Users user3_ on this_.mother_id=user3_.username where this_.self_id=?
Hibernate: select this_.self_id as self_id18_12_2_, this_.address1 as address1_12_2_, this_.address2 as address2_12_2_, this_.bloodType as bloodTyp3_12_2_, this_.causeOfDeath as causeOfD4_12_2_, this_.city as city5_12_2_, this_.dateOfBirth as dateOfBi6_12_2_, this_.dateOfDeath as dateOfDe7_12_2_, this_.email as email8_12_2_, this_.ethnicity as ethnicit9_12_2_, this_.father_id as father_19_12_2_, this_.firstName as firstNa10_12_2_, this_.gender as gender11_12_2_, this_.id as id12_12_2_, this_.lastName as lastNam13_12_2_, this_.mother_id as mother_20_12_2_, this_.phone as phone14_12_2_, this_.preferredName as preferr15_12_2_, this_.state as state16_12_2_, this_.zip as zip17_12_2_, user2_.username as username1_15_0_, user2_.enabled as enabled2_15_0_, user2_.password as password3_15_0_, user2_.role as role4_15_0_, user3_.username as username1_15_1_, user3_.enabled as enabled2_15_1_, user3_.password as password3_15_1_, user3_.role as role4_15_1_ from Patients this_ left outer join Users user2_ on this_.father_id=user2_.username left outer join Users user3_ on this_.mother_id=user3_.username where this_.self_id=?
00:47:46.020 [main] DEBUG o.h.e.t.internal.TransactionImpl - committing
00:47:46.022 [main] DEBUG o.s.t.w.s.TestDispatcherServlet - DispatcherServlet with name '' processing POST request for [/api/v1/users]
00:47:46.022 [main] DEBUG o.s.w.s.m.m.a.RequestMappingHandlerMapping - Looking up handler method for path /api/v1/users
00:47:46.023 [main] DEBUG o.s.w.s.m.m.a.RequestMappingHandlerMapping - Returning handler method [public org.springframework.http.ResponseEntity edu.ncsu.csc.itrust2.controllers.api.APIUserController.createUser(edu.ncsu.csc.itrust2.forms.admin.UserForm)]
00:47:46.023 [main] DEBUG o.s.b.f.s.DefaultListableBeanFactory - Returning cached instance of singleton bean 'APIUserController'
00:47:46.023 [main] DEBUG o.s.w.s.m.m.a.RequestResponseBodyMethodProcessor - Read [class edu.ncsu.csc.itrust2.forms.admin.UserForm] as "application/json" with [org.springframework.http.converter.json.GsonHttpMessageConverter@2a71d462]
00:47:46.352 [main] DEBUG o.h.e.t.internal.TransactionImpl - begin
00:47:46.354 [main] DEBUG org.hibernate.SQL - select this_.username as username1_15_0_, this_.enabled as enabled2_15_0_, this_.password as password3_15_0_, this_.role as role4_15_0_ from Users this_ where this_.username=?
Hibernate: select this_.username as username1_15_0_, this_.enabled as enabled2_15_0_, this_.password as password3_15_0_, this_.role as role4_15_0_ from Users this_ where this_.username=?
00:47:46.361 [main] DEBUG org.hibernate.loader.Loader - Result set row: 0
00:47:46.362 [main] DEBUG org.hibernate.loader.Loader - Result row: EntityKey[edu.ncsu.csc.itrust2.models.persistent.User#hcp]
00:47:46.364 [main] DEBUG o.h.engine.internal.TwoPhaseLoad - Resolving associations for [edu.ncsu.csc.itrust2.models.persistent.User#hcp]
00:47:46.366 [main] DEBUG o.h.engine.internal.TwoPhaseLoad - Done materializing entity [edu.ncsu.csc.itrust2.models.persistent.User#hcp]
00:47:46.366 [main] DEBUG o.h.e.t.internal.TransactionImpl - committing
00:47:46.366 [main] DEBUG o.h.e.i.AbstractFlushingEventListener - Processing flush-time cascades
00:47:46.367 [main] DEBUG o.h.e.i.AbstractFlushingEventListener - Dirty checking collections
00:47:46.367 [main] DEBUG o.h.e.i.AbstractFlushingEventListener - Flushed: 0 insertions, 0 updates, 0 deletions to 1 objects
00:47:46.367 [main] DEBUG o.h.e.i.AbstractFlushingEventListener - Flushed: 0 (re)creations, 0 updates, 0 removals to 0 collections
00:47:46.367 [main] DEBUG o.h.internal.util.EntityPrinter - Listing entities:
00:47:46.367 [main] DEBUG o.h.internal.util.EntityPrinter - edu.ncsu.csc.itrust2.models.persistent.User{password=$2a$10$sbxkqaajDU.5N2B23de5KOVnPmKkv.h7wMnrnNrI8EdZ1bzoiKG3., role=ROLE_HCP, enabled=1, username=hcp}
00:47:46.376 [main] DEBUG o.h.e.t.internal.TransactionImpl - begin
00:47:46.376 [main] DEBUG org.hibernate.SQL - select user_.username, user_.enabled as enabled2_15_, user_.password as password3_15_, user_.role as role4_15_ from Users user_ where user_.username=?
Hibernate: select user_.username, user_.enabled as enabled2_15_, user_.password as password3_15_, user_.role as role4_15_ from Users user_ where user_.username=?
00:47:46.382 [main] DEBUG o.h.r.j.i.ResourceRegistryStandardImpl - HHH000387: ResultSet's statement was not registered
00:47:46.384 [main] DEBUG o.h.e.t.internal.TransactionImpl - committing
00:47:46.384 [main] DEBUG o.h.e.i.AbstractFlushingEventListener - Processing flush-time cascades
00:47:46.384 [main] DEBUG o.h.e.i.AbstractFlushingEventListener - Dirty checking collections
00:47:46.384 [main] DEBUG o.h.e.i.AbstractFlushingEventListener - Flushed: 0 insertions, 1 updates, 0 deletions to 1 objects
00:47:46.385 [main] DEBUG o.h.e.i.AbstractFlushingEventListener - Flushed: 0 (re)creations, 0 updates, 0 removals to 0 collections
00:47:46.385 [main] DEBUG o.h.internal.util.EntityPrinter - Listing entities:
00:47:46.385 [main] DEBUG o.h.internal.util.EntityPrinter - edu.ncsu.csc.itrust2.models.persistent.User{password=$2a$10$BlPgtylNXFaO.9doOuJZOey4s6t.GFaCaC54cIlB7vBJEmcRbtfF., role=ROLE_HCP, enabled=1, username=hcp}
00:47:46.386 [main] DEBUG org.hibernate.SQL - update Users set enabled=?, password=?, role=? where username=?
Hibernate: update Users set enabled=?, password=?, role=? where username=?
00:47:46.397 [main] DEBUG o.h.e.j.internal.JdbcCoordinatorImpl - HHH000420: Closing un-released batch
00:47:46.397 [main] DEBUG o.h.e.t.internal.TransactionImpl - begin
00:47:46.398 [main] DEBUG org.hibernate.SQL - select next_val as id_val from hibernate_sequence for update
Hibernate: select next_val as id_val from hibernate_sequence for update
00:47:46.401 [main] DEBUG org.hibernate.SQL - update hibernate_sequence set next_val= ? where next_val=?
Hibernate: update hibernate_sequence set next_val= ? where next_val=?
00:47:46.424 [main] DEBUG o.h.e.i.AbstractSaveEventListener - Generated identifier: 45, using strategy: org.hibernate.id.enhanced.SequenceStyleGenerator
00:47:46.425 [main] DEBUG o.h.e.t.internal.TransactionImpl - committing
00:47:46.425 [main] DEBUG o.h.e.i.AbstractFlushingEventListener - Processing flush-time cascades
00:47:46.425 [main] DEBUG o.h.e.i.AbstractFlushingEventListener - Dirty checking collections
00:47:46.425 [main] DEBUG o.h.e.i.AbstractFlushingEventListener - Flushed: 1 insertions, 0 updates, 0 deletions to 1 objects
00:47:46.425 [main] DEBUG o.h.e.i.AbstractFlushingEventListener - Flushed: 0 (re)creations, 0 updates, 0 removals to 0 collections
00:47:46.425 [main] DEBUG o.h.internal.util.EntityPrinter - Listing entities:
00:47:46.425 [main] DEBUG o.h.internal.util.EntityPrinter - edu.ncsu.csc.itrust2.models.persistent.LogEntry{secondaryUser=null, logCode=7, primaryUser=SPRING_API_TEST_USER, id=45, time=java.util.GregorianCalendar[time=1521694066397,areFieldsSet=true,areAllFieldsSet=true,lenient=true,zone=sun.util.calendar.ZoneInfo[id="America/New_York",offset=-18000000,dstSavings=3600000,useDaylight=true,transitions=235,lastRule=java.util.SimpleTimeZone[id=America/New_York,offset=-18000000,dstSavings=3600000,useDaylight=true,startYear=0,startMode=3,startMonth=2,startDay=8,startDayOfWeek=1,startTime=7200000,startTimeMode=0,endMode=3,endMonth=10,endDay=1,endDayOfWeek=1,endTime=7200000,endTimeMode=0]],firstDayOfWeek=1,minimalDaysInFirstWeek=1,ERA=1,YEAR=2018,MONTH=2,WEEK_OF_YEAR=12,WEEK_OF_MONTH=4,DAY_OF_MONTH=22,DAY_OF_YEAR=81,DAY_OF_WEEK=5,DAY_OF_WEEK_IN_MONTH=4,AM_PM=0,HOUR=0,HOUR_OF_DAY=0,MINUTE=47,SECOND=46,MILLISECOND=397,ZONE_OFFSET=-18000000,DST_OFFSET=3600000], message=null}
00:47:46.427 [main] DEBUG org.hibernate.SQL - insert into LogEntries (logCode, message, primaryUser, secondaryUser, time, id) values (?, ?, ?, ?, ?, ?)
Hibernate: insert into LogEntries (logCode, message, primaryUser, secondaryUser, time, id) values (?, ?, ?, ?, ?, ?)
00:47:46.434 [main] DEBUG o.h.e.j.internal.JdbcCoordinatorImpl - HHH000420: Closing un-released batch
00:47:46.437 [main] DEBUG o.s.w.s.m.m.a.HttpEntityMethodProcessor - Written [edu.ncsu.csc.itrust2.models.persistent.User@df99afc9] as "application/json" using [org.springframework.http.converter.json.GsonHttpMessageConverter@2a71d462]
00:47:46.437 [main] DEBUG o.s.t.w.s.TestDispatcherServlet - Null ModelAndView returned to DispatcherServlet with name '': assuming HandlerAdapter completed request handling
00:47:46.437 [main] DEBUG o.s.t.w.s.TestDispatcherServlet - Successfully completed request
00:47:46.438 [main] DEBUG o.s.t.w.s.TestDispatcherServlet - DispatcherServlet with name '' processing POST request for [/api/v1/users]
00:47:46.438 [main] DEBUG o.s.w.s.m.m.a.RequestMappingHandlerMapping - Looking up handler method for path /api/v1/users
00:47:46.439 [main] DEBUG o.s.w.s.m.m.a.RequestMappingHandlerMapping - Returning handler method [public org.springframework.http.ResponseEntity edu.ncsu.csc.itrust2.controllers.api.APIUserController.createUser(edu.ncsu.csc.itrust2.forms.admin.UserForm)]
00:47:46.439 [main] DEBUG o.s.b.f.s.DefaultListableBeanFactory - Returning cached instance of singleton bean 'APIUserController'
00:47:46.451 [main] DEBUG o.s.w.s.m.m.a.RequestResponseBodyMethodProcessor - Read [class edu.ncsu.csc.itrust2.forms.admin.UserForm] as "application/json" with [org.springframework.http.converter.json.GsonHttpMessageConverter@2a71d462]
00:47:46.656 [main] DEBUG o.h.e.t.internal.TransactionImpl - begin
00:47:46.663 [main] DEBUG org.hibernate.SQL - select this_.username as username1_15_0_, this_.enabled as enabled2_15_0_, this_.password as password3_15_0_, this_.role as role4_15_0_ from Users this_ where this_.username=?
Hibernate: select this_.username as username1_15_0_, this_.enabled as enabled2_15_0_, this_.password as password3_15_0_, this_.role as role4_15_0_ from Users this_ where this_.username=?
00:47:46.665 [main] DEBUG org.hibernate.loader.Loader - Result set row: 0
00:47:46.665 [main] DEBUG org.hibernate.loader.Loader - Result row: EntityKey[edu.ncsu.csc.itrust2.models.persistent.User#patient]
00:47:46.665 [main] DEBUG o.h.engine.internal.TwoPhaseLoad - Resolving associations for [edu.ncsu.csc.itrust2.models.persistent.User#patient]
00:47:46.665 [main] DEBUG o.h.engine.internal.TwoPhaseLoad - Done materializing entity [edu.ncsu.csc.itrust2.models.persistent.User#patient]
00:47:46.666 [main] DEBUG o.h.e.t.internal.TransactionImpl - committing
00:47:46.666 [main] DEBUG o.h.e.i.AbstractFlushingEventListener - Processing flush-time cascades
00:47:46.666 [main] DEBUG o.h.e.i.AbstractFlushingEventListener - Dirty checking collections
00:47:46.666 [main] DEBUG o.h.e.i.AbstractFlushingEventListener - Flushed: 0 insertions, 0 updates, 0 deletions to 1 objects
00:47:46.666 [main] DEBUG o.h.e.i.AbstractFlushingEventListener - Flushed: 0 (re)creations, 0 updates, 0 removals to 0 collections
00:47:46.666 [main] DEBUG o.h.internal.util.EntityPrinter - Listing entities:
00:47:46.666 [main] DEBUG o.h.internal.util.EntityPrinter - edu.ncsu.csc.itrust2.models.persistent.User{password=$2a$10$suMk6JRrkTCVGzbHRw86KuQJGn19ypCZ18kuRqJG31X.e5JnVAGQq, role=ROLE_PATIENT, enabled=1, username=patient}
00:47:46.667 [main] DEBUG o.h.e.t.internal.TransactionImpl - begin
00:47:46.668 [main] DEBUG org.hibernate.SQL - select user_.username, user_.enabled as enabled2_15_, user_.password as password3_15_, user_.role as role4_15_ from Users user_ where user_.username=?
Hibernate: select user_.username, user_.enabled as enabled2_15_, user_.password as password3_15_, user_.role as role4_15_ from Users user_ where user_.username=?
00:47:46.674 [main] DEBUG o.h.r.j.i.ResourceRegistryStandardImpl - HHH000387: ResultSet's statement was not registered
00:47:46.675 [main] DEBUG o.h.e.t.internal.TransactionImpl - committing
00:47:46.675 [main] DEBUG o.h.e.i.AbstractFlushingEventListener - Processing flush-time cascades
00:47:46.675 [main] DEBUG o.h.e.i.AbstractFlushingEventListener - Dirty checking collections
00:47:46.676 [main] DEBUG o.h.e.i.AbstractFlushingEventListener - Flushed: 0 insertions, 1 updates, 0 deletions to 1 objects
00:47:46.676 [main] DEBUG o.h.e.i.AbstractFlushingEventListener - Flushed: 0 (re)creations, 0 updates, 0 removals to 0 collections
00:47:46.676 [main] DEBUG o.h.internal.util.EntityPrinter - Listing entities:
00:47:46.676 [main] DEBUG o.h.internal.util.EntityPrinter - edu.ncsu.csc.itrust2.models.persistent.User{password=$2a$10$NORtldzZVIgePsbV4dq1Yuu4qmDM1z4NLacR.mjbUiyYGtY8/wzDS, role=ROLE_PATIENT, enabled=1, username=patient}
00:47:46.677 [main] DEBUG org.hibernate.SQL - update Users set enabled=?, password=?, role=? where username=?
Hibernate: update Users set enabled=?, password=?, role=? where username=?
00:47:46.693 [main] DEBUG o.h.e.j.internal.JdbcCoordinatorImpl - HHH000420: Closing un-released batch
00:47:46.694 [main] DEBUG o.h.e.t.internal.TransactionImpl - begin
00:47:46.694 [main] DEBUG org.hibernate.SQL - select next_val as id_val from hibernate_sequence for update
Hibernate: select next_val as id_val from hibernate_sequence for update
00:47:46.695 [main] DEBUG org.hibernate.SQL - update hibernate_sequence set next_val= ? where next_val=?
Hibernate: update hibernate_sequence set next_val= ? where next_val=?
00:47:46.704 [main] DEBUG o.h.e.i.AbstractSaveEventListener - Generated identifier: 46, using strategy: org.hibernate.id.enhanced.SequenceStyleGenerator
00:47:46.704 [main] DEBUG o.h.e.t.internal.TransactionImpl - committing
00:47:46.704 [main] DEBUG o.h.e.i.AbstractFlushingEventListener - Processing flush-time cascades
00:47:46.704 [main] DEBUG o.h.e.i.AbstractFlushingEventListener - Dirty checking collections
00:47:46.705 [main] DEBUG o.h.e.i.AbstractFlushingEventListener - Flushed: 1 insertions, 0 updates, 0 deletions to 1 objects
00:47:46.705 [main] DEBUG o.h.e.i.AbstractFlushingEventListener - Flushed: 0 (re)creations, 0 updates, 0 removals to 0 collections
00:47:46.705 [main] DEBUG o.h.internal.util.EntityPrinter - Listing entities:
00:47:46.705 [main] DEBUG o.h.internal.util.EntityPrinter - edu.ncsu.csc.itrust2.models.persistent.LogEntry{secondaryUser=null, logCode=7, primaryUser=SPRING_API_TEST_USER, id=46, time=java.util.GregorianCalendar[time=1521694066694,areFieldsSet=true,areAllFieldsSet=true,lenient=true,zone=sun.util.calendar.ZoneInfo[id="America/New_York",offset=-18000000,dstSavings=3600000,useDaylight=true,transitions=235,lastRule=java.util.SimpleTimeZone[id=America/New_York,offset=-18000000,dstSavings=3600000,useDaylight=true,startYear=0,startMode=3,startMonth=2,startDay=8,startDayOfWeek=1,startTime=7200000,startTimeMode=0,endMode=3,endMonth=10,endDay=1,endDayOfWeek=1,endTime=7200000,endTimeMode=0]],firstDayOfWeek=1,minimalDaysInFirstWeek=1,ERA=1,YEAR=2018,MONTH=2,WEEK_OF_YEAR=12,WEEK_OF_MONTH=4,DAY_OF_MONTH=22,DAY_OF_YEAR=81,DAY_OF_WEEK=5,DAY_OF_WEEK_IN_MONTH=4,AM_PM=0,HOUR=0,HOUR_OF_DAY=0,MINUTE=47,SECOND=46,MILLISECOND=694,ZONE_OFFSET=-18000000,DST_OFFSET=3600000], message=null}
00:47:46.705 [main] DEBUG org.hibernate.SQL - insert into LogEntries (logCode, message, primaryUser, secondaryUser, time, id) values (?, ?, ?, ?, ?, ?)
Hibernate: insert into LogEntries (logCode, message, primaryUser, secondaryUser, time, id) values (?, ?, ?, ?, ?, ?)
00:47:46.721 [main] DEBUG o.h.e.j.internal.JdbcCoordinatorImpl - HHH000420: Closing un-released batch
00:47:46.722 [main] DEBUG o.s.w.s.m.m.a.HttpEntityMethodProcessor - Written [edu.ncsu.csc.itrust2.models.persistent.User@d7482124] as "application/json" using [org.springframework.http.converter.json.GsonHttpMessageConverter@2a71d462]
00:47:46.722 [main] DEBUG o.s.t.w.s.TestDispatcherServlet - Null ModelAndView returned to DispatcherServlet with name '': assuming HandlerAdapter completed request handling
00:47:46.722 [main] DEBUG o.s.t.w.s.TestDispatcherServlet - Successfully completed request
00:47:46.723 [main] DEBUG o.s.t.w.s.TestDispatcherServlet - DispatcherServlet with name '' processing POST request for [/api/v1/hospitals]
00:47:46.723 [main] DEBUG o.s.w.s.m.m.a.RequestMappingHandlerMapping - Looking up handler method for path /api/v1/hospitals
00:47:46.723 [main] DEBUG o.s.w.s.m.m.a.RequestMappingHandlerMapping - Returning handler method [public org.springframework.http.ResponseEntity edu.ncsu.csc.itrust2.controllers.api.APIHospitalController.createHospital(edu.ncsu.csc.itrust2.forms.admin.HospitalForm)]
00:47:46.723 [main] DEBUG o.s.b.f.s.DefaultListableBeanFactory - Returning cached instance of singleton bean 'APIHospitalController'
00:47:46.724 [main] DEBUG o.s.w.s.m.m.a.RequestResponseBodyMethodProcessor - Read [class edu.ncsu.csc.itrust2.forms.admin.HospitalForm] as "application/json" with [org.springframework.http.converter.json.GsonHttpMessageConverter@2a71d462]
00:47:46.724 [main] DEBUG o.h.e.t.internal.TransactionImpl - begin
00:47:46.727 [main] DEBUG org.hibernate.SQL - select this_.name as name1_4_0_, this_.address as address2_4_0_, this_.state as state3_4_0_, this_.zip as zip4_4_0_ from Hospitals this_ where this_.name=?
Hibernate: select this_.name as name1_4_0_, this_.address as address2_4_0_, this_.state as state3_4_0_, this_.zip as zip4_4_0_ from Hospitals this_ where this_.name=?
00:47:46.728 [main] DEBUG org.hibernate.loader.Loader - Result set row: 0
00:47:46.728 [main] DEBUG org.hibernate.loader.Loader - Result row: EntityKey[edu.ncsu.csc.itrust2.models.persistent.Hospital#iTrust Test Hospital 2]
00:47:46.728 [main] DEBUG o.h.engine.internal.TwoPhaseLoad - Resolving associations for [edu.ncsu.csc.itrust2.models.persistent.Hospital#iTrust Test Hospital 2]
00:47:46.729 [main] DEBUG o.h.engine.internal.TwoPhaseLoad - Done materializing entity [edu.ncsu.csc.itrust2.models.persistent.Hospital#iTrust Test Hospital 2]
00:47:46.729 [main] DEBUG o.h.e.t.internal.TransactionImpl - committing
00:47:46.729 [main] DEBUG o.h.e.i.AbstractFlushingEventListener - Processing flush-time cascades
00:47:46.730 [main] DEBUG o.h.e.i.AbstractFlushingEventListener - Dirty checking collections
00:47:46.730 [main] DEBUG o.h.e.i.AbstractFlushingEventListener - Flushed: 0 insertions, 0 updates, 0 deletions to 1 objects
00:47:46.730 [main] DEBUG o.h.e.i.AbstractFlushingEventListener - Flushed: 0 (re)creations, 0 updates, 0 removals to 0 collections
00:47:46.730 [main] DEBUG o.h.internal.util.EntityPrinter - Listing entities:
00:47:46.730 [main] DEBUG o.h.internal.util.EntityPrinter - edu.ncsu.csc.itrust2.models.persistent.Hospital{zip=27607, address=1 iTrust Test Street, name=iTrust Test Hospital 2, state=NC}
00:47:46.739 [main] DEBUG o.s.w.s.m.m.a.HttpEntityMethodProcessor - Written [{"status":"failed","message":"Hospital with the name iTrust Test Hospital 2 already exists"}] as "text/plain" using [org.springframework.http.converter.StringHttpMessageConverter@6e3b76ea]
00:47:46.739 [main] DEBUG o.s.t.w.s.TestDispatcherServlet - Null ModelAndView returned to DispatcherServlet with name '': assuming HandlerAdapter completed request handling
00:47:46.739 [main] DEBUG o.s.t.w.s.TestDispatcherServlet - Successfully completed request
00:47:46.742 [main] DEBUG o.s.t.w.s.TestDispatcherServlet - DispatcherServlet with name '' processing DELETE request for [/api/v1/officevisits]
00:47:46.742 [main] DEBUG o.s.w.s.m.m.a.RequestMappingHandlerMapping - Looking up handler method for path /api/v1/officevisits
00:47:46.743 [main] DEBUG o.s.w.s.m.m.a.RequestMappingHandlerMapping - Returning handler method [public void edu.ncsu.csc.itrust2.controllers.api.APIOfficeVisitController.deleteOfficeVisits()]
00:47:46.743 [main] DEBUG o.s.b.f.s.DefaultListableBeanFactory - Returning cached instance of singleton bean 'APIOfficeVisitController'
00:47:46.743 [main] DEBUG o.h.e.t.internal.TransactionImpl - begin
00:47:46.744 [main] DEBUG org.hibernate.SQL - select next_val as id_val from hibernate_sequence for update
Hibernate: select next_val as id_val from hibernate_sequence for update
00:47:46.745 [main] DEBUG org.hibernate.SQL - update hibernate_sequence set next_val= ? where next_val=?
Hibernate: update hibernate_sequence set next_val= ? where next_val=?
00:47:46.753 [main] DEBUG o.h.e.i.AbstractSaveEventListener - Generated identifier: 47, using strategy: org.hibernate.id.enhanced.SequenceStyleGenerator
00:47:46.753 [main] DEBUG o.h.e.t.internal.TransactionImpl - committing
00:47:46.753 [main] DEBUG o.h.e.i.AbstractFlushingEventListener - Processing flush-time cascades
00:47:46.753 [main] DEBUG o.h.e.i.AbstractFlushingEventListener - Dirty checking collections
00:47:46.753 [main] DEBUG o.h.e.i.AbstractFlushingEventListener - Flushed: 1 insertions, 0 updates, 0 deletions to 1 objects
00:47:46.753 [main] DEBUG o.h.e.i.AbstractFlushingEventListener - Flushed: 0 (re)creations, 0 updates, 0 removals to 0 collections
00:47:46.753 [main] DEBUG o.h.internal.util.EntityPrinter - Listing entities:
00:47:46.753 [main] DEBUG o.h.internal.util.EntityPrinter - edu.ncsu.csc.itrust2.models.persistent.LogEntry{secondaryUser=null, logCode=30, primaryUser=SPRING_API_TEST_USER, id=47, time=java.util.GregorianCalendar[time=1521694066743,areFieldsSet=true,areAllFieldsSet=true,lenient=true,zone=sun.util.calendar.ZoneInfo[id="America/New_York",offset=-18000000,dstSavings=3600000,useDaylight=true,transitions=235,lastRule=java.util.SimpleTimeZone[id=America/New_York,offset=-18000000,dstSavings=3600000,useDaylight=true,startYear=0,startMode=3,startMonth=2,startDay=8,startDayOfWeek=1,startTime=7200000,startTimeMode=0,endMode=3,endMonth=10,endDay=1,endDayOfWeek=1,endTime=7200000,endTimeMode=0]],firstDayOfWeek=1,minimalDaysInFirstWeek=1,ERA=1,YEAR=2018,MONTH=2,WEEK_OF_YEAR=12,WEEK_OF_MONTH=4,DAY_OF_MONTH=22,DAY_OF_YEAR=81,DAY_OF_WEEK=5,DAY_OF_WEEK_IN_MONTH=4,AM_PM=0,HOUR=0,HOUR_OF_DAY=0,MINUTE=47,SECOND=46,MILLISECOND=743,ZONE_OFFSET=-18000000,DST_OFFSET=3600000], message=null}
00:47:46.754 [main] DEBUG org.hibernate.SQL - insert into LogEntries (logCode, message, primaryUser, secondaryUser, time, id) values (?, ?, ?, ?, ?, ?)
Hibernate: insert into LogEntries (logCode, message, primaryUser, secondaryUser, time, id) values (?, ?, ?, ?, ?, ?)
00:47:46.766 [main] DEBUG o.h.e.j.internal.JdbcCoordinatorImpl - HHH000420: Closing un-released batch
00:47:46.766 [main] DEBUG o.h.e.t.internal.TransactionImpl - begin
00:47:46.768 [main] DEBUG org.hibernate.SQL - select this_.id as id1_2_8_, this_.code_id as code_id3_2_8_, this_.note as note2_2_8_, this_.visit_id as visit_id4_2_8_, icdcode2_.id as id1_5_0_, icdcode2_.code as code2_5_0_, icdcode2_.description as descript3_5_0_, officevisi3_.id as id1_10_1_, officevisi3_.appointment_id as appointm5_10_1_, officevisi3_.basichealthmetrics_id as basichea6_10_1_, officevisi3_.date as date2_10_1_, officevisi3_.hcp_id as hcp_id7_10_1_, officevisi3_.hospital_id as hospital8_10_1_, officevisi3_.notes as notes3_10_1_, officevisi3_.patient_id as patient_9_10_1_, officevisi3_.type as type4_10_1_, appointmen4_.id as id1_0_2_, appointmen4_.comments as comments2_0_2_, appointmen4_.date as date3_0_2_, appointmen4_.hcp_id as hcp_id6_0_2_, appointmen4_.patient_id as patient_7_0_2_, appointmen4_.status as status4_0_2_, appointmen4_.type as type5_0_2_, basichealt5_.id as id1_1_3_, basichealt5_.diastolic as diastoli2_1_3_, basichealt5_.hcp_id as hcp_id12_1_3_, basichealt5_.hdl as hdl3_1_3_, basichealt5_.headCircumference as headCirc4_1_3_, basichealt5_.height as height5_1_3_, basichealt5_.houseSmokingStatus as houseSmo6_1_3_, basichealt5_.ldl as ldl7_1_3_, basichealt5_.patient_id as patient13_1_3_, basichealt5_.patientSmokingStatus as patientS8_1_3_, basichealt5_.systolic as systolic9_1_3_, basichealt5_.tri as tri10_1_3_, basichealt5_.weight as weight11_1_3_, user6_.username as username1_15_4_, user6_.enabled as enabled2_15_4_, user6_.password as password3_15_4_, user6_.role as role4_15_4_, hospital7_.name as name1_4_5_, hospital7_.address as address2_4_5_, hospital7_.state as state3_4_5_, hospital7_.zip as zip4_4_5_, user8_.username as username1_15_6_, user8_.enabled as enabled2_15_6_, user8_.password as password3_15_6_, user8_.role as role4_15_6_, prescripti9_.prescriptions_id as prescrip8_14_10_, prescripti9_.id as id1_14_10_, prescripti9_.id as id1_14_7_, prescripti9_.dosage as dosage2_14_7_, prescripti9_.drug_id as drug_id6_14_7_, prescripti9_.endDate as endDate3_14_7_, prescripti9_.patient_id as patient_7_14_7_, prescripti9_.renewals as renewals4_14_7_, prescripti9_.startDate as startDat5_14_7_ from Diagnoses this_ inner join ICDCodes icdcode2_ on this_.code_id=icdcode2_.id inner join OfficeVisits officevisi3_ on this_.visit_id=officevisi3_.id left outer join AppointmentRequests appointmen4_ on officevisi3_.appointment_id=appointmen4_.id left outer join BasicHealthMetrics basichealt5_ on officevisi3_.basichealthmetrics_id=basichealt5_.id left outer join Users user6_ on officevisi3_.hcp_id=user6_.username left outer join Hospitals hospital7_ on officevisi3_.hospital_id=hospital7_.name left outer join Users user8_ on officevisi3_.patient_id=user8_.username left outer join Prescriptions prescripti9_ on officevisi3_.id=prescripti9_.prescriptions_id
Hibernate: select this_.id as id1_2_8_, this_.code_id as code_id3_2_8_, this_.note as note2_2_8_, this_.visit_id as visit_id4_2_8_, icdcode2_.id as id1_5_0_, icdcode2_.code as code2_5_0_, icdcode2_.description as descript3_5_0_, officevisi3_.id as id1_10_1_, officevisi3_.appointment_id as appointm5_10_1_, officevisi3_.basichealthmetrics_id as basichea6_10_1_, officevisi3_.date as date2_10_1_, officevisi3_.hcp_id as hcp_id7_10_1_, officevisi3_.hospital_id as hospital8_10_1_, officevisi3_.notes as notes3_10_1_, officevisi3_.patient_id as patient_9_10_1_, officevisi3_.type as type4_10_1_, appointmen4_.id as id1_0_2_, appointmen4_.comments as comments2_0_2_, appointmen4_.date as date3_0_2_, appointmen4_.hcp_id as hcp_id6_0_2_, appointmen4_.patient_id as patient_7_0_2_, appointmen4_.status as status4_0_2_, appointmen4_.type as type5_0_2_, basichealt5_.id as id1_1_3_, basichealt5_.diastolic as diastoli2_1_3_, basichealt5_.hcp_id as hcp_id12_1_3_, basichealt5_.hdl as hdl3_1_3_, basichealt5_.headCircumference as headCirc4_1_3_, basichealt5_.height as height5_1_3_, basichealt5_.houseSmokingStatus as houseSmo6_1_3_, basichealt5_.ldl as ldl7_1_3_, basichealt5_.patient_id as patient13_1_3_, basichealt5_.patientSmokingStatus as patientS8_1_3_, basichealt5_.systolic as systolic9_1_3_, basichealt5_.tri as tri10_1_3_, basichealt5_.weight as weight11_1_3_, user6_.username as username1_15_4_, user6_.enabled as enabled2_15_4_, user6_.password as password3_15_4_, user6_.role as role4_15_4_, hospital7_.name as name1_4_5_, hospital7_.address as address2_4_5_, hospital7_.state as state3_4_5_, hospital7_.zip as zip4_4_5_, user8_.username as username1_15_6_, user8_.enabled as enabled2_15_6_, user8_.password as password3_15_6_, user8_.role as role4_15_6_, prescripti9_.prescriptions_id as prescrip8_14_10_, prescripti9_.id as id1_14_10_, prescripti9_.id as id1_14_7_, prescripti9_.dosage as dosage2_14_7_, prescripti9_.drug_id as drug_id6_14_7_, prescripti9_.endDate as endDate3_14_7_, prescripti9_.patient_id as patient_7_14_7_, prescripti9_.renewals as renewals4_14_7_, prescripti9_.startDate as startDat5_14_7_ from Diagnoses this_ inner join ICDCodes icdcode2_ on this_.code_id=icdcode2_.id inner join OfficeVisits officevisi3_ on this_.visit_id=officevisi3_.id left outer join AppointmentRequests appointmen4_ on officevisi3_.appointment_id=appointmen4_.id left outer join BasicHealthMetrics basichealt5_ on officevisi3_.basichealthmetrics_id=basichealt5_.id left outer join Users user6_ on officevisi3_.hcp_id=user6_.username left outer join Hospitals hospital7_ on officevisi3_.hospital_id=hospital7_.name left outer join Users user8_ on officevisi3_.patient_id=user8_.username left outer join Prescriptions prescripti9_ on officevisi3_.id=prescripti9_.prescriptions_id
00:47:46.772 [main] DEBUG org.hibernate.loader.Loader - Result set row: 0
00:47:46.772 [main] DEBUG org.hibernate.loader.Loader - Result row: EntityKey[edu.ncsu.csc.itrust2.models.persistent.ICDCode#27], EntityKey[edu.ncsu.csc.itrust2.models.persistent.OfficeVisit#33], null, EntityKey[edu.ncsu.csc.itrust2.models.persistent.BasicHealthMetrics#32], EntityKey[edu.ncsu.csc.itrust2.models.persistent.User#hcp], EntityKey[edu.ncsu.csc.itrust2.models.persistent.Hospital#iTrust Test Hospital 2], EntityKey[edu.ncsu.csc.itrust2.models.persistent.User#patient], null, EntityKey[edu.ncsu.csc.itrust2.models.persistent.Diagnosis#35]
00:47:46.776 [main] DEBUG org.hibernate.loader.Loader - Result set contains (possibly empty) collection: [edu.ncsu.csc.itrust2.models.persistent.OfficeVisit.prescriptions#33]
00:47:46.776 [main] DEBUG org.hibernate.loader.Loader - Result set row: 1
00:47:46.776 [main] DEBUG org.hibernate.loader.Loader - Result row: EntityKey[edu.ncsu.csc.itrust2.models.persistent.ICDCode#29], EntityKey[edu.ncsu.csc.itrust2.models.persistent.OfficeVisit#33], null, EntityKey[edu.ncsu.csc.itrust2.models.persistent.BasicHealthMetrics#32], EntityKey[edu.ncsu.csc.itrust2.models.persistent.User#hcp], EntityKey[edu.ncsu.csc.itrust2.models.persistent.Hospital#iTrust Test Hospital 2], EntityKey[edu.ncsu.csc.itrust2.models.persistent.User#patient], null, EntityKey[edu.ncsu.csc.itrust2.models.persistent.Diagnosis#37]
00:47:46.776 [main] DEBUG org.hibernate.loader.Loader - Result set contains (possibly empty) collection: [edu.ncsu.csc.itrust2.models.persistent.OfficeVisit.prescriptions#33]
00:47:46.776 [main] DEBUG o.h.engine.internal.TwoPhaseLoad - Resolving associations for [edu.ncsu.csc.itrust2.models.persistent.ICDCode#27]
00:47:46.777 [main] DEBUG o.h.engine.internal.TwoPhaseLoad - Done materializing entity [edu.ncsu.csc.itrust2.models.persistent.ICDCode#27]
00:47:46.777 [main] DEBUG o.h.engine.internal.TwoPhaseLoad - Resolving associations for [edu.ncsu.csc.itrust2.models.persistent.OfficeVisit#33]
00:47:46.777 [main] DEBUG o.h.engine.internal.TwoPhaseLoad - Done materializing entity [edu.ncsu.csc.itrust2.models.persistent.OfficeVisit#33]
00:47:46.778 [main] DEBUG o.h.engine.internal.TwoPhaseLoad - Resolving associations for [edu.ncsu.csc.itrust2.models.persistent.BasicHealthMetrics#32]
00:47:46.779 [main] DEBUG o.h.engine.internal.TwoPhaseLoad - Done materializing entity [edu.ncsu.csc.itrust2.models.persistent.BasicHealthMetrics#32]
00:47:46.779 [main] DEBUG o.h.engine.internal.TwoPhaseLoad - Resolving associations for [edu.ncsu.csc.itrust2.models.persistent.User#hcp]
00:47:46.779 [main] DEBUG o.h.engine.internal.TwoPhaseLoad - Done materializing entity [edu.ncsu.csc.itrust2.models.persistent.User#hcp]
00:47:46.779 [main] DEBUG o.h.engine.internal.TwoPhaseLoad - Resolving associations for [edu.ncsu.csc.itrust2.models.persistent.Hospital#iTrust Test Hospital 2]
00:47:46.779 [main] DEBUG o.h.engine.internal.TwoPhaseLoad - Done materializing entity [edu.ncsu.csc.itrust2.models.persistent.Hospital#iTrust Test Hospital 2]
00:47:46.779 [main] DEBUG o.h.engine.internal.TwoPhaseLoad - Resolving associations for [edu.ncsu.csc.itrust2.models.persistent.User#patient]
00:47:46.779 [main] DEBUG o.h.engine.internal.TwoPhaseLoad - Done materializing entity [edu.ncsu.csc.itrust2.models.persistent.User#patient]
00:47:46.779 [main] DEBUG o.h.engine.internal.TwoPhaseLoad - Resolving associations for [edu.ncsu.csc.itrust2.models.persistent.Diagnosis#35]
00:47:46.779 [main] DEBUG o.h.engine.internal.TwoPhaseLoad - Done materializing entity [edu.ncsu.csc.itrust2.models.persistent.Diagnosis#35]
00:47:46.786 [main] DEBUG o.h.engine.internal.TwoPhaseLoad - Resolving associations for [edu.ncsu.csc.itrust2.models.persistent.ICDCode#29]
00:47:46.787 [main] DEBUG o.h.engine.internal.TwoPhaseLoad - Done materializing entity [edu.ncsu.csc.itrust2.models.persistent.ICDCode#29]
00:47:46.787 [main] DEBUG o.h.engine.internal.TwoPhaseLoad - Resolving associations for [edu.ncsu.csc.itrust2.models.persistent.Diagnosis#37]
00:47:46.787 [main] DEBUG o.h.engine.internal.TwoPhaseLoad - Done materializing entity [edu.ncsu.csc.itrust2.models.persistent.Diagnosis#37]
00:47:46.787 [main] DEBUG o.h.e.l.i.CollectionLoadContext - 1 collections were found in result set for role: edu.ncsu.csc.itrust2.models.persistent.OfficeVisit.prescriptions
00:47:46.787 [main] DEBUG o.h.e.l.i.CollectionLoadContext - Collection fully initialized: [edu.ncsu.csc.itrust2.models.persistent.OfficeVisit.prescriptions#33]
00:47:46.788 [main] DEBUG o.h.e.l.i.CollectionLoadContext - 1 collections initialized for role: edu.ncsu.csc.itrust2.models.persistent.OfficeVisit.prescriptions
00:47:46.788 [main] DEBUG o.h.e.t.internal.TransactionImpl - committing
00:47:46.788 [main] DEBUG o.h.e.i.AbstractFlushingEventListener - Processing flush-time cascades
00:47:46.791 [main] DEBUG o.h.e.i.AbstractFlushingEventListener - Dirty checking collections
00:47:46.791 [main] DEBUG o.h.engine.internal.Collections - Collection found: [edu.ncsu.csc.itrust2.models.persistent.OfficeVisit.prescriptions#33], was: [edu.ncsu.csc.itrust2.models.persistent.OfficeVisit.prescriptions#33] (initialized)
00:47:46.791 [main] DEBUG o.h.e.i.AbstractFlushingEventListener - Flushed: 0 insertions, 0 updates, 2 deletions to 9 objects
00:47:46.791 [main] DEBUG o.h.e.i.AbstractFlushingEventListener - Flushed: 0 (re)creations, 0 updates, 0 removals to 1 collections
00:47:46.792 [main] DEBUG o.h.internal.util.EntityPrinter - Listing entities:
00:47:46.792 [main] DEBUG o.h.internal.util.EntityPrinter - edu.ncsu.csc.itrust2.models.persistent.ICDCode{code=T10, description=Test 10, id=27}
00:47:46.792 [main] DEBUG o.h.internal.util.EntityPrinter - edu.ncsu.csc.itrust2.models.persistent.ICDCode{code=T10, description=Test 10, id=29}
00:47:46.792 [main] DEBUG o.h.internal.util.EntityPrinter - edu.ncsu.csc.itrust2.models.persistent.BasicHealthMetrics{patientSmokingStatus=2, headCircumference=null, weight=1.0, tri=100, hdl=1, diastolic=1, systolic=1, hcp=edu.ncsu.csc.itrust2.models.persistent.User#hcp, ldl=1, houseSmokingStatus=1, patient=edu.ncsu.csc.itrust2.models.persistent.User#patient, id=32, height=1.0}
00:47:46.792 [main] DEBUG o.h.internal.util.EntityPrinter - edu.ncsu.csc.itrust2.models.persistent.OfficeVisit{date=java.util.GregorianCalendar[time=2470657800000,areFieldsSet=true,areAllFieldsSet=true,lenient=true,zone=sun.util.calendar.ZoneInfo[id="America/New_York",offset=-18000000,dstSavings=3600000,useDaylight=true,transitions=235,lastRule=java.util.SimpleTimeZone[id=America/New_York,offset=-18000000,dstSavings=3600000,useDaylight=true,startYear=0,startMode=3,startMonth=2,startDay=8,startDayOfWeek=1,startTime=7200000,startTimeMode=0,endMode=3,endMonth=10,endDay=1,endDayOfWeek=1,endTime=7200000,endTimeMode=0]],firstDayOfWeek=1,minimalDaysInFirstWeek=1,ERA=1,YEAR=2048,MONTH=3,WEEK_OF_YEAR=16,WEEK_OF_MONTH=3,DAY_OF_MONTH=16,DAY_OF_YEAR=107,DAY_OF_WEEK=5,DAY_OF_WEEK_IN_MONTH=3,AM_PM=0,HOUR=9,HOUR_OF_DAY=9,MINUTE=50,SECOND=0,MILLISECOND=0,ZONE_OFFSET=-18000000,DST_OFFSET=3600000], notes=Test office visit, hcp=edu.ncsu.csc.itrust2.models.persistent.User#hcp, patient=edu.ncsu.csc.itrust2.models.persistent.User#patient, basicHealthMetrics=edu.ncsu.csc.itrust2.models.persistent.BasicHealthMetrics#32, appointment=null, id=33, hospital=edu.ncsu.csc.itrust2.models.persistent.Hospital#iTrust Test Hospital 2, type=GENERAL_CHECKUP, prescriptions=[]}
00:47:46.792 [main] DEBUG o.h.internal.util.EntityPrinter - edu.ncsu.csc.itrust2.models.persistent.Hospital{zip=27607, address=1 iTrust Test Street, name=iTrust Test Hospital 2, state=NC}
00:47:46.792 [main] DEBUG o.h.internal.util.EntityPrinter - edu.ncsu.csc.itrust2.models.persistent.Diagnosis{note=Test diagnosis, code=edu.ncsu.csc.itrust2.models.persistent.ICDCode#27, id=35, visit=edu.ncsu.csc.itrust2.models.persistent.OfficeVisit#33}
00:47:46.792 [main] DEBUG o.h.internal.util.EntityPrinter - edu.ncsu.csc.itrust2.models.persistent.User{password=$2a$10$NORtldzZVIgePsbV4dq1Yuu4qmDM1z4NLacR.mjbUiyYGtY8/wzDS, role=ROLE_PATIENT, enabled=1, username=patient}
00:47:46.792 [main] DEBUG o.h.internal.util.EntityPrinter - edu.ncsu.csc.itrust2.models.persistent.Diagnosis{note=Second Diagnosis, code=edu.ncsu.csc.itrust2.models.persistent.ICDCode#29, id=37, visit=edu.ncsu.csc.itrust2.models.persistent.OfficeVisit#33}
00:47:46.793 [main] DEBUG o.h.internal.util.EntityPrinter - edu.ncsu.csc.itrust2.models.persistent.User{password=$2a$10$BlPgtylNXFaO.9doOuJZOey4s6t.GFaCaC54cIlB7vBJEmcRbtfF., role=ROLE_HCP, enabled=1, username=hcp}
00:47:46.793 [main] DEBUG org.hibernate.SQL - delete from Diagnoses where id=?
Hibernate: delete from Diagnoses where id=?
00:47:46.794 [main] DEBUG org.hibernate.SQL - delete from Diagnoses where id=?
Hibernate: delete from Diagnoses where id=?
00:47:46.800 [main] DEBUG o.h.e.j.internal.JdbcCoordinatorImpl - HHH000420: Closing un-released batch
00:47:46.801 [main] DEBUG o.h.e.t.internal.TransactionImpl - begin
00:47:46.803 [main] DEBUG org.hibernate.SQL - select this_.id as id1_10_12_, this_.appointment_id as appointm5_10_12_, this_.basichealthmetrics_id as basichea6_10_12_, this_.date as date2_10_12_, this_.hcp_id as hcp_id7_10_12_, this_.hospital_id as hospital8_10_12_, this_.notes as notes3_10_12_, this_.patient_id as patient_9_10_12_, this_.type as type4_10_12_, appointmen2_.id as id1_0_0_, appointmen2_.comments as comments2_0_0_, appointmen2_.date as date3_0_0_, appointmen2_.hcp_id as hcp_id6_0_0_, appointmen2_.patient_id as patient_7_0_0_, appointmen2_.status as status4_0_0_, appointmen2_.type as type5_0_0_, user3_.username as username1_15_1_, user3_.enabled as enabled2_15_1_, user3_.password as password3_15_1_, user3_.role as role4_15_1_, user4_.username as username1_15_2_, user4_.enabled as enabled2_15_2_, user4_.password as password3_15_2_, user4_.role as role4_15_2_, basichealt5_.id as id1_1_3_, basichealt5_.diastolic as diastoli2_1_3_, basichealt5_.hcp_id as hcp_id12_1_3_, basichealt5_.hdl as hdl3_1_3_, basichealt5_.headCircumference as headCirc4_1_3_, basichealt5_.height as height5_1_3_, basichealt5_.houseSmokingStatus as houseSmo6_1_3_, basichealt5_.ldl as ldl7_1_3_, basichealt5_.patient_id as patient13_1_3_, basichealt5_.patientSmokingStatus as patientS8_1_3_, basichealt5_.systolic as systolic9_1_3_, basichealt5_.tri as tri10_1_3_, basichealt5_.weight as weight11_1_3_, user6_.username as username1_15_4_, user6_.enabled as enabled2_15_4_, user6_.password as password3_15_4_, user6_.role as role4_15_4_, user7_.username as username1_15_5_, user7_.enabled as enabled2_15_5_, user7_.password as password3_15_5_, user7_.role as role4_15_5_, user8_.username as username1_15_6_, user8_.enabled as enabled2_15_6_, user8_.password as password3_15_6_, user8_.role as role4_15_6_, hospital9_.name as name1_4_7_, hospital9_.address as address2_4_7_, hospital9_.state as state3_4_7_, hospital9_.zip as zip4_4_7_, user10_.username as username1_15_8_, user10_.enabled as enabled2_15_8_, user10_.password as password3_15_8_, user10_.role as role4_15_8_, prescripti11_.prescriptions_id as prescrip8_14_14_, prescripti11_.id as id1_14_14_, prescripti11_.id as id1_14_9_, prescripti11_.dosage as dosage2_14_9_, prescripti11_.drug_id as drug_id6_14_9_, prescripti11_.endDate as endDate3_14_9_, prescripti11_.patient_id as patient_7_14_9_, prescripti11_.renewals as renewals4_14_9_, prescripti11_.startDate as startDat5_14_9_, drug12_.id as id1_3_10_, drug12_.code as code2_3_10_, drug12_.description as descript3_3_10_, drug12_.name as name4_3_10_, user13_.username as username1_15_11_, user13_.enabled as enabled2_15_11_, user13_.password as password3_15_11_, user13_.role as role4_15_11_ from OfficeVisits this_ left outer join AppointmentRequests appointmen2_ on this_.appointment_id=appointmen2_.id left outer join Users user3_ on appointmen2_.hcp_id=user3_.username left outer join Users user4_ on appointmen2_.patient_id=user4_.username left outer join BasicHealthMetrics basichealt5_ on this_.basichealthmetrics_id=basichealt5_.id left outer join Users user6_ on basichealt5_.hcp_id=user6_.username left outer join Users user7_ on basichealt5_.patient_id=user7_.username inner join Users user8_ on this_.hcp_id=user8_.username inner join Hospitals hospital9_ on this_.hospital_id=hospital9_.name inner join Users user10_ on this_.patient_id=user10_.username left outer join Prescriptions prescripti11_ on this_.id=prescripti11_.prescriptions_id left outer join Drugs drug12_ on prescripti11_.drug_id=drug12_.id left outer join Users user13_ on prescripti11_.patient_id=user13_.username
Hibernate: select this_.id as id1_10_12_, this_.appointment_id as appointm5_10_12_, this_.basichealthmetrics_id as basichea6_10_12_, this_.date as date2_10_12_, this_.hcp_id as hcp_id7_10_12_, this_.hospital_id as hospital8_10_12_, this_.notes as notes3_10_12_, this_.patient_id as patient_9_10_12_, this_.type as type4_10_12_, appointmen2_.id as id1_0_0_, appointmen2_.comments as comments2_0_0_, appointmen2_.date as date3_0_0_, appointmen2_.hcp_id as hcp_id6_0_0_, appointmen2_.patient_id as patient_7_0_0_, appointmen2_.status as status4_0_0_, appointmen2_.type as type5_0_0_, user3_.username as username1_15_1_, user3_.enabled as enabled2_15_1_, user3_.password as password3_15_1_, user3_.role as role4_15_1_, user4_.username as username1_15_2_, user4_.enabled as enabled2_15_2_, user4_.password as password3_15_2_, user4_.role as role4_15_2_, basichealt5_.id as id1_1_3_, basichealt5_.diastolic as diastoli2_1_3_, basichealt5_.hcp_id as hcp_id12_1_3_, basichealt5_.hdl as hdl3_1_3_, basichealt5_.headCircumference as headCirc4_1_3_, basichealt5_.height as height5_1_3_, basichealt5_.houseSmokingStatus as houseSmo6_1_3_, basichealt5_.ldl as ldl7_1_3_, basichealt5_.patient_id as patient13_1_3_, basichealt5_.patientSmokingStatus as patientS8_1_3_, basichealt5_.systolic as systolic9_1_3_, basichealt5_.tri as tri10_1_3_, basichealt5_.weight as weight11_1_3_, user6_.username as username1_15_4_, user6_.enabled as enabled2_15_4_, user6_.password as password3_15_4_, user6_.role as role4_15_4_, user7_.username as username1_15_5_, user7_.enabled as enabled2_15_5_, user7_.password as password3_15_5_, user7_.role as role4_15_5_, user8_.username as username1_15_6_, user8_.enabled as enabled2_15_6_, user8_.password as password3_15_6_, user8_.role as role4_15_6_, hospital9_.name as name1_4_7_, hospital9_.address as address2_4_7_, hospital9_.state as state3_4_7_, hospital9_.zip as zip4_4_7_, user10_.username as username1_15_8_, user10_.enabled as enabled2_15_8_, user10_.password as password3_15_8_, user10_.role as role4_15_8_, prescripti11_.prescriptions_id as prescrip8_14_14_, prescripti11_.id as id1_14_14_, prescripti11_.id as id1_14_9_, prescripti11_.dosage as dosage2_14_9_, prescripti11_.drug_id as drug_id6_14_9_, prescripti11_.endDate as endDate3_14_9_, prescripti11_.patient_id as patient_7_14_9_, prescripti11_.renewals as renewals4_14_9_, prescripti11_.startDate as startDat5_14_9_, drug12_.id as id1_3_10_, drug12_.code as code2_3_10_, drug12_.description as descript3_3_10_, drug12_.name as name4_3_10_, user13_.username as username1_15_11_, user13_.enabled as enabled2_15_11_, user13_.password as password3_15_11_, user13_.role as role4_15_11_ from OfficeVisits this_ left outer join AppointmentRequests appointmen2_ on this_.appointment_id=appointmen2_.id left outer join Users user3_ on appointmen2_.hcp_id=user3_.username left outer join Users user4_ on appointmen2_.patient_id=user4_.username left outer join BasicHealthMetrics basichealt5_ on this_.basichealthmetrics_id=basichealt5_.id left outer join Users user6_ on basichealt5_.hcp_id=user6_.username left outer join Users user7_ on basichealt5_.patient_id=user7_.username inner join Users user8_ on this_.hcp_id=user8_.username inner join Hospitals hospital9_ on this_.hospital_id=hospital9_.name inner join Users user10_ on this_.patient_id=user10_.username left outer join Prescriptions prescripti11_ on this_.id=prescripti11_.prescriptions_id left outer join Drugs drug12_ on prescripti11_.drug_id=drug12_.id left outer join Users user13_ on prescripti11_.patient_id=user13_.username
00:47:46.810 [main] DEBUG org.hibernate.loader.Loader - Result set row: 0
00:47:46.811 [main] DEBUG org.hibernate.loader.Loader - Result row: null, null, null, EntityKey[edu.ncsu.csc.itrust2.models.persistent.BasicHealthMetrics#32], EntityKey[edu.ncsu.csc.itrust2.models.persistent.User#hcp], EntityKey[edu.ncsu.csc.itrust2.models.persistent.User#patient], EntityKey[edu.ncsu.csc.itrust2.models.persistent.User#hcp], EntityKey[edu.ncsu.csc.itrust2.models.persistent.Hospital#iTrust Test Hospital 2], EntityKey[edu.ncsu.csc.itrust2.models.persistent.User#patient], null, null, null, EntityKey[edu.ncsu.csc.itrust2.models.persistent.OfficeVisit#33]
00:47:46.812 [main] DEBUG org.hibernate.loader.Loader - Result set contains (possibly empty) collection: [edu.ncsu.csc.itrust2.models.persistent.OfficeVisit.prescriptions#33]
00:47:46.826 [main] DEBUG o.h.engine.internal.TwoPhaseLoad - Resolving associations for [edu.ncsu.csc.itrust2.models.persistent.BasicHealthMetrics#32]
00:47:46.826 [main] DEBUG o.h.engine.internal.TwoPhaseLoad - Done materializing entity [edu.ncsu.csc.itrust2.models.persistent.BasicHealthMetrics#32]
00:47:46.826 [main] DEBUG o.h.engine.internal.TwoPhaseLoad - Resolving associations for [edu.ncsu.csc.itrust2.models.persistent.User#hcp]
00:47:46.826 [main] DEBUG o.h.engine.internal.TwoPhaseLoad - Done materializing entity [edu.ncsu.csc.itrust2.models.persistent.User#hcp]
00:47:46.827 [main] DEBUG o.h.engine.internal.TwoPhaseLoad - Resolving associations for [edu.ncsu.csc.itrust2.models.persistent.User#patient]
00:47:46.827 [main] DEBUG o.h.engine.internal.TwoPhaseLoad - Done materializing entity [edu.ncsu.csc.itrust2.models.persistent.User#patient]
00:47:46.827 [main] DEBUG o.h.engine.internal.TwoPhaseLoad - Resolving associations for [edu.ncsu.csc.itrust2.models.persistent.Hospital#iTrust Test Hospital 2]
00:47:46.827 [main] DEBUG o.h.engine.internal.TwoPhaseLoad - Done materializing entity [edu.ncsu.csc.itrust2.models.persistent.Hospital#iTrust Test Hospital 2]
00:47:46.827 [main] DEBUG o.h.engine.internal.TwoPhaseLoad - Resolving associations for [edu.ncsu.csc.itrust2.models.persistent.OfficeVisit#33]
00:47:46.827 [main] DEBUG o.h.engine.internal.TwoPhaseLoad - Done materializing entity [edu.ncsu.csc.itrust2.models.persistent.OfficeVisit#33]
00:47:46.827 [main] DEBUG o.h.e.l.i.CollectionLoadContext - 1 collections were found in result set for role: edu.ncsu.csc.itrust2.models.persistent.OfficeVisit.prescriptions
00:47:46.827 [main] DEBUG o.h.e.l.i.CollectionLoadContext - Collection fully initialized: [edu.ncsu.csc.itrust2.models.persistent.OfficeVisit.prescriptions#33]
00:47:46.827 [main] DEBUG o.h.e.l.i.CollectionLoadContext - 1 collections initialized for role: edu.ncsu.csc.itrust2.models.persistent.OfficeVisit.prescriptions
00:47:46.828 [main] DEBUG o.h.e.t.internal.TransactionImpl - committing
00:47:46.828 [main] DEBUG o.h.e.i.AbstractFlushingEventListener - Processing flush-time cascades
00:47:46.829 [main] DEBUG o.h.e.i.AbstractFlushingEventListener - Dirty checking collections
00:47:46.829 [main] DEBUG o.h.engine.internal.Collections - Collection dereferenced: [edu.ncsu.csc.itrust2.models.persistent.OfficeVisit.prescriptions#33]
00:47:46.829 [main] DEBUG o.h.e.i.AbstractFlushingEventListener - Flushed: 0 insertions, 0 updates, 1 deletions to 5 objects
00:47:46.830 [main] DEBUG o.h.e.i.AbstractFlushingEventListener - Flushed: 0 (re)creations, 0 updates, 1 removals to 1 collections
00:47:46.830 [main] DEBUG o.h.internal.util.EntityPrinter - Listing entities:
00:47:46.830 [main] DEBUG o.h.internal.util.EntityPrinter - edu.ncsu.csc.itrust2.models.persistent.User{password=$2a$10$NORtldzZVIgePsbV4dq1Yuu4qmDM1z4NLacR.mjbUiyYGtY8/wzDS, role=ROLE_PATIENT, enabled=1, username=patient}
00:47:46.830 [main] DEBUG o.h.internal.util.EntityPrinter - edu.ncsu.csc.itrust2.models.persistent.User{password=$2a$10$BlPgtylNXFaO.9doOuJZOey4s6t.GFaCaC54cIlB7vBJEmcRbtfF., role=ROLE_HCP, enabled=1, username=hcp}
00:47:46.830 [main] DEBUG o.h.internal.util.EntityPrinter - edu.ncsu.csc.itrust2.models.persistent.BasicHealthMetrics{patientSmokingStatus=2, headCircumference=null, weight=1.0, tri=100, hdl=1, diastolic=1, systolic=1, hcp=edu.ncsu.csc.itrust2.models.persistent.User#hcp, ldl=1, houseSmokingStatus=1, patient=edu.ncsu.csc.itrust2.models.persistent.User#patient, id=32, height=1.0}
00:47:46.830 [main] DEBUG o.h.internal.util.EntityPrinter - edu.ncsu.csc.itrust2.models.persistent.OfficeVisit{date=java.util.GregorianCalendar[time=2470657800000,areFieldsSet=true,areAllFieldsSet=true,lenient=true,zone=sun.util.calendar.ZoneInfo[id="America/New_York",offset=-18000000,dstSavings=3600000,useDaylight=true,transitions=235,lastRule=java.util.SimpleTimeZone[id=America/New_York,offset=-18000000,dstSavings=3600000,useDaylight=true,startYear=0,startMode=3,startMonth=2,startDay=8,startDayOfWeek=1,startTime=7200000,startTimeMode=0,endMode=3,endMonth=10,endDay=1,endDayOfWeek=1,endTime=7200000,endTimeMode=0]],firstDayOfWeek=1,minimalDaysInFirstWeek=1,ERA=1,YEAR=2048,MONTH=3,WEEK_OF_YEAR=16,WEEK_OF_MONTH=3,DAY_OF_MONTH=16,DAY_OF_YEAR=107,DAY_OF_WEEK=5,DAY_OF_WEEK_IN_MONTH=3,AM_PM=0,HOUR=9,HOUR_OF_DAY=9,MINUTE=50,SECOND=0,MILLISECOND=0,ZONE_OFFSET=-18000000,DST_OFFSET=3600000], notes=Test office visit, hcp=edu.ncsu.csc.itrust2.models.persistent.User#hcp, patient=edu.ncsu.csc.itrust2.models.persistent.User#patient, basicHealthMetrics=edu.ncsu.csc.itrust2.models.persistent.BasicHealthMetrics#32, appointment=null, id=33, hospital=edu.ncsu.csc.itrust2.models.persistent.Hospital#iTrust Test Hospital 2, type=GENERAL_CHECKUP, prescriptions=[]}
00:47:46.830 [main] DEBUG o.h.internal.util.EntityPrinter - edu.ncsu.csc.itrust2.models.persistent.Hospital{zip=27607, address=1 iTrust Test Street, name=iTrust Test Hospital 2, state=NC}
00:47:46.830 [main] DEBUG org.hibernate.SQL - delete from OfficeVisits where id=?
Hibernate: delete from OfficeVisits where id=?
00:47:46.922 [main] DEBUG o.h.e.j.internal.JdbcCoordinatorImpl - HHH000420: Closing un-released batch
00:47:46.923 [main] DEBUG o.s.t.w.s.TestDispatcherServlet - Null ModelAndView returned to DispatcherServlet with name '': assuming HandlerAdapter completed request handling
00:47:46.923 [main] DEBUG o.s.t.w.s.TestDispatcherServlet - Successfully completed request
00:47:46.924 [main] DEBUG o.s.t.w.s.TestDispatcherServlet - DispatcherServlet with name '' processing POST request for [/api/v1/officevisits]
00:47:46.924 [main] DEBUG o.s.w.s.m.m.a.RequestMappingHandlerMapping - Looking up handler method for path /api/v1/officevisits
00:47:46.924 [main] DEBUG o.s.w.s.m.m.a.RequestMappingHandlerMapping - Returning handler method [public org.springframework.http.ResponseEntity edu.ncsu.csc.itrust2.controllers.api.APIOfficeVisitController.createOfficeVisit(edu.ncsu.csc.itrust2.forms.hcp.OfficeVisitForm)]
00:47:46.924 [main] DEBUG o.s.b.f.s.DefaultListableBeanFactory - Returning cached instance of singleton bean 'APIOfficeVisitController'
00:47:46.925 [main] DEBUG o.s.w.s.m.m.a.RequestResponseBodyMethodProcessor - Read [class edu.ncsu.csc.itrust2.forms.hcp.OfficeVisitForm] as "application/json" with [org.springframework.http.converter.json.GsonHttpMessageConverter@2a71d462]
00:47:46.925 [main] DEBUG o.h.e.t.internal.TransactionImpl - begin
00:47:46.932 [main] DEBUG org.hibernate.SQL - select this_.username as username1_15_0_, this_.enabled as enabled2_15_0_, this_.password as password3_15_0_, this_.role as role4_15_0_ from Users this_ where this_.username=? and this_.role=?
Hibernate: select this_.username as username1_15_0_, this_.enabled as enabled2_15_0_, this_.password as password3_15_0_, this_.role as role4_15_0_ from Users this_ where this_.username=? and this_.role=?
00:47:46.934 [main] DEBUG org.hibernate.loader.Loader - Result set row: 0
00:47:46.934 [main] DEBUG org.hibernate.loader.Loader - Result row: EntityKey[edu.ncsu.csc.itrust2.models.persistent.User#patient]
00:47:46.934 [main] DEBUG o.h.engine.internal.TwoPhaseLoad - Resolving associations for [edu.ncsu.csc.itrust2.models.persistent.User#patient]
00:47:46.935 [main] DEBUG o.h.engine.internal.TwoPhaseLoad - Done materializing entity [edu.ncsu.csc.itrust2.models.persistent.User#patient]
00:47:46.935 [main] DEBUG o.h.e.t.internal.TransactionImpl - committing
00:47:46.935 [main] DEBUG o.h.e.i.AbstractFlushingEventListener - Processing flush-time cascades
00:47:46.935 [main] DEBUG o.h.e.i.AbstractFlushingEventListener - Dirty checking collections
00:47:46.935 [main] DEBUG o.h.e.i.AbstractFlushingEventListener - Flushed: 0 insertions, 0 updates, 0 deletions to 1 objects
00:47:46.935 [main] DEBUG o.h.e.i.AbstractFlushingEventListener - Flushed: 0 (re)creations, 0 updates, 0 removals to 0 collections
00:47:46.935 [main] DEBUG o.h.internal.util.EntityPrinter - Listing entities:
00:47:46.935 [main] DEBUG o.h.internal.util.EntityPrinter - edu.ncsu.csc.itrust2.models.persistent.User{password=$2a$10$NORtldzZVIgePsbV4dq1Yuu4qmDM1z4NLacR.mjbUiyYGtY8/wzDS, role=ROLE_PATIENT, enabled=1, username=patient}
00:47:46.942 [main] DEBUG o.h.e.t.internal.TransactionImpl - begin
00:47:46.946 [main] DEBUG org.hibernate.SQL - select this_.username as username1_15_0_, this_.enabled as enabled2_15_0_, this_.password as password3_15_0_, this_.role as role4_15_0_ from Users this_ where this_.username=? and this_.role=?
Hibernate: select this_.username as username1_15_0_, this_.enabled as enabled2_15_0_, this_.password as password3_15_0_, this_.role as role4_15_0_ from Users this_ where this_.username=? and this_.role=?
00:47:46.947 [main] DEBUG org.hibernate.loader.Loader - Result set row: 0
00:47:46.947 [main] DEBUG org.hibernate.loader.Loader - Result row: EntityKey[edu.ncsu.csc.itrust2.models.persistent.User#hcp]
00:47:46.947 [main] DEBUG o.h.engine.internal.TwoPhaseLoad - Resolving associations for [edu.ncsu.csc.itrust2.models.persistent.User#hcp]
00:47:46.947 [main] DEBUG o.h.engine.internal.TwoPhaseLoad - Done materializing entity [edu.ncsu.csc.itrust2.models.persistent.User#hcp]
00:47:46.947 [main] DEBUG o.h.e.t.internal.TransactionImpl - committing
00:47:46.947 [main] DEBUG o.h.e.i.AbstractFlushingEventListener - Processing flush-time cascades
00:47:46.948 [main] DEBUG o.h.e.i.AbstractFlushingEventListener - Dirty checking collections
00:47:46.948 [main] DEBUG o.h.e.i.AbstractFlushingEventListener - Flushed: 0 insertions, 0 updates, 0 deletions to 1 objects
00:47:46.948 [main] DEBUG o.h.e.i.AbstractFlushingEventListener - Flushed: 0 (re)creations, 0 updates, 0 removals to 0 collections
00:47:46.948 [main] DEBUG o.h.internal.util.EntityPrinter - Listing entities:
00:47:46.948 [main] DEBUG o.h.internal.util.EntityPrinter - edu.ncsu.csc.itrust2.models.persistent.User{password=$2a$10$BlPgtylNXFaO.9doOuJZOey4s6t.GFaCaC54cIlB7vBJEmcRbtfF., role=ROLE_HCP, enabled=1, username=hcp}
00:47:46.955 [main] DEBUG o.h.e.t.internal.TransactionImpl - begin
00:47:46.956 [main] DEBUG org.hibernate.SQL - select this_.name as name1_4_0_, this_.address as address2_4_0_, this_.state as state3_4_0_, this_.zip as zip4_4_0_ from Hospitals this_ where this_.name=?
Hibernate: select this_.name as name1_4_0_, this_.address as address2_4_0_, this_.state as state3_4_0_, this_.zip as zip4_4_0_ from Hospitals this_ where this_.name=?
00:47:46.957 [main] DEBUG org.hibernate.loader.Loader - Result set row: 0
00:47:46.966 [main] DEBUG org.hibernate.loader.Loader - Result row: EntityKey[edu.ncsu.csc.itrust2.models.persistent.Hospital#iTrust Test Hospital 2]
00:47:46.967 [main] DEBUG o.h.engine.internal.TwoPhaseLoad - Resolving associations for [edu.ncsu.csc.itrust2.models.persistent.Hospital#iTrust Test Hospital 2]
00:47:46.967 [main] DEBUG o.h.engine.internal.TwoPhaseLoad - Done materializing entity [edu.ncsu.csc.itrust2.models.persistent.Hospital#iTrust Test Hospital 2]
00:47:46.967 [main] DEBUG o.h.e.t.internal.TransactionImpl - committing
00:47:46.968 [main] DEBUG o.h.e.i.AbstractFlushingEventListener - Processing flush-time cascades
00:47:46.968 [main] DEBUG o.h.e.i.AbstractFlushingEventListener - Dirty checking collections
00:47:46.968 [main] DEBUG o.h.e.i.AbstractFlushingEventListener - Flushed: 0 insertions, 0 updates, 0 deletions to 1 objects
00:47:46.968 [main] DEBUG o.h.e.i.AbstractFlushingEventListener - Flushed: 0 (re)creations, 0 updates, 0 removals to 0 collections
00:47:46.968 [main] DEBUG o.h.internal.util.EntityPrinter - Listing entities:
00:47:46.968 [main] DEBUG o.h.internal.util.EntityPrinter - edu.ncsu.csc.itrust2.models.persistent.Hospital{zip=27607, address=1 iTrust Test Street, name=iTrust Test Hospital 2, state=NC}
00:47:46.974 [main] DEBUG o.h.e.t.internal.TransactionImpl - begin
00:47:46.976 [main] DEBUG org.hibernate.SQL - select this_.username as username1_15_0_, this_.enabled as enabled2_15_0_, this_.password as password3_15_0_, this_.role as role4_15_0_ from Users this_ where this_.username=? and this_.role=?
Hibernate: select this_.username as username1_15_0_, this_.enabled as enabled2_15_0_, this_.password as password3_15_0_, this_.role as role4_15_0_ from Users this_ where this_.username=? and this_.role=?
00:47:46.976 [main] DEBUG org.hibernate.loader.Loader - Result set row: 0
00:47:46.977 [main] DEBUG org.hibernate.loader.Loader - Result row: EntityKey[edu.ncsu.csc.itrust2.models.persistent.User#patient]
00:47:46.977 [main] DEBUG o.h.engine.internal.TwoPhaseLoad - Resolving associations for [edu.ncsu.csc.itrust2.models.persistent.User#patient]
00:47:46.977 [main] DEBUG o.h.engine.internal.TwoPhaseLoad - Done materializing entity [edu.ncsu.csc.itrust2.models.persistent.User#patient]
00:47:46.977 [main] DEBUG o.h.e.t.internal.TransactionImpl - committing
00:47:46.977 [main] DEBUG o.h.e.i.AbstractFlushingEventListener - Processing flush-time cascades
00:47:46.978 [main] DEBUG o.h.e.i.AbstractFlushingEventListener - Dirty checking collections
00:47:46.978 [main] DEBUG o.h.e.i.AbstractFlushingEventListener - Flushed: 0 insertions, 0 updates, 0 deletions to 1 objects
00:47:46.978 [main] DEBUG o.h.e.i.AbstractFlushingEventListener - Flushed: 0 (re)creations, 0 updates, 0 removals to 0 collections
00:47:46.978 [main] DEBUG o.h.internal.util.EntityPrinter - Listing entities:
00:47:46.978 [main] DEBUG o.h.internal.util.EntityPrinter - edu.ncsu.csc.itrust2.models.persistent.User{password=$2a$10$NORtldzZVIgePsbV4dq1Yuu4qmDM1z4NLacR.mjbUiyYGtY8/wzDS, role=ROLE_PATIENT, enabled=1, username=patient}
00:47:46.979 [main] DEBUG o.h.e.t.internal.TransactionImpl - begin
00:47:46.980 [main] DEBUG org.hibernate.SQL - select this_.username as username1_15_0_, this_.enabled as enabled2_15_0_, this_.password as password3_15_0_, this_.role as role4_15_0_ from Users this_ where this_.username=? and this_.role=?
Hibernate: select this_.username as username1_15_0_, this_.enabled as enabled2_15_0_, this_.password as password3_15_0_, this_.role as role4_15_0_ from Users this_ where this_.username=? and this_.role=?
00:47:46.980 [main] DEBUG org.hibernate.loader.Loader - Result set row: 0
00:47:46.980 [main] DEBUG org.hibernate.loader.Loader - Result row: EntityKey[edu.ncsu.csc.itrust2.models.persistent.User#hcp]
00:47:46.980 [main] DEBUG o.h.engine.internal.TwoPhaseLoad - Resolving associations for [edu.ncsu.csc.itrust2.models.persistent.User#hcp]
00:47:46.987 [main] DEBUG o.h.engine.internal.TwoPhaseLoad - Done materializing entity [edu.ncsu.csc.itrust2.models.persistent.User#hcp]
00:47:46.994 [main] DEBUG o.h.e.t.internal.TransactionImpl - committing
00:47:46.994 [main] DEBUG o.h.e.i.AbstractFlushingEventListener - Processing flush-time cascades
00:47:46.994 [main] DEBUG o.h.e.i.AbstractFlushingEventListener - Dirty checking collections
00:47:46.995 [main] DEBUG o.h.e.i.AbstractFlushingEventListener - Flushed: 0 insertions, 0 updates, 0 deletions to 1 objects
00:47:46.995 [main] DEBUG o.h.e.i.AbstractFlushingEventListener - Flushed: 0 (re)creations, 0 updates, 0 removals to 0 collections
00:47:46.995 [main] DEBUG o.h.internal.util.EntityPrinter - Listing entities:
00:47:46.995 [main] DEBUG o.h.internal.util.EntityPrinter - edu.ncsu.csc.itrust2.models.persistent.User{password=$2a$10$BlPgtylNXFaO.9doOuJZOey4s6t.GFaCaC54cIlB7vBJEmcRbtfF., role=ROLE_HCP, enabled=1, username=hcp}
00:47:46.995 [main] DEBUG o.h.e.t.internal.TransactionImpl - begin
00:47:46.996 [main] DEBUG org.hibernate.SQL - select this_.username as username1_15_0_, this_.enabled as enabled2_15_0_, this_.password as password3_15_0_, this_.role as role4_15_0_ from Users this_ where this_.username=? and this_.role=?
Hibernate: select this_.username as username1_15_0_, this_.enabled as enabled2_15_0_, this_.password as password3_15_0_, this_.role as role4_15_0_ from Users this_ where this_.username=? and this_.role=?
00:47:47.007 [main] DEBUG org.hibernate.loader.Loader - Result set row: 0
00:47:47.007 [main] DEBUG org.hibernate.loader.Loader - Result row: EntityKey[edu.ncsu.csc.itrust2.models.persistent.User#patient]
00:47:47.007 [main] DEBUG o.h.engine.internal.TwoPhaseLoad - Resolving associations for [edu.ncsu.csc.itrust2.models.persistent.User#patient]
00:47:47.007 [main] DEBUG o.h.engine.internal.TwoPhaseLoad - Done materializing entity [edu.ncsu.csc.itrust2.models.persistent.User#patient]
00:47:47.008 [main] DEBUG o.h.e.t.internal.TransactionImpl - committing
00:47:47.008 [main] DEBUG o.h.e.i.AbstractFlushingEventListener - Processing flush-time cascades
00:47:47.008 [main] DEBUG o.h.e.i.AbstractFlushingEventListener - Dirty checking collections
00:47:47.008 [main] DEBUG o.h.e.i.AbstractFlushingEventListener - Flushed: 0 insertions, 0 updates, 0 deletions to 1 objects
00:47:47.008 [main] DEBUG o.h.e.i.AbstractFlushingEventListener - Flushed: 0 (re)creations, 0 updates, 0 removals to 0 collections
00:47:47.008 [main] DEBUG o.h.internal.util.EntityPrinter - Listing entities:
00:47:47.008 [main] DEBUG o.h.internal.util.EntityPrinter - edu.ncsu.csc.itrust2.models.persistent.User{password=$2a$10$NORtldzZVIgePsbV4dq1Yuu4qmDM1z4NLacR.mjbUiyYGtY8/wzDS, role=ROLE_PATIENT, enabled=1, username=patient}
00:47:47.009 [main] DEBUG o.h.e.t.internal.TransactionImpl - begin
00:47:47.010 [main] DEBUG org.hibernate.SQL - select this_.self_id as self_id18_12_2_, this_.address1 as address1_12_2_, this_.address2 as address2_12_2_, this_.bloodType as bloodTyp3_12_2_, this_.causeOfDeath as causeOfD4_12_2_, this_.city as city5_12_2_, this_.dateOfBirth as dateOfBi6_12_2_, this_.dateOfDeath as dateOfDe7_12_2_, this_.email as email8_12_2_, this_.ethnicity as ethnicit9_12_2_, this_.father_id as father_19_12_2_, this_.firstName as firstNa10_12_2_, this_.gender as gender11_12_2_, this_.id as id12_12_2_, this_.lastName as lastNam13_12_2_, this_.mother_id as mother_20_12_2_, this_.phone as phone14_12_2_, this_.preferredName as preferr15_12_2_, this_.state as state16_12_2_, this_.zip as zip17_12_2_, user2_.username as username1_15_0_, user2_.enabled as enabled2_15_0_, user2_.password as password3_15_0_, user2_.role as role4_15_0_, user3_.username as username1_15_1_, user3_.enabled as enabled2_15_1_, user3_.password as password3_15_1_, user3_.role as role4_15_1_ from Patients this_ left outer join Users user2_ on this_.father_id=user2_.username left outer join Users user3_ on this_.mother_id=user3_.username where this_.self_id=?
Hibernate: select this_.self_id as self_id18_12_2_, this_.address1 as address1_12_2_, this_.address2 as address2_12_2_, this_.bloodType as bloodTyp3_12_2_, this_.causeOfDeath as causeOfD4_12_2_, this_.city as city5_12_2_, this_.dateOfBirth as dateOfBi6_12_2_, this_.dateOfDeath as dateOfDe7_12_2_, this_.email as email8_12_2_, this_.ethnicity as ethnicit9_12_2_, this_.father_id as father_19_12_2_, this_.firstName as firstNa10_12_2_, this_.gender as gender11_12_2_, this_.id as id12_12_2_, this_.lastName as lastNam13_12_2_, this_.mother_id as mother_20_12_2_, this_.phone as phone14_12_2_, this_.preferredName as preferr15_12_2_, this_.state as state16_12_2_, this_.zip as zip17_12_2_, user2_.username as username1_15_0_, user2_.enabled as enabled2_15_0_, user2_.password as password3_15_0_, user2_.role as role4_15_0_, user3_.username as username1_15_1_, user3_.enabled as enabled2_15_1_, user3_.password as password3_15_1_, user3_.role as role4_15_1_ from Patients this_ left outer join Users user2_ on this_.father_id=user2_.username left outer join Users user3_ on this_.mother_id=user3_.username where this_.self_id=?
00:47:47.011 [main] DEBUG o.h.e.t.internal.TransactionImpl - committing
00:47:47.027 [main] DEBUG o.h.e.t.internal.TransactionImpl - begin
00:47:47.031 [main] DEBUG org.hibernate.SQL - select this_.id as id1_10_12_, this_.appointment_id as appointm5_10_12_, this_.basichealthmetrics_id as basichea6_10_12_, this_.date as date2_10_12_, this_.hcp_id as hcp_id7_10_12_, this_.hospital_id as hospital8_10_12_, this_.notes as notes3_10_12_, this_.patient_id as patient_9_10_12_, this_.type as type4_10_12_, appointmen2_.id as id1_0_0_, appointmen2_.comments as comments2_0_0_, appointmen2_.date as date3_0_0_, appointmen2_.hcp_id as hcp_id6_0_0_, appointmen2_.patient_id as patient_7_0_0_, appointmen2_.status as status4_0_0_, appointmen2_.type as type5_0_0_, user3_.username as username1_15_1_, user3_.enabled as enabled2_15_1_, user3_.password as password3_15_1_, user3_.role as role4_15_1_, user4_.username as username1_15_2_, user4_.enabled as enabled2_15_2_, user4_.password as password3_15_2_, user4_.role as role4_15_2_, basichealt5_.id as id1_1_3_, basichealt5_.diastolic as diastoli2_1_3_, basichealt5_.hcp_id as hcp_id12_1_3_, basichealt5_.hdl as hdl3_1_3_, basichealt5_.headCircumference as headCirc4_1_3_, basichealt5_.height as height5_1_3_, basichealt5_.houseSmokingStatus as houseSmo6_1_3_, basichealt5_.ldl as ldl7_1_3_, basichealt5_.patient_id as patient13_1_3_, basichealt5_.patientSmokingStatus as patientS8_1_3_, basichealt5_.systolic as systolic9_1_3_, basichealt5_.tri as tri10_1_3_, basichealt5_.weight as weight11_1_3_, user6_.username as username1_15_4_, user6_.enabled as enabled2_15_4_, user6_.password as password3_15_4_, user6_.role as role4_15_4_, user7_.username as username1_15_5_, user7_.enabled as enabled2_15_5_, user7_.password as password3_15_5_, user7_.role as role4_15_5_, user8_.username as username1_15_6_, user8_.enabled as enabled2_15_6_, user8_.password as password3_15_6_, user8_.role as role4_15_6_, hospital9_.name as name1_4_7_, hospital9_.address as address2_4_7_, hospital9_.state as state3_4_7_, hospital9_.zip as zip4_4_7_, user10_.username as username1_15_8_, user10_.enabled as enabled2_15_8_, user10_.password as password3_15_8_, user10_.role as role4_15_8_, prescripti11_.prescriptions_id as prescrip8_14_14_, prescripti11_.id as id1_14_14_, prescripti11_.id as id1_14_9_, prescripti11_.dosage as dosage2_14_9_, prescripti11_.drug_id as drug_id6_14_9_, prescripti11_.endDate as endDate3_14_9_, prescripti11_.patient_id as patient_7_14_9_, prescripti11_.renewals as renewals4_14_9_, prescripti11_.startDate as startDat5_14_9_, drug12_.id as id1_3_10_, drug12_.code as code2_3_10_, drug12_.description as descript3_3_10_, drug12_.name as name4_3_10_, user13_.username as username1_15_11_, user13_.enabled as enabled2_15_11_, user13_.password as password3_15_11_, user13_.role as role4_15_11_ from OfficeVisits this_ left outer join AppointmentRequests appointmen2_ on this_.appointment_id=appointmen2_.id left outer join Users user3_ on appointmen2_.hcp_id=user3_.username left outer join Users user4_ on appointmen2_.patient_id=user4_.username left outer join BasicHealthMetrics basichealt5_ on this_.basichealthmetrics_id=basichealt5_.id left outer join Users user6_ on basichealt5_.hcp_id=user6_.username left outer join Users user7_ on basichealt5_.patient_id=user7_.username inner join Users user8_ on this_.hcp_id=user8_.username inner join Hospitals hospital9_ on this_.hospital_id=hospital9_.name inner join Users user10_ on this_.patient_id=user10_.username left outer join Prescriptions prescripti11_ on this_.id=prescripti11_.prescriptions_id left outer join Drugs drug12_ on prescripti11_.drug_id=drug12_.id left outer join Users user13_ on prescripti11_.patient_id=user13_.username where this_.id=?
Hibernate: select this_.id as id1_10_12_, this_.appointment_id as appointm5_10_12_, this_.basichealthmetrics_id as basichea6_10_12_, this_.date as date2_10_12_, this_.hcp_id as hcp_id7_10_12_, this_.hospital_id as hospital8_10_12_, this_.notes as notes3_10_12_, this_.patient_id as patient_9_10_12_, this_.type as type4_10_12_, appointmen2_.id as id1_0_0_, appointmen2_.comments as comments2_0_0_, appointmen2_.date as date3_0_0_, appointmen2_.hcp_id as hcp_id6_0_0_, appointmen2_.patient_id as patient_7_0_0_, appointmen2_.status as status4_0_0_, appointmen2_.type as type5_0_0_, user3_.username as username1_15_1_, user3_.enabled as enabled2_15_1_, user3_.password as password3_15_1_, user3_.role as role4_15_1_, user4_.username as username1_15_2_, user4_.enabled as enabled2_15_2_, user4_.password as password3_15_2_, user4_.role as role4_15_2_, basichealt5_.id as id1_1_3_, basichealt5_.diastolic as diastoli2_1_3_, basichealt5_.hcp_id as hcp_id12_1_3_, basichealt5_.hdl as hdl3_1_3_, basichealt5_.headCircumference as headCirc4_1_3_, basichealt5_.height as height5_1_3_, basichealt5_.houseSmokingStatus as houseSmo6_1_3_, basichealt5_.ldl as ldl7_1_3_, basichealt5_.patient_id as patient13_1_3_, basichealt5_.patientSmokingStatus as patientS8_1_3_, basichealt5_.systolic as systolic9_1_3_, basichealt5_.tri as tri10_1_3_, basichealt5_.weight as weight11_1_3_, user6_.username as username1_15_4_, user6_.enabled as enabled2_15_4_, user6_.password as password3_15_4_, user6_.role as role4_15_4_, user7_.username as username1_15_5_, user7_.enabled as enabled2_15_5_, user7_.password as password3_15_5_, user7_.role as role4_15_5_, user8_.username as username1_15_6_, user8_.enabled as enabled2_15_6_, user8_.password as password3_15_6_, user8_.role as role4_15_6_, hospital9_.name as name1_4_7_, hospital9_.address as address2_4_7_, hospital9_.state as state3_4_7_, hospital9_.zip as zip4_4_7_, user10_.username as username1_15_8_, user10_.enabled as enabled2_15_8_, user10_.password as password3_15_8_, user10_.role as role4_15_8_, prescripti11_.prescriptions_id as prescrip8_14_14_, prescripti11_.id as id1_14_14_, prescripti11_.id as id1_14_9_, prescripti11_.dosage as dosage2_14_9_, prescripti11_.drug_id as drug_id6_14_9_, prescripti11_.endDate as endDate3_14_9_, prescripti11_.patient_id as patient_7_14_9_, prescripti11_.renewals as renewals4_14_9_, prescripti11_.startDate as startDat5_14_9_, drug12_.id as id1_3_10_, drug12_.code as code2_3_10_, drug12_.description as descript3_3_10_, drug12_.name as name4_3_10_, user13_.username as username1_15_11_, user13_.enabled as enabled2_15_11_, user13_.password as password3_15_11_, user13_.role as role4_15_11_ from OfficeVisits this_ left outer join AppointmentRequests appointmen2_ on this_.appointment_id=appointmen2_.id left outer join Users user3_ on appointmen2_.hcp_id=user3_.username left outer join Users user4_ on appointmen2_.patient_id=user4_.username left outer join BasicHealthMetrics basichealt5_ on this_.basichealthmetrics_id=basichealt5_.id left outer join Users user6_ on basichealt5_.hcp_id=user6_.username left outer join Users user7_ on basichealt5_.patient_id=user7_.username inner join Users user8_ on this_.hcp_id=user8_.username inner join Hospitals hospital9_ on this_.hospital_id=hospital9_.name inner join Users user10_ on this_.patient_id=user10_.username left outer join Prescriptions prescripti11_ on this_.id=prescripti11_.prescriptions_id left outer join Drugs drug12_ on prescripti11_.drug_id=drug12_.id left outer join Users user13_ on prescripti11_.patient_id=user13_.username where this_.id=?
00:47:47.033 [main] DEBUG o.h.e.l.i.CollectionLoadContext - No collections were found in result set for role: edu.ncsu.csc.itrust2.models.persistent.OfficeVisit.prescriptions
00:47:47.033 [main] DEBUG o.h.e.t.internal.TransactionImpl - committing
00:47:47.042 [main] DEBUG o.h.e.t.internal.TransactionImpl - begin
00:47:47.043 [main] DEBUG org.hibernate.SQL - select this_.id as id1_1_2_, this_.diastolic as diastoli2_1_2_, this_.hcp_id as hcp_id12_1_2_, this_.hdl as hdl3_1_2_, this_.headCircumference as headCirc4_1_2_, this_.height as height5_1_2_, this_.houseSmokingStatus as houseSmo6_1_2_, this_.ldl as ldl7_1_2_, this_.patient_id as patient13_1_2_, this_.patientSmokingStatus as patientS8_1_2_, this_.systolic as systolic9_1_2_, this_.tri as tri10_1_2_, this_.weight as weight11_1_2_, user2_.username as username1_15_0_, user2_.enabled as enabled2_15_0_, user2_.password as password3_15_0_, user2_.role as role4_15_0_, user3_.username as username1_15_1_, user3_.enabled as enabled2_15_1_, user3_.password as password3_15_1_, user3_.role as role4_15_1_ from BasicHealthMetrics this_ inner join Users user2_ on this_.hcp_id=user2_.username inner join Users user3_ on this_.patient_id=user3_.username where this_.id=?
Hibernate: select this_.id as id1_1_2_, this_.diastolic as diastoli2_1_2_, this_.hcp_id as hcp_id12_1_2_, this_.hdl as hdl3_1_2_, this_.headCircumference as headCirc4_1_2_, this_.height as height5_1_2_, this_.houseSmokingStatus as houseSmo6_1_2_, this_.ldl as ldl7_1_2_, this_.patient_id as patient13_1_2_, this_.patientSmokingStatus as patientS8_1_2_, this_.systolic as systolic9_1_2_, this_.tri as tri10_1_2_, this_.weight as weight11_1_2_, user2_.username as username1_15_0_, user2_.enabled as enabled2_15_0_, user2_.password as password3_15_0_, user2_.role as role4_15_0_, user3_.username as username1_15_1_, user3_.enabled as enabled2_15_1_, user3_.password as password3_15_1_, user3_.role as role4_15_1_ from BasicHealthMetrics this_ inner join Users user2_ on this_.hcp_id=user2_.username inner join Users user3_ on this_.patient_id=user3_.username where this_.id=?
00:47:47.044 [main] DEBUG o.h.e.t.internal.TransactionImpl - committing
00:47:47.045 [main] DEBUG o.h.e.t.internal.TransactionImpl - begin
00:47:47.045 [main] DEBUG org.hibernate.SQL - select next_val as id_val from hibernate_sequence for update
Hibernate: select next_val as id_val from hibernate_sequence for update
00:47:47.046 [main] DEBUG org.hibernate.SQL - update hibernate_sequence set next_val= ? where next_val=?
Hibernate: update hibernate_sequence set next_val= ? where next_val=?
00:47:47.066 [main] DEBUG o.h.e.i.AbstractSaveEventListener - Generated identifier: 48, using strategy: org.hibernate.id.enhanced.SequenceStyleGenerator
00:47:47.066 [main] DEBUG org.hibernate.SQL - select user_.username, user_.enabled as enabled2_15_, user_.password as password3_15_, user_.role as role4_15_ from Users user_ where user_.username=?
Hibernate: select user_.username, user_.enabled as enabled2_15_, user_.password as password3_15_, user_.role as role4_15_ from Users user_ where user_.username=?
00:47:47.067 [main] DEBUG o.h.r.j.i.ResourceRegistryStandardImpl - HHH000387: ResultSet's statement was not registered
00:47:47.067 [main] DEBUG org.hibernate.SQL - select user_.username, user_.enabled as enabled2_15_, user_.password as password3_15_, user_.role as role4_15_ from Users user_ where user_.username=?
Hibernate: select user_.username, user_.enabled as enabled2_15_, user_.password as password3_15_, user_.role as role4_15_ from Users user_ where user_.username=?
00:47:47.068 [main] DEBUG o.h.r.j.i.ResourceRegistryStandardImpl - HHH000387: ResultSet's statement was not registered
00:47:47.068 [main] DEBUG o.h.e.t.internal.TransactionImpl - committing
00:47:47.068 [main] DEBUG o.h.e.i.AbstractFlushingEventListener - Processing flush-time cascades
00:47:47.068 [main] DEBUG o.h.e.i.AbstractFlushingEventListener - Dirty checking collections
00:47:47.068 [main] DEBUG o.h.e.i.AbstractFlushingEventListener - Flushed: 1 insertions, 0 updates, 0 deletions to 1 objects
00:47:47.068 [main] DEBUG o.h.e.i.AbstractFlushingEventListener - Flushed: 0 (re)creations, 0 updates, 0 removals to 0 collections
00:47:47.068 [main] DEBUG o.h.internal.util.EntityPrinter - Listing entities:
00:47:47.069 [main] DEBUG o.h.internal.util.EntityPrinter - edu.ncsu.csc.itrust2.models.persistent.BasicHealthMetrics{patientSmokingStatus=null, headCircumference=null, weight=null, tri=null, hdl=null, diastolic=null, systolic=null, hcp=edu.ncsu.csc.itrust2.models.persistent.User#hcp, ldl=null, houseSmokingStatus=null, patient=edu.ncsu.csc.itrust2.models.persistent.User#patient, id=48, height=null}
00:47:47.069 [main] DEBUG org.hibernate.SQL - insert into BasicHealthMetrics (diastolic, hcp_id, hdl, headCircumference, height, houseSmokingStatus, ldl, patient_id, patientSmokingStatus, systolic, tri, weight, id) values (?, ?, ?, ?, ?, ?, ?, ?, ?, ?, ?, ?, ?)
Hibernate: insert into BasicHealthMetrics (diastolic, hcp_id, hdl, headCircumference, height, houseSmokingStatus, ldl, patient_id, patientSmokingStatus, systolic, tri, weight, id) values (?, ?, ?, ?, ?, ?, ?, ?, ?, ?, ?, ?, ?)
00:47:47.082 [main] DEBUG o.h.e.j.internal.JdbcCoordinatorImpl - HHH000420: Closing un-released batch
00:47:47.082 [main] DEBUG o.h.e.t.internal.TransactionImpl - begin
00:47:47.084 [main] DEBUG org.hibernate.SQL - select this_.id as id1_10_12_, this_.appointment_id as appointm5_10_12_, this_.basichealthmetrics_id as basichea6_10_12_, this_.date as date2_10_12_, this_.hcp_id as hcp_id7_10_12_, this_.hospital_id as hospital8_10_12_, this_.notes as notes3_10_12_, this_.patient_id as patient_9_10_12_, this_.type as type4_10_12_, appointmen2_.id as id1_0_0_, appointmen2_.comments as comments2_0_0_, appointmen2_.date as date3_0_0_, appointmen2_.hcp_id as hcp_id6_0_0_, appointmen2_.patient_id as patient_7_0_0_, appointmen2_.status as status4_0_0_, appointmen2_.type as type5_0_0_, user3_.username as username1_15_1_, user3_.enabled as enabled2_15_1_, user3_.password as password3_15_1_, user3_.role as role4_15_1_, user4_.username as username1_15_2_, user4_.enabled as enabled2_15_2_, user4_.password as password3_15_2_, user4_.role as role4_15_2_, basichealt5_.id as id1_1_3_, basichealt5_.diastolic as diastoli2_1_3_, basichealt5_.hcp_id as hcp_id12_1_3_, basichealt5_.hdl as hdl3_1_3_, basichealt5_.headCircumference as headCirc4_1_3_, basichealt5_.height as height5_1_3_, basichealt5_.houseSmokingStatus as houseSmo6_1_3_, basichealt5_.ldl as ldl7_1_3_, basichealt5_.patient_id as patient13_1_3_, basichealt5_.patientSmokingStatus as patientS8_1_3_, basichealt5_.systolic as systolic9_1_3_, basichealt5_.tri as tri10_1_3_, basichealt5_.weight as weight11_1_3_, user6_.username as username1_15_4_, user6_.enabled as enabled2_15_4_, user6_.password as password3_15_4_, user6_.role as role4_15_4_, user7_.username as username1_15_5_, user7_.enabled as enabled2_15_5_, user7_.password as password3_15_5_, user7_.role as role4_15_5_, user8_.username as username1_15_6_, user8_.enabled as enabled2_15_6_, user8_.password as password3_15_6_, user8_.role as role4_15_6_, hospital9_.name as name1_4_7_, hospital9_.address as address2_4_7_, hospital9_.state as state3_4_7_, hospital9_.zip as zip4_4_7_, user10_.username as username1_15_8_, user10_.enabled as enabled2_15_8_, user10_.password as password3_15_8_, user10_.role as role4_15_8_, prescripti11_.prescriptions_id as prescrip8_14_14_, prescripti11_.id as id1_14_14_, prescripti11_.id as id1_14_9_, prescripti11_.dosage as dosage2_14_9_, prescripti11_.drug_id as drug_id6_14_9_, prescripti11_.endDate as endDate3_14_9_, prescripti11_.patient_id as patient_7_14_9_, prescripti11_.renewals as renewals4_14_9_, prescripti11_.startDate as startDat5_14_9_, drug12_.id as id1_3_10_, drug12_.code as code2_3_10_, drug12_.description as descript3_3_10_, drug12_.name as name4_3_10_, user13_.username as username1_15_11_, user13_.enabled as enabled2_15_11_, user13_.password as password3_15_11_, user13_.role as role4_15_11_ from OfficeVisits this_ left outer join AppointmentRequests appointmen2_ on this_.appointment_id=appointmen2_.id left outer join Users user3_ on appointmen2_.hcp_id=user3_.username left outer join Users user4_ on appointmen2_.patient_id=user4_.username left outer join BasicHealthMetrics basichealt5_ on this_.basichealthmetrics_id=basichealt5_.id left outer join Users user6_ on basichealt5_.hcp_id=user6_.username left outer join Users user7_ on basichealt5_.patient_id=user7_.username inner join Users user8_ on this_.hcp_id=user8_.username inner join Hospitals hospital9_ on this_.hospital_id=hospital9_.name inner join Users user10_ on this_.patient_id=user10_.username left outer join Prescriptions prescripti11_ on this_.id=prescripti11_.prescriptions_id left outer join Drugs drug12_ on prescripti11_.drug_id=drug12_.id left outer join Users user13_ on prescripti11_.patient_id=user13_.username where this_.id=?
Hibernate: select this_.id as id1_10_12_, this_.appointment_id as appointm5_10_12_, this_.basichealthmetrics_id as basichea6_10_12_, this_.date as date2_10_12_, this_.hcp_id as hcp_id7_10_12_, this_.hospital_id as hospital8_10_12_, this_.notes as notes3_10_12_, this_.patient_id as patient_9_10_12_, this_.type as type4_10_12_, appointmen2_.id as id1_0_0_, appointmen2_.comments as comments2_0_0_, appointmen2_.date as date3_0_0_, appointmen2_.hcp_id as hcp_id6_0_0_, appointmen2_.patient_id as patient_7_0_0_, appointmen2_.status as status4_0_0_, appointmen2_.type as type5_0_0_, user3_.username as username1_15_1_, user3_.enabled as enabled2_15_1_, user3_.password as password3_15_1_, user3_.role as role4_15_1_, user4_.username as username1_15_2_, user4_.enabled as enabled2_15_2_, user4_.password as password3_15_2_, user4_.role as role4_15_2_, basichealt5_.id as id1_1_3_, basichealt5_.diastolic as diastoli2_1_3_, basichealt5_.hcp_id as hcp_id12_1_3_, basichealt5_.hdl as hdl3_1_3_, basichealt5_.headCircumference as headCirc4_1_3_, basichealt5_.height as height5_1_3_, basichealt5_.houseSmokingStatus as houseSmo6_1_3_, basichealt5_.ldl as ldl7_1_3_, basichealt5_.patient_id as patient13_1_3_, basichealt5_.patientSmokingStatus as patientS8_1_3_, basichealt5_.systolic as systolic9_1_3_, basichealt5_.tri as tri10_1_3_, basichealt5_.weight as weight11_1_3_, user6_.username as username1_15_4_, user6_.enabled as enabled2_15_4_, user6_.password as password3_15_4_, user6_.role as role4_15_4_, user7_.username as username1_15_5_, user7_.enabled as enabled2_15_5_, user7_.password as password3_15_5_, user7_.role as role4_15_5_, user8_.username as username1_15_6_, user8_.enabled as enabled2_15_6_, user8_.password as password3_15_6_, user8_.role as role4_15_6_, hospital9_.name as name1_4_7_, hospital9_.address as address2_4_7_, hospital9_.state as state3_4_7_, hospital9_.zip as zip4_4_7_, user10_.username as username1_15_8_, user10_.enabled as enabled2_15_8_, user10_.password as password3_15_8_, user10_.role as role4_15_8_, prescripti11_.prescriptions_id as prescrip8_14_14_, prescripti11_.id as id1_14_14_, prescripti11_.id as id1_14_9_, prescripti11_.dosage as dosage2_14_9_, prescripti11_.drug_id as drug_id6_14_9_, prescripti11_.endDate as endDate3_14_9_, prescripti11_.patient_id as patient_7_14_9_, prescripti11_.renewals as renewals4_14_9_, prescripti11_.startDate as startDat5_14_9_, drug12_.id as id1_3_10_, drug12_.code as code2_3_10_, drug12_.description as descript3_3_10_, drug12_.name as name4_3_10_, user13_.username as username1_15_11_, user13_.enabled as enabled2_15_11_, user13_.password as password3_15_11_, user13_.role as role4_15_11_ from OfficeVisits this_ left outer join AppointmentRequests appointmen2_ on this_.appointment_id=appointmen2_.id left outer join Users user3_ on appointmen2_.hcp_id=user3_.username left outer join Users user4_ on appointmen2_.patient_id=user4_.username left outer join BasicHealthMetrics basichealt5_ on this_.basichealthmetrics_id=basichealt5_.id left outer join Users user6_ on basichealt5_.hcp_id=user6_.username left outer join Users user7_ on basichealt5_.patient_id=user7_.username inner join Users user8_ on this_.hcp_id=user8_.username inner join Hospitals hospital9_ on this_.hospital_id=hospital9_.name inner join Users user10_ on this_.patient_id=user10_.username left outer join Prescriptions prescripti11_ on this_.id=prescripti11_.prescriptions_id left outer join Drugs drug12_ on prescripti11_.drug_id=drug12_.id left outer join Users user13_ on prescripti11_.patient_id=user13_.username where this_.id=?
00:47:47.087 [main] DEBUG o.h.e.l.i.CollectionLoadContext - No collections were found in result set for role: edu.ncsu.csc.itrust2.models.persistent.OfficeVisit.prescriptions
00:47:47.087 [main] DEBUG o.h.e.t.internal.TransactionImpl - committing
00:47:47.088 [main] DEBUG o.h.e.t.internal.TransactionImpl - begin
00:47:47.089 [main] DEBUG org.hibernate.SQL - select next_val as id_val from hibernate_sequence for update
Hibernate: select next_val as id_val from hibernate_sequence for update
00:47:47.089 [main] DEBUG org.hibernate.SQL - update hibernate_sequence set next_val= ? where next_val=?
Hibernate: update hibernate_sequence set next_val= ? where next_val=?
00:47:47.106 [main] DEBUG o.h.e.i.AbstractSaveEventListener - Generated identifier: 49, using strategy: org.hibernate.id.enhanced.SequenceStyleGenerator
00:47:47.107 [main] DEBUG org.hibernate.SQL - select user_.username, user_.enabled as enabled2_15_, user_.password as password3_15_, user_.role as role4_15_ from Users user_ where user_.username=?
Hibernate: select user_.username, user_.enabled as enabled2_15_, user_.password as password3_15_, user_.role as role4_15_ from Users user_ where user_.username=?
00:47:47.107 [main] DEBUG o.h.r.j.i.ResourceRegistryStandardImpl - HHH000387: ResultSet's statement was not registered
00:47:47.107 [main] DEBUG org.hibernate.SQL - select hospital_.name, hospital_.address as address2_4_, hospital_.state as state3_4_, hospital_.zip as zip4_4_ from Hospitals hospital_ where hospital_.name=?
Hibernate: select hospital_.name, hospital_.address as address2_4_, hospital_.state as state3_4_, hospital_.zip as zip4_4_ from Hospitals hospital_ where hospital_.name=?
00:47:47.108 [main] DEBUG o.h.r.j.i.ResourceRegistryStandardImpl - HHH000387: ResultSet's statement was not registered
00:47:47.108 [main] DEBUG org.hibernate.SQL - select user_.username, user_.enabled as enabled2_15_, user_.password as password3_15_, user_.role as role4_15_ from Users user_ where user_.username=?
Hibernate: select user_.username, user_.enabled as enabled2_15_, user_.password as password3_15_, user_.role as role4_15_ from Users user_ where user_.username=?
00:47:47.109 [main] DEBUG o.h.r.j.i.ResourceRegistryStandardImpl - HHH000387: ResultSet's statement was not registered
00:47:47.109 [main] DEBUG o.h.e.t.internal.TransactionImpl - committing
00:47:47.109 [main] DEBUG o.h.e.i.AbstractFlushingEventListener - Processing flush-time cascades
00:47:47.110 [main] DEBUG o.h.e.i.AbstractFlushingEventListener - Dirty checking collections
00:47:47.110 [main] DEBUG o.h.engine.internal.Collections - Collection found: [edu.ncsu.csc.itrust2.models.persistent.OfficeVisit.prescriptions#49], was: [<unreferenced>] (initialized)
00:47:47.110 [main] DEBUG o.h.e.i.AbstractFlushingEventListener - Flushed: 1 insertions, 0 updates, 0 deletions to 1 objects
00:47:47.110 [main] DEBUG o.h.e.i.AbstractFlushingEventListener - Flushed: 1 (re)creations, 0 updates, 0 removals to 1 collections
00:47:47.110 [main] DEBUG o.h.internal.util.EntityPrinter - Listing entities:
00:47:47.110 [main] DEBUG o.h.internal.util.EntityPrinter - edu.ncsu.csc.itrust2.models.persistent.OfficeVisit{date=java.util.GregorianCalendar[time=2470657800000,areFieldsSet=true,areAllFieldsSet=true,lenient=true,zone=sun.util.calendar.ZoneInfo[id="America/New_York",offset=-18000000,dstSavings=3600000,useDaylight=true,transitions=235,lastRule=java.util.SimpleTimeZone[id=America/New_York,offset=-18000000,dstSavings=3600000,useDaylight=true,startYear=0,startMode=3,startMonth=2,startDay=8,startDayOfWeek=1,startTime=7200000,startTimeMode=0,endMode=3,endMonth=10,endDay=1,endDayOfWeek=1,endTime=7200000,endTimeMode=0]],firstDayOfWeek=1,minimalDaysInFirstWeek=1,ERA=1,YEAR=2048,MONTH=3,WEEK_OF_YEAR=16,WEEK_OF_MONTH=3,DAY_OF_MONTH=16,DAY_OF_YEAR=107,DAY_OF_WEEK=5,DAY_OF_WEEK_IN_MONTH=3,AM_PM=0,HOUR=9,HOUR_OF_DAY=9,MINUTE=50,SECOND=0,MILLISECOND=0,ZONE_OFFSET=-18000000,DST_OFFSET=3600000], notes=Test office visit, hcp=edu.ncsu.csc.itrust2.models.persistent.User#hcp, patient=edu.ncsu.csc.itrust2.models.persistent.User#patient, basicHealthMetrics=edu.ncsu.csc.itrust2.models.persistent.BasicHealthMetrics#48, appointment=null, id=49, hospital=edu.ncsu.csc.itrust2.models.persistent.Hospital#iTrust Test Hospital 2, type=GENERAL_CHECKUP, prescriptions=[]}
00:47:47.111 [main] DEBUG org.hibernate.SQL - insert into OfficeVisits (appointment_id, basichealthmetrics_id, date, hcp_id, hospital_id, notes, patient_id, type, id) values (?, ?, ?, ?, ?, ?, ?, ?, ?)
Hibernate: insert into OfficeVisits (appointment_id, basichealthmetrics_id, date, hcp_id, hospital_id, notes, patient_id, type, id) values (?, ?, ?, ?, ?, ?, ?, ?, ?)
00:47:47.113 [main] DEBUG o.h.p.c.AbstractCollectionPersister - Inserting collection: [edu.ncsu.csc.itrust2.models.persistent.OfficeVisit.prescriptions#49]
00:47:47.113 [main] DEBUG o.h.p.c.AbstractCollectionPersister - Collection was empty
00:47:47.122 [main] DEBUG o.h.e.j.internal.JdbcCoordinatorImpl - HHH000420: Closing un-released batch
00:47:47.122 [main] DEBUG o.h.e.t.internal.TransactionImpl - begin
00:47:47.135 [main] DEBUG org.hibernate.SQL - select this_.id as id1_10_12_, this_.appointment_id as appointm5_10_12_, this_.basichealthmetrics_id as basichea6_10_12_, this_.date as date2_10_12_, this_.hcp_id as hcp_id7_10_12_, this_.hospital_id as hospital8_10_12_, this_.notes as notes3_10_12_, this_.patient_id as patient_9_10_12_, this_.type as type4_10_12_, appointmen2_.id as id1_0_0_, appointmen2_.comments as comments2_0_0_, appointmen2_.date as date3_0_0_, appointmen2_.hcp_id as hcp_id6_0_0_, appointmen2_.patient_id as patient_7_0_0_, appointmen2_.status as status4_0_0_, appointmen2_.type as type5_0_0_, user3_.username as username1_15_1_, user3_.enabled as enabled2_15_1_, user3_.password as password3_15_1_, user3_.role as role4_15_1_, user4_.username as username1_15_2_, user4_.enabled as enabled2_15_2_, user4_.password as password3_15_2_, user4_.role as role4_15_2_, basichealt5_.id as id1_1_3_, basichealt5_.diastolic as diastoli2_1_3_, basichealt5_.hcp_id as hcp_id12_1_3_, basichealt5_.hdl as hdl3_1_3_, basichealt5_.headCircumference as headCirc4_1_3_, basichealt5_.height as height5_1_3_, basichealt5_.houseSmokingStatus as houseSmo6_1_3_, basichealt5_.ldl as ldl7_1_3_, basichealt5_.patient_id as patient13_1_3_, basichealt5_.patientSmokingStatus as patientS8_1_3_, basichealt5_.systolic as systolic9_1_3_, basichealt5_.tri as tri10_1_3_, basichealt5_.weight as weight11_1_3_, user6_.username as username1_15_4_, user6_.enabled as enabled2_15_4_, user6_.password as password3_15_4_, user6_.role as role4_15_4_, user7_.username as username1_15_5_, user7_.enabled as enabled2_15_5_, user7_.password as password3_15_5_, user7_.role as role4_15_5_, user8_.username as username1_15_6_, user8_.enabled as enabled2_15_6_, user8_.password as password3_15_6_, user8_.role as role4_15_6_, hospital9_.name as name1_4_7_, hospital9_.address as address2_4_7_, hospital9_.state as state3_4_7_, hospital9_.zip as zip4_4_7_, user10_.username as username1_15_8_, user10_.enabled as enabled2_15_8_, user10_.password as password3_15_8_, user10_.role as role4_15_8_, prescripti11_.prescriptions_id as prescrip8_14_14_, prescripti11_.id as id1_14_14_, prescripti11_.id as id1_14_9_, prescripti11_.dosage as dosage2_14_9_, prescripti11_.drug_id as drug_id6_14_9_, prescripti11_.endDate as endDate3_14_9_, prescripti11_.patient_id as patient_7_14_9_, prescripti11_.renewals as renewals4_14_9_, prescripti11_.startDate as startDat5_14_9_, drug12_.id as id1_3_10_, drug12_.code as code2_3_10_, drug12_.description as descript3_3_10_, drug12_.name as name4_3_10_, user13_.username as username1_15_11_, user13_.enabled as enabled2_15_11_, user13_.password as password3_15_11_, user13_.role as role4_15_11_ from OfficeVisits this_ left outer join AppointmentRequests appointmen2_ on this_.appointment_id=appointmen2_.id left outer join Users user3_ on appointmen2_.hcp_id=user3_.username left outer join Users user4_ on appointmen2_.patient_id=user4_.username left outer join BasicHealthMetrics basichealt5_ on this_.basichealthmetrics_id=basichealt5_.id left outer join Users user6_ on basichealt5_.hcp_id=user6_.username left outer join Users user7_ on basichealt5_.patient_id=user7_.username inner join Users user8_ on this_.hcp_id=user8_.username inner join Hospitals hospital9_ on this_.hospital_id=hospital9_.name inner join Users user10_ on this_.patient_id=user10_.username left outer join Prescriptions prescripti11_ on this_.id=prescripti11_.prescriptions_id left outer join Drugs drug12_ on prescripti11_.drug_id=drug12_.id left outer join Users user13_ on prescripti11_.patient_id=user13_.username where this_.id=?
Hibernate: select this_.id as id1_10_12_, this_.appointment_id as appointm5_10_12_, this_.basichealthmetrics_id as basichea6_10_12_, this_.date as date2_10_12_, this_.hcp_id as hcp_id7_10_12_, this_.hospital_id as hospital8_10_12_, this_.notes as notes3_10_12_, this_.patient_id as patient_9_10_12_, this_.type as type4_10_12_, appointmen2_.id as id1_0_0_, appointmen2_.comments as comments2_0_0_, appointmen2_.date as date3_0_0_, appointmen2_.hcp_id as hcp_id6_0_0_, appointmen2_.patient_id as patient_7_0_0_, appointmen2_.status as status4_0_0_, appointmen2_.type as type5_0_0_, user3_.username as username1_15_1_, user3_.enabled as enabled2_15_1_, user3_.password as password3_15_1_, user3_.role as role4_15_1_, user4_.username as username1_15_2_, user4_.enabled as enabled2_15_2_, user4_.password as password3_15_2_, user4_.role as role4_15_2_, basichealt5_.id as id1_1_3_, basichealt5_.diastolic as diastoli2_1_3_, basichealt5_.hcp_id as hcp_id12_1_3_, basichealt5_.hdl as hdl3_1_3_, basichealt5_.headCircumference as headCirc4_1_3_, basichealt5_.height as height5_1_3_, basichealt5_.houseSmokingStatus as houseSmo6_1_3_, basichealt5_.ldl as ldl7_1_3_, basichealt5_.patient_id as patient13_1_3_, basichealt5_.patientSmokingStatus as patientS8_1_3_, basichealt5_.systolic as systolic9_1_3_, basichealt5_.tri as tri10_1_3_, basichealt5_.weight as weight11_1_3_, user6_.username as username1_15_4_, user6_.enabled as enabled2_15_4_, user6_.password as password3_15_4_, user6_.role as role4_15_4_, user7_.username as username1_15_5_, user7_.enabled as enabled2_15_5_, user7_.password as password3_15_5_, user7_.role as role4_15_5_, user8_.username as username1_15_6_, user8_.enabled as enabled2_15_6_, user8_.password as password3_15_6_, user8_.role as role4_15_6_, hospital9_.name as name1_4_7_, hospital9_.address as address2_4_7_, hospital9_.state as state3_4_7_, hospital9_.zip as zip4_4_7_, user10_.username as username1_15_8_, user10_.enabled as enabled2_15_8_, user10_.password as password3_15_8_, user10_.role as role4_15_8_, prescripti11_.prescriptions_id as prescrip8_14_14_, prescripti11_.id as id1_14_14_, prescripti11_.id as id1_14_9_, prescripti11_.dosage as dosage2_14_9_, prescripti11_.drug_id as drug_id6_14_9_, prescripti11_.endDate as endDate3_14_9_, prescripti11_.patient_id as patient_7_14_9_, prescripti11_.renewals as renewals4_14_9_, prescripti11_.startDate as startDat5_14_9_, drug12_.id as id1_3_10_, drug12_.code as code2_3_10_, drug12_.description as descript3_3_10_, drug12_.name as name4_3_10_, user13_.username as username1_15_11_, user13_.enabled as enabled2_15_11_, user13_.password as password3_15_11_, user13_.role as role4_15_11_ from OfficeVisits this_ left outer join AppointmentRequests appointmen2_ on this_.appointment_id=appointmen2_.id left outer join Users user3_ on appointmen2_.hcp_id=user3_.username left outer join Users user4_ on appointmen2_.patient_id=user4_.username left outer join BasicHealthMetrics basichealt5_ on this_.basichealthmetrics_id=basichealt5_.id left outer join Users user6_ on basichealt5_.hcp_id=user6_.username left outer join Users user7_ on basichealt5_.patient_id=user7_.username inner join Users user8_ on this_.hcp_id=user8_.username inner join Hospitals hospital9_ on this_.hospital_id=hospital9_.name inner join Users user10_ on this_.patient_id=user10_.username left outer join Prescriptions prescripti11_ on this_.id=prescripti11_.prescriptions_id left outer join Drugs drug12_ on prescripti11_.drug_id=drug12_.id left outer join Users user13_ on prescripti11_.patient_id=user13_.username where this_.id=?
00:47:47.136 [main] DEBUG org.hibernate.loader.Loader - Result set row: 0
00:47:47.150 [main] DEBUG org.hibernate.loader.Loader - Result row: null, null, null, EntityKey[edu.ncsu.csc.itrust2.models.persistent.BasicHealthMetrics#48], EntityKey[edu.ncsu.csc.itrust2.models.persistent.User#hcp], EntityKey[edu.ncsu.csc.itrust2.models.persistent.User#patient], EntityKey[edu.ncsu.csc.itrust2.models.persistent.User#hcp], EntityKey[edu.ncsu.csc.itrust2.models.persistent.Hospital#iTrust Test Hospital 2], EntityKey[edu.ncsu.csc.itrust2.models.persistent.User#patient], null, null, null, EntityKey[edu.ncsu.csc.itrust2.models.persistent.OfficeVisit#49]
00:47:47.158 [main] DEBUG org.hibernate.loader.Loader - Result set contains (possibly empty) collection: [edu.ncsu.csc.itrust2.models.persistent.OfficeVisit.prescriptions#49]
00:47:47.158 [main] DEBUG o.h.engine.internal.TwoPhaseLoad - Resolving associations for [edu.ncsu.csc.itrust2.models.persistent.BasicHealthMetrics#48]
00:47:47.159 [main] DEBUG o.h.engine.internal.TwoPhaseLoad - Done materializing entity [edu.ncsu.csc.itrust2.models.persistent.BasicHealthMetrics#48]
00:47:47.159 [main] DEBUG o.h.engine.internal.TwoPhaseLoad - Resolving associations for [edu.ncsu.csc.itrust2.models.persistent.User#hcp]
00:47:47.159 [main] DEBUG o.h.engine.internal.TwoPhaseLoad - Done materializing entity [edu.ncsu.csc.itrust2.models.persistent.User#hcp]
00:47:47.160 [main] DEBUG o.h.engine.internal.TwoPhaseLoad - Resolving associations for [edu.ncsu.csc.itrust2.models.persistent.User#patient]
00:47:47.160 [main] DEBUG o.h.engine.internal.TwoPhaseLoad - Done materializing entity [edu.ncsu.csc.itrust2.models.persistent.User#patient]
00:47:47.160 [main] DEBUG o.h.engine.internal.TwoPhaseLoad - Resolving associations for [edu.ncsu.csc.itrust2.models.persistent.Hospital#iTrust Test Hospital 2]
00:47:47.160 [main] DEBUG o.h.engine.internal.TwoPhaseLoad - Done materializing entity [edu.ncsu.csc.itrust2.models.persistent.Hospital#iTrust Test Hospital 2]
00:47:47.160 [main] DEBUG o.h.engine.internal.TwoPhaseLoad - Resolving associations for [edu.ncsu.csc.itrust2.models.persistent.OfficeVisit#49]
00:47:47.160 [main] DEBUG o.h.engine.internal.TwoPhaseLoad - Done materializing entity [edu.ncsu.csc.itrust2.models.persistent.OfficeVisit#49]
00:47:47.160 [main] DEBUG o.h.e.l.i.CollectionLoadContext - 1 collections were found in result set for role: edu.ncsu.csc.itrust2.models.persistent.OfficeVisit.prescriptions
00:47:47.160 [main] DEBUG o.h.e.l.i.CollectionLoadContext - Collection fully initialized: [edu.ncsu.csc.itrust2.models.persistent.OfficeVisit.prescriptions#49]
00:47:47.160 [main] DEBUG o.h.e.l.i.CollectionLoadContext - 1 collections initialized for role: edu.ncsu.csc.itrust2.models.persistent.OfficeVisit.prescriptions
00:47:47.161 [main] DEBUG o.h.e.t.internal.TransactionImpl - committing
00:47:47.161 [main] DEBUG o.h.e.i.AbstractFlushingEventListener - Processing flush-time cascades
00:47:47.161 [main] DEBUG o.h.e.i.AbstractFlushingEventListener - Dirty checking collections
00:47:47.161 [main] DEBUG o.h.engine.internal.Collections - Collection found: [edu.ncsu.csc.itrust2.models.persistent.OfficeVisit.prescriptions#49], was: [edu.ncsu.csc.itrust2.models.persistent.OfficeVisit.prescriptions#49] (initialized)
00:47:47.161 [main] DEBUG o.h.e.i.AbstractFlushingEventListener - Flushed: 0 insertions, 0 updates, 0 deletions to 5 objects
00:47:47.161 [main] DEBUG o.h.e.i.AbstractFlushingEventListener - Flushed: 0 (re)creations, 0 updates, 0 removals to 1 collections
00:47:47.161 [main] DEBUG o.h.internal.util.EntityPrinter - Listing entities:
00:47:47.162 [main] DEBUG o.h.internal.util.EntityPrinter - edu.ncsu.csc.itrust2.models.persistent.User{password=$2a$10$NORtldzZVIgePsbV4dq1Yuu4qmDM1z4NLacR.mjbUiyYGtY8/wzDS, role=ROLE_PATIENT, enabled=1, username=patient}
00:47:47.162 [main] DEBUG o.h.internal.util.EntityPrinter - edu.ncsu.csc.itrust2.models.persistent.User{password=$2a$10$BlPgtylNXFaO.9doOuJZOey4s6t.GFaCaC54cIlB7vBJEmcRbtfF., role=ROLE_HCP, enabled=1, username=hcp}
00:47:47.162 [main] DEBUG o.h.internal.util.EntityPrinter - edu.ncsu.csc.itrust2.models.persistent.BasicHealthMetrics{patientSmokingStatus=null, headCircumference=null, weight=null, tri=null, hdl=null, diastolic=null, systolic=null, hcp=edu.ncsu.csc.itrust2.models.persistent.User#hcp, ldl=null, houseSmokingStatus=null, patient=edu.ncsu.csc.itrust2.models.persistent.User#patient, id=48, height=null}
00:47:47.162 [main] DEBUG o.h.internal.util.EntityPrinter - edu.ncsu.csc.itrust2.models.persistent.OfficeVisit{date=java.util.GregorianCalendar[time=2470657800000,areFieldsSet=true,areAllFieldsSet=true,lenient=true,zone=sun.util.calendar.ZoneInfo[id="America/New_York",offset=-18000000,dstSavings=3600000,useDaylight=true,transitions=235,lastRule=java.util.SimpleTimeZone[id=America/New_York,offset=-18000000,dstSavings=3600000,useDaylight=true,startYear=0,startMode=3,startMonth=2,startDay=8,startDayOfWeek=1,startTime=7200000,startTimeMode=0,endMode=3,endMonth=10,endDay=1,endDayOfWeek=1,endTime=7200000,endTimeMode=0]],firstDayOfWeek=1,minimalDaysInFirstWeek=1,ERA=1,YEAR=2048,MONTH=3,WEEK_OF_YEAR=16,WEEK_OF_MONTH=3,DAY_OF_MONTH=16,DAY_OF_YEAR=107,DAY_OF_WEEK=5,DAY_OF_WEEK_IN_MONTH=3,AM_PM=0,HOUR=9,HOUR_OF_DAY=9,MINUTE=50,SECOND=0,MILLISECOND=0,ZONE_OFFSET=-18000000,DST_OFFSET=3600000], notes=Test office visit, hcp=edu.ncsu.csc.itrust2.models.persistent.User#hcp, patient=edu.ncsu.csc.itrust2.models.persistent.User#patient, basicHealthMetrics=edu.ncsu.csc.itrust2.models.persistent.BasicHealthMetrics#48, appointment=null, id=49, hospital=edu.ncsu.csc.itrust2.models.persistent.Hospital#iTrust Test Hospital 2, type=GENERAL_CHECKUP, prescriptions=[]}
00:47:47.162 [main] DEBUG o.h.internal.util.EntityPrinter - edu.ncsu.csc.itrust2.models.persistent.Hospital{zip=27607, address=1 iTrust Test Street, name=iTrust Test Hospital 2, state=NC}
00:47:47.166 [main] DEBUG o.h.e.t.internal.TransactionImpl - begin
00:47:47.183 [main] DEBUG org.hibernate.SQL - select this_.id as id1_2_8_, this_.code_id as code_id3_2_8_, this_.note as note2_2_8_, this_.visit_id as visit_id4_2_8_, icdcode2_.id as id1_5_0_, icdcode2_.code as code2_5_0_, icdcode2_.description as descript3_5_0_, officevisi3_.id as id1_10_1_, officevisi3_.appointment_id as appointm5_10_1_, officevisi3_.basichealthmetrics_id as basichea6_10_1_, officevisi3_.date as date2_10_1_, officevisi3_.hcp_id as hcp_id7_10_1_, officevisi3_.hospital_id as hospital8_10_1_, officevisi3_.notes as notes3_10_1_, officevisi3_.patient_id as patient_9_10_1_, officevisi3_.type as type4_10_1_, appointmen4_.id as id1_0_2_, appointmen4_.comments as comments2_0_2_, appointmen4_.date as date3_0_2_, appointmen4_.hcp_id as hcp_id6_0_2_, appointmen4_.patient_id as patient_7_0_2_, appointmen4_.status as status4_0_2_, appointmen4_.type as type5_0_2_, basichealt5_.id as id1_1_3_, basichealt5_.diastolic as diastoli2_1_3_, basichealt5_.hcp_id as hcp_id12_1_3_, basichealt5_.hdl as hdl3_1_3_, basichealt5_.headCircumference as headCirc4_1_3_, basichealt5_.height as height5_1_3_, basichealt5_.houseSmokingStatus as houseSmo6_1_3_, basichealt5_.ldl as ldl7_1_3_, basichealt5_.patient_id as patient13_1_3_, basichealt5_.patientSmokingStatus as patientS8_1_3_, basichealt5_.systolic as systolic9_1_3_, basichealt5_.tri as tri10_1_3_, basichealt5_.weight as weight11_1_3_, user6_.username as username1_15_4_, user6_.enabled as enabled2_15_4_, user6_.password as password3_15_4_, user6_.role as role4_15_4_, hospital7_.name as name1_4_5_, hospital7_.address as address2_4_5_, hospital7_.state as state3_4_5_, hospital7_.zip as zip4_4_5_, user8_.username as username1_15_6_, user8_.enabled as enabled2_15_6_, user8_.password as password3_15_6_, user8_.role as role4_15_6_, prescripti9_.prescriptions_id as prescrip8_14_10_, prescripti9_.id as id1_14_10_, prescripti9_.id as id1_14_7_, prescripti9_.dosage as dosage2_14_7_, prescripti9_.drug_id as drug_id6_14_7_, prescripti9_.endDate as endDate3_14_7_, prescripti9_.patient_id as patient_7_14_7_, prescripti9_.renewals as renewals4_14_7_, prescripti9_.startDate as startDat5_14_7_ from Diagnoses this_ inner join ICDCodes icdcode2_ on this_.code_id=icdcode2_.id inner join OfficeVisits officevisi3_ on this_.visit_id=officevisi3_.id left outer join AppointmentRequests appointmen4_ on officevisi3_.appointment_id=appointmen4_.id left outer join BasicHealthMetrics basichealt5_ on officevisi3_.basichealthmetrics_id=basichealt5_.id left outer join Users user6_ on officevisi3_.hcp_id=user6_.username left outer join Hospitals hospital7_ on officevisi3_.hospital_id=hospital7_.name left outer join Users user8_ on officevisi3_.patient_id=user8_.username left outer join Prescriptions prescripti9_ on officevisi3_.id=prescripti9_.prescriptions_id where this_.visit_id=?
Hibernate: select this_.id as id1_2_8_, this_.code_id as code_id3_2_8_, this_.note as note2_2_8_, this_.visit_id as visit_id4_2_8_, icdcode2_.id as id1_5_0_, icdcode2_.code as code2_5_0_, icdcode2_.description as descript3_5_0_, officevisi3_.id as id1_10_1_, officevisi3_.appointment_id as appointm5_10_1_, officevisi3_.basichealthmetrics_id as basichea6_10_1_, officevisi3_.date as date2_10_1_, officevisi3_.hcp_id as hcp_id7_10_1_, officevisi3_.hospital_id as hospital8_10_1_, officevisi3_.notes as notes3_10_1_, officevisi3_.patient_id as patient_9_10_1_, officevisi3_.type as type4_10_1_, appointmen4_.id as id1_0_2_, appointmen4_.comments as comments2_0_2_, appointmen4_.date as date3_0_2_, appointmen4_.hcp_id as hcp_id6_0_2_, appointmen4_.patient_id as patient_7_0_2_, appointmen4_.status as status4_0_2_, appointmen4_.type as type5_0_2_, basichealt5_.id as id1_1_3_, basichealt5_.diastolic as diastoli2_1_3_, basichealt5_.hcp_id as hcp_id12_1_3_, basichealt5_.hdl as hdl3_1_3_, basichealt5_.headCircumference as headCirc4_1_3_, basichealt5_.height as height5_1_3_, basichealt5_.houseSmokingStatus as houseSmo6_1_3_, basichealt5_.ldl as ldl7_1_3_, basichealt5_.patient_id as patient13_1_3_, basichealt5_.patientSmokingStatus as patientS8_1_3_, basichealt5_.systolic as systolic9_1_3_, basichealt5_.tri as tri10_1_3_, basichealt5_.weight as weight11_1_3_, user6_.username as username1_15_4_, user6_.enabled as enabled2_15_4_, user6_.password as password3_15_4_, user6_.role as role4_15_4_, hospital7_.name as name1_4_5_, hospital7_.address as address2_4_5_, hospital7_.state as state3_4_5_, hospital7_.zip as zip4_4_5_, user8_.username as username1_15_6_, user8_.enabled as enabled2_15_6_, user8_.password as password3_15_6_, user8_.role as role4_15_6_, prescripti9_.prescriptions_id as prescrip8_14_10_, prescripti9_.id as id1_14_10_, prescripti9_.id as id1_14_7_, prescripti9_.dosage as dosage2_14_7_, prescripti9_.drug_id as drug_id6_14_7_, prescripti9_.endDate as endDate3_14_7_, prescripti9_.patient_id as patient_7_14_7_, prescripti9_.renewals as renewals4_14_7_, prescripti9_.startDate as startDat5_14_7_ from Diagnoses this_ inner join ICDCodes icdcode2_ on this_.code_id=icdcode2_.id inner join OfficeVisits officevisi3_ on this_.visit_id=officevisi3_.id left outer join AppointmentRequests appointmen4_ on officevisi3_.appointment_id=appointmen4_.id left outer join BasicHealthMetrics basichealt5_ on officevisi3_.basichealthmetrics_id=basichealt5_.id left outer join Users user6_ on officevisi3_.hcp_id=user6_.username left outer join Hospitals hospital7_ on officevisi3_.hospital_id=hospital7_.name left outer join Users user8_ on officevisi3_.patient_id=user8_.username left outer join Prescriptions prescripti9_ on officevisi3_.id=prescripti9_.prescriptions_id where this_.visit_id=?
00:47:47.190 [main] DEBUG o.h.e.l.i.CollectionLoadContext - No collections were found in result set for role: edu.ncsu.csc.itrust2.models.persistent.OfficeVisit.prescriptions
00:47:47.190 [main] DEBUG o.h.e.t.internal.TransactionImpl - committing
00:47:47.191 [main] DEBUG o.h.e.t.internal.TransactionImpl - begin
00:47:47.192 [main] DEBUG org.hibernate.SQL - select next_val as id_val from hibernate_sequence for update
Hibernate: select next_val as id_val from hibernate_sequence for update
00:47:47.192 [main] DEBUG org.hibernate.SQL - update hibernate_sequence set next_val= ? where next_val=?
Hibernate: update hibernate_sequence set next_val= ? where next_val=?
00:47:47.202 [main] DEBUG o.h.e.i.AbstractSaveEventListener - Generated identifier: 50, using strategy: org.hibernate.id.enhanced.SequenceStyleGenerator
00:47:47.202 [main] DEBUG o.h.e.t.internal.TransactionImpl - committing
00:47:47.203 [main] DEBUG o.h.e.i.AbstractFlushingEventListener - Processing flush-time cascades
00:47:47.203 [main] DEBUG o.h.e.i.AbstractFlushingEventListener - Dirty checking collections
00:47:47.203 [main] DEBUG o.h.e.i.AbstractFlushingEventListener - Flushed: 1 insertions, 0 updates, 0 deletions to 1 objects
00:47:47.203 [main] DEBUG o.h.e.i.AbstractFlushingEventListener - Flushed: 0 (re)creations, 0 updates, 0 removals to 0 collections
00:47:47.203 [main] DEBUG o.h.internal.util.EntityPrinter - Listing entities:
00:47:47.203 [main] DEBUG o.h.internal.util.EntityPrinter - edu.ncsu.csc.itrust2.models.persistent.LogEntry{secondaryUser=null, logCode=26, primaryUser=SPRING_API_TEST_USER, id=50, time=java.util.GregorianCalendar[time=1521694067191,areFieldsSet=true,areAllFieldsSet=true,lenient=true,zone=sun.util.calendar.ZoneInfo[id="America/New_York",offset=-18000000,dstSavings=3600000,useDaylight=true,transitions=235,lastRule=java.util.SimpleTimeZone[id=America/New_York,offset=-18000000,dstSavings=3600000,useDaylight=true,startYear=0,startMode=3,startMonth=2,startDay=8,startDayOfWeek=1,startTime=7200000,startTimeMode=0,endMode=3,endMonth=10,endDay=1,endDayOfWeek=1,endTime=7200000,endTimeMode=0]],firstDayOfWeek=1,minimalDaysInFirstWeek=1,ERA=1,YEAR=2018,MONTH=2,WEEK_OF_YEAR=12,WEEK_OF_MONTH=4,DAY_OF_MONTH=22,DAY_OF_YEAR=81,DAY_OF_WEEK=5,DAY_OF_WEEK_IN_MONTH=4,AM_PM=0,HOUR=0,HOUR_OF_DAY=0,MINUTE=47,SECOND=47,MILLISECOND=191,ZONE_OFFSET=-18000000,DST_OFFSET=3600000], message=patient}
00:47:47.204 [main] DEBUG org.hibernate.SQL - insert into LogEntries (logCode, message, primaryUser, secondaryUser, time, id) values (?, ?, ?, ?, ?, ?)
Hibernate: insert into LogEntries (logCode, message, primaryUser, secondaryUser, time, id) values (?, ?, ?, ?, ?, ?)
00:47:47.214 [main] DEBUG o.h.e.j.internal.JdbcCoordinatorImpl - HHH000420: Closing un-released batch
00:47:47.216 [main] DEBUG o.s.w.s.m.m.a.HttpEntityMethodProcessor - Written [edu.ncsu.csc.itrust2.models.persistent.OfficeVisit@30b3137a] as "application/json" using [org.springframework.http.converter.json.GsonHttpMessageConverter@2a71d462]
00:47:47.216 [main] DEBUG o.s.t.w.s.TestDispatcherServlet - Null ModelAndView returned to DispatcherServlet with name '': assuming HandlerAdapter completed request handling
00:47:47.216 [main] DEBUG o.s.t.w.s.TestDispatcherServlet - Successfully completed request
00:47:47.216 [main] DEBUG o.s.t.w.s.TestDispatcherServlet - DispatcherServlet with name '' processing GET request for [/api/v1/officevisits]
00:47:47.216 [main] DEBUG o.s.w.s.m.m.a.RequestMappingHandlerMapping - Looking up handler method for path /api/v1/officevisits
00:47:47.217 [main] DEBUG o.s.w.s.m.m.a.RequestMappingHandlerMapping - Returning handler method [public java.util.List<edu.ncsu.csc.itrust2.models.persistent.OfficeVisit> edu.ncsu.csc.itrust2.controllers.api.APIOfficeVisitController.getOfficeVisits()]
00:47:47.222 [main] DEBUG o.s.b.f.s.DefaultListableBeanFactory - Returning cached instance of singleton bean 'APIOfficeVisitController'
00:47:47.222 [main] DEBUG o.s.t.w.s.TestDispatcherServlet - Last-Modified value for [/api/v1/officevisits] is: -1
00:47:47.223 [main] DEBUG o.h.e.t.internal.TransactionImpl - begin
00:47:47.231 [main] DEBUG org.hibernate.SQL - select this_.id as id1_10_12_, this_.appointment_id as appointm5_10_12_, this_.basichealthmetrics_id as basichea6_10_12_, this_.date as date2_10_12_, this_.hcp_id as hcp_id7_10_12_, this_.hospital_id as hospital8_10_12_, this_.notes as notes3_10_12_, this_.patient_id as patient_9_10_12_, this_.type as type4_10_12_, appointmen2_.id as id1_0_0_, appointmen2_.comments as comments2_0_0_, appointmen2_.date as date3_0_0_, appointmen2_.hcp_id as hcp_id6_0_0_, appointmen2_.patient_id as patient_7_0_0_, appointmen2_.status as status4_0_0_, appointmen2_.type as type5_0_0_, user3_.username as username1_15_1_, user3_.enabled as enabled2_15_1_, user3_.password as password3_15_1_, user3_.role as role4_15_1_, user4_.username as username1_15_2_, user4_.enabled as enabled2_15_2_, user4_.password as password3_15_2_, user4_.role as role4_15_2_, basichealt5_.id as id1_1_3_, basichealt5_.diastolic as diastoli2_1_3_, basichealt5_.hcp_id as hcp_id12_1_3_, basichealt5_.hdl as hdl3_1_3_, basichealt5_.headCircumference as headCirc4_1_3_, basichealt5_.height as height5_1_3_, basichealt5_.houseSmokingStatus as houseSmo6_1_3_, basichealt5_.ldl as ldl7_1_3_, basichealt5_.patient_id as patient13_1_3_, basichealt5_.patientSmokingStatus as patientS8_1_3_, basichealt5_.systolic as systolic9_1_3_, basichealt5_.tri as tri10_1_3_, basichealt5_.weight as weight11_1_3_, user6_.username as username1_15_4_, user6_.enabled as enabled2_15_4_, user6_.password as password3_15_4_, user6_.role as role4_15_4_, user7_.username as username1_15_5_, user7_.enabled as enabled2_15_5_, user7_.password as password3_15_5_, user7_.role as role4_15_5_, user8_.username as username1_15_6_, user8_.enabled as enabled2_15_6_, user8_.password as password3_15_6_, user8_.role as role4_15_6_, hospital9_.name as name1_4_7_, hospital9_.address as address2_4_7_, hospital9_.state as state3_4_7_, hospital9_.zip as zip4_4_7_, user10_.username as username1_15_8_, user10_.enabled as enabled2_15_8_, user10_.password as password3_15_8_, user10_.role as role4_15_8_, prescripti11_.prescriptions_id as prescrip8_14_14_, prescripti11_.id as id1_14_14_, prescripti11_.id as id1_14_9_, prescripti11_.dosage as dosage2_14_9_, prescripti11_.drug_id as drug_id6_14_9_, prescripti11_.endDate as endDate3_14_9_, prescripti11_.patient_id as patient_7_14_9_, prescripti11_.renewals as renewals4_14_9_, prescripti11_.startDate as startDat5_14_9_, drug12_.id as id1_3_10_, drug12_.code as code2_3_10_, drug12_.description as descript3_3_10_, drug12_.name as name4_3_10_, user13_.username as username1_15_11_, user13_.enabled as enabled2_15_11_, user13_.password as password3_15_11_, user13_.role as role4_15_11_ from OfficeVisits this_ left outer join AppointmentRequests appointmen2_ on this_.appointment_id=appointmen2_.id left outer join Users user3_ on appointmen2_.hcp_id=user3_.username left outer join Users user4_ on appointmen2_.patient_id=user4_.username left outer join BasicHealthMetrics basichealt5_ on this_.basichealthmetrics_id=basichealt5_.id left outer join Users user6_ on basichealt5_.hcp_id=user6_.username left outer join Users user7_ on basichealt5_.patient_id=user7_.username inner join Users user8_ on this_.hcp_id=user8_.username inner join Hospitals hospital9_ on this_.hospital_id=hospital9_.name inner join Users user10_ on this_.patient_id=user10_.username left outer join Prescriptions prescripti11_ on this_.id=prescripti11_.prescriptions_id left outer join Drugs drug12_ on prescripti11_.drug_id=drug12_.id left outer join Users user13_ on prescripti11_.patient_id=user13_.username
Hibernate: select this_.id as id1_10_12_, this_.appointment_id as appointm5_10_12_, this_.basichealthmetrics_id as basichea6_10_12_, this_.date as date2_10_12_, this_.hcp_id as hcp_id7_10_12_, this_.hospital_id as hospital8_10_12_, this_.notes as notes3_10_12_, this_.patient_id as patient_9_10_12_, this_.type as type4_10_12_, appointmen2_.id as id1_0_0_, appointmen2_.comments as comments2_0_0_, appointmen2_.date as date3_0_0_, appointmen2_.hcp_id as hcp_id6_0_0_, appointmen2_.patient_id as patient_7_0_0_, appointmen2_.status as status4_0_0_, appointmen2_.type as type5_0_0_, user3_.username as username1_15_1_, user3_.enabled as enabled2_15_1_, user3_.password as password3_15_1_, user3_.role as role4_15_1_, user4_.username as username1_15_2_, user4_.enabled as enabled2_15_2_, user4_.password as password3_15_2_, user4_.role as role4_15_2_, basichealt5_.id as id1_1_3_, basichealt5_.diastolic as diastoli2_1_3_, basichealt5_.hcp_id as hcp_id12_1_3_, basichealt5_.hdl as hdl3_1_3_, basichealt5_.headCircumference as headCirc4_1_3_, basichealt5_.height as height5_1_3_, basichealt5_.houseSmokingStatus as houseSmo6_1_3_, basichealt5_.ldl as ldl7_1_3_, basichealt5_.patient_id as patient13_1_3_, basichealt5_.patientSmokingStatus as patientS8_1_3_, basichealt5_.systolic as systolic9_1_3_, basichealt5_.tri as tri10_1_3_, basichealt5_.weight as weight11_1_3_, user6_.username as username1_15_4_, user6_.enabled as enabled2_15_4_, user6_.password as password3_15_4_, user6_.role as role4_15_4_, user7_.username as username1_15_5_, user7_.enabled as enabled2_15_5_, user7_.password as password3_15_5_, user7_.role as role4_15_5_, user8_.username as username1_15_6_, user8_.enabled as enabled2_15_6_, user8_.password as password3_15_6_, user8_.role as role4_15_6_, hospital9_.name as name1_4_7_, hospital9_.address as address2_4_7_, hospital9_.state as state3_4_7_, hospital9_.zip as zip4_4_7_, user10_.username as username1_15_8_, user10_.enabled as enabled2_15_8_, user10_.password as password3_15_8_, user10_.role as role4_15_8_, prescripti11_.prescriptions_id as prescrip8_14_14_, prescripti11_.id as id1_14_14_, prescripti11_.id as id1_14_9_, prescripti11_.dosage as dosage2_14_9_, prescripti11_.drug_id as drug_id6_14_9_, prescripti11_.endDate as endDate3_14_9_, prescripti11_.patient_id as patient_7_14_9_, prescripti11_.renewals as renewals4_14_9_, prescripti11_.startDate as startDat5_14_9_, drug12_.id as id1_3_10_, drug12_.code as code2_3_10_, drug12_.description as descript3_3_10_, drug12_.name as name4_3_10_, user13_.username as username1_15_11_, user13_.enabled as enabled2_15_11_, user13_.password as password3_15_11_, user13_.role as role4_15_11_ from OfficeVisits this_ left outer join AppointmentRequests appointmen2_ on this_.appointment_id=appointmen2_.id left outer join Users user3_ on appointmen2_.hcp_id=user3_.username left outer join Users user4_ on appointmen2_.patient_id=user4_.username left outer join BasicHealthMetrics basichealt5_ on this_.basichealthmetrics_id=basichealt5_.id left outer join Users user6_ on basichealt5_.hcp_id=user6_.username left outer join Users user7_ on basichealt5_.patient_id=user7_.username inner join Users user8_ on this_.hcp_id=user8_.username inner join Hospitals hospital9_ on this_.hospital_id=hospital9_.name inner join Users user10_ on this_.patient_id=user10_.username left outer join Prescriptions prescripti11_ on this_.id=prescripti11_.prescriptions_id left outer join Drugs drug12_ on prescripti11_.drug_id=drug12_.id left outer join Users user13_ on prescripti11_.patient_id=user13_.username
00:47:47.238 [main] DEBUG org.hibernate.loader.Loader - Result set row: 0
00:47:47.239 [main] DEBUG org.hibernate.loader.Loader - Result row: null, null, null, EntityKey[edu.ncsu.csc.itrust2.models.persistent.BasicHealthMetrics#48], EntityKey[edu.ncsu.csc.itrust2.models.persistent.User#hcp], EntityKey[edu.ncsu.csc.itrust2.models.persistent.User#patient], EntityKey[edu.ncsu.csc.itrust2.models.persistent.User#hcp], EntityKey[edu.ncsu.csc.itrust2.models.persistent.Hospital#iTrust Test Hospital 2], EntityKey[edu.ncsu.csc.itrust2.models.persistent.User#patient], null, null, null, EntityKey[edu.ncsu.csc.itrust2.models.persistent.OfficeVisit#49]
00:47:47.240 [main] DEBUG org.hibernate.loader.Loader - Result set contains (possibly empty) collection: [edu.ncsu.csc.itrust2.models.persistent.OfficeVisit.prescriptions#49]
00:47:47.254 [main] DEBUG o.h.engine.internal.TwoPhaseLoad - Resolving associations for [edu.ncsu.csc.itrust2.models.persistent.BasicHealthMetrics#48]
00:47:47.255 [main] DEBUG o.h.engine.internal.TwoPhaseLoad - Done materializing entity [edu.ncsu.csc.itrust2.models.persistent.BasicHealthMetrics#48]
00:47:47.255 [main] DEBUG o.h.engine.internal.TwoPhaseLoad - Resolving associations for [edu.ncsu.csc.itrust2.models.persistent.User#hcp]
00:47:47.255 [main] DEBUG o.h.engine.internal.TwoPhaseLoad - Done materializing entity [edu.ncsu.csc.itrust2.models.persistent.User#hcp]
00:47:47.255 [main] DEBUG o.h.engine.internal.TwoPhaseLoad - Resolving associations for [edu.ncsu.csc.itrust2.models.persistent.User#patient]
00:47:47.255 [main] DEBUG o.h.engine.internal.TwoPhaseLoad - Done materializing entity [edu.ncsu.csc.itrust2.models.persistent.User#patient]
00:47:47.255 [main] DEBUG o.h.engine.internal.TwoPhaseLoad - Resolving associations for [edu.ncsu.csc.itrust2.models.persistent.Hospital#iTrust Test Hospital 2]
00:47:47.255 [main] DEBUG o.h.engine.internal.TwoPhaseLoad - Done materializing entity [edu.ncsu.csc.itrust2.models.persistent.Hospital#iTrust Test Hospital 2]
00:47:47.255 [main] DEBUG o.h.engine.internal.TwoPhaseLoad - Resolving associations for [edu.ncsu.csc.itrust2.models.persistent.OfficeVisit#49]
00:47:47.262 [main] DEBUG o.h.engine.internal.TwoPhaseLoad - Done materializing entity [edu.ncsu.csc.itrust2.models.persistent.OfficeVisit#49]
00:47:47.262 [main] DEBUG o.h.e.l.i.CollectionLoadContext - 1 collections were found in result set for role: edu.ncsu.csc.itrust2.models.persistent.OfficeVisit.prescriptions
00:47:47.262 [main] DEBUG o.h.e.l.i.CollectionLoadContext - Collection fully initialized: [edu.ncsu.csc.itrust2.models.persistent.OfficeVisit.prescriptions#49]
00:47:47.262 [main] DEBUG o.h.e.l.i.CollectionLoadContext - 1 collections initialized for role: edu.ncsu.csc.itrust2.models.persistent.OfficeVisit.prescriptions
00:47:47.263 [main] DEBUG o.h.e.t.internal.TransactionImpl - committing
00:47:47.263 [main] DEBUG o.h.e.i.AbstractFlushingEventListener - Processing flush-time cascades
00:47:47.263 [main] DEBUG o.h.e.i.AbstractFlushingEventListener - Dirty checking collections
00:47:47.263 [main] DEBUG o.h.engine.internal.Collections - Collection found: [edu.ncsu.csc.itrust2.models.persistent.OfficeVisit.prescriptions#49], was: [edu.ncsu.csc.itrust2.models.persistent.OfficeVisit.prescriptions#49] (initialized)
00:47:47.264 [main] DEBUG o.h.e.i.AbstractFlushingEventListener - Flushed: 0 insertions, 0 updates, 0 deletions to 5 objects
00:47:47.264 [main] DEBUG o.h.e.i.AbstractFlushingEventListener - Flushed: 0 (re)creations, 0 updates, 0 removals to 1 collections
00:47:47.264 [main] DEBUG o.h.internal.util.EntityPrinter - Listing entities:
00:47:47.264 [main] DEBUG o.h.internal.util.EntityPrinter - edu.ncsu.csc.itrust2.models.persistent.User{password=$2a$10$NORtldzZVIgePsbV4dq1Yuu4qmDM1z4NLacR.mjbUiyYGtY8/wzDS, role=ROLE_PATIENT, enabled=1, username=patient}
00:47:47.264 [main] DEBUG o.h.internal.util.EntityPrinter - edu.ncsu.csc.itrust2.models.persistent.User{password=$2a$10$BlPgtylNXFaO.9doOuJZOey4s6t.GFaCaC54cIlB7vBJEmcRbtfF., role=ROLE_HCP, enabled=1, username=hcp}
00:47:47.265 [main] DEBUG o.h.internal.util.EntityPrinter - edu.ncsu.csc.itrust2.models.persistent.BasicHealthMetrics{patientSmokingStatus=null, headCircumference=null, weight=null, tri=null, hdl=null, diastolic=null, systolic=null, hcp=edu.ncsu.csc.itrust2.models.persistent.User#hcp, ldl=null, houseSmokingStatus=null, patient=edu.ncsu.csc.itrust2.models.persistent.User#patient, id=48, height=null}
00:47:47.265 [main] DEBUG o.h.internal.util.EntityPrinter - edu.ncsu.csc.itrust2.models.persistent.OfficeVisit{date=java.util.GregorianCalendar[time=2470657800000,areFieldsSet=true,areAllFieldsSet=true,lenient=true,zone=sun.util.calendar.ZoneInfo[id="America/New_York",offset=-18000000,dstSavings=3600000,useDaylight=true,transitions=235,lastRule=java.util.SimpleTimeZone[id=America/New_York,offset=-18000000,dstSavings=3600000,useDaylight=true,startYear=0,startMode=3,startMonth=2,startDay=8,startDayOfWeek=1,startTime=7200000,startTimeMode=0,endMode=3,endMonth=10,endDay=1,endDayOfWeek=1,endTime=7200000,endTimeMode=0]],firstDayOfWeek=1,minimalDaysInFirstWeek=1,ERA=1,YEAR=2048,MONTH=3,WEEK_OF_YEAR=16,WEEK_OF_MONTH=3,DAY_OF_MONTH=16,DAY_OF_YEAR=107,DAY_OF_WEEK=5,DAY_OF_WEEK_IN_MONTH=3,AM_PM=0,HOUR=9,HOUR_OF_DAY=9,MINUTE=50,SECOND=0,MILLISECOND=0,ZONE_OFFSET=-18000000,DST_OFFSET=3600000], notes=Test office visit, hcp=edu.ncsu.csc.itrust2.models.persistent.User#hcp, patient=edu.ncsu.csc.itrust2.models.persistent.User#patient, basicHealthMetrics=edu.ncsu.csc.itrust2.models.persistent.BasicHealthMetrics#48, appointment=null, id=49, hospital=edu.ncsu.csc.itrust2.models.persistent.Hospital#iTrust Test Hospital 2, type=GENERAL_CHECKUP, prescriptions=[]}
00:47:47.265 [main] DEBUG o.h.internal.util.EntityPrinter - edu.ncsu.csc.itrust2.models.persistent.Hospital{zip=27607, address=1 iTrust Test Street, name=iTrust Test Hospital 2, state=NC}
00:47:47.272 [main] DEBUG o.s.w.s.m.m.a.RequestResponseBodyMethodProcessor - Written [[edu.ncsu.csc.itrust2.models.persistent.OfficeVisit@12df23b5]] as "application/json" using [org.springframework.http.converter.json.GsonHttpMessageConverter@2a71d462]
00:47:47.273 [main] DEBUG o.s.t.w.s.TestDispatcherServlet - Null ModelAndView returned to DispatcherServlet with name '': assuming HandlerAdapter completed request handling
00:47:47.273 [main] DEBUG o.s.t.w.s.TestDispatcherServlet - Successfully completed request
00:47:47.273 [main] DEBUG o.h.e.t.internal.TransactionImpl - begin
00:47:47.280 [main] DEBUG org.hibernate.SQL - select this_.username as username1_15_0_, this_.enabled as enabled2_15_0_, this_.password as password3_15_0_, this_.role as role4_15_0_ from Users this_ where this_.username=? and this_.role=?
Hibernate: select this_.username as username1_15_0_, this_.enabled as enabled2_15_0_, this_.password as password3_15_0_, this_.role as role4_15_0_ from Users this_ where this_.username=? and this_.role=?
00:47:47.280 [main] DEBUG org.hibernate.loader.Loader - Result set row: 0
00:47:47.281 [main] DEBUG org.hibernate.loader.Loader - Result row: EntityKey[edu.ncsu.csc.itrust2.models.persistent.User#patient]
00:47:47.281 [main] DEBUG o.h.engine.internal.TwoPhaseLoad - Resolving associations for [edu.ncsu.csc.itrust2.models.persistent.User#patient]
00:47:47.294 [main] DEBUG o.h.engine.internal.TwoPhaseLoad - Done materializing entity [edu.ncsu.csc.itrust2.models.persistent.User#patient]
00:47:47.294 [main] DEBUG o.h.e.t.internal.TransactionImpl - committing
00:47:47.294 [main] DEBUG o.h.e.i.AbstractFlushingEventListener - Processing flush-time cascades
00:47:47.294 [main] DEBUG o.h.e.i.AbstractFlushingEventListener - Dirty checking collections
00:47:47.295 [main] DEBUG o.h.e.i.AbstractFlushingEventListener - Flushed: 0 insertions, 0 updates, 0 deletions to 1 objects
00:47:47.295 [main] DEBUG o.h.e.i.AbstractFlushingEventListener - Flushed: 0 (re)creations, 0 updates, 0 removals to 0 collections
00:47:47.295 [main] DEBUG o.h.internal.util.EntityPrinter - Listing entities:
00:47:47.295 [main] DEBUG o.h.internal.util.EntityPrinter - edu.ncsu.csc.itrust2.models.persistent.User{password=$2a$10$NORtldzZVIgePsbV4dq1Yuu4qmDM1z4NLacR.mjbUiyYGtY8/wzDS, role=ROLE_PATIENT, enabled=1, username=patient}
00:47:47.295 [main] DEBUG o.h.e.t.internal.TransactionImpl - begin
00:47:47.296 [main] DEBUG org.hibernate.SQL - select this_.username as username1_15_0_, this_.enabled as enabled2_15_0_, this_.password as password3_15_0_, this_.role as role4_15_0_ from Users this_ where this_.username=? and this_.role=?
Hibernate: select this_.username as username1_15_0_, this_.enabled as enabled2_15_0_, this_.password as password3_15_0_, this_.role as role4_15_0_ from Users this_ where this_.username=? and this_.role=?
00:47:47.302 [main] DEBUG org.hibernate.loader.Loader - Result set row: 0
00:47:47.302 [main] DEBUG org.hibernate.loader.Loader - Result row: EntityKey[edu.ncsu.csc.itrust2.models.persistent.User#hcp]
00:47:47.302 [main] DEBUG o.h.engine.internal.TwoPhaseLoad - Resolving associations for [edu.ncsu.csc.itrust2.models.persistent.User#hcp]
00:47:47.303 [main] DEBUG o.h.engine.internal.TwoPhaseLoad - Done materializing entity [edu.ncsu.csc.itrust2.models.persistent.User#hcp]
00:47:47.303 [main] DEBUG o.h.e.t.internal.TransactionImpl - committing
00:47:47.303 [main] DEBUG o.h.e.i.AbstractFlushingEventListener - Processing flush-time cascades
00:47:47.303 [main] DEBUG o.h.e.i.AbstractFlushingEventListener - Dirty checking collections
00:47:47.303 [main] DEBUG o.h.e.i.AbstractFlushingEventListener - Flushed: 0 insertions, 0 updates, 0 deletions to 1 objects
00:47:47.303 [main] DEBUG o.h.e.i.AbstractFlushingEventListener - Flushed: 0 (re)creations, 0 updates, 0 removals to 0 collections
00:47:47.303 [main] DEBUG o.h.internal.util.EntityPrinter - Listing entities:
00:47:47.303 [main] DEBUG o.h.internal.util.EntityPrinter - edu.ncsu.csc.itrust2.models.persistent.User{password=$2a$10$BlPgtylNXFaO.9doOuJZOey4s6t.GFaCaC54cIlB7vBJEmcRbtfF., role=ROLE_HCP, enabled=1, username=hcp}
00:47:47.304 [main] DEBUG o.h.e.t.internal.TransactionImpl - begin
00:47:47.307 [main] DEBUG org.hibernate.SQL - select this_.name as name1_4_0_, this_.address as address2_4_0_, this_.state as state3_4_0_, this_.zip as zip4_4_0_ from Hospitals this_ where this_.name=?
Hibernate: select this_.name as name1_4_0_, this_.address as address2_4_0_, this_.state as state3_4_0_, this_.zip as zip4_4_0_ from Hospitals this_ where this_.name=?
00:47:47.318 [main] DEBUG org.hibernate.loader.Loader - Result set row: 0
00:47:47.318 [main] DEBUG org.hibernate.loader.Loader - Result row: EntityKey[edu.ncsu.csc.itrust2.models.persistent.Hospital#iTrust Test Hospital 2]
00:47:47.319 [main] DEBUG o.h.engine.internal.TwoPhaseLoad - Resolving associations for [edu.ncsu.csc.itrust2.models.persistent.Hospital#iTrust Test Hospital 2]
00:47:47.319 [main] DEBUG o.h.engine.internal.TwoPhaseLoad - Done materializing entity [edu.ncsu.csc.itrust2.models.persistent.Hospital#iTrust Test Hospital 2]
00:47:47.319 [main] DEBUG o.h.e.t.internal.TransactionImpl - committing
00:47:47.319 [main] DEBUG o.h.e.i.AbstractFlushingEventListener - Processing flush-time cascades
00:47:47.319 [main] DEBUG o.h.e.i.AbstractFlushingEventListener - Dirty checking collections
00:47:47.319 [main] DEBUG o.h.e.i.AbstractFlushingEventListener - Flushed: 0 insertions, 0 updates, 0 deletions to 1 objects
00:47:47.319 [main] DEBUG o.h.e.i.AbstractFlushingEventListener - Flushed: 0 (re)creations, 0 updates, 0 removals to 0 collections
00:47:47.319 [main] DEBUG o.h.internal.util.EntityPrinter - Listing entities:
00:47:47.319 [main] DEBUG o.h.internal.util.EntityPrinter - edu.ncsu.csc.itrust2.models.persistent.Hospital{zip=27607, address=1 iTrust Test Street, name=iTrust Test Hospital 2, state=NC}
00:47:47.323 [main] DEBUG o.h.e.t.internal.TransactionImpl - begin
00:47:47.325 [main] DEBUG org.hibernate.SQL - select this_.username as username1_15_0_, this_.enabled as enabled2_15_0_, this_.password as password3_15_0_, this_.role as role4_15_0_ from Users this_ where this_.username=? and this_.role=?
Hibernate: select this_.username as username1_15_0_, this_.enabled as enabled2_15_0_, this_.password as password3_15_0_, this_.role as role4_15_0_ from Users this_ where this_.username=? and this_.role=?
00:47:47.330 [main] DEBUG org.hibernate.loader.Loader - Result set row: 0
00:47:47.330 [main] DEBUG org.hibernate.loader.Loader - Result row: EntityKey[edu.ncsu.csc.itrust2.models.persistent.User#patient]
00:47:47.330 [main] DEBUG o.h.engine.internal.TwoPhaseLoad - Resolving associations for [edu.ncsu.csc.itrust2.models.persistent.User#patient]
00:47:47.330 [main] DEBUG o.h.engine.internal.TwoPhaseLoad - Done materializing entity [edu.ncsu.csc.itrust2.models.persistent.User#patient]
00:47:47.331 [main] DEBUG o.h.e.t.internal.TransactionImpl - committing
00:47:47.331 [main] DEBUG o.h.e.i.AbstractFlushingEventListener - Processing flush-time cascades
00:47:47.331 [main] DEBUG o.h.e.i.AbstractFlushingEventListener - Dirty checking collections
00:47:47.331 [main] DEBUG o.h.e.i.AbstractFlushingEventListener - Flushed: 0 insertions, 0 updates, 0 deletions to 1 objects
00:47:47.331 [main] DEBUG o.h.e.i.AbstractFlushingEventListener - Flushed: 0 (re)creations, 0 updates, 0 removals to 0 collections
00:47:47.342 [main] DEBUG o.h.internal.util.EntityPrinter - Listing entities:
00:47:47.342 [main] DEBUG o.h.internal.util.EntityPrinter - edu.ncsu.csc.itrust2.models.persistent.User{password=$2a$10$NORtldzZVIgePsbV4dq1Yuu4qmDM1z4NLacR.mjbUiyYGtY8/wzDS, role=ROLE_PATIENT, enabled=1, username=patient}
00:47:47.343 [main] DEBUG o.h.e.t.internal.TransactionImpl - begin
00:47:47.344 [main] DEBUG org.hibernate.SQL - select this_.username as username1_15_0_, this_.enabled as enabled2_15_0_, this_.password as password3_15_0_, this_.role as role4_15_0_ from Users this_ where this_.username=? and this_.role=?
Hibernate: select this_.username as username1_15_0_, this_.enabled as enabled2_15_0_, this_.password as password3_15_0_, this_.role as role4_15_0_ from Users this_ where this_.username=? and this_.role=?
00:47:47.344 [main] DEBUG org.hibernate.loader.Loader - Result set row: 0
00:47:47.344 [main] DEBUG org.hibernate.loader.Loader - Result row: EntityKey[edu.ncsu.csc.itrust2.models.persistent.User#hcp]
00:47:47.345 [main] DEBUG o.h.engine.internal.TwoPhaseLoad - Resolving associations for [edu.ncsu.csc.itrust2.models.persistent.User#hcp]
00:47:47.345 [main] DEBUG o.h.engine.internal.TwoPhaseLoad - Done materializing entity [edu.ncsu.csc.itrust2.models.persistent.User#hcp]
00:47:47.345 [main] DEBUG o.h.e.t.internal.TransactionImpl - committing
00:47:47.346 [main] DEBUG o.h.e.i.AbstractFlushingEventListener - Processing flush-time cascades
00:47:47.346 [main] DEBUG o.h.e.i.AbstractFlushingEventListener - Dirty checking collections
00:47:47.346 [main] DEBUG o.h.e.i.AbstractFlushingEventListener - Flushed: 0 insertions, 0 updates, 0 deletions to 1 objects
00:47:47.346 [main] DEBUG o.h.e.i.AbstractFlushingEventListener - Flushed: 0 (re)creations, 0 updates, 0 removals to 0 collections
00:47:47.346 [main] DEBUG o.h.internal.util.EntityPrinter - Listing entities:
00:47:47.346 [main] DEBUG o.h.internal.util.EntityPrinter - edu.ncsu.csc.itrust2.models.persistent.User{password=$2a$10$BlPgtylNXFaO.9doOuJZOey4s6t.GFaCaC54cIlB7vBJEmcRbtfF., role=ROLE_HCP, enabled=1, username=hcp}
00:47:47.347 [main] DEBUG o.h.e.t.internal.TransactionImpl - begin
00:47:47.348 [main] DEBUG org.hibernate.SQL - select this_.username as username1_15_0_, this_.enabled as enabled2_15_0_, this_.password as password3_15_0_, this_.role as role4_15_0_ from Users this_ where this_.username=? and this_.role=?
Hibernate: select this_.username as username1_15_0_, this_.enabled as enabled2_15_0_, this_.password as password3_15_0_, this_.role as role4_15_0_ from Users this_ where this_.username=? and this_.role=?
00:47:47.350 [main] DEBUG org.hibernate.loader.Loader - Result set row: 0
00:47:47.350 [main] DEBUG org.hibernate.loader.Loader - Result row: EntityKey[edu.ncsu.csc.itrust2.models.persistent.User#patient]
00:47:47.350 [main] DEBUG o.h.engine.internal.TwoPhaseLoad - Resolving associations for [edu.ncsu.csc.itrust2.models.persistent.User#patient]
00:47:47.350 [main] DEBUG o.h.engine.internal.TwoPhaseLoad - Done materializing entity [edu.ncsu.csc.itrust2.models.persistent.User#patient]
00:47:47.351 [main] DEBUG o.h.e.t.internal.TransactionImpl - committing
00:47:47.351 [main] DEBUG o.h.e.i.AbstractFlushingEventListener - Processing flush-time cascades
00:47:47.351 [main] DEBUG o.h.e.i.AbstractFlushingEventListener - Dirty checking collections
00:47:47.352 [main] DEBUG o.h.e.i.AbstractFlushingEventListener - Flushed: 0 insertions, 0 updates, 0 deletions to 1 objects
00:47:47.352 [main] DEBUG o.h.e.i.AbstractFlushingEventListener - Flushed: 0 (re)creations, 0 updates, 0 removals to 0 collections
00:47:47.352 [main] DEBUG o.h.internal.util.EntityPrinter - Listing entities:
00:47:47.353 [main] DEBUG o.h.internal.util.EntityPrinter - edu.ncsu.csc.itrust2.models.persistent.User{password=$2a$10$NORtldzZVIgePsbV4dq1Yuu4qmDM1z4NLacR.mjbUiyYGtY8/wzDS, role=ROLE_PATIENT, enabled=1, username=patient}
00:47:47.355 [main] DEBUG o.h.e.t.internal.TransactionImpl - begin
00:47:47.356 [main] DEBUG org.hibernate.SQL - select this_.self_id as self_id18_12_2_, this_.address1 as address1_12_2_, this_.address2 as address2_12_2_, this_.bloodType as bloodTyp3_12_2_, this_.causeOfDeath as causeOfD4_12_2_, this_.city as city5_12_2_, this_.dateOfBirth as dateOfBi6_12_2_, this_.dateOfDeath as dateOfDe7_12_2_, this_.email as email8_12_2_, this_.ethnicity as ethnicit9_12_2_, this_.father_id as father_19_12_2_, this_.firstName as firstNa10_12_2_, this_.gender as gender11_12_2_, this_.id as id12_12_2_, this_.lastName as lastNam13_12_2_, this_.mother_id as mother_20_12_2_, this_.phone as phone14_12_2_, this_.preferredName as preferr15_12_2_, this_.state as state16_12_2_, this_.zip as zip17_12_2_, user2_.username as username1_15_0_, user2_.enabled as enabled2_15_0_, user2_.password as password3_15_0_, user2_.role as role4_15_0_, user3_.username as username1_15_1_, user3_.enabled as enabled2_15_1_, user3_.password as password3_15_1_, user3_.role as role4_15_1_ from Patients this_ left outer join Users user2_ on this_.father_id=user2_.username left outer join Users user3_ on this_.mother_id=user3_.username where this_.self_id=?
Hibernate: select this_.self_id as self_id18_12_2_, this_.address1 as address1_12_2_, this_.address2 as address2_12_2_, this_.bloodType as bloodTyp3_12_2_, this_.causeOfDeath as causeOfD4_12_2_, this_.city as city5_12_2_, this_.dateOfBirth as dateOfBi6_12_2_, this_.dateOfDeath as dateOfDe7_12_2_, this_.email as email8_12_2_, this_.ethnicity as ethnicit9_12_2_, this_.father_id as father_19_12_2_, this_.firstName as firstNa10_12_2_, this_.gender as gender11_12_2_, this_.id as id12_12_2_, this_.lastName as lastNam13_12_2_, this_.mother_id as mother_20_12_2_, this_.phone as phone14_12_2_, this_.preferredName as preferr15_12_2_, this_.state as state16_12_2_, this_.zip as zip17_12_2_, user2_.username as username1_15_0_, user2_.enabled as enabled2_15_0_, user2_.password as password3_15_0_, user2_.role as role4_15_0_, user3_.username as username1_15_1_, user3_.enabled as enabled2_15_1_, user3_.password as password3_15_1_, user3_.role as role4_15_1_ from Patients this_ left outer join Users user2_ on this_.father_id=user2_.username left outer join Users user3_ on this_.mother_id=user3_.username where this_.self_id=?
00:47:47.356 [main] DEBUG o.h.e.t.internal.TransactionImpl - committing
00:47:47.370 [main] DEBUG o.h.e.t.internal.TransactionImpl - begin
00:47:47.371 [main] DEBUG org.hibernate.SQL - select this_.username as username1_15_0_, this_.enabled as enabled2_15_0_, this_.password as password3_15_0_, this_.role as role4_15_0_ from Users this_ where this_.username=? and this_.role=?
Hibernate: select this_.username as username1_15_0_, this_.enabled as enabled2_15_0_, this_.password as password3_15_0_, this_.role as role4_15_0_ from Users this_ where this_.username=? and this_.role=?
00:47:47.372 [main] DEBUG org.hibernate.loader.Loader - Result set row: 0
00:47:47.372 [main] DEBUG org.hibernate.loader.Loader - Result row: EntityKey[edu.ncsu.csc.itrust2.models.persistent.User#hcp]
00:47:47.372 [main] DEBUG o.h.engine.internal.TwoPhaseLoad - Resolving associations for [edu.ncsu.csc.itrust2.models.persistent.User#hcp]
00:47:47.372 [main] DEBUG o.h.engine.internal.TwoPhaseLoad - Done materializing entity [edu.ncsu.csc.itrust2.models.persistent.User#hcp]
00:47:47.372 [main] DEBUG o.h.e.t.internal.TransactionImpl - committing
00:47:47.373 [main] DEBUG o.h.e.i.AbstractFlushingEventListener - Processing flush-time cascades
00:47:47.373 [main] DEBUG o.h.e.i.AbstractFlushingEventListener - Dirty checking collections
00:47:47.373 [main] DEBUG o.h.e.i.AbstractFlushingEventListener - Flushed: 0 insertions, 0 updates, 0 deletions to 1 objects
00:47:47.373 [main] DEBUG o.h.e.i.AbstractFlushingEventListener - Flushed: 0 (re)creations, 0 updates, 0 removals to 0 collections
00:47:47.373 [main] DEBUG o.h.internal.util.EntityPrinter - Listing entities:
00:47:47.373 [main] DEBUG o.h.internal.util.EntityPrinter - edu.ncsu.csc.itrust2.models.persistent.User{password=$2a$10$BlPgtylNXFaO.9doOuJZOey4s6t.GFaCaC54cIlB7vBJEmcRbtfF., role=ROLE_HCP, enabled=1, username=hcp}
00:47:47.374 [main] DEBUG o.h.e.t.internal.TransactionImpl - begin
00:47:47.381 [main] DEBUG org.hibernate.SQL - select this_.id as id1_10_12_, this_.appointment_id as appointm5_10_12_, this_.basichealthmetrics_id as basichea6_10_12_, this_.date as date2_10_12_, this_.hcp_id as hcp_id7_10_12_, this_.hospital_id as hospital8_10_12_, this_.notes as notes3_10_12_, this_.patient_id as patient_9_10_12_, this_.type as type4_10_12_, appointmen2_.id as id1_0_0_, appointmen2_.comments as comments2_0_0_, appointmen2_.date as date3_0_0_, appointmen2_.hcp_id as hcp_id6_0_0_, appointmen2_.patient_id as patient_7_0_0_, appointmen2_.status as status4_0_0_, appointmen2_.type as type5_0_0_, user3_.username as username1_15_1_, user3_.enabled as enabled2_15_1_, user3_.password as password3_15_1_, user3_.role as role4_15_1_, user4_.username as username1_15_2_, user4_.enabled as enabled2_15_2_, user4_.password as password3_15_2_, user4_.role as role4_15_2_, basichealt5_.id as id1_1_3_, basichealt5_.diastolic as diastoli2_1_3_, basichealt5_.hcp_id as hcp_id12_1_3_, basichealt5_.hdl as hdl3_1_3_, basichealt5_.headCircumference as headCirc4_1_3_, basichealt5_.height as height5_1_3_, basichealt5_.houseSmokingStatus as houseSmo6_1_3_, basichealt5_.ldl as ldl7_1_3_, basichealt5_.patient_id as patient13_1_3_, basichealt5_.patientSmokingStatus as patientS8_1_3_, basichealt5_.systolic as systolic9_1_3_, basichealt5_.tri as tri10_1_3_, basichealt5_.weight as weight11_1_3_, user6_.username as username1_15_4_, user6_.enabled as enabled2_15_4_, user6_.password as password3_15_4_, user6_.role as role4_15_4_, user7_.username as username1_15_5_, user7_.enabled as enabled2_15_5_, user7_.password as password3_15_5_, user7_.role as role4_15_5_, user8_.username as username1_15_6_, user8_.enabled as enabled2_15_6_, user8_.password as password3_15_6_, user8_.role as role4_15_6_, hospital9_.name as name1_4_7_, hospital9_.address as address2_4_7_, hospital9_.state as state3_4_7_, hospital9_.zip as zip4_4_7_, user10_.username as username1_15_8_, user10_.enabled as enabled2_15_8_, user10_.password as password3_15_8_, user10_.role as role4_15_8_, prescripti11_.prescriptions_id as prescrip8_14_14_, prescripti11_.id as id1_14_14_, prescripti11_.id as id1_14_9_, prescripti11_.dosage as dosage2_14_9_, prescripti11_.drug_id as drug_id6_14_9_, prescripti11_.endDate as endDate3_14_9_, prescripti11_.patient_id as patient_7_14_9_, prescripti11_.renewals as renewals4_14_9_, prescripti11_.startDate as startDat5_14_9_, drug12_.id as id1_3_10_, drug12_.code as code2_3_10_, drug12_.description as descript3_3_10_, drug12_.name as name4_3_10_, user13_.username as username1_15_11_, user13_.enabled as enabled2_15_11_, user13_.password as password3_15_11_, user13_.role as role4_15_11_ from OfficeVisits this_ left outer join AppointmentRequests appointmen2_ on this_.appointment_id=appointmen2_.id left outer join Users user3_ on appointmen2_.hcp_id=user3_.username left outer join Users user4_ on appointmen2_.patient_id=user4_.username left outer join BasicHealthMetrics basichealt5_ on this_.basichealthmetrics_id=basichealt5_.id left outer join Users user6_ on basichealt5_.hcp_id=user6_.username left outer join Users user7_ on basichealt5_.patient_id=user7_.username inner join Users user8_ on this_.hcp_id=user8_.username inner join Hospitals hospital9_ on this_.hospital_id=hospital9_.name inner join Users user10_ on this_.patient_id=user10_.username left outer join Prescriptions prescripti11_ on this_.id=prescripti11_.prescriptions_id left outer join Drugs drug12_ on prescripti11_.drug_id=drug12_.id left outer join Users user13_ on prescripti11_.patient_id=user13_.username where this_.hcp_id=?
Hibernate: select this_.id as id1_10_12_, this_.appointment_id as appointm5_10_12_, this_.basichealthmetrics_id as basichea6_10_12_, this_.date as date2_10_12_, this_.hcp_id as hcp_id7_10_12_, this_.hospital_id as hospital8_10_12_, this_.notes as notes3_10_12_, this_.patient_id as patient_9_10_12_, this_.type as type4_10_12_, appointmen2_.id as id1_0_0_, appointmen2_.comments as comments2_0_0_, appointmen2_.date as date3_0_0_, appointmen2_.hcp_id as hcp_id6_0_0_, appointmen2_.patient_id as patient_7_0_0_, appointmen2_.status as status4_0_0_, appointmen2_.type as type5_0_0_, user3_.username as username1_15_1_, user3_.enabled as enabled2_15_1_, user3_.password as password3_15_1_, user3_.role as role4_15_1_, user4_.username as username1_15_2_, user4_.enabled as enabled2_15_2_, user4_.password as password3_15_2_, user4_.role as role4_15_2_, basichealt5_.id as id1_1_3_, basichealt5_.diastolic as diastoli2_1_3_, basichealt5_.hcp_id as hcp_id12_1_3_, basichealt5_.hdl as hdl3_1_3_, basichealt5_.headCircumference as headCirc4_1_3_, basichealt5_.height as height5_1_3_, basichealt5_.houseSmokingStatus as houseSmo6_1_3_, basichealt5_.ldl as ldl7_1_3_, basichealt5_.patient_id as patient13_1_3_, basichealt5_.patientSmokingStatus as patientS8_1_3_, basichealt5_.systolic as systolic9_1_3_, basichealt5_.tri as tri10_1_3_, basichealt5_.weight as weight11_1_3_, user6_.username as username1_15_4_, user6_.enabled as enabled2_15_4_, user6_.password as password3_15_4_, user6_.role as role4_15_4_, user7_.username as username1_15_5_, user7_.enabled as enabled2_15_5_, user7_.password as password3_15_5_, user7_.role as role4_15_5_, user8_.username as username1_15_6_, user8_.enabled as enabled2_15_6_, user8_.password as password3_15_6_, user8_.role as role4_15_6_, hospital9_.name as name1_4_7_, hospital9_.address as address2_4_7_, hospital9_.state as state3_4_7_, hospital9_.zip as zip4_4_7_, user10_.username as username1_15_8_, user10_.enabled as enabled2_15_8_, user10_.password as password3_15_8_, user10_.role as role4_15_8_, prescripti11_.prescriptions_id as prescrip8_14_14_, prescripti11_.id as id1_14_14_, prescripti11_.id as id1_14_9_, prescripti11_.dosage as dosage2_14_9_, prescripti11_.drug_id as drug_id6_14_9_, prescripti11_.endDate as endDate3_14_9_, prescripti11_.patient_id as patient_7_14_9_, prescripti11_.renewals as renewals4_14_9_, prescripti11_.startDate as startDat5_14_9_, drug12_.id as id1_3_10_, drug12_.code as code2_3_10_, drug12_.description as descript3_3_10_, drug12_.name as name4_3_10_, user13_.username as username1_15_11_, user13_.enabled as enabled2_15_11_, user13_.password as password3_15_11_, user13_.role as role4_15_11_ from OfficeVisits this_ left outer join AppointmentRequests appointmen2_ on this_.appointment_id=appointmen2_.id left outer join Users user3_ on appointmen2_.hcp_id=user3_.username left outer join Users user4_ on appointmen2_.patient_id=user4_.username left outer join BasicHealthMetrics basichealt5_ on this_.basichealthmetrics_id=basichealt5_.id left outer join Users user6_ on basichealt5_.hcp_id=user6_.username left outer join Users user7_ on basichealt5_.patient_id=user7_.username inner join Users user8_ on this_.hcp_id=user8_.username inner join Hospitals hospital9_ on this_.hospital_id=hospital9_.name inner join Users user10_ on this_.patient_id=user10_.username left outer join Prescriptions prescripti11_ on this_.id=prescripti11_.prescriptions_id left outer join Drugs drug12_ on prescripti11_.drug_id=drug12_.id left outer join Users user13_ on prescripti11_.patient_id=user13_.username where this_.hcp_id=?
00:47:47.394 [main] DEBUG org.hibernate.loader.Loader - Result set row: 0
00:47:47.395 [main] DEBUG org.hibernate.loader.Loader - Result row: null, null, null, EntityKey[edu.ncsu.csc.itrust2.models.persistent.BasicHealthMetrics#48], EntityKey[edu.ncsu.csc.itrust2.models.persistent.User#hcp], EntityKey[edu.ncsu.csc.itrust2.models.persistent.User#patient], EntityKey[edu.ncsu.csc.itrust2.models.persistent.User#hcp], EntityKey[edu.ncsu.csc.itrust2.models.persistent.Hospital#iTrust Test Hospital 2], EntityKey[edu.ncsu.csc.itrust2.models.persistent.User#patient], null, null, null, EntityKey[edu.ncsu.csc.itrust2.models.persistent.OfficeVisit#49]
00:47:47.395 [main] DEBUG org.hibernate.loader.Loader - Result set contains (possibly empty) collection: [edu.ncsu.csc.itrust2.models.persistent.OfficeVisit.prescriptions#49]
00:47:47.396 [main] DEBUG o.h.engine.internal.TwoPhaseLoad - Resolving associations for [edu.ncsu.csc.itrust2.models.persistent.BasicHealthMetrics#48]
00:47:47.396 [main] DEBUG o.h.engine.internal.TwoPhaseLoad - Done materializing entity [edu.ncsu.csc.itrust2.models.persistent.BasicHealthMetrics#48]
00:47:47.396 [main] DEBUG o.h.engine.internal.TwoPhaseLoad - Resolving associations for [edu.ncsu.csc.itrust2.models.persistent.User#hcp]
00:47:47.396 [main] DEBUG o.h.engine.internal.TwoPhaseLoad - Done materializing entity [edu.ncsu.csc.itrust2.models.persistent.User#hcp]
00:47:47.396 [main] DEBUG o.h.engine.internal.TwoPhaseLoad - Resolving associations for [edu.ncsu.csc.itrust2.models.persistent.User#patient]
00:47:47.397 [main] DEBUG o.h.engine.internal.TwoPhaseLoad - Done materializing entity [edu.ncsu.csc.itrust2.models.persistent.User#patient]
00:47:47.397 [main] DEBUG o.h.engine.internal.TwoPhaseLoad - Resolving associations for [edu.ncsu.csc.itrust2.models.persistent.Hospital#iTrust Test Hospital 2]
00:47:47.397 [main] DEBUG o.h.engine.internal.TwoPhaseLoad - Done materializing entity [edu.ncsu.csc.itrust2.models.persistent.Hospital#iTrust Test Hospital 2]
00:47:47.397 [main] DEBUG o.h.engine.internal.TwoPhaseLoad - Resolving associations for [edu.ncsu.csc.itrust2.models.persistent.OfficeVisit#49]
00:47:47.397 [main] DEBUG o.h.engine.internal.TwoPhaseLoad - Done materializing entity [edu.ncsu.csc.itrust2.models.persistent.OfficeVisit#49]
00:47:47.397 [main] DEBUG o.h.e.l.i.CollectionLoadContext - 1 collections were found in result set for role: edu.ncsu.csc.itrust2.models.persistent.OfficeVisit.prescriptions
00:47:47.397 [main] DEBUG o.h.e.l.i.CollectionLoadContext - Collection fully initialized: [edu.ncsu.csc.itrust2.models.persistent.OfficeVisit.prescriptions#49]
00:47:47.397 [main] DEBUG o.h.e.l.i.CollectionLoadContext - 1 collections initialized for role: edu.ncsu.csc.itrust2.models.persistent.OfficeVisit.prescriptions
00:47:47.398 [main] DEBUG o.h.e.t.internal.TransactionImpl - committing
00:47:47.398 [main] DEBUG o.h.e.i.AbstractFlushingEventListener - Processing flush-time cascades
00:47:47.398 [main] DEBUG o.h.e.i.AbstractFlushingEventListener - Dirty checking collections
00:47:47.398 [main] DEBUG o.h.engine.internal.Collections - Collection found: [edu.ncsu.csc.itrust2.models.persistent.OfficeVisit.prescriptions#49], was: [edu.ncsu.csc.itrust2.models.persistent.OfficeVisit.prescriptions#49] (initialized)
00:47:47.398 [main] DEBUG o.h.e.i.AbstractFlushingEventListener - Flushed: 0 insertions, 0 updates, 0 deletions to 5 objects
00:47:47.398 [main] DEBUG o.h.e.i.AbstractFlushingEventListener - Flushed: 0 (re)creations, 0 updates, 0 removals to 1 collections
00:47:47.398 [main] DEBUG o.h.internal.util.EntityPrinter - Listing entities:
00:47:47.398 [main] DEBUG o.h.internal.util.EntityPrinter - edu.ncsu.csc.itrust2.models.persistent.User{password=$2a$10$NORtldzZVIgePsbV4dq1Yuu4qmDM1z4NLacR.mjbUiyYGtY8/wzDS, role=ROLE_PATIENT, enabled=1, username=patient}
00:47:47.399 [main] DEBUG o.h.internal.util.EntityPrinter - edu.ncsu.csc.itrust2.models.persistent.User{password=$2a$10$BlPgtylNXFaO.9doOuJZOey4s6t.GFaCaC54cIlB7vBJEmcRbtfF., role=ROLE_HCP, enabled=1, username=hcp}
00:47:47.399 [main] DEBUG o.h.internal.util.EntityPrinter - edu.ncsu.csc.itrust2.models.persistent.BasicHealthMetrics{patientSmokingStatus=null, headCircumference=null, weight=null, tri=null, hdl=null, diastolic=null, systolic=null, hcp=edu.ncsu.csc.itrust2.models.persistent.User#hcp, ldl=null, houseSmokingStatus=null, patient=edu.ncsu.csc.itrust2.models.persistent.User#patient, id=48, height=null}
00:47:47.406 [main] DEBUG o.h.internal.util.EntityPrinter - edu.ncsu.csc.itrust2.models.persistent.OfficeVisit{date=java.util.GregorianCalendar[time=2470657800000,areFieldsSet=true,areAllFieldsSet=true,lenient=true,zone=sun.util.calendar.ZoneInfo[id="America/New_York",offset=-18000000,dstSavings=3600000,useDaylight=true,transitions=235,lastRule=java.util.SimpleTimeZone[id=America/New_York,offset=-18000000,dstSavings=3600000,useDaylight=true,startYear=0,startMode=3,startMonth=2,startDay=8,startDayOfWeek=1,startTime=7200000,startTimeMode=0,endMode=3,endMonth=10,endDay=1,endDayOfWeek=1,endTime=7200000,endTimeMode=0]],firstDayOfWeek=1,minimalDaysInFirstWeek=1,ERA=1,YEAR=2048,MONTH=3,WEEK_OF_YEAR=16,WEEK_OF_MONTH=3,DAY_OF_MONTH=16,DAY_OF_YEAR=107,DAY_OF_WEEK=5,DAY_OF_WEEK_IN_MONTH=3,AM_PM=0,HOUR=9,HOUR_OF_DAY=9,MINUTE=50,SECOND=0,MILLISECOND=0,ZONE_OFFSET=-18000000,DST_OFFSET=3600000], notes=Test office visit, hcp=edu.ncsu.csc.itrust2.models.persistent.User#hcp, patient=edu.ncsu.csc.itrust2.models.persistent.User#patient, basicHealthMetrics=edu.ncsu.csc.itrust2.models.persistent.BasicHealthMetrics#48, appointment=null, id=49, hospital=edu.ncsu.csc.itrust2.models.persistent.Hospital#iTrust Test Hospital 2, type=GENERAL_CHECKUP, prescriptions=[]}
00:47:47.410 [main] DEBUG o.h.internal.util.EntityPrinter - edu.ncsu.csc.itrust2.models.persistent.Hospital{zip=27607, address=1 iTrust Test Street, name=iTrust Test Hospital 2, state=NC}
00:47:47.411 [main] DEBUG o.h.e.t.internal.TransactionImpl - begin
00:47:47.413 [main] DEBUG org.hibernate.SQL - select this_.username as username1_15_0_, this_.enabled as enabled2_15_0_, this_.password as password3_15_0_, this_.role as role4_15_0_ from Users this_ where this_.username=? and this_.role=?
Hibernate: select this_.username as username1_15_0_, this_.enabled as enabled2_15_0_, this_.password as password3_15_0_, this_.role as role4_15_0_ from Users this_ where this_.username=? and this_.role=?
00:47:47.417 [main] DEBUG org.hibernate.loader.Loader - Result set row: 0
00:47:47.418 [main] DEBUG org.hibernate.loader.Loader - Result row: EntityKey[edu.ncsu.csc.itrust2.models.persistent.User#hcp]
00:47:47.418 [main] DEBUG o.h.engine.internal.TwoPhaseLoad - Resolving associations for [edu.ncsu.csc.itrust2.models.persistent.User#hcp]
00:47:47.418 [main] DEBUG o.h.engine.internal.TwoPhaseLoad - Done materializing entity [edu.ncsu.csc.itrust2.models.persistent.User#hcp]
00:47:47.418 [main] DEBUG o.h.e.t.internal.TransactionImpl - committing
00:47:47.418 [main] DEBUG o.h.e.i.AbstractFlushingEventListener - Processing flush-time cascades
00:47:47.418 [main] DEBUG o.h.e.i.AbstractFlushingEventListener - Dirty checking collections
00:47:47.419 [main] DEBUG o.h.e.i.AbstractFlushingEventListener - Flushed: 0 insertions, 0 updates, 0 deletions to 1 objects
00:47:47.419 [main] DEBUG o.h.e.i.AbstractFlushingEventListener - Flushed: 0 (re)creations, 0 updates, 0 removals to 0 collections
00:47:47.419 [main] DEBUG o.h.internal.util.EntityPrinter - Listing entities:
00:47:47.419 [main] DEBUG o.h.internal.util.EntityPrinter - edu.ncsu.csc.itrust2.models.persistent.User{password=$2a$10$BlPgtylNXFaO.9doOuJZOey4s6t.GFaCaC54cIlB7vBJEmcRbtfF., role=ROLE_HCP, enabled=1, username=hcp}
00:47:47.419 [main] DEBUG o.h.e.t.internal.TransactionImpl - begin
00:47:47.435 [main] DEBUG org.hibernate.SQL - select this_.username as username1_15_0_, this_.enabled as enabled2_15_0_, this_.password as password3_15_0_, this_.role as role4_15_0_ from Users this_ where this_.username=? and this_.role=?
Hibernate: select this_.username as username1_15_0_, this_.enabled as enabled2_15_0_, this_.password as password3_15_0_, this_.role as role4_15_0_ from Users this_ where this_.username=? and this_.role=?
00:47:47.436 [main] DEBUG org.hibernate.loader.Loader - Result set row: 0
00:47:47.436 [main] DEBUG org.hibernate.loader.Loader - Result row: EntityKey[edu.ncsu.csc.itrust2.models.persistent.User#patient]
00:47:47.436 [main] DEBUG o.h.engine.internal.TwoPhaseLoad - Resolving associations for [edu.ncsu.csc.itrust2.models.persistent.User#patient]
00:47:47.436 [main] DEBUG o.h.engine.internal.TwoPhaseLoad - Done materializing entity [edu.ncsu.csc.itrust2.models.persistent.User#patient]
00:47:47.436 [main] DEBUG o.h.e.t.internal.TransactionImpl - committing
00:47:47.436 [main] DEBUG o.h.e.i.AbstractFlushingEventListener - Processing flush-time cascades
00:47:47.436 [main] DEBUG o.h.e.i.AbstractFlushingEventListener - Dirty checking collections
00:47:47.437 [main] DEBUG o.h.e.i.AbstractFlushingEventListener - Flushed: 0 insertions, 0 updates, 0 deletions to 1 objects
00:47:47.437 [main] DEBUG o.h.e.i.AbstractFlushingEventListener - Flushed: 0 (re)creations, 0 updates, 0 removals to 0 collections
00:47:47.437 [main] DEBUG o.h.internal.util.EntityPrinter - Listing entities:
00:47:47.437 [main] DEBUG o.h.internal.util.EntityPrinter - edu.ncsu.csc.itrust2.models.persistent.User{password=$2a$10$NORtldzZVIgePsbV4dq1Yuu4qmDM1z4NLacR.mjbUiyYGtY8/wzDS, role=ROLE_PATIENT, enabled=1, username=patient}
00:47:47.437 [main] DEBUG o.h.e.t.internal.TransactionImpl - begin
00:47:47.443 [main] DEBUG org.hibernate.SQL - select this_.id as id1_10_12_, this_.appointment_id as appointm5_10_12_, this_.basichealthmetrics_id as basichea6_10_12_, this_.date as date2_10_12_, this_.hcp_id as hcp_id7_10_12_, this_.hospital_id as hospital8_10_12_, this_.notes as notes3_10_12_, this_.patient_id as patient_9_10_12_, this_.type as type4_10_12_, appointmen2_.id as id1_0_0_, appointmen2_.comments as comments2_0_0_, appointmen2_.date as date3_0_0_, appointmen2_.hcp_id as hcp_id6_0_0_, appointmen2_.patient_id as patient_7_0_0_, appointmen2_.status as status4_0_0_, appointmen2_.type as type5_0_0_, user3_.username as username1_15_1_, user3_.enabled as enabled2_15_1_, user3_.password as password3_15_1_, user3_.role as role4_15_1_, user4_.username as username1_15_2_, user4_.enabled as enabled2_15_2_, user4_.password as password3_15_2_, user4_.role as role4_15_2_, basichealt5_.id as id1_1_3_, basichealt5_.diastolic as diastoli2_1_3_, basichealt5_.hcp_id as hcp_id12_1_3_, basichealt5_.hdl as hdl3_1_3_, basichealt5_.headCircumference as headCirc4_1_3_, basichealt5_.height as height5_1_3_, basichealt5_.houseSmokingStatus as houseSmo6_1_3_, basichealt5_.ldl as ldl7_1_3_, basichealt5_.patient_id as patient13_1_3_, basichealt5_.patientSmokingStatus as patientS8_1_3_, basichealt5_.systolic as systolic9_1_3_, basichealt5_.tri as tri10_1_3_, basichealt5_.weight as weight11_1_3_, user6_.username as username1_15_4_, user6_.enabled as enabled2_15_4_, user6_.password as password3_15_4_, user6_.role as role4_15_4_, user7_.username as username1_15_5_, user7_.enabled as enabled2_15_5_, user7_.password as password3_15_5_, user7_.role as role4_15_5_, user8_.username as username1_15_6_, user8_.enabled as enabled2_15_6_, user8_.password as password3_15_6_, user8_.role as role4_15_6_, hospital9_.name as name1_4_7_, hospital9_.address as address2_4_7_, hospital9_.state as state3_4_7_, hospital9_.zip as zip4_4_7_, user10_.username as username1_15_8_, user10_.enabled as enabled2_15_8_, user10_.password as password3_15_8_, user10_.role as role4_15_8_, prescripti11_.prescriptions_id as prescrip8_14_14_, prescripti11_.id as id1_14_14_, prescripti11_.id as id1_14_9_, prescripti11_.dosage as dosage2_14_9_, prescripti11_.drug_id as drug_id6_14_9_, prescripti11_.endDate as endDate3_14_9_, prescripti11_.patient_id as patient_7_14_9_, prescripti11_.renewals as renewals4_14_9_, prescripti11_.startDate as startDat5_14_9_, drug12_.id as id1_3_10_, drug12_.code as code2_3_10_, drug12_.description as descript3_3_10_, drug12_.name as name4_3_10_, user13_.username as username1_15_11_, user13_.enabled as enabled2_15_11_, user13_.password as password3_15_11_, user13_.role as role4_15_11_ from OfficeVisits this_ left outer join AppointmentRequests appointmen2_ on this_.appointment_id=appointmen2_.id left outer join Users user3_ on appointmen2_.hcp_id=user3_.username left outer join Users user4_ on appointmen2_.patient_id=user4_.username left outer join BasicHealthMetrics basichealt5_ on this_.basichealthmetrics_id=basichealt5_.id left outer join Users user6_ on basichealt5_.hcp_id=user6_.username left outer join Users user7_ on basichealt5_.patient_id=user7_.username inner join Users user8_ on this_.hcp_id=user8_.username inner join Hospitals hospital9_ on this_.hospital_id=hospital9_.name inner join Users user10_ on this_.patient_id=user10_.username left outer join Prescriptions prescripti11_ on this_.id=prescripti11_.prescriptions_id left outer join Drugs drug12_ on prescripti11_.drug_id=drug12_.id left outer join Users user13_ on prescripti11_.patient_id=user13_.username where this_.hcp_id=? and this_.patient_id=?
Hibernate: select this_.id as id1_10_12_, this_.appointment_id as appointm5_10_12_, this_.basichealthmetrics_id as basichea6_10_12_, this_.date as date2_10_12_, this_.hcp_id as hcp_id7_10_12_, this_.hospital_id as hospital8_10_12_, this_.notes as notes3_10_12_, this_.patient_id as patient_9_10_12_, this_.type as type4_10_12_, appointmen2_.id as id1_0_0_, appointmen2_.comments as comments2_0_0_, appointmen2_.date as date3_0_0_, appointmen2_.hcp_id as hcp_id6_0_0_, appointmen2_.patient_id as patient_7_0_0_, appointmen2_.status as status4_0_0_, appointmen2_.type as type5_0_0_, user3_.username as username1_15_1_, user3_.enabled as enabled2_15_1_, user3_.password as password3_15_1_, user3_.role as role4_15_1_, user4_.username as username1_15_2_, user4_.enabled as enabled2_15_2_, user4_.password as password3_15_2_, user4_.role as role4_15_2_, basichealt5_.id as id1_1_3_, basichealt5_.diastolic as diastoli2_1_3_, basichealt5_.hcp_id as hcp_id12_1_3_, basichealt5_.hdl as hdl3_1_3_, basichealt5_.headCircumference as headCirc4_1_3_, basichealt5_.height as height5_1_3_, basichealt5_.houseSmokingStatus as houseSmo6_1_3_, basichealt5_.ldl as ldl7_1_3_, basichealt5_.patient_id as patient13_1_3_, basichealt5_.patientSmokingStatus as patientS8_1_3_, basichealt5_.systolic as systolic9_1_3_, basichealt5_.tri as tri10_1_3_, basichealt5_.weight as weight11_1_3_, user6_.username as username1_15_4_, user6_.enabled as enabled2_15_4_, user6_.password as password3_15_4_, user6_.role as role4_15_4_, user7_.username as username1_15_5_, user7_.enabled as enabled2_15_5_, user7_.password as password3_15_5_, user7_.role as role4_15_5_, user8_.username as username1_15_6_, user8_.enabled as enabled2_15_6_, user8_.password as password3_15_6_, user8_.role as role4_15_6_, hospital9_.name as name1_4_7_, hospital9_.address as address2_4_7_, hospital9_.state as state3_4_7_, hospital9_.zip as zip4_4_7_, user10_.username as username1_15_8_, user10_.enabled as enabled2_15_8_, user10_.password as password3_15_8_, user10_.role as role4_15_8_, prescripti11_.prescriptions_id as prescrip8_14_14_, prescripti11_.id as id1_14_14_, prescripti11_.id as id1_14_9_, prescripti11_.dosage as dosage2_14_9_, prescripti11_.drug_id as drug_id6_14_9_, prescripti11_.endDate as endDate3_14_9_, prescripti11_.patient_id as patient_7_14_9_, prescripti11_.renewals as renewals4_14_9_, prescripti11_.startDate as startDat5_14_9_, drug12_.id as id1_3_10_, drug12_.code as code2_3_10_, drug12_.description as descript3_3_10_, drug12_.name as name4_3_10_, user13_.username as username1_15_11_, user13_.enabled as enabled2_15_11_, user13_.password as password3_15_11_, user13_.role as role4_15_11_ from OfficeVisits this_ left outer join AppointmentRequests appointmen2_ on this_.appointment_id=appointmen2_.id left outer join Users user3_ on appointmen2_.hcp_id=user3_.username left outer join Users user4_ on appointmen2_.patient_id=user4_.username left outer join BasicHealthMetrics basichealt5_ on this_.basichealthmetrics_id=basichealt5_.id left outer join Users user6_ on basichealt5_.hcp_id=user6_.username left outer join Users user7_ on basichealt5_.patient_id=user7_.username inner join Users user8_ on this_.hcp_id=user8_.username inner join Hospitals hospital9_ on this_.hospital_id=hospital9_.name inner join Users user10_ on this_.patient_id=user10_.username left outer join Prescriptions prescripti11_ on this_.id=prescripti11_.prescriptions_id left outer join Drugs drug12_ on prescripti11_.drug_id=drug12_.id left outer join Users user13_ on prescripti11_.patient_id=user13_.username where this_.hcp_id=? and this_.patient_id=?
00:47:47.450 [main] DEBUG org.hibernate.loader.Loader - Result set row: 0
00:47:47.450 [main] DEBUG org.hibernate.loader.Loader - Result row: null, null, null, EntityKey[edu.ncsu.csc.itrust2.models.persistent.BasicHealthMetrics#48], EntityKey[edu.ncsu.csc.itrust2.models.persistent.User#hcp], EntityKey[edu.ncsu.csc.itrust2.models.persistent.User#patient], EntityKey[edu.ncsu.csc.itrust2.models.persistent.User#hcp], EntityKey[edu.ncsu.csc.itrust2.models.persistent.Hospital#iTrust Test Hospital 2], EntityKey[edu.ncsu.csc.itrust2.models.persistent.User#patient], null, null, null, EntityKey[edu.ncsu.csc.itrust2.models.persistent.OfficeVisit#49]
00:47:47.452 [main] DEBUG org.hibernate.loader.Loader - Result set contains (possibly empty) collection: [edu.ncsu.csc.itrust2.models.persistent.OfficeVisit.prescriptions#49]
00:47:47.455 [main] DEBUG o.h.engine.internal.TwoPhaseLoad - Resolving associations for [edu.ncsu.csc.itrust2.models.persistent.BasicHealthMetrics#48]
00:47:47.455 [main] DEBUG o.h.engine.internal.TwoPhaseLoad - Done materializing entity [edu.ncsu.csc.itrust2.models.persistent.BasicHealthMetrics#48]
00:47:47.455 [main] DEBUG o.h.engine.internal.TwoPhaseLoad - Resolving associations for [edu.ncsu.csc.itrust2.models.persistent.User#hcp]
00:47:47.455 [main] DEBUG o.h.engine.internal.TwoPhaseLoad - Done materializing entity [edu.ncsu.csc.itrust2.models.persistent.User#hcp]
00:47:47.455 [main] DEBUG o.h.engine.internal.TwoPhaseLoad - Resolving associations for [edu.ncsu.csc.itrust2.models.persistent.User#patient]
00:47:47.455 [main] DEBUG o.h.engine.internal.TwoPhaseLoad - Done materializing entity [edu.ncsu.csc.itrust2.models.persistent.User#patient]
00:47:47.455 [main] DEBUG o.h.engine.internal.TwoPhaseLoad - Resolving associations for [edu.ncsu.csc.itrust2.models.persistent.Hospital#iTrust Test Hospital 2]
00:47:47.456 [main] DEBUG o.h.engine.internal.TwoPhaseLoad - Done materializing entity [edu.ncsu.csc.itrust2.models.persistent.Hospital#iTrust Test Hospital 2]
00:47:47.456 [main] DEBUG o.h.engine.internal.TwoPhaseLoad - Resolving associations for [edu.ncsu.csc.itrust2.models.persistent.OfficeVisit#49]
00:47:47.456 [main] DEBUG o.h.engine.internal.TwoPhaseLoad - Done materializing entity [edu.ncsu.csc.itrust2.models.persistent.OfficeVisit#49]
00:47:47.456 [main] DEBUG o.h.e.l.i.CollectionLoadContext - 1 collections were found in result set for role: edu.ncsu.csc.itrust2.models.persistent.OfficeVisit.prescriptions
00:47:47.456 [main] DEBUG o.h.e.l.i.CollectionLoadContext - Collection fully initialized: [edu.ncsu.csc.itrust2.models.persistent.OfficeVisit.prescriptions#49]
00:47:47.457 [main] DEBUG o.h.e.l.i.CollectionLoadContext - 1 collections initialized for role: edu.ncsu.csc.itrust2.models.persistent.OfficeVisit.prescriptions
00:47:47.457 [main] DEBUG o.h.e.t.internal.TransactionImpl - committing
00:47:47.467 [main] DEBUG o.h.e.i.AbstractFlushingEventListener - Processing flush-time cascades
00:47:47.467 [main] DEBUG o.h.e.i.AbstractFlushingEventListener - Dirty checking collections
00:47:47.468 [main] DEBUG o.h.engine.internal.Collections - Collection found: [edu.ncsu.csc.itrust2.models.persistent.OfficeVisit.prescriptions#49], was: [edu.ncsu.csc.itrust2.models.persistent.OfficeVisit.prescriptions#49] (initialized)
00:47:47.474 [main] DEBUG o.h.e.i.AbstractFlushingEventListener - Flushed: 0 insertions, 0 updates, 0 deletions to 5 objects
00:47:47.474 [main] DEBUG o.h.e.i.AbstractFlushingEventListener - Flushed: 0 (re)creations, 0 updates, 0 removals to 1 collections
00:47:47.474 [main] DEBUG o.h.internal.util.EntityPrinter - Listing entities:
00:47:47.474 [main] DEBUG o.h.internal.util.EntityPrinter - edu.ncsu.csc.itrust2.models.persistent.User{password=$2a$10$NORtldzZVIgePsbV4dq1Yuu4qmDM1z4NLacR.mjbUiyYGtY8/wzDS, role=ROLE_PATIENT, enabled=1, username=patient}
00:47:47.474 [main] DEBUG o.h.internal.util.EntityPrinter - edu.ncsu.csc.itrust2.models.persistent.User{password=$2a$10$BlPgtylNXFaO.9doOuJZOey4s6t.GFaCaC54cIlB7vBJEmcRbtfF., role=ROLE_HCP, enabled=1, username=hcp}
00:47:47.475 [main] DEBUG o.h.internal.util.EntityPrinter - edu.ncsu.csc.itrust2.models.persistent.BasicHealthMetrics{patientSmokingStatus=null, headCircumference=null, weight=null, tri=null, hdl=null, diastolic=null, systolic=null, hcp=edu.ncsu.csc.itrust2.models.persistent.User#hcp, ldl=null, houseSmokingStatus=null, patient=edu.ncsu.csc.itrust2.models.persistent.User#patient, id=48, height=null}
00:47:47.475 [main] DEBUG o.h.internal.util.EntityPrinter - edu.ncsu.csc.itrust2.models.persistent.OfficeVisit{date=java.util.GregorianCalendar[time=2470657800000,areFieldsSet=true,areAllFieldsSet=true,lenient=true,zone=sun.util.calendar.ZoneInfo[id="America/New_York",offset=-18000000,dstSavings=3600000,useDaylight=true,transitions=235,lastRule=java.util.SimpleTimeZone[id=America/New_York,offset=-18000000,dstSavings=3600000,useDaylight=true,startYear=0,startMode=3,startMonth=2,startDay=8,startDayOfWeek=1,startTime=7200000,startTimeMode=0,endMode=3,endMonth=10,endDay=1,endDayOfWeek=1,endTime=7200000,endTimeMode=0]],firstDayOfWeek=1,minimalDaysInFirstWeek=1,ERA=1,YEAR=2048,MONTH=3,WEEK_OF_YEAR=16,WEEK_OF_MONTH=3,DAY_OF_MONTH=16,DAY_OF_YEAR=107,DAY_OF_WEEK=5,DAY_OF_WEEK_IN_MONTH=3,AM_PM=0,HOUR=9,HOUR_OF_DAY=9,MINUTE=50,SECOND=0,MILLISECOND=0,ZONE_OFFSET=-18000000,DST_OFFSET=3600000], notes=Test office visit, hcp=edu.ncsu.csc.itrust2.models.persistent.User#hcp, patient=edu.ncsu.csc.itrust2.models.persistent.User#patient, basicHealthMetrics=edu.ncsu.csc.itrust2.models.persistent.BasicHealthMetrics#48, appointment=null, id=49, hospital=edu.ncsu.csc.itrust2.models.persistent.Hospital#iTrust Test Hospital 2, type=GENERAL_CHECKUP, prescriptions=[]}
00:47:47.475 [main] DEBUG o.h.internal.util.EntityPrinter - edu.ncsu.csc.itrust2.models.persistent.Hospital{zip=27607, address=1 iTrust Test Street, name=iTrust Test Hospital 2, state=NC}
00:47:47.476 [main] DEBUG o.h.e.t.internal.TransactionImpl - begin
00:47:47.477 [main] DEBUG org.hibernate.SQL - select this_.self_id as self_id18_12_2_, this_.address1 as address1_12_2_, this_.address2 as address2_12_2_, this_.bloodType as bloodTyp3_12_2_, this_.causeOfDeath as causeOfD4_12_2_, this_.city as city5_12_2_, this_.dateOfBirth as dateOfBi6_12_2_, this_.dateOfDeath as dateOfDe7_12_2_, this_.email as email8_12_2_, this_.ethnicity as ethnicit9_12_2_, this_.father_id as father_19_12_2_, this_.firstName as firstNa10_12_2_, this_.gender as gender11_12_2_, this_.id as id12_12_2_, this_.lastName as lastNam13_12_2_, this_.mother_id as mother_20_12_2_, this_.phone as phone14_12_2_, this_.preferredName as preferr15_12_2_, this_.state as state16_12_2_, this_.zip as zip17_12_2_, user2_.username as username1_15_0_, user2_.enabled as enabled2_15_0_, user2_.password as password3_15_0_, user2_.role as role4_15_0_, user3_.username as username1_15_1_, user3_.enabled as enabled2_15_1_, user3_.password as password3_15_1_, user3_.role as role4_15_1_ from Patients this_ left outer join Users user2_ on this_.father_id=user2_.username left outer join Users user3_ on this_.mother_id=user3_.username
Hibernate: select this_.self_id as self_id18_12_2_, this_.address1 as address1_12_2_, this_.address2 as address2_12_2_, this_.bloodType as bloodTyp3_12_2_, this_.causeOfDeath as causeOfD4_12_2_, this_.city as city5_12_2_, this_.dateOfBirth as dateOfBi6_12_2_, this_.dateOfDeath as dateOfDe7_12_2_, this_.email as email8_12_2_, this_.ethnicity as ethnicit9_12_2_, this_.father_id as father_19_12_2_, this_.firstName as firstNa10_12_2_, this_.gender as gender11_12_2_, this_.id as id12_12_2_, this_.lastName as lastNam13_12_2_, this_.mother_id as mother_20_12_2_, this_.phone as phone14_12_2_, this_.preferredName as preferr15_12_2_, this_.state as state16_12_2_, this_.zip as zip17_12_2_, user2_.username as username1_15_0_, user2_.enabled as enabled2_15_0_, user2_.password as password3_15_0_, user2_.role as role4_15_0_, user3_.username as username1_15_1_, user3_.enabled as enabled2_15_1_, user3_.password as password3_15_1_, user3_.role as role4_15_1_ from Patients this_ left outer join Users user2_ on this_.father_id=user2_.username left outer join Users user3_ on this_.mother_id=user3_.username
00:47:47.482 [main] DEBUG o.h.e.t.internal.TransactionImpl - committing
00:47:47.483 [main] DEBUG o.s.t.w.s.TestDispatcherServlet - DispatcherServlet with name '' processing POST request for [/api/v1/users]
00:47:47.483 [main] DEBUG o.s.w.s.m.m.a.RequestMappingHandlerMapping - Looking up handler method for path /api/v1/users
00:47:47.484 [main] DEBUG o.s.w.s.m.m.a.RequestMappingHandlerMapping - Returning handler method [public org.springframework.http.ResponseEntity edu.ncsu.csc.itrust2.controllers.api.APIUserController.createUser(edu.ncsu.csc.itrust2.forms.admin.UserForm)]
00:47:47.484 [main] DEBUG o.s.b.f.s.DefaultListableBeanFactory - Returning cached instance of singleton bean 'APIUserController'
00:47:47.485 [main] DEBUG o.s.w.s.m.m.a.RequestResponseBodyMethodProcessor - Read [class edu.ncsu.csc.itrust2.forms.admin.UserForm] as "application/json" with [org.springframework.http.converter.json.GsonHttpMessageConverter@2a71d462]
00:47:47.741 [main] DEBUG o.h.e.t.internal.TransactionImpl - begin
00:47:47.742 [main] DEBUG org.hibernate.SQL - select this_.username as username1_15_0_, this_.enabled as enabled2_15_0_, this_.password as password3_15_0_, this_.role as role4_15_0_ from Users this_ where this_.username=?
Hibernate: select this_.username as username1_15_0_, this_.enabled as enabled2_15_0_, this_.password as password3_15_0_, this_.role as role4_15_0_ from Users this_ where this_.username=?
00:47:47.743 [main] DEBUG o.h.e.t.internal.TransactionImpl - committing
00:47:47.745 [main] DEBUG o.s.w.s.m.m.a.HttpEntityMethodProcessor - Written [{"status":"failed","message":"User with the id antti already exists"}] as "text/plain" using [org.springframework.http.converter.StringHttpMessageConverter@6e3b76ea]
00:47:47.745 [main] DEBUG o.s.t.w.s.TestDispatcherServlet - Null ModelAndView returned to DispatcherServlet with name '': assuming HandlerAdapter completed request handling
00:47:47.746 [main] DEBUG o.s.t.w.s.TestDispatcherServlet - Successfully completed request
00:47:47.747 [main] DEBUG o.s.t.w.s.TestDispatcherServlet - DispatcherServlet with name '' processing POST request for [/api/v1/patients]
00:47:47.747 [main] DEBUG o.s.w.s.m.m.a.RequestMappingHandlerMapping - Looking up handler method for path /api/v1/patients
00:47:47.754 [main] DEBUG o.s.w.s.m.m.a.RequestMappingHandlerMapping - Returning handler method [public org.springframework.http.ResponseEntity edu.ncsu.csc.itrust2.controllers.api.APIPatientController.createPatient(edu.ncsu.csc.itrust2.forms.hcp_patient.PatientForm)]
00:47:47.754 [main] DEBUG o.s.b.f.s.DefaultListableBeanFactory - Returning cached instance of singleton bean 'APIPatientController'
00:47:47.755 [main] DEBUG o.s.w.s.m.m.a.RequestResponseBodyMethodProcessor - Read [class edu.ncsu.csc.itrust2.forms.hcp_patient.PatientForm] as "application/json" with [org.springframework.http.converter.json.GsonHttpMessageConverter@2a71d462]
00:47:47.764 [main] DEBUG o.h.e.t.internal.TransactionImpl - begin
00:47:47.765 [main] DEBUG org.hibernate.SQL - select this_.username as username1_15_0_, this_.enabled as enabled2_15_0_, this_.password as password3_15_0_, this_.role as role4_15_0_ from Users this_ where this_.username=? and this_.role=?
Hibernate: select this_.username as username1_15_0_, this_.enabled as enabled2_15_0_, this_.password as password3_15_0_, this_.role as role4_15_0_ from Users this_ where this_.username=? and this_.role=?
00:47:47.766 [main] DEBUG o.h.e.t.internal.TransactionImpl - committing
00:47:47.770 [main] DEBUG o.h.e.t.internal.TransactionImpl - begin
00:47:47.772 [main] DEBUG org.hibernate.SQL - select this_.username as username1_15_0_, this_.enabled as enabled2_15_0_, this_.password as password3_15_0_, this_.role as role4_15_0_ from Users this_ where this_.username=? and this_.role=?
Hibernate: select this_.username as username1_15_0_, this_.enabled as enabled2_15_0_, this_.password as password3_15_0_, this_.role as role4_15_0_ from Users this_ where this_.username=? and this_.role=?
00:47:47.775 [main] DEBUG o.h.e.t.internal.TransactionImpl - committing
00:47:47.778 [main] DEBUG o.h.e.t.internal.TransactionImpl - begin
00:47:47.779 [main] DEBUG org.hibernate.SQL - select this_.username as username1_15_0_, this_.enabled as enabled2_15_0_, this_.password as password3_15_0_, this_.role as role4_15_0_ from Users this_ where this_.username=? and this_.role=?
Hibernate: select this_.username as username1_15_0_, this_.enabled as enabled2_15_0_, this_.password as password3_15_0_, this_.role as role4_15_0_ from Users this_ where this_.username=? and this_.role=?
00:47:47.779 [main] DEBUG o.h.e.t.internal.TransactionImpl - committing
00:47:47.785 [main] DEBUG o.s.w.s.m.m.a.HttpEntityMethodProcessor - Written [{"status":"failed","message":"Could not create edu.ncsu.csc.itrust2.forms.hcp_patient.PatientForm@8561ac8 because of null"}] as "text/plain" using [org.springframework.http.converter.StringHttpMessageConverter@6e3b76ea]
00:47:47.786 [main] DEBUG o.s.t.w.s.TestDispatcherServlet - Null ModelAndView returned to DispatcherServlet with name '': assuming HandlerAdapter completed request handling
00:47:47.786 [main] DEBUG o.s.t.w.s.TestDispatcherServlet - Successfully completed request
00:47:47.786 [main] DEBUG o.h.e.t.internal.TransactionImpl - begin
00:47:47.788 [main] DEBUG org.hibernate.SQL - select this_.username as username1_15_0_, this_.enabled as enabled2_15_0_, this_.password as password3_15_0_, this_.role as role4_15_0_ from Users this_ where this_.username=? and this_.role=?
Hibernate: select this_.username as username1_15_0_, this_.enabled as enabled2_15_0_, this_.password as password3_15_0_, this_.role as role4_15_0_ from Users this_ where this_.username=? and this_.role=?
00:47:47.788 [main] DEBUG o.h.e.t.internal.TransactionImpl - committing
00:47:47.796 [main] DEBUG o.h.e.t.internal.TransactionImpl - begin
00:47:47.800 [main] DEBUG org.hibernate.SQL - select this_.username as username1_15_0_, this_.enabled as enabled2_15_0_, this_.password as password3_15_0_, this_.role as role4_15_0_ from Users this_ where this_.username=? and this_.role=?
Hibernate: select this_.username as username1_15_0_, this_.enabled as enabled2_15_0_, this_.password as password3_15_0_, this_.role as role4_15_0_ from Users this_ where this_.username=? and this_.role=?
00:47:47.801 [main] DEBUG org.hibernate.loader.Loader - Result set row: 0
00:47:47.801 [main] DEBUG org.hibernate.loader.Loader - Result row: EntityKey[edu.ncsu.csc.itrust2.models.persistent.User#hcp]
00:47:47.802 [main] DEBUG o.h.engine.internal.TwoPhaseLoad - Resolving associations for [edu.ncsu.csc.itrust2.models.persistent.User#hcp]
00:47:47.802 [main] DEBUG o.h.engine.internal.TwoPhaseLoad - Done materializing entity [edu.ncsu.csc.itrust2.models.persistent.User#hcp]
00:47:47.802 [main] DEBUG o.h.e.t.internal.TransactionImpl - committing
00:47:47.802 [main] DEBUG o.h.e.i.AbstractFlushingEventListener - Processing flush-time cascades
00:47:47.802 [main] DEBUG o.h.e.i.AbstractFlushingEventListener - Dirty checking collections
00:47:47.802 [main] DEBUG o.h.e.i.AbstractFlushingEventListener - Flushed: 0 insertions, 0 updates, 0 deletions to 1 objects
00:47:47.802 [main] DEBUG o.h.e.i.AbstractFlushingEventListener - Flushed: 0 (re)creations, 0 updates, 0 removals to 0 collections
00:47:47.802 [main] DEBUG o.h.internal.util.EntityPrinter - Listing entities:
00:47:47.802 [main] DEBUG o.h.internal.util.EntityPrinter - edu.ncsu.csc.itrust2.models.persistent.User{password=$2a$10$BlPgtylNXFaO.9doOuJZOey4s6t.GFaCaC54cIlB7vBJEmcRbtfF., role=ROLE_HCP, enabled=1, username=hcp}
00:47:47.803 [main] DEBUG o.h.e.t.internal.TransactionImpl - begin
00:47:47.804 [main] DEBUG org.hibernate.SQL - select this_.name as name1_4_0_, this_.address as address2_4_0_, this_.state as state3_4_0_, this_.zip as zip4_4_0_ from Hospitals this_ where this_.name=?
Hibernate: select this_.name as name1_4_0_, this_.address as address2_4_0_, this_.state as state3_4_0_, this_.zip as zip4_4_0_ from Hospitals this_ where this_.name=?
00:47:47.805 [main] DEBUG org.hibernate.loader.Loader - Result set row: 0
00:47:47.805 [main] DEBUG org.hibernate.loader.Loader - Result row: EntityKey[edu.ncsu.csc.itrust2.models.persistent.Hospital#iTrust Test Hospital 2]
00:47:47.805 [main] DEBUG o.h.engine.internal.TwoPhaseLoad - Resolving associations for [edu.ncsu.csc.itrust2.models.persistent.Hospital#iTrust Test Hospital 2]
00:47:47.805 [main] DEBUG o.h.engine.internal.TwoPhaseLoad - Done materializing entity [edu.ncsu.csc.itrust2.models.persistent.Hospital#iTrust Test Hospital 2]
00:47:47.805 [main] DEBUG o.h.e.t.internal.TransactionImpl - committing
00:47:47.805 [main] DEBUG o.h.e.i.AbstractFlushingEventListener - Processing flush-time cascades
00:47:47.805 [main] DEBUG o.h.e.i.AbstractFlushingEventListener - Dirty checking collections
00:47:47.806 [main] DEBUG o.h.e.i.AbstractFlushingEventListener - Flushed: 0 insertions, 0 updates, 0 deletions to 1 objects
00:47:47.806 [main] DEBUG o.h.e.i.AbstractFlushingEventListener - Flushed: 0 (re)creations, 0 updates, 0 removals to 0 collections
00:47:47.806 [main] DEBUG o.h.internal.util.EntityPrinter - Listing entities:
00:47:47.806 [main] DEBUG o.h.internal.util.EntityPrinter - edu.ncsu.csc.itrust2.models.persistent.Hospital{zip=27607, address=1 iTrust Test Street, name=iTrust Test Hospital 2, state=NC}
00:47:47.811 [main] DEBUG o.h.e.t.internal.TransactionImpl - begin
00:47:47.812 [main] DEBUG org.hibernate.SQL - select this_.username as username1_15_0_, this_.enabled as enabled2_15_0_, this_.password as password3_15_0_, this_.role as role4_15_0_ from Users this_ where this_.username=? and this_.role=?
Hibernate: select this_.username as username1_15_0_, this_.enabled as enabled2_15_0_, this_.password as password3_15_0_, this_.role as role4_15_0_ from Users this_ where this_.username=? and this_.role=?
00:47:47.813 [main] DEBUG o.h.e.t.internal.TransactionImpl - committing
00:47:47.814 [main] DEBUG o.h.e.t.internal.TransactionImpl - begin
00:47:47.815 [main] DEBUG org.hibernate.SQL - select this_.username as username1_15_0_, this_.enabled as enabled2_15_0_, this_.password as password3_15_0_, this_.role as role4_15_0_ from Users this_ where this_.username=? and this_.role=?
Hibernate: select this_.username as username1_15_0_, this_.enabled as enabled2_15_0_, this_.password as password3_15_0_, this_.role as role4_15_0_ from Users this_ where this_.username=? and this_.role=?
00:47:47.816 [main] DEBUG org.hibernate.loader.Loader - Result set row: 0
00:47:47.816 [main] DEBUG org.hibernate.loader.Loader - Result row: EntityKey[edu.ncsu.csc.itrust2.models.persistent.User#hcp]
00:47:47.816 [main] DEBUG o.h.engine.internal.TwoPhaseLoad - Resolving associations for [edu.ncsu.csc.itrust2.models.persistent.User#hcp]
00:47:47.816 [main] DEBUG o.h.engine.internal.TwoPhaseLoad - Done materializing entity [edu.ncsu.csc.itrust2.models.persistent.User#hcp]
00:47:47.826 [main] DEBUG o.h.e.t.internal.TransactionImpl - committing
00:47:47.826 [main] DEBUG o.h.e.i.AbstractFlushingEventListener - Processing flush-time cascades
00:47:47.826 [main] DEBUG o.h.e.i.AbstractFlushingEventListener - Dirty checking collections
00:47:47.827 [main] DEBUG o.h.e.i.AbstractFlushingEventListener - Flushed: 0 insertions, 0 updates, 0 deletions to 1 objects
00:47:47.827 [main] DEBUG o.h.e.i.AbstractFlushingEventListener - Flushed: 0 (re)creations, 0 updates, 0 removals to 0 collections
00:47:47.827 [main] DEBUG o.h.internal.util.EntityPrinter - Listing entities:
00:47:47.827 [main] DEBUG o.h.internal.util.EntityPrinter - edu.ncsu.csc.itrust2.models.persistent.User{password=$2a$10$BlPgtylNXFaO.9doOuJZOey4s6t.GFaCaC54cIlB7vBJEmcRbtfF., role=ROLE_HCP, enabled=1, username=hcp}
00:47:47.840 [main] DEBUG o.s.t.c.s.AbstractDirtiesContextTestExecutionListener - After test method: context [DefaultTestContext@56c96215 testClass = APIOfficeVisitTest, testInstance = edu.ncsu.csc.itrust2.apitest.APIOfficeVisitTest@7222f7fc, testMethod = testOfficeVisitAPI@APIOfficeVisitTest, testException = java.lang.NullPointerException, mergedContextConfiguration = [WebMergedContextConfiguration@2329a0b testClass = APIOfficeVisitTest, locations = '{}', classes = '{class edu.ncsu.csc.itrust2.config.RootConfiguration, class edu.ncsu.csc.itrust2.mvc.config.WebMvcConfiguration}', contextInitializerClasses = '[]', activeProfiles = '{}', propertySourceLocations = '{}', propertySourceProperties = '{}', contextCustomizers = set[[empty]], resourceBasePath = 'src/main/webapp', contextLoader = 'org.springframework.test.context.web.WebDelegatingSmartContextLoader', parent = [null]]], class annotated with @DirtiesContext [false] with mode [null], method annotated with @DirtiesContext [false] with mode [null].
00:47:47.840 [main] DEBUG o.s.t.c.w.ServletTestExecutionListener - Resetting RequestContextHolder for test context [DefaultTestContext@56c96215 testClass = APIOfficeVisitTest, testInstance = edu.ncsu.csc.itrust2.apitest.APIOfficeVisitTest@7222f7fc, testMethod = testOfficeVisitAPI@APIOfficeVisitTest, testException = java.lang.NullPointerException, mergedContextConfiguration = [WebMergedContextConfiguration@2329a0b testClass = APIOfficeVisitTest, locations = '{}', classes = '{class edu.ncsu.csc.itrust2.config.RootConfiguration, class edu.ncsu.csc.itrust2.mvc.config.WebMvcConfiguration}', contextInitializerClasses = '[]', activeProfiles = '{}', propertySourceLocations = '{}', propertySourceProperties = '{}', contextCustomizers = set[[empty]], resourceBasePath = 'src/main/webapp', contextLoader = 'org.springframework.test.context.web.WebDelegatingSmartContextLoader', parent = [null]]].
]]></system-out>
    <system-err><![CDATA[HOSPITALS
]]></system-err>
  </testcase>
  <testcase name="testPreScheduledOfficeVisit" classname="edu.ncsu.csc.itrust2.apitest.APIOfficeVisitTest" time="0.01"/>
</testsuite>