<?xml version="1.0" encoding="UTF-8"?>
<testsuite xmlns:xsi="http://www.w3.org/2001/XMLSchema-instance" xsi:noNamespaceSchemaLocation="https://maven.apache.org/surefire/maven-surefire-plugin/xsd/surefire-test-report.xsd" name="edu.ncsu.csc.itrust2.apitest.APIPrescriptionTest" time="0.885" tests="1" errors="0" skipped="0" failures="1">
  <properties>
    <property name="java.runtime.name" value="Java(TM) SE Runtime Environment"/>
    <property name="sun.boot.library.path" value="/usr/lib/jvm/java-8-oracle/jre/lib/amd64"/>
    <property name="java.vm.version" value="25.161-b12"/>
    <property name="java.vm.vendor" value="Oracle Corporation"/>
    <property name="java.vendor.url" value="http://java.oracle.com/"/>
    <property name="path.separator" value=":"/>
    <property name="guice.disable.misplaced.annotation.check" value="true"/>
    <property name="java.vm.name" value="Java HotSpot(TM) 64-Bit Server VM"/>
    <property name="file.encoding.pkg" value="sun.io"/>
    <property name="user.country" value="US"/>
    <property name="sun.java.launcher" value="SUN_STANDARD"/>
    <property name="sun.os.patch.level" value="unknown"/>
    <property name="java.vm.specification.name" value="Java Virtual Machine Specification"/>
    <property name="user.dir" value="/var/lib/jenkins/workspace/iTrustBuildJob/iTrust2"/>
    <property name="java.runtime.version" value="1.8.0_161-b12"/>
    <property name="java.awt.graphicsenv" value="sun.awt.X11GraphicsEnvironment"/>
    <property name="java.endorsed.dirs" value="/usr/lib/jvm/java-8-oracle/jre/lib/endorsed"/>
    <property name="os.arch" value="amd64"/>
    <property name="java.io.tmpdir" value="/tmp"/>
    <property name="line.separator" value="&#10;"/>
    <property name="java.vm.specification.vendor" value="Oracle Corporation"/>
    <property name="os.name" value="Linux"/>
    <property name="classworlds.conf" value="/usr/share/maven/bin/m2.conf"/>
    <property name="sun.jnu.encoding" value="UTF-8"/>
    <property name="java.library.path" value="/usr/java/packages/lib/amd64:/usr/lib64:/lib64:/lib:/usr/lib"/>
    <property name="java.specification.name" value="Java Platform API Specification"/>
    <property name="java.class.version" value="52.0"/>
    <property name="sun.management.compiler" value="HotSpot 64-Bit Tiered Compilers"/>
    <property name="os.version" value="3.13.0-139-generic"/>
    <property name="user.home" value="/root"/>
    <property name="user.timezone" value="America/New_York"/>
    <property name="java.awt.printerjob" value="sun.print.PSPrinterJob"/>
    <property name="file.encoding" value="UTF-8"/>
    <property name="java.specification.version" value="1.8"/>
    <property name="user.name" value="root"/>
    <property name="java.class.path" value="/usr/share/maven/boot/plexus-classworlds-2.x.jar"/>
    <property name="java.vm.specification.version" value="1.8"/>
    <property name="sun.arch.data.model" value="64"/>
    <property name="java.home" value="/usr/lib/jvm/java-8-oracle/jre"/>
    <property name="sun.java.command" value="org.codehaus.plexus.classworlds.launcher.Launcher clean test verify checkstyle:checkstyle"/>
    <property name="java.specification.vendor" value="Oracle Corporation"/>
    <property name="user.language" value="en"/>
    <property name="awt.toolkit" value="sun.awt.X11.XToolkit"/>
    <property name="java.vm.info" value="mixed mode"/>
    <property name="java.version" value="1.8.0_161"/>
    <property name="java.ext.dirs" value="/usr/lib/jvm/java-8-oracle/jre/lib/ext:/usr/java/packages/lib/ext"/>
    <property name="securerandom.source" value="file:/dev/./urandom"/>
    <property name="sun.boot.class.path" value="/usr/lib/jvm/java-8-oracle/jre/lib/resources.jar:/usr/lib/jvm/java-8-oracle/jre/lib/rt.jar:/usr/lib/jvm/java-8-oracle/jre/lib/sunrsasign.jar:/usr/lib/jvm/java-8-oracle/jre/lib/jsse.jar:/usr/lib/jvm/java-8-oracle/jre/lib/jce.jar:/usr/lib/jvm/java-8-oracle/jre/lib/charsets.jar:/usr/lib/jvm/java-8-oracle/jre/lib/jfr.jar:/usr/lib/jvm/java-8-oracle/jre/classes"/>
    <property name="java.vendor" value="Oracle Corporation"/>
    <property name="maven.home" value="/usr/share/maven"/>
    <property name="file.separator" value="/"/>
    <property name="java.vendor.url.bug" value="http://bugreport.sun.com/bugreport/"/>
    <property name="sun.cpu.endian" value="little"/>
    <property name="sun.io.unicode.encoding" value="UnicodeLittle"/>
    <property name="sun.cpu.isalist" value=""/>
  </properties>
  <testcase name="testPrescriptionAPI" classname="edu.ncsu.csc.itrust2.apitest.APIPrescriptionTest" time="0.844">
    <failure message="Status expected:&lt;200&gt; but was:&lt;404&gt;" type="java.lang.AssertionError"><![CDATA[java.lang.AssertionError: Status expected:<200> but was:<404>
	at edu.ncsu.csc.itrust2.apitest.APIPrescriptionTest.testPrescriptionAPI(APIPrescriptionTest.java:167)
]]></failure>
    <system-out><![CDATA[02:05:43.997 [main] DEBUG o.s.t.c.j.SpringJUnit4ClassRunner - SpringJUnit4ClassRunner constructor called with [class edu.ncsu.csc.itrust2.apitest.APIPrescriptionTest]
02:05:43.998 [main] DEBUG o.s.test.context.BootstrapUtils - Instantiating CacheAwareContextLoaderDelegate from class [org.springframework.test.context.cache.DefaultCacheAwareContextLoaderDelegate]
02:05:43.999 [main] DEBUG o.s.test.context.BootstrapUtils - Instantiating BootstrapContext using constructor [public org.springframework.test.context.support.DefaultBootstrapContext(java.lang.Class,org.springframework.test.context.CacheAwareContextLoaderDelegate)]
02:05:44.003 [main] DEBUG o.s.test.context.BootstrapUtils - Instantiating TestContextBootstrapper for test class [edu.ncsu.csc.itrust2.apitest.APIPrescriptionTest] from class [org.springframework.test.context.web.WebTestContextBootstrapper]
02:05:44.005 [main] DEBUG o.s.t.c.s.AbstractDelegatingSmartContextLoader - Delegating to AnnotationConfigWebContextLoader to process context configuration [ContextConfigurationAttributes@6fa5e920 declaringClass = 'edu.ncsu.csc.itrust2.apitest.APIPrescriptionTest', classes = '{class edu.ncsu.csc.itrust2.config.RootConfiguration, class edu.ncsu.csc.itrust2.mvc.config.WebMvcConfiguration}', locations = '{}', inheritLocations = true, initializers = '{}', inheritInitializers = true, name = [null], contextLoaderClass = 'org.springframework.test.context.ContextLoader'].
02:05:44.009 [main] DEBUG o.s.t.c.support.ActiveProfilesUtils - Could not find an 'annotation declaring class' for annotation type [org.springframework.test.context.ActiveProfiles] and class [edu.ncsu.csc.itrust2.apitest.APIPrescriptionTest]
02:05:44.018 [main] DEBUG o.s.t.c.w.WebTestContextBootstrapper - @TestExecutionListeners is not present for class [edu.ncsu.csc.itrust2.apitest.APIPrescriptionTest]: using defaults.
02:05:44.019 [main] INFO  o.s.t.c.w.WebTestContextBootstrapper - Loaded default TestExecutionListener class names from location [META-INF/spring.factories]: [org.springframework.security.test.context.support.WithSecurityContextTestExecutionListener, org.springframework.test.context.web.ServletTestExecutionListener, org.springframework.test.context.support.DirtiesContextBeforeModesTestExecutionListener, org.springframework.test.context.support.DependencyInjectionTestExecutionListener, org.springframework.test.context.support.DirtiesContextTestExecutionListener, org.springframework.test.context.transaction.TransactionalTestExecutionListener, org.springframework.test.context.jdbc.SqlScriptsTestExecutionListener]
02:05:44.020 [main] INFO  o.s.t.c.w.WebTestContextBootstrapper - Using TestExecutionListeners: [org.springframework.test.context.web.ServletTestExecutionListener@7870dc3c, org.springframework.test.context.support.DirtiesContextBeforeModesTestExecutionListener@714e624b, org.springframework.test.context.support.DependencyInjectionTestExecutionListener@182dcc4b, org.springframework.test.context.support.DirtiesContextTestExecutionListener@5906a685, org.springframework.test.context.transaction.TransactionalTestExecutionListener@276900a5, org.springframework.test.context.jdbc.SqlScriptsTestExecutionListener@25377239, org.springframework.security.test.context.support.WithSecurityContextTestExecutionListener@530ebd40]
02:05:44.020 [main] DEBUG o.s.t.annotation.ProfileValueUtils - Retrieved @ProfileValueSourceConfiguration [null] for test class [edu.ncsu.csc.itrust2.apitest.APIPrescriptionTest]
02:05:44.020 [main] DEBUG o.s.t.annotation.ProfileValueUtils - Retrieved ProfileValueSource type [class org.springframework.test.annotation.SystemProfileValueSource] for class [edu.ncsu.csc.itrust2.apitest.APIPrescriptionTest]
02:05:44.020 [main] DEBUG o.s.t.annotation.ProfileValueUtils - Retrieved @ProfileValueSourceConfiguration [null] for test class [edu.ncsu.csc.itrust2.apitest.APIPrescriptionTest]
02:05:44.020 [main] DEBUG o.s.t.annotation.ProfileValueUtils - Retrieved ProfileValueSource type [class org.springframework.test.annotation.SystemProfileValueSource] for class [edu.ncsu.csc.itrust2.apitest.APIPrescriptionTest]
02:05:44.020 [main] DEBUG o.s.t.annotation.ProfileValueUtils - Retrieved @ProfileValueSourceConfiguration [null] for test class [edu.ncsu.csc.itrust2.apitest.APIPrescriptionTest]
02:05:44.021 [main] DEBUG o.s.t.annotation.ProfileValueUtils - Retrieved ProfileValueSource type [class org.springframework.test.annotation.SystemProfileValueSource] for class [edu.ncsu.csc.itrust2.apitest.APIPrescriptionTest]
02:05:44.021 [main] DEBUG o.s.t.c.s.AbstractDirtiesContextTestExecutionListener - Before test class: context [DefaultTestContext@3f501b2a testClass = APIPrescriptionTest, testInstance = [null], testMethod = [null], testException = [null], mergedContextConfiguration = [WebMergedContextConfiguration@50d3484d testClass = APIPrescriptionTest, locations = '{}', classes = '{class edu.ncsu.csc.itrust2.config.RootConfiguration, class edu.ncsu.csc.itrust2.mvc.config.WebMvcConfiguration}', contextInitializerClasses = '[]', activeProfiles = '{}', propertySourceLocations = '{}', propertySourceProperties = '{}', contextCustomizers = set[[empty]], resourceBasePath = 'src/main/webapp', contextLoader = 'org.springframework.test.context.web.WebDelegatingSmartContextLoader', parent = [null]]], class annotated with @DirtiesContext [false] with mode [null].
02:05:44.021 [main] DEBUG o.s.t.annotation.ProfileValueUtils - Retrieved @ProfileValueSourceConfiguration [null] for test class [edu.ncsu.csc.itrust2.apitest.APIPrescriptionTest]
02:05:44.021 [main] DEBUG o.s.t.annotation.ProfileValueUtils - Retrieved ProfileValueSource type [class org.springframework.test.annotation.SystemProfileValueSource] for class [edu.ncsu.csc.itrust2.apitest.APIPrescriptionTest]
02:05:44.021 [main] DEBUG o.s.t.c.c.DefaultCacheAwareContextLoaderDelegate - Retrieved ApplicationContext from cache with key [[WebMergedContextConfiguration@50d3484d testClass = APIPrescriptionTest, locations = '{}', classes = '{class edu.ncsu.csc.itrust2.config.RootConfiguration, class edu.ncsu.csc.itrust2.mvc.config.WebMvcConfiguration}', contextInitializerClasses = '[]', activeProfiles = '{}', propertySourceLocations = '{}', propertySourceProperties = '{}', contextCustomizers = set[[empty]], resourceBasePath = 'src/main/webapp', contextLoader = 'org.springframework.test.context.web.WebDelegatingSmartContextLoader', parent = [null]]]
02:05:44.022 [main] DEBUG o.springframework.test.context.cache - Spring test ApplicationContext cache statistics: [DefaultContextCache@42bfc11f size = 1, maxSize = 32, parentContextCount = 0, hitCount = 20, missCount = 1]
02:05:44.022 [main] DEBUG o.s.t.c.w.ServletTestExecutionListener - Setting up MockHttpServletRequest, MockHttpServletResponse, ServletWebRequest, and RequestContextHolder for test context [DefaultTestContext@3f501b2a testClass = APIPrescriptionTest, testInstance = edu.ncsu.csc.itrust2.apitest.APIPrescriptionTest@4e6b5ed4, testMethod = [null], testException = [null], mergedContextConfiguration = [WebMergedContextConfiguration@50d3484d testClass = APIPrescriptionTest, locations = '{}', classes = '{class edu.ncsu.csc.itrust2.config.RootConfiguration, class edu.ncsu.csc.itrust2.mvc.config.WebMvcConfiguration}', contextInitializerClasses = '[]', activeProfiles = '{}', propertySourceLocations = '{}', propertySourceProperties = '{}', contextCustomizers = set[[empty]], resourceBasePath = 'src/main/webapp', contextLoader = 'org.springframework.test.context.web.WebDelegatingSmartContextLoader', parent = [null]]].
02:05:44.022 [main] DEBUG o.s.t.c.s.DependencyInjectionTestExecutionListener - Performing dependency injection for test context [[DefaultTestContext@3f501b2a testClass = APIPrescriptionTest, testInstance = edu.ncsu.csc.itrust2.apitest.APIPrescriptionTest@4e6b5ed4, testMethod = [null], testException = [null], mergedContextConfiguration = [WebMergedContextConfiguration@50d3484d testClass = APIPrescriptionTest, locations = '{}', classes = '{class edu.ncsu.csc.itrust2.config.RootConfiguration, class edu.ncsu.csc.itrust2.mvc.config.WebMvcConfiguration}', contextInitializerClasses = '[]', activeProfiles = '{}', propertySourceLocations = '{}', propertySourceProperties = '{}', contextCustomizers = set[[empty]], resourceBasePath = 'src/main/webapp', contextLoader = 'org.springframework.test.context.web.WebDelegatingSmartContextLoader', parent = [null]]]].
02:05:44.022 [main] DEBUG o.s.t.c.c.DefaultCacheAwareContextLoaderDelegate - Retrieved ApplicationContext from cache with key [[WebMergedContextConfiguration@50d3484d testClass = APIPrescriptionTest, locations = '{}', classes = '{class edu.ncsu.csc.itrust2.config.RootConfiguration, class edu.ncsu.csc.itrust2.mvc.config.WebMvcConfiguration}', contextInitializerClasses = '[]', activeProfiles = '{}', propertySourceLocations = '{}', propertySourceProperties = '{}', contextCustomizers = set[[empty]], resourceBasePath = 'src/main/webapp', contextLoader = 'org.springframework.test.context.web.WebDelegatingSmartContextLoader', parent = [null]]]
02:05:44.022 [main] DEBUG o.springframework.test.context.cache - Spring test ApplicationContext cache statistics: [DefaultContextCache@42bfc11f size = 1, maxSize = 32, parentContextCount = 0, hitCount = 21, missCount = 1]
02:05:44.025 [main] DEBUG o.s.b.f.annotation.InjectionMetadata - Processing injected element of bean 'edu.ncsu.csc.itrust2.apitest.APIPrescriptionTest': AutowiredFieldElement for private org.springframework.web.context.WebApplicationContext edu.ncsu.csc.itrust2.apitest.APIPrescriptionTest.context
02:05:44.025 [main] DEBUG o.s.b.f.a.AutowiredAnnotationBeanPostProcessor - Autowiring by type from bean name 'edu.ncsu.csc.itrust2.apitest.APIPrescriptionTest' to bean named 'org.springframework.web.context.support.GenericWebApplicationContext@599e4d41'
02:05:44.025 [main] DEBUG o.s.b.f.s.DefaultListableBeanFactory - Returning cached instance of singleton bean 'metaDataSourceAdvisor'
02:05:44.027 [main] DEBUG o.s.t.c.s.AbstractDirtiesContextTestExecutionListener - Before test method: context [DefaultTestContext@3f501b2a testClass = APIPrescriptionTest, testInstance = edu.ncsu.csc.itrust2.apitest.APIPrescriptionTest@4e6b5ed4, testMethod = testPrescriptionAPI@APIPrescriptionTest, testException = [null], mergedContextConfiguration = [WebMergedContextConfiguration@50d3484d testClass = APIPrescriptionTest, locations = '{}', classes = '{class edu.ncsu.csc.itrust2.config.RootConfiguration, class edu.ncsu.csc.itrust2.mvc.config.WebMvcConfiguration}', contextInitializerClasses = '[]', activeProfiles = '{}', propertySourceLocations = '{}', propertySourceProperties = '{}', contextCustomizers = set[[empty]], resourceBasePath = 'src/main/webapp', contextLoader = 'org.springframework.test.context.web.WebDelegatingSmartContextLoader', parent = [null]]], class annotated with @DirtiesContext [false] with mode [null], method annotated with @DirtiesContext [false] with mode [null].
02:05:44.027 [main] DEBUG o.s.t.c.c.DefaultCacheAwareContextLoaderDelegate - Retrieved ApplicationContext from cache with key [[WebMergedContextConfiguration@50d3484d testClass = APIPrescriptionTest, locations = '{}', classes = '{class edu.ncsu.csc.itrust2.config.RootConfiguration, class edu.ncsu.csc.itrust2.mvc.config.WebMvcConfiguration}', contextInitializerClasses = '[]', activeProfiles = '{}', propertySourceLocations = '{}', propertySourceProperties = '{}', contextCustomizers = set[[empty]], resourceBasePath = 'src/main/webapp', contextLoader = 'org.springframework.test.context.web.WebDelegatingSmartContextLoader', parent = [null]]]
02:05:44.027 [main] DEBUG o.springframework.test.context.cache - Spring test ApplicationContext cache statistics: [DefaultContextCache@42bfc11f size = 1, maxSize = 32, parentContextCount = 0, hitCount = 22, missCount = 1]
02:05:44.027 [main] DEBUG o.s.b.f.s.DefaultListableBeanFactory - Creating instance of bean 'org.springframework.security.test.context.support.WithMockUserSecurityContextFactory'
02:05:44.028 [main] DEBUG o.s.b.f.s.DefaultListableBeanFactory - Finished creating instance of bean 'org.springframework.security.test.context.support.WithMockUserSecurityContextFactory'
02:05:44.028 [main] DEBUG o.s.t.w.s.TestDispatcherServlet - Initializing servlet ''
02:05:44.028 [main] DEBUG o.s.w.c.s.StandardServletEnvironment - Adding [servletConfigInitParams] PropertySource with lowest search precedence
02:05:44.028 [main] DEBUG o.s.w.c.s.StandardServletEnvironment - Adding [servletContextInitParams] PropertySource with lowest search precedence
02:05:44.028 [main] DEBUG o.s.w.c.s.StandardServletEnvironment - Adding [systemProperties] PropertySource with lowest search precedence
02:05:44.029 [main] DEBUG o.s.w.c.s.StandardServletEnvironment - Adding [systemEnvironment] PropertySource with lowest search precedence
02:05:44.029 [main] DEBUG o.s.w.c.s.StandardServletEnvironment - Initialized StandardServletEnvironment with PropertySources [servletConfigInitParams,servletContextInitParams,systemProperties,systemEnvironment]
02:05:44.029 [main] INFO  o.s.mock.web.MockServletContext - Initializing Spring FrameworkServlet ''
02:05:44.029 [main] INFO  o.s.t.w.s.TestDispatcherServlet - FrameworkServlet '': initialization started
02:05:44.029 [main] DEBUG o.s.t.w.s.TestDispatcherServlet - Unable to locate MultipartResolver with name 'multipartResolver': no multipart request handling provided
02:05:44.029 [main] DEBUG o.s.b.f.s.DefaultListableBeanFactory - Creating instance of bean 'org.springframework.web.servlet.i18n.AcceptHeaderLocaleResolver'
02:05:44.030 [main] DEBUG o.s.b.f.s.DefaultListableBeanFactory - Finished creating instance of bean 'org.springframework.web.servlet.i18n.AcceptHeaderLocaleResolver'
02:05:44.030 [main] DEBUG o.s.t.w.s.TestDispatcherServlet - Unable to locate LocaleResolver with name 'localeResolver': using default [org.springframework.web.servlet.i18n.AcceptHeaderLocaleResolver@579fd180]
02:05:44.030 [main] DEBUG o.s.b.f.s.DefaultListableBeanFactory - Creating instance of bean 'org.springframework.web.servlet.theme.FixedThemeResolver'
02:05:44.030 [main] DEBUG o.s.b.f.s.DefaultListableBeanFactory - Finished creating instance of bean 'org.springframework.web.servlet.theme.FixedThemeResolver'
02:05:44.030 [main] DEBUG o.s.t.w.s.TestDispatcherServlet - Unable to locate ThemeResolver with name 'themeResolver': using default [org.springframework.web.servlet.theme.FixedThemeResolver@1dc47a1e]
02:05:44.031 [main] DEBUG o.s.b.f.s.DefaultListableBeanFactory - Returning cached instance of singleton bean 'requestMappingHandlerMapping'
02:05:44.031 [main] DEBUG o.s.b.f.s.DefaultListableBeanFactory - Returning cached instance of singleton bean 'viewControllerHandlerMapping'
02:05:44.031 [main] DEBUG o.s.b.f.s.DefaultListableBeanFactory - Returning cached instance of singleton bean 'beanNameHandlerMapping'
02:05:44.031 [main] DEBUG o.s.b.f.s.DefaultListableBeanFactory - Returning cached instance of singleton bean 'resourceHandlerMapping'
02:05:44.031 [main] DEBUG o.s.b.f.s.DefaultListableBeanFactory - Returning cached instance of singleton bean 'defaultServletHandlerMapping'
02:05:44.032 [main] DEBUG o.s.b.f.s.DefaultListableBeanFactory - Returning cached instance of singleton bean 'requestMappingHandlerAdapter'
02:05:44.034 [main] DEBUG o.s.b.f.s.DefaultListableBeanFactory - Returning cached instance of singleton bean 'httpRequestHandlerAdapter'
02:05:44.034 [main] DEBUG o.s.b.f.s.DefaultListableBeanFactory - Returning cached instance of singleton bean 'simpleControllerHandlerAdapter'
02:05:44.034 [main] DEBUG o.s.b.f.s.DefaultListableBeanFactory - Returning cached instance of singleton bean 'handlerExceptionResolver'
02:05:44.035 [main] DEBUG o.s.b.f.s.DefaultListableBeanFactory - Creating instance of bean 'org.springframework.web.servlet.view.DefaultRequestToViewNameTranslator'
02:05:44.037 [main] DEBUG o.s.b.f.s.DefaultListableBeanFactory - Finished creating instance of bean 'org.springframework.web.servlet.view.DefaultRequestToViewNameTranslator'
02:05:44.038 [main] DEBUG o.s.t.w.s.TestDispatcherServlet - Unable to locate RequestToViewNameTranslator with name 'viewNameTranslator': using default [org.springframework.web.servlet.view.DefaultRequestToViewNameTranslator@94d1a8c]
02:05:44.038 [main] DEBUG o.s.b.f.s.DefaultListableBeanFactory - Returning cached instance of singleton bean 'mvcViewResolver'
02:05:44.038 [main] DEBUG o.s.b.f.s.DefaultListableBeanFactory - Returning cached instance of singleton bean 'viewResolver'
02:05:44.038 [main] DEBUG o.s.b.f.s.DefaultListableBeanFactory - Creating instance of bean 'org.springframework.web.servlet.support.SessionFlashMapManager'
02:05:44.039 [main] DEBUG o.s.b.f.s.DefaultListableBeanFactory - Finished creating instance of bean 'org.springframework.web.servlet.support.SessionFlashMapManager'
02:05:44.039 [main] DEBUG o.s.t.w.s.TestDispatcherServlet - Unable to locate FlashMapManager with name 'flashMapManager': using default [org.springframework.web.servlet.support.SessionFlashMapManager@29b36b6f]
02:05:44.039 [main] DEBUG o.s.t.w.s.TestDispatcherServlet - Published WebApplicationContext of servlet '' as ServletContext attribute with name [org.springframework.web.servlet.FrameworkServlet.CONTEXT.]
02:05:44.039 [main] INFO  o.s.t.w.s.TestDispatcherServlet - FrameworkServlet '': initialization completed in 10 ms
02:05:44.039 [main] DEBUG o.s.t.w.s.TestDispatcherServlet - Servlet '' configured successfully
02:05:44.047 [main] DEBUG o.s.t.w.s.TestDispatcherServlet - DispatcherServlet with name '' processing POST request for [/api/v1/users]
02:05:44.047 [main] DEBUG o.s.w.s.m.m.a.RequestMappingHandlerMapping - Looking up handler method for path /api/v1/users
02:05:44.047 [main] DEBUG o.s.w.s.m.m.a.RequestMappingHandlerMapping - Returning handler method [public org.springframework.http.ResponseEntity edu.ncsu.csc.itrust2.controllers.api.APIUserController.createUser(edu.ncsu.csc.itrust2.forms.admin.UserForm)]
02:05:44.048 [main] DEBUG o.s.b.f.s.DefaultListableBeanFactory - Returning cached instance of singleton bean 'APIUserController'
02:05:44.048 [main] DEBUG o.s.w.s.m.m.a.RequestResponseBodyMethodProcessor - Read [class edu.ncsu.csc.itrust2.forms.admin.UserForm] as "application/json" with [org.springframework.http.converter.json.GsonHttpMessageConverter@59058a0d]
02:05:44.280 [main] DEBUG o.h.e.t.internal.TransactionImpl - begin
02:05:44.281 [main] DEBUG org.hibernate.SQL - select this_.username as username1_15_0_, this_.enabled as enabled2_15_0_, this_.password as password3_15_0_, this_.role as role4_15_0_ from Users this_ where this_.username=?
Hibernate: select this_.username as username1_15_0_, this_.enabled as enabled2_15_0_, this_.password as password3_15_0_, this_.role as role4_15_0_ from Users this_ where this_.username=?
02:05:44.282 [main] DEBUG o.h.e.t.internal.TransactionImpl - committing
02:05:44.283 [main] DEBUG o.h.e.t.internal.TransactionImpl - begin
02:05:44.283 [main] DEBUG org.hibernate.SQL - select user_.username, user_.enabled as enabled2_15_, user_.password as password3_15_, user_.role as role4_15_ from Users user_ where user_.username=?
Hibernate: select user_.username, user_.enabled as enabled2_15_, user_.password as password3_15_, user_.role as role4_15_ from Users user_ where user_.username=?
02:05:44.284 [main] DEBUG o.h.r.j.i.ResourceRegistryStandardImpl - HHH000387: ResultSet's statement was not registered
02:05:44.284 [main] DEBUG o.h.e.i.AbstractSaveEventListener - Generated identifier: api_test_patient, using strategy: org.hibernate.id.Assigned
02:05:44.284 [main] DEBUG o.h.e.t.internal.TransactionImpl - committing
02:05:44.284 [main] DEBUG o.h.e.i.AbstractFlushingEventListener - Processing flush-time cascades
02:05:44.284 [main] DEBUG o.h.e.i.AbstractFlushingEventListener - Dirty checking collections
02:05:44.295 [main] DEBUG o.h.e.i.AbstractFlushingEventListener - Flushed: 1 insertions, 0 updates, 0 deletions to 1 objects
02:05:44.295 [main] DEBUG o.h.e.i.AbstractFlushingEventListener - Flushed: 0 (re)creations, 0 updates, 0 removals to 0 collections
02:05:44.295 [main] DEBUG o.h.internal.util.EntityPrinter - Listing entities:
02:05:44.295 [main] DEBUG o.h.internal.util.EntityPrinter - edu.ncsu.csc.itrust2.models.persistent.User{password=$2a$10$2jOs5Jq/EydcSc1wnB.OB.oLcMTRacAZaoROfR5rEA5bFvQEZcZhW, role=ROLE_PATIENT, enabled=1, username=api_test_patient}
02:05:44.297 [main] DEBUG org.hibernate.SQL - insert into Users (enabled, password, role, username) values (?, ?, ?, ?)
Hibernate: insert into Users (enabled, password, role, username) values (?, ?, ?, ?)
02:05:44.302 [main] DEBUG o.h.e.j.internal.JdbcCoordinatorImpl - HHH000420: Closing un-released batch
02:05:44.302 [main] DEBUG o.h.e.t.internal.TransactionImpl - begin
02:05:44.303 [main] DEBUG org.hibernate.SQL - select next_val as id_val from hibernate_sequence for update
Hibernate: select next_val as id_val from hibernate_sequence for update
02:05:44.304 [main] DEBUG org.hibernate.SQL - update hibernate_sequence set next_val= ? where next_val=?
Hibernate: update hibernate_sequence set next_val= ? where next_val=?
02:05:44.306 [main] DEBUG o.h.e.i.AbstractSaveEventListener - Generated identifier: 29, using strategy: org.hibernate.id.enhanced.SequenceStyleGenerator
02:05:44.307 [main] DEBUG o.h.e.t.internal.TransactionImpl - committing
02:05:44.307 [main] DEBUG o.h.e.i.AbstractFlushingEventListener - Processing flush-time cascades
02:05:44.307 [main] DEBUG o.h.e.i.AbstractFlushingEventListener - Dirty checking collections
02:05:44.307 [main] DEBUG o.h.e.i.AbstractFlushingEventListener - Flushed: 1 insertions, 0 updates, 0 deletions to 1 objects
02:05:44.307 [main] DEBUG o.h.e.i.AbstractFlushingEventListener - Flushed: 0 (re)creations, 0 updates, 0 removals to 0 collections
02:05:44.307 [main] DEBUG o.h.internal.util.EntityPrinter - Listing entities:
02:05:44.307 [main] DEBUG o.h.internal.util.EntityPrinter - edu.ncsu.csc.itrust2.models.persistent.LogEntry{secondaryUser=null, logCode=7, primaryUser=hcp, id=29, time=java.util.GregorianCalendar[time=1521698744302,areFieldsSet=true,areAllFieldsSet=true,lenient=true,zone=sun.util.calendar.ZoneInfo[id="America/New_York",offset=-18000000,dstSavings=3600000,useDaylight=true,transitions=235,lastRule=java.util.SimpleTimeZone[id=America/New_York,offset=-18000000,dstSavings=3600000,useDaylight=true,startYear=0,startMode=3,startMonth=2,startDay=8,startDayOfWeek=1,startTime=7200000,startTimeMode=0,endMode=3,endMonth=10,endDay=1,endDayOfWeek=1,endTime=7200000,endTimeMode=0]],firstDayOfWeek=1,minimalDaysInFirstWeek=1,ERA=1,YEAR=2018,MONTH=2,WEEK_OF_YEAR=12,WEEK_OF_MONTH=4,DAY_OF_MONTH=22,DAY_OF_YEAR=81,DAY_OF_WEEK=5,DAY_OF_WEEK_IN_MONTH=4,AM_PM=0,HOUR=2,HOUR_OF_DAY=2,MINUTE=5,SECOND=44,MILLISECOND=302,ZONE_OFFSET=-18000000,DST_OFFSET=3600000], message=null}
02:05:44.308 [main] DEBUG org.hibernate.SQL - insert into LogEntries (logCode, message, primaryUser, secondaryUser, time, id) values (?, ?, ?, ?, ?, ?)
Hibernate: insert into LogEntries (logCode, message, primaryUser, secondaryUser, time, id) values (?, ?, ?, ?, ?, ?)
02:05:44.311 [main] DEBUG o.h.e.j.internal.JdbcCoordinatorImpl - HHH000420: Closing un-released batch
02:05:44.312 [main] DEBUG o.s.w.s.m.m.a.HttpEntityMethodProcessor - Written [edu.ncsu.csc.itrust2.models.persistent.User@699500e1] as "application/json" using [org.springframework.http.converter.json.GsonHttpMessageConverter@59058a0d]
02:05:44.312 [main] DEBUG o.s.t.w.s.TestDispatcherServlet - Null ModelAndView returned to DispatcherServlet with name '': assuming HandlerAdapter completed request handling
02:05:44.312 [main] DEBUG o.s.t.w.s.TestDispatcherServlet - Successfully completed request
02:05:44.313 [main] DEBUG o.s.t.w.s.TestDispatcherServlet - DispatcherServlet with name '' processing POST request for [/api/v1/drugs]
02:05:44.313 [main] DEBUG o.s.w.s.m.m.a.RequestMappingHandlerMapping - Looking up handler method for path /api/v1/drugs
02:05:44.314 [main] DEBUG o.s.w.s.m.m.a.RequestMappingHandlerMapping - Returning handler method [public org.springframework.http.ResponseEntity edu.ncsu.csc.itrust2.controllers.api.APIDrugController.addDrug(edu.ncsu.csc.itrust2.forms.admin.DrugForm)]
02:05:44.315 [main] DEBUG o.s.b.f.s.DefaultListableBeanFactory - Returning cached instance of singleton bean 'APIDrugController'
02:05:44.315 [main] DEBUG o.s.w.s.m.m.a.RequestResponseBodyMethodProcessor - Read [class edu.ncsu.csc.itrust2.forms.admin.DrugForm] as "application/json" with [org.springframework.http.converter.json.GsonHttpMessageConverter@59058a0d]
02:05:44.315 [main] DEBUG o.s.s.a.i.a.MethodSecurityInterceptor - Secure object: ReflectiveMethodInvocation: public org.springframework.http.ResponseEntity edu.ncsu.csc.itrust2.controllers.api.APIDrugController.addDrug(edu.ncsu.csc.itrust2.forms.admin.DrugForm); target is of class [edu.ncsu.csc.itrust2.controllers.api.APIDrugController]; Attributes: [[authorize: 'hasRole('ROLE_ADMIN')', filter: 'null', filterTarget: 'null']]
02:05:44.316 [main] DEBUG o.s.s.a.i.a.MethodSecurityInterceptor - Previously Authenticated: org.springframework.security.authentication.UsernamePasswordAuthenticationToken@ad1c8f34: Principal: org.springframework.security.core.userdetails.User@192d5: Username: hcp; Password: [PROTECTED]; Enabled: true; AccountNonExpired: true; credentialsNonExpired: true; AccountNonLocked: true; Granted Authorities: ROLE_ADMIN,ROLE_HCP,ROLE_USER; Credentials: [PROTECTED]; Authenticated: true; Details: null; Granted Authorities: ROLE_ADMIN, ROLE_HCP, ROLE_USER
02:05:44.316 [main] DEBUG o.s.s.access.vote.AffirmativeBased - Voter: org.springframework.security.access.prepost.PreInvocationAuthorizationAdviceVoter@1d5ea30, returned: 1
02:05:44.316 [main] DEBUG o.s.s.a.i.a.MethodSecurityInterceptor - Authorization successful
02:05:44.316 [main] DEBUG o.s.s.a.i.a.MethodSecurityInterceptor - RunAsManager did not change Authentication object
02:05:44.316 [main] DEBUG o.h.e.t.internal.TransactionImpl - begin
02:05:44.317 [main] DEBUG org.hibernate.SQL - select this_.id as id1_3_0_, this_.code as code2_3_0_, this_.description as descript3_3_0_, this_.name as name4_3_0_ from Drugs this_ where this_.code=?
Hibernate: select this_.id as id1_3_0_, this_.code as code2_3_0_, this_.description as descript3_3_0_, this_.name as name4_3_0_ from Drugs this_ where this_.code=?
02:05:44.318 [main] DEBUG o.h.e.t.internal.TransactionImpl - committing
02:05:44.319 [main] DEBUG o.h.e.t.internal.TransactionImpl - begin
02:05:44.326 [main] DEBUG org.hibernate.SQL - select next_val as id_val from hibernate_sequence for update
Hibernate: select next_val as id_val from hibernate_sequence for update
02:05:44.327 [main] DEBUG org.hibernate.SQL - update hibernate_sequence set next_val= ? where next_val=?
Hibernate: update hibernate_sequence set next_val= ? where next_val=?
02:05:44.330 [main] DEBUG o.h.e.i.AbstractSaveEventListener - Generated identifier: 30, using strategy: org.hibernate.id.enhanced.SequenceStyleGenerator
02:05:44.330 [main] DEBUG o.h.e.t.internal.TransactionImpl - committing
02:05:44.330 [main] DEBUG o.h.e.i.AbstractFlushingEventListener - Processing flush-time cascades
02:05:44.330 [main] DEBUG o.h.e.i.AbstractFlushingEventListener - Dirty checking collections
02:05:44.330 [main] DEBUG o.h.e.i.AbstractFlushingEventListener - Flushed: 1 insertions, 0 updates, 0 deletions to 1 objects
02:05:44.330 [main] DEBUG o.h.e.i.AbstractFlushingEventListener - Flushed: 0 (re)creations, 0 updates, 0 removals to 0 collections
02:05:44.330 [main] DEBUG o.h.internal.util.EntityPrinter - Listing entities:
02:05:44.330 [main] DEBUG o.h.internal.util.EntityPrinter - edu.ncsu.csc.itrust2.models.persistent.Drug{code=0000-0000-20, name=TEST, description=DESC, id=30}
02:05:44.331 [main] DEBUG org.hibernate.SQL - insert into Drugs (code, description, name, id) values (?, ?, ?, ?)
Hibernate: insert into Drugs (code, description, name, id) values (?, ?, ?, ?)
02:05:44.335 [main] DEBUG o.h.e.j.internal.JdbcCoordinatorImpl - HHH000420: Closing un-released batch
02:05:44.336 [main] DEBUG o.h.e.t.internal.TransactionImpl - begin
02:05:44.337 [main] DEBUG org.hibernate.SQL - select next_val as id_val from hibernate_sequence for update
Hibernate: select next_val as id_val from hibernate_sequence for update
02:05:44.338 [main] DEBUG org.hibernate.SQL - update hibernate_sequence set next_val= ? where next_val=?
Hibernate: update hibernate_sequence set next_val= ? where next_val=?
02:05:44.341 [main] DEBUG o.h.e.i.AbstractSaveEventListener - Generated identifier: 31, using strategy: org.hibernate.id.enhanced.SequenceStyleGenerator
02:05:44.341 [main] DEBUG o.h.e.t.internal.TransactionImpl - committing
02:05:44.341 [main] DEBUG o.h.e.i.AbstractFlushingEventListener - Processing flush-time cascades
02:05:44.341 [main] DEBUG o.h.e.i.AbstractFlushingEventListener - Dirty checking collections
02:05:44.341 [main] DEBUG o.h.e.i.AbstractFlushingEventListener - Flushed: 1 insertions, 0 updates, 0 deletions to 1 objects
02:05:44.341 [main] DEBUG o.h.e.i.AbstractFlushingEventListener - Flushed: 0 (re)creations, 0 updates, 0 removals to 0 collections
02:05:44.341 [main] DEBUG o.h.internal.util.EntityPrinter - Listing entities:
02:05:44.341 [main] DEBUG o.h.internal.util.EntityPrinter - edu.ncsu.csc.itrust2.models.persistent.LogEntry{secondaryUser=null, logCode=42, primaryUser=hcp, id=31, time=java.util.GregorianCalendar[time=1521698744335,areFieldsSet=true,areAllFieldsSet=true,lenient=true,zone=sun.util.calendar.ZoneInfo[id="America/New_York",offset=-18000000,dstSavings=3600000,useDaylight=true,transitions=235,lastRule=java.util.SimpleTimeZone[id=America/New_York,offset=-18000000,dstSavings=3600000,useDaylight=true,startYear=0,startMode=3,startMonth=2,startDay=8,startDayOfWeek=1,startTime=7200000,startTimeMode=0,endMode=3,endMonth=10,endDay=1,endDayOfWeek=1,endTime=7200000,endTimeMode=0]],firstDayOfWeek=1,minimalDaysInFirstWeek=1,ERA=1,YEAR=2018,MONTH=2,WEEK_OF_YEAR=12,WEEK_OF_MONTH=4,DAY_OF_MONTH=22,DAY_OF_YEAR=81,DAY_OF_WEEK=5,DAY_OF_WEEK_IN_MONTH=4,AM_PM=0,HOUR=2,HOUR_OF_DAY=2,MINUTE=5,SECOND=44,MILLISECOND=335,ZONE_OFFSET=-18000000,DST_OFFSET=3600000], message=Drug 0000-0000-20 created}
02:05:44.342 [main] DEBUG org.hibernate.SQL - insert into LogEntries (logCode, message, primaryUser, secondaryUser, time, id) values (?, ?, ?, ?, ?, ?)
Hibernate: insert into LogEntries (logCode, message, primaryUser, secondaryUser, time, id) values (?, ?, ?, ?, ?, ?)
02:05:44.347 [main] DEBUG o.h.e.j.internal.JdbcCoordinatorImpl - HHH000420: Closing un-released batch
02:05:44.349 [main] DEBUG o.s.w.s.m.m.a.HttpEntityMethodProcessor - Written [edu.ncsu.csc.itrust2.models.persistent.Drug@46b96dec] as "application/json" using [org.springframework.http.converter.json.GsonHttpMessageConverter@59058a0d]
02:05:44.349 [main] DEBUG o.s.t.w.s.TestDispatcherServlet - Null ModelAndView returned to DispatcherServlet with name '': assuming HandlerAdapter completed request handling
02:05:44.349 [main] DEBUG o.s.t.w.s.TestDispatcherServlet - Successfully completed request
02:05:44.350 [main] DEBUG o.s.t.w.s.TestDispatcherServlet - DispatcherServlet with name '' processing POST request for [/api/v1/prescriptions]
02:05:44.350 [main] DEBUG o.s.w.s.m.m.a.RequestMappingHandlerMapping - Looking up handler method for path /api/v1/prescriptions
02:05:44.351 [main] DEBUG o.s.w.s.m.m.a.RequestMappingHandlerMapping - Returning handler method [public org.springframework.http.ResponseEntity edu.ncsu.csc.itrust2.controllers.api.APIPrescriptionController.addPrescription(edu.ncsu.csc.itrust2.forms.hcp.PrescriptionForm)]
02:05:44.351 [main] DEBUG o.s.b.f.s.DefaultListableBeanFactory - Returning cached instance of singleton bean 'APIPrescriptionController'
02:05:44.352 [main] DEBUG o.s.w.s.m.m.a.RequestResponseBodyMethodProcessor - Read [class edu.ncsu.csc.itrust2.forms.hcp.PrescriptionForm] as "application/json" with [org.springframework.http.converter.json.GsonHttpMessageConverter@59058a0d]
02:05:44.352 [main] DEBUG o.s.s.a.i.a.MethodSecurityInterceptor - Secure object: ReflectiveMethodInvocation: public org.springframework.http.ResponseEntity edu.ncsu.csc.itrust2.controllers.api.APIPrescriptionController.addPrescription(edu.ncsu.csc.itrust2.forms.hcp.PrescriptionForm); target is of class [edu.ncsu.csc.itrust2.controllers.api.APIPrescriptionController]; Attributes: [[authorize: 'hasRole('ROLE_HCP')', filter: 'null', filterTarget: 'null']]
02:05:44.352 [main] DEBUG o.s.s.a.i.a.MethodSecurityInterceptor - Previously Authenticated: org.springframework.security.authentication.UsernamePasswordAuthenticationToken@ad1c8f34: Principal: org.springframework.security.core.userdetails.User@192d5: Username: hcp; Password: [PROTECTED]; Enabled: true; AccountNonExpired: true; credentialsNonExpired: true; AccountNonLocked: true; Granted Authorities: ROLE_ADMIN,ROLE_HCP,ROLE_USER; Credentials: [PROTECTED]; Authenticated: true; Details: null; Granted Authorities: ROLE_ADMIN, ROLE_HCP, ROLE_USER
02:05:44.353 [main] DEBUG o.s.s.access.vote.AffirmativeBased - Voter: org.springframework.security.access.prepost.PreInvocationAuthorizationAdviceVoter@1d5ea30, returned: 1
02:05:44.353 [main] DEBUG o.s.s.a.i.a.MethodSecurityInterceptor - Authorization successful
02:05:44.353 [main] DEBUG o.s.s.a.i.a.MethodSecurityInterceptor - RunAsManager did not change Authentication object
02:05:44.381 [main] DEBUG o.h.e.t.internal.TransactionImpl - begin
02:05:44.385 [main] DEBUG org.hibernate.SQL - select this_.id as id1_3_0_, this_.code as code2_3_0_, this_.description as descript3_3_0_, this_.name as name4_3_0_ from Drugs this_ where this_.code=?
Hibernate: select this_.id as id1_3_0_, this_.code as code2_3_0_, this_.description as descript3_3_0_, this_.name as name4_3_0_ from Drugs this_ where this_.code=?
02:05:44.385 [main] DEBUG org.hibernate.loader.Loader - Result set row: 0
02:05:44.386 [main] DEBUG org.hibernate.loader.Loader - Result row: EntityKey[edu.ncsu.csc.itrust2.models.persistent.Drug#30]
02:05:44.395 [main] DEBUG o.h.engine.internal.TwoPhaseLoad - Resolving associations for [edu.ncsu.csc.itrust2.models.persistent.Drug#30]
02:05:44.395 [main] DEBUG o.h.engine.internal.TwoPhaseLoad - Done materializing entity [edu.ncsu.csc.itrust2.models.persistent.Drug#30]
02:05:44.395 [main] DEBUG o.h.e.t.internal.TransactionImpl - committing
02:05:44.396 [main] DEBUG o.h.e.i.AbstractFlushingEventListener - Processing flush-time cascades
02:05:44.396 [main] DEBUG o.h.e.i.AbstractFlushingEventListener - Dirty checking collections
02:05:44.396 [main] DEBUG o.h.e.i.AbstractFlushingEventListener - Flushed: 0 insertions, 0 updates, 0 deletions to 1 objects
02:05:44.396 [main] DEBUG o.h.e.i.AbstractFlushingEventListener - Flushed: 0 (re)creations, 0 updates, 0 removals to 0 collections
02:05:44.397 [main] DEBUG o.h.internal.util.EntityPrinter - Listing entities:
02:05:44.397 [main] DEBUG o.h.internal.util.EntityPrinter - edu.ncsu.csc.itrust2.models.persistent.Drug{code=0000-0000-20, name=TEST, description=DESC, id=30}
02:05:44.397 [main] DEBUG o.h.e.t.internal.TransactionImpl - begin
02:05:44.398 [main] DEBUG org.hibernate.SQL - select this_.username as username1_15_0_, this_.enabled as enabled2_15_0_, this_.password as password3_15_0_, this_.role as role4_15_0_ from Users this_ where this_.username=?
Hibernate: select this_.username as username1_15_0_, this_.enabled as enabled2_15_0_, this_.password as password3_15_0_, this_.role as role4_15_0_ from Users this_ where this_.username=?
02:05:44.399 [main] DEBUG org.hibernate.loader.Loader - Result set row: 0
02:05:44.399 [main] DEBUG org.hibernate.loader.Loader - Result row: EntityKey[edu.ncsu.csc.itrust2.models.persistent.User#api_test_patient]
02:05:44.399 [main] DEBUG o.h.engine.internal.TwoPhaseLoad - Resolving associations for [edu.ncsu.csc.itrust2.models.persistent.User#api_test_patient]
02:05:44.399 [main] DEBUG o.h.engine.internal.TwoPhaseLoad - Done materializing entity [edu.ncsu.csc.itrust2.models.persistent.User#api_test_patient]
02:05:44.400 [main] DEBUG o.h.e.t.internal.TransactionImpl - committing
02:05:44.400 [main] DEBUG o.h.e.i.AbstractFlushingEventListener - Processing flush-time cascades
02:05:44.400 [main] DEBUG o.h.e.i.AbstractFlushingEventListener - Dirty checking collections
02:05:44.401 [main] DEBUG o.h.e.i.AbstractFlushingEventListener - Flushed: 0 insertions, 0 updates, 0 deletions to 1 objects
02:05:44.401 [main] DEBUG o.h.e.i.AbstractFlushingEventListener - Flushed: 0 (re)creations, 0 updates, 0 removals to 0 collections
02:05:44.401 [main] DEBUG o.h.internal.util.EntityPrinter - Listing entities:
02:05:44.401 [main] DEBUG o.h.internal.util.EntityPrinter - edu.ncsu.csc.itrust2.models.persistent.User{password=$2a$10$2jOs5Jq/EydcSc1wnB.OB.oLcMTRacAZaoROfR5rEA5bFvQEZcZhW, role=ROLE_PATIENT, enabled=1, username=api_test_patient}
02:05:44.402 [main] DEBUG o.h.e.t.internal.TransactionImpl - begin
02:05:44.403 [main] DEBUG org.hibernate.SQL - select next_val as id_val from hibernate_sequence for update
Hibernate: select next_val as id_val from hibernate_sequence for update
02:05:44.404 [main] DEBUG org.hibernate.SQL - update hibernate_sequence set next_val= ? where next_val=?
Hibernate: update hibernate_sequence set next_val= ? where next_val=?
02:05:44.407 [main] DEBUG o.h.e.i.AbstractSaveEventListener - Generated identifier: 32, using strategy: org.hibernate.id.enhanced.SequenceStyleGenerator
02:05:44.407 [main] DEBUG org.hibernate.SQL - select user_.username, user_.enabled as enabled2_15_, user_.password as password3_15_, user_.role as role4_15_ from Users user_ where user_.username=?
Hibernate: select user_.username, user_.enabled as enabled2_15_, user_.password as password3_15_, user_.role as role4_15_ from Users user_ where user_.username=?
02:05:44.408 [main] DEBUG o.h.r.j.i.ResourceRegistryStandardImpl - HHH000387: ResultSet's statement was not registered
02:05:44.408 [main] DEBUG o.h.e.t.internal.TransactionImpl - committing
02:05:44.408 [main] DEBUG o.h.e.i.AbstractFlushingEventListener - Processing flush-time cascades
02:05:44.408 [main] DEBUG o.h.e.i.AbstractFlushingEventListener - Dirty checking collections
02:05:44.409 [main] DEBUG o.h.e.i.AbstractFlushingEventListener - Flushed: 1 insertions, 0 updates, 0 deletions to 1 objects
02:05:44.409 [main] DEBUG o.h.e.i.AbstractFlushingEventListener - Flushed: 0 (re)creations, 0 updates, 0 removals to 0 collections
02:05:44.409 [main] DEBUG o.h.internal.util.EntityPrinter - Listing entities:
02:05:44.410 [main] DEBUG o.h.internal.util.EntityPrinter - edu.ncsu.csc.itrust2.models.persistent.Prescription{dosage=100, endDate=java.util.GregorianCalendar[time=1286683200000,areFieldsSet=true,areAllFieldsSet=true,lenient=true,zone=sun.util.calendar.ZoneInfo[id="America/New_York",offset=-18000000,dstSavings=3600000,useDaylight=true,transitions=235,lastRule=java.util.SimpleTimeZone[id=America/New_York,offset=-18000000,dstSavings=3600000,useDaylight=true,startYear=0,startMode=3,startMonth=2,startDay=8,startDayOfWeek=1,startTime=7200000,startTimeMode=0,endMode=3,endMonth=10,endDay=1,endDayOfWeek=1,endTime=7200000,endTimeMode=0]],firstDayOfWeek=1,minimalDaysInFirstWeek=1,ERA=1,YEAR=2010,MONTH=9,WEEK_OF_YEAR=42,WEEK_OF_MONTH=3,DAY_OF_MONTH=10,DAY_OF_YEAR=283,DAY_OF_WEEK=1,DAY_OF_WEEK_IN_MONTH=2,AM_PM=0,HOUR=0,HOUR_OF_DAY=0,MINUTE=0,SECOND=0,MILLISECOND=0,ZONE_OFFSET=-18000000,DST_OFFSET=3600000], patient=edu.ncsu.csc.itrust2.models.persistent.User#api_test_patient, id=32, renewals=12, startDate=java.util.GregorianCalendar[time=1255147200000,areFieldsSet=true,areAllFieldsSet=true,lenient=true,zone=sun.util.calendar.ZoneInfo[id="America/New_York",offset=-18000000,dstSavings=3600000,useDaylight=true,transitions=235,lastRule=java.util.SimpleTimeZone[id=America/New_York,offset=-18000000,dstSavings=3600000,useDaylight=true,startYear=0,startMode=3,startMonth=2,startDay=8,startDayOfWeek=1,startTime=7200000,startTimeMode=0,endMode=3,endMonth=10,endDay=1,endDayOfWeek=1,endTime=7200000,endTimeMode=0]],firstDayOfWeek=1,minimalDaysInFirstWeek=1,ERA=1,YEAR=2009,MONTH=9,WEEK_OF_YEAR=41,WEEK_OF_MONTH=2,DAY_OF_MONTH=10,DAY_OF_YEAR=283,DAY_OF_WEEK=7,DAY_OF_WEEK_IN_MONTH=2,AM_PM=0,HOUR=0,HOUR_OF_DAY=0,MINUTE=0,SECOND=0,MILLISECOND=0,ZONE_OFFSET=-18000000,DST_OFFSET=3600000], drug=edu.ncsu.csc.itrust2.models.persistent.Drug#30}
02:05:44.411 [main] DEBUG org.hibernate.SQL - insert into Prescriptions (dosage, drug_id, endDate, patient_id, renewals, startDate, id) values (?, ?, ?, ?, ?, ?, ?)
Hibernate: insert into Prescriptions (dosage, drug_id, endDate, patient_id, renewals, startDate, id) values (?, ?, ?, ?, ?, ?, ?)
02:05:44.414 [main] DEBUG o.h.e.j.internal.JdbcCoordinatorImpl - HHH000420: Closing un-released batch
02:05:44.415 [main] DEBUG o.h.e.t.internal.TransactionImpl - begin
02:05:44.415 [main] DEBUG org.hibernate.SQL - select next_val as id_val from hibernate_sequence for update
Hibernate: select next_val as id_val from hibernate_sequence for update
02:05:44.416 [main] DEBUG org.hibernate.SQL - update hibernate_sequence set next_val= ? where next_val=?
Hibernate: update hibernate_sequence set next_val= ? where next_val=?
02:05:44.418 [main] DEBUG o.h.e.i.AbstractSaveEventListener - Generated identifier: 33, using strategy: org.hibernate.id.enhanced.SequenceStyleGenerator
02:05:44.419 [main] DEBUG o.h.e.t.internal.TransactionImpl - committing
02:05:44.419 [main] DEBUG o.h.e.i.AbstractFlushingEventListener - Processing flush-time cascades
02:05:44.419 [main] DEBUG o.h.e.i.AbstractFlushingEventListener - Dirty checking collections
02:05:44.420 [main] DEBUG o.h.e.i.AbstractFlushingEventListener - Flushed: 1 insertions, 0 updates, 0 deletions to 1 objects
02:05:44.420 [main] DEBUG o.h.e.i.AbstractFlushingEventListener - Flushed: 0 (re)creations, 0 updates, 0 removals to 0 collections
02:05:44.420 [main] DEBUG o.h.internal.util.EntityPrinter - Listing entities:
02:05:44.420 [main] DEBUG o.h.internal.util.EntityPrinter - edu.ncsu.csc.itrust2.models.persistent.LogEntry{secondaryUser=api_test_patient, logCode=46, primaryUser=hcp, id=33, time=java.util.GregorianCalendar[time=1521698744415,areFieldsSet=true,areAllFieldsSet=true,lenient=true,zone=sun.util.calendar.ZoneInfo[id="America/New_York",offset=-18000000,dstSavings=3600000,useDaylight=true,transitions=235,lastRule=java.util.SimpleTimeZone[id=America/New_York,offset=-18000000,dstSavings=3600000,useDaylight=true,startYear=0,startMode=3,startMonth=2,startDay=8,startDayOfWeek=1,startTime=7200000,startTimeMode=0,endMode=3,endMonth=10,endDay=1,endDayOfWeek=1,endTime=7200000,endTimeMode=0]],firstDayOfWeek=1,minimalDaysInFirstWeek=1,ERA=1,YEAR=2018,MONTH=2,WEEK_OF_YEAR=12,WEEK_OF_MONTH=4,DAY_OF_MONTH=22,DAY_OF_YEAR=81,DAY_OF_WEEK=5,DAY_OF_WEEK_IN_MONTH=4,AM_PM=0,HOUR=2,HOUR_OF_DAY=2,MINUTE=5,SECOND=44,MILLISECOND=415,ZONE_OFFSET=-18000000,DST_OFFSET=3600000], message=Created prescription with id 32}
02:05:44.423 [main] DEBUG org.hibernate.SQL - insert into LogEntries (logCode, message, primaryUser, secondaryUser, time, id) values (?, ?, ?, ?, ?, ?)
Hibernate: insert into LogEntries (logCode, message, primaryUser, secondaryUser, time, id) values (?, ?, ?, ?, ?, ?)
02:05:44.426 [main] DEBUG o.h.e.j.internal.JdbcCoordinatorImpl - HHH000420: Closing un-released batch
02:05:44.430 [main] DEBUG o.s.w.s.m.m.a.HttpEntityMethodProcessor - Written [edu.ncsu.csc.itrust2.models.persistent.Prescription@3c5192bb] as "application/json" using [org.springframework.http.converter.json.GsonHttpMessageConverter@59058a0d]
02:05:44.430 [main] DEBUG o.s.t.w.s.TestDispatcherServlet - Null ModelAndView returned to DispatcherServlet with name '': assuming HandlerAdapter completed request handling
02:05:44.430 [main] DEBUG o.s.t.w.s.TestDispatcherServlet - Successfully completed request
02:05:44.445 [main] DEBUG o.s.t.w.s.TestDispatcherServlet - DispatcherServlet with name '' processing POST request for [/api/v1/prescriptions]
02:05:44.445 [main] DEBUG o.s.w.s.m.m.a.RequestMappingHandlerMapping - Looking up handler method for path /api/v1/prescriptions
02:05:44.446 [main] DEBUG o.s.w.s.m.m.a.RequestMappingHandlerMapping - Returning handler method [public org.springframework.http.ResponseEntity edu.ncsu.csc.itrust2.controllers.api.APIPrescriptionController.addPrescription(edu.ncsu.csc.itrust2.forms.hcp.PrescriptionForm)]
02:05:44.446 [main] DEBUG o.s.b.f.s.DefaultListableBeanFactory - Returning cached instance of singleton bean 'APIPrescriptionController'
02:05:44.447 [main] DEBUG o.s.w.s.m.m.a.RequestResponseBodyMethodProcessor - Read [class edu.ncsu.csc.itrust2.forms.hcp.PrescriptionForm] as "application/json" with [org.springframework.http.converter.json.GsonHttpMessageConverter@59058a0d]
02:05:44.447 [main] DEBUG o.s.s.a.i.a.MethodSecurityInterceptor - Secure object: ReflectiveMethodInvocation: public org.springframework.http.ResponseEntity edu.ncsu.csc.itrust2.controllers.api.APIPrescriptionController.addPrescription(edu.ncsu.csc.itrust2.forms.hcp.PrescriptionForm); target is of class [edu.ncsu.csc.itrust2.controllers.api.APIPrescriptionController]; Attributes: [[authorize: 'hasRole('ROLE_HCP')', filter: 'null', filterTarget: 'null']]
02:05:44.448 [main] DEBUG o.s.s.a.i.a.MethodSecurityInterceptor - Previously Authenticated: org.springframework.security.authentication.UsernamePasswordAuthenticationToken@ad1c8f34: Principal: org.springframework.security.core.userdetails.User@192d5: Username: hcp; Password: [PROTECTED]; Enabled: true; AccountNonExpired: true; credentialsNonExpired: true; AccountNonLocked: true; Granted Authorities: ROLE_ADMIN,ROLE_HCP,ROLE_USER; Credentials: [PROTECTED]; Authenticated: true; Details: null; Granted Authorities: ROLE_ADMIN, ROLE_HCP, ROLE_USER
02:05:44.448 [main] DEBUG o.s.s.access.vote.AffirmativeBased - Voter: org.springframework.security.access.prepost.PreInvocationAuthorizationAdviceVoter@1d5ea30, returned: 1
02:05:44.448 [main] DEBUG o.s.s.a.i.a.MethodSecurityInterceptor - Authorization successful
02:05:44.448 [main] DEBUG o.s.s.a.i.a.MethodSecurityInterceptor - RunAsManager did not change Authentication object
02:05:44.448 [main] DEBUG o.h.e.t.internal.TransactionImpl - begin
02:05:44.449 [main] DEBUG org.hibernate.SQL - select this_.id as id1_3_0_, this_.code as code2_3_0_, this_.description as descript3_3_0_, this_.name as name4_3_0_ from Drugs this_ where this_.code=?
Hibernate: select this_.id as id1_3_0_, this_.code as code2_3_0_, this_.description as descript3_3_0_, this_.name as name4_3_0_ from Drugs this_ where this_.code=?
02:05:44.450 [main] DEBUG org.hibernate.loader.Loader - Result set row: 0
02:05:44.450 [main] DEBUG org.hibernate.loader.Loader - Result row: EntityKey[edu.ncsu.csc.itrust2.models.persistent.Drug#30]
02:05:44.451 [main] DEBUG o.h.engine.internal.TwoPhaseLoad - Resolving associations for [edu.ncsu.csc.itrust2.models.persistent.Drug#30]
02:05:44.451 [main] DEBUG o.h.engine.internal.TwoPhaseLoad - Done materializing entity [edu.ncsu.csc.itrust2.models.persistent.Drug#30]
02:05:44.451 [main] DEBUG o.h.e.t.internal.TransactionImpl - committing
02:05:44.451 [main] DEBUG o.h.e.i.AbstractFlushingEventListener - Processing flush-time cascades
02:05:44.451 [main] DEBUG o.h.e.i.AbstractFlushingEventListener - Dirty checking collections
02:05:44.451 [main] DEBUG o.h.e.i.AbstractFlushingEventListener - Flushed: 0 insertions, 0 updates, 0 deletions to 1 objects
02:05:44.452 [main] DEBUG o.h.e.i.AbstractFlushingEventListener - Flushed: 0 (re)creations, 0 updates, 0 removals to 0 collections
02:05:44.452 [main] DEBUG o.h.internal.util.EntityPrinter - Listing entities:
02:05:44.452 [main] DEBUG o.h.internal.util.EntityPrinter - edu.ncsu.csc.itrust2.models.persistent.Drug{code=0000-0000-20, name=TEST, description=DESC, id=30}
02:05:44.453 [main] DEBUG o.h.e.t.internal.TransactionImpl - begin
02:05:44.454 [main] DEBUG org.hibernate.SQL - select this_.username as username1_15_0_, this_.enabled as enabled2_15_0_, this_.password as password3_15_0_, this_.role as role4_15_0_ from Users this_ where this_.username=?
Hibernate: select this_.username as username1_15_0_, this_.enabled as enabled2_15_0_, this_.password as password3_15_0_, this_.role as role4_15_0_ from Users this_ where this_.username=?
02:05:44.455 [main] DEBUG org.hibernate.loader.Loader - Result set row: 0
02:05:44.455 [main] DEBUG org.hibernate.loader.Loader - Result row: EntityKey[edu.ncsu.csc.itrust2.models.persistent.User#api_test_patient]
02:05:44.455 [main] DEBUG o.h.engine.internal.TwoPhaseLoad - Resolving associations for [edu.ncsu.csc.itrust2.models.persistent.User#api_test_patient]
02:05:44.457 [main] DEBUG o.h.engine.internal.TwoPhaseLoad - Done materializing entity [edu.ncsu.csc.itrust2.models.persistent.User#api_test_patient]
02:05:44.457 [main] DEBUG o.h.e.t.internal.TransactionImpl - committing
02:05:44.457 [main] DEBUG o.h.e.i.AbstractFlushingEventListener - Processing flush-time cascades
02:05:44.457 [main] DEBUG o.h.e.i.AbstractFlushingEventListener - Dirty checking collections
02:05:44.458 [main] DEBUG o.h.e.i.AbstractFlushingEventListener - Flushed: 0 insertions, 0 updates, 0 deletions to 1 objects
02:05:44.458 [main] DEBUG o.h.e.i.AbstractFlushingEventListener - Flushed: 0 (re)creations, 0 updates, 0 removals to 0 collections
02:05:44.458 [main] DEBUG o.h.internal.util.EntityPrinter - Listing entities:
02:05:44.458 [main] DEBUG o.h.internal.util.EntityPrinter - edu.ncsu.csc.itrust2.models.persistent.User{password=$2a$10$2jOs5Jq/EydcSc1wnB.OB.oLcMTRacAZaoROfR5rEA5bFvQEZcZhW, role=ROLE_PATIENT, enabled=1, username=api_test_patient}
02:05:44.459 [main] DEBUG o.h.e.t.internal.TransactionImpl - begin
02:05:44.460 [main] DEBUG org.hibernate.SQL - select next_val as id_val from hibernate_sequence for update
Hibernate: select next_val as id_val from hibernate_sequence for update
02:05:44.460 [main] DEBUG org.hibernate.SQL - update hibernate_sequence set next_val= ? where next_val=?
Hibernate: update hibernate_sequence set next_val= ? where next_val=?
02:05:44.472 [main] DEBUG o.h.e.i.AbstractSaveEventListener - Generated identifier: 34, using strategy: org.hibernate.id.enhanced.SequenceStyleGenerator
02:05:44.473 [main] DEBUG org.hibernate.SQL - select user_.username, user_.enabled as enabled2_15_, user_.password as password3_15_, user_.role as role4_15_ from Users user_ where user_.username=?
Hibernate: select user_.username, user_.enabled as enabled2_15_, user_.password as password3_15_, user_.role as role4_15_ from Users user_ where user_.username=?
02:05:44.473 [main] DEBUG o.h.r.j.i.ResourceRegistryStandardImpl - HHH000387: ResultSet's statement was not registered
02:05:44.474 [main] DEBUG o.h.e.t.internal.TransactionImpl - committing
02:05:44.474 [main] DEBUG o.h.e.i.AbstractFlushingEventListener - Processing flush-time cascades
02:05:44.474 [main] DEBUG o.h.e.i.AbstractFlushingEventListener - Dirty checking collections
02:05:44.474 [main] DEBUG o.h.e.i.AbstractFlushingEventListener - Flushed: 1 insertions, 0 updates, 0 deletions to 1 objects
02:05:44.474 [main] DEBUG o.h.e.i.AbstractFlushingEventListener - Flushed: 0 (re)creations, 0 updates, 0 removals to 0 collections
02:05:44.474 [main] DEBUG o.h.internal.util.EntityPrinter - Listing entities:
02:05:44.474 [main] DEBUG o.h.internal.util.EntityPrinter - edu.ncsu.csc.itrust2.models.persistent.Prescription{dosage=200, endDate=java.util.GregorianCalendar[time=1604984400000,areFieldsSet=true,areAllFieldsSet=true,lenient=true,zone=sun.util.calendar.ZoneInfo[id="America/New_York",offset=-18000000,dstSavings=3600000,useDaylight=true,transitions=235,lastRule=java.util.SimpleTimeZone[id=America/New_York,offset=-18000000,dstSavings=3600000,useDaylight=true,startYear=0,startMode=3,startMonth=2,startDay=8,startDayOfWeek=1,startTime=7200000,startTimeMode=0,endMode=3,endMonth=10,endDay=1,endDayOfWeek=1,endTime=7200000,endTimeMode=0]],firstDayOfWeek=1,minimalDaysInFirstWeek=1,ERA=1,YEAR=2020,MONTH=10,WEEK_OF_YEAR=46,WEEK_OF_MONTH=2,DAY_OF_MONTH=10,DAY_OF_YEAR=315,DAY_OF_WEEK=3,DAY_OF_WEEK_IN_MONTH=2,AM_PM=0,HOUR=0,HOUR_OF_DAY=0,MINUTE=0,SECOND=0,MILLISECOND=0,ZONE_OFFSET=-18000000,DST_OFFSET=0], patient=edu.ncsu.csc.itrust2.models.persistent.User#api_test_patient, id=34, renewals=3, startDate=java.util.GregorianCalendar[time=1602302400000,areFieldsSet=true,areAllFieldsSet=true,lenient=true,zone=sun.util.calendar.ZoneInfo[id="America/New_York",offset=-18000000,dstSavings=3600000,useDaylight=true,transitions=235,lastRule=java.util.SimpleTimeZone[id=America/New_York,offset=-18000000,dstSavings=3600000,useDaylight=true,startYear=0,startMode=3,startMonth=2,startDay=8,startDayOfWeek=1,startTime=7200000,startTimeMode=0,endMode=3,endMonth=10,endDay=1,endDayOfWeek=1,endTime=7200000,endTimeMode=0]],firstDayOfWeek=1,minimalDaysInFirstWeek=1,ERA=1,YEAR=2020,MONTH=9,WEEK_OF_YEAR=41,WEEK_OF_MONTH=2,DAY_OF_MONTH=10,DAY_OF_YEAR=284,DAY_OF_WEEK=7,DAY_OF_WEEK_IN_MONTH=2,AM_PM=0,HOUR=0,HOUR_OF_DAY=0,MINUTE=0,SECOND=0,MILLISECOND=0,ZONE_OFFSET=-18000000,DST_OFFSET=3600000], drug=edu.ncsu.csc.itrust2.models.persistent.Drug#30}
02:05:44.476 [main] DEBUG org.hibernate.SQL - insert into Prescriptions (dosage, drug_id, endDate, patient_id, renewals, startDate, id) values (?, ?, ?, ?, ?, ?, ?)
Hibernate: insert into Prescriptions (dosage, drug_id, endDate, patient_id, renewals, startDate, id) values (?, ?, ?, ?, ?, ?, ?)
02:05:44.479 [main] DEBUG o.h.e.j.internal.JdbcCoordinatorImpl - HHH000420: Closing un-released batch
02:05:44.480 [main] DEBUG o.h.e.t.internal.TransactionImpl - begin
02:05:44.480 [main] DEBUG org.hibernate.SQL - select next_val as id_val from hibernate_sequence for update
Hibernate: select next_val as id_val from hibernate_sequence for update
02:05:44.481 [main] DEBUG org.hibernate.SQL - update hibernate_sequence set next_val= ? where next_val=?
Hibernate: update hibernate_sequence set next_val= ? where next_val=?
02:05:44.484 [main] DEBUG o.h.e.i.AbstractSaveEventListener - Generated identifier: 35, using strategy: org.hibernate.id.enhanced.SequenceStyleGenerator
02:05:44.484 [main] DEBUG o.h.e.t.internal.TransactionImpl - committing
02:05:44.484 [main] DEBUG o.h.e.i.AbstractFlushingEventListener - Processing flush-time cascades
02:05:44.484 [main] DEBUG o.h.e.i.AbstractFlushingEventListener - Dirty checking collections
02:05:44.484 [main] DEBUG o.h.e.i.AbstractFlushingEventListener - Flushed: 1 insertions, 0 updates, 0 deletions to 1 objects
02:05:44.484 [main] DEBUG o.h.e.i.AbstractFlushingEventListener - Flushed: 0 (re)creations, 0 updates, 0 removals to 0 collections
02:05:44.484 [main] DEBUG o.h.internal.util.EntityPrinter - Listing entities:
02:05:44.484 [main] DEBUG o.h.internal.util.EntityPrinter - edu.ncsu.csc.itrust2.models.persistent.LogEntry{secondaryUser=api_test_patient, logCode=46, primaryUser=hcp, id=35, time=java.util.GregorianCalendar[time=1521698744479,areFieldsSet=true,areAllFieldsSet=true,lenient=true,zone=sun.util.calendar.ZoneInfo[id="America/New_York",offset=-18000000,dstSavings=3600000,useDaylight=true,transitions=235,lastRule=java.util.SimpleTimeZone[id=America/New_York,offset=-18000000,dstSavings=3600000,useDaylight=true,startYear=0,startMode=3,startMonth=2,startDay=8,startDayOfWeek=1,startTime=7200000,startTimeMode=0,endMode=3,endMonth=10,endDay=1,endDayOfWeek=1,endTime=7200000,endTimeMode=0]],firstDayOfWeek=1,minimalDaysInFirstWeek=1,ERA=1,YEAR=2018,MONTH=2,WEEK_OF_YEAR=12,WEEK_OF_MONTH=4,DAY_OF_MONTH=22,DAY_OF_YEAR=81,DAY_OF_WEEK=5,DAY_OF_WEEK_IN_MONTH=4,AM_PM=0,HOUR=2,HOUR_OF_DAY=2,MINUTE=5,SECOND=44,MILLISECOND=479,ZONE_OFFSET=-18000000,DST_OFFSET=3600000], message=Created prescription with id 34}
02:05:44.485 [main] DEBUG org.hibernate.SQL - insert into LogEntries (logCode, message, primaryUser, secondaryUser, time, id) values (?, ?, ?, ?, ?, ?)
Hibernate: insert into LogEntries (logCode, message, primaryUser, secondaryUser, time, id) values (?, ?, ?, ?, ?, ?)
02:05:44.489 [main] DEBUG o.h.e.j.internal.JdbcCoordinatorImpl - HHH000420: Closing un-released batch
02:05:44.492 [main] DEBUG o.s.w.s.m.m.a.HttpEntityMethodProcessor - Written [edu.ncsu.csc.itrust2.models.persistent.Prescription@1351f188] as "application/json" using [org.springframework.http.converter.json.GsonHttpMessageConverter@59058a0d]
02:05:44.493 [main] DEBUG o.s.t.w.s.TestDispatcherServlet - Null ModelAndView returned to DispatcherServlet with name '': assuming HandlerAdapter completed request handling
02:05:44.493 [main] DEBUG o.s.t.w.s.TestDispatcherServlet - Successfully completed request
02:05:44.494 [main] DEBUG o.s.t.w.s.TestDispatcherServlet - DispatcherServlet with name '' processing GET request for [/api/v1/prescriptions]
02:05:44.494 [main] DEBUG o.s.w.s.m.m.a.RequestMappingHandlerMapping - Looking up handler method for path /api/v1/prescriptions
02:05:44.495 [main] DEBUG o.s.w.s.m.m.a.RequestMappingHandlerMapping - Returning handler method [public java.util.List<edu.ncsu.csc.itrust2.models.persistent.Prescription> edu.ncsu.csc.itrust2.controllers.api.APIPrescriptionController.getPrescriptions()]
02:05:44.495 [main] DEBUG o.s.b.f.s.DefaultListableBeanFactory - Returning cached instance of singleton bean 'APIPrescriptionController'
02:05:44.495 [main] DEBUG o.s.t.w.s.TestDispatcherServlet - Last-Modified value for [/api/v1/prescriptions] is: -1
02:05:44.496 [main] DEBUG o.s.s.a.i.a.MethodSecurityInterceptor - Secure object: ReflectiveMethodInvocation: public java.util.List edu.ncsu.csc.itrust2.controllers.api.APIPrescriptionController.getPrescriptions(); target is of class [edu.ncsu.csc.itrust2.controllers.api.APIPrescriptionController]; Attributes: [[authorize: 'hasAnyRole('ROLE_HCP', 'ROLE_PATIENT')', filter: 'null', filterTarget: 'null']]
02:05:44.496 [main] DEBUG o.s.s.a.i.a.MethodSecurityInterceptor - Previously Authenticated: org.springframework.security.authentication.UsernamePasswordAuthenticationToken@ad1c8f34: Principal: org.springframework.security.core.userdetails.User@192d5: Username: hcp; Password: [PROTECTED]; Enabled: true; AccountNonExpired: true; credentialsNonExpired: true; AccountNonLocked: true; Granted Authorities: ROLE_ADMIN,ROLE_HCP,ROLE_USER; Credentials: [PROTECTED]; Authenticated: true; Details: null; Granted Authorities: ROLE_ADMIN, ROLE_HCP, ROLE_USER
02:05:44.498 [main] DEBUG o.s.s.access.vote.AffirmativeBased - Voter: org.springframework.security.access.prepost.PreInvocationAuthorizationAdviceVoter@1d5ea30, returned: 1
02:05:44.498 [main] DEBUG o.s.s.a.i.a.MethodSecurityInterceptor - Authorization successful
02:05:44.498 [main] DEBUG o.s.s.a.i.a.MethodSecurityInterceptor - RunAsManager did not change Authentication object
02:05:44.498 [main] DEBUG o.h.e.t.internal.TransactionImpl - begin
02:05:44.508 [main] DEBUG org.hibernate.SQL - select next_val as id_val from hibernate_sequence for update
Hibernate: select next_val as id_val from hibernate_sequence for update
02:05:44.508 [main] DEBUG org.hibernate.SQL - update hibernate_sequence set next_val= ? where next_val=?
Hibernate: update hibernate_sequence set next_val= ? where next_val=?
02:05:44.511 [main] DEBUG o.h.e.i.AbstractSaveEventListener - Generated identifier: 36, using strategy: org.hibernate.id.enhanced.SequenceStyleGenerator
02:05:44.512 [main] DEBUG o.h.e.t.internal.TransactionImpl - committing
02:05:44.512 [main] DEBUG o.h.e.i.AbstractFlushingEventListener - Processing flush-time cascades
02:05:44.512 [main] DEBUG o.h.e.i.AbstractFlushingEventListener - Dirty checking collections
02:05:44.512 [main] DEBUG o.h.e.i.AbstractFlushingEventListener - Flushed: 1 insertions, 0 updates, 0 deletions to 1 objects
02:05:44.512 [main] DEBUG o.h.e.i.AbstractFlushingEventListener - Flushed: 0 (re)creations, 0 updates, 0 removals to 0 collections
02:05:44.512 [main] DEBUG o.h.internal.util.EntityPrinter - Listing entities:
02:05:44.512 [main] DEBUG o.h.internal.util.EntityPrinter - edu.ncsu.csc.itrust2.models.persistent.LogEntry{secondaryUser=null, logCode=49, primaryUser=hcp, id=36, time=java.util.GregorianCalendar[time=1521698744498,areFieldsSet=true,areAllFieldsSet=true,lenient=true,zone=sun.util.calendar.ZoneInfo[id="America/New_York",offset=-18000000,dstSavings=3600000,useDaylight=true,transitions=235,lastRule=java.util.SimpleTimeZone[id=America/New_York,offset=-18000000,dstSavings=3600000,useDaylight=true,startYear=0,startMode=3,startMonth=2,startDay=8,startDayOfWeek=1,startTime=7200000,startTimeMode=0,endMode=3,endMonth=10,endDay=1,endDayOfWeek=1,endTime=7200000,endTimeMode=0]],firstDayOfWeek=1,minimalDaysInFirstWeek=1,ERA=1,YEAR=2018,MONTH=2,WEEK_OF_YEAR=12,WEEK_OF_MONTH=4,DAY_OF_MONTH=22,DAY_OF_YEAR=81,DAY_OF_WEEK=5,DAY_OF_WEEK_IN_MONTH=4,AM_PM=0,HOUR=2,HOUR_OF_DAY=2,MINUTE=5,SECOND=44,MILLISECOND=498,ZONE_OFFSET=-18000000,DST_OFFSET=3600000], message=HCP viewed a list of all prescriptions}
02:05:44.513 [main] DEBUG org.hibernate.SQL - insert into LogEntries (logCode, message, primaryUser, secondaryUser, time, id) values (?, ?, ?, ?, ?, ?)
Hibernate: insert into LogEntries (logCode, message, primaryUser, secondaryUser, time, id) values (?, ?, ?, ?, ?, ?)
02:05:44.517 [main] DEBUG o.h.e.j.internal.JdbcCoordinatorImpl - HHH000420: Closing un-released batch
02:05:44.518 [main] DEBUG o.h.e.t.internal.TransactionImpl - begin
02:05:44.519 [main] DEBUG org.hibernate.SQL - select this_.id as id1_14_2_, this_.dosage as dosage2_14_2_, this_.drug_id as drug_id6_14_2_, this_.endDate as endDate3_14_2_, this_.patient_id as patient_7_14_2_, this_.renewals as renewals4_14_2_, this_.startDate as startDat5_14_2_, drug2_.id as id1_3_0_, drug2_.code as code2_3_0_, drug2_.description as descript3_3_0_, drug2_.name as name4_3_0_, user3_.username as username1_15_1_, user3_.enabled as enabled2_15_1_, user3_.password as password3_15_1_, user3_.role as role4_15_1_ from Prescriptions this_ inner join Drugs drug2_ on this_.drug_id=drug2_.id inner join Users user3_ on this_.patient_id=user3_.username
Hibernate: select this_.id as id1_14_2_, this_.dosage as dosage2_14_2_, this_.drug_id as drug_id6_14_2_, this_.endDate as endDate3_14_2_, this_.patient_id as patient_7_14_2_, this_.renewals as renewals4_14_2_, this_.startDate as startDat5_14_2_, drug2_.id as id1_3_0_, drug2_.code as code2_3_0_, drug2_.description as descript3_3_0_, drug2_.name as name4_3_0_, user3_.username as username1_15_1_, user3_.enabled as enabled2_15_1_, user3_.password as password3_15_1_, user3_.role as role4_15_1_ from Prescriptions this_ inner join Drugs drug2_ on this_.drug_id=drug2_.id inner join Users user3_ on this_.patient_id=user3_.username
02:05:44.520 [main] DEBUG org.hibernate.loader.Loader - Result set row: 0
02:05:44.520 [main] DEBUG org.hibernate.loader.Loader - Result row: EntityKey[edu.ncsu.csc.itrust2.models.persistent.Drug#30], EntityKey[edu.ncsu.csc.itrust2.models.persistent.User#api_test_patient], EntityKey[edu.ncsu.csc.itrust2.models.persistent.Prescription#32]
02:05:44.521 [main] DEBUG org.hibernate.loader.Loader - Result set row: 1
02:05:44.521 [main] DEBUG org.hibernate.loader.Loader - Result row: EntityKey[edu.ncsu.csc.itrust2.models.persistent.Drug#30], EntityKey[edu.ncsu.csc.itrust2.models.persistent.User#api_test_patient], EntityKey[edu.ncsu.csc.itrust2.models.persistent.Prescription#34]
02:05:44.522 [main] DEBUG o.h.engine.internal.TwoPhaseLoad - Resolving associations for [edu.ncsu.csc.itrust2.models.persistent.Drug#30]
02:05:44.522 [main] DEBUG o.h.engine.internal.TwoPhaseLoad - Done materializing entity [edu.ncsu.csc.itrust2.models.persistent.Drug#30]
02:05:44.522 [main] DEBUG o.h.engine.internal.TwoPhaseLoad - Resolving associations for [edu.ncsu.csc.itrust2.models.persistent.User#api_test_patient]
02:05:44.522 [main] DEBUG o.h.engine.internal.TwoPhaseLoad - Done materializing entity [edu.ncsu.csc.itrust2.models.persistent.User#api_test_patient]
02:05:44.523 [main] DEBUG o.h.engine.internal.TwoPhaseLoad - Resolving associations for [edu.ncsu.csc.itrust2.models.persistent.Prescription#32]
02:05:44.523 [main] DEBUG o.h.engine.internal.TwoPhaseLoad - Done materializing entity [edu.ncsu.csc.itrust2.models.persistent.Prescription#32]
02:05:44.523 [main] DEBUG o.h.engine.internal.TwoPhaseLoad - Resolving associations for [edu.ncsu.csc.itrust2.models.persistent.Prescription#34]
02:05:44.524 [main] DEBUG o.h.engine.internal.TwoPhaseLoad - Done materializing entity [edu.ncsu.csc.itrust2.models.persistent.Prescription#34]
02:05:44.524 [main] DEBUG o.h.e.t.internal.TransactionImpl - committing
02:05:44.524 [main] DEBUG o.h.e.i.AbstractFlushingEventListener - Processing flush-time cascades
02:05:44.524 [main] DEBUG o.h.e.i.AbstractFlushingEventListener - Dirty checking collections
02:05:44.525 [main] DEBUG o.h.e.i.AbstractFlushingEventListener - Flushed: 0 insertions, 0 updates, 0 deletions to 4 objects
02:05:44.525 [main] DEBUG o.h.e.i.AbstractFlushingEventListener - Flushed: 0 (re)creations, 0 updates, 0 removals to 0 collections
02:05:44.525 [main] DEBUG o.h.internal.util.EntityPrinter - Listing entities:
02:05:44.525 [main] DEBUG o.h.internal.util.EntityPrinter - edu.ncsu.csc.itrust2.models.persistent.Drug{code=0000-0000-20, name=TEST, description=DESC, id=30}
02:05:44.525 [main] DEBUG o.h.internal.util.EntityPrinter - edu.ncsu.csc.itrust2.models.persistent.User{password=$2a$10$2jOs5Jq/EydcSc1wnB.OB.oLcMTRacAZaoROfR5rEA5bFvQEZcZhW, role=ROLE_PATIENT, enabled=1, username=api_test_patient}
02:05:44.525 [main] DEBUG o.h.internal.util.EntityPrinter - edu.ncsu.csc.itrust2.models.persistent.Prescription{dosage=100, endDate=java.util.GregorianCalendar[time=1286683200000,areFieldsSet=true,areAllFieldsSet=true,lenient=true,zone=sun.util.calendar.ZoneInfo[id="America/New_York",offset=-18000000,dstSavings=3600000,useDaylight=true,transitions=235,lastRule=java.util.SimpleTimeZone[id=America/New_York,offset=-18000000,dstSavings=3600000,useDaylight=true,startYear=0,startMode=3,startMonth=2,startDay=8,startDayOfWeek=1,startTime=7200000,startTimeMode=0,endMode=3,endMonth=10,endDay=1,endDayOfWeek=1,endTime=7200000,endTimeMode=0]],firstDayOfWeek=1,minimalDaysInFirstWeek=1,ERA=1,YEAR=2010,MONTH=9,WEEK_OF_YEAR=42,WEEK_OF_MONTH=3,DAY_OF_MONTH=10,DAY_OF_YEAR=283,DAY_OF_WEEK=1,DAY_OF_WEEK_IN_MONTH=2,AM_PM=0,HOUR=0,HOUR_OF_DAY=0,MINUTE=0,SECOND=0,MILLISECOND=0,ZONE_OFFSET=-18000000,DST_OFFSET=3600000], patient=edu.ncsu.csc.itrust2.models.persistent.User#api_test_patient, id=32, renewals=12, startDate=java.util.GregorianCalendar[time=1255147200000,areFieldsSet=true,areAllFieldsSet=true,lenient=true,zone=sun.util.calendar.ZoneInfo[id="America/New_York",offset=-18000000,dstSavings=3600000,useDaylight=true,transitions=235,lastRule=java.util.SimpleTimeZone[id=America/New_York,offset=-18000000,dstSavings=3600000,useDaylight=true,startYear=0,startMode=3,startMonth=2,startDay=8,startDayOfWeek=1,startTime=7200000,startTimeMode=0,endMode=3,endMonth=10,endDay=1,endDayOfWeek=1,endTime=7200000,endTimeMode=0]],firstDayOfWeek=1,minimalDaysInFirstWeek=1,ERA=1,YEAR=2009,MONTH=9,WEEK_OF_YEAR=41,WEEK_OF_MONTH=2,DAY_OF_MONTH=10,DAY_OF_YEAR=283,DAY_OF_WEEK=7,DAY_OF_WEEK_IN_MONTH=2,AM_PM=0,HOUR=0,HOUR_OF_DAY=0,MINUTE=0,SECOND=0,MILLISECOND=0,ZONE_OFFSET=-18000000,DST_OFFSET=3600000], drug=edu.ncsu.csc.itrust2.models.persistent.Drug#30}
02:05:44.526 [main] DEBUG o.h.internal.util.EntityPrinter - edu.ncsu.csc.itrust2.models.persistent.Prescription{dosage=200, endDate=java.util.GregorianCalendar[time=1604984400000,areFieldsSet=true,areAllFieldsSet=true,lenient=true,zone=sun.util.calendar.ZoneInfo[id="America/New_York",offset=-18000000,dstSavings=3600000,useDaylight=true,transitions=235,lastRule=java.util.SimpleTimeZone[id=America/New_York,offset=-18000000,dstSavings=3600000,useDaylight=true,startYear=0,startMode=3,startMonth=2,startDay=8,startDayOfWeek=1,startTime=7200000,startTimeMode=0,endMode=3,endMonth=10,endDay=1,endDayOfWeek=1,endTime=7200000,endTimeMode=0]],firstDayOfWeek=1,minimalDaysInFirstWeek=1,ERA=1,YEAR=2020,MONTH=10,WEEK_OF_YEAR=46,WEEK_OF_MONTH=2,DAY_OF_MONTH=10,DAY_OF_YEAR=315,DAY_OF_WEEK=3,DAY_OF_WEEK_IN_MONTH=2,AM_PM=0,HOUR=0,HOUR_OF_DAY=0,MINUTE=0,SECOND=0,MILLISECOND=0,ZONE_OFFSET=-18000000,DST_OFFSET=0], patient=edu.ncsu.csc.itrust2.models.persistent.User#api_test_patient, id=34, renewals=3, startDate=java.util.GregorianCalendar[time=1602302400000,areFieldsSet=true,areAllFieldsSet=true,lenient=true,zone=sun.util.calendar.ZoneInfo[id="America/New_York",offset=-18000000,dstSavings=3600000,useDaylight=true,transitions=235,lastRule=java.util.SimpleTimeZone[id=America/New_York,offset=-18000000,dstSavings=3600000,useDaylight=true,startYear=0,startMode=3,startMonth=2,startDay=8,startDayOfWeek=1,startTime=7200000,startTimeMode=0,endMode=3,endMonth=10,endDay=1,endDayOfWeek=1,endTime=7200000,endTimeMode=0]],firstDayOfWeek=1,minimalDaysInFirstWeek=1,ERA=1,YEAR=2020,MONTH=9,WEEK_OF_YEAR=41,WEEK_OF_MONTH=2,DAY_OF_MONTH=10,DAY_OF_YEAR=284,DAY_OF_WEEK=7,DAY_OF_WEEK_IN_MONTH=2,AM_PM=0,HOUR=0,HOUR_OF_DAY=0,MINUTE=0,SECOND=0,MILLISECOND=0,ZONE_OFFSET=-18000000,DST_OFFSET=3600000], drug=edu.ncsu.csc.itrust2.models.persistent.Drug#30}
02:05:44.538 [main] DEBUG o.s.w.s.m.m.a.RequestResponseBodyMethodProcessor - Written [[edu.ncsu.csc.itrust2.models.persistent.Prescription@5fd16def, edu.ncsu.csc.itrust2.models.persistent.Prescription@65d1617c]] as "application/json" using [org.springframework.http.converter.json.GsonHttpMessageConverter@59058a0d]
02:05:44.539 [main] DEBUG o.s.t.w.s.TestDispatcherServlet - Null ModelAndView returned to DispatcherServlet with name '': assuming HandlerAdapter completed request handling
02:05:44.539 [main] DEBUG o.s.t.w.s.TestDispatcherServlet - Successfully completed request
02:05:44.541 [main] DEBUG o.s.t.w.s.TestDispatcherServlet - DispatcherServlet with name '' processing PUT request for [/api/v1/prescriptions]
02:05:44.541 [main] DEBUG o.s.w.s.m.m.a.RequestMappingHandlerMapping - Looking up handler method for path /api/v1/prescriptions
02:05:44.541 [main] DEBUG o.s.w.s.m.m.a.RequestMappingHandlerMapping - Returning handler method [public org.springframework.http.ResponseEntity edu.ncsu.csc.itrust2.controllers.api.APIPrescriptionController.editPrescription(edu.ncsu.csc.itrust2.forms.hcp.PrescriptionForm)]
02:05:44.542 [main] DEBUG o.s.b.f.s.DefaultListableBeanFactory - Returning cached instance of singleton bean 'APIPrescriptionController'
02:05:44.542 [main] DEBUG o.s.w.s.m.m.a.RequestResponseBodyMethodProcessor - Read [class edu.ncsu.csc.itrust2.forms.hcp.PrescriptionForm] as "application/json" with [org.springframework.http.converter.json.GsonHttpMessageConverter@59058a0d]
02:05:44.543 [main] DEBUG o.s.s.a.i.a.MethodSecurityInterceptor - Secure object: ReflectiveMethodInvocation: public org.springframework.http.ResponseEntity edu.ncsu.csc.itrust2.controllers.api.APIPrescriptionController.editPrescription(edu.ncsu.csc.itrust2.forms.hcp.PrescriptionForm); target is of class [edu.ncsu.csc.itrust2.controllers.api.APIPrescriptionController]; Attributes: [[authorize: 'hasRole('ROLE_HCP')', filter: 'null', filterTarget: 'null']]
02:05:44.543 [main] DEBUG o.s.s.a.i.a.MethodSecurityInterceptor - Previously Authenticated: org.springframework.security.authentication.UsernamePasswordAuthenticationToken@ad1c8f34: Principal: org.springframework.security.core.userdetails.User@192d5: Username: hcp; Password: [PROTECTED]; Enabled: true; AccountNonExpired: true; credentialsNonExpired: true; AccountNonLocked: true; Granted Authorities: ROLE_ADMIN,ROLE_HCP,ROLE_USER; Credentials: [PROTECTED]; Authenticated: true; Details: null; Granted Authorities: ROLE_ADMIN, ROLE_HCP, ROLE_USER
02:05:44.544 [main] DEBUG o.s.s.access.vote.AffirmativeBased - Voter: org.springframework.security.access.prepost.PreInvocationAuthorizationAdviceVoter@1d5ea30, returned: 1
02:05:44.544 [main] DEBUG o.s.s.a.i.a.MethodSecurityInterceptor - Authorization successful
02:05:44.544 [main] DEBUG o.s.s.a.i.a.MethodSecurityInterceptor - RunAsManager did not change Authentication object
02:05:44.544 [main] DEBUG o.h.e.t.internal.TransactionImpl - begin
02:05:44.546 [main] DEBUG org.hibernate.SQL - select this_.id as id1_3_0_, this_.code as code2_3_0_, this_.description as descript3_3_0_, this_.name as name4_3_0_ from Drugs this_ where this_.code=?
Hibernate: select this_.id as id1_3_0_, this_.code as code2_3_0_, this_.description as descript3_3_0_, this_.name as name4_3_0_ from Drugs this_ where this_.code=?
02:05:44.547 [main] DEBUG org.hibernate.loader.Loader - Result set row: 0
02:05:44.547 [main] DEBUG org.hibernate.loader.Loader - Result row: EntityKey[edu.ncsu.csc.itrust2.models.persistent.Drug#30]
02:05:44.548 [main] DEBUG o.h.engine.internal.TwoPhaseLoad - Resolving associations for [edu.ncsu.csc.itrust2.models.persistent.Drug#30]
02:05:44.548 [main] DEBUG o.h.engine.internal.TwoPhaseLoad - Done materializing entity [edu.ncsu.csc.itrust2.models.persistent.Drug#30]
02:05:44.557 [main] DEBUG o.h.e.t.internal.TransactionImpl - committing
02:05:44.557 [main] DEBUG o.h.e.i.AbstractFlushingEventListener - Processing flush-time cascades
02:05:44.557 [main] DEBUG o.h.e.i.AbstractFlushingEventListener - Dirty checking collections
02:05:44.557 [main] DEBUG o.h.e.i.AbstractFlushingEventListener - Flushed: 0 insertions, 0 updates, 0 deletions to 1 objects
02:05:44.558 [main] DEBUG o.h.e.i.AbstractFlushingEventListener - Flushed: 0 (re)creations, 0 updates, 0 removals to 0 collections
02:05:44.558 [main] DEBUG o.h.internal.util.EntityPrinter - Listing entities:
02:05:44.558 [main] DEBUG o.h.internal.util.EntityPrinter - edu.ncsu.csc.itrust2.models.persistent.Drug{code=0000-0000-20, name=TEST, description=DESC, id=30}
02:05:44.559 [main] DEBUG o.h.e.t.internal.TransactionImpl - begin
02:05:44.560 [main] DEBUG org.hibernate.SQL - select this_.username as username1_15_0_, this_.enabled as enabled2_15_0_, this_.password as password3_15_0_, this_.role as role4_15_0_ from Users this_ where this_.username=?
Hibernate: select this_.username as username1_15_0_, this_.enabled as enabled2_15_0_, this_.password as password3_15_0_, this_.role as role4_15_0_ from Users this_ where this_.username=?
02:05:44.561 [main] DEBUG org.hibernate.loader.Loader - Result set row: 0
02:05:44.561 [main] DEBUG org.hibernate.loader.Loader - Result row: EntityKey[edu.ncsu.csc.itrust2.models.persistent.User#api_test_patient]
02:05:44.561 [main] DEBUG o.h.engine.internal.TwoPhaseLoad - Resolving associations for [edu.ncsu.csc.itrust2.models.persistent.User#api_test_patient]
02:05:44.561 [main] DEBUG o.h.engine.internal.TwoPhaseLoad - Done materializing entity [edu.ncsu.csc.itrust2.models.persistent.User#api_test_patient]
02:05:44.561 [main] DEBUG o.h.e.t.internal.TransactionImpl - committing
02:05:44.562 [main] DEBUG o.h.e.i.AbstractFlushingEventListener - Processing flush-time cascades
02:05:44.562 [main] DEBUG o.h.e.i.AbstractFlushingEventListener - Dirty checking collections
02:05:44.562 [main] DEBUG o.h.e.i.AbstractFlushingEventListener - Flushed: 0 insertions, 0 updates, 0 deletions to 1 objects
02:05:44.562 [main] DEBUG o.h.e.i.AbstractFlushingEventListener - Flushed: 0 (re)creations, 0 updates, 0 removals to 0 collections
02:05:44.562 [main] DEBUG o.h.internal.util.EntityPrinter - Listing entities:
02:05:44.563 [main] DEBUG o.h.internal.util.EntityPrinter - edu.ncsu.csc.itrust2.models.persistent.User{password=$2a$10$2jOs5Jq/EydcSc1wnB.OB.oLcMTRacAZaoROfR5rEA5bFvQEZcZhW, role=ROLE_PATIENT, enabled=1, username=api_test_patient}
02:05:44.564 [main] DEBUG o.h.e.t.internal.TransactionImpl - begin
02:05:44.565 [main] DEBUG org.hibernate.SQL - select this_.id as id1_14_2_, this_.dosage as dosage2_14_2_, this_.drug_id as drug_id6_14_2_, this_.endDate as endDate3_14_2_, this_.patient_id as patient_7_14_2_, this_.renewals as renewals4_14_2_, this_.startDate as startDat5_14_2_, drug2_.id as id1_3_0_, drug2_.code as code2_3_0_, drug2_.description as descript3_3_0_, drug2_.name as name4_3_0_, user3_.username as username1_15_1_, user3_.enabled as enabled2_15_1_, user3_.password as password3_15_1_, user3_.role as role4_15_1_ from Prescriptions this_ inner join Drugs drug2_ on this_.drug_id=drug2_.id inner join Users user3_ on this_.patient_id=user3_.username where this_.id=?
Hibernate: select this_.id as id1_14_2_, this_.dosage as dosage2_14_2_, this_.drug_id as drug_id6_14_2_, this_.endDate as endDate3_14_2_, this_.patient_id as patient_7_14_2_, this_.renewals as renewals4_14_2_, this_.startDate as startDat5_14_2_, drug2_.id as id1_3_0_, drug2_.code as code2_3_0_, drug2_.description as descript3_3_0_, drug2_.name as name4_3_0_, user3_.username as username1_15_1_, user3_.enabled as enabled2_15_1_, user3_.password as password3_15_1_, user3_.role as role4_15_1_ from Prescriptions this_ inner join Drugs drug2_ on this_.drug_id=drug2_.id inner join Users user3_ on this_.patient_id=user3_.username where this_.id=?
02:05:44.565 [main] DEBUG org.hibernate.loader.Loader - Result set row: 0
02:05:44.566 [main] DEBUG org.hibernate.loader.Loader - Result row: EntityKey[edu.ncsu.csc.itrust2.models.persistent.Drug#30], EntityKey[edu.ncsu.csc.itrust2.models.persistent.User#api_test_patient], EntityKey[edu.ncsu.csc.itrust2.models.persistent.Prescription#32]
02:05:44.567 [main] DEBUG o.h.engine.internal.TwoPhaseLoad - Resolving associations for [edu.ncsu.csc.itrust2.models.persistent.Drug#30]
02:05:44.568 [main] DEBUG o.h.engine.internal.TwoPhaseLoad - Done materializing entity [edu.ncsu.csc.itrust2.models.persistent.Drug#30]
02:05:44.568 [main] DEBUG o.h.engine.internal.TwoPhaseLoad - Resolving associations for [edu.ncsu.csc.itrust2.models.persistent.User#api_test_patient]
02:05:44.568 [main] DEBUG o.h.engine.internal.TwoPhaseLoad - Done materializing entity [edu.ncsu.csc.itrust2.models.persistent.User#api_test_patient]
02:05:44.568 [main] DEBUG o.h.engine.internal.TwoPhaseLoad - Resolving associations for [edu.ncsu.csc.itrust2.models.persistent.Prescription#32]
02:05:44.569 [main] DEBUG o.h.engine.internal.TwoPhaseLoad - Done materializing entity [edu.ncsu.csc.itrust2.models.persistent.Prescription#32]
02:05:44.569 [main] DEBUG o.h.e.t.internal.TransactionImpl - committing
02:05:44.569 [main] DEBUG o.h.e.i.AbstractFlushingEventListener - Processing flush-time cascades
02:05:44.569 [main] DEBUG o.h.e.i.AbstractFlushingEventListener - Dirty checking collections
02:05:44.570 [main] DEBUG o.h.e.i.AbstractFlushingEventListener - Flushed: 0 insertions, 0 updates, 0 deletions to 3 objects
02:05:44.570 [main] DEBUG o.h.e.i.AbstractFlushingEventListener - Flushed: 0 (re)creations, 0 updates, 0 removals to 0 collections
02:05:44.570 [main] DEBUG o.h.internal.util.EntityPrinter - Listing entities:
02:05:44.570 [main] DEBUG o.h.internal.util.EntityPrinter - edu.ncsu.csc.itrust2.models.persistent.Drug{code=0000-0000-20, name=TEST, description=DESC, id=30}
02:05:44.571 [main] DEBUG o.h.internal.util.EntityPrinter - edu.ncsu.csc.itrust2.models.persistent.User{password=$2a$10$2jOs5Jq/EydcSc1wnB.OB.oLcMTRacAZaoROfR5rEA5bFvQEZcZhW, role=ROLE_PATIENT, enabled=1, username=api_test_patient}
02:05:44.571 [main] DEBUG o.h.internal.util.EntityPrinter - edu.ncsu.csc.itrust2.models.persistent.Prescription{dosage=100, endDate=java.util.GregorianCalendar[time=1286683200000,areFieldsSet=true,areAllFieldsSet=true,lenient=true,zone=sun.util.calendar.ZoneInfo[id="America/New_York",offset=-18000000,dstSavings=3600000,useDaylight=true,transitions=235,lastRule=java.util.SimpleTimeZone[id=America/New_York,offset=-18000000,dstSavings=3600000,useDaylight=true,startYear=0,startMode=3,startMonth=2,startDay=8,startDayOfWeek=1,startTime=7200000,startTimeMode=0,endMode=3,endMonth=10,endDay=1,endDayOfWeek=1,endTime=7200000,endTimeMode=0]],firstDayOfWeek=1,minimalDaysInFirstWeek=1,ERA=1,YEAR=2010,MONTH=9,WEEK_OF_YEAR=42,WEEK_OF_MONTH=3,DAY_OF_MONTH=10,DAY_OF_YEAR=283,DAY_OF_WEEK=1,DAY_OF_WEEK_IN_MONTH=2,AM_PM=0,HOUR=0,HOUR_OF_DAY=0,MINUTE=0,SECOND=0,MILLISECOND=0,ZONE_OFFSET=-18000000,DST_OFFSET=3600000], patient=edu.ncsu.csc.itrust2.models.persistent.User#api_test_patient, id=32, renewals=12, startDate=java.util.GregorianCalendar[time=1255147200000,areFieldsSet=true,areAllFieldsSet=true,lenient=true,zone=sun.util.calendar.ZoneInfo[id="America/New_York",offset=-18000000,dstSavings=3600000,useDaylight=true,transitions=235,lastRule=java.util.SimpleTimeZone[id=America/New_York,offset=-18000000,dstSavings=3600000,useDaylight=true,startYear=0,startMode=3,startMonth=2,startDay=8,startDayOfWeek=1,startTime=7200000,startTimeMode=0,endMode=3,endMonth=10,endDay=1,endDayOfWeek=1,endTime=7200000,endTimeMode=0]],firstDayOfWeek=1,minimalDaysInFirstWeek=1,ERA=1,YEAR=2009,MONTH=9,WEEK_OF_YEAR=41,WEEK_OF_MONTH=2,DAY_OF_MONTH=10,DAY_OF_YEAR=283,DAY_OF_WEEK=7,DAY_OF_WEEK_IN_MONTH=2,AM_PM=0,HOUR=0,HOUR_OF_DAY=0,MINUTE=0,SECOND=0,MILLISECOND=0,ZONE_OFFSET=-18000000,DST_OFFSET=3600000], drug=edu.ncsu.csc.itrust2.models.persistent.Drug#30}
02:05:44.572 [main] DEBUG o.h.e.t.internal.TransactionImpl - begin
02:05:44.572 [main] DEBUG o.h.e.t.internal.TransactionImpl - committing
02:05:44.572 [main] DEBUG o.h.e.i.AbstractFlushingEventListener - Processing flush-time cascades
02:05:44.573 [main] DEBUG o.h.e.i.AbstractFlushingEventListener - Dirty checking collections
02:05:44.573 [main] DEBUG o.h.e.i.AbstractFlushingEventListener - Flushed: 0 insertions, 1 updates, 0 deletions to 1 objects
02:05:44.573 [main] DEBUG o.h.e.i.AbstractFlushingEventListener - Flushed: 0 (re)creations, 0 updates, 0 removals to 0 collections
02:05:44.573 [main] DEBUG o.h.internal.util.EntityPrinter - Listing entities:
02:05:44.573 [main] DEBUG o.h.internal.util.EntityPrinter - edu.ncsu.csc.itrust2.models.persistent.Prescription{dosage=500, endDate=java.util.GregorianCalendar[time=1286683200000,areFieldsSet=true,areAllFieldsSet=true,lenient=true,zone=sun.util.calendar.ZoneInfo[id="America/New_York",offset=-18000000,dstSavings=3600000,useDaylight=true,transitions=235,lastRule=java.util.SimpleTimeZone[id=America/New_York,offset=-18000000,dstSavings=3600000,useDaylight=true,startYear=0,startMode=3,startMonth=2,startDay=8,startDayOfWeek=1,startTime=7200000,startTimeMode=0,endMode=3,endMonth=10,endDay=1,endDayOfWeek=1,endTime=7200000,endTimeMode=0]],firstDayOfWeek=1,minimalDaysInFirstWeek=1,ERA=1,YEAR=2010,MONTH=9,WEEK_OF_YEAR=42,WEEK_OF_MONTH=3,DAY_OF_MONTH=10,DAY_OF_YEAR=283,DAY_OF_WEEK=1,DAY_OF_WEEK_IN_MONTH=2,AM_PM=0,HOUR=0,HOUR_OF_DAY=0,MINUTE=0,SECOND=0,MILLISECOND=0,ZONE_OFFSET=-18000000,DST_OFFSET=3600000], patient=edu.ncsu.csc.itrust2.models.persistent.User#api_test_patient, id=32, renewals=12, startDate=java.util.GregorianCalendar[time=1255147200000,areFieldsSet=true,areAllFieldsSet=true,lenient=true,zone=sun.util.calendar.ZoneInfo[id="America/New_York",offset=-18000000,dstSavings=3600000,useDaylight=true,transitions=235,lastRule=java.util.SimpleTimeZone[id=America/New_York,offset=-18000000,dstSavings=3600000,useDaylight=true,startYear=0,startMode=3,startMonth=2,startDay=8,startDayOfWeek=1,startTime=7200000,startTimeMode=0,endMode=3,endMonth=10,endDay=1,endDayOfWeek=1,endTime=7200000,endTimeMode=0]],firstDayOfWeek=1,minimalDaysInFirstWeek=1,ERA=1,YEAR=2009,MONTH=9,WEEK_OF_YEAR=41,WEEK_OF_MONTH=2,DAY_OF_MONTH=10,DAY_OF_YEAR=283,DAY_OF_WEEK=7,DAY_OF_WEEK_IN_MONTH=2,AM_PM=0,HOUR=0,HOUR_OF_DAY=0,MINUTE=0,SECOND=0,MILLISECOND=0,ZONE_OFFSET=-18000000,DST_OFFSET=3600000], drug=edu.ncsu.csc.itrust2.models.persistent.Drug#30}
02:05:44.584 [main] DEBUG org.hibernate.SQL - update Prescriptions set dosage=?, drug_id=?, endDate=?, patient_id=?, renewals=?, startDate=? where id=?
Hibernate: update Prescriptions set dosage=?, drug_id=?, endDate=?, patient_id=?, renewals=?, startDate=? where id=?
02:05:44.588 [main] DEBUG o.h.e.j.internal.JdbcCoordinatorImpl - HHH000420: Closing un-released batch
02:05:44.589 [main] DEBUG o.h.e.t.internal.TransactionImpl - begin
02:05:44.589 [main] DEBUG org.hibernate.SQL - select next_val as id_val from hibernate_sequence for update
Hibernate: select next_val as id_val from hibernate_sequence for update
02:05:44.590 [main] DEBUG org.hibernate.SQL - update hibernate_sequence set next_val= ? where next_val=?
Hibernate: update hibernate_sequence set next_val= ? where next_val=?
02:05:44.592 [main] DEBUG o.h.e.i.AbstractSaveEventListener - Generated identifier: 37, using strategy: org.hibernate.id.enhanced.SequenceStyleGenerator
02:05:44.593 [main] DEBUG o.h.e.t.internal.TransactionImpl - committing
02:05:44.593 [main] DEBUG o.h.e.i.AbstractFlushingEventListener - Processing flush-time cascades
02:05:44.593 [main] DEBUG o.h.e.i.AbstractFlushingEventListener - Dirty checking collections
02:05:44.593 [main] DEBUG o.h.e.i.AbstractFlushingEventListener - Flushed: 1 insertions, 0 updates, 0 deletions to 1 objects
02:05:44.593 [main] DEBUG o.h.e.i.AbstractFlushingEventListener - Flushed: 0 (re)creations, 0 updates, 0 removals to 0 collections
02:05:44.593 [main] DEBUG o.h.internal.util.EntityPrinter - Listing entities:
02:05:44.593 [main] DEBUG o.h.internal.util.EntityPrinter - edu.ncsu.csc.itrust2.models.persistent.LogEntry{secondaryUser=api_test_patient, logCode=47, primaryUser=hcp, id=37, time=java.util.GregorianCalendar[time=1521698744589,areFieldsSet=true,areAllFieldsSet=true,lenient=true,zone=sun.util.calendar.ZoneInfo[id="America/New_York",offset=-18000000,dstSavings=3600000,useDaylight=true,transitions=235,lastRule=java.util.SimpleTimeZone[id=America/New_York,offset=-18000000,dstSavings=3600000,useDaylight=true,startYear=0,startMode=3,startMonth=2,startDay=8,startDayOfWeek=1,startTime=7200000,startTimeMode=0,endMode=3,endMonth=10,endDay=1,endDayOfWeek=1,endTime=7200000,endTimeMode=0]],firstDayOfWeek=1,minimalDaysInFirstWeek=1,ERA=1,YEAR=2018,MONTH=2,WEEK_OF_YEAR=12,WEEK_OF_MONTH=4,DAY_OF_MONTH=22,DAY_OF_YEAR=81,DAY_OF_WEEK=5,DAY_OF_WEEK_IN_MONTH=4,AM_PM=0,HOUR=2,HOUR_OF_DAY=2,MINUTE=5,SECOND=44,MILLISECOND=589,ZONE_OFFSET=-18000000,DST_OFFSET=3600000], message=Edited prescription with id 32}
02:05:44.594 [main] DEBUG org.hibernate.SQL - insert into LogEntries (logCode, message, primaryUser, secondaryUser, time, id) values (?, ?, ?, ?, ?, ?)
Hibernate: insert into LogEntries (logCode, message, primaryUser, secondaryUser, time, id) values (?, ?, ?, ?, ?, ?)
02:05:44.598 [main] DEBUG o.h.e.j.internal.JdbcCoordinatorImpl - HHH000420: Closing un-released batch
02:05:44.599 [main] DEBUG o.s.w.s.m.m.a.HttpEntityMethodProcessor - Written [edu.ncsu.csc.itrust2.models.persistent.Prescription@1ccc04cc] as "application/json" using [org.springframework.http.converter.json.GsonHttpMessageConverter@59058a0d]
02:05:44.599 [main] DEBUG o.s.t.w.s.TestDispatcherServlet - Null ModelAndView returned to DispatcherServlet with name '': assuming HandlerAdapter completed request handling
02:05:44.599 [main] DEBUG o.s.t.w.s.TestDispatcherServlet - Successfully completed request
02:05:44.600 [main] DEBUG o.s.t.w.s.TestDispatcherServlet - DispatcherServlet with name '' processing PUT request for [/api/v1/prescriptions]
02:05:44.600 [main] DEBUG o.s.w.s.m.m.a.RequestMappingHandlerMapping - Looking up handler method for path /api/v1/prescriptions
02:05:44.600 [main] DEBUG o.s.w.s.m.m.a.RequestMappingHandlerMapping - Returning handler method [public org.springframework.http.ResponseEntity edu.ncsu.csc.itrust2.controllers.api.APIPrescriptionController.editPrescription(edu.ncsu.csc.itrust2.forms.hcp.PrescriptionForm)]
02:05:44.600 [main] DEBUG o.s.b.f.s.DefaultListableBeanFactory - Returning cached instance of singleton bean 'APIPrescriptionController'
02:05:44.601 [main] DEBUG o.s.w.s.m.m.a.RequestResponseBodyMethodProcessor - Read [class edu.ncsu.csc.itrust2.forms.hcp.PrescriptionForm] as "application/json" with [org.springframework.http.converter.json.GsonHttpMessageConverter@59058a0d]
02:05:44.601 [main] DEBUG o.s.s.a.i.a.MethodSecurityInterceptor - Secure object: ReflectiveMethodInvocation: public org.springframework.http.ResponseEntity edu.ncsu.csc.itrust2.controllers.api.APIPrescriptionController.editPrescription(edu.ncsu.csc.itrust2.forms.hcp.PrescriptionForm); target is of class [edu.ncsu.csc.itrust2.controllers.api.APIPrescriptionController]; Attributes: [[authorize: 'hasRole('ROLE_HCP')', filter: 'null', filterTarget: 'null']]
02:05:44.601 [main] DEBUG o.s.s.a.i.a.MethodSecurityInterceptor - Previously Authenticated: org.springframework.security.authentication.UsernamePasswordAuthenticationToken@ad1c8f34: Principal: org.springframework.security.core.userdetails.User@192d5: Username: hcp; Password: [PROTECTED]; Enabled: true; AccountNonExpired: true; credentialsNonExpired: true; AccountNonLocked: true; Granted Authorities: ROLE_ADMIN,ROLE_HCP,ROLE_USER; Credentials: [PROTECTED]; Authenticated: true; Details: null; Granted Authorities: ROLE_ADMIN, ROLE_HCP, ROLE_USER
02:05:44.602 [main] DEBUG o.s.s.access.vote.AffirmativeBased - Voter: org.springframework.security.access.prepost.PreInvocationAuthorizationAdviceVoter@1d5ea30, returned: 1
02:05:44.602 [main] DEBUG o.s.s.a.i.a.MethodSecurityInterceptor - Authorization successful
02:05:44.602 [main] DEBUG o.s.s.a.i.a.MethodSecurityInterceptor - RunAsManager did not change Authentication object
02:05:44.603 [main] DEBUG o.h.e.t.internal.TransactionImpl - begin
02:05:44.604 [main] DEBUG org.hibernate.SQL - select this_.id as id1_3_0_, this_.code as code2_3_0_, this_.description as descript3_3_0_, this_.name as name4_3_0_ from Drugs this_ where this_.code=?
Hibernate: select this_.id as id1_3_0_, this_.code as code2_3_0_, this_.description as descript3_3_0_, this_.name as name4_3_0_ from Drugs this_ where this_.code=?
02:05:44.607 [main] DEBUG org.hibernate.loader.Loader - Result set row: 0
02:05:44.609 [main] DEBUG org.hibernate.loader.Loader - Result row: EntityKey[edu.ncsu.csc.itrust2.models.persistent.Drug#30]
02:05:44.609 [main] DEBUG o.h.engine.internal.TwoPhaseLoad - Resolving associations for [edu.ncsu.csc.itrust2.models.persistent.Drug#30]
02:05:44.610 [main] DEBUG o.h.engine.internal.TwoPhaseLoad - Done materializing entity [edu.ncsu.csc.itrust2.models.persistent.Drug#30]
02:05:44.610 [main] DEBUG o.h.e.t.internal.TransactionImpl - committing
02:05:44.610 [main] DEBUG o.h.e.i.AbstractFlushingEventListener - Processing flush-time cascades
02:05:44.610 [main] DEBUG o.h.e.i.AbstractFlushingEventListener - Dirty checking collections
02:05:44.611 [main] DEBUG o.h.e.i.AbstractFlushingEventListener - Flushed: 0 insertions, 0 updates, 0 deletions to 1 objects
02:05:44.611 [main] DEBUG o.h.e.i.AbstractFlushingEventListener - Flushed: 0 (re)creations, 0 updates, 0 removals to 0 collections
02:05:44.611 [main] DEBUG o.h.internal.util.EntityPrinter - Listing entities:
02:05:44.611 [main] DEBUG o.h.internal.util.EntityPrinter - edu.ncsu.csc.itrust2.models.persistent.Drug{code=0000-0000-20, name=TEST, description=DESC, id=30}
02:05:44.619 [main] DEBUG o.h.e.t.internal.TransactionImpl - begin
02:05:44.620 [main] DEBUG org.hibernate.SQL - select this_.username as username1_15_0_, this_.enabled as enabled2_15_0_, this_.password as password3_15_0_, this_.role as role4_15_0_ from Users this_ where this_.username=?
Hibernate: select this_.username as username1_15_0_, this_.enabled as enabled2_15_0_, this_.password as password3_15_0_, this_.role as role4_15_0_ from Users this_ where this_.username=?
02:05:44.621 [main] DEBUG org.hibernate.loader.Loader - Result set row: 0
02:05:44.621 [main] DEBUG org.hibernate.loader.Loader - Result row: EntityKey[edu.ncsu.csc.itrust2.models.persistent.User#api_test_patient]
02:05:44.621 [main] DEBUG o.h.engine.internal.TwoPhaseLoad - Resolving associations for [edu.ncsu.csc.itrust2.models.persistent.User#api_test_patient]
02:05:44.622 [main] DEBUG o.h.engine.internal.TwoPhaseLoad - Done materializing entity [edu.ncsu.csc.itrust2.models.persistent.User#api_test_patient]
02:05:44.622 [main] DEBUG o.h.e.t.internal.TransactionImpl - committing
02:05:44.622 [main] DEBUG o.h.e.i.AbstractFlushingEventListener - Processing flush-time cascades
02:05:44.622 [main] DEBUG o.h.e.i.AbstractFlushingEventListener - Dirty checking collections
02:05:44.622 [main] DEBUG o.h.e.i.AbstractFlushingEventListener - Flushed: 0 insertions, 0 updates, 0 deletions to 1 objects
02:05:44.622 [main] DEBUG o.h.e.i.AbstractFlushingEventListener - Flushed: 0 (re)creations, 0 updates, 0 removals to 0 collections
02:05:44.622 [main] DEBUG o.h.internal.util.EntityPrinter - Listing entities:
02:05:44.623 [main] DEBUG o.h.internal.util.EntityPrinter - edu.ncsu.csc.itrust2.models.persistent.User{password=$2a$10$2jOs5Jq/EydcSc1wnB.OB.oLcMTRacAZaoROfR5rEA5bFvQEZcZhW, role=ROLE_PATIENT, enabled=1, username=api_test_patient}
02:05:44.623 [main] DEBUG o.h.e.t.internal.TransactionImpl - begin
02:05:44.625 [main] DEBUG org.hibernate.SQL - select this_.id as id1_14_2_, this_.dosage as dosage2_14_2_, this_.drug_id as drug_id6_14_2_, this_.endDate as endDate3_14_2_, this_.patient_id as patient_7_14_2_, this_.renewals as renewals4_14_2_, this_.startDate as startDat5_14_2_, drug2_.id as id1_3_0_, drug2_.code as code2_3_0_, drug2_.description as descript3_3_0_, drug2_.name as name4_3_0_, user3_.username as username1_15_1_, user3_.enabled as enabled2_15_1_, user3_.password as password3_15_1_, user3_.role as role4_15_1_ from Prescriptions this_ inner join Drugs drug2_ on this_.drug_id=drug2_.id inner join Users user3_ on this_.patient_id=user3_.username where this_.id=?
Hibernate: select this_.id as id1_14_2_, this_.dosage as dosage2_14_2_, this_.drug_id as drug_id6_14_2_, this_.endDate as endDate3_14_2_, this_.patient_id as patient_7_14_2_, this_.renewals as renewals4_14_2_, this_.startDate as startDat5_14_2_, drug2_.id as id1_3_0_, drug2_.code as code2_3_0_, drug2_.description as descript3_3_0_, drug2_.name as name4_3_0_, user3_.username as username1_15_1_, user3_.enabled as enabled2_15_1_, user3_.password as password3_15_1_, user3_.role as role4_15_1_ from Prescriptions this_ inner join Drugs drug2_ on this_.drug_id=drug2_.id inner join Users user3_ on this_.patient_id=user3_.username where this_.id=?
02:05:44.625 [main] DEBUG org.hibernate.loader.Loader - Result set row: 0
02:05:44.626 [main] DEBUG org.hibernate.loader.Loader - Result row: EntityKey[edu.ncsu.csc.itrust2.models.persistent.Drug#30], EntityKey[edu.ncsu.csc.itrust2.models.persistent.User#api_test_patient], EntityKey[edu.ncsu.csc.itrust2.models.persistent.Prescription#32]
02:05:44.632 [main] DEBUG o.h.engine.internal.TwoPhaseLoad - Resolving associations for [edu.ncsu.csc.itrust2.models.persistent.Drug#30]
02:05:44.632 [main] DEBUG o.h.engine.internal.TwoPhaseLoad - Done materializing entity [edu.ncsu.csc.itrust2.models.persistent.Drug#30]
02:05:44.632 [main] DEBUG o.h.engine.internal.TwoPhaseLoad - Resolving associations for [edu.ncsu.csc.itrust2.models.persistent.User#api_test_patient]
02:05:44.632 [main] DEBUG o.h.engine.internal.TwoPhaseLoad - Done materializing entity [edu.ncsu.csc.itrust2.models.persistent.User#api_test_patient]
02:05:44.632 [main] DEBUG o.h.engine.internal.TwoPhaseLoad - Resolving associations for [edu.ncsu.csc.itrust2.models.persistent.Prescription#32]
02:05:44.632 [main] DEBUG o.h.engine.internal.TwoPhaseLoad - Done materializing entity [edu.ncsu.csc.itrust2.models.persistent.Prescription#32]
02:05:44.633 [main] DEBUG o.h.e.t.internal.TransactionImpl - committing
02:05:44.633 [main] DEBUG o.h.e.i.AbstractFlushingEventListener - Processing flush-time cascades
02:05:44.633 [main] DEBUG o.h.e.i.AbstractFlushingEventListener - Dirty checking collections
02:05:44.634 [main] DEBUG o.h.e.i.AbstractFlushingEventListener - Flushed: 0 insertions, 0 updates, 0 deletions to 3 objects
02:05:44.634 [main] DEBUG o.h.e.i.AbstractFlushingEventListener - Flushed: 0 (re)creations, 0 updates, 0 removals to 0 collections
02:05:44.634 [main] DEBUG o.h.internal.util.EntityPrinter - Listing entities:
02:05:44.635 [main] DEBUG o.h.internal.util.EntityPrinter - edu.ncsu.csc.itrust2.models.persistent.Drug{code=0000-0000-20, name=TEST, description=DESC, id=30}
02:05:44.635 [main] DEBUG o.h.internal.util.EntityPrinter - edu.ncsu.csc.itrust2.models.persistent.User{password=$2a$10$2jOs5Jq/EydcSc1wnB.OB.oLcMTRacAZaoROfR5rEA5bFvQEZcZhW, role=ROLE_PATIENT, enabled=1, username=api_test_patient}
02:05:44.635 [main] DEBUG o.h.internal.util.EntityPrinter - edu.ncsu.csc.itrust2.models.persistent.Prescription{dosage=500, endDate=java.util.GregorianCalendar[time=1286683200000,areFieldsSet=true,areAllFieldsSet=true,lenient=true,zone=sun.util.calendar.ZoneInfo[id="America/New_York",offset=-18000000,dstSavings=3600000,useDaylight=true,transitions=235,lastRule=java.util.SimpleTimeZone[id=America/New_York,offset=-18000000,dstSavings=3600000,useDaylight=true,startYear=0,startMode=3,startMonth=2,startDay=8,startDayOfWeek=1,startTime=7200000,startTimeMode=0,endMode=3,endMonth=10,endDay=1,endDayOfWeek=1,endTime=7200000,endTimeMode=0]],firstDayOfWeek=1,minimalDaysInFirstWeek=1,ERA=1,YEAR=2010,MONTH=9,WEEK_OF_YEAR=42,WEEK_OF_MONTH=3,DAY_OF_MONTH=10,DAY_OF_YEAR=283,DAY_OF_WEEK=1,DAY_OF_WEEK_IN_MONTH=2,AM_PM=0,HOUR=0,HOUR_OF_DAY=0,MINUTE=0,SECOND=0,MILLISECOND=0,ZONE_OFFSET=-18000000,DST_OFFSET=3600000], patient=edu.ncsu.csc.itrust2.models.persistent.User#api_test_patient, id=32, renewals=12, startDate=java.util.GregorianCalendar[time=1255147200000,areFieldsSet=true,areAllFieldsSet=true,lenient=true,zone=sun.util.calendar.ZoneInfo[id="America/New_York",offset=-18000000,dstSavings=3600000,useDaylight=true,transitions=235,lastRule=java.util.SimpleTimeZone[id=America/New_York,offset=-18000000,dstSavings=3600000,useDaylight=true,startYear=0,startMode=3,startMonth=2,startDay=8,startDayOfWeek=1,startTime=7200000,startTimeMode=0,endMode=3,endMonth=10,endDay=1,endDayOfWeek=1,endTime=7200000,endTimeMode=0]],firstDayOfWeek=1,minimalDaysInFirstWeek=1,ERA=1,YEAR=2009,MONTH=9,WEEK_OF_YEAR=41,WEEK_OF_MONTH=2,DAY_OF_MONTH=10,DAY_OF_YEAR=283,DAY_OF_WEEK=7,DAY_OF_WEEK_IN_MONTH=2,AM_PM=0,HOUR=0,HOUR_OF_DAY=0,MINUTE=0,SECOND=0,MILLISECOND=0,ZONE_OFFSET=-18000000,DST_OFFSET=3600000], drug=edu.ncsu.csc.itrust2.models.persistent.Drug#30}
02:05:44.642 [main] DEBUG o.h.e.t.internal.TransactionImpl - begin
02:05:44.643 [main] DEBUG o.h.e.t.internal.TransactionImpl - committing
02:05:44.643 [main] DEBUG o.h.e.i.AbstractFlushingEventListener - Processing flush-time cascades
02:05:44.643 [main] DEBUG o.h.e.i.AbstractFlushingEventListener - Dirty checking collections
02:05:44.644 [main] DEBUG o.h.e.i.AbstractFlushingEventListener - Flushed: 0 insertions, 1 updates, 0 deletions to 1 objects
02:05:44.644 [main] DEBUG o.h.e.i.AbstractFlushingEventListener - Flushed: 0 (re)creations, 0 updates, 0 removals to 0 collections
02:05:44.644 [main] DEBUG o.h.internal.util.EntityPrinter - Listing entities:
02:05:44.644 [main] DEBUG o.h.internal.util.EntityPrinter - edu.ncsu.csc.itrust2.models.persistent.Prescription{dosage=500, endDate=java.util.GregorianCalendar[time=1286683200000,areFieldsSet=true,areAllFieldsSet=true,lenient=true,zone=sun.util.calendar.ZoneInfo[id="America/New_York",offset=-18000000,dstSavings=3600000,useDaylight=true,transitions=235,lastRule=java.util.SimpleTimeZone[id=America/New_York,offset=-18000000,dstSavings=3600000,useDaylight=true,startYear=0,startMode=3,startMonth=2,startDay=8,startDayOfWeek=1,startTime=7200000,startTimeMode=0,endMode=3,endMonth=10,endDay=1,endDayOfWeek=1,endTime=7200000,endTimeMode=0]],firstDayOfWeek=1,minimalDaysInFirstWeek=1,ERA=1,YEAR=2010,MONTH=9,WEEK_OF_YEAR=42,WEEK_OF_MONTH=3,DAY_OF_MONTH=10,DAY_OF_YEAR=283,DAY_OF_WEEK=1,DAY_OF_WEEK_IN_MONTH=2,AM_PM=0,HOUR=0,HOUR_OF_DAY=0,MINUTE=0,SECOND=0,MILLISECOND=0,ZONE_OFFSET=-18000000,DST_OFFSET=3600000], patient=edu.ncsu.csc.itrust2.models.persistent.User#api_test_patient, id=32, renewals=12, startDate=java.util.GregorianCalendar[time=1255147200000,areFieldsSet=true,areAllFieldsSet=true,lenient=true,zone=sun.util.calendar.ZoneInfo[id="America/New_York",offset=-18000000,dstSavings=3600000,useDaylight=true,transitions=235,lastRule=java.util.SimpleTimeZone[id=America/New_York,offset=-18000000,dstSavings=3600000,useDaylight=true,startYear=0,startMode=3,startMonth=2,startDay=8,startDayOfWeek=1,startTime=7200000,startTimeMode=0,endMode=3,endMonth=10,endDay=1,endDayOfWeek=1,endTime=7200000,endTimeMode=0]],firstDayOfWeek=1,minimalDaysInFirstWeek=1,ERA=1,YEAR=2009,MONTH=9,WEEK_OF_YEAR=41,WEEK_OF_MONTH=2,DAY_OF_MONTH=10,DAY_OF_YEAR=283,DAY_OF_WEEK=7,DAY_OF_WEEK_IN_MONTH=2,AM_PM=0,HOUR=0,HOUR_OF_DAY=0,MINUTE=0,SECOND=0,MILLISECOND=0,ZONE_OFFSET=-18000000,DST_OFFSET=3600000], drug=edu.ncsu.csc.itrust2.models.persistent.Drug#30}
02:05:44.646 [main] DEBUG org.hibernate.SQL - update Prescriptions set dosage=?, drug_id=?, endDate=?, patient_id=?, renewals=?, startDate=? where id=?
Hibernate: update Prescriptions set dosage=?, drug_id=?, endDate=?, patient_id=?, renewals=?, startDate=? where id=?
02:05:44.650 [main] DEBUG o.h.e.j.internal.JdbcCoordinatorImpl - HHH000420: Closing un-released batch
02:05:44.651 [main] DEBUG o.h.e.t.internal.TransactionImpl - begin
02:05:44.651 [main] DEBUG org.hibernate.SQL - select next_val as id_val from hibernate_sequence for update
Hibernate: select next_val as id_val from hibernate_sequence for update
02:05:44.652 [main] DEBUG org.hibernate.SQL - update hibernate_sequence set next_val= ? where next_val=?
Hibernate: update hibernate_sequence set next_val= ? where next_val=?
02:05:44.654 [main] DEBUG o.h.e.i.AbstractSaveEventListener - Generated identifier: 38, using strategy: org.hibernate.id.enhanced.SequenceStyleGenerator
02:05:44.655 [main] DEBUG o.h.e.t.internal.TransactionImpl - committing
02:05:44.655 [main] DEBUG o.h.e.i.AbstractFlushingEventListener - Processing flush-time cascades
02:05:44.655 [main] DEBUG o.h.e.i.AbstractFlushingEventListener - Dirty checking collections
02:05:44.655 [main] DEBUG o.h.e.i.AbstractFlushingEventListener - Flushed: 1 insertions, 0 updates, 0 deletions to 1 objects
02:05:44.655 [main] DEBUG o.h.e.i.AbstractFlushingEventListener - Flushed: 0 (re)creations, 0 updates, 0 removals to 0 collections
02:05:44.655 [main] DEBUG o.h.internal.util.EntityPrinter - Listing entities:
02:05:44.655 [main] DEBUG o.h.internal.util.EntityPrinter - edu.ncsu.csc.itrust2.models.persistent.LogEntry{secondaryUser=api_test_patient, logCode=47, primaryUser=hcp, id=38, time=java.util.GregorianCalendar[time=1521698744650,areFieldsSet=true,areAllFieldsSet=true,lenient=true,zone=sun.util.calendar.ZoneInfo[id="America/New_York",offset=-18000000,dstSavings=3600000,useDaylight=true,transitions=235,lastRule=java.util.SimpleTimeZone[id=America/New_York,offset=-18000000,dstSavings=3600000,useDaylight=true,startYear=0,startMode=3,startMonth=2,startDay=8,startDayOfWeek=1,startTime=7200000,startTimeMode=0,endMode=3,endMonth=10,endDay=1,endDayOfWeek=1,endTime=7200000,endTimeMode=0]],firstDayOfWeek=1,minimalDaysInFirstWeek=1,ERA=1,YEAR=2018,MONTH=2,WEEK_OF_YEAR=12,WEEK_OF_MONTH=4,DAY_OF_MONTH=22,DAY_OF_YEAR=81,DAY_OF_WEEK=5,DAY_OF_WEEK_IN_MONTH=4,AM_PM=0,HOUR=2,HOUR_OF_DAY=2,MINUTE=5,SECOND=44,MILLISECOND=650,ZONE_OFFSET=-18000000,DST_OFFSET=3600000], message=Edited prescription with id 32}
02:05:44.656 [main] DEBUG org.hibernate.SQL - insert into LogEntries (logCode, message, primaryUser, secondaryUser, time, id) values (?, ?, ?, ?, ?, ?)
Hibernate: insert into LogEntries (logCode, message, primaryUser, secondaryUser, time, id) values (?, ?, ?, ?, ?, ?)
02:05:44.659 [main] DEBUG o.h.e.j.internal.JdbcCoordinatorImpl - HHH000420: Closing un-released batch
02:05:44.660 [main] DEBUG o.s.w.s.m.m.a.HttpEntityMethodProcessor - Written [edu.ncsu.csc.itrust2.models.persistent.Prescription@7b22c15a] as "application/json" using [org.springframework.http.converter.json.GsonHttpMessageConverter@59058a0d]
02:05:44.660 [main] DEBUG o.s.t.w.s.TestDispatcherServlet - Null ModelAndView returned to DispatcherServlet with name '': assuming HandlerAdapter completed request handling
02:05:44.660 [main] DEBUG o.s.t.w.s.TestDispatcherServlet - Successfully completed request
02:05:44.661 [main] DEBUG o.s.t.w.s.TestDispatcherServlet - DispatcherServlet with name '' processing PUT request for [/api/v1/prescriptions]
02:05:44.661 [main] DEBUG o.s.w.s.m.m.a.RequestMappingHandlerMapping - Looking up handler method for path /api/v1/prescriptions
02:05:44.665 [main] DEBUG o.s.w.s.m.m.a.RequestMappingHandlerMapping - Returning handler method [public org.springframework.http.ResponseEntity edu.ncsu.csc.itrust2.controllers.api.APIPrescriptionController.editPrescription(edu.ncsu.csc.itrust2.forms.hcp.PrescriptionForm)]
02:05:44.665 [main] DEBUG o.s.b.f.s.DefaultListableBeanFactory - Returning cached instance of singleton bean 'APIPrescriptionController'
02:05:44.665 [main] DEBUG o.s.w.s.m.m.a.RequestResponseBodyMethodProcessor - Read [class edu.ncsu.csc.itrust2.forms.hcp.PrescriptionForm] as "application/json" with [org.springframework.http.converter.json.GsonHttpMessageConverter@59058a0d]
02:05:44.666 [main] DEBUG o.s.s.a.i.a.MethodSecurityInterceptor - Secure object: ReflectiveMethodInvocation: public org.springframework.http.ResponseEntity edu.ncsu.csc.itrust2.controllers.api.APIPrescriptionController.editPrescription(edu.ncsu.csc.itrust2.forms.hcp.PrescriptionForm); target is of class [edu.ncsu.csc.itrust2.controllers.api.APIPrescriptionController]; Attributes: [[authorize: 'hasRole('ROLE_HCP')', filter: 'null', filterTarget: 'null']]
02:05:44.666 [main] DEBUG o.s.s.a.i.a.MethodSecurityInterceptor - Previously Authenticated: org.springframework.security.authentication.UsernamePasswordAuthenticationToken@ad1c8f34: Principal: org.springframework.security.core.userdetails.User@192d5: Username: hcp; Password: [PROTECTED]; Enabled: true; AccountNonExpired: true; credentialsNonExpired: true; AccountNonLocked: true; Granted Authorities: ROLE_ADMIN,ROLE_HCP,ROLE_USER; Credentials: [PROTECTED]; Authenticated: true; Details: null; Granted Authorities: ROLE_ADMIN, ROLE_HCP, ROLE_USER
02:05:44.666 [main] DEBUG o.s.s.access.vote.AffirmativeBased - Voter: org.springframework.security.access.prepost.PreInvocationAuthorizationAdviceVoter@1d5ea30, returned: 1
02:05:44.667 [main] DEBUG o.s.s.a.i.a.MethodSecurityInterceptor - Authorization successful
02:05:44.667 [main] DEBUG o.s.s.a.i.a.MethodSecurityInterceptor - RunAsManager did not change Authentication object
02:05:44.667 [main] DEBUG o.h.e.t.internal.TransactionImpl - begin
02:05:44.668 [main] DEBUG org.hibernate.SQL - select this_.id as id1_3_0_, this_.code as code2_3_0_, this_.description as descript3_3_0_, this_.name as name4_3_0_ from Drugs this_ where this_.code=?
Hibernate: select this_.id as id1_3_0_, this_.code as code2_3_0_, this_.description as descript3_3_0_, this_.name as name4_3_0_ from Drugs this_ where this_.code=?
02:05:44.669 [main] DEBUG org.hibernate.loader.Loader - Result set row: 0
02:05:44.669 [main] DEBUG org.hibernate.loader.Loader - Result row: EntityKey[edu.ncsu.csc.itrust2.models.persistent.Drug#30]
02:05:44.670 [main] DEBUG o.h.engine.internal.TwoPhaseLoad - Resolving associations for [edu.ncsu.csc.itrust2.models.persistent.Drug#30]
02:05:44.678 [main] DEBUG o.h.engine.internal.TwoPhaseLoad - Done materializing entity [edu.ncsu.csc.itrust2.models.persistent.Drug#30]
02:05:44.678 [main] DEBUG o.h.e.t.internal.TransactionImpl - committing
02:05:44.678 [main] DEBUG o.h.e.i.AbstractFlushingEventListener - Processing flush-time cascades
02:05:44.678 [main] DEBUG o.h.e.i.AbstractFlushingEventListener - Dirty checking collections
02:05:44.679 [main] DEBUG o.h.e.i.AbstractFlushingEventListener - Flushed: 0 insertions, 0 updates, 0 deletions to 1 objects
02:05:44.679 [main] DEBUG o.h.e.i.AbstractFlushingEventListener - Flushed: 0 (re)creations, 0 updates, 0 removals to 0 collections
02:05:44.679 [main] DEBUG o.h.internal.util.EntityPrinter - Listing entities:
02:05:44.679 [main] DEBUG o.h.internal.util.EntityPrinter - edu.ncsu.csc.itrust2.models.persistent.Drug{code=0000-0000-20, name=TEST, description=DESC, id=30}
02:05:44.680 [main] DEBUG o.h.e.t.internal.TransactionImpl - begin
02:05:44.681 [main] DEBUG org.hibernate.SQL - select this_.username as username1_15_0_, this_.enabled as enabled2_15_0_, this_.password as password3_15_0_, this_.role as role4_15_0_ from Users this_ where this_.username=?
Hibernate: select this_.username as username1_15_0_, this_.enabled as enabled2_15_0_, this_.password as password3_15_0_, this_.role as role4_15_0_ from Users this_ where this_.username=?
02:05:44.681 [main] DEBUG org.hibernate.loader.Loader - Result set row: 0
02:05:44.681 [main] DEBUG org.hibernate.loader.Loader - Result row: EntityKey[edu.ncsu.csc.itrust2.models.persistent.User#api_test_patient]
02:05:44.682 [main] DEBUG o.h.engine.internal.TwoPhaseLoad - Resolving associations for [edu.ncsu.csc.itrust2.models.persistent.User#api_test_patient]
02:05:44.683 [main] DEBUG o.h.engine.internal.TwoPhaseLoad - Done materializing entity [edu.ncsu.csc.itrust2.models.persistent.User#api_test_patient]
02:05:44.683 [main] DEBUG o.h.e.t.internal.TransactionImpl - committing
02:05:44.683 [main] DEBUG o.h.e.i.AbstractFlushingEventListener - Processing flush-time cascades
02:05:44.683 [main] DEBUG o.h.e.i.AbstractFlushingEventListener - Dirty checking collections
02:05:44.683 [main] DEBUG o.h.e.i.AbstractFlushingEventListener - Flushed: 0 insertions, 0 updates, 0 deletions to 1 objects
02:05:44.683 [main] DEBUG o.h.e.i.AbstractFlushingEventListener - Flushed: 0 (re)creations, 0 updates, 0 removals to 0 collections
02:05:44.684 [main] DEBUG o.h.internal.util.EntityPrinter - Listing entities:
02:05:44.684 [main] DEBUG o.h.internal.util.EntityPrinter - edu.ncsu.csc.itrust2.models.persistent.User{password=$2a$10$2jOs5Jq/EydcSc1wnB.OB.oLcMTRacAZaoROfR5rEA5bFvQEZcZhW, role=ROLE_PATIENT, enabled=1, username=api_test_patient}
02:05:44.685 [main] DEBUG o.h.e.t.internal.TransactionImpl - begin
02:05:44.688 [main] DEBUG org.hibernate.SQL - select this_.id as id1_14_2_, this_.dosage as dosage2_14_2_, this_.drug_id as drug_id6_14_2_, this_.endDate as endDate3_14_2_, this_.patient_id as patient_7_14_2_, this_.renewals as renewals4_14_2_, this_.startDate as startDat5_14_2_, drug2_.id as id1_3_0_, drug2_.code as code2_3_0_, drug2_.description as descript3_3_0_, drug2_.name as name4_3_0_, user3_.username as username1_15_1_, user3_.enabled as enabled2_15_1_, user3_.password as password3_15_1_, user3_.role as role4_15_1_ from Prescriptions this_ inner join Drugs drug2_ on this_.drug_id=drug2_.id inner join Users user3_ on this_.patient_id=user3_.username where this_.id=?
Hibernate: select this_.id as id1_14_2_, this_.dosage as dosage2_14_2_, this_.drug_id as drug_id6_14_2_, this_.endDate as endDate3_14_2_, this_.patient_id as patient_7_14_2_, this_.renewals as renewals4_14_2_, this_.startDate as startDat5_14_2_, drug2_.id as id1_3_0_, drug2_.code as code2_3_0_, drug2_.description as descript3_3_0_, drug2_.name as name4_3_0_, user3_.username as username1_15_1_, user3_.enabled as enabled2_15_1_, user3_.password as password3_15_1_, user3_.role as role4_15_1_ from Prescriptions this_ inner join Drugs drug2_ on this_.drug_id=drug2_.id inner join Users user3_ on this_.patient_id=user3_.username where this_.id=?
02:05:44.689 [main] DEBUG org.hibernate.loader.Loader - Result set row: 0
02:05:44.690 [main] DEBUG org.hibernate.loader.Loader - Result row: EntityKey[edu.ncsu.csc.itrust2.models.persistent.Drug#30], EntityKey[edu.ncsu.csc.itrust2.models.persistent.User#api_test_patient], EntityKey[edu.ncsu.csc.itrust2.models.persistent.Prescription#34]
02:05:44.692 [main] DEBUG o.h.engine.internal.TwoPhaseLoad - Resolving associations for [edu.ncsu.csc.itrust2.models.persistent.Drug#30]
02:05:44.693 [main] DEBUG o.h.engine.internal.TwoPhaseLoad - Done materializing entity [edu.ncsu.csc.itrust2.models.persistent.Drug#30]
02:05:44.693 [main] DEBUG o.h.engine.internal.TwoPhaseLoad - Resolving associations for [edu.ncsu.csc.itrust2.models.persistent.User#api_test_patient]
02:05:44.693 [main] DEBUG o.h.engine.internal.TwoPhaseLoad - Done materializing entity [edu.ncsu.csc.itrust2.models.persistent.User#api_test_patient]
02:05:44.693 [main] DEBUG o.h.engine.internal.TwoPhaseLoad - Resolving associations for [edu.ncsu.csc.itrust2.models.persistent.Prescription#34]
02:05:44.693 [main] DEBUG o.h.engine.internal.TwoPhaseLoad - Done materializing entity [edu.ncsu.csc.itrust2.models.persistent.Prescription#34]
02:05:44.693 [main] DEBUG o.h.e.t.internal.TransactionImpl - committing
02:05:44.694 [main] DEBUG o.h.e.i.AbstractFlushingEventListener - Processing flush-time cascades
02:05:44.694 [main] DEBUG o.h.e.i.AbstractFlushingEventListener - Dirty checking collections
02:05:44.694 [main] DEBUG o.h.e.i.AbstractFlushingEventListener - Flushed: 0 insertions, 0 updates, 0 deletions to 3 objects
02:05:44.694 [main] DEBUG o.h.e.i.AbstractFlushingEventListener - Flushed: 0 (re)creations, 0 updates, 0 removals to 0 collections
02:05:44.694 [main] DEBUG o.h.internal.util.EntityPrinter - Listing entities:
02:05:44.694 [main] DEBUG o.h.internal.util.EntityPrinter - edu.ncsu.csc.itrust2.models.persistent.Drug{code=0000-0000-20, name=TEST, description=DESC, id=30}
02:05:44.695 [main] DEBUG o.h.internal.util.EntityPrinter - edu.ncsu.csc.itrust2.models.persistent.User{password=$2a$10$2jOs5Jq/EydcSc1wnB.OB.oLcMTRacAZaoROfR5rEA5bFvQEZcZhW, role=ROLE_PATIENT, enabled=1, username=api_test_patient}
02:05:44.695 [main] DEBUG o.h.internal.util.EntityPrinter - edu.ncsu.csc.itrust2.models.persistent.Prescription{dosage=200, endDate=java.util.GregorianCalendar[time=1604984400000,areFieldsSet=true,areAllFieldsSet=true,lenient=true,zone=sun.util.calendar.ZoneInfo[id="America/New_York",offset=-18000000,dstSavings=3600000,useDaylight=true,transitions=235,lastRule=java.util.SimpleTimeZone[id=America/New_York,offset=-18000000,dstSavings=3600000,useDaylight=true,startYear=0,startMode=3,startMonth=2,startDay=8,startDayOfWeek=1,startTime=7200000,startTimeMode=0,endMode=3,endMonth=10,endDay=1,endDayOfWeek=1,endTime=7200000,endTimeMode=0]],firstDayOfWeek=1,minimalDaysInFirstWeek=1,ERA=1,YEAR=2020,MONTH=10,WEEK_OF_YEAR=46,WEEK_OF_MONTH=2,DAY_OF_MONTH=10,DAY_OF_YEAR=315,DAY_OF_WEEK=3,DAY_OF_WEEK_IN_MONTH=2,AM_PM=0,HOUR=0,HOUR_OF_DAY=0,MINUTE=0,SECOND=0,MILLISECOND=0,ZONE_OFFSET=-18000000,DST_OFFSET=0], patient=edu.ncsu.csc.itrust2.models.persistent.User#api_test_patient, id=34, renewals=3, startDate=java.util.GregorianCalendar[time=1602302400000,areFieldsSet=true,areAllFieldsSet=true,lenient=true,zone=sun.util.calendar.ZoneInfo[id="America/New_York",offset=-18000000,dstSavings=3600000,useDaylight=true,transitions=235,lastRule=java.util.SimpleTimeZone[id=America/New_York,offset=-18000000,dstSavings=3600000,useDaylight=true,startYear=0,startMode=3,startMonth=2,startDay=8,startDayOfWeek=1,startTime=7200000,startTimeMode=0,endMode=3,endMonth=10,endDay=1,endDayOfWeek=1,endTime=7200000,endTimeMode=0]],firstDayOfWeek=1,minimalDaysInFirstWeek=1,ERA=1,YEAR=2020,MONTH=9,WEEK_OF_YEAR=41,WEEK_OF_MONTH=2,DAY_OF_MONTH=10,DAY_OF_YEAR=284,DAY_OF_WEEK=7,DAY_OF_WEEK_IN_MONTH=2,AM_PM=0,HOUR=0,HOUR_OF_DAY=0,MINUTE=0,SECOND=0,MILLISECOND=0,ZONE_OFFSET=-18000000,DST_OFFSET=3600000], drug=edu.ncsu.csc.itrust2.models.persistent.Drug#30}
02:05:44.695 [main] DEBUG o.h.e.t.internal.TransactionImpl - begin
02:05:44.696 [main] DEBUG o.h.e.t.internal.TransactionImpl - committing
02:05:44.696 [main] DEBUG o.h.e.i.AbstractFlushingEventListener - Processing flush-time cascades
02:05:44.696 [main] DEBUG o.h.e.i.AbstractFlushingEventListener - Dirty checking collections
02:05:44.696 [main] DEBUG o.h.e.i.AbstractFlushingEventListener - Flushed: 0 insertions, 1 updates, 0 deletions to 1 objects
02:05:44.697 [main] DEBUG o.h.e.i.AbstractFlushingEventListener - Flushed: 0 (re)creations, 0 updates, 0 removals to 0 collections
02:05:44.706 [main] DEBUG o.h.internal.util.EntityPrinter - Listing entities:
02:05:44.706 [main] DEBUG o.h.internal.util.EntityPrinter - edu.ncsu.csc.itrust2.models.persistent.Prescription{dosage=200, endDate=java.util.GregorianCalendar[time=1604984400000,areFieldsSet=true,areAllFieldsSet=true,lenient=true,zone=sun.util.calendar.ZoneInfo[id="America/New_York",offset=-18000000,dstSavings=3600000,useDaylight=true,transitions=235,lastRule=java.util.SimpleTimeZone[id=America/New_York,offset=-18000000,dstSavings=3600000,useDaylight=true,startYear=0,startMode=3,startMonth=2,startDay=8,startDayOfWeek=1,startTime=7200000,startTimeMode=0,endMode=3,endMonth=10,endDay=1,endDayOfWeek=1,endTime=7200000,endTimeMode=0]],firstDayOfWeek=1,minimalDaysInFirstWeek=1,ERA=1,YEAR=2020,MONTH=10,WEEK_OF_YEAR=46,WEEK_OF_MONTH=2,DAY_OF_MONTH=10,DAY_OF_YEAR=315,DAY_OF_WEEK=3,DAY_OF_WEEK_IN_MONTH=2,AM_PM=0,HOUR=0,HOUR_OF_DAY=0,MINUTE=0,SECOND=0,MILLISECOND=0,ZONE_OFFSET=-18000000,DST_OFFSET=0], patient=edu.ncsu.csc.itrust2.models.persistent.User#api_test_patient, id=34, renewals=-1, startDate=java.util.GregorianCalendar[time=1602302400000,areFieldsSet=true,areAllFieldsSet=true,lenient=true,zone=sun.util.calendar.ZoneInfo[id="America/New_York",offset=-18000000,dstSavings=3600000,useDaylight=true,transitions=235,lastRule=java.util.SimpleTimeZone[id=America/New_York,offset=-18000000,dstSavings=3600000,useDaylight=true,startYear=0,startMode=3,startMonth=2,startDay=8,startDayOfWeek=1,startTime=7200000,startTimeMode=0,endMode=3,endMonth=10,endDay=1,endDayOfWeek=1,endTime=7200000,endTimeMode=0]],firstDayOfWeek=1,minimalDaysInFirstWeek=1,ERA=1,YEAR=2020,MONTH=9,WEEK_OF_YEAR=41,WEEK_OF_MONTH=2,DAY_OF_MONTH=10,DAY_OF_YEAR=284,DAY_OF_WEEK=7,DAY_OF_WEEK_IN_MONTH=2,AM_PM=0,HOUR=0,HOUR_OF_DAY=0,MINUTE=0,SECOND=0,MILLISECOND=0,ZONE_OFFSET=-18000000,DST_OFFSET=3600000], drug=edu.ncsu.csc.itrust2.models.persistent.Drug#30}
02:05:44.716 [main] DEBUG o.h.v.r.PlatformResourceBundleLocator - ValidationMessages not found.
02:05:44.719 [main] DEBUG o.h.v.r.PlatformResourceBundleLocator - ContributorValidationMessages not found.
02:05:44.721 [main] DEBUG o.h.v.r.PlatformResourceBundleLocator - org.hibernate.validator.ValidationMessages found.
02:05:44.754 [main] ERROR org.hibernate.internal.SessionImpl - HHH000346: Error during managed flush [Validation failed for classes [edu.ncsu.csc.itrust2.models.persistent.Prescription] during update time for groups [javax.validation.groups.Default, ]
List of constraint violations:[
	ConstraintViolationImpl{interpolatedMessage='must be greater than or equal to 0', propertyPath=renewals, rootBeanClass=class edu.ncsu.csc.itrust2.models.persistent.Prescription, messageTemplate='{javax.validation.constraints.Min.message}'}
]]
02:05:44.798 [main] DEBUG o.h.r.t.b.j.i.JdbcResourceLocalTransactionCoordinatorImpl - JDBC transaction marked for rollback-only (exception provided for stack trace)
java.lang.Exception: exception just for purpose of providing stack trace
	at org.hibernate.resource.transaction.backend.jdbc.internal.JdbcResourceLocalTransactionCoordinatorImpl$TransactionDriverControlImpl.markRollbackOnly(JdbcResourceLocalTransactionCoordinatorImpl.java:265) [hibernate-core-5.0.11.Final.jar:5.0.11.Final]
	at org.hibernate.resource.transaction.backend.jdbc.internal.JdbcResourceLocalTransactionCoordinatorImpl.beforeCompletionCallback(JdbcResourceLocalTransactionCoordinatorImpl.java:156) ~[hibernate-core-5.0.11.Final.jar:5.0.11.Final]
	at org.hibernate.resource.transaction.backend.jdbc.internal.JdbcResourceLocalTransactionCoordinatorImpl.access$100(JdbcResourceLocalTransactionCoordinatorImpl.java:38) ~[hibernate-core-5.0.11.Final.jar:5.0.11.Final]
	at org.hibernate.resource.transaction.backend.jdbc.internal.JdbcResourceLocalTransactionCoordinatorImpl$TransactionDriverControlImpl.commit(JdbcResourceLocalTransactionCoordinatorImpl.java:231) [hibernate-core-5.0.11.Final.jar:5.0.11.Final]
	at org.hibernate.engine.transaction.internal.TransactionImpl.commit(TransactionImpl.java:65) [hibernate-core-5.0.11.Final.jar:5.0.11.Final]
	at edu.ncsu.csc.itrust2.models.persistent.DomainObject.save(DomainObject.java:151) [classes/:na]
	at edu.ncsu.csc.itrust2.controllers.api.APIPrescriptionController.editPrescription(APIPrescriptionController.java:78) [classes/:na]
	at edu.ncsu.csc.itrust2.controllers.api.APIPrescriptionController$$FastClassBySpringCGLIB$$6343f040.invoke(<generated>) [classes/:na]
	at org.springframework.cglib.proxy.MethodProxy.invoke(MethodProxy.java:204) [spring-core-4.3.5.RELEASE.jar:4.3.5.RELEASE]
	at org.springframework.aop.framework.CglibAopProxy$CglibMethodInvocation.invokeJoinpoint(CglibAopProxy.java:721) [spring-aop-4.3.5.RELEASE.jar:4.3.5.RELEASE]
	at org.springframework.aop.framework.ReflectiveMethodInvocation.proceed(ReflectiveMethodInvocation.java:157) [spring-aop-4.3.5.RELEASE.jar:4.3.5.RELEASE]
	at org.springframework.security.access.intercept.aopalliance.MethodSecurityInterceptor.invoke(MethodSecurityInterceptor.java:69) [spring-security-core-4.2.2.RELEASE.jar:4.2.2.RELEASE]
	at org.springframework.aop.framework.ReflectiveMethodInvocation.proceed(ReflectiveMethodInvocation.java:179) [spring-aop-4.3.5.RELEASE.jar:4.3.5.RELEASE]
	at org.springframework.aop.framework.CglibAopProxy$DynamicAdvisedInterceptor.intercept(CglibAopProxy.java:656) [spring-aop-4.3.5.RELEASE.jar:4.3.5.RELEASE]
	at edu.ncsu.csc.itrust2.controllers.api.APIPrescriptionController$$EnhancerBySpringCGLIB$$7718d446.editPrescription(<generated>) [classes/:na]
	at sun.reflect.NativeMethodAccessorImpl.invoke0(Native Method) ~[na:1.8.0_161]
	at sun.reflect.NativeMethodAccessorImpl.invoke(NativeMethodAccessorImpl.java:62) ~[na:1.8.0_161]
	at sun.reflect.DelegatingMethodAccessorImpl.invoke(DelegatingMethodAccessorImpl.java:43) ~[na:1.8.0_161]
	at java.lang.reflect.Method.invoke(Method.java:498) ~[na:1.8.0_161]
	at org.springframework.web.method.support.InvocableHandlerMethod.doInvoke(InvocableHandlerMethod.java:220) [spring-web-4.3.5.RELEASE.jar:4.3.5.RELEASE]
	at org.springframework.web.method.support.InvocableHandlerMethod.invokeForRequest(InvocableHandlerMethod.java:134) [spring-web-4.3.5.RELEASE.jar:4.3.5.RELEASE]
	at org.springframework.web.servlet.mvc.method.annotation.ServletInvocableHandlerMethod.invokeAndHandle(ServletInvocableHandlerMethod.java:116) [spring-webmvc-4.3.5.RELEASE.jar:4.3.5.RELEASE]
	at org.springframework.web.servlet.mvc.method.annotation.RequestMappingHandlerAdapter.invokeHandlerMethod(RequestMappingHandlerAdapter.java:827) [spring-webmvc-4.3.5.RELEASE.jar:4.3.5.RELEASE]
	at org.springframework.web.servlet.mvc.method.annotation.RequestMappingHandlerAdapter.handleInternal(RequestMappingHandlerAdapter.java:738) [spring-webmvc-4.3.5.RELEASE.jar:4.3.5.RELEASE]
	at org.springframework.web.servlet.mvc.method.AbstractHandlerMethodAdapter.handle(AbstractHandlerMethodAdapter.java:85) [spring-webmvc-4.3.5.RELEASE.jar:4.3.5.RELEASE]
	at org.springframework.web.servlet.DispatcherServlet.doDispatch(DispatcherServlet.java:963) [spring-webmvc-4.3.5.RELEASE.jar:4.3.5.RELEASE]
	at org.springframework.web.servlet.DispatcherServlet.doService(DispatcherServlet.java:897) [spring-webmvc-4.3.5.RELEASE.jar:4.3.5.RELEASE]
	at org.springframework.web.servlet.FrameworkServlet.processRequest(FrameworkServlet.java:970) [spring-webmvc-4.3.5.RELEASE.jar:4.3.5.RELEASE]
	at org.springframework.web.servlet.FrameworkServlet.doPut(FrameworkServlet.java:883) [spring-webmvc-4.3.5.RELEASE.jar:4.3.5.RELEASE]
	at javax.servlet.http.HttpServlet.service(HttpServlet.java:691) [javax.servlet-api-3.0.1.jar:3.0.1]
	at org.springframework.web.servlet.FrameworkServlet.service(FrameworkServlet.java:846) [spring-webmvc-4.3.5.RELEASE.jar:4.3.5.RELEASE]
	at org.springframework.test.web.servlet.TestDispatcherServlet.service(TestDispatcherServlet.java:65) [spring-test-4.3.5.RELEASE.jar:4.3.5.RELEASE]
	at javax.servlet.http.HttpServlet.service(HttpServlet.java:770) [javax.servlet-api-3.0.1.jar:3.0.1]
	at org.springframework.mock.web.MockFilterChain$ServletFilterProxy.doFilter(MockFilterChain.java:167) [spring-test-4.3.5.RELEASE.jar:4.3.5.RELEASE]
	at org.springframework.mock.web.MockFilterChain.doFilter(MockFilterChain.java:134) [spring-test-4.3.5.RELEASE.jar:4.3.5.RELEASE]
	at org.springframework.test.web.servlet.MockMvc.perform(MockMvc.java:155) [spring-test-4.3.5.RELEASE.jar:4.3.5.RELEASE]
	at edu.ncsu.csc.itrust2.apitest.APIPrescriptionTest.testPrescriptionAPI(APIPrescriptionTest.java:163) [test-classes/:na]
	at sun.reflect.NativeMethodAccessorImpl.invoke0(Native Method) ~[na:1.8.0_161]
	at sun.reflect.NativeMethodAccessorImpl.invoke(NativeMethodAccessorImpl.java:62) ~[na:1.8.0_161]
	at sun.reflect.DelegatingMethodAccessorImpl.invoke(DelegatingMethodAccessorImpl.java:43) ~[na:1.8.0_161]
	at java.lang.reflect.Method.invoke(Method.java:498) ~[na:1.8.0_161]
	at org.junit.runners.model.FrameworkMethod$1.runReflectiveCall(FrameworkMethod.java:50) [junit-4.12.jar:4.12]
	at org.junit.internal.runners.model.ReflectiveCallable.run(ReflectiveCallable.java:12) [junit-4.12.jar:4.12]
	at org.junit.runners.model.FrameworkMethod.invokeExplosively(FrameworkMethod.java:47) [junit-4.12.jar:4.12]
	at org.junit.internal.runners.statements.InvokeMethod.evaluate(InvokeMethod.java:17) [junit-4.12.jar:4.12]
	at org.junit.internal.runners.statements.RunBefores.evaluate(RunBefores.java:26) [junit-4.12.jar:4.12]
	at org.springframework.test.context.junit4.statements.RunBeforeTestMethodCallbacks.evaluate(RunBeforeTestMethodCallbacks.java:75) [spring-test-4.3.5.RELEASE.jar:4.3.5.RELEASE]
	at org.springframework.test.context.junit4.statements.RunAfterTestMethodCallbacks.evaluate(RunAfterTestMethodCallbacks.java:86) [spring-test-4.3.5.RELEASE.jar:4.3.5.RELEASE]
	at org.springframework.test.context.junit4.statements.SpringRepeat.evaluate(SpringRepeat.java:84) [spring-test-4.3.5.RELEASE.jar:4.3.5.RELEASE]
	at org.junit.runners.ParentRunner.runLeaf(ParentRunner.java:325) [junit-4.12.jar:4.12]
	at org.springframework.test.context.junit4.SpringJUnit4ClassRunner.runChild(SpringJUnit4ClassRunner.java:252) [spring-test-4.3.5.RELEASE.jar:4.3.5.RELEASE]
	at org.springframework.test.context.junit4.SpringJUnit4ClassRunner.runChild(SpringJUnit4ClassRunner.java:94) [spring-test-4.3.5.RELEASE.jar:4.3.5.RELEASE]
	at org.junit.runners.ParentRunner$3.run(ParentRunner.java:290) [junit-4.12.jar:4.12]
	at org.junit.runners.ParentRunner$1.schedule(ParentRunner.java:71) [junit-4.12.jar:4.12]
	at org.junit.runners.ParentRunner.runChildren(ParentRunner.java:288) [junit-4.12.jar:4.12]
	at org.junit.runners.ParentRunner.access$000(ParentRunner.java:58) [junit-4.12.jar:4.12]
	at org.junit.runners.ParentRunner$2.evaluate(ParentRunner.java:268) [junit-4.12.jar:4.12]
	at org.springframework.test.context.junit4.statements.RunBeforeTestClassCallbacks.evaluate(RunBeforeTestClassCallbacks.java:61) [spring-test-4.3.5.RELEASE.jar:4.3.5.RELEASE]
	at org.springframework.test.context.junit4.statements.RunAfterTestClassCallbacks.evaluate(RunAfterTestClassCallbacks.java:70) [spring-test-4.3.5.RELEASE.jar:4.3.5.RELEASE]
	at org.junit.runners.ParentRunner.run(ParentRunner.java:363) [junit-4.12.jar:4.12]
	at org.springframework.test.context.junit4.SpringJUnit4ClassRunner.run(SpringJUnit4ClassRunner.java:191) [spring-test-4.3.5.RELEASE.jar:4.3.5.RELEASE]
	at org.apache.maven.surefire.junit4.JUnit4Provider.execute(JUnit4Provider.java:365) [surefire-junit4-2.20.jar:2.20]
	at org.apache.maven.surefire.junit4.JUnit4Provider.executeWithRerun(JUnit4Provider.java:272) [surefire-junit4-2.20.jar:2.20]
	at org.apache.maven.surefire.junit4.JUnit4Provider.executeTestSet(JUnit4Provider.java:236) [surefire-junit4-2.20.jar:2.20]
	at org.apache.maven.surefire.junit4.JUnit4Provider.invoke(JUnit4Provider.java:159) [surefire-junit4-2.20.jar:2.20]
	at org.apache.maven.surefire.booter.ForkedBooter.invokeProviderInSameClassLoader(ForkedBooter.java:386) [surefire-booter-2.20.jar:2.20]
	at org.apache.maven.surefire.booter.ForkedBooter.runSuitesInProcess(ForkedBooter.java:323) [surefire-booter-2.20.jar:2.20]
	at org.apache.maven.surefire.booter.ForkedBooter.main(ForkedBooter.java:143) [surefire-booter-2.20.jar:2.20]
02:05:44.800 [main] DEBUG o.h.e.t.internal.TransactionImpl - begin
02:05:44.808 [main] DEBUG org.hibernate.SQL - select next_val as id_val from hibernate_sequence for update
Hibernate: select next_val as id_val from hibernate_sequence for update
02:05:44.810 [main] DEBUG org.hibernate.SQL - update hibernate_sequence set next_val= ? where next_val=?
Hibernate: update hibernate_sequence set next_val= ? where next_val=?
02:05:44.813 [main] DEBUG o.h.e.i.AbstractSaveEventListener - Generated identifier: 39, using strategy: org.hibernate.id.enhanced.SequenceStyleGenerator
02:05:44.813 [main] DEBUG o.h.e.t.internal.TransactionImpl - committing
02:05:44.814 [main] DEBUG o.h.e.i.AbstractFlushingEventListener - Processing flush-time cascades
02:05:44.814 [main] DEBUG o.h.e.i.AbstractFlushingEventListener - Dirty checking collections
02:05:44.814 [main] DEBUG o.h.e.i.AbstractFlushingEventListener - Flushed: 1 insertions, 0 updates, 0 deletions to 1 objects
02:05:44.815 [main] DEBUG o.h.e.i.AbstractFlushingEventListener - Flushed: 0 (re)creations, 0 updates, 0 removals to 0 collections
02:05:44.815 [main] DEBUG o.h.internal.util.EntityPrinter - Listing entities:
02:05:44.815 [main] DEBUG o.h.internal.util.EntityPrinter - edu.ncsu.csc.itrust2.models.persistent.LogEntry{secondaryUser=null, logCode=47, primaryUser=hcp, id=39, time=java.util.GregorianCalendar[time=1521698744800,areFieldsSet=true,areAllFieldsSet=true,lenient=true,zone=sun.util.calendar.ZoneInfo[id="America/New_York",offset=-18000000,dstSavings=3600000,useDaylight=true,transitions=235,lastRule=java.util.SimpleTimeZone[id=America/New_York,offset=-18000000,dstSavings=3600000,useDaylight=true,startYear=0,startMode=3,startMonth=2,startDay=8,startDayOfWeek=1,startTime=7200000,startTimeMode=0,endMode=3,endMonth=10,endDay=1,endDayOfWeek=1,endTime=7200000,endTimeMode=0]],firstDayOfWeek=1,minimalDaysInFirstWeek=1,ERA=1,YEAR=2018,MONTH=2,WEEK_OF_YEAR=12,WEEK_OF_MONTH=4,DAY_OF_MONTH=22,DAY_OF_YEAR=81,DAY_OF_WEEK=5,DAY_OF_WEEK_IN_MONTH=4,AM_PM=0,HOUR=2,HOUR_OF_DAY=2,MINUTE=5,SECOND=44,MILLISECOND=800,ZONE_OFFSET=-18000000,DST_OFFSET=3600000], message=Failed to edit prescription}
02:05:44.816 [main] DEBUG org.hibernate.SQL - insert into LogEntries (logCode, message, primaryUser, secondaryUser, time, id) values (?, ?, ?, ?, ?, ?)
Hibernate: insert into LogEntries (logCode, message, primaryUser, secondaryUser, time, id) values (?, ?, ?, ?, ?, ?)
02:05:44.821 [main] DEBUG o.h.e.j.internal.JdbcCoordinatorImpl - HHH000420: Closing un-released batch
02:05:44.824 [main] DEBUG o.s.w.s.m.m.a.HttpEntityMethodProcessor - Written [{"status":"failed","message":"Failed to update prescription: Validation failed for classes [edu.ncsu.csc.itrust2.models.persistent.Prescription] during update time for groups [javax.validation.groups.Default, ]\nList of constraint violations:[\n\tConstraintViolationImpl{interpolatedMessage\u003d\u0027must be greater than or equal to 0\u0027, propertyPath\u003drenewals, rootBeanClass\u003dclass edu.ncsu.csc.itrust2.models.persistent.Prescription, messageTemplate\u003d\u0027{javax.validation.constraints.Min.message}\u0027}\n]"}] as "text/plain" using [org.springframework.http.converter.StringHttpMessageConverter@51d25f3]
02:05:44.825 [main] DEBUG o.s.t.w.s.TestDispatcherServlet - Null ModelAndView returned to DispatcherServlet with name '': assuming HandlerAdapter completed request handling
02:05:44.825 [main] DEBUG o.s.t.w.s.TestDispatcherServlet - Successfully completed request
02:05:44.825 [main] DEBUG o.s.t.w.s.TestDispatcherServlet - DispatcherServlet with name '' processing DELETE request for [/api/v1/prescriptions/32]
02:05:44.826 [main] DEBUG o.s.w.s.m.m.a.RequestMappingHandlerMapping - Looking up handler method for path /api/v1/prescriptions/32
02:05:44.826 [main] DEBUG o.s.w.s.m.m.a.RequestMappingHandlerMapping - Returning handler method [public org.springframework.http.ResponseEntity edu.ncsu.csc.itrust2.controllers.api.APIPrescriptionController.deletePrescription(java.lang.Long)]
02:05:44.826 [main] DEBUG o.s.b.f.s.DefaultListableBeanFactory - Returning cached instance of singleton bean 'APIPrescriptionController'
02:05:44.839 [main] DEBUG o.s.s.a.i.a.MethodSecurityInterceptor - Secure object: ReflectiveMethodInvocation: public org.springframework.http.ResponseEntity edu.ncsu.csc.itrust2.controllers.api.APIPrescriptionController.deletePrescription(java.lang.Long); target is of class [edu.ncsu.csc.itrust2.controllers.api.APIPrescriptionController]; Attributes: [[authorize: 'hasRole('ROLE_HCP')', filter: 'null', filterTarget: 'null']]
02:05:44.839 [main] DEBUG o.s.s.a.i.a.MethodSecurityInterceptor - Previously Authenticated: org.springframework.security.authentication.UsernamePasswordAuthenticationToken@ad1c8f34: Principal: org.springframework.security.core.userdetails.User@192d5: Username: hcp; Password: [PROTECTED]; Enabled: true; AccountNonExpired: true; credentialsNonExpired: true; AccountNonLocked: true; Granted Authorities: ROLE_ADMIN,ROLE_HCP,ROLE_USER; Credentials: [PROTECTED]; Authenticated: true; Details: null; Granted Authorities: ROLE_ADMIN, ROLE_HCP, ROLE_USER
02:05:44.840 [main] DEBUG o.s.s.access.vote.AffirmativeBased - Voter: org.springframework.security.access.prepost.PreInvocationAuthorizationAdviceVoter@1d5ea30, returned: 1
02:05:44.840 [main] DEBUG o.s.s.a.i.a.MethodSecurityInterceptor - Authorization successful
02:05:44.840 [main] DEBUG o.s.s.a.i.a.MethodSecurityInterceptor - RunAsManager did not change Authentication object
02:05:44.840 [main] DEBUG o.h.e.t.internal.TransactionImpl - begin
02:05:44.841 [main] DEBUG org.hibernate.SQL - select this_.id as id1_14_2_, this_.dosage as dosage2_14_2_, this_.drug_id as drug_id6_14_2_, this_.endDate as endDate3_14_2_, this_.patient_id as patient_7_14_2_, this_.renewals as renewals4_14_2_, this_.startDate as startDat5_14_2_, drug2_.id as id1_3_0_, drug2_.code as code2_3_0_, drug2_.description as descript3_3_0_, drug2_.name as name4_3_0_, user3_.username as username1_15_1_, user3_.enabled as enabled2_15_1_, user3_.password as password3_15_1_, user3_.role as role4_15_1_ from Prescriptions this_ inner join Drugs drug2_ on this_.drug_id=drug2_.id inner join Users user3_ on this_.patient_id=user3_.username where this_.id=?
Hibernate: select this_.id as id1_14_2_, this_.dosage as dosage2_14_2_, this_.drug_id as drug_id6_14_2_, this_.endDate as endDate3_14_2_, this_.patient_id as patient_7_14_2_, this_.renewals as renewals4_14_2_, this_.startDate as startDat5_14_2_, drug2_.id as id1_3_0_, drug2_.code as code2_3_0_, drug2_.description as descript3_3_0_, drug2_.name as name4_3_0_, user3_.username as username1_15_1_, user3_.enabled as enabled2_15_1_, user3_.password as password3_15_1_, user3_.role as role4_15_1_ from Prescriptions this_ inner join Drugs drug2_ on this_.drug_id=drug2_.id inner join Users user3_ on this_.patient_id=user3_.username where this_.id=?
02:05:44.842 [main] DEBUG org.hibernate.loader.Loader - Result set row: 0
02:05:44.843 [main] DEBUG org.hibernate.loader.Loader - Result row: EntityKey[edu.ncsu.csc.itrust2.models.persistent.Drug#30], EntityKey[edu.ncsu.csc.itrust2.models.persistent.User#api_test_patient], EntityKey[edu.ncsu.csc.itrust2.models.persistent.Prescription#32]
02:05:44.843 [main] DEBUG o.h.engine.internal.TwoPhaseLoad - Resolving associations for [edu.ncsu.csc.itrust2.models.persistent.Drug#30]
02:05:44.843 [main] DEBUG o.h.engine.internal.TwoPhaseLoad - Done materializing entity [edu.ncsu.csc.itrust2.models.persistent.Drug#30]
02:05:44.844 [main] DEBUG o.h.engine.internal.TwoPhaseLoad - Resolving associations for [edu.ncsu.csc.itrust2.models.persistent.User#api_test_patient]
02:05:44.844 [main] DEBUG o.h.engine.internal.TwoPhaseLoad - Done materializing entity [edu.ncsu.csc.itrust2.models.persistent.User#api_test_patient]
02:05:44.844 [main] DEBUG o.h.engine.internal.TwoPhaseLoad - Resolving associations for [edu.ncsu.csc.itrust2.models.persistent.Prescription#32]
02:05:44.844 [main] DEBUG o.h.engine.internal.TwoPhaseLoad - Done materializing entity [edu.ncsu.csc.itrust2.models.persistent.Prescription#32]
02:05:44.844 [main] DEBUG o.h.e.t.internal.TransactionImpl - committing
02:05:44.844 [main] DEBUG o.h.e.i.AbstractFlushingEventListener - Processing flush-time cascades
02:05:44.845 [main] DEBUG o.h.e.i.AbstractFlushingEventListener - Dirty checking collections
02:05:44.845 [main] DEBUG o.h.e.i.AbstractFlushingEventListener - Flushed: 0 insertions, 0 updates, 0 deletions to 3 objects
02:05:44.845 [main] DEBUG o.h.e.i.AbstractFlushingEventListener - Flushed: 0 (re)creations, 0 updates, 0 removals to 0 collections
02:05:44.845 [main] DEBUG o.h.internal.util.EntityPrinter - Listing entities:
02:05:44.845 [main] DEBUG o.h.internal.util.EntityPrinter - edu.ncsu.csc.itrust2.models.persistent.Drug{code=0000-0000-20, name=TEST, description=DESC, id=30}
02:05:44.845 [main] DEBUG o.h.internal.util.EntityPrinter - edu.ncsu.csc.itrust2.models.persistent.User{password=$2a$10$2jOs5Jq/EydcSc1wnB.OB.oLcMTRacAZaoROfR5rEA5bFvQEZcZhW, role=ROLE_PATIENT, enabled=1, username=api_test_patient}
02:05:44.846 [main] DEBUG o.h.internal.util.EntityPrinter - edu.ncsu.csc.itrust2.models.persistent.Prescription{dosage=500, endDate=java.util.GregorianCalendar[time=1286683200000,areFieldsSet=true,areAllFieldsSet=true,lenient=true,zone=sun.util.calendar.ZoneInfo[id="America/New_York",offset=-18000000,dstSavings=3600000,useDaylight=true,transitions=235,lastRule=java.util.SimpleTimeZone[id=America/New_York,offset=-18000000,dstSavings=3600000,useDaylight=true,startYear=0,startMode=3,startMonth=2,startDay=8,startDayOfWeek=1,startTime=7200000,startTimeMode=0,endMode=3,endMonth=10,endDay=1,endDayOfWeek=1,endTime=7200000,endTimeMode=0]],firstDayOfWeek=1,minimalDaysInFirstWeek=1,ERA=1,YEAR=2010,MONTH=9,WEEK_OF_YEAR=42,WEEK_OF_MONTH=3,DAY_OF_MONTH=10,DAY_OF_YEAR=283,DAY_OF_WEEK=1,DAY_OF_WEEK_IN_MONTH=2,AM_PM=0,HOUR=0,HOUR_OF_DAY=0,MINUTE=0,SECOND=0,MILLISECOND=0,ZONE_OFFSET=-18000000,DST_OFFSET=3600000], patient=edu.ncsu.csc.itrust2.models.persistent.User#api_test_patient, id=32, renewals=12, startDate=java.util.GregorianCalendar[time=1255147200000,areFieldsSet=true,areAllFieldsSet=true,lenient=true,zone=sun.util.calendar.ZoneInfo[id="America/New_York",offset=-18000000,dstSavings=3600000,useDaylight=true,transitions=235,lastRule=java.util.SimpleTimeZone[id=America/New_York,offset=-18000000,dstSavings=3600000,useDaylight=true,startYear=0,startMode=3,startMonth=2,startDay=8,startDayOfWeek=1,startTime=7200000,startTimeMode=0,endMode=3,endMonth=10,endDay=1,endDayOfWeek=1,endTime=7200000,endTimeMode=0]],firstDayOfWeek=1,minimalDaysInFirstWeek=1,ERA=1,YEAR=2009,MONTH=9,WEEK_OF_YEAR=41,WEEK_OF_MONTH=2,DAY_OF_MONTH=10,DAY_OF_YEAR=283,DAY_OF_WEEK=7,DAY_OF_WEEK_IN_MONTH=2,AM_PM=0,HOUR=0,HOUR_OF_DAY=0,MINUTE=0,SECOND=0,MILLISECOND=0,ZONE_OFFSET=-18000000,DST_OFFSET=3600000], drug=edu.ncsu.csc.itrust2.models.persistent.Drug#30}
02:05:44.852 [main] DEBUG o.s.w.s.m.m.a.HttpEntityMethodProcessor - Written [{"status":"failed","message":"No prescription found with id 32"}] as "text/plain" using [org.springframework.http.converter.StringHttpMessageConverter@51d25f3]
02:05:44.852 [main] DEBUG o.s.t.w.s.TestDispatcherServlet - Null ModelAndView returned to DispatcherServlet with name '': assuming HandlerAdapter completed request handling
02:05:44.853 [main] DEBUG o.s.t.w.s.TestDispatcherServlet - Successfully completed request
02:05:44.854 [main] DEBUG o.s.t.c.s.AbstractDirtiesContextTestExecutionListener - After test method: context [DefaultTestContext@3f501b2a testClass = APIPrescriptionTest, testInstance = edu.ncsu.csc.itrust2.apitest.APIPrescriptionTest@4e6b5ed4, testMethod = testPrescriptionAPI@APIPrescriptionTest, testException = java.lang.AssertionError: Status expected:<200> but was:<404>, mergedContextConfiguration = [WebMergedContextConfiguration@50d3484d testClass = APIPrescriptionTest, locations = '{}', classes = '{class edu.ncsu.csc.itrust2.config.RootConfiguration, class edu.ncsu.csc.itrust2.mvc.config.WebMvcConfiguration}', contextInitializerClasses = '[]', activeProfiles = '{}', propertySourceLocations = '{}', propertySourceProperties = '{}', contextCustomizers = set[[empty]], resourceBasePath = 'src/main/webapp', contextLoader = 'org.springframework.test.context.web.WebDelegatingSmartContextLoader', parent = [null]]], class annotated with @DirtiesContext [false] with mode [null], method annotated with @DirtiesContext [false] with mode [null].
02:05:44.854 [main] DEBUG o.s.t.c.w.ServletTestExecutionListener - Resetting RequestContextHolder for test context [DefaultTestContext@3f501b2a testClass = APIPrescriptionTest, testInstance = edu.ncsu.csc.itrust2.apitest.APIPrescriptionTest@4e6b5ed4, testMethod = testPrescriptionAPI@APIPrescriptionTest, testException = java.lang.AssertionError: Status expected:<200> but was:<404>, mergedContextConfiguration = [WebMergedContextConfiguration@50d3484d testClass = APIPrescriptionTest, locations = '{}', classes = '{class edu.ncsu.csc.itrust2.config.RootConfiguration, class edu.ncsu.csc.itrust2.mvc.config.WebMvcConfiguration}', contextInitializerClasses = '[]', activeProfiles = '{}', propertySourceLocations = '{}', propertySourceProperties = '{}', contextCustomizers = set[[empty]], resourceBasePath = 'src/main/webapp', contextLoader = 'org.springframework.test.context.web.WebDelegatingSmartContextLoader', parent = [null]]].
]]></system-out>
  </testcase>
</testsuite>