<?xml version="1.0" encoding="UTF-8"?>
<testsuite xmlns:xsi="http://www.w3.org/2001/XMLSchema-instance" xsi:noNamespaceSchemaLocation="https://maven.apache.org/surefire/maven-surefire-plugin/xsd/surefire-test-report.xsd" name="edu.ncsu.csc.itrust2.apitest.APIHospitalTest" time="16.117" tests="2" errors="0" skipped="0" failures="2">
  <properties>
    <property name="java.runtime.name" value="Java(TM) SE Runtime Environment"/>
    <property name="sun.boot.library.path" value="/usr/lib/jvm/java-8-oracle/jre/lib/amd64"/>
    <property name="java.vm.version" value="25.161-b12"/>
    <property name="java.vm.vendor" value="Oracle Corporation"/>
    <property name="java.vendor.url" value="http://java.oracle.com/"/>
    <property name="path.separator" value=":"/>
    <property name="guice.disable.misplaced.annotation.check" value="true"/>
    <property name="java.vm.name" value="Java HotSpot(TM) 64-Bit Server VM"/>
    <property name="file.encoding.pkg" value="sun.io"/>
    <property name="user.country" value="US"/>
    <property name="sun.java.launcher" value="SUN_STANDARD"/>
    <property name="sun.os.patch.level" value="unknown"/>
    <property name="java.vm.specification.name" value="Java Virtual Machine Specification"/>
    <property name="user.dir" value="/var/lib/jenkins/workspace/iTrustBuildJob/iTrust2"/>
    <property name="java.runtime.version" value="1.8.0_161-b12"/>
    <property name="java.awt.graphicsenv" value="sun.awt.X11GraphicsEnvironment"/>
    <property name="java.endorsed.dirs" value="/usr/lib/jvm/java-8-oracle/jre/lib/endorsed"/>
    <property name="os.arch" value="amd64"/>
    <property name="java.io.tmpdir" value="/tmp"/>
    <property name="line.separator" value="&#10;"/>
    <property name="java.vm.specification.vendor" value="Oracle Corporation"/>
    <property name="os.name" value="Linux"/>
    <property name="classworlds.conf" value="/usr/share/maven/bin/m2.conf"/>
    <property name="sun.jnu.encoding" value="UTF-8"/>
    <property name="java.library.path" value="/usr/java/packages/lib/amd64:/usr/lib64:/lib64:/lib:/usr/lib"/>
    <property name="java.specification.name" value="Java Platform API Specification"/>
    <property name="java.class.version" value="52.0"/>
    <property name="sun.management.compiler" value="HotSpot 64-Bit Tiered Compilers"/>
    <property name="os.version" value="3.13.0-139-generic"/>
    <property name="user.home" value="/root"/>
    <property name="user.timezone" value="America/New_York"/>
    <property name="java.awt.printerjob" value="sun.print.PSPrinterJob"/>
    <property name="file.encoding" value="UTF-8"/>
    <property name="java.specification.version" value="1.8"/>
    <property name="user.name" value="root"/>
    <property name="java.class.path" value="/usr/share/maven/boot/plexus-classworlds-2.x.jar"/>
    <property name="java.vm.specification.version" value="1.8"/>
    <property name="sun.arch.data.model" value="64"/>
    <property name="java.home" value="/usr/lib/jvm/java-8-oracle/jre"/>
    <property name="sun.java.command" value="org.codehaus.plexus.classworlds.launcher.Launcher clean test verify checkstyle:checkstyle"/>
    <property name="java.specification.vendor" value="Oracle Corporation"/>
    <property name="user.language" value="en"/>
    <property name="awt.toolkit" value="sun.awt.X11.XToolkit"/>
    <property name="java.vm.info" value="mixed mode"/>
    <property name="java.version" value="1.8.0_161"/>
    <property name="java.ext.dirs" value="/usr/lib/jvm/java-8-oracle/jre/lib/ext:/usr/java/packages/lib/ext"/>
    <property name="securerandom.source" value="file:/dev/./urandom"/>
    <property name="sun.boot.class.path" value="/usr/lib/jvm/java-8-oracle/jre/lib/resources.jar:/usr/lib/jvm/java-8-oracle/jre/lib/rt.jar:/usr/lib/jvm/java-8-oracle/jre/lib/sunrsasign.jar:/usr/lib/jvm/java-8-oracle/jre/lib/jsse.jar:/usr/lib/jvm/java-8-oracle/jre/lib/jce.jar:/usr/lib/jvm/java-8-oracle/jre/lib/charsets.jar:/usr/lib/jvm/java-8-oracle/jre/lib/jfr.jar:/usr/lib/jvm/java-8-oracle/jre/classes"/>
    <property name="java.vendor" value="Oracle Corporation"/>
    <property name="maven.home" value="/usr/share/maven"/>
    <property name="file.separator" value="/"/>
    <property name="java.vendor.url.bug" value="http://bugreport.sun.com/bugreport/"/>
    <property name="sun.cpu.endian" value="little"/>
    <property name="sun.io.unicode.encoding" value="UnicodeLittle"/>
    <property name="sun.cpu.isalist" value=""/>
  </properties>
  <testcase name="testGetNonExistentHospital" classname="edu.ncsu.csc.itrust2.apitest.APIHospitalTest" time="5.275">
    <failure message="Status expected:&lt;404&gt; but was:&lt;200&gt;" type="java.lang.AssertionError"><![CDATA[java.lang.AssertionError: Status expected:<404> but was:<200>
	at edu.ncsu.csc.itrust2.apitest.APIHospitalTest.testGetNonExistentHospital(APIHospitalTest.java:58)
]]></failure>
    <system-out><![CDATA[00:31:11.216 [main] DEBUG o.s.t.c.j.SpringJUnit4ClassRunner - SpringJUnit4ClassRunner constructor called with [class edu.ncsu.csc.itrust2.apitest.APIHospitalTest]
00:31:11.242 [main] DEBUG o.s.test.context.BootstrapUtils - Instantiating CacheAwareContextLoaderDelegate from class [org.springframework.test.context.cache.DefaultCacheAwareContextLoaderDelegate]
00:31:11.294 [main] DEBUG o.s.test.context.BootstrapUtils - Instantiating BootstrapContext using constructor [public org.springframework.test.context.support.DefaultBootstrapContext(java.lang.Class,org.springframework.test.context.CacheAwareContextLoaderDelegate)]
00:31:11.362 [main] DEBUG o.s.test.context.BootstrapUtils - Instantiating TestContextBootstrapper for test class [edu.ncsu.csc.itrust2.apitest.APIHospitalTest] from class [org.springframework.test.context.web.WebTestContextBootstrapper]
00:31:11.467 [main] DEBUG o.s.t.c.s.AbstractDelegatingSmartContextLoader - Delegating to AnnotationConfigWebContextLoader to process context configuration [ContextConfigurationAttributes@32f0c7f8 declaringClass = 'edu.ncsu.csc.itrust2.apitest.APIHospitalTest', classes = '{class edu.ncsu.csc.itrust2.config.RootConfiguration, class edu.ncsu.csc.itrust2.mvc.config.WebMvcConfiguration}', locations = '{}', inheritLocations = true, initializers = '{}', inheritInitializers = true, name = [null], contextLoaderClass = 'org.springframework.test.context.ContextLoader'].
00:31:11.534 [main] DEBUG o.s.t.c.support.ActiveProfilesUtils - Could not find an 'annotation declaring class' for annotation type [org.springframework.test.context.ActiveProfiles] and class [edu.ncsu.csc.itrust2.apitest.APIHospitalTest]
00:31:11.537 [main] DEBUG o.s.t.c.w.WebTestContextBootstrapper - @TestExecutionListeners is not present for class [edu.ncsu.csc.itrust2.apitest.APIHospitalTest]: using defaults.
00:31:11.548 [main] INFO  o.s.t.c.w.WebTestContextBootstrapper - Loaded default TestExecutionListener class names from location [META-INF/spring.factories]: [org.springframework.security.test.context.support.WithSecurityContextTestExecutionListener, org.springframework.test.context.web.ServletTestExecutionListener, org.springframework.test.context.support.DirtiesContextBeforeModesTestExecutionListener, org.springframework.test.context.support.DependencyInjectionTestExecutionListener, org.springframework.test.context.support.DirtiesContextTestExecutionListener, org.springframework.test.context.transaction.TransactionalTestExecutionListener, org.springframework.test.context.jdbc.SqlScriptsTestExecutionListener]
00:31:11.606 [main] INFO  o.s.t.c.w.WebTestContextBootstrapper - Using TestExecutionListeners: [org.springframework.test.context.web.ServletTestExecutionListener@51841ac6, org.springframework.test.context.support.DirtiesContextBeforeModesTestExecutionListener@5ba26eb0, org.springframework.test.context.support.DependencyInjectionTestExecutionListener@435e60ff, org.springframework.test.context.support.DirtiesContextTestExecutionListener@17d32e9b, org.springframework.test.context.transaction.TransactionalTestExecutionListener@66f0548d, org.springframework.test.context.jdbc.SqlScriptsTestExecutionListener@2e6f610d, org.springframework.security.test.context.support.WithSecurityContextTestExecutionListener@1e86a5a7]
00:31:11.615 [main] DEBUG o.s.t.annotation.ProfileValueUtils - Retrieved @ProfileValueSourceConfiguration [null] for test class [edu.ncsu.csc.itrust2.apitest.APIHospitalTest]
00:31:11.616 [main] DEBUG o.s.t.annotation.ProfileValueUtils - Retrieved ProfileValueSource type [class org.springframework.test.annotation.SystemProfileValueSource] for class [edu.ncsu.csc.itrust2.apitest.APIHospitalTest]
00:31:11.617 [main] DEBUG o.s.t.annotation.ProfileValueUtils - Retrieved @ProfileValueSourceConfiguration [null] for test class [edu.ncsu.csc.itrust2.apitest.APIHospitalTest]
00:31:11.619 [main] DEBUG o.s.t.annotation.ProfileValueUtils - Retrieved ProfileValueSource type [class org.springframework.test.annotation.SystemProfileValueSource] for class [edu.ncsu.csc.itrust2.apitest.APIHospitalTest]
00:31:11.622 [main] DEBUG o.s.t.annotation.ProfileValueUtils - Retrieved @ProfileValueSourceConfiguration [null] for test class [edu.ncsu.csc.itrust2.apitest.APIHospitalTest]
00:31:11.626 [main] DEBUG o.s.t.annotation.ProfileValueUtils - Retrieved ProfileValueSource type [class org.springframework.test.annotation.SystemProfileValueSource] for class [edu.ncsu.csc.itrust2.apitest.APIHospitalTest]
00:31:11.629 [main] DEBUG o.s.t.c.s.AbstractDirtiesContextTestExecutionListener - Before test class: context [DefaultTestContext@70c53dbe testClass = APIHospitalTest, testInstance = [null], testMethod = [null], testException = [null], mergedContextConfiguration = [WebMergedContextConfiguration@1894e40d testClass = APIHospitalTest, locations = '{}', classes = '{class edu.ncsu.csc.itrust2.config.RootConfiguration, class edu.ncsu.csc.itrust2.mvc.config.WebMvcConfiguration}', contextInitializerClasses = '[]', activeProfiles = '{}', propertySourceLocations = '{}', propertySourceProperties = '{}', contextCustomizers = set[[empty]], resourceBasePath = 'src/main/webapp', contextLoader = 'org.springframework.test.context.web.WebDelegatingSmartContextLoader', parent = [null]]], class annotated with @DirtiesContext [false] with mode [null].
00:31:11.639 [main] DEBUG o.s.t.annotation.ProfileValueUtils - Retrieved @ProfileValueSourceConfiguration [null] for test class [edu.ncsu.csc.itrust2.apitest.APIHospitalTest]
00:31:11.639 [main] DEBUG o.s.t.annotation.ProfileValueUtils - Retrieved ProfileValueSource type [class org.springframework.test.annotation.SystemProfileValueSource] for class [edu.ncsu.csc.itrust2.apitest.APIHospitalTest]
00:31:11.644 [main] DEBUG o.s.t.c.s.AbstractDelegatingSmartContextLoader - Delegating to AnnotationConfigWebContextLoader to load context from [WebMergedContextConfiguration@1894e40d testClass = APIHospitalTest, locations = '{}', classes = '{class edu.ncsu.csc.itrust2.config.RootConfiguration, class edu.ncsu.csc.itrust2.mvc.config.WebMvcConfiguration}', contextInitializerClasses = '[]', activeProfiles = '{}', propertySourceLocations = '{}', propertySourceProperties = '{}', contextCustomizers = set[[empty]], resourceBasePath = 'src/main/webapp', contextLoader = 'org.springframework.test.context.web.WebDelegatingSmartContextLoader', parent = [null]].
00:31:11.645 [main] DEBUG o.s.t.c.w.AbstractGenericWebContextLoader - Loading WebApplicationContext for merged context configuration [WebMergedContextConfiguration@1894e40d testClass = APIHospitalTest, locations = '{}', classes = '{class edu.ncsu.csc.itrust2.config.RootConfiguration, class edu.ncsu.csc.itrust2.mvc.config.WebMvcConfiguration}', contextInitializerClasses = '[]', activeProfiles = '{}', propertySourceLocations = '{}', propertySourceProperties = '{}', contextCustomizers = set[[empty]], resourceBasePath = 'src/main/webapp', contextLoader = 'org.springframework.test.context.web.WebDelegatingSmartContextLoader', parent = [null]].
00:31:11.912 [main] DEBUG o.s.w.c.s.StandardServletEnvironment - Adding [servletConfigInitParams] PropertySource with lowest search precedence
00:31:11.918 [main] DEBUG o.s.w.c.s.StandardServletEnvironment - Adding [servletContextInitParams] PropertySource with lowest search precedence
00:31:11.928 [main] DEBUG o.s.w.c.s.StandardServletEnvironment - Adding [systemProperties] PropertySource with lowest search precedence
00:31:11.932 [main] DEBUG o.s.w.c.s.StandardServletEnvironment - Adding [systemEnvironment] PropertySource with lowest search precedence
00:31:11.936 [main] DEBUG o.s.w.c.s.StandardServletEnvironment - Initialized StandardServletEnvironment with PropertySources [servletConfigInitParams,servletContextInitParams,systemProperties,systemEnvironment]
00:31:11.937 [main] DEBUG o.s.t.c.w.AnnotationConfigWebContextLoader - Registering annotated classes: {class edu.ncsu.csc.itrust2.config.RootConfiguration, class edu.ncsu.csc.itrust2.mvc.config.WebMvcConfiguration}
00:31:12.143 [main] INFO  o.s.w.c.s.GenericWebApplicationContext - Refreshing org.springframework.web.context.support.GenericWebApplicationContext@a098d76: startup date [Thu Mar 22 00:31:12 EDT 2018]; root of context hierarchy
00:31:12.153 [main] DEBUG o.s.w.c.s.StandardServletEnvironment - Replacing [servletContextInitParams] PropertySource with [servletContextInitParams]
00:31:12.155 [main] DEBUG o.s.w.c.s.GenericWebApplicationContext - Bean factory for org.springframework.web.context.support.GenericWebApplicationContext@a098d76: org.springframework.beans.factory.support.DefaultListableBeanFactory@14b528b6: defining beans [org.springframework.context.annotation.internalConfigurationAnnotationProcessor,org.springframework.context.annotation.internalAutowiredAnnotationProcessor,org.springframework.context.annotation.internalRequiredAnnotationProcessor,org.springframework.context.annotation.internalCommonAnnotationProcessor,org.springframework.context.annotation.internalPersistenceAnnotationProcessor,org.springframework.context.event.internalEventListenerProcessor,org.springframework.context.event.internalEventListenerFactory,rootConfiguration,webMvcConfiguration]; root of factory hierarchy
00:31:12.203 [main] DEBUG o.s.b.f.s.DefaultListableBeanFactory - Registering scope 'request' with implementation [org.springframework.web.context.request.RequestScope@1cd2143b]
00:31:12.204 [main] DEBUG o.s.b.f.s.DefaultListableBeanFactory - Registering scope 'session' with implementation [org.springframework.web.context.request.SessionScope@57186526]
00:31:12.205 [main] DEBUG o.s.b.f.s.DefaultListableBeanFactory - Registering scope 'globalSession' with implementation [org.springframework.web.context.request.SessionScope@391d1e33]
00:31:12.206 [main] DEBUG o.s.b.f.s.DefaultListableBeanFactory - Registering scope 'application' with implementation [org.springframework.web.context.support.ServletContextScope@615efd1c]
00:31:12.240 [main] DEBUG o.s.b.f.s.DefaultListableBeanFactory - Creating shared instance of singleton bean 'org.springframework.context.annotation.internalConfigurationAnnotationProcessor'
00:31:12.242 [main] DEBUG o.s.b.f.s.DefaultListableBeanFactory - Creating instance of bean 'org.springframework.context.annotation.internalConfigurationAnnotationProcessor'
00:31:12.341 [main] DEBUG o.s.b.f.s.DefaultListableBeanFactory - Eagerly caching bean 'org.springframework.context.annotation.internalConfigurationAnnotationProcessor' to allow for resolving potential circular references
00:31:12.349 [main] DEBUG o.s.b.f.s.DefaultListableBeanFactory - Finished creating instance of bean 'org.springframework.context.annotation.internalConfigurationAnnotationProcessor'
00:31:12.431 [main] DEBUG o.s.core.env.StandardEnvironment - Adding [systemProperties] PropertySource with lowest search precedence
00:31:12.434 [main] DEBUG o.s.core.env.StandardEnvironment - Adding [systemEnvironment] PropertySource with lowest search precedence
00:31:12.435 [main] DEBUG o.s.core.env.StandardEnvironment - Initialized StandardEnvironment with PropertySources [systemProperties,systemEnvironment]
00:31:12.451 [main] DEBUG o.s.c.i.s.PathMatchingResourcePatternResolver - Resolved classpath location [edu/ncsu/csc/itrust2/config/] to resources [URL [file:/var/lib/jenkins/workspace/iTrustBuildJob/iTrust2/target/classes/edu/ncsu/csc/itrust2/config/]]
00:31:12.457 [main] DEBUG o.s.c.i.s.PathMatchingResourcePatternResolver - Looking for matching resources in directory tree [/var/lib/jenkins/workspace/iTrustBuildJob/iTrust2/target/classes/edu/ncsu/csc/itrust2/config]
00:31:12.457 [main] DEBUG o.s.c.i.s.PathMatchingResourcePatternResolver - Searching directory [/var/lib/jenkins/workspace/iTrustBuildJob/iTrust2/target/classes/edu/ncsu/csc/itrust2/config] for files matching pattern [/var/lib/jenkins/workspace/iTrustBuildJob/iTrust2/target/classes/edu/ncsu/csc/itrust2/config/**/*.class]
00:31:12.471 [main] DEBUG o.s.c.i.s.PathMatchingResourcePatternResolver - Resolved location pattern [classpath*:edu/ncsu/csc/itrust2/config/**/*.class] to resources [file [/var/lib/jenkins/workspace/iTrustBuildJob/iTrust2/target/classes/edu/ncsu/csc/itrust2/config/ContextListener.class], file [/var/lib/jenkins/workspace/iTrustBuildJob/iTrust2/target/classes/edu/ncsu/csc/itrust2/config/DataConfiguration.class], file [/var/lib/jenkins/workspace/iTrustBuildJob/iTrust2/target/classes/edu/ncsu/csc/itrust2/config/FailureHandler.class], file [/var/lib/jenkins/workspace/iTrustBuildJob/iTrust2/target/classes/edu/ncsu/csc/itrust2/config/IPFilter.class], file [/var/lib/jenkins/workspace/iTrustBuildJob/iTrust2/target/classes/edu/ncsu/csc/itrust2/config/ITrust2ApplicationInitializer.class], file [/var/lib/jenkins/workspace/iTrustBuildJob/iTrust2/target/classes/edu/ncsu/csc/itrust2/config/ITrust2WebApplicationInitializer.class], file [/var/lib/jenkins/workspace/iTrustBuildJob/iTrust2/target/classes/edu/ncsu/csc/itrust2/config/LoginAuditingListener.class], file [/var/lib/jenkins/workspace/iTrustBuildJob/iTrust2/target/classes/edu/ncsu/csc/itrust2/config/RootConfiguration.class], file [/var/lib/jenkins/workspace/iTrustBuildJob/iTrust2/target/classes/edu/ncsu/csc/itrust2/config/SecurityConfig.class]]
00:31:12.590 [main] DEBUG o.s.c.a.ClassPathBeanDefinitionScanner - Identified candidate component class: file [/var/lib/jenkins/workspace/iTrustBuildJob/iTrust2/target/classes/edu/ncsu/csc/itrust2/config/DataConfiguration.class]
00:31:12.601 [main] DEBUG o.s.c.a.ClassPathBeanDefinitionScanner - Identified candidate component class: file [/var/lib/jenkins/workspace/iTrustBuildJob/iTrust2/target/classes/edu/ncsu/csc/itrust2/config/LoginAuditingListener.class]
00:31:12.616 [main] DEBUG o.s.c.a.ClassPathBeanDefinitionScanner - Identified candidate component class: file [/var/lib/jenkins/workspace/iTrustBuildJob/iTrust2/target/classes/edu/ncsu/csc/itrust2/config/SecurityConfig.class]
00:31:12.778 [main] DEBUG o.s.core.env.StandardEnvironment - Adding [systemProperties] PropertySource with lowest search precedence
00:31:12.778 [main] DEBUG o.s.core.env.StandardEnvironment - Adding [systemEnvironment] PropertySource with lowest search precedence
00:31:12.779 [main] DEBUG o.s.core.env.StandardEnvironment - Initialized StandardEnvironment with PropertySources [systemProperties,systemEnvironment]
00:31:12.787 [main] DEBUG o.s.c.i.s.PathMatchingResourcePatternResolver - Resolved classpath location [edu/ncsu/csc/itrust2/controllers/] to resources [URL [file:/var/lib/jenkins/workspace/iTrustBuildJob/iTrust2/target/classes/edu/ncsu/csc/itrust2/controllers/]]
00:31:12.794 [main] DEBUG o.s.c.i.s.PathMatchingResourcePatternResolver - Looking for matching resources in directory tree [/var/lib/jenkins/workspace/iTrustBuildJob/iTrust2/target/classes/edu/ncsu/csc/itrust2/controllers]
00:31:12.794 [main] DEBUG o.s.c.i.s.PathMatchingResourcePatternResolver - Searching directory [/var/lib/jenkins/workspace/iTrustBuildJob/iTrust2/target/classes/edu/ncsu/csc/itrust2/controllers] for files matching pattern [/var/lib/jenkins/workspace/iTrustBuildJob/iTrust2/target/classes/edu/ncsu/csc/itrust2/controllers/**/*.class]
00:31:12.795 [main] DEBUG o.s.c.i.s.PathMatchingResourcePatternResolver - Searching directory [/var/lib/jenkins/workspace/iTrustBuildJob/iTrust2/target/classes/edu/ncsu/csc/itrust2/controllers/admin] for files matching pattern [/var/lib/jenkins/workspace/iTrustBuildJob/iTrust2/target/classes/edu/ncsu/csc/itrust2/controllers/**/*.class]
00:31:12.797 [main] DEBUG o.s.c.i.s.PathMatchingResourcePatternResolver - Searching directory [/var/lib/jenkins/workspace/iTrustBuildJob/iTrust2/target/classes/edu/ncsu/csc/itrust2/controllers/api] for files matching pattern [/var/lib/jenkins/workspace/iTrustBuildJob/iTrust2/target/classes/edu/ncsu/csc/itrust2/controllers/**/*.class]
00:31:12.799 [main] DEBUG o.s.c.i.s.PathMatchingResourcePatternResolver - Searching directory [/var/lib/jenkins/workspace/iTrustBuildJob/iTrust2/target/classes/edu/ncsu/csc/itrust2/controllers/api/comm] for files matching pattern [/var/lib/jenkins/workspace/iTrustBuildJob/iTrust2/target/classes/edu/ncsu/csc/itrust2/controllers/**/*.class]
00:31:12.800 [main] DEBUG o.s.c.i.s.PathMatchingResourcePatternResolver - Searching directory [/var/lib/jenkins/workspace/iTrustBuildJob/iTrust2/target/classes/edu/ncsu/csc/itrust2/controllers/hcp] for files matching pattern [/var/lib/jenkins/workspace/iTrustBuildJob/iTrust2/target/classes/edu/ncsu/csc/itrust2/controllers/**/*.class]
00:31:12.801 [main] DEBUG o.s.c.i.s.PathMatchingResourcePatternResolver - Searching directory [/var/lib/jenkins/workspace/iTrustBuildJob/iTrust2/target/classes/edu/ncsu/csc/itrust2/controllers/patient] for files matching pattern [/var/lib/jenkins/workspace/iTrustBuildJob/iTrust2/target/classes/edu/ncsu/csc/itrust2/controllers/**/*.class]
00:31:12.809 [main] DEBUG o.s.c.i.s.PathMatchingResourcePatternResolver - Searching directory [/var/lib/jenkins/workspace/iTrustBuildJob/iTrust2/target/classes/edu/ncsu/csc/itrust2/controllers/personnel] for files matching pattern [/var/lib/jenkins/workspace/iTrustBuildJob/iTrust2/target/classes/edu/ncsu/csc/itrust2/controllers/**/*.class]
00:31:12.811 [main] DEBUG o.s.c.i.s.PathMatchingResourcePatternResolver - Resolved location pattern [classpath*:edu/ncsu/csc/itrust2/controllers/**/*.class] to resources [file [/var/lib/jenkins/workspace/iTrustBuildJob/iTrust2/target/classes/edu/ncsu/csc/itrust2/controllers/DefaultController.class], file [/var/lib/jenkins/workspace/iTrustBuildJob/iTrust2/target/classes/edu/ncsu/csc/itrust2/controllers/admin/AdminController.class], file [/var/lib/jenkins/workspace/iTrustBuildJob/iTrust2/target/classes/edu/ncsu/csc/itrust2/controllers/admin/AdminUserController$1.class], file [/var/lib/jenkins/workspace/iTrustBuildJob/iTrust2/target/classes/edu/ncsu/csc/itrust2/controllers/admin/AdminUserController.class], file [/var/lib/jenkins/workspace/iTrustBuildJob/iTrust2/target/classes/edu/ncsu/csc/itrust2/controllers/admin/HospitalController.class], file [/var/lib/jenkins/workspace/iTrustBuildJob/iTrust2/target/classes/edu/ncsu/csc/itrust2/controllers/admin/ICDCodesController.class], file [/var/lib/jenkins/workspace/iTrustBuildJob/iTrust2/target/classes/edu/ncsu/csc/itrust2/controllers/api/APIAppointmentRequestController.class], file [/var/lib/jenkins/workspace/iTrustBuildJob/iTrust2/target/classes/edu/ncsu/csc/itrust2/controllers/api/APIController$JSONResponse.class], file [/var/lib/jenkins/workspace/iTrustBuildJob/iTrust2/target/classes/edu/ncsu/csc/itrust2/controllers/api/APIController.class], file [/var/lib/jenkins/workspace/iTrustBuildJob/iTrust2/target/classes/edu/ncsu/csc/itrust2/controllers/api/APIDiagnosisController.class], file [/var/lib/jenkins/workspace/iTrustBuildJob/iTrust2/target/classes/edu/ncsu/csc/itrust2/controllers/api/APIDrugController.class], file [/var/lib/jenkins/workspace/iTrustBuildJob/iTrust2/target/classes/edu/ncsu/csc/itrust2/controllers/api/APIEnumController.class], file [/var/lib/jenkins/workspace/iTrustBuildJob/iTrust2/target/classes/edu/ncsu/csc/itrust2/controllers/api/APIHospitalController.class], file [/var/lib/jenkins/workspace/iTrustBuildJob/iTrust2/target/classes/edu/ncsu/csc/itrust2/controllers/api/APIICDCodeController.class], file [/var/lib/jenkins/workspace/iTrustBuildJob/iTrust2/target/classes/edu/ncsu/csc/itrust2/controllers/api/APILogEntryController.class], file [/var/lib/jenkins/workspace/iTrustBuildJob/iTrust2/target/classes/edu/ncsu/csc/itrust2/controllers/api/APIOfficeVisitController.class], file [/var/lib/jenkins/workspace/iTrustBuildJob/iTrust2/target/classes/edu/ncsu/csc/itrust2/controllers/api/APIPasswordController.class], file [/var/lib/jenkins/workspace/iTrustBuildJob/iTrust2/target/classes/edu/ncsu/csc/itrust2/controllers/api/APIPatientController.class], file [/var/lib/jenkins/workspace/iTrustBuildJob/iTrust2/target/classes/edu/ncsu/csc/itrust2/controllers/api/APIPersonnelController.class], file [/var/lib/jenkins/workspace/iTrustBuildJob/iTrust2/target/classes/edu/ncsu/csc/itrust2/controllers/api/APIPrescriptionController.class], file [/var/lib/jenkins/workspace/iTrustBuildJob/iTrust2/target/classes/edu/ncsu/csc/itrust2/controllers/api/APIUserController.class], file [/var/lib/jenkins/workspace/iTrustBuildJob/iTrust2/target/classes/edu/ncsu/csc/itrust2/controllers/api/comm/LogEntryRequestBody.class], file [/var/lib/jenkins/workspace/iTrustBuildJob/iTrust2/target/classes/edu/ncsu/csc/itrust2/controllers/api/comm/LogEntryTableRow.class], file [/var/lib/jenkins/workspace/iTrustBuildJob/iTrust2/target/classes/edu/ncsu/csc/itrust2/controllers/hcp/AppointmentControllerHCP.class], file [/var/lib/jenkins/workspace/iTrustBuildJob/iTrust2/target/classes/edu/ncsu/csc/itrust2/controllers/hcp/HCPController.class], file [/var/lib/jenkins/workspace/iTrustBuildJob/iTrust2/target/classes/edu/ncsu/csc/itrust2/controllers/hcp/OfficeVisitController.class], file [/var/lib/jenkins/workspace/iTrustBuildJob/iTrust2/target/classes/edu/ncsu/csc/itrust2/controllers/patient/AppointmentController.class], file [/var/lib/jenkins/workspace/iTrustBuildJob/iTrust2/target/classes/edu/ncsu/csc/itrust2/controllers/patient/DiagnosesController.class], file [/var/lib/jenkins/workspace/iTrustBuildJob/iTrust2/target/classes/edu/ncsu/csc/itrust2/controllers/patient/PatientController.class], file [/var/lib/jenkins/workspace/iTrustBuildJob/iTrust2/target/classes/edu/ncsu/csc/itrust2/controllers/personnel/PasswordController.class], file [/var/lib/jenkins/workspace/iTrustBuildJob/iTrust2/target/classes/edu/ncsu/csc/itrust2/controllers/personnel/UserController.class]]
00:31:12.823 [main] DEBUG o.s.c.a.ClassPathBeanDefinitionScanner - Identified candidate component class: file [/var/lib/jenkins/workspace/iTrustBuildJob/iTrust2/target/classes/edu/ncsu/csc/itrust2/controllers/DefaultController.class]
00:31:12.827 [main] DEBUG o.s.c.a.ClassPathBeanDefinitionScanner - Identified candidate component class: file [/var/lib/jenkins/workspace/iTrustBuildJob/iTrust2/target/classes/edu/ncsu/csc/itrust2/controllers/admin/AdminController.class]
00:31:12.848 [main] DEBUG o.s.c.a.ClassPathBeanDefinitionScanner - Identified candidate component class: file [/var/lib/jenkins/workspace/iTrustBuildJob/iTrust2/target/classes/edu/ncsu/csc/itrust2/controllers/admin/AdminUserController.class]
00:31:12.859 [main] DEBUG o.s.c.a.ClassPathBeanDefinitionScanner - Identified candidate component class: file [/var/lib/jenkins/workspace/iTrustBuildJob/iTrust2/target/classes/edu/ncsu/csc/itrust2/controllers/admin/HospitalController.class]
00:31:12.861 [main] DEBUG o.s.c.a.ClassPathBeanDefinitionScanner - Identified candidate component class: file [/var/lib/jenkins/workspace/iTrustBuildJob/iTrust2/target/classes/edu/ncsu/csc/itrust2/controllers/admin/ICDCodesController.class]
00:31:12.895 [main] DEBUG o.s.c.a.ClassPathBeanDefinitionScanner - Identified candidate component class: file [/var/lib/jenkins/workspace/iTrustBuildJob/iTrust2/target/classes/edu/ncsu/csc/itrust2/controllers/api/APIAppointmentRequestController.class]
00:31:12.899 [main] DEBUG o.s.c.a.ClassPathBeanDefinitionScanner - Identified candidate component class: file [/var/lib/jenkins/workspace/iTrustBuildJob/iTrust2/target/classes/edu/ncsu/csc/itrust2/controllers/api/APIDiagnosisController.class]
00:31:12.917 [main] DEBUG o.s.c.a.ClassPathBeanDefinitionScanner - Identified candidate component class: file [/var/lib/jenkins/workspace/iTrustBuildJob/iTrust2/target/classes/edu/ncsu/csc/itrust2/controllers/api/APIDrugController.class]
00:31:12.930 [main] DEBUG o.s.c.a.ClassPathBeanDefinitionScanner - Identified candidate component class: file [/var/lib/jenkins/workspace/iTrustBuildJob/iTrust2/target/classes/edu/ncsu/csc/itrust2/controllers/api/APIEnumController.class]
00:31:12.938 [main] DEBUG o.s.c.a.ClassPathBeanDefinitionScanner - Identified candidate component class: file [/var/lib/jenkins/workspace/iTrustBuildJob/iTrust2/target/classes/edu/ncsu/csc/itrust2/controllers/api/APIHospitalController.class]
00:31:12.943 [main] DEBUG o.s.c.a.ClassPathBeanDefinitionScanner - Identified candidate component class: file [/var/lib/jenkins/workspace/iTrustBuildJob/iTrust2/target/classes/edu/ncsu/csc/itrust2/controllers/api/APIICDCodeController.class]
00:31:12.947 [main] DEBUG o.s.c.a.ClassPathBeanDefinitionScanner - Identified candidate component class: file [/var/lib/jenkins/workspace/iTrustBuildJob/iTrust2/target/classes/edu/ncsu/csc/itrust2/controllers/api/APILogEntryController.class]
00:31:12.961 [main] DEBUG o.s.c.a.ClassPathBeanDefinitionScanner - Identified candidate component class: file [/var/lib/jenkins/workspace/iTrustBuildJob/iTrust2/target/classes/edu/ncsu/csc/itrust2/controllers/api/APIOfficeVisitController.class]
00:31:12.964 [main] DEBUG o.s.c.a.ClassPathBeanDefinitionScanner - Identified candidate component class: file [/var/lib/jenkins/workspace/iTrustBuildJob/iTrust2/target/classes/edu/ncsu/csc/itrust2/controllers/api/APIPasswordController.class]
00:31:12.968 [main] DEBUG o.s.c.a.ClassPathBeanDefinitionScanner - Identified candidate component class: file [/var/lib/jenkins/workspace/iTrustBuildJob/iTrust2/target/classes/edu/ncsu/csc/itrust2/controllers/api/APIPatientController.class]
00:31:12.977 [main] DEBUG o.s.c.a.ClassPathBeanDefinitionScanner - Identified candidate component class: file [/var/lib/jenkins/workspace/iTrustBuildJob/iTrust2/target/classes/edu/ncsu/csc/itrust2/controllers/api/APIPersonnelController.class]
00:31:12.985 [main] DEBUG o.s.c.a.ClassPathBeanDefinitionScanner - Identified candidate component class: file [/var/lib/jenkins/workspace/iTrustBuildJob/iTrust2/target/classes/edu/ncsu/csc/itrust2/controllers/api/APIPrescriptionController.class]
00:31:12.989 [main] DEBUG o.s.c.a.ClassPathBeanDefinitionScanner - Identified candidate component class: file [/var/lib/jenkins/workspace/iTrustBuildJob/iTrust2/target/classes/edu/ncsu/csc/itrust2/controllers/api/APIUserController.class]
00:31:13.000 [main] DEBUG o.s.c.a.ClassPathBeanDefinitionScanner - Identified candidate component class: file [/var/lib/jenkins/workspace/iTrustBuildJob/iTrust2/target/classes/edu/ncsu/csc/itrust2/controllers/hcp/AppointmentControllerHCP.class]
00:31:13.003 [main] DEBUG o.s.c.a.ClassPathBeanDefinitionScanner - Identified candidate component class: file [/var/lib/jenkins/workspace/iTrustBuildJob/iTrust2/target/classes/edu/ncsu/csc/itrust2/controllers/hcp/HCPController.class]
00:31:13.011 [main] DEBUG o.s.c.a.ClassPathBeanDefinitionScanner - Identified candidate component class: file [/var/lib/jenkins/workspace/iTrustBuildJob/iTrust2/target/classes/edu/ncsu/csc/itrust2/controllers/hcp/OfficeVisitController.class]
00:31:13.016 [main] DEBUG o.s.c.a.ClassPathBeanDefinitionScanner - Identified candidate component class: file [/var/lib/jenkins/workspace/iTrustBuildJob/iTrust2/target/classes/edu/ncsu/csc/itrust2/controllers/patient/AppointmentController.class]
00:31:13.018 [main] DEBUG o.s.c.a.ClassPathBeanDefinitionScanner - Identified candidate component class: file [/var/lib/jenkins/workspace/iTrustBuildJob/iTrust2/target/classes/edu/ncsu/csc/itrust2/controllers/patient/DiagnosesController.class]
00:31:13.027 [main] DEBUG o.s.c.a.ClassPathBeanDefinitionScanner - Identified candidate component class: file [/var/lib/jenkins/workspace/iTrustBuildJob/iTrust2/target/classes/edu/ncsu/csc/itrust2/controllers/patient/PatientController.class]
00:31:13.030 [main] DEBUG o.s.c.a.ClassPathBeanDefinitionScanner - Identified candidate component class: file [/var/lib/jenkins/workspace/iTrustBuildJob/iTrust2/target/classes/edu/ncsu/csc/itrust2/controllers/personnel/PasswordController.class]
00:31:13.031 [main] DEBUG o.s.c.a.ClassPathBeanDefinitionScanner - Identified candidate component class: file [/var/lib/jenkins/workspace/iTrustBuildJob/iTrust2/target/classes/edu/ncsu/csc/itrust2/controllers/personnel/UserController.class]
00:31:13.036 [main] DEBUG o.s.c.i.s.PathMatchingResourcePatternResolver - Resolved classpath location [edu/ncsu/csc/itrust2/config/] to resources [URL [file:/var/lib/jenkins/workspace/iTrustBuildJob/iTrust2/target/classes/edu/ncsu/csc/itrust2/config/]]
00:31:13.044 [main] DEBUG o.s.c.i.s.PathMatchingResourcePatternResolver - Looking for matching resources in directory tree [/var/lib/jenkins/workspace/iTrustBuildJob/iTrust2/target/classes/edu/ncsu/csc/itrust2/config]
00:31:13.045 [main] DEBUG o.s.c.i.s.PathMatchingResourcePatternResolver - Searching directory [/var/lib/jenkins/workspace/iTrustBuildJob/iTrust2/target/classes/edu/ncsu/csc/itrust2/config] for files matching pattern [/var/lib/jenkins/workspace/iTrustBuildJob/iTrust2/target/classes/edu/ncsu/csc/itrust2/config/**/*.class]
00:31:13.046 [main] DEBUG o.s.c.i.s.PathMatchingResourcePatternResolver - Resolved location pattern [classpath*:edu/ncsu/csc/itrust2/config/**/*.class] to resources [file [/var/lib/jenkins/workspace/iTrustBuildJob/iTrust2/target/classes/edu/ncsu/csc/itrust2/config/ContextListener.class], file [/var/lib/jenkins/workspace/iTrustBuildJob/iTrust2/target/classes/edu/ncsu/csc/itrust2/config/DataConfiguration.class], file [/var/lib/jenkins/workspace/iTrustBuildJob/iTrust2/target/classes/edu/ncsu/csc/itrust2/config/FailureHandler.class], file [/var/lib/jenkins/workspace/iTrustBuildJob/iTrust2/target/classes/edu/ncsu/csc/itrust2/config/IPFilter.class], file [/var/lib/jenkins/workspace/iTrustBuildJob/iTrust2/target/classes/edu/ncsu/csc/itrust2/config/ITrust2ApplicationInitializer.class], file [/var/lib/jenkins/workspace/iTrustBuildJob/iTrust2/target/classes/edu/ncsu/csc/itrust2/config/ITrust2WebApplicationInitializer.class], file [/var/lib/jenkins/workspace/iTrustBuildJob/iTrust2/target/classes/edu/ncsu/csc/itrust2/config/LoginAuditingListener.class], file [/var/lib/jenkins/workspace/iTrustBuildJob/iTrust2/target/classes/edu/ncsu/csc/itrust2/config/RootConfiguration.class], file [/var/lib/jenkins/workspace/iTrustBuildJob/iTrust2/target/classes/edu/ncsu/csc/itrust2/config/SecurityConfig.class]]
00:31:13.048 [main] DEBUG o.s.c.a.ClassPathBeanDefinitionScanner - Identified candidate component class: file [/var/lib/jenkins/workspace/iTrustBuildJob/iTrust2/target/classes/edu/ncsu/csc/itrust2/config/DataConfiguration.class]
00:31:13.049 [main] DEBUG o.s.c.a.ClassPathBeanDefinitionScanner - Identified candidate component class: file [/var/lib/jenkins/workspace/iTrustBuildJob/iTrust2/target/classes/edu/ncsu/csc/itrust2/config/LoginAuditingListener.class]
00:31:13.054 [main] DEBUG o.s.c.a.ClassPathBeanDefinitionScanner - Identified candidate component class: file [/var/lib/jenkins/workspace/iTrustBuildJob/iTrust2/target/classes/edu/ncsu/csc/itrust2/config/RootConfiguration.class]
00:31:13.056 [main] DEBUG o.s.c.a.ClassPathBeanDefinitionScanner - Identified candidate component class: file [/var/lib/jenkins/workspace/iTrustBuildJob/iTrust2/target/classes/edu/ncsu/csc/itrust2/config/SecurityConfig.class]
00:31:13.440 [main] DEBUG o.s.c.a.ConfigurationClassBeanDefinitionReader - Registering bean definition for @Bean method edu.ncsu.csc.itrust2.config.DataConfiguration.dataSource()
00:31:13.442 [main] DEBUG o.s.c.a.ConfigurationClassBeanDefinitionReader - Registered bean definition for imported class 'org.springframework.security.config.annotation.configuration.ObjectPostProcessorConfiguration'
00:31:13.443 [main] DEBUG o.s.c.a.ConfigurationClassBeanDefinitionReader - Registering bean definition for @Bean method org.springframework.security.config.annotation.configuration.ObjectPostProcessorConfiguration.objectPostProcessor()
00:31:13.451 [main] DEBUG o.s.c.a.ConfigurationClassBeanDefinitionReader - Registered bean definition for imported class 'org.springframework.security.config.annotation.authentication.configuration.AuthenticationConfiguration'
00:31:13.452 [main] DEBUG o.s.c.a.ConfigurationClassBeanDefinitionReader - Registering bean definition for @Bean method org.springframework.security.config.annotation.authentication.configuration.AuthenticationConfiguration.authenticationManagerBuilder()
00:31:13.452 [main] DEBUG o.s.c.a.ConfigurationClassBeanDefinitionReader - Registering bean definition for @Bean method org.springframework.security.config.annotation.authentication.configuration.AuthenticationConfiguration.enableGlobalAuthenticationAutowiredConfigurer()
00:31:13.453 [main] DEBUG o.s.c.a.ConfigurationClassBeanDefinitionReader - Registering bean definition for @Bean method org.springframework.security.config.annotation.authentication.configuration.AuthenticationConfiguration.initializeUserDetailsBeanManagerConfigurer()
00:31:13.458 [main] DEBUG o.s.c.a.ConfigurationClassBeanDefinitionReader - Registering bean definition for @Bean method org.springframework.security.config.annotation.authentication.configuration.AuthenticationConfiguration.initializeAuthenticationProviderBeanManagerConfigurer()
00:31:13.461 [main] DEBUG o.s.c.a.ConfigurationClassBeanDefinitionReader - Registered bean definition for imported class 'org.springframework.security.config.annotation.web.configuration.WebSecurityConfiguration'
00:31:13.462 [main] DEBUG o.s.c.a.ConfigurationClassBeanDefinitionReader - Registering bean definition for @Bean method org.springframework.security.config.annotation.web.configuration.WebSecurityConfiguration.delegatingApplicationListener()
00:31:13.463 [main] DEBUG o.s.c.a.ConfigurationClassBeanDefinitionReader - Registering bean definition for @Bean method org.springframework.security.config.annotation.web.configuration.WebSecurityConfiguration.webSecurityExpressionHandler()
00:31:13.470 [main] DEBUG o.s.c.a.ConfigurationClassBeanDefinitionReader - Registering bean definition for @Bean method org.springframework.security.config.annotation.web.configuration.WebSecurityConfiguration.springSecurityFilterChain()
00:31:13.471 [main] DEBUG o.s.c.a.ConfigurationClassBeanDefinitionReader - Registering bean definition for @Bean method org.springframework.security.config.annotation.web.configuration.WebSecurityConfiguration.privilegeEvaluator()
00:31:13.471 [main] DEBUG o.s.c.a.ConfigurationClassBeanDefinitionReader - Registering bean definition for @Bean method org.springframework.security.config.annotation.web.configuration.WebSecurityConfiguration.autowiredWebSecurityConfigurersIgnoreParents()
00:31:13.471 [main] DEBUG o.s.c.a.ConfigurationClassBeanDefinitionReader - Registered bean definition for imported class 'org.springframework.security.config.annotation.web.configuration.WebMvcSecurityConfiguration'
00:31:13.472 [main] DEBUG o.s.c.a.ConfigurationClassBeanDefinitionReader - Registering bean definition for @Bean method org.springframework.security.config.annotation.web.configuration.WebMvcSecurityConfiguration.requestDataValueProcessor()
00:31:13.472 [main] DEBUG o.s.c.a.ConfigurationClassBeanDefinitionReader - Registering bean definition for @Bean method edu.ncsu.csc.itrust2.config.SecurityConfig.passwordEncoder()
00:31:13.472 [main] DEBUG o.s.c.a.ConfigurationClassBeanDefinitionReader - Registering bean definition for @Bean method edu.ncsu.csc.itrust2.config.SecurityConfig.defaultAuthenticationEventPublisher()
00:31:13.473 [main] DEBUG o.s.c.a.ConfigurationClassBeanDefinitionReader - Registering bean definition for @Bean method edu.ncsu.csc.itrust2.config.SecurityConfig.failureHandler()
00:31:13.475 [main] DEBUG o.s.c.a.ConfigurationClassBeanDefinitionReader - Registering bean definition for @Bean method edu.ncsu.csc.itrust2.config.SecurityConfig.ipBlockFilter()
00:31:13.476 [main] DEBUG o.s.c.a.ConfigurationClassBeanDefinitionReader - Registered bean definition for imported class 'org.springframework.web.servlet.config.annotation.DelegatingWebMvcConfiguration'
00:31:13.477 [main] DEBUG o.s.c.a.ConfigurationClassBeanDefinitionReader - Registering bean definition for @Bean method org.springframework.web.servlet.config.annotation.DelegatingWebMvcConfiguration.mvcConversionService()
00:31:13.477 [main] DEBUG o.s.c.a.ConfigurationClassBeanDefinitionReader - Registering bean definition for @Bean method org.springframework.web.servlet.config.annotation.DelegatingWebMvcConfiguration.requestMappingHandlerMapping()
00:31:13.478 [main] DEBUG o.s.c.a.ConfigurationClassBeanDefinitionReader - Registering bean definition for @Bean method org.springframework.web.servlet.config.annotation.DelegatingWebMvcConfiguration.mvcPathMatcher()
00:31:13.479 [main] DEBUG o.s.c.a.ConfigurationClassBeanDefinitionReader - Registering bean definition for @Bean method org.springframework.web.servlet.config.annotation.DelegatingWebMvcConfiguration.mvcUrlPathHelper()
00:31:13.480 [main] DEBUG o.s.c.a.ConfigurationClassBeanDefinitionReader - Registering bean definition for @Bean method org.springframework.web.servlet.config.annotation.DelegatingWebMvcConfiguration.mvcContentNegotiationManager()
00:31:13.481 [main] DEBUG o.s.c.a.ConfigurationClassBeanDefinitionReader - Registering bean definition for @Bean method org.springframework.web.servlet.config.annotation.DelegatingWebMvcConfiguration.viewControllerHandlerMapping()
00:31:13.481 [main] DEBUG o.s.c.a.ConfigurationClassBeanDefinitionReader - Registering bean definition for @Bean method org.springframework.web.servlet.config.annotation.DelegatingWebMvcConfiguration.beanNameHandlerMapping()
00:31:13.483 [main] DEBUG o.s.c.a.ConfigurationClassBeanDefinitionReader - Registering bean definition for @Bean method org.springframework.web.servlet.config.annotation.DelegatingWebMvcConfiguration.resourceHandlerMapping()
00:31:13.491 [main] DEBUG o.s.c.a.ConfigurationClassBeanDefinitionReader - Registering bean definition for @Bean method org.springframework.web.servlet.config.annotation.DelegatingWebMvcConfiguration.mvcResourceUrlProvider()
00:31:13.493 [main] DEBUG o.s.c.a.ConfigurationClassBeanDefinitionReader - Registering bean definition for @Bean method org.springframework.web.servlet.config.annotation.DelegatingWebMvcConfiguration.defaultServletHandlerMapping()
00:31:13.494 [main] DEBUG o.s.c.a.ConfigurationClassBeanDefinitionReader - Registering bean definition for @Bean method org.springframework.web.servlet.config.annotation.DelegatingWebMvcConfiguration.requestMappingHandlerAdapter()
00:31:13.496 [main] DEBUG o.s.c.a.ConfigurationClassBeanDefinitionReader - Registering bean definition for @Bean method org.springframework.web.servlet.config.annotation.DelegatingWebMvcConfiguration.mvcValidator()
00:31:13.498 [main] DEBUG o.s.c.a.ConfigurationClassBeanDefinitionReader - Registering bean definition for @Bean method org.springframework.web.servlet.config.annotation.DelegatingWebMvcConfiguration.mvcUriComponentsContributor()
00:31:13.500 [main] DEBUG o.s.c.a.ConfigurationClassBeanDefinitionReader - Registering bean definition for @Bean method org.springframework.web.servlet.config.annotation.DelegatingWebMvcConfiguration.httpRequestHandlerAdapter()
00:31:13.501 [main] DEBUG o.s.c.a.ConfigurationClassBeanDefinitionReader - Registering bean definition for @Bean method org.springframework.web.servlet.config.annotation.DelegatingWebMvcConfiguration.simpleControllerHandlerAdapter()
00:31:13.502 [main] DEBUG o.s.c.a.ConfigurationClassBeanDefinitionReader - Registering bean definition for @Bean method org.springframework.web.servlet.config.annotation.DelegatingWebMvcConfiguration.handlerExceptionResolver()
00:31:13.504 [main] DEBUG o.s.c.a.ConfigurationClassBeanDefinitionReader - Registering bean definition for @Bean method org.springframework.web.servlet.config.annotation.DelegatingWebMvcConfiguration.mvcViewResolver()
00:31:13.505 [main] DEBUG o.s.c.a.ConfigurationClassBeanDefinitionReader - Registered bean definition for imported class 'org.springframework.security.config.annotation.method.configuration.GlobalMethodSecurityConfiguration'
00:31:13.506 [main] DEBUG o.s.c.a.ConfigurationClassBeanDefinitionReader - Registering bean definition for @Bean method org.springframework.security.config.annotation.method.configuration.GlobalMethodSecurityConfiguration.methodSecurityInterceptor()
00:31:13.507 [main] DEBUG o.s.c.a.ConfigurationClassBeanDefinitionReader - Registering bean definition for @Bean method org.springframework.security.config.annotation.method.configuration.GlobalMethodSecurityConfiguration.methodSecurityMetadataSource()
00:31:13.507 [main] DEBUG o.s.c.a.ConfigurationClassBeanDefinitionReader - Registering bean definition for @Bean method org.springframework.security.config.annotation.method.configuration.GlobalMethodSecurityConfiguration.preInvocationAuthorizationAdvice()
00:31:13.511 [main] DEBUG o.s.c.a.ConfigurationClassBeanDefinitionReader - Registering bean definition for @Bean method edu.ncsu.csc.itrust2.mvc.config.WebMvcConfiguration.viewResolver()
00:31:13.513 [main] DEBUG o.s.c.a.ConfigurationClassBeanDefinitionReader - Registering bean definition for @Bean method edu.ncsu.csc.itrust2.mvc.config.WebMvcConfiguration.templateEngine()
00:31:13.514 [main] DEBUG o.s.c.a.ConfigurationClassBeanDefinitionReader - Registering bean definition for @Bean method edu.ncsu.csc.itrust2.mvc.config.WebMvcConfiguration.domainClassConverter()
00:31:14.159 [main] DEBUG o.s.c.a.ConfigurationClassEnhancer - Successfully enhanced edu.ncsu.csc.itrust2.config.RootConfiguration; enhanced class name is: edu.ncsu.csc.itrust2.config.RootConfiguration$$EnhancerBySpringCGLIB$$d87634b3
00:31:14.162 [main] DEBUG o.s.c.a.ConfigurationClassPostProcessor - Replacing bean definition 'rootConfiguration' existing class 'edu.ncsu.csc.itrust2.config.RootConfiguration' with enhanced class 'edu.ncsu.csc.itrust2.config.RootConfiguration$$EnhancerBySpringCGLIB$$d87634b3'
00:31:14.186 [main] DEBUG o.s.c.a.ConfigurationClassEnhancer - Successfully enhanced edu.ncsu.csc.itrust2.mvc.config.WebMvcConfiguration; enhanced class name is: edu.ncsu.csc.itrust2.mvc.config.WebMvcConfiguration$$EnhancerBySpringCGLIB$$f5213803
00:31:14.186 [main] DEBUG o.s.c.a.ConfigurationClassPostProcessor - Replacing bean definition 'webMvcConfiguration' existing class 'edu.ncsu.csc.itrust2.mvc.config.WebMvcConfiguration' with enhanced class 'edu.ncsu.csc.itrust2.mvc.config.WebMvcConfiguration$$EnhancerBySpringCGLIB$$f5213803'
00:31:14.203 [main] DEBUG o.s.c.a.ConfigurationClassEnhancer - Successfully enhanced edu.ncsu.csc.itrust2.config.DataConfiguration; enhanced class name is: edu.ncsu.csc.itrust2.config.DataConfiguration$$EnhancerBySpringCGLIB$$1cb579eb
00:31:14.206 [main] DEBUG o.s.c.a.ConfigurationClassPostProcessor - Replacing bean definition 'dataConfiguration' existing class 'edu.ncsu.csc.itrust2.config.DataConfiguration' with enhanced class 'edu.ncsu.csc.itrust2.config.DataConfiguration$$EnhancerBySpringCGLIB$$1cb579eb'
00:31:14.256 [main] DEBUG o.s.c.a.ConfigurationClassEnhancer - Successfully enhanced edu.ncsu.csc.itrust2.config.SecurityConfig; enhanced class name is: edu.ncsu.csc.itrust2.config.SecurityConfig$$EnhancerBySpringCGLIB$$f36018f
00:31:14.257 [main] DEBUG o.s.c.a.ConfigurationClassPostProcessor - Replacing bean definition 'securityConfig' existing class 'edu.ncsu.csc.itrust2.config.SecurityConfig' with enhanced class 'edu.ncsu.csc.itrust2.config.SecurityConfig$$EnhancerBySpringCGLIB$$f36018f'
00:31:14.265 [main] DEBUG o.s.c.a.ConfigurationClassEnhancer - Successfully enhanced org.springframework.security.config.annotation.configuration.ObjectPostProcessorConfiguration; enhanced class name is: org.springframework.security.config.annotation.configuration.ObjectPostProcessorConfiguration$$EnhancerBySpringCGLIB$$1d2b4b5b
00:31:14.278 [main] DEBUG o.s.c.a.ConfigurationClassPostProcessor - Replacing bean definition 'org.springframework.security.config.annotation.configuration.ObjectPostProcessorConfiguration' existing class 'org.springframework.security.config.annotation.configuration.ObjectPostProcessorConfiguration' with enhanced class 'org.springframework.security.config.annotation.configuration.ObjectPostProcessorConfiguration$$EnhancerBySpringCGLIB$$1d2b4b5b'
00:31:14.287 [main] DEBUG o.s.c.a.ConfigurationClassEnhancer - Successfully enhanced org.springframework.security.config.annotation.authentication.configuration.AuthenticationConfiguration; enhanced class name is: org.springframework.security.config.annotation.authentication.configuration.AuthenticationConfiguration$$EnhancerBySpringCGLIB$$68f455d0
00:31:14.290 [main] DEBUG o.s.c.a.ConfigurationClassPostProcessor - Replacing bean definition 'org.springframework.security.config.annotation.authentication.configuration.AuthenticationConfiguration' existing class 'org.springframework.security.config.annotation.authentication.configuration.AuthenticationConfiguration' with enhanced class 'org.springframework.security.config.annotation.authentication.configuration.AuthenticationConfiguration$$EnhancerBySpringCGLIB$$68f455d0'
00:31:14.290 [main] DEBUG o.s.c.a.ConfigurationClassEnhancer - Successfully enhanced org.springframework.security.config.annotation.authentication.configuration.AuthenticationConfiguration; enhanced class name is: org.springframework.security.config.annotation.authentication.configuration.AuthenticationConfiguration$$EnhancerBySpringCGLIB$$68f455d0
00:31:14.291 [main] DEBUG o.s.c.a.ConfigurationClassPostProcessor - Replacing bean definition 'enableGlobalAuthenticationAutowiredConfigurer' existing class 'org.springframework.security.config.annotation.authentication.configuration.AuthenticationConfiguration' with enhanced class 'org.springframework.security.config.annotation.authentication.configuration.AuthenticationConfiguration$$EnhancerBySpringCGLIB$$68f455d0'
00:31:14.291 [main] DEBUG o.s.c.a.ConfigurationClassEnhancer - Successfully enhanced org.springframework.security.config.annotation.authentication.configuration.AuthenticationConfiguration; enhanced class name is: org.springframework.security.config.annotation.authentication.configuration.AuthenticationConfiguration$$EnhancerBySpringCGLIB$$68f455d0
00:31:14.291 [main] DEBUG o.s.c.a.ConfigurationClassPostProcessor - Replacing bean definition 'initializeUserDetailsBeanManagerConfigurer' existing class 'org.springframework.security.config.annotation.authentication.configuration.AuthenticationConfiguration' with enhanced class 'org.springframework.security.config.annotation.authentication.configuration.AuthenticationConfiguration$$EnhancerBySpringCGLIB$$68f455d0'
00:31:14.293 [main] DEBUG o.s.c.a.ConfigurationClassEnhancer - Successfully enhanced org.springframework.security.config.annotation.authentication.configuration.AuthenticationConfiguration; enhanced class name is: org.springframework.security.config.annotation.authentication.configuration.AuthenticationConfiguration$$EnhancerBySpringCGLIB$$68f455d0
00:31:14.295 [main] DEBUG o.s.c.a.ConfigurationClassPostProcessor - Replacing bean definition 'initializeAuthenticationProviderBeanManagerConfigurer' existing class 'org.springframework.security.config.annotation.authentication.configuration.AuthenticationConfiguration' with enhanced class 'org.springframework.security.config.annotation.authentication.configuration.AuthenticationConfiguration$$EnhancerBySpringCGLIB$$68f455d0'
00:31:14.315 [main] DEBUG o.s.c.a.ConfigurationClassEnhancer - Successfully enhanced org.springframework.security.config.annotation.web.configuration.WebSecurityConfiguration; enhanced class name is: org.springframework.security.config.annotation.web.configuration.WebSecurityConfiguration$$EnhancerBySpringCGLIB$$2baeb014
00:31:14.316 [main] DEBUG o.s.c.a.ConfigurationClassPostProcessor - Replacing bean definition 'org.springframework.security.config.annotation.web.configuration.WebSecurityConfiguration' existing class 'org.springframework.security.config.annotation.web.configuration.WebSecurityConfiguration' with enhanced class 'org.springframework.security.config.annotation.web.configuration.WebSecurityConfiguration$$EnhancerBySpringCGLIB$$2baeb014'
00:31:14.317 [main] DEBUG o.s.c.a.ConfigurationClassEnhancer - Successfully enhanced org.springframework.security.config.annotation.web.configuration.WebSecurityConfiguration; enhanced class name is: org.springframework.security.config.annotation.web.configuration.WebSecurityConfiguration$$EnhancerBySpringCGLIB$$2baeb014
00:31:14.317 [main] DEBUG o.s.c.a.ConfigurationClassPostProcessor - Replacing bean definition 'delegatingApplicationListener' existing class 'org.springframework.security.config.annotation.web.configuration.WebSecurityConfiguration' with enhanced class 'org.springframework.security.config.annotation.web.configuration.WebSecurityConfiguration$$EnhancerBySpringCGLIB$$2baeb014'
00:31:14.379 [main] DEBUG o.s.c.a.ConfigurationClassEnhancer - Successfully enhanced org.springframework.web.servlet.config.annotation.DelegatingWebMvcConfiguration; enhanced class name is: org.springframework.web.servlet.config.annotation.DelegatingWebMvcConfiguration$$EnhancerBySpringCGLIB$$493e6857
00:31:14.380 [main] DEBUG o.s.c.a.ConfigurationClassPostProcessor - Replacing bean definition 'org.springframework.web.servlet.config.annotation.DelegatingWebMvcConfiguration' existing class 'org.springframework.web.servlet.config.annotation.DelegatingWebMvcConfiguration' with enhanced class 'org.springframework.web.servlet.config.annotation.DelegatingWebMvcConfiguration$$EnhancerBySpringCGLIB$$493e6857'
00:31:14.394 [main] DEBUG o.s.c.a.ConfigurationClassEnhancer - Successfully enhanced org.springframework.security.config.annotation.method.configuration.GlobalMethodSecurityConfiguration; enhanced class name is: org.springframework.security.config.annotation.method.configuration.GlobalMethodSecurityConfiguration$$EnhancerBySpringCGLIB$$41ffee0d
00:31:14.402 [main] DEBUG o.s.c.a.ConfigurationClassPostProcessor - Replacing bean definition 'org.springframework.security.config.annotation.method.configuration.GlobalMethodSecurityConfiguration' existing class 'org.springframework.security.config.annotation.method.configuration.GlobalMethodSecurityConfiguration' with enhanced class 'org.springframework.security.config.annotation.method.configuration.GlobalMethodSecurityConfiguration$$EnhancerBySpringCGLIB$$41ffee0d'
00:31:14.440 [main] DEBUG o.s.b.f.s.DefaultListableBeanFactory - Creating shared instance of singleton bean 'org.springframework.context.annotation.internalAutowiredAnnotationProcessor'
00:31:14.450 [main] DEBUG o.s.b.f.s.DefaultListableBeanFactory - Creating instance of bean 'org.springframework.context.annotation.internalAutowiredAnnotationProcessor'
00:31:14.451 [main] DEBUG o.s.b.f.s.DefaultListableBeanFactory - Eagerly caching bean 'org.springframework.context.annotation.internalAutowiredAnnotationProcessor' to allow for resolving potential circular references
00:31:14.510 [main] DEBUG o.s.b.f.s.DefaultListableBeanFactory - Finished creating instance of bean 'org.springframework.context.annotation.internalAutowiredAnnotationProcessor'
00:31:14.510 [main] DEBUG o.s.b.f.s.DefaultListableBeanFactory - Creating shared instance of singleton bean 'org.springframework.context.annotation.internalRequiredAnnotationProcessor'
00:31:14.511 [main] DEBUG o.s.b.f.s.DefaultListableBeanFactory - Creating instance of bean 'org.springframework.context.annotation.internalRequiredAnnotationProcessor'
00:31:14.511 [main] DEBUG o.s.b.f.s.DefaultListableBeanFactory - Eagerly caching bean 'org.springframework.context.annotation.internalRequiredAnnotationProcessor' to allow for resolving potential circular references
00:31:14.526 [main] DEBUG o.s.b.f.s.DefaultListableBeanFactory - Finished creating instance of bean 'org.springframework.context.annotation.internalRequiredAnnotationProcessor'
00:31:14.527 [main] DEBUG o.s.b.f.s.DefaultListableBeanFactory - Creating shared instance of singleton bean 'org.springframework.context.annotation.internalCommonAnnotationProcessor'
00:31:14.527 [main] DEBUG o.s.b.f.s.DefaultListableBeanFactory - Creating instance of bean 'org.springframework.context.annotation.internalCommonAnnotationProcessor'
00:31:14.533 [main] DEBUG o.s.b.f.s.DefaultListableBeanFactory - Eagerly caching bean 'org.springframework.context.annotation.internalCommonAnnotationProcessor' to allow for resolving potential circular references
00:31:14.564 [main] DEBUG o.s.b.f.s.DefaultListableBeanFactory - Finished creating instance of bean 'org.springframework.context.annotation.internalCommonAnnotationProcessor'
00:31:14.564 [main] DEBUG o.s.b.f.s.DefaultListableBeanFactory - Creating shared instance of singleton bean 'org.springframework.context.annotation.internalPersistenceAnnotationProcessor'
00:31:14.564 [main] DEBUG o.s.b.f.s.DefaultListableBeanFactory - Creating instance of bean 'org.springframework.context.annotation.internalPersistenceAnnotationProcessor'
00:31:14.566 [main] DEBUG o.s.b.f.s.DefaultListableBeanFactory - Eagerly caching bean 'org.springframework.context.annotation.internalPersistenceAnnotationProcessor' to allow for resolving potential circular references
00:31:14.591 [main] DEBUG o.s.b.f.s.DefaultListableBeanFactory - Finished creating instance of bean 'org.springframework.context.annotation.internalPersistenceAnnotationProcessor'
00:31:14.592 [main] DEBUG o.s.b.f.s.DefaultListableBeanFactory - Creating shared instance of singleton bean 'org.springframework.aop.config.internalAutoProxyCreator'
00:31:14.592 [main] DEBUG o.s.b.f.s.DefaultListableBeanFactory - Creating instance of bean 'org.springframework.aop.config.internalAutoProxyCreator'
00:31:14.656 [main] DEBUG o.s.b.f.s.DefaultListableBeanFactory - Eagerly caching bean 'org.springframework.aop.config.internalAutoProxyCreator' to allow for resolving potential circular references
00:31:14.740 [main] DEBUG o.s.b.f.s.DefaultListableBeanFactory - Finished creating instance of bean 'org.springframework.aop.config.internalAutoProxyCreator'
00:31:14.743 [main] DEBUG o.s.w.c.s.GenericWebApplicationContext - Unable to locate MessageSource with name 'messageSource': using default [org.springframework.context.support.DelegatingMessageSource@7af7c9aa]
00:31:14.747 [main] DEBUG o.s.w.c.s.GenericWebApplicationContext - Unable to locate ApplicationEventMulticaster with name 'applicationEventMulticaster': using default [org.springframework.context.event.SimpleApplicationEventMulticaster@7789526e]
00:31:14.753 [main] DEBUG o.s.u.c.s.UiApplicationContextUtils - Unable to locate ThemeSource with name 'themeSource': using default [org.springframework.ui.context.support.ResourceBundleThemeSource@318a81a0]
00:31:14.767 [main] DEBUG o.s.b.f.s.DefaultListableBeanFactory - Pre-instantiating singletons in org.springframework.beans.factory.support.DefaultListableBeanFactory@14b528b6: defining beans [org.springframework.context.annotation.internalConfigurationAnnotationProcessor,org.springframework.context.annotation.internalAutowiredAnnotationProcessor,org.springframework.context.annotation.internalRequiredAnnotationProcessor,org.springframework.context.annotation.internalCommonAnnotationProcessor,org.springframework.context.annotation.internalPersistenceAnnotationProcessor,org.springframework.context.event.internalEventListenerProcessor,org.springframework.context.event.internalEventListenerFactory,rootConfiguration,webMvcConfiguration,dataConfiguration,loginAuditingListener,securityConfig,defaultController,adminController,adminUserController,hospitalController,ICDCodesController,APIAppointmentRequestController,APIDiagnosisController,APIDrugController,APIEnumController,APIHospitalController,APIICDCodeController,APILogEntryController,APIOfficeVisitController,APIPasswordController,APIPatientController,APIPersonnelController,APIPrescriptionController,APIUserController,appointmentControllerHCP,HCPController,officeVisitController,appointmentController,diagnosesController,patientController,passwordController,userController,dataSource,org.springframework.security.config.annotation.configuration.ObjectPostProcessorConfiguration,objectPostProcessor,org.springframework.security.config.annotation.authentication.configuration.AuthenticationConfiguration,authenticationManagerBuilder,enableGlobalAuthenticationAutowiredConfigurer,initializeUserDetailsBeanManagerConfigurer,initializeAuthenticationProviderBeanManagerConfigurer,org.springframework.security.config.annotation.web.configuration.WebSecurityConfiguration,delegatingApplicationListener,webSecurityExpressionHandler,springSecurityFilterChain,privilegeEvaluator,autowiredWebSecurityConfigurersIgnoreParents,org.springframework.security.config.annotation.web.configuration.WebMvcSecurityConfiguration,requestDataValueProcessor,passwordEncoder,defaultAuthenticationEventPublisher,failureHandler,ipBlockFilter,org.springframework.web.servlet.config.annotation.DelegatingWebMvcConfiguration,mvcConversionService,requestMappingHandlerMapping,mvcPathMatcher,mvcUrlPathHelper,mvcContentNegotiationManager,viewControllerHandlerMapping,beanNameHandlerMapping,resourceHandlerMapping,mvcResourceUrlProvider,defaultServletHandlerMapping,requestMappingHandlerAdapter,mvcValidator,mvcUriComponentsContributor,httpRequestHandlerAdapter,simpleControllerHandlerAdapter,handlerExceptionResolver,mvcViewResolver,org.springframework.security.config.annotation.method.configuration.GlobalMethodSecurityConfiguration,methodSecurityInterceptor,methodSecurityMetadataSource,preInvocationAuthorizationAdvice,viewResolver,templateEngine,domainClassConverter,metaDataSourceAdvisor,org.springframework.aop.config.internalAutoProxyCreator]; root of factory hierarchy
00:31:14.775 [main] DEBUG o.s.b.f.s.DefaultListableBeanFactory - Returning cached instance of singleton bean 'org.springframework.context.annotation.internalConfigurationAnnotationProcessor'
00:31:14.776 [main] DEBUG o.s.b.f.s.DefaultListableBeanFactory - Returning cached instance of singleton bean 'org.springframework.context.annotation.internalAutowiredAnnotationProcessor'
00:31:14.778 [main] DEBUG o.s.b.f.s.DefaultListableBeanFactory - Returning cached instance of singleton bean 'org.springframework.context.annotation.internalRequiredAnnotationProcessor'
00:31:14.781 [main] DEBUG o.s.b.f.s.DefaultListableBeanFactory - Returning cached instance of singleton bean 'org.springframework.context.annotation.internalCommonAnnotationProcessor'
00:31:14.783 [main] DEBUG o.s.b.f.s.DefaultListableBeanFactory - Returning cached instance of singleton bean 'org.springframework.context.annotation.internalPersistenceAnnotationProcessor'
00:31:14.783 [main] DEBUG o.s.b.f.s.DefaultListableBeanFactory - Creating shared instance of singleton bean 'org.springframework.context.event.internalEventListenerProcessor'
00:31:14.784 [main] DEBUG o.s.b.f.s.DefaultListableBeanFactory - Creating instance of bean 'org.springframework.context.event.internalEventListenerProcessor'
00:31:14.787 [main] DEBUG o.s.b.f.s.DefaultListableBeanFactory - Eagerly caching bean 'org.springframework.context.event.internalEventListenerProcessor' to allow for resolving potential circular references
00:31:14.800 [main] DEBUG o.s.b.f.s.DefaultListableBeanFactory - Creating shared instance of singleton bean 'metaDataSourceAdvisor'
00:31:14.800 [main] DEBUG o.s.b.f.s.DefaultListableBeanFactory - Creating instance of bean 'metaDataSourceAdvisor'
00:31:14.820 [main] DEBUG o.s.b.f.s.DefaultListableBeanFactory - Creating shared instance of singleton bean 'methodSecurityMetadataSource'
00:31:14.824 [main] DEBUG o.s.b.f.s.DefaultListableBeanFactory - Creating instance of bean 'methodSecurityMetadataSource'
00:31:14.825 [main] DEBUG o.s.b.f.s.DefaultListableBeanFactory - Creating shared instance of singleton bean 'org.springframework.security.config.annotation.method.configuration.GlobalMethodSecurityConfiguration'
00:31:14.825 [main] DEBUG o.s.b.f.s.DefaultListableBeanFactory - Creating instance of bean 'org.springframework.security.config.annotation.method.configuration.GlobalMethodSecurityConfiguration'
00:31:14.882 [main] DEBUG o.s.b.f.annotation.InjectionMetadata - Registered injected element on class [org.springframework.security.config.annotation.method.configuration.GlobalMethodSecurityConfiguration$$EnhancerBySpringCGLIB$$41ffee0d]: AutowiredMethodElement for public void org.springframework.security.config.annotation.method.configuration.GlobalMethodSecurityConfiguration.setApplicationContext(org.springframework.context.ApplicationContext)
00:31:14.883 [main] DEBUG o.s.b.f.annotation.InjectionMetadata - Registered injected element on class [org.springframework.security.config.annotation.method.configuration.GlobalMethodSecurityConfiguration$$EnhancerBySpringCGLIB$$41ffee0d]: AutowiredMethodElement for public void org.springframework.security.config.annotation.method.configuration.GlobalMethodSecurityConfiguration.setObjectPostProcessor(org.springframework.security.config.annotation.ObjectPostProcessor)
00:31:14.884 [main] DEBUG o.s.b.f.annotation.InjectionMetadata - Registered injected element on class [org.springframework.security.config.annotation.method.configuration.GlobalMethodSecurityConfiguration$$EnhancerBySpringCGLIB$$41ffee0d]: AutowiredMethodElement for public void org.springframework.security.config.annotation.method.configuration.GlobalMethodSecurityConfiguration.setJsr250MethodSecurityMetadataSource(org.springframework.security.access.annotation.Jsr250MethodSecurityMetadataSource)
00:31:14.884 [main] DEBUG o.s.b.f.annotation.InjectionMetadata - Registered injected element on class [org.springframework.security.config.annotation.method.configuration.GlobalMethodSecurityConfiguration$$EnhancerBySpringCGLIB$$41ffee0d]: AutowiredMethodElement for public void org.springframework.security.config.annotation.method.configuration.GlobalMethodSecurityConfiguration.setMethodSecurityExpressionHandler(java.util.List)
00:31:14.884 [main] DEBUG o.s.b.f.s.DefaultListableBeanFactory - Eagerly caching bean 'org.springframework.security.config.annotation.method.configuration.GlobalMethodSecurityConfiguration' to allow for resolving potential circular references
00:31:14.885 [main] DEBUG o.s.b.f.annotation.InjectionMetadata - Processing injected element of bean 'org.springframework.security.config.annotation.method.configuration.GlobalMethodSecurityConfiguration': AutowiredMethodElement for public void org.springframework.security.config.annotation.method.configuration.GlobalMethodSecurityConfiguration.setApplicationContext(org.springframework.context.ApplicationContext)
00:31:14.888 [main] DEBUG o.s.b.f.a.AutowiredAnnotationBeanPostProcessor - Autowiring by type from bean name 'org.springframework.security.config.annotation.method.configuration.GlobalMethodSecurityConfiguration' to bean named 'org.springframework.web.context.support.GenericWebApplicationContext@a098d76'
00:31:14.898 [main] DEBUG o.s.b.f.annotation.InjectionMetadata - Processing injected element of bean 'org.springframework.security.config.annotation.method.configuration.GlobalMethodSecurityConfiguration': AutowiredMethodElement for public void org.springframework.security.config.annotation.method.configuration.GlobalMethodSecurityConfiguration.setObjectPostProcessor(org.springframework.security.config.annotation.ObjectPostProcessor)
00:31:14.901 [main] DEBUG o.s.b.f.s.DefaultListableBeanFactory - Creating shared instance of singleton bean 'objectPostProcessor'
00:31:14.902 [main] DEBUG o.s.b.f.s.DefaultListableBeanFactory - Creating instance of bean 'objectPostProcessor'
00:31:14.902 [main] DEBUG o.s.b.f.s.DefaultListableBeanFactory - Creating shared instance of singleton bean 'org.springframework.security.config.annotation.configuration.ObjectPostProcessorConfiguration'
00:31:14.902 [main] DEBUG o.s.b.f.s.DefaultListableBeanFactory - Creating instance of bean 'org.springframework.security.config.annotation.configuration.ObjectPostProcessorConfiguration'
00:31:14.904 [main] DEBUG o.s.b.f.s.DefaultListableBeanFactory - Eagerly caching bean 'org.springframework.security.config.annotation.configuration.ObjectPostProcessorConfiguration' to allow for resolving potential circular references
00:31:14.914 [main] DEBUG o.s.a.f.a.BeanFactoryAdvisorRetrievalHelper - Skipping currently created advisor 'metaDataSourceAdvisor'
00:31:14.918 [main] DEBUG o.s.b.f.s.DefaultListableBeanFactory - Finished creating instance of bean 'org.springframework.security.config.annotation.configuration.ObjectPostProcessorConfiguration'
00:31:14.927 [main] DEBUG o.s.b.f.s.DefaultListableBeanFactory - Autowiring by type from bean name 'objectPostProcessor' via factory method to bean named 'org.springframework.beans.factory.support.DefaultListableBeanFactory@14b528b6'
00:31:14.987 [main] DEBUG o.s.b.f.s.DefaultListableBeanFactory - Eagerly caching bean 'objectPostProcessor' to allow for resolving potential circular references
00:31:14.991 [main] DEBUG o.s.a.f.a.BeanFactoryAdvisorRetrievalHelper - Skipping currently created advisor 'metaDataSourceAdvisor'
00:31:14.992 [main] DEBUG o.s.b.f.s.DefaultListableBeanFactory - Finished creating instance of bean 'objectPostProcessor'
00:31:14.993 [main] DEBUG o.s.b.f.a.AutowiredAnnotationBeanPostProcessor - Autowiring by type from bean name 'org.springframework.security.config.annotation.method.configuration.GlobalMethodSecurityConfiguration' to bean named 'objectPostProcessor'
00:31:15.025 [main] DEBUG o.s.b.f.annotation.InjectionMetadata - Processing injected element of bean 'org.springframework.security.config.annotation.method.configuration.GlobalMethodSecurityConfiguration': AutowiredMethodElement for public void org.springframework.security.config.annotation.method.configuration.GlobalMethodSecurityConfiguration.setJsr250MethodSecurityMetadataSource(org.springframework.security.access.annotation.Jsr250MethodSecurityMetadataSource)
00:31:15.027 [main] DEBUG o.s.b.f.annotation.InjectionMetadata - Processing injected element of bean 'org.springframework.security.config.annotation.method.configuration.GlobalMethodSecurityConfiguration': AutowiredMethodElement for public void org.springframework.security.config.annotation.method.configuration.GlobalMethodSecurityConfiguration.setMethodSecurityExpressionHandler(java.util.List)
00:31:15.033 [main] DEBUG o.s.b.f.s.DefaultListableBeanFactory - Returning cached instance of singleton bean 'org.springframework.context.annotation.ConfigurationClassPostProcessor.importRegistry'
00:31:15.034 [main] DEBUG o.s.a.f.a.BeanFactoryAdvisorRetrievalHelper - Skipping currently created advisor 'metaDataSourceAdvisor'
00:31:15.034 [main] DEBUG o.s.b.f.s.DefaultListableBeanFactory - Finished creating instance of bean 'org.springframework.security.config.annotation.method.configuration.GlobalMethodSecurityConfiguration'
00:31:15.086 [main] DEBUG o.s.b.f.s.DefaultListableBeanFactory - Eagerly caching bean 'methodSecurityMetadataSource' to allow for resolving potential circular references
00:31:15.101 [main] DEBUG o.s.b.f.s.DefaultListableBeanFactory - Finished creating instance of bean 'methodSecurityMetadataSource'
00:31:15.114 [main] DEBUG o.s.b.f.s.DefaultListableBeanFactory - Eagerly caching bean 'metaDataSourceAdvisor' to allow for resolving potential circular references
00:31:15.129 [main] DEBUG o.s.b.f.s.DefaultListableBeanFactory - Finished creating instance of bean 'metaDataSourceAdvisor'
00:31:15.144 [main] DEBUG o.s.b.f.s.DefaultListableBeanFactory - Finished creating instance of bean 'org.springframework.context.event.internalEventListenerProcessor'
00:31:15.145 [main] DEBUG o.s.b.f.s.DefaultListableBeanFactory - Creating shared instance of singleton bean 'org.springframework.context.event.internalEventListenerFactory'
00:31:15.145 [main] DEBUG o.s.b.f.s.DefaultListableBeanFactory - Creating instance of bean 'org.springframework.context.event.internalEventListenerFactory'
00:31:15.146 [main] DEBUG o.s.b.f.s.DefaultListableBeanFactory - Eagerly caching bean 'org.springframework.context.event.internalEventListenerFactory' to allow for resolving potential circular references
00:31:15.151 [main] DEBUG o.s.b.f.s.DefaultListableBeanFactory - Returning cached instance of singleton bean 'metaDataSourceAdvisor'
00:31:15.154 [main] DEBUG o.s.b.f.s.DefaultListableBeanFactory - Finished creating instance of bean 'org.springframework.context.event.internalEventListenerFactory'
00:31:15.170 [main] DEBUG o.s.b.f.s.DefaultListableBeanFactory - Creating shared instance of singleton bean 'rootConfiguration'
00:31:15.170 [main] DEBUG o.s.b.f.s.DefaultListableBeanFactory - Creating instance of bean 'rootConfiguration'
00:31:15.171 [main] DEBUG o.s.b.f.s.DefaultListableBeanFactory - Eagerly caching bean 'rootConfiguration' to allow for resolving potential circular references
00:31:15.179 [main] DEBUG o.s.b.f.s.DefaultListableBeanFactory - Returning cached instance of singleton bean 'metaDataSourceAdvisor'
00:31:15.188 [main] DEBUG o.s.b.f.s.DefaultListableBeanFactory - Finished creating instance of bean 'rootConfiguration'
00:31:15.189 [main] DEBUG o.s.b.f.s.DefaultListableBeanFactory - Creating shared instance of singleton bean 'webMvcConfiguration'
00:31:15.189 [main] DEBUG o.s.b.f.s.DefaultListableBeanFactory - Creating instance of bean 'webMvcConfiguration'
00:31:15.201 [main] DEBUG o.s.b.f.annotation.InjectionMetadata - Registered injected element on class [edu.ncsu.csc.itrust2.mvc.config.WebMvcConfiguration$$EnhancerBySpringCGLIB$$f5213803]: AutowiredFieldElement for private org.springframework.context.ApplicationContext edu.ncsu.csc.itrust2.mvc.config.WebMvcConfiguration.applicationContext
00:31:15.201 [main] DEBUG o.s.b.f.annotation.InjectionMetadata - Registered injected element on class [edu.ncsu.csc.itrust2.mvc.config.WebMvcConfiguration$$EnhancerBySpringCGLIB$$f5213803]: AutowiredFieldElement for private org.springframework.format.support.FormattingConversionService edu.ncsu.csc.itrust2.mvc.config.WebMvcConfiguration.mvcConversionService
00:31:15.202 [main] DEBUG o.s.b.f.s.DefaultListableBeanFactory - Eagerly caching bean 'webMvcConfiguration' to allow for resolving potential circular references
00:31:15.217 [main] DEBUG o.s.b.f.annotation.InjectionMetadata - Processing injected element of bean 'webMvcConfiguration': AutowiredFieldElement for private org.springframework.context.ApplicationContext edu.ncsu.csc.itrust2.mvc.config.WebMvcConfiguration.applicationContext
00:31:15.222 [main] DEBUG o.s.b.f.a.AutowiredAnnotationBeanPostProcessor - Autowiring by type from bean name 'webMvcConfiguration' to bean named 'org.springframework.web.context.support.GenericWebApplicationContext@a098d76'
00:31:15.223 [main] DEBUG o.s.b.f.annotation.InjectionMetadata - Processing injected element of bean 'webMvcConfiguration': AutowiredFieldElement for private org.springframework.format.support.FormattingConversionService edu.ncsu.csc.itrust2.mvc.config.WebMvcConfiguration.mvcConversionService
00:31:15.225 [main] DEBUG o.s.b.f.s.DefaultListableBeanFactory - Creating shared instance of singleton bean 'mvcConversionService'
00:31:15.225 [main] DEBUG o.s.b.f.s.DefaultListableBeanFactory - Creating instance of bean 'mvcConversionService'
00:31:15.226 [main] DEBUG o.s.b.f.s.DefaultListableBeanFactory - Creating shared instance of singleton bean 'org.springframework.web.servlet.config.annotation.DelegatingWebMvcConfiguration'
00:31:15.227 [main] DEBUG o.s.b.f.s.DefaultListableBeanFactory - Creating instance of bean 'org.springframework.web.servlet.config.annotation.DelegatingWebMvcConfiguration'
00:31:15.261 [main] DEBUG o.s.b.f.annotation.InjectionMetadata - Registered injected element on class [org.springframework.web.servlet.config.annotation.DelegatingWebMvcConfiguration$$EnhancerBySpringCGLIB$$493e6857]: AutowiredMethodElement for public void org.springframework.web.servlet.config.annotation.DelegatingWebMvcConfiguration.setConfigurers(java.util.List)
00:31:15.270 [main] DEBUG o.s.b.f.s.DefaultListableBeanFactory - Eagerly caching bean 'org.springframework.web.servlet.config.annotation.DelegatingWebMvcConfiguration' to allow for resolving potential circular references
00:31:15.271 [main] DEBUG o.s.b.f.annotation.InjectionMetadata - Processing injected element of bean 'org.springframework.web.servlet.config.annotation.DelegatingWebMvcConfiguration': AutowiredMethodElement for public void org.springframework.web.servlet.config.annotation.DelegatingWebMvcConfiguration.setConfigurers(java.util.List)
00:31:15.273 [main] DEBUG o.s.b.f.s.DefaultListableBeanFactory - Returning cached instance of singleton bean 'metaDataSourceAdvisor'
00:31:15.323 [main] DEBUG o.s.b.f.s.DefaultListableBeanFactory - Returning eagerly cached instance of singleton bean 'webMvcConfiguration' that is not fully initialized yet - a consequence of a circular reference
00:31:15.323 [main] DEBUG o.s.b.f.s.DefaultListableBeanFactory - Creating shared instance of singleton bean 'org.springframework.security.config.annotation.web.configuration.WebMvcSecurityConfiguration'
00:31:15.323 [main] DEBUG o.s.b.f.s.DefaultListableBeanFactory - Creating instance of bean 'org.springframework.security.config.annotation.web.configuration.WebMvcSecurityConfiguration'
00:31:15.325 [main] DEBUG o.s.b.f.s.DefaultListableBeanFactory - Eagerly caching bean 'org.springframework.security.config.annotation.web.configuration.WebMvcSecurityConfiguration' to allow for resolving potential circular references
00:31:15.331 [main] DEBUG o.s.b.f.s.DefaultListableBeanFactory - Returning cached instance of singleton bean 'metaDataSourceAdvisor'
00:31:15.335 [main] DEBUG o.s.b.f.s.DefaultListableBeanFactory - Finished creating instance of bean 'org.springframework.security.config.annotation.web.configuration.WebMvcSecurityConfiguration'
00:31:15.368 [main] DEBUG o.s.b.f.a.AutowiredAnnotationBeanPostProcessor - Autowiring by type from bean name 'org.springframework.web.servlet.config.annotation.DelegatingWebMvcConfiguration' to bean named 'webMvcConfiguration'
00:31:15.374 [main] DEBUG o.s.b.f.a.AutowiredAnnotationBeanPostProcessor - Autowiring by type from bean name 'org.springframework.web.servlet.config.annotation.DelegatingWebMvcConfiguration' to bean named 'org.springframework.security.config.annotation.web.configuration.WebMvcSecurityConfiguration'
00:31:15.384 [main] DEBUG o.s.b.f.s.DefaultListableBeanFactory - Returning cached instance of singleton bean 'metaDataSourceAdvisor'
00:31:15.443 [main] DEBUG o.s.b.f.s.DefaultListableBeanFactory - Finished creating instance of bean 'org.springframework.web.servlet.config.annotation.DelegatingWebMvcConfiguration'
00:31:15.896 [main] DEBUG o.s.b.f.s.DefaultListableBeanFactory - Eagerly caching bean 'mvcConversionService' to allow for resolving potential circular references
00:31:15.920 [main] DEBUG o.s.b.f.s.DefaultListableBeanFactory - Returning cached instance of singleton bean 'metaDataSourceAdvisor'
00:31:15.924 [main] DEBUG o.s.b.f.s.DefaultListableBeanFactory - Finished creating instance of bean 'mvcConversionService'
00:31:15.925 [main] DEBUG o.s.b.f.a.AutowiredAnnotationBeanPostProcessor - Autowiring by type from bean name 'webMvcConfiguration' to bean named 'mvcConversionService'
00:31:15.925 [main] DEBUG o.s.b.f.s.DefaultListableBeanFactory - Finished creating instance of bean 'webMvcConfiguration'
00:31:15.925 [main] DEBUG o.s.b.f.s.DefaultListableBeanFactory - Creating shared instance of singleton bean 'dataConfiguration'
00:31:15.926 [main] DEBUG o.s.b.f.s.DefaultListableBeanFactory - Creating instance of bean 'dataConfiguration'
00:31:15.927 [main] DEBUG o.s.b.f.s.DefaultListableBeanFactory - Eagerly caching bean 'dataConfiguration' to allow for resolving potential circular references
00:31:15.935 [main] DEBUG o.s.b.f.s.DefaultListableBeanFactory - Returning cached instance of singleton bean 'metaDataSourceAdvisor'
00:31:15.938 [main] DEBUG o.s.b.f.s.DefaultListableBeanFactory - Finished creating instance of bean 'dataConfiguration'
00:31:15.938 [main] DEBUG o.s.b.f.s.DefaultListableBeanFactory - Creating shared instance of singleton bean 'loginAuditingListener'
00:31:15.938 [main] DEBUG o.s.b.f.s.DefaultListableBeanFactory - Creating instance of bean 'loginAuditingListener'
00:31:15.940 [main] DEBUG o.s.b.f.s.DefaultListableBeanFactory - Eagerly caching bean 'loginAuditingListener' to allow for resolving potential circular references
00:31:15.949 [main] DEBUG o.s.b.f.s.DefaultListableBeanFactory - Returning cached instance of singleton bean 'metaDataSourceAdvisor'
00:31:15.965 [main] DEBUG o.s.b.f.s.DefaultListableBeanFactory - Finished creating instance of bean 'loginAuditingListener'
00:31:15.966 [main] DEBUG o.s.b.f.s.DefaultListableBeanFactory - Creating shared instance of singleton bean 'securityConfig'
00:31:15.966 [main] DEBUG o.s.b.f.s.DefaultListableBeanFactory - Creating instance of bean 'securityConfig'
00:31:16.003 [main] DEBUG o.s.b.f.annotation.InjectionMetadata - Registered injected element on class [edu.ncsu.csc.itrust2.config.SecurityConfig$$EnhancerBySpringCGLIB$$f36018f]: AutowiredMethodElement for public void org.springframework.security.config.annotation.web.configuration.WebSecurityConfigurerAdapter.setApplicationContext(org.springframework.context.ApplicationContext)
00:31:16.004 [main] DEBUG o.s.b.f.annotation.InjectionMetadata - Registered injected element on class [edu.ncsu.csc.itrust2.config.SecurityConfig$$EnhancerBySpringCGLIB$$f36018f]: AutowiredMethodElement for public void org.springframework.security.config.annotation.web.configuration.WebSecurityConfigurerAdapter.setObjectPostProcessor(org.springframework.security.config.annotation.ObjectPostProcessor)
00:31:16.004 [main] DEBUG o.s.b.f.annotation.InjectionMetadata - Registered injected element on class [edu.ncsu.csc.itrust2.config.SecurityConfig$$EnhancerBySpringCGLIB$$f36018f]: AutowiredMethodElement for public void org.springframework.security.config.annotation.web.configuration.WebSecurityConfigurerAdapter.setTrustResolver(org.springframework.security.authentication.AuthenticationTrustResolver)
00:31:16.004 [main] DEBUG o.s.b.f.annotation.InjectionMetadata - Registered injected element on class [edu.ncsu.csc.itrust2.config.SecurityConfig$$EnhancerBySpringCGLIB$$f36018f]: AutowiredMethodElement for public void org.springframework.security.config.annotation.web.configuration.WebSecurityConfigurerAdapter.setContentNegotationStrategy(org.springframework.web.accept.ContentNegotiationStrategy)
00:31:16.004 [main] DEBUG o.s.b.f.annotation.InjectionMetadata - Registered injected element on class [edu.ncsu.csc.itrust2.config.SecurityConfig$$EnhancerBySpringCGLIB$$f36018f]: AutowiredMethodElement for public void org.springframework.security.config.annotation.web.configuration.WebSecurityConfigurerAdapter.setAuthenticationConfiguration(org.springframework.security.config.annotation.authentication.configuration.AuthenticationConfiguration)
00:31:16.004 [main] DEBUG o.s.b.f.annotation.InjectionMetadata - Registered injected element on class [edu.ncsu.csc.itrust2.config.SecurityConfig$$EnhancerBySpringCGLIB$$f36018f]: AutowiredFieldElement for javax.sql.DataSource edu.ncsu.csc.itrust2.config.SecurityConfig.dataSource
00:31:16.005 [main] DEBUG o.s.b.f.annotation.InjectionMetadata - Registered injected element on class [edu.ncsu.csc.itrust2.config.SecurityConfig$$EnhancerBySpringCGLIB$$f36018f]: AutowiredMethodElement for public void edu.ncsu.csc.itrust2.config.SecurityConfig.configureGlobal(org.springframework.security.config.annotation.authentication.builders.AuthenticationManagerBuilder) throws java.lang.Exception
00:31:16.006 [main] DEBUG o.s.b.f.s.DefaultListableBeanFactory - Eagerly caching bean 'securityConfig' to allow for resolving potential circular references
00:31:16.007 [main] DEBUG o.s.b.f.annotation.InjectionMetadata - Processing injected element of bean 'securityConfig': AutowiredMethodElement for public void org.springframework.security.config.annotation.web.configuration.WebSecurityConfigurerAdapter.setApplicationContext(org.springframework.context.ApplicationContext)
00:31:16.008 [main] DEBUG o.s.b.f.a.AutowiredAnnotationBeanPostProcessor - Autowiring by type from bean name 'securityConfig' to bean named 'org.springframework.web.context.support.GenericWebApplicationContext@a098d76'
00:31:16.014 [main] DEBUG o.s.b.f.annotation.InjectionMetadata - Processing injected element of bean 'securityConfig': AutowiredMethodElement for public void org.springframework.security.config.annotation.web.configuration.WebSecurityConfigurerAdapter.setObjectPostProcessor(org.springframework.security.config.annotation.ObjectPostProcessor)
00:31:16.015 [main] DEBUG o.s.b.f.s.DefaultListableBeanFactory - Returning cached instance of singleton bean 'objectPostProcessor'
00:31:16.015 [main] DEBUG o.s.b.f.a.AutowiredAnnotationBeanPostProcessor - Autowiring by type from bean name 'securityConfig' to bean named 'objectPostProcessor'
00:31:16.030 [main] DEBUG o.s.b.f.annotation.InjectionMetadata - Processing injected element of bean 'securityConfig': AutowiredMethodElement for public void org.springframework.security.config.annotation.web.configuration.WebSecurityConfigurerAdapter.setTrustResolver(org.springframework.security.authentication.AuthenticationTrustResolver)
00:31:16.035 [main] DEBUG o.s.b.f.annotation.InjectionMetadata - Processing injected element of bean 'securityConfig': AutowiredMethodElement for public void org.springframework.security.config.annotation.web.configuration.WebSecurityConfigurerAdapter.setContentNegotationStrategy(org.springframework.web.accept.ContentNegotiationStrategy)
00:31:16.037 [main] DEBUG o.s.b.f.s.DefaultListableBeanFactory - Creating shared instance of singleton bean 'mvcContentNegotiationManager'
00:31:16.038 [main] DEBUG o.s.b.f.s.DefaultListableBeanFactory - Creating instance of bean 'mvcContentNegotiationManager'
00:31:16.039 [main] DEBUG o.s.b.f.s.DefaultListableBeanFactory - Returning cached instance of singleton bean 'org.springframework.web.servlet.config.annotation.DelegatingWebMvcConfiguration'
00:31:16.086 [main] DEBUG o.s.b.f.s.DefaultListableBeanFactory - Eagerly caching bean 'mvcContentNegotiationManager' to allow for resolving potential circular references
00:31:16.098 [main] DEBUG o.s.b.f.s.DefaultListableBeanFactory - Returning cached instance of singleton bean 'metaDataSourceAdvisor'
00:31:16.110 [main] DEBUG o.s.b.f.s.DefaultListableBeanFactory - Finished creating instance of bean 'mvcContentNegotiationManager'
00:31:16.111 [main] DEBUG o.s.b.f.a.AutowiredAnnotationBeanPostProcessor - Autowiring by type from bean name 'securityConfig' to bean named 'mvcContentNegotiationManager'
00:31:16.111 [main] DEBUG o.s.b.f.annotation.InjectionMetadata - Processing injected element of bean 'securityConfig': AutowiredMethodElement for public void org.springframework.security.config.annotation.web.configuration.WebSecurityConfigurerAdapter.setAuthenticationConfiguration(org.springframework.security.config.annotation.authentication.configuration.AuthenticationConfiguration)
00:31:16.112 [main] DEBUG o.s.b.f.s.DefaultListableBeanFactory - Creating shared instance of singleton bean 'org.springframework.security.config.annotation.authentication.configuration.AuthenticationConfiguration'
00:31:16.115 [main] DEBUG o.s.b.f.s.DefaultListableBeanFactory - Creating instance of bean 'org.springframework.security.config.annotation.authentication.configuration.AuthenticationConfiguration'
00:31:16.133 [main] DEBUG o.s.b.f.annotation.InjectionMetadata - Registered injected element on class [org.springframework.security.config.annotation.authentication.configuration.AuthenticationConfiguration$$EnhancerBySpringCGLIB$$68f455d0]: AutowiredMethodElement for public void org.springframework.security.config.annotation.authentication.configuration.AuthenticationConfiguration.setApplicationContext(org.springframework.context.ApplicationContext)
00:31:16.134 [main] DEBUG o.s.b.f.annotation.InjectionMetadata - Registered injected element on class [org.springframework.security.config.annotation.authentication.configuration.AuthenticationConfiguration$$EnhancerBySpringCGLIB$$68f455d0]: AutowiredMethodElement for public void org.springframework.security.config.annotation.authentication.configuration.AuthenticationConfiguration.setGlobalAuthenticationConfigurers(java.util.List) throws java.lang.Exception
00:31:16.135 [main] DEBUG o.s.b.f.annotation.InjectionMetadata - Registered injected element on class [org.springframework.security.config.annotation.authentication.configuration.AuthenticationConfiguration$$EnhancerBySpringCGLIB$$68f455d0]: AutowiredMethodElement for public void org.springframework.security.config.annotation.authentication.configuration.AuthenticationConfiguration.setObjectPostProcessor(org.springframework.security.config.annotation.ObjectPostProcessor)
00:31:16.135 [main] DEBUG o.s.b.f.s.DefaultListableBeanFactory - Eagerly caching bean 'org.springframework.security.config.annotation.authentication.configuration.AuthenticationConfiguration' to allow for resolving potential circular references
00:31:16.136 [main] DEBUG o.s.b.f.annotation.InjectionMetadata - Processing injected element of bean 'org.springframework.security.config.annotation.authentication.configuration.AuthenticationConfiguration': AutowiredMethodElement for public void org.springframework.security.config.annotation.authentication.configuration.AuthenticationConfiguration.setApplicationContext(org.springframework.context.ApplicationContext)
00:31:16.136 [main] DEBUG o.s.b.f.a.AutowiredAnnotationBeanPostProcessor - Autowiring by type from bean name 'org.springframework.security.config.annotation.authentication.configuration.AuthenticationConfiguration' to bean named 'org.springframework.web.context.support.GenericWebApplicationContext@a098d76'
00:31:16.147 [main] DEBUG o.s.b.f.annotation.InjectionMetadata - Processing injected element of bean 'org.springframework.security.config.annotation.authentication.configuration.AuthenticationConfiguration': AutowiredMethodElement for public void org.springframework.security.config.annotation.authentication.configuration.AuthenticationConfiguration.setGlobalAuthenticationConfigurers(java.util.List) throws java.lang.Exception
00:31:16.149 [main] DEBUG o.s.b.f.s.DefaultListableBeanFactory - Creating shared instance of singleton bean 'enableGlobalAuthenticationAutowiredConfigurer'
00:31:16.149 [main] DEBUG o.s.b.f.s.DefaultListableBeanFactory - Creating instance of bean 'enableGlobalAuthenticationAutowiredConfigurer'
00:31:16.152 [main] DEBUG o.s.b.f.s.DefaultListableBeanFactory - Autowiring by type from bean name 'enableGlobalAuthenticationAutowiredConfigurer' via factory method to bean named 'org.springframework.web.context.support.GenericWebApplicationContext@a098d76'
00:31:16.153 [main] DEBUG o.s.b.f.s.DefaultListableBeanFactory - Eagerly caching bean 'enableGlobalAuthenticationAutowiredConfigurer' to allow for resolving potential circular references
00:31:16.162 [main] DEBUG o.s.b.f.s.DefaultListableBeanFactory - Returning cached instance of singleton bean 'metaDataSourceAdvisor'
00:31:16.177 [main] DEBUG o.s.b.f.s.DefaultListableBeanFactory - Finished creating instance of bean 'enableGlobalAuthenticationAutowiredConfigurer'
00:31:16.178 [main] DEBUG o.s.b.f.s.DefaultListableBeanFactory - Creating shared instance of singleton bean 'initializeUserDetailsBeanManagerConfigurer'
00:31:16.179 [main] DEBUG o.s.b.f.s.DefaultListableBeanFactory - Creating instance of bean 'initializeUserDetailsBeanManagerConfigurer'
00:31:16.180 [main] DEBUG o.s.b.f.s.DefaultListableBeanFactory - Autowiring by type from bean name 'initializeUserDetailsBeanManagerConfigurer' via factory method to bean named 'org.springframework.web.context.support.GenericWebApplicationContext@a098d76'
00:31:16.182 [main] DEBUG o.s.b.f.s.DefaultListableBeanFactory - Eagerly caching bean 'initializeUserDetailsBeanManagerConfigurer' to allow for resolving potential circular references
00:31:16.190 [main] DEBUG o.s.b.f.s.DefaultListableBeanFactory - Returning cached instance of singleton bean 'metaDataSourceAdvisor'
00:31:16.194 [main] DEBUG o.s.b.f.s.DefaultListableBeanFactory - Finished creating instance of bean 'initializeUserDetailsBeanManagerConfigurer'
00:31:16.194 [main] DEBUG o.s.b.f.s.DefaultListableBeanFactory - Creating shared instance of singleton bean 'initializeAuthenticationProviderBeanManagerConfigurer'
00:31:16.194 [main] DEBUG o.s.b.f.s.DefaultListableBeanFactory - Creating instance of bean 'initializeAuthenticationProviderBeanManagerConfigurer'
00:31:16.195 [main] DEBUG o.s.b.f.s.DefaultListableBeanFactory - Autowiring by type from bean name 'initializeAuthenticationProviderBeanManagerConfigurer' via factory method to bean named 'org.springframework.web.context.support.GenericWebApplicationContext@a098d76'
00:31:16.204 [main] DEBUG o.s.b.f.s.DefaultListableBeanFactory - Eagerly caching bean 'initializeAuthenticationProviderBeanManagerConfigurer' to allow for resolving potential circular references
00:31:16.207 [main] DEBUG o.s.b.f.s.DefaultListableBeanFactory - Returning cached instance of singleton bean 'metaDataSourceAdvisor'
00:31:16.209 [main] DEBUG o.s.b.f.s.DefaultListableBeanFactory - Finished creating instance of bean 'initializeAuthenticationProviderBeanManagerConfigurer'
00:31:16.211 [main] DEBUG o.s.b.f.a.AutowiredAnnotationBeanPostProcessor - Autowiring by type from bean name 'org.springframework.security.config.annotation.authentication.configuration.AuthenticationConfiguration' to bean named 'enableGlobalAuthenticationAutowiredConfigurer'
00:31:16.211 [main] DEBUG o.s.b.f.a.AutowiredAnnotationBeanPostProcessor - Autowiring by type from bean name 'org.springframework.security.config.annotation.authentication.configuration.AuthenticationConfiguration' to bean named 'initializeUserDetailsBeanManagerConfigurer'
00:31:16.214 [main] DEBUG o.s.b.f.a.AutowiredAnnotationBeanPostProcessor - Autowiring by type from bean name 'org.springframework.security.config.annotation.authentication.configuration.AuthenticationConfiguration' to bean named 'initializeAuthenticationProviderBeanManagerConfigurer'
00:31:16.214 [main] DEBUG o.s.b.f.annotation.InjectionMetadata - Processing injected element of bean 'org.springframework.security.config.annotation.authentication.configuration.AuthenticationConfiguration': AutowiredMethodElement for public void org.springframework.security.config.annotation.authentication.configuration.AuthenticationConfiguration.setObjectPostProcessor(org.springframework.security.config.annotation.ObjectPostProcessor)
00:31:16.215 [main] DEBUG o.s.b.f.s.DefaultListableBeanFactory - Returning cached instance of singleton bean 'objectPostProcessor'
00:31:16.215 [main] DEBUG o.s.b.f.a.AutowiredAnnotationBeanPostProcessor - Autowiring by type from bean name 'org.springframework.security.config.annotation.authentication.configuration.AuthenticationConfiguration' to bean named 'objectPostProcessor'
00:31:16.215 [main] DEBUG o.s.b.f.s.DefaultListableBeanFactory - Returning cached instance of singleton bean 'metaDataSourceAdvisor'
00:31:16.219 [main] DEBUG o.s.b.f.s.DefaultListableBeanFactory - Finished creating instance of bean 'org.springframework.security.config.annotation.authentication.configuration.AuthenticationConfiguration'
00:31:16.222 [main] DEBUG o.s.b.f.a.AutowiredAnnotationBeanPostProcessor - Autowiring by type from bean name 'securityConfig' to bean named 'org.springframework.security.config.annotation.authentication.configuration.AuthenticationConfiguration'
00:31:16.222 [main] DEBUG o.s.b.f.annotation.InjectionMetadata - Processing injected element of bean 'securityConfig': AutowiredFieldElement for javax.sql.DataSource edu.ncsu.csc.itrust2.config.SecurityConfig.dataSource
00:31:16.223 [main] DEBUG o.s.b.f.s.DefaultListableBeanFactory - Creating shared instance of singleton bean 'dataSource'
00:31:16.223 [main] DEBUG o.s.b.f.s.DefaultListableBeanFactory - Creating instance of bean 'dataSource'
00:31:16.226 [main] DEBUG o.s.b.f.s.DefaultListableBeanFactory - Returning cached instance of singleton bean 'dataConfiguration'
00:31:16.331 [main] INFO  o.s.j.d.DriverManagerDataSource - Loaded JDBC driver: com.mysql.jdbc.Driver
00:31:16.333 [main] DEBUG o.s.b.f.s.DefaultListableBeanFactory - Eagerly caching bean 'dataSource' to allow for resolving potential circular references
00:31:16.349 [main] DEBUG o.s.b.f.s.DefaultListableBeanFactory - Returning cached instance of singleton bean 'metaDataSourceAdvisor'
00:31:16.353 [main] DEBUG o.s.b.f.s.DefaultListableBeanFactory - Finished creating instance of bean 'dataSource'
00:31:16.358 [main] DEBUG o.s.b.f.a.AutowiredAnnotationBeanPostProcessor - Autowiring by type from bean name 'securityConfig' to bean named 'dataSource'
00:31:16.358 [main] DEBUG o.s.b.f.annotation.InjectionMetadata - Processing injected element of bean 'securityConfig': AutowiredMethodElement for public void edu.ncsu.csc.itrust2.config.SecurityConfig.configureGlobal(org.springframework.security.config.annotation.authentication.builders.AuthenticationManagerBuilder) throws java.lang.Exception
00:31:16.359 [main] DEBUG o.s.b.f.s.DefaultListableBeanFactory - Creating shared instance of singleton bean 'authenticationManagerBuilder'
00:31:16.359 [main] DEBUG o.s.b.f.s.DefaultListableBeanFactory - Creating instance of bean 'authenticationManagerBuilder'
00:31:16.360 [main] DEBUG o.s.b.f.s.DefaultListableBeanFactory - Returning cached instance of singleton bean 'org.springframework.security.config.annotation.authentication.configuration.AuthenticationConfiguration'
00:31:16.361 [main] DEBUG o.s.b.f.s.DefaultListableBeanFactory - Returning cached instance of singleton bean 'objectPostProcessor'
00:31:16.361 [main] DEBUG o.s.b.f.s.DefaultListableBeanFactory - Autowiring by type from bean name 'authenticationManagerBuilder' via factory method to bean named 'objectPostProcessor'
00:31:16.400 [main] DEBUG o.s.b.f.s.DefaultListableBeanFactory - Eagerly caching bean 'authenticationManagerBuilder' to allow for resolving potential circular references
00:31:16.422 [main] DEBUG o.s.b.f.s.DefaultListableBeanFactory - Returning cached instance of singleton bean 'metaDataSourceAdvisor'
00:31:16.428 [main] DEBUG o.s.b.f.s.DefaultListableBeanFactory - Finished creating instance of bean 'authenticationManagerBuilder'
00:31:16.428 [main] DEBUG o.s.b.f.a.AutowiredAnnotationBeanPostProcessor - Autowiring by type from bean name 'securityConfig' to bean named 'authenticationManagerBuilder'
00:31:16.505 [main] DEBUG o.s.b.f.s.DefaultListableBeanFactory - Creating shared instance of singleton bean 'passwordEncoder'
00:31:16.509 [main] DEBUG o.s.b.f.s.DefaultListableBeanFactory - Creating instance of bean 'passwordEncoder'
00:31:16.516 [main] DEBUG o.s.b.f.s.DefaultListableBeanFactory - Returning cached instance of singleton bean 'metaDataSourceAdvisor'
00:31:16.574 [main] DEBUG o.s.b.f.s.DefaultListableBeanFactory - Returning eagerly cached instance of singleton bean 'securityConfig' that is not fully initialized yet - a consequence of a circular reference
00:31:16.612 [main] DEBUG o.s.b.f.s.DefaultListableBeanFactory - Eagerly caching bean 'passwordEncoder' to allow for resolving potential circular references
00:31:16.624 [main] DEBUG o.s.b.f.s.DefaultListableBeanFactory - Returning cached instance of singleton bean 'metaDataSourceAdvisor'
00:31:16.629 [main] DEBUG o.s.b.f.s.DefaultListableBeanFactory - Finished creating instance of bean 'passwordEncoder'
00:31:16.950 [main] DEBUG o.s.b.f.s.DefaultListableBeanFactory - Creating shared instance of singleton bean 'defaultAuthenticationEventPublisher'
00:31:16.954 [main] DEBUG o.s.b.f.s.DefaultListableBeanFactory - Creating instance of bean 'defaultAuthenticationEventPublisher'
00:31:16.954 [main] DEBUG o.s.b.f.s.DefaultListableBeanFactory - Returning eagerly cached instance of singleton bean 'securityConfig' that is not fully initialized yet - a consequence of a circular reference
00:31:16.966 [main] DEBUG o.s.b.f.s.DefaultListableBeanFactory - Eagerly caching bean 'defaultAuthenticationEventPublisher' to allow for resolving potential circular references
00:31:16.974 [main] DEBUG o.s.b.f.s.DefaultListableBeanFactory - Returning cached instance of singleton bean 'metaDataSourceAdvisor'
00:31:16.975 [main] DEBUG o.s.b.f.s.DefaultListableBeanFactory - Finished creating instance of bean 'defaultAuthenticationEventPublisher'
00:31:16.978 [main] DEBUG o.s.b.f.s.DefaultListableBeanFactory - Finished creating instance of bean 'securityConfig'
00:31:16.978 [main] DEBUG o.s.b.f.s.DefaultListableBeanFactory - Creating shared instance of singleton bean 'defaultController'
00:31:16.978 [main] DEBUG o.s.b.f.s.DefaultListableBeanFactory - Creating instance of bean 'defaultController'
00:31:16.988 [main] DEBUG o.s.b.f.s.DefaultListableBeanFactory - Eagerly caching bean 'defaultController' to allow for resolving potential circular references
00:31:16.994 [main] DEBUG o.s.b.f.s.DefaultListableBeanFactory - Returning cached instance of singleton bean 'metaDataSourceAdvisor'
00:31:16.995 [main] DEBUG o.s.b.f.s.DefaultListableBeanFactory - Finished creating instance of bean 'defaultController'
00:31:16.997 [main] DEBUG o.s.b.f.s.DefaultListableBeanFactory - Creating shared instance of singleton bean 'adminController'
00:31:17.002 [main] DEBUG o.s.b.f.s.DefaultListableBeanFactory - Creating instance of bean 'adminController'
00:31:17.004 [main] DEBUG o.s.b.f.s.DefaultListableBeanFactory - Eagerly caching bean 'adminController' to allow for resolving potential circular references
00:31:17.013 [main] DEBUG o.s.b.f.s.DefaultListableBeanFactory - Returning cached instance of singleton bean 'metaDataSourceAdvisor'
00:31:17.014 [main] DEBUG o.s.s.a.p.PrePostAnnotationSecurityMetadataSource - @org.springframework.security.access.prepost.PreAuthorize(value=hasRole('ROLE_ADMIN')) found on specific method: public java.lang.String edu.ncsu.csc.itrust2.controllers.admin.AdminController.index(org.springframework.ui.Model)
00:31:17.117 [main] DEBUG o.s.s.a.m.DelegatingMethodSecurityMetadataSource - Caching method [CacheKey[edu.ncsu.csc.itrust2.controllers.admin.AdminController; public java.lang.String edu.ncsu.csc.itrust2.controllers.admin.AdminController.index(org.springframework.ui.Model)]] with attributes [[authorize: 'hasRole('ROLE_ADMIN')', filter: 'null', filterTarget: 'null']]
00:31:17.131 [main] DEBUG o.s.a.f.a.InfrastructureAdvisorAutoProxyCreator - Creating implicit proxy for bean 'adminController' with 0 common interceptors and 1 specific interceptors
00:31:17.138 [main] DEBUG o.s.aop.framework.CglibAopProxy - Creating CGLIB proxy: target source is SingletonTargetSource for target object [edu.ncsu.csc.itrust2.controllers.admin.AdminController@67fdc1e9]
00:31:17.164 [main] DEBUG o.s.b.f.s.DefaultListableBeanFactory - Creating shared instance of singleton bean 'methodSecurityInterceptor'
00:31:17.164 [main] DEBUG o.s.b.f.s.DefaultListableBeanFactory - Creating instance of bean 'methodSecurityInterceptor'
00:31:17.164 [main] DEBUG o.s.b.f.s.DefaultListableBeanFactory - Returning cached instance of singleton bean 'org.springframework.security.config.annotation.method.configuration.GlobalMethodSecurityConfiguration'
00:31:17.189 [main] DEBUG o.s.b.f.s.DefaultListableBeanFactory - Returning cached instance of singleton bean 'methodSecurityMetadataSource'
00:31:17.190 [main] DEBUG o.s.b.f.s.DefaultListableBeanFactory - Eagerly caching bean 'methodSecurityInterceptor' to allow for resolving potential circular references
00:31:17.210 [main] DEBUG o.s.b.f.s.DefaultListableBeanFactory - Invoking afterPropertiesSet() on bean with name 'methodSecurityInterceptor'
00:31:17.211 [main] DEBUG o.s.s.a.i.a.MethodSecurityInterceptor - Validated configuration attributes
00:31:17.211 [main] DEBUG o.s.b.f.s.DefaultListableBeanFactory - Finished creating instance of bean 'methodSecurityInterceptor'
00:31:17.216 [main] DEBUG o.s.aop.framework.CglibAopProxy - Unable to apply any optimisations to advised method: public java.lang.String edu.ncsu.csc.itrust2.controllers.admin.AdminController.index(org.springframework.ui.Model)
00:31:17.216 [main] DEBUG o.s.aop.framework.CglibAopProxy - Found 'equals' method: public boolean java.lang.Object.equals(java.lang.Object)
00:31:17.216 [main] DEBUG o.s.aop.framework.CglibAopProxy - Unable to apply any optimisations to advised method: public java.lang.String java.lang.Object.toString()
00:31:17.217 [main] DEBUG o.s.aop.framework.CglibAopProxy - Found 'hashCode' method: public native int java.lang.Object.hashCode()
00:31:17.218 [main] DEBUG o.s.aop.framework.CglibAopProxy - Unable to apply any optimisations to advised method: protected native java.lang.Object java.lang.Object.clone() throws java.lang.CloneNotSupportedException
00:31:17.218 [main] DEBUG o.s.aop.framework.CglibAopProxy - Method is declared on Advised interface: public abstract void org.springframework.aop.framework.Advised.addAdvice(int,org.aopalliance.aop.Advice) throws org.springframework.aop.framework.AopConfigException
00:31:17.218 [main] DEBUG o.s.aop.framework.CglibAopProxy - Method is declared on Advised interface: public abstract void org.springframework.aop.framework.Advised.addAdvice(org.aopalliance.aop.Advice) throws org.springframework.aop.framework.AopConfigException
00:31:17.218 [main] DEBUG o.s.aop.framework.CglibAopProxy - Method is declared on Advised interface: public abstract boolean org.springframework.aop.framework.Advised.isPreFiltered()
00:31:17.218 [main] DEBUG o.s.aop.framework.CglibAopProxy - Method is declared on Advised interface: public abstract java.lang.Class[] org.springframework.aop.framework.Advised.getProxiedInterfaces()
00:31:17.218 [main] DEBUG o.s.aop.framework.CglibAopProxy - Method is declared on Advised interface: public abstract boolean org.springframework.aop.framework.Advised.isInterfaceProxied(java.lang.Class)
00:31:17.219 [main] DEBUG o.s.aop.framework.CglibAopProxy - Method is declared on Advised interface: public abstract org.springframework.aop.Advisor[] org.springframework.aop.framework.Advised.getAdvisors()
00:31:17.219 [main] DEBUG o.s.aop.framework.CglibAopProxy - Method is declared on Advised interface: public abstract void org.springframework.aop.framework.Advised.removeAdvisor(int) throws org.springframework.aop.framework.AopConfigException
00:31:17.219 [main] DEBUG o.s.aop.framework.CglibAopProxy - Method is declared on Advised interface: public abstract boolean org.springframework.aop.framework.Advised.removeAdvisor(org.springframework.aop.Advisor)
00:31:17.219 [main] DEBUG o.s.aop.framework.CglibAopProxy - Method is declared on Advised interface: public abstract boolean org.springframework.aop.framework.Advised.replaceAdvisor(org.springframework.aop.Advisor,org.springframework.aop.Advisor) throws org.springframework.aop.framework.AopConfigException
00:31:17.219 [main] DEBUG o.s.aop.framework.CglibAopProxy - Method is declared on Advised interface: public abstract boolean org.springframework.aop.framework.Advised.removeAdvice(org.aopalliance.aop.Advice)
00:31:17.219 [main] DEBUG o.s.aop.framework.CglibAopProxy - Method is declared on Advised interface: public abstract java.lang.String org.springframework.aop.framework.Advised.toProxyConfigString()
00:31:17.219 [main] DEBUG o.s.aop.framework.CglibAopProxy - Method is declared on Advised interface: public abstract void org.springframework.aop.framework.Advised.setTargetSource(org.springframework.aop.TargetSource)
00:31:17.220 [main] DEBUG o.s.aop.framework.CglibAopProxy - Method is declared on Advised interface: public abstract org.springframework.aop.TargetSource org.springframework.aop.framework.Advised.getTargetSource()
00:31:17.220 [main] DEBUG o.s.aop.framework.CglibAopProxy - Method is declared on Advised interface: public abstract boolean org.springframework.aop.framework.Advised.isProxyTargetClass()
00:31:17.220 [main] DEBUG o.s.aop.framework.CglibAopProxy - Method is declared on Advised interface: public abstract void org.springframework.aop.framework.Advised.addAdvisor(org.springframework.aop.Advisor) throws org.springframework.aop.framework.AopConfigException
00:31:17.220 [main] DEBUG o.s.aop.framework.CglibAopProxy - Method is declared on Advised interface: public abstract void org.springframework.aop.framework.Advised.addAdvisor(int,org.springframework.aop.Advisor) throws org.springframework.aop.framework.AopConfigException
00:31:17.220 [main] DEBUG o.s.aop.framework.CglibAopProxy - Method is declared on Advised interface: public abstract void org.springframework.aop.framework.Advised.setPreFiltered(boolean)
00:31:17.223 [main] DEBUG o.s.aop.framework.CglibAopProxy - Method is declared on Advised interface: public abstract void org.springframework.aop.framework.Advised.setExposeProxy(boolean)
00:31:17.223 [main] DEBUG o.s.aop.framework.CglibAopProxy - Method is declared on Advised interface: public abstract boolean org.springframework.aop.framework.Advised.isExposeProxy()
00:31:17.223 [main] DEBUG o.s.aop.framework.CglibAopProxy - Method is declared on Advised interface: public abstract int org.springframework.aop.framework.Advised.indexOf(org.springframework.aop.Advisor)
00:31:17.223 [main] DEBUG o.s.aop.framework.CglibAopProxy - Method is declared on Advised interface: public abstract int org.springframework.aop.framework.Advised.indexOf(org.aopalliance.aop.Advice)
00:31:17.223 [main] DEBUG o.s.aop.framework.CglibAopProxy - Method is declared on Advised interface: public abstract boolean org.springframework.aop.framework.Advised.isFrozen()
00:31:17.224 [main] DEBUG o.s.aop.framework.CglibAopProxy - Method is declared on Advised interface: public abstract java.lang.Class org.springframework.aop.TargetClassAware.getTargetClass()
00:31:17.261 [main] DEBUG o.s.b.f.s.DefaultListableBeanFactory - Finished creating instance of bean 'adminController'
00:31:17.270 [main] DEBUG o.s.b.f.s.DefaultListableBeanFactory - Creating shared instance of singleton bean 'adminUserController'
00:31:17.270 [main] DEBUG o.s.b.f.s.DefaultListableBeanFactory - Creating instance of bean 'adminUserController'
00:31:17.278 [main] DEBUG o.s.b.f.s.DefaultListableBeanFactory - Eagerly caching bean 'adminUserController' to allow for resolving potential circular references
00:31:17.280 [main] DEBUG o.s.b.f.s.DefaultListableBeanFactory - Returning cached instance of singleton bean 'metaDataSourceAdvisor'
00:31:17.281 [main] DEBUG o.s.s.a.p.PrePostAnnotationSecurityMetadataSource - @org.springframework.security.access.prepost.PreAuthorize(value=hasRole('ROLE_ADMIN')) found on specific method: public java.lang.String edu.ncsu.csc.itrust2.controllers.admin.AdminUserController.addUser(org.springframework.ui.Model)
00:31:17.282 [main] DEBUG o.s.s.a.m.DelegatingMethodSecurityMetadataSource - Caching method [CacheKey[edu.ncsu.csc.itrust2.controllers.admin.AdminUserController; public java.lang.String edu.ncsu.csc.itrust2.controllers.admin.AdminUserController.addUser(org.springframework.ui.Model)]] with attributes [[authorize: 'hasRole('ROLE_ADMIN')', filter: 'null', filterTarget: 'null']]
00:31:17.283 [main] DEBUG o.s.a.f.a.InfrastructureAdvisorAutoProxyCreator - Creating implicit proxy for bean 'adminUserController' with 0 common interceptors and 1 specific interceptors
00:31:17.283 [main] DEBUG o.s.aop.framework.CglibAopProxy - Creating CGLIB proxy: target source is SingletonTargetSource for target object [edu.ncsu.csc.itrust2.controllers.admin.AdminUserController@49ed3b76]
00:31:17.284 [main] DEBUG o.s.aop.framework.CglibAopProxy - Unable to apply any optimisations to advised method: public java.lang.String edu.ncsu.csc.itrust2.controllers.admin.AdminUserController.addUser(org.springframework.ui.Model)
00:31:17.286 [main] DEBUG o.s.s.a.p.PrePostAnnotationSecurityMetadataSource - @org.springframework.security.access.prepost.PreAuthorize(value=hasRole('ROLE_ADMIN')) found on specific method: public java.lang.String edu.ncsu.csc.itrust2.controllers.admin.AdminUserController.addUserSubmit(edu.ncsu.csc.itrust2.forms.admin.UserForm,org.springframework.validation.BindingResult,org.springframework.ui.Model)
00:31:17.287 [main] DEBUG o.s.s.a.m.DelegatingMethodSecurityMetadataSource - Caching method [CacheKey[edu.ncsu.csc.itrust2.controllers.admin.AdminUserController; public java.lang.String edu.ncsu.csc.itrust2.controllers.admin.AdminUserController.addUserSubmit(edu.ncsu.csc.itrust2.forms.admin.UserForm,org.springframework.validation.BindingResult,org.springframework.ui.Model)]] with attributes [[authorize: 'hasRole('ROLE_ADMIN')', filter: 'null', filterTarget: 'null']]
00:31:17.288 [main] DEBUG o.s.aop.framework.CglibAopProxy - Unable to apply any optimisations to advised method: public java.lang.String edu.ncsu.csc.itrust2.controllers.admin.AdminUserController.addUserSubmit(edu.ncsu.csc.itrust2.forms.admin.UserForm,org.springframework.validation.BindingResult,org.springframework.ui.Model)
00:31:17.288 [main] DEBUG o.s.s.a.p.PrePostAnnotationSecurityMetadataSource - @org.springframework.security.access.prepost.PreAuthorize(value=hasRole('ROLE_ADMIN')) found on specific method: public java.lang.String edu.ncsu.csc.itrust2.controllers.admin.AdminUserController.deleteUser(org.springframework.ui.Model)
00:31:17.288 [main] DEBUG o.s.s.a.m.DelegatingMethodSecurityMetadataSource - Caching method [CacheKey[edu.ncsu.csc.itrust2.controllers.admin.AdminUserController; public java.lang.String edu.ncsu.csc.itrust2.controllers.admin.AdminUserController.deleteUser(org.springframework.ui.Model)]] with attributes [[authorize: 'hasRole('ROLE_ADMIN')', filter: 'null', filterTarget: 'null']]
00:31:17.288 [main] DEBUG o.s.aop.framework.CglibAopProxy - Unable to apply any optimisations to advised method: public java.lang.String edu.ncsu.csc.itrust2.controllers.admin.AdminUserController.deleteUser(org.springframework.ui.Model)
00:31:17.289 [main] DEBUG o.s.s.a.p.PrePostAnnotationSecurityMetadataSource - @org.springframework.security.access.prepost.PreAuthorize(value=hasRole('ROLE_ADMIN')) found on specific method: public java.lang.String edu.ncsu.csc.itrust2.controllers.admin.AdminUserController.deleteUserSubmit(edu.ncsu.csc.itrust2.forms.admin.DeleteUserForm,org.springframework.validation.BindingResult,org.springframework.ui.Model)
00:31:17.289 [main] DEBUG o.s.s.a.m.DelegatingMethodSecurityMetadataSource - Caching method [CacheKey[edu.ncsu.csc.itrust2.controllers.admin.AdminUserController; public java.lang.String edu.ncsu.csc.itrust2.controllers.admin.AdminUserController.deleteUserSubmit(edu.ncsu.csc.itrust2.forms.admin.DeleteUserForm,org.springframework.validation.BindingResult,org.springframework.ui.Model)]] with attributes [[authorize: 'hasRole('ROLE_ADMIN')', filter: 'null', filterTarget: 'null']]
00:31:17.289 [main] DEBUG o.s.aop.framework.CglibAopProxy - Unable to apply any optimisations to advised method: public java.lang.String edu.ncsu.csc.itrust2.controllers.admin.AdminUserController.deleteUserSubmit(edu.ncsu.csc.itrust2.forms.admin.DeleteUserForm,org.springframework.validation.BindingResult,org.springframework.ui.Model)
00:31:17.290 [main] DEBUG o.s.s.a.p.PrePostAnnotationSecurityMetadataSource - @org.springframework.security.access.prepost.PreAuthorize(value=hasRole('ROLE_ADMIN')) found on specific method: public java.lang.String edu.ncsu.csc.itrust2.controllers.admin.AdminUserController.drugs(org.springframework.ui.Model)
00:31:17.298 [main] DEBUG o.s.s.a.m.DelegatingMethodSecurityMetadataSource - Caching method [CacheKey[edu.ncsu.csc.itrust2.controllers.admin.AdminUserController; public java.lang.String edu.ncsu.csc.itrust2.controllers.admin.AdminUserController.drugs(org.springframework.ui.Model)]] with attributes [[authorize: 'hasRole('ROLE_ADMIN')', filter: 'null', filterTarget: 'null']]
00:31:17.298 [main] DEBUG o.s.aop.framework.CglibAopProxy - Unable to apply any optimisations to advised method: public java.lang.String edu.ncsu.csc.itrust2.controllers.admin.AdminUserController.drugs(org.springframework.ui.Model)
00:31:17.298 [main] DEBUG o.s.aop.framework.CglibAopProxy - Found 'equals' method: public boolean java.lang.Object.equals(java.lang.Object)
00:31:17.299 [main] DEBUG o.s.aop.framework.CglibAopProxy - Unable to apply any optimisations to advised method: public java.lang.String java.lang.Object.toString()
00:31:17.299 [main] DEBUG o.s.aop.framework.CglibAopProxy - Found 'hashCode' method: public native int java.lang.Object.hashCode()
00:31:17.299 [main] DEBUG o.s.aop.framework.CglibAopProxy - Unable to apply any optimisations to advised method: protected native java.lang.Object java.lang.Object.clone() throws java.lang.CloneNotSupportedException
00:31:17.299 [main] DEBUG o.s.aop.framework.CglibAopProxy - Method is declared on Advised interface: public abstract void org.springframework.aop.framework.Advised.addAdvice(int,org.aopalliance.aop.Advice) throws org.springframework.aop.framework.AopConfigException
00:31:17.304 [main] DEBUG o.s.aop.framework.CglibAopProxy - Method is declared on Advised interface: public abstract void org.springframework.aop.framework.Advised.addAdvice(org.aopalliance.aop.Advice) throws org.springframework.aop.framework.AopConfigException
00:31:17.304 [main] DEBUG o.s.aop.framework.CglibAopProxy - Method is declared on Advised interface: public abstract boolean org.springframework.aop.framework.Advised.isPreFiltered()
00:31:17.305 [main] DEBUG o.s.aop.framework.CglibAopProxy - Method is declared on Advised interface: public abstract java.lang.Class[] org.springframework.aop.framework.Advised.getProxiedInterfaces()
00:31:17.305 [main] DEBUG o.s.aop.framework.CglibAopProxy - Method is declared on Advised interface: public abstract boolean org.springframework.aop.framework.Advised.isInterfaceProxied(java.lang.Class)
00:31:17.305 [main] DEBUG o.s.aop.framework.CglibAopProxy - Method is declared on Advised interface: public abstract org.springframework.aop.Advisor[] org.springframework.aop.framework.Advised.getAdvisors()
00:31:17.305 [main] DEBUG o.s.aop.framework.CglibAopProxy - Method is declared on Advised interface: public abstract void org.springframework.aop.framework.Advised.removeAdvisor(int) throws org.springframework.aop.framework.AopConfigException
00:31:17.305 [main] DEBUG o.s.aop.framework.CglibAopProxy - Method is declared on Advised interface: public abstract boolean org.springframework.aop.framework.Advised.removeAdvisor(org.springframework.aop.Advisor)
00:31:17.305 [main] DEBUG o.s.aop.framework.CglibAopProxy - Method is declared on Advised interface: public abstract boolean org.springframework.aop.framework.Advised.replaceAdvisor(org.springframework.aop.Advisor,org.springframework.aop.Advisor) throws org.springframework.aop.framework.AopConfigException
00:31:17.305 [main] DEBUG o.s.aop.framework.CglibAopProxy - Method is declared on Advised interface: public abstract boolean org.springframework.aop.framework.Advised.removeAdvice(org.aopalliance.aop.Advice)
00:31:17.306 [main] DEBUG o.s.aop.framework.CglibAopProxy - Method is declared on Advised interface: public abstract java.lang.String org.springframework.aop.framework.Advised.toProxyConfigString()
00:31:17.306 [main] DEBUG o.s.aop.framework.CglibAopProxy - Method is declared on Advised interface: public abstract void org.springframework.aop.framework.Advised.setTargetSource(org.springframework.aop.TargetSource)
00:31:17.306 [main] DEBUG o.s.aop.framework.CglibAopProxy - Method is declared on Advised interface: public abstract org.springframework.aop.TargetSource org.springframework.aop.framework.Advised.getTargetSource()
00:31:17.306 [main] DEBUG o.s.aop.framework.CglibAopProxy - Method is declared on Advised interface: public abstract boolean org.springframework.aop.framework.Advised.isProxyTargetClass()
00:31:17.306 [main] DEBUG o.s.aop.framework.CglibAopProxy - Method is declared on Advised interface: public abstract void org.springframework.aop.framework.Advised.addAdvisor(org.springframework.aop.Advisor) throws org.springframework.aop.framework.AopConfigException
00:31:17.306 [main] DEBUG o.s.aop.framework.CglibAopProxy - Method is declared on Advised interface: public abstract void org.springframework.aop.framework.Advised.addAdvisor(int,org.springframework.aop.Advisor) throws org.springframework.aop.framework.AopConfigException
00:31:17.306 [main] DEBUG o.s.aop.framework.CglibAopProxy - Method is declared on Advised interface: public abstract void org.springframework.aop.framework.Advised.setPreFiltered(boolean)
00:31:17.307 [main] DEBUG o.s.aop.framework.CglibAopProxy - Method is declared on Advised interface: public abstract void org.springframework.aop.framework.Advised.setExposeProxy(boolean)
00:31:17.307 [main] DEBUG o.s.aop.framework.CglibAopProxy - Method is declared on Advised interface: public abstract boolean org.springframework.aop.framework.Advised.isExposeProxy()
00:31:17.307 [main] DEBUG o.s.aop.framework.CglibAopProxy - Method is declared on Advised interface: public abstract int org.springframework.aop.framework.Advised.indexOf(org.springframework.aop.Advisor)
00:31:17.307 [main] DEBUG o.s.aop.framework.CglibAopProxy - Method is declared on Advised interface: public abstract int org.springframework.aop.framework.Advised.indexOf(org.aopalliance.aop.Advice)
00:31:17.307 [main] DEBUG o.s.aop.framework.CglibAopProxy - Method is declared on Advised interface: public abstract boolean org.springframework.aop.framework.Advised.isFrozen()
00:31:17.307 [main] DEBUG o.s.aop.framework.CglibAopProxy - Method is declared on Advised interface: public abstract java.lang.Class org.springframework.aop.TargetClassAware.getTargetClass()
00:31:17.335 [main] DEBUG o.s.b.f.s.DefaultListableBeanFactory - Finished creating instance of bean 'adminUserController'
00:31:17.336 [main] DEBUG o.s.b.f.s.DefaultListableBeanFactory - Creating shared instance of singleton bean 'hospitalController'
00:31:17.336 [main] DEBUG o.s.b.f.s.DefaultListableBeanFactory - Creating instance of bean 'hospitalController'
00:31:17.343 [main] DEBUG o.s.b.f.s.DefaultListableBeanFactory - Eagerly caching bean 'hospitalController' to allow for resolving potential circular references
00:31:17.345 [main] DEBUG o.s.b.f.s.DefaultListableBeanFactory - Returning cached instance of singleton bean 'metaDataSourceAdvisor'
00:31:17.345 [main] DEBUG o.s.s.a.p.PrePostAnnotationSecurityMetadataSource - @org.springframework.security.access.prepost.PreAuthorize(value=hasRole('ROLE_ADMIN')) found on specific method: public java.lang.String edu.ncsu.csc.itrust2.controllers.admin.HospitalController.addHospitalSubmit(edu.ncsu.csc.itrust2.forms.admin.HospitalForm,org.springframework.validation.BindingResult,org.springframework.ui.Model)
00:31:17.346 [main] DEBUG o.s.s.a.m.DelegatingMethodSecurityMetadataSource - Caching method [CacheKey[edu.ncsu.csc.itrust2.controllers.admin.HospitalController; public java.lang.String edu.ncsu.csc.itrust2.controllers.admin.HospitalController.addHospitalSubmit(edu.ncsu.csc.itrust2.forms.admin.HospitalForm,org.springframework.validation.BindingResult,org.springframework.ui.Model)]] with attributes [[authorize: 'hasRole('ROLE_ADMIN')', filter: 'null', filterTarget: 'null']]
00:31:17.346 [main] DEBUG o.s.a.f.a.InfrastructureAdvisorAutoProxyCreator - Creating implicit proxy for bean 'hospitalController' with 0 common interceptors and 1 specific interceptors
00:31:17.346 [main] DEBUG o.s.aop.framework.CglibAopProxy - Creating CGLIB proxy: target source is SingletonTargetSource for target object [edu.ncsu.csc.itrust2.controllers.admin.HospitalController@48306567]
00:31:17.348 [main] DEBUG o.s.aop.framework.CglibAopProxy - Unable to apply any optimisations to advised method: public java.lang.String edu.ncsu.csc.itrust2.controllers.admin.HospitalController.addHospitalSubmit(edu.ncsu.csc.itrust2.forms.admin.HospitalForm,org.springframework.validation.BindingResult,org.springframework.ui.Model)
00:31:17.348 [main] DEBUG o.s.s.a.p.PrePostAnnotationSecurityMetadataSource - @org.springframework.security.access.prepost.PreAuthorize(value=hasRole('ROLE_ADMIN')) found on specific method: public java.lang.String edu.ncsu.csc.itrust2.controllers.admin.HospitalController.deleteHospital(org.springframework.ui.Model)
00:31:17.351 [main] DEBUG o.s.s.a.m.DelegatingMethodSecurityMetadataSource - Caching method [CacheKey[edu.ncsu.csc.itrust2.controllers.admin.HospitalController; public java.lang.String edu.ncsu.csc.itrust2.controllers.admin.HospitalController.deleteHospital(org.springframework.ui.Model)]] with attributes [[authorize: 'hasRole('ROLE_ADMIN')', filter: 'null', filterTarget: 'null']]
00:31:17.351 [main] DEBUG o.s.aop.framework.CglibAopProxy - Unable to apply any optimisations to advised method: public java.lang.String edu.ncsu.csc.itrust2.controllers.admin.HospitalController.deleteHospital(org.springframework.ui.Model)
00:31:17.351 [main] DEBUG o.s.s.a.p.PrePostAnnotationSecurityMetadataSource - @org.springframework.security.access.prepost.PreAuthorize(value=hasRole('ROLE_ADMIN')) found on specific method: public java.lang.String edu.ncsu.csc.itrust2.controllers.admin.HospitalController.deleteHospitalSubmit(edu.ncsu.csc.itrust2.forms.admin.DeleteHospitalForm,org.springframework.validation.BindingResult,org.springframework.ui.Model)
00:31:17.352 [main] DEBUG o.s.s.a.m.DelegatingMethodSecurityMetadataSource - Caching method [CacheKey[edu.ncsu.csc.itrust2.controllers.admin.HospitalController; public java.lang.String edu.ncsu.csc.itrust2.controllers.admin.HospitalController.deleteHospitalSubmit(edu.ncsu.csc.itrust2.forms.admin.DeleteHospitalForm,org.springframework.validation.BindingResult,org.springframework.ui.Model)]] with attributes [[authorize: 'hasRole('ROLE_ADMIN')', filter: 'null', filterTarget: 'null']]
00:31:17.352 [main] DEBUG o.s.aop.framework.CglibAopProxy - Unable to apply any optimisations to advised method: public java.lang.String edu.ncsu.csc.itrust2.controllers.admin.HospitalController.deleteHospitalSubmit(edu.ncsu.csc.itrust2.forms.admin.DeleteHospitalForm,org.springframework.validation.BindingResult,org.springframework.ui.Model)
00:31:17.352 [main] DEBUG o.s.s.a.p.PrePostAnnotationSecurityMetadataSource - @org.springframework.security.access.prepost.PreAuthorize(value=hasRole('ROLE_ADMIN')) found on specific method: public java.lang.String edu.ncsu.csc.itrust2.controllers.admin.HospitalController.addHospital(org.springframework.ui.Model)
00:31:17.353 [main] DEBUG o.s.s.a.m.DelegatingMethodSecurityMetadataSource - Caching method [CacheKey[edu.ncsu.csc.itrust2.controllers.admin.HospitalController; public java.lang.String edu.ncsu.csc.itrust2.controllers.admin.HospitalController.addHospital(org.springframework.ui.Model)]] with attributes [[authorize: 'hasRole('ROLE_ADMIN')', filter: 'null', filterTarget: 'null']]
00:31:17.353 [main] DEBUG o.s.aop.framework.CglibAopProxy - Unable to apply any optimisations to advised method: public java.lang.String edu.ncsu.csc.itrust2.controllers.admin.HospitalController.addHospital(org.springframework.ui.Model)
00:31:17.353 [main] DEBUG o.s.aop.framework.CglibAopProxy - Found 'equals' method: public boolean java.lang.Object.equals(java.lang.Object)
00:31:17.353 [main] DEBUG o.s.aop.framework.CglibAopProxy - Unable to apply any optimisations to advised method: public java.lang.String java.lang.Object.toString()
00:31:17.353 [main] DEBUG o.s.aop.framework.CglibAopProxy - Found 'hashCode' method: public native int java.lang.Object.hashCode()
00:31:17.353 [main] DEBUG o.s.aop.framework.CglibAopProxy - Unable to apply any optimisations to advised method: protected native java.lang.Object java.lang.Object.clone() throws java.lang.CloneNotSupportedException
00:31:17.354 [main] DEBUG o.s.aop.framework.CglibAopProxy - Method is declared on Advised interface: public abstract void org.springframework.aop.framework.Advised.addAdvice(int,org.aopalliance.aop.Advice) throws org.springframework.aop.framework.AopConfigException
00:31:17.354 [main] DEBUG o.s.aop.framework.CglibAopProxy - Method is declared on Advised interface: public abstract void org.springframework.aop.framework.Advised.addAdvice(org.aopalliance.aop.Advice) throws org.springframework.aop.framework.AopConfigException
00:31:17.354 [main] DEBUG o.s.aop.framework.CglibAopProxy - Method is declared on Advised interface: public abstract boolean org.springframework.aop.framework.Advised.isPreFiltered()
00:31:17.354 [main] DEBUG o.s.aop.framework.CglibAopProxy - Method is declared on Advised interface: public abstract java.lang.Class[] org.springframework.aop.framework.Advised.getProxiedInterfaces()
00:31:17.354 [main] DEBUG o.s.aop.framework.CglibAopProxy - Method is declared on Advised interface: public abstract boolean org.springframework.aop.framework.Advised.isInterfaceProxied(java.lang.Class)
00:31:17.354 [main] DEBUG o.s.aop.framework.CglibAopProxy - Method is declared on Advised interface: public abstract org.springframework.aop.Advisor[] org.springframework.aop.framework.Advised.getAdvisors()
00:31:17.362 [main] DEBUG o.s.aop.framework.CglibAopProxy - Method is declared on Advised interface: public abstract void org.springframework.aop.framework.Advised.removeAdvisor(int) throws org.springframework.aop.framework.AopConfigException
00:31:17.362 [main] DEBUG o.s.aop.framework.CglibAopProxy - Method is declared on Advised interface: public abstract boolean org.springframework.aop.framework.Advised.removeAdvisor(org.springframework.aop.Advisor)
00:31:17.362 [main] DEBUG o.s.aop.framework.CglibAopProxy - Method is declared on Advised interface: public abstract boolean org.springframework.aop.framework.Advised.replaceAdvisor(org.springframework.aop.Advisor,org.springframework.aop.Advisor) throws org.springframework.aop.framework.AopConfigException
00:31:17.362 [main] DEBUG o.s.aop.framework.CglibAopProxy - Method is declared on Advised interface: public abstract boolean org.springframework.aop.framework.Advised.removeAdvice(org.aopalliance.aop.Advice)
00:31:17.363 [main] DEBUG o.s.aop.framework.CglibAopProxy - Method is declared on Advised interface: public abstract java.lang.String org.springframework.aop.framework.Advised.toProxyConfigString()
00:31:17.363 [main] DEBUG o.s.aop.framework.CglibAopProxy - Method is declared on Advised interface: public abstract void org.springframework.aop.framework.Advised.setTargetSource(org.springframework.aop.TargetSource)
00:31:17.367 [main] DEBUG o.s.aop.framework.CglibAopProxy - Method is declared on Advised interface: public abstract org.springframework.aop.TargetSource org.springframework.aop.framework.Advised.getTargetSource()
00:31:17.370 [main] DEBUG o.s.aop.framework.CglibAopProxy - Method is declared on Advised interface: public abstract boolean org.springframework.aop.framework.Advised.isProxyTargetClass()
00:31:17.370 [main] DEBUG o.s.aop.framework.CglibAopProxy - Method is declared on Advised interface: public abstract void org.springframework.aop.framework.Advised.addAdvisor(org.springframework.aop.Advisor) throws org.springframework.aop.framework.AopConfigException
00:31:17.371 [main] DEBUG o.s.aop.framework.CglibAopProxy - Method is declared on Advised interface: public abstract void org.springframework.aop.framework.Advised.addAdvisor(int,org.springframework.aop.Advisor) throws org.springframework.aop.framework.AopConfigException
00:31:17.371 [main] DEBUG o.s.aop.framework.CglibAopProxy - Method is declared on Advised interface: public abstract void org.springframework.aop.framework.Advised.setPreFiltered(boolean)
00:31:17.371 [main] DEBUG o.s.aop.framework.CglibAopProxy - Method is declared on Advised interface: public abstract void org.springframework.aop.framework.Advised.setExposeProxy(boolean)
00:31:17.371 [main] DEBUG o.s.aop.framework.CglibAopProxy - Method is declared on Advised interface: public abstract boolean org.springframework.aop.framework.Advised.isExposeProxy()
00:31:17.371 [main] DEBUG o.s.aop.framework.CglibAopProxy - Method is declared on Advised interface: public abstract int org.springframework.aop.framework.Advised.indexOf(org.springframework.aop.Advisor)
00:31:17.371 [main] DEBUG o.s.aop.framework.CglibAopProxy - Method is declared on Advised interface: public abstract int org.springframework.aop.framework.Advised.indexOf(org.aopalliance.aop.Advice)
00:31:17.371 [main] DEBUG o.s.aop.framework.CglibAopProxy - Method is declared on Advised interface: public abstract boolean org.springframework.aop.framework.Advised.isFrozen()
00:31:17.372 [main] DEBUG o.s.aop.framework.CglibAopProxy - Method is declared on Advised interface: public abstract java.lang.Class org.springframework.aop.TargetClassAware.getTargetClass()
00:31:17.396 [main] DEBUG o.s.b.f.s.DefaultListableBeanFactory - Finished creating instance of bean 'hospitalController'
00:31:17.397 [main] DEBUG o.s.b.f.s.DefaultListableBeanFactory - Creating shared instance of singleton bean 'ICDCodesController'
00:31:17.403 [main] DEBUG o.s.b.f.s.DefaultListableBeanFactory - Creating instance of bean 'ICDCodesController'
00:31:17.404 [main] DEBUG o.s.b.f.s.DefaultListableBeanFactory - Eagerly caching bean 'ICDCodesController' to allow for resolving potential circular references
00:31:17.406 [main] DEBUG o.s.b.f.s.DefaultListableBeanFactory - Returning cached instance of singleton bean 'metaDataSourceAdvisor'
00:31:17.406 [main] DEBUG o.s.s.a.p.PrePostAnnotationSecurityMetadataSource - @org.springframework.security.access.prepost.PreAuthorize(value=hasRole('ROLE_ADMIN')) found on specific method: public java.lang.String edu.ncsu.csc.itrust2.controllers.admin.ICDCodesController.addCode(org.springframework.ui.Model)
00:31:17.407 [main] DEBUG o.s.s.a.m.DelegatingMethodSecurityMetadataSource - Caching method [CacheKey[edu.ncsu.csc.itrust2.controllers.admin.ICDCodesController; public java.lang.String edu.ncsu.csc.itrust2.controllers.admin.ICDCodesController.addCode(org.springframework.ui.Model)]] with attributes [[authorize: 'hasRole('ROLE_ADMIN')', filter: 'null', filterTarget: 'null']]
00:31:17.407 [main] DEBUG o.s.a.f.a.InfrastructureAdvisorAutoProxyCreator - Creating implicit proxy for bean 'ICDCodesController' with 0 common interceptors and 1 specific interceptors
00:31:17.407 [main] DEBUG o.s.aop.framework.CglibAopProxy - Creating CGLIB proxy: target source is SingletonTargetSource for target object [edu.ncsu.csc.itrust2.controllers.admin.ICDCodesController@410c1f44]
00:31:17.409 [main] DEBUG o.s.aop.framework.CglibAopProxy - Unable to apply any optimisations to advised method: public java.lang.String edu.ncsu.csc.itrust2.controllers.admin.ICDCodesController.addCode(org.springframework.ui.Model)
00:31:17.410 [main] DEBUG o.s.aop.framework.CglibAopProxy - Found 'equals' method: public boolean java.lang.Object.equals(java.lang.Object)
00:31:17.410 [main] DEBUG o.s.aop.framework.CglibAopProxy - Unable to apply any optimisations to advised method: public java.lang.String java.lang.Object.toString()
00:31:17.410 [main] DEBUG o.s.aop.framework.CglibAopProxy - Found 'hashCode' method: public native int java.lang.Object.hashCode()
00:31:17.412 [main] DEBUG o.s.aop.framework.CglibAopProxy - Unable to apply any optimisations to advised method: protected native java.lang.Object java.lang.Object.clone() throws java.lang.CloneNotSupportedException
00:31:17.413 [main] DEBUG o.s.aop.framework.CglibAopProxy - Method is declared on Advised interface: public abstract void org.springframework.aop.framework.Advised.addAdvice(int,org.aopalliance.aop.Advice) throws org.springframework.aop.framework.AopConfigException
00:31:17.413 [main] DEBUG o.s.aop.framework.CglibAopProxy - Method is declared on Advised interface: public abstract void org.springframework.aop.framework.Advised.addAdvice(org.aopalliance.aop.Advice) throws org.springframework.aop.framework.AopConfigException
00:31:17.413 [main] DEBUG o.s.aop.framework.CglibAopProxy - Method is declared on Advised interface: public abstract boolean org.springframework.aop.framework.Advised.isPreFiltered()
00:31:17.413 [main] DEBUG o.s.aop.framework.CglibAopProxy - Method is declared on Advised interface: public abstract java.lang.Class[] org.springframework.aop.framework.Advised.getProxiedInterfaces()
00:31:17.413 [main] DEBUG o.s.aop.framework.CglibAopProxy - Method is declared on Advised interface: public abstract boolean org.springframework.aop.framework.Advised.isInterfaceProxied(java.lang.Class)
00:31:17.414 [main] DEBUG o.s.aop.framework.CglibAopProxy - Method is declared on Advised interface: public abstract org.springframework.aop.Advisor[] org.springframework.aop.framework.Advised.getAdvisors()
00:31:17.414 [main] DEBUG o.s.aop.framework.CglibAopProxy - Method is declared on Advised interface: public abstract void org.springframework.aop.framework.Advised.removeAdvisor(int) throws org.springframework.aop.framework.AopConfigException
00:31:17.414 [main] DEBUG o.s.aop.framework.CglibAopProxy - Method is declared on Advised interface: public abstract boolean org.springframework.aop.framework.Advised.removeAdvisor(org.springframework.aop.Advisor)
00:31:17.414 [main] DEBUG o.s.aop.framework.CglibAopProxy - Method is declared on Advised interface: public abstract boolean org.springframework.aop.framework.Advised.replaceAdvisor(org.springframework.aop.Advisor,org.springframework.aop.Advisor) throws org.springframework.aop.framework.AopConfigException
00:31:17.418 [main] DEBUG o.s.aop.framework.CglibAopProxy - Method is declared on Advised interface: public abstract boolean org.springframework.aop.framework.Advised.removeAdvice(org.aopalliance.aop.Advice)
00:31:17.421 [main] DEBUG o.s.aop.framework.CglibAopProxy - Method is declared on Advised interface: public abstract java.lang.String org.springframework.aop.framework.Advised.toProxyConfigString()
00:31:17.421 [main] DEBUG o.s.aop.framework.CglibAopProxy - Method is declared on Advised interface: public abstract void org.springframework.aop.framework.Advised.setTargetSource(org.springframework.aop.TargetSource)
00:31:17.421 [main] DEBUG o.s.aop.framework.CglibAopProxy - Method is declared on Advised interface: public abstract org.springframework.aop.TargetSource org.springframework.aop.framework.Advised.getTargetSource()
00:31:17.421 [main] DEBUG o.s.aop.framework.CglibAopProxy - Method is declared on Advised interface: public abstract boolean org.springframework.aop.framework.Advised.isProxyTargetClass()
00:31:17.421 [main] DEBUG o.s.aop.framework.CglibAopProxy - Method is declared on Advised interface: public abstract void org.springframework.aop.framework.Advised.addAdvisor(org.springframework.aop.Advisor) throws org.springframework.aop.framework.AopConfigException
00:31:17.421 [main] DEBUG o.s.aop.framework.CglibAopProxy - Method is declared on Advised interface: public abstract void org.springframework.aop.framework.Advised.addAdvisor(int,org.springframework.aop.Advisor) throws org.springframework.aop.framework.AopConfigException
00:31:17.422 [main] DEBUG o.s.aop.framework.CglibAopProxy - Method is declared on Advised interface: public abstract void org.springframework.aop.framework.Advised.setPreFiltered(boolean)
00:31:17.422 [main] DEBUG o.s.aop.framework.CglibAopProxy - Method is declared on Advised interface: public abstract void org.springframework.aop.framework.Advised.setExposeProxy(boolean)
00:31:17.422 [main] DEBUG o.s.aop.framework.CglibAopProxy - Method is declared on Advised interface: public abstract boolean org.springframework.aop.framework.Advised.isExposeProxy()
00:31:17.422 [main] DEBUG o.s.aop.framework.CglibAopProxy - Method is declared on Advised interface: public abstract int org.springframework.aop.framework.Advised.indexOf(org.springframework.aop.Advisor)
00:31:17.422 [main] DEBUG o.s.aop.framework.CglibAopProxy - Method is declared on Advised interface: public abstract int org.springframework.aop.framework.Advised.indexOf(org.aopalliance.aop.Advice)
00:31:17.422 [main] DEBUG o.s.aop.framework.CglibAopProxy - Method is declared on Advised interface: public abstract boolean org.springframework.aop.framework.Advised.isFrozen()
00:31:17.423 [main] DEBUG o.s.aop.framework.CglibAopProxy - Method is declared on Advised interface: public abstract java.lang.Class org.springframework.aop.TargetClassAware.getTargetClass()
00:31:17.443 [main] DEBUG o.s.b.f.s.DefaultListableBeanFactory - Finished creating instance of bean 'ICDCodesController'
00:31:17.450 [main] DEBUG o.s.b.f.s.DefaultListableBeanFactory - Creating shared instance of singleton bean 'APIAppointmentRequestController'
00:31:17.450 [main] DEBUG o.s.b.f.s.DefaultListableBeanFactory - Creating instance of bean 'APIAppointmentRequestController'
00:31:17.794 [main] DEBUG o.s.b.f.s.DefaultListableBeanFactory - Eagerly caching bean 'APIAppointmentRequestController' to allow for resolving potential circular references
00:31:17.800 [main] DEBUG o.s.b.f.s.DefaultListableBeanFactory - Returning cached instance of singleton bean 'metaDataSourceAdvisor'
00:31:17.807 [main] DEBUG o.s.b.f.s.DefaultListableBeanFactory - Finished creating instance of bean 'APIAppointmentRequestController'
00:31:17.808 [main] DEBUG o.s.b.f.s.DefaultListableBeanFactory - Creating shared instance of singleton bean 'APIDiagnosisController'
00:31:17.808 [main] DEBUG o.s.b.f.s.DefaultListableBeanFactory - Creating instance of bean 'APIDiagnosisController'
00:31:17.809 [main] DEBUG o.s.b.f.s.DefaultListableBeanFactory - Eagerly caching bean 'APIDiagnosisController' to allow for resolving potential circular references
00:31:17.816 [main] DEBUG o.s.b.f.s.DefaultListableBeanFactory - Returning cached instance of singleton bean 'metaDataSourceAdvisor'
00:31:17.820 [main] DEBUG o.s.b.f.s.DefaultListableBeanFactory - Finished creating instance of bean 'APIDiagnosisController'
00:31:17.823 [main] DEBUG o.s.b.f.s.DefaultListableBeanFactory - Creating shared instance of singleton bean 'APIDrugController'
00:31:17.823 [main] DEBUG o.s.b.f.s.DefaultListableBeanFactory - Creating instance of bean 'APIDrugController'
00:31:17.826 [main] DEBUG o.s.b.f.s.DefaultListableBeanFactory - Eagerly caching bean 'APIDrugController' to allow for resolving potential circular references
00:31:17.831 [main] DEBUG o.s.b.f.s.DefaultListableBeanFactory - Returning cached instance of singleton bean 'metaDataSourceAdvisor'
00:31:17.835 [main] DEBUG o.s.s.a.p.PrePostAnnotationSecurityMetadataSource - @org.springframework.security.access.prepost.PreAuthorize(value=hasRole('ROLE_ADMIN')) found on specific method: public org.springframework.http.ResponseEntity edu.ncsu.csc.itrust2.controllers.api.APIDrugController.addDrug(edu.ncsu.csc.itrust2.forms.admin.DrugForm)
00:31:17.836 [main] DEBUG o.s.s.a.m.DelegatingMethodSecurityMetadataSource - Caching method [CacheKey[edu.ncsu.csc.itrust2.controllers.api.APIDrugController; public org.springframework.http.ResponseEntity edu.ncsu.csc.itrust2.controllers.api.APIDrugController.addDrug(edu.ncsu.csc.itrust2.forms.admin.DrugForm)]] with attributes [[authorize: 'hasRole('ROLE_ADMIN')', filter: 'null', filterTarget: 'null']]
00:31:17.836 [main] DEBUG o.s.a.f.a.InfrastructureAdvisorAutoProxyCreator - Creating implicit proxy for bean 'APIDrugController' with 0 common interceptors and 1 specific interceptors
00:31:17.836 [main] DEBUG o.s.aop.framework.CglibAopProxy - Creating CGLIB proxy: target source is SingletonTargetSource for target object [edu.ncsu.csc.itrust2.controllers.api.APIDrugController@6e057374]
00:31:17.839 [main] DEBUG o.s.aop.framework.CglibAopProxy - Unable to apply any optimisations to advised method: public org.springframework.http.ResponseEntity edu.ncsu.csc.itrust2.controllers.api.APIDrugController.addDrug(edu.ncsu.csc.itrust2.forms.admin.DrugForm)
00:31:17.839 [main] DEBUG o.s.s.a.p.PrePostAnnotationSecurityMetadataSource - @org.springframework.security.access.prepost.PreAuthorize(value=hasRole('ROLE_ADMIN')) found on specific method: public org.springframework.http.ResponseEntity edu.ncsu.csc.itrust2.controllers.api.APIDrugController.editDrug(edu.ncsu.csc.itrust2.forms.admin.DrugForm)
00:31:17.840 [main] DEBUG o.s.s.a.m.DelegatingMethodSecurityMetadataSource - Caching method [CacheKey[edu.ncsu.csc.itrust2.controllers.api.APIDrugController; public org.springframework.http.ResponseEntity edu.ncsu.csc.itrust2.controllers.api.APIDrugController.editDrug(edu.ncsu.csc.itrust2.forms.admin.DrugForm)]] with attributes [[authorize: 'hasRole('ROLE_ADMIN')', filter: 'null', filterTarget: 'null']]
00:31:17.840 [main] DEBUG o.s.aop.framework.CglibAopProxy - Unable to apply any optimisations to advised method: public org.springframework.http.ResponseEntity edu.ncsu.csc.itrust2.controllers.api.APIDrugController.editDrug(edu.ncsu.csc.itrust2.forms.admin.DrugForm)
00:31:17.840 [main] DEBUG o.s.s.a.p.PrePostAnnotationSecurityMetadataSource - @org.springframework.security.access.prepost.PreAuthorize(value=hasRole('ROLE_ADMIN')) found on specific method: public org.springframework.http.ResponseEntity edu.ncsu.csc.itrust2.controllers.api.APIDrugController.deleteDrug(java.lang.String)
00:31:17.842 [main] DEBUG o.s.s.a.m.DelegatingMethodSecurityMetadataSource - Caching method [CacheKey[edu.ncsu.csc.itrust2.controllers.api.APIDrugController; public org.springframework.http.ResponseEntity edu.ncsu.csc.itrust2.controllers.api.APIDrugController.deleteDrug(java.lang.String)]] with attributes [[authorize: 'hasRole('ROLE_ADMIN')', filter: 'null', filterTarget: 'null']]
00:31:17.842 [main] DEBUG o.s.aop.framework.CglibAopProxy - Unable to apply any optimisations to advised method: public org.springframework.http.ResponseEntity edu.ncsu.csc.itrust2.controllers.api.APIDrugController.deleteDrug(java.lang.String)
00:31:17.843 [main] DEBUG o.s.aop.framework.CglibAopProxy - Unable to apply any optimisations to advised method: public java.util.List edu.ncsu.csc.itrust2.controllers.api.APIDrugController.getDrugs()
00:31:17.844 [main] DEBUG o.s.aop.framework.CglibAopProxy - Found 'equals' method: public boolean java.lang.Object.equals(java.lang.Object)
00:31:17.844 [main] DEBUG o.s.aop.framework.CglibAopProxy - Unable to apply any optimisations to advised method: public java.lang.String java.lang.Object.toString()
00:31:17.844 [main] DEBUG o.s.aop.framework.CglibAopProxy - Found 'hashCode' method: public native int java.lang.Object.hashCode()
00:31:17.844 [main] DEBUG o.s.aop.framework.CglibAopProxy - Unable to apply any optimisations to advised method: protected native java.lang.Object java.lang.Object.clone() throws java.lang.CloneNotSupportedException
00:31:17.845 [main] DEBUG o.s.aop.framework.CglibAopProxy - Method is declared on Advised interface: public abstract void org.springframework.aop.framework.Advised.addAdvice(int,org.aopalliance.aop.Advice) throws org.springframework.aop.framework.AopConfigException
00:31:17.846 [main] DEBUG o.s.aop.framework.CglibAopProxy - Method is declared on Advised interface: public abstract void org.springframework.aop.framework.Advised.addAdvice(org.aopalliance.aop.Advice) throws org.springframework.aop.framework.AopConfigException
00:31:17.846 [main] DEBUG o.s.aop.framework.CglibAopProxy - Method is declared on Advised interface: public abstract boolean org.springframework.aop.framework.Advised.isPreFiltered()
00:31:17.846 [main] DEBUG o.s.aop.framework.CglibAopProxy - Method is declared on Advised interface: public abstract java.lang.Class[] org.springframework.aop.framework.Advised.getProxiedInterfaces()
00:31:17.850 [main] DEBUG o.s.aop.framework.CglibAopProxy - Method is declared on Advised interface: public abstract boolean org.springframework.aop.framework.Advised.isInterfaceProxied(java.lang.Class)
00:31:17.850 [main] DEBUG o.s.aop.framework.CglibAopProxy - Method is declared on Advised interface: public abstract org.springframework.aop.Advisor[] org.springframework.aop.framework.Advised.getAdvisors()
00:31:17.850 [main] DEBUG o.s.aop.framework.CglibAopProxy - Method is declared on Advised interface: public abstract void org.springframework.aop.framework.Advised.removeAdvisor(int) throws org.springframework.aop.framework.AopConfigException
00:31:17.850 [main] DEBUG o.s.aop.framework.CglibAopProxy - Method is declared on Advised interface: public abstract boolean org.springframework.aop.framework.Advised.removeAdvisor(org.springframework.aop.Advisor)
00:31:17.850 [main] DEBUG o.s.aop.framework.CglibAopProxy - Method is declared on Advised interface: public abstract boolean org.springframework.aop.framework.Advised.replaceAdvisor(org.springframework.aop.Advisor,org.springframework.aop.Advisor) throws org.springframework.aop.framework.AopConfigException
00:31:17.851 [main] DEBUG o.s.aop.framework.CglibAopProxy - Method is declared on Advised interface: public abstract boolean org.springframework.aop.framework.Advised.removeAdvice(org.aopalliance.aop.Advice)
00:31:17.851 [main] DEBUG o.s.aop.framework.CglibAopProxy - Method is declared on Advised interface: public abstract java.lang.String org.springframework.aop.framework.Advised.toProxyConfigString()
00:31:17.851 [main] DEBUG o.s.aop.framework.CglibAopProxy - Method is declared on Advised interface: public abstract void org.springframework.aop.framework.Advised.setTargetSource(org.springframework.aop.TargetSource)
00:31:17.851 [main] DEBUG o.s.aop.framework.CglibAopProxy - Method is declared on Advised interface: public abstract org.springframework.aop.TargetSource org.springframework.aop.framework.Advised.getTargetSource()
00:31:17.851 [main] DEBUG o.s.aop.framework.CglibAopProxy - Method is declared on Advised interface: public abstract boolean org.springframework.aop.framework.Advised.isProxyTargetClass()
00:31:17.851 [main] DEBUG o.s.aop.framework.CglibAopProxy - Method is declared on Advised interface: public abstract void org.springframework.aop.framework.Advised.addAdvisor(org.springframework.aop.Advisor) throws org.springframework.aop.framework.AopConfigException
00:31:17.851 [main] DEBUG o.s.aop.framework.CglibAopProxy - Method is declared on Advised interface: public abstract void org.springframework.aop.framework.Advised.addAdvisor(int,org.springframework.aop.Advisor) throws org.springframework.aop.framework.AopConfigException
00:31:17.852 [main] DEBUG o.s.aop.framework.CglibAopProxy - Method is declared on Advised interface: public abstract void org.springframework.aop.framework.Advised.setPreFiltered(boolean)
00:31:17.852 [main] DEBUG o.s.aop.framework.CglibAopProxy - Method is declared on Advised interface: public abstract void org.springframework.aop.framework.Advised.setExposeProxy(boolean)
00:31:17.852 [main] DEBUG o.s.aop.framework.CglibAopProxy - Method is declared on Advised interface: public abstract boolean org.springframework.aop.framework.Advised.isExposeProxy()
00:31:17.852 [main] DEBUG o.s.aop.framework.CglibAopProxy - Method is declared on Advised interface: public abstract int org.springframework.aop.framework.Advised.indexOf(org.springframework.aop.Advisor)
00:31:17.852 [main] DEBUG o.s.aop.framework.CglibAopProxy - Method is declared on Advised interface: public abstract int org.springframework.aop.framework.Advised.indexOf(org.aopalliance.aop.Advice)
00:31:17.852 [main] DEBUG o.s.aop.framework.CglibAopProxy - Method is declared on Advised interface: public abstract boolean org.springframework.aop.framework.Advised.isFrozen()
00:31:17.852 [main] DEBUG o.s.aop.framework.CglibAopProxy - Method is declared on Advised interface: public abstract java.lang.Class org.springframework.aop.TargetClassAware.getTargetClass()
00:31:17.879 [main] DEBUG o.s.b.f.s.DefaultListableBeanFactory - Finished creating instance of bean 'APIDrugController'
00:31:17.879 [main] DEBUG o.s.b.f.s.DefaultListableBeanFactory - Creating shared instance of singleton bean 'APIEnumController'
00:31:17.879 [main] DEBUG o.s.b.f.s.DefaultListableBeanFactory - Creating instance of bean 'APIEnumController'
00:31:17.885 [main] DEBUG o.s.b.f.s.DefaultListableBeanFactory - Eagerly caching bean 'APIEnumController' to allow for resolving potential circular references
00:31:17.896 [main] DEBUG o.s.b.f.s.DefaultListableBeanFactory - Returning cached instance of singleton bean 'metaDataSourceAdvisor'
00:31:17.901 [main] DEBUG o.s.b.f.s.DefaultListableBeanFactory - Finished creating instance of bean 'APIEnumController'
00:31:17.904 [main] DEBUG o.s.b.f.s.DefaultListableBeanFactory - Creating shared instance of singleton bean 'APIHospitalController'
00:31:17.904 [main] DEBUG o.s.b.f.s.DefaultListableBeanFactory - Creating instance of bean 'APIHospitalController'
00:31:17.910 [main] DEBUG o.s.b.f.s.DefaultListableBeanFactory - Eagerly caching bean 'APIHospitalController' to allow for resolving potential circular references
00:31:17.915 [main] DEBUG o.s.b.f.s.DefaultListableBeanFactory - Returning cached instance of singleton bean 'metaDataSourceAdvisor'
00:31:17.919 [main] DEBUG o.s.b.f.s.DefaultListableBeanFactory - Finished creating instance of bean 'APIHospitalController'
00:31:17.919 [main] DEBUG o.s.b.f.s.DefaultListableBeanFactory - Creating shared instance of singleton bean 'APIICDCodeController'
00:31:17.920 [main] DEBUG o.s.b.f.s.DefaultListableBeanFactory - Creating instance of bean 'APIICDCodeController'
00:31:17.927 [main] DEBUG o.s.b.f.s.DefaultListableBeanFactory - Eagerly caching bean 'APIICDCodeController' to allow for resolving potential circular references
00:31:17.930 [main] DEBUG o.s.b.f.s.DefaultListableBeanFactory - Returning cached instance of singleton bean 'metaDataSourceAdvisor'
00:31:17.931 [main] DEBUG o.s.s.a.p.PrePostAnnotationSecurityMetadataSource - @org.springframework.security.access.prepost.PreAuthorize(value=hasRole('ROLE_ADMIN')) found on specific method: public org.springframework.http.ResponseEntity edu.ncsu.csc.itrust2.controllers.api.APIICDCodeController.addCode(edu.ncsu.csc.itrust2.forms.admin.ICDCodeForm)
00:31:17.934 [main] DEBUG o.s.s.a.m.DelegatingMethodSecurityMetadataSource - Caching method [CacheKey[edu.ncsu.csc.itrust2.controllers.api.APIICDCodeController; public org.springframework.http.ResponseEntity edu.ncsu.csc.itrust2.controllers.api.APIICDCodeController.addCode(edu.ncsu.csc.itrust2.forms.admin.ICDCodeForm)]] with attributes [[authorize: 'hasRole('ROLE_ADMIN')', filter: 'null', filterTarget: 'null']]
00:31:17.934 [main] DEBUG o.s.a.f.a.InfrastructureAdvisorAutoProxyCreator - Creating implicit proxy for bean 'APIICDCodeController' with 0 common interceptors and 1 specific interceptors
00:31:17.935 [main] DEBUG o.s.aop.framework.CglibAopProxy - Creating CGLIB proxy: target source is SingletonTargetSource for target object [edu.ncsu.csc.itrust2.controllers.api.APIICDCodeController@6efa2e06]
00:31:17.937 [main] DEBUG o.s.aop.framework.CglibAopProxy - Unable to apply any optimisations to advised method: public org.springframework.http.ResponseEntity edu.ncsu.csc.itrust2.controllers.api.APIICDCodeController.getCode(java.lang.Long)
00:31:17.937 [main] DEBUG o.s.aop.framework.CglibAopProxy - Unable to apply any optimisations to advised method: public org.springframework.http.ResponseEntity edu.ncsu.csc.itrust2.controllers.api.APIICDCodeController.addCode(edu.ncsu.csc.itrust2.forms.admin.ICDCodeForm)
00:31:17.937 [main] DEBUG o.s.aop.framework.CglibAopProxy - Unable to apply any optimisations to advised method: public java.util.List edu.ncsu.csc.itrust2.controllers.api.APIICDCodeController.getCodes()
00:31:17.938 [main] DEBUG o.s.s.a.p.PrePostAnnotationSecurityMetadataSource - @org.springframework.security.access.prepost.PreAuthorize(value=hasRole('ROLE_ADMIN')) found on specific method: public org.springframework.http.ResponseEntity edu.ncsu.csc.itrust2.controllers.api.APIICDCodeController.updateCode(java.lang.Long,edu.ncsu.csc.itrust2.forms.admin.ICDCodeForm)
00:31:17.938 [main] DEBUG o.s.s.a.m.DelegatingMethodSecurityMetadataSource - Caching method [CacheKey[edu.ncsu.csc.itrust2.controllers.api.APIICDCodeController; public org.springframework.http.ResponseEntity edu.ncsu.csc.itrust2.controllers.api.APIICDCodeController.updateCode(java.lang.Long,edu.ncsu.csc.itrust2.forms.admin.ICDCodeForm)]] with attributes [[authorize: 'hasRole('ROLE_ADMIN')', filter: 'null', filterTarget: 'null']]
00:31:17.938 [main] DEBUG o.s.aop.framework.CglibAopProxy - Unable to apply any optimisations to advised method: public org.springframework.http.ResponseEntity edu.ncsu.csc.itrust2.controllers.api.APIICDCodeController.updateCode(java.lang.Long,edu.ncsu.csc.itrust2.forms.admin.ICDCodeForm)
00:31:17.939 [main] DEBUG o.s.s.a.p.PrePostAnnotationSecurityMetadataSource - @org.springframework.security.access.prepost.PreAuthorize(value=hasRole('ROLE_ADMIN')) found on specific method: public org.springframework.http.ResponseEntity edu.ncsu.csc.itrust2.controllers.api.APIICDCodeController.deleteCode(java.lang.Long)
00:31:17.940 [main] DEBUG o.s.s.a.m.DelegatingMethodSecurityMetadataSource - Caching method [CacheKey[edu.ncsu.csc.itrust2.controllers.api.APIICDCodeController; public org.springframework.http.ResponseEntity edu.ncsu.csc.itrust2.controllers.api.APIICDCodeController.deleteCode(java.lang.Long)]] with attributes [[authorize: 'hasRole('ROLE_ADMIN')', filter: 'null', filterTarget: 'null']]
00:31:17.942 [main] DEBUG o.s.aop.framework.CglibAopProxy - Unable to apply any optimisations to advised method: public org.springframework.http.ResponseEntity edu.ncsu.csc.itrust2.controllers.api.APIICDCodeController.deleteCode(java.lang.Long)
00:31:17.943 [main] DEBUG o.s.aop.framework.CglibAopProxy - Found 'equals' method: public boolean java.lang.Object.equals(java.lang.Object)
00:31:17.943 [main] DEBUG o.s.aop.framework.CglibAopProxy - Unable to apply any optimisations to advised method: public java.lang.String java.lang.Object.toString()
00:31:17.943 [main] DEBUG o.s.aop.framework.CglibAopProxy - Found 'hashCode' method: public native int java.lang.Object.hashCode()
00:31:17.943 [main] DEBUG o.s.aop.framework.CglibAopProxy - Unable to apply any optimisations to advised method: protected native java.lang.Object java.lang.Object.clone() throws java.lang.CloneNotSupportedException
00:31:17.943 [main] DEBUG o.s.aop.framework.CglibAopProxy - Method is declared on Advised interface: public abstract void org.springframework.aop.framework.Advised.addAdvice(int,org.aopalliance.aop.Advice) throws org.springframework.aop.framework.AopConfigException
00:31:17.944 [main] DEBUG o.s.aop.framework.CglibAopProxy - Method is declared on Advised interface: public abstract void org.springframework.aop.framework.Advised.addAdvice(org.aopalliance.aop.Advice) throws org.springframework.aop.framework.AopConfigException
00:31:17.945 [main] DEBUG o.s.aop.framework.CglibAopProxy - Method is declared on Advised interface: public abstract boolean org.springframework.aop.framework.Advised.isPreFiltered()
00:31:17.945 [main] DEBUG o.s.aop.framework.CglibAopProxy - Method is declared on Advised interface: public abstract java.lang.Class[] org.springframework.aop.framework.Advised.getProxiedInterfaces()
00:31:17.945 [main] DEBUG o.s.aop.framework.CglibAopProxy - Method is declared on Advised interface: public abstract boolean org.springframework.aop.framework.Advised.isInterfaceProxied(java.lang.Class)
00:31:17.945 [main] DEBUG o.s.aop.framework.CglibAopProxy - Method is declared on Advised interface: public abstract org.springframework.aop.Advisor[] org.springframework.aop.framework.Advised.getAdvisors()
00:31:17.946 [main] DEBUG o.s.aop.framework.CglibAopProxy - Method is declared on Advised interface: public abstract void org.springframework.aop.framework.Advised.removeAdvisor(int) throws org.springframework.aop.framework.AopConfigException
00:31:17.946 [main] DEBUG o.s.aop.framework.CglibAopProxy - Method is declared on Advised interface: public abstract boolean org.springframework.aop.framework.Advised.removeAdvisor(org.springframework.aop.Advisor)
00:31:17.946 [main] DEBUG o.s.aop.framework.CglibAopProxy - Method is declared on Advised interface: public abstract boolean org.springframework.aop.framework.Advised.replaceAdvisor(org.springframework.aop.Advisor,org.springframework.aop.Advisor) throws org.springframework.aop.framework.AopConfigException
00:31:17.946 [main] DEBUG o.s.aop.framework.CglibAopProxy - Method is declared on Advised interface: public abstract boolean org.springframework.aop.framework.Advised.removeAdvice(org.aopalliance.aop.Advice)
00:31:17.946 [main] DEBUG o.s.aop.framework.CglibAopProxy - Method is declared on Advised interface: public abstract java.lang.String org.springframework.aop.framework.Advised.toProxyConfigString()
00:31:17.946 [main] DEBUG o.s.aop.framework.CglibAopProxy - Method is declared on Advised interface: public abstract void org.springframework.aop.framework.Advised.setTargetSource(org.springframework.aop.TargetSource)
00:31:17.946 [main] DEBUG o.s.aop.framework.CglibAopProxy - Method is declared on Advised interface: public abstract org.springframework.aop.TargetSource org.springframework.aop.framework.Advised.getTargetSource()
00:31:17.946 [main] DEBUG o.s.aop.framework.CglibAopProxy - Method is declared on Advised interface: public abstract boolean org.springframework.aop.framework.Advised.isProxyTargetClass()
00:31:17.947 [main] DEBUG o.s.aop.framework.CglibAopProxy - Method is declared on Advised interface: public abstract void org.springframework.aop.framework.Advised.addAdvisor(org.springframework.aop.Advisor) throws org.springframework.aop.framework.AopConfigException
00:31:17.947 [main] DEBUG o.s.aop.framework.CglibAopProxy - Method is declared on Advised interface: public abstract void org.springframework.aop.framework.Advised.addAdvisor(int,org.springframework.aop.Advisor) throws org.springframework.aop.framework.AopConfigException
00:31:17.947 [main] DEBUG o.s.aop.framework.CglibAopProxy - Method is declared on Advised interface: public abstract void org.springframework.aop.framework.Advised.setPreFiltered(boolean)
00:31:17.947 [main] DEBUG o.s.aop.framework.CglibAopProxy - Method is declared on Advised interface: public abstract void org.springframework.aop.framework.Advised.setExposeProxy(boolean)
00:31:17.948 [main] DEBUG o.s.aop.framework.CglibAopProxy - Method is declared on Advised interface: public abstract boolean org.springframework.aop.framework.Advised.isExposeProxy()
00:31:17.949 [main] DEBUG o.s.aop.framework.CglibAopProxy - Method is declared on Advised interface: public abstract int org.springframework.aop.framework.Advised.indexOf(org.springframework.aop.Advisor)
00:31:17.949 [main] DEBUG o.s.aop.framework.CglibAopProxy - Method is declared on Advised interface: public abstract int org.springframework.aop.framework.Advised.indexOf(org.aopalliance.aop.Advice)
00:31:17.949 [main] DEBUG o.s.aop.framework.CglibAopProxy - Method is declared on Advised interface: public abstract boolean org.springframework.aop.framework.Advised.isFrozen()
00:31:17.949 [main] DEBUG o.s.aop.framework.CglibAopProxy - Method is declared on Advised interface: public abstract java.lang.Class org.springframework.aop.TargetClassAware.getTargetClass()
00:31:17.978 [main] DEBUG o.s.b.f.s.DefaultListableBeanFactory - Finished creating instance of bean 'APIICDCodeController'
00:31:17.982 [main] DEBUG o.s.b.f.s.DefaultListableBeanFactory - Creating shared instance of singleton bean 'APILogEntryController'
00:31:17.982 [main] DEBUG o.s.b.f.s.DefaultListableBeanFactory - Creating instance of bean 'APILogEntryController'
00:31:17.984 [main] DEBUG o.s.b.f.s.DefaultListableBeanFactory - Eagerly caching bean 'APILogEntryController' to allow for resolving potential circular references
00:31:17.987 [main] DEBUG o.s.b.f.s.DefaultListableBeanFactory - Returning cached instance of singleton bean 'metaDataSourceAdvisor'
00:31:17.991 [main] DEBUG o.s.b.f.s.DefaultListableBeanFactory - Finished creating instance of bean 'APILogEntryController'
00:31:17.994 [main] DEBUG o.s.b.f.s.DefaultListableBeanFactory - Creating shared instance of singleton bean 'APIOfficeVisitController'
00:31:17.994 [main] DEBUG o.s.b.f.s.DefaultListableBeanFactory - Creating instance of bean 'APIOfficeVisitController'
00:31:18.002 [main] DEBUG o.s.b.f.s.DefaultListableBeanFactory - Eagerly caching bean 'APIOfficeVisitController' to allow for resolving potential circular references
00:31:18.011 [main] DEBUG o.s.b.f.s.DefaultListableBeanFactory - Returning cached instance of singleton bean 'metaDataSourceAdvisor'
00:31:18.012 [main] DEBUG o.s.s.a.p.PrePostAnnotationSecurityMetadataSource - @org.springframework.security.access.prepost.PreAuthorize(value=hasRole('ROLE_PATIENT')) found on specific method: public java.util.List edu.ncsu.csc.itrust2.controllers.api.APIOfficeVisitController.getMyOfficeVisits()
00:31:18.014 [main] DEBUG o.s.s.a.m.DelegatingMethodSecurityMetadataSource - Caching method [CacheKey[edu.ncsu.csc.itrust2.controllers.api.APIOfficeVisitController; public java.util.List edu.ncsu.csc.itrust2.controllers.api.APIOfficeVisitController.getMyOfficeVisits()]] with attributes [[authorize: 'hasRole('ROLE_PATIENT')', filter: 'null', filterTarget: 'null']]
00:31:18.014 [main] DEBUG o.s.a.f.a.InfrastructureAdvisorAutoProxyCreator - Creating implicit proxy for bean 'APIOfficeVisitController' with 0 common interceptors and 1 specific interceptors
00:31:18.015 [main] DEBUG o.s.aop.framework.CglibAopProxy - Creating CGLIB proxy: target source is SingletonTargetSource for target object [edu.ncsu.csc.itrust2.controllers.api.APIOfficeVisitController@257de910]
00:31:18.016 [main] DEBUG o.s.aop.framework.CglibAopProxy - Unable to apply any optimisations to advised method: public java.util.List edu.ncsu.csc.itrust2.controllers.api.APIOfficeVisitController.getOfficeVisits()
00:31:18.018 [main] DEBUG o.s.aop.framework.CglibAopProxy - Unable to apply any optimisations to advised method: public java.util.List edu.ncsu.csc.itrust2.controllers.api.APIOfficeVisitController.getMyOfficeVisits()
00:31:18.019 [main] DEBUG o.s.aop.framework.CglibAopProxy - Unable to apply any optimisations to advised method: public org.springframework.http.ResponseEntity edu.ncsu.csc.itrust2.controllers.api.APIOfficeVisitController.getOfficeVisit(java.lang.Long)
00:31:18.019 [main] DEBUG o.s.aop.framework.CglibAopProxy - Unable to apply any optimisations to advised method: public void edu.ncsu.csc.itrust2.controllers.api.APIOfficeVisitController.deleteOfficeVisits()
00:31:18.020 [main] DEBUG o.s.aop.framework.CglibAopProxy - Unable to apply any optimisations to advised method: public org.springframework.http.ResponseEntity edu.ncsu.csc.itrust2.controllers.api.APIOfficeVisitController.createOfficeVisit(edu.ncsu.csc.itrust2.forms.hcp.OfficeVisitForm)
00:31:18.021 [main] DEBUG o.s.aop.framework.CglibAopProxy - Unable to apply any optimisations to advised method: public org.springframework.http.ResponseEntity edu.ncsu.csc.itrust2.controllers.api.APIOfficeVisitController.deleteOfficeVisit(java.lang.Long)
00:31:18.021 [main] DEBUG o.s.aop.framework.CglibAopProxy - Unable to apply any optimisations to advised method: public org.springframework.http.ResponseEntity edu.ncsu.csc.itrust2.controllers.api.APIOfficeVisitController.updateOfficeVisit(java.lang.Long,edu.ncsu.csc.itrust2.forms.hcp.OfficeVisitForm)
00:31:18.021 [main] DEBUG o.s.s.a.p.PrePostAnnotationSecurityMetadataSource - @org.springframework.security.access.prepost.PreAuthorize(value=hasRole('ROLE_HCP')) found on specific method: public org.springframework.http.ResponseEntity edu.ncsu.csc.itrust2.controllers.api.APIOfficeVisitController.viewOfficeVisitHCP(java.lang.Long,edu.ncsu.csc.itrust2.forms.hcp.OfficeVisitForm)
00:31:18.022 [main] DEBUG o.s.s.a.m.DelegatingMethodSecurityMetadataSource - Caching method [CacheKey[edu.ncsu.csc.itrust2.controllers.api.APIOfficeVisitController; public org.springframework.http.ResponseEntity edu.ncsu.csc.itrust2.controllers.api.APIOfficeVisitController.viewOfficeVisitHCP(java.lang.Long,edu.ncsu.csc.itrust2.forms.hcp.OfficeVisitForm)]] with attributes [[authorize: 'hasRole('ROLE_HCP')', filter: 'null', filterTarget: 'null']]
00:31:18.026 [main] DEBUG o.s.aop.framework.CglibAopProxy - Unable to apply any optimisations to advised method: public org.springframework.http.ResponseEntity edu.ncsu.csc.itrust2.controllers.api.APIOfficeVisitController.viewOfficeVisitHCP(java.lang.Long,edu.ncsu.csc.itrust2.forms.hcp.OfficeVisitForm)
00:31:18.026 [main] DEBUG o.s.s.a.p.PrePostAnnotationSecurityMetadataSource - @org.springframework.security.access.prepost.PreAuthorize(value=hasRole('ROLE_PATIENT')) found on specific method: public org.springframework.http.ResponseEntity edu.ncsu.csc.itrust2.controllers.api.APIOfficeVisitController.viewOfficeVisitPatient(java.lang.Long,edu.ncsu.csc.itrust2.forms.hcp.OfficeVisitForm)
00:31:18.027 [main] DEBUG o.s.s.a.m.DelegatingMethodSecurityMetadataSource - Caching method [CacheKey[edu.ncsu.csc.itrust2.controllers.api.APIOfficeVisitController; public org.springframework.http.ResponseEntity edu.ncsu.csc.itrust2.controllers.api.APIOfficeVisitController.viewOfficeVisitPatient(java.lang.Long,edu.ncsu.csc.itrust2.forms.hcp.OfficeVisitForm)]] with attributes [[authorize: 'hasRole('ROLE_PATIENT')', filter: 'null', filterTarget: 'null']]
00:31:18.027 [main] DEBUG o.s.aop.framework.CglibAopProxy - Unable to apply any optimisations to advised method: public org.springframework.http.ResponseEntity edu.ncsu.csc.itrust2.controllers.api.APIOfficeVisitController.viewOfficeVisitPatient(java.lang.Long,edu.ncsu.csc.itrust2.forms.hcp.OfficeVisitForm)
00:31:18.028 [main] DEBUG o.s.aop.framework.CglibAopProxy - Found 'equals' method: public boolean java.lang.Object.equals(java.lang.Object)
00:31:18.028 [main] DEBUG o.s.aop.framework.CglibAopProxy - Unable to apply any optimisations to advised method: public java.lang.String java.lang.Object.toString()
00:31:18.028 [main] DEBUG o.s.aop.framework.CglibAopProxy - Found 'hashCode' method: public native int java.lang.Object.hashCode()
00:31:18.028 [main] DEBUG o.s.aop.framework.CglibAopProxy - Unable to apply any optimisations to advised method: protected native java.lang.Object java.lang.Object.clone() throws java.lang.CloneNotSupportedException
00:31:18.028 [main] DEBUG o.s.aop.framework.CglibAopProxy - Method is declared on Advised interface: public abstract void org.springframework.aop.framework.Advised.addAdvice(int,org.aopalliance.aop.Advice) throws org.springframework.aop.framework.AopConfigException
00:31:18.028 [main] DEBUG o.s.aop.framework.CglibAopProxy - Method is declared on Advised interface: public abstract void org.springframework.aop.framework.Advised.addAdvice(org.aopalliance.aop.Advice) throws org.springframework.aop.framework.AopConfigException
00:31:18.028 [main] DEBUG o.s.aop.framework.CglibAopProxy - Method is declared on Advised interface: public abstract boolean org.springframework.aop.framework.Advised.isPreFiltered()
00:31:18.029 [main] DEBUG o.s.aop.framework.CglibAopProxy - Method is declared on Advised interface: public abstract java.lang.Class[] org.springframework.aop.framework.Advised.getProxiedInterfaces()
00:31:18.029 [main] DEBUG o.s.aop.framework.CglibAopProxy - Method is declared on Advised interface: public abstract boolean org.springframework.aop.framework.Advised.isInterfaceProxied(java.lang.Class)
00:31:18.029 [main] DEBUG o.s.aop.framework.CglibAopProxy - Method is declared on Advised interface: public abstract org.springframework.aop.Advisor[] org.springframework.aop.framework.Advised.getAdvisors()
00:31:18.029 [main] DEBUG o.s.aop.framework.CglibAopProxy - Method is declared on Advised interface: public abstract void org.springframework.aop.framework.Advised.removeAdvisor(int) throws org.springframework.aop.framework.AopConfigException
00:31:18.029 [main] DEBUG o.s.aop.framework.CglibAopProxy - Method is declared on Advised interface: public abstract boolean org.springframework.aop.framework.Advised.removeAdvisor(org.springframework.aop.Advisor)
00:31:18.029 [main] DEBUG o.s.aop.framework.CglibAopProxy - Method is declared on Advised interface: public abstract boolean org.springframework.aop.framework.Advised.replaceAdvisor(org.springframework.aop.Advisor,org.springframework.aop.Advisor) throws org.springframework.aop.framework.AopConfigException
00:31:18.029 [main] DEBUG o.s.aop.framework.CglibAopProxy - Method is declared on Advised interface: public abstract boolean org.springframework.aop.framework.Advised.removeAdvice(org.aopalliance.aop.Advice)
00:31:18.030 [main] DEBUG o.s.aop.framework.CglibAopProxy - Method is declared on Advised interface: public abstract java.lang.String org.springframework.aop.framework.Advised.toProxyConfigString()
00:31:18.030 [main] DEBUG o.s.aop.framework.CglibAopProxy - Method is declared on Advised interface: public abstract void org.springframework.aop.framework.Advised.setTargetSource(org.springframework.aop.TargetSource)
00:31:18.030 [main] DEBUG o.s.aop.framework.CglibAopProxy - Method is declared on Advised interface: public abstract org.springframework.aop.TargetSource org.springframework.aop.framework.Advised.getTargetSource()
00:31:18.030 [main] DEBUG o.s.aop.framework.CglibAopProxy - Method is declared on Advised interface: public abstract boolean org.springframework.aop.framework.Advised.isProxyTargetClass()
00:31:18.030 [main] DEBUG o.s.aop.framework.CglibAopProxy - Method is declared on Advised interface: public abstract void org.springframework.aop.framework.Advised.addAdvisor(org.springframework.aop.Advisor) throws org.springframework.aop.framework.AopConfigException
00:31:18.030 [main] DEBUG o.s.aop.framework.CglibAopProxy - Method is declared on Advised interface: public abstract void org.springframework.aop.framework.Advised.addAdvisor(int,org.springframework.aop.Advisor) throws org.springframework.aop.framework.AopConfigException
00:31:18.030 [main] DEBUG o.s.aop.framework.CglibAopProxy - Method is declared on Advised interface: public abstract void org.springframework.aop.framework.Advised.setPreFiltered(boolean)
00:31:18.031 [main] DEBUG o.s.aop.framework.CglibAopProxy - Method is declared on Advised interface: public abstract void org.springframework.aop.framework.Advised.setExposeProxy(boolean)
00:31:18.031 [main] DEBUG o.s.aop.framework.CglibAopProxy - Method is declared on Advised interface: public abstract boolean org.springframework.aop.framework.Advised.isExposeProxy()
00:31:18.031 [main] DEBUG o.s.aop.framework.CglibAopProxy - Method is declared on Advised interface: public abstract int org.springframework.aop.framework.Advised.indexOf(org.springframework.aop.Advisor)
00:31:18.031 [main] DEBUG o.s.aop.framework.CglibAopProxy - Method is declared on Advised interface: public abstract int org.springframework.aop.framework.Advised.indexOf(org.aopalliance.aop.Advice)
00:31:18.031 [main] DEBUG o.s.aop.framework.CglibAopProxy - Method is declared on Advised interface: public abstract boolean org.springframework.aop.framework.Advised.isFrozen()
00:31:18.032 [main] DEBUG o.s.aop.framework.CglibAopProxy - Method is declared on Advised interface: public abstract java.lang.Class org.springframework.aop.TargetClassAware.getTargetClass()
00:31:18.064 [main] DEBUG o.s.b.f.s.DefaultListableBeanFactory - Finished creating instance of bean 'APIOfficeVisitController'
00:31:18.074 [main] DEBUG o.s.b.f.s.DefaultListableBeanFactory - Creating shared instance of singleton bean 'APIPasswordController'
00:31:18.074 [main] DEBUG o.s.b.f.s.DefaultListableBeanFactory - Creating instance of bean 'APIPasswordController'
00:31:18.077 [main] DEBUG o.s.b.f.annotation.InjectionMetadata - Registered injected element on class [edu.ncsu.csc.itrust2.controllers.api.APIPasswordController]: AutowiredFieldElement for org.springframework.core.env.Environment edu.ncsu.csc.itrust2.controllers.api.APIPasswordController.environment
00:31:18.077 [main] DEBUG o.s.b.f.s.DefaultListableBeanFactory - Eagerly caching bean 'APIPasswordController' to allow for resolving potential circular references
00:31:18.079 [main] DEBUG o.s.b.f.annotation.InjectionMetadata - Processing injected element of bean 'APIPasswordController': AutowiredFieldElement for org.springframework.core.env.Environment edu.ncsu.csc.itrust2.controllers.api.APIPasswordController.environment
00:31:18.080 [main] DEBUG o.s.b.f.s.DefaultListableBeanFactory - Returning cached instance of singleton bean 'environment'
00:31:18.081 [main] DEBUG o.s.b.f.a.AutowiredAnnotationBeanPostProcessor - Autowiring by type from bean name 'APIPasswordController' to bean named 'environment'
00:31:18.081 [main] DEBUG o.s.b.f.s.DefaultListableBeanFactory - Returning cached instance of singleton bean 'metaDataSourceAdvisor'
00:31:18.085 [main] DEBUG o.s.b.f.s.DefaultListableBeanFactory - Finished creating instance of bean 'APIPasswordController'
00:31:18.085 [main] DEBUG o.s.b.f.s.DefaultListableBeanFactory - Creating shared instance of singleton bean 'APIPatientController'
00:31:18.085 [main] DEBUG o.s.b.f.s.DefaultListableBeanFactory - Creating instance of bean 'APIPatientController'
00:31:18.088 [main] DEBUG o.s.b.f.s.DefaultListableBeanFactory - Eagerly caching bean 'APIPatientController' to allow for resolving potential circular references
00:31:18.096 [main] DEBUG o.s.b.f.s.DefaultListableBeanFactory - Returning cached instance of singleton bean 'metaDataSourceAdvisor'
00:31:18.097 [main] DEBUG o.s.s.a.p.PrePostAnnotationSecurityMetadataSource - @org.springframework.security.access.prepost.PreAuthorize(value=hasRole('ROLE_PATIENT')) found on specific method: public org.springframework.http.ResponseEntity edu.ncsu.csc.itrust2.controllers.api.APIPatientController.getPatient()
00:31:18.098 [main] DEBUG o.s.s.a.m.DelegatingMethodSecurityMetadataSource - Caching method [CacheKey[edu.ncsu.csc.itrust2.controllers.api.APIPatientController; public org.springframework.http.ResponseEntity edu.ncsu.csc.itrust2.controllers.api.APIPatientController.getPatient()]] with attributes [[authorize: 'hasRole('ROLE_PATIENT')', filter: 'null', filterTarget: 'null']]
00:31:18.098 [main] DEBUG o.s.a.f.a.InfrastructureAdvisorAutoProxyCreator - Creating implicit proxy for bean 'APIPatientController' with 0 common interceptors and 1 specific interceptors
00:31:18.099 [main] DEBUG o.s.aop.framework.CglibAopProxy - Creating CGLIB proxy: target source is SingletonTargetSource for target object [edu.ncsu.csc.itrust2.controllers.api.APIPatientController@4a35aed6]
00:31:18.104 [main] DEBUG o.s.aop.framework.CglibAopProxy - Unable to apply any optimisations to advised method: public org.springframework.http.ResponseEntity edu.ncsu.csc.itrust2.controllers.api.APIPatientController.getPatient(java.lang.String)
00:31:18.105 [main] DEBUG o.s.aop.framework.CglibAopProxy - Unable to apply any optimisations to advised method: public org.springframework.http.ResponseEntity edu.ncsu.csc.itrust2.controllers.api.APIPatientController.getPatient()
00:31:18.105 [main] DEBUG o.s.aop.framework.CglibAopProxy - Unable to apply any optimisations to advised method: public java.util.List edu.ncsu.csc.itrust2.controllers.api.APIPatientController.getPatients()
00:31:18.106 [main] DEBUG o.s.aop.framework.CglibAopProxy - Unable to apply any optimisations to advised method: public org.springframework.http.ResponseEntity edu.ncsu.csc.itrust2.controllers.api.APIPatientController.createPatient(edu.ncsu.csc.itrust2.forms.hcp_patient.PatientForm)
00:31:18.107 [main] DEBUG o.s.aop.framework.CglibAopProxy - Unable to apply any optimisations to advised method: public org.springframework.http.ResponseEntity edu.ncsu.csc.itrust2.controllers.api.APIPatientController.updatePatient(java.lang.String,edu.ncsu.csc.itrust2.forms.hcp_patient.PatientForm)
00:31:18.107 [main] DEBUG o.s.aop.framework.CglibAopProxy - Found 'equals' method: public boolean java.lang.Object.equals(java.lang.Object)
00:31:18.107 [main] DEBUG o.s.aop.framework.CglibAopProxy - Unable to apply any optimisations to advised method: public java.lang.String java.lang.Object.toString()
00:31:18.107 [main] DEBUG o.s.aop.framework.CglibAopProxy - Found 'hashCode' method: public native int java.lang.Object.hashCode()
00:31:18.107 [main] DEBUG o.s.aop.framework.CglibAopProxy - Unable to apply any optimisations to advised method: protected native java.lang.Object java.lang.Object.clone() throws java.lang.CloneNotSupportedException
00:31:18.108 [main] DEBUG o.s.aop.framework.CglibAopProxy - Method is declared on Advised interface: public abstract void org.springframework.aop.framework.Advised.addAdvice(int,org.aopalliance.aop.Advice) throws org.springframework.aop.framework.AopConfigException
00:31:18.109 [main] DEBUG o.s.aop.framework.CglibAopProxy - Method is declared on Advised interface: public abstract void org.springframework.aop.framework.Advised.addAdvice(org.aopalliance.aop.Advice) throws org.springframework.aop.framework.AopConfigException
00:31:18.109 [main] DEBUG o.s.aop.framework.CglibAopProxy - Method is declared on Advised interface: public abstract boolean org.springframework.aop.framework.Advised.isPreFiltered()
00:31:18.109 [main] DEBUG o.s.aop.framework.CglibAopProxy - Method is declared on Advised interface: public abstract java.lang.Class[] org.springframework.aop.framework.Advised.getProxiedInterfaces()
00:31:18.109 [main] DEBUG o.s.aop.framework.CglibAopProxy - Method is declared on Advised interface: public abstract boolean org.springframework.aop.framework.Advised.isInterfaceProxied(java.lang.Class)
00:31:18.109 [main] DEBUG o.s.aop.framework.CglibAopProxy - Method is declared on Advised interface: public abstract org.springframework.aop.Advisor[] org.springframework.aop.framework.Advised.getAdvisors()
00:31:18.109 [main] DEBUG o.s.aop.framework.CglibAopProxy - Method is declared on Advised interface: public abstract void org.springframework.aop.framework.Advised.removeAdvisor(int) throws org.springframework.aop.framework.AopConfigException
00:31:18.109 [main] DEBUG o.s.aop.framework.CglibAopProxy - Method is declared on Advised interface: public abstract boolean org.springframework.aop.framework.Advised.removeAdvisor(org.springframework.aop.Advisor)
00:31:18.109 [main] DEBUG o.s.aop.framework.CglibAopProxy - Method is declared on Advised interface: public abstract boolean org.springframework.aop.framework.Advised.replaceAdvisor(org.springframework.aop.Advisor,org.springframework.aop.Advisor) throws org.springframework.aop.framework.AopConfigException
00:31:18.110 [main] DEBUG o.s.aop.framework.CglibAopProxy - Method is declared on Advised interface: public abstract boolean org.springframework.aop.framework.Advised.removeAdvice(org.aopalliance.aop.Advice)
00:31:18.110 [main] DEBUG o.s.aop.framework.CglibAopProxy - Method is declared on Advised interface: public abstract java.lang.String org.springframework.aop.framework.Advised.toProxyConfigString()
00:31:18.110 [main] DEBUG o.s.aop.framework.CglibAopProxy - Method is declared on Advised interface: public abstract void org.springframework.aop.framework.Advised.setTargetSource(org.springframework.aop.TargetSource)
00:31:18.111 [main] DEBUG o.s.aop.framework.CglibAopProxy - Method is declared on Advised interface: public abstract org.springframework.aop.TargetSource org.springframework.aop.framework.Advised.getTargetSource()
00:31:18.111 [main] DEBUG o.s.aop.framework.CglibAopProxy - Method is declared on Advised interface: public abstract boolean org.springframework.aop.framework.Advised.isProxyTargetClass()
00:31:18.111 [main] DEBUG o.s.aop.framework.CglibAopProxy - Method is declared on Advised interface: public abstract void org.springframework.aop.framework.Advised.addAdvisor(org.springframework.aop.Advisor) throws org.springframework.aop.framework.AopConfigException
00:31:18.111 [main] DEBUG o.s.aop.framework.CglibAopProxy - Method is declared on Advised interface: public abstract void org.springframework.aop.framework.Advised.addAdvisor(int,org.springframework.aop.Advisor) throws org.springframework.aop.framework.AopConfigException
00:31:18.111 [main] DEBUG o.s.aop.framework.CglibAopProxy - Method is declared on Advised interface: public abstract void org.springframework.aop.framework.Advised.setPreFiltered(boolean)
00:31:18.112 [main] DEBUG o.s.aop.framework.CglibAopProxy - Method is declared on Advised interface: public abstract void org.springframework.aop.framework.Advised.setExposeProxy(boolean)
00:31:18.112 [main] DEBUG o.s.aop.framework.CglibAopProxy - Method is declared on Advised interface: public abstract boolean org.springframework.aop.framework.Advised.isExposeProxy()
00:31:18.112 [main] DEBUG o.s.aop.framework.CglibAopProxy - Method is declared on Advised interface: public abstract int org.springframework.aop.framework.Advised.indexOf(org.springframework.aop.Advisor)
00:31:18.112 [main] DEBUG o.s.aop.framework.CglibAopProxy - Method is declared on Advised interface: public abstract int org.springframework.aop.framework.Advised.indexOf(org.aopalliance.aop.Advice)
00:31:18.112 [main] DEBUG o.s.aop.framework.CglibAopProxy - Method is declared on Advised interface: public abstract boolean org.springframework.aop.framework.Advised.isFrozen()
00:31:18.112 [main] DEBUG o.s.aop.framework.CglibAopProxy - Method is declared on Advised interface: public abstract java.lang.Class org.springframework.aop.TargetClassAware.getTargetClass()
00:31:18.137 [main] DEBUG o.s.b.f.s.DefaultListableBeanFactory - Finished creating instance of bean 'APIPatientController'
00:31:18.138 [main] DEBUG o.s.b.f.s.DefaultListableBeanFactory - Creating shared instance of singleton bean 'APIPersonnelController'
00:31:18.138 [main] DEBUG o.s.b.f.s.DefaultListableBeanFactory - Creating instance of bean 'APIPersonnelController'
00:31:18.140 [main] DEBUG o.s.b.f.s.DefaultListableBeanFactory - Eagerly caching bean 'APIPersonnelController' to allow for resolving potential circular references
00:31:18.145 [main] DEBUG o.s.b.f.s.DefaultListableBeanFactory - Returning cached instance of singleton bean 'metaDataSourceAdvisor'
00:31:18.151 [main] DEBUG o.s.b.f.s.DefaultListableBeanFactory - Finished creating instance of bean 'APIPersonnelController'
00:31:18.152 [main] DEBUG o.s.b.f.s.DefaultListableBeanFactory - Creating shared instance of singleton bean 'APIPrescriptionController'
00:31:18.152 [main] DEBUG o.s.b.f.s.DefaultListableBeanFactory - Creating instance of bean 'APIPrescriptionController'
00:31:18.154 [main] DEBUG o.s.b.f.s.DefaultListableBeanFactory - Eagerly caching bean 'APIPrescriptionController' to allow for resolving potential circular references
00:31:18.161 [main] DEBUG o.s.b.f.s.DefaultListableBeanFactory - Returning cached instance of singleton bean 'metaDataSourceAdvisor'
00:31:18.162 [main] DEBUG o.s.s.a.p.PrePostAnnotationSecurityMetadataSource - @org.springframework.security.access.prepost.PreAuthorize(value=hasRole('ROLE_HCP')) found on specific method: public org.springframework.http.ResponseEntity edu.ncsu.csc.itrust2.controllers.api.APIPrescriptionController.addPrescription(edu.ncsu.csc.itrust2.forms.hcp.PrescriptionForm)
00:31:18.165 [main] DEBUG o.s.s.a.m.DelegatingMethodSecurityMetadataSource - Caching method [CacheKey[edu.ncsu.csc.itrust2.controllers.api.APIPrescriptionController; public org.springframework.http.ResponseEntity edu.ncsu.csc.itrust2.controllers.api.APIPrescriptionController.addPrescription(edu.ncsu.csc.itrust2.forms.hcp.PrescriptionForm)]] with attributes [[authorize: 'hasRole('ROLE_HCP')', filter: 'null', filterTarget: 'null']]
00:31:18.165 [main] DEBUG o.s.a.f.a.InfrastructureAdvisorAutoProxyCreator - Creating implicit proxy for bean 'APIPrescriptionController' with 0 common interceptors and 1 specific interceptors
00:31:18.166 [main] DEBUG o.s.aop.framework.CglibAopProxy - Creating CGLIB proxy: target source is SingletonTargetSource for target object [edu.ncsu.csc.itrust2.controllers.api.APIPrescriptionController@2d4e6bb2]
00:31:18.167 [main] DEBUG o.s.aop.framework.CglibAopProxy - Unable to apply any optimisations to advised method: public org.springframework.http.ResponseEntity edu.ncsu.csc.itrust2.controllers.api.APIPrescriptionController.addPrescription(edu.ncsu.csc.itrust2.forms.hcp.PrescriptionForm)
00:31:18.167 [main] DEBUG o.s.s.a.p.PrePostAnnotationSecurityMetadataSource - @org.springframework.security.access.prepost.PreAuthorize(value=hasRole('ROLE_HCP')) found on specific method: public org.springframework.http.ResponseEntity edu.ncsu.csc.itrust2.controllers.api.APIPrescriptionController.editPrescription(edu.ncsu.csc.itrust2.forms.hcp.PrescriptionForm)
00:31:18.167 [main] DEBUG o.s.s.a.m.DelegatingMethodSecurityMetadataSource - Caching method [CacheKey[edu.ncsu.csc.itrust2.controllers.api.APIPrescriptionController; public org.springframework.http.ResponseEntity edu.ncsu.csc.itrust2.controllers.api.APIPrescriptionController.editPrescription(edu.ncsu.csc.itrust2.forms.hcp.PrescriptionForm)]] with attributes [[authorize: 'hasRole('ROLE_HCP')', filter: 'null', filterTarget: 'null']]
00:31:18.168 [main] DEBUG o.s.aop.framework.CglibAopProxy - Unable to apply any optimisations to advised method: public org.springframework.http.ResponseEntity edu.ncsu.csc.itrust2.controllers.api.APIPrescriptionController.editPrescription(edu.ncsu.csc.itrust2.forms.hcp.PrescriptionForm)
00:31:18.168 [main] DEBUG o.s.s.a.p.PrePostAnnotationSecurityMetadataSource - @org.springframework.security.access.prepost.PreAuthorize(value=hasRole('ROLE_HCP')) found on specific method: public org.springframework.http.ResponseEntity edu.ncsu.csc.itrust2.controllers.api.APIPrescriptionController.deletePrescription(java.lang.Long)
00:31:18.168 [main] DEBUG o.s.s.a.m.DelegatingMethodSecurityMetadataSource - Caching method [CacheKey[edu.ncsu.csc.itrust2.controllers.api.APIPrescriptionController; public org.springframework.http.ResponseEntity edu.ncsu.csc.itrust2.controllers.api.APIPrescriptionController.deletePrescription(java.lang.Long)]] with attributes [[authorize: 'hasRole('ROLE_HCP')', filter: 'null', filterTarget: 'null']]
00:31:18.170 [main] DEBUG o.s.aop.framework.CglibAopProxy - Unable to apply any optimisations to advised method: public org.springframework.http.ResponseEntity edu.ncsu.csc.itrust2.controllers.api.APIPrescriptionController.deletePrescription(java.lang.Long)
00:31:18.170 [main] DEBUG o.s.s.a.p.PrePostAnnotationSecurityMetadataSource - @org.springframework.security.access.prepost.PreAuthorize(value=hasAnyRole('ROLE_HCP', 'ROLE_PATIENT')) found on specific method: public java.util.List edu.ncsu.csc.itrust2.controllers.api.APIPrescriptionController.getPrescriptions()
00:31:18.171 [main] DEBUG o.s.s.a.m.DelegatingMethodSecurityMetadataSource - Caching method [CacheKey[edu.ncsu.csc.itrust2.controllers.api.APIPrescriptionController; public java.util.List edu.ncsu.csc.itrust2.controllers.api.APIPrescriptionController.getPrescriptions()]] with attributes [[authorize: 'hasAnyRole('ROLE_HCP', 'ROLE_PATIENT')', filter: 'null', filterTarget: 'null']]
00:31:18.171 [main] DEBUG o.s.aop.framework.CglibAopProxy - Unable to apply any optimisations to advised method: public java.util.List edu.ncsu.csc.itrust2.controllers.api.APIPrescriptionController.getPrescriptions()
00:31:18.171 [main] DEBUG o.s.s.a.p.PrePostAnnotationSecurityMetadataSource - @org.springframework.security.access.prepost.PreAuthorize(value=hasRole('ROLE_HCP')) found on specific method: public org.springframework.http.ResponseEntity edu.ncsu.csc.itrust2.controllers.api.APIPrescriptionController.getPrescription(java.lang.Long)
00:31:18.171 [main] DEBUG o.s.s.a.m.DelegatingMethodSecurityMetadataSource - Caching method [CacheKey[edu.ncsu.csc.itrust2.controllers.api.APIPrescriptionController; public org.springframework.http.ResponseEntity edu.ncsu.csc.itrust2.controllers.api.APIPrescriptionController.getPrescription(java.lang.Long)]] with attributes [[authorize: 'hasRole('ROLE_HCP')', filter: 'null', filterTarget: 'null']]
00:31:18.171 [main] DEBUG o.s.aop.framework.CglibAopProxy - Unable to apply any optimisations to advised method: public org.springframework.http.ResponseEntity edu.ncsu.csc.itrust2.controllers.api.APIPrescriptionController.getPrescription(java.lang.Long)
00:31:18.178 [main] DEBUG o.s.aop.framework.CglibAopProxy - Found 'equals' method: public boolean java.lang.Object.equals(java.lang.Object)
00:31:18.178 [main] DEBUG o.s.aop.framework.CglibAopProxy - Unable to apply any optimisations to advised method: public java.lang.String java.lang.Object.toString()
00:31:18.178 [main] DEBUG o.s.aop.framework.CglibAopProxy - Found 'hashCode' method: public native int java.lang.Object.hashCode()
00:31:18.178 [main] DEBUG o.s.aop.framework.CglibAopProxy - Unable to apply any optimisations to advised method: protected native java.lang.Object java.lang.Object.clone() throws java.lang.CloneNotSupportedException
00:31:18.179 [main] DEBUG o.s.aop.framework.CglibAopProxy - Method is declared on Advised interface: public abstract void org.springframework.aop.framework.Advised.addAdvice(int,org.aopalliance.aop.Advice) throws org.springframework.aop.framework.AopConfigException
00:31:18.182 [main] DEBUG o.s.aop.framework.CglibAopProxy - Method is declared on Advised interface: public abstract void org.springframework.aop.framework.Advised.addAdvice(org.aopalliance.aop.Advice) throws org.springframework.aop.framework.AopConfigException
00:31:18.182 [main] DEBUG o.s.aop.framework.CglibAopProxy - Method is declared on Advised interface: public abstract boolean org.springframework.aop.framework.Advised.isPreFiltered()
00:31:18.182 [main] DEBUG o.s.aop.framework.CglibAopProxy - Method is declared on Advised interface: public abstract java.lang.Class[] org.springframework.aop.framework.Advised.getProxiedInterfaces()
00:31:18.182 [main] DEBUG o.s.aop.framework.CglibAopProxy - Method is declared on Advised interface: public abstract boolean org.springframework.aop.framework.Advised.isInterfaceProxied(java.lang.Class)
00:31:18.182 [main] DEBUG o.s.aop.framework.CglibAopProxy - Method is declared on Advised interface: public abstract org.springframework.aop.Advisor[] org.springframework.aop.framework.Advised.getAdvisors()
00:31:18.183 [main] DEBUG o.s.aop.framework.CglibAopProxy - Method is declared on Advised interface: public abstract void org.springframework.aop.framework.Advised.removeAdvisor(int) throws org.springframework.aop.framework.AopConfigException
00:31:18.183 [main] DEBUG o.s.aop.framework.CglibAopProxy - Method is declared on Advised interface: public abstract boolean org.springframework.aop.framework.Advised.removeAdvisor(org.springframework.aop.Advisor)
00:31:18.183 [main] DEBUG o.s.aop.framework.CglibAopProxy - Method is declared on Advised interface: public abstract boolean org.springframework.aop.framework.Advised.replaceAdvisor(org.springframework.aop.Advisor,org.springframework.aop.Advisor) throws org.springframework.aop.framework.AopConfigException
00:31:18.183 [main] DEBUG o.s.aop.framework.CglibAopProxy - Method is declared on Advised interface: public abstract boolean org.springframework.aop.framework.Advised.removeAdvice(org.aopalliance.aop.Advice)
00:31:18.183 [main] DEBUG o.s.aop.framework.CglibAopProxy - Method is declared on Advised interface: public abstract java.lang.String org.springframework.aop.framework.Advised.toProxyConfigString()
00:31:18.183 [main] DEBUG o.s.aop.framework.CglibAopProxy - Method is declared on Advised interface: public abstract void org.springframework.aop.framework.Advised.setTargetSource(org.springframework.aop.TargetSource)
00:31:18.183 [main] DEBUG o.s.aop.framework.CglibAopProxy - Method is declared on Advised interface: public abstract org.springframework.aop.TargetSource org.springframework.aop.framework.Advised.getTargetSource()
00:31:18.183 [main] DEBUG o.s.aop.framework.CglibAopProxy - Method is declared on Advised interface: public abstract boolean org.springframework.aop.framework.Advised.isProxyTargetClass()
00:31:18.184 [main] DEBUG o.s.aop.framework.CglibAopProxy - Method is declared on Advised interface: public abstract void org.springframework.aop.framework.Advised.addAdvisor(org.springframework.aop.Advisor) throws org.springframework.aop.framework.AopConfigException
00:31:18.184 [main] DEBUG o.s.aop.framework.CglibAopProxy - Method is declared on Advised interface: public abstract void org.springframework.aop.framework.Advised.addAdvisor(int,org.springframework.aop.Advisor) throws org.springframework.aop.framework.AopConfigException
00:31:18.184 [main] DEBUG o.s.aop.framework.CglibAopProxy - Method is declared on Advised interface: public abstract void org.springframework.aop.framework.Advised.setPreFiltered(boolean)
00:31:18.184 [main] DEBUG o.s.aop.framework.CglibAopProxy - Method is declared on Advised interface: public abstract void org.springframework.aop.framework.Advised.setExposeProxy(boolean)
00:31:18.184 [main] DEBUG o.s.aop.framework.CglibAopProxy - Method is declared on Advised interface: public abstract boolean org.springframework.aop.framework.Advised.isExposeProxy()
00:31:18.184 [main] DEBUG o.s.aop.framework.CglibAopProxy - Method is declared on Advised interface: public abstract int org.springframework.aop.framework.Advised.indexOf(org.springframework.aop.Advisor)
00:31:18.184 [main] DEBUG o.s.aop.framework.CglibAopProxy - Method is declared on Advised interface: public abstract int org.springframework.aop.framework.Advised.indexOf(org.aopalliance.aop.Advice)
00:31:18.185 [main] DEBUG o.s.aop.framework.CglibAopProxy - Method is declared on Advised interface: public abstract boolean org.springframework.aop.framework.Advised.isFrozen()
00:31:18.185 [main] DEBUG o.s.aop.framework.CglibAopProxy - Method is declared on Advised interface: public abstract java.lang.Class org.springframework.aop.TargetClassAware.getTargetClass()
00:31:18.203 [main] DEBUG o.s.b.f.s.DefaultListableBeanFactory - Finished creating instance of bean 'APIPrescriptionController'
00:31:18.206 [main] DEBUG o.s.b.f.s.DefaultListableBeanFactory - Creating shared instance of singleton bean 'APIUserController'
00:31:18.206 [main] DEBUG o.s.b.f.s.DefaultListableBeanFactory - Creating instance of bean 'APIUserController'
00:31:18.209 [main] DEBUG o.s.b.f.s.DefaultListableBeanFactory - Eagerly caching bean 'APIUserController' to allow for resolving potential circular references
00:31:18.216 [main] DEBUG o.s.b.f.s.DefaultListableBeanFactory - Returning cached instance of singleton bean 'metaDataSourceAdvisor'
00:31:18.219 [main] DEBUG o.s.b.f.s.DefaultListableBeanFactory - Finished creating instance of bean 'APIUserController'
00:31:18.222 [main] DEBUG o.s.b.f.s.DefaultListableBeanFactory - Creating shared instance of singleton bean 'appointmentControllerHCP'
00:31:18.222 [main] DEBUG o.s.b.f.s.DefaultListableBeanFactory - Creating instance of bean 'appointmentControllerHCP'
00:31:18.224 [main] DEBUG o.s.b.f.s.DefaultListableBeanFactory - Eagerly caching bean 'appointmentControllerHCP' to allow for resolving potential circular references
00:31:18.225 [main] DEBUG o.s.b.f.s.DefaultListableBeanFactory - Returning cached instance of singleton bean 'metaDataSourceAdvisor'
00:31:18.226 [main] DEBUG o.s.s.a.p.PrePostAnnotationSecurityMetadataSource - @org.springframework.security.access.prepost.PreAuthorize(value=hasRole('ROLE_HCP')) found on specific method: public java.lang.String edu.ncsu.csc.itrust2.controllers.hcp.AppointmentControllerHCP.upcomingAppointments(org.springframework.ui.Model)
00:31:18.227 [main] DEBUG o.s.s.a.m.DelegatingMethodSecurityMetadataSource - Caching method [CacheKey[edu.ncsu.csc.itrust2.controllers.hcp.AppointmentControllerHCP; public java.lang.String edu.ncsu.csc.itrust2.controllers.hcp.AppointmentControllerHCP.upcomingAppointments(org.springframework.ui.Model)]] with attributes [[authorize: 'hasRole('ROLE_HCP')', filter: 'null', filterTarget: 'null']]
00:31:18.227 [main] DEBUG o.s.a.f.a.InfrastructureAdvisorAutoProxyCreator - Creating implicit proxy for bean 'appointmentControllerHCP' with 0 common interceptors and 1 specific interceptors
00:31:18.227 [main] DEBUG o.s.aop.framework.CglibAopProxy - Creating CGLIB proxy: target source is SingletonTargetSource for target object [edu.ncsu.csc.itrust2.controllers.hcp.AppointmentControllerHCP@33212ae6]
00:31:18.230 [main] DEBUG o.s.aop.framework.CglibAopProxy - Unable to apply any optimisations to advised method: public java.lang.String edu.ncsu.csc.itrust2.controllers.hcp.AppointmentControllerHCP.upcomingAppointments(org.springframework.ui.Model)
00:31:18.230 [main] DEBUG o.s.s.a.p.PrePostAnnotationSecurityMetadataSource - @org.springframework.security.access.prepost.PreAuthorize(value=hasRole('ROLE_HCP')) found on specific method: public java.lang.String edu.ncsu.csc.itrust2.controllers.hcp.AppointmentControllerHCP.requestAppointmentForm(org.springframework.ui.Model)
00:31:18.231 [main] DEBUG o.s.s.a.m.DelegatingMethodSecurityMetadataSource - Caching method [CacheKey[edu.ncsu.csc.itrust2.controllers.hcp.AppointmentControllerHCP; public java.lang.String edu.ncsu.csc.itrust2.controllers.hcp.AppointmentControllerHCP.requestAppointmentForm(org.springframework.ui.Model)]] with attributes [[authorize: 'hasRole('ROLE_HCP')', filter: 'null', filterTarget: 'null']]
00:31:18.231 [main] DEBUG o.s.aop.framework.CglibAopProxy - Unable to apply any optimisations to advised method: public java.lang.String edu.ncsu.csc.itrust2.controllers.hcp.AppointmentControllerHCP.requestAppointmentForm(org.springframework.ui.Model)
00:31:18.231 [main] DEBUG o.s.s.a.p.PrePostAnnotationSecurityMetadataSource - @org.springframework.security.access.prepost.PreAuthorize(value=hasRole('ROLE_HCP')) found on specific method: public java.lang.String edu.ncsu.csc.itrust2.controllers.hcp.AppointmentControllerHCP.appointmentActionSubmit(edu.ncsu.csc.itrust2.forms.patient.AppointmentForm)
00:31:18.234 [main] DEBUG o.s.s.a.m.DelegatingMethodSecurityMetadataSource - Caching method [CacheKey[edu.ncsu.csc.itrust2.controllers.hcp.AppointmentControllerHCP; public java.lang.String edu.ncsu.csc.itrust2.controllers.hcp.AppointmentControllerHCP.appointmentActionSubmit(edu.ncsu.csc.itrust2.forms.patient.AppointmentForm)]] with attributes [[authorize: 'hasRole('ROLE_HCP')', filter: 'null', filterTarget: 'null']]
00:31:18.235 [main] DEBUG o.s.aop.framework.CglibAopProxy - Unable to apply any optimisations to advised method: public java.lang.String edu.ncsu.csc.itrust2.controllers.hcp.AppointmentControllerHCP.appointmentActionSubmit(edu.ncsu.csc.itrust2.forms.patient.AppointmentForm)
00:31:18.235 [main] DEBUG o.s.aop.framework.CglibAopProxy - Found 'equals' method: public boolean java.lang.Object.equals(java.lang.Object)
00:31:18.235 [main] DEBUG o.s.aop.framework.CglibAopProxy - Unable to apply any optimisations to advised method: public java.lang.String java.lang.Object.toString()
00:31:18.235 [main] DEBUG o.s.aop.framework.CglibAopProxy - Found 'hashCode' method: public native int java.lang.Object.hashCode()
00:31:18.235 [main] DEBUG o.s.aop.framework.CglibAopProxy - Unable to apply any optimisations to advised method: protected native java.lang.Object java.lang.Object.clone() throws java.lang.CloneNotSupportedException
00:31:18.235 [main] DEBUG o.s.aop.framework.CglibAopProxy - Method is declared on Advised interface: public abstract void org.springframework.aop.framework.Advised.addAdvice(int,org.aopalliance.aop.Advice) throws org.springframework.aop.framework.AopConfigException
00:31:18.235 [main] DEBUG o.s.aop.framework.CglibAopProxy - Method is declared on Advised interface: public abstract void org.springframework.aop.framework.Advised.addAdvice(org.aopalliance.aop.Advice) throws org.springframework.aop.framework.AopConfigException
00:31:18.236 [main] DEBUG o.s.aop.framework.CglibAopProxy - Method is declared on Advised interface: public abstract boolean org.springframework.aop.framework.Advised.isPreFiltered()
00:31:18.236 [main] DEBUG o.s.aop.framework.CglibAopProxy - Method is declared on Advised interface: public abstract java.lang.Class[] org.springframework.aop.framework.Advised.getProxiedInterfaces()
00:31:18.236 [main] DEBUG o.s.aop.framework.CglibAopProxy - Method is declared on Advised interface: public abstract boolean org.springframework.aop.framework.Advised.isInterfaceProxied(java.lang.Class)
00:31:18.236 [main] DEBUG o.s.aop.framework.CglibAopProxy - Method is declared on Advised interface: public abstract org.springframework.aop.Advisor[] org.springframework.aop.framework.Advised.getAdvisors()
00:31:18.236 [main] DEBUG o.s.aop.framework.CglibAopProxy - Method is declared on Advised interface: public abstract void org.springframework.aop.framework.Advised.removeAdvisor(int) throws org.springframework.aop.framework.AopConfigException
00:31:18.236 [main] DEBUG o.s.aop.framework.CglibAopProxy - Method is declared on Advised interface: public abstract boolean org.springframework.aop.framework.Advised.removeAdvisor(org.springframework.aop.Advisor)
00:31:18.236 [main] DEBUG o.s.aop.framework.CglibAopProxy - Method is declared on Advised interface: public abstract boolean org.springframework.aop.framework.Advised.replaceAdvisor(org.springframework.aop.Advisor,org.springframework.aop.Advisor) throws org.springframework.aop.framework.AopConfigException
00:31:18.236 [main] DEBUG o.s.aop.framework.CglibAopProxy - Method is declared on Advised interface: public abstract boolean org.springframework.aop.framework.Advised.removeAdvice(org.aopalliance.aop.Advice)
00:31:18.237 [main] DEBUG o.s.aop.framework.CglibAopProxy - Method is declared on Advised interface: public abstract java.lang.String org.springframework.aop.framework.Advised.toProxyConfigString()
00:31:18.237 [main] DEBUG o.s.aop.framework.CglibAopProxy - Method is declared on Advised interface: public abstract void org.springframework.aop.framework.Advised.setTargetSource(org.springframework.aop.TargetSource)
00:31:18.237 [main] DEBUG o.s.aop.framework.CglibAopProxy - Method is declared on Advised interface: public abstract org.springframework.aop.TargetSource org.springframework.aop.framework.Advised.getTargetSource()
00:31:18.237 [main] DEBUG o.s.aop.framework.CglibAopProxy - Method is declared on Advised interface: public abstract boolean org.springframework.aop.framework.Advised.isProxyTargetClass()
00:31:18.237 [main] DEBUG o.s.aop.framework.CglibAopProxy - Method is declared on Advised interface: public abstract void org.springframework.aop.framework.Advised.addAdvisor(org.springframework.aop.Advisor) throws org.springframework.aop.framework.AopConfigException
00:31:18.237 [main] DEBUG o.s.aop.framework.CglibAopProxy - Method is declared on Advised interface: public abstract void org.springframework.aop.framework.Advised.addAdvisor(int,org.springframework.aop.Advisor) throws org.springframework.aop.framework.AopConfigException
00:31:18.237 [main] DEBUG o.s.aop.framework.CglibAopProxy - Method is declared on Advised interface: public abstract void org.springframework.aop.framework.Advised.setPreFiltered(boolean)
00:31:18.238 [main] DEBUG o.s.aop.framework.CglibAopProxy - Method is declared on Advised interface: public abstract void org.springframework.aop.framework.Advised.setExposeProxy(boolean)
00:31:18.238 [main] DEBUG o.s.aop.framework.CglibAopProxy - Method is declared on Advised interface: public abstract boolean org.springframework.aop.framework.Advised.isExposeProxy()
00:31:18.238 [main] DEBUG o.s.aop.framework.CglibAopProxy - Method is declared on Advised interface: public abstract int org.springframework.aop.framework.Advised.indexOf(org.springframework.aop.Advisor)
00:31:18.238 [main] DEBUG o.s.aop.framework.CglibAopProxy - Method is declared on Advised interface: public abstract int org.springframework.aop.framework.Advised.indexOf(org.aopalliance.aop.Advice)
00:31:18.238 [main] DEBUG o.s.aop.framework.CglibAopProxy - Method is declared on Advised interface: public abstract boolean org.springframework.aop.framework.Advised.isFrozen()
00:31:18.238 [main] DEBUG o.s.aop.framework.CglibAopProxy - Method is declared on Advised interface: public abstract java.lang.Class org.springframework.aop.TargetClassAware.getTargetClass()
00:31:18.260 [main] DEBUG o.s.b.f.s.DefaultListableBeanFactory - Finished creating instance of bean 'appointmentControllerHCP'
00:31:18.260 [main] DEBUG o.s.b.f.s.DefaultListableBeanFactory - Creating shared instance of singleton bean 'HCPController'
00:31:18.261 [main] DEBUG o.s.b.f.s.DefaultListableBeanFactory - Creating instance of bean 'HCPController'
00:31:18.262 [main] DEBUG o.s.b.f.s.DefaultListableBeanFactory - Eagerly caching bean 'HCPController' to allow for resolving potential circular references
00:31:18.267 [main] DEBUG o.s.b.f.s.DefaultListableBeanFactory - Returning cached instance of singleton bean 'metaDataSourceAdvisor'
00:31:18.268 [main] DEBUG o.s.s.a.p.PrePostAnnotationSecurityMetadataSource - @org.springframework.security.access.prepost.PreAuthorize(value=hasRole('ROLE_HCP')) found on specific method: public java.lang.String edu.ncsu.csc.itrust2.controllers.hcp.HCPController.editPatientDemographics()
00:31:18.269 [main] DEBUG o.s.s.a.m.DelegatingMethodSecurityMetadataSource - Caching method [CacheKey[edu.ncsu.csc.itrust2.controllers.hcp.HCPController; public java.lang.String edu.ncsu.csc.itrust2.controllers.hcp.HCPController.editPatientDemographics()]] with attributes [[authorize: 'hasRole('ROLE_HCP')', filter: 'null', filterTarget: 'null']]
00:31:18.269 [main] DEBUG o.s.a.f.a.InfrastructureAdvisorAutoProxyCreator - Creating implicit proxy for bean 'HCPController' with 0 common interceptors and 1 specific interceptors
00:31:18.269 [main] DEBUG o.s.aop.framework.CglibAopProxy - Creating CGLIB proxy: target source is SingletonTargetSource for target object [edu.ncsu.csc.itrust2.controllers.hcp.HCPController@4c19b0a8]
00:31:18.270 [main] DEBUG o.s.aop.framework.CglibAopProxy - Unable to apply any optimisations to advised method: public java.lang.String edu.ncsu.csc.itrust2.controllers.hcp.HCPController.editPatientDemographics()
00:31:18.270 [main] DEBUG o.s.s.a.p.PrePostAnnotationSecurityMetadataSource - @org.springframework.security.access.prepost.PreAuthorize(value=hasRole('ROLE_HCP')) found on specific method: public java.lang.String edu.ncsu.csc.itrust2.controllers.hcp.HCPController.editPrescriptions()
00:31:18.270 [main] DEBUG o.s.s.a.m.DelegatingMethodSecurityMetadataSource - Caching method [CacheKey[edu.ncsu.csc.itrust2.controllers.hcp.HCPController; public java.lang.String edu.ncsu.csc.itrust2.controllers.hcp.HCPController.editPrescriptions()]] with attributes [[authorize: 'hasRole('ROLE_HCP')', filter: 'null', filterTarget: 'null']]
00:31:18.271 [main] DEBUG o.s.aop.framework.CglibAopProxy - Unable to apply any optimisations to advised method: public java.lang.String edu.ncsu.csc.itrust2.controllers.hcp.HCPController.editPrescriptions()
00:31:18.271 [main] DEBUG o.s.s.a.p.PrePostAnnotationSecurityMetadataSource - @org.springframework.security.access.prepost.PreAuthorize(value=hasRole('ROLE_HCP')) found on specific method: public java.lang.String edu.ncsu.csc.itrust2.controllers.hcp.HCPController.index(org.springframework.ui.Model)
00:31:18.271 [main] DEBUG o.s.s.a.m.DelegatingMethodSecurityMetadataSource - Caching method [CacheKey[edu.ncsu.csc.itrust2.controllers.hcp.HCPController; public java.lang.String edu.ncsu.csc.itrust2.controllers.hcp.HCPController.index(org.springframework.ui.Model)]] with attributes [[authorize: 'hasRole('ROLE_HCP')', filter: 'null', filterTarget: 'null']]
00:31:18.271 [main] DEBUG o.s.aop.framework.CglibAopProxy - Unable to apply any optimisations to advised method: public java.lang.String edu.ncsu.csc.itrust2.controllers.hcp.HCPController.index(org.springframework.ui.Model)
00:31:18.271 [main] DEBUG o.s.aop.framework.CglibAopProxy - Found 'equals' method: public boolean java.lang.Object.equals(java.lang.Object)
00:31:18.272 [main] DEBUG o.s.aop.framework.CglibAopProxy - Unable to apply any optimisations to advised method: public java.lang.String java.lang.Object.toString()
00:31:18.274 [main] DEBUG o.s.aop.framework.CglibAopProxy - Found 'hashCode' method: public native int java.lang.Object.hashCode()
00:31:18.274 [main] DEBUG o.s.aop.framework.CglibAopProxy - Unable to apply any optimisations to advised method: protected native java.lang.Object java.lang.Object.clone() throws java.lang.CloneNotSupportedException
00:31:18.274 [main] DEBUG o.s.aop.framework.CglibAopProxy - Method is declared on Advised interface: public abstract void org.springframework.aop.framework.Advised.addAdvice(int,org.aopalliance.aop.Advice) throws org.springframework.aop.framework.AopConfigException
00:31:18.274 [main] DEBUG o.s.aop.framework.CglibAopProxy - Method is declared on Advised interface: public abstract void org.springframework.aop.framework.Advised.addAdvice(org.aopalliance.aop.Advice) throws org.springframework.aop.framework.AopConfigException
00:31:18.274 [main] DEBUG o.s.aop.framework.CglibAopProxy - Method is declared on Advised interface: public abstract boolean org.springframework.aop.framework.Advised.isPreFiltered()
00:31:18.275 [main] DEBUG o.s.aop.framework.CglibAopProxy - Method is declared on Advised interface: public abstract java.lang.Class[] org.springframework.aop.framework.Advised.getProxiedInterfaces()
00:31:18.275 [main] DEBUG o.s.aop.framework.CglibAopProxy - Method is declared on Advised interface: public abstract boolean org.springframework.aop.framework.Advised.isInterfaceProxied(java.lang.Class)
00:31:18.275 [main] DEBUG o.s.aop.framework.CglibAopProxy - Method is declared on Advised interface: public abstract org.springframework.aop.Advisor[] org.springframework.aop.framework.Advised.getAdvisors()
00:31:18.275 [main] DEBUG o.s.aop.framework.CglibAopProxy - Method is declared on Advised interface: public abstract void org.springframework.aop.framework.Advised.removeAdvisor(int) throws org.springframework.aop.framework.AopConfigException
00:31:18.275 [main] DEBUG o.s.aop.framework.CglibAopProxy - Method is declared on Advised interface: public abstract boolean org.springframework.aop.framework.Advised.removeAdvisor(org.springframework.aop.Advisor)
00:31:18.275 [main] DEBUG o.s.aop.framework.CglibAopProxy - Method is declared on Advised interface: public abstract boolean org.springframework.aop.framework.Advised.replaceAdvisor(org.springframework.aop.Advisor,org.springframework.aop.Advisor) throws org.springframework.aop.framework.AopConfigException
00:31:18.275 [main] DEBUG o.s.aop.framework.CglibAopProxy - Method is declared on Advised interface: public abstract boolean org.springframework.aop.framework.Advised.removeAdvice(org.aopalliance.aop.Advice)
00:31:18.275 [main] DEBUG o.s.aop.framework.CglibAopProxy - Method is declared on Advised interface: public abstract java.lang.String org.springframework.aop.framework.Advised.toProxyConfigString()
00:31:18.276 [main] DEBUG o.s.aop.framework.CglibAopProxy - Method is declared on Advised interface: public abstract void org.springframework.aop.framework.Advised.setTargetSource(org.springframework.aop.TargetSource)
00:31:18.276 [main] DEBUG o.s.aop.framework.CglibAopProxy - Method is declared on Advised interface: public abstract org.springframework.aop.TargetSource org.springframework.aop.framework.Advised.getTargetSource()
00:31:18.276 [main] DEBUG o.s.aop.framework.CglibAopProxy - Method is declared on Advised interface: public abstract boolean org.springframework.aop.framework.Advised.isProxyTargetClass()
00:31:18.276 [main] DEBUG o.s.aop.framework.CglibAopProxy - Method is declared on Advised interface: public abstract void org.springframework.aop.framework.Advised.addAdvisor(org.springframework.aop.Advisor) throws org.springframework.aop.framework.AopConfigException
00:31:18.276 [main] DEBUG o.s.aop.framework.CglibAopProxy - Method is declared on Advised interface: public abstract void org.springframework.aop.framework.Advised.addAdvisor(int,org.springframework.aop.Advisor) throws org.springframework.aop.framework.AopConfigException
00:31:18.276 [main] DEBUG o.s.aop.framework.CglibAopProxy - Method is declared on Advised interface: public abstract void org.springframework.aop.framework.Advised.setPreFiltered(boolean)
00:31:18.276 [main] DEBUG o.s.aop.framework.CglibAopProxy - Method is declared on Advised interface: public abstract void org.springframework.aop.framework.Advised.setExposeProxy(boolean)
00:31:18.276 [main] DEBUG o.s.aop.framework.CglibAopProxy - Method is declared on Advised interface: public abstract boolean org.springframework.aop.framework.Advised.isExposeProxy()
00:31:18.277 [main] DEBUG o.s.aop.framework.CglibAopProxy - Method is declared on Advised interface: public abstract int org.springframework.aop.framework.Advised.indexOf(org.springframework.aop.Advisor)
00:31:18.277 [main] DEBUG o.s.aop.framework.CglibAopProxy - Method is declared on Advised interface: public abstract int org.springframework.aop.framework.Advised.indexOf(org.aopalliance.aop.Advice)
00:31:18.277 [main] DEBUG o.s.aop.framework.CglibAopProxy - Method is declared on Advised interface: public abstract boolean org.springframework.aop.framework.Advised.isFrozen()
00:31:18.277 [main] DEBUG o.s.aop.framework.CglibAopProxy - Method is declared on Advised interface: public abstract java.lang.Class org.springframework.aop.TargetClassAware.getTargetClass()
00:31:18.308 [main] DEBUG o.s.b.f.s.DefaultListableBeanFactory - Finished creating instance of bean 'HCPController'
00:31:18.314 [main] DEBUG o.s.b.f.s.DefaultListableBeanFactory - Creating shared instance of singleton bean 'officeVisitController'
00:31:18.314 [main] DEBUG o.s.b.f.s.DefaultListableBeanFactory - Creating instance of bean 'officeVisitController'
00:31:18.315 [main] DEBUG o.s.b.f.s.DefaultListableBeanFactory - Eagerly caching bean 'officeVisitController' to allow for resolving potential circular references
00:31:18.317 [main] DEBUG o.s.b.f.s.DefaultListableBeanFactory - Returning cached instance of singleton bean 'metaDataSourceAdvisor'
00:31:18.317 [main] DEBUG o.s.s.a.p.PrePostAnnotationSecurityMetadataSource - @org.springframework.security.access.prepost.PreAuthorize(value=hasRole('ROLE_HCP')) found on specific method: public java.lang.String edu.ncsu.csc.itrust2.controllers.hcp.OfficeVisitController.documentOfficeVisit(org.springframework.ui.Model)
00:31:18.318 [main] DEBUG o.s.s.a.m.DelegatingMethodSecurityMetadataSource - Caching method [CacheKey[edu.ncsu.csc.itrust2.controllers.hcp.OfficeVisitController; public java.lang.String edu.ncsu.csc.itrust2.controllers.hcp.OfficeVisitController.documentOfficeVisit(org.springframework.ui.Model)]] with attributes [[authorize: 'hasRole('ROLE_HCP')', filter: 'null', filterTarget: 'null']]
00:31:18.318 [main] DEBUG o.s.a.f.a.InfrastructureAdvisorAutoProxyCreator - Creating implicit proxy for bean 'officeVisitController' with 0 common interceptors and 1 specific interceptors
00:31:18.318 [main] DEBUG o.s.aop.framework.CglibAopProxy - Creating CGLIB proxy: target source is SingletonTargetSource for target object [edu.ncsu.csc.itrust2.controllers.hcp.OfficeVisitController@53d0cf4d]
00:31:18.319 [main] DEBUG o.s.aop.framework.CglibAopProxy - Unable to apply any optimisations to advised method: public java.lang.String edu.ncsu.csc.itrust2.controllers.hcp.OfficeVisitController.documentOfficeVisit(org.springframework.ui.Model)
00:31:18.319 [main] DEBUG o.s.s.a.p.PrePostAnnotationSecurityMetadataSource - @org.springframework.security.access.prepost.PreAuthorize(value=hasRole('ROLE_HCP')) found on specific method: public java.lang.String edu.ncsu.csc.itrust2.controllers.hcp.OfficeVisitController.documentVisitSubmit(edu.ncsu.csc.itrust2.forms.hcp.OfficeVisitForm,org.springframework.validation.BindingResult,org.springframework.ui.Model)
00:31:18.319 [main] DEBUG o.s.s.a.m.DelegatingMethodSecurityMetadataSource - Caching method [CacheKey[edu.ncsu.csc.itrust2.controllers.hcp.OfficeVisitController; public java.lang.String edu.ncsu.csc.itrust2.controllers.hcp.OfficeVisitController.documentVisitSubmit(edu.ncsu.csc.itrust2.forms.hcp.OfficeVisitForm,org.springframework.validation.BindingResult,org.springframework.ui.Model)]] with attributes [[authorize: 'hasRole('ROLE_HCP')', filter: 'null', filterTarget: 'null']]
00:31:18.319 [main] DEBUG o.s.aop.framework.CglibAopProxy - Unable to apply any optimisations to advised method: public java.lang.String edu.ncsu.csc.itrust2.controllers.hcp.OfficeVisitController.documentVisitSubmit(edu.ncsu.csc.itrust2.forms.hcp.OfficeVisitForm,org.springframework.validation.BindingResult,org.springframework.ui.Model)
00:31:18.322 [main] DEBUG o.s.s.a.p.PrePostAnnotationSecurityMetadataSource - @org.springframework.security.access.prepost.PreAuthorize(value=hasRole('ROLE_HCP')) found on specific method: public java.lang.String edu.ncsu.csc.itrust2.controllers.hcp.OfficeVisitController.getAllOfficeVisits(org.springframework.ui.Model)
00:31:18.322 [main] DEBUG o.s.s.a.m.DelegatingMethodSecurityMetadataSource - Caching method [CacheKey[edu.ncsu.csc.itrust2.controllers.hcp.OfficeVisitController; public java.lang.String edu.ncsu.csc.itrust2.controllers.hcp.OfficeVisitController.getAllOfficeVisits(org.springframework.ui.Model)]] with attributes [[authorize: 'hasRole('ROLE_HCP')', filter: 'null', filterTarget: 'null']]
00:31:18.322 [main] DEBUG o.s.aop.framework.CglibAopProxy - Unable to apply any optimisations to advised method: public java.lang.String edu.ncsu.csc.itrust2.controllers.hcp.OfficeVisitController.getAllOfficeVisits(org.springframework.ui.Model)
00:31:18.323 [main] DEBUG o.s.aop.framework.CglibAopProxy - Found 'equals' method: public boolean java.lang.Object.equals(java.lang.Object)
00:31:18.323 [main] DEBUG o.s.aop.framework.CglibAopProxy - Unable to apply any optimisations to advised method: public java.lang.String java.lang.Object.toString()
00:31:18.323 [main] DEBUG o.s.aop.framework.CglibAopProxy - Found 'hashCode' method: public native int java.lang.Object.hashCode()
00:31:18.323 [main] DEBUG o.s.aop.framework.CglibAopProxy - Unable to apply any optimisations to advised method: protected native java.lang.Object java.lang.Object.clone() throws java.lang.CloneNotSupportedException
00:31:18.323 [main] DEBUG o.s.aop.framework.CglibAopProxy - Method is declared on Advised interface: public abstract void org.springframework.aop.framework.Advised.addAdvice(int,org.aopalliance.aop.Advice) throws org.springframework.aop.framework.AopConfigException
00:31:18.323 [main] DEBUG o.s.aop.framework.CglibAopProxy - Method is declared on Advised interface: public abstract void org.springframework.aop.framework.Advised.addAdvice(org.aopalliance.aop.Advice) throws org.springframework.aop.framework.AopConfigException
00:31:18.323 [main] DEBUG o.s.aop.framework.CglibAopProxy - Method is declared on Advised interface: public abstract boolean org.springframework.aop.framework.Advised.isPreFiltered()
00:31:18.324 [main] DEBUG o.s.aop.framework.CglibAopProxy - Method is declared on Advised interface: public abstract java.lang.Class[] org.springframework.aop.framework.Advised.getProxiedInterfaces()
00:31:18.324 [main] DEBUG o.s.aop.framework.CglibAopProxy - Method is declared on Advised interface: public abstract boolean org.springframework.aop.framework.Advised.isInterfaceProxied(java.lang.Class)
00:31:18.324 [main] DEBUG o.s.aop.framework.CglibAopProxy - Method is declared on Advised interface: public abstract org.springframework.aop.Advisor[] org.springframework.aop.framework.Advised.getAdvisors()
00:31:18.324 [main] DEBUG o.s.aop.framework.CglibAopProxy - Method is declared on Advised interface: public abstract void org.springframework.aop.framework.Advised.removeAdvisor(int) throws org.springframework.aop.framework.AopConfigException
00:31:18.324 [main] DEBUG o.s.aop.framework.CglibAopProxy - Method is declared on Advised interface: public abstract boolean org.springframework.aop.framework.Advised.removeAdvisor(org.springframework.aop.Advisor)
00:31:18.324 [main] DEBUG o.s.aop.framework.CglibAopProxy - Method is declared on Advised interface: public abstract boolean org.springframework.aop.framework.Advised.replaceAdvisor(org.springframework.aop.Advisor,org.springframework.aop.Advisor) throws org.springframework.aop.framework.AopConfigException
00:31:18.324 [main] DEBUG o.s.aop.framework.CglibAopProxy - Method is declared on Advised interface: public abstract boolean org.springframework.aop.framework.Advised.removeAdvice(org.aopalliance.aop.Advice)
00:31:18.324 [main] DEBUG o.s.aop.framework.CglibAopProxy - Method is declared on Advised interface: public abstract java.lang.String org.springframework.aop.framework.Advised.toProxyConfigString()
00:31:18.325 [main] DEBUG o.s.aop.framework.CglibAopProxy - Method is declared on Advised interface: public abstract void org.springframework.aop.framework.Advised.setTargetSource(org.springframework.aop.TargetSource)
00:31:18.325 [main] DEBUG o.s.aop.framework.CglibAopProxy - Method is declared on Advised interface: public abstract org.springframework.aop.TargetSource org.springframework.aop.framework.Advised.getTargetSource()
00:31:18.325 [main] DEBUG o.s.aop.framework.CglibAopProxy - Method is declared on Advised interface: public abstract boolean org.springframework.aop.framework.Advised.isProxyTargetClass()
00:31:18.325 [main] DEBUG o.s.aop.framework.CglibAopProxy - Method is declared on Advised interface: public abstract void org.springframework.aop.framework.Advised.addAdvisor(org.springframework.aop.Advisor) throws org.springframework.aop.framework.AopConfigException
00:31:18.325 [main] DEBUG o.s.aop.framework.CglibAopProxy - Method is declared on Advised interface: public abstract void org.springframework.aop.framework.Advised.addAdvisor(int,org.springframework.aop.Advisor) throws org.springframework.aop.framework.AopConfigException
00:31:18.325 [main] DEBUG o.s.aop.framework.CglibAopProxy - Method is declared on Advised interface: public abstract void org.springframework.aop.framework.Advised.setPreFiltered(boolean)
00:31:18.325 [main] DEBUG o.s.aop.framework.CglibAopProxy - Method is declared on Advised interface: public abstract void org.springframework.aop.framework.Advised.setExposeProxy(boolean)
00:31:18.325 [main] DEBUG o.s.aop.framework.CglibAopProxy - Method is declared on Advised interface: public abstract boolean org.springframework.aop.framework.Advised.isExposeProxy()
00:31:18.326 [main] DEBUG o.s.aop.framework.CglibAopProxy - Method is declared on Advised interface: public abstract int org.springframework.aop.framework.Advised.indexOf(org.springframework.aop.Advisor)
00:31:18.326 [main] DEBUG o.s.aop.framework.CglibAopProxy - Method is declared on Advised interface: public abstract int org.springframework.aop.framework.Advised.indexOf(org.aopalliance.aop.Advice)
00:31:18.326 [main] DEBUG o.s.aop.framework.CglibAopProxy - Method is declared on Advised interface: public abstract boolean org.springframework.aop.framework.Advised.isFrozen()
00:31:18.326 [main] DEBUG o.s.aop.framework.CglibAopProxy - Method is declared on Advised interface: public abstract java.lang.Class org.springframework.aop.TargetClassAware.getTargetClass()
00:31:18.350 [main] DEBUG o.s.b.f.s.DefaultListableBeanFactory - Finished creating instance of bean 'officeVisitController'
00:31:18.350 [main] DEBUG o.s.b.f.s.DefaultListableBeanFactory - Creating shared instance of singleton bean 'appointmentController'
00:31:18.350 [main] DEBUG o.s.b.f.s.DefaultListableBeanFactory - Creating instance of bean 'appointmentController'
00:31:18.352 [main] DEBUG o.s.b.f.s.DefaultListableBeanFactory - Eagerly caching bean 'appointmentController' to allow for resolving potential circular references
00:31:18.353 [main] DEBUG o.s.b.f.s.DefaultListableBeanFactory - Returning cached instance of singleton bean 'metaDataSourceAdvisor'
00:31:18.354 [main] DEBUG o.s.s.a.p.PrePostAnnotationSecurityMetadataSource - @org.springframework.security.access.prepost.PreAuthorize(value=hasRole('ROLE_PATIENT')) found on specific method: public java.lang.String edu.ncsu.csc.itrust2.controllers.patient.AppointmentController.requestAppointmentForm(org.springframework.ui.Model)
00:31:18.354 [main] DEBUG o.s.s.a.m.DelegatingMethodSecurityMetadataSource - Caching method [CacheKey[edu.ncsu.csc.itrust2.controllers.patient.AppointmentController; public java.lang.String edu.ncsu.csc.itrust2.controllers.patient.AppointmentController.requestAppointmentForm(org.springframework.ui.Model)]] with attributes [[authorize: 'hasRole('ROLE_PATIENT')', filter: 'null', filterTarget: 'null']]
00:31:18.355 [main] DEBUG o.s.a.f.a.InfrastructureAdvisorAutoProxyCreator - Creating implicit proxy for bean 'appointmentController' with 0 common interceptors and 1 specific interceptors
00:31:18.355 [main] DEBUG o.s.aop.framework.CglibAopProxy - Creating CGLIB proxy: target source is SingletonTargetSource for target object [edu.ncsu.csc.itrust2.controllers.patient.AppointmentController@5eb974]
00:31:18.355 [main] DEBUG o.s.aop.framework.CglibAopProxy - Unable to apply any optimisations to advised method: public java.lang.String edu.ncsu.csc.itrust2.controllers.patient.AppointmentController.requestAppointmentForm(org.springframework.ui.Model)
00:31:18.359 [main] DEBUG o.s.s.a.p.PrePostAnnotationSecurityMetadataSource - @org.springframework.security.access.prepost.PreAuthorize(value=hasRole('ROLE_PATIENT')) found on specific method: public java.lang.String edu.ncsu.csc.itrust2.controllers.patient.AppointmentController.inventorySubmit(edu.ncsu.csc.itrust2.forms.patient.AppointmentRequestForm,org.springframework.validation.BindingResult,org.springframework.ui.Model)
00:31:18.360 [main] DEBUG o.s.s.a.m.DelegatingMethodSecurityMetadataSource - Caching method [CacheKey[edu.ncsu.csc.itrust2.controllers.patient.AppointmentController; public java.lang.String edu.ncsu.csc.itrust2.controllers.patient.AppointmentController.inventorySubmit(edu.ncsu.csc.itrust2.forms.patient.AppointmentRequestForm,org.springframework.validation.BindingResult,org.springframework.ui.Model)]] with attributes [[authorize: 'hasRole('ROLE_PATIENT')', filter: 'null', filterTarget: 'null']]
00:31:18.360 [main] DEBUG o.s.aop.framework.CglibAopProxy - Unable to apply any optimisations to advised method: public java.lang.String edu.ncsu.csc.itrust2.controllers.patient.AppointmentController.inventorySubmit(edu.ncsu.csc.itrust2.forms.patient.AppointmentRequestForm,org.springframework.validation.BindingResult,org.springframework.ui.Model)
00:31:18.360 [main] DEBUG o.s.s.a.p.PrePostAnnotationSecurityMetadataSource - @org.springframework.security.access.prepost.PreAuthorize(value=hasRole('ROLE_PATIENT')) found on specific method: public java.lang.String edu.ncsu.csc.itrust2.controllers.patient.AppointmentController.viewAppointmentRequests(org.springframework.ui.Model)
00:31:18.361 [main] DEBUG o.s.s.a.m.DelegatingMethodSecurityMetadataSource - Caching method [CacheKey[edu.ncsu.csc.itrust2.controllers.patient.AppointmentController; public java.lang.String edu.ncsu.csc.itrust2.controllers.patient.AppointmentController.viewAppointmentRequests(org.springframework.ui.Model)]] with attributes [[authorize: 'hasRole('ROLE_PATIENT')', filter: 'null', filterTarget: 'null']]
00:31:18.361 [main] DEBUG o.s.aop.framework.CglibAopProxy - Unable to apply any optimisations to advised method: public java.lang.String edu.ncsu.csc.itrust2.controllers.patient.AppointmentController.viewAppointmentRequests(org.springframework.ui.Model)
00:31:18.361 [main] DEBUG o.s.s.a.p.PrePostAnnotationSecurityMetadataSource - @org.springframework.security.access.prepost.PreAuthorize(value=hasRole('ROLE_PATIENT')) found on specific method: public java.lang.String edu.ncsu.csc.itrust2.controllers.patient.AppointmentController.viewRequestsSubmit(edu.ncsu.csc.itrust2.forms.patient.AppointmentForm)
00:31:18.361 [main] DEBUG o.s.s.a.m.DelegatingMethodSecurityMetadataSource - Caching method [CacheKey[edu.ncsu.csc.itrust2.controllers.patient.AppointmentController; public java.lang.String edu.ncsu.csc.itrust2.controllers.patient.AppointmentController.viewRequestsSubmit(edu.ncsu.csc.itrust2.forms.patient.AppointmentForm)]] with attributes [[authorize: 'hasRole('ROLE_PATIENT')', filter: 'null', filterTarget: 'null']]
00:31:18.362 [main] DEBUG o.s.aop.framework.CglibAopProxy - Unable to apply any optimisations to advised method: public java.lang.String edu.ncsu.csc.itrust2.controllers.patient.AppointmentController.viewRequestsSubmit(edu.ncsu.csc.itrust2.forms.patient.AppointmentForm)
00:31:18.362 [main] DEBUG o.s.aop.framework.CglibAopProxy - Found 'equals' method: public boolean java.lang.Object.equals(java.lang.Object)
00:31:18.362 [main] DEBUG o.s.aop.framework.CglibAopProxy - Unable to apply any optimisations to advised method: public java.lang.String java.lang.Object.toString()
00:31:18.362 [main] DEBUG o.s.aop.framework.CglibAopProxy - Found 'hashCode' method: public native int java.lang.Object.hashCode()
00:31:18.362 [main] DEBUG o.s.aop.framework.CglibAopProxy - Unable to apply any optimisations to advised method: protected native java.lang.Object java.lang.Object.clone() throws java.lang.CloneNotSupportedException
00:31:18.362 [main] DEBUG o.s.aop.framework.CglibAopProxy - Method is declared on Advised interface: public abstract void org.springframework.aop.framework.Advised.addAdvice(int,org.aopalliance.aop.Advice) throws org.springframework.aop.framework.AopConfigException
00:31:18.362 [main] DEBUG o.s.aop.framework.CglibAopProxy - Method is declared on Advised interface: public abstract void org.springframework.aop.framework.Advised.addAdvice(org.aopalliance.aop.Advice) throws org.springframework.aop.framework.AopConfigException
00:31:18.363 [main] DEBUG o.s.aop.framework.CglibAopProxy - Method is declared on Advised interface: public abstract boolean org.springframework.aop.framework.Advised.isPreFiltered()
00:31:18.363 [main] DEBUG o.s.aop.framework.CglibAopProxy - Method is declared on Advised interface: public abstract java.lang.Class[] org.springframework.aop.framework.Advised.getProxiedInterfaces()
00:31:18.363 [main] DEBUG o.s.aop.framework.CglibAopProxy - Method is declared on Advised interface: public abstract boolean org.springframework.aop.framework.Advised.isInterfaceProxied(java.lang.Class)
00:31:18.363 [main] DEBUG o.s.aop.framework.CglibAopProxy - Method is declared on Advised interface: public abstract org.springframework.aop.Advisor[] org.springframework.aop.framework.Advised.getAdvisors()
00:31:18.364 [main] DEBUG o.s.aop.framework.CglibAopProxy - Method is declared on Advised interface: public abstract void org.springframework.aop.framework.Advised.removeAdvisor(int) throws org.springframework.aop.framework.AopConfigException
00:31:18.364 [main] DEBUG o.s.aop.framework.CglibAopProxy - Method is declared on Advised interface: public abstract boolean org.springframework.aop.framework.Advised.removeAdvisor(org.springframework.aop.Advisor)
00:31:18.364 [main] DEBUG o.s.aop.framework.CglibAopProxy - Method is declared on Advised interface: public abstract boolean org.springframework.aop.framework.Advised.replaceAdvisor(org.springframework.aop.Advisor,org.springframework.aop.Advisor) throws org.springframework.aop.framework.AopConfigException
00:31:18.364 [main] DEBUG o.s.aop.framework.CglibAopProxy - Method is declared on Advised interface: public abstract boolean org.springframework.aop.framework.Advised.removeAdvice(org.aopalliance.aop.Advice)
00:31:18.364 [main] DEBUG o.s.aop.framework.CglibAopProxy - Method is declared on Advised interface: public abstract java.lang.String org.springframework.aop.framework.Advised.toProxyConfigString()
00:31:18.364 [main] DEBUG o.s.aop.framework.CglibAopProxy - Method is declared on Advised interface: public abstract void org.springframework.aop.framework.Advised.setTargetSource(org.springframework.aop.TargetSource)
00:31:18.364 [main] DEBUG o.s.aop.framework.CglibAopProxy - Method is declared on Advised interface: public abstract org.springframework.aop.TargetSource org.springframework.aop.framework.Advised.getTargetSource()
00:31:18.364 [main] DEBUG o.s.aop.framework.CglibAopProxy - Method is declared on Advised interface: public abstract boolean org.springframework.aop.framework.Advised.isProxyTargetClass()
00:31:18.365 [main] DEBUG o.s.aop.framework.CglibAopProxy - Method is declared on Advised interface: public abstract void org.springframework.aop.framework.Advised.addAdvisor(org.springframework.aop.Advisor) throws org.springframework.aop.framework.AopConfigException
00:31:18.365 [main] DEBUG o.s.aop.framework.CglibAopProxy - Method is declared on Advised interface: public abstract void org.springframework.aop.framework.Advised.addAdvisor(int,org.springframework.aop.Advisor) throws org.springframework.aop.framework.AopConfigException
00:31:18.365 [main] DEBUG o.s.aop.framework.CglibAopProxy - Method is declared on Advised interface: public abstract void org.springframework.aop.framework.Advised.setPreFiltered(boolean)
00:31:18.365 [main] DEBUG o.s.aop.framework.CglibAopProxy - Method is declared on Advised interface: public abstract void org.springframework.aop.framework.Advised.setExposeProxy(boolean)
00:31:18.365 [main] DEBUG o.s.aop.framework.CglibAopProxy - Method is declared on Advised interface: public abstract boolean org.springframework.aop.framework.Advised.isExposeProxy()
00:31:18.365 [main] DEBUG o.s.aop.framework.CglibAopProxy - Method is declared on Advised interface: public abstract int org.springframework.aop.framework.Advised.indexOf(org.springframework.aop.Advisor)
00:31:18.365 [main] DEBUG o.s.aop.framework.CglibAopProxy - Method is declared on Advised interface: public abstract int org.springframework.aop.framework.Advised.indexOf(org.aopalliance.aop.Advice)
00:31:18.365 [main] DEBUG o.s.aop.framework.CglibAopProxy - Method is declared on Advised interface: public abstract boolean org.springframework.aop.framework.Advised.isFrozen()
00:31:18.366 [main] DEBUG o.s.aop.framework.CglibAopProxy - Method is declared on Advised interface: public abstract java.lang.Class org.springframework.aop.TargetClassAware.getTargetClass()
00:31:18.385 [main] DEBUG o.s.b.f.s.DefaultListableBeanFactory - Finished creating instance of bean 'appointmentController'
00:31:18.387 [main] DEBUG o.s.b.f.s.DefaultListableBeanFactory - Creating shared instance of singleton bean 'diagnosesController'
00:31:18.387 [main] DEBUG o.s.b.f.s.DefaultListableBeanFactory - Creating instance of bean 'diagnosesController'
00:31:18.388 [main] DEBUG o.s.b.f.s.DefaultListableBeanFactory - Eagerly caching bean 'diagnosesController' to allow for resolving potential circular references
00:31:18.400 [main] DEBUG o.s.b.f.s.DefaultListableBeanFactory - Returning cached instance of singleton bean 'metaDataSourceAdvisor'
00:31:18.400 [main] DEBUG o.s.s.a.p.PrePostAnnotationSecurityMetadataSource - @org.springframework.security.access.prepost.PreAuthorize(value=hasRole('ROLE_PATIENT')) found on specific method: public java.lang.String edu.ncsu.csc.itrust2.controllers.patient.DiagnosesController.viewDiagnoses(org.springframework.ui.Model)
00:31:18.401 [main] DEBUG o.s.s.a.m.DelegatingMethodSecurityMetadataSource - Caching method [CacheKey[edu.ncsu.csc.itrust2.controllers.patient.DiagnosesController; public java.lang.String edu.ncsu.csc.itrust2.controllers.patient.DiagnosesController.viewDiagnoses(org.springframework.ui.Model)]] with attributes [[authorize: 'hasRole('ROLE_PATIENT')', filter: 'null', filterTarget: 'null']]
00:31:18.401 [main] DEBUG o.s.a.f.a.InfrastructureAdvisorAutoProxyCreator - Creating implicit proxy for bean 'diagnosesController' with 0 common interceptors and 1 specific interceptors
00:31:18.401 [main] DEBUG o.s.aop.framework.CglibAopProxy - Creating CGLIB proxy: target source is SingletonTargetSource for target object [edu.ncsu.csc.itrust2.controllers.patient.DiagnosesController@33822750]
00:31:18.402 [main] DEBUG o.s.aop.framework.CglibAopProxy - Unable to apply any optimisations to advised method: public java.lang.String edu.ncsu.csc.itrust2.controllers.patient.DiagnosesController.viewDiagnoses(org.springframework.ui.Model)
00:31:18.402 [main] DEBUG o.s.aop.framework.CglibAopProxy - Found 'equals' method: public boolean java.lang.Object.equals(java.lang.Object)
00:31:18.402 [main] DEBUG o.s.aop.framework.CglibAopProxy - Unable to apply any optimisations to advised method: public java.lang.String java.lang.Object.toString()
00:31:18.403 [main] DEBUG o.s.aop.framework.CglibAopProxy - Found 'hashCode' method: public native int java.lang.Object.hashCode()
00:31:18.403 [main] DEBUG o.s.aop.framework.CglibAopProxy - Unable to apply any optimisations to advised method: protected native java.lang.Object java.lang.Object.clone() throws java.lang.CloneNotSupportedException
00:31:18.403 [main] DEBUG o.s.aop.framework.CglibAopProxy - Method is declared on Advised interface: public abstract void org.springframework.aop.framework.Advised.addAdvice(int,org.aopalliance.aop.Advice) throws org.springframework.aop.framework.AopConfigException
00:31:18.403 [main] DEBUG o.s.aop.framework.CglibAopProxy - Method is declared on Advised interface: public abstract void org.springframework.aop.framework.Advised.addAdvice(org.aopalliance.aop.Advice) throws org.springframework.aop.framework.AopConfigException
00:31:18.403 [main] DEBUG o.s.aop.framework.CglibAopProxy - Method is declared on Advised interface: public abstract boolean org.springframework.aop.framework.Advised.isPreFiltered()
00:31:18.403 [main] DEBUG o.s.aop.framework.CglibAopProxy - Method is declared on Advised interface: public abstract java.lang.Class[] org.springframework.aop.framework.Advised.getProxiedInterfaces()
00:31:18.403 [main] DEBUG o.s.aop.framework.CglibAopProxy - Method is declared on Advised interface: public abstract boolean org.springframework.aop.framework.Advised.isInterfaceProxied(java.lang.Class)
00:31:18.403 [main] DEBUG o.s.aop.framework.CglibAopProxy - Method is declared on Advised interface: public abstract org.springframework.aop.Advisor[] org.springframework.aop.framework.Advised.getAdvisors()
00:31:18.404 [main] DEBUG o.s.aop.framework.CglibAopProxy - Method is declared on Advised interface: public abstract void org.springframework.aop.framework.Advised.removeAdvisor(int) throws org.springframework.aop.framework.AopConfigException
00:31:18.404 [main] DEBUG o.s.aop.framework.CglibAopProxy - Method is declared on Advised interface: public abstract boolean org.springframework.aop.framework.Advised.removeAdvisor(org.springframework.aop.Advisor)
00:31:18.404 [main] DEBUG o.s.aop.framework.CglibAopProxy - Method is declared on Advised interface: public abstract boolean org.springframework.aop.framework.Advised.replaceAdvisor(org.springframework.aop.Advisor,org.springframework.aop.Advisor) throws org.springframework.aop.framework.AopConfigException
00:31:18.404 [main] DEBUG o.s.aop.framework.CglibAopProxy - Method is declared on Advised interface: public abstract boolean org.springframework.aop.framework.Advised.removeAdvice(org.aopalliance.aop.Advice)
00:31:18.404 [main] DEBUG o.s.aop.framework.CglibAopProxy - Method is declared on Advised interface: public abstract java.lang.String org.springframework.aop.framework.Advised.toProxyConfigString()
00:31:18.404 [main] DEBUG o.s.aop.framework.CglibAopProxy - Method is declared on Advised interface: public abstract void org.springframework.aop.framework.Advised.setTargetSource(org.springframework.aop.TargetSource)
00:31:18.404 [main] DEBUG o.s.aop.framework.CglibAopProxy - Method is declared on Advised interface: public abstract org.springframework.aop.TargetSource org.springframework.aop.framework.Advised.getTargetSource()
00:31:18.405 [main] DEBUG o.s.aop.framework.CglibAopProxy - Method is declared on Advised interface: public abstract boolean org.springframework.aop.framework.Advised.isProxyTargetClass()
00:31:18.405 [main] DEBUG o.s.aop.framework.CglibAopProxy - Method is declared on Advised interface: public abstract void org.springframework.aop.framework.Advised.addAdvisor(org.springframework.aop.Advisor) throws org.springframework.aop.framework.AopConfigException
00:31:18.405 [main] DEBUG o.s.aop.framework.CglibAopProxy - Method is declared on Advised interface: public abstract void org.springframework.aop.framework.Advised.addAdvisor(int,org.springframework.aop.Advisor) throws org.springframework.aop.framework.AopConfigException
00:31:18.405 [main] DEBUG o.s.aop.framework.CglibAopProxy - Method is declared on Advised interface: public abstract void org.springframework.aop.framework.Advised.setPreFiltered(boolean)
00:31:18.405 [main] DEBUG o.s.aop.framework.CglibAopProxy - Method is declared on Advised interface: public abstract void org.springframework.aop.framework.Advised.setExposeProxy(boolean)
00:31:18.405 [main] DEBUG o.s.aop.framework.CglibAopProxy - Method is declared on Advised interface: public abstract boolean org.springframework.aop.framework.Advised.isExposeProxy()
00:31:18.405 [main] DEBUG o.s.aop.framework.CglibAopProxy - Method is declared on Advised interface: public abstract int org.springframework.aop.framework.Advised.indexOf(org.springframework.aop.Advisor)
00:31:18.405 [main] DEBUG o.s.aop.framework.CglibAopProxy - Method is declared on Advised interface: public abstract int org.springframework.aop.framework.Advised.indexOf(org.aopalliance.aop.Advice)
00:31:18.406 [main] DEBUG o.s.aop.framework.CglibAopProxy - Method is declared on Advised interface: public abstract boolean org.springframework.aop.framework.Advised.isFrozen()
00:31:18.406 [main] DEBUG o.s.aop.framework.CglibAopProxy - Method is declared on Advised interface: public abstract java.lang.Class org.springframework.aop.TargetClassAware.getTargetClass()
00:31:18.431 [main] DEBUG o.s.b.f.s.DefaultListableBeanFactory - Finished creating instance of bean 'diagnosesController'
00:31:18.431 [main] DEBUG o.s.b.f.s.DefaultListableBeanFactory - Creating shared instance of singleton bean 'patientController'
00:31:18.432 [main] DEBUG o.s.b.f.s.DefaultListableBeanFactory - Creating instance of bean 'patientController'
00:31:18.434 [main] DEBUG o.s.b.f.s.DefaultListableBeanFactory - Eagerly caching bean 'patientController' to allow for resolving potential circular references
00:31:18.439 [main] DEBUG o.s.b.f.s.DefaultListableBeanFactory - Returning cached instance of singleton bean 'metaDataSourceAdvisor'
00:31:18.439 [main] DEBUG o.s.s.a.p.PrePostAnnotationSecurityMetadataSource - @org.springframework.security.access.prepost.PreAuthorize(value=hasRole('ROLE_PATIENT')) found on specific method: public java.lang.String edu.ncsu.csc.itrust2.controllers.patient.PatientController.viewOfficeVisits(org.springframework.ui.Model)
00:31:18.440 [main] DEBUG o.s.s.a.m.DelegatingMethodSecurityMetadataSource - Caching method [CacheKey[edu.ncsu.csc.itrust2.controllers.patient.PatientController; public java.lang.String edu.ncsu.csc.itrust2.controllers.patient.PatientController.viewOfficeVisits(org.springframework.ui.Model)]] with attributes [[authorize: 'hasRole('ROLE_PATIENT')', filter: 'null', filterTarget: 'null']]
00:31:18.440 [main] DEBUG o.s.a.f.a.InfrastructureAdvisorAutoProxyCreator - Creating implicit proxy for bean 'patientController' with 0 common interceptors and 1 specific interceptors
00:31:18.440 [main] DEBUG o.s.aop.framework.CglibAopProxy - Creating CGLIB proxy: target source is SingletonTargetSource for target object [edu.ncsu.csc.itrust2.controllers.patient.PatientController@fcd300e]
00:31:18.441 [main] DEBUG o.s.aop.framework.CglibAopProxy - Unable to apply any optimisations to advised method: public java.lang.String edu.ncsu.csc.itrust2.controllers.patient.PatientController.viewOfficeVisits(org.springframework.ui.Model)
00:31:18.441 [main] DEBUG o.s.s.a.p.PrePostAnnotationSecurityMetadataSource - @org.springframework.security.access.prepost.PreAuthorize(value=hasRole('ROLE_PATIENT')) found on specific method: public java.lang.String edu.ncsu.csc.itrust2.controllers.patient.PatientController.viewPrescriptions(org.springframework.ui.Model)
00:31:18.441 [main] DEBUG o.s.s.a.m.DelegatingMethodSecurityMetadataSource - Caching method [CacheKey[edu.ncsu.csc.itrust2.controllers.patient.PatientController; public java.lang.String edu.ncsu.csc.itrust2.controllers.patient.PatientController.viewPrescriptions(org.springframework.ui.Model)]] with attributes [[authorize: 'hasRole('ROLE_PATIENT')', filter: 'null', filterTarget: 'null']]
00:31:18.442 [main] DEBUG o.s.aop.framework.CglibAopProxy - Unable to apply any optimisations to advised method: public java.lang.String edu.ncsu.csc.itrust2.controllers.patient.PatientController.viewPrescriptions(org.springframework.ui.Model)
00:31:18.442 [main] DEBUG o.s.s.a.p.PrePostAnnotationSecurityMetadataSource - @org.springframework.security.access.prepost.PreAuthorize(value=hasRole('ROLE_PATIENT')) found on specific method: public java.lang.String edu.ncsu.csc.itrust2.controllers.patient.PatientController.viewDemographics(org.springframework.ui.Model)
00:31:18.443 [main] DEBUG o.s.s.a.m.DelegatingMethodSecurityMetadataSource - Caching method [CacheKey[edu.ncsu.csc.itrust2.controllers.patient.PatientController; public java.lang.String edu.ncsu.csc.itrust2.controllers.patient.PatientController.viewDemographics(org.springframework.ui.Model)]] with attributes [[authorize: 'hasRole('ROLE_PATIENT')', filter: 'null', filterTarget: 'null']]
00:31:18.444 [main] DEBUG o.s.aop.framework.CglibAopProxy - Unable to apply any optimisations to advised method: public java.lang.String edu.ncsu.csc.itrust2.controllers.patient.PatientController.viewDemographics(org.springframework.ui.Model)
00:31:18.447 [main] DEBUG o.s.s.a.p.PrePostAnnotationSecurityMetadataSource - @org.springframework.security.access.prepost.PreAuthorize(value=hasRole('ROLE_PATIENT')) found on specific method: public java.lang.String edu.ncsu.csc.itrust2.controllers.patient.PatientController.demographicsSubmit(edu.ncsu.csc.itrust2.forms.hcp_patient.PatientForm,org.springframework.validation.BindingResult,org.springframework.ui.Model)
00:31:18.448 [main] DEBUG o.s.s.a.m.DelegatingMethodSecurityMetadataSource - Caching method [CacheKey[edu.ncsu.csc.itrust2.controllers.patient.PatientController; public java.lang.String edu.ncsu.csc.itrust2.controllers.patient.PatientController.demographicsSubmit(edu.ncsu.csc.itrust2.forms.hcp_patient.PatientForm,org.springframework.validation.BindingResult,org.springframework.ui.Model)]] with attributes [[authorize: 'hasRole('ROLE_PATIENT')', filter: 'null', filterTarget: 'null']]
00:31:18.448 [main] DEBUG o.s.aop.framework.CglibAopProxy - Unable to apply any optimisations to advised method: public java.lang.String edu.ncsu.csc.itrust2.controllers.patient.PatientController.demographicsSubmit(edu.ncsu.csc.itrust2.forms.hcp_patient.PatientForm,org.springframework.validation.BindingResult,org.springframework.ui.Model)
00:31:18.448 [main] DEBUG o.s.s.a.p.PrePostAnnotationSecurityMetadataSource - @org.springframework.security.access.prepost.PreAuthorize(value=hasRole('ROLE_PATIENT')) found on specific method: public java.lang.String edu.ncsu.csc.itrust2.controllers.patient.PatientController.index(org.springframework.ui.Model)
00:31:18.449 [main] DEBUG o.s.s.a.m.DelegatingMethodSecurityMetadataSource - Caching method [CacheKey[edu.ncsu.csc.itrust2.controllers.patient.PatientController; public java.lang.String edu.ncsu.csc.itrust2.controllers.patient.PatientController.index(org.springframework.ui.Model)]] with attributes [[authorize: 'hasRole('ROLE_PATIENT')', filter: 'null', filterTarget: 'null']]
00:31:18.449 [main] DEBUG o.s.aop.framework.CglibAopProxy - Unable to apply any optimisations to advised method: public java.lang.String edu.ncsu.csc.itrust2.controllers.patient.PatientController.index(org.springframework.ui.Model)
00:31:18.449 [main] DEBUG o.s.aop.framework.CglibAopProxy - Found 'equals' method: public boolean java.lang.Object.equals(java.lang.Object)
00:31:18.449 [main] DEBUG o.s.aop.framework.CglibAopProxy - Unable to apply any optimisations to advised method: public java.lang.String java.lang.Object.toString()
00:31:18.449 [main] DEBUG o.s.aop.framework.CglibAopProxy - Found 'hashCode' method: public native int java.lang.Object.hashCode()
00:31:18.449 [main] DEBUG o.s.aop.framework.CglibAopProxy - Unable to apply any optimisations to advised method: protected native java.lang.Object java.lang.Object.clone() throws java.lang.CloneNotSupportedException
00:31:18.449 [main] DEBUG o.s.aop.framework.CglibAopProxy - Method is declared on Advised interface: public abstract void org.springframework.aop.framework.Advised.addAdvice(int,org.aopalliance.aop.Advice) throws org.springframework.aop.framework.AopConfigException
00:31:18.449 [main] DEBUG o.s.aop.framework.CglibAopProxy - Method is declared on Advised interface: public abstract void org.springframework.aop.framework.Advised.addAdvice(org.aopalliance.aop.Advice) throws org.springframework.aop.framework.AopConfigException
00:31:18.450 [main] DEBUG o.s.aop.framework.CglibAopProxy - Method is declared on Advised interface: public abstract boolean org.springframework.aop.framework.Advised.isPreFiltered()
00:31:18.450 [main] DEBUG o.s.aop.framework.CglibAopProxy - Method is declared on Advised interface: public abstract java.lang.Class[] org.springframework.aop.framework.Advised.getProxiedInterfaces()
00:31:18.450 [main] DEBUG o.s.aop.framework.CglibAopProxy - Method is declared on Advised interface: public abstract boolean org.springframework.aop.framework.Advised.isInterfaceProxied(java.lang.Class)
00:31:18.450 [main] DEBUG o.s.aop.framework.CglibAopProxy - Method is declared on Advised interface: public abstract org.springframework.aop.Advisor[] org.springframework.aop.framework.Advised.getAdvisors()
00:31:18.450 [main] DEBUG o.s.aop.framework.CglibAopProxy - Method is declared on Advised interface: public abstract void org.springframework.aop.framework.Advised.removeAdvisor(int) throws org.springframework.aop.framework.AopConfigException
00:31:18.450 [main] DEBUG o.s.aop.framework.CglibAopProxy - Method is declared on Advised interface: public abstract boolean org.springframework.aop.framework.Advised.removeAdvisor(org.springframework.aop.Advisor)
00:31:18.450 [main] DEBUG o.s.aop.framework.CglibAopProxy - Method is declared on Advised interface: public abstract boolean org.springframework.aop.framework.Advised.replaceAdvisor(org.springframework.aop.Advisor,org.springframework.aop.Advisor) throws org.springframework.aop.framework.AopConfigException
00:31:18.451 [main] DEBUG o.s.aop.framework.CglibAopProxy - Method is declared on Advised interface: public abstract boolean org.springframework.aop.framework.Advised.removeAdvice(org.aopalliance.aop.Advice)
00:31:18.451 [main] DEBUG o.s.aop.framework.CglibAopProxy - Method is declared on Advised interface: public abstract java.lang.String org.springframework.aop.framework.Advised.toProxyConfigString()
00:31:18.451 [main] DEBUG o.s.aop.framework.CglibAopProxy - Method is declared on Advised interface: public abstract void org.springframework.aop.framework.Advised.setTargetSource(org.springframework.aop.TargetSource)
00:31:18.451 [main] DEBUG o.s.aop.framework.CglibAopProxy - Method is declared on Advised interface: public abstract org.springframework.aop.TargetSource org.springframework.aop.framework.Advised.getTargetSource()
00:31:18.451 [main] DEBUG o.s.aop.framework.CglibAopProxy - Method is declared on Advised interface: public abstract boolean org.springframework.aop.framework.Advised.isProxyTargetClass()
00:31:18.451 [main] DEBUG o.s.aop.framework.CglibAopProxy - Method is declared on Advised interface: public abstract void org.springframework.aop.framework.Advised.addAdvisor(org.springframework.aop.Advisor) throws org.springframework.aop.framework.AopConfigException
00:31:18.451 [main] DEBUG o.s.aop.framework.CglibAopProxy - Method is declared on Advised interface: public abstract void org.springframework.aop.framework.Advised.addAdvisor(int,org.springframework.aop.Advisor) throws org.springframework.aop.framework.AopConfigException
00:31:18.453 [main] DEBUG o.s.aop.framework.CglibAopProxy - Method is declared on Advised interface: public abstract void org.springframework.aop.framework.Advised.setPreFiltered(boolean)
00:31:18.453 [main] DEBUG o.s.aop.framework.CglibAopProxy - Method is declared on Advised interface: public abstract void org.springframework.aop.framework.Advised.setExposeProxy(boolean)
00:31:18.453 [main] DEBUG o.s.aop.framework.CglibAopProxy - Method is declared on Advised interface: public abstract boolean org.springframework.aop.framework.Advised.isExposeProxy()
00:31:18.453 [main] DEBUG o.s.aop.framework.CglibAopProxy - Method is declared on Advised interface: public abstract int org.springframework.aop.framework.Advised.indexOf(org.springframework.aop.Advisor)
00:31:18.453 [main] DEBUG o.s.aop.framework.CglibAopProxy - Method is declared on Advised interface: public abstract int org.springframework.aop.framework.Advised.indexOf(org.aopalliance.aop.Advice)
00:31:18.454 [main] DEBUG o.s.aop.framework.CglibAopProxy - Method is declared on Advised interface: public abstract boolean org.springframework.aop.framework.Advised.isFrozen()
00:31:18.454 [main] DEBUG o.s.aop.framework.CglibAopProxy - Method is declared on Advised interface: public abstract java.lang.Class org.springframework.aop.TargetClassAware.getTargetClass()
00:31:18.474 [main] DEBUG o.s.b.f.s.DefaultListableBeanFactory - Finished creating instance of bean 'patientController'
00:31:18.482 [main] DEBUG o.s.b.f.s.DefaultListableBeanFactory - Creating shared instance of singleton bean 'passwordController'
00:31:18.482 [main] DEBUG o.s.b.f.s.DefaultListableBeanFactory - Creating instance of bean 'passwordController'
00:31:18.483 [main] DEBUG o.s.b.f.s.DefaultListableBeanFactory - Eagerly caching bean 'passwordController' to allow for resolving potential circular references
00:31:18.485 [main] DEBUG o.s.b.f.s.DefaultListableBeanFactory - Returning cached instance of singleton bean 'metaDataSourceAdvisor'
00:31:18.485 [main] DEBUG o.s.b.f.s.DefaultListableBeanFactory - Finished creating instance of bean 'passwordController'
00:31:18.486 [main] DEBUG o.s.b.f.s.DefaultListableBeanFactory - Creating shared instance of singleton bean 'userController'
00:31:18.486 [main] DEBUG o.s.b.f.s.DefaultListableBeanFactory - Creating instance of bean 'userController'
00:31:18.487 [main] DEBUG o.s.b.f.s.DefaultListableBeanFactory - Eagerly caching bean 'userController' to allow for resolving potential circular references
00:31:18.488 [main] DEBUG o.s.b.f.s.DefaultListableBeanFactory - Returning cached instance of singleton bean 'metaDataSourceAdvisor'
00:31:18.488 [main] DEBUG o.s.s.a.p.PrePostAnnotationSecurityMetadataSource - @org.springframework.security.access.prepost.PreAuthorize(value=hasRole('ROLE_HCP') or hasRole('ROLE_ADMIN')) found on specific method: public java.lang.String edu.ncsu.csc.itrust2.controllers.personnel.UserController.viewDemographics(org.springframework.ui.Model)
00:31:18.494 [main] DEBUG o.s.s.a.m.DelegatingMethodSecurityMetadataSource - Caching method [CacheKey[edu.ncsu.csc.itrust2.controllers.personnel.UserController; public java.lang.String edu.ncsu.csc.itrust2.controllers.personnel.UserController.viewDemographics(org.springframework.ui.Model)]] with attributes [[authorize: 'hasRole('ROLE_HCP') or hasRole('ROLE_ADMIN')', filter: 'null', filterTarget: 'null']]
00:31:18.494 [main] DEBUG o.s.a.f.a.InfrastructureAdvisorAutoProxyCreator - Creating implicit proxy for bean 'userController' with 0 common interceptors and 1 specific interceptors
00:31:18.494 [main] DEBUG o.s.aop.framework.CglibAopProxy - Creating CGLIB proxy: target source is SingletonTargetSource for target object [edu.ncsu.csc.itrust2.controllers.personnel.UserController@61defefb]
00:31:18.495 [main] DEBUG o.s.aop.framework.CglibAopProxy - Unable to apply any optimisations to advised method: public java.lang.String edu.ncsu.csc.itrust2.controllers.personnel.UserController.viewDemographics(org.springframework.ui.Model)
00:31:18.495 [main] DEBUG o.s.s.a.p.PrePostAnnotationSecurityMetadataSource - @org.springframework.security.access.prepost.PreAuthorize(value=hasRole('ROLE_HCP') or hasRole('ROLE_ADMIN')) found on specific method: public java.lang.String edu.ncsu.csc.itrust2.controllers.personnel.UserController.demographicsSubmit(edu.ncsu.csc.itrust2.forms.personnel.PersonnelForm,org.springframework.validation.BindingResult,org.springframework.ui.Model)
00:31:18.496 [main] DEBUG o.s.s.a.m.DelegatingMethodSecurityMetadataSource - Caching method [CacheKey[edu.ncsu.csc.itrust2.controllers.personnel.UserController; public java.lang.String edu.ncsu.csc.itrust2.controllers.personnel.UserController.demographicsSubmit(edu.ncsu.csc.itrust2.forms.personnel.PersonnelForm,org.springframework.validation.BindingResult,org.springframework.ui.Model)]] with attributes [[authorize: 'hasRole('ROLE_HCP') or hasRole('ROLE_ADMIN')', filter: 'null', filterTarget: 'null']]
00:31:18.496 [main] DEBUG o.s.aop.framework.CglibAopProxy - Unable to apply any optimisations to advised method: public java.lang.String edu.ncsu.csc.itrust2.controllers.personnel.UserController.demographicsSubmit(edu.ncsu.csc.itrust2.forms.personnel.PersonnelForm,org.springframework.validation.BindingResult,org.springframework.ui.Model)
00:31:18.496 [main] DEBUG o.s.aop.framework.CglibAopProxy - Found 'equals' method: public boolean java.lang.Object.equals(java.lang.Object)
00:31:18.496 [main] DEBUG o.s.aop.framework.CglibAopProxy - Unable to apply any optimisations to advised method: public java.lang.String java.lang.Object.toString()
00:31:18.496 [main] DEBUG o.s.aop.framework.CglibAopProxy - Found 'hashCode' method: public native int java.lang.Object.hashCode()
00:31:18.496 [main] DEBUG o.s.aop.framework.CglibAopProxy - Unable to apply any optimisations to advised method: protected native java.lang.Object java.lang.Object.clone() throws java.lang.CloneNotSupportedException
00:31:18.496 [main] DEBUG o.s.aop.framework.CglibAopProxy - Method is declared on Advised interface: public abstract void org.springframework.aop.framework.Advised.addAdvice(int,org.aopalliance.aop.Advice) throws org.springframework.aop.framework.AopConfigException
00:31:18.497 [main] DEBUG o.s.aop.framework.CglibAopProxy - Method is declared on Advised interface: public abstract void org.springframework.aop.framework.Advised.addAdvice(org.aopalliance.aop.Advice) throws org.springframework.aop.framework.AopConfigException
00:31:18.497 [main] DEBUG o.s.aop.framework.CglibAopProxy - Method is declared on Advised interface: public abstract boolean org.springframework.aop.framework.Advised.isPreFiltered()
00:31:18.497 [main] DEBUG o.s.aop.framework.CglibAopProxy - Method is declared on Advised interface: public abstract java.lang.Class[] org.springframework.aop.framework.Advised.getProxiedInterfaces()
00:31:18.497 [main] DEBUG o.s.aop.framework.CglibAopProxy - Method is declared on Advised interface: public abstract boolean org.springframework.aop.framework.Advised.isInterfaceProxied(java.lang.Class)
00:31:18.497 [main] DEBUG o.s.aop.framework.CglibAopProxy - Method is declared on Advised interface: public abstract org.springframework.aop.Advisor[] org.springframework.aop.framework.Advised.getAdvisors()
00:31:18.497 [main] DEBUG o.s.aop.framework.CglibAopProxy - Method is declared on Advised interface: public abstract void org.springframework.aop.framework.Advised.removeAdvisor(int) throws org.springframework.aop.framework.AopConfigException
00:31:18.497 [main] DEBUG o.s.aop.framework.CglibAopProxy - Method is declared on Advised interface: public abstract boolean org.springframework.aop.framework.Advised.removeAdvisor(org.springframework.aop.Advisor)
00:31:18.497 [main] DEBUG o.s.aop.framework.CglibAopProxy - Method is declared on Advised interface: public abstract boolean org.springframework.aop.framework.Advised.replaceAdvisor(org.springframework.aop.Advisor,org.springframework.aop.Advisor) throws org.springframework.aop.framework.AopConfigException
00:31:18.498 [main] DEBUG o.s.aop.framework.CglibAopProxy - Method is declared on Advised interface: public abstract boolean org.springframework.aop.framework.Advised.removeAdvice(org.aopalliance.aop.Advice)
00:31:18.498 [main] DEBUG o.s.aop.framework.CglibAopProxy - Method is declared on Advised interface: public abstract java.lang.String org.springframework.aop.framework.Advised.toProxyConfigString()
00:31:18.498 [main] DEBUG o.s.aop.framework.CglibAopProxy - Method is declared on Advised interface: public abstract void org.springframework.aop.framework.Advised.setTargetSource(org.springframework.aop.TargetSource)
00:31:18.498 [main] DEBUG o.s.aop.framework.CglibAopProxy - Method is declared on Advised interface: public abstract org.springframework.aop.TargetSource org.springframework.aop.framework.Advised.getTargetSource()
00:31:18.498 [main] DEBUG o.s.aop.framework.CglibAopProxy - Method is declared on Advised interface: public abstract boolean org.springframework.aop.framework.Advised.isProxyTargetClass()
00:31:18.498 [main] DEBUG o.s.aop.framework.CglibAopProxy - Method is declared on Advised interface: public abstract void org.springframework.aop.framework.Advised.addAdvisor(org.springframework.aop.Advisor) throws org.springframework.aop.framework.AopConfigException
00:31:18.498 [main] DEBUG o.s.aop.framework.CglibAopProxy - Method is declared on Advised interface: public abstract void org.springframework.aop.framework.Advised.addAdvisor(int,org.springframework.aop.Advisor) throws org.springframework.aop.framework.AopConfigException
00:31:18.499 [main] DEBUG o.s.aop.framework.CglibAopProxy - Method is declared on Advised interface: public abstract void org.springframework.aop.framework.Advised.setPreFiltered(boolean)
00:31:18.499 [main] DEBUG o.s.aop.framework.CglibAopProxy - Method is declared on Advised interface: public abstract void org.springframework.aop.framework.Advised.setExposeProxy(boolean)
00:31:18.499 [main] DEBUG o.s.aop.framework.CglibAopProxy - Method is declared on Advised interface: public abstract boolean org.springframework.aop.framework.Advised.isExposeProxy()
00:31:18.499 [main] DEBUG o.s.aop.framework.CglibAopProxy - Method is declared on Advised interface: public abstract int org.springframework.aop.framework.Advised.indexOf(org.springframework.aop.Advisor)
00:31:18.499 [main] DEBUG o.s.aop.framework.CglibAopProxy - Method is declared on Advised interface: public abstract int org.springframework.aop.framework.Advised.indexOf(org.aopalliance.aop.Advice)
00:31:18.499 [main] DEBUG o.s.aop.framework.CglibAopProxy - Method is declared on Advised interface: public abstract boolean org.springframework.aop.framework.Advised.isFrozen()
00:31:18.499 [main] DEBUG o.s.aop.framework.CglibAopProxy - Method is declared on Advised interface: public abstract java.lang.Class org.springframework.aop.TargetClassAware.getTargetClass()
00:31:18.520 [main] DEBUG o.s.b.f.s.DefaultListableBeanFactory - Finished creating instance of bean 'userController'
00:31:18.522 [main] DEBUG o.s.b.f.s.DefaultListableBeanFactory - Returning cached instance of singleton bean 'dataSource'
00:31:18.522 [main] DEBUG o.s.b.f.s.DefaultListableBeanFactory - Returning cached instance of singleton bean 'org.springframework.security.config.annotation.configuration.ObjectPostProcessorConfiguration'
00:31:18.522 [main] DEBUG o.s.b.f.s.DefaultListableBeanFactory - Returning cached instance of singleton bean 'objectPostProcessor'
00:31:18.522 [main] DEBUG o.s.b.f.s.DefaultListableBeanFactory - Returning cached instance of singleton bean 'org.springframework.security.config.annotation.authentication.configuration.AuthenticationConfiguration'
00:31:18.523 [main] DEBUG o.s.b.f.s.DefaultListableBeanFactory - Returning cached instance of singleton bean 'authenticationManagerBuilder'
00:31:18.523 [main] DEBUG o.s.b.f.s.DefaultListableBeanFactory - Returning cached instance of singleton bean 'enableGlobalAuthenticationAutowiredConfigurer'
00:31:18.523 [main] DEBUG o.s.b.f.s.DefaultListableBeanFactory - Returning cached instance of singleton bean 'initializeUserDetailsBeanManagerConfigurer'
00:31:18.523 [main] DEBUG o.s.b.f.s.DefaultListableBeanFactory - Returning cached instance of singleton bean 'initializeAuthenticationProviderBeanManagerConfigurer'
00:31:18.524 [main] DEBUG o.s.b.f.s.DefaultListableBeanFactory - Creating shared instance of singleton bean 'org.springframework.security.config.annotation.web.configuration.WebSecurityConfiguration'
00:31:18.524 [main] DEBUG o.s.b.f.s.DefaultListableBeanFactory - Creating instance of bean 'org.springframework.security.config.annotation.web.configuration.WebSecurityConfiguration'
00:31:18.536 [main] DEBUG o.s.b.f.annotation.InjectionMetadata - Registered injected element on class [org.springframework.security.config.annotation.web.configuration.WebSecurityConfiguration$$EnhancerBySpringCGLIB$$2baeb014]: AutowiredFieldElement for private org.springframework.security.config.annotation.ObjectPostProcessor org.springframework.security.config.annotation.web.configuration.WebSecurityConfiguration.objectObjectPostProcessor
00:31:18.536 [main] DEBUG o.s.b.f.annotation.InjectionMetadata - Registered injected element on class [org.springframework.security.config.annotation.web.configuration.WebSecurityConfiguration$$EnhancerBySpringCGLIB$$2baeb014]: AutowiredMethodElement for public void org.springframework.security.config.annotation.web.configuration.WebSecurityConfiguration.setFilterChainProxySecurityConfigurer(org.springframework.security.config.annotation.ObjectPostProcessor,java.util.List) throws java.lang.Exception
00:31:18.536 [main] DEBUG o.s.b.f.s.DefaultListableBeanFactory - Eagerly caching bean 'org.springframework.security.config.annotation.web.configuration.WebSecurityConfiguration' to allow for resolving potential circular references
00:31:18.538 [main] DEBUG o.s.b.f.annotation.InjectionMetadata - Processing injected element of bean 'org.springframework.security.config.annotation.web.configuration.WebSecurityConfiguration': AutowiredFieldElement for private org.springframework.security.config.annotation.ObjectPostProcessor org.springframework.security.config.annotation.web.configuration.WebSecurityConfiguration.objectObjectPostProcessor
00:31:18.539 [main] DEBUG o.s.b.f.s.DefaultListableBeanFactory - Returning cached instance of singleton bean 'objectPostProcessor'
00:31:18.539 [main] DEBUG o.s.b.f.a.AutowiredAnnotationBeanPostProcessor - Autowiring by type from bean name 'org.springframework.security.config.annotation.web.configuration.WebSecurityConfiguration' to bean named 'objectPostProcessor'
00:31:18.540 [main] DEBUG o.s.b.f.annotation.InjectionMetadata - Processing injected element of bean 'org.springframework.security.config.annotation.web.configuration.WebSecurityConfiguration': AutowiredMethodElement for public void org.springframework.security.config.annotation.web.configuration.WebSecurityConfiguration.setFilterChainProxySecurityConfigurer(org.springframework.security.config.annotation.ObjectPostProcessor,java.util.List) throws java.lang.Exception
00:31:18.547 [main] DEBUG o.s.b.f.s.DefaultListableBeanFactory - Returning cached instance of singleton bean 'objectPostProcessor'
00:31:18.553 [main] DEBUG o.s.b.f.s.DefaultListableBeanFactory - Creating shared instance of singleton bean 'autowiredWebSecurityConfigurersIgnoreParents'
00:31:18.558 [main] DEBUG o.s.b.f.s.DefaultListableBeanFactory - Creating instance of bean 'autowiredWebSecurityConfigurersIgnoreParents'
00:31:18.558 [main] DEBUG o.s.b.f.s.DefaultListableBeanFactory - Returning cached instance of singleton bean 'metaDataSourceAdvisor'
00:31:18.565 [main] DEBUG o.s.b.f.s.DefaultListableBeanFactory - Returning eagerly cached instance of singleton bean 'org.springframework.security.config.annotation.web.configuration.WebSecurityConfiguration' that is not fully initialized yet - a consequence of a circular reference
00:31:18.572 [main] DEBUG o.s.b.f.s.DefaultListableBeanFactory - Autowiring by type from bean name 'autowiredWebSecurityConfigurersIgnoreParents' via factory method to bean named 'org.springframework.beans.factory.support.DefaultListableBeanFactory@14b528b6'
00:31:18.586 [main] DEBUG o.s.b.f.s.DefaultListableBeanFactory - Eagerly caching bean 'autowiredWebSecurityConfigurersIgnoreParents' to allow for resolving potential circular references
00:31:18.592 [main] DEBUG o.s.b.f.s.DefaultListableBeanFactory - Returning cached instance of singleton bean 'metaDataSourceAdvisor'
00:31:18.592 [main] DEBUG o.s.b.f.s.DefaultListableBeanFactory - Finished creating instance of bean 'autowiredWebSecurityConfigurersIgnoreParents'
00:31:18.615 [main] DEBUG o.s.b.f.s.DefaultListableBeanFactory - Returning cached instance of singleton bean 'securityConfig'
00:31:18.619 [main] DEBUG o.s.b.f.a.AutowiredAnnotationBeanPostProcessor - Autowiring by type from bean name 'org.springframework.security.config.annotation.web.configuration.WebSecurityConfiguration' to bean named 'objectPostProcessor'
00:31:18.631 [main] DEBUG o.s.b.f.s.DefaultListableBeanFactory - Returning cached instance of singleton bean 'metaDataSourceAdvisor'
00:31:18.662 [main] DEBUG o.s.b.f.s.DefaultListableBeanFactory - Returning cached instance of singleton bean 'org.springframework.context.annotation.ConfigurationClassPostProcessor.importRegistry'
00:31:18.663 [main] DEBUG o.s.b.f.s.DefaultListableBeanFactory - Finished creating instance of bean 'org.springframework.security.config.annotation.web.configuration.WebSecurityConfiguration'
00:31:18.663 [main] DEBUG o.s.b.f.s.DefaultListableBeanFactory - Creating shared instance of singleton bean 'delegatingApplicationListener'
00:31:18.663 [main] DEBUG o.s.b.f.s.DefaultListableBeanFactory - Creating instance of bean 'delegatingApplicationListener'
00:31:18.664 [main] DEBUG o.s.b.f.s.DefaultListableBeanFactory - Eagerly caching bean 'delegatingApplicationListener' to allow for resolving potential circular references
00:31:18.666 [main] DEBUG o.s.b.f.s.DefaultListableBeanFactory - Returning cached instance of singleton bean 'metaDataSourceAdvisor'
00:31:18.670 [main] DEBUG o.s.b.f.s.DefaultListableBeanFactory - Finished creating instance of bean 'delegatingApplicationListener'
00:31:18.671 [main] DEBUG o.s.b.f.s.DefaultListableBeanFactory - Creating shared instance of singleton bean 'springSecurityFilterChain'
00:31:18.671 [main] DEBUG o.s.b.f.s.DefaultListableBeanFactory - Creating instance of bean 'springSecurityFilterChain'
00:31:18.671 [main] DEBUG o.s.b.f.s.DefaultListableBeanFactory - Returning cached instance of singleton bean 'org.springframework.security.config.annotation.web.configuration.WebSecurityConfiguration'
00:31:18.672 [main] DEBUG o.s.b.f.s.DefaultListableBeanFactory - Returning cached instance of singleton bean 'metaDataSourceAdvisor'
00:31:18.680 [main] DEBUG o.s.b.f.s.DefaultListableBeanFactory - Returning cached instance of singleton bean 'webMvcConfiguration'
00:31:18.680 [main] DEBUG o.s.b.f.s.DefaultListableBeanFactory - Returning cached instance of singleton bean 'securityConfig'
00:31:18.680 [main] DEBUG o.s.s.c.a.a.c.AuthenticationConfiguration$EnableGlobalAuthenticationAutowiredConfigurer - Eagerly initializing {webMvcConfiguration=edu.ncsu.csc.itrust2.mvc.config.WebMvcConfiguration$$EnhancerBySpringCGLIB$$f5213803@1d82d35c, securityConfig=edu.ncsu.csc.itrust2.config.SecurityConfig$$EnhancerBySpringCGLIB$$f36018f@126ae0ca}
00:31:18.688 [main] DEBUG o.s.b.f.s.DefaultListableBeanFactory - Invoking afterPropertiesSet() on bean with name 'org.springframework.security.authentication.dao.DaoAuthenticationProvider@f4deb35'
00:31:18.688 [main] DEBUG o.s.b.f.s.DefaultListableBeanFactory - Returning cached instance of singleton bean 'metaDataSourceAdvisor'
00:31:18.710 [main] DEBUG o.s.b.f.s.DefaultListableBeanFactory - Invoking afterPropertiesSet() on bean with name 'org.springframework.security.authentication.ProviderManager@7e199cec'
00:31:18.710 [main] DEBUG o.s.b.f.s.DefaultListableBeanFactory - Returning cached instance of singleton bean 'metaDataSourceAdvisor'
00:31:18.720 [main] DEBUG o.s.b.f.s.DefaultListableBeanFactory - Returning cached instance of singleton bean 'authenticationManagerBuilder'
00:31:18.831 [main] DEBUG o.s.w.c.s.StandardServletEnvironment - Adding [servletConfigInitParams] PropertySource with lowest search precedence
00:31:18.837 [main] DEBUG o.s.w.c.s.StandardServletEnvironment - Adding [servletContextInitParams] PropertySource with lowest search precedence
00:31:18.837 [main] DEBUG o.s.w.c.s.StandardServletEnvironment - Adding [systemProperties] PropertySource with lowest search precedence
00:31:18.838 [main] DEBUG o.s.w.c.s.StandardServletEnvironment - Adding [systemEnvironment] PropertySource with lowest search precedence
00:31:18.839 [main] DEBUG o.s.w.c.s.StandardServletEnvironment - Initialized StandardServletEnvironment with PropertySources [servletConfigInitParams,servletContextInitParams,systemProperties,systemEnvironment]
00:31:18.888 [main] DEBUG o.s.w.c.s.StandardServletEnvironment - Adding [servletConfigInitParams] PropertySource with lowest search precedence
00:31:18.890 [main] DEBUG o.s.w.c.s.StandardServletEnvironment - Adding [servletContextInitParams] PropertySource with lowest search precedence
00:31:18.890 [main] DEBUG o.s.w.c.s.StandardServletEnvironment - Adding [systemProperties] PropertySource with lowest search precedence
00:31:18.890 [main] DEBUG o.s.w.c.s.StandardServletEnvironment - Adding [systemEnvironment] PropertySource with lowest search precedence
00:31:18.891 [main] DEBUG o.s.w.c.s.StandardServletEnvironment - Initialized StandardServletEnvironment with PropertySources [servletConfigInitParams,servletContextInitParams,systemProperties,systemEnvironment]
00:31:18.891 [main] DEBUG o.s.w.c.s.StandardServletEnvironment - Adding [servletConfigInitParams] PropertySource with lowest search precedence
00:31:18.891 [main] DEBUG o.s.w.c.s.StandardServletEnvironment - Adding [servletContextInitParams] PropertySource with lowest search precedence
00:31:18.894 [main] DEBUG o.s.w.c.s.StandardServletEnvironment - Adding [systemProperties] PropertySource with lowest search precedence
00:31:18.895 [main] DEBUG o.s.w.c.s.StandardServletEnvironment - Adding [systemEnvironment] PropertySource with lowest search precedence
00:31:18.895 [main] DEBUG o.s.w.c.s.StandardServletEnvironment - Initialized StandardServletEnvironment with PropertySources [servletConfigInitParams,servletContextInitParams,systemProperties,systemEnvironment]
00:31:18.903 [main] DEBUG o.s.b.f.s.DefaultListableBeanFactory - Creating shared instance of singleton bean 'ipBlockFilter'
00:31:18.903 [main] DEBUG o.s.b.f.s.DefaultListableBeanFactory - Creating instance of bean 'ipBlockFilter'
00:31:18.904 [main] DEBUG o.s.b.f.s.DefaultListableBeanFactory - Returning cached instance of singleton bean 'securityConfig'
00:31:18.905 [main] DEBUG o.s.w.c.s.StandardServletEnvironment - Adding [servletConfigInitParams] PropertySource with lowest search precedence
00:31:18.906 [main] DEBUG o.s.w.c.s.StandardServletEnvironment - Adding [servletContextInitParams] PropertySource with lowest search precedence
00:31:18.906 [main] DEBUG o.s.w.c.s.StandardServletEnvironment - Adding [systemProperties] PropertySource with lowest search precedence
00:31:18.910 [main] DEBUG o.s.w.c.s.StandardServletEnvironment - Adding [systemEnvironment] PropertySource with lowest search precedence
00:31:18.910 [main] DEBUG o.s.w.c.s.StandardServletEnvironment - Initialized StandardServletEnvironment with PropertySources [servletConfigInitParams,servletContextInitParams,systemProperties,systemEnvironment]
00:31:18.911 [main] DEBUG o.s.b.f.s.DefaultListableBeanFactory - Eagerly caching bean 'ipBlockFilter' to allow for resolving potential circular references
00:31:18.924 [main] DEBUG o.s.b.f.s.DefaultListableBeanFactory - Invoking afterPropertiesSet() on bean with name 'ipBlockFilter'
00:31:18.929 [main] DEBUG o.s.b.f.s.DefaultListableBeanFactory - Returning cached instance of singleton bean 'metaDataSourceAdvisor'
00:31:18.930 [main] DEBUG o.s.b.f.s.DefaultListableBeanFactory - Finished creating instance of bean 'ipBlockFilter'
00:31:18.955 [main] DEBUG o.s.w.c.s.StandardServletEnvironment - Adding [servletConfigInitParams] PropertySource with lowest search precedence
00:31:18.960 [main] DEBUG o.s.w.c.s.StandardServletEnvironment - Adding [servletContextInitParams] PropertySource with lowest search precedence
00:31:18.960 [main] DEBUG o.s.w.c.s.StandardServletEnvironment - Adding [systemProperties] PropertySource with lowest search precedence
00:31:18.960 [main] DEBUG o.s.w.c.s.StandardServletEnvironment - Adding [systemEnvironment] PropertySource with lowest search precedence
00:31:18.960 [main] DEBUG o.s.w.c.s.StandardServletEnvironment - Initialized StandardServletEnvironment with PropertySources [servletConfigInitParams,servletContextInitParams,systemProperties,systemEnvironment]
00:31:18.980 [main] DEBUG o.s.b.f.s.DefaultListableBeanFactory - Creating shared instance of singleton bean 'failureHandler'
00:31:18.982 [main] DEBUG o.s.b.f.s.DefaultListableBeanFactory - Creating instance of bean 'failureHandler'
00:31:18.982 [main] DEBUG o.s.b.f.s.DefaultListableBeanFactory - Returning cached instance of singleton bean 'securityConfig'
00:31:18.984 [main] DEBUG o.s.b.f.s.DefaultListableBeanFactory - Eagerly caching bean 'failureHandler' to allow for resolving potential circular references
00:31:18.998 [main] DEBUG o.s.b.f.s.DefaultListableBeanFactory - Returning cached instance of singleton bean 'metaDataSourceAdvisor'
00:31:18.999 [main] DEBUG o.s.b.f.s.DefaultListableBeanFactory - Finished creating instance of bean 'failureHandler'
00:31:19.004 [main] INFO  o.s.s.web.DefaultSecurityFilterChain - Creating filter chain: Ant [pattern='/api/v1/requestPasswordReset'], []
00:31:19.005 [main] INFO  o.s.s.web.DefaultSecurityFilterChain - Creating filter chain: Ant [pattern='/api/v1/resetPassword/*'], []
00:31:19.005 [main] INFO  o.s.s.web.DefaultSecurityFilterChain - Creating filter chain: Ant [pattern='/requestPasswordReset'], []
00:31:19.005 [main] INFO  o.s.s.web.DefaultSecurityFilterChain - Creating filter chain: Ant [pattern='/resetPassword'], []
00:31:19.026 [main] DEBUG o.s.b.f.s.DefaultListableBeanFactory - Returning cached instance of singleton bean 'metaDataSourceAdvisor'
00:31:19.038 [main] DEBUG o.s.b.f.s.DefaultListableBeanFactory - Returning cached instance of singleton bean 'metaDataSourceAdvisor'
00:31:19.067 [main] DEBUG o.s.w.c.s.StandardServletEnvironment - Adding [servletConfigInitParams] PropertySource with lowest search precedence
00:31:19.068 [main] DEBUG o.s.w.c.s.StandardServletEnvironment - Adding [servletContextInitParams] PropertySource with lowest search precedence
00:31:19.068 [main] DEBUG o.s.w.c.s.StandardServletEnvironment - Adding [systemProperties] PropertySource with lowest search precedence
00:31:19.068 [main] DEBUG o.s.w.c.s.StandardServletEnvironment - Adding [systemEnvironment] PropertySource with lowest search precedence
00:31:19.068 [main] DEBUG o.s.w.c.s.StandardServletEnvironment - Initialized StandardServletEnvironment with PropertySources [servletConfigInitParams,servletContextInitParams,systemProperties,systemEnvironment]
00:31:19.069 [main] DEBUG o.s.b.f.s.DefaultListableBeanFactory - Returning cached instance of singleton bean 'metaDataSourceAdvisor'
00:31:19.072 [main] DEBUG o.s.b.f.s.DefaultListableBeanFactory - Invoking afterPropertiesSet() on bean with name 'org.springframework.security.web.authentication.LoginUrlAuthenticationEntryPoint@18ca65ea'
00:31:19.082 [main] DEBUG o.s.b.f.s.DefaultListableBeanFactory - Returning cached instance of singleton bean 'metaDataSourceAdvisor'
00:31:19.086 [main] DEBUG o.s.b.f.s.DefaultListableBeanFactory - Invoking afterPropertiesSet() on bean with name 'org.springframework.security.authentication.ProviderManager@3625110e'
00:31:19.086 [main] DEBUG o.s.b.f.s.DefaultListableBeanFactory - Returning cached instance of singleton bean 'metaDataSourceAdvisor'
00:31:19.088 [main] DEBUG o.s.w.c.s.StandardServletEnvironment - Adding [servletConfigInitParams] PropertySource with lowest search precedence
00:31:19.088 [main] DEBUG o.s.w.c.s.StandardServletEnvironment - Adding [servletContextInitParams] PropertySource with lowest search precedence
00:31:19.088 [main] DEBUG o.s.w.c.s.StandardServletEnvironment - Adding [systemProperties] PropertySource with lowest search precedence
00:31:19.088 [main] DEBUG o.s.w.c.s.StandardServletEnvironment - Adding [systemEnvironment] PropertySource with lowest search precedence
00:31:19.088 [main] DEBUG o.s.w.c.s.StandardServletEnvironment - Initialized StandardServletEnvironment with PropertySources [servletConfigInitParams,servletContextInitParams,systemProperties,systemEnvironment]
00:31:19.091 [main] DEBUG o.s.b.f.s.DefaultListableBeanFactory - Invoking afterPropertiesSet() on bean with name 'org.springframework.security.web.csrf.CsrfFilter@ba6907f'
00:31:19.091 [main] DEBUG o.s.b.f.s.DefaultListableBeanFactory - Returning cached instance of singleton bean 'metaDataSourceAdvisor'
00:31:19.113 [main] DEBUG o.s.w.c.s.StandardServletEnvironment - Adding [servletConfigInitParams] PropertySource with lowest search precedence
00:31:19.122 [main] DEBUG o.s.w.c.s.StandardServletEnvironment - Adding [servletContextInitParams] PropertySource with lowest search precedence
00:31:19.122 [main] DEBUG o.s.w.c.s.StandardServletEnvironment - Adding [systemProperties] PropertySource with lowest search precedence
00:31:19.122 [main] DEBUG o.s.w.c.s.StandardServletEnvironment - Adding [systemEnvironment] PropertySource with lowest search precedence
00:31:19.123 [main] DEBUG o.s.w.c.s.StandardServletEnvironment - Initialized StandardServletEnvironment with PropertySources [servletConfigInitParams,servletContextInitParams,systemProperties,systemEnvironment]
00:31:19.126 [main] DEBUG o.s.b.f.s.DefaultListableBeanFactory - Invoking afterPropertiesSet() on bean with name 'org.springframework.security.web.access.ExceptionTranslationFilter@2b82781d'
00:31:19.126 [main] DEBUG o.s.b.f.s.DefaultListableBeanFactory - Returning cached instance of singleton bean 'metaDataSourceAdvisor'
00:31:19.142 [main] DEBUG o.s.w.c.s.StandardServletEnvironment - Adding [servletConfigInitParams] PropertySource with lowest search precedence
00:31:19.142 [main] DEBUG o.s.w.c.s.StandardServletEnvironment - Adding [servletContextInitParams] PropertySource with lowest search precedence
00:31:19.142 [main] DEBUG o.s.w.c.s.StandardServletEnvironment - Adding [systemProperties] PropertySource with lowest search precedence
00:31:19.142 [main] DEBUG o.s.w.c.s.StandardServletEnvironment - Adding [systemEnvironment] PropertySource with lowest search precedence
00:31:19.143 [main] DEBUG o.s.w.c.s.StandardServletEnvironment - Initialized StandardServletEnvironment with PropertySources [servletConfigInitParams,servletContextInitParams,systemProperties,systemEnvironment]
00:31:19.143 [main] DEBUG o.s.b.f.s.DefaultListableBeanFactory - Invoking afterPropertiesSet() on bean with name 'org.springframework.security.web.header.HeaderWriterFilter@71676e5f'
00:31:19.143 [main] DEBUG o.s.b.f.s.DefaultListableBeanFactory - Returning cached instance of singleton bean 'metaDataSourceAdvisor'
00:31:19.159 [main] DEBUG o.s.w.c.s.StandardServletEnvironment - Adding [servletConfigInitParams] PropertySource with lowest search precedence
00:31:19.160 [main] DEBUG o.s.w.c.s.StandardServletEnvironment - Adding [servletContextInitParams] PropertySource with lowest search precedence
00:31:19.160 [main] DEBUG o.s.w.c.s.StandardServletEnvironment - Adding [systemProperties] PropertySource with lowest search precedence
00:31:19.160 [main] DEBUG o.s.w.c.s.StandardServletEnvironment - Adding [systemEnvironment] PropertySource with lowest search precedence
00:31:19.172 [main] DEBUG o.s.w.c.s.StandardServletEnvironment - Initialized StandardServletEnvironment with PropertySources [servletConfigInitParams,servletContextInitParams,systemProperties,systemEnvironment]
00:31:19.173 [main] DEBUG o.s.b.f.s.DefaultListableBeanFactory - Invoking afterPropertiesSet() on bean with name 'org.springframework.security.web.session.SessionManagementFilter@4c36416b'
00:31:19.173 [main] DEBUG o.s.b.f.s.DefaultListableBeanFactory - Returning cached instance of singleton bean 'metaDataSourceAdvisor'
00:31:19.182 [main] DEBUG o.s.w.c.s.StandardServletEnvironment - Adding [servletConfigInitParams] PropertySource with lowest search precedence
00:31:19.188 [main] DEBUG o.s.w.c.s.StandardServletEnvironment - Adding [servletContextInitParams] PropertySource with lowest search precedence
00:31:19.189 [main] DEBUG o.s.w.c.s.StandardServletEnvironment - Adding [systemProperties] PropertySource with lowest search precedence
00:31:19.189 [main] DEBUG o.s.w.c.s.StandardServletEnvironment - Adding [systemEnvironment] PropertySource with lowest search precedence
00:31:19.189 [main] DEBUG o.s.w.c.s.StandardServletEnvironment - Initialized StandardServletEnvironment with PropertySources [servletConfigInitParams,servletContextInitParams,systemProperties,systemEnvironment]
00:31:19.189 [main] DEBUG o.s.b.f.s.DefaultListableBeanFactory - Invoking afterPropertiesSet() on bean with name 'org.springframework.security.web.context.SecurityContextPersistenceFilter@fca54c5'
00:31:19.190 [main] DEBUG o.s.b.f.s.DefaultListableBeanFactory - Returning cached instance of singleton bean 'metaDataSourceAdvisor'
00:31:19.196 [main] DEBUG o.s.w.c.s.StandardServletEnvironment - Adding [servletConfigInitParams] PropertySource with lowest search precedence
00:31:19.206 [main] DEBUG o.s.w.c.s.StandardServletEnvironment - Adding [servletContextInitParams] PropertySource with lowest search precedence
00:31:19.206 [main] DEBUG o.s.w.c.s.StandardServletEnvironment - Adding [systemProperties] PropertySource with lowest search precedence
00:31:19.206 [main] DEBUG o.s.w.c.s.StandardServletEnvironment - Adding [systemEnvironment] PropertySource with lowest search precedence
00:31:19.207 [main] DEBUG o.s.w.c.s.StandardServletEnvironment - Initialized StandardServletEnvironment with PropertySources [servletConfigInitParams,servletContextInitParams,systemProperties,systemEnvironment]
00:31:19.207 [main] DEBUG o.s.b.f.s.DefaultListableBeanFactory - Invoking afterPropertiesSet() on bean with name 'org.springframework.security.web.savedrequest.RequestCacheAwareFilter@55a72c9e'
00:31:19.207 [main] DEBUG o.s.b.f.s.DefaultListableBeanFactory - Returning cached instance of singleton bean 'metaDataSourceAdvisor'
00:31:19.225 [main] DEBUG o.s.b.f.s.DefaultListableBeanFactory - Invoking afterPropertiesSet() on bean with name 'org.springframework.security.web.servletapi.SecurityContextHolderAwareRequestFilter@6cf50207'
00:31:19.225 [main] DEBUG o.s.b.f.s.DefaultListableBeanFactory - Returning cached instance of singleton bean 'metaDataSourceAdvisor'
00:31:19.241 [main] DEBUG o.s.w.c.s.StandardServletEnvironment - Adding [servletConfigInitParams] PropertySource with lowest search precedence
00:31:19.250 [main] DEBUG o.s.w.c.s.StandardServletEnvironment - Adding [servletContextInitParams] PropertySource with lowest search precedence
00:31:19.250 [main] DEBUG o.s.w.c.s.StandardServletEnvironment - Adding [systemProperties] PropertySource with lowest search precedence
00:31:19.250 [main] DEBUG o.s.w.c.s.StandardServletEnvironment - Adding [systemEnvironment] PropertySource with lowest search precedence
00:31:19.251 [main] DEBUG o.s.w.c.s.StandardServletEnvironment - Initialized StandardServletEnvironment with PropertySources [servletConfigInitParams,servletContextInitParams,systemProperties,systemEnvironment]
00:31:19.251 [main] DEBUG o.s.b.f.s.DefaultListableBeanFactory - Invoking afterPropertiesSet() on bean with name 'org.springframework.security.web.authentication.logout.LogoutFilter@427937c1'
00:31:19.251 [main] DEBUG o.s.b.f.s.DefaultListableBeanFactory - Returning cached instance of singleton bean 'metaDataSourceAdvisor'
00:31:19.277 [main] DEBUG o.s.s.w.a.e.ExpressionBasedFilterInvocationSecurityMetadataSource - Adding web access control expression 'anonymous', for Ant [pattern='/login*']
00:31:19.279 [main] DEBUG o.s.s.w.a.e.ExpressionBasedFilterInvocationSecurityMetadataSource - Adding web access control expression 'authenticated', for org.springframework.security.web.util.matcher.AnyRequestMatcher@1
00:31:19.288 [main] DEBUG o.s.b.f.s.DefaultListableBeanFactory - Invoking afterPropertiesSet() on bean with name 'org.springframework.security.access.vote.AffirmativeBased@474172e5'
00:31:19.288 [main] DEBUG o.s.b.f.s.DefaultListableBeanFactory - Returning cached instance of singleton bean 'metaDataSourceAdvisor'
00:31:19.297 [main] DEBUG o.s.s.w.a.i.FilterSecurityInterceptor - Validated configuration attributes
00:31:19.306 [main] DEBUG o.s.b.f.s.DefaultListableBeanFactory - Invoking afterPropertiesSet() on bean with name 'org.springframework.security.web.access.intercept.FilterSecurityInterceptor@42f2c28d'
00:31:19.306 [main] DEBUG o.s.s.w.a.i.FilterSecurityInterceptor - Validated configuration attributes
00:31:19.306 [main] DEBUG o.s.b.f.s.DefaultListableBeanFactory - Returning cached instance of singleton bean 'metaDataSourceAdvisor'
00:31:19.323 [main] DEBUG o.s.b.f.s.DefaultListableBeanFactory - Invoking afterPropertiesSet() on bean with name 'org.springframework.security.web.authentication.UsernamePasswordAuthenticationFilter@a426150'
00:31:19.323 [main] DEBUG o.s.b.f.s.DefaultListableBeanFactory - Returning cached instance of singleton bean 'metaDataSourceAdvisor'
00:31:19.353 [main] INFO  o.s.s.web.DefaultSecurityFilterChain - Creating filter chain: org.springframework.security.web.util.matcher.AnyRequestMatcher@1, [edu.ncsu.csc.itrust2.config.IPFilter@7addc5e4, org.springframework.security.web.context.request.async.WebAsyncManagerIntegrationFilter@7834d8ec, org.springframework.security.web.context.SecurityContextPersistenceFilter@fca54c5, org.springframework.security.web.header.HeaderWriterFilter@71676e5f, org.springframework.security.web.csrf.CsrfFilter@ba6907f, org.springframework.security.web.authentication.logout.LogoutFilter@427937c1, org.springframework.security.web.authentication.UsernamePasswordAuthenticationFilter@a426150, org.springframework.security.web.savedrequest.RequestCacheAwareFilter@55a72c9e, org.springframework.security.web.servletapi.SecurityContextHolderAwareRequestFilter@6cf50207, org.springframework.security.web.authentication.AnonymousAuthenticationFilter@754fa706, org.springframework.security.web.session.SessionManagementFilter@4c36416b, org.springframework.security.web.access.ExceptionTranslationFilter@2b82781d, org.springframework.security.web.access.intercept.FilterSecurityInterceptor@42f2c28d]
00:31:19.355 [main] DEBUG o.s.w.c.s.StandardServletEnvironment - Adding [servletConfigInitParams] PropertySource with lowest search precedence
00:31:19.358 [main] DEBUG o.s.w.c.s.StandardServletEnvironment - Adding [servletContextInitParams] PropertySource with lowest search precedence
00:31:19.358 [main] DEBUG o.s.w.c.s.StandardServletEnvironment - Adding [systemProperties] PropertySource with lowest search precedence
00:31:19.359 [main] DEBUG o.s.w.c.s.StandardServletEnvironment - Adding [systemEnvironment] PropertySource with lowest search precedence
00:31:19.359 [main] DEBUG o.s.w.c.s.StandardServletEnvironment - Initialized StandardServletEnvironment with PropertySources [servletConfigInitParams,servletContextInitParams,systemProperties,systemEnvironment]
00:31:19.380 [main] DEBUG o.s.b.f.s.DefaultListableBeanFactory - Eagerly caching bean 'springSecurityFilterChain' to allow for resolving potential circular references
00:31:19.396 [main] DEBUG o.s.b.f.s.DefaultListableBeanFactory - Invoking afterPropertiesSet() on bean with name 'springSecurityFilterChain'
00:31:19.397 [main] DEBUG o.s.b.f.s.DefaultListableBeanFactory - Returning cached instance of singleton bean 'metaDataSourceAdvisor'
00:31:19.399 [main] DEBUG o.s.b.f.s.DefaultListableBeanFactory - Finished creating instance of bean 'springSecurityFilterChain'
00:31:19.399 [main] DEBUG o.s.b.f.s.DefaultListableBeanFactory - Creating shared instance of singleton bean 'webSecurityExpressionHandler'
00:31:19.399 [main] DEBUG o.s.b.f.s.DefaultListableBeanFactory - Creating instance of bean 'webSecurityExpressionHandler'
00:31:19.399 [main] DEBUG o.s.b.f.s.DefaultListableBeanFactory - Returning cached instance of singleton bean 'org.springframework.security.config.annotation.web.configuration.WebSecurityConfiguration'
00:31:19.405 [main] DEBUG o.s.b.f.s.DefaultListableBeanFactory - Eagerly caching bean 'webSecurityExpressionHandler' to allow for resolving potential circular references
00:31:19.406 [main] DEBUG o.s.b.f.s.DefaultListableBeanFactory - Finished creating instance of bean 'webSecurityExpressionHandler'
00:31:19.406 [main] DEBUG o.s.b.f.s.DefaultListableBeanFactory - Returning cached instance of singleton bean 'springSecurityFilterChain'
00:31:19.407 [main] DEBUG o.s.b.f.s.DefaultListableBeanFactory - Returning cached instance of singleton bean 'springSecurityFilterChain'
00:31:19.407 [main] DEBUG o.s.b.f.s.DefaultListableBeanFactory - Creating shared instance of singleton bean 'privilegeEvaluator'
00:31:19.407 [main] DEBUG o.s.b.f.s.DefaultListableBeanFactory - Creating instance of bean 'privilegeEvaluator'
00:31:19.407 [main] DEBUG o.s.b.f.s.DefaultListableBeanFactory - Returning cached instance of singleton bean 'org.springframework.security.config.annotation.web.configuration.WebSecurityConfiguration'
00:31:19.409 [main] DEBUG o.s.b.f.s.DefaultListableBeanFactory - Eagerly caching bean 'privilegeEvaluator' to allow for resolving potential circular references
00:31:19.411 [main] DEBUG o.s.b.f.s.DefaultListableBeanFactory - Returning cached instance of singleton bean 'metaDataSourceAdvisor'
00:31:19.412 [main] DEBUG o.s.b.f.s.DefaultListableBeanFactory - Finished creating instance of bean 'privilegeEvaluator'
00:31:19.422 [main] DEBUG o.s.b.f.s.DefaultListableBeanFactory - Returning cached instance of singleton bean 'autowiredWebSecurityConfigurersIgnoreParents'
00:31:19.422 [main] DEBUG o.s.b.f.s.DefaultListableBeanFactory - Returning cached instance of singleton bean 'org.springframework.security.config.annotation.web.configuration.WebMvcSecurityConfiguration'
00:31:19.422 [main] DEBUG o.s.b.f.s.DefaultListableBeanFactory - Creating shared instance of singleton bean 'requestDataValueProcessor'
00:31:19.422 [main] DEBUG o.s.b.f.s.DefaultListableBeanFactory - Creating instance of bean 'requestDataValueProcessor'
00:31:19.423 [main] DEBUG o.s.b.f.s.DefaultListableBeanFactory - Returning cached instance of singleton bean 'org.springframework.security.config.annotation.web.configuration.WebMvcSecurityConfiguration'
00:31:19.425 [main] DEBUG o.s.b.f.s.DefaultListableBeanFactory - Eagerly caching bean 'requestDataValueProcessor' to allow for resolving potential circular references
00:31:19.429 [main] DEBUG o.s.b.f.s.DefaultListableBeanFactory - Returning cached instance of singleton bean 'metaDataSourceAdvisor'
00:31:19.430 [main] DEBUG o.s.b.f.s.DefaultListableBeanFactory - Finished creating instance of bean 'requestDataValueProcessor'
00:31:19.430 [main] DEBUG o.s.b.f.s.DefaultListableBeanFactory - Returning cached instance of singleton bean 'passwordEncoder'
00:31:19.430 [main] DEBUG o.s.b.f.s.DefaultListableBeanFactory - Returning cached instance of singleton bean 'defaultAuthenticationEventPublisher'
00:31:19.430 [main] DEBUG o.s.b.f.s.DefaultListableBeanFactory - Returning cached instance of singleton bean 'failureHandler'
00:31:19.430 [main] DEBUG o.s.b.f.s.DefaultListableBeanFactory - Returning cached instance of singleton bean 'ipBlockFilter'
00:31:19.430 [main] DEBUG o.s.b.f.s.DefaultListableBeanFactory - Returning cached instance of singleton bean 'org.springframework.web.servlet.config.annotation.DelegatingWebMvcConfiguration'
00:31:19.430 [main] DEBUG o.s.b.f.s.DefaultListableBeanFactory - Returning cached instance of singleton bean 'mvcConversionService'
00:31:19.432 [main] DEBUG o.s.b.f.s.DefaultListableBeanFactory - Creating shared instance of singleton bean 'requestMappingHandlerMapping'
00:31:19.432 [main] DEBUG o.s.b.f.s.DefaultListableBeanFactory - Creating instance of bean 'requestMappingHandlerMapping'
00:31:19.432 [main] DEBUG o.s.b.f.s.DefaultListableBeanFactory - Returning cached instance of singleton bean 'org.springframework.web.servlet.config.annotation.DelegatingWebMvcConfiguration'
00:31:19.483 [main] DEBUG o.s.b.f.s.DefaultListableBeanFactory - Returning cached instance of singleton bean 'mvcConversionService'
00:31:19.490 [main] DEBUG o.s.b.f.s.DefaultListableBeanFactory - Creating shared instance of singleton bean 'mvcResourceUrlProvider'
00:31:19.490 [main] DEBUG o.s.b.f.s.DefaultListableBeanFactory - Creating instance of bean 'mvcResourceUrlProvider'
00:31:19.490 [main] DEBUG o.s.b.f.s.DefaultListableBeanFactory - Returning cached instance of singleton bean 'org.springframework.web.servlet.config.annotation.DelegatingWebMvcConfiguration'
00:31:19.493 [main] DEBUG o.s.b.f.s.DefaultListableBeanFactory - Eagerly caching bean 'mvcResourceUrlProvider' to allow for resolving potential circular references
00:31:19.498 [main] DEBUG o.s.b.f.s.DefaultListableBeanFactory - Returning cached instance of singleton bean 'metaDataSourceAdvisor'
00:31:19.506 [main] DEBUG o.s.b.f.s.DefaultListableBeanFactory - Finished creating instance of bean 'mvcResourceUrlProvider'
00:31:19.507 [main] DEBUG o.s.b.f.s.DefaultListableBeanFactory - Returning cached instance of singleton bean 'mvcContentNegotiationManager'
00:31:19.525 [main] DEBUG o.s.b.f.s.DefaultListableBeanFactory - Eagerly caching bean 'requestMappingHandlerMapping' to allow for resolving potential circular references
00:31:19.556 [main] DEBUG o.s.b.f.s.DefaultListableBeanFactory - Invoking afterPropertiesSet() on bean with name 'requestMappingHandlerMapping'
00:31:19.558 [main] DEBUG o.s.w.s.m.m.a.RequestMappingHandlerMapping - Looking for request mappings in application context: org.springframework.web.context.support.GenericWebApplicationContext@a098d76: startup date [Thu Mar 22 00:31:12 EDT 2018]; root of context hierarchy
00:31:19.593 [main] DEBUG o.s.w.s.m.m.a.RequestMappingHandlerMapping - 1 request handler methods found on class edu.ncsu.csc.itrust2.controllers.DefaultController: {public org.springframework.web.servlet.view.RedirectView edu.ncsu.csc.itrust2.controllers.DefaultController.index(org.springframework.ui.Model)={[/]}}
00:31:19.599 [main] INFO  o.s.w.s.m.m.a.RequestMappingHandlerMapping - Mapped "{[/]}" onto public org.springframework.web.servlet.view.RedirectView edu.ncsu.csc.itrust2.controllers.DefaultController.index(org.springframework.ui.Model)
00:31:19.601 [main] DEBUG o.s.w.s.m.m.a.RequestMappingHandlerMapping - 1 request handler methods found on class edu.ncsu.csc.itrust2.controllers.admin.AdminController: {public java.lang.String edu.ncsu.csc.itrust2.controllers.admin.AdminController.index(org.springframework.ui.Model)={[/admin/index]}}
00:31:19.601 [main] INFO  o.s.w.s.m.m.a.RequestMappingHandlerMapping - Mapped "{[/admin/index]}" onto public java.lang.String edu.ncsu.csc.itrust2.controllers.admin.AdminController.index(org.springframework.ui.Model)
00:31:19.615 [main] DEBUG o.s.w.s.m.m.a.RequestMappingHandlerMapping - 5 request handler methods found on class edu.ncsu.csc.itrust2.controllers.admin.AdminUserController: {public java.lang.String edu.ncsu.csc.itrust2.controllers.admin.AdminUserController.addUser(org.springframework.ui.Model)={[/admin/addUser]}, public java.lang.String edu.ncsu.csc.itrust2.controllers.admin.AdminUserController.addUserSubmit(edu.ncsu.csc.itrust2.forms.admin.UserForm,org.springframework.validation.BindingResult,org.springframework.ui.Model)={[/admin/addUser],methods=[POST]}, public java.lang.String edu.ncsu.csc.itrust2.controllers.admin.AdminUserController.deleteUser(org.springframework.ui.Model)={[/admin/deleteUser]}, public java.lang.String edu.ncsu.csc.itrust2.controllers.admin.AdminUserController.deleteUserSubmit(edu.ncsu.csc.itrust2.forms.admin.DeleteUserForm,org.springframework.validation.BindingResult,org.springframework.ui.Model)={[/admin/deleteUser],methods=[POST]}, public java.lang.String edu.ncsu.csc.itrust2.controllers.admin.AdminUserController.drugs(org.springframework.ui.Model)={[/admin/drugs]}}
00:31:19.615 [main] INFO  o.s.w.s.m.m.a.RequestMappingHandlerMapping - Mapped "{[/admin/addUser]}" onto public java.lang.String edu.ncsu.csc.itrust2.controllers.admin.AdminUserController.addUser(org.springframework.ui.Model)
00:31:19.616 [main] INFO  o.s.w.s.m.m.a.RequestMappingHandlerMapping - Mapped "{[/admin/addUser],methods=[POST]}" onto public java.lang.String edu.ncsu.csc.itrust2.controllers.admin.AdminUserController.addUserSubmit(edu.ncsu.csc.itrust2.forms.admin.UserForm,org.springframework.validation.BindingResult,org.springframework.ui.Model)
00:31:19.616 [main] INFO  o.s.w.s.m.m.a.RequestMappingHandlerMapping - Mapped "{[/admin/deleteUser]}" onto public java.lang.String edu.ncsu.csc.itrust2.controllers.admin.AdminUserController.deleteUser(org.springframework.ui.Model)
00:31:19.616 [main] INFO  o.s.w.s.m.m.a.RequestMappingHandlerMapping - Mapped "{[/admin/deleteUser],methods=[POST]}" onto public java.lang.String edu.ncsu.csc.itrust2.controllers.admin.AdminUserController.deleteUserSubmit(edu.ncsu.csc.itrust2.forms.admin.DeleteUserForm,org.springframework.validation.BindingResult,org.springframework.ui.Model)
00:31:19.617 [main] INFO  o.s.w.s.m.m.a.RequestMappingHandlerMapping - Mapped "{[/admin/drugs]}" onto public java.lang.String edu.ncsu.csc.itrust2.controllers.admin.AdminUserController.drugs(org.springframework.ui.Model)
00:31:19.620 [main] DEBUG o.s.w.s.m.m.a.RequestMappingHandlerMapping - 4 request handler methods found on class edu.ncsu.csc.itrust2.controllers.admin.HospitalController: {public java.lang.String edu.ncsu.csc.itrust2.controllers.admin.HospitalController.addHospitalSubmit(edu.ncsu.csc.itrust2.forms.admin.HospitalForm,org.springframework.validation.BindingResult,org.springframework.ui.Model)={[/admin/addHospital],methods=[POST]}, public java.lang.String edu.ncsu.csc.itrust2.controllers.admin.HospitalController.deleteHospital(org.springframework.ui.Model)={[/admin/deleteHospital]}, public java.lang.String edu.ncsu.csc.itrust2.controllers.admin.HospitalController.deleteHospitalSubmit(edu.ncsu.csc.itrust2.forms.admin.DeleteHospitalForm,org.springframework.validation.BindingResult,org.springframework.ui.Model)={[/admin/deleteHospital],methods=[POST]}, public java.lang.String edu.ncsu.csc.itrust2.controllers.admin.HospitalController.addHospital(org.springframework.ui.Model)={[/admin/addHospital]}}
00:31:19.620 [main] INFO  o.s.w.s.m.m.a.RequestMappingHandlerMapping - Mapped "{[/admin/addHospital],methods=[POST]}" onto public java.lang.String edu.ncsu.csc.itrust2.controllers.admin.HospitalController.addHospitalSubmit(edu.ncsu.csc.itrust2.forms.admin.HospitalForm,org.springframework.validation.BindingResult,org.springframework.ui.Model)
00:31:19.621 [main] INFO  o.s.w.s.m.m.a.RequestMappingHandlerMapping - Mapped "{[/admin/deleteHospital]}" onto public java.lang.String edu.ncsu.csc.itrust2.controllers.admin.HospitalController.deleteHospital(org.springframework.ui.Model)
00:31:19.621 [main] INFO  o.s.w.s.m.m.a.RequestMappingHandlerMapping - Mapped "{[/admin/deleteHospital],methods=[POST]}" onto public java.lang.String edu.ncsu.csc.itrust2.controllers.admin.HospitalController.deleteHospitalSubmit(edu.ncsu.csc.itrust2.forms.admin.DeleteHospitalForm,org.springframework.validation.BindingResult,org.springframework.ui.Model)
00:31:19.622 [main] INFO  o.s.w.s.m.m.a.RequestMappingHandlerMapping - Mapped "{[/admin/addHospital]}" onto public java.lang.String edu.ncsu.csc.itrust2.controllers.admin.HospitalController.addHospital(org.springframework.ui.Model)
00:31:19.622 [main] DEBUG o.s.w.s.m.m.a.RequestMappingHandlerMapping - 1 request handler methods found on class edu.ncsu.csc.itrust2.controllers.admin.ICDCodesController: {public java.lang.String edu.ncsu.csc.itrust2.controllers.admin.ICDCodesController.addCode(org.springframework.ui.Model)={[/admin/manageICDCodes]}}
00:31:19.629 [main] INFO  o.s.w.s.m.m.a.RequestMappingHandlerMapping - Mapped "{[/admin/manageICDCodes]}" onto public java.lang.String edu.ncsu.csc.itrust2.controllers.admin.ICDCodesController.addCode(org.springframework.ui.Model)
00:31:19.648 [main] DEBUG o.s.w.s.m.m.a.RequestMappingHandlerMapping - 6 request handler methods found on class edu.ncsu.csc.itrust2.controllers.api.APIAppointmentRequestController: {public java.util.List edu.ncsu.csc.itrust2.controllers.api.APIAppointmentRequestController.getAppointmentRequests()={[/api/v1//appointmentrequests],methods=[GET]}, public org.springframework.http.ResponseEntity edu.ncsu.csc.itrust2.controllers.api.APIAppointmentRequestController.getAppointmentRequest(java.lang.Long)={[/api/v1//appointmentrequests/{id}],methods=[GET]}, public org.springframework.http.ResponseEntity edu.ncsu.csc.itrust2.controllers.api.APIAppointmentRequestController.createAppointmentRequest(edu.ncsu.csc.itrust2.forms.patient.AppointmentRequestForm)={[/api/v1//appointmentrequests],methods=[POST]}, public org.springframework.http.ResponseEntity edu.ncsu.csc.itrust2.controllers.api.APIAppointmentRequestController.deleteAppointmentRequest(java.lang.Long)={[/api/v1//appointmentrequests/{id}],methods=[DELETE]}, public org.springframework.http.ResponseEntity edu.ncsu.csc.itrust2.controllers.api.APIAppointmentRequestController.updateAppointmentRequest(java.lang.Long,edu.ncsu.csc.itrust2.forms.patient.AppointmentRequestForm)={[/api/v1//appointmentrequests/{id}],methods=[PUT]}, public org.springframework.http.ResponseEntity edu.ncsu.csc.itrust2.controllers.api.APIAppointmentRequestController.deleteAppointmentRequests()={[/api/v1//appointmentrequests],methods=[DELETE]}}
00:31:19.649 [main] INFO  o.s.w.s.m.m.a.RequestMappingHandlerMapping - Mapped "{[/api/v1//appointmentrequests],methods=[GET]}" onto public java.util.List<edu.ncsu.csc.itrust2.models.persistent.AppointmentRequest> edu.ncsu.csc.itrust2.controllers.api.APIAppointmentRequestController.getAppointmentRequests()
00:31:19.649 [main] INFO  o.s.w.s.m.m.a.RequestMappingHandlerMapping - Mapped "{[/api/v1//appointmentrequests/{id}],methods=[GET]}" onto public org.springframework.http.ResponseEntity edu.ncsu.csc.itrust2.controllers.api.APIAppointmentRequestController.getAppointmentRequest(java.lang.Long)
00:31:19.650 [main] INFO  o.s.w.s.m.m.a.RequestMappingHandlerMapping - Mapped "{[/api/v1//appointmentrequests],methods=[POST]}" onto public org.springframework.http.ResponseEntity edu.ncsu.csc.itrust2.controllers.api.APIAppointmentRequestController.createAppointmentRequest(edu.ncsu.csc.itrust2.forms.patient.AppointmentRequestForm)
00:31:19.650 [main] INFO  o.s.w.s.m.m.a.RequestMappingHandlerMapping - Mapped "{[/api/v1//appointmentrequests/{id}],methods=[DELETE]}" onto public org.springframework.http.ResponseEntity edu.ncsu.csc.itrust2.controllers.api.APIAppointmentRequestController.deleteAppointmentRequest(java.lang.Long)
00:31:19.650 [main] INFO  o.s.w.s.m.m.a.RequestMappingHandlerMapping - Mapped "{[/api/v1//appointmentrequests/{id}],methods=[PUT]}" onto public org.springframework.http.ResponseEntity edu.ncsu.csc.itrust2.controllers.api.APIAppointmentRequestController.updateAppointmentRequest(java.lang.Long,edu.ncsu.csc.itrust2.forms.patient.AppointmentRequestForm)
00:31:19.650 [main] INFO  o.s.w.s.m.m.a.RequestMappingHandlerMapping - Mapped "{[/api/v1//appointmentrequests],methods=[DELETE]}" onto public org.springframework.http.ResponseEntity edu.ncsu.csc.itrust2.controllers.api.APIAppointmentRequestController.deleteAppointmentRequests()
00:31:19.657 [main] DEBUG o.s.w.s.m.m.a.RequestMappingHandlerMapping - 3 request handler methods found on class edu.ncsu.csc.itrust2.controllers.api.APIDiagnosisController: {public org.springframework.http.ResponseEntity edu.ncsu.csc.itrust2.controllers.api.APIDiagnosisController.getDiagnosis(java.lang.Long)={[/api/v1//diagnosis/{id}],methods=[GET]}, public java.util.List edu.ncsu.csc.itrust2.controllers.api.APIDiagnosisController.getDiagnosis()={[/api/v1//diagnoses],methods=[GET]}, public java.util.List edu.ncsu.csc.itrust2.controllers.api.APIDiagnosisController.getDiagnosesForVisit(java.lang.Long)={[/api/v1//diagnosesforvisit/{id}],methods=[GET]}}
00:31:19.658 [main] INFO  o.s.w.s.m.m.a.RequestMappingHandlerMapping - Mapped "{[/api/v1//diagnosis/{id}],methods=[GET]}" onto public org.springframework.http.ResponseEntity edu.ncsu.csc.itrust2.controllers.api.APIDiagnosisController.getDiagnosis(java.lang.Long)
00:31:19.658 [main] INFO  o.s.w.s.m.m.a.RequestMappingHandlerMapping - Mapped "{[/api/v1//diagnoses],methods=[GET]}" onto public java.util.List<edu.ncsu.csc.itrust2.models.persistent.Diagnosis> edu.ncsu.csc.itrust2.controllers.api.APIDiagnosisController.getDiagnosis()
00:31:19.658 [main] INFO  o.s.w.s.m.m.a.RequestMappingHandlerMapping - Mapped "{[/api/v1//diagnosesforvisit/{id}],methods=[GET]}" onto public java.util.List<edu.ncsu.csc.itrust2.models.persistent.Diagnosis> edu.ncsu.csc.itrust2.controllers.api.APIDiagnosisController.getDiagnosesForVisit(java.lang.Long)
00:31:19.663 [main] DEBUG o.s.w.s.m.m.a.RequestMappingHandlerMapping - 4 request handler methods found on class edu.ncsu.csc.itrust2.controllers.api.APIDrugController: {public org.springframework.http.ResponseEntity edu.ncsu.csc.itrust2.controllers.api.APIDrugController.addDrug(edu.ncsu.csc.itrust2.forms.admin.DrugForm)={[/api/v1//drugs],methods=[POST]}, public org.springframework.http.ResponseEntity edu.ncsu.csc.itrust2.controllers.api.APIDrugController.editDrug(edu.ncsu.csc.itrust2.forms.admin.DrugForm)={[/api/v1//drugs],methods=[PUT]}, public org.springframework.http.ResponseEntity edu.ncsu.csc.itrust2.controllers.api.APIDrugController.deleteDrug(java.lang.String)={[/api/v1//drugs/{id}],methods=[DELETE]}, public java.util.List edu.ncsu.csc.itrust2.controllers.api.APIDrugController.getDrugs()={[/api/v1//drugs],methods=[GET]}}
00:31:19.663 [main] INFO  o.s.w.s.m.m.a.RequestMappingHandlerMapping - Mapped "{[/api/v1//drugs],methods=[POST]}" onto public org.springframework.http.ResponseEntity edu.ncsu.csc.itrust2.controllers.api.APIDrugController.addDrug(edu.ncsu.csc.itrust2.forms.admin.DrugForm)
00:31:19.664 [main] INFO  o.s.w.s.m.m.a.RequestMappingHandlerMapping - Mapped "{[/api/v1//drugs],methods=[PUT]}" onto public org.springframework.http.ResponseEntity edu.ncsu.csc.itrust2.controllers.api.APIDrugController.editDrug(edu.ncsu.csc.itrust2.forms.admin.DrugForm)
00:31:19.670 [main] INFO  o.s.w.s.m.m.a.RequestMappingHandlerMapping - Mapped "{[/api/v1//drugs/{id}],methods=[DELETE]}" onto public org.springframework.http.ResponseEntity edu.ncsu.csc.itrust2.controllers.api.APIDrugController.deleteDrug(java.lang.String)
00:31:19.671 [main] INFO  o.s.w.s.m.m.a.RequestMappingHandlerMapping - Mapped "{[/api/v1//drugs],methods=[GET]}" onto public java.util.List<edu.ncsu.csc.itrust2.models.persistent.Drug> edu.ncsu.csc.itrust2.controllers.api.APIDrugController.getDrugs()
00:31:19.677 [main] DEBUG o.s.w.s.m.m.a.RequestMappingHandlerMapping - 7 request handler methods found on class edu.ncsu.csc.itrust2.controllers.api.APIEnumController: {public java.util.List edu.ncsu.csc.itrust2.controllers.api.APIEnumController.getEthnicity()={[/api/v1//ethnicity],methods=[GET]}, public java.util.List edu.ncsu.csc.itrust2.controllers.api.APIEnumController.getAppointmentTypes()={[/api/v1//appointmenttype],methods=[GET]}, public java.util.List edu.ncsu.csc.itrust2.controllers.api.APIEnumController.getBloodTypes()={[/api/v1//bloodtype],methods=[GET]}, public java.util.List edu.ncsu.csc.itrust2.controllers.api.APIEnumController.getGenders()={[/api/v1//gender],methods=[GET]}, public java.util.List edu.ncsu.csc.itrust2.controllers.api.APIEnumController.getStates()={[/api/v1//state],methods=[GET]}, public java.util.List edu.ncsu.csc.itrust2.controllers.api.APIEnumController.getHouseSmokingStatuses()={[/api/v1//housesmoking],methods=[GET]}, public java.util.List edu.ncsu.csc.itrust2.controllers.api.APIEnumController.getPatientSmokingStatuses()={[/api/v1//patientsmoking],methods=[GET]}}
00:31:19.677 [main] INFO  o.s.w.s.m.m.a.RequestMappingHandlerMapping - Mapped "{[/api/v1//ethnicity],methods=[GET]}" onto public java.util.List<java.util.Map<java.lang.String, java.lang.Object>> edu.ncsu.csc.itrust2.controllers.api.APIEnumController.getEthnicity()
00:31:19.677 [main] INFO  o.s.w.s.m.m.a.RequestMappingHandlerMapping - Mapped "{[/api/v1//appointmenttype],methods=[GET]}" onto public java.util.List<edu.ncsu.csc.itrust2.models.enums.AppointmentType> edu.ncsu.csc.itrust2.controllers.api.APIEnumController.getAppointmentTypes()
00:31:19.679 [main] INFO  o.s.w.s.m.m.a.RequestMappingHandlerMapping - Mapped "{[/api/v1//bloodtype],methods=[GET]}" onto public java.util.List<java.util.Map<java.lang.String, java.lang.Object>> edu.ncsu.csc.itrust2.controllers.api.APIEnumController.getBloodTypes()
00:31:19.679 [main] INFO  o.s.w.s.m.m.a.RequestMappingHandlerMapping - Mapped "{[/api/v1//gender],methods=[GET]}" onto public java.util.List<java.util.Map<java.lang.String, java.lang.Object>> edu.ncsu.csc.itrust2.controllers.api.APIEnumController.getGenders()
00:31:19.679 [main] INFO  o.s.w.s.m.m.a.RequestMappingHandlerMapping - Mapped "{[/api/v1//state],methods=[GET]}" onto public java.util.List<java.util.Map<java.lang.String, java.lang.Object>> edu.ncsu.csc.itrust2.controllers.api.APIEnumController.getStates()
00:31:19.680 [main] INFO  o.s.w.s.m.m.a.RequestMappingHandlerMapping - Mapped "{[/api/v1//housesmoking],methods=[GET]}" onto public java.util.List<edu.ncsu.csc.itrust2.models.enums.HouseholdSmokingStatus> edu.ncsu.csc.itrust2.controllers.api.APIEnumController.getHouseSmokingStatuses()
00:31:19.683 [main] INFO  o.s.w.s.m.m.a.RequestMappingHandlerMapping - Mapped "{[/api/v1//patientsmoking],methods=[GET]}" onto public java.util.List<edu.ncsu.csc.itrust2.models.enums.PatientSmokingStatus> edu.ncsu.csc.itrust2.controllers.api.APIEnumController.getPatientSmokingStatuses()
00:31:19.691 [main] DEBUG o.s.w.s.m.m.a.RequestMappingHandlerMapping - 4 request handler methods found on class edu.ncsu.csc.itrust2.controllers.api.APIHospitalController: {public java.util.List edu.ncsu.csc.itrust2.controllers.api.APIHospitalController.getHospitals()={[/api/v1//hospitals],methods=[GET]}, public org.springframework.http.ResponseEntity edu.ncsu.csc.itrust2.controllers.api.APIHospitalController.getHospital(java.lang.String)={[/api/v1//hospitals/{id}],methods=[GET]}, public org.springframework.http.ResponseEntity edu.ncsu.csc.itrust2.controllers.api.APIHospitalController.createHospital(edu.ncsu.csc.itrust2.forms.admin.HospitalForm)={[/api/v1//hospitals],methods=[POST]}, public org.springframework.http.ResponseEntity edu.ncsu.csc.itrust2.controllers.api.APIHospitalController.updateHospital(java.lang.String,edu.ncsu.csc.itrust2.forms.admin.HospitalForm)={[/api/v1//hospitals/{id}],methods=[PUT]}}
00:31:19.691 [main] INFO  o.s.w.s.m.m.a.RequestMappingHandlerMapping - Mapped "{[/api/v1//hospitals],methods=[GET]}" onto public java.util.List<edu.ncsu.csc.itrust2.models.persistent.Hospital> edu.ncsu.csc.itrust2.controllers.api.APIHospitalController.getHospitals()
00:31:19.691 [main] INFO  o.s.w.s.m.m.a.RequestMappingHandlerMapping - Mapped "{[/api/v1//hospitals/{id}],methods=[GET]}" onto public org.springframework.http.ResponseEntity edu.ncsu.csc.itrust2.controllers.api.APIHospitalController.getHospital(java.lang.String)
00:31:19.692 [main] INFO  o.s.w.s.m.m.a.RequestMappingHandlerMapping - Mapped "{[/api/v1//hospitals],methods=[POST]}" onto public org.springframework.http.ResponseEntity edu.ncsu.csc.itrust2.controllers.api.APIHospitalController.createHospital(edu.ncsu.csc.itrust2.forms.admin.HospitalForm)
00:31:19.693 [main] INFO  o.s.w.s.m.m.a.RequestMappingHandlerMapping - Mapped "{[/api/v1//hospitals/{id}],methods=[PUT]}" onto public org.springframework.http.ResponseEntity edu.ncsu.csc.itrust2.controllers.api.APIHospitalController.updateHospital(java.lang.String,edu.ncsu.csc.itrust2.forms.admin.HospitalForm)
00:31:19.712 [main] DEBUG o.s.w.s.m.m.a.RequestMappingHandlerMapping - 5 request handler methods found on class edu.ncsu.csc.itrust2.controllers.api.APIICDCodeController: {public org.springframework.http.ResponseEntity edu.ncsu.csc.itrust2.controllers.api.APIICDCodeController.getCode(java.lang.Long)={[/api/v1//icdcode/{id}],methods=[GET]}, public org.springframework.http.ResponseEntity edu.ncsu.csc.itrust2.controllers.api.APIICDCodeController.addCode(edu.ncsu.csc.itrust2.forms.admin.ICDCodeForm)={[/api/v1//icdcodes],methods=[POST]}, public java.util.List edu.ncsu.csc.itrust2.controllers.api.APIICDCodeController.getCodes()={[/api/v1//icdcodes],methods=[GET]}, public org.springframework.http.ResponseEntity edu.ncsu.csc.itrust2.controllers.api.APIICDCodeController.updateCode(java.lang.Long,edu.ncsu.csc.itrust2.forms.admin.ICDCodeForm)={[/api/v1//icdcode/{id}],methods=[PUT]}, public org.springframework.http.ResponseEntity edu.ncsu.csc.itrust2.controllers.api.APIICDCodeController.deleteCode(java.lang.Long)={[/api/v1//icdcode/{id}],methods=[DELETE]}}
00:31:19.714 [main] INFO  o.s.w.s.m.m.a.RequestMappingHandlerMapping - Mapped "{[/api/v1//icdcode/{id}],methods=[GET]}" onto public org.springframework.http.ResponseEntity edu.ncsu.csc.itrust2.controllers.api.APIICDCodeController.getCode(java.lang.Long)
00:31:19.715 [main] INFO  o.s.w.s.m.m.a.RequestMappingHandlerMapping - Mapped "{[/api/v1//icdcodes],methods=[POST]}" onto public org.springframework.http.ResponseEntity edu.ncsu.csc.itrust2.controllers.api.APIICDCodeController.addCode(edu.ncsu.csc.itrust2.forms.admin.ICDCodeForm)
00:31:19.716 [main] INFO  o.s.w.s.m.m.a.RequestMappingHandlerMapping - Mapped "{[/api/v1//icdcodes],methods=[GET]}" onto public java.util.List<edu.ncsu.csc.itrust2.models.persistent.ICDCode> edu.ncsu.csc.itrust2.controllers.api.APIICDCodeController.getCodes()
00:31:19.716 [main] INFO  o.s.w.s.m.m.a.RequestMappingHandlerMapping - Mapped "{[/api/v1//icdcode/{id}],methods=[PUT]}" onto public org.springframework.http.ResponseEntity edu.ncsu.csc.itrust2.controllers.api.APIICDCodeController.updateCode(java.lang.Long,edu.ncsu.csc.itrust2.forms.admin.ICDCodeForm)
00:31:19.716 [main] INFO  o.s.w.s.m.m.a.RequestMappingHandlerMapping - Mapped "{[/api/v1//icdcode/{id}],methods=[DELETE]}" onto public org.springframework.http.ResponseEntity edu.ncsu.csc.itrust2.controllers.api.APIICDCodeController.deleteCode(java.lang.Long)
00:31:19.717 [main] DEBUG o.s.w.s.m.m.a.RequestMappingHandlerMapping - 1 request handler methods found on class edu.ncsu.csc.itrust2.controllers.api.APILogEntryController: {public org.springframework.http.ResponseEntity edu.ncsu.csc.itrust2.controllers.api.APILogEntryController.getEntryByDateRange(edu.ncsu.csc.itrust2.controllers.api.comm.LogEntryRequestBody)={[/api/v1//logentries/range],methods=[POST]}}
00:31:19.718 [main] INFO  o.s.w.s.m.m.a.RequestMappingHandlerMapping - Mapped "{[/api/v1//logentries/range],methods=[POST]}" onto public org.springframework.http.ResponseEntity edu.ncsu.csc.itrust2.controllers.api.APILogEntryController.getEntryByDateRange(edu.ncsu.csc.itrust2.controllers.api.comm.LogEntryRequestBody)
00:31:19.731 [main] DEBUG o.s.w.s.m.m.a.RequestMappingHandlerMapping - 9 request handler methods found on class edu.ncsu.csc.itrust2.controllers.api.APIOfficeVisitController: {public java.util.List edu.ncsu.csc.itrust2.controllers.api.APIOfficeVisitController.getOfficeVisits()={[/api/v1//officevisits],methods=[GET]}, public java.util.List edu.ncsu.csc.itrust2.controllers.api.APIOfficeVisitController.getMyOfficeVisits()={[/api/v1//officevisits/myofficevisits],methods=[GET]}, public org.springframework.http.ResponseEntity edu.ncsu.csc.itrust2.controllers.api.APIOfficeVisitController.getOfficeVisit(java.lang.Long)={[/api/v1//officevisits/{id}],methods=[GET]}, public void edu.ncsu.csc.itrust2.controllers.api.APIOfficeVisitController.deleteOfficeVisits()={[/api/v1//officevisits],methods=[DELETE]}, public org.springframework.http.ResponseEntity edu.ncsu.csc.itrust2.controllers.api.APIOfficeVisitController.createOfficeVisit(edu.ncsu.csc.itrust2.forms.hcp.OfficeVisitForm)={[/api/v1//officevisits],methods=[POST]}, public org.springframework.http.ResponseEntity edu.ncsu.csc.itrust2.controllers.api.APIOfficeVisitController.deleteOfficeVisit(java.lang.Long)={[/api/v1//officevisits/{id}],methods=[DELETE]}, public org.springframework.http.ResponseEntity edu.ncsu.csc.itrust2.controllers.api.APIOfficeVisitController.updateOfficeVisit(java.lang.Long,edu.ncsu.csc.itrust2.forms.hcp.OfficeVisitForm)={[/api/v1//officevisits/{id}],methods=[PUT]}, public org.springframework.http.ResponseEntity edu.ncsu.csc.itrust2.controllers.api.APIOfficeVisitController.viewOfficeVisitHCP(java.lang.Long,edu.ncsu.csc.itrust2.forms.hcp.OfficeVisitForm)={[/api/v1//officevisits/hcp/view/{id}],methods=[POST]}, public org.springframework.http.ResponseEntity edu.ncsu.csc.itrust2.controllers.api.APIOfficeVisitController.viewOfficeVisitPatient(java.lang.Long,edu.ncsu.csc.itrust2.forms.hcp.OfficeVisitForm)={[/api/v1//officevisits/patient/view/{id}],methods=[POST]}}
00:31:19.732 [main] INFO  o.s.w.s.m.m.a.RequestMappingHandlerMapping - Mapped "{[/api/v1//officevisits],methods=[GET]}" onto public java.util.List<edu.ncsu.csc.itrust2.models.persistent.OfficeVisit> edu.ncsu.csc.itrust2.controllers.api.APIOfficeVisitController.getOfficeVisits()
00:31:19.738 [main] INFO  o.s.w.s.m.m.a.RequestMappingHandlerMapping - Mapped "{[/api/v1//officevisits/myofficevisits],methods=[GET]}" onto public java.util.List<edu.ncsu.csc.itrust2.models.persistent.OfficeVisit> edu.ncsu.csc.itrust2.controllers.api.APIOfficeVisitController.getMyOfficeVisits()
00:31:19.739 [main] INFO  o.s.w.s.m.m.a.RequestMappingHandlerMapping - Mapped "{[/api/v1//officevisits/{id}],methods=[GET]}" onto public org.springframework.http.ResponseEntity edu.ncsu.csc.itrust2.controllers.api.APIOfficeVisitController.getOfficeVisit(java.lang.Long)
00:31:19.739 [main] INFO  o.s.w.s.m.m.a.RequestMappingHandlerMapping - Mapped "{[/api/v1//officevisits],methods=[DELETE]}" onto public void edu.ncsu.csc.itrust2.controllers.api.APIOfficeVisitController.deleteOfficeVisits()
00:31:19.739 [main] INFO  o.s.w.s.m.m.a.RequestMappingHandlerMapping - Mapped "{[/api/v1//officevisits],methods=[POST]}" onto public org.springframework.http.ResponseEntity edu.ncsu.csc.itrust2.controllers.api.APIOfficeVisitController.createOfficeVisit(edu.ncsu.csc.itrust2.forms.hcp.OfficeVisitForm)
00:31:19.740 [main] INFO  o.s.w.s.m.m.a.RequestMappingHandlerMapping - Mapped "{[/api/v1//officevisits/{id}],methods=[DELETE]}" onto public org.springframework.http.ResponseEntity edu.ncsu.csc.itrust2.controllers.api.APIOfficeVisitController.deleteOfficeVisit(java.lang.Long)
00:31:19.741 [main] INFO  o.s.w.s.m.m.a.RequestMappingHandlerMapping - Mapped "{[/api/v1//officevisits/{id}],methods=[PUT]}" onto public org.springframework.http.ResponseEntity edu.ncsu.csc.itrust2.controllers.api.APIOfficeVisitController.updateOfficeVisit(java.lang.Long,edu.ncsu.csc.itrust2.forms.hcp.OfficeVisitForm)
00:31:19.741 [main] INFO  o.s.w.s.m.m.a.RequestMappingHandlerMapping - Mapped "{[/api/v1//officevisits/hcp/view/{id}],methods=[POST]}" onto public org.springframework.http.ResponseEntity edu.ncsu.csc.itrust2.controllers.api.APIOfficeVisitController.viewOfficeVisitHCP(java.lang.Long,edu.ncsu.csc.itrust2.forms.hcp.OfficeVisitForm)
00:31:19.742 [main] INFO  o.s.w.s.m.m.a.RequestMappingHandlerMapping - Mapped "{[/api/v1//officevisits/patient/view/{id}],methods=[POST]}" onto public org.springframework.http.ResponseEntity edu.ncsu.csc.itrust2.controllers.api.APIOfficeVisitController.viewOfficeVisitPatient(java.lang.Long,edu.ncsu.csc.itrust2.forms.hcp.OfficeVisitForm)
00:31:19.745 [main] DEBUG o.s.w.s.m.m.a.RequestMappingHandlerMapping - 3 request handler methods found on class edu.ncsu.csc.itrust2.controllers.api.APIPasswordController: {public org.springframework.http.ResponseEntity edu.ncsu.csc.itrust2.controllers.api.APIPasswordController.changePassword(edu.ncsu.csc.itrust2.forms.personnel.PasswordChangeForm)={[/api/v1//changePassword],methods=[POST]}, public org.springframework.http.ResponseEntity edu.ncsu.csc.itrust2.controllers.api.APIPasswordController.requestReset(java.lang.String)={[/api/v1//requestPasswordReset],methods=[POST]}, public org.springframework.http.ResponseEntity edu.ncsu.csc.itrust2.controllers.api.APIPasswordController.resetPassword(edu.ncsu.csc.itrust2.forms.personnel.PasswordChangeForm,long)={[/api/v1//resetPassword/{tokenId}],methods=[POST]}}
00:31:19.745 [main] INFO  o.s.w.s.m.m.a.RequestMappingHandlerMapping - Mapped "{[/api/v1//changePassword],methods=[POST]}" onto public org.springframework.http.ResponseEntity edu.ncsu.csc.itrust2.controllers.api.APIPasswordController.changePassword(edu.ncsu.csc.itrust2.forms.personnel.PasswordChangeForm)
00:31:19.745 [main] INFO  o.s.w.s.m.m.a.RequestMappingHandlerMapping - Mapped "{[/api/v1//requestPasswordReset],methods=[POST]}" onto public org.springframework.http.ResponseEntity edu.ncsu.csc.itrust2.controllers.api.APIPasswordController.requestReset(java.lang.String)
00:31:19.745 [main] INFO  o.s.w.s.m.m.a.RequestMappingHandlerMapping - Mapped "{[/api/v1//resetPassword/{tokenId}],methods=[POST]}" onto public org.springframework.http.ResponseEntity edu.ncsu.csc.itrust2.controllers.api.APIPasswordController.resetPassword(edu.ncsu.csc.itrust2.forms.personnel.PasswordChangeForm,long)
00:31:19.760 [main] DEBUG o.s.w.s.m.m.a.RequestMappingHandlerMapping - 5 request handler methods found on class edu.ncsu.csc.itrust2.controllers.api.APIPatientController: {public org.springframework.http.ResponseEntity edu.ncsu.csc.itrust2.controllers.api.APIPatientController.getPatient(java.lang.String)={[/api/v1//patients/{username}],methods=[GET]}, public org.springframework.http.ResponseEntity edu.ncsu.csc.itrust2.controllers.api.APIPatientController.getPatient()={[/api/v1//patient],methods=[GET]}, public java.util.List edu.ncsu.csc.itrust2.controllers.api.APIPatientController.getPatients()={[/api/v1//patients],methods=[GET]}, public org.springframework.http.ResponseEntity edu.ncsu.csc.itrust2.controllers.api.APIPatientController.createPatient(edu.ncsu.csc.itrust2.forms.hcp_patient.PatientForm)={[/api/v1//patients],methods=[POST]}, public org.springframework.http.ResponseEntity edu.ncsu.csc.itrust2.controllers.api.APIPatientController.updatePatient(java.lang.String,edu.ncsu.csc.itrust2.forms.hcp_patient.PatientForm)={[/api/v1//patients/{id}],methods=[PUT]}}
00:31:19.760 [main] INFO  o.s.w.s.m.m.a.RequestMappingHandlerMapping - Mapped "{[/api/v1//patients/{username}],methods=[GET]}" onto public org.springframework.http.ResponseEntity edu.ncsu.csc.itrust2.controllers.api.APIPatientController.getPatient(java.lang.String)
00:31:19.762 [main] INFO  o.s.w.s.m.m.a.RequestMappingHandlerMapping - Mapped "{[/api/v1//patient],methods=[GET]}" onto public org.springframework.http.ResponseEntity edu.ncsu.csc.itrust2.controllers.api.APIPatientController.getPatient()
00:31:19.762 [main] INFO  o.s.w.s.m.m.a.RequestMappingHandlerMapping - Mapped "{[/api/v1//patients],methods=[GET]}" onto public java.util.List<edu.ncsu.csc.itrust2.models.persistent.Patient> edu.ncsu.csc.itrust2.controllers.api.APIPatientController.getPatients()
00:31:19.762 [main] INFO  o.s.w.s.m.m.a.RequestMappingHandlerMapping - Mapped "{[/api/v1//patients],methods=[POST]}" onto public org.springframework.http.ResponseEntity edu.ncsu.csc.itrust2.controllers.api.APIPatientController.createPatient(edu.ncsu.csc.itrust2.forms.hcp_patient.PatientForm)
00:31:19.763 [main] INFO  o.s.w.s.m.m.a.RequestMappingHandlerMapping - Mapped "{[/api/v1//patients/{id}],methods=[PUT]}" onto public org.springframework.http.ResponseEntity edu.ncsu.csc.itrust2.controllers.api.APIPatientController.updatePatient(java.lang.String,edu.ncsu.csc.itrust2.forms.hcp_patient.PatientForm)
00:31:19.771 [main] DEBUG o.s.w.s.m.m.a.RequestMappingHandlerMapping - 4 request handler methods found on class edu.ncsu.csc.itrust2.controllers.api.APIPersonnelController: {public org.springframework.http.ResponseEntity edu.ncsu.csc.itrust2.controllers.api.APIPersonnelController.createPersonnel(edu.ncsu.csc.itrust2.forms.personnel.PersonnelForm)={[/api/v1//personnel],methods=[POST]}, public org.springframework.http.ResponseEntity edu.ncsu.csc.itrust2.controllers.api.APIPersonnelController.getPersonnel(java.lang.String)={[/api/v1//personnel/{id}],methods=[GET]}, public java.util.List edu.ncsu.csc.itrust2.controllers.api.APIPersonnelController.getPersonnel()={[/api/v1//personnel],methods=[GET]}, public org.springframework.http.ResponseEntity edu.ncsu.csc.itrust2.controllers.api.APIPersonnelController.updatePersonnel(java.lang.String,edu.ncsu.csc.itrust2.forms.personnel.PersonnelForm)={[/api/v1//personnel/{id}],methods=[PUT]}}
00:31:19.774 [main] INFO  o.s.w.s.m.m.a.RequestMappingHandlerMapping - Mapped "{[/api/v1//personnel],methods=[POST]}" onto public org.springframework.http.ResponseEntity edu.ncsu.csc.itrust2.controllers.api.APIPersonnelController.createPersonnel(edu.ncsu.csc.itrust2.forms.personnel.PersonnelForm)
00:31:19.774 [main] INFO  o.s.w.s.m.m.a.RequestMappingHandlerMapping - Mapped "{[/api/v1//personnel/{id}],methods=[GET]}" onto public org.springframework.http.ResponseEntity edu.ncsu.csc.itrust2.controllers.api.APIPersonnelController.getPersonnel(java.lang.String)
00:31:19.775 [main] INFO  o.s.w.s.m.m.a.RequestMappingHandlerMapping - Mapped "{[/api/v1//personnel],methods=[GET]}" onto public java.util.List<edu.ncsu.csc.itrust2.models.persistent.Personnel> edu.ncsu.csc.itrust2.controllers.api.APIPersonnelController.getPersonnel()
00:31:19.775 [main] INFO  o.s.w.s.m.m.a.RequestMappingHandlerMapping - Mapped "{[/api/v1//personnel/{id}],methods=[PUT]}" onto public org.springframework.http.ResponseEntity edu.ncsu.csc.itrust2.controllers.api.APIPersonnelController.updatePersonnel(java.lang.String,edu.ncsu.csc.itrust2.forms.personnel.PersonnelForm)
00:31:19.778 [main] DEBUG o.s.w.s.m.m.a.RequestMappingHandlerMapping - 5 request handler methods found on class edu.ncsu.csc.itrust2.controllers.api.APIPrescriptionController: {public org.springframework.http.ResponseEntity edu.ncsu.csc.itrust2.controllers.api.APIPrescriptionController.addPrescription(edu.ncsu.csc.itrust2.forms.hcp.PrescriptionForm)={[/api/v1//prescriptions],methods=[POST]}, public org.springframework.http.ResponseEntity edu.ncsu.csc.itrust2.controllers.api.APIPrescriptionController.editPrescription(edu.ncsu.csc.itrust2.forms.hcp.PrescriptionForm)={[/api/v1//prescriptions],methods=[PUT]}, public org.springframework.http.ResponseEntity edu.ncsu.csc.itrust2.controllers.api.APIPrescriptionController.deletePrescription(java.lang.Long)={[/api/v1//prescriptions/{id}],methods=[DELETE]}, public java.util.List edu.ncsu.csc.itrust2.controllers.api.APIPrescriptionController.getPrescriptions()={[/api/v1//prescriptions],methods=[GET]}, public org.springframework.http.ResponseEntity edu.ncsu.csc.itrust2.controllers.api.APIPrescriptionController.getPrescription(java.lang.Long)={[/api/v1//prescriptions/{id}],methods=[GET]}}
00:31:19.786 [main] INFO  o.s.w.s.m.m.a.RequestMappingHandlerMapping - Mapped "{[/api/v1//prescriptions],methods=[POST]}" onto public org.springframework.http.ResponseEntity edu.ncsu.csc.itrust2.controllers.api.APIPrescriptionController.addPrescription(edu.ncsu.csc.itrust2.forms.hcp.PrescriptionForm)
00:31:19.788 [main] INFO  o.s.w.s.m.m.a.RequestMappingHandlerMapping - Mapped "{[/api/v1//prescriptions],methods=[PUT]}" onto public org.springframework.http.ResponseEntity edu.ncsu.csc.itrust2.controllers.api.APIPrescriptionController.editPrescription(edu.ncsu.csc.itrust2.forms.hcp.PrescriptionForm)
00:31:19.788 [main] INFO  o.s.w.s.m.m.a.RequestMappingHandlerMapping - Mapped "{[/api/v1//prescriptions/{id}],methods=[DELETE]}" onto public org.springframework.http.ResponseEntity edu.ncsu.csc.itrust2.controllers.api.APIPrescriptionController.deletePrescription(java.lang.Long)
00:31:19.788 [main] INFO  o.s.w.s.m.m.a.RequestMappingHandlerMapping - Mapped "{[/api/v1//prescriptions],methods=[GET]}" onto public java.util.List<edu.ncsu.csc.itrust2.models.persistent.Prescription> edu.ncsu.csc.itrust2.controllers.api.APIPrescriptionController.getPrescriptions()
00:31:19.789 [main] INFO  o.s.w.s.m.m.a.RequestMappingHandlerMapping - Mapped "{[/api/v1//prescriptions/{id}],methods=[GET]}" onto public org.springframework.http.ResponseEntity edu.ncsu.csc.itrust2.controllers.api.APIPrescriptionController.getPrescription(java.lang.Long)
00:31:19.792 [main] DEBUG o.s.w.s.m.m.a.RequestMappingHandlerMapping - 5 request handler methods found on class edu.ncsu.csc.itrust2.controllers.api.APIUserController: {public org.springframework.http.ResponseEntity edu.ncsu.csc.itrust2.controllers.api.APIUserController.getRole()={[/api/v1//role],methods=[GET]}, public org.springframework.http.ResponseEntity edu.ncsu.csc.itrust2.controllers.api.APIUserController.getUser(java.lang.String)={[/api/v1//users/{id}],methods=[GET]}, public java.util.List edu.ncsu.csc.itrust2.controllers.api.APIUserController.getUsers()={[/api/v1//users],methods=[GET]}, public org.springframework.http.ResponseEntity edu.ncsu.csc.itrust2.controllers.api.APIUserController.createUser(edu.ncsu.csc.itrust2.forms.admin.UserForm)={[/api/v1//users],methods=[POST]}, public org.springframework.http.ResponseEntity edu.ncsu.csc.itrust2.controllers.api.APIUserController.updateUser(java.lang.String,edu.ncsu.csc.itrust2.forms.admin.UserForm)={[/api/v1//users/{id}],methods=[PUT]}}
00:31:19.793 [main] INFO  o.s.w.s.m.m.a.RequestMappingHandlerMapping - Mapped "{[/api/v1//role],methods=[GET]}" onto public org.springframework.http.ResponseEntity edu.ncsu.csc.itrust2.controllers.api.APIUserController.getRole()
00:31:19.793 [main] INFO  o.s.w.s.m.m.a.RequestMappingHandlerMapping - Mapped "{[/api/v1//users/{id}],methods=[GET]}" onto public org.springframework.http.ResponseEntity edu.ncsu.csc.itrust2.controllers.api.APIUserController.getUser(java.lang.String)
00:31:19.793 [main] INFO  o.s.w.s.m.m.a.RequestMappingHandlerMapping - Mapped "{[/api/v1//users],methods=[GET]}" onto public java.util.List<edu.ncsu.csc.itrust2.models.persistent.User> edu.ncsu.csc.itrust2.controllers.api.APIUserController.getUsers()
00:31:19.794 [main] INFO  o.s.w.s.m.m.a.RequestMappingHandlerMapping - Mapped "{[/api/v1//users],methods=[POST]}" onto public org.springframework.http.ResponseEntity edu.ncsu.csc.itrust2.controllers.api.APIUserController.createUser(edu.ncsu.csc.itrust2.forms.admin.UserForm)
00:31:19.794 [main] INFO  o.s.w.s.m.m.a.RequestMappingHandlerMapping - Mapped "{[/api/v1//users/{id}],methods=[PUT]}" onto public org.springframework.http.ResponseEntity edu.ncsu.csc.itrust2.controllers.api.APIUserController.updateUser(java.lang.String,edu.ncsu.csc.itrust2.forms.admin.UserForm)
00:31:19.796 [main] DEBUG o.s.w.s.m.m.a.RequestMappingHandlerMapping - 3 request handler methods found on class edu.ncsu.csc.itrust2.controllers.hcp.AppointmentControllerHCP: {public java.lang.String edu.ncsu.csc.itrust2.controllers.hcp.AppointmentControllerHCP.upcomingAppointments(org.springframework.ui.Model)={[/hcp/viewAppointments],methods=[GET]}, public java.lang.String edu.ncsu.csc.itrust2.controllers.hcp.AppointmentControllerHCP.requestAppointmentForm(org.springframework.ui.Model)={[/hcp/viewAppointmentRequests],methods=[GET]}, public java.lang.String edu.ncsu.csc.itrust2.controllers.hcp.AppointmentControllerHCP.appointmentActionSubmit(edu.ncsu.csc.itrust2.forms.patient.AppointmentForm)={[/hcp/viewAppointmentRequests],methods=[POST]}}
00:31:19.796 [main] INFO  o.s.w.s.m.m.a.RequestMappingHandlerMapping - Mapped "{[/hcp/viewAppointments],methods=[GET]}" onto public java.lang.String edu.ncsu.csc.itrust2.controllers.hcp.AppointmentControllerHCP.upcomingAppointments(org.springframework.ui.Model)
00:31:19.796 [main] INFO  o.s.w.s.m.m.a.RequestMappingHandlerMapping - Mapped "{[/hcp/viewAppointmentRequests],methods=[GET]}" onto public java.lang.String edu.ncsu.csc.itrust2.controllers.hcp.AppointmentControllerHCP.requestAppointmentForm(org.springframework.ui.Model)
00:31:19.796 [main] INFO  o.s.w.s.m.m.a.RequestMappingHandlerMapping - Mapped "{[/hcp/viewAppointmentRequests],methods=[POST]}" onto public java.lang.String edu.ncsu.csc.itrust2.controllers.hcp.AppointmentControllerHCP.appointmentActionSubmit(edu.ncsu.csc.itrust2.forms.patient.AppointmentForm)
00:31:19.798 [main] DEBUG o.s.w.s.m.m.a.RequestMappingHandlerMapping - 3 request handler methods found on class edu.ncsu.csc.itrust2.controllers.hcp.HCPController: {public java.lang.String edu.ncsu.csc.itrust2.controllers.hcp.HCPController.editPatientDemographics()={[/hcp/editPatientDemographics],methods=[GET]}, public java.lang.String edu.ncsu.csc.itrust2.controllers.hcp.HCPController.editPrescriptions()={[/hcp/editPrescriptions],methods=[GET]}, public java.lang.String edu.ncsu.csc.itrust2.controllers.hcp.HCPController.index(org.springframework.ui.Model)={[/hcp/index]}}
00:31:19.798 [main] INFO  o.s.w.s.m.m.a.RequestMappingHandlerMapping - Mapped "{[/hcp/editPatientDemographics],methods=[GET]}" onto public java.lang.String edu.ncsu.csc.itrust2.controllers.hcp.HCPController.editPatientDemographics()
00:31:19.798 [main] INFO  o.s.w.s.m.m.a.RequestMappingHandlerMapping - Mapped "{[/hcp/editPrescriptions],methods=[GET]}" onto public java.lang.String edu.ncsu.csc.itrust2.controllers.hcp.HCPController.editPrescriptions()
00:31:19.798 [main] INFO  o.s.w.s.m.m.a.RequestMappingHandlerMapping - Mapped "{[/hcp/index]}" onto public java.lang.String edu.ncsu.csc.itrust2.controllers.hcp.HCPController.index(org.springframework.ui.Model)
00:31:19.811 [main] DEBUG o.s.w.s.m.m.a.RequestMappingHandlerMapping - 3 request handler methods found on class edu.ncsu.csc.itrust2.controllers.hcp.OfficeVisitController: {public java.lang.String edu.ncsu.csc.itrust2.controllers.hcp.OfficeVisitController.documentOfficeVisit(org.springframework.ui.Model)={[/hcp/documentOfficeVisit],methods=[GET]}, public java.lang.String edu.ncsu.csc.itrust2.controllers.hcp.OfficeVisitController.documentVisitSubmit(edu.ncsu.csc.itrust2.forms.hcp.OfficeVisitForm,org.springframework.validation.BindingResult,org.springframework.ui.Model)={[/hcp/documentOfficeVisit],methods=[POST]}, public java.lang.String edu.ncsu.csc.itrust2.controllers.hcp.OfficeVisitController.getAllOfficeVisits(org.springframework.ui.Model)={[/hcp/editOfficeVisit],methods=[GET]}}
00:31:19.811 [main] INFO  o.s.w.s.m.m.a.RequestMappingHandlerMapping - Mapped "{[/hcp/documentOfficeVisit],methods=[GET]}" onto public java.lang.String edu.ncsu.csc.itrust2.controllers.hcp.OfficeVisitController.documentOfficeVisit(org.springframework.ui.Model)
00:31:19.811 [main] INFO  o.s.w.s.m.m.a.RequestMappingHandlerMapping - Mapped "{[/hcp/documentOfficeVisit],methods=[POST]}" onto public java.lang.String edu.ncsu.csc.itrust2.controllers.hcp.OfficeVisitController.documentVisitSubmit(edu.ncsu.csc.itrust2.forms.hcp.OfficeVisitForm,org.springframework.validation.BindingResult,org.springframework.ui.Model)
00:31:19.811 [main] INFO  o.s.w.s.m.m.a.RequestMappingHandlerMapping - Mapped "{[/hcp/editOfficeVisit],methods=[GET]}" onto public java.lang.String edu.ncsu.csc.itrust2.controllers.hcp.OfficeVisitController.getAllOfficeVisits(org.springframework.ui.Model)
00:31:19.813 [main] DEBUG o.s.w.s.m.m.a.RequestMappingHandlerMapping - 4 request handler methods found on class edu.ncsu.csc.itrust2.controllers.patient.AppointmentController: {public java.lang.String edu.ncsu.csc.itrust2.controllers.patient.AppointmentController.requestAppointmentForm(org.springframework.ui.Model)={[/patient/requestAppointment],methods=[GET]}, public java.lang.String edu.ncsu.csc.itrust2.controllers.patient.AppointmentController.inventorySubmit(edu.ncsu.csc.itrust2.forms.patient.AppointmentRequestForm,org.springframework.validation.BindingResult,org.springframework.ui.Model)={[/patient/requestAppointment],methods=[POST]}, public java.lang.String edu.ncsu.csc.itrust2.controllers.patient.AppointmentController.viewAppointmentRequests(org.springframework.ui.Model)={[/patient/viewAppointmentRequests],methods=[GET]}, public java.lang.String edu.ncsu.csc.itrust2.controllers.patient.AppointmentController.viewRequestsSubmit(edu.ncsu.csc.itrust2.forms.patient.AppointmentForm)={[/patient/viewAppointmentRequests],methods=[POST]}}
00:31:19.814 [main] INFO  o.s.w.s.m.m.a.RequestMappingHandlerMapping - Mapped "{[/patient/requestAppointment],methods=[GET]}" onto public java.lang.String edu.ncsu.csc.itrust2.controllers.patient.AppointmentController.requestAppointmentForm(org.springframework.ui.Model)
00:31:19.814 [main] INFO  o.s.w.s.m.m.a.RequestMappingHandlerMapping - Mapped "{[/patient/requestAppointment],methods=[POST]}" onto public java.lang.String edu.ncsu.csc.itrust2.controllers.patient.AppointmentController.inventorySubmit(edu.ncsu.csc.itrust2.forms.patient.AppointmentRequestForm,org.springframework.validation.BindingResult,org.springframework.ui.Model)
00:31:19.814 [main] INFO  o.s.w.s.m.m.a.RequestMappingHandlerMapping - Mapped "{[/patient/viewAppointmentRequests],methods=[GET]}" onto public java.lang.String edu.ncsu.csc.itrust2.controllers.patient.AppointmentController.viewAppointmentRequests(org.springframework.ui.Model)
00:31:19.816 [main] INFO  o.s.w.s.m.m.a.RequestMappingHandlerMapping - Mapped "{[/patient/viewAppointmentRequests],methods=[POST]}" onto public java.lang.String edu.ncsu.csc.itrust2.controllers.patient.AppointmentController.viewRequestsSubmit(edu.ncsu.csc.itrust2.forms.patient.AppointmentForm)
00:31:19.816 [main] DEBUG o.s.w.s.m.m.a.RequestMappingHandlerMapping - 1 request handler methods found on class edu.ncsu.csc.itrust2.controllers.patient.DiagnosesController: {public java.lang.String edu.ncsu.csc.itrust2.controllers.patient.DiagnosesController.viewDiagnoses(org.springframework.ui.Model)={[/patient/viewDiagnoses],methods=[GET]}}
00:31:19.816 [main] INFO  o.s.w.s.m.m.a.RequestMappingHandlerMapping - Mapped "{[/patient/viewDiagnoses],methods=[GET]}" onto public java.lang.String edu.ncsu.csc.itrust2.controllers.patient.DiagnosesController.viewDiagnoses(org.springframework.ui.Model)
00:31:19.819 [main] DEBUG o.s.w.s.m.m.a.RequestMappingHandlerMapping - 5 request handler methods found on class edu.ncsu.csc.itrust2.controllers.patient.PatientController: {public java.lang.String edu.ncsu.csc.itrust2.controllers.patient.PatientController.viewOfficeVisits(org.springframework.ui.Model)={[/patient/viewOfficeVisits],methods=[GET]}, public java.lang.String edu.ncsu.csc.itrust2.controllers.patient.PatientController.viewPrescriptions(org.springframework.ui.Model)={[/patient/viewPrescriptions],methods=[GET]}, public java.lang.String edu.ncsu.csc.itrust2.controllers.patient.PatientController.viewDemographics(org.springframework.ui.Model)={[/patient/editDemographics],methods=[GET]}, public java.lang.String edu.ncsu.csc.itrust2.controllers.patient.PatientController.demographicsSubmit(edu.ncsu.csc.itrust2.forms.hcp_patient.PatientForm,org.springframework.validation.BindingResult,org.springframework.ui.Model)={[/patient/editDemographics],methods=[POST]}, public java.lang.String edu.ncsu.csc.itrust2.controllers.patient.PatientController.index(org.springframework.ui.Model)={[/patient/index]}}
00:31:19.820 [main] INFO  o.s.w.s.m.m.a.RequestMappingHandlerMapping - Mapped "{[/patient/viewOfficeVisits],methods=[GET]}" onto public java.lang.String edu.ncsu.csc.itrust2.controllers.patient.PatientController.viewOfficeVisits(org.springframework.ui.Model)
00:31:19.820 [main] INFO  o.s.w.s.m.m.a.RequestMappingHandlerMapping - Mapped "{[/patient/viewPrescriptions],methods=[GET]}" onto public java.lang.String edu.ncsu.csc.itrust2.controllers.patient.PatientController.viewPrescriptions(org.springframework.ui.Model)
00:31:19.829 [main] INFO  o.s.w.s.m.m.a.RequestMappingHandlerMapping - Mapped "{[/patient/editDemographics],methods=[GET]}" onto public java.lang.String edu.ncsu.csc.itrust2.controllers.patient.PatientController.viewDemographics(org.springframework.ui.Model)
00:31:19.829 [main] INFO  o.s.w.s.m.m.a.RequestMappingHandlerMapping - Mapped "{[/patient/editDemographics],methods=[POST]}" onto public java.lang.String edu.ncsu.csc.itrust2.controllers.patient.PatientController.demographicsSubmit(edu.ncsu.csc.itrust2.forms.hcp_patient.PatientForm,org.springframework.validation.BindingResult,org.springframework.ui.Model)
00:31:19.830 [main] INFO  o.s.w.s.m.m.a.RequestMappingHandlerMapping - Mapped "{[/patient/index]}" onto public java.lang.String edu.ncsu.csc.itrust2.controllers.patient.PatientController.index(org.springframework.ui.Model)
00:31:19.831 [main] DEBUG o.s.w.s.m.m.a.RequestMappingHandlerMapping - 3 request handler methods found on class edu.ncsu.csc.itrust2.controllers.personnel.PasswordController: {public java.lang.String edu.ncsu.csc.itrust2.controllers.personnel.PasswordController.changePassword(org.springframework.ui.Model)={[/changePassword],methods=[GET]}, public java.lang.String edu.ncsu.csc.itrust2.controllers.personnel.PasswordController.requestReset(org.springframework.ui.Model)={[/requestPasswordReset],methods=[GET]}, public java.lang.String edu.ncsu.csc.itrust2.controllers.personnel.PasswordController.resetPassword(org.springframework.ui.Model,long)={[/resetPassword],methods=[GET]}}
00:31:19.832 [main] INFO  o.s.w.s.m.m.a.RequestMappingHandlerMapping - Mapped "{[/changePassword],methods=[GET]}" onto public java.lang.String edu.ncsu.csc.itrust2.controllers.personnel.PasswordController.changePassword(org.springframework.ui.Model)
00:31:19.833 [main] INFO  o.s.w.s.m.m.a.RequestMappingHandlerMapping - Mapped "{[/requestPasswordReset],methods=[GET]}" onto public java.lang.String edu.ncsu.csc.itrust2.controllers.personnel.PasswordController.requestReset(org.springframework.ui.Model)
00:31:19.833 [main] INFO  o.s.w.s.m.m.a.RequestMappingHandlerMapping - Mapped "{[/resetPassword],methods=[GET]}" onto public java.lang.String edu.ncsu.csc.itrust2.controllers.personnel.PasswordController.resetPassword(org.springframework.ui.Model,long)
00:31:19.835 [main] DEBUG o.s.w.s.m.m.a.RequestMappingHandlerMapping - 2 request handler methods found on class edu.ncsu.csc.itrust2.controllers.personnel.UserController: {public java.lang.String edu.ncsu.csc.itrust2.controllers.personnel.UserController.viewDemographics(org.springframework.ui.Model)={[/personnel/editDemographics],methods=[GET]}, public java.lang.String edu.ncsu.csc.itrust2.controllers.personnel.UserController.demographicsSubmit(edu.ncsu.csc.itrust2.forms.personnel.PersonnelForm,org.springframework.validation.BindingResult,org.springframework.ui.Model)={[/personnel/editDemographics],methods=[POST]}}
00:31:19.835 [main] INFO  o.s.w.s.m.m.a.RequestMappingHandlerMapping - Mapped "{[/personnel/editDemographics],methods=[GET]}" onto public java.lang.String edu.ncsu.csc.itrust2.controllers.personnel.UserController.viewDemographics(org.springframework.ui.Model)
00:31:19.835 [main] INFO  o.s.w.s.m.m.a.RequestMappingHandlerMapping - Mapped "{[/personnel/editDemographics],methods=[POST]}" onto public java.lang.String edu.ncsu.csc.itrust2.controllers.personnel.UserController.demographicsSubmit(edu.ncsu.csc.itrust2.forms.personnel.PersonnelForm,org.springframework.validation.BindingResult,org.springframework.ui.Model)
00:31:19.838 [main] DEBUG o.s.b.f.s.DefaultListableBeanFactory - Returning cached instance of singleton bean 'metaDataSourceAdvisor'
00:31:19.892 [main] DEBUG o.s.b.f.s.DefaultListableBeanFactory - Finished creating instance of bean 'requestMappingHandlerMapping'
00:31:19.898 [main] DEBUG o.s.b.f.s.DefaultListableBeanFactory - Creating shared instance of singleton bean 'mvcPathMatcher'
00:31:19.898 [main] DEBUG o.s.b.f.s.DefaultListableBeanFactory - Creating instance of bean 'mvcPathMatcher'
00:31:19.899 [main] DEBUG o.s.b.f.s.DefaultListableBeanFactory - Returning cached instance of singleton bean 'org.springframework.web.servlet.config.annotation.DelegatingWebMvcConfiguration'
00:31:19.900 [main] DEBUG o.s.b.f.s.DefaultListableBeanFactory - Eagerly caching bean 'mvcPathMatcher' to allow for resolving potential circular references
00:31:19.906 [main] DEBUG o.s.b.f.s.DefaultListableBeanFactory - Returning cached instance of singleton bean 'metaDataSourceAdvisor'
00:31:19.907 [main] DEBUG o.s.b.f.s.DefaultListableBeanFactory - Finished creating instance of bean 'mvcPathMatcher'
00:31:19.908 [main] DEBUG o.s.b.f.s.DefaultListableBeanFactory - Creating shared instance of singleton bean 'mvcUrlPathHelper'
00:31:19.908 [main] DEBUG o.s.b.f.s.DefaultListableBeanFactory - Creating instance of bean 'mvcUrlPathHelper'
00:31:19.908 [main] DEBUG o.s.b.f.s.DefaultListableBeanFactory - Returning cached instance of singleton bean 'org.springframework.web.servlet.config.annotation.DelegatingWebMvcConfiguration'
00:31:19.909 [main] DEBUG o.s.b.f.s.DefaultListableBeanFactory - Eagerly caching bean 'mvcUrlPathHelper' to allow for resolving potential circular references
00:31:19.916 [main] DEBUG o.s.b.f.s.DefaultListableBeanFactory - Returning cached instance of singleton bean 'metaDataSourceAdvisor'
00:31:19.917 [main] DEBUG o.s.b.f.s.DefaultListableBeanFactory - Finished creating instance of bean 'mvcUrlPathHelper'
00:31:19.917 [main] DEBUG o.s.b.f.s.DefaultListableBeanFactory - Returning cached instance of singleton bean 'mvcContentNegotiationManager'
00:31:19.918 [main] DEBUG o.s.b.f.s.DefaultListableBeanFactory - Creating shared instance of singleton bean 'viewControllerHandlerMapping'
00:31:19.919 [main] DEBUG o.s.b.f.s.DefaultListableBeanFactory - Creating instance of bean 'viewControllerHandlerMapping'
00:31:19.919 [main] DEBUG o.s.b.f.s.DefaultListableBeanFactory - Returning cached instance of singleton bean 'org.springframework.web.servlet.config.annotation.DelegatingWebMvcConfiguration'
00:31:19.933 [main] DEBUG o.s.b.f.s.DefaultListableBeanFactory - Returning cached instance of singleton bean 'mvcPathMatcher'
00:31:19.933 [main] DEBUG o.s.b.f.s.DefaultListableBeanFactory - Returning cached instance of singleton bean 'mvcUrlPathHelper'
00:31:19.934 [main] DEBUG o.s.b.f.s.DefaultListableBeanFactory - Eagerly caching bean 'viewControllerHandlerMapping' to allow for resolving potential circular references
00:31:19.954 [main] INFO  o.s.w.s.h.SimpleUrlHandlerMapping - Mapped URL path [/login] onto handler of type [class org.springframework.web.servlet.mvc.ParameterizableViewController]
00:31:19.955 [main] DEBUG o.s.b.f.s.DefaultListableBeanFactory - Returning cached instance of singleton bean 'metaDataSourceAdvisor'
00:31:19.973 [main] DEBUG o.s.b.f.s.DefaultListableBeanFactory - Finished creating instance of bean 'viewControllerHandlerMapping'
00:31:19.982 [main] DEBUG o.s.b.f.s.DefaultListableBeanFactory - Creating shared instance of singleton bean 'beanNameHandlerMapping'
00:31:19.982 [main] DEBUG o.s.b.f.s.DefaultListableBeanFactory - Creating instance of bean 'beanNameHandlerMapping'
00:31:19.984 [main] DEBUG o.s.b.f.s.DefaultListableBeanFactory - Returning cached instance of singleton bean 'org.springframework.web.servlet.config.annotation.DelegatingWebMvcConfiguration'
00:31:19.985 [main] DEBUG o.s.b.f.s.DefaultListableBeanFactory - Eagerly caching bean 'beanNameHandlerMapping' to allow for resolving potential circular references
00:31:20.003 [main] DEBUG o.s.w.s.h.BeanNameUrlHandlerMapping - Looking for URL mappings in application context: org.springframework.web.context.support.GenericWebApplicationContext@a098d76: startup date [Thu Mar 22 00:31:12 EDT 2018]; root of context hierarchy
00:31:20.003 [main] DEBUG o.s.w.s.h.BeanNameUrlHandlerMapping - Rejected bean name 'org.springframework.context.annotation.internalConfigurationAnnotationProcessor': no URL paths identified
00:31:20.003 [main] DEBUG o.s.w.s.h.BeanNameUrlHandlerMapping - Rejected bean name 'org.springframework.context.annotation.internalAutowiredAnnotationProcessor': no URL paths identified
00:31:20.003 [main] DEBUG o.s.w.s.h.BeanNameUrlHandlerMapping - Rejected bean name 'org.springframework.context.annotation.internalRequiredAnnotationProcessor': no URL paths identified
00:31:20.003 [main] DEBUG o.s.w.s.h.BeanNameUrlHandlerMapping - Rejected bean name 'org.springframework.context.annotation.internalCommonAnnotationProcessor': no URL paths identified
00:31:20.004 [main] DEBUG o.s.w.s.h.BeanNameUrlHandlerMapping - Rejected bean name 'org.springframework.context.annotation.internalPersistenceAnnotationProcessor': no URL paths identified
00:31:20.004 [main] DEBUG o.s.w.s.h.BeanNameUrlHandlerMapping - Rejected bean name 'org.springframework.context.event.internalEventListenerProcessor': no URL paths identified
00:31:20.004 [main] DEBUG o.s.w.s.h.BeanNameUrlHandlerMapping - Rejected bean name 'org.springframework.context.event.internalEventListenerFactory': no URL paths identified
00:31:20.004 [main] DEBUG o.s.w.s.h.BeanNameUrlHandlerMapping - Rejected bean name 'rootConfiguration': no URL paths identified
00:31:20.004 [main] DEBUG o.s.w.s.h.BeanNameUrlHandlerMapping - Rejected bean name 'webMvcConfiguration': no URL paths identified
00:31:20.004 [main] DEBUG o.s.w.s.h.BeanNameUrlHandlerMapping - Rejected bean name 'dataConfiguration': no URL paths identified
00:31:20.004 [main] DEBUG o.s.w.s.h.BeanNameUrlHandlerMapping - Rejected bean name 'loginAuditingListener': no URL paths identified
00:31:20.004 [main] DEBUG o.s.w.s.h.BeanNameUrlHandlerMapping - Rejected bean name 'securityConfig': no URL paths identified
00:31:20.005 [main] DEBUG o.s.w.s.h.BeanNameUrlHandlerMapping - Rejected bean name 'defaultController': no URL paths identified
00:31:20.010 [main] DEBUG o.s.w.s.h.BeanNameUrlHandlerMapping - Rejected bean name 'adminController': no URL paths identified
00:31:20.010 [main] DEBUG o.s.w.s.h.BeanNameUrlHandlerMapping - Rejected bean name 'adminUserController': no URL paths identified
00:31:20.010 [main] DEBUG o.s.w.s.h.BeanNameUrlHandlerMapping - Rejected bean name 'hospitalController': no URL paths identified
00:31:20.010 [main] DEBUG o.s.w.s.h.BeanNameUrlHandlerMapping - Rejected bean name 'ICDCodesController': no URL paths identified
00:31:20.011 [main] DEBUG o.s.w.s.h.BeanNameUrlHandlerMapping - Rejected bean name 'APIAppointmentRequestController': no URL paths identified
00:31:20.011 [main] DEBUG o.s.w.s.h.BeanNameUrlHandlerMapping - Rejected bean name 'APIDiagnosisController': no URL paths identified
00:31:20.011 [main] DEBUG o.s.w.s.h.BeanNameUrlHandlerMapping - Rejected bean name 'APIDrugController': no URL paths identified
00:31:20.011 [main] DEBUG o.s.w.s.h.BeanNameUrlHandlerMapping - Rejected bean name 'APIEnumController': no URL paths identified
00:31:20.011 [main] DEBUG o.s.w.s.h.BeanNameUrlHandlerMapping - Rejected bean name 'APIHospitalController': no URL paths identified
00:31:20.011 [main] DEBUG o.s.w.s.h.BeanNameUrlHandlerMapping - Rejected bean name 'APIICDCodeController': no URL paths identified
00:31:20.011 [main] DEBUG o.s.w.s.h.BeanNameUrlHandlerMapping - Rejected bean name 'APILogEntryController': no URL paths identified
00:31:20.012 [main] DEBUG o.s.w.s.h.BeanNameUrlHandlerMapping - Rejected bean name 'APIOfficeVisitController': no URL paths identified
00:31:20.012 [main] DEBUG o.s.w.s.h.BeanNameUrlHandlerMapping - Rejected bean name 'APIPasswordController': no URL paths identified
00:31:20.012 [main] DEBUG o.s.w.s.h.BeanNameUrlHandlerMapping - Rejected bean name 'APIPatientController': no URL paths identified
00:31:20.012 [main] DEBUG o.s.w.s.h.BeanNameUrlHandlerMapping - Rejected bean name 'APIPersonnelController': no URL paths identified
00:31:20.012 [main] DEBUG o.s.w.s.h.BeanNameUrlHandlerMapping - Rejected bean name 'APIPrescriptionController': no URL paths identified
00:31:20.012 [main] DEBUG o.s.w.s.h.BeanNameUrlHandlerMapping - Rejected bean name 'APIUserController': no URL paths identified
00:31:20.012 [main] DEBUG o.s.w.s.h.BeanNameUrlHandlerMapping - Rejected bean name 'appointmentControllerHCP': no URL paths identified
00:31:20.013 [main] DEBUG o.s.w.s.h.BeanNameUrlHandlerMapping - Rejected bean name 'HCPController': no URL paths identified
00:31:20.013 [main] DEBUG o.s.w.s.h.BeanNameUrlHandlerMapping - Rejected bean name 'officeVisitController': no URL paths identified
00:31:20.013 [main] DEBUG o.s.w.s.h.BeanNameUrlHandlerMapping - Rejected bean name 'appointmentController': no URL paths identified
00:31:20.013 [main] DEBUG o.s.w.s.h.BeanNameUrlHandlerMapping - Rejected bean name 'diagnosesController': no URL paths identified
00:31:20.013 [main] DEBUG o.s.w.s.h.BeanNameUrlHandlerMapping - Rejected bean name 'patientController': no URL paths identified
00:31:20.013 [main] DEBUG o.s.w.s.h.BeanNameUrlHandlerMapping - Rejected bean name 'passwordController': no URL paths identified
00:31:20.013 [main] DEBUG o.s.w.s.h.BeanNameUrlHandlerMapping - Rejected bean name 'userController': no URL paths identified
00:31:20.013 [main] DEBUG o.s.w.s.h.BeanNameUrlHandlerMapping - Rejected bean name 'dataSource': no URL paths identified
00:31:20.014 [main] DEBUG o.s.w.s.h.BeanNameUrlHandlerMapping - Rejected bean name 'org.springframework.security.config.annotation.configuration.ObjectPostProcessorConfiguration': no URL paths identified
00:31:20.014 [main] DEBUG o.s.w.s.h.BeanNameUrlHandlerMapping - Rejected bean name 'objectPostProcessor': no URL paths identified
00:31:20.014 [main] DEBUG o.s.w.s.h.BeanNameUrlHandlerMapping - Rejected bean name 'org.springframework.security.config.annotation.authentication.configuration.AuthenticationConfiguration': no URL paths identified
00:31:20.014 [main] DEBUG o.s.w.s.h.BeanNameUrlHandlerMapping - Rejected bean name 'authenticationManagerBuilder': no URL paths identified
00:31:20.014 [main] DEBUG o.s.w.s.h.BeanNameUrlHandlerMapping - Rejected bean name 'enableGlobalAuthenticationAutowiredConfigurer': no URL paths identified
00:31:20.014 [main] DEBUG o.s.w.s.h.BeanNameUrlHandlerMapping - Rejected bean name 'initializeUserDetailsBeanManagerConfigurer': no URL paths identified
00:31:20.014 [main] DEBUG o.s.w.s.h.BeanNameUrlHandlerMapping - Rejected bean name 'initializeAuthenticationProviderBeanManagerConfigurer': no URL paths identified
00:31:20.015 [main] DEBUG o.s.w.s.h.BeanNameUrlHandlerMapping - Rejected bean name 'org.springframework.security.config.annotation.web.configuration.WebSecurityConfiguration': no URL paths identified
00:31:20.015 [main] DEBUG o.s.w.s.h.BeanNameUrlHandlerMapping - Rejected bean name 'delegatingApplicationListener': no URL paths identified
00:31:20.015 [main] DEBUG o.s.w.s.h.BeanNameUrlHandlerMapping - Rejected bean name 'webSecurityExpressionHandler': no URL paths identified
00:31:20.015 [main] DEBUG o.s.w.s.h.BeanNameUrlHandlerMapping - Rejected bean name 'springSecurityFilterChain': no URL paths identified
00:31:20.015 [main] DEBUG o.s.w.s.h.BeanNameUrlHandlerMapping - Rejected bean name 'privilegeEvaluator': no URL paths identified
00:31:20.015 [main] DEBUG o.s.w.s.h.BeanNameUrlHandlerMapping - Rejected bean name 'autowiredWebSecurityConfigurersIgnoreParents': no URL paths identified
00:31:20.015 [main] DEBUG o.s.w.s.h.BeanNameUrlHandlerMapping - Rejected bean name 'org.springframework.security.config.annotation.web.configuration.WebMvcSecurityConfiguration': no URL paths identified
00:31:20.015 [main] DEBUG o.s.w.s.h.BeanNameUrlHandlerMapping - Rejected bean name 'requestDataValueProcessor': no URL paths identified
00:31:20.016 [main] DEBUG o.s.w.s.h.BeanNameUrlHandlerMapping - Rejected bean name 'passwordEncoder': no URL paths identified
00:31:20.016 [main] DEBUG o.s.w.s.h.BeanNameUrlHandlerMapping - Rejected bean name 'defaultAuthenticationEventPublisher': no URL paths identified
00:31:20.016 [main] DEBUG o.s.w.s.h.BeanNameUrlHandlerMapping - Rejected bean name 'failureHandler': no URL paths identified
00:31:20.016 [main] DEBUG o.s.w.s.h.BeanNameUrlHandlerMapping - Rejected bean name 'ipBlockFilter': no URL paths identified
00:31:20.016 [main] DEBUG o.s.w.s.h.BeanNameUrlHandlerMapping - Rejected bean name 'org.springframework.web.servlet.config.annotation.DelegatingWebMvcConfiguration': no URL paths identified
00:31:20.016 [main] DEBUG o.s.w.s.h.BeanNameUrlHandlerMapping - Rejected bean name 'mvcConversionService': no URL paths identified
00:31:20.016 [main] DEBUG o.s.w.s.h.BeanNameUrlHandlerMapping - Rejected bean name 'requestMappingHandlerMapping': no URL paths identified
00:31:20.017 [main] DEBUG o.s.w.s.h.BeanNameUrlHandlerMapping - Rejected bean name 'mvcPathMatcher': no URL paths identified
00:31:20.017 [main] DEBUG o.s.w.s.h.BeanNameUrlHandlerMapping - Rejected bean name 'mvcUrlPathHelper': no URL paths identified
00:31:20.017 [main] DEBUG o.s.w.s.h.BeanNameUrlHandlerMapping - Rejected bean name 'mvcContentNegotiationManager': no URL paths identified
00:31:20.017 [main] DEBUG o.s.w.s.h.BeanNameUrlHandlerMapping - Rejected bean name 'viewControllerHandlerMapping': no URL paths identified
00:31:20.017 [main] DEBUG o.s.w.s.h.BeanNameUrlHandlerMapping - Rejected bean name 'beanNameHandlerMapping': no URL paths identified
00:31:20.017 [main] DEBUG o.s.w.s.h.BeanNameUrlHandlerMapping - Rejected bean name 'resourceHandlerMapping': no URL paths identified
00:31:20.017 [main] DEBUG o.s.w.s.h.BeanNameUrlHandlerMapping - Rejected bean name 'mvcResourceUrlProvider': no URL paths identified
00:31:20.017 [main] DEBUG o.s.w.s.h.BeanNameUrlHandlerMapping - Rejected bean name 'defaultServletHandlerMapping': no URL paths identified
00:31:20.018 [main] DEBUG o.s.w.s.h.BeanNameUrlHandlerMapping - Rejected bean name 'requestMappingHandlerAdapter': no URL paths identified
00:31:20.018 [main] DEBUG o.s.w.s.h.BeanNameUrlHandlerMapping - Rejected bean name 'mvcValidator': no URL paths identified
00:31:20.018 [main] DEBUG o.s.w.s.h.BeanNameUrlHandlerMapping - Rejected bean name 'mvcUriComponentsContributor': no URL paths identified
00:31:20.018 [main] DEBUG o.s.w.s.h.BeanNameUrlHandlerMapping - Rejected bean name 'httpRequestHandlerAdapter': no URL paths identified
00:31:20.018 [main] DEBUG o.s.w.s.h.BeanNameUrlHandlerMapping - Rejected bean name 'simpleControllerHandlerAdapter': no URL paths identified
00:31:20.018 [main] DEBUG o.s.w.s.h.BeanNameUrlHandlerMapping - Rejected bean name 'handlerExceptionResolver': no URL paths identified
00:31:20.018 [main] DEBUG o.s.w.s.h.BeanNameUrlHandlerMapping - Rejected bean name 'mvcViewResolver': no URL paths identified
00:31:20.018 [main] DEBUG o.s.w.s.h.BeanNameUrlHandlerMapping - Rejected bean name 'org.springframework.security.config.annotation.method.configuration.GlobalMethodSecurityConfiguration': no URL paths identified
00:31:20.019 [main] DEBUG o.s.w.s.h.BeanNameUrlHandlerMapping - Rejected bean name 'methodSecurityInterceptor': no URL paths identified
00:31:20.019 [main] DEBUG o.s.w.s.h.BeanNameUrlHandlerMapping - Rejected bean name 'methodSecurityMetadataSource': no URL paths identified
00:31:20.019 [main] DEBUG o.s.w.s.h.BeanNameUrlHandlerMapping - Rejected bean name 'preInvocationAuthorizationAdvice': no URL paths identified
00:31:20.019 [main] DEBUG o.s.w.s.h.BeanNameUrlHandlerMapping - Rejected bean name 'viewResolver': no URL paths identified
00:31:20.019 [main] DEBUG o.s.w.s.h.BeanNameUrlHandlerMapping - Rejected bean name 'templateEngine': no URL paths identified
00:31:20.019 [main] DEBUG o.s.w.s.h.BeanNameUrlHandlerMapping - Rejected bean name 'domainClassConverter': no URL paths identified
00:31:20.022 [main] DEBUG o.s.w.s.h.BeanNameUrlHandlerMapping - Rejected bean name 'metaDataSourceAdvisor': no URL paths identified
00:31:20.022 [main] DEBUG o.s.w.s.h.BeanNameUrlHandlerMapping - Rejected bean name 'org.springframework.aop.config.internalAutoProxyCreator': no URL paths identified
00:31:20.022 [main] DEBUG o.s.w.s.h.BeanNameUrlHandlerMapping - Rejected bean name 'environment': no URL paths identified
00:31:20.022 [main] DEBUG o.s.w.s.h.BeanNameUrlHandlerMapping - Rejected bean name 'systemProperties': no URL paths identified
00:31:20.022 [main] DEBUG o.s.w.s.h.BeanNameUrlHandlerMapping - Rejected bean name 'systemEnvironment': no URL paths identified
00:31:20.022 [main] DEBUG o.s.w.s.h.BeanNameUrlHandlerMapping - Rejected bean name 'servletContext': no URL paths identified
00:31:20.022 [main] DEBUG o.s.w.s.h.BeanNameUrlHandlerMapping - Rejected bean name 'contextParameters': no URL paths identified
00:31:20.023 [main] DEBUG o.s.w.s.h.BeanNameUrlHandlerMapping - Rejected bean name 'contextAttributes': no URL paths identified
00:31:20.023 [main] DEBUG o.s.w.s.h.BeanNameUrlHandlerMapping - Rejected bean name 'org.springframework.context.annotation.ConfigurationClassPostProcessor.importRegistry': no URL paths identified
00:31:20.023 [main] DEBUG o.s.w.s.h.BeanNameUrlHandlerMapping - Rejected bean name 'messageSource': no URL paths identified
00:31:20.023 [main] DEBUG o.s.w.s.h.BeanNameUrlHandlerMapping - Rejected bean name 'applicationEventMulticaster': no URL paths identified
00:31:20.023 [main] DEBUG o.s.b.f.s.DefaultListableBeanFactory - Returning cached instance of singleton bean 'metaDataSourceAdvisor'
00:31:20.045 [main] DEBUG o.s.b.f.s.DefaultListableBeanFactory - Finished creating instance of bean 'beanNameHandlerMapping'
00:31:20.054 [main] DEBUG o.s.b.f.s.DefaultListableBeanFactory - Creating shared instance of singleton bean 'resourceHandlerMapping'
00:31:20.055 [main] DEBUG o.s.b.f.s.DefaultListableBeanFactory - Creating instance of bean 'resourceHandlerMapping'
00:31:20.055 [main] DEBUG o.s.b.f.s.DefaultListableBeanFactory - Returning cached instance of singleton bean 'org.springframework.web.servlet.config.annotation.DelegatingWebMvcConfiguration'
00:31:20.056 [main] DEBUG o.s.b.f.s.DefaultListableBeanFactory - Returning cached instance of singleton bean 'mvcContentNegotiationManager'
00:31:20.076 [main] DEBUG o.s.b.f.s.DefaultListableBeanFactory - Returning cached instance of singleton bean 'mvcPathMatcher'
00:31:20.076 [main] DEBUG o.s.b.f.s.DefaultListableBeanFactory - Returning cached instance of singleton bean 'mvcUrlPathHelper'
00:31:20.076 [main] DEBUG o.s.b.f.s.DefaultListableBeanFactory - Returning cached instance of singleton bean 'mvcResourceUrlProvider'
00:31:20.077 [main] DEBUG o.s.b.f.s.DefaultListableBeanFactory - Eagerly caching bean 'resourceHandlerMapping' to allow for resolving potential circular references
00:31:20.077 [main] INFO  o.s.w.s.h.SimpleUrlHandlerMapping - Mapped URL path [/resources/**] onto handler of type [class org.springframework.web.servlet.resource.ResourceHttpRequestHandler]
00:31:20.077 [main] DEBUG o.s.b.f.s.DefaultListableBeanFactory - Returning cached instance of singleton bean 'metaDataSourceAdvisor'
00:31:20.078 [main] DEBUG o.s.b.f.s.DefaultListableBeanFactory - Finished creating instance of bean 'resourceHandlerMapping'
00:31:20.078 [main] DEBUG o.s.b.f.s.DefaultListableBeanFactory - Returning cached instance of singleton bean 'mvcResourceUrlProvider'
00:31:20.078 [main] DEBUG o.s.b.f.s.DefaultListableBeanFactory - Creating shared instance of singleton bean 'defaultServletHandlerMapping'
00:31:20.082 [main] DEBUG o.s.b.f.s.DefaultListableBeanFactory - Creating instance of bean 'defaultServletHandlerMapping'
00:31:20.082 [main] DEBUG o.s.b.f.s.DefaultListableBeanFactory - Returning cached instance of singleton bean 'org.springframework.web.servlet.config.annotation.DelegatingWebMvcConfiguration'
00:31:20.083 [main] DEBUG o.s.b.f.s.DefaultListableBeanFactory - Eagerly caching bean 'defaultServletHandlerMapping' to allow for resolving potential circular references
00:31:20.088 [main] DEBUG o.s.b.f.s.DefaultListableBeanFactory - Returning cached instance of singleton bean 'metaDataSourceAdvisor'
00:31:20.105 [main] DEBUG o.s.b.f.s.DefaultListableBeanFactory - Finished creating instance of bean 'defaultServletHandlerMapping'
00:31:20.105 [main] DEBUG o.s.b.f.s.DefaultListableBeanFactory - Creating shared instance of singleton bean 'requestMappingHandlerAdapter'
00:31:20.105 [main] DEBUG o.s.b.f.s.DefaultListableBeanFactory - Creating instance of bean 'requestMappingHandlerAdapter'
00:31:20.106 [main] DEBUG o.s.b.f.s.DefaultListableBeanFactory - Returning cached instance of singleton bean 'org.springframework.web.servlet.config.annotation.DelegatingWebMvcConfiguration'
00:31:20.367 [main] DEBUG o.s.b.f.s.DefaultListableBeanFactory - Returning cached instance of singleton bean 'mvcContentNegotiationManager'
00:31:20.376 [main] DEBUG o.s.b.f.s.DefaultListableBeanFactory - Returning cached instance of singleton bean 'mvcConversionService'
00:31:20.377 [main] DEBUG o.s.b.f.s.DefaultListableBeanFactory - Creating shared instance of singleton bean 'mvcValidator'
00:31:20.377 [main] DEBUG o.s.b.f.s.DefaultListableBeanFactory - Creating instance of bean 'mvcValidator'
00:31:20.377 [main] DEBUG o.s.b.f.s.DefaultListableBeanFactory - Returning cached instance of singleton bean 'org.springframework.web.servlet.config.annotation.DelegatingWebMvcConfiguration'
00:31:20.390 [main] DEBUG o.s.b.f.s.DefaultListableBeanFactory - Eagerly caching bean 'mvcValidator' to allow for resolving potential circular references
00:31:20.405 [main] DEBUG o.s.b.f.s.DefaultListableBeanFactory - Invoking afterPropertiesSet() on bean with name 'mvcValidator'
00:31:20.477 [main] DEBUG org.jboss.logging - Logging Provider: org.jboss.logging.Slf4jLoggerProvider
00:31:20.481 [main] INFO  o.h.validator.internal.util.Version - HV000001: Hibernate Validator 5.4.1.Final
00:31:20.528 [main] DEBUG o.h.v.i.e.r.DefaultTraversableResolver - Found javax.persistence.Persistence on classpath containing 'getPersistenceUtil'. Assuming JPA 2 environment. Trying to instantiate JPA aware TraversableResolver
00:31:20.531 [main] DEBUG o.h.v.i.e.r.DefaultTraversableResolver - Instantiated JPA aware TraversableResolver of type org.hibernate.validator.internal.engine.resolver.JPATraversableResolver.
00:31:20.558 [main] DEBUG o.h.v.i.engine.ConfigurationImpl - Setting custom MessageInterpolator of type org.springframework.validation.beanvalidation.LocaleContextMessageInterpolator
00:31:20.559 [main] DEBUG o.h.v.i.engine.ConfigurationImpl - Setting custom ConstraintValidatorFactory of type org.springframework.validation.beanvalidation.SpringConstraintValidatorFactory
00:31:20.561 [main] DEBUG o.h.v.i.engine.ConfigurationImpl - Setting custom ParameterNameProvider of type com.sun.proxy.$Proxy47
00:31:20.565 [main] DEBUG o.h.v.i.xml.ValidationXmlParser - Trying to load META-INF/validation.xml for XML based Validator configuration.
00:31:20.569 [main] DEBUG o.h.v.i.xml.ResourceLoaderHelper - Trying to load META-INF/validation.xml via user class loader
00:31:20.570 [main] DEBUG o.h.v.i.xml.ResourceLoaderHelper - Trying to load META-INF/validation.xml via TCCL
00:31:20.573 [main] DEBUG o.h.v.i.xml.ResourceLoaderHelper - Trying to load META-INF/validation.xml via Hibernate Validator's class loader
00:31:20.573 [main] DEBUG o.h.v.i.xml.ValidationXmlParser - No META-INF/validation.xml found. Using annotation based configuration only.
00:31:20.709 [main] DEBUG o.s.b.f.s.DefaultListableBeanFactory - Returning cached instance of singleton bean 'metaDataSourceAdvisor'
00:31:20.715 [main] DEBUG o.s.b.f.s.DefaultListableBeanFactory - Finished creating instance of bean 'mvcValidator'
00:31:20.732 [main] DEBUG o.s.b.f.s.DefaultListableBeanFactory - Eagerly caching bean 'requestMappingHandlerAdapter' to allow for resolving potential circular references
00:31:20.744 [main] DEBUG o.s.b.f.s.DefaultListableBeanFactory - Invoking afterPropertiesSet() on bean with name 'requestMappingHandlerAdapter'
00:31:20.745 [main] INFO  o.s.w.s.m.m.a.RequestMappingHandlerAdapter - Looking for @ControllerAdvice: org.springframework.web.context.support.GenericWebApplicationContext@a098d76: startup date [Thu Mar 22 00:31:12 EDT 2018]; root of context hierarchy
00:31:20.808 [main] DEBUG o.s.b.f.s.DefaultListableBeanFactory - Returning cached instance of singleton bean 'metaDataSourceAdvisor'
00:31:20.830 [main] DEBUG o.s.b.f.s.DefaultListableBeanFactory - Finished creating instance of bean 'requestMappingHandlerAdapter'
00:31:20.831 [main] DEBUG o.s.b.f.s.DefaultListableBeanFactory - Returning cached instance of singleton bean 'mvcValidator'
00:31:20.831 [main] DEBUG o.s.b.f.s.DefaultListableBeanFactory - Creating shared instance of singleton bean 'mvcUriComponentsContributor'
00:31:20.831 [main] DEBUG o.s.b.f.s.DefaultListableBeanFactory - Creating instance of bean 'mvcUriComponentsContributor'
00:31:20.837 [main] DEBUG o.s.b.f.s.DefaultListableBeanFactory - Returning cached instance of singleton bean 'org.springframework.web.servlet.config.annotation.DelegatingWebMvcConfiguration'
00:31:20.838 [main] DEBUG o.s.b.f.s.DefaultListableBeanFactory - Returning cached instance of singleton bean 'requestMappingHandlerAdapter'
00:31:20.838 [main] DEBUG o.s.b.f.s.DefaultListableBeanFactory - Returning cached instance of singleton bean 'mvcConversionService'
00:31:20.841 [main] DEBUG o.s.b.f.s.DefaultListableBeanFactory - Eagerly caching bean 'mvcUriComponentsContributor' to allow for resolving potential circular references
00:31:20.844 [main] DEBUG o.s.b.f.s.DefaultListableBeanFactory - Returning cached instance of singleton bean 'metaDataSourceAdvisor'
00:31:20.844 [main] DEBUG o.s.b.f.s.DefaultListableBeanFactory - Finished creating instance of bean 'mvcUriComponentsContributor'
00:31:20.845 [main] DEBUG o.s.b.f.s.DefaultListableBeanFactory - Creating shared instance of singleton bean 'httpRequestHandlerAdapter'
00:31:20.845 [main] DEBUG o.s.b.f.s.DefaultListableBeanFactory - Creating instance of bean 'httpRequestHandlerAdapter'
00:31:20.845 [main] DEBUG o.s.b.f.s.DefaultListableBeanFactory - Returning cached instance of singleton bean 'org.springframework.web.servlet.config.annotation.DelegatingWebMvcConfiguration'
00:31:20.846 [main] DEBUG o.s.b.f.s.DefaultListableBeanFactory - Eagerly caching bean 'httpRequestHandlerAdapter' to allow for resolving potential circular references
00:31:20.848 [main] DEBUG o.s.b.f.s.DefaultListableBeanFactory - Returning cached instance of singleton bean 'metaDataSourceAdvisor'
00:31:20.848 [main] DEBUG o.s.b.f.s.DefaultListableBeanFactory - Finished creating instance of bean 'httpRequestHandlerAdapter'
00:31:20.848 [main] DEBUG o.s.b.f.s.DefaultListableBeanFactory - Creating shared instance of singleton bean 'simpleControllerHandlerAdapter'
00:31:20.849 [main] DEBUG o.s.b.f.s.DefaultListableBeanFactory - Creating instance of bean 'simpleControllerHandlerAdapter'
00:31:20.849 [main] DEBUG o.s.b.f.s.DefaultListableBeanFactory - Returning cached instance of singleton bean 'org.springframework.web.servlet.config.annotation.DelegatingWebMvcConfiguration'
00:31:20.850 [main] DEBUG o.s.b.f.s.DefaultListableBeanFactory - Eagerly caching bean 'simpleControllerHandlerAdapter' to allow for resolving potential circular references
00:31:20.853 [main] DEBUG o.s.b.f.s.DefaultListableBeanFactory - Returning cached instance of singleton bean 'metaDataSourceAdvisor'
00:31:20.854 [main] DEBUG o.s.b.f.s.DefaultListableBeanFactory - Finished creating instance of bean 'simpleControllerHandlerAdapter'
00:31:20.854 [main] DEBUG o.s.b.f.s.DefaultListableBeanFactory - Creating shared instance of singleton bean 'handlerExceptionResolver'
00:31:20.854 [main] DEBUG o.s.b.f.s.DefaultListableBeanFactory - Creating instance of bean 'handlerExceptionResolver'
00:31:20.854 [main] DEBUG o.s.b.f.s.DefaultListableBeanFactory - Returning cached instance of singleton bean 'org.springframework.web.servlet.config.annotation.DelegatingWebMvcConfiguration'
00:31:20.864 [main] DEBUG o.s.b.f.s.DefaultListableBeanFactory - Returning cached instance of singleton bean 'mvcContentNegotiationManager'
00:31:20.865 [main] DEBUG o.s.w.s.m.m.a.ExceptionHandlerExceptionResolver - Looking for exception mappings: org.springframework.web.context.support.GenericWebApplicationContext@a098d76: startup date [Thu Mar 22 00:31:12 EDT 2018]; root of context hierarchy
00:31:20.875 [main] DEBUG o.s.b.f.s.DefaultListableBeanFactory - Eagerly caching bean 'handlerExceptionResolver' to allow for resolving potential circular references
00:31:20.877 [main] DEBUG o.s.b.f.s.DefaultListableBeanFactory - Returning cached instance of singleton bean 'metaDataSourceAdvisor'
00:31:20.878 [main] DEBUG o.s.b.f.s.DefaultListableBeanFactory - Finished creating instance of bean 'handlerExceptionResolver'
00:31:20.879 [main] DEBUG o.s.b.f.s.DefaultListableBeanFactory - Creating shared instance of singleton bean 'mvcViewResolver'
00:31:20.879 [main] DEBUG o.s.b.f.s.DefaultListableBeanFactory - Creating instance of bean 'mvcViewResolver'
00:31:20.879 [main] DEBUG o.s.b.f.s.DefaultListableBeanFactory - Returning cached instance of singleton bean 'org.springframework.web.servlet.config.annotation.DelegatingWebMvcConfiguration'
00:31:20.887 [main] DEBUG o.s.b.f.s.DefaultListableBeanFactory - Returning cached instance of singleton bean 'mvcContentNegotiationManager'
00:31:20.889 [main] DEBUG o.s.b.f.s.DefaultListableBeanFactory - Eagerly caching bean 'mvcViewResolver' to allow for resolving potential circular references
00:31:20.893 [main] DEBUG o.s.b.f.s.DefaultListableBeanFactory - Invoking afterPropertiesSet() on bean with name 'mvcViewResolver'
00:31:20.893 [main] DEBUG o.s.b.f.s.DefaultListableBeanFactory - Returning cached instance of singleton bean 'metaDataSourceAdvisor'
00:31:20.894 [main] DEBUG o.s.b.f.s.DefaultListableBeanFactory - Finished creating instance of bean 'mvcViewResolver'
00:31:20.894 [main] DEBUG o.s.b.f.s.DefaultListableBeanFactory - Returning cached instance of singleton bean 'org.springframework.security.config.annotation.method.configuration.GlobalMethodSecurityConfiguration'
00:31:20.894 [main] DEBUG o.s.b.f.s.DefaultListableBeanFactory - Returning cached instance of singleton bean 'methodSecurityInterceptor'
00:31:20.895 [main] DEBUG o.s.b.f.s.DefaultListableBeanFactory - Returning cached instance of singleton bean 'methodSecurityMetadataSource'
00:31:20.895 [main] DEBUG o.s.b.f.s.DefaultListableBeanFactory - Creating shared instance of singleton bean 'preInvocationAuthorizationAdvice'
00:31:20.895 [main] DEBUG o.s.b.f.s.DefaultListableBeanFactory - Creating instance of bean 'preInvocationAuthorizationAdvice'
00:31:20.901 [main] DEBUG o.s.b.f.s.DefaultListableBeanFactory - Returning cached instance of singleton bean 'org.springframework.security.config.annotation.method.configuration.GlobalMethodSecurityConfiguration'
00:31:20.901 [main] DEBUG o.s.b.f.s.DefaultListableBeanFactory - Eagerly caching bean 'preInvocationAuthorizationAdvice' to allow for resolving potential circular references
00:31:20.905 [main] DEBUG o.s.b.f.s.DefaultListableBeanFactory - Finished creating instance of bean 'preInvocationAuthorizationAdvice'
00:31:20.905 [main] DEBUG o.s.b.f.s.DefaultListableBeanFactory - Creating shared instance of singleton bean 'viewResolver'
00:31:20.905 [main] DEBUG o.s.b.f.s.DefaultListableBeanFactory - Creating instance of bean 'viewResolver'
00:31:20.906 [main] DEBUG o.s.b.f.s.DefaultListableBeanFactory - Returning cached instance of singleton bean 'webMvcConfiguration'
00:31:20.925 [main] DEBUG o.s.b.f.s.DefaultListableBeanFactory - Creating shared instance of singleton bean 'templateEngine'
00:31:20.926 [main] DEBUG o.s.b.f.s.DefaultListableBeanFactory - Creating instance of bean 'templateEngine'
00:31:20.927 [main] DEBUG o.s.b.f.s.DefaultListableBeanFactory - Returning cached instance of singleton bean 'webMvcConfiguration'
00:31:20.994 [main] DEBUG o.s.b.f.s.DefaultListableBeanFactory - Eagerly caching bean 'templateEngine' to allow for resolving potential circular references
00:31:21.000 [main] DEBUG o.s.b.f.s.DefaultListableBeanFactory - Invoking afterPropertiesSet() on bean with name 'templateEngine'
00:31:21.001 [main] DEBUG o.s.b.f.s.DefaultListableBeanFactory - Returning cached instance of singleton bean 'metaDataSourceAdvisor'
00:31:21.004 [main] DEBUG o.s.b.f.s.DefaultListableBeanFactory - Finished creating instance of bean 'templateEngine'
00:31:21.005 [main] DEBUG o.s.b.f.s.DefaultListableBeanFactory - Eagerly caching bean 'viewResolver' to allow for resolving potential circular references
00:31:21.015 [main] DEBUG o.s.b.f.s.DefaultListableBeanFactory - Returning cached instance of singleton bean 'metaDataSourceAdvisor'
00:31:21.023 [main] DEBUG o.s.b.f.s.DefaultListableBeanFactory - Finished creating instance of bean 'viewResolver'
00:31:21.023 [main] DEBUG o.s.b.f.s.DefaultListableBeanFactory - Returning cached instance of singleton bean 'templateEngine'
00:31:21.024 [main] DEBUG o.s.b.f.s.DefaultListableBeanFactory - Creating shared instance of singleton bean 'domainClassConverter'
00:31:21.024 [main] DEBUG o.s.b.f.s.DefaultListableBeanFactory - Creating instance of bean 'domainClassConverter'
00:31:21.024 [main] DEBUG o.s.b.f.s.DefaultListableBeanFactory - Returning cached instance of singleton bean 'webMvcConfiguration'
00:31:21.029 [main] DEBUG o.s.b.f.s.DefaultListableBeanFactory - Eagerly caching bean 'domainClassConverter' to allow for resolving potential circular references
00:31:21.036 [main] DEBUG o.s.b.f.s.DefaultListableBeanFactory - Returning cached instance of singleton bean 'metaDataSourceAdvisor'
00:31:21.036 [main] DEBUG o.s.b.f.s.DefaultListableBeanFactory - Finished creating instance of bean 'domainClassConverter'
00:31:21.036 [main] DEBUG o.s.b.f.s.DefaultListableBeanFactory - Returning cached instance of singleton bean 'metaDataSourceAdvisor'
00:31:21.037 [main] DEBUG o.s.b.f.s.DefaultListableBeanFactory - Returning cached instance of singleton bean 'org.springframework.aop.config.internalAutoProxyCreator'
00:31:21.037 [main] DEBUG o.s.b.f.s.DefaultListableBeanFactory - Returning cached instance of singleton bean 'org.springframework.context.event.internalEventListenerFactory'
00:31:21.099 [main] DEBUG o.s.b.f.s.DefaultListableBeanFactory - Returning cached instance of singleton bean 'metaDataSourceAdvisor'
00:31:21.100 [main] DEBUG o.s.b.f.s.DefaultListableBeanFactory - Returning cached instance of singleton bean 'org.springframework.security.config.annotation.authentication.configuration.AuthenticationConfiguration'
00:31:21.104 [main] DEBUG o.s.w.c.s.GenericWebApplicationContext - Unable to locate LifecycleProcessor with name 'lifecycleProcessor': using default [org.springframework.context.support.DefaultLifecycleProcessor@7a2b0101]
00:31:21.106 [main] DEBUG o.s.b.f.s.DefaultListableBeanFactory - Returning cached instance of singleton bean 'lifecycleProcessor'
00:31:21.108 [main] DEBUG o.s.b.f.s.DefaultListableBeanFactory - Returning cached instance of singleton bean 'loginAuditingListener'
00:31:21.108 [main] DEBUG o.s.b.f.s.DefaultListableBeanFactory - Returning cached instance of singleton bean 'delegatingApplicationListener'
00:31:21.109 [main] DEBUG o.s.b.f.s.DefaultListableBeanFactory - Returning cached instance of singleton bean 'mvcResourceUrlProvider'
00:31:21.109 [main] DEBUG o.s.w.s.resource.ResourceUrlProvider - Looking for resource handler mappings
00:31:21.109 [main] DEBUG o.s.b.f.s.DefaultListableBeanFactory - Returning cached instance of singleton bean 'viewControllerHandlerMapping'
00:31:21.109 [main] DEBUG o.s.b.f.s.DefaultListableBeanFactory - Returning cached instance of singleton bean 'resourceHandlerMapping'
00:31:21.110 [main] DEBUG o.s.w.s.resource.ResourceUrlProvider - Found resource handler mapping: URL pattern="/resources/**", locations=[class path resource [resources/]], resolvers=[org.springframework.web.servlet.resource.PathResourceResolver@39e347c]
00:31:21.112 [main] DEBUG o.s.c.e.PropertySourcesPropertyResolver - Could not find key 'spring.liveBeansView.mbeanDomain' in any property source
00:31:21.115 [main] DEBUG o.s.t.c.c.DefaultCacheAwareContextLoaderDelegate - Storing ApplicationContext in cache under key [[WebMergedContextConfiguration@1894e40d testClass = APIHospitalTest, locations = '{}', classes = '{class edu.ncsu.csc.itrust2.config.RootConfiguration, class edu.ncsu.csc.itrust2.mvc.config.WebMvcConfiguration}', contextInitializerClasses = '[]', activeProfiles = '{}', propertySourceLocations = '{}', propertySourceProperties = '{}', contextCustomizers = set[[empty]], resourceBasePath = 'src/main/webapp', contextLoader = 'org.springframework.test.context.web.WebDelegatingSmartContextLoader', parent = [null]]]
00:31:21.115 [main] DEBUG o.springframework.test.context.cache - Spring test ApplicationContext cache statistics: [DefaultContextCache@374d09fa size = 1, maxSize = 32, parentContextCount = 0, hitCount = 0, missCount = 1]
00:31:21.116 [main] DEBUG o.s.t.c.w.ServletTestExecutionListener - Setting up MockHttpServletRequest, MockHttpServletResponse, ServletWebRequest, and RequestContextHolder for test context [DefaultTestContext@70c53dbe testClass = APIHospitalTest, testInstance = edu.ncsu.csc.itrust2.apitest.APIHospitalTest@4edea211, testMethod = [null], testException = [null], mergedContextConfiguration = [WebMergedContextConfiguration@1894e40d testClass = APIHospitalTest, locations = '{}', classes = '{class edu.ncsu.csc.itrust2.config.RootConfiguration, class edu.ncsu.csc.itrust2.mvc.config.WebMvcConfiguration}', contextInitializerClasses = '[]', activeProfiles = '{}', propertySourceLocations = '{}', propertySourceProperties = '{}', contextCustomizers = set[[empty]], resourceBasePath = 'src/main/webapp', contextLoader = 'org.springframework.test.context.web.WebDelegatingSmartContextLoader', parent = [null]]].
00:31:21.147 [main] DEBUG o.s.t.c.s.DependencyInjectionTestExecutionListener - Performing dependency injection for test context [[DefaultTestContext@70c53dbe testClass = APIHospitalTest, testInstance = edu.ncsu.csc.itrust2.apitest.APIHospitalTest@4edea211, testMethod = [null], testException = [null], mergedContextConfiguration = [WebMergedContextConfiguration@1894e40d testClass = APIHospitalTest, locations = '{}', classes = '{class edu.ncsu.csc.itrust2.config.RootConfiguration, class edu.ncsu.csc.itrust2.mvc.config.WebMvcConfiguration}', contextInitializerClasses = '[]', activeProfiles = '{}', propertySourceLocations = '{}', propertySourceProperties = '{}', contextCustomizers = set[[empty]], resourceBasePath = 'src/main/webapp', contextLoader = 'org.springframework.test.context.web.WebDelegatingSmartContextLoader', parent = [null]]]].
00:31:21.147 [main] DEBUG o.s.t.c.c.DefaultCacheAwareContextLoaderDelegate - Retrieved ApplicationContext from cache with key [[WebMergedContextConfiguration@1894e40d testClass = APIHospitalTest, locations = '{}', classes = '{class edu.ncsu.csc.itrust2.config.RootConfiguration, class edu.ncsu.csc.itrust2.mvc.config.WebMvcConfiguration}', contextInitializerClasses = '[]', activeProfiles = '{}', propertySourceLocations = '{}', propertySourceProperties = '{}', contextCustomizers = set[[empty]], resourceBasePath = 'src/main/webapp', contextLoader = 'org.springframework.test.context.web.WebDelegatingSmartContextLoader', parent = [null]]]
00:31:21.148 [main] DEBUG o.springframework.test.context.cache - Spring test ApplicationContext cache statistics: [DefaultContextCache@374d09fa size = 1, maxSize = 32, parentContextCount = 0, hitCount = 1, missCount = 1]
00:31:21.150 [main] DEBUG o.s.b.f.annotation.InjectionMetadata - Processing injected element of bean 'edu.ncsu.csc.itrust2.apitest.APIHospitalTest': AutowiredFieldElement for private org.springframework.web.context.WebApplicationContext edu.ncsu.csc.itrust2.apitest.APIHospitalTest.context
00:31:21.151 [main] DEBUG o.s.b.f.a.AutowiredAnnotationBeanPostProcessor - Autowiring by type from bean name 'edu.ncsu.csc.itrust2.apitest.APIHospitalTest' to bean named 'org.springframework.web.context.support.GenericWebApplicationContext@a098d76'
00:31:21.151 [main] DEBUG o.s.b.f.s.DefaultListableBeanFactory - Returning cached instance of singleton bean 'metaDataSourceAdvisor'
00:31:21.158 [main] DEBUG o.s.t.c.s.AbstractDirtiesContextTestExecutionListener - Before test method: context [DefaultTestContext@70c53dbe testClass = APIHospitalTest, testInstance = edu.ncsu.csc.itrust2.apitest.APIHospitalTest@4edea211, testMethod = testGetNonExistentHospital@APIHospitalTest, testException = [null], mergedContextConfiguration = [WebMergedContextConfiguration@1894e40d testClass = APIHospitalTest, locations = '{}', classes = '{class edu.ncsu.csc.itrust2.config.RootConfiguration, class edu.ncsu.csc.itrust2.mvc.config.WebMvcConfiguration}', contextInitializerClasses = '[]', activeProfiles = '{}', propertySourceLocations = '{}', propertySourceProperties = '{}', contextCustomizers = set[[empty]], resourceBasePath = 'src/main/webapp', contextLoader = 'org.springframework.test.context.web.WebDelegatingSmartContextLoader', parent = [null]]], class annotated with @DirtiesContext [false] with mode [null], method annotated with @DirtiesContext [false] with mode [null].
00:31:21.186 [main] DEBUG o.s.t.w.s.TestDispatcherServlet - Initializing servlet ''
00:31:21.188 [main] DEBUG o.s.w.c.s.StandardServletEnvironment - Adding [servletConfigInitParams] PropertySource with lowest search precedence
00:31:21.188 [main] DEBUG o.s.w.c.s.StandardServletEnvironment - Adding [servletContextInitParams] PropertySource with lowest search precedence
00:31:21.189 [main] DEBUG o.s.w.c.s.StandardServletEnvironment - Adding [systemProperties] PropertySource with lowest search precedence
00:31:21.189 [main] DEBUG o.s.w.c.s.StandardServletEnvironment - Adding [systemEnvironment] PropertySource with lowest search precedence
00:31:21.190 [main] DEBUG o.s.w.c.s.StandardServletEnvironment - Initialized StandardServletEnvironment with PropertySources [servletConfigInitParams,servletContextInitParams,systemProperties,systemEnvironment]
00:31:21.190 [main] INFO  o.s.mock.web.MockServletContext - Initializing Spring FrameworkServlet ''
00:31:21.190 [main] INFO  o.s.t.w.s.TestDispatcherServlet - FrameworkServlet '': initialization started
00:31:21.191 [main] DEBUG o.s.t.w.s.TestDispatcherServlet - Unable to locate MultipartResolver with name 'multipartResolver': no multipart request handling provided
00:31:21.193 [main] DEBUG o.s.b.f.s.DefaultListableBeanFactory - Creating instance of bean 'org.springframework.web.servlet.i18n.AcceptHeaderLocaleResolver'
00:31:21.195 [main] DEBUG o.s.b.f.s.DefaultListableBeanFactory - Returning cached instance of singleton bean 'metaDataSourceAdvisor'
00:31:21.196 [main] DEBUG o.s.b.f.s.DefaultListableBeanFactory - Finished creating instance of bean 'org.springframework.web.servlet.i18n.AcceptHeaderLocaleResolver'
00:31:21.196 [main] DEBUG o.s.t.w.s.TestDispatcherServlet - Unable to locate LocaleResolver with name 'localeResolver': using default [org.springframework.web.servlet.i18n.AcceptHeaderLocaleResolver@5a025435]
00:31:21.197 [main] DEBUG o.s.b.f.s.DefaultListableBeanFactory - Creating instance of bean 'org.springframework.web.servlet.theme.FixedThemeResolver'
00:31:21.201 [main] DEBUG o.s.b.f.s.DefaultListableBeanFactory - Returning cached instance of singleton bean 'metaDataSourceAdvisor'
00:31:21.201 [main] DEBUG o.s.b.f.s.DefaultListableBeanFactory - Finished creating instance of bean 'org.springframework.web.servlet.theme.FixedThemeResolver'
00:31:21.201 [main] DEBUG o.s.t.w.s.TestDispatcherServlet - Unable to locate ThemeResolver with name 'themeResolver': using default [org.springframework.web.servlet.theme.FixedThemeResolver@761bac58]
00:31:21.202 [main] DEBUG o.s.b.f.s.DefaultListableBeanFactory - Returning cached instance of singleton bean 'requestMappingHandlerMapping'
00:31:21.202 [main] DEBUG o.s.b.f.s.DefaultListableBeanFactory - Returning cached instance of singleton bean 'viewControllerHandlerMapping'
00:31:21.202 [main] DEBUG o.s.b.f.s.DefaultListableBeanFactory - Returning cached instance of singleton bean 'beanNameHandlerMapping'
00:31:21.202 [main] DEBUG o.s.b.f.s.DefaultListableBeanFactory - Returning cached instance of singleton bean 'resourceHandlerMapping'
00:31:21.203 [main] DEBUG o.s.b.f.s.DefaultListableBeanFactory - Returning cached instance of singleton bean 'defaultServletHandlerMapping'
00:31:21.203 [main] DEBUG o.s.b.f.s.DefaultListableBeanFactory - Returning cached instance of singleton bean 'requestMappingHandlerAdapter'
00:31:21.203 [main] DEBUG o.s.b.f.s.DefaultListableBeanFactory - Returning cached instance of singleton bean 'httpRequestHandlerAdapter'
00:31:21.203 [main] DEBUG o.s.b.f.s.DefaultListableBeanFactory - Returning cached instance of singleton bean 'simpleControllerHandlerAdapter'
00:31:21.204 [main] DEBUG o.s.b.f.s.DefaultListableBeanFactory - Returning cached instance of singleton bean 'handlerExceptionResolver'
00:31:21.205 [main] DEBUG o.s.b.f.s.DefaultListableBeanFactory - Creating instance of bean 'org.springframework.web.servlet.view.DefaultRequestToViewNameTranslator'
00:31:21.208 [main] DEBUG o.s.b.f.s.DefaultListableBeanFactory - Returning cached instance of singleton bean 'metaDataSourceAdvisor'
00:31:21.209 [main] DEBUG o.s.b.f.s.DefaultListableBeanFactory - Finished creating instance of bean 'org.springframework.web.servlet.view.DefaultRequestToViewNameTranslator'
00:31:21.209 [main] DEBUG o.s.t.w.s.TestDispatcherServlet - Unable to locate RequestToViewNameTranslator with name 'viewNameTranslator': using default [org.springframework.web.servlet.view.DefaultRequestToViewNameTranslator@37248b2c]
00:31:21.210 [main] DEBUG o.s.b.f.s.DefaultListableBeanFactory - Returning cached instance of singleton bean 'mvcViewResolver'
00:31:21.210 [main] DEBUG o.s.b.f.s.DefaultListableBeanFactory - Returning cached instance of singleton bean 'viewResolver'
00:31:21.212 [main] DEBUG o.s.b.f.s.DefaultListableBeanFactory - Creating instance of bean 'org.springframework.web.servlet.support.SessionFlashMapManager'
00:31:21.217 [main] DEBUG o.s.b.f.s.DefaultListableBeanFactory - Returning cached instance of singleton bean 'metaDataSourceAdvisor'
00:31:21.218 [main] DEBUG o.s.b.f.s.DefaultListableBeanFactory - Finished creating instance of bean 'org.springframework.web.servlet.support.SessionFlashMapManager'
00:31:21.218 [main] DEBUG o.s.t.w.s.TestDispatcherServlet - Unable to locate FlashMapManager with name 'flashMapManager': using default [org.springframework.web.servlet.support.SessionFlashMapManager@5b81d35c]
00:31:21.218 [main] DEBUG o.s.t.w.s.TestDispatcherServlet - Published WebApplicationContext of servlet '' as ServletContext attribute with name [org.springframework.web.servlet.FrameworkServlet.CONTEXT.]
00:31:21.218 [main] INFO  o.s.t.w.s.TestDispatcherServlet - FrameworkServlet '': initialization completed in 28 ms
00:31:21.219 [main] DEBUG o.s.t.w.s.TestDispatcherServlet - Servlet '' configured successfully
00:31:21.258 [main] DEBUG o.s.t.w.s.TestDispatcherServlet - DispatcherServlet with name '' processing GET request for [/api/v1/hospitals/-1]
00:31:21.265 [main] DEBUG o.s.w.s.m.m.a.RequestMappingHandlerMapping - Looking up handler method for path /api/v1/hospitals/-1
00:31:21.285 [main] DEBUG o.s.w.s.m.m.a.RequestMappingHandlerMapping - Returning handler method [public org.springframework.http.ResponseEntity edu.ncsu.csc.itrust2.controllers.api.APIHospitalController.getHospital(java.lang.String)]
00:31:21.286 [main] DEBUG o.s.b.f.s.DefaultListableBeanFactory - Returning cached instance of singleton bean 'APIHospitalController'
00:31:21.287 [main] DEBUG o.s.t.w.s.TestDispatcherServlet - Last-Modified value for [/api/v1/hospitals/-1] is: -1
00:31:21.376 [main] DEBUG o.h.i.internal.IntegratorServiceImpl - Adding Integrator [org.hibernate.cfg.beanvalidation.BeanValidationIntegrator].
00:31:21.380 [main] DEBUG o.h.i.internal.IntegratorServiceImpl - Adding Integrator [org.hibernate.secure.spi.JaccIntegrator].
00:31:21.383 [main] DEBUG o.h.i.internal.IntegratorServiceImpl - Adding Integrator [org.hibernate.cache.internal.CollectionCacheInvalidator].
00:31:21.543 [main] INFO  org.hibernate.Version - HHH000412: Hibernate Core {5.0.11.Final}
00:31:21.547 [main] INFO  org.hibernate.cfg.Environment - HHH000205: Loaded properties from resource hibernate.properties: {hibernate.connection.username=root, hibernate.connection.password=****, hibernate.connection.url=jdbc:mysql://localhost:3306/iTrust2?createDatabaseIfNotExist=true, hibernate.bytecode.use_reflection_optimizer=false}
00:31:21.549 [main] INFO  org.hibernate.cfg.Environment - HHH000021: Bytecode provider name : javassist
00:31:21.607 [main] DEBUG o.h.b.j.i.s.LocalXmlResourceResolver - Interpreting public/system identifier : [null] - [http://www.hibernate.org/dtd/hibernate-configuration-3.0.dtd]
00:31:21.607 [main] DEBUG o.h.b.j.i.s.LocalXmlResourceResolver - Recognized hibernate-configuration identifier; attempting to resolve on classpath under org/hibernate/
00:31:21.617 [main] DEBUG o.h.b.c.internal.JaxbCfgProcessor - cfg.xml document did not define namespaces; wrapping in custom event reader to introduce namespace information
00:31:22.246 [main] DEBUG org.hibernate.cfg.Configuration - Building session factory using internal StandardServiceRegistryBuilder
00:31:22.263 [main] DEBUG o.h.service.spi.ServiceBinding - Overriding existing service binding [org.hibernate.secure.spi.JaccService]
00:31:22.263 [main] DEBUG org.hibernate.cfg.Configuration - Building session factory using provided StandardServiceRegistry
00:31:22.289 [main] DEBUG o.h.c.i.RegionFactoryInitiator - Cache region factory : org.hibernate.cache.internal.NoCachingRegionFactory
00:31:22.303 [main] INFO  o.h.annotations.common.Version - HCANN000001: Hibernate Commons Annotations {5.0.1.Final}
00:31:22.442 [main] DEBUG org.hibernate.type.BasicTypeRegistry - Adding type registration boolean -> org.hibernate.type.BooleanType@75783d19
00:31:22.442 [main] DEBUG org.hibernate.type.BasicTypeRegistry - Adding type registration boolean -> org.hibernate.type.BooleanType@75783d19
00:31:22.442 [main] DEBUG org.hibernate.type.BasicTypeRegistry - Adding type registration java.lang.Boolean -> org.hibernate.type.BooleanType@75783d19
00:31:22.444 [main] DEBUG org.hibernate.type.BasicTypeRegistry - Adding type registration numeric_boolean -> org.hibernate.type.NumericBooleanType@19a51054
00:31:22.446 [main] DEBUG org.hibernate.type.BasicTypeRegistry - Adding type registration true_false -> org.hibernate.type.TrueFalseType@6206f12d
00:31:22.447 [main] DEBUG org.hibernate.type.BasicTypeRegistry - Adding type registration yes_no -> org.hibernate.type.YesNoType@6e3a8d16
00:31:22.449 [main] DEBUG org.hibernate.type.BasicTypeRegistry - Adding type registration byte -> org.hibernate.type.ByteType@58d4ee83
00:31:22.449 [main] DEBUG org.hibernate.type.BasicTypeRegistry - Adding type registration byte -> org.hibernate.type.ByteType@58d4ee83
00:31:22.449 [main] DEBUG org.hibernate.type.BasicTypeRegistry - Adding type registration java.lang.Byte -> org.hibernate.type.ByteType@58d4ee83
00:31:22.451 [main] DEBUG org.hibernate.type.BasicTypeRegistry - Adding type registration character -> org.hibernate.type.CharacterType@78c7e153
00:31:22.451 [main] DEBUG org.hibernate.type.BasicTypeRegistry - Adding type registration char -> org.hibernate.type.CharacterType@78c7e153
00:31:22.451 [main] DEBUG org.hibernate.type.BasicTypeRegistry - Adding type registration java.lang.Character -> org.hibernate.type.CharacterType@78c7e153
00:31:22.454 [main] DEBUG org.hibernate.type.BasicTypeRegistry - Adding type registration short -> org.hibernate.type.ShortType@243e33a5
00:31:22.454 [main] DEBUG org.hibernate.type.BasicTypeRegistry - Adding type registration short -> org.hibernate.type.ShortType@243e33a5
00:31:22.454 [main] DEBUG org.hibernate.type.BasicTypeRegistry - Adding type registration java.lang.Short -> org.hibernate.type.ShortType@243e33a5
00:31:22.456 [main] DEBUG org.hibernate.type.BasicTypeRegistry - Adding type registration integer -> org.hibernate.type.IntegerType@63c7beef
00:31:22.456 [main] DEBUG org.hibernate.type.BasicTypeRegistry - Adding type registration int -> org.hibernate.type.IntegerType@63c7beef
00:31:22.456 [main] DEBUG org.hibernate.type.BasicTypeRegistry - Adding type registration java.lang.Integer -> org.hibernate.type.IntegerType@63c7beef
00:31:22.459 [main] DEBUG org.hibernate.type.BasicTypeRegistry - Adding type registration long -> org.hibernate.type.LongType@12f1cdab
00:31:22.459 [main] DEBUG org.hibernate.type.BasicTypeRegistry - Adding type registration long -> org.hibernate.type.LongType@12f1cdab
00:31:22.459 [main] DEBUG org.hibernate.type.BasicTypeRegistry - Adding type registration java.lang.Long -> org.hibernate.type.LongType@12f1cdab
00:31:22.462 [main] DEBUG org.hibernate.type.BasicTypeRegistry - Adding type registration float -> org.hibernate.type.FloatType@2a2fda9e
00:31:22.463 [main] DEBUG org.hibernate.type.BasicTypeRegistry - Adding type registration float -> org.hibernate.type.FloatType@2a2fda9e
00:31:22.463 [main] DEBUG org.hibernate.type.BasicTypeRegistry - Adding type registration java.lang.Float -> org.hibernate.type.FloatType@2a2fda9e
00:31:22.465 [main] DEBUG org.hibernate.type.BasicTypeRegistry - Adding type registration double -> org.hibernate.type.DoubleType@38bb4d4f
00:31:22.466 [main] DEBUG org.hibernate.type.BasicTypeRegistry - Adding type registration double -> org.hibernate.type.DoubleType@38bb4d4f
00:31:22.466 [main] DEBUG org.hibernate.type.BasicTypeRegistry - Adding type registration java.lang.Double -> org.hibernate.type.DoubleType@38bb4d4f
00:31:22.469 [main] DEBUG org.hibernate.type.BasicTypeRegistry - Adding type registration big_decimal -> org.hibernate.type.BigDecimalType@72d59de4
00:31:22.470 [main] DEBUG org.hibernate.type.BasicTypeRegistry - Adding type registration java.math.BigDecimal -> org.hibernate.type.BigDecimalType@72d59de4
00:31:22.472 [main] DEBUG org.hibernate.type.BasicTypeRegistry - Adding type registration big_integer -> org.hibernate.type.BigIntegerType@743a337
00:31:22.472 [main] DEBUG org.hibernate.type.BasicTypeRegistry - Adding type registration java.math.BigInteger -> org.hibernate.type.BigIntegerType@743a337
00:31:22.474 [main] DEBUG org.hibernate.type.BasicTypeRegistry - Adding type registration string -> org.hibernate.type.StringType@504b0a70
00:31:22.474 [main] DEBUG org.hibernate.type.BasicTypeRegistry - Adding type registration java.lang.String -> org.hibernate.type.StringType@504b0a70
00:31:22.475 [main] DEBUG org.hibernate.type.BasicTypeRegistry - Adding type registration nstring -> org.hibernate.type.StringNVarcharType@499c2c14
00:31:22.477 [main] DEBUG org.hibernate.type.BasicTypeRegistry - Adding type registration ncharacter -> org.hibernate.type.CharacterNCharType@1b946e7e
00:31:22.478 [main] DEBUG org.hibernate.type.BasicTypeRegistry - Adding type registration url -> org.hibernate.type.UrlType@36cd4ca8
00:31:22.478 [main] DEBUG org.hibernate.type.BasicTypeRegistry - Adding type registration java.net.URL -> org.hibernate.type.UrlType@36cd4ca8
00:31:22.482 [main] DEBUG org.hibernate.type.BasicTypeRegistry - Adding type registration date -> org.hibernate.type.DateType@26007a02
00:31:22.482 [main] DEBUG org.hibernate.type.BasicTypeRegistry - Adding type registration java.sql.Date -> org.hibernate.type.DateType@26007a02
00:31:22.484 [main] DEBUG org.hibernate.type.BasicTypeRegistry - Adding type registration time -> org.hibernate.type.TimeType@671f1e0a
00:31:22.485 [main] DEBUG org.hibernate.type.BasicTypeRegistry - Adding type registration java.sql.Time -> org.hibernate.type.TimeType@671f1e0a
00:31:22.487 [main] DEBUG org.hibernate.type.BasicTypeRegistry - Adding type registration timestamp -> org.hibernate.type.TimestampType@6b3dfa78
00:31:22.487 [main] DEBUG org.hibernate.type.BasicTypeRegistry - Adding type registration java.sql.Timestamp -> org.hibernate.type.TimestampType@6b3dfa78
00:31:22.488 [main] DEBUG org.hibernate.type.BasicTypeRegistry - Adding type registration java.util.Date -> org.hibernate.type.TimestampType@6b3dfa78
00:31:22.490 [main] DEBUG org.hibernate.type.BasicTypeRegistry - Adding type registration dbtimestamp -> org.hibernate.type.DbTimestampType@2a19b64d
00:31:22.492 [main] DEBUG org.hibernate.type.BasicTypeRegistry - Adding type registration calendar -> org.hibernate.type.CalendarType@26cba24d
00:31:22.492 [main] DEBUG org.hibernate.type.BasicTypeRegistry - Adding type registration java.util.Calendar -> org.hibernate.type.CalendarType@26cba24d
00:31:22.492 [main] DEBUG org.hibernate.type.BasicTypeRegistry - Adding type registration java.util.GregorianCalendar -> org.hibernate.type.CalendarType@26cba24d
00:31:22.493 [main] DEBUG org.hibernate.type.BasicTypeRegistry - Adding type registration calendar_date -> org.hibernate.type.CalendarDateType@36c234f8
00:31:22.495 [main] DEBUG org.hibernate.type.BasicTypeRegistry - Adding type registration locale -> org.hibernate.type.LocaleType@6330474a
00:31:22.495 [main] DEBUG org.hibernate.type.BasicTypeRegistry - Adding type registration java.util.Locale -> org.hibernate.type.LocaleType@6330474a
00:31:22.497 [main] DEBUG org.hibernate.type.BasicTypeRegistry - Adding type registration currency -> org.hibernate.type.CurrencyType@2c79d050
00:31:22.497 [main] DEBUG org.hibernate.type.BasicTypeRegistry - Adding type registration java.util.Currency -> org.hibernate.type.CurrencyType@2c79d050
00:31:22.498 [main] DEBUG org.hibernate.type.BasicTypeRegistry - Adding type registration timezone -> org.hibernate.type.TimeZoneType@5707d11f
00:31:22.499 [main] DEBUG org.hibernate.type.BasicTypeRegistry - Adding type registration java.util.TimeZone -> org.hibernate.type.TimeZoneType@5707d11f
00:31:22.500 [main] DEBUG org.hibernate.type.BasicTypeRegistry - Adding type registration class -> org.hibernate.type.ClassType@78f51ba1
00:31:22.500 [main] DEBUG org.hibernate.type.BasicTypeRegistry - Adding type registration java.lang.Class -> org.hibernate.type.ClassType@78f51ba1
00:31:22.503 [main] DEBUG org.hibernate.type.BasicTypeRegistry - Adding type registration uuid-binary -> org.hibernate.type.UUIDBinaryType@36c64bd8
00:31:22.503 [main] DEBUG org.hibernate.type.BasicTypeRegistry - Adding type registration java.util.UUID -> org.hibernate.type.UUIDBinaryType@36c64bd8
00:31:22.504 [main] DEBUG org.hibernate.type.BasicTypeRegistry - Adding type registration uuid-char -> org.hibernate.type.UUIDCharType@6e80c161
00:31:22.506 [main] DEBUG org.hibernate.type.BasicTypeRegistry - Adding type registration binary -> org.hibernate.type.BinaryType@7e8a249
00:31:22.507 [main] DEBUG org.hibernate.type.BasicTypeRegistry - Adding type registration byte[] -> org.hibernate.type.BinaryType@7e8a249
00:31:22.507 [main] DEBUG org.hibernate.type.BasicTypeRegistry - Adding type registration [B -> org.hibernate.type.BinaryType@7e8a249
00:31:22.509 [main] DEBUG org.hibernate.type.BasicTypeRegistry - Adding type registration wrapper-binary -> org.hibernate.type.WrapperBinaryType@76e6e88b
00:31:22.509 [main] DEBUG org.hibernate.type.BasicTypeRegistry - Adding type registration Byte[] -> org.hibernate.type.WrapperBinaryType@76e6e88b
00:31:22.509 [main] DEBUG org.hibernate.type.BasicTypeRegistry - Adding type registration [Ljava.lang.Byte; -> org.hibernate.type.WrapperBinaryType@76e6e88b
00:31:22.512 [main] DEBUG org.hibernate.type.BasicTypeRegistry - Adding type registration row_version -> org.hibernate.type.RowVersionType@23b31c6c
00:31:22.513 [main] DEBUG org.hibernate.type.BasicTypeRegistry - Adding type registration image -> org.hibernate.type.ImageType@6d526684
00:31:22.515 [main] DEBUG org.hibernate.type.BasicTypeRegistry - Adding type registration characters -> org.hibernate.type.CharArrayType@100dccd6
00:31:22.515 [main] DEBUG org.hibernate.type.BasicTypeRegistry - Adding type registration char[] -> org.hibernate.type.CharArrayType@100dccd6
00:31:22.515 [main] DEBUG org.hibernate.type.BasicTypeRegistry - Adding type registration [C -> org.hibernate.type.CharArrayType@100dccd6
00:31:22.517 [main] DEBUG org.hibernate.type.BasicTypeRegistry - Adding type registration wrapper-characters -> org.hibernate.type.CharacterArrayType@32850adc
00:31:22.518 [main] DEBUG org.hibernate.type.BasicTypeRegistry - Adding type registration [Ljava.lang.Character; -> org.hibernate.type.CharacterArrayType@32850adc
00:31:22.518 [main] DEBUG org.hibernate.type.BasicTypeRegistry - Adding type registration Character[] -> org.hibernate.type.CharacterArrayType@32850adc
00:31:22.519 [main] DEBUG org.hibernate.type.BasicTypeRegistry - Adding type registration text -> org.hibernate.type.TextType@67d1a3af
00:31:22.520 [main] DEBUG org.hibernate.type.BasicTypeRegistry - Adding type registration ntext -> org.hibernate.type.NTextType@16535150
00:31:22.529 [main] DEBUG org.hibernate.type.BasicTypeRegistry - Adding type registration blob -> org.hibernate.type.BlobType@5b47e4da
00:31:22.529 [main] DEBUG org.hibernate.type.BasicTypeRegistry - Adding type registration java.sql.Blob -> org.hibernate.type.BlobType@5b47e4da
00:31:22.530 [main] DEBUG org.hibernate.type.BasicTypeRegistry - Adding type registration materialized_blob -> org.hibernate.type.MaterializedBlobType@7c3806a2
00:31:22.537 [main] DEBUG org.hibernate.type.BasicTypeRegistry - Adding type registration clob -> org.hibernate.type.ClobType@777bc5c0
00:31:22.537 [main] DEBUG org.hibernate.type.BasicTypeRegistry - Adding type registration java.sql.Clob -> org.hibernate.type.ClobType@777bc5c0
00:31:22.545 [main] DEBUG org.hibernate.type.BasicTypeRegistry - Adding type registration nclob -> org.hibernate.type.NClobType@7be4f55
00:31:22.547 [main] DEBUG org.hibernate.type.BasicTypeRegistry - Adding type registration java.sql.NClob -> org.hibernate.type.NClobType@7be4f55
00:31:22.548 [main] DEBUG org.hibernate.type.BasicTypeRegistry - Adding type registration materialized_clob -> org.hibernate.type.MaterializedClobType@500bae0b
00:31:22.548 [main] DEBUG org.hibernate.type.BasicTypeRegistry - Adding type registration materialized_nclob -> org.hibernate.type.MaterializedNClobType@5d75b88f
00:31:22.550 [main] DEBUG org.hibernate.type.BasicTypeRegistry - Adding type registration serializable -> org.hibernate.type.SerializableType@2c984bb6
00:31:22.556 [main] DEBUG org.hibernate.type.BasicTypeRegistry - Adding type registration object -> org.hibernate.type.ObjectType@58114bf0
00:31:22.557 [main] DEBUG org.hibernate.type.BasicTypeRegistry - Adding type registration java.lang.Object -> org.hibernate.type.ObjectType@58114bf0
00:31:22.557 [main] DEBUG org.hibernate.type.BasicTypeRegistry - Adding type registration imm_date -> org.hibernate.type.AdaptedImmutableType@6664d5e9
00:31:22.557 [main] DEBUG org.hibernate.type.BasicTypeRegistry - Adding type registration imm_time -> org.hibernate.type.AdaptedImmutableType@355583e4
00:31:22.558 [main] DEBUG org.hibernate.type.BasicTypeRegistry - Adding type registration imm_timestamp -> org.hibernate.type.AdaptedImmutableType@4fee97bd
00:31:22.558 [main] DEBUG org.hibernate.type.BasicTypeRegistry - Adding type registration imm_dbtimestamp -> org.hibernate.type.AdaptedImmutableType@3952fa33
00:31:22.558 [main] DEBUG org.hibernate.type.BasicTypeRegistry - Adding type registration imm_calendar -> org.hibernate.type.AdaptedImmutableType@7959ab6d
00:31:22.558 [main] DEBUG org.hibernate.type.BasicTypeRegistry - Adding type registration imm_calendar_date -> org.hibernate.type.AdaptedImmutableType@600a5d01
00:31:22.558 [main] DEBUG org.hibernate.type.BasicTypeRegistry - Adding type registration imm_binary -> org.hibernate.type.AdaptedImmutableType@5be26dc2
00:31:22.558 [main] DEBUG org.hibernate.type.BasicTypeRegistry - Adding type registration imm_serializable -> org.hibernate.type.AdaptedImmutableType@75cf87ef
00:31:22.575 [main] WARN  org.hibernate.orm.connections - HHH10001002: Using Hibernate built-in connection pool (not for production use!)
00:31:22.577 [main] INFO  org.hibernate.orm.connections - HHH10001005: using driver [com.mysql.jdbc.Driver] at URL [jdbc:mysql://localhost:3306/iTrust2?createDatabaseIfNotExist=true]
00:31:22.577 [main] INFO  org.hibernate.orm.connections - HHH10001001: Connection properties: {user=root, password=root}
00:31:22.577 [main] INFO  org.hibernate.orm.connections - HHH10001003: Autocommit mode: false
00:31:22.582 [main] DEBUG o.h.e.j.c.i.DriverManagerConnectionProviderImpl - Initializing Connection pool with 1 Connections
00:31:22.583 [main] INFO  o.h.e.j.c.i.DriverManagerConnectionProviderImpl - HHH000115: Hibernate connection pool size: 100 (min=1)
00:31:23.050 [main] DEBUG o.h.e.j.e.i.JdbcEnvironmentInitiator - Database ->
       name : MySQL
    version : 5.5.59-0ubuntu0.14.04.1
      major : 5
      minor : 5
00:31:23.051 [main] DEBUG o.h.e.j.e.i.JdbcEnvironmentInitiator - Driver ->
       name : MySQL Connector Java
    version : mysql-connector-java-5.1.40 ( Revision: 402933ef52cad9aa82624e80acbea46e3a701ce6 )
      major : 5
      minor : 1
00:31:23.051 [main] DEBUG o.h.e.j.e.i.JdbcEnvironmentInitiator - JDBC version : 4.0
00:31:23.075 [main] INFO  org.hibernate.dialect.Dialect - HHH000400: Using dialect: org.hibernate.dialect.MySQLDialect
00:31:23.149 [main] DEBUG o.h.e.j.e.s.IdentifierHelperBuilder - JDBC driver metadata reported database stores quoted identifiers in more than one case
00:31:23.154 [main] DEBUG o.h.e.j.e.s.IdentifierHelperBuilder - IdentifierCaseStrategy for both quoted and unquoted identifiers was set to the same strategy [MIXED]; that will likely lead to problems in schema update and validation if using quoted identifiers
00:31:23.224 [main] DEBUG o.h.i.f.i.DefaultIdentifierGeneratorFactory - Registering IdentifierGenerator strategy [uuid2] -> [org.hibernate.id.UUIDGenerator]
00:31:23.225 [main] DEBUG o.h.i.f.i.DefaultIdentifierGeneratorFactory - Registering IdentifierGenerator strategy [guid] -> [org.hibernate.id.GUIDGenerator]
00:31:23.226 [main] DEBUG o.h.i.f.i.DefaultIdentifierGeneratorFactory - Registering IdentifierGenerator strategy [uuid] -> [org.hibernate.id.UUIDHexGenerator]
00:31:23.226 [main] DEBUG o.h.i.f.i.DefaultIdentifierGeneratorFactory - Registering IdentifierGenerator strategy [uuid.hex] -> [org.hibernate.id.UUIDHexGenerator]
00:31:23.227 [main] DEBUG o.h.i.f.i.DefaultIdentifierGeneratorFactory - Registering IdentifierGenerator strategy [assigned] -> [org.hibernate.id.Assigned]
00:31:23.228 [main] DEBUG o.h.i.f.i.DefaultIdentifierGeneratorFactory - Registering IdentifierGenerator strategy [identity] -> [org.hibernate.id.IdentityGenerator]
00:31:23.229 [main] DEBUG o.h.i.f.i.DefaultIdentifierGeneratorFactory - Registering IdentifierGenerator strategy [select] -> [org.hibernate.id.SelectGenerator]
00:31:23.231 [main] DEBUG o.h.i.f.i.DefaultIdentifierGeneratorFactory - Registering IdentifierGenerator strategy [sequence] -> [org.hibernate.id.enhanced.SequenceStyleGenerator]
00:31:23.232 [main] DEBUG o.h.i.f.i.DefaultIdentifierGeneratorFactory - Registering IdentifierGenerator strategy [seqhilo] -> [org.hibernate.id.SequenceHiLoGenerator]
00:31:23.233 [main] DEBUG o.h.i.f.i.DefaultIdentifierGeneratorFactory - Registering IdentifierGenerator strategy [increment] -> [org.hibernate.id.IncrementGenerator]
00:31:23.234 [main] DEBUG o.h.i.f.i.DefaultIdentifierGeneratorFactory - Registering IdentifierGenerator strategy [foreign] -> [org.hibernate.id.ForeignGenerator]
00:31:23.235 [main] DEBUG o.h.i.f.i.DefaultIdentifierGeneratorFactory - Registering IdentifierGenerator strategy [sequence-identity] -> [org.hibernate.id.SequenceIdentityGenerator]
00:31:23.235 [main] DEBUG o.h.i.f.i.DefaultIdentifierGeneratorFactory - Registering IdentifierGenerator strategy [enhanced-sequence] -> [org.hibernate.id.enhanced.SequenceStyleGenerator]
00:31:23.237 [main] DEBUG o.h.i.f.i.DefaultIdentifierGeneratorFactory - Registering IdentifierGenerator strategy [enhanced-table] -> [org.hibernate.id.enhanced.TableGenerator]
00:31:23.301 [main] DEBUG o.h.boot.model.relational.Namespace - Created database namespace [logicalName=Name{catalog=null, schema=null}, physicalName=Name{catalog=null, schema=null}]
00:31:23.378 [main] DEBUG org.hibernate.cfg.AnnotationBinder - Binding entity from annotated class: edu.ncsu.csc.itrust2.models.persistent.LogEntry
00:31:23.423 [main] DEBUG org.hibernate.cfg.Ejb3Column - Binding column: Ejb3DiscriminatorColumn{logicalColumnName'DTYPE', discriminatorTypeName='string'}
00:31:23.434 [main] DEBUG o.h.cfg.annotations.EntityBinder - Import with entity name LogEntry
00:31:23.439 [main] DEBUG o.h.cfg.annotations.EntityBinder - Bind entity edu.ncsu.csc.itrust2.models.persistent.LogEntry on table LogEntries
00:31:23.485 [main] DEBUG org.hibernate.cfg.Ejb3Column - Binding column: Ejb3Column{table=org.hibernate.mapping.Table(LogEntries), mappingColumn=id, insertable=true, updatable=true, unique=false}
00:31:23.490 [main] DEBUG o.h.cfg.annotations.PropertyBinder - MetadataSourceProcessor property id with lazy=false
00:31:23.493 [main] DEBUG o.h.cfg.AbstractPropertyHolder - Attempting to locate auto-apply AttributeConverter for property [edu.ncsu.csc.itrust2.models.persistent.LogEntry:id]
00:31:23.495 [main] DEBUG o.h.c.annotations.SimpleValueBinder - building SimpleValue for id
00:31:23.498 [main] DEBUG o.h.cfg.annotations.PropertyBinder - Building property id
00:31:23.503 [main] DEBUG org.hibernate.cfg.Ejb3Column - Binding column: Ejb3Column{table=org.hibernate.mapping.Table(LogEntries), mappingColumn=logCode, insertable=true, updatable=true, unique=false}
00:31:23.504 [main] DEBUG o.h.cfg.annotations.PropertyBinder - MetadataSourceProcessor property logCode with lazy=false
00:31:23.504 [main] DEBUG o.h.cfg.AbstractPropertyHolder - Attempting to locate auto-apply AttributeConverter for property [edu.ncsu.csc.itrust2.models.persistent.LogEntry:logCode]
00:31:23.507 [main] DEBUG o.h.c.annotations.SimpleValueBinder - building SimpleValue for logCode
00:31:23.507 [main] DEBUG o.h.cfg.annotations.PropertyBinder - Building property logCode
00:31:23.509 [main] DEBUG org.hibernate.cfg.Ejb3Column - Binding column: Ejb3Column{table=org.hibernate.mapping.Table(LogEntries), mappingColumn=message, insertable=true, updatable=true, unique=false}
00:31:23.509 [main] DEBUG o.h.cfg.annotations.PropertyBinder - MetadataSourceProcessor property message with lazy=false
00:31:23.509 [main] DEBUG o.h.cfg.AbstractPropertyHolder - Attempting to locate auto-apply AttributeConverter for property [edu.ncsu.csc.itrust2.models.persistent.LogEntry:message]
00:31:23.509 [main] DEBUG o.h.c.annotations.SimpleValueBinder - building SimpleValue for message
00:31:23.510 [main] DEBUG o.h.cfg.annotations.PropertyBinder - Building property message
00:31:23.510 [main] DEBUG org.hibernate.cfg.Ejb3Column - Binding column: Ejb3Column{table=org.hibernate.mapping.Table(LogEntries), mappingColumn=primaryUser, insertable=true, updatable=true, unique=false}
00:31:23.510 [main] DEBUG o.h.cfg.annotations.PropertyBinder - MetadataSourceProcessor property primaryUser with lazy=false
00:31:23.510 [main] DEBUG o.h.cfg.AbstractPropertyHolder - Attempting to locate auto-apply AttributeConverter for property [edu.ncsu.csc.itrust2.models.persistent.LogEntry:primaryUser]
00:31:23.511 [main] DEBUG o.h.c.annotations.SimpleValueBinder - building SimpleValue for primaryUser
00:31:23.511 [main] DEBUG o.h.cfg.annotations.PropertyBinder - Building property primaryUser
00:31:23.511 [main] DEBUG org.hibernate.cfg.Ejb3Column - Binding column: Ejb3Column{table=org.hibernate.mapping.Table(LogEntries), mappingColumn=secondaryUser, insertable=true, updatable=true, unique=false}
00:31:23.512 [main] DEBUG o.h.cfg.annotations.PropertyBinder - MetadataSourceProcessor property secondaryUser with lazy=false
00:31:23.512 [main] DEBUG o.h.cfg.AbstractPropertyHolder - Attempting to locate auto-apply AttributeConverter for property [edu.ncsu.csc.itrust2.models.persistent.LogEntry:secondaryUser]
00:31:23.512 [main] DEBUG o.h.c.annotations.SimpleValueBinder - building SimpleValue for secondaryUser
00:31:23.512 [main] DEBUG o.h.cfg.annotations.PropertyBinder - Building property secondaryUser
00:31:23.513 [main] DEBUG org.hibernate.cfg.Ejb3Column - Binding column: Ejb3Column{table=org.hibernate.mapping.Table(LogEntries), mappingColumn=time, insertable=true, updatable=true, unique=false}
00:31:23.513 [main] DEBUG o.h.cfg.annotations.PropertyBinder - MetadataSourceProcessor property time with lazy=false
00:31:23.513 [main] DEBUG o.h.cfg.AbstractPropertyHolder - Attempting to locate auto-apply AttributeConverter for property [edu.ncsu.csc.itrust2.models.persistent.LogEntry:time]
00:31:23.513 [main] DEBUG o.h.c.annotations.SimpleValueBinder - building SimpleValue for time
00:31:23.514 [main] DEBUG o.h.cfg.annotations.PropertyBinder - Building property time
00:31:23.515 [main] DEBUG org.hibernate.cfg.AnnotationBinder - Binding entity from annotated class: edu.ncsu.csc.itrust2.models.persistent.AppointmentRequest
00:31:23.515 [main] DEBUG org.hibernate.cfg.Ejb3Column - Binding column: Ejb3DiscriminatorColumn{logicalColumnName'DTYPE', discriminatorTypeName='string'}
00:31:23.515 [main] DEBUG o.h.cfg.annotations.EntityBinder - Import with entity name AppointmentRequest
00:31:23.516 [main] DEBUG o.h.cfg.annotations.EntityBinder - Bind entity edu.ncsu.csc.itrust2.models.persistent.AppointmentRequest on table AppointmentRequests
00:31:23.529 [main] DEBUG org.hibernate.cfg.Ejb3Column - Binding column: Ejb3Column{table=org.hibernate.mapping.Table(AppointmentRequests), mappingColumn=id, insertable=true, updatable=true, unique=false}
00:31:23.529 [main] DEBUG o.h.cfg.annotations.PropertyBinder - MetadataSourceProcessor property id with lazy=false
00:31:23.529 [main] DEBUG o.h.cfg.AbstractPropertyHolder - Attempting to locate auto-apply AttributeConverter for property [edu.ncsu.csc.itrust2.models.persistent.AppointmentRequest:id]
00:31:23.530 [main] DEBUG o.h.c.annotations.SimpleValueBinder - building SimpleValue for id
00:31:23.530 [main] DEBUG o.h.cfg.annotations.PropertyBinder - Building property id
00:31:23.530 [main] DEBUG org.hibernate.cfg.Ejb3Column - Binding column: Ejb3Column{table=org.hibernate.mapping.Table(AppointmentRequests), mappingColumn=comments, insertable=true, updatable=true, unique=false}
00:31:23.531 [main] DEBUG o.h.cfg.annotations.PropertyBinder - MetadataSourceProcessor property comments with lazy=false
00:31:23.531 [main] DEBUG o.h.cfg.AbstractPropertyHolder - Attempting to locate auto-apply AttributeConverter for property [edu.ncsu.csc.itrust2.models.persistent.AppointmentRequest:comments]
00:31:23.531 [main] DEBUG o.h.c.annotations.SimpleValueBinder - building SimpleValue for comments
00:31:23.531 [main] DEBUG o.h.cfg.annotations.PropertyBinder - Building property comments
00:31:23.532 [main] DEBUG org.hibernate.cfg.Ejb3Column - Binding column: Ejb3Column{table=org.hibernate.mapping.Table(AppointmentRequests), mappingColumn=date, insertable=true, updatable=true, unique=false}
00:31:23.533 [main] DEBUG o.h.cfg.annotations.PropertyBinder - MetadataSourceProcessor property date with lazy=false
00:31:23.534 [main] DEBUG o.h.cfg.AbstractPropertyHolder - Attempting to locate auto-apply AttributeConverter for property [edu.ncsu.csc.itrust2.models.persistent.AppointmentRequest:date]
00:31:23.535 [main] DEBUG o.h.c.annotations.SimpleValueBinder - building SimpleValue for date
00:31:23.535 [main] DEBUG o.h.cfg.annotations.PropertyBinder - Building property date
00:31:23.537 [main] DEBUG org.hibernate.cfg.Ejb3Column - Binding column: Ejb3JoinColumn{logicalColumnName='hcp_id', referencedColumn='', mappedBy=''}
00:31:23.538 [main] DEBUG org.hibernate.cfg.Ejb3Column - Binding column: Ejb3Column{table=org.hibernate.mapping.Table(AppointmentRequests), mappingColumn=hcp, insertable=true, updatable=true, unique=false}
00:31:23.542 [main] DEBUG o.h.cfg.annotations.PropertyBinder - Building property hcp
00:31:23.544 [main] DEBUG org.hibernate.cfg.Ejb3Column - Binding column: Ejb3JoinColumn{logicalColumnName='patient_id', referencedColumn='', mappedBy=''}
00:31:23.544 [main] DEBUG org.hibernate.cfg.Ejb3Column - Binding column: Ejb3Column{table=org.hibernate.mapping.Table(AppointmentRequests), mappingColumn=patient, insertable=true, updatable=true, unique=false}
00:31:23.544 [main] DEBUG o.h.cfg.annotations.PropertyBinder - Building property patient
00:31:23.545 [main] DEBUG org.hibernate.cfg.Ejb3Column - Binding column: Ejb3Column{table=org.hibernate.mapping.Table(AppointmentRequests), mappingColumn=status, insertable=true, updatable=true, unique=false}
00:31:23.545 [main] DEBUG o.h.cfg.annotations.PropertyBinder - MetadataSourceProcessor property status with lazy=false
00:31:23.545 [main] DEBUG o.h.cfg.AbstractPropertyHolder - Attempting to locate auto-apply AttributeConverter for property [edu.ncsu.csc.itrust2.models.persistent.AppointmentRequest:status]
00:31:23.546 [main] DEBUG o.h.c.annotations.SimpleValueBinder - building SimpleValue for status
00:31:23.546 [main] DEBUG o.h.cfg.annotations.PropertyBinder - Building property status
00:31:23.546 [main] DEBUG org.hibernate.cfg.Ejb3Column - Binding column: Ejb3Column{table=org.hibernate.mapping.Table(AppointmentRequests), mappingColumn=type, insertable=true, updatable=true, unique=false}
00:31:23.546 [main] DEBUG o.h.cfg.annotations.PropertyBinder - MetadataSourceProcessor property type with lazy=false
00:31:23.547 [main] DEBUG o.h.cfg.AbstractPropertyHolder - Attempting to locate auto-apply AttributeConverter for property [edu.ncsu.csc.itrust2.models.persistent.AppointmentRequest:type]
00:31:23.547 [main] DEBUG o.h.c.annotations.SimpleValueBinder - building SimpleValue for type
00:31:23.547 [main] DEBUG o.h.cfg.annotations.PropertyBinder - Building property type
00:31:23.548 [main] DEBUG org.hibernate.cfg.AnnotationBinder - Binding entity from annotated class: edu.ncsu.csc.itrust2.models.persistent.User
00:31:23.548 [main] DEBUG org.hibernate.cfg.Ejb3Column - Binding column: Ejb3DiscriminatorColumn{logicalColumnName'DTYPE', discriminatorTypeName='string'}
00:31:23.548 [main] DEBUG o.h.cfg.annotations.EntityBinder - Import with entity name User
00:31:23.549 [main] DEBUG o.h.cfg.annotations.EntityBinder - Bind entity edu.ncsu.csc.itrust2.models.persistent.User on table Users
00:31:23.556 [main] DEBUG org.hibernate.cfg.Ejb3Column - Binding column: Ejb3Column{table=org.hibernate.mapping.Table(Users), mappingColumn=username, insertable=true, updatable=true, unique=false}
00:31:23.557 [main] DEBUG o.h.cfg.annotations.PropertyBinder - MetadataSourceProcessor property username with lazy=false
00:31:23.557 [main] DEBUG o.h.cfg.AbstractPropertyHolder - Attempting to locate auto-apply AttributeConverter for property [edu.ncsu.csc.itrust2.models.persistent.User:username]
00:31:23.557 [main] DEBUG o.h.c.annotations.SimpleValueBinder - building SimpleValue for username
00:31:23.557 [main] DEBUG o.h.cfg.annotations.PropertyBinder - Building property username
00:31:23.557 [main] DEBUG org.hibernate.cfg.Ejb3Column - Binding column: Ejb3Column{table=org.hibernate.mapping.Table(Users), mappingColumn=enabled, insertable=true, updatable=true, unique=false}
00:31:23.558 [main] DEBUG o.h.cfg.annotations.PropertyBinder - MetadataSourceProcessor property enabled with lazy=false
00:31:23.558 [main] DEBUG o.h.cfg.AbstractPropertyHolder - Attempting to locate auto-apply AttributeConverter for property [edu.ncsu.csc.itrust2.models.persistent.User:enabled]
00:31:23.558 [main] DEBUG o.h.c.annotations.SimpleValueBinder - building SimpleValue for enabled
00:31:23.558 [main] DEBUG o.h.cfg.annotations.PropertyBinder - Building property enabled
00:31:23.559 [main] DEBUG org.hibernate.cfg.Ejb3Column - Binding column: Ejb3Column{table=org.hibernate.mapping.Table(Users), mappingColumn=password, insertable=true, updatable=true, unique=false}
00:31:23.559 [main] DEBUG o.h.cfg.annotations.PropertyBinder - MetadataSourceProcessor property password with lazy=false
00:31:23.559 [main] DEBUG o.h.cfg.AbstractPropertyHolder - Attempting to locate auto-apply AttributeConverter for property [edu.ncsu.csc.itrust2.models.persistent.User:password]
00:31:23.559 [main] DEBUG o.h.c.annotations.SimpleValueBinder - building SimpleValue for password
00:31:23.560 [main] DEBUG o.h.cfg.annotations.PropertyBinder - Building property password
00:31:23.560 [main] DEBUG org.hibernate.cfg.Ejb3Column - Binding column: Ejb3Column{table=org.hibernate.mapping.Table(Users), mappingColumn=role, insertable=true, updatable=true, unique=false}
00:31:23.560 [main] DEBUG o.h.cfg.annotations.PropertyBinder - MetadataSourceProcessor property role with lazy=false
00:31:23.561 [main] DEBUG o.h.cfg.AbstractPropertyHolder - Attempting to locate auto-apply AttributeConverter for property [edu.ncsu.csc.itrust2.models.persistent.User:role]
00:31:23.561 [main] DEBUG o.h.c.annotations.SimpleValueBinder - building SimpleValue for role
00:31:23.562 [main] DEBUG o.h.cfg.annotations.PropertyBinder - Building property role
00:31:23.562 [main] DEBUG org.hibernate.cfg.AnnotationBinder - Binding entity from annotated class: edu.ncsu.csc.itrust2.models.persistent.OfficeVisit
00:31:23.562 [main] DEBUG org.hibernate.cfg.Ejb3Column - Binding column: Ejb3DiscriminatorColumn{logicalColumnName'DTYPE', discriminatorTypeName='string'}
00:31:23.562 [main] DEBUG o.h.cfg.annotations.EntityBinder - Import with entity name OfficeVisit
00:31:23.562 [main] DEBUG o.h.cfg.annotations.EntityBinder - Bind entity edu.ncsu.csc.itrust2.models.persistent.OfficeVisit on table OfficeVisits
00:31:23.571 [main] DEBUG org.hibernate.cfg.Ejb3Column - Binding column: Ejb3Column{table=org.hibernate.mapping.Table(OfficeVisits), mappingColumn=id, insertable=true, updatable=true, unique=false}
00:31:23.571 [main] DEBUG o.h.cfg.annotations.PropertyBinder - MetadataSourceProcessor property id with lazy=false
00:31:23.571 [main] DEBUG o.h.cfg.AbstractPropertyHolder - Attempting to locate auto-apply AttributeConverter for property [edu.ncsu.csc.itrust2.models.persistent.OfficeVisit:id]
00:31:23.571 [main] DEBUG o.h.c.annotations.SimpleValueBinder - building SimpleValue for id
00:31:23.572 [main] DEBUG o.h.cfg.annotations.PropertyBinder - Building property id
00:31:23.572 [main] DEBUG org.hibernate.cfg.Ejb3Column - Binding column: Ejb3JoinColumn{logicalColumnName='appointment_id', referencedColumn='', mappedBy=''}
00:31:23.572 [main] DEBUG org.hibernate.cfg.Ejb3Column - Binding column: Ejb3Column{table=org.hibernate.mapping.Table(OfficeVisits), mappingColumn=appointment, insertable=true, updatable=true, unique=false}
00:31:23.572 [main] DEBUG o.h.cfg.annotations.PropertyBinder - Building property appointment
00:31:23.573 [main] DEBUG org.hibernate.cfg.Ejb3Column - Binding column: Ejb3JoinColumn{logicalColumnName='basichealthmetrics_id', referencedColumn='', mappedBy=''}
00:31:23.574 [main] DEBUG org.hibernate.cfg.Ejb3Column - Binding column: Ejb3Column{table=org.hibernate.mapping.Table(OfficeVisits), mappingColumn=basicHealthMetrics, insertable=true, updatable=true, unique=false}
00:31:23.577 [main] DEBUG o.h.cfg.annotations.PropertyBinder - Building property basicHealthMetrics
00:31:23.578 [main] DEBUG org.hibernate.cfg.Ejb3Column - Binding column: Ejb3Column{table=org.hibernate.mapping.Table(OfficeVisits), mappingColumn=date, insertable=true, updatable=true, unique=false}
00:31:23.579 [main] DEBUG o.h.cfg.annotations.PropertyBinder - MetadataSourceProcessor property date with lazy=false
00:31:23.579 [main] DEBUG o.h.cfg.AbstractPropertyHolder - Attempting to locate auto-apply AttributeConverter for property [edu.ncsu.csc.itrust2.models.persistent.OfficeVisit:date]
00:31:23.579 [main] DEBUG o.h.c.annotations.SimpleValueBinder - building SimpleValue for date
00:31:23.579 [main] DEBUG o.h.cfg.annotations.PropertyBinder - Building property date
00:31:23.579 [main] DEBUG org.hibernate.cfg.Ejb3Column - Binding column: Ejb3JoinColumn{logicalColumnName='hcp_id', referencedColumn='', mappedBy=''}
00:31:23.579 [main] DEBUG org.hibernate.cfg.Ejb3Column - Binding column: Ejb3Column{table=org.hibernate.mapping.Table(OfficeVisits), mappingColumn=hcp, insertable=true, updatable=true, unique=false}
00:31:23.579 [main] DEBUG o.h.cfg.annotations.PropertyBinder - Building property hcp
00:31:23.580 [main] DEBUG org.hibernate.cfg.Ejb3Column - Binding column: Ejb3JoinColumn{logicalColumnName='hospital_id', referencedColumn='', mappedBy=''}
00:31:23.581 [main] DEBUG org.hibernate.cfg.Ejb3Column - Binding column: Ejb3Column{table=org.hibernate.mapping.Table(OfficeVisits), mappingColumn=hospital, insertable=true, updatable=true, unique=false}
00:31:23.581 [main] DEBUG o.h.cfg.annotations.PropertyBinder - Building property hospital
00:31:23.582 [main] DEBUG org.hibernate.cfg.Ejb3Column - Binding column: Ejb3Column{table=org.hibernate.mapping.Table(OfficeVisits), mappingColumn=notes, insertable=true, updatable=true, unique=false}
00:31:23.582 [main] DEBUG o.h.cfg.annotations.PropertyBinder - MetadataSourceProcessor property notes with lazy=false
00:31:23.582 [main] DEBUG o.h.cfg.AbstractPropertyHolder - Attempting to locate auto-apply AttributeConverter for property [edu.ncsu.csc.itrust2.models.persistent.OfficeVisit:notes]
00:31:23.582 [main] DEBUG o.h.c.annotations.SimpleValueBinder - building SimpleValue for notes
00:31:23.583 [main] DEBUG o.h.cfg.annotations.PropertyBinder - Building property notes
00:31:23.584 [main] DEBUG org.hibernate.cfg.Ejb3Column - Binding column: Ejb3JoinColumn{logicalColumnName='patient_id', referencedColumn='', mappedBy=''}
00:31:23.584 [main] DEBUG org.hibernate.cfg.Ejb3Column - Binding column: Ejb3Column{table=org.hibernate.mapping.Table(OfficeVisits), mappingColumn=patient, insertable=true, updatable=true, unique=false}
00:31:23.585 [main] DEBUG o.h.cfg.annotations.PropertyBinder - Building property patient
00:31:23.585 [main] DEBUG org.hibernate.cfg.Ejb3Column - Binding column: Ejb3JoinColumn{logicalColumnName='prescriptions_id', referencedColumn='', mappedBy=''}
00:31:23.585 [main] DEBUG org.hibernate.cfg.Ejb3Column - Binding column: Ejb3Column{table=org.hibernate.mapping.Table(OfficeVisits), mappingColumn=prescriptions, insertable=true, updatable=true, unique=false}
00:31:23.587 [main] DEBUG org.hibernate.cfg.Ejb3Column - Binding column: Ejb3Column{table=org.hibernate.mapping.Table(OfficeVisits), mappingColumn=null, insertable=true, updatable=true, unique=false}
00:31:23.607 [main] DEBUG org.hibernate.cfg.Ejb3Column - Binding column: Ejb3Column{table=org.hibernate.mapping.Table(OfficeVisits), mappingColumn=element, insertable=true, updatable=true, unique=false}
00:31:23.607 [main] DEBUG org.hibernate.cfg.Ejb3Column - Binding column: Ejb3Column{table=org.hibernate.mapping.Table(OfficeVisits), mappingColumn=prescriptions_KEY, insertable=true, updatable=true, unique=false}
00:31:23.608 [main] DEBUG org.hibernate.cfg.Ejb3Column - Binding column: Ejb3JoinColumn{logicalColumnName='prescriptions_KEY', referencedColumn='null', mappedBy='null'}
00:31:23.610 [main] DEBUG org.hibernate.cfg.Ejb3Column - Binding column: Ejb3JoinColumn{logicalColumnName='null', referencedColumn='null', mappedBy=''}
00:31:23.610 [main] DEBUG org.hibernate.cfg.Ejb3Column - Binding column: Ejb3JoinColumn{logicalColumnName='null', referencedColumn='null', mappedBy=''}
00:31:23.611 [main] DEBUG o.h.cfg.annotations.CollectionBinder - Collection role: edu.ncsu.csc.itrust2.models.persistent.OfficeVisit.prescriptions
00:31:23.614 [main] DEBUG o.h.cfg.annotations.PropertyBinder - Building property prescriptions
00:31:23.614 [main] DEBUG org.hibernate.cfg.Ejb3Column - Binding column: Ejb3Column{table=org.hibernate.mapping.Table(OfficeVisits), mappingColumn=type, insertable=true, updatable=true, unique=false}
00:31:23.615 [main] DEBUG o.h.cfg.annotations.PropertyBinder - MetadataSourceProcessor property type with lazy=false
00:31:23.615 [main] DEBUG o.h.cfg.AbstractPropertyHolder - Attempting to locate auto-apply AttributeConverter for property [edu.ncsu.csc.itrust2.models.persistent.OfficeVisit:type]
00:31:23.615 [main] DEBUG o.h.c.annotations.SimpleValueBinder - building SimpleValue for type
00:31:23.615 [main] DEBUG o.h.cfg.annotations.PropertyBinder - Building property type
00:31:23.615 [main] DEBUG org.hibernate.cfg.AnnotationBinder - Binding entity from annotated class: edu.ncsu.csc.itrust2.models.persistent.Hospital
00:31:23.616 [main] DEBUG org.hibernate.cfg.Ejb3Column - Binding column: Ejb3DiscriminatorColumn{logicalColumnName'DTYPE', discriminatorTypeName='string'}
00:31:23.616 [main] DEBUG o.h.cfg.annotations.EntityBinder - Import with entity name Hospital
00:31:23.616 [main] DEBUG o.h.cfg.annotations.EntityBinder - Bind entity edu.ncsu.csc.itrust2.models.persistent.Hospital on table Hospitals
00:31:23.620 [main] DEBUG org.hibernate.cfg.Ejb3Column - Binding column: Ejb3Column{table=org.hibernate.mapping.Table(Hospitals), mappingColumn=name, insertable=true, updatable=true, unique=false}
00:31:23.620 [main] DEBUG o.h.cfg.annotations.PropertyBinder - MetadataSourceProcessor property name with lazy=false
00:31:23.621 [main] DEBUG o.h.cfg.AbstractPropertyHolder - Attempting to locate auto-apply AttributeConverter for property [edu.ncsu.csc.itrust2.models.persistent.Hospital:name]
00:31:23.621 [main] DEBUG o.h.c.annotations.SimpleValueBinder - building SimpleValue for name
00:31:23.621 [main] DEBUG o.h.cfg.annotations.PropertyBinder - Building property name
00:31:23.623 [main] DEBUG org.hibernate.cfg.Ejb3Column - Binding column: Ejb3Column{table=org.hibernate.mapping.Table(Hospitals), mappingColumn=address, insertable=true, updatable=true, unique=false}
00:31:23.623 [main] DEBUG o.h.cfg.annotations.PropertyBinder - MetadataSourceProcessor property address with lazy=false
00:31:23.624 [main] DEBUG o.h.cfg.AbstractPropertyHolder - Attempting to locate auto-apply AttributeConverter for property [edu.ncsu.csc.itrust2.models.persistent.Hospital:address]
00:31:23.624 [main] DEBUG o.h.c.annotations.SimpleValueBinder - building SimpleValue for address
00:31:23.624 [main] DEBUG o.h.cfg.annotations.PropertyBinder - Building property address
00:31:23.625 [main] DEBUG org.hibernate.cfg.Ejb3Column - Binding column: Ejb3Column{table=org.hibernate.mapping.Table(Hospitals), mappingColumn=state, insertable=true, updatable=true, unique=false}
00:31:23.625 [main] DEBUG o.h.cfg.annotations.PropertyBinder - MetadataSourceProcessor property state with lazy=false
00:31:23.625 [main] DEBUG o.h.cfg.AbstractPropertyHolder - Attempting to locate auto-apply AttributeConverter for property [edu.ncsu.csc.itrust2.models.persistent.Hospital:state]
00:31:23.625 [main] DEBUG o.h.c.annotations.SimpleValueBinder - building SimpleValue for state
00:31:23.626 [main] DEBUG o.h.cfg.annotations.PropertyBinder - Building property state
00:31:23.626 [main] DEBUG org.hibernate.cfg.Ejb3Column - Binding column: Ejb3Column{table=org.hibernate.mapping.Table(Hospitals), mappingColumn=zip, insertable=true, updatable=true, unique=false}
00:31:23.626 [main] DEBUG o.h.cfg.annotations.PropertyBinder - MetadataSourceProcessor property zip with lazy=false
00:31:23.626 [main] DEBUG o.h.cfg.AbstractPropertyHolder - Attempting to locate auto-apply AttributeConverter for property [edu.ncsu.csc.itrust2.models.persistent.Hospital:zip]
00:31:23.626 [main] DEBUG o.h.c.annotations.SimpleValueBinder - building SimpleValue for zip
00:31:23.627 [main] DEBUG o.h.cfg.annotations.PropertyBinder - Building property zip
00:31:23.627 [main] DEBUG org.hibernate.cfg.AnnotationBinder - Binding entity from annotated class: edu.ncsu.csc.itrust2.models.persistent.Patient
00:31:23.627 [main] DEBUG org.hibernate.cfg.Ejb3Column - Binding column: Ejb3DiscriminatorColumn{logicalColumnName'DTYPE', discriminatorTypeName='string'}
00:31:23.627 [main] DEBUG o.h.cfg.annotations.EntityBinder - Import with entity name Patient
00:31:23.628 [main] DEBUG o.h.cfg.annotations.EntityBinder - Bind entity edu.ncsu.csc.itrust2.models.persistent.Patient on table Patients
00:31:23.635 [main] DEBUG org.hibernate.cfg.Ejb3Column - Binding column: Ejb3JoinColumn{logicalColumnName='self_id', referencedColumn='', mappedBy=''}
00:31:23.636 [main] DEBUG org.hibernate.cfg.Ejb3Column - Binding column: Ejb3Column{table=org.hibernate.mapping.Table(Patients), mappingColumn=self, insertable=true, updatable=true, unique=false}
00:31:23.636 [main] DEBUG o.h.cfg.annotations.PropertyBinder - Building property self
00:31:23.642 [main] DEBUG org.hibernate.cfg.Ejb3Column - Binding column: Ejb3Column{table=org.hibernate.mapping.Table(Patients), mappingColumn=address1, insertable=true, updatable=true, unique=false}
00:31:23.642 [main] DEBUG o.h.cfg.annotations.PropertyBinder - MetadataSourceProcessor property address1 with lazy=false
00:31:23.642 [main] DEBUG o.h.cfg.AbstractPropertyHolder - Attempting to locate auto-apply AttributeConverter for property [edu.ncsu.csc.itrust2.models.persistent.Patient:address1]
00:31:23.642 [main] DEBUG o.h.c.annotations.SimpleValueBinder - building SimpleValue for address1
00:31:23.642 [main] DEBUG o.h.cfg.annotations.PropertyBinder - Building property address1
00:31:23.642 [main] DEBUG org.hibernate.cfg.Ejb3Column - Binding column: Ejb3Column{table=org.hibernate.mapping.Table(Patients), mappingColumn=address2, insertable=true, updatable=true, unique=false}
00:31:23.643 [main] DEBUG o.h.cfg.annotations.PropertyBinder - MetadataSourceProcessor property address2 with lazy=false
00:31:23.643 [main] DEBUG o.h.cfg.AbstractPropertyHolder - Attempting to locate auto-apply AttributeConverter for property [edu.ncsu.csc.itrust2.models.persistent.Patient:address2]
00:31:23.643 [main] DEBUG o.h.c.annotations.SimpleValueBinder - building SimpleValue for address2
00:31:23.643 [main] DEBUG o.h.cfg.annotations.PropertyBinder - Building property address2
00:31:23.643 [main] DEBUG org.hibernate.cfg.Ejb3Column - Binding column: Ejb3Column{table=org.hibernate.mapping.Table(Patients), mappingColumn=bloodType, insertable=true, updatable=true, unique=false}
00:31:23.643 [main] DEBUG o.h.cfg.annotations.PropertyBinder - MetadataSourceProcessor property bloodType with lazy=false
00:31:23.643 [main] DEBUG o.h.cfg.AbstractPropertyHolder - Attempting to locate auto-apply AttributeConverter for property [edu.ncsu.csc.itrust2.models.persistent.Patient:bloodType]
00:31:23.643 [main] DEBUG o.h.c.annotations.SimpleValueBinder - building SimpleValue for bloodType
00:31:23.644 [main] DEBUG o.h.cfg.annotations.PropertyBinder - Building property bloodType
00:31:23.644 [main] DEBUG org.hibernate.cfg.Ejb3Column - Binding column: Ejb3Column{table=org.hibernate.mapping.Table(Patients), mappingColumn=causeOfDeath, insertable=true, updatable=true, unique=false}
00:31:23.644 [main] DEBUG o.h.cfg.annotations.PropertyBinder - MetadataSourceProcessor property causeOfDeath with lazy=false
00:31:23.644 [main] DEBUG o.h.cfg.AbstractPropertyHolder - Attempting to locate auto-apply AttributeConverter for property [edu.ncsu.csc.itrust2.models.persistent.Patient:causeOfDeath]
00:31:23.644 [main] DEBUG o.h.c.annotations.SimpleValueBinder - building SimpleValue for causeOfDeath
00:31:23.645 [main] DEBUG o.h.cfg.annotations.PropertyBinder - Building property causeOfDeath
00:31:23.645 [main] DEBUG org.hibernate.cfg.Ejb3Column - Binding column: Ejb3Column{table=org.hibernate.mapping.Table(Patients), mappingColumn=city, insertable=true, updatable=true, unique=false}
00:31:23.645 [main] DEBUG o.h.cfg.annotations.PropertyBinder - MetadataSourceProcessor property city with lazy=false
00:31:23.645 [main] DEBUG o.h.cfg.AbstractPropertyHolder - Attempting to locate auto-apply AttributeConverter for property [edu.ncsu.csc.itrust2.models.persistent.Patient:city]
00:31:23.645 [main] DEBUG o.h.c.annotations.SimpleValueBinder - building SimpleValue for city
00:31:23.645 [main] DEBUG o.h.cfg.annotations.PropertyBinder - Building property city
00:31:23.646 [main] DEBUG org.hibernate.cfg.Ejb3Column - Binding column: Ejb3Column{table=org.hibernate.mapping.Table(Patients), mappingColumn=dateOfBirth, insertable=true, updatable=true, unique=false}
00:31:23.646 [main] DEBUG o.h.cfg.annotations.PropertyBinder - MetadataSourceProcessor property dateOfBirth with lazy=false
00:31:23.646 [main] DEBUG o.h.cfg.AbstractPropertyHolder - Attempting to locate auto-apply AttributeConverter for property [edu.ncsu.csc.itrust2.models.persistent.Patient:dateOfBirth]
00:31:23.646 [main] DEBUG o.h.c.annotations.SimpleValueBinder - building SimpleValue for dateOfBirth
00:31:23.646 [main] DEBUG o.h.cfg.annotations.PropertyBinder - Building property dateOfBirth
00:31:23.647 [main] DEBUG org.hibernate.cfg.Ejb3Column - Binding column: Ejb3Column{table=org.hibernate.mapping.Table(Patients), mappingColumn=dateOfDeath, insertable=true, updatable=true, unique=false}
00:31:23.647 [main] DEBUG o.h.cfg.annotations.PropertyBinder - MetadataSourceProcessor property dateOfDeath with lazy=false
00:31:23.647 [main] DEBUG o.h.cfg.AbstractPropertyHolder - Attempting to locate auto-apply AttributeConverter for property [edu.ncsu.csc.itrust2.models.persistent.Patient:dateOfDeath]
00:31:23.647 [main] DEBUG o.h.c.annotations.SimpleValueBinder - building SimpleValue for dateOfDeath
00:31:23.648 [main] DEBUG o.h.cfg.annotations.PropertyBinder - Building property dateOfDeath
00:31:23.648 [main] DEBUG org.hibernate.cfg.Ejb3Column - Binding column: Ejb3Column{table=org.hibernate.mapping.Table(Patients), mappingColumn=email, insertable=true, updatable=true, unique=false}
00:31:23.648 [main] DEBUG o.h.cfg.annotations.PropertyBinder - MetadataSourceProcessor property email with lazy=false
00:31:23.648 [main] DEBUG o.h.cfg.AbstractPropertyHolder - Attempting to locate auto-apply AttributeConverter for property [edu.ncsu.csc.itrust2.models.persistent.Patient:email]
00:31:23.648 [main] DEBUG o.h.c.annotations.SimpleValueBinder - building SimpleValue for email
00:31:23.649 [main] DEBUG o.h.cfg.annotations.PropertyBinder - Building property email
00:31:23.649 [main] DEBUG org.hibernate.cfg.Ejb3Column - Binding column: Ejb3Column{table=org.hibernate.mapping.Table(Patients), mappingColumn=ethnicity, insertable=true, updatable=true, unique=false}
00:31:23.649 [main] DEBUG o.h.cfg.annotations.PropertyBinder - MetadataSourceProcessor property ethnicity with lazy=false
00:31:23.649 [main] DEBUG o.h.cfg.AbstractPropertyHolder - Attempting to locate auto-apply AttributeConverter for property [edu.ncsu.csc.itrust2.models.persistent.Patient:ethnicity]
00:31:23.649 [main] DEBUG o.h.c.annotations.SimpleValueBinder - building SimpleValue for ethnicity
00:31:23.649 [main] DEBUG o.h.cfg.annotations.PropertyBinder - Building property ethnicity
00:31:23.649 [main] DEBUG org.hibernate.cfg.Ejb3Column - Binding column: Ejb3JoinColumn{logicalColumnName='father_id', referencedColumn='', mappedBy=''}
00:31:23.650 [main] DEBUG org.hibernate.cfg.Ejb3Column - Binding column: Ejb3Column{table=org.hibernate.mapping.Table(Patients), mappingColumn=father, insertable=true, updatable=true, unique=false}
00:31:23.650 [main] DEBUG o.h.cfg.annotations.PropertyBinder - Building property father
00:31:23.651 [main] DEBUG org.hibernate.cfg.Ejb3Column - Binding column: Ejb3Column{table=org.hibernate.mapping.Table(Patients), mappingColumn=firstName, insertable=true, updatable=true, unique=false}
00:31:23.651 [main] DEBUG o.h.cfg.annotations.PropertyBinder - MetadataSourceProcessor property firstName with lazy=false
00:31:23.651 [main] DEBUG o.h.cfg.AbstractPropertyHolder - Attempting to locate auto-apply AttributeConverter for property [edu.ncsu.csc.itrust2.models.persistent.Patient:firstName]
00:31:23.651 [main] DEBUG o.h.c.annotations.SimpleValueBinder - building SimpleValue for firstName
00:31:23.651 [main] DEBUG o.h.cfg.annotations.PropertyBinder - Building property firstName
00:31:23.651 [main] DEBUG org.hibernate.cfg.Ejb3Column - Binding column: Ejb3Column{table=org.hibernate.mapping.Table(Patients), mappingColumn=gender, insertable=true, updatable=true, unique=false}
00:31:23.651 [main] DEBUG o.h.cfg.annotations.PropertyBinder - MetadataSourceProcessor property gender with lazy=false
00:31:23.652 [main] DEBUG o.h.cfg.AbstractPropertyHolder - Attempting to locate auto-apply AttributeConverter for property [edu.ncsu.csc.itrust2.models.persistent.Patient:gender]
00:31:23.652 [main] DEBUG o.h.c.annotations.SimpleValueBinder - building SimpleValue for gender
00:31:23.652 [main] DEBUG o.h.cfg.annotations.PropertyBinder - Building property gender
00:31:23.652 [main] DEBUG org.hibernate.cfg.Ejb3Column - Binding column: Ejb3Column{table=org.hibernate.mapping.Table(Patients), mappingColumn=id, insertable=true, updatable=true, unique=false}
00:31:23.652 [main] DEBUG o.h.cfg.annotations.PropertyBinder - MetadataSourceProcessor property id with lazy=false
00:31:23.652 [main] DEBUG o.h.cfg.AbstractPropertyHolder - Attempting to locate auto-apply AttributeConverter for property [edu.ncsu.csc.itrust2.models.persistent.Patient:id]
00:31:23.653 [main] DEBUG o.h.c.annotations.SimpleValueBinder - building SimpleValue for id
00:31:23.653 [main] DEBUG o.h.cfg.annotations.PropertyBinder - Building property id
00:31:23.653 [main] DEBUG org.hibernate.cfg.Ejb3Column - Binding column: Ejb3Column{table=org.hibernate.mapping.Table(Patients), mappingColumn=lastName, insertable=true, updatable=true, unique=false}
00:31:23.653 [main] DEBUG o.h.cfg.annotations.PropertyBinder - MetadataSourceProcessor property lastName with lazy=false
00:31:23.653 [main] DEBUG o.h.cfg.AbstractPropertyHolder - Attempting to locate auto-apply AttributeConverter for property [edu.ncsu.csc.itrust2.models.persistent.Patient:lastName]
00:31:23.653 [main] DEBUG o.h.c.annotations.SimpleValueBinder - building SimpleValue for lastName
00:31:23.653 [main] DEBUG o.h.cfg.annotations.PropertyBinder - Building property lastName
00:31:23.654 [main] DEBUG org.hibernate.cfg.Ejb3Column - Binding column: Ejb3JoinColumn{logicalColumnName='mother_id', referencedColumn='', mappedBy=''}
00:31:23.654 [main] DEBUG org.hibernate.cfg.Ejb3Column - Binding column: Ejb3Column{table=org.hibernate.mapping.Table(Patients), mappingColumn=mother, insertable=true, updatable=true, unique=false}
00:31:23.654 [main] DEBUG o.h.cfg.annotations.PropertyBinder - Building property mother
00:31:23.655 [main] DEBUG org.hibernate.cfg.Ejb3Column - Binding column: Ejb3Column{table=org.hibernate.mapping.Table(Patients), mappingColumn=phone, insertable=true, updatable=true, unique=false}
00:31:23.655 [main] DEBUG o.h.cfg.annotations.PropertyBinder - MetadataSourceProcessor property phone with lazy=false
00:31:23.655 [main] DEBUG o.h.cfg.AbstractPropertyHolder - Attempting to locate auto-apply AttributeConverter for property [edu.ncsu.csc.itrust2.models.persistent.Patient:phone]
00:31:23.655 [main] DEBUG o.h.c.annotations.SimpleValueBinder - building SimpleValue for phone
00:31:23.655 [main] DEBUG o.h.cfg.annotations.PropertyBinder - Building property phone
00:31:23.655 [main] DEBUG org.hibernate.cfg.Ejb3Column - Binding column: Ejb3Column{table=org.hibernate.mapping.Table(Patients), mappingColumn=preferredName, insertable=true, updatable=true, unique=false}
00:31:23.655 [main] DEBUG o.h.cfg.annotations.PropertyBinder - MetadataSourceProcessor property preferredName with lazy=false
00:31:23.655 [main] DEBUG o.h.cfg.AbstractPropertyHolder - Attempting to locate auto-apply AttributeConverter for property [edu.ncsu.csc.itrust2.models.persistent.Patient:preferredName]
00:31:23.655 [main] DEBUG o.h.c.annotations.SimpleValueBinder - building SimpleValue for preferredName
00:31:23.656 [main] DEBUG o.h.cfg.annotations.PropertyBinder - Building property preferredName
00:31:23.656 [main] DEBUG org.hibernate.cfg.Ejb3Column - Binding column: Ejb3Column{table=org.hibernate.mapping.Table(Patients), mappingColumn=state, insertable=true, updatable=true, unique=false}
00:31:23.656 [main] DEBUG o.h.cfg.annotations.PropertyBinder - MetadataSourceProcessor property state with lazy=false
00:31:23.656 [main] DEBUG o.h.cfg.AbstractPropertyHolder - Attempting to locate auto-apply AttributeConverter for property [edu.ncsu.csc.itrust2.models.persistent.Patient:state]
00:31:23.656 [main] DEBUG o.h.c.annotations.SimpleValueBinder - building SimpleValue for state
00:31:23.656 [main] DEBUG o.h.cfg.annotations.PropertyBinder - Building property state
00:31:23.656 [main] DEBUG org.hibernate.cfg.Ejb3Column - Binding column: Ejb3Column{table=org.hibernate.mapping.Table(Patients), mappingColumn=zip, insertable=true, updatable=true, unique=false}
00:31:23.657 [main] DEBUG o.h.cfg.annotations.PropertyBinder - MetadataSourceProcessor property zip with lazy=false
00:31:23.657 [main] DEBUG o.h.cfg.AbstractPropertyHolder - Attempting to locate auto-apply AttributeConverter for property [edu.ncsu.csc.itrust2.models.persistent.Patient:zip]
00:31:23.657 [main] DEBUG o.h.c.annotations.SimpleValueBinder - building SimpleValue for zip
00:31:23.658 [main] DEBUG o.h.cfg.annotations.PropertyBinder - Building property zip
00:31:23.658 [main] DEBUG org.hibernate.cfg.AnnotationBinder - Binding entity from annotated class: edu.ncsu.csc.itrust2.models.persistent.Personnel
00:31:23.658 [main] DEBUG org.hibernate.cfg.Ejb3Column - Binding column: Ejb3DiscriminatorColumn{logicalColumnName'DTYPE', discriminatorTypeName='string'}
00:31:23.658 [main] DEBUG o.h.cfg.annotations.EntityBinder - Import with entity name Personnel
00:31:23.659 [main] DEBUG o.h.cfg.annotations.EntityBinder - Bind entity edu.ncsu.csc.itrust2.models.persistent.Personnel on table Personnel
00:31:23.665 [main] DEBUG org.hibernate.cfg.Ejb3Column - Binding column: Ejb3Column{table=org.hibernate.mapping.Table(Personnel), mappingColumn=id, insertable=true, updatable=true, unique=false}
00:31:23.665 [main] DEBUG o.h.cfg.annotations.PropertyBinder - MetadataSourceProcessor property id with lazy=false
00:31:23.666 [main] DEBUG o.h.cfg.AbstractPropertyHolder - Attempting to locate auto-apply AttributeConverter for property [edu.ncsu.csc.itrust2.models.persistent.Personnel:id]
00:31:23.666 [main] DEBUG o.h.c.annotations.SimpleValueBinder - building SimpleValue for id
00:31:23.666 [main] DEBUG o.h.cfg.annotations.PropertyBinder - Building property id
00:31:23.666 [main] DEBUG org.hibernate.cfg.Ejb3Column - Binding column: Ejb3Column{table=org.hibernate.mapping.Table(Personnel), mappingColumn=address1, insertable=true, updatable=true, unique=false}
00:31:23.666 [main] DEBUG o.h.cfg.annotations.PropertyBinder - MetadataSourceProcessor property address1 with lazy=false
00:31:23.666 [main] DEBUG o.h.cfg.AbstractPropertyHolder - Attempting to locate auto-apply AttributeConverter for property [edu.ncsu.csc.itrust2.models.persistent.Personnel:address1]
00:31:23.666 [main] DEBUG o.h.c.annotations.SimpleValueBinder - building SimpleValue for address1
00:31:23.666 [main] DEBUG o.h.cfg.annotations.PropertyBinder - Building property address1
00:31:23.667 [main] DEBUG org.hibernate.cfg.Ejb3Column - Binding column: Ejb3Column{table=org.hibernate.mapping.Table(Personnel), mappingColumn=address2, insertable=true, updatable=true, unique=false}
00:31:23.667 [main] DEBUG o.h.cfg.annotations.PropertyBinder - MetadataSourceProcessor property address2 with lazy=false
00:31:23.667 [main] DEBUG o.h.cfg.AbstractPropertyHolder - Attempting to locate auto-apply AttributeConverter for property [edu.ncsu.csc.itrust2.models.persistent.Personnel:address2]
00:31:23.667 [main] DEBUG o.h.c.annotations.SimpleValueBinder - building SimpleValue for address2
00:31:23.667 [main] DEBUG o.h.cfg.annotations.PropertyBinder - Building property address2
00:31:23.668 [main] DEBUG org.hibernate.cfg.Ejb3Column - Binding column: Ejb3Column{table=org.hibernate.mapping.Table(Personnel), mappingColumn=city, insertable=true, updatable=true, unique=false}
00:31:23.668 [main] DEBUG o.h.cfg.annotations.PropertyBinder - MetadataSourceProcessor property city with lazy=false
00:31:23.668 [main] DEBUG o.h.cfg.AbstractPropertyHolder - Attempting to locate auto-apply AttributeConverter for property [edu.ncsu.csc.itrust2.models.persistent.Personnel:city]
00:31:23.668 [main] DEBUG o.h.c.annotations.SimpleValueBinder - building SimpleValue for city
00:31:23.668 [main] DEBUG o.h.cfg.annotations.PropertyBinder - Building property city
00:31:23.668 [main] DEBUG org.hibernate.cfg.Ejb3Column - Binding column: Ejb3Column{table=org.hibernate.mapping.Table(Personnel), mappingColumn=email, insertable=true, updatable=true, unique=false}
00:31:23.668 [main] DEBUG o.h.cfg.annotations.PropertyBinder - MetadataSourceProcessor property email with lazy=false
00:31:23.668 [main] DEBUG o.h.cfg.AbstractPropertyHolder - Attempting to locate auto-apply AttributeConverter for property [edu.ncsu.csc.itrust2.models.persistent.Personnel:email]
00:31:23.668 [main] DEBUG o.h.c.annotations.SimpleValueBinder - building SimpleValue for email
00:31:23.669 [main] DEBUG o.h.cfg.annotations.PropertyBinder - Building property email
00:31:23.669 [main] DEBUG org.hibernate.cfg.Ejb3Column - Binding column: Ejb3Column{table=org.hibernate.mapping.Table(Personnel), mappingColumn=enabled, insertable=true, updatable=true, unique=false}
00:31:23.669 [main] DEBUG o.h.cfg.annotations.PropertyBinder - MetadataSourceProcessor property enabled with lazy=false
00:31:23.669 [main] DEBUG o.h.cfg.AbstractPropertyHolder - Attempting to locate auto-apply AttributeConverter for property [edu.ncsu.csc.itrust2.models.persistent.Personnel:enabled]
00:31:23.669 [main] DEBUG o.h.c.annotations.SimpleValueBinder - building SimpleValue for enabled
00:31:23.669 [main] DEBUG o.h.cfg.annotations.PropertyBinder - Building property enabled
00:31:23.670 [main] DEBUG org.hibernate.cfg.Ejb3Column - Binding column: Ejb3Column{table=org.hibernate.mapping.Table(Personnel), mappingColumn=firstName, insertable=true, updatable=true, unique=false}
00:31:23.670 [main] DEBUG o.h.cfg.annotations.PropertyBinder - MetadataSourceProcessor property firstName with lazy=false
00:31:23.670 [main] DEBUG o.h.cfg.AbstractPropertyHolder - Attempting to locate auto-apply AttributeConverter for property [edu.ncsu.csc.itrust2.models.persistent.Personnel:firstName]
00:31:23.670 [main] DEBUG o.h.c.annotations.SimpleValueBinder - building SimpleValue for firstName
00:31:23.670 [main] DEBUG o.h.cfg.annotations.PropertyBinder - Building property firstName
00:31:23.670 [main] DEBUG org.hibernate.cfg.Ejb3Column - Binding column: Ejb3Column{table=org.hibernate.mapping.Table(Personnel), mappingColumn=lastName, insertable=true, updatable=true, unique=false}
00:31:23.671 [main] DEBUG o.h.cfg.annotations.PropertyBinder - MetadataSourceProcessor property lastName with lazy=false
00:31:23.671 [main] DEBUG o.h.cfg.AbstractPropertyHolder - Attempting to locate auto-apply AttributeConverter for property [edu.ncsu.csc.itrust2.models.persistent.Personnel:lastName]
00:31:23.671 [main] DEBUG o.h.c.annotations.SimpleValueBinder - building SimpleValue for lastName
00:31:23.671 [main] DEBUG o.h.cfg.annotations.PropertyBinder - Building property lastName
00:31:23.671 [main] DEBUG org.hibernate.cfg.Ejb3Column - Binding column: Ejb3Column{table=org.hibernate.mapping.Table(Personnel), mappingColumn=phone, insertable=true, updatable=true, unique=false}
00:31:23.671 [main] DEBUG o.h.cfg.annotations.PropertyBinder - MetadataSourceProcessor property phone with lazy=false
00:31:23.671 [main] DEBUG o.h.cfg.AbstractPropertyHolder - Attempting to locate auto-apply AttributeConverter for property [edu.ncsu.csc.itrust2.models.persistent.Personnel:phone]
00:31:23.671 [main] DEBUG o.h.c.annotations.SimpleValueBinder - building SimpleValue for phone
00:31:23.672 [main] DEBUG o.h.cfg.annotations.PropertyBinder - Building property phone
00:31:23.672 [main] DEBUG org.hibernate.cfg.Ejb3Column - Binding column: Ejb3JoinColumn{logicalColumnName='self_id', referencedColumn='', mappedBy=''}
00:31:23.672 [main] DEBUG org.hibernate.cfg.Ejb3Column - Binding column: Ejb3Column{table=org.hibernate.mapping.Table(Personnel), mappingColumn=self, insertable=true, updatable=true, unique=false}
00:31:23.672 [main] DEBUG o.h.cfg.annotations.PropertyBinder - Building property self
00:31:23.672 [main] DEBUG org.hibernate.cfg.Ejb3Column - Binding column: Ejb3Column{table=org.hibernate.mapping.Table(Personnel), mappingColumn=specialty, insertable=true, updatable=true, unique=false}
00:31:23.672 [main] DEBUG o.h.cfg.annotations.PropertyBinder - MetadataSourceProcessor property specialty with lazy=false
00:31:23.672 [main] DEBUG o.h.cfg.AbstractPropertyHolder - Attempting to locate auto-apply AttributeConverter for property [edu.ncsu.csc.itrust2.models.persistent.Personnel:specialty]
00:31:23.673 [main] DEBUG o.h.c.annotations.SimpleValueBinder - building SimpleValue for specialty
00:31:23.673 [main] DEBUG o.h.cfg.annotations.PropertyBinder - Building property specialty
00:31:23.673 [main] DEBUG org.hibernate.cfg.Ejb3Column - Binding column: Ejb3Column{table=org.hibernate.mapping.Table(Personnel), mappingColumn=state, insertable=true, updatable=true, unique=false}
00:31:23.673 [main] DEBUG o.h.cfg.annotations.PropertyBinder - MetadataSourceProcessor property state with lazy=false
00:31:23.673 [main] DEBUG o.h.cfg.AbstractPropertyHolder - Attempting to locate auto-apply AttributeConverter for property [edu.ncsu.csc.itrust2.models.persistent.Personnel:state]
00:31:23.673 [main] DEBUG o.h.c.annotations.SimpleValueBinder - building SimpleValue for state
00:31:23.673 [main] DEBUG o.h.cfg.annotations.PropertyBinder - Building property state
00:31:23.674 [main] DEBUG org.hibernate.cfg.Ejb3Column - Binding column: Ejb3Column{table=org.hibernate.mapping.Table(Personnel), mappingColumn=zip, insertable=true, updatable=true, unique=false}
00:31:23.674 [main] DEBUG o.h.cfg.annotations.PropertyBinder - MetadataSourceProcessor property zip with lazy=false
00:31:23.674 [main] DEBUG o.h.cfg.AbstractPropertyHolder - Attempting to locate auto-apply AttributeConverter for property [edu.ncsu.csc.itrust2.models.persistent.Personnel:zip]
00:31:23.674 [main] DEBUG o.h.c.annotations.SimpleValueBinder - building SimpleValue for zip
00:31:23.674 [main] DEBUG o.h.cfg.annotations.PropertyBinder - Building property zip
00:31:23.674 [main] DEBUG org.hibernate.cfg.AnnotationBinder - Binding entity from annotated class: edu.ncsu.csc.itrust2.models.persistent.BasicHealthMetrics
00:31:23.674 [main] DEBUG org.hibernate.cfg.Ejb3Column - Binding column: Ejb3DiscriminatorColumn{logicalColumnName'DTYPE', discriminatorTypeName='string'}
00:31:23.674 [main] DEBUG o.h.cfg.annotations.EntityBinder - Import with entity name BasicHealthMetrics
00:31:23.675 [main] DEBUG o.h.cfg.annotations.EntityBinder - Bind entity edu.ncsu.csc.itrust2.models.persistent.BasicHealthMetrics on table BasicHealthMetrics
00:31:23.678 [main] DEBUG org.hibernate.cfg.Ejb3Column - Binding column: Ejb3Column{table=org.hibernate.mapping.Table(BasicHealthMetrics), mappingColumn=id, insertable=true, updatable=true, unique=false}
00:31:23.678 [main] DEBUG o.h.cfg.annotations.PropertyBinder - MetadataSourceProcessor property id with lazy=false
00:31:23.678 [main] DEBUG o.h.cfg.AbstractPropertyHolder - Attempting to locate auto-apply AttributeConverter for property [edu.ncsu.csc.itrust2.models.persistent.BasicHealthMetrics:id]
00:31:23.678 [main] DEBUG o.h.c.annotations.SimpleValueBinder - building SimpleValue for id
00:31:23.679 [main] DEBUG o.h.cfg.annotations.PropertyBinder - Building property id
00:31:23.679 [main] DEBUG org.hibernate.cfg.Ejb3Column - Binding column: Ejb3Column{table=org.hibernate.mapping.Table(BasicHealthMetrics), mappingColumn=diastolic, insertable=true, updatable=true, unique=false}
00:31:23.679 [main] DEBUG o.h.cfg.annotations.PropertyBinder - MetadataSourceProcessor property diastolic with lazy=false
00:31:23.679 [main] DEBUG o.h.cfg.AbstractPropertyHolder - Attempting to locate auto-apply AttributeConverter for property [edu.ncsu.csc.itrust2.models.persistent.BasicHealthMetrics:diastolic]
00:31:23.679 [main] DEBUG o.h.c.annotations.SimpleValueBinder - building SimpleValue for diastolic
00:31:23.679 [main] DEBUG o.h.cfg.annotations.PropertyBinder - Building property diastolic
00:31:23.680 [main] DEBUG org.hibernate.cfg.Ejb3Column - Binding column: Ejb3JoinColumn{logicalColumnName='hcp_id', referencedColumn='', mappedBy=''}
00:31:23.680 [main] DEBUG org.hibernate.cfg.Ejb3Column - Binding column: Ejb3Column{table=org.hibernate.mapping.Table(BasicHealthMetrics), mappingColumn=hcp, insertable=true, updatable=true, unique=false}
00:31:23.680 [main] DEBUG o.h.cfg.annotations.PropertyBinder - Building property hcp
00:31:23.680 [main] DEBUG org.hibernate.cfg.Ejb3Column - Binding column: Ejb3Column{table=org.hibernate.mapping.Table(BasicHealthMetrics), mappingColumn=hdl, insertable=true, updatable=true, unique=false}
00:31:23.680 [main] DEBUG o.h.cfg.annotations.PropertyBinder - MetadataSourceProcessor property hdl with lazy=false
00:31:23.681 [main] DEBUG o.h.cfg.AbstractPropertyHolder - Attempting to locate auto-apply AttributeConverter for property [edu.ncsu.csc.itrust2.models.persistent.BasicHealthMetrics:hdl]
00:31:23.681 [main] DEBUG o.h.c.annotations.SimpleValueBinder - building SimpleValue for hdl
00:31:23.681 [main] DEBUG o.h.cfg.annotations.PropertyBinder - Building property hdl
00:31:23.681 [main] DEBUG org.hibernate.cfg.Ejb3Column - Binding column: Ejb3Column{table=org.hibernate.mapping.Table(BasicHealthMetrics), mappingColumn=headCircumference, insertable=true, updatable=true, unique=false}
00:31:23.681 [main] DEBUG o.h.cfg.annotations.PropertyBinder - MetadataSourceProcessor property headCircumference with lazy=false
00:31:23.681 [main] DEBUG o.h.cfg.AbstractPropertyHolder - Attempting to locate auto-apply AttributeConverter for property [edu.ncsu.csc.itrust2.models.persistent.BasicHealthMetrics:headCircumference]
00:31:23.681 [main] DEBUG o.h.c.annotations.SimpleValueBinder - building SimpleValue for headCircumference
00:31:23.681 [main] DEBUG o.h.cfg.annotations.PropertyBinder - Building property headCircumference
00:31:23.682 [main] DEBUG org.hibernate.cfg.Ejb3Column - Binding column: Ejb3Column{table=org.hibernate.mapping.Table(BasicHealthMetrics), mappingColumn=height, insertable=true, updatable=true, unique=false}
00:31:23.682 [main] DEBUG o.h.cfg.annotations.PropertyBinder - MetadataSourceProcessor property height with lazy=false
00:31:23.682 [main] DEBUG o.h.cfg.AbstractPropertyHolder - Attempting to locate auto-apply AttributeConverter for property [edu.ncsu.csc.itrust2.models.persistent.BasicHealthMetrics:height]
00:31:23.682 [main] DEBUG o.h.c.annotations.SimpleValueBinder - building SimpleValue for height
00:31:23.683 [main] DEBUG o.h.cfg.annotations.PropertyBinder - Building property height
00:31:23.684 [main] DEBUG org.hibernate.cfg.Ejb3Column - Binding column: Ejb3Column{table=org.hibernate.mapping.Table(BasicHealthMetrics), mappingColumn=houseSmokingStatus, insertable=true, updatable=true, unique=false}
00:31:23.684 [main] DEBUG o.h.cfg.annotations.PropertyBinder - MetadataSourceProcessor property houseSmokingStatus with lazy=false
00:31:23.684 [main] DEBUG o.h.cfg.AbstractPropertyHolder - Attempting to locate auto-apply AttributeConverter for property [edu.ncsu.csc.itrust2.models.persistent.BasicHealthMetrics:houseSmokingStatus]
00:31:23.684 [main] DEBUG o.h.c.annotations.SimpleValueBinder - building SimpleValue for houseSmokingStatus
00:31:23.685 [main] DEBUG o.h.cfg.annotations.PropertyBinder - Building property houseSmokingStatus
00:31:23.685 [main] DEBUG org.hibernate.cfg.Ejb3Column - Binding column: Ejb3Column{table=org.hibernate.mapping.Table(BasicHealthMetrics), mappingColumn=ldl, insertable=true, updatable=true, unique=false}
00:31:23.685 [main] DEBUG o.h.cfg.annotations.PropertyBinder - MetadataSourceProcessor property ldl with lazy=false
00:31:23.685 [main] DEBUG o.h.cfg.AbstractPropertyHolder - Attempting to locate auto-apply AttributeConverter for property [edu.ncsu.csc.itrust2.models.persistent.BasicHealthMetrics:ldl]
00:31:23.685 [main] DEBUG o.h.c.annotations.SimpleValueBinder - building SimpleValue for ldl
00:31:23.685 [main] DEBUG o.h.cfg.annotations.PropertyBinder - Building property ldl
00:31:23.685 [main] DEBUG org.hibernate.cfg.Ejb3Column - Binding column: Ejb3JoinColumn{logicalColumnName='patient_id', referencedColumn='', mappedBy=''}
00:31:23.686 [main] DEBUG org.hibernate.cfg.Ejb3Column - Binding column: Ejb3Column{table=org.hibernate.mapping.Table(BasicHealthMetrics), mappingColumn=patient, insertable=true, updatable=true, unique=false}
00:31:23.686 [main] DEBUG o.h.cfg.annotations.PropertyBinder - Building property patient
00:31:23.686 [main] DEBUG org.hibernate.cfg.Ejb3Column - Binding column: Ejb3Column{table=org.hibernate.mapping.Table(BasicHealthMetrics), mappingColumn=patientSmokingStatus, insertable=true, updatable=true, unique=false}
00:31:23.686 [main] DEBUG o.h.cfg.annotations.PropertyBinder - MetadataSourceProcessor property patientSmokingStatus with lazy=false
00:31:23.686 [main] DEBUG o.h.cfg.AbstractPropertyHolder - Attempting to locate auto-apply AttributeConverter for property [edu.ncsu.csc.itrust2.models.persistent.BasicHealthMetrics:patientSmokingStatus]
00:31:23.687 [main] DEBUG o.h.c.annotations.SimpleValueBinder - building SimpleValue for patientSmokingStatus
00:31:23.687 [main] DEBUG o.h.cfg.annotations.PropertyBinder - Building property patientSmokingStatus
00:31:23.687 [main] DEBUG org.hibernate.cfg.Ejb3Column - Binding column: Ejb3Column{table=org.hibernate.mapping.Table(BasicHealthMetrics), mappingColumn=systolic, insertable=true, updatable=true, unique=false}
00:31:23.687 [main] DEBUG o.h.cfg.annotations.PropertyBinder - MetadataSourceProcessor property systolic with lazy=false
00:31:23.687 [main] DEBUG o.h.cfg.AbstractPropertyHolder - Attempting to locate auto-apply AttributeConverter for property [edu.ncsu.csc.itrust2.models.persistent.BasicHealthMetrics:systolic]
00:31:23.687 [main] DEBUG o.h.c.annotations.SimpleValueBinder - building SimpleValue for systolic
00:31:23.687 [main] DEBUG o.h.cfg.annotations.PropertyBinder - Building property systolic
00:31:23.688 [main] DEBUG org.hibernate.cfg.Ejb3Column - Binding column: Ejb3Column{table=org.hibernate.mapping.Table(BasicHealthMetrics), mappingColumn=tri, insertable=true, updatable=true, unique=false}
00:31:23.688 [main] DEBUG o.h.cfg.annotations.PropertyBinder - MetadataSourceProcessor property tri with lazy=false
00:31:23.688 [main] DEBUG o.h.cfg.AbstractPropertyHolder - Attempting to locate auto-apply AttributeConverter for property [edu.ncsu.csc.itrust2.models.persistent.BasicHealthMetrics:tri]
00:31:23.688 [main] DEBUG o.h.c.annotations.SimpleValueBinder - building SimpleValue for tri
00:31:23.688 [main] DEBUG o.h.cfg.annotations.PropertyBinder - Building property tri
00:31:23.689 [main] DEBUG org.hibernate.cfg.Ejb3Column - Binding column: Ejb3Column{table=org.hibernate.mapping.Table(BasicHealthMetrics), mappingColumn=weight, insertable=true, updatable=true, unique=false}
00:31:23.689 [main] DEBUG o.h.cfg.annotations.PropertyBinder - MetadataSourceProcessor property weight with lazy=false
00:31:23.689 [main] DEBUG o.h.cfg.AbstractPropertyHolder - Attempting to locate auto-apply AttributeConverter for property [edu.ncsu.csc.itrust2.models.persistent.BasicHealthMetrics:weight]
00:31:23.689 [main] DEBUG o.h.c.annotations.SimpleValueBinder - building SimpleValue for weight
00:31:23.689 [main] DEBUG o.h.cfg.annotations.PropertyBinder - Building property weight
00:31:23.689 [main] DEBUG org.hibernate.cfg.AnnotationBinder - Binding entity from annotated class: edu.ncsu.csc.itrust2.models.persistent.Diagnosis
00:31:23.689 [main] DEBUG org.hibernate.cfg.Ejb3Column - Binding column: Ejb3DiscriminatorColumn{logicalColumnName'DTYPE', discriminatorTypeName='string'}
00:31:23.690 [main] DEBUG o.h.cfg.annotations.EntityBinder - Import with entity name Diagnosis
00:31:23.690 [main] DEBUG o.h.cfg.annotations.EntityBinder - Bind entity edu.ncsu.csc.itrust2.models.persistent.Diagnosis on table Diagnoses
00:31:23.691 [main] DEBUG org.hibernate.cfg.Ejb3Column - Binding column: Ejb3Column{table=org.hibernate.mapping.Table(Diagnoses), mappingColumn=id, insertable=true, updatable=true, unique=false}
00:31:23.691 [main] DEBUG o.h.cfg.annotations.PropertyBinder - MetadataSourceProcessor property id with lazy=false
00:31:23.691 [main] DEBUG o.h.cfg.AbstractPropertyHolder - Attempting to locate auto-apply AttributeConverter for property [edu.ncsu.csc.itrust2.models.persistent.Diagnosis:id]
00:31:23.691 [main] DEBUG o.h.c.annotations.SimpleValueBinder - building SimpleValue for id
00:31:23.692 [main] DEBUG o.h.cfg.annotations.PropertyBinder - Building property id
00:31:23.692 [main] DEBUG org.hibernate.cfg.Ejb3Column - Binding column: Ejb3JoinColumn{logicalColumnName='code_id', referencedColumn='', mappedBy=''}
00:31:23.692 [main] DEBUG org.hibernate.cfg.Ejb3Column - Binding column: Ejb3Column{table=org.hibernate.mapping.Table(Diagnoses), mappingColumn=code, insertable=true, updatable=true, unique=false}
00:31:23.692 [main] DEBUG o.h.cfg.annotations.PropertyBinder - Building property code
00:31:23.692 [main] DEBUG org.hibernate.cfg.Ejb3Column - Binding column: Ejb3Column{table=org.hibernate.mapping.Table(Diagnoses), mappingColumn=note, insertable=true, updatable=true, unique=false}
00:31:23.692 [main] DEBUG o.h.cfg.annotations.PropertyBinder - MetadataSourceProcessor property note with lazy=false
00:31:23.692 [main] DEBUG o.h.cfg.AbstractPropertyHolder - Attempting to locate auto-apply AttributeConverter for property [edu.ncsu.csc.itrust2.models.persistent.Diagnosis:note]
00:31:23.693 [main] DEBUG o.h.c.annotations.SimpleValueBinder - building SimpleValue for note
00:31:23.693 [main] DEBUG o.h.cfg.annotations.PropertyBinder - Building property note
00:31:23.694 [main] DEBUG org.hibernate.cfg.Ejb3Column - Binding column: Ejb3JoinColumn{logicalColumnName='visit_id', referencedColumn='', mappedBy=''}
00:31:23.694 [main] DEBUG org.hibernate.cfg.Ejb3Column - Binding column: Ejb3Column{table=org.hibernate.mapping.Table(Diagnoses), mappingColumn=visit, insertable=true, updatable=true, unique=false}
00:31:23.694 [main] DEBUG o.h.cfg.annotations.PropertyBinder - Building property visit
00:31:23.694 [main] DEBUG org.hibernate.cfg.AnnotationBinder - Binding entity from annotated class: edu.ncsu.csc.itrust2.models.persistent.ICDCode
00:31:23.695 [main] DEBUG org.hibernate.cfg.Ejb3Column - Binding column: Ejb3DiscriminatorColumn{logicalColumnName'DTYPE', discriminatorTypeName='string'}
00:31:23.695 [main] DEBUG o.h.cfg.annotations.EntityBinder - Import with entity name ICDCode
00:31:23.695 [main] DEBUG o.h.cfg.annotations.EntityBinder - Bind entity edu.ncsu.csc.itrust2.models.persistent.ICDCode on table ICDCodes
00:31:23.696 [main] DEBUG org.hibernate.cfg.Ejb3Column - Binding column: Ejb3Column{table=org.hibernate.mapping.Table(ICDCodes), mappingColumn=id, insertable=true, updatable=true, unique=false}
00:31:23.697 [main] DEBUG o.h.cfg.annotations.PropertyBinder - MetadataSourceProcessor property id with lazy=false
00:31:23.697 [main] DEBUG o.h.cfg.AbstractPropertyHolder - Attempting to locate auto-apply AttributeConverter for property [edu.ncsu.csc.itrust2.models.persistent.ICDCode:id]
00:31:23.697 [main] DEBUG o.h.c.annotations.SimpleValueBinder - building SimpleValue for id
00:31:23.697 [main] DEBUG o.h.cfg.annotations.PropertyBinder - Building property id
00:31:23.697 [main] DEBUG org.hibernate.cfg.Ejb3Column - Binding column: Ejb3Column{table=org.hibernate.mapping.Table(ICDCodes), mappingColumn=code, insertable=true, updatable=true, unique=false}
00:31:23.698 [main] DEBUG o.h.cfg.annotations.PropertyBinder - MetadataSourceProcessor property code with lazy=false
00:31:23.698 [main] DEBUG o.h.cfg.AbstractPropertyHolder - Attempting to locate auto-apply AttributeConverter for property [edu.ncsu.csc.itrust2.models.persistent.ICDCode:code]
00:31:23.698 [main] DEBUG o.h.c.annotations.SimpleValueBinder - building SimpleValue for code
00:31:23.698 [main] DEBUG o.h.cfg.annotations.PropertyBinder - Building property code
00:31:23.698 [main] DEBUG org.hibernate.cfg.Ejb3Column - Binding column: Ejb3Column{table=org.hibernate.mapping.Table(ICDCodes), mappingColumn=description, insertable=true, updatable=true, unique=false}
00:31:23.698 [main] DEBUG o.h.cfg.annotations.PropertyBinder - MetadataSourceProcessor property description with lazy=false
00:31:23.698 [main] DEBUG o.h.cfg.AbstractPropertyHolder - Attempting to locate auto-apply AttributeConverter for property [edu.ncsu.csc.itrust2.models.persistent.ICDCode:description]
00:31:23.698 [main] DEBUG o.h.c.annotations.SimpleValueBinder - building SimpleValue for description
00:31:23.698 [main] DEBUG o.h.cfg.annotations.PropertyBinder - Building property description
00:31:23.699 [main] DEBUG org.hibernate.cfg.AnnotationBinder - Binding entity from annotated class: edu.ncsu.csc.itrust2.models.persistent.Drug
00:31:23.699 [main] DEBUG org.hibernate.cfg.Ejb3Column - Binding column: Ejb3DiscriminatorColumn{logicalColumnName'DTYPE', discriminatorTypeName='string'}
00:31:23.699 [main] DEBUG o.h.cfg.annotations.EntityBinder - Import with entity name Drug
00:31:23.699 [main] DEBUG o.h.cfg.annotations.EntityBinder - Bind entity edu.ncsu.csc.itrust2.models.persistent.Drug on table Drugs
00:31:23.703 [main] DEBUG org.hibernate.cfg.Ejb3Column - Binding column: Ejb3Column{table=org.hibernate.mapping.Table(Drugs), mappingColumn=id, insertable=true, updatable=true, unique=false}
00:31:23.703 [main] DEBUG o.h.cfg.annotations.PropertyBinder - MetadataSourceProcessor property id with lazy=false
00:31:23.703 [main] DEBUG o.h.cfg.AbstractPropertyHolder - Attempting to locate auto-apply AttributeConverter for property [edu.ncsu.csc.itrust2.models.persistent.Drug:id]
00:31:23.703 [main] DEBUG o.h.c.annotations.SimpleValueBinder - building SimpleValue for id
00:31:23.703 [main] DEBUG o.h.cfg.annotations.PropertyBinder - Building property id
00:31:23.704 [main] DEBUG org.hibernate.cfg.Ejb3Column - Binding column: Ejb3Column{table=org.hibernate.mapping.Table(Drugs), mappingColumn=code, insertable=true, updatable=true, unique=false}
00:31:23.704 [main] DEBUG o.h.cfg.annotations.PropertyBinder - MetadataSourceProcessor property code with lazy=false
00:31:23.704 [main] DEBUG o.h.cfg.AbstractPropertyHolder - Attempting to locate auto-apply AttributeConverter for property [edu.ncsu.csc.itrust2.models.persistent.Drug:code]
00:31:23.704 [main] DEBUG o.h.c.annotations.SimpleValueBinder - building SimpleValue for code
00:31:23.704 [main] DEBUG o.h.cfg.annotations.PropertyBinder - Building property code
00:31:23.705 [main] DEBUG org.hibernate.cfg.Ejb3Column - Binding column: Ejb3Column{table=org.hibernate.mapping.Table(Drugs), mappingColumn=description, insertable=true, updatable=true, unique=false}
00:31:23.705 [main] DEBUG o.h.cfg.annotations.PropertyBinder - MetadataSourceProcessor property description with lazy=false
00:31:23.705 [main] DEBUG o.h.cfg.AbstractPropertyHolder - Attempting to locate auto-apply AttributeConverter for property [edu.ncsu.csc.itrust2.models.persistent.Drug:description]
00:31:23.705 [main] DEBUG o.h.c.annotations.SimpleValueBinder - building SimpleValue for description
00:31:23.705 [main] DEBUG o.h.cfg.annotations.PropertyBinder - Building property description
00:31:23.706 [main] DEBUG org.hibernate.cfg.Ejb3Column - Binding column: Ejb3Column{table=org.hibernate.mapping.Table(Drugs), mappingColumn=name, insertable=true, updatable=true, unique=false}
00:31:23.706 [main] DEBUG o.h.cfg.annotations.PropertyBinder - MetadataSourceProcessor property name with lazy=false
00:31:23.706 [main] DEBUG o.h.cfg.AbstractPropertyHolder - Attempting to locate auto-apply AttributeConverter for property [edu.ncsu.csc.itrust2.models.persistent.Drug:name]
00:31:23.706 [main] DEBUG o.h.c.annotations.SimpleValueBinder - building SimpleValue for name
00:31:23.706 [main] DEBUG o.h.cfg.annotations.PropertyBinder - Building property name
00:31:23.707 [main] DEBUG org.hibernate.cfg.AnnotationBinder - Binding entity from annotated class: edu.ncsu.csc.itrust2.models.persistent.Prescription
00:31:23.707 [main] DEBUG org.hibernate.cfg.Ejb3Column - Binding column: Ejb3DiscriminatorColumn{logicalColumnName'DTYPE', discriminatorTypeName='string'}
00:31:23.707 [main] DEBUG o.h.cfg.annotations.EntityBinder - Import with entity name Prescription
00:31:23.707 [main] DEBUG o.h.cfg.annotations.EntityBinder - Bind entity edu.ncsu.csc.itrust2.models.persistent.Prescription on table Prescriptions
00:31:23.710 [main] DEBUG org.hibernate.cfg.Ejb3Column - Binding column: Ejb3Column{table=org.hibernate.mapping.Table(Prescriptions), mappingColumn=id, insertable=true, updatable=true, unique=false}
00:31:23.711 [main] DEBUG o.h.cfg.annotations.PropertyBinder - MetadataSourceProcessor property id with lazy=false
00:31:23.711 [main] DEBUG o.h.cfg.AbstractPropertyHolder - Attempting to locate auto-apply AttributeConverter for property [edu.ncsu.csc.itrust2.models.persistent.Prescription:id]
00:31:23.711 [main] DEBUG o.h.c.annotations.SimpleValueBinder - building SimpleValue for id
00:31:23.711 [main] DEBUG o.h.cfg.annotations.PropertyBinder - Building property id
00:31:23.711 [main] DEBUG org.hibernate.cfg.Ejb3Column - Binding column: Ejb3JoinColumn{logicalColumnName='dosage_id', referencedColumn='', mappedBy=''}
00:31:23.712 [main] DEBUG org.hibernate.cfg.Ejb3Column - Binding column: Ejb3Column{table=org.hibernate.mapping.Table(Prescriptions), mappingColumn=dosage, insertable=true, updatable=true, unique=false}
00:31:23.712 [main] DEBUG o.h.cfg.annotations.PropertyBinder - MetadataSourceProcessor property dosage with lazy=false
00:31:23.712 [main] DEBUG o.h.cfg.AbstractPropertyHolder - Attempting to locate auto-apply AttributeConverter for property [edu.ncsu.csc.itrust2.models.persistent.Prescription:dosage]
00:31:23.712 [main] DEBUG o.h.c.annotations.SimpleValueBinder - building SimpleValue for dosage
00:31:23.712 [main] DEBUG o.h.cfg.annotations.PropertyBinder - Building property dosage
00:31:23.713 [main] DEBUG org.hibernate.cfg.Ejb3Column - Binding column: Ejb3JoinColumn{logicalColumnName='drug_id', referencedColumn='', mappedBy=''}
00:31:23.713 [main] DEBUG org.hibernate.cfg.Ejb3Column - Binding column: Ejb3Column{table=org.hibernate.mapping.Table(Prescriptions), mappingColumn=drug, insertable=true, updatable=true, unique=false}
00:31:23.713 [main] DEBUG o.h.cfg.annotations.PropertyBinder - Building property drug
00:31:23.713 [main] DEBUG org.hibernate.cfg.Ejb3Column - Binding column: Ejb3JoinColumn{logicalColumnName='end_id', referencedColumn='', mappedBy=''}
00:31:23.713 [main] DEBUG org.hibernate.cfg.Ejb3Column - Binding column: Ejb3Column{table=org.hibernate.mapping.Table(Prescriptions), mappingColumn=endDate, insertable=true, updatable=true, unique=false}
00:31:23.714 [main] DEBUG o.h.cfg.annotations.PropertyBinder - MetadataSourceProcessor property endDate with lazy=false
00:31:23.714 [main] DEBUG o.h.cfg.AbstractPropertyHolder - Attempting to locate auto-apply AttributeConverter for property [edu.ncsu.csc.itrust2.models.persistent.Prescription:endDate]
00:31:23.714 [main] DEBUG o.h.c.annotations.SimpleValueBinder - building SimpleValue for endDate
00:31:23.714 [main] DEBUG o.h.cfg.annotations.PropertyBinder - Building property endDate
00:31:23.714 [main] DEBUG org.hibernate.cfg.Ejb3Column - Binding column: Ejb3JoinColumn{logicalColumnName='patient_id', referencedColumn='', mappedBy=''}
00:31:23.715 [main] DEBUG org.hibernate.cfg.Ejb3Column - Binding column: Ejb3Column{table=org.hibernate.mapping.Table(Prescriptions), mappingColumn=patient, insertable=true, updatable=true, unique=false}
00:31:23.715 [main] DEBUG o.h.cfg.annotations.PropertyBinder - Building property patient
00:31:23.715 [main] DEBUG org.hibernate.cfg.Ejb3Column - Binding column: Ejb3JoinColumn{logicalColumnName='renewal_id', referencedColumn='', mappedBy=''}
00:31:23.715 [main] DEBUG org.hibernate.cfg.Ejb3Column - Binding column: Ejb3Column{table=org.hibernate.mapping.Table(Prescriptions), mappingColumn=renewals, insertable=true, updatable=true, unique=false}
00:31:23.715 [main] DEBUG o.h.cfg.annotations.PropertyBinder - MetadataSourceProcessor property renewals with lazy=false
00:31:23.716 [main] DEBUG o.h.cfg.AbstractPropertyHolder - Attempting to locate auto-apply AttributeConverter for property [edu.ncsu.csc.itrust2.models.persistent.Prescription:renewals]
00:31:23.716 [main] DEBUG o.h.c.annotations.SimpleValueBinder - building SimpleValue for renewals
00:31:23.716 [main] DEBUG o.h.cfg.annotations.PropertyBinder - Building property renewals
00:31:23.716 [main] DEBUG org.hibernate.cfg.Ejb3Column - Binding column: Ejb3JoinColumn{logicalColumnName='start_id', referencedColumn='', mappedBy=''}
00:31:23.716 [main] DEBUG org.hibernate.cfg.Ejb3Column - Binding column: Ejb3Column{table=org.hibernate.mapping.Table(Prescriptions), mappingColumn=startDate, insertable=true, updatable=true, unique=false}
00:31:23.716 [main] DEBUG o.h.cfg.annotations.PropertyBinder - MetadataSourceProcessor property startDate with lazy=false
00:31:23.717 [main] DEBUG o.h.cfg.AbstractPropertyHolder - Attempting to locate auto-apply AttributeConverter for property [edu.ncsu.csc.itrust2.models.persistent.Prescription:startDate]
00:31:23.717 [main] DEBUG o.h.c.annotations.SimpleValueBinder - building SimpleValue for startDate
00:31:23.717 [main] DEBUG o.h.cfg.annotations.PropertyBinder - Building property startDate
00:31:23.717 [main] DEBUG org.hibernate.cfg.AnnotationBinder - Binding entity from annotated class: edu.ncsu.csc.itrust2.models.persistent.PasswordResetToken
00:31:23.717 [main] DEBUG org.hibernate.cfg.Ejb3Column - Binding column: Ejb3DiscriminatorColumn{logicalColumnName'DTYPE', discriminatorTypeName='string'}
00:31:23.718 [main] DEBUG o.h.cfg.annotations.EntityBinder - Import with entity name PasswordResetToken
00:31:23.718 [main] DEBUG o.h.cfg.annotations.EntityBinder - Bind entity edu.ncsu.csc.itrust2.models.persistent.PasswordResetToken on table PasswordResetTokens
00:31:23.719 [main] DEBUG org.hibernate.cfg.Ejb3Column - Binding column: Ejb3Column{table=org.hibernate.mapping.Table(PasswordResetTokens), mappingColumn=id, insertable=true, updatable=true, unique=false}
00:31:23.720 [main] DEBUG o.h.cfg.annotations.PropertyBinder - MetadataSourceProcessor property id with lazy=false
00:31:23.720 [main] DEBUG o.h.cfg.AbstractPropertyHolder - Attempting to locate auto-apply AttributeConverter for property [edu.ncsu.csc.itrust2.models.persistent.PasswordResetToken:id]
00:31:23.720 [main] DEBUG o.h.c.annotations.SimpleValueBinder - building SimpleValue for id
00:31:23.720 [main] DEBUG o.h.cfg.annotations.PropertyBinder - Building property id
00:31:23.721 [main] DEBUG org.hibernate.cfg.Ejb3Column - Binding column: Ejb3Column{table=org.hibernate.mapping.Table(PasswordResetTokens), mappingColumn=creationTime, insertable=true, updatable=true, unique=false}
00:31:23.721 [main] DEBUG o.h.cfg.annotations.PropertyBinder - MetadataSourceProcessor property creationTime with lazy=false
00:31:23.721 [main] DEBUG o.h.cfg.AbstractPropertyHolder - Attempting to locate auto-apply AttributeConverter for property [edu.ncsu.csc.itrust2.models.persistent.PasswordResetToken:creationTime]
00:31:23.721 [main] DEBUG o.h.c.annotations.SimpleValueBinder - building SimpleValue for creationTime
00:31:23.721 [main] DEBUG o.h.cfg.annotations.PropertyBinder - Building property creationTime
00:31:23.722 [main] DEBUG org.hibernate.cfg.Ejb3Column - Binding column: Ejb3Column{table=org.hibernate.mapping.Table(PasswordResetTokens), mappingColumn=tempPassword, insertable=true, updatable=true, unique=false}
00:31:23.722 [main] DEBUG o.h.cfg.annotations.PropertyBinder - MetadataSourceProcessor property tempPassword with lazy=false
00:31:23.722 [main] DEBUG o.h.cfg.AbstractPropertyHolder - Attempting to locate auto-apply AttributeConverter for property [edu.ncsu.csc.itrust2.models.persistent.PasswordResetToken:tempPassword]
00:31:23.722 [main] DEBUG o.h.c.annotations.SimpleValueBinder - building SimpleValue for tempPassword
00:31:23.722 [main] DEBUG o.h.cfg.annotations.PropertyBinder - Building property tempPassword
00:31:23.723 [main] DEBUG org.hibernate.cfg.Ejb3Column - Binding column: Ejb3JoinColumn{logicalColumnName='user_id', referencedColumn='', mappedBy=''}
00:31:23.723 [main] DEBUG org.hibernate.cfg.Ejb3Column - Binding column: Ejb3Column{table=org.hibernate.mapping.Table(PasswordResetTokens), mappingColumn=user, insertable=true, updatable=true, unique=false}
00:31:23.723 [main] DEBUG o.h.cfg.annotations.PropertyBinder - Building property user
00:31:23.723 [main] DEBUG org.hibernate.cfg.AnnotationBinder - Binding entity from annotated class: edu.ncsu.csc.itrust2.models.persistent.LoginAttempt
00:31:23.723 [main] DEBUG org.hibernate.cfg.Ejb3Column - Binding column: Ejb3DiscriminatorColumn{logicalColumnName'DTYPE', discriminatorTypeName='string'}
00:31:23.724 [main] DEBUG o.h.cfg.annotations.EntityBinder - Import with entity name LoginAttempt
00:31:23.724 [main] DEBUG o.h.cfg.annotations.EntityBinder - Bind entity edu.ncsu.csc.itrust2.models.persistent.LoginAttempt on table LoginAttempts
00:31:23.725 [main] DEBUG org.hibernate.cfg.Ejb3Column - Binding column: Ejb3Column{table=org.hibernate.mapping.Table(LoginAttempts), mappingColumn=id, insertable=true, updatable=true, unique=false}
00:31:23.725 [main] DEBUG o.h.cfg.annotations.PropertyBinder - MetadataSourceProcessor property id with lazy=false
00:31:23.726 [main] DEBUG o.h.cfg.AbstractPropertyHolder - Attempting to locate auto-apply AttributeConverter for property [edu.ncsu.csc.itrust2.models.persistent.LoginAttempt:id]
00:31:23.726 [main] DEBUG o.h.c.annotations.SimpleValueBinder - building SimpleValue for id
00:31:23.726 [main] DEBUG o.h.cfg.annotations.PropertyBinder - Building property id
00:31:23.726 [main] DEBUG org.hibernate.cfg.Ejb3Column - Binding column: Ejb3Column{table=org.hibernate.mapping.Table(LoginAttempts), mappingColumn=ip, insertable=true, updatable=true, unique=false}
00:31:23.727 [main] DEBUG o.h.cfg.annotations.PropertyBinder - MetadataSourceProcessor property ip with lazy=false
00:31:23.727 [main] DEBUG o.h.cfg.AbstractPropertyHolder - Attempting to locate auto-apply AttributeConverter for property [edu.ncsu.csc.itrust2.models.persistent.LoginAttempt:ip]
00:31:23.727 [main] DEBUG o.h.c.annotations.SimpleValueBinder - building SimpleValue for ip
00:31:23.727 [main] DEBUG o.h.cfg.annotations.PropertyBinder - Building property ip
00:31:23.727 [main] DEBUG org.hibernate.cfg.Ejb3Column - Binding column: Ejb3Column{table=org.hibernate.mapping.Table(LoginAttempts), mappingColumn=time, insertable=true, updatable=true, unique=false}
00:31:23.727 [main] DEBUG o.h.cfg.annotations.PropertyBinder - MetadataSourceProcessor property time with lazy=false
00:31:23.728 [main] DEBUG o.h.cfg.AbstractPropertyHolder - Attempting to locate auto-apply AttributeConverter for property [edu.ncsu.csc.itrust2.models.persistent.LoginAttempt:time]
00:31:23.728 [main] DEBUG o.h.c.annotations.SimpleValueBinder - building SimpleValue for time
00:31:23.728 [main] DEBUG o.h.cfg.annotations.PropertyBinder - Building property time
00:31:23.728 [main] DEBUG org.hibernate.cfg.Ejb3Column - Binding column: Ejb3JoinColumn{logicalColumnName='user_id', referencedColumn='', mappedBy=''}
00:31:23.729 [main] DEBUG org.hibernate.cfg.Ejb3Column - Binding column: Ejb3Column{table=org.hibernate.mapping.Table(LoginAttempts), mappingColumn=user, insertable=true, updatable=true, unique=false}
00:31:23.729 [main] DEBUG o.h.cfg.annotations.PropertyBinder - Building property user
00:31:23.729 [main] DEBUG org.hibernate.cfg.AnnotationBinder - Binding entity from annotated class: edu.ncsu.csc.itrust2.models.persistent.LoginLockout
00:31:23.730 [main] DEBUG org.hibernate.cfg.Ejb3Column - Binding column: Ejb3DiscriminatorColumn{logicalColumnName'DTYPE', discriminatorTypeName='string'}
00:31:23.730 [main] DEBUG o.h.cfg.annotations.EntityBinder - Import with entity name LoginLockout
00:31:23.730 [main] DEBUG o.h.cfg.annotations.EntityBinder - Bind entity edu.ncsu.csc.itrust2.models.persistent.LoginLockout on table LoginLockouts
00:31:23.734 [main] DEBUG org.hibernate.cfg.Ejb3Column - Binding column: Ejb3Column{table=org.hibernate.mapping.Table(LoginLockouts), mappingColumn=id, insertable=true, updatable=true, unique=false}
00:31:23.734 [main] DEBUG o.h.cfg.annotations.PropertyBinder - MetadataSourceProcessor property id with lazy=false
00:31:23.734 [main] DEBUG o.h.cfg.AbstractPropertyHolder - Attempting to locate auto-apply AttributeConverter for property [edu.ncsu.csc.itrust2.models.persistent.LoginLockout:id]
00:31:23.734 [main] DEBUG o.h.c.annotations.SimpleValueBinder - building SimpleValue for id
00:31:23.735 [main] DEBUG o.h.cfg.annotations.PropertyBinder - Building property id
00:31:23.735 [main] DEBUG org.hibernate.cfg.Ejb3Column - Binding column: Ejb3Column{table=org.hibernate.mapping.Table(LoginLockouts), mappingColumn=ip, insertable=true, updatable=true, unique=false}
00:31:23.735 [main] DEBUG o.h.cfg.annotations.PropertyBinder - MetadataSourceProcessor property ip with lazy=false
00:31:23.735 [main] DEBUG o.h.cfg.AbstractPropertyHolder - Attempting to locate auto-apply AttributeConverter for property [edu.ncsu.csc.itrust2.models.persistent.LoginLockout:ip]
00:31:23.735 [main] DEBUG o.h.c.annotations.SimpleValueBinder - building SimpleValue for ip
00:31:23.736 [main] DEBUG o.h.cfg.annotations.PropertyBinder - Building property ip
00:31:23.736 [main] DEBUG org.hibernate.cfg.Ejb3Column - Binding column: Ejb3Column{table=org.hibernate.mapping.Table(LoginLockouts), mappingColumn=time, insertable=true, updatable=true, unique=false}
00:31:23.736 [main] DEBUG o.h.cfg.annotations.PropertyBinder - MetadataSourceProcessor property time with lazy=false
00:31:23.736 [main] DEBUG o.h.cfg.AbstractPropertyHolder - Attempting to locate auto-apply AttributeConverter for property [edu.ncsu.csc.itrust2.models.persistent.LoginLockout:time]
00:31:23.736 [main] DEBUG o.h.c.annotations.SimpleValueBinder - building SimpleValue for time
00:31:23.737 [main] DEBUG o.h.cfg.annotations.PropertyBinder - Building property time
00:31:23.737 [main] DEBUG org.hibernate.cfg.Ejb3Column - Binding column: Ejb3JoinColumn{logicalColumnName='user_id', referencedColumn='', mappedBy=''}
00:31:23.737 [main] DEBUG org.hibernate.cfg.Ejb3Column - Binding column: Ejb3Column{table=org.hibernate.mapping.Table(LoginLockouts), mappingColumn=user, insertable=true, updatable=true, unique=false}
00:31:23.738 [main] DEBUG o.h.cfg.annotations.PropertyBinder - Building property user
00:31:23.738 [main] DEBUG org.hibernate.cfg.AnnotationBinder - Binding entity from annotated class: edu.ncsu.csc.itrust2.models.persistent.LoginBan
00:31:23.738 [main] DEBUG org.hibernate.cfg.Ejb3Column - Binding column: Ejb3DiscriminatorColumn{logicalColumnName'DTYPE', discriminatorTypeName='string'}
00:31:23.738 [main] DEBUG o.h.cfg.annotations.EntityBinder - Import with entity name LoginBan
00:31:23.739 [main] DEBUG o.h.cfg.annotations.EntityBinder - Bind entity edu.ncsu.csc.itrust2.models.persistent.LoginBan on table LoginBans
00:31:23.740 [main] DEBUG org.hibernate.cfg.Ejb3Column - Binding column: Ejb3Column{table=org.hibernate.mapping.Table(LoginBans), mappingColumn=id, insertable=true, updatable=true, unique=false}
00:31:23.740 [main] DEBUG o.h.cfg.annotations.PropertyBinder - MetadataSourceProcessor property id with lazy=false
00:31:23.741 [main] DEBUG o.h.cfg.AbstractPropertyHolder - Attempting to locate auto-apply AttributeConverter for property [edu.ncsu.csc.itrust2.models.persistent.LoginBan:id]
00:31:23.741 [main] DEBUG o.h.c.annotations.SimpleValueBinder - building SimpleValue for id
00:31:23.741 [main] DEBUG o.h.cfg.annotations.PropertyBinder - Building property id
00:31:23.741 [main] DEBUG org.hibernate.cfg.Ejb3Column - Binding column: Ejb3Column{table=org.hibernate.mapping.Table(LoginBans), mappingColumn=ip, insertable=true, updatable=true, unique=false}
00:31:23.742 [main] DEBUG o.h.cfg.annotations.PropertyBinder - MetadataSourceProcessor property ip with lazy=false
00:31:23.742 [main] DEBUG o.h.cfg.AbstractPropertyHolder - Attempting to locate auto-apply AttributeConverter for property [edu.ncsu.csc.itrust2.models.persistent.LoginBan:ip]
00:31:23.742 [main] DEBUG o.h.c.annotations.SimpleValueBinder - building SimpleValue for ip
00:31:23.742 [main] DEBUG o.h.cfg.annotations.PropertyBinder - Building property ip
00:31:23.742 [main] DEBUG org.hibernate.cfg.Ejb3Column - Binding column: Ejb3Column{table=org.hibernate.mapping.Table(LoginBans), mappingColumn=time, insertable=true, updatable=true, unique=false}
00:31:23.742 [main] DEBUG o.h.cfg.annotations.PropertyBinder - MetadataSourceProcessor property time with lazy=false
00:31:23.743 [main] DEBUG o.h.cfg.AbstractPropertyHolder - Attempting to locate auto-apply AttributeConverter for property [edu.ncsu.csc.itrust2.models.persistent.LoginBan:time]
00:31:23.743 [main] DEBUG o.h.c.annotations.SimpleValueBinder - building SimpleValue for time
00:31:23.743 [main] DEBUG o.h.cfg.annotations.PropertyBinder - Building property time
00:31:23.743 [main] DEBUG org.hibernate.cfg.Ejb3Column - Binding column: Ejb3JoinColumn{logicalColumnName='user_id', referencedColumn='', mappedBy=''}
00:31:23.743 [main] DEBUG org.hibernate.cfg.Ejb3Column - Binding column: Ejb3Column{table=org.hibernate.mapping.Table(LoginBans), mappingColumn=user, insertable=true, updatable=true, unique=false}
00:31:23.744 [main] DEBUG o.h.cfg.annotations.PropertyBinder - Building property user
00:31:23.745 [main] DEBUG o.h.c.annotations.SimpleValueBinder - Starting fillSimpleValue for id
00:31:23.745 [main] DEBUG o.h.c.annotations.SimpleValueBinder - Starting fillSimpleValue for logCode
00:31:23.746 [main] DEBUG o.h.c.annotations.SimpleValueBinder - Starting fillSimpleValue for message
00:31:23.746 [main] DEBUG o.h.c.annotations.SimpleValueBinder - Starting fillSimpleValue for primaryUser
00:31:23.747 [main] DEBUG o.h.c.annotations.SimpleValueBinder - Starting fillSimpleValue for secondaryUser
00:31:23.747 [main] DEBUG o.h.c.annotations.SimpleValueBinder - Starting fillSimpleValue for time
00:31:23.747 [main] DEBUG o.h.c.annotations.SimpleValueBinder - Starting fillSimpleValue for id
00:31:23.747 [main] DEBUG o.h.c.annotations.SimpleValueBinder - Starting fillSimpleValue for comments
00:31:23.747 [main] DEBUG o.h.c.annotations.SimpleValueBinder - Starting fillSimpleValue for date
00:31:23.747 [main] DEBUG o.h.c.annotations.SimpleValueBinder - Starting fillSimpleValue for status
00:31:23.747 [main] DEBUG o.h.c.annotations.SimpleValueBinder - Starting fillSimpleValue for type
00:31:23.748 [main] DEBUG o.h.c.annotations.SimpleValueBinder - Starting fillSimpleValue for username
00:31:23.748 [main] DEBUG o.h.c.annotations.SimpleValueBinder - Starting fillSimpleValue for enabled
00:31:23.748 [main] DEBUG o.h.c.annotations.SimpleValueBinder - Starting fillSimpleValue for password
00:31:23.748 [main] DEBUG o.h.c.annotations.SimpleValueBinder - Starting fillSimpleValue for role
00:31:23.748 [main] DEBUG o.h.c.annotations.SimpleValueBinder - Starting fillSimpleValue for id
00:31:23.748 [main] DEBUG o.h.c.annotations.SimpleValueBinder - Starting fillSimpleValue for date
00:31:23.749 [main] DEBUG o.h.c.annotations.SimpleValueBinder - Starting fillSimpleValue for notes
00:31:23.749 [main] DEBUG o.h.c.annotations.SimpleValueBinder - Starting fillSimpleValue for type
00:31:23.749 [main] DEBUG o.h.c.annotations.SimpleValueBinder - Starting fillSimpleValue for name
00:31:23.749 [main] DEBUG o.h.c.annotations.SimpleValueBinder - Starting fillSimpleValue for address
00:31:23.749 [main] DEBUG o.h.c.annotations.SimpleValueBinder - Starting fillSimpleValue for state
00:31:23.749 [main] DEBUG o.h.c.annotations.SimpleValueBinder - Starting fillSimpleValue for zip
00:31:23.749 [main] DEBUG o.h.c.annotations.SimpleValueBinder - Starting fillSimpleValue for address1
00:31:23.750 [main] DEBUG o.h.c.annotations.SimpleValueBinder - Starting fillSimpleValue for address2
00:31:23.750 [main] DEBUG o.h.c.annotations.SimpleValueBinder - Starting fillSimpleValue for bloodType
00:31:23.750 [main] DEBUG o.h.c.annotations.SimpleValueBinder - Starting fillSimpleValue for causeOfDeath
00:31:23.750 [main] DEBUG o.h.c.annotations.SimpleValueBinder - Starting fillSimpleValue for city
00:31:23.751 [main] DEBUG o.h.c.annotations.SimpleValueBinder - Starting fillSimpleValue for dateOfBirth
00:31:23.751 [main] DEBUG o.h.c.annotations.SimpleValueBinder - Starting fillSimpleValue for dateOfDeath
00:31:23.751 [main] DEBUG o.h.c.annotations.SimpleValueBinder - Starting fillSimpleValue for email
00:31:23.751 [main] DEBUG o.h.c.annotations.SimpleValueBinder - Starting fillSimpleValue for ethnicity
00:31:23.751 [main] DEBUG o.h.c.annotations.SimpleValueBinder - Starting fillSimpleValue for firstName
00:31:23.751 [main] DEBUG o.h.c.annotations.SimpleValueBinder - Starting fillSimpleValue for gender
00:31:23.751 [main] DEBUG o.h.c.annotations.SimpleValueBinder - Starting fillSimpleValue for id
00:31:23.752 [main] DEBUG o.h.c.annotations.SimpleValueBinder - Starting fillSimpleValue for lastName
00:31:23.752 [main] DEBUG o.h.c.annotations.SimpleValueBinder - Starting fillSimpleValue for phone
00:31:23.752 [main] DEBUG o.h.c.annotations.SimpleValueBinder - Starting fillSimpleValue for preferredName
00:31:23.752 [main] DEBUG o.h.c.annotations.SimpleValueBinder - Starting fillSimpleValue for state
00:31:23.752 [main] DEBUG o.h.c.annotations.SimpleValueBinder - Starting fillSimpleValue for zip
00:31:23.752 [main] DEBUG o.h.c.annotations.SimpleValueBinder - Starting fillSimpleValue for id
00:31:23.752 [main] DEBUG o.h.c.annotations.SimpleValueBinder - Starting fillSimpleValue for address1
00:31:23.753 [main] DEBUG o.h.c.annotations.SimpleValueBinder - Starting fillSimpleValue for address2
00:31:23.753 [main] DEBUG o.h.c.annotations.SimpleValueBinder - Starting fillSimpleValue for city
00:31:23.753 [main] DEBUG o.h.c.annotations.SimpleValueBinder - Starting fillSimpleValue for email
00:31:23.753 [main] DEBUG o.h.c.annotations.SimpleValueBinder - Starting fillSimpleValue for enabled
00:31:23.753 [main] DEBUG o.h.c.annotations.SimpleValueBinder - Starting fillSimpleValue for firstName
00:31:23.753 [main] DEBUG o.h.c.annotations.SimpleValueBinder - Starting fillSimpleValue for lastName
00:31:23.753 [main] DEBUG o.h.c.annotations.SimpleValueBinder - Starting fillSimpleValue for phone
00:31:23.755 [main] DEBUG o.h.c.annotations.SimpleValueBinder - Starting fillSimpleValue for specialty
00:31:23.755 [main] DEBUG o.h.c.annotations.SimpleValueBinder - Starting fillSimpleValue for state
00:31:23.755 [main] DEBUG o.h.c.annotations.SimpleValueBinder - Starting fillSimpleValue for zip
00:31:23.755 [main] DEBUG o.h.c.annotations.SimpleValueBinder - Starting fillSimpleValue for id
00:31:23.755 [main] DEBUG o.h.c.annotations.SimpleValueBinder - Starting fillSimpleValue for diastolic
00:31:23.755 [main] DEBUG o.h.c.annotations.SimpleValueBinder - Starting fillSimpleValue for hdl
00:31:23.756 [main] DEBUG o.h.c.annotations.SimpleValueBinder - Starting fillSimpleValue for headCircumference
00:31:23.756 [main] DEBUG o.h.c.annotations.SimpleValueBinder - Starting fillSimpleValue for height
00:31:23.756 [main] DEBUG o.h.c.annotations.SimpleValueBinder - Starting fillSimpleValue for houseSmokingStatus
00:31:23.756 [main] DEBUG o.h.c.annotations.SimpleValueBinder - Starting fillSimpleValue for ldl
00:31:23.756 [main] DEBUG o.h.c.annotations.SimpleValueBinder - Starting fillSimpleValue for patientSmokingStatus
00:31:23.756 [main] DEBUG o.h.c.annotations.SimpleValueBinder - Starting fillSimpleValue for systolic
00:31:23.756 [main] DEBUG o.h.c.annotations.SimpleValueBinder - Starting fillSimpleValue for tri
00:31:23.757 [main] DEBUG o.h.c.annotations.SimpleValueBinder - Starting fillSimpleValue for weight
00:31:23.757 [main] DEBUG o.h.c.annotations.SimpleValueBinder - Starting fillSimpleValue for id
00:31:23.757 [main] DEBUG o.h.c.annotations.SimpleValueBinder - Starting fillSimpleValue for note
00:31:23.757 [main] DEBUG o.h.c.annotations.SimpleValueBinder - Starting fillSimpleValue for id
00:31:23.757 [main] DEBUG o.h.c.annotations.SimpleValueBinder - Starting fillSimpleValue for code
00:31:23.757 [main] DEBUG o.h.c.annotations.SimpleValueBinder - Starting fillSimpleValue for description
00:31:23.757 [main] DEBUG o.h.c.annotations.SimpleValueBinder - Starting fillSimpleValue for id
00:31:23.758 [main] DEBUG o.h.c.annotations.SimpleValueBinder - Starting fillSimpleValue for code
00:31:23.758 [main] DEBUG o.h.c.annotations.SimpleValueBinder - Starting fillSimpleValue for description
00:31:23.758 [main] DEBUG o.h.c.annotations.SimpleValueBinder - Starting fillSimpleValue for name
00:31:23.758 [main] DEBUG o.h.c.annotations.SimpleValueBinder - Starting fillSimpleValue for id
00:31:23.758 [main] DEBUG o.h.c.annotations.SimpleValueBinder - Starting fillSimpleValue for dosage
00:31:23.758 [main] DEBUG o.h.c.annotations.SimpleValueBinder - Starting fillSimpleValue for endDate
00:31:23.758 [main] DEBUG o.h.c.annotations.SimpleValueBinder - Starting fillSimpleValue for renewals
00:31:23.759 [main] DEBUG o.h.c.annotations.SimpleValueBinder - Starting fillSimpleValue for startDate
00:31:23.759 [main] DEBUG o.h.c.annotations.SimpleValueBinder - Starting fillSimpleValue for id
00:31:23.759 [main] DEBUG o.h.c.annotations.SimpleValueBinder - Starting fillSimpleValue for creationTime
00:31:23.759 [main] DEBUG o.h.c.annotations.SimpleValueBinder - Starting fillSimpleValue for tempPassword
00:31:23.759 [main] DEBUG o.h.c.annotations.SimpleValueBinder - Starting fillSimpleValue for id
00:31:23.759 [main] DEBUG o.h.c.annotations.SimpleValueBinder - Starting fillSimpleValue for ip
00:31:23.760 [main] DEBUG o.h.c.annotations.SimpleValueBinder - Starting fillSimpleValue for time
00:31:23.760 [main] DEBUG o.h.c.annotations.SimpleValueBinder - Starting fillSimpleValue for id
00:31:23.760 [main] DEBUG o.h.c.annotations.SimpleValueBinder - Starting fillSimpleValue for ip
00:31:23.760 [main] DEBUG o.h.c.annotations.SimpleValueBinder - Starting fillSimpleValue for time
00:31:23.760 [main] DEBUG o.h.c.annotations.SimpleValueBinder - Starting fillSimpleValue for id
00:31:23.760 [main] DEBUG o.h.c.annotations.SimpleValueBinder - Starting fillSimpleValue for ip
00:31:23.760 [main] DEBUG o.h.c.annotations.SimpleValueBinder - Starting fillSimpleValue for time
00:31:23.772 [main] DEBUG org.hibernate.mapping.PrimaryKey - Forcing column [id] to be non-null as it is part of the primary key for table [logentries]
00:31:23.773 [main] DEBUG org.hibernate.mapping.PrimaryKey - Forcing column [id] to be non-null as it is part of the primary key for table [appointmentrequests]
00:31:23.773 [main] DEBUG org.hibernate.mapping.PrimaryKey - Forcing column [username] to be non-null as it is part of the primary key for table [users]
00:31:23.773 [main] DEBUG org.hibernate.mapping.PrimaryKey - Forcing column [id] to be non-null as it is part of the primary key for table [officevisits]
00:31:23.773 [main] DEBUG org.hibernate.mapping.PrimaryKey - Forcing column [name] to be non-null as it is part of the primary key for table [hospitals]
00:31:23.774 [main] DEBUG org.hibernate.mapping.PrimaryKey - Forcing column [self_id] to be non-null as it is part of the primary key for table [patients]
00:31:23.775 [main] DEBUG org.hibernate.mapping.PrimaryKey - Forcing column [id] to be non-null as it is part of the primary key for table [personnel]
00:31:23.775 [main] DEBUG org.hibernate.mapping.PrimaryKey - Forcing column [id] to be non-null as it is part of the primary key for table [basichealthmetrics]
00:31:23.775 [main] DEBUG org.hibernate.mapping.PrimaryKey - Forcing column [id] to be non-null as it is part of the primary key for table [diagnoses]
00:31:23.775 [main] DEBUG org.hibernate.mapping.PrimaryKey - Forcing column [id] to be non-null as it is part of the primary key for table [icdcodes]
00:31:23.775 [main] DEBUG org.hibernate.mapping.PrimaryKey - Forcing column [id] to be non-null as it is part of the primary key for table [drugs]
00:31:23.775 [main] DEBUG org.hibernate.mapping.PrimaryKey - Forcing column [id] to be non-null as it is part of the primary key for table [prescriptions]
00:31:23.776 [main] DEBUG org.hibernate.mapping.PrimaryKey - Forcing column [id] to be non-null as it is part of the primary key for table [passwordresettokens]
00:31:23.776 [main] DEBUG org.hibernate.mapping.PrimaryKey - Forcing column [id] to be non-null as it is part of the primary key for table [loginattempts]
00:31:23.776 [main] DEBUG org.hibernate.mapping.PrimaryKey - Forcing column [id] to be non-null as it is part of the primary key for table [loginlockouts]
00:31:23.776 [main] DEBUG org.hibernate.mapping.PrimaryKey - Forcing column [id] to be non-null as it is part of the primary key for table [loginbans]
00:31:23.777 [main] DEBUG o.hibernate.cfg.CollectionSecondPass - Second pass for collection: edu.ncsu.csc.itrust2.models.persistent.OfficeVisit.prescriptions
00:31:23.777 [main] DEBUG o.h.cfg.annotations.CollectionBinder - Binding a OneToMany: edu.ncsu.csc.itrust2.models.persistent.OfficeVisit.prescriptions through a foreign key
00:31:23.778 [main] DEBUG o.h.cfg.annotations.CollectionBinder - Mapping collection: edu.ncsu.csc.itrust2.models.persistent.OfficeVisit.prescriptions -> Prescriptions
00:31:23.780 [main] DEBUG o.hibernate.cfg.CollectionSecondPass - Mapped collection key: prescriptions_id, one-to-many: edu.ncsu.csc.itrust2.models.persistent.Prescription
00:31:23.780 [main] DEBUG o.h.b.i.InFlightMetadataCollectorImpl - Resolving reference to class: edu.ncsu.csc.itrust2.models.persistent.User
00:31:23.783 [main] DEBUG o.h.b.i.InFlightMetadataCollectorImpl - Resolving reference to class: edu.ncsu.csc.itrust2.models.persistent.User
00:31:23.783 [main] DEBUG o.h.b.i.InFlightMetadataCollectorImpl - Resolving reference to class: edu.ncsu.csc.itrust2.models.persistent.User
00:31:23.784 [main] DEBUG o.h.b.i.InFlightMetadataCollectorImpl - Resolving reference to class: edu.ncsu.csc.itrust2.models.persistent.User
00:31:23.784 [main] DEBUG o.h.b.i.InFlightMetadataCollectorImpl - Resolving reference to class: edu.ncsu.csc.itrust2.models.persistent.ICDCode
00:31:23.785 [main] DEBUG o.h.b.i.InFlightMetadataCollectorImpl - Resolving reference to class: edu.ncsu.csc.itrust2.models.persistent.OfficeVisit
00:31:23.785 [main] DEBUG o.h.b.i.InFlightMetadataCollectorImpl - Resolving reference to class: edu.ncsu.csc.itrust2.models.persistent.User
00:31:23.785 [main] DEBUG o.h.b.i.InFlightMetadataCollectorImpl - Resolving reference to class: edu.ncsu.csc.itrust2.models.persistent.User
00:31:23.786 [main] DEBUG o.h.b.i.InFlightMetadataCollectorImpl - Resolving reference to class: edu.ncsu.csc.itrust2.models.persistent.User
00:31:23.786 [main] DEBUG o.h.b.i.InFlightMetadataCollectorImpl - Resolving reference to class: edu.ncsu.csc.itrust2.models.persistent.AppointmentRequest
00:31:23.787 [main] DEBUG o.h.b.i.InFlightMetadataCollectorImpl - Resolving reference to class: edu.ncsu.csc.itrust2.models.persistent.BasicHealthMetrics
00:31:23.788 [main] DEBUG o.h.b.i.InFlightMetadataCollectorImpl - Resolving reference to class: edu.ncsu.csc.itrust2.models.persistent.User
00:31:23.788 [main] DEBUG o.h.b.i.InFlightMetadataCollectorImpl - Resolving reference to class: edu.ncsu.csc.itrust2.models.persistent.Hospital
00:31:23.788 [main] DEBUG o.h.b.i.InFlightMetadataCollectorImpl - Resolving reference to class: edu.ncsu.csc.itrust2.models.persistent.User
00:31:23.788 [main] DEBUG o.h.b.i.InFlightMetadataCollectorImpl - Resolving reference to class: edu.ncsu.csc.itrust2.models.persistent.User
00:31:23.789 [main] DEBUG o.h.b.i.InFlightMetadataCollectorImpl - Resolving reference to class: edu.ncsu.csc.itrust2.models.persistent.User
00:31:23.790 [main] DEBUG o.h.b.i.InFlightMetadataCollectorImpl - Resolving reference to class: edu.ncsu.csc.itrust2.models.persistent.User
00:31:23.790 [main] DEBUG o.h.b.i.InFlightMetadataCollectorImpl - Resolving reference to class: edu.ncsu.csc.itrust2.models.persistent.User
00:31:23.791 [main] DEBUG o.h.b.i.InFlightMetadataCollectorImpl - Resolving reference to class: edu.ncsu.csc.itrust2.models.persistent.User
00:31:23.791 [main] DEBUG o.h.b.i.InFlightMetadataCollectorImpl - Resolving reference to class: edu.ncsu.csc.itrust2.models.persistent.Drug
00:31:23.791 [main] DEBUG o.h.b.i.InFlightMetadataCollectorImpl - Resolving reference to class: edu.ncsu.csc.itrust2.models.persistent.User
00:31:23.792 [main] DEBUG o.h.b.i.InFlightMetadataCollectorImpl - Resolving reference to class: edu.ncsu.csc.itrust2.models.persistent.OfficeVisit
00:31:23.793 [main] DEBUG o.h.b.i.InFlightMetadataCollectorImpl - Resolving reference to class: edu.ncsu.csc.itrust2.models.persistent.User
00:31:23.793 [main] DEBUG o.h.b.i.InFlightMetadataCollectorImpl - Resolving reference to class: edu.ncsu.csc.itrust2.models.persistent.User
00:31:23.793 [main] DEBUG o.h.b.i.InFlightMetadataCollectorImpl - Resolving reference to class: edu.ncsu.csc.itrust2.models.persistent.User
00:31:23.794 [main] DEBUG o.h.b.i.InFlightMetadataCollectorImpl - Resolving reference to class: edu.ncsu.csc.itrust2.models.persistent.User
00:31:23.794 [main] DEBUG o.h.b.i.InFlightMetadataCollectorImpl - Resolving reference to class: edu.ncsu.csc.itrust2.models.persistent.ICDCode
00:31:23.794 [main] DEBUG o.h.b.i.InFlightMetadataCollectorImpl - Resolving reference to class: edu.ncsu.csc.itrust2.models.persistent.OfficeVisit
00:31:23.795 [main] DEBUG o.h.b.i.InFlightMetadataCollectorImpl - Resolving reference to class: edu.ncsu.csc.itrust2.models.persistent.User
00:31:23.795 [main] DEBUG o.h.b.i.InFlightMetadataCollectorImpl - Resolving reference to class: edu.ncsu.csc.itrust2.models.persistent.User
00:31:23.795 [main] DEBUG o.h.b.i.InFlightMetadataCollectorImpl - Resolving reference to class: edu.ncsu.csc.itrust2.models.persistent.User
00:31:23.795 [main] DEBUG o.h.b.i.InFlightMetadataCollectorImpl - Resolving reference to class: edu.ncsu.csc.itrust2.models.persistent.AppointmentRequest
00:31:23.795 [main] DEBUG o.h.b.i.InFlightMetadataCollectorImpl - Resolving reference to class: edu.ncsu.csc.itrust2.models.persistent.BasicHealthMetrics
00:31:23.795 [main] DEBUG o.h.b.i.InFlightMetadataCollectorImpl - Resolving reference to class: edu.ncsu.csc.itrust2.models.persistent.User
00:31:23.795 [main] DEBUG o.h.b.i.InFlightMetadataCollectorImpl - Resolving reference to class: edu.ncsu.csc.itrust2.models.persistent.Hospital
00:31:23.796 [main] DEBUG o.h.b.i.InFlightMetadataCollectorImpl - Resolving reference to class: edu.ncsu.csc.itrust2.models.persistent.User
00:31:23.796 [main] DEBUG o.h.b.i.InFlightMetadataCollectorImpl - Resolving reference to class: edu.ncsu.csc.itrust2.models.persistent.User
00:31:23.796 [main] DEBUG o.h.b.i.InFlightMetadataCollectorImpl - Resolving reference to class: edu.ncsu.csc.itrust2.models.persistent.User
00:31:23.796 [main] DEBUG o.h.b.i.InFlightMetadataCollectorImpl - Resolving reference to class: edu.ncsu.csc.itrust2.models.persistent.User
00:31:23.796 [main] DEBUG o.h.b.i.InFlightMetadataCollectorImpl - Resolving reference to class: edu.ncsu.csc.itrust2.models.persistent.User
00:31:23.796 [main] DEBUG o.h.b.i.InFlightMetadataCollectorImpl - Resolving reference to class: edu.ncsu.csc.itrust2.models.persistent.User
00:31:23.796 [main] DEBUG o.h.b.i.InFlightMetadataCollectorImpl - Resolving reference to class: edu.ncsu.csc.itrust2.models.persistent.Drug
00:31:23.797 [main] DEBUG o.h.b.i.InFlightMetadataCollectorImpl - Resolving reference to class: edu.ncsu.csc.itrust2.models.persistent.User
00:31:23.797 [main] DEBUG o.h.b.i.InFlightMetadataCollectorImpl - Resolving reference to class: edu.ncsu.csc.itrust2.models.persistent.OfficeVisit
00:31:23.816 [main] DEBUG o.h.b.internal.ClassLoaderAccessImpl - Not known whether passed class name [edu.ncsu.csc.itrust2.models.persistent.Patient] is safe
00:31:23.816 [main] DEBUG o.h.b.internal.ClassLoaderAccessImpl - No temp ClassLoader provided; using live ClassLoader for loading potentially unsafe class : edu.ncsu.csc.itrust2.models.persistent.Patient
00:31:23.906 [main] WARN  org.hibernate.mapping.RootClass - HHH000038: Composite-id class does not override equals(): edu.ncsu.csc.itrust2.models.persistent.Patient
00:31:23.906 [main] WARN  org.hibernate.mapping.RootClass - HHH000039: Composite-id class does not override hashCode(): edu.ncsu.csc.itrust2.models.persistent.Patient
00:31:23.930 [main] DEBUG o.h.internal.SessionFactoryImpl - Building session factory
00:31:23.932 [main] DEBUG org.hibernate.cfg.Settings - SessionFactory name : null
00:31:23.933 [main] DEBUG org.hibernate.cfg.Settings - Automatic flush during beforeCompletion(): disabled
00:31:23.933 [main] DEBUG org.hibernate.cfg.Settings - Automatic session close at end of transaction: disabled
00:31:23.933 [main] DEBUG org.hibernate.cfg.Settings - Statistics: disabled
00:31:23.933 [main] DEBUG org.hibernate.cfg.Settings - Deleted entity synthetic identifier rollback: disabled
00:31:23.933 [main] DEBUG org.hibernate.cfg.Settings - Default entity-mode: pojo
00:31:23.933 [main] DEBUG org.hibernate.cfg.Settings - Check Nullability in Core (should be disabled when Bean Validation is on): enabled
00:31:23.934 [main] DEBUG org.hibernate.cfg.Settings - Allow initialization of lazy state outside session : disabled
00:31:23.934 [main] DEBUG org.hibernate.cfg.Settings - Using BatchFetchStyle : LEGACY
00:31:23.934 [main] DEBUG org.hibernate.cfg.Settings - Default batch fetch size: -1
00:31:23.934 [main] DEBUG org.hibernate.cfg.Settings - Maximum outer join fetch depth: 2
00:31:23.934 [main] DEBUG org.hibernate.cfg.Settings - Default null ordering: NONE
00:31:23.934 [main] DEBUG org.hibernate.cfg.Settings - Order SQL updates by primary key: disabled
00:31:23.934 [main] DEBUG org.hibernate.cfg.Settings - Order SQL inserts for batching: disabled
00:31:23.935 [main] DEBUG org.hibernate.cfg.Settings - multi-tenancy strategy : NONE
00:31:23.935 [main] DEBUG org.hibernate.cfg.Settings - JTA Track by Thread: enabled
00:31:23.935 [main] DEBUG org.hibernate.cfg.Settings - Query language substitutions: {}
00:31:23.935 [main] DEBUG org.hibernate.cfg.Settings - JPA query language strict compliance: disabled
00:31:23.935 [main] DEBUG org.hibernate.cfg.Settings - Named query checking : enabled
00:31:23.935 [main] DEBUG org.hibernate.cfg.Settings - Second-level cache: enabled
00:31:23.935 [main] DEBUG org.hibernate.cfg.Settings - Second-level query cache: disabled
00:31:23.936 [main] DEBUG org.hibernate.cfg.Settings - Second-level query cache factory: org.hibernate.cache.internal.StandardQueryCacheFactory@73d8545b
00:31:23.936 [main] DEBUG org.hibernate.cfg.Settings - Second-level cache region prefix: null
00:31:23.936 [main] DEBUG org.hibernate.cfg.Settings - Optimize second-level cache for minimal puts: disabled
00:31:23.936 [main] DEBUG org.hibernate.cfg.Settings - Structured second-level cache entries: disabled
00:31:23.936 [main] DEBUG org.hibernate.cfg.Settings - Second-level cache direct-reference entries: disabled
00:31:23.936 [main] DEBUG org.hibernate.cfg.Settings - Automatic eviction of collection cache: disabled
00:31:23.936 [main] DEBUG org.hibernate.cfg.Settings - JDBC batch size: 15
00:31:23.937 [main] DEBUG org.hibernate.cfg.Settings - JDBC batch updates for versioned data: enabled
00:31:23.937 [main] DEBUG org.hibernate.cfg.Settings - Scrollable result sets: enabled
00:31:23.937 [main] DEBUG org.hibernate.cfg.Settings - Wrap result sets: disabled
00:31:23.937 [main] DEBUG org.hibernate.cfg.Settings - JDBC3 getGeneratedKeys(): enabled
00:31:23.937 [main] DEBUG org.hibernate.cfg.Settings - JDBC result set fetch size: null
00:31:23.937 [main] DEBUG org.hibernate.cfg.Settings - Connection release mode: ON_CLOSE
00:31:23.937 [main] DEBUG org.hibernate.cfg.Settings - Generate SQL with comments: disabled
00:31:24.021 [main] DEBUG o.h.internal.SessionFactoryImpl - Returning a Reference to the SessionFactory
00:31:24.023 [main] DEBUG o.h.internal.SessionFactoryImpl - Session factory constructed with filter configurations : {}
00:31:24.023 [main] DEBUG o.h.internal.SessionFactoryImpl - Instantiating session factory with properties: {hibernate.connection.password=root, java.runtime.name=Java(TM) SE Runtime Environment, java.vm.version=25.161-b12, sun.boot.library.path=/usr/lib/jvm/java-8-oracle/jre/lib/amd64, hibernate.connection.username=root, hibernate.boot.CfgXmlAccessService.key=org.hibernate.boot.cfgxml.spi.LoadedConfig@371928a5, java.vm.vendor=Oracle Corporation, java.vendor.url=http://java.oracle.com/, path.separator=:, java.vm.name=Java HotSpot(TM) 64-Bit Server VM, file.encoding.pkg=sun.io, sun.os.patch.level=unknown, user.country=US, sun.java.launcher=SUN_STANDARD, java.vm.specification.name=Java Virtual Machine Specification, user.dir=/var/lib/jenkins/workspace/iTrustBuildJob/iTrust2, java.runtime.version=1.8.0_161-b12, java.awt.graphicsenv=sun.awt.X11GraphicsEnvironment, basedir=/var/lib/jenkins/workspace/iTrustBuildJob/iTrust2, os.arch=amd64, java.endorsed.dirs=/usr/lib/jvm/java-8-oracle/jre/lib/endorsed, surefire.real.class.path=/var/lib/jenkins/workspace/iTrustBuildJob/iTrust2/target/surefire/surefirebooter3151287635939533872.jar:/root/.m2/repository/org/jacoco/org.jacoco.agent/0.7.5.201505241946/org.jacoco.agent-0.7.5.201505241946-runtime.jar, java.io.tmpdir=/tmp, line.separator=
, java.vm.specification.vendor=Oracle Corporation, os.name=Linux, sun.jnu.encoding=UTF-8, java.library.path=/usr/java/packages/lib/amd64:/usr/lib64:/lib64:/lib:/usr/lib, surefire.test.class.path=/var/lib/jenkins/workspace/iTrustBuildJob/iTrust2/target/test-classes:/var/lib/jenkins/workspace/iTrustBuildJob/iTrust2/target/classes:/root/.m2/repository/javax/servlet/jsp/jstl/javax.servlet.jsp.jstl-api/1.2.1/javax.servlet.jsp.jstl-api-1.2.1.jar:/root/.m2/repository/javax/validation/validation-api/1.1.0.Final/validation-api-1.1.0.Final.jar:/root/.m2/repository/org/hibernate/hibernate-validator/5.4.1.Final/hibernate-validator-5.4.1.Final.jar:/root/.m2/repository/org/jboss/logging/jboss-logging/3.3.0.Final/jboss-logging-3.3.0.Final.jar:/root/.m2/repository/com/fasterxml/classmate/1.3.1/classmate-1.3.1.jar:/root/.m2/repository/org/slf4j/jcl-over-slf4j/1.7.7/jcl-over-slf4j-1.7.7.jar:/root/.m2/repository/org/slf4j/jul-to-slf4j/1.7.7/jul-to-slf4j-1.7.7.jar:/root/.m2/repository/org/slf4j/log4j-over-slf4j/1.7.7/log4j-over-slf4j-1.7.7.jar:/root/.m2/repository/org/slf4j/slf4j-api/1.7.7/slf4j-api-1.7.7.jar:/root/.m2/repository/org/springframework/security/spring-security-config/4.2.2.RELEASE/spring-security-config-4.2.2.RELEASE.jar:/root/.m2/repository/aopalliance/aopalliance/1.0/aopalliance-1.0.jar:/root/.m2/repository/org/springframework/spring-aop/4.3.5.RELEASE/spring-aop-4.3.5.RELEASE.jar:/root/.m2/repository/org/springframework/spring-beans/4.3.5.RELEASE/spring-beans-4.3.5.RELEASE.jar:/root/.m2/repository/org/springframework/spring-context/4.3.5.RELEASE/spring-context-4.3.5.RELEASE.jar:/root/.m2/repository/org/springframework/spring-core/4.3.5.RELEASE/spring-core-4.3.5.RELEASE.jar:/root/.m2/repository/org/springframework/security/spring-security-core/4.2.2.RELEASE/spring-security-core-4.2.2.RELEASE.jar:/root/.m2/repository/org/springframework/spring-expression/4.3.5.RELEASE/spring-expression-4.3.5.RELEASE.jar:/root/.m2/repository/org/springframework/security/spring-security-web/4.2.2.RELEASE/spring-security-web-4.2.2.RELEASE.jar:/root/.m2/repository/org/springframework/spring-web/4.3.5.RELEASE/spring-web-4.3.5.RELEASE.jar:/root/.m2/repository/org/springframework/spring-jdbc/4.3.5.RELEASE/spring-jdbc-4.3.5.RELEASE.jar:/root/.m2/repository/org/springframework/spring-tx/4.3.5.RELEASE/spring-tx-4.3.5.RELEASE.jar:/root/.m2/repository/javax/el/javax.el-api/2.2.4/javax.el-api-2.2.4.jar:/root/.m2/repository/org/glassfish/javax.el/3.0.1-b08/javax.el-3.0.1-b08.jar:/root/.m2/repository/org/springframework/spring-webmvc/4.3.5.RELEASE/spring-webmvc-4.3.5.RELEASE.jar:/root/.m2/repository/commons-logging/commons-logging/1.2/commons-logging-1.2.jar:/root/.m2/repository/javax/servlet/jsp/jsp-api/2.1/jsp-api-2.1.jar:/root/.m2/repository/javax/servlet/javax.servlet-api/3.0.1/javax.servlet-api-3.0.1.jar:/root/.m2/repository/cglib/cglib-nodep/3.1/cglib-nodep-3.1.jar:/root/.m2/repository/ch/qos/logback/logback-classic/1.1.2/logback-classic-1.1.2.jar:/root/.m2/repository/ch/qos/logback/logback-core/1.1.2/logback-core-1.1.2.jar:/root/.m2/repository/opensymphony/sitemesh/2.4.2/sitemesh-2.4.2.jar:/root/.m2/repository/junit/junit/4.12/junit-4.12.jar:/root/.m2/repository/org/assertj/assertj-core/2.2.0/assertj-core-2.2.0.jar:/root/.m2/repository/org/mockito/mockito-core/1.10.19/mockito-core-1.10.19.jar:/root/.m2/repository/org/objenesis/objenesis/2.1/objenesis-2.1.jar:/root/.m2/repository/org/springframework/security/spring-security-test/4.2.2.RELEASE/spring-security-test-4.2.2.RELEASE.jar:/root/.m2/repository/org/springframework/spring-test/4.3.5.RELEASE/spring-test-4.3.5.RELEASE.jar:/root/.m2/repository/mysql/mysql-connector-java/5.1.40/mysql-connector-java-5.1.40.jar:/root/.m2/repository/org/springframework/spring-orm/4.3.5.RELEASE/spring-orm-4.3.5.RELEASE.jar:/root/.m2/repository/org/springframework/data/spring-data-jpa/1.10.2.RELEASE/spring-data-jpa-1.10.2.RELEASE.jar:/root/.m2/repository/org/springframework/data/spring-data-commons/1.12.2.RELEASE/spring-data-commons-1.12.2.RELEASE.jar:/root/.m2/repository/org/aspectj/aspectjrt/1.8.9/aspectjrt-1.8.9.jar:/root/.m2/repository/org/thymeleaf/thymeleaf/3.0.0.RELEASE/thymeleaf-3.0.0.RELEASE.jar:/root/.m2/repository/ognl/ognl/3.1.3/ognl-3.1.3.jar:/root/.m2/repository/org/javassist/javassist/3.20.0-GA/javassist-3.20.0-GA.jar:/root/.m2/repository/org/attoparser/attoparser/2.0.0.RELEASE/attoparser-2.0.0.RELEASE.jar:/root/.m2/repository/org/unbescape/unbescape/1.1.3.RELEASE/unbescape-1.1.3.RELEASE.jar:/root/.m2/repository/org/thymeleaf/thymeleaf-spring4/3.0.2.RELEASE/thymeleaf-spring4-3.0.2.RELEASE.jar:/root/.m2/repository/org/thymeleaf/extras/thymeleaf-extras-tiles2-spring4/2.1.1.RELEASE/thymeleaf-extras-tiles2-spring4-2.1.1.RELEASE.jar:/root/.m2/repository/org/thymeleaf/extras/thymeleaf-extras-tiles2/2.1.1.RELEASE/thymeleaf-extras-tiles2-2.1.1.RELEASE.jar:/root/.m2/repository/org/apache/tiles/tiles-core/2.2.2/tiles-core-2.2.2.jar:/root/.m2/repository/org/apache/tiles/tiles-api/2.2.2/tiles-api-2.2.2.jar:/root/.m2/repository/commons-digester/commons-digester/2.0/commons-digester-2.0.jar:/root/.m2/repository/commons-beanutils/commons-beanutils/1.8.0/commons-beanutils-1.8.0.jar:/root/.m2/repository/org/apache/tiles/tiles-template/2.2.2/tiles-template-2.2.2.jar:/root/.m2/repository/org/apache/tiles/tiles-servlet/2.2.2/tiles-servlet-2.2.2.jar:/root/.m2/repository/org/apache/tiles/tiles-jsp/2.2.2/tiles-jsp-2.2.2.jar:/root/.m2/repository/org/hibernate/hibernate-entitymanager/5.0.11.Final/hibernate-entitymanager-5.0.11.Final.jar:/root/.m2/repository/org/hibernate/hibernate-core/5.0.11.Final/hibernate-core-5.0.11.Final.jar:/root/.m2/repository/antlr/antlr/2.7.7/antlr-2.7.7.jar:/root/.m2/repository/org/jboss/jandex/2.0.0.Final/jandex-2.0.0.Final.jar:/root/.m2/repository/dom4j/dom4j/1.6.1/dom4j-1.6.1.jar:/root/.m2/repository/org/hibernate/common/hibernate-commons-annotations/5.0.1.Final/hibernate-commons-annotations-5.0.1.Final.jar:/root/.m2/repository/org/hibernate/javax/persistence/hibernate-jpa-2.1-api/1.0.0.Final/hibernate-jpa-2.1-api-1.0.0.Final.jar:/root/.m2/repository/org/apache/geronimo/specs/geronimo-jta_1.1_spec/1.1.1/geronimo-jta_1.1_spec-1.1.1.jar:/root/.m2/repository/org/seleniumhq/selenium/selenium-java/2.53.1/selenium-java-2.53.1.jar:/root/.m2/repository/org/seleniumhq/selenium/selenium-chrome-driver/2.53.1/selenium-chrome-driver-2.53.1.jar:/root/.m2/repository/org/seleniumhq/selenium/selenium-remote-driver/2.53.1/selenium-remote-driver-2.53.1.jar:/root/.m2/repository/org/seleniumhq/selenium/selenium-api/2.53.1/selenium-api-2.53.1.jar:/root/.m2/repository/com/google/guava/guava/19.0/guava-19.0.jar:/root/.m2/repository/org/seleniumhq/selenium/selenium-edge-driver/2.53.1/selenium-edge-driver-2.53.1.jar:/root/.m2/repository/org/apache/commons/commons-exec/1.3/commons-exec-1.3.jar:/root/.m2/repository/org/seleniumhq/selenium/selenium-firefox-driver/2.53.1/selenium-firefox-driver-2.53.1.jar:/root/.m2/repository/org/seleniumhq/selenium/selenium-ie-driver/2.53.1/selenium-ie-driver-2.53.1.jar:/root/.m2/repository/net/java/dev/jna/jna/4.1.0/jna-4.1.0.jar:/root/.m2/repository/net/java/dev/jna/jna-platform/4.1.0/jna-platform-4.1.0.jar:/root/.m2/repository/org/seleniumhq/selenium/selenium-safari-driver/2.53.1/selenium-safari-driver-2.53.1.jar:/root/.m2/repository/io/netty/netty/3.5.7.Final/netty-3.5.7.Final.jar:/root/.m2/repository/org/seleniumhq/selenium/selenium-support/2.53.1/selenium-support-2.53.1.jar:/root/.m2/repository/org/seleniumhq/selenium/selenium-leg-rc/2.53.1/selenium-leg-rc-2.53.1.jar:/root/.m2/repository/org/seleniumhq/selenium/htmlunit-driver/2.21/htmlunit-driver-2.21.jar:/root/.m2/repository/net/sourceforge/htmlunit/htmlunit/2.21/htmlunit-2.21.jar:/root/.m2/repository/xalan/xalan/2.7.2/xalan-2.7.2.jar:/root/.m2/repository/xalan/serializer/2.7.2/serializer-2.7.2.jar:/root/.m2/repository/org/apache/httpcomponents/httpmime/4.5.2/httpmime-4.5.2.jar:/root/.m2/repository/commons-codec/commons-codec/1.10/commons-codec-1.10.jar:/root/.m2/repository/net/sourceforge/htmlunit/htmlunit-core-js/2.17/htmlunit-core-js-2.17.jar:/root/.m2/repository/net/sourceforge/htmlunit/neko-htmlunit/2.21/neko-htmlunit-2.21.jar:/root/.m2/repository/xerces/xercesImpl/2.11.0/xercesImpl-2.11.0.jar:/root/.m2/repository/net/sourceforge/cssparser/cssparser/0.9.18/cssparser-0.9.18.jar:/root/.m2/repository/org/w3c/css/sac/1.3/sac-1.3.jar:/root/.m2/repository/org/eclipse/jetty/websocket/websocket-client/9.2.15.v20160210/websocket-client-9.2.15.v20160210.jar:/root/.m2/repository/org/eclipse/jetty/jetty-util/9.2.15.v20160210/jetty-util-9.2.15.v20160210.jar:/root/.m2/repository/org/eclipse/jetty/jetty-io/9.2.15.v20160210/jetty-io-9.2.15.v20160210.jar:/root/.m2/repository/org/eclipse/jetty/websocket/websocket-common/9.2.15.v20160210/websocket-common-9.2.15.v20160210.jar:/root/.m2/repository/org/eclipse/jetty/websocket/websocket-api/9.2.15.v20160210/websocket-api-9.2.15.v20160210.jar:/root/.m2/repository/commons-collections/commons-collections/3.2.2/commons-collections-3.2.2.jar:/root/.m2/repository/io/github/bonigarcia/webdrivermanager/1.7.2/webdrivermanager-1.7.2.jar:/root/.m2/repository/commons-io/commons-io/2.5/commons-io-2.5.jar:/root/.m2/repository/com/typesafe/config/1.2.1/config-1.2.1.jar:/root/.m2/repository/org/apache/commons/commons-lang3/3.5/commons-lang3-3.5.jar:/root/.m2/repository/org/apache/httpcomponents/httpclient/4.5.3/httpclient-4.5.3.jar:/root/.m2/repository/org/apache/httpcomponents/httpcore/4.4.6/httpcore-4.4.6.jar:/root/.m2/repository/org/rauschig/jarchivelib/0.7.1/jarchivelib-0.7.1.jar:/root/.m2/repository/org/apache/commons/commons-compress/1.9/commons-compress-1.9.jar:/root/.m2/repository/org/jsoup/jsoup/1.10.2/jsoup-1.10.2.jar:/root/.m2/repository/xml-apis/xml-apis/1.4.01/xml-apis-1.4.01.jar:/root/.m2/repository/info/cukes/cucumber-core/1.2.4/cucumber-core-1.2.4.jar:/root/.m2/repository/info/cukes/gherkin/2.12.2/gherkin-2.12.2.jar:/root/.m2/repository/info/cukes/cucumber-html/0.2.3/cucumber-html-0.2.3.jar:/root/.m2/repository/info/cukes/cucumber-java/1.2.4/cucumber-java-1.2.4.jar:/root/.m2/repository/info/cukes/cucumber-jvm-deps/1.0.5/cucumber-jvm-deps-1.0.5.jar:/root/.m2/repository/info/cukes/cucumber-picocontainer/1.2.4/cucumber-picocontainer-1.2.4.jar:/root/.m2/repository/org/picocontainer/picocontainer/2.15/picocontainer-2.15.jar:/root/.m2/repository/info/cukes/cucumber-junit/1.2.4/cucumber-junit-1.2.4.jar:/root/.m2/repository/org/springframework/webflow/spring-binding/2.4.4.RELEASE/spring-binding-2.4.4.RELEASE.jar:/root/.m2/repository/opensymphony/ognl/2.6.11/ognl-2.6.11.jar:/root/.m2/repository/org/springframework/webflow/spring-webflow/2.4.4.RELEASE/spring-webflow-2.4.4.RELEASE.jar:/root/.m2/repository/org/springframework/webflow/spring-js/2.4.4.RELEASE/spring-js-2.4.4.RELEASE.jar:/root/.m2/repository/org/springframework/webflow/spring-js-resources/2.4.4.RELEASE/spring-js-resources-2.4.4.RELEASE.jar:/root/.m2/repository/com/google/code/gson/gson/2.8.0/gson-2.8.0.jar:/root/.m2/repository/org/hamcrest/hamcrest-core/1.3/hamcrest-core-1.3.jar:/root/.m2/repository/org/hamcrest/hamcrest-library/1.3/hamcrest-library-1.3.jar:/root/.m2/repository/com/jayway/jsonpath/json-path-assert/2.2.0/json-path-assert-2.2.0.jar:/root/.m2/repository/com/jayway/jsonpath/json-path/2.2.0/json-path-2.2.0.jar:/root/.m2/repository/net/minidev/json-smart/2.2.1/json-smart-2.2.1.jar:/root/.m2/repository/net/minidev/accessors-smart/1.1/accessors-smart-1.1.jar:/root/.m2/repository/org/ow2/asm/asm/5.0.3/asm-5.0.3.jar:/root/.m2/repository/org/springframework/session/spring-session/1.2.1.RELEASE/spring-session-1.2.1.RELEASE.jar:/root/.m2/repository/javax/mail/mail/1.4.7/mail-1.4.7.jar:/root/.m2/repository/javax/activation/activation/1.1/activation-1.1.jar:/root/.m2/repository/javax/mail/javax.mail-api/1.5.5/javax.mail-api-1.5.5.jar:, java.class.version=52.0, java.specification.name=Java Platform API Specification, hibernate.connection.pool_size=100, sun.management.compiler=HotSpot 64-Bit Tiered Compilers, os.version=3.13.0-139-generic, user.home=/root, user.timezone=America/New_York, java.awt.printerjob=sun.print.PSPrinterJob, file.encoding=UTF-8, java.specification.version=1.8, hibernate.connection.driver_class=com.mysql.jdbc.Driver, show_sql=true, user.name=root, java.class.path=/var/lib/jenkins/workspace/iTrustBuildJob/iTrust2/target/test-classes:/var/lib/jenkins/workspace/iTrustBuildJob/iTrust2/target/classes:/root/.m2/repository/javax/servlet/jsp/jstl/javax.servlet.jsp.jstl-api/1.2.1/javax.servlet.jsp.jstl-api-1.2.1.jar:/root/.m2/repository/javax/validation/validation-api/1.1.0.Final/validation-api-1.1.0.Final.jar:/root/.m2/repository/org/hibernate/hibernate-validator/5.4.1.Final/hibernate-validator-5.4.1.Final.jar:/root/.m2/repository/org/jboss/logging/jboss-logging/3.3.0.Final/jboss-logging-3.3.0.Final.jar:/root/.m2/repository/com/fasterxml/classmate/1.3.1/classmate-1.3.1.jar:/root/.m2/repository/org/slf4j/jcl-over-slf4j/1.7.7/jcl-over-slf4j-1.7.7.jar:/root/.m2/repository/org/slf4j/jul-to-slf4j/1.7.7/jul-to-slf4j-1.7.7.jar:/root/.m2/repository/org/slf4j/log4j-over-slf4j/1.7.7/log4j-over-slf4j-1.7.7.jar:/root/.m2/repository/org/slf4j/slf4j-api/1.7.7/slf4j-api-1.7.7.jar:/root/.m2/repository/org/springframework/security/spring-security-config/4.2.2.RELEASE/spring-security-config-4.2.2.RELEASE.jar:/root/.m2/repository/aopalliance/aopalliance/1.0/aopalliance-1.0.jar:/root/.m2/repository/org/springframework/spring-aop/4.3.5.RELEASE/spring-aop-4.3.5.RELEASE.jar:/root/.m2/repository/org/springframework/spring-beans/4.3.5.RELEASE/spring-beans-4.3.5.RELEASE.jar:/root/.m2/repository/org/springframework/spring-context/4.3.5.RELEASE/spring-context-4.3.5.RELEASE.jar:/root/.m2/repository/org/springframework/spring-core/4.3.5.RELEASE/spring-core-4.3.5.RELEASE.jar:/root/.m2/repository/org/springframework/security/spring-security-core/4.2.2.RELEASE/spring-security-core-4.2.2.RELEASE.jar:/root/.m2/repository/org/springframework/spring-expression/4.3.5.RELEASE/spring-expression-4.3.5.RELEASE.jar:/root/.m2/repository/org/springframework/security/spring-security-web/4.2.2.RELEASE/spring-security-web-4.2.2.RELEASE.jar:/root/.m2/repository/org/springframework/spring-web/4.3.5.RELEASE/spring-web-4.3.5.RELEASE.jar:/root/.m2/repository/org/springframework/spring-jdbc/4.3.5.RELEASE/spring-jdbc-4.3.5.RELEASE.jar:/root/.m2/repository/org/springframework/spring-tx/4.3.5.RELEASE/spring-tx-4.3.5.RELEASE.jar:/root/.m2/repository/javax/el/javax.el-api/2.2.4/javax.el-api-2.2.4.jar:/root/.m2/repository/org/glassfish/javax.el/3.0.1-b08/javax.el-3.0.1-b08.jar:/root/.m2/repository/org/springframework/spring-webmvc/4.3.5.RELEASE/spring-webmvc-4.3.5.RELEASE.jar:/root/.m2/repository/commons-logging/commons-logging/1.2/commons-logging-1.2.jar:/root/.m2/repository/javax/servlet/jsp/jsp-api/2.1/jsp-api-2.1.jar:/root/.m2/repository/javax/servlet/javax.servlet-api/3.0.1/javax.servlet-api-3.0.1.jar:/root/.m2/repository/cglib/cglib-nodep/3.1/cglib-nodep-3.1.jar:/root/.m2/repository/ch/qos/logback/logback-classic/1.1.2/logback-classic-1.1.2.jar:/root/.m2/repository/ch/qos/logback/logback-core/1.1.2/logback-core-1.1.2.jar:/root/.m2/repository/opensymphony/sitemesh/2.4.2/sitemesh-2.4.2.jar:/root/.m2/repository/junit/junit/4.12/junit-4.12.jar:/root/.m2/repository/org/assertj/assertj-core/2.2.0/assertj-core-2.2.0.jar:/root/.m2/repository/org/mockito/mockito-core/1.10.19/mockito-core-1.10.19.jar:/root/.m2/repository/org/objenesis/objenesis/2.1/objenesis-2.1.jar:/root/.m2/repository/org/springframework/security/spring-security-test/4.2.2.RELEASE/spring-security-test-4.2.2.RELEASE.jar:/root/.m2/repository/org/springframework/spring-test/4.3.5.RELEASE/spring-test-4.3.5.RELEASE.jar:/root/.m2/repository/mysql/mysql-connector-java/5.1.40/mysql-connector-java-5.1.40.jar:/root/.m2/repository/org/springframework/spring-orm/4.3.5.RELEASE/spring-orm-4.3.5.RELEASE.jar:/root/.m2/repository/org/springframework/data/spring-data-jpa/1.10.2.RELEASE/spring-data-jpa-1.10.2.RELEASE.jar:/root/.m2/repository/org/springframework/data/spring-data-commons/1.12.2.RELEASE/spring-data-commons-1.12.2.RELEASE.jar:/root/.m2/repository/org/aspectj/aspectjrt/1.8.9/aspectjrt-1.8.9.jar:/root/.m2/repository/org/thymeleaf/thymeleaf/3.0.0.RELEASE/thymeleaf-3.0.0.RELEASE.jar:/root/.m2/repository/ognl/ognl/3.1.3/ognl-3.1.3.jar:/root/.m2/repository/org/javassist/javassist/3.20.0-GA/javassist-3.20.0-GA.jar:/root/.m2/repository/org/attoparser/attoparser/2.0.0.RELEASE/attoparser-2.0.0.RELEASE.jar:/root/.m2/repository/org/unbescape/unbescape/1.1.3.RELEASE/unbescape-1.1.3.RELEASE.jar:/root/.m2/repository/org/thymeleaf/thymeleaf-spring4/3.0.2.RELEASE/thymeleaf-spring4-3.0.2.RELEASE.jar:/root/.m2/repository/org/thymeleaf/extras/thymeleaf-extras-tiles2-spring4/2.1.1.RELEASE/thymeleaf-extras-tiles2-spring4-2.1.1.RELEASE.jar:/root/.m2/repository/org/thymeleaf/extras/thymeleaf-extras-tiles2/2.1.1.RELEASE/thymeleaf-extras-tiles2-2.1.1.RELEASE.jar:/root/.m2/repository/org/apache/tiles/tiles-core/2.2.2/tiles-core-2.2.2.jar:/root/.m2/repository/org/apache/tiles/tiles-api/2.2.2/tiles-api-2.2.2.jar:/root/.m2/repository/commons-digester/commons-digester/2.0/commons-digester-2.0.jar:/root/.m2/repository/commons-beanutils/commons-beanutils/1.8.0/commons-beanutils-1.8.0.jar:/root/.m2/repository/org/apache/tiles/tiles-template/2.2.2/tiles-template-2.2.2.jar:/root/.m2/repository/org/apache/tiles/tiles-servlet/2.2.2/tiles-servlet-2.2.2.jar:/root/.m2/repository/org/apache/tiles/tiles-jsp/2.2.2/tiles-jsp-2.2.2.jar:/root/.m2/repository/org/hibernate/hibernate-entitymanager/5.0.11.Final/hibernate-entitymanager-5.0.11.Final.jar:/root/.m2/repository/org/hibernate/hibernate-core/5.0.11.Final/hibernate-core-5.0.11.Final.jar:/root/.m2/repository/antlr/antlr/2.7.7/antlr-2.7.7.jar:/root/.m2/repository/org/jboss/jandex/2.0.0.Final/jandex-2.0.0.Final.jar:/root/.m2/repository/dom4j/dom4j/1.6.1/dom4j-1.6.1.jar:/root/.m2/repository/org/hibernate/common/hibernate-commons-annotations/5.0.1.Final/hibernate-commons-annotations-5.0.1.Final.jar:/root/.m2/repository/org/hibernate/javax/persistence/hibernate-jpa-2.1-api/1.0.0.Final/hibernate-jpa-2.1-api-1.0.0.Final.jar:/root/.m2/repository/org/apache/geronimo/specs/geronimo-jta_1.1_spec/1.1.1/geronimo-jta_1.1_spec-1.1.1.jar:/root/.m2/repository/org/seleniumhq/selenium/selenium-java/2.53.1/selenium-java-2.53.1.jar:/root/.m2/repository/org/seleniumhq/selenium/selenium-chrome-driver/2.53.1/selenium-chrome-driver-2.53.1.jar:/root/.m2/repository/org/seleniumhq/selenium/selenium-remote-driver/2.53.1/selenium-remote-driver-2.53.1.jar:/root/.m2/repository/org/seleniumhq/selenium/selenium-api/2.53.1/selenium-api-2.53.1.jar:/root/.m2/repository/com/google/guava/guava/19.0/guava-19.0.jar:/root/.m2/repository/org/seleniumhq/selenium/selenium-edge-driver/2.53.1/selenium-edge-driver-2.53.1.jar:/root/.m2/repository/org/apache/commons/commons-exec/1.3/commons-exec-1.3.jar:/root/.m2/repository/org/seleniumhq/selenium/selenium-firefox-driver/2.53.1/selenium-firefox-driver-2.53.1.jar:/root/.m2/repository/org/seleniumhq/selenium/selenium-ie-driver/2.53.1/selenium-ie-driver-2.53.1.jar:/root/.m2/repository/net/java/dev/jna/jna/4.1.0/jna-4.1.0.jar:/root/.m2/repository/net/java/dev/jna/jna-platform/4.1.0/jna-platform-4.1.0.jar:/root/.m2/repository/org/seleniumhq/selenium/selenium-safari-driver/2.53.1/selenium-safari-driver-2.53.1.jar:/root/.m2/repository/io/netty/netty/3.5.7.Final/netty-3.5.7.Final.jar:/root/.m2/repository/org/seleniumhq/selenium/selenium-support/2.53.1/selenium-support-2.53.1.jar:/root/.m2/repository/org/seleniumhq/selenium/selenium-leg-rc/2.53.1/selenium-leg-rc-2.53.1.jar:/root/.m2/repository/org/seleniumhq/selenium/htmlunit-driver/2.21/htmlunit-driver-2.21.jar:/root/.m2/repository/net/sourceforge/htmlunit/htmlunit/2.21/htmlunit-2.21.jar:/root/.m2/repository/xalan/xalan/2.7.2/xalan-2.7.2.jar:/root/.m2/repository/xalan/serializer/2.7.2/serializer-2.7.2.jar:/root/.m2/repository/org/apache/httpcomponents/httpmime/4.5.2/httpmime-4.5.2.jar:/root/.m2/repository/commons-codec/commons-codec/1.10/commons-codec-1.10.jar:/root/.m2/repository/net/sourceforge/htmlunit/htmlunit-core-js/2.17/htmlunit-core-js-2.17.jar:/root/.m2/repository/net/sourceforge/htmlunit/neko-htmlunit/2.21/neko-htmlunit-2.21.jar:/root/.m2/repository/xerces/xercesImpl/2.11.0/xercesImpl-2.11.0.jar:/root/.m2/repository/net/sourceforge/cssparser/cssparser/0.9.18/cssparser-0.9.18.jar:/root/.m2/repository/org/w3c/css/sac/1.3/sac-1.3.jar:/root/.m2/repository/org/eclipse/jetty/websocket/websocket-client/9.2.15.v20160210/websocket-client-9.2.15.v20160210.jar:/root/.m2/repository/org/eclipse/jetty/jetty-util/9.2.15.v20160210/jetty-util-9.2.15.v20160210.jar:/root/.m2/repository/org/eclipse/jetty/jetty-io/9.2.15.v20160210/jetty-io-9.2.15.v20160210.jar:/root/.m2/repository/org/eclipse/jetty/websocket/websocket-common/9.2.15.v20160210/websocket-common-9.2.15.v20160210.jar:/root/.m2/repository/org/eclipse/jetty/websocket/websocket-api/9.2.15.v20160210/websocket-api-9.2.15.v20160210.jar:/root/.m2/repository/commons-collections/commons-collections/3.2.2/commons-collections-3.2.2.jar:/root/.m2/repository/io/github/bonigarcia/webdrivermanager/1.7.2/webdrivermanager-1.7.2.jar:/root/.m2/repository/commons-io/commons-io/2.5/commons-io-2.5.jar:/root/.m2/repository/com/typesafe/config/1.2.1/config-1.2.1.jar:/root/.m2/repository/org/apache/commons/commons-lang3/3.5/commons-lang3-3.5.jar:/root/.m2/repository/org/apache/httpcomponents/httpclient/4.5.3/httpclient-4.5.3.jar:/root/.m2/repository/org/apache/httpcomponents/httpcore/4.4.6/httpcore-4.4.6.jar:/root/.m2/repository/org/rauschig/jarchivelib/0.7.1/jarchivelib-0.7.1.jar:/root/.m2/repository/org/apache/commons/commons-compress/1.9/commons-compress-1.9.jar:/root/.m2/repository/org/jsoup/jsoup/1.10.2/jsoup-1.10.2.jar:/root/.m2/repository/xml-apis/xml-apis/1.4.01/xml-apis-1.4.01.jar:/root/.m2/repository/info/cukes/cucumber-core/1.2.4/cucumber-core-1.2.4.jar:/root/.m2/repository/info/cukes/gherkin/2.12.2/gherkin-2.12.2.jar:/root/.m2/repository/info/cukes/cucumber-html/0.2.3/cucumber-html-0.2.3.jar:/root/.m2/repository/info/cukes/cucumber-java/1.2.4/cucumber-java-1.2.4.jar:/root/.m2/repository/info/cukes/cucumber-jvm-deps/1.0.5/cucumber-jvm-deps-1.0.5.jar:/root/.m2/repository/info/cukes/cucumber-picocontainer/1.2.4/cucumber-picocontainer-1.2.4.jar:/root/.m2/repository/org/picocontainer/picocontainer/2.15/picocontainer-2.15.jar:/root/.m2/repository/info/cukes/cucumber-junit/1.2.4/cucumber-junit-1.2.4.jar:/root/.m2/repository/org/springframework/webflow/spring-binding/2.4.4.RELEASE/spring-binding-2.4.4.RELEASE.jar:/root/.m2/repository/opensymphony/ognl/2.6.11/ognl-2.6.11.jar:/root/.m2/repository/org/springframework/webflow/spring-webflow/2.4.4.RELEASE/spring-webflow-2.4.4.RELEASE.jar:/root/.m2/repository/org/springframework/webflow/spring-js/2.4.4.RELEASE/spring-js-2.4.4.RELEASE.jar:/root/.m2/repository/org/springframework/webflow/spring-js-resources/2.4.4.RELEASE/spring-js-resources-2.4.4.RELEASE.jar:/root/.m2/repository/com/google/code/gson/gson/2.8.0/gson-2.8.0.jar:/root/.m2/repository/org/hamcrest/hamcrest-core/1.3/hamcrest-core-1.3.jar:/root/.m2/repository/org/hamcrest/hamcrest-library/1.3/hamcrest-library-1.3.jar:/root/.m2/repository/com/jayway/jsonpath/json-path-assert/2.2.0/json-path-assert-2.2.0.jar:/root/.m2/repository/com/jayway/jsonpath/json-path/2.2.0/json-path-2.2.0.jar:/root/.m2/repository/net/minidev/json-smart/2.2.1/json-smart-2.2.1.jar:/root/.m2/repository/net/minidev/accessors-smart/1.1/accessors-smart-1.1.jar:/root/.m2/repository/org/ow2/asm/asm/5.0.3/asm-5.0.3.jar:/root/.m2/repository/org/springframework/session/spring-session/1.2.1.RELEASE/spring-session-1.2.1.RELEASE.jar:/root/.m2/repository/javax/mail/mail/1.4.7/mail-1.4.7.jar:/root/.m2/repository/javax/activation/activation/1.1/activation-1.1.jar:/root/.m2/repository/javax/mail/javax.mail-api/1.5.5/javax.mail-api-1.5.5.jar:, hibernate.bytecode.use_reflection_optimizer=false, hibernate.show_sql=true, java.vm.specification.version=1.8, sun.arch.data.model=64, sun.java.command=/var/lib/jenkins/workspace/iTrustBuildJob/iTrust2/target/surefire/surefirebooter3151287635939533872.jar /var/lib/jenkins/workspace/iTrustBuildJob/iTrust2/target/surefire 2018-03-22T00-31-07_825-jvmRun1 surefire13994421526289901tmp surefire_0550871953411162486tmp, java.home=/usr/lib/jvm/java-8-oracle/jre, hibernate.connection.url=jdbc:mysql://localhost:3306/iTrust2?createDatabaseIfNotExist=true, hibernate.dialect=org.hibernate.dialect.MySQLDialect, user.language=en, java.specification.vendor=Oracle Corporation, awt.toolkit=sun.awt.X11.XToolkit, java.vm.info=mixed mode, java.version=1.8.0_161, java.ext.dirs=/usr/lib/jvm/java-8-oracle/jre/lib/ext:/usr/java/packages/lib/ext, sun.boot.class.path=/usr/lib/jvm/java-8-oracle/jre/lib/resources.jar:/usr/lib/jvm/java-8-oracle/jre/lib/rt.jar:/usr/lib/jvm/java-8-oracle/jre/lib/sunrsasign.jar:/usr/lib/jvm/java-8-oracle/jre/lib/jsse.jar:/usr/lib/jvm/java-8-oracle/jre/lib/jce.jar:/usr/lib/jvm/java-8-oracle/jre/lib/charsets.jar:/usr/lib/jvm/java-8-oracle/jre/lib/jfr.jar:/usr/lib/jvm/java-8-oracle/jre/classes, java.vendor=Oracle Corporation, localRepository=/root/.m2/repository, file.separator=/, java.vendor.url.bug=http://bugreport.sun.com/bugreport/, hibernate.hbm2ddl.auto=update, sun.io.unicode.encoding=UnicodeLittle, sun.cpu.endian=little, sun.cpu.isalist=}
00:31:24.053 [main] DEBUG o.h.v.i.e.r.DefaultTraversableResolver - Found javax.persistence.Persistence on classpath containing 'getPersistenceUtil'. Assuming JPA 2 environment. Trying to instantiate JPA aware TraversableResolver
00:31:24.053 [main] DEBUG o.h.v.i.e.r.DefaultTraversableResolver - Instantiated JPA aware TraversableResolver of type org.hibernate.validator.internal.engine.resolver.JPATraversableResolver.
00:31:24.053 [main] DEBUG o.h.v.i.xml.ValidationXmlParser - Trying to load META-INF/validation.xml for XML based Validator configuration.
00:31:24.053 [main] DEBUG o.h.v.i.xml.ResourceLoaderHelper - Trying to load META-INF/validation.xml via TCCL
00:31:24.054 [main] DEBUG o.h.v.i.xml.ResourceLoaderHelper - Trying to load META-INF/validation.xml via Hibernate Validator's class loader
00:31:24.054 [main] DEBUG o.h.v.i.xml.ValidationXmlParser - No META-INF/validation.xml found. Using annotation based configuration only.
00:31:24.061 [main] DEBUG o.h.b.internal.ClassLoaderAccessImpl - Not known whether passed class name [edu.ncsu.csc.itrust2.models.persistent.Personnel] is safe
00:31:24.061 [main] DEBUG o.h.b.internal.ClassLoaderAccessImpl - No temp ClassLoader provided; using live ClassLoader for loading potentially unsafe class : edu.ncsu.csc.itrust2.models.persistent.Personnel
00:31:24.166 [main] DEBUG o.h.b.internal.ClassLoaderAccessImpl - Not known whether passed class name [edu.ncsu.csc.itrust2.models.persistent.BasicHealthMetrics] is safe
00:31:24.166 [main] DEBUG o.h.b.internal.ClassLoaderAccessImpl - No temp ClassLoader provided; using live ClassLoader for loading potentially unsafe class : edu.ncsu.csc.itrust2.models.persistent.BasicHealthMetrics
00:31:24.196 [main] DEBUG o.h.b.internal.ClassLoaderAccessImpl - Not known whether passed class name [edu.ncsu.csc.itrust2.models.persistent.LoginAttempt] is safe
00:31:24.197 [main] DEBUG o.h.b.internal.ClassLoaderAccessImpl - No temp ClassLoader provided; using live ClassLoader for loading potentially unsafe class : edu.ncsu.csc.itrust2.models.persistent.LoginAttempt
00:31:24.203 [main] DEBUG o.h.b.internal.ClassLoaderAccessImpl - Not known whether passed class name [edu.ncsu.csc.itrust2.models.persistent.Patient] is safe
00:31:24.203 [main] DEBUG o.h.b.internal.ClassLoaderAccessImpl - No temp ClassLoader provided; using live ClassLoader for loading potentially unsafe class : edu.ncsu.csc.itrust2.models.persistent.Patient
00:31:24.229 [main] DEBUG o.h.b.internal.ClassLoaderAccessImpl - Not known whether passed class name [edu.ncsu.csc.itrust2.models.persistent.ICDCode] is safe
00:31:24.229 [main] DEBUG o.h.b.internal.ClassLoaderAccessImpl - No temp ClassLoader provided; using live ClassLoader for loading potentially unsafe class : edu.ncsu.csc.itrust2.models.persistent.ICDCode
00:31:24.233 [main] DEBUG o.h.b.internal.ClassLoaderAccessImpl - Not known whether passed class name [edu.ncsu.csc.itrust2.models.persistent.AppointmentRequest] is safe
00:31:24.235 [main] DEBUG o.h.b.internal.ClassLoaderAccessImpl - No temp ClassLoader provided; using live ClassLoader for loading potentially unsafe class : edu.ncsu.csc.itrust2.models.persistent.AppointmentRequest
00:31:24.240 [main] DEBUG o.h.b.internal.ClassLoaderAccessImpl - Not known whether passed class name [edu.ncsu.csc.itrust2.models.persistent.LoginBan] is safe
00:31:24.243 [main] DEBUG o.h.b.internal.ClassLoaderAccessImpl - No temp ClassLoader provided; using live ClassLoader for loading potentially unsafe class : edu.ncsu.csc.itrust2.models.persistent.LoginBan
00:31:24.250 [main] DEBUG o.h.b.internal.ClassLoaderAccessImpl - Not known whether passed class name [edu.ncsu.csc.itrust2.models.persistent.LogEntry] is safe
00:31:24.252 [main] DEBUG o.h.b.internal.ClassLoaderAccessImpl - No temp ClassLoader provided; using live ClassLoader for loading potentially unsafe class : edu.ncsu.csc.itrust2.models.persistent.LogEntry
00:31:24.256 [main] DEBUG o.h.b.internal.ClassLoaderAccessImpl - Not known whether passed class name [edu.ncsu.csc.itrust2.models.persistent.LoginLockout] is safe
00:31:24.258 [main] DEBUG o.h.b.internal.ClassLoaderAccessImpl - No temp ClassLoader provided; using live ClassLoader for loading potentially unsafe class : edu.ncsu.csc.itrust2.models.persistent.LoginLockout
00:31:24.263 [main] DEBUG o.h.b.internal.ClassLoaderAccessImpl - Not known whether passed class name [edu.ncsu.csc.itrust2.models.persistent.OfficeVisit] is safe
00:31:24.264 [main] DEBUG o.h.b.internal.ClassLoaderAccessImpl - No temp ClassLoader provided; using live ClassLoader for loading potentially unsafe class : edu.ncsu.csc.itrust2.models.persistent.OfficeVisit
00:31:24.274 [main] DEBUG o.h.b.internal.ClassLoaderAccessImpl - Not known whether passed class name [edu.ncsu.csc.itrust2.models.persistent.Drug] is safe
00:31:24.275 [main] DEBUG o.h.b.internal.ClassLoaderAccessImpl - No temp ClassLoader provided; using live ClassLoader for loading potentially unsafe class : edu.ncsu.csc.itrust2.models.persistent.Drug
00:31:24.286 [main] DEBUG o.h.v.i.m.d.ConstraintDescriptorImpl - Adding composing constraint: ConstraintDescriptorImpl{annotation=javax.validation.constraints.NotNull, payloads=[], hasComposingConstraints=true, isReportAsSingleInvalidConstraint=false, elementType=FIELD, definedOn=DEFINED_LOCALLY, groups=[interface javax.validation.groups.Default], attributes={message={javax.validation.constraints.NotNull.message}, payload=[Ljava.lang.Class;@35d005e5, groups=[Ljava.lang.Class;@742bca8e}, constraintType=GENERIC}.
00:31:24.289 [main] DEBUG o.h.v.i.m.d.ConstraintDescriptorImpl - Adding composing constraint: ConstraintDescriptorImpl{annotation=javax.validation.constraints.Size, payloads=[], hasComposingConstraints=true, isReportAsSingleInvalidConstraint=false, elementType=FIELD, definedOn=DEFINED_LOCALLY, groups=[interface javax.validation.groups.Default], attributes={groups=[Ljava.lang.Class;@103e0951, min=1, message={javax.validation.constraints.Size.message}, payload=[Ljava.lang.Class;@1447051c, max=2147483647}, constraintType=GENERIC}.
00:31:24.297 [main] DEBUG o.h.b.internal.ClassLoaderAccessImpl - Not known whether passed class name [edu.ncsu.csc.itrust2.models.persistent.Diagnosis] is safe
00:31:24.297 [main] DEBUG o.h.b.internal.ClassLoaderAccessImpl - No temp ClassLoader provided; using live ClassLoader for loading potentially unsafe class : edu.ncsu.csc.itrust2.models.persistent.Diagnosis
00:31:24.307 [main] DEBUG o.h.b.internal.ClassLoaderAccessImpl - Not known whether passed class name [edu.ncsu.csc.itrust2.models.persistent.User] is safe
00:31:24.309 [main] DEBUG o.h.b.internal.ClassLoaderAccessImpl - No temp ClassLoader provided; using live ClassLoader for loading potentially unsafe class : edu.ncsu.csc.itrust2.models.persistent.User
00:31:24.313 [main] DEBUG o.h.b.internal.ClassLoaderAccessImpl - Not known whether passed class name [edu.ncsu.csc.itrust2.models.persistent.Hospital] is safe
00:31:24.318 [main] DEBUG o.h.b.internal.ClassLoaderAccessImpl - No temp ClassLoader provided; using live ClassLoader for loading potentially unsafe class : edu.ncsu.csc.itrust2.models.persistent.Hospital
00:31:24.318 [main] DEBUG o.h.v.i.m.d.ConstraintDescriptorImpl - Adding composing constraint: ConstraintDescriptorImpl{annotation=javax.validation.constraints.NotNull, payloads=[], hasComposingConstraints=true, isReportAsSingleInvalidConstraint=false, elementType=FIELD, definedOn=DEFINED_LOCALLY, groups=[interface javax.validation.groups.Default], attributes={message={javax.validation.constraints.NotNull.message}, payload=[Ljava.lang.Class;@369193, groups=[Ljava.lang.Class;@364a4ec5}, constraintType=GENERIC}.
00:31:24.319 [main] DEBUG o.h.v.i.m.d.ConstraintDescriptorImpl - Adding composing constraint: ConstraintDescriptorImpl{annotation=javax.validation.constraints.Size, payloads=[], hasComposingConstraints=true, isReportAsSingleInvalidConstraint=false, elementType=FIELD, definedOn=DEFINED_LOCALLY, groups=[interface javax.validation.groups.Default], attributes={groups=[Ljava.lang.Class;@11c131d1, min=1, message={javax.validation.constraints.Size.message}, payload=[Ljava.lang.Class;@2a1afbd1, max=2147483647}, constraintType=GENERIC}.
00:31:24.321 [main] DEBUG o.h.v.i.m.d.ConstraintDescriptorImpl - Adding composing constraint: ConstraintDescriptorImpl{annotation=javax.validation.constraints.NotNull, payloads=[], hasComposingConstraints=true, isReportAsSingleInvalidConstraint=false, elementType=FIELD, definedOn=DEFINED_LOCALLY, groups=[interface javax.validation.groups.Default], attributes={message={javax.validation.constraints.NotNull.message}, payload=[Ljava.lang.Class;@1e144d08, groups=[Ljava.lang.Class;@7a4c0469}, constraintType=GENERIC}.
00:31:24.321 [main] DEBUG o.h.v.i.m.d.ConstraintDescriptorImpl - Adding composing constraint: ConstraintDescriptorImpl{annotation=javax.validation.constraints.Size, payloads=[], hasComposingConstraints=true, isReportAsSingleInvalidConstraint=false, elementType=FIELD, definedOn=DEFINED_LOCALLY, groups=[interface javax.validation.groups.Default], attributes={groups=[Ljava.lang.Class;@621bed48, min=1, message={javax.validation.constraints.Size.message}, payload=[Ljava.lang.Class;@1f2246a9, max=2147483647}, constraintType=GENERIC}.
00:31:24.322 [main] DEBUG o.h.v.i.m.d.ConstraintDescriptorImpl - Adding composing constraint: ConstraintDescriptorImpl{annotation=javax.validation.constraints.NotNull, payloads=[], hasComposingConstraints=true, isReportAsSingleInvalidConstraint=false, elementType=FIELD, definedOn=DEFINED_LOCALLY, groups=[interface javax.validation.groups.Default], attributes={message={javax.validation.constraints.NotNull.message}, payload=[Ljava.lang.Class;@23623448, groups=[Ljava.lang.Class;@39971301}, constraintType=GENERIC}.
00:31:24.324 [main] DEBUG o.h.v.i.m.d.ConstraintDescriptorImpl - Adding composing constraint: ConstraintDescriptorImpl{annotation=javax.validation.constraints.Size, payloads=[], hasComposingConstraints=true, isReportAsSingleInvalidConstraint=false, elementType=FIELD, definedOn=DEFINED_LOCALLY, groups=[interface javax.validation.groups.Default], attributes={groups=[Ljava.lang.Class;@4dbd8d6, min=1, message={javax.validation.constraints.Size.message}, payload=[Ljava.lang.Class;@9c1d1ea, max=2147483647}, constraintType=GENERIC}.
00:31:24.327 [main] DEBUG o.h.b.internal.ClassLoaderAccessImpl - Not known whether passed class name [edu.ncsu.csc.itrust2.models.persistent.PasswordResetToken] is safe
00:31:24.329 [main] DEBUG o.h.b.internal.ClassLoaderAccessImpl - No temp ClassLoader provided; using live ClassLoader for loading potentially unsafe class : edu.ncsu.csc.itrust2.models.persistent.PasswordResetToken
00:31:24.333 [main] DEBUG o.h.b.internal.ClassLoaderAccessImpl - Not known whether passed class name [edu.ncsu.csc.itrust2.models.persistent.Prescription] is safe
00:31:24.337 [main] DEBUG o.h.b.internal.ClassLoaderAccessImpl - No temp ClassLoader provided; using live ClassLoader for loading potentially unsafe class : edu.ncsu.csc.itrust2.models.persistent.Prescription
00:31:24.344 [main] DEBUG o.h.secure.spi.JaccIntegrator - Skipping JACC integration as it was not enabled
00:31:24.399 [main] DEBUG o.h.b.internal.ClassLoaderAccessImpl - Not known whether passed class name [edu.ncsu.csc.itrust2.models.persistent.Personnel] is safe
00:31:24.400 [main] DEBUG o.h.b.internal.ClassLoaderAccessImpl - No temp ClassLoader provided; using live ClassLoader for loading potentially unsafe class : edu.ncsu.csc.itrust2.models.persistent.Personnel
00:31:24.412 [main] DEBUG o.h.b.internal.ClassLoaderAccessImpl - Not known whether passed class name [edu.ncsu.csc.itrust2.models.persistent.Personnel] is safe
00:31:24.413 [main] DEBUG o.h.b.internal.ClassLoaderAccessImpl - No temp ClassLoader provided; using live ClassLoader for loading potentially unsafe class : edu.ncsu.csc.itrust2.models.persistent.Personnel
00:31:24.579 [main] DEBUG o.h.b.internal.ClassLoaderAccessImpl - Not known whether passed class name [edu.ncsu.csc.itrust2.models.persistent.BasicHealthMetrics] is safe
00:31:24.579 [main] DEBUG o.h.b.internal.ClassLoaderAccessImpl - No temp ClassLoader provided; using live ClassLoader for loading potentially unsafe class : edu.ncsu.csc.itrust2.models.persistent.BasicHealthMetrics
00:31:24.580 [main] DEBUG o.h.b.internal.ClassLoaderAccessImpl - Not known whether passed class name [edu.ncsu.csc.itrust2.models.persistent.BasicHealthMetrics] is safe
00:31:24.580 [main] DEBUG o.h.b.internal.ClassLoaderAccessImpl - No temp ClassLoader provided; using live ClassLoader for loading potentially unsafe class : edu.ncsu.csc.itrust2.models.persistent.BasicHealthMetrics
00:31:24.604 [main] DEBUG o.h.b.internal.ClassLoaderAccessImpl - Not known whether passed class name [edu.ncsu.csc.itrust2.models.persistent.LoginAttempt] is safe
00:31:24.605 [main] DEBUG o.h.b.internal.ClassLoaderAccessImpl - No temp ClassLoader provided; using live ClassLoader for loading potentially unsafe class : edu.ncsu.csc.itrust2.models.persistent.LoginAttempt
00:31:24.605 [main] DEBUG o.h.b.internal.ClassLoaderAccessImpl - Not known whether passed class name [edu.ncsu.csc.itrust2.models.persistent.LoginAttempt] is safe
00:31:24.605 [main] DEBUG o.h.b.internal.ClassLoaderAccessImpl - No temp ClassLoader provided; using live ClassLoader for loading potentially unsafe class : edu.ncsu.csc.itrust2.models.persistent.LoginAttempt
00:31:24.624 [main] DEBUG o.h.b.internal.ClassLoaderAccessImpl - Not known whether passed class name [edu.ncsu.csc.itrust2.models.persistent.Patient] is safe
00:31:24.624 [main] DEBUG o.h.b.internal.ClassLoaderAccessImpl - No temp ClassLoader provided; using live ClassLoader for loading potentially unsafe class : edu.ncsu.csc.itrust2.models.persistent.Patient
00:31:24.650 [main] DEBUG o.h.b.internal.ClassLoaderAccessImpl - Not known whether passed class name [edu.ncsu.csc.itrust2.models.persistent.ICDCode] is safe
00:31:24.650 [main] DEBUG o.h.b.internal.ClassLoaderAccessImpl - No temp ClassLoader provided; using live ClassLoader for loading potentially unsafe class : edu.ncsu.csc.itrust2.models.persistent.ICDCode
00:31:24.651 [main] DEBUG o.h.b.internal.ClassLoaderAccessImpl - Not known whether passed class name [edu.ncsu.csc.itrust2.models.persistent.ICDCode] is safe
00:31:24.651 [main] DEBUG o.h.b.internal.ClassLoaderAccessImpl - No temp ClassLoader provided; using live ClassLoader for loading potentially unsafe class : edu.ncsu.csc.itrust2.models.persistent.ICDCode
00:31:24.658 [main] DEBUG o.h.b.internal.ClassLoaderAccessImpl - Not known whether passed class name [edu.ncsu.csc.itrust2.models.persistent.AppointmentRequest] is safe
00:31:24.658 [main] DEBUG o.h.b.internal.ClassLoaderAccessImpl - No temp ClassLoader provided; using live ClassLoader for loading potentially unsafe class : edu.ncsu.csc.itrust2.models.persistent.AppointmentRequest
00:31:24.661 [main] DEBUG o.h.b.internal.ClassLoaderAccessImpl - Not known whether passed class name [edu.ncsu.csc.itrust2.models.persistent.AppointmentRequest] is safe
00:31:24.661 [main] DEBUG o.h.b.internal.ClassLoaderAccessImpl - No temp ClassLoader provided; using live ClassLoader for loading potentially unsafe class : edu.ncsu.csc.itrust2.models.persistent.AppointmentRequest
00:31:24.672 [main] DEBUG o.h.b.internal.ClassLoaderAccessImpl - Not known whether passed class name [edu.ncsu.csc.itrust2.models.persistent.LoginBan] is safe
00:31:24.672 [main] DEBUG o.h.b.internal.ClassLoaderAccessImpl - No temp ClassLoader provided; using live ClassLoader for loading potentially unsafe class : edu.ncsu.csc.itrust2.models.persistent.LoginBan
00:31:24.673 [main] DEBUG o.h.b.internal.ClassLoaderAccessImpl - Not known whether passed class name [edu.ncsu.csc.itrust2.models.persistent.LoginBan] is safe
00:31:24.673 [main] DEBUG o.h.b.internal.ClassLoaderAccessImpl - No temp ClassLoader provided; using live ClassLoader for loading potentially unsafe class : edu.ncsu.csc.itrust2.models.persistent.LoginBan
00:31:24.684 [main] DEBUG o.h.b.internal.ClassLoaderAccessImpl - Not known whether passed class name [edu.ncsu.csc.itrust2.models.persistent.LogEntry] is safe
00:31:24.688 [main] DEBUG o.h.b.internal.ClassLoaderAccessImpl - No temp ClassLoader provided; using live ClassLoader for loading potentially unsafe class : edu.ncsu.csc.itrust2.models.persistent.LogEntry
00:31:24.689 [main] DEBUG o.h.b.internal.ClassLoaderAccessImpl - Not known whether passed class name [edu.ncsu.csc.itrust2.models.persistent.LogEntry] is safe
00:31:24.689 [main] DEBUG o.h.b.internal.ClassLoaderAccessImpl - No temp ClassLoader provided; using live ClassLoader for loading potentially unsafe class : edu.ncsu.csc.itrust2.models.persistent.LogEntry
00:31:24.694 [main] DEBUG o.h.b.internal.ClassLoaderAccessImpl - Not known whether passed class name [edu.ncsu.csc.itrust2.models.persistent.LoginLockout] is safe
00:31:24.697 [main] DEBUG o.h.b.internal.ClassLoaderAccessImpl - No temp ClassLoader provided; using live ClassLoader for loading potentially unsafe class : edu.ncsu.csc.itrust2.models.persistent.LoginLockout
00:31:24.698 [main] DEBUG o.h.b.internal.ClassLoaderAccessImpl - Not known whether passed class name [edu.ncsu.csc.itrust2.models.persistent.LoginLockout] is safe
00:31:24.698 [main] DEBUG o.h.b.internal.ClassLoaderAccessImpl - No temp ClassLoader provided; using live ClassLoader for loading potentially unsafe class : edu.ncsu.csc.itrust2.models.persistent.LoginLockout
00:31:24.703 [main] DEBUG o.h.b.internal.ClassLoaderAccessImpl - Not known whether passed class name [edu.ncsu.csc.itrust2.models.persistent.OfficeVisit] is safe
00:31:24.703 [main] DEBUG o.h.b.internal.ClassLoaderAccessImpl - No temp ClassLoader provided; using live ClassLoader for loading potentially unsafe class : edu.ncsu.csc.itrust2.models.persistent.OfficeVisit
00:31:24.707 [main] DEBUG o.h.b.internal.ClassLoaderAccessImpl - Not known whether passed class name [edu.ncsu.csc.itrust2.models.persistent.OfficeVisit] is safe
00:31:24.707 [main] DEBUG o.h.b.internal.ClassLoaderAccessImpl - No temp ClassLoader provided; using live ClassLoader for loading potentially unsafe class : edu.ncsu.csc.itrust2.models.persistent.OfficeVisit
00:31:24.725 [main] DEBUG o.h.b.internal.ClassLoaderAccessImpl - Not known whether passed class name [edu.ncsu.csc.itrust2.models.persistent.Drug] is safe
00:31:24.728 [main] DEBUG o.h.b.internal.ClassLoaderAccessImpl - No temp ClassLoader provided; using live ClassLoader for loading potentially unsafe class : edu.ncsu.csc.itrust2.models.persistent.Drug
00:31:24.728 [main] DEBUG o.h.b.internal.ClassLoaderAccessImpl - Not known whether passed class name [edu.ncsu.csc.itrust2.models.persistent.Drug] is safe
00:31:24.728 [main] DEBUG o.h.b.internal.ClassLoaderAccessImpl - No temp ClassLoader provided; using live ClassLoader for loading potentially unsafe class : edu.ncsu.csc.itrust2.models.persistent.Drug
00:31:24.733 [main] DEBUG o.h.b.internal.ClassLoaderAccessImpl - Not known whether passed class name [edu.ncsu.csc.itrust2.models.persistent.Diagnosis] is safe
00:31:24.736 [main] DEBUG o.h.b.internal.ClassLoaderAccessImpl - No temp ClassLoader provided; using live ClassLoader for loading potentially unsafe class : edu.ncsu.csc.itrust2.models.persistent.Diagnosis
00:31:24.736 [main] DEBUG o.h.b.internal.ClassLoaderAccessImpl - Not known whether passed class name [edu.ncsu.csc.itrust2.models.persistent.Diagnosis] is safe
00:31:24.736 [main] DEBUG o.h.b.internal.ClassLoaderAccessImpl - No temp ClassLoader provided; using live ClassLoader for loading potentially unsafe class : edu.ncsu.csc.itrust2.models.persistent.Diagnosis
00:31:24.743 [main] DEBUG o.h.b.internal.ClassLoaderAccessImpl - Not known whether passed class name [edu.ncsu.csc.itrust2.models.persistent.User] is safe
00:31:24.743 [main] DEBUG o.h.b.internal.ClassLoaderAccessImpl - No temp ClassLoader provided; using live ClassLoader for loading potentially unsafe class : edu.ncsu.csc.itrust2.models.persistent.User
00:31:24.744 [main] DEBUG o.h.b.internal.ClassLoaderAccessImpl - Not known whether passed class name [edu.ncsu.csc.itrust2.models.persistent.User] is safe
00:31:24.744 [main] DEBUG o.h.b.internal.ClassLoaderAccessImpl - No temp ClassLoader provided; using live ClassLoader for loading potentially unsafe class : edu.ncsu.csc.itrust2.models.persistent.User
00:31:24.754 [main] DEBUG o.h.b.internal.ClassLoaderAccessImpl - Not known whether passed class name [edu.ncsu.csc.itrust2.models.persistent.Hospital] is safe
00:31:24.755 [main] DEBUG o.h.b.internal.ClassLoaderAccessImpl - No temp ClassLoader provided; using live ClassLoader for loading potentially unsafe class : edu.ncsu.csc.itrust2.models.persistent.Hospital
00:31:24.755 [main] DEBUG o.h.b.internal.ClassLoaderAccessImpl - Not known whether passed class name [edu.ncsu.csc.itrust2.models.persistent.Hospital] is safe
00:31:24.756 [main] DEBUG o.h.b.internal.ClassLoaderAccessImpl - No temp ClassLoader provided; using live ClassLoader for loading potentially unsafe class : edu.ncsu.csc.itrust2.models.persistent.Hospital
00:31:24.760 [main] DEBUG o.h.b.internal.ClassLoaderAccessImpl - Not known whether passed class name [edu.ncsu.csc.itrust2.models.persistent.PasswordResetToken] is safe
00:31:24.763 [main] DEBUG o.h.b.internal.ClassLoaderAccessImpl - No temp ClassLoader provided; using live ClassLoader for loading potentially unsafe class : edu.ncsu.csc.itrust2.models.persistent.PasswordResetToken
00:31:24.764 [main] DEBUG o.h.b.internal.ClassLoaderAccessImpl - Not known whether passed class name [edu.ncsu.csc.itrust2.models.persistent.PasswordResetToken] is safe
00:31:24.764 [main] DEBUG o.h.b.internal.ClassLoaderAccessImpl - No temp ClassLoader provided; using live ClassLoader for loading potentially unsafe class : edu.ncsu.csc.itrust2.models.persistent.PasswordResetToken
00:31:24.769 [main] DEBUG o.h.b.internal.ClassLoaderAccessImpl - Not known whether passed class name [edu.ncsu.csc.itrust2.models.persistent.Prescription] is safe
00:31:24.771 [main] DEBUG o.h.b.internal.ClassLoaderAccessImpl - No temp ClassLoader provided; using live ClassLoader for loading potentially unsafe class : edu.ncsu.csc.itrust2.models.persistent.Prescription
00:31:24.772 [main] DEBUG o.h.b.internal.ClassLoaderAccessImpl - Not known whether passed class name [edu.ncsu.csc.itrust2.models.persistent.Prescription] is safe
00:31:24.772 [main] DEBUG o.h.b.internal.ClassLoaderAccessImpl - No temp ClassLoader provided; using live ClassLoader for loading potentially unsafe class : edu.ncsu.csc.itrust2.models.persistent.Prescription
00:31:24.797 [main] DEBUG o.h.p.c.AbstractCollectionPersister - Static SQL for collection: edu.ncsu.csc.itrust2.models.persistent.OfficeVisit.prescriptions
00:31:24.797 [main] DEBUG o.h.p.c.AbstractCollectionPersister -  Row insert: update Prescriptions set prescriptions_id=? where id=?
00:31:24.797 [main] DEBUG o.h.p.c.AbstractCollectionPersister -  Row update: update Prescriptions set  where id=?
00:31:24.797 [main] DEBUG o.h.p.c.AbstractCollectionPersister -  Row delete: update Prescriptions set prescriptions_id=null where prescriptions_id=? and id=?
00:31:24.797 [main] DEBUG o.h.p.c.AbstractCollectionPersister -  One-shot delete: update Prescriptions set prescriptions_id=null where prescriptions_id=?
00:31:24.805 [main] DEBUG o.h.p.entity.AbstractEntityPersister - Static SQL for entity: edu.ncsu.csc.itrust2.models.persistent.Personnel
00:31:24.805 [main] DEBUG o.h.p.entity.AbstractEntityPersister -  Version select: select id from Personnel where id =?
00:31:24.805 [main] DEBUG o.h.p.entity.AbstractEntityPersister -  Snapshot select: select personnel_.id, personnel_.address1 as address2_13_, personnel_.address2 as address3_13_, personnel_.city as city4_13_, personnel_.email as email5_13_, personnel_.enabled as enabled6_13_, personnel_.firstName as firstNam7_13_, personnel_.lastName as lastName8_13_, personnel_.phone as phone9_13_, personnel_.self_id as self_id13_13_, personnel_.specialty as special10_13_, personnel_.state as state11_13_, personnel_.zip as zip12_13_ from Personnel personnel_ where personnel_.id=?
00:31:24.805 [main] DEBUG o.h.p.entity.AbstractEntityPersister -  Insert 0: insert into Personnel (address1, address2, city, email, enabled, firstName, lastName, phone, self_id, specialty, state, zip, id) values (?, ?, ?, ?, ?, ?, ?, ?, ?, ?, ?, ?, ?)
00:31:24.805 [main] DEBUG o.h.p.entity.AbstractEntityPersister -  Update 0: update Personnel set address1=?, address2=?, city=?, email=?, enabled=?, firstName=?, lastName=?, phone=?, self_id=?, specialty=?, state=?, zip=? where id=?
00:31:24.805 [main] DEBUG o.h.p.entity.AbstractEntityPersister -  Delete 0: delete from Personnel where id=?
00:31:24.846 [main] DEBUG o.h.l.p.b.i.spaces.QuerySpacesImpl - Adding QuerySpace : uid = <gen:0> -> org.hibernate.loader.plan.build.internal.spaces.EntityQuerySpaceImpl@5d24b7f9]
00:31:24.848 [main] DEBUG o.h.p.w.spi.MetamodelGraphWalker - Visiting attribute path : address1
00:31:24.848 [main] DEBUG o.h.p.w.spi.MetamodelGraphWalker - Visiting attribute path : address2
00:31:24.849 [main] DEBUG o.h.p.w.spi.MetamodelGraphWalker - Visiting attribute path : city
00:31:24.849 [main] DEBUG o.h.p.w.spi.MetamodelGraphWalker - Visiting attribute path : email
00:31:24.849 [main] DEBUG o.h.p.w.spi.MetamodelGraphWalker - Visiting attribute path : enabled
00:31:24.849 [main] DEBUG o.h.p.w.spi.MetamodelGraphWalker - Visiting attribute path : firstName
00:31:24.849 [main] DEBUG o.h.p.w.spi.MetamodelGraphWalker - Visiting attribute path : lastName
00:31:24.849 [main] DEBUG o.h.p.w.spi.MetamodelGraphWalker - Visiting attribute path : phone
00:31:24.849 [main] DEBUG o.h.p.w.spi.MetamodelGraphWalker - Visiting attribute path : self
00:31:24.857 [main] DEBUG o.h.l.p.b.i.spaces.QuerySpacesImpl - Adding QuerySpace : uid = <gen:1> -> org.hibernate.loader.plan.build.internal.spaces.EntityQuerySpaceImpl@74d7e77c]
00:31:24.860 [main] DEBUG o.h.p.w.spi.MetamodelGraphWalker - Visiting attribute path : self.enabled
00:31:24.860 [main] DEBUG o.h.p.w.spi.MetamodelGraphWalker - Visiting attribute path : self.password
00:31:24.860 [main] DEBUG o.h.p.w.spi.MetamodelGraphWalker - Visiting attribute path : self.role
00:31:24.861 [main] DEBUG o.h.p.w.spi.MetamodelGraphWalker - Visiting attribute path : specialty
00:31:24.861 [main] DEBUG o.h.p.w.spi.MetamodelGraphWalker - Visiting attribute path : state
00:31:24.861 [main] DEBUG o.h.p.w.spi.MetamodelGraphWalker - Visiting attribute path : zip
00:31:24.861 [main] DEBUG o.h.l.p.b.i.FetchStyleLoadPlanBuildingAssociationVisitationStrategy - Building LoadPlan...
00:31:24.887 [main] DEBUG o.h.l.p.e.i.LoadQueryJoinAndFetchProcessor - processing queryspace <gen:0>
00:31:24.896 [main] DEBUG o.h.l.p.b.spi.LoadPlanTreePrinter - LoadPlan(entity=edu.ncsu.csc.itrust2.models.persistent.Personnel)
    - Returns
       - EntityReturnImpl(entity=edu.ncsu.csc.itrust2.models.persistent.Personnel, querySpaceUid=<gen:0>, path=edu.ncsu.csc.itrust2.models.persistent.Personnel)
          - EntityAttributeFetchImpl(entity=edu.ncsu.csc.itrust2.models.persistent.User, querySpaceUid=<gen:1>, path=edu.ncsu.csc.itrust2.models.persistent.Personnel.self)
    - QuerySpaces
       - EntityQuerySpaceImpl(uid=<gen:0>, entity=edu.ncsu.csc.itrust2.models.persistent.Personnel)
          - SQL table alias mapping - personnel0_
          - alias suffix - 0_
          - suffixed key columns - {id1_13_0_}
          - JOIN (JoinDefinedByMetadata(self)) : <gen:0> -> <gen:1>
             - EntityQuerySpaceImpl(uid=<gen:1>, entity=edu.ncsu.csc.itrust2.models.persistent.User)
                - SQL table alias mapping - user1_
                - alias suffix - 1_
                - suffixed key columns - {username1_15_1_}

00:31:24.900 [main] DEBUG o.h.loader.entity.plan.EntityLoader - Static select for entity edu.ncsu.csc.itrust2.models.persistent.Personnel [NONE]: select personnel0_.id as id1_13_0_, personnel0_.address1 as address2_13_0_, personnel0_.address2 as address3_13_0_, personnel0_.city as city4_13_0_, personnel0_.email as email5_13_0_, personnel0_.enabled as enabled6_13_0_, personnel0_.firstName as firstNam7_13_0_, personnel0_.lastName as lastName8_13_0_, personnel0_.phone as phone9_13_0_, personnel0_.self_id as self_id13_13_0_, personnel0_.specialty as special10_13_0_, personnel0_.state as state11_13_0_, personnel0_.zip as zip12_13_0_, user1_.username as username1_15_1_, user1_.enabled as enabled2_15_1_, user1_.password as password3_15_1_, user1_.role as role4_15_1_ from Personnel personnel0_ left outer join Users user1_ on personnel0_.self_id=user1_.username where personnel0_.id=?
00:31:24.900 [main] DEBUG o.h.l.p.b.i.spaces.QuerySpacesImpl - Adding QuerySpace : uid = <gen:0> -> org.hibernate.loader.plan.build.internal.spaces.EntityQuerySpaceImpl@d114d15]
00:31:24.901 [main] DEBUG o.h.p.w.spi.MetamodelGraphWalker - Visiting attribute path : address1
00:31:24.901 [main] DEBUG o.h.p.w.spi.MetamodelGraphWalker - Visiting attribute path : address2
00:31:24.901 [main] DEBUG o.h.p.w.spi.MetamodelGraphWalker - Visiting attribute path : city
00:31:24.901 [main] DEBUG o.h.p.w.spi.MetamodelGraphWalker - Visiting attribute path : email
00:31:24.901 [main] DEBUG o.h.p.w.spi.MetamodelGraphWalker - Visiting attribute path : enabled
00:31:24.901 [main] DEBUG o.h.p.w.spi.MetamodelGraphWalker - Visiting attribute path : firstName
00:31:24.901 [main] DEBUG o.h.p.w.spi.MetamodelGraphWalker - Visiting attribute path : lastName
00:31:24.901 [main] DEBUG o.h.p.w.spi.MetamodelGraphWalker - Visiting attribute path : phone
00:31:24.902 [main] DEBUG o.h.p.w.spi.MetamodelGraphWalker - Visiting attribute path : self
00:31:24.902 [main] DEBUG o.h.l.p.b.i.spaces.QuerySpacesImpl - Adding QuerySpace : uid = <gen:1> -> org.hibernate.loader.plan.build.internal.spaces.EntityQuerySpaceImpl@43246511]
00:31:24.902 [main] DEBUG o.h.p.w.spi.MetamodelGraphWalker - Visiting attribute path : self.enabled
00:31:24.902 [main] DEBUG o.h.p.w.spi.MetamodelGraphWalker - Visiting attribute path : self.password
00:31:24.902 [main] DEBUG o.h.p.w.spi.MetamodelGraphWalker - Visiting attribute path : self.role
00:31:24.903 [main] DEBUG o.h.p.w.spi.MetamodelGraphWalker - Visiting attribute path : specialty
00:31:24.903 [main] DEBUG o.h.p.w.spi.MetamodelGraphWalker - Visiting attribute path : state
00:31:24.903 [main] DEBUG o.h.p.w.spi.MetamodelGraphWalker - Visiting attribute path : zip
00:31:24.904 [main] DEBUG o.h.l.p.b.i.FetchStyleLoadPlanBuildingAssociationVisitationStrategy - Building LoadPlan...
00:31:24.904 [main] DEBUG o.h.l.p.e.i.LoadQueryJoinAndFetchProcessor - processing queryspace <gen:0>
00:31:24.905 [main] DEBUG o.h.l.p.b.spi.LoadPlanTreePrinter - LoadPlan(entity=edu.ncsu.csc.itrust2.models.persistent.Personnel)
    - Returns
       - EntityReturnImpl(entity=edu.ncsu.csc.itrust2.models.persistent.Personnel, querySpaceUid=<gen:0>, path=edu.ncsu.csc.itrust2.models.persistent.Personnel)
          - EntityAttributeFetchImpl(entity=edu.ncsu.csc.itrust2.models.persistent.User, querySpaceUid=<gen:1>, path=edu.ncsu.csc.itrust2.models.persistent.Personnel.self)
    - QuerySpaces
       - EntityQuerySpaceImpl(uid=<gen:0>, entity=edu.ncsu.csc.itrust2.models.persistent.Personnel)
          - SQL table alias mapping - personnel0_
          - alias suffix - 0_
          - suffixed key columns - {id1_13_0_}
          - JOIN (JoinDefinedByMetadata(self)) : <gen:0> -> <gen:1>
             - EntityQuerySpaceImpl(uid=<gen:1>, entity=edu.ncsu.csc.itrust2.models.persistent.User)
                - SQL table alias mapping - user1_
                - alias suffix - 1_
                - suffixed key columns - {username1_15_1_}

00:31:24.906 [main] DEBUG o.h.loader.entity.plan.EntityLoader - Static select for entity edu.ncsu.csc.itrust2.models.persistent.Personnel [READ]: select personnel0_.id as id1_13_0_, personnel0_.address1 as address2_13_0_, personnel0_.address2 as address3_13_0_, personnel0_.city as city4_13_0_, personnel0_.email as email5_13_0_, personnel0_.enabled as enabled6_13_0_, personnel0_.firstName as firstNam7_13_0_, personnel0_.lastName as lastName8_13_0_, personnel0_.phone as phone9_13_0_, personnel0_.self_id as self_id13_13_0_, personnel0_.specialty as special10_13_0_, personnel0_.state as state11_13_0_, personnel0_.zip as zip12_13_0_, user1_.username as username1_15_1_, user1_.enabled as enabled2_15_1_, user1_.password as password3_15_1_, user1_.role as role4_15_1_ from Personnel personnel0_ left outer join Users user1_ on personnel0_.self_id=user1_.username where personnel0_.id=?
00:31:24.906 [main] DEBUG o.h.l.p.b.i.spaces.QuerySpacesImpl - Adding QuerySpace : uid = <gen:0> -> org.hibernate.loader.plan.build.internal.spaces.EntityQuerySpaceImpl@7f82e3d8]
00:31:24.906 [main] DEBUG o.h.p.w.spi.MetamodelGraphWalker - Visiting attribute path : address1
00:31:24.906 [main] DEBUG o.h.p.w.spi.MetamodelGraphWalker - Visiting attribute path : address2
00:31:24.906 [main] DEBUG o.h.p.w.spi.MetamodelGraphWalker - Visiting attribute path : city
00:31:24.907 [main] DEBUG o.h.p.w.spi.MetamodelGraphWalker - Visiting attribute path : email
00:31:24.907 [main] DEBUG o.h.p.w.spi.MetamodelGraphWalker - Visiting attribute path : enabled
00:31:24.907 [main] DEBUG o.h.p.w.spi.MetamodelGraphWalker - Visiting attribute path : firstName
00:31:24.907 [main] DEBUG o.h.p.w.spi.MetamodelGraphWalker - Visiting attribute path : lastName
00:31:24.907 [main] DEBUG o.h.p.w.spi.MetamodelGraphWalker - Visiting attribute path : phone
00:31:24.907 [main] DEBUG o.h.p.w.spi.MetamodelGraphWalker - Visiting attribute path : self
00:31:24.907 [main] DEBUG o.h.l.p.b.i.spaces.QuerySpacesImpl - Adding QuerySpace : uid = <gen:1> -> org.hibernate.loader.plan.build.internal.spaces.EntityQuerySpaceImpl@32da4a36]
00:31:24.908 [main] DEBUG o.h.p.w.spi.MetamodelGraphWalker - Visiting attribute path : specialty
00:31:24.908 [main] DEBUG o.h.p.w.spi.MetamodelGraphWalker - Visiting attribute path : state
00:31:24.908 [main] DEBUG o.h.p.w.spi.MetamodelGraphWalker - Visiting attribute path : zip
00:31:24.908 [main] DEBUG o.h.l.p.b.i.FetchStyleLoadPlanBuildingAssociationVisitationStrategy - Building LoadPlan...
00:31:24.909 [main] DEBUG o.h.l.p.e.i.LoadQueryJoinAndFetchProcessor - processing queryspace <gen:0>
00:31:24.909 [main] DEBUG o.h.l.p.b.spi.LoadPlanTreePrinter - LoadPlan(entity=edu.ncsu.csc.itrust2.models.persistent.Personnel)
    - Returns
       - EntityReturnImpl(entity=edu.ncsu.csc.itrust2.models.persistent.Personnel, querySpaceUid=<gen:0>, path=edu.ncsu.csc.itrust2.models.persistent.Personnel)
          - EntityAttributeFetchImpl(entity=edu.ncsu.csc.itrust2.models.persistent.User, querySpaceUid=<gen:1>, path=edu.ncsu.csc.itrust2.models.persistent.Personnel.self)
    - QuerySpaces
       - EntityQuerySpaceImpl(uid=<gen:0>, entity=edu.ncsu.csc.itrust2.models.persistent.Personnel)
          - SQL table alias mapping - personnel0_
          - alias suffix - 0_
          - suffixed key columns - {id1_13_0_}

00:31:24.909 [main] DEBUG o.h.loader.entity.plan.EntityLoader - Static select for entity edu.ncsu.csc.itrust2.models.persistent.Personnel [UPGRADE]: select personnel0_.id as id1_13_0_, personnel0_.address1 as address2_13_0_, personnel0_.address2 as address3_13_0_, personnel0_.city as city4_13_0_, personnel0_.email as email5_13_0_, personnel0_.enabled as enabled6_13_0_, personnel0_.firstName as firstNam7_13_0_, personnel0_.lastName as lastName8_13_0_, personnel0_.phone as phone9_13_0_, personnel0_.self_id as self_id13_13_0_, personnel0_.specialty as special10_13_0_, personnel0_.state as state11_13_0_, personnel0_.zip as zip12_13_0_ from Personnel personnel0_ where personnel0_.id=? for update
00:31:24.910 [main] DEBUG o.h.l.p.b.i.spaces.QuerySpacesImpl - Adding QuerySpace : uid = <gen:0> -> org.hibernate.loader.plan.build.internal.spaces.EntityQuerySpaceImpl@29bcf902]
00:31:24.910 [main] DEBUG o.h.p.w.spi.MetamodelGraphWalker - Visiting attribute path : address1
00:31:24.910 [main] DEBUG o.h.p.w.spi.MetamodelGraphWalker - Visiting attribute path : address2
00:31:24.910 [main] DEBUG o.h.p.w.spi.MetamodelGraphWalker - Visiting attribute path : city
00:31:24.910 [main] DEBUG o.h.p.w.spi.MetamodelGraphWalker - Visiting attribute path : email
00:31:24.910 [main] DEBUG o.h.p.w.spi.MetamodelGraphWalker - Visiting attribute path : enabled
00:31:24.910 [main] DEBUG o.h.p.w.spi.MetamodelGraphWalker - Visiting attribute path : firstName
00:31:24.911 [main] DEBUG o.h.p.w.spi.MetamodelGraphWalker - Visiting attribute path : lastName
00:31:24.911 [main] DEBUG o.h.p.w.spi.MetamodelGraphWalker - Visiting attribute path : phone
00:31:24.911 [main] DEBUG o.h.p.w.spi.MetamodelGraphWalker - Visiting attribute path : self
00:31:24.911 [main] DEBUG o.h.l.p.b.i.spaces.QuerySpacesImpl - Adding QuerySpace : uid = <gen:1> -> org.hibernate.loader.plan.build.internal.spaces.EntityQuerySpaceImpl@261530aa]
00:31:24.912 [main] DEBUG o.h.p.w.spi.MetamodelGraphWalker - Visiting attribute path : specialty
00:31:24.912 [main] DEBUG o.h.p.w.spi.MetamodelGraphWalker - Visiting attribute path : state
00:31:24.912 [main] DEBUG o.h.p.w.spi.MetamodelGraphWalker - Visiting attribute path : zip
00:31:24.912 [main] DEBUG o.h.l.p.b.i.FetchStyleLoadPlanBuildingAssociationVisitationStrategy - Building LoadPlan...
00:31:24.913 [main] DEBUG o.h.l.p.e.i.LoadQueryJoinAndFetchProcessor - processing queryspace <gen:0>
00:31:24.920 [main] DEBUG o.h.l.p.b.spi.LoadPlanTreePrinter - LoadPlan(entity=edu.ncsu.csc.itrust2.models.persistent.Personnel)
    - Returns
       - EntityReturnImpl(entity=edu.ncsu.csc.itrust2.models.persistent.Personnel, querySpaceUid=<gen:0>, path=edu.ncsu.csc.itrust2.models.persistent.Personnel)
          - EntityAttributeFetchImpl(entity=edu.ncsu.csc.itrust2.models.persistent.User, querySpaceUid=<gen:1>, path=edu.ncsu.csc.itrust2.models.persistent.Personnel.self)
    - QuerySpaces
       - EntityQuerySpaceImpl(uid=<gen:0>, entity=edu.ncsu.csc.itrust2.models.persistent.Personnel)
          - SQL table alias mapping - personnel0_
          - alias suffix - 0_
          - suffixed key columns - {id1_13_0_}

00:31:24.920 [main] DEBUG o.h.loader.entity.plan.EntityLoader - Static select for entity edu.ncsu.csc.itrust2.models.persistent.Personnel [UPGRADE_NOWAIT]: select personnel0_.id as id1_13_0_, personnel0_.address1 as address2_13_0_, personnel0_.address2 as address3_13_0_, personnel0_.city as city4_13_0_, personnel0_.email as email5_13_0_, personnel0_.enabled as enabled6_13_0_, personnel0_.firstName as firstNam7_13_0_, personnel0_.lastName as lastName8_13_0_, personnel0_.phone as phone9_13_0_, personnel0_.self_id as self_id13_13_0_, personnel0_.specialty as special10_13_0_, personnel0_.state as state11_13_0_, personnel0_.zip as zip12_13_0_ from Personnel personnel0_ where personnel0_.id=? for update
00:31:24.921 [main] DEBUG o.h.l.p.b.i.spaces.QuerySpacesImpl - Adding QuerySpace : uid = <gen:0> -> org.hibernate.loader.plan.build.internal.spaces.EntityQuerySpaceImpl@467e45a4]
00:31:24.921 [main] DEBUG o.h.p.w.spi.MetamodelGraphWalker - Visiting attribute path : address1
00:31:24.921 [main] DEBUG o.h.p.w.spi.MetamodelGraphWalker - Visiting attribute path : address2
00:31:24.921 [main] DEBUG o.h.p.w.spi.MetamodelGraphWalker - Visiting attribute path : city
00:31:24.921 [main] DEBUG o.h.p.w.spi.MetamodelGraphWalker - Visiting attribute path : email
00:31:24.921 [main] DEBUG o.h.p.w.spi.MetamodelGraphWalker - Visiting attribute path : enabled
00:31:24.921 [main] DEBUG o.h.p.w.spi.MetamodelGraphWalker - Visiting attribute path : firstName
00:31:24.922 [main] DEBUG o.h.p.w.spi.MetamodelGraphWalker - Visiting attribute path : lastName
00:31:24.922 [main] DEBUG o.h.p.w.spi.MetamodelGraphWalker - Visiting attribute path : phone
00:31:24.922 [main] DEBUG o.h.p.w.spi.MetamodelGraphWalker - Visiting attribute path : self
00:31:24.922 [main] DEBUG o.h.l.p.b.i.spaces.QuerySpacesImpl - Adding QuerySpace : uid = <gen:1> -> org.hibernate.loader.plan.build.internal.spaces.EntityQuerySpaceImpl@b11a465]
00:31:24.922 [main] DEBUG o.h.p.w.spi.MetamodelGraphWalker - Visiting attribute path : specialty
00:31:24.923 [main] DEBUG o.h.p.w.spi.MetamodelGraphWalker - Visiting attribute path : state
00:31:24.923 [main] DEBUG o.h.p.w.spi.MetamodelGraphWalker - Visiting attribute path : zip
00:31:24.923 [main] DEBUG o.h.l.p.b.i.FetchStyleLoadPlanBuildingAssociationVisitationStrategy - Building LoadPlan...
00:31:24.924 [main] DEBUG o.h.l.p.e.i.LoadQueryJoinAndFetchProcessor - processing queryspace <gen:0>
00:31:24.924 [main] DEBUG o.h.l.p.b.spi.LoadPlanTreePrinter - LoadPlan(entity=edu.ncsu.csc.itrust2.models.persistent.Personnel)
    - Returns
       - EntityReturnImpl(entity=edu.ncsu.csc.itrust2.models.persistent.Personnel, querySpaceUid=<gen:0>, path=edu.ncsu.csc.itrust2.models.persistent.Personnel)
          - EntityAttributeFetchImpl(entity=edu.ncsu.csc.itrust2.models.persistent.User, querySpaceUid=<gen:1>, path=edu.ncsu.csc.itrust2.models.persistent.Personnel.self)
    - QuerySpaces
       - EntityQuerySpaceImpl(uid=<gen:0>, entity=edu.ncsu.csc.itrust2.models.persistent.Personnel)
          - SQL table alias mapping - personnel0_
          - alias suffix - 0_
          - suffixed key columns - {id1_13_0_}

00:31:24.925 [main] DEBUG o.h.loader.entity.plan.EntityLoader - Static select for entity edu.ncsu.csc.itrust2.models.persistent.Personnel [UPGRADE_SKIPLOCKED]: select personnel0_.id as id1_13_0_, personnel0_.address1 as address2_13_0_, personnel0_.address2 as address3_13_0_, personnel0_.city as city4_13_0_, personnel0_.email as email5_13_0_, personnel0_.enabled as enabled6_13_0_, personnel0_.firstName as firstNam7_13_0_, personnel0_.lastName as lastName8_13_0_, personnel0_.phone as phone9_13_0_, personnel0_.self_id as self_id13_13_0_, personnel0_.specialty as special10_13_0_, personnel0_.state as state11_13_0_, personnel0_.zip as zip12_13_0_ from Personnel personnel0_ where personnel0_.id=? for update
00:31:24.925 [main] DEBUG o.h.l.p.b.i.spaces.QuerySpacesImpl - Adding QuerySpace : uid = <gen:0> -> org.hibernate.loader.plan.build.internal.spaces.EntityQuerySpaceImpl@40e45cd]
00:31:24.925 [main] DEBUG o.h.p.w.spi.MetamodelGraphWalker - Visiting attribute path : address1
00:31:24.925 [main] DEBUG o.h.p.w.spi.MetamodelGraphWalker - Visiting attribute path : address2
00:31:24.926 [main] DEBUG o.h.p.w.spi.MetamodelGraphWalker - Visiting attribute path : city
00:31:24.926 [main] DEBUG o.h.p.w.spi.MetamodelGraphWalker - Visiting attribute path : email
00:31:24.926 [main] DEBUG o.h.p.w.spi.MetamodelGraphWalker - Visiting attribute path : enabled
00:31:24.926 [main] DEBUG o.h.p.w.spi.MetamodelGraphWalker - Visiting attribute path : firstName
00:31:24.927 [main] DEBUG o.h.p.w.spi.MetamodelGraphWalker - Visiting attribute path : lastName
00:31:24.927 [main] DEBUG o.h.p.w.spi.MetamodelGraphWalker - Visiting attribute path : phone
00:31:24.927 [main] DEBUG o.h.p.w.spi.MetamodelGraphWalker - Visiting attribute path : self
00:31:24.927 [main] DEBUG o.h.l.p.b.i.spaces.QuerySpacesImpl - Adding QuerySpace : uid = <gen:1> -> org.hibernate.loader.plan.build.internal.spaces.EntityQuerySpaceImpl@1e87f5c0]
00:31:24.927 [main] DEBUG o.h.p.w.spi.MetamodelGraphWalker - Visiting attribute path : specialty
00:31:24.928 [main] DEBUG o.h.p.w.spi.MetamodelGraphWalker - Visiting attribute path : state
00:31:24.928 [main] DEBUG o.h.p.w.spi.MetamodelGraphWalker - Visiting attribute path : zip
00:31:24.928 [main] DEBUG o.h.l.p.b.i.FetchStyleLoadPlanBuildingAssociationVisitationStrategy - Building LoadPlan...
00:31:24.928 [main] DEBUG o.h.l.p.e.i.LoadQueryJoinAndFetchProcessor - processing queryspace <gen:0>
00:31:24.929 [main] DEBUG o.h.l.p.b.spi.LoadPlanTreePrinter - LoadPlan(entity=edu.ncsu.csc.itrust2.models.persistent.Personnel)
    - Returns
       - EntityReturnImpl(entity=edu.ncsu.csc.itrust2.models.persistent.Personnel, querySpaceUid=<gen:0>, path=edu.ncsu.csc.itrust2.models.persistent.Personnel)
          - EntityAttributeFetchImpl(entity=edu.ncsu.csc.itrust2.models.persistent.User, querySpaceUid=<gen:1>, path=edu.ncsu.csc.itrust2.models.persistent.Personnel.self)
    - QuerySpaces
       - EntityQuerySpaceImpl(uid=<gen:0>, entity=edu.ncsu.csc.itrust2.models.persistent.Personnel)
          - SQL table alias mapping - personnel0_
          - alias suffix - 0_
          - suffixed key columns - {id1_13_0_}

00:31:24.930 [main] DEBUG o.h.loader.entity.plan.EntityLoader - Static select for entity edu.ncsu.csc.itrust2.models.persistent.Personnel [FORCE]: select personnel0_.id as id1_13_0_, personnel0_.address1 as address2_13_0_, personnel0_.address2 as address3_13_0_, personnel0_.city as city4_13_0_, personnel0_.email as email5_13_0_, personnel0_.enabled as enabled6_13_0_, personnel0_.firstName as firstNam7_13_0_, personnel0_.lastName as lastName8_13_0_, personnel0_.phone as phone9_13_0_, personnel0_.self_id as self_id13_13_0_, personnel0_.specialty as special10_13_0_, personnel0_.state as state11_13_0_, personnel0_.zip as zip12_13_0_ from Personnel personnel0_ where personnel0_.id=? for update
00:31:24.930 [main] DEBUG o.h.l.p.b.i.spaces.QuerySpacesImpl - Adding QuerySpace : uid = <gen:0> -> org.hibernate.loader.plan.build.internal.spaces.EntityQuerySpaceImpl@18b358f9]
00:31:24.930 [main] DEBUG o.h.p.w.spi.MetamodelGraphWalker - Visiting attribute path : address1
00:31:24.930 [main] DEBUG o.h.p.w.spi.MetamodelGraphWalker - Visiting attribute path : address2
00:31:24.930 [main] DEBUG o.h.p.w.spi.MetamodelGraphWalker - Visiting attribute path : city
00:31:24.930 [main] DEBUG o.h.p.w.spi.MetamodelGraphWalker - Visiting attribute path : email
00:31:24.930 [main] DEBUG o.h.p.w.spi.MetamodelGraphWalker - Visiting attribute path : enabled
00:31:24.931 [main] DEBUG o.h.p.w.spi.MetamodelGraphWalker - Visiting attribute path : firstName
00:31:24.931 [main] DEBUG o.h.p.w.spi.MetamodelGraphWalker - Visiting attribute path : lastName
00:31:24.931 [main] DEBUG o.h.p.w.spi.MetamodelGraphWalker - Visiting attribute path : phone
00:31:24.931 [main] DEBUG o.h.p.w.spi.MetamodelGraphWalker - Visiting attribute path : self
00:31:24.931 [main] DEBUG o.h.l.p.b.i.spaces.QuerySpacesImpl - Adding QuerySpace : uid = <gen:1> -> org.hibernate.loader.plan.build.internal.spaces.EntityQuerySpaceImpl@156bb545]
00:31:24.931 [main] DEBUG o.h.p.w.spi.MetamodelGraphWalker - Visiting attribute path : specialty
00:31:24.932 [main] DEBUG o.h.p.w.spi.MetamodelGraphWalker - Visiting attribute path : state
00:31:24.932 [main] DEBUG o.h.p.w.spi.MetamodelGraphWalker - Visiting attribute path : zip
00:31:24.932 [main] DEBUG o.h.l.p.b.i.FetchStyleLoadPlanBuildingAssociationVisitationStrategy - Building LoadPlan...
00:31:24.933 [main] DEBUG o.h.l.p.e.i.LoadQueryJoinAndFetchProcessor - processing queryspace <gen:0>
00:31:24.933 [main] DEBUG o.h.l.p.b.spi.LoadPlanTreePrinter - LoadPlan(entity=edu.ncsu.csc.itrust2.models.persistent.Personnel)
    - Returns
       - EntityReturnImpl(entity=edu.ncsu.csc.itrust2.models.persistent.Personnel, querySpaceUid=<gen:0>, path=edu.ncsu.csc.itrust2.models.persistent.Personnel)
          - EntityAttributeFetchImpl(entity=edu.ncsu.csc.itrust2.models.persistent.User, querySpaceUid=<gen:1>, path=edu.ncsu.csc.itrust2.models.persistent.Personnel.self)
    - QuerySpaces
       - EntityQuerySpaceImpl(uid=<gen:0>, entity=edu.ncsu.csc.itrust2.models.persistent.Personnel)
          - SQL table alias mapping - personnel0_
          - alias suffix - 0_
          - suffixed key columns - {id1_13_0_}

00:31:24.934 [main] DEBUG o.h.loader.entity.plan.EntityLoader - Static select for entity edu.ncsu.csc.itrust2.models.persistent.Personnel [PESSIMISTIC_READ]: select personnel0_.id as id1_13_0_, personnel0_.address1 as address2_13_0_, personnel0_.address2 as address3_13_0_, personnel0_.city as city4_13_0_, personnel0_.email as email5_13_0_, personnel0_.enabled as enabled6_13_0_, personnel0_.firstName as firstNam7_13_0_, personnel0_.lastName as lastName8_13_0_, personnel0_.phone as phone9_13_0_, personnel0_.self_id as self_id13_13_0_, personnel0_.specialty as special10_13_0_, personnel0_.state as state11_13_0_, personnel0_.zip as zip12_13_0_ from Personnel personnel0_ where personnel0_.id=? lock in share mode
00:31:24.934 [main] DEBUG o.h.l.p.b.i.spaces.QuerySpacesImpl - Adding QuerySpace : uid = <gen:0> -> org.hibernate.loader.plan.build.internal.spaces.EntityQuerySpaceImpl@34e37bdd]
00:31:24.934 [main] DEBUG o.h.p.w.spi.MetamodelGraphWalker - Visiting attribute path : address1
00:31:24.935 [main] DEBUG o.h.p.w.spi.MetamodelGraphWalker - Visiting attribute path : address2
00:31:24.935 [main] DEBUG o.h.p.w.spi.MetamodelGraphWalker - Visiting attribute path : city
00:31:24.935 [main] DEBUG o.h.p.w.spi.MetamodelGraphWalker - Visiting attribute path : email
00:31:24.935 [main] DEBUG o.h.p.w.spi.MetamodelGraphWalker - Visiting attribute path : enabled
00:31:24.935 [main] DEBUG o.h.p.w.spi.MetamodelGraphWalker - Visiting attribute path : firstName
00:31:24.935 [main] DEBUG o.h.p.w.spi.MetamodelGraphWalker - Visiting attribute path : lastName
00:31:24.935 [main] DEBUG o.h.p.w.spi.MetamodelGraphWalker - Visiting attribute path : phone
00:31:24.935 [main] DEBUG o.h.p.w.spi.MetamodelGraphWalker - Visiting attribute path : self
00:31:24.936 [main] DEBUG o.h.l.p.b.i.spaces.QuerySpacesImpl - Adding QuerySpace : uid = <gen:1> -> org.hibernate.loader.plan.build.internal.spaces.EntityQuerySpaceImpl@728474cb]
00:31:24.936 [main] DEBUG o.h.p.w.spi.MetamodelGraphWalker - Visiting attribute path : specialty
00:31:24.936 [main] DEBUG o.h.p.w.spi.MetamodelGraphWalker - Visiting attribute path : state
00:31:24.936 [main] DEBUG o.h.p.w.spi.MetamodelGraphWalker - Visiting attribute path : zip
00:31:24.936 [main] DEBUG o.h.l.p.b.i.FetchStyleLoadPlanBuildingAssociationVisitationStrategy - Building LoadPlan...
00:31:24.937 [main] DEBUG o.h.l.p.e.i.LoadQueryJoinAndFetchProcessor - processing queryspace <gen:0>
00:31:24.937 [main] DEBUG o.h.l.p.b.spi.LoadPlanTreePrinter - LoadPlan(entity=edu.ncsu.csc.itrust2.models.persistent.Personnel)
    - Returns
       - EntityReturnImpl(entity=edu.ncsu.csc.itrust2.models.persistent.Personnel, querySpaceUid=<gen:0>, path=edu.ncsu.csc.itrust2.models.persistent.Personnel)
          - EntityAttributeFetchImpl(entity=edu.ncsu.csc.itrust2.models.persistent.User, querySpaceUid=<gen:1>, path=edu.ncsu.csc.itrust2.models.persistent.Personnel.self)
    - QuerySpaces
       - EntityQuerySpaceImpl(uid=<gen:0>, entity=edu.ncsu.csc.itrust2.models.persistent.Personnel)
          - SQL table alias mapping - personnel0_
          - alias suffix - 0_
          - suffixed key columns - {id1_13_0_}

00:31:24.937 [main] DEBUG o.h.loader.entity.plan.EntityLoader - Static select for entity edu.ncsu.csc.itrust2.models.persistent.Personnel [PESSIMISTIC_WRITE]: select personnel0_.id as id1_13_0_, personnel0_.address1 as address2_13_0_, personnel0_.address2 as address3_13_0_, personnel0_.city as city4_13_0_, personnel0_.email as email5_13_0_, personnel0_.enabled as enabled6_13_0_, personnel0_.firstName as firstNam7_13_0_, personnel0_.lastName as lastName8_13_0_, personnel0_.phone as phone9_13_0_, personnel0_.self_id as self_id13_13_0_, personnel0_.specialty as special10_13_0_, personnel0_.state as state11_13_0_, personnel0_.zip as zip12_13_0_ from Personnel personnel0_ where personnel0_.id=? for update
00:31:24.937 [main] DEBUG o.h.l.p.b.i.spaces.QuerySpacesImpl - Adding QuerySpace : uid = <gen:0> -> org.hibernate.loader.plan.build.internal.spaces.EntityQuerySpaceImpl@3a8d3643]
00:31:24.938 [main] DEBUG o.h.p.w.spi.MetamodelGraphWalker - Visiting attribute path : address1
00:31:24.938 [main] DEBUG o.h.p.w.spi.MetamodelGraphWalker - Visiting attribute path : address2
00:31:24.938 [main] DEBUG o.h.p.w.spi.MetamodelGraphWalker - Visiting attribute path : city
00:31:24.938 [main] DEBUG o.h.p.w.spi.MetamodelGraphWalker - Visiting attribute path : email
00:31:24.940 [main] DEBUG o.h.p.w.spi.MetamodelGraphWalker - Visiting attribute path : enabled
00:31:24.940 [main] DEBUG o.h.p.w.spi.MetamodelGraphWalker - Visiting attribute path : firstName
00:31:24.940 [main] DEBUG o.h.p.w.spi.MetamodelGraphWalker - Visiting attribute path : lastName
00:31:24.941 [main] DEBUG o.h.p.w.spi.MetamodelGraphWalker - Visiting attribute path : phone
00:31:24.941 [main] DEBUG o.h.p.w.spi.MetamodelGraphWalker - Visiting attribute path : self
00:31:24.941 [main] DEBUG o.h.l.p.b.i.spaces.QuerySpacesImpl - Adding QuerySpace : uid = <gen:1> -> org.hibernate.loader.plan.build.internal.spaces.EntityQuerySpaceImpl@f59181e]
00:31:24.942 [main] DEBUG o.h.p.w.spi.MetamodelGraphWalker - Visiting attribute path : specialty
00:31:24.942 [main] DEBUG o.h.p.w.spi.MetamodelGraphWalker - Visiting attribute path : state
00:31:24.942 [main] DEBUG o.h.p.w.spi.MetamodelGraphWalker - Visiting attribute path : zip
00:31:24.943 [main] DEBUG o.h.l.p.b.i.FetchStyleLoadPlanBuildingAssociationVisitationStrategy - Building LoadPlan...
00:31:24.943 [main] DEBUG o.h.l.p.e.i.LoadQueryJoinAndFetchProcessor - processing queryspace <gen:0>
00:31:24.944 [main] DEBUG o.h.l.p.b.spi.LoadPlanTreePrinter - LoadPlan(entity=edu.ncsu.csc.itrust2.models.persistent.Personnel)
    - Returns
       - EntityReturnImpl(entity=edu.ncsu.csc.itrust2.models.persistent.Personnel, querySpaceUid=<gen:0>, path=edu.ncsu.csc.itrust2.models.persistent.Personnel)
          - EntityAttributeFetchImpl(entity=edu.ncsu.csc.itrust2.models.persistent.User, querySpaceUid=<gen:1>, path=edu.ncsu.csc.itrust2.models.persistent.Personnel.self)
    - QuerySpaces
       - EntityQuerySpaceImpl(uid=<gen:0>, entity=edu.ncsu.csc.itrust2.models.persistent.Personnel)
          - SQL table alias mapping - personnel0_
          - alias suffix - 0_
          - suffixed key columns - {id1_13_0_}

00:31:24.945 [main] DEBUG o.h.loader.entity.plan.EntityLoader - Static select for entity edu.ncsu.csc.itrust2.models.persistent.Personnel [PESSIMISTIC_FORCE_INCREMENT]: select personnel0_.id as id1_13_0_, personnel0_.address1 as address2_13_0_, personnel0_.address2 as address3_13_0_, personnel0_.city as city4_13_0_, personnel0_.email as email5_13_0_, personnel0_.enabled as enabled6_13_0_, personnel0_.firstName as firstNam7_13_0_, personnel0_.lastName as lastName8_13_0_, personnel0_.phone as phone9_13_0_, personnel0_.self_id as self_id13_13_0_, personnel0_.specialty as special10_13_0_, personnel0_.state as state11_13_0_, personnel0_.zip as zip12_13_0_ from Personnel personnel0_ where personnel0_.id=? for update
00:31:24.945 [main] DEBUG o.h.l.p.b.i.spaces.QuerySpacesImpl - Adding QuerySpace : uid = <gen:0> -> org.hibernate.loader.plan.build.internal.spaces.EntityQuerySpaceImpl@5eaa0712]
00:31:24.945 [main] DEBUG o.h.p.w.spi.MetamodelGraphWalker - Visiting attribute path : address1
00:31:24.945 [main] DEBUG o.h.p.w.spi.MetamodelGraphWalker - Visiting attribute path : address2
00:31:24.945 [main] DEBUG o.h.p.w.spi.MetamodelGraphWalker - Visiting attribute path : city
00:31:24.945 [main] DEBUG o.h.p.w.spi.MetamodelGraphWalker - Visiting attribute path : email
00:31:24.946 [main] DEBUG o.h.p.w.spi.MetamodelGraphWalker - Visiting attribute path : enabled
00:31:24.946 [main] DEBUG o.h.p.w.spi.MetamodelGraphWalker - Visiting attribute path : firstName
00:31:24.946 [main] DEBUG o.h.p.w.spi.MetamodelGraphWalker - Visiting attribute path : lastName
00:31:24.946 [main] DEBUG o.h.p.w.spi.MetamodelGraphWalker - Visiting attribute path : phone
00:31:24.946 [main] DEBUG o.h.p.w.spi.MetamodelGraphWalker - Visiting attribute path : self
00:31:24.946 [main] DEBUG o.h.l.p.b.i.spaces.QuerySpacesImpl - Adding QuerySpace : uid = <gen:1> -> org.hibernate.loader.plan.build.internal.spaces.EntityQuerySpaceImpl@644a0631]
00:31:24.947 [main] DEBUG o.h.p.w.spi.MetamodelGraphWalker - Visiting attribute path : specialty
00:31:24.947 [main] DEBUG o.h.p.w.spi.MetamodelGraphWalker - Visiting attribute path : state
00:31:24.947 [main] DEBUG o.h.p.w.spi.MetamodelGraphWalker - Visiting attribute path : zip
00:31:24.947 [main] DEBUG o.h.l.p.b.i.FetchStyleLoadPlanBuildingAssociationVisitationStrategy - Building LoadPlan...
00:31:24.948 [main] DEBUG o.h.l.p.e.i.LoadQueryJoinAndFetchProcessor - processing queryspace <gen:0>
00:31:24.949 [main] DEBUG o.h.l.p.b.spi.LoadPlanTreePrinter - LoadPlan(entity=edu.ncsu.csc.itrust2.models.persistent.Personnel)
    - Returns
       - EntityReturnImpl(entity=edu.ncsu.csc.itrust2.models.persistent.Personnel, querySpaceUid=<gen:0>, path=edu.ncsu.csc.itrust2.models.persistent.Personnel)
          - EntityAttributeFetchImpl(entity=edu.ncsu.csc.itrust2.models.persistent.User, querySpaceUid=<gen:1>, path=edu.ncsu.csc.itrust2.models.persistent.Personnel.self)
    - QuerySpaces
       - EntityQuerySpaceImpl(uid=<gen:0>, entity=edu.ncsu.csc.itrust2.models.persistent.Personnel)
          - SQL table alias mapping - personnel0_
          - alias suffix - 0_
          - suffixed key columns - {id1_13_0_}

00:31:24.949 [main] DEBUG o.h.loader.entity.plan.EntityLoader - Static select for entity edu.ncsu.csc.itrust2.models.persistent.Personnel [OPTIMISTIC]: select personnel0_.id as id1_13_0_, personnel0_.address1 as address2_13_0_, personnel0_.address2 as address3_13_0_, personnel0_.city as city4_13_0_, personnel0_.email as email5_13_0_, personnel0_.enabled as enabled6_13_0_, personnel0_.firstName as firstNam7_13_0_, personnel0_.lastName as lastName8_13_0_, personnel0_.phone as phone9_13_0_, personnel0_.self_id as self_id13_13_0_, personnel0_.specialty as special10_13_0_, personnel0_.state as state11_13_0_, personnel0_.zip as zip12_13_0_ from Personnel personnel0_ where personnel0_.id=?
00:31:24.949 [main] DEBUG o.h.l.p.b.i.spaces.QuerySpacesImpl - Adding QuerySpace : uid = <gen:0> -> org.hibernate.loader.plan.build.internal.spaces.EntityQuerySpaceImpl@23946b4e]
00:31:24.949 [main] DEBUG o.h.p.w.spi.MetamodelGraphWalker - Visiting attribute path : address1
00:31:24.950 [main] DEBUG o.h.p.w.spi.MetamodelGraphWalker - Visiting attribute path : address2
00:31:24.950 [main] DEBUG o.h.p.w.spi.MetamodelGraphWalker - Visiting attribute path : city
00:31:24.950 [main] DEBUG o.h.p.w.spi.MetamodelGraphWalker - Visiting attribute path : email
00:31:24.950 [main] DEBUG o.h.p.w.spi.MetamodelGraphWalker - Visiting attribute path : enabled
00:31:24.950 [main] DEBUG o.h.p.w.spi.MetamodelGraphWalker - Visiting attribute path : firstName
00:31:24.950 [main] DEBUG o.h.p.w.spi.MetamodelGraphWalker - Visiting attribute path : lastName
00:31:24.950 [main] DEBUG o.h.p.w.spi.MetamodelGraphWalker - Visiting attribute path : phone
00:31:24.950 [main] DEBUG o.h.p.w.spi.MetamodelGraphWalker - Visiting attribute path : self
00:31:24.951 [main] DEBUG o.h.l.p.b.i.spaces.QuerySpacesImpl - Adding QuerySpace : uid = <gen:1> -> org.hibernate.loader.plan.build.internal.spaces.EntityQuerySpaceImpl@101e09ff]
00:31:24.951 [main] DEBUG o.h.p.w.spi.MetamodelGraphWalker - Visiting attribute path : specialty
00:31:24.951 [main] DEBUG o.h.p.w.spi.MetamodelGraphWalker - Visiting attribute path : state
00:31:24.951 [main] DEBUG o.h.p.w.spi.MetamodelGraphWalker - Visiting attribute path : zip
00:31:24.951 [main] DEBUG o.h.l.p.b.i.FetchStyleLoadPlanBuildingAssociationVisitationStrategy - Building LoadPlan...
00:31:24.952 [main] DEBUG o.h.l.p.e.i.LoadQueryJoinAndFetchProcessor - processing queryspace <gen:0>
00:31:24.952 [main] DEBUG o.h.l.p.b.spi.LoadPlanTreePrinter - LoadPlan(entity=edu.ncsu.csc.itrust2.models.persistent.Personnel)
    - Returns
       - EntityReturnImpl(entity=edu.ncsu.csc.itrust2.models.persistent.Personnel, querySpaceUid=<gen:0>, path=edu.ncsu.csc.itrust2.models.persistent.Personnel)
          - EntityAttributeFetchImpl(entity=edu.ncsu.csc.itrust2.models.persistent.User, querySpaceUid=<gen:1>, path=edu.ncsu.csc.itrust2.models.persistent.Personnel.self)
    - QuerySpaces
       - EntityQuerySpaceImpl(uid=<gen:0>, entity=edu.ncsu.csc.itrust2.models.persistent.Personnel)
          - SQL table alias mapping - personnel0_
          - alias suffix - 0_
          - suffixed key columns - {id1_13_0_}

00:31:24.952 [main] DEBUG o.h.loader.entity.plan.EntityLoader - Static select for entity edu.ncsu.csc.itrust2.models.persistent.Personnel [OPTIMISTIC_FORCE_INCREMENT]: select personnel0_.id as id1_13_0_, personnel0_.address1 as address2_13_0_, personnel0_.address2 as address3_13_0_, personnel0_.city as city4_13_0_, personnel0_.email as email5_13_0_, personnel0_.enabled as enabled6_13_0_, personnel0_.firstName as firstNam7_13_0_, personnel0_.lastName as lastName8_13_0_, personnel0_.phone as phone9_13_0_, personnel0_.self_id as self_id13_13_0_, personnel0_.specialty as special10_13_0_, personnel0_.state as state11_13_0_, personnel0_.zip as zip12_13_0_ from Personnel personnel0_ where personnel0_.id=?
00:31:24.984 [main] DEBUG org.hibernate.loader.Loader - Static select for action ACTION_MERGE on entity edu.ncsu.csc.itrust2.models.persistent.Personnel: select personnel0_.id as id1_13_0_, personnel0_.address1 as address2_13_0_, personnel0_.address2 as address3_13_0_, personnel0_.city as city4_13_0_, personnel0_.email as email5_13_0_, personnel0_.enabled as enabled6_13_0_, personnel0_.firstName as firstNam7_13_0_, personnel0_.lastName as lastName8_13_0_, personnel0_.phone as phone9_13_0_, personnel0_.self_id as self_id13_13_0_, personnel0_.specialty as special10_13_0_, personnel0_.state as state11_13_0_, personnel0_.zip as zip12_13_0_ from Personnel personnel0_ where personnel0_.id=?
00:31:24.984 [main] DEBUG org.hibernate.loader.Loader - Static select for action ACTION_REFRESH on entity edu.ncsu.csc.itrust2.models.persistent.Personnel: select personnel0_.id as id1_13_0_, personnel0_.address1 as address2_13_0_, personnel0_.address2 as address3_13_0_, personnel0_.city as city4_13_0_, personnel0_.email as email5_13_0_, personnel0_.enabled as enabled6_13_0_, personnel0_.firstName as firstNam7_13_0_, personnel0_.lastName as lastName8_13_0_, personnel0_.phone as phone9_13_0_, personnel0_.self_id as self_id13_13_0_, personnel0_.specialty as special10_13_0_, personnel0_.state as state11_13_0_, personnel0_.zip as zip12_13_0_ from Personnel personnel0_ where personnel0_.id=?
00:31:24.985 [main] DEBUG o.h.p.entity.AbstractEntityPersister - Static SQL for entity: edu.ncsu.csc.itrust2.models.persistent.BasicHealthMetrics
00:31:24.985 [main] DEBUG o.h.p.entity.AbstractEntityPersister -  Version select: select id from BasicHealthMetrics where id =?
00:31:24.985 [main] DEBUG o.h.p.entity.AbstractEntityPersister -  Snapshot select: select basichealt_.id, basichealt_.diastolic as diastoli2_1_, basichealt_.hcp_id as hcp_id12_1_, basichealt_.hdl as hdl3_1_, basichealt_.headCircumference as headCirc4_1_, basichealt_.height as height5_1_, basichealt_.houseSmokingStatus as houseSmo6_1_, basichealt_.ldl as ldl7_1_, basichealt_.patient_id as patient13_1_, basichealt_.patientSmokingStatus as patientS8_1_, basichealt_.systolic as systolic9_1_, basichealt_.tri as tri10_1_, basichealt_.weight as weight11_1_ from BasicHealthMetrics basichealt_ where basichealt_.id=?
00:31:24.985 [main] DEBUG o.h.p.entity.AbstractEntityPersister -  Insert 0: insert into BasicHealthMetrics (diastolic, hcp_id, hdl, headCircumference, height, houseSmokingStatus, ldl, patient_id, patientSmokingStatus, systolic, tri, weight, id) values (?, ?, ?, ?, ?, ?, ?, ?, ?, ?, ?, ?, ?)
00:31:24.986 [main] DEBUG o.h.p.entity.AbstractEntityPersister -  Update 0: update BasicHealthMetrics set diastolic=?, hcp_id=?, hdl=?, headCircumference=?, height=?, houseSmokingStatus=?, ldl=?, patient_id=?, patientSmokingStatus=?, systolic=?, tri=?, weight=? where id=?
00:31:24.986 [main] DEBUG o.h.p.entity.AbstractEntityPersister -  Delete 0: delete from BasicHealthMetrics where id=?
00:31:24.986 [main] DEBUG o.h.l.p.b.i.spaces.QuerySpacesImpl - Adding QuerySpace : uid = <gen:0> -> org.hibernate.loader.plan.build.internal.spaces.EntityQuerySpaceImpl@767eafe2]
00:31:24.986 [main] DEBUG o.h.p.w.spi.MetamodelGraphWalker - Visiting attribute path : diastolic
00:31:24.986 [main] DEBUG o.h.p.w.spi.MetamodelGraphWalker - Visiting attribute path : hcp
00:31:24.987 [main] DEBUG o.h.l.p.b.i.spaces.QuerySpacesImpl - Adding QuerySpace : uid = <gen:1> -> org.hibernate.loader.plan.build.internal.spaces.EntityQuerySpaceImpl@545ce96e]
00:31:24.987 [main] DEBUG o.h.p.w.spi.MetamodelGraphWalker - Visiting attribute path : hcp.enabled
00:31:24.988 [main] DEBUG o.h.p.w.spi.MetamodelGraphWalker - Visiting attribute path : hcp.password
00:31:24.988 [main] DEBUG o.h.p.w.spi.MetamodelGraphWalker - Visiting attribute path : hcp.role
00:31:24.988 [main] DEBUG o.h.p.w.spi.MetamodelGraphWalker - Visiting attribute path : hdl
00:31:24.988 [main] DEBUG o.h.p.w.spi.MetamodelGraphWalker - Visiting attribute path : headCircumference
00:31:24.988 [main] DEBUG o.h.p.w.spi.MetamodelGraphWalker - Visiting attribute path : height
00:31:24.988 [main] DEBUG o.h.p.w.spi.MetamodelGraphWalker - Visiting attribute path : houseSmokingStatus
00:31:24.988 [main] DEBUG o.h.p.w.spi.MetamodelGraphWalker - Visiting attribute path : ldl
00:31:24.989 [main] DEBUG o.h.p.w.spi.MetamodelGraphWalker - Visiting attribute path : patient
00:31:24.989 [main] DEBUG o.h.l.p.b.i.spaces.QuerySpacesImpl - Adding QuerySpace : uid = <gen:2> -> org.hibernate.loader.plan.build.internal.spaces.EntityQuerySpaceImpl@7255f867]
00:31:24.989 [main] DEBUG o.h.p.w.spi.MetamodelGraphWalker - Visiting attribute path : patient.enabled
00:31:24.989 [main] DEBUG o.h.p.w.spi.MetamodelGraphWalker - Visiting attribute path : patient.password
00:31:24.989 [main] DEBUG o.h.p.w.spi.MetamodelGraphWalker - Visiting attribute path : patient.role
00:31:24.989 [main] DEBUG o.h.p.w.spi.MetamodelGraphWalker - Visiting attribute path : patientSmokingStatus
00:31:24.990 [main] DEBUG o.h.p.w.spi.MetamodelGraphWalker - Visiting attribute path : systolic
00:31:24.990 [main] DEBUG o.h.p.w.spi.MetamodelGraphWalker - Visiting attribute path : tri
00:31:24.990 [main] DEBUG o.h.p.w.spi.MetamodelGraphWalker - Visiting attribute path : weight
00:31:24.990 [main] DEBUG o.h.l.p.b.i.FetchStyleLoadPlanBuildingAssociationVisitationStrategy - Building LoadPlan...
00:31:24.994 [main] DEBUG o.h.l.p.e.i.LoadQueryJoinAndFetchProcessor - processing queryspace <gen:0>
00:31:24.995 [main] DEBUG o.h.l.p.b.spi.LoadPlanTreePrinter - LoadPlan(entity=edu.ncsu.csc.itrust2.models.persistent.BasicHealthMetrics)
    - Returns
       - EntityReturnImpl(entity=edu.ncsu.csc.itrust2.models.persistent.BasicHealthMetrics, querySpaceUid=<gen:0>, path=edu.ncsu.csc.itrust2.models.persistent.BasicHealthMetrics)
          - EntityAttributeFetchImpl(entity=edu.ncsu.csc.itrust2.models.persistent.User, querySpaceUid=<gen:1>, path=edu.ncsu.csc.itrust2.models.persistent.BasicHealthMetrics.hcp)
          - EntityAttributeFetchImpl(entity=edu.ncsu.csc.itrust2.models.persistent.User, querySpaceUid=<gen:2>, path=edu.ncsu.csc.itrust2.models.persistent.BasicHealthMetrics.patient)
    - QuerySpaces
       - EntityQuerySpaceImpl(uid=<gen:0>, entity=edu.ncsu.csc.itrust2.models.persistent.BasicHealthMetrics)
          - SQL table alias mapping - basichealt0_
          - alias suffix - 0_
          - suffixed key columns - {id1_1_0_}
          - JOIN (JoinDefinedByMetadata(hcp)) : <gen:0> -> <gen:1>
             - EntityQuerySpaceImpl(uid=<gen:1>, entity=edu.ncsu.csc.itrust2.models.persistent.User)
                - SQL table alias mapping - user1_
                - alias suffix - 1_
                - suffixed key columns - {username1_15_1_}
          - JOIN (JoinDefinedByMetadata(patient)) : <gen:0> -> <gen:2>
             - EntityQuerySpaceImpl(uid=<gen:2>, entity=edu.ncsu.csc.itrust2.models.persistent.User)
                - SQL table alias mapping - user2_
                - alias suffix - 2_
                - suffixed key columns - {username1_15_2_}

00:31:24.995 [main] DEBUG o.h.loader.entity.plan.EntityLoader - Static select for entity edu.ncsu.csc.itrust2.models.persistent.BasicHealthMetrics [NONE]: select basichealt0_.id as id1_1_0_, basichealt0_.diastolic as diastoli2_1_0_, basichealt0_.hcp_id as hcp_id12_1_0_, basichealt0_.hdl as hdl3_1_0_, basichealt0_.headCircumference as headCirc4_1_0_, basichealt0_.height as height5_1_0_, basichealt0_.houseSmokingStatus as houseSmo6_1_0_, basichealt0_.ldl as ldl7_1_0_, basichealt0_.patient_id as patient13_1_0_, basichealt0_.patientSmokingStatus as patientS8_1_0_, basichealt0_.systolic as systolic9_1_0_, basichealt0_.tri as tri10_1_0_, basichealt0_.weight as weight11_1_0_, user1_.username as username1_15_1_, user1_.enabled as enabled2_15_1_, user1_.password as password3_15_1_, user1_.role as role4_15_1_, user2_.username as username1_15_2_, user2_.enabled as enabled2_15_2_, user2_.password as password3_15_2_, user2_.role as role4_15_2_ from BasicHealthMetrics basichealt0_ inner join Users user1_ on basichealt0_.hcp_id=user1_.username inner join Users user2_ on basichealt0_.patient_id=user2_.username where basichealt0_.id=?
00:31:24.995 [main] DEBUG o.h.l.p.b.i.spaces.QuerySpacesImpl - Adding QuerySpace : uid = <gen:0> -> org.hibernate.loader.plan.build.internal.spaces.EntityQuerySpaceImpl@64c30a1e]
00:31:24.996 [main] DEBUG o.h.p.w.spi.MetamodelGraphWalker - Visiting attribute path : diastolic
00:31:24.996 [main] DEBUG o.h.p.w.spi.MetamodelGraphWalker - Visiting attribute path : hcp
00:31:24.996 [main] DEBUG o.h.l.p.b.i.spaces.QuerySpacesImpl - Adding QuerySpace : uid = <gen:1> -> org.hibernate.loader.plan.build.internal.spaces.EntityQuerySpaceImpl@72d41a8a]
00:31:24.996 [main] DEBUG o.h.p.w.spi.MetamodelGraphWalker - Visiting attribute path : hcp.enabled
00:31:24.996 [main] DEBUG o.h.p.w.spi.MetamodelGraphWalker - Visiting attribute path : hcp.password
00:31:24.996 [main] DEBUG o.h.p.w.spi.MetamodelGraphWalker - Visiting attribute path : hcp.role
00:31:24.997 [main] DEBUG o.h.p.w.spi.MetamodelGraphWalker - Visiting attribute path : hdl
00:31:24.997 [main] DEBUG o.h.p.w.spi.MetamodelGraphWalker - Visiting attribute path : headCircumference
00:31:24.997 [main] DEBUG o.h.p.w.spi.MetamodelGraphWalker - Visiting attribute path : height
00:31:24.997 [main] DEBUG o.h.p.w.spi.MetamodelGraphWalker - Visiting attribute path : houseSmokingStatus
00:31:24.997 [main] DEBUG o.h.p.w.spi.MetamodelGraphWalker - Visiting attribute path : ldl
00:31:24.997 [main] DEBUG o.h.p.w.spi.MetamodelGraphWalker - Visiting attribute path : patient
00:31:24.997 [main] DEBUG o.h.l.p.b.i.spaces.QuerySpacesImpl - Adding QuerySpace : uid = <gen:2> -> org.hibernate.loader.plan.build.internal.spaces.EntityQuerySpaceImpl@65c7cf22]
00:31:24.998 [main] DEBUG o.h.p.w.spi.MetamodelGraphWalker - Visiting attribute path : patient.enabled
00:31:24.998 [main] DEBUG o.h.p.w.spi.MetamodelGraphWalker - Visiting attribute path : patient.password
00:31:24.998 [main] DEBUG o.h.p.w.spi.MetamodelGraphWalker - Visiting attribute path : patient.role
00:31:24.998 [main] DEBUG o.h.p.w.spi.MetamodelGraphWalker - Visiting attribute path : patientSmokingStatus
00:31:24.998 [main] DEBUG o.h.p.w.spi.MetamodelGraphWalker - Visiting attribute path : systolic
00:31:24.999 [main] DEBUG o.h.p.w.spi.MetamodelGraphWalker - Visiting attribute path : tri
00:31:24.999 [main] DEBUG o.h.p.w.spi.MetamodelGraphWalker - Visiting attribute path : weight
00:31:24.999 [main] DEBUG o.h.l.p.b.i.FetchStyleLoadPlanBuildingAssociationVisitationStrategy - Building LoadPlan...
00:31:25.000 [main] DEBUG o.h.l.p.e.i.LoadQueryJoinAndFetchProcessor - processing queryspace <gen:0>
00:31:25.004 [main] DEBUG o.h.l.p.b.spi.LoadPlanTreePrinter - LoadPlan(entity=edu.ncsu.csc.itrust2.models.persistent.BasicHealthMetrics)
    - Returns
       - EntityReturnImpl(entity=edu.ncsu.csc.itrust2.models.persistent.BasicHealthMetrics, querySpaceUid=<gen:0>, path=edu.ncsu.csc.itrust2.models.persistent.BasicHealthMetrics)
          - EntityAttributeFetchImpl(entity=edu.ncsu.csc.itrust2.models.persistent.User, querySpaceUid=<gen:1>, path=edu.ncsu.csc.itrust2.models.persistent.BasicHealthMetrics.hcp)
          - EntityAttributeFetchImpl(entity=edu.ncsu.csc.itrust2.models.persistent.User, querySpaceUid=<gen:2>, path=edu.ncsu.csc.itrust2.models.persistent.BasicHealthMetrics.patient)
    - QuerySpaces
       - EntityQuerySpaceImpl(uid=<gen:0>, entity=edu.ncsu.csc.itrust2.models.persistent.BasicHealthMetrics)
          - SQL table alias mapping - basichealt0_
          - alias suffix - 0_
          - suffixed key columns - {id1_1_0_}
          - JOIN (JoinDefinedByMetadata(hcp)) : <gen:0> -> <gen:1>
             - EntityQuerySpaceImpl(uid=<gen:1>, entity=edu.ncsu.csc.itrust2.models.persistent.User)
                - SQL table alias mapping - user1_
                - alias suffix - 1_
                - suffixed key columns - {username1_15_1_}
          - JOIN (JoinDefinedByMetadata(patient)) : <gen:0> -> <gen:2>
             - EntityQuerySpaceImpl(uid=<gen:2>, entity=edu.ncsu.csc.itrust2.models.persistent.User)
                - SQL table alias mapping - user2_
                - alias suffix - 2_
                - suffixed key columns - {username1_15_2_}

00:31:25.004 [main] DEBUG o.h.loader.entity.plan.EntityLoader - Static select for entity edu.ncsu.csc.itrust2.models.persistent.BasicHealthMetrics [READ]: select basichealt0_.id as id1_1_0_, basichealt0_.diastolic as diastoli2_1_0_, basichealt0_.hcp_id as hcp_id12_1_0_, basichealt0_.hdl as hdl3_1_0_, basichealt0_.headCircumference as headCirc4_1_0_, basichealt0_.height as height5_1_0_, basichealt0_.houseSmokingStatus as houseSmo6_1_0_, basichealt0_.ldl as ldl7_1_0_, basichealt0_.patient_id as patient13_1_0_, basichealt0_.patientSmokingStatus as patientS8_1_0_, basichealt0_.systolic as systolic9_1_0_, basichealt0_.tri as tri10_1_0_, basichealt0_.weight as weight11_1_0_, user1_.username as username1_15_1_, user1_.enabled as enabled2_15_1_, user1_.password as password3_15_1_, user1_.role as role4_15_1_, user2_.username as username1_15_2_, user2_.enabled as enabled2_15_2_, user2_.password as password3_15_2_, user2_.role as role4_15_2_ from BasicHealthMetrics basichealt0_ inner join Users user1_ on basichealt0_.hcp_id=user1_.username inner join Users user2_ on basichealt0_.patient_id=user2_.username where basichealt0_.id=?
00:31:25.004 [main] DEBUG o.h.l.p.b.i.spaces.QuerySpacesImpl - Adding QuerySpace : uid = <gen:0> -> org.hibernate.loader.plan.build.internal.spaces.EntityQuerySpaceImpl@6291f725]
00:31:25.005 [main] DEBUG o.h.p.w.spi.MetamodelGraphWalker - Visiting attribute path : diastolic
00:31:25.005 [main] DEBUG o.h.p.w.spi.MetamodelGraphWalker - Visiting attribute path : hcp
00:31:25.005 [main] DEBUG o.h.l.p.b.i.spaces.QuerySpacesImpl - Adding QuerySpace : uid = <gen:1> -> org.hibernate.loader.plan.build.internal.spaces.EntityQuerySpaceImpl@65afa71d]
00:31:25.005 [main] DEBUG o.h.p.w.spi.MetamodelGraphWalker - Visiting attribute path : hdl
00:31:25.005 [main] DEBUG o.h.p.w.spi.MetamodelGraphWalker - Visiting attribute path : headCircumference
00:31:25.005 [main] DEBUG o.h.p.w.spi.MetamodelGraphWalker - Visiting attribute path : height
00:31:25.005 [main] DEBUG o.h.p.w.spi.MetamodelGraphWalker - Visiting attribute path : houseSmokingStatus
00:31:25.006 [main] DEBUG o.h.p.w.spi.MetamodelGraphWalker - Visiting attribute path : ldl
00:31:25.006 [main] DEBUG o.h.p.w.spi.MetamodelGraphWalker - Visiting attribute path : patient
00:31:25.006 [main] DEBUG o.h.l.p.b.i.spaces.QuerySpacesImpl - Adding QuerySpace : uid = <gen:2> -> org.hibernate.loader.plan.build.internal.spaces.EntityQuerySpaceImpl@489ee406]
00:31:25.006 [main] DEBUG o.h.p.w.spi.MetamodelGraphWalker - Visiting attribute path : patientSmokingStatus
00:31:25.006 [main] DEBUG o.h.p.w.spi.MetamodelGraphWalker - Visiting attribute path : systolic
00:31:25.006 [main] DEBUG o.h.p.w.spi.MetamodelGraphWalker - Visiting attribute path : tri
00:31:25.006 [main] DEBUG o.h.p.w.spi.MetamodelGraphWalker - Visiting attribute path : weight
00:31:25.007 [main] DEBUG o.h.l.p.b.i.FetchStyleLoadPlanBuildingAssociationVisitationStrategy - Building LoadPlan...
00:31:25.008 [main] DEBUG o.h.l.p.e.i.LoadQueryJoinAndFetchProcessor - processing queryspace <gen:0>
00:31:25.009 [main] DEBUG o.h.l.p.b.spi.LoadPlanTreePrinter - LoadPlan(entity=edu.ncsu.csc.itrust2.models.persistent.BasicHealthMetrics)
    - Returns
       - EntityReturnImpl(entity=edu.ncsu.csc.itrust2.models.persistent.BasicHealthMetrics, querySpaceUid=<gen:0>, path=edu.ncsu.csc.itrust2.models.persistent.BasicHealthMetrics)
          - EntityAttributeFetchImpl(entity=edu.ncsu.csc.itrust2.models.persistent.User, querySpaceUid=<gen:1>, path=edu.ncsu.csc.itrust2.models.persistent.BasicHealthMetrics.hcp)
          - EntityAttributeFetchImpl(entity=edu.ncsu.csc.itrust2.models.persistent.User, querySpaceUid=<gen:2>, path=edu.ncsu.csc.itrust2.models.persistent.BasicHealthMetrics.patient)
    - QuerySpaces
       - EntityQuerySpaceImpl(uid=<gen:0>, entity=edu.ncsu.csc.itrust2.models.persistent.BasicHealthMetrics)
          - SQL table alias mapping - basichealt0_
          - alias suffix - 0_
          - suffixed key columns - {id1_1_0_}

00:31:25.009 [main] DEBUG o.h.loader.entity.plan.EntityLoader - Static select for entity edu.ncsu.csc.itrust2.models.persistent.BasicHealthMetrics [UPGRADE]: select basichealt0_.id as id1_1_0_, basichealt0_.diastolic as diastoli2_1_0_, basichealt0_.hcp_id as hcp_id12_1_0_, basichealt0_.hdl as hdl3_1_0_, basichealt0_.headCircumference as headCirc4_1_0_, basichealt0_.height as height5_1_0_, basichealt0_.houseSmokingStatus as houseSmo6_1_0_, basichealt0_.ldl as ldl7_1_0_, basichealt0_.patient_id as patient13_1_0_, basichealt0_.patientSmokingStatus as patientS8_1_0_, basichealt0_.systolic as systolic9_1_0_, basichealt0_.tri as tri10_1_0_, basichealt0_.weight as weight11_1_0_ from BasicHealthMetrics basichealt0_ where basichealt0_.id=? for update
00:31:25.009 [main] DEBUG o.h.l.p.b.i.spaces.QuerySpacesImpl - Adding QuerySpace : uid = <gen:0> -> org.hibernate.loader.plan.build.internal.spaces.EntityQuerySpaceImpl@255b1aef]
00:31:25.010 [main] DEBUG o.h.p.w.spi.MetamodelGraphWalker - Visiting attribute path : diastolic
00:31:25.010 [main] DEBUG o.h.p.w.spi.MetamodelGraphWalker - Visiting attribute path : hcp
00:31:25.010 [main] DEBUG o.h.l.p.b.i.spaces.QuerySpacesImpl - Adding QuerySpace : uid = <gen:1> -> org.hibernate.loader.plan.build.internal.spaces.EntityQuerySpaceImpl@557f8588]
00:31:25.010 [main] DEBUG o.h.p.w.spi.MetamodelGraphWalker - Visiting attribute path : hdl
00:31:25.010 [main] DEBUG o.h.p.w.spi.MetamodelGraphWalker - Visiting attribute path : headCircumference
00:31:25.010 [main] DEBUG o.h.p.w.spi.MetamodelGraphWalker - Visiting attribute path : height
00:31:25.011 [main] DEBUG o.h.p.w.spi.MetamodelGraphWalker - Visiting attribute path : houseSmokingStatus
00:31:25.011 [main] DEBUG o.h.p.w.spi.MetamodelGraphWalker - Visiting attribute path : ldl
00:31:25.011 [main] DEBUG o.h.p.w.spi.MetamodelGraphWalker - Visiting attribute path : patient
00:31:25.011 [main] DEBUG o.h.l.p.b.i.spaces.QuerySpacesImpl - Adding QuerySpace : uid = <gen:2> -> org.hibernate.loader.plan.build.internal.spaces.EntityQuerySpaceImpl@6a7ee5f5]
00:31:25.011 [main] DEBUG o.h.p.w.spi.MetamodelGraphWalker - Visiting attribute path : patientSmokingStatus
00:31:25.012 [main] DEBUG o.h.p.w.spi.MetamodelGraphWalker - Visiting attribute path : systolic
00:31:25.012 [main] DEBUG o.h.p.w.spi.MetamodelGraphWalker - Visiting attribute path : tri
00:31:25.012 [main] DEBUG o.h.p.w.spi.MetamodelGraphWalker - Visiting attribute path : weight
00:31:25.012 [main] DEBUG o.h.l.p.b.i.FetchStyleLoadPlanBuildingAssociationVisitationStrategy - Building LoadPlan...
00:31:25.014 [main] DEBUG o.h.l.p.e.i.LoadQueryJoinAndFetchProcessor - processing queryspace <gen:0>
00:31:25.014 [main] DEBUG o.h.l.p.b.spi.LoadPlanTreePrinter - LoadPlan(entity=edu.ncsu.csc.itrust2.models.persistent.BasicHealthMetrics)
    - Returns
       - EntityReturnImpl(entity=edu.ncsu.csc.itrust2.models.persistent.BasicHealthMetrics, querySpaceUid=<gen:0>, path=edu.ncsu.csc.itrust2.models.persistent.BasicHealthMetrics)
          - EntityAttributeFetchImpl(entity=edu.ncsu.csc.itrust2.models.persistent.User, querySpaceUid=<gen:1>, path=edu.ncsu.csc.itrust2.models.persistent.BasicHealthMetrics.hcp)
          - EntityAttributeFetchImpl(entity=edu.ncsu.csc.itrust2.models.persistent.User, querySpaceUid=<gen:2>, path=edu.ncsu.csc.itrust2.models.persistent.BasicHealthMetrics.patient)
    - QuerySpaces
       - EntityQuerySpaceImpl(uid=<gen:0>, entity=edu.ncsu.csc.itrust2.models.persistent.BasicHealthMetrics)
          - SQL table alias mapping - basichealt0_
          - alias suffix - 0_
          - suffixed key columns - {id1_1_0_}

00:31:25.015 [main] DEBUG o.h.loader.entity.plan.EntityLoader - Static select for entity edu.ncsu.csc.itrust2.models.persistent.BasicHealthMetrics [UPGRADE_NOWAIT]: select basichealt0_.id as id1_1_0_, basichealt0_.diastolic as diastoli2_1_0_, basichealt0_.hcp_id as hcp_id12_1_0_, basichealt0_.hdl as hdl3_1_0_, basichealt0_.headCircumference as headCirc4_1_0_, basichealt0_.height as height5_1_0_, basichealt0_.houseSmokingStatus as houseSmo6_1_0_, basichealt0_.ldl as ldl7_1_0_, basichealt0_.patient_id as patient13_1_0_, basichealt0_.patientSmokingStatus as patientS8_1_0_, basichealt0_.systolic as systolic9_1_0_, basichealt0_.tri as tri10_1_0_, basichealt0_.weight as weight11_1_0_ from BasicHealthMetrics basichealt0_ where basichealt0_.id=? for update
00:31:25.015 [main] DEBUG o.h.l.p.b.i.spaces.QuerySpacesImpl - Adding QuerySpace : uid = <gen:0> -> org.hibernate.loader.plan.build.internal.spaces.EntityQuerySpaceImpl@178f1637]
00:31:25.015 [main] DEBUG o.h.p.w.spi.MetamodelGraphWalker - Visiting attribute path : diastolic
00:31:25.015 [main] DEBUG o.h.p.w.spi.MetamodelGraphWalker - Visiting attribute path : hcp
00:31:25.016 [main] DEBUG o.h.l.p.b.i.spaces.QuerySpacesImpl - Adding QuerySpace : uid = <gen:1> -> org.hibernate.loader.plan.build.internal.spaces.EntityQuerySpaceImpl@71e9be99]
00:31:25.016 [main] DEBUG o.h.p.w.spi.MetamodelGraphWalker - Visiting attribute path : hdl
00:31:25.017 [main] DEBUG o.h.p.w.spi.MetamodelGraphWalker - Visiting attribute path : headCircumference
00:31:25.017 [main] DEBUG o.h.p.w.spi.MetamodelGraphWalker - Visiting attribute path : height
00:31:25.017 [main] DEBUG o.h.p.w.spi.MetamodelGraphWalker - Visiting attribute path : houseSmokingStatus
00:31:25.017 [main] DEBUG o.h.p.w.spi.MetamodelGraphWalker - Visiting attribute path : ldl
00:31:25.017 [main] DEBUG o.h.p.w.spi.MetamodelGraphWalker - Visiting attribute path : patient
00:31:25.018 [main] DEBUG o.h.l.p.b.i.spaces.QuerySpacesImpl - Adding QuerySpace : uid = <gen:2> -> org.hibernate.loader.plan.build.internal.spaces.EntityQuerySpaceImpl@6ca5bc1c]
00:31:25.018 [main] DEBUG o.h.p.w.spi.MetamodelGraphWalker - Visiting attribute path : patientSmokingStatus
00:31:25.018 [main] DEBUG o.h.p.w.spi.MetamodelGraphWalker - Visiting attribute path : systolic
00:31:25.018 [main] DEBUG o.h.p.w.spi.MetamodelGraphWalker - Visiting attribute path : tri
00:31:25.018 [main] DEBUG o.h.p.w.spi.MetamodelGraphWalker - Visiting attribute path : weight
00:31:25.018 [main] DEBUG o.h.l.p.b.i.FetchStyleLoadPlanBuildingAssociationVisitationStrategy - Building LoadPlan...
00:31:25.022 [main] DEBUG o.h.l.p.e.i.LoadQueryJoinAndFetchProcessor - processing queryspace <gen:0>
00:31:25.023 [main] DEBUG o.h.l.p.b.spi.LoadPlanTreePrinter - LoadPlan(entity=edu.ncsu.csc.itrust2.models.persistent.BasicHealthMetrics)
    - Returns
       - EntityReturnImpl(entity=edu.ncsu.csc.itrust2.models.persistent.BasicHealthMetrics, querySpaceUid=<gen:0>, path=edu.ncsu.csc.itrust2.models.persistent.BasicHealthMetrics)
          - EntityAttributeFetchImpl(entity=edu.ncsu.csc.itrust2.models.persistent.User, querySpaceUid=<gen:1>, path=edu.ncsu.csc.itrust2.models.persistent.BasicHealthMetrics.hcp)
          - EntityAttributeFetchImpl(entity=edu.ncsu.csc.itrust2.models.persistent.User, querySpaceUid=<gen:2>, path=edu.ncsu.csc.itrust2.models.persistent.BasicHealthMetrics.patient)
    - QuerySpaces
       - EntityQuerySpaceImpl(uid=<gen:0>, entity=edu.ncsu.csc.itrust2.models.persistent.BasicHealthMetrics)
          - SQL table alias mapping - basichealt0_
          - alias suffix - 0_
          - suffixed key columns - {id1_1_0_}

00:31:25.023 [main] DEBUG o.h.loader.entity.plan.EntityLoader - Static select for entity edu.ncsu.csc.itrust2.models.persistent.BasicHealthMetrics [UPGRADE_SKIPLOCKED]: select basichealt0_.id as id1_1_0_, basichealt0_.diastolic as diastoli2_1_0_, basichealt0_.hcp_id as hcp_id12_1_0_, basichealt0_.hdl as hdl3_1_0_, basichealt0_.headCircumference as headCirc4_1_0_, basichealt0_.height as height5_1_0_, basichealt0_.houseSmokingStatus as houseSmo6_1_0_, basichealt0_.ldl as ldl7_1_0_, basichealt0_.patient_id as patient13_1_0_, basichealt0_.patientSmokingStatus as patientS8_1_0_, basichealt0_.systolic as systolic9_1_0_, basichealt0_.tri as tri10_1_0_, basichealt0_.weight as weight11_1_0_ from BasicHealthMetrics basichealt0_ where basichealt0_.id=? for update
00:31:25.023 [main] DEBUG o.h.l.p.b.i.spaces.QuerySpacesImpl - Adding QuerySpace : uid = <gen:0> -> org.hibernate.loader.plan.build.internal.spaces.EntityQuerySpaceImpl@3743111]
00:31:25.023 [main] DEBUG o.h.p.w.spi.MetamodelGraphWalker - Visiting attribute path : diastolic
00:31:25.024 [main] DEBUG o.h.p.w.spi.MetamodelGraphWalker - Visiting attribute path : hcp
00:31:25.024 [main] DEBUG o.h.l.p.b.i.spaces.QuerySpacesImpl - Adding QuerySpace : uid = <gen:1> -> org.hibernate.loader.plan.build.internal.spaces.EntityQuerySpaceImpl@7e19dc82]
00:31:25.024 [main] DEBUG o.h.p.w.spi.MetamodelGraphWalker - Visiting attribute path : hdl
00:31:25.024 [main] DEBUG o.h.p.w.spi.MetamodelGraphWalker - Visiting attribute path : headCircumference
00:31:25.024 [main] DEBUG o.h.p.w.spi.MetamodelGraphWalker - Visiting attribute path : height
00:31:25.024 [main] DEBUG o.h.p.w.spi.MetamodelGraphWalker - Visiting attribute path : houseSmokingStatus
00:31:25.024 [main] DEBUG o.h.p.w.spi.MetamodelGraphWalker - Visiting attribute path : ldl
00:31:25.025 [main] DEBUG o.h.p.w.spi.MetamodelGraphWalker - Visiting attribute path : patient
00:31:25.025 [main] DEBUG o.h.l.p.b.i.spaces.QuerySpacesImpl - Adding QuerySpace : uid = <gen:2> -> org.hibernate.loader.plan.build.internal.spaces.EntityQuerySpaceImpl@3f9dca01]
00:31:25.025 [main] DEBUG o.h.p.w.spi.MetamodelGraphWalker - Visiting attribute path : patientSmokingStatus
00:31:25.025 [main] DEBUG o.h.p.w.spi.MetamodelGraphWalker - Visiting attribute path : systolic
00:31:25.025 [main] DEBUG o.h.p.w.spi.MetamodelGraphWalker - Visiting attribute path : tri
00:31:25.025 [main] DEBUG o.h.p.w.spi.MetamodelGraphWalker - Visiting attribute path : weight
00:31:25.025 [main] DEBUG o.h.l.p.b.i.FetchStyleLoadPlanBuildingAssociationVisitationStrategy - Building LoadPlan...
00:31:25.026 [main] DEBUG o.h.l.p.e.i.LoadQueryJoinAndFetchProcessor - processing queryspace <gen:0>
00:31:25.027 [main] DEBUG o.h.l.p.b.spi.LoadPlanTreePrinter - LoadPlan(entity=edu.ncsu.csc.itrust2.models.persistent.BasicHealthMetrics)
    - Returns
       - EntityReturnImpl(entity=edu.ncsu.csc.itrust2.models.persistent.BasicHealthMetrics, querySpaceUid=<gen:0>, path=edu.ncsu.csc.itrust2.models.persistent.BasicHealthMetrics)
          - EntityAttributeFetchImpl(entity=edu.ncsu.csc.itrust2.models.persistent.User, querySpaceUid=<gen:1>, path=edu.ncsu.csc.itrust2.models.persistent.BasicHealthMetrics.hcp)
          - EntityAttributeFetchImpl(entity=edu.ncsu.csc.itrust2.models.persistent.User, querySpaceUid=<gen:2>, path=edu.ncsu.csc.itrust2.models.persistent.BasicHealthMetrics.patient)
    - QuerySpaces
       - EntityQuerySpaceImpl(uid=<gen:0>, entity=edu.ncsu.csc.itrust2.models.persistent.BasicHealthMetrics)
          - SQL table alias mapping - basichealt0_
          - alias suffix - 0_
          - suffixed key columns - {id1_1_0_}

00:31:25.027 [main] DEBUG o.h.loader.entity.plan.EntityLoader - Static select for entity edu.ncsu.csc.itrust2.models.persistent.BasicHealthMetrics [FORCE]: select basichealt0_.id as id1_1_0_, basichealt0_.diastolic as diastoli2_1_0_, basichealt0_.hcp_id as hcp_id12_1_0_, basichealt0_.hdl as hdl3_1_0_, basichealt0_.headCircumference as headCirc4_1_0_, basichealt0_.height as height5_1_0_, basichealt0_.houseSmokingStatus as houseSmo6_1_0_, basichealt0_.ldl as ldl7_1_0_, basichealt0_.patient_id as patient13_1_0_, basichealt0_.patientSmokingStatus as patientS8_1_0_, basichealt0_.systolic as systolic9_1_0_, basichealt0_.tri as tri10_1_0_, basichealt0_.weight as weight11_1_0_ from BasicHealthMetrics basichealt0_ where basichealt0_.id=? for update
00:31:25.028 [main] DEBUG o.h.l.p.b.i.spaces.QuerySpacesImpl - Adding QuerySpace : uid = <gen:0> -> org.hibernate.loader.plan.build.internal.spaces.EntityQuerySpaceImpl@1dc3985a]
00:31:25.028 [main] DEBUG o.h.p.w.spi.MetamodelGraphWalker - Visiting attribute path : diastolic
00:31:25.028 [main] DEBUG o.h.p.w.spi.MetamodelGraphWalker - Visiting attribute path : hcp
00:31:25.028 [main] DEBUG o.h.l.p.b.i.spaces.QuerySpacesImpl - Adding QuerySpace : uid = <gen:1> -> org.hibernate.loader.plan.build.internal.spaces.EntityQuerySpaceImpl@2a4817a9]
00:31:25.029 [main] DEBUG o.h.p.w.spi.MetamodelGraphWalker - Visiting attribute path : hdl
00:31:25.029 [main] DEBUG o.h.p.w.spi.MetamodelGraphWalker - Visiting attribute path : headCircumference
00:31:25.029 [main] DEBUG o.h.p.w.spi.MetamodelGraphWalker - Visiting attribute path : height
00:31:25.029 [main] DEBUG o.h.p.w.spi.MetamodelGraphWalker - Visiting attribute path : houseSmokingStatus
00:31:25.030 [main] DEBUG o.h.p.w.spi.MetamodelGraphWalker - Visiting attribute path : ldl
00:31:25.030 [main] DEBUG o.h.p.w.spi.MetamodelGraphWalker - Visiting attribute path : patient
00:31:25.030 [main] DEBUG o.h.l.p.b.i.spaces.QuerySpacesImpl - Adding QuerySpace : uid = <gen:2> -> org.hibernate.loader.plan.build.internal.spaces.EntityQuerySpaceImpl@7bd40d23]
00:31:25.031 [main] DEBUG o.h.p.w.spi.MetamodelGraphWalker - Visiting attribute path : patientSmokingStatus
00:31:25.031 [main] DEBUG o.h.p.w.spi.MetamodelGraphWalker - Visiting attribute path : systolic
00:31:25.032 [main] DEBUG o.h.p.w.spi.MetamodelGraphWalker - Visiting attribute path : tri
00:31:25.032 [main] DEBUG o.h.p.w.spi.MetamodelGraphWalker - Visiting attribute path : weight
00:31:25.032 [main] DEBUG o.h.l.p.b.i.FetchStyleLoadPlanBuildingAssociationVisitationStrategy - Building LoadPlan...
00:31:25.032 [main] DEBUG o.h.l.p.e.i.LoadQueryJoinAndFetchProcessor - processing queryspace <gen:0>
00:31:25.033 [main] DEBUG o.h.l.p.b.spi.LoadPlanTreePrinter - LoadPlan(entity=edu.ncsu.csc.itrust2.models.persistent.BasicHealthMetrics)
    - Returns
       - EntityReturnImpl(entity=edu.ncsu.csc.itrust2.models.persistent.BasicHealthMetrics, querySpaceUid=<gen:0>, path=edu.ncsu.csc.itrust2.models.persistent.BasicHealthMetrics)
          - EntityAttributeFetchImpl(entity=edu.ncsu.csc.itrust2.models.persistent.User, querySpaceUid=<gen:1>, path=edu.ncsu.csc.itrust2.models.persistent.BasicHealthMetrics.hcp)
          - EntityAttributeFetchImpl(entity=edu.ncsu.csc.itrust2.models.persistent.User, querySpaceUid=<gen:2>, path=edu.ncsu.csc.itrust2.models.persistent.BasicHealthMetrics.patient)
    - QuerySpaces
       - EntityQuerySpaceImpl(uid=<gen:0>, entity=edu.ncsu.csc.itrust2.models.persistent.BasicHealthMetrics)
          - SQL table alias mapping - basichealt0_
          - alias suffix - 0_
          - suffixed key columns - {id1_1_0_}

00:31:25.033 [main] DEBUG o.h.loader.entity.plan.EntityLoader - Static select for entity edu.ncsu.csc.itrust2.models.persistent.BasicHealthMetrics [PESSIMISTIC_READ]: select basichealt0_.id as id1_1_0_, basichealt0_.diastolic as diastoli2_1_0_, basichealt0_.hcp_id as hcp_id12_1_0_, basichealt0_.hdl as hdl3_1_0_, basichealt0_.headCircumference as headCirc4_1_0_, basichealt0_.height as height5_1_0_, basichealt0_.houseSmokingStatus as houseSmo6_1_0_, basichealt0_.ldl as ldl7_1_0_, basichealt0_.patient_id as patient13_1_0_, basichealt0_.patientSmokingStatus as patientS8_1_0_, basichealt0_.systolic as systolic9_1_0_, basichealt0_.tri as tri10_1_0_, basichealt0_.weight as weight11_1_0_ from BasicHealthMetrics basichealt0_ where basichealt0_.id=? lock in share mode
00:31:25.033 [main] DEBUG o.h.l.p.b.i.spaces.QuerySpacesImpl - Adding QuerySpace : uid = <gen:0> -> org.hibernate.loader.plan.build.internal.spaces.EntityQuerySpaceImpl@7ad45b4b]
00:31:25.034 [main] DEBUG o.h.p.w.spi.MetamodelGraphWalker - Visiting attribute path : diastolic
00:31:25.034 [main] DEBUG o.h.p.w.spi.MetamodelGraphWalker - Visiting attribute path : hcp
00:31:25.034 [main] DEBUG o.h.l.p.b.i.spaces.QuerySpacesImpl - Adding QuerySpace : uid = <gen:1> -> org.hibernate.loader.plan.build.internal.spaces.EntityQuerySpaceImpl@23d0c264]
00:31:25.034 [main] DEBUG o.h.p.w.spi.MetamodelGraphWalker - Visiting attribute path : hdl
00:31:25.034 [main] DEBUG o.h.p.w.spi.MetamodelGraphWalker - Visiting attribute path : headCircumference
00:31:25.035 [main] DEBUG o.h.p.w.spi.MetamodelGraphWalker - Visiting attribute path : height
00:31:25.035 [main] DEBUG o.h.p.w.spi.MetamodelGraphWalker - Visiting attribute path : houseSmokingStatus
00:31:25.035 [main] DEBUG o.h.p.w.spi.MetamodelGraphWalker - Visiting attribute path : ldl
00:31:25.035 [main] DEBUG o.h.p.w.spi.MetamodelGraphWalker - Visiting attribute path : patient
00:31:25.035 [main] DEBUG o.h.l.p.b.i.spaces.QuerySpacesImpl - Adding QuerySpace : uid = <gen:2> -> org.hibernate.loader.plan.build.internal.spaces.EntityQuerySpaceImpl@78366e28]
00:31:25.036 [main] DEBUG o.h.p.w.spi.MetamodelGraphWalker - Visiting attribute path : patientSmokingStatus
00:31:25.036 [main] DEBUG o.h.p.w.spi.MetamodelGraphWalker - Visiting attribute path : systolic
00:31:25.036 [main] DEBUG o.h.p.w.spi.MetamodelGraphWalker - Visiting attribute path : tri
00:31:25.036 [main] DEBUG o.h.p.w.spi.MetamodelGraphWalker - Visiting attribute path : weight
00:31:25.036 [main] DEBUG o.h.l.p.b.i.FetchStyleLoadPlanBuildingAssociationVisitationStrategy - Building LoadPlan...
00:31:25.036 [main] DEBUG o.h.l.p.e.i.LoadQueryJoinAndFetchProcessor - processing queryspace <gen:0>
00:31:25.037 [main] DEBUG o.h.l.p.b.spi.LoadPlanTreePrinter - LoadPlan(entity=edu.ncsu.csc.itrust2.models.persistent.BasicHealthMetrics)
    - Returns
       - EntityReturnImpl(entity=edu.ncsu.csc.itrust2.models.persistent.BasicHealthMetrics, querySpaceUid=<gen:0>, path=edu.ncsu.csc.itrust2.models.persistent.BasicHealthMetrics)
          - EntityAttributeFetchImpl(entity=edu.ncsu.csc.itrust2.models.persistent.User, querySpaceUid=<gen:1>, path=edu.ncsu.csc.itrust2.models.persistent.BasicHealthMetrics.hcp)
          - EntityAttributeFetchImpl(entity=edu.ncsu.csc.itrust2.models.persistent.User, querySpaceUid=<gen:2>, path=edu.ncsu.csc.itrust2.models.persistent.BasicHealthMetrics.patient)
    - QuerySpaces
       - EntityQuerySpaceImpl(uid=<gen:0>, entity=edu.ncsu.csc.itrust2.models.persistent.BasicHealthMetrics)
          - SQL table alias mapping - basichealt0_
          - alias suffix - 0_
          - suffixed key columns - {id1_1_0_}

00:31:25.037 [main] DEBUG o.h.loader.entity.plan.EntityLoader - Static select for entity edu.ncsu.csc.itrust2.models.persistent.BasicHealthMetrics [PESSIMISTIC_WRITE]: select basichealt0_.id as id1_1_0_, basichealt0_.diastolic as diastoli2_1_0_, basichealt0_.hcp_id as hcp_id12_1_0_, basichealt0_.hdl as hdl3_1_0_, basichealt0_.headCircumference as headCirc4_1_0_, basichealt0_.height as height5_1_0_, basichealt0_.houseSmokingStatus as houseSmo6_1_0_, basichealt0_.ldl as ldl7_1_0_, basichealt0_.patient_id as patient13_1_0_, basichealt0_.patientSmokingStatus as patientS8_1_0_, basichealt0_.systolic as systolic9_1_0_, basichealt0_.tri as tri10_1_0_, basichealt0_.weight as weight11_1_0_ from BasicHealthMetrics basichealt0_ where basichealt0_.id=? for update
00:31:25.038 [main] DEBUG o.h.l.p.b.i.spaces.QuerySpacesImpl - Adding QuerySpace : uid = <gen:0> -> org.hibernate.loader.plan.build.internal.spaces.EntityQuerySpaceImpl@20606c66]
00:31:25.038 [main] DEBUG o.h.p.w.spi.MetamodelGraphWalker - Visiting attribute path : diastolic
00:31:25.038 [main] DEBUG o.h.p.w.spi.MetamodelGraphWalker - Visiting attribute path : hcp
00:31:25.038 [main] DEBUG o.h.l.p.b.i.spaces.QuerySpacesImpl - Adding QuerySpace : uid = <gen:1> -> org.hibernate.loader.plan.build.internal.spaces.EntityQuerySpaceImpl@37f6303c]
00:31:25.038 [main] DEBUG o.h.p.w.spi.MetamodelGraphWalker - Visiting attribute path : hdl
00:31:25.038 [main] DEBUG o.h.p.w.spi.MetamodelGraphWalker - Visiting attribute path : headCircumference
00:31:25.038 [main] DEBUG o.h.p.w.spi.MetamodelGraphWalker - Visiting attribute path : height
00:31:25.039 [main] DEBUG o.h.p.w.spi.MetamodelGraphWalker - Visiting attribute path : houseSmokingStatus
00:31:25.039 [main] DEBUG o.h.p.w.spi.MetamodelGraphWalker - Visiting attribute path : ldl
00:31:25.039 [main] DEBUG o.h.p.w.spi.MetamodelGraphWalker - Visiting attribute path : patient
00:31:25.039 [main] DEBUG o.h.l.p.b.i.spaces.QuerySpacesImpl - Adding QuerySpace : uid = <gen:2> -> org.hibernate.loader.plan.build.internal.spaces.EntityQuerySpaceImpl@7c7a5fc4]
00:31:25.039 [main] DEBUG o.h.p.w.spi.MetamodelGraphWalker - Visiting attribute path : patientSmokingStatus
00:31:25.041 [main] DEBUG o.h.p.w.spi.MetamodelGraphWalker - Visiting attribute path : systolic
00:31:25.041 [main] DEBUG o.h.p.w.spi.MetamodelGraphWalker - Visiting attribute path : tri
00:31:25.042 [main] DEBUG o.h.p.w.spi.MetamodelGraphWalker - Visiting attribute path : weight
00:31:25.042 [main] DEBUG o.h.l.p.b.i.FetchStyleLoadPlanBuildingAssociationVisitationStrategy - Building LoadPlan...
00:31:25.042 [main] DEBUG o.h.l.p.e.i.LoadQueryJoinAndFetchProcessor - processing queryspace <gen:0>
00:31:25.043 [main] DEBUG o.h.l.p.b.spi.LoadPlanTreePrinter - LoadPlan(entity=edu.ncsu.csc.itrust2.models.persistent.BasicHealthMetrics)
    - Returns
       - EntityReturnImpl(entity=edu.ncsu.csc.itrust2.models.persistent.BasicHealthMetrics, querySpaceUid=<gen:0>, path=edu.ncsu.csc.itrust2.models.persistent.BasicHealthMetrics)
          - EntityAttributeFetchImpl(entity=edu.ncsu.csc.itrust2.models.persistent.User, querySpaceUid=<gen:1>, path=edu.ncsu.csc.itrust2.models.persistent.BasicHealthMetrics.hcp)
          - EntityAttributeFetchImpl(entity=edu.ncsu.csc.itrust2.models.persistent.User, querySpaceUid=<gen:2>, path=edu.ncsu.csc.itrust2.models.persistent.BasicHealthMetrics.patient)
    - QuerySpaces
       - EntityQuerySpaceImpl(uid=<gen:0>, entity=edu.ncsu.csc.itrust2.models.persistent.BasicHealthMetrics)
          - SQL table alias mapping - basichealt0_
          - alias suffix - 0_
          - suffixed key columns - {id1_1_0_}

00:31:25.043 [main] DEBUG o.h.loader.entity.plan.EntityLoader - Static select for entity edu.ncsu.csc.itrust2.models.persistent.BasicHealthMetrics [PESSIMISTIC_FORCE_INCREMENT]: select basichealt0_.id as id1_1_0_, basichealt0_.diastolic as diastoli2_1_0_, basichealt0_.hcp_id as hcp_id12_1_0_, basichealt0_.hdl as hdl3_1_0_, basichealt0_.headCircumference as headCirc4_1_0_, basichealt0_.height as height5_1_0_, basichealt0_.houseSmokingStatus as houseSmo6_1_0_, basichealt0_.ldl as ldl7_1_0_, basichealt0_.patient_id as patient13_1_0_, basichealt0_.patientSmokingStatus as patientS8_1_0_, basichealt0_.systolic as systolic9_1_0_, basichealt0_.tri as tri10_1_0_, basichealt0_.weight as weight11_1_0_ from BasicHealthMetrics basichealt0_ where basichealt0_.id=? for update
00:31:25.044 [main] DEBUG o.h.l.p.b.i.spaces.QuerySpacesImpl - Adding QuerySpace : uid = <gen:0> -> org.hibernate.loader.plan.build.internal.spaces.EntityQuerySpaceImpl@5f5a1f71]
00:31:25.044 [main] DEBUG o.h.p.w.spi.MetamodelGraphWalker - Visiting attribute path : diastolic
00:31:25.044 [main] DEBUG o.h.p.w.spi.MetamodelGraphWalker - Visiting attribute path : hcp
00:31:25.044 [main] DEBUG o.h.l.p.b.i.spaces.QuerySpacesImpl - Adding QuerySpace : uid = <gen:1> -> org.hibernate.loader.plan.build.internal.spaces.EntityQuerySpaceImpl@4b367665]
00:31:25.044 [main] DEBUG o.h.p.w.spi.MetamodelGraphWalker - Visiting attribute path : hdl
00:31:25.044 [main] DEBUG o.h.p.w.spi.MetamodelGraphWalker - Visiting attribute path : headCircumference
00:31:25.044 [main] DEBUG o.h.p.w.spi.MetamodelGraphWalker - Visiting attribute path : height
00:31:25.045 [main] DEBUG o.h.p.w.spi.MetamodelGraphWalker - Visiting attribute path : houseSmokingStatus
00:31:25.045 [main] DEBUG o.h.p.w.spi.MetamodelGraphWalker - Visiting attribute path : ldl
00:31:25.045 [main] DEBUG o.h.p.w.spi.MetamodelGraphWalker - Visiting attribute path : patient
00:31:25.045 [main] DEBUG o.h.l.p.b.i.spaces.QuerySpacesImpl - Adding QuerySpace : uid = <gen:2> -> org.hibernate.loader.plan.build.internal.spaces.EntityQuerySpaceImpl@659c84b8]
00:31:25.045 [main] DEBUG o.h.p.w.spi.MetamodelGraphWalker - Visiting attribute path : patientSmokingStatus
00:31:25.045 [main] DEBUG o.h.p.w.spi.MetamodelGraphWalker - Visiting attribute path : systolic
00:31:25.045 [main] DEBUG o.h.p.w.spi.MetamodelGraphWalker - Visiting attribute path : tri
00:31:25.046 [main] DEBUG o.h.p.w.spi.MetamodelGraphWalker - Visiting attribute path : weight
00:31:25.046 [main] DEBUG o.h.l.p.b.i.FetchStyleLoadPlanBuildingAssociationVisitationStrategy - Building LoadPlan...
00:31:25.046 [main] DEBUG o.h.l.p.e.i.LoadQueryJoinAndFetchProcessor - processing queryspace <gen:0>
00:31:25.046 [main] DEBUG o.h.l.p.b.spi.LoadPlanTreePrinter - LoadPlan(entity=edu.ncsu.csc.itrust2.models.persistent.BasicHealthMetrics)
    - Returns
       - EntityReturnImpl(entity=edu.ncsu.csc.itrust2.models.persistent.BasicHealthMetrics, querySpaceUid=<gen:0>, path=edu.ncsu.csc.itrust2.models.persistent.BasicHealthMetrics)
          - EntityAttributeFetchImpl(entity=edu.ncsu.csc.itrust2.models.persistent.User, querySpaceUid=<gen:1>, path=edu.ncsu.csc.itrust2.models.persistent.BasicHealthMetrics.hcp)
          - EntityAttributeFetchImpl(entity=edu.ncsu.csc.itrust2.models.persistent.User, querySpaceUid=<gen:2>, path=edu.ncsu.csc.itrust2.models.persistent.BasicHealthMetrics.patient)
    - QuerySpaces
       - EntityQuerySpaceImpl(uid=<gen:0>, entity=edu.ncsu.csc.itrust2.models.persistent.BasicHealthMetrics)
          - SQL table alias mapping - basichealt0_
          - alias suffix - 0_
          - suffixed key columns - {id1_1_0_}

00:31:25.047 [main] DEBUG o.h.loader.entity.plan.EntityLoader - Static select for entity edu.ncsu.csc.itrust2.models.persistent.BasicHealthMetrics [OPTIMISTIC]: select basichealt0_.id as id1_1_0_, basichealt0_.diastolic as diastoli2_1_0_, basichealt0_.hcp_id as hcp_id12_1_0_, basichealt0_.hdl as hdl3_1_0_, basichealt0_.headCircumference as headCirc4_1_0_, basichealt0_.height as height5_1_0_, basichealt0_.houseSmokingStatus as houseSmo6_1_0_, basichealt0_.ldl as ldl7_1_0_, basichealt0_.patient_id as patient13_1_0_, basichealt0_.patientSmokingStatus as patientS8_1_0_, basichealt0_.systolic as systolic9_1_0_, basichealt0_.tri as tri10_1_0_, basichealt0_.weight as weight11_1_0_ from BasicHealthMetrics basichealt0_ where basichealt0_.id=?
00:31:25.047 [main] DEBUG o.h.l.p.b.i.spaces.QuerySpacesImpl - Adding QuerySpace : uid = <gen:0> -> org.hibernate.loader.plan.build.internal.spaces.EntityQuerySpaceImpl@6a32beed]
00:31:25.047 [main] DEBUG o.h.p.w.spi.MetamodelGraphWalker - Visiting attribute path : diastolic
00:31:25.047 [main] DEBUG o.h.p.w.spi.MetamodelGraphWalker - Visiting attribute path : hcp
00:31:25.047 [main] DEBUG o.h.l.p.b.i.spaces.QuerySpacesImpl - Adding QuerySpace : uid = <gen:1> -> org.hibernate.loader.plan.build.internal.spaces.EntityQuerySpaceImpl@613abdc9]
00:31:25.047 [main] DEBUG o.h.p.w.spi.MetamodelGraphWalker - Visiting attribute path : hdl
00:31:25.048 [main] DEBUG o.h.p.w.spi.MetamodelGraphWalker - Visiting attribute path : headCircumference
00:31:25.048 [main] DEBUG o.h.p.w.spi.MetamodelGraphWalker - Visiting attribute path : height
00:31:25.048 [main] DEBUG o.h.p.w.spi.MetamodelGraphWalker - Visiting attribute path : houseSmokingStatus
00:31:25.048 [main] DEBUG o.h.p.w.spi.MetamodelGraphWalker - Visiting attribute path : ldl
00:31:25.048 [main] DEBUG o.h.p.w.spi.MetamodelGraphWalker - Visiting attribute path : patient
00:31:25.048 [main] DEBUG o.h.l.p.b.i.spaces.QuerySpacesImpl - Adding QuerySpace : uid = <gen:2> -> org.hibernate.loader.plan.build.internal.spaces.EntityQuerySpaceImpl@60024c12]
00:31:25.048 [main] DEBUG o.h.p.w.spi.MetamodelGraphWalker - Visiting attribute path : patientSmokingStatus
00:31:25.048 [main] DEBUG o.h.p.w.spi.MetamodelGraphWalker - Visiting attribute path : systolic
00:31:25.049 [main] DEBUG o.h.p.w.spi.MetamodelGraphWalker - Visiting attribute path : tri
00:31:25.049 [main] DEBUG o.h.p.w.spi.MetamodelGraphWalker - Visiting attribute path : weight
00:31:25.049 [main] DEBUG o.h.l.p.b.i.FetchStyleLoadPlanBuildingAssociationVisitationStrategy - Building LoadPlan...
00:31:25.049 [main] DEBUG o.h.l.p.e.i.LoadQueryJoinAndFetchProcessor - processing queryspace <gen:0>
00:31:25.050 [main] DEBUG o.h.l.p.b.spi.LoadPlanTreePrinter - LoadPlan(entity=edu.ncsu.csc.itrust2.models.persistent.BasicHealthMetrics)
    - Returns
       - EntityReturnImpl(entity=edu.ncsu.csc.itrust2.models.persistent.BasicHealthMetrics, querySpaceUid=<gen:0>, path=edu.ncsu.csc.itrust2.models.persistent.BasicHealthMetrics)
          - EntityAttributeFetchImpl(entity=edu.ncsu.csc.itrust2.models.persistent.User, querySpaceUid=<gen:1>, path=edu.ncsu.csc.itrust2.models.persistent.BasicHealthMetrics.hcp)
          - EntityAttributeFetchImpl(entity=edu.ncsu.csc.itrust2.models.persistent.User, querySpaceUid=<gen:2>, path=edu.ncsu.csc.itrust2.models.persistent.BasicHealthMetrics.patient)
    - QuerySpaces
       - EntityQuerySpaceImpl(uid=<gen:0>, entity=edu.ncsu.csc.itrust2.models.persistent.BasicHealthMetrics)
          - SQL table alias mapping - basichealt0_
          - alias suffix - 0_
          - suffixed key columns - {id1_1_0_}

00:31:25.051 [main] DEBUG o.h.loader.entity.plan.EntityLoader - Static select for entity edu.ncsu.csc.itrust2.models.persistent.BasicHealthMetrics [OPTIMISTIC_FORCE_INCREMENT]: select basichealt0_.id as id1_1_0_, basichealt0_.diastolic as diastoli2_1_0_, basichealt0_.hcp_id as hcp_id12_1_0_, basichealt0_.hdl as hdl3_1_0_, basichealt0_.headCircumference as headCirc4_1_0_, basichealt0_.height as height5_1_0_, basichealt0_.houseSmokingStatus as houseSmo6_1_0_, basichealt0_.ldl as ldl7_1_0_, basichealt0_.patient_id as patient13_1_0_, basichealt0_.patientSmokingStatus as patientS8_1_0_, basichealt0_.systolic as systolic9_1_0_, basichealt0_.tri as tri10_1_0_, basichealt0_.weight as weight11_1_0_ from BasicHealthMetrics basichealt0_ where basichealt0_.id=?
00:31:25.051 [main] DEBUG org.hibernate.loader.Loader - Static select for action ACTION_MERGE on entity edu.ncsu.csc.itrust2.models.persistent.BasicHealthMetrics: select basichealt0_.id as id1_1_0_, basichealt0_.diastolic as diastoli2_1_0_, basichealt0_.hcp_id as hcp_id12_1_0_, basichealt0_.hdl as hdl3_1_0_, basichealt0_.headCircumference as headCirc4_1_0_, basichealt0_.height as height5_1_0_, basichealt0_.houseSmokingStatus as houseSmo6_1_0_, basichealt0_.ldl as ldl7_1_0_, basichealt0_.patient_id as patient13_1_0_, basichealt0_.patientSmokingStatus as patientS8_1_0_, basichealt0_.systolic as systolic9_1_0_, basichealt0_.tri as tri10_1_0_, basichealt0_.weight as weight11_1_0_ from BasicHealthMetrics basichealt0_ where basichealt0_.id=?
00:31:25.053 [main] DEBUG org.hibernate.loader.Loader - Static select for action ACTION_REFRESH on entity edu.ncsu.csc.itrust2.models.persistent.BasicHealthMetrics: select basichealt0_.id as id1_1_0_, basichealt0_.diastolic as diastoli2_1_0_, basichealt0_.hcp_id as hcp_id12_1_0_, basichealt0_.hdl as hdl3_1_0_, basichealt0_.headCircumference as headCirc4_1_0_, basichealt0_.height as height5_1_0_, basichealt0_.houseSmokingStatus as houseSmo6_1_0_, basichealt0_.ldl as ldl7_1_0_, basichealt0_.patient_id as patient13_1_0_, basichealt0_.patientSmokingStatus as patientS8_1_0_, basichealt0_.systolic as systolic9_1_0_, basichealt0_.tri as tri10_1_0_, basichealt0_.weight as weight11_1_0_ from BasicHealthMetrics basichealt0_ where basichealt0_.id=?
00:31:25.054 [main] DEBUG o.h.p.entity.AbstractEntityPersister - Static SQL for entity: edu.ncsu.csc.itrust2.models.persistent.LoginAttempt
00:31:25.054 [main] DEBUG o.h.p.entity.AbstractEntityPersister -  Version select: select id from LoginAttempts where id =?
00:31:25.054 [main] DEBUG o.h.p.entity.AbstractEntityPersister -  Snapshot select: select loginattem_.id, loginattem_.ip as ip2_7_, loginattem_.time as time3_7_, loginattem_.user_id as user_id4_7_ from LoginAttempts loginattem_ where loginattem_.id=?
00:31:25.054 [main] DEBUG o.h.p.entity.AbstractEntityPersister -  Insert 0: insert into LoginAttempts (ip, time, user_id, id) values (?, ?, ?, ?)
00:31:25.054 [main] DEBUG o.h.p.entity.AbstractEntityPersister -  Update 0: update LoginAttempts set ip=?, time=?, user_id=? where id=?
00:31:25.054 [main] DEBUG o.h.p.entity.AbstractEntityPersister -  Delete 0: delete from LoginAttempts where id=?
00:31:25.055 [main] DEBUG o.h.l.p.b.i.spaces.QuerySpacesImpl - Adding QuerySpace : uid = <gen:0> -> org.hibernate.loader.plan.build.internal.spaces.EntityQuerySpaceImpl@1f384329]
00:31:25.055 [main] DEBUG o.h.p.w.spi.MetamodelGraphWalker - Visiting attribute path : ip
00:31:25.055 [main] DEBUG o.h.p.w.spi.MetamodelGraphWalker - Visiting attribute path : time
00:31:25.055 [main] DEBUG o.h.p.w.spi.MetamodelGraphWalker - Visiting attribute path : user
00:31:25.055 [main] DEBUG o.h.l.p.b.i.spaces.QuerySpacesImpl - Adding QuerySpace : uid = <gen:1> -> org.hibernate.loader.plan.build.internal.spaces.EntityQuerySpaceImpl@9133a23]
00:31:25.056 [main] DEBUG o.h.p.w.spi.MetamodelGraphWalker - Visiting attribute path : user.enabled
00:31:25.056 [main] DEBUG o.h.p.w.spi.MetamodelGraphWalker - Visiting attribute path : user.password
00:31:25.056 [main] DEBUG o.h.p.w.spi.MetamodelGraphWalker - Visiting attribute path : user.role
00:31:25.056 [main] DEBUG o.h.l.p.b.i.FetchStyleLoadPlanBuildingAssociationVisitationStrategy - Building LoadPlan...
00:31:25.056 [main] DEBUG o.h.l.p.e.i.LoadQueryJoinAndFetchProcessor - processing queryspace <gen:0>
00:31:25.057 [main] DEBUG o.h.l.p.b.spi.LoadPlanTreePrinter - LoadPlan(entity=edu.ncsu.csc.itrust2.models.persistent.LoginAttempt)
    - Returns
       - EntityReturnImpl(entity=edu.ncsu.csc.itrust2.models.persistent.LoginAttempt, querySpaceUid=<gen:0>, path=edu.ncsu.csc.itrust2.models.persistent.LoginAttempt)
          - EntityAttributeFetchImpl(entity=edu.ncsu.csc.itrust2.models.persistent.User, querySpaceUid=<gen:1>, path=edu.ncsu.csc.itrust2.models.persistent.LoginAttempt.user)
    - QuerySpaces
       - EntityQuerySpaceImpl(uid=<gen:0>, entity=edu.ncsu.csc.itrust2.models.persistent.LoginAttempt)
          - SQL table alias mapping - loginattem0_
          - alias suffix - 0_
          - suffixed key columns - {id1_7_0_}
          - JOIN (JoinDefinedByMetadata(user)) : <gen:0> -> <gen:1>
             - EntityQuerySpaceImpl(uid=<gen:1>, entity=edu.ncsu.csc.itrust2.models.persistent.User)
                - SQL table alias mapping - user1_
                - alias suffix - 1_
                - suffixed key columns - {username1_15_1_}

00:31:25.058 [main] DEBUG o.h.loader.entity.plan.EntityLoader - Static select for entity edu.ncsu.csc.itrust2.models.persistent.LoginAttempt [NONE]: select loginattem0_.id as id1_7_0_, loginattem0_.ip as ip2_7_0_, loginattem0_.time as time3_7_0_, loginattem0_.user_id as user_id4_7_0_, user1_.username as username1_15_1_, user1_.enabled as enabled2_15_1_, user1_.password as password3_15_1_, user1_.role as role4_15_1_ from LoginAttempts loginattem0_ left outer join Users user1_ on loginattem0_.user_id=user1_.username where loginattem0_.id=?
00:31:25.058 [main] DEBUG o.h.l.p.b.i.spaces.QuerySpacesImpl - Adding QuerySpace : uid = <gen:0> -> org.hibernate.loader.plan.build.internal.spaces.EntityQuerySpaceImpl@267fb09d]
00:31:25.058 [main] DEBUG o.h.p.w.spi.MetamodelGraphWalker - Visiting attribute path : ip
00:31:25.058 [main] DEBUG o.h.p.w.spi.MetamodelGraphWalker - Visiting attribute path : time
00:31:25.058 [main] DEBUG o.h.p.w.spi.MetamodelGraphWalker - Visiting attribute path : user
00:31:25.059 [main] DEBUG o.h.l.p.b.i.spaces.QuerySpacesImpl - Adding QuerySpace : uid = <gen:1> -> org.hibernate.loader.plan.build.internal.spaces.EntityQuerySpaceImpl@131ec60f]
00:31:25.059 [main] DEBUG o.h.p.w.spi.MetamodelGraphWalker - Visiting attribute path : user.enabled
00:31:25.059 [main] DEBUG o.h.p.w.spi.MetamodelGraphWalker - Visiting attribute path : user.password
00:31:25.059 [main] DEBUG o.h.p.w.spi.MetamodelGraphWalker - Visiting attribute path : user.role
00:31:25.059 [main] DEBUG o.h.l.p.b.i.FetchStyleLoadPlanBuildingAssociationVisitationStrategy - Building LoadPlan...
00:31:25.059 [main] DEBUG o.h.l.p.e.i.LoadQueryJoinAndFetchProcessor - processing queryspace <gen:0>
00:31:25.060 [main] DEBUG o.h.l.p.b.spi.LoadPlanTreePrinter - LoadPlan(entity=edu.ncsu.csc.itrust2.models.persistent.LoginAttempt)
    - Returns
       - EntityReturnImpl(entity=edu.ncsu.csc.itrust2.models.persistent.LoginAttempt, querySpaceUid=<gen:0>, path=edu.ncsu.csc.itrust2.models.persistent.LoginAttempt)
          - EntityAttributeFetchImpl(entity=edu.ncsu.csc.itrust2.models.persistent.User, querySpaceUid=<gen:1>, path=edu.ncsu.csc.itrust2.models.persistent.LoginAttempt.user)
    - QuerySpaces
       - EntityQuerySpaceImpl(uid=<gen:0>, entity=edu.ncsu.csc.itrust2.models.persistent.LoginAttempt)
          - SQL table alias mapping - loginattem0_
          - alias suffix - 0_
          - suffixed key columns - {id1_7_0_}
          - JOIN (JoinDefinedByMetadata(user)) : <gen:0> -> <gen:1>
             - EntityQuerySpaceImpl(uid=<gen:1>, entity=edu.ncsu.csc.itrust2.models.persistent.User)
                - SQL table alias mapping - user1_
                - alias suffix - 1_
                - suffixed key columns - {username1_15_1_}

00:31:25.061 [main] DEBUG o.h.loader.entity.plan.EntityLoader - Static select for entity edu.ncsu.csc.itrust2.models.persistent.LoginAttempt [READ]: select loginattem0_.id as id1_7_0_, loginattem0_.ip as ip2_7_0_, loginattem0_.time as time3_7_0_, loginattem0_.user_id as user_id4_7_0_, user1_.username as username1_15_1_, user1_.enabled as enabled2_15_1_, user1_.password as password3_15_1_, user1_.role as role4_15_1_ from LoginAttempts loginattem0_ left outer join Users user1_ on loginattem0_.user_id=user1_.username where loginattem0_.id=?
00:31:25.061 [main] DEBUG o.h.l.p.b.i.spaces.QuerySpacesImpl - Adding QuerySpace : uid = <gen:0> -> org.hibernate.loader.plan.build.internal.spaces.EntityQuerySpaceImpl@2f742911]
00:31:25.061 [main] DEBUG o.h.p.w.spi.MetamodelGraphWalker - Visiting attribute path : ip
00:31:25.061 [main] DEBUG o.h.p.w.spi.MetamodelGraphWalker - Visiting attribute path : time
00:31:25.061 [main] DEBUG o.h.p.w.spi.MetamodelGraphWalker - Visiting attribute path : user
00:31:25.061 [main] DEBUG o.h.l.p.b.i.spaces.QuerySpacesImpl - Adding QuerySpace : uid = <gen:1> -> org.hibernate.loader.plan.build.internal.spaces.EntityQuerySpaceImpl@2822d49a]
00:31:25.062 [main] DEBUG o.h.l.p.b.i.FetchStyleLoadPlanBuildingAssociationVisitationStrategy - Building LoadPlan...
00:31:25.062 [main] DEBUG o.h.l.p.e.i.LoadQueryJoinAndFetchProcessor - processing queryspace <gen:0>
00:31:25.063 [main] DEBUG o.h.l.p.b.spi.LoadPlanTreePrinter - LoadPlan(entity=edu.ncsu.csc.itrust2.models.persistent.LoginAttempt)
    - Returns
       - EntityReturnImpl(entity=edu.ncsu.csc.itrust2.models.persistent.LoginAttempt, querySpaceUid=<gen:0>, path=edu.ncsu.csc.itrust2.models.persistent.LoginAttempt)
          - EntityAttributeFetchImpl(entity=edu.ncsu.csc.itrust2.models.persistent.User, querySpaceUid=<gen:1>, path=edu.ncsu.csc.itrust2.models.persistent.LoginAttempt.user)
    - QuerySpaces
       - EntityQuerySpaceImpl(uid=<gen:0>, entity=edu.ncsu.csc.itrust2.models.persistent.LoginAttempt)
          - SQL table alias mapping - loginattem0_
          - alias suffix - 0_
          - suffixed key columns - {id1_7_0_}

00:31:25.063 [main] DEBUG o.h.loader.entity.plan.EntityLoader - Static select for entity edu.ncsu.csc.itrust2.models.persistent.LoginAttempt [UPGRADE]: select loginattem0_.id as id1_7_0_, loginattem0_.ip as ip2_7_0_, loginattem0_.time as time3_7_0_, loginattem0_.user_id as user_id4_7_0_ from LoginAttempts loginattem0_ where loginattem0_.id=? for update
00:31:25.063 [main] DEBUG o.h.l.p.b.i.spaces.QuerySpacesImpl - Adding QuerySpace : uid = <gen:0> -> org.hibernate.loader.plan.build.internal.spaces.EntityQuerySpaceImpl@7884c3b4]
00:31:25.063 [main] DEBUG o.h.p.w.spi.MetamodelGraphWalker - Visiting attribute path : ip
00:31:25.063 [main] DEBUG o.h.p.w.spi.MetamodelGraphWalker - Visiting attribute path : time
00:31:25.063 [main] DEBUG o.h.p.w.spi.MetamodelGraphWalker - Visiting attribute path : user
00:31:25.064 [main] DEBUG o.h.l.p.b.i.spaces.QuerySpacesImpl - Adding QuerySpace : uid = <gen:1> -> org.hibernate.loader.plan.build.internal.spaces.EntityQuerySpaceImpl@71b4b729]
00:31:25.064 [main] DEBUG o.h.l.p.b.i.FetchStyleLoadPlanBuildingAssociationVisitationStrategy - Building LoadPlan...
00:31:25.065 [main] DEBUG o.h.l.p.e.i.LoadQueryJoinAndFetchProcessor - processing queryspace <gen:0>
00:31:25.066 [main] DEBUG o.h.l.p.b.spi.LoadPlanTreePrinter - LoadPlan(entity=edu.ncsu.csc.itrust2.models.persistent.LoginAttempt)
    - Returns
       - EntityReturnImpl(entity=edu.ncsu.csc.itrust2.models.persistent.LoginAttempt, querySpaceUid=<gen:0>, path=edu.ncsu.csc.itrust2.models.persistent.LoginAttempt)
          - EntityAttributeFetchImpl(entity=edu.ncsu.csc.itrust2.models.persistent.User, querySpaceUid=<gen:1>, path=edu.ncsu.csc.itrust2.models.persistent.LoginAttempt.user)
    - QuerySpaces
       - EntityQuerySpaceImpl(uid=<gen:0>, entity=edu.ncsu.csc.itrust2.models.persistent.LoginAttempt)
          - SQL table alias mapping - loginattem0_
          - alias suffix - 0_
          - suffixed key columns - {id1_7_0_}

00:31:25.066 [main] DEBUG o.h.loader.entity.plan.EntityLoader - Static select for entity edu.ncsu.csc.itrust2.models.persistent.LoginAttempt [UPGRADE_NOWAIT]: select loginattem0_.id as id1_7_0_, loginattem0_.ip as ip2_7_0_, loginattem0_.time as time3_7_0_, loginattem0_.user_id as user_id4_7_0_ from LoginAttempts loginattem0_ where loginattem0_.id=? for update
00:31:25.066 [main] DEBUG o.h.l.p.b.i.spaces.QuerySpacesImpl - Adding QuerySpace : uid = <gen:0> -> org.hibernate.loader.plan.build.internal.spaces.EntityQuerySpaceImpl@4f8c2b81]
00:31:25.066 [main] DEBUG o.h.p.w.spi.MetamodelGraphWalker - Visiting attribute path : ip
00:31:25.067 [main] DEBUG o.h.p.w.spi.MetamodelGraphWalker - Visiting attribute path : time
00:31:25.067 [main] DEBUG o.h.p.w.spi.MetamodelGraphWalker - Visiting attribute path : user
00:31:25.067 [main] DEBUG o.h.l.p.b.i.spaces.QuerySpacesImpl - Adding QuerySpace : uid = <gen:1> -> org.hibernate.loader.plan.build.internal.spaces.EntityQuerySpaceImpl@55b1156b]
00:31:25.067 [main] DEBUG o.h.l.p.b.i.FetchStyleLoadPlanBuildingAssociationVisitationStrategy - Building LoadPlan...
00:31:25.067 [main] DEBUG o.h.l.p.e.i.LoadQueryJoinAndFetchProcessor - processing queryspace <gen:0>
00:31:25.069 [main] DEBUG o.h.l.p.b.spi.LoadPlanTreePrinter - LoadPlan(entity=edu.ncsu.csc.itrust2.models.persistent.LoginAttempt)
    - Returns
       - EntityReturnImpl(entity=edu.ncsu.csc.itrust2.models.persistent.LoginAttempt, querySpaceUid=<gen:0>, path=edu.ncsu.csc.itrust2.models.persistent.LoginAttempt)
          - EntityAttributeFetchImpl(entity=edu.ncsu.csc.itrust2.models.persistent.User, querySpaceUid=<gen:1>, path=edu.ncsu.csc.itrust2.models.persistent.LoginAttempt.user)
    - QuerySpaces
       - EntityQuerySpaceImpl(uid=<gen:0>, entity=edu.ncsu.csc.itrust2.models.persistent.LoginAttempt)
          - SQL table alias mapping - loginattem0_
          - alias suffix - 0_
          - suffixed key columns - {id1_7_0_}

00:31:25.069 [main] DEBUG o.h.loader.entity.plan.EntityLoader - Static select for entity edu.ncsu.csc.itrust2.models.persistent.LoginAttempt [UPGRADE_SKIPLOCKED]: select loginattem0_.id as id1_7_0_, loginattem0_.ip as ip2_7_0_, loginattem0_.time as time3_7_0_, loginattem0_.user_id as user_id4_7_0_ from LoginAttempts loginattem0_ where loginattem0_.id=? for update
00:31:25.069 [main] DEBUG o.h.l.p.b.i.spaces.QuerySpacesImpl - Adding QuerySpace : uid = <gen:0> -> org.hibernate.loader.plan.build.internal.spaces.EntityQuerySpaceImpl@1e8fd0b]
00:31:25.069 [main] DEBUG o.h.p.w.spi.MetamodelGraphWalker - Visiting attribute path : ip
00:31:25.070 [main] DEBUG o.h.p.w.spi.MetamodelGraphWalker - Visiting attribute path : time
00:31:25.070 [main] DEBUG o.h.p.w.spi.MetamodelGraphWalker - Visiting attribute path : user
00:31:25.070 [main] DEBUG o.h.l.p.b.i.spaces.QuerySpacesImpl - Adding QuerySpace : uid = <gen:1> -> org.hibernate.loader.plan.build.internal.spaces.EntityQuerySpaceImpl@60d76531]
00:31:25.070 [main] DEBUG o.h.l.p.b.i.FetchStyleLoadPlanBuildingAssociationVisitationStrategy - Building LoadPlan...
00:31:25.071 [main] DEBUG o.h.l.p.e.i.LoadQueryJoinAndFetchProcessor - processing queryspace <gen:0>
00:31:25.071 [main] DEBUG o.h.l.p.b.spi.LoadPlanTreePrinter - LoadPlan(entity=edu.ncsu.csc.itrust2.models.persistent.LoginAttempt)
    - Returns
       - EntityReturnImpl(entity=edu.ncsu.csc.itrust2.models.persistent.LoginAttempt, querySpaceUid=<gen:0>, path=edu.ncsu.csc.itrust2.models.persistent.LoginAttempt)
          - EntityAttributeFetchImpl(entity=edu.ncsu.csc.itrust2.models.persistent.User, querySpaceUid=<gen:1>, path=edu.ncsu.csc.itrust2.models.persistent.LoginAttempt.user)
    - QuerySpaces
       - EntityQuerySpaceImpl(uid=<gen:0>, entity=edu.ncsu.csc.itrust2.models.persistent.LoginAttempt)
          - SQL table alias mapping - loginattem0_
          - alias suffix - 0_
          - suffixed key columns - {id1_7_0_}

00:31:25.071 [main] DEBUG o.h.loader.entity.plan.EntityLoader - Static select for entity edu.ncsu.csc.itrust2.models.persistent.LoginAttempt [FORCE]: select loginattem0_.id as id1_7_0_, loginattem0_.ip as ip2_7_0_, loginattem0_.time as time3_7_0_, loginattem0_.user_id as user_id4_7_0_ from LoginAttempts loginattem0_ where loginattem0_.id=? for update
00:31:25.072 [main] DEBUG o.h.l.p.b.i.spaces.QuerySpacesImpl - Adding QuerySpace : uid = <gen:0> -> org.hibernate.loader.plan.build.internal.spaces.EntityQuerySpaceImpl@3d902e0d]
00:31:25.072 [main] DEBUG o.h.p.w.spi.MetamodelGraphWalker - Visiting attribute path : ip
00:31:25.072 [main] DEBUG o.h.p.w.spi.MetamodelGraphWalker - Visiting attribute path : time
00:31:25.072 [main] DEBUG o.h.p.w.spi.MetamodelGraphWalker - Visiting attribute path : user
00:31:25.073 [main] DEBUG o.h.l.p.b.i.spaces.QuerySpacesImpl - Adding QuerySpace : uid = <gen:1> -> org.hibernate.loader.plan.build.internal.spaces.EntityQuerySpaceImpl@64abcf51]
00:31:25.073 [main] DEBUG o.h.l.p.b.i.FetchStyleLoadPlanBuildingAssociationVisitationStrategy - Building LoadPlan...
00:31:25.073 [main] DEBUG o.h.l.p.e.i.LoadQueryJoinAndFetchProcessor - processing queryspace <gen:0>
00:31:25.074 [main] DEBUG o.h.l.p.b.spi.LoadPlanTreePrinter - LoadPlan(entity=edu.ncsu.csc.itrust2.models.persistent.LoginAttempt)
    - Returns
       - EntityReturnImpl(entity=edu.ncsu.csc.itrust2.models.persistent.LoginAttempt, querySpaceUid=<gen:0>, path=edu.ncsu.csc.itrust2.models.persistent.LoginAttempt)
          - EntityAttributeFetchImpl(entity=edu.ncsu.csc.itrust2.models.persistent.User, querySpaceUid=<gen:1>, path=edu.ncsu.csc.itrust2.models.persistent.LoginAttempt.user)
    - QuerySpaces
       - EntityQuerySpaceImpl(uid=<gen:0>, entity=edu.ncsu.csc.itrust2.models.persistent.LoginAttempt)
          - SQL table alias mapping - loginattem0_
          - alias suffix - 0_
          - suffixed key columns - {id1_7_0_}

00:31:25.074 [main] DEBUG o.h.loader.entity.plan.EntityLoader - Static select for entity edu.ncsu.csc.itrust2.models.persistent.LoginAttempt [PESSIMISTIC_READ]: select loginattem0_.id as id1_7_0_, loginattem0_.ip as ip2_7_0_, loginattem0_.time as time3_7_0_, loginattem0_.user_id as user_id4_7_0_ from LoginAttempts loginattem0_ where loginattem0_.id=? lock in share mode
00:31:25.074 [main] DEBUG o.h.l.p.b.i.spaces.QuerySpacesImpl - Adding QuerySpace : uid = <gen:0> -> org.hibernate.loader.plan.build.internal.spaces.EntityQuerySpaceImpl@3f0ed018]
00:31:25.074 [main] DEBUG o.h.p.w.spi.MetamodelGraphWalker - Visiting attribute path : ip
00:31:25.074 [main] DEBUG o.h.p.w.spi.MetamodelGraphWalker - Visiting attribute path : time
00:31:25.074 [main] DEBUG o.h.p.w.spi.MetamodelGraphWalker - Visiting attribute path : user
00:31:25.075 [main] DEBUG o.h.l.p.b.i.spaces.QuerySpacesImpl - Adding QuerySpace : uid = <gen:1> -> org.hibernate.loader.plan.build.internal.spaces.EntityQuerySpaceImpl@4cabd3cd]
00:31:25.075 [main] DEBUG o.h.l.p.b.i.FetchStyleLoadPlanBuildingAssociationVisitationStrategy - Building LoadPlan...
00:31:25.075 [main] DEBUG o.h.l.p.e.i.LoadQueryJoinAndFetchProcessor - processing queryspace <gen:0>
00:31:25.075 [main] DEBUG o.h.l.p.b.spi.LoadPlanTreePrinter - LoadPlan(entity=edu.ncsu.csc.itrust2.models.persistent.LoginAttempt)
    - Returns
       - EntityReturnImpl(entity=edu.ncsu.csc.itrust2.models.persistent.LoginAttempt, querySpaceUid=<gen:0>, path=edu.ncsu.csc.itrust2.models.persistent.LoginAttempt)
          - EntityAttributeFetchImpl(entity=edu.ncsu.csc.itrust2.models.persistent.User, querySpaceUid=<gen:1>, path=edu.ncsu.csc.itrust2.models.persistent.LoginAttempt.user)
    - QuerySpaces
       - EntityQuerySpaceImpl(uid=<gen:0>, entity=edu.ncsu.csc.itrust2.models.persistent.LoginAttempt)
          - SQL table alias mapping - loginattem0_
          - alias suffix - 0_
          - suffixed key columns - {id1_7_0_}

00:31:25.075 [main] DEBUG o.h.loader.entity.plan.EntityLoader - Static select for entity edu.ncsu.csc.itrust2.models.persistent.LoginAttempt [PESSIMISTIC_WRITE]: select loginattem0_.id as id1_7_0_, loginattem0_.ip as ip2_7_0_, loginattem0_.time as time3_7_0_, loginattem0_.user_id as user_id4_7_0_ from LoginAttempts loginattem0_ where loginattem0_.id=? for update
00:31:25.076 [main] DEBUG o.h.l.p.b.i.spaces.QuerySpacesImpl - Adding QuerySpace : uid = <gen:0> -> org.hibernate.loader.plan.build.internal.spaces.EntityQuerySpaceImpl@76405c4e]
00:31:25.076 [main] DEBUG o.h.p.w.spi.MetamodelGraphWalker - Visiting attribute path : ip
00:31:25.076 [main] DEBUG o.h.p.w.spi.MetamodelGraphWalker - Visiting attribute path : time
00:31:25.076 [main] DEBUG o.h.p.w.spi.MetamodelGraphWalker - Visiting attribute path : user
00:31:25.076 [main] DEBUG o.h.l.p.b.i.spaces.QuerySpacesImpl - Adding QuerySpace : uid = <gen:1> -> org.hibernate.loader.plan.build.internal.spaces.EntityQuerySpaceImpl@2f48752d]
00:31:25.076 [main] DEBUG o.h.l.p.b.i.FetchStyleLoadPlanBuildingAssociationVisitationStrategy - Building LoadPlan...
00:31:25.077 [main] DEBUG o.h.l.p.e.i.LoadQueryJoinAndFetchProcessor - processing queryspace <gen:0>
00:31:25.077 [main] DEBUG o.h.l.p.b.spi.LoadPlanTreePrinter - LoadPlan(entity=edu.ncsu.csc.itrust2.models.persistent.LoginAttempt)
    - Returns
       - EntityReturnImpl(entity=edu.ncsu.csc.itrust2.models.persistent.LoginAttempt, querySpaceUid=<gen:0>, path=edu.ncsu.csc.itrust2.models.persistent.LoginAttempt)
          - EntityAttributeFetchImpl(entity=edu.ncsu.csc.itrust2.models.persistent.User, querySpaceUid=<gen:1>, path=edu.ncsu.csc.itrust2.models.persistent.LoginAttempt.user)
    - QuerySpaces
       - EntityQuerySpaceImpl(uid=<gen:0>, entity=edu.ncsu.csc.itrust2.models.persistent.LoginAttempt)
          - SQL table alias mapping - loginattem0_
          - alias suffix - 0_
          - suffixed key columns - {id1_7_0_}

00:31:25.078 [main] DEBUG o.h.loader.entity.plan.EntityLoader - Static select for entity edu.ncsu.csc.itrust2.models.persistent.LoginAttempt [PESSIMISTIC_FORCE_INCREMENT]: select loginattem0_.id as id1_7_0_, loginattem0_.ip as ip2_7_0_, loginattem0_.time as time3_7_0_, loginattem0_.user_id as user_id4_7_0_ from LoginAttempts loginattem0_ where loginattem0_.id=? for update
00:31:25.078 [main] DEBUG o.h.l.p.b.i.spaces.QuerySpacesImpl - Adding QuerySpace : uid = <gen:0> -> org.hibernate.loader.plan.build.internal.spaces.EntityQuerySpaceImpl@3deffeb2]
00:31:25.078 [main] DEBUG o.h.p.w.spi.MetamodelGraphWalker - Visiting attribute path : ip
00:31:25.078 [main] DEBUG o.h.p.w.spi.MetamodelGraphWalker - Visiting attribute path : time
00:31:25.078 [main] DEBUG o.h.p.w.spi.MetamodelGraphWalker - Visiting attribute path : user
00:31:25.078 [main] DEBUG o.h.l.p.b.i.spaces.QuerySpacesImpl - Adding QuerySpace : uid = <gen:1> -> org.hibernate.loader.plan.build.internal.spaces.EntityQuerySpaceImpl@485ba178]
00:31:25.079 [main] DEBUG o.h.l.p.b.i.FetchStyleLoadPlanBuildingAssociationVisitationStrategy - Building LoadPlan...
00:31:25.079 [main] DEBUG o.h.l.p.e.i.LoadQueryJoinAndFetchProcessor - processing queryspace <gen:0>
00:31:25.080 [main] DEBUG o.h.l.p.b.spi.LoadPlanTreePrinter - LoadPlan(entity=edu.ncsu.csc.itrust2.models.persistent.LoginAttempt)
    - Returns
       - EntityReturnImpl(entity=edu.ncsu.csc.itrust2.models.persistent.LoginAttempt, querySpaceUid=<gen:0>, path=edu.ncsu.csc.itrust2.models.persistent.LoginAttempt)
          - EntityAttributeFetchImpl(entity=edu.ncsu.csc.itrust2.models.persistent.User, querySpaceUid=<gen:1>, path=edu.ncsu.csc.itrust2.models.persistent.LoginAttempt.user)
    - QuerySpaces
       - EntityQuerySpaceImpl(uid=<gen:0>, entity=edu.ncsu.csc.itrust2.models.persistent.LoginAttempt)
          - SQL table alias mapping - loginattem0_
          - alias suffix - 0_
          - suffixed key columns - {id1_7_0_}

00:31:25.080 [main] DEBUG o.h.loader.entity.plan.EntityLoader - Static select for entity edu.ncsu.csc.itrust2.models.persistent.LoginAttempt [OPTIMISTIC]: select loginattem0_.id as id1_7_0_, loginattem0_.ip as ip2_7_0_, loginattem0_.time as time3_7_0_, loginattem0_.user_id as user_id4_7_0_ from LoginAttempts loginattem0_ where loginattem0_.id=?
00:31:25.080 [main] DEBUG o.h.l.p.b.i.spaces.QuerySpacesImpl - Adding QuerySpace : uid = <gen:0> -> org.hibernate.loader.plan.build.internal.spaces.EntityQuerySpaceImpl@24d64443]
00:31:25.080 [main] DEBUG o.h.p.w.spi.MetamodelGraphWalker - Visiting attribute path : ip
00:31:25.080 [main] DEBUG o.h.p.w.spi.MetamodelGraphWalker - Visiting attribute path : time
00:31:25.081 [main] DEBUG o.h.p.w.spi.MetamodelGraphWalker - Visiting attribute path : user
00:31:25.081 [main] DEBUG o.h.l.p.b.i.spaces.QuerySpacesImpl - Adding QuerySpace : uid = <gen:1> -> org.hibernate.loader.plan.build.internal.spaces.EntityQuerySpaceImpl@640ea5a6]
00:31:25.081 [main] DEBUG o.h.l.p.b.i.FetchStyleLoadPlanBuildingAssociationVisitationStrategy - Building LoadPlan...
00:31:25.081 [main] DEBUG o.h.l.p.e.i.LoadQueryJoinAndFetchProcessor - processing queryspace <gen:0>
00:31:25.082 [main] DEBUG o.h.l.p.b.spi.LoadPlanTreePrinter - LoadPlan(entity=edu.ncsu.csc.itrust2.models.persistent.LoginAttempt)
    - Returns
       - EntityReturnImpl(entity=edu.ncsu.csc.itrust2.models.persistent.LoginAttempt, querySpaceUid=<gen:0>, path=edu.ncsu.csc.itrust2.models.persistent.LoginAttempt)
          - EntityAttributeFetchImpl(entity=edu.ncsu.csc.itrust2.models.persistent.User, querySpaceUid=<gen:1>, path=edu.ncsu.csc.itrust2.models.persistent.LoginAttempt.user)
    - QuerySpaces
       - EntityQuerySpaceImpl(uid=<gen:0>, entity=edu.ncsu.csc.itrust2.models.persistent.LoginAttempt)
          - SQL table alias mapping - loginattem0_
          - alias suffix - 0_
          - suffixed key columns - {id1_7_0_}

00:31:25.082 [main] DEBUG o.h.loader.entity.plan.EntityLoader - Static select for entity edu.ncsu.csc.itrust2.models.persistent.LoginAttempt [OPTIMISTIC_FORCE_INCREMENT]: select loginattem0_.id as id1_7_0_, loginattem0_.ip as ip2_7_0_, loginattem0_.time as time3_7_0_, loginattem0_.user_id as user_id4_7_0_ from LoginAttempts loginattem0_ where loginattem0_.id=?
00:31:25.082 [main] DEBUG org.hibernate.loader.Loader - Static select for action ACTION_MERGE on entity edu.ncsu.csc.itrust2.models.persistent.LoginAttempt: select loginattem0_.id as id1_7_0_, loginattem0_.ip as ip2_7_0_, loginattem0_.time as time3_7_0_, loginattem0_.user_id as user_id4_7_0_ from LoginAttempts loginattem0_ where loginattem0_.id=?
00:31:25.083 [main] DEBUG org.hibernate.loader.Loader - Static select for action ACTION_REFRESH on entity edu.ncsu.csc.itrust2.models.persistent.LoginAttempt: select loginattem0_.id as id1_7_0_, loginattem0_.ip as ip2_7_0_, loginattem0_.time as time3_7_0_, loginattem0_.user_id as user_id4_7_0_ from LoginAttempts loginattem0_ where loginattem0_.id=?
00:31:25.083 [main] DEBUG o.h.p.entity.AbstractEntityPersister - Static SQL for entity: edu.ncsu.csc.itrust2.models.persistent.Patient
00:31:25.083 [main] DEBUG o.h.p.entity.AbstractEntityPersister -  Version select: select self_id from Patients where self_id =?
00:31:25.083 [main] DEBUG o.h.p.entity.AbstractEntityPersister -  Snapshot select: select patient_.self_id, patient_.address1 as address1_12_, patient_.address2 as address2_12_, patient_.bloodType as bloodTyp3_12_, patient_.causeOfDeath as causeOfD4_12_, patient_.city as city5_12_, patient_.dateOfBirth as dateOfBi6_12_, patient_.dateOfDeath as dateOfDe7_12_, patient_.email as email8_12_, patient_.ethnicity as ethnicit9_12_, patient_.father_id as father_19_12_, patient_.firstName as firstNa10_12_, patient_.gender as gender11_12_, patient_.id as id12_12_, patient_.lastName as lastNam13_12_, patient_.mother_id as mother_20_12_, patient_.phone as phone14_12_, patient_.preferredName as preferr15_12_, patient_.state as state16_12_, patient_.zip as zip17_12_ from Patients patient_ where patient_.self_id=?
00:31:25.083 [main] DEBUG o.h.p.entity.AbstractEntityPersister -  Insert 0: insert into Patients (address1, address2, bloodType, causeOfDeath, city, dateOfBirth, dateOfDeath, email, ethnicity, father_id, firstName, gender, id, lastName, mother_id, phone, preferredName, state, zip, self_id) values (?, ?, ?, ?, ?, ?, ?, ?, ?, ?, ?, ?, ?, ?, ?, ?, ?, ?, ?, ?)
00:31:25.084 [main] DEBUG o.h.p.entity.AbstractEntityPersister -  Update 0: update Patients set address1=?, address2=?, bloodType=?, causeOfDeath=?, city=?, dateOfBirth=?, dateOfDeath=?, email=?, ethnicity=?, father_id=?, firstName=?, gender=?, id=?, lastName=?, mother_id=?, phone=?, preferredName=?, state=?, zip=? where self_id=?
00:31:25.084 [main] DEBUG o.h.p.entity.AbstractEntityPersister -  Delete 0: delete from Patients where self_id=?
00:31:25.084 [main] DEBUG o.h.l.p.b.i.spaces.QuerySpacesImpl - Adding QuerySpace : uid = <gen:0> -> org.hibernate.loader.plan.build.internal.spaces.EntityQuerySpaceImpl@714b883e]
00:31:25.086 [main] DEBUG o.h.l.p.b.i.spaces.QuerySpacesImpl - Adding QuerySpace : uid = <gen:0>-id -> org.hibernate.loader.plan.build.internal.spaces.CompositeQuerySpaceImpl@457e7c5]
00:31:25.090 [main] DEBUG o.h.p.w.spi.MetamodelGraphWalker - Visiting attribute path : self
00:31:25.090 [main] DEBUG o.h.p.w.spi.MetamodelGraphWalker - Property path deemed to be circular : self
00:31:25.091 [main] DEBUG o.h.p.w.spi.MetamodelGraphWalker - Visiting attribute path : address1
00:31:25.091 [main] DEBUG o.h.p.w.spi.MetamodelGraphWalker - Visiting attribute path : address2
00:31:25.091 [main] DEBUG o.h.p.w.spi.MetamodelGraphWalker - Visiting attribute path : bloodType
00:31:25.091 [main] DEBUG o.h.p.w.spi.MetamodelGraphWalker - Visiting attribute path : causeOfDeath
00:31:25.091 [main] DEBUG o.h.p.w.spi.MetamodelGraphWalker - Visiting attribute path : city
00:31:25.091 [main] DEBUG o.h.p.w.spi.MetamodelGraphWalker - Visiting attribute path : dateOfBirth
00:31:25.091 [main] DEBUG o.h.p.w.spi.MetamodelGraphWalker - Visiting attribute path : dateOfDeath
00:31:25.092 [main] DEBUG o.h.p.w.spi.MetamodelGraphWalker - Visiting attribute path : email
00:31:25.092 [main] DEBUG o.h.p.w.spi.MetamodelGraphWalker - Visiting attribute path : ethnicity
00:31:25.092 [main] DEBUG o.h.p.w.spi.MetamodelGraphWalker - Visiting attribute path : father
00:31:25.093 [main] DEBUG o.h.l.p.b.i.spaces.QuerySpacesImpl - Adding QuerySpace : uid = <gen:1> -> org.hibernate.loader.plan.build.internal.spaces.EntityQuerySpaceImpl@33012ef8]
00:31:25.093 [main] DEBUG o.h.p.w.spi.MetamodelGraphWalker - Visiting attribute path : father.enabled
00:31:25.093 [main] DEBUG o.h.p.w.spi.MetamodelGraphWalker - Visiting attribute path : father.password
00:31:25.093 [main] DEBUG o.h.p.w.spi.MetamodelGraphWalker - Visiting attribute path : father.role
00:31:25.093 [main] DEBUG o.h.p.w.spi.MetamodelGraphWalker - Visiting attribute path : firstName
00:31:25.093 [main] DEBUG o.h.p.w.spi.MetamodelGraphWalker - Visiting attribute path : gender
00:31:25.093 [main] DEBUG o.h.p.w.spi.MetamodelGraphWalker - Visiting attribute path : id
00:31:25.094 [main] DEBUG o.h.p.w.spi.MetamodelGraphWalker - Visiting attribute path : lastName
00:31:25.094 [main] DEBUG o.h.p.w.spi.MetamodelGraphWalker - Visiting attribute path : mother
00:31:25.094 [main] DEBUG o.h.l.p.b.i.spaces.QuerySpacesImpl - Adding QuerySpace : uid = <gen:2> -> org.hibernate.loader.plan.build.internal.spaces.EntityQuerySpaceImpl@499738d2]
00:31:25.094 [main] DEBUG o.h.p.w.spi.MetamodelGraphWalker - Visiting attribute path : mother.enabled
00:31:25.094 [main] DEBUG o.h.p.w.spi.MetamodelGraphWalker - Visiting attribute path : mother.password
00:31:25.094 [main] DEBUG o.h.p.w.spi.MetamodelGraphWalker - Visiting attribute path : mother.role
00:31:25.095 [main] DEBUG o.h.p.w.spi.MetamodelGraphWalker - Visiting attribute path : phone
00:31:25.095 [main] DEBUG o.h.p.w.spi.MetamodelGraphWalker - Visiting attribute path : preferredName
00:31:25.095 [main] DEBUG o.h.p.w.spi.MetamodelGraphWalker - Visiting attribute path : state
00:31:25.095 [main] DEBUG o.h.p.w.spi.MetamodelGraphWalker - Visiting attribute path : zip
00:31:25.095 [main] DEBUG o.h.l.p.b.i.FetchStyleLoadPlanBuildingAssociationVisitationStrategy - Building LoadPlan...
00:31:25.097 [main] DEBUG o.h.l.p.e.i.LoadQueryJoinAndFetchProcessor - processing queryspace <gen:0>
00:31:25.098 [main] DEBUG o.h.l.p.b.spi.LoadPlanTreePrinter - LoadPlan(entity=edu.ncsu.csc.itrust2.models.persistent.Patient)
    - Returns
       - EntityReturnImpl(entity=edu.ncsu.csc.itrust2.models.persistent.Patient, querySpaceUid=<gen:0>, path=edu.ncsu.csc.itrust2.models.persistent.Patient)
          - EntityAttributeFetchImpl(entity=edu.ncsu.csc.itrust2.models.persistent.User, querySpaceUid=<gen:1>, path=edu.ncsu.csc.itrust2.models.persistent.Patient.father)
          - EntityAttributeFetchImpl(entity=edu.ncsu.csc.itrust2.models.persistent.User, querySpaceUid=<gen:2>, path=edu.ncsu.csc.itrust2.models.persistent.Patient.mother)
    - QuerySpaces
       - EntityQuerySpaceImpl(uid=<gen:0>, entity=edu.ncsu.csc.itrust2.models.persistent.Patient)
          - SQL table alias mapping - patient0_
          - alias suffix - 0_
          - suffixed key columns - {self_id18_12_0_}
          - JOIN (JoinDefinedByMetadata(id)) : <gen:0> -> <gen:0>-id
             - CompositeQuerySpaceImpl(uid=<gen:0>-id)
                - SQL table alias mapping - patient0_
          - JOIN (JoinDefinedByMetadata(father)) : <gen:0> -> <gen:1>
             - EntityQuerySpaceImpl(uid=<gen:1>, entity=edu.ncsu.csc.itrust2.models.persistent.User)
                - SQL table alias mapping - user1_
                - alias suffix - 1_
                - suffixed key columns - {username1_15_1_}
          - JOIN (JoinDefinedByMetadata(mother)) : <gen:0> -> <gen:2>
             - EntityQuerySpaceImpl(uid=<gen:2>, entity=edu.ncsu.csc.itrust2.models.persistent.User)
                - SQL table alias mapping - user2_
                - alias suffix - 2_
                - suffixed key columns - {username1_15_2_}

00:31:25.098 [main] DEBUG o.h.loader.entity.plan.EntityLoader - Static select for entity edu.ncsu.csc.itrust2.models.persistent.Patient [NONE]: select patient0_.self_id as self_id18_12_0_, patient0_.address1 as address1_12_0_, patient0_.address2 as address2_12_0_, patient0_.bloodType as bloodTyp3_12_0_, patient0_.causeOfDeath as causeOfD4_12_0_, patient0_.city as city5_12_0_, patient0_.dateOfBirth as dateOfBi6_12_0_, patient0_.dateOfDeath as dateOfDe7_12_0_, patient0_.email as email8_12_0_, patient0_.ethnicity as ethnicit9_12_0_, patient0_.father_id as father_19_12_0_, patient0_.firstName as firstNa10_12_0_, patient0_.gender as gender11_12_0_, patient0_.id as id12_12_0_, patient0_.lastName as lastNam13_12_0_, patient0_.mother_id as mother_20_12_0_, patient0_.phone as phone14_12_0_, patient0_.preferredName as preferr15_12_0_, patient0_.state as state16_12_0_, patient0_.zip as zip17_12_0_, user1_.username as username1_15_1_, user1_.enabled as enabled2_15_1_, user1_.password as password3_15_1_, user1_.role as role4_15_1_, user2_.username as username1_15_2_, user2_.enabled as enabled2_15_2_, user2_.password as password3_15_2_, user2_.role as role4_15_2_ from Patients patient0_ left outer join Users user1_ on patient0_.father_id=user1_.username left outer join Users user2_ on patient0_.mother_id=user2_.username where patient0_.self_id=?
00:31:25.098 [main] DEBUG o.h.l.p.b.i.spaces.QuerySpacesImpl - Adding QuerySpace : uid = <gen:0> -> org.hibernate.loader.plan.build.internal.spaces.EntityQuerySpaceImpl@1171c569]
00:31:25.099 [main] DEBUG o.h.l.p.b.i.spaces.QuerySpacesImpl - Adding QuerySpace : uid = <gen:0>-id -> org.hibernate.loader.plan.build.internal.spaces.CompositeQuerySpaceImpl@4d0b72e5]
00:31:25.099 [main] DEBUG o.h.p.w.spi.MetamodelGraphWalker - Visiting attribute path : self
00:31:25.099 [main] DEBUG o.h.p.w.spi.MetamodelGraphWalker - Property path deemed to be circular : self
00:31:25.099 [main] DEBUG o.h.p.w.spi.MetamodelGraphWalker - Visiting attribute path : address1
00:31:25.099 [main] DEBUG o.h.p.w.spi.MetamodelGraphWalker - Visiting attribute path : address2
00:31:25.100 [main] DEBUG o.h.p.w.spi.MetamodelGraphWalker - Visiting attribute path : bloodType
00:31:25.100 [main] DEBUG o.h.p.w.spi.MetamodelGraphWalker - Visiting attribute path : causeOfDeath
00:31:25.100 [main] DEBUG o.h.p.w.spi.MetamodelGraphWalker - Visiting attribute path : city
00:31:25.100 [main] DEBUG o.h.p.w.spi.MetamodelGraphWalker - Visiting attribute path : dateOfBirth
00:31:25.100 [main] DEBUG o.h.p.w.spi.MetamodelGraphWalker - Visiting attribute path : dateOfDeath
00:31:25.100 [main] DEBUG o.h.p.w.spi.MetamodelGraphWalker - Visiting attribute path : email
00:31:25.100 [main] DEBUG o.h.p.w.spi.MetamodelGraphWalker - Visiting attribute path : ethnicity
00:31:25.100 [main] DEBUG o.h.p.w.spi.MetamodelGraphWalker - Visiting attribute path : father
00:31:25.101 [main] DEBUG o.h.l.p.b.i.spaces.QuerySpacesImpl - Adding QuerySpace : uid = <gen:1> -> org.hibernate.loader.plan.build.internal.spaces.EntityQuerySpaceImpl@63d3a8ed]
00:31:25.101 [main] DEBUG o.h.p.w.spi.MetamodelGraphWalker - Visiting attribute path : father.enabled
00:31:25.101 [main] DEBUG o.h.p.w.spi.MetamodelGraphWalker - Visiting attribute path : father.password
00:31:25.102 [main] DEBUG o.h.p.w.spi.MetamodelGraphWalker - Visiting attribute path : father.role
00:31:25.102 [main] DEBUG o.h.p.w.spi.MetamodelGraphWalker - Visiting attribute path : firstName
00:31:25.102 [main] DEBUG o.h.p.w.spi.MetamodelGraphWalker - Visiting attribute path : gender
00:31:25.102 [main] DEBUG o.h.p.w.spi.MetamodelGraphWalker - Visiting attribute path : id
00:31:25.102 [main] DEBUG o.h.p.w.spi.MetamodelGraphWalker - Visiting attribute path : lastName
00:31:25.102 [main] DEBUG o.h.p.w.spi.MetamodelGraphWalker - Visiting attribute path : mother
00:31:25.102 [main] DEBUG o.h.l.p.b.i.spaces.QuerySpacesImpl - Adding QuerySpace : uid = <gen:2> -> org.hibernate.loader.plan.build.internal.spaces.EntityQuerySpaceImpl@1c0ba5cf]
00:31:25.103 [main] DEBUG o.h.p.w.spi.MetamodelGraphWalker - Visiting attribute path : mother.enabled
00:31:25.103 [main] DEBUG o.h.p.w.spi.MetamodelGraphWalker - Visiting attribute path : mother.password
00:31:25.103 [main] DEBUG o.h.p.w.spi.MetamodelGraphWalker - Visiting attribute path : mother.role
00:31:25.103 [main] DEBUG o.h.p.w.spi.MetamodelGraphWalker - Visiting attribute path : phone
00:31:25.103 [main] DEBUG o.h.p.w.spi.MetamodelGraphWalker - Visiting attribute path : preferredName
00:31:25.103 [main] DEBUG o.h.p.w.spi.MetamodelGraphWalker - Visiting attribute path : state
00:31:25.103 [main] DEBUG o.h.p.w.spi.MetamodelGraphWalker - Visiting attribute path : zip
00:31:25.104 [main] DEBUG o.h.l.p.b.i.FetchStyleLoadPlanBuildingAssociationVisitationStrategy - Building LoadPlan...
00:31:25.104 [main] DEBUG o.h.l.p.e.i.LoadQueryJoinAndFetchProcessor - processing queryspace <gen:0>
00:31:25.105 [main] DEBUG o.h.l.p.b.spi.LoadPlanTreePrinter - LoadPlan(entity=edu.ncsu.csc.itrust2.models.persistent.Patient)
    - Returns
       - EntityReturnImpl(entity=edu.ncsu.csc.itrust2.models.persistent.Patient, querySpaceUid=<gen:0>, path=edu.ncsu.csc.itrust2.models.persistent.Patient)
          - EntityAttributeFetchImpl(entity=edu.ncsu.csc.itrust2.models.persistent.User, querySpaceUid=<gen:1>, path=edu.ncsu.csc.itrust2.models.persistent.Patient.father)
          - EntityAttributeFetchImpl(entity=edu.ncsu.csc.itrust2.models.persistent.User, querySpaceUid=<gen:2>, path=edu.ncsu.csc.itrust2.models.persistent.Patient.mother)
    - QuerySpaces
       - EntityQuerySpaceImpl(uid=<gen:0>, entity=edu.ncsu.csc.itrust2.models.persistent.Patient)
          - SQL table alias mapping - patient0_
          - alias suffix - 0_
          - suffixed key columns - {self_id18_12_0_}
          - JOIN (JoinDefinedByMetadata(id)) : <gen:0> -> <gen:0>-id
             - CompositeQuerySpaceImpl(uid=<gen:0>-id)
                - SQL table alias mapping - patient0_
          - JOIN (JoinDefinedByMetadata(father)) : <gen:0> -> <gen:1>
             - EntityQuerySpaceImpl(uid=<gen:1>, entity=edu.ncsu.csc.itrust2.models.persistent.User)
                - SQL table alias mapping - user1_
                - alias suffix - 1_
                - suffixed key columns - {username1_15_1_}
          - JOIN (JoinDefinedByMetadata(mother)) : <gen:0> -> <gen:2>
             - EntityQuerySpaceImpl(uid=<gen:2>, entity=edu.ncsu.csc.itrust2.models.persistent.User)
                - SQL table alias mapping - user2_
                - alias suffix - 2_
                - suffixed key columns - {username1_15_2_}

00:31:25.105 [main] DEBUG o.h.loader.entity.plan.EntityLoader - Static select for entity edu.ncsu.csc.itrust2.models.persistent.Patient [READ]: select patient0_.self_id as self_id18_12_0_, patient0_.address1 as address1_12_0_, patient0_.address2 as address2_12_0_, patient0_.bloodType as bloodTyp3_12_0_, patient0_.causeOfDeath as causeOfD4_12_0_, patient0_.city as city5_12_0_, patient0_.dateOfBirth as dateOfBi6_12_0_, patient0_.dateOfDeath as dateOfDe7_12_0_, patient0_.email as email8_12_0_, patient0_.ethnicity as ethnicit9_12_0_, patient0_.father_id as father_19_12_0_, patient0_.firstName as firstNa10_12_0_, patient0_.gender as gender11_12_0_, patient0_.id as id12_12_0_, patient0_.lastName as lastNam13_12_0_, patient0_.mother_id as mother_20_12_0_, patient0_.phone as phone14_12_0_, patient0_.preferredName as preferr15_12_0_, patient0_.state as state16_12_0_, patient0_.zip as zip17_12_0_, user1_.username as username1_15_1_, user1_.enabled as enabled2_15_1_, user1_.password as password3_15_1_, user1_.role as role4_15_1_, user2_.username as username1_15_2_, user2_.enabled as enabled2_15_2_, user2_.password as password3_15_2_, user2_.role as role4_15_2_ from Patients patient0_ left outer join Users user1_ on patient0_.father_id=user1_.username left outer join Users user2_ on patient0_.mother_id=user2_.username where patient0_.self_id=?
00:31:25.105 [main] DEBUG o.h.l.p.b.i.spaces.QuerySpacesImpl - Adding QuerySpace : uid = <gen:0> -> org.hibernate.loader.plan.build.internal.spaces.EntityQuerySpaceImpl@2d3cd2ba]
00:31:25.105 [main] DEBUG o.h.l.p.b.i.spaces.QuerySpacesImpl - Adding QuerySpace : uid = <gen:0>-id -> org.hibernate.loader.plan.build.internal.spaces.CompositeQuerySpaceImpl@13cabd17]
00:31:25.106 [main] DEBUG o.h.p.w.spi.MetamodelGraphWalker - Visiting attribute path : self
00:31:25.106 [main] DEBUG o.h.p.w.spi.MetamodelGraphWalker - Property path deemed to be circular : self
00:31:25.106 [main] DEBUG o.h.p.w.spi.MetamodelGraphWalker - Visiting attribute path : address1
00:31:25.106 [main] DEBUG o.h.p.w.spi.MetamodelGraphWalker - Visiting attribute path : address2
00:31:25.106 [main] DEBUG o.h.p.w.spi.MetamodelGraphWalker - Visiting attribute path : bloodType
00:31:25.106 [main] DEBUG o.h.p.w.spi.MetamodelGraphWalker - Visiting attribute path : causeOfDeath
00:31:25.106 [main] DEBUG o.h.p.w.spi.MetamodelGraphWalker - Visiting attribute path : city
00:31:25.107 [main] DEBUG o.h.p.w.spi.MetamodelGraphWalker - Visiting attribute path : dateOfBirth
00:31:25.107 [main] DEBUG o.h.p.w.spi.MetamodelGraphWalker - Visiting attribute path : dateOfDeath
00:31:25.107 [main] DEBUG o.h.p.w.spi.MetamodelGraphWalker - Visiting attribute path : email
00:31:25.107 [main] DEBUG o.h.p.w.spi.MetamodelGraphWalker - Visiting attribute path : ethnicity
00:31:25.107 [main] DEBUG o.h.p.w.spi.MetamodelGraphWalker - Visiting attribute path : father
00:31:25.107 [main] DEBUG o.h.l.p.b.i.spaces.QuerySpacesImpl - Adding QuerySpace : uid = <gen:1> -> org.hibernate.loader.plan.build.internal.spaces.EntityQuerySpaceImpl@7e9a35b7]
00:31:25.107 [main] DEBUG o.h.p.w.spi.MetamodelGraphWalker - Visiting attribute path : firstName
00:31:25.108 [main] DEBUG o.h.p.w.spi.MetamodelGraphWalker - Visiting attribute path : gender
00:31:25.111 [main] DEBUG o.h.p.w.spi.MetamodelGraphWalker - Visiting attribute path : id
00:31:25.111 [main] DEBUG o.h.p.w.spi.MetamodelGraphWalker - Visiting attribute path : lastName
00:31:25.112 [main] DEBUG o.h.p.w.spi.MetamodelGraphWalker - Visiting attribute path : mother
00:31:25.112 [main] DEBUG o.h.l.p.b.i.spaces.QuerySpacesImpl - Adding QuerySpace : uid = <gen:2> -> org.hibernate.loader.plan.build.internal.spaces.EntityQuerySpaceImpl@387e0d76]
00:31:25.112 [main] DEBUG o.h.p.w.spi.MetamodelGraphWalker - Visiting attribute path : phone
00:31:25.112 [main] DEBUG o.h.p.w.spi.MetamodelGraphWalker - Visiting attribute path : preferredName
00:31:25.112 [main] DEBUG o.h.p.w.spi.MetamodelGraphWalker - Visiting attribute path : state
00:31:25.112 [main] DEBUG o.h.p.w.spi.MetamodelGraphWalker - Visiting attribute path : zip
00:31:25.113 [main] DEBUG o.h.l.p.b.i.FetchStyleLoadPlanBuildingAssociationVisitationStrategy - Building LoadPlan...
00:31:25.113 [main] DEBUG o.h.l.p.e.i.LoadQueryJoinAndFetchProcessor - processing queryspace <gen:0>
00:31:25.113 [main] DEBUG o.h.l.p.b.spi.LoadPlanTreePrinter - LoadPlan(entity=edu.ncsu.csc.itrust2.models.persistent.Patient)
    - Returns
       - EntityReturnImpl(entity=edu.ncsu.csc.itrust2.models.persistent.Patient, querySpaceUid=<gen:0>, path=edu.ncsu.csc.itrust2.models.persistent.Patient)
          - EntityAttributeFetchImpl(entity=edu.ncsu.csc.itrust2.models.persistent.User, querySpaceUid=<gen:1>, path=edu.ncsu.csc.itrust2.models.persistent.Patient.father)
          - EntityAttributeFetchImpl(entity=edu.ncsu.csc.itrust2.models.persistent.User, querySpaceUid=<gen:2>, path=edu.ncsu.csc.itrust2.models.persistent.Patient.mother)
    - QuerySpaces
       - EntityQuerySpaceImpl(uid=<gen:0>, entity=edu.ncsu.csc.itrust2.models.persistent.Patient)
          - SQL table alias mapping - patient0_
          - alias suffix - 0_
          - suffixed key columns - {self_id18_12_0_}
          - JOIN (JoinDefinedByMetadata(id)) : <gen:0> -> <gen:0>-id
             - CompositeQuerySpaceImpl(uid=<gen:0>-id)
                - SQL table alias mapping - patient0_

00:31:25.113 [main] DEBUG o.h.loader.entity.plan.EntityLoader - Static select for entity edu.ncsu.csc.itrust2.models.persistent.Patient [UPGRADE]: select patient0_.self_id as self_id18_12_0_, patient0_.address1 as address1_12_0_, patient0_.address2 as address2_12_0_, patient0_.bloodType as bloodTyp3_12_0_, patient0_.causeOfDeath as causeOfD4_12_0_, patient0_.city as city5_12_0_, patient0_.dateOfBirth as dateOfBi6_12_0_, patient0_.dateOfDeath as dateOfDe7_12_0_, patient0_.email as email8_12_0_, patient0_.ethnicity as ethnicit9_12_0_, patient0_.father_id as father_19_12_0_, patient0_.firstName as firstNa10_12_0_, patient0_.gender as gender11_12_0_, patient0_.id as id12_12_0_, patient0_.lastName as lastNam13_12_0_, patient0_.mother_id as mother_20_12_0_, patient0_.phone as phone14_12_0_, patient0_.preferredName as preferr15_12_0_, patient0_.state as state16_12_0_, patient0_.zip as zip17_12_0_ from Patients patient0_ where patient0_.self_id=? for update
00:31:25.114 [main] DEBUG o.h.l.p.b.i.spaces.QuerySpacesImpl - Adding QuerySpace : uid = <gen:0> -> org.hibernate.loader.plan.build.internal.spaces.EntityQuerySpaceImpl@18cb28b2]
00:31:25.114 [main] DEBUG o.h.l.p.b.i.spaces.QuerySpacesImpl - Adding QuerySpace : uid = <gen:0>-id -> org.hibernate.loader.plan.build.internal.spaces.CompositeQuerySpaceImpl@69070e03]
00:31:25.114 [main] DEBUG o.h.p.w.spi.MetamodelGraphWalker - Visiting attribute path : self
00:31:25.115 [main] DEBUG o.h.p.w.spi.MetamodelGraphWalker - Property path deemed to be circular : self
00:31:25.115 [main] DEBUG o.h.p.w.spi.MetamodelGraphWalker - Visiting attribute path : address1
00:31:25.115 [main] DEBUG o.h.p.w.spi.MetamodelGraphWalker - Visiting attribute path : address2
00:31:25.115 [main] DEBUG o.h.p.w.spi.MetamodelGraphWalker - Visiting attribute path : bloodType
00:31:25.115 [main] DEBUG o.h.p.w.spi.MetamodelGraphWalker - Visiting attribute path : causeOfDeath
00:31:25.115 [main] DEBUG o.h.p.w.spi.MetamodelGraphWalker - Visiting attribute path : city
00:31:25.115 [main] DEBUG o.h.p.w.spi.MetamodelGraphWalker - Visiting attribute path : dateOfBirth
00:31:25.115 [main] DEBUG o.h.p.w.spi.MetamodelGraphWalker - Visiting attribute path : dateOfDeath
00:31:25.116 [main] DEBUG o.h.p.w.spi.MetamodelGraphWalker - Visiting attribute path : email
00:31:25.116 [main] DEBUG o.h.p.w.spi.MetamodelGraphWalker - Visiting attribute path : ethnicity
00:31:25.116 [main] DEBUG o.h.p.w.spi.MetamodelGraphWalker - Visiting attribute path : father
00:31:25.116 [main] DEBUG o.h.l.p.b.i.spaces.QuerySpacesImpl - Adding QuerySpace : uid = <gen:1> -> org.hibernate.loader.plan.build.internal.spaces.EntityQuerySpaceImpl@4f0d2ec3]
00:31:25.116 [main] DEBUG o.h.p.w.spi.MetamodelGraphWalker - Visiting attribute path : firstName
00:31:25.116 [main] DEBUG o.h.p.w.spi.MetamodelGraphWalker - Visiting attribute path : gender
00:31:25.116 [main] DEBUG o.h.p.w.spi.MetamodelGraphWalker - Visiting attribute path : id
00:31:25.117 [main] DEBUG o.h.p.w.spi.MetamodelGraphWalker - Visiting attribute path : lastName
00:31:25.117 [main] DEBUG o.h.p.w.spi.MetamodelGraphWalker - Visiting attribute path : mother
00:31:25.117 [main] DEBUG o.h.l.p.b.i.spaces.QuerySpacesImpl - Adding QuerySpace : uid = <gen:2> -> org.hibernate.loader.plan.build.internal.spaces.EntityQuerySpaceImpl@1eab4637]
00:31:25.117 [main] DEBUG o.h.p.w.spi.MetamodelGraphWalker - Visiting attribute path : phone
00:31:25.117 [main] DEBUG o.h.p.w.spi.MetamodelGraphWalker - Visiting attribute path : preferredName
00:31:25.117 [main] DEBUG o.h.p.w.spi.MetamodelGraphWalker - Visiting attribute path : state
00:31:25.117 [main] DEBUG o.h.p.w.spi.MetamodelGraphWalker - Visiting attribute path : zip
00:31:25.118 [main] DEBUG o.h.l.p.b.i.FetchStyleLoadPlanBuildingAssociationVisitationStrategy - Building LoadPlan...
00:31:25.118 [main] DEBUG o.h.l.p.e.i.LoadQueryJoinAndFetchProcessor - processing queryspace <gen:0>
00:31:25.120 [main] DEBUG o.h.l.p.b.spi.LoadPlanTreePrinter - LoadPlan(entity=edu.ncsu.csc.itrust2.models.persistent.Patient)
    - Returns
       - EntityReturnImpl(entity=edu.ncsu.csc.itrust2.models.persistent.Patient, querySpaceUid=<gen:0>, path=edu.ncsu.csc.itrust2.models.persistent.Patient)
          - EntityAttributeFetchImpl(entity=edu.ncsu.csc.itrust2.models.persistent.User, querySpaceUid=<gen:1>, path=edu.ncsu.csc.itrust2.models.persistent.Patient.father)
          - EntityAttributeFetchImpl(entity=edu.ncsu.csc.itrust2.models.persistent.User, querySpaceUid=<gen:2>, path=edu.ncsu.csc.itrust2.models.persistent.Patient.mother)
    - QuerySpaces
       - EntityQuerySpaceImpl(uid=<gen:0>, entity=edu.ncsu.csc.itrust2.models.persistent.Patient)
          - SQL table alias mapping - patient0_
          - alias suffix - 0_
          - suffixed key columns - {self_id18_12_0_}
          - JOIN (JoinDefinedByMetadata(id)) : <gen:0> -> <gen:0>-id
             - CompositeQuerySpaceImpl(uid=<gen:0>-id)
                - SQL table alias mapping - patient0_

00:31:25.120 [main] DEBUG o.h.loader.entity.plan.EntityLoader - Static select for entity edu.ncsu.csc.itrust2.models.persistent.Patient [UPGRADE_NOWAIT]: select patient0_.self_id as self_id18_12_0_, patient0_.address1 as address1_12_0_, patient0_.address2 as address2_12_0_, patient0_.bloodType as bloodTyp3_12_0_, patient0_.causeOfDeath as causeOfD4_12_0_, patient0_.city as city5_12_0_, patient0_.dateOfBirth as dateOfBi6_12_0_, patient0_.dateOfDeath as dateOfDe7_12_0_, patient0_.email as email8_12_0_, patient0_.ethnicity as ethnicit9_12_0_, patient0_.father_id as father_19_12_0_, patient0_.firstName as firstNa10_12_0_, patient0_.gender as gender11_12_0_, patient0_.id as id12_12_0_, patient0_.lastName as lastNam13_12_0_, patient0_.mother_id as mother_20_12_0_, patient0_.phone as phone14_12_0_, patient0_.preferredName as preferr15_12_0_, patient0_.state as state16_12_0_, patient0_.zip as zip17_12_0_ from Patients patient0_ where patient0_.self_id=? for update
00:31:25.120 [main] DEBUG o.h.l.p.b.i.spaces.QuerySpacesImpl - Adding QuerySpace : uid = <gen:0> -> org.hibernate.loader.plan.build.internal.spaces.EntityQuerySpaceImpl@25c7639a]
00:31:25.121 [main] DEBUG o.h.l.p.b.i.spaces.QuerySpacesImpl - Adding QuerySpace : uid = <gen:0>-id -> org.hibernate.loader.plan.build.internal.spaces.CompositeQuerySpaceImpl@3bd3eca2]
00:31:25.121 [main] DEBUG o.h.p.w.spi.MetamodelGraphWalker - Visiting attribute path : self
00:31:25.121 [main] DEBUG o.h.p.w.spi.MetamodelGraphWalker - Property path deemed to be circular : self
00:31:25.121 [main] DEBUG o.h.p.w.spi.MetamodelGraphWalker - Visiting attribute path : address1
00:31:25.121 [main] DEBUG o.h.p.w.spi.MetamodelGraphWalker - Visiting attribute path : address2
00:31:25.122 [main] DEBUG o.h.p.w.spi.MetamodelGraphWalker - Visiting attribute path : bloodType
00:31:25.122 [main] DEBUG o.h.p.w.spi.MetamodelGraphWalker - Visiting attribute path : causeOfDeath
00:31:25.122 [main] DEBUG o.h.p.w.spi.MetamodelGraphWalker - Visiting attribute path : city
00:31:25.122 [main] DEBUG o.h.p.w.spi.MetamodelGraphWalker - Visiting attribute path : dateOfBirth
00:31:25.122 [main] DEBUG o.h.p.w.spi.MetamodelGraphWalker - Visiting attribute path : dateOfDeath
00:31:25.122 [main] DEBUG o.h.p.w.spi.MetamodelGraphWalker - Visiting attribute path : email
00:31:25.122 [main] DEBUG o.h.p.w.spi.MetamodelGraphWalker - Visiting attribute path : ethnicity
00:31:25.122 [main] DEBUG o.h.p.w.spi.MetamodelGraphWalker - Visiting attribute path : father
00:31:25.123 [main] DEBUG o.h.l.p.b.i.spaces.QuerySpacesImpl - Adding QuerySpace : uid = <gen:1> -> org.hibernate.loader.plan.build.internal.spaces.EntityQuerySpaceImpl@4795a246]
00:31:25.123 [main] DEBUG o.h.p.w.spi.MetamodelGraphWalker - Visiting attribute path : firstName
00:31:25.123 [main] DEBUG o.h.p.w.spi.MetamodelGraphWalker - Visiting attribute path : gender
00:31:25.123 [main] DEBUG o.h.p.w.spi.MetamodelGraphWalker - Visiting attribute path : id
00:31:25.123 [main] DEBUG o.h.p.w.spi.MetamodelGraphWalker - Visiting attribute path : lastName
00:31:25.123 [main] DEBUG o.h.p.w.spi.MetamodelGraphWalker - Visiting attribute path : mother
00:31:25.123 [main] DEBUG o.h.l.p.b.i.spaces.QuerySpacesImpl - Adding QuerySpace : uid = <gen:2> -> org.hibernate.loader.plan.build.internal.spaces.EntityQuerySpaceImpl@6307f0ea]
00:31:25.124 [main] DEBUG o.h.p.w.spi.MetamodelGraphWalker - Visiting attribute path : phone
00:31:25.124 [main] DEBUG o.h.p.w.spi.MetamodelGraphWalker - Visiting attribute path : preferredName
00:31:25.124 [main] DEBUG o.h.p.w.spi.MetamodelGraphWalker - Visiting attribute path : state
00:31:25.124 [main] DEBUG o.h.p.w.spi.MetamodelGraphWalker - Visiting attribute path : zip
00:31:25.124 [main] DEBUG o.h.l.p.b.i.FetchStyleLoadPlanBuildingAssociationVisitationStrategy - Building LoadPlan...
00:31:25.124 [main] DEBUG o.h.l.p.e.i.LoadQueryJoinAndFetchProcessor - processing queryspace <gen:0>
00:31:25.125 [main] DEBUG o.h.l.p.b.spi.LoadPlanTreePrinter - LoadPlan(entity=edu.ncsu.csc.itrust2.models.persistent.Patient)
    - Returns
       - EntityReturnImpl(entity=edu.ncsu.csc.itrust2.models.persistent.Patient, querySpaceUid=<gen:0>, path=edu.ncsu.csc.itrust2.models.persistent.Patient)
          - EntityAttributeFetchImpl(entity=edu.ncsu.csc.itrust2.models.persistent.User, querySpaceUid=<gen:1>, path=edu.ncsu.csc.itrust2.models.persistent.Patient.father)
          - EntityAttributeFetchImpl(entity=edu.ncsu.csc.itrust2.models.persistent.User, querySpaceUid=<gen:2>, path=edu.ncsu.csc.itrust2.models.persistent.Patient.mother)
    - QuerySpaces
       - EntityQuerySpaceImpl(uid=<gen:0>, entity=edu.ncsu.csc.itrust2.models.persistent.Patient)
          - SQL table alias mapping - patient0_
          - alias suffix - 0_
          - suffixed key columns - {self_id18_12_0_}
          - JOIN (JoinDefinedByMetadata(id)) : <gen:0> -> <gen:0>-id
             - CompositeQuerySpaceImpl(uid=<gen:0>-id)
                - SQL table alias mapping - patient0_

00:31:25.125 [main] DEBUG o.h.loader.entity.plan.EntityLoader - Static select for entity edu.ncsu.csc.itrust2.models.persistent.Patient [UPGRADE_SKIPLOCKED]: select patient0_.self_id as self_id18_12_0_, patient0_.address1 as address1_12_0_, patient0_.address2 as address2_12_0_, patient0_.bloodType as bloodTyp3_12_0_, patient0_.causeOfDeath as causeOfD4_12_0_, patient0_.city as city5_12_0_, patient0_.dateOfBirth as dateOfBi6_12_0_, patient0_.dateOfDeath as dateOfDe7_12_0_, patient0_.email as email8_12_0_, patient0_.ethnicity as ethnicit9_12_0_, patient0_.father_id as father_19_12_0_, patient0_.firstName as firstNa10_12_0_, patient0_.gender as gender11_12_0_, patient0_.id as id12_12_0_, patient0_.lastName as lastNam13_12_0_, patient0_.mother_id as mother_20_12_0_, patient0_.phone as phone14_12_0_, patient0_.preferredName as preferr15_12_0_, patient0_.state as state16_12_0_, patient0_.zip as zip17_12_0_ from Patients patient0_ where patient0_.self_id=? for update
00:31:25.125 [main] DEBUG o.h.l.p.b.i.spaces.QuerySpacesImpl - Adding QuerySpace : uid = <gen:0> -> org.hibernate.loader.plan.build.internal.spaces.EntityQuerySpaceImpl@bd00d79]
00:31:25.125 [main] DEBUG o.h.l.p.b.i.spaces.QuerySpacesImpl - Adding QuerySpace : uid = <gen:0>-id -> org.hibernate.loader.plan.build.internal.spaces.CompositeQuerySpaceImpl@54d5bf3f]
00:31:25.126 [main] DEBUG o.h.p.w.spi.MetamodelGraphWalker - Visiting attribute path : self
00:31:25.126 [main] DEBUG o.h.p.w.spi.MetamodelGraphWalker - Property path deemed to be circular : self
00:31:25.126 [main] DEBUG o.h.p.w.spi.MetamodelGraphWalker - Visiting attribute path : address1
00:31:25.126 [main] DEBUG o.h.p.w.spi.MetamodelGraphWalker - Visiting attribute path : address2
00:31:25.126 [main] DEBUG o.h.p.w.spi.MetamodelGraphWalker - Visiting attribute path : bloodType
00:31:25.126 [main] DEBUG o.h.p.w.spi.MetamodelGraphWalker - Visiting attribute path : causeOfDeath
00:31:25.126 [main] DEBUG o.h.p.w.spi.MetamodelGraphWalker - Visiting attribute path : city
00:31:25.126 [main] DEBUG o.h.p.w.spi.MetamodelGraphWalker - Visiting attribute path : dateOfBirth
00:31:25.127 [main] DEBUG o.h.p.w.spi.MetamodelGraphWalker - Visiting attribute path : dateOfDeath
00:31:25.127 [main] DEBUG o.h.p.w.spi.MetamodelGraphWalker - Visiting attribute path : email
00:31:25.127 [main] DEBUG o.h.p.w.spi.MetamodelGraphWalker - Visiting attribute path : ethnicity
00:31:25.127 [main] DEBUG o.h.p.w.spi.MetamodelGraphWalker - Visiting attribute path : father
00:31:25.127 [main] DEBUG o.h.l.p.b.i.spaces.QuerySpacesImpl - Adding QuerySpace : uid = <gen:1> -> org.hibernate.loader.plan.build.internal.spaces.EntityQuerySpaceImpl@6954f50c]
00:31:25.127 [main] DEBUG o.h.p.w.spi.MetamodelGraphWalker - Visiting attribute path : firstName
00:31:25.127 [main] DEBUG o.h.p.w.spi.MetamodelGraphWalker - Visiting attribute path : gender
00:31:25.128 [main] DEBUG o.h.p.w.spi.MetamodelGraphWalker - Visiting attribute path : id
00:31:25.128 [main] DEBUG o.h.p.w.spi.MetamodelGraphWalker - Visiting attribute path : lastName
00:31:25.129 [main] DEBUG o.h.p.w.spi.MetamodelGraphWalker - Visiting attribute path : mother
00:31:25.130 [main] DEBUG o.h.l.p.b.i.spaces.QuerySpacesImpl - Adding QuerySpace : uid = <gen:2> -> org.hibernate.loader.plan.build.internal.spaces.EntityQuerySpaceImpl@1001835e]
00:31:25.130 [main] DEBUG o.h.p.w.spi.MetamodelGraphWalker - Visiting attribute path : phone
00:31:25.130 [main] DEBUG o.h.p.w.spi.MetamodelGraphWalker - Visiting attribute path : preferredName
00:31:25.131 [main] DEBUG o.h.p.w.spi.MetamodelGraphWalker - Visiting attribute path : state
00:31:25.131 [main] DEBUG o.h.p.w.spi.MetamodelGraphWalker - Visiting attribute path : zip
00:31:25.131 [main] DEBUG o.h.l.p.b.i.FetchStyleLoadPlanBuildingAssociationVisitationStrategy - Building LoadPlan...
00:31:25.131 [main] DEBUG o.h.l.p.e.i.LoadQueryJoinAndFetchProcessor - processing queryspace <gen:0>
00:31:25.132 [main] DEBUG o.h.l.p.b.spi.LoadPlanTreePrinter - LoadPlan(entity=edu.ncsu.csc.itrust2.models.persistent.Patient)
    - Returns
       - EntityReturnImpl(entity=edu.ncsu.csc.itrust2.models.persistent.Patient, querySpaceUid=<gen:0>, path=edu.ncsu.csc.itrust2.models.persistent.Patient)
          - EntityAttributeFetchImpl(entity=edu.ncsu.csc.itrust2.models.persistent.User, querySpaceUid=<gen:1>, path=edu.ncsu.csc.itrust2.models.persistent.Patient.father)
          - EntityAttributeFetchImpl(entity=edu.ncsu.csc.itrust2.models.persistent.User, querySpaceUid=<gen:2>, path=edu.ncsu.csc.itrust2.models.persistent.Patient.mother)
    - QuerySpaces
       - EntityQuerySpaceImpl(uid=<gen:0>, entity=edu.ncsu.csc.itrust2.models.persistent.Patient)
          - SQL table alias mapping - patient0_
          - alias suffix - 0_
          - suffixed key columns - {self_id18_12_0_}
          - JOIN (JoinDefinedByMetadata(id)) : <gen:0> -> <gen:0>-id
             - CompositeQuerySpaceImpl(uid=<gen:0>-id)
                - SQL table alias mapping - patient0_

00:31:25.132 [main] DEBUG o.h.loader.entity.plan.EntityLoader - Static select for entity edu.ncsu.csc.itrust2.models.persistent.Patient [FORCE]: select patient0_.self_id as self_id18_12_0_, patient0_.address1 as address1_12_0_, patient0_.address2 as address2_12_0_, patient0_.bloodType as bloodTyp3_12_0_, patient0_.causeOfDeath as causeOfD4_12_0_, patient0_.city as city5_12_0_, patient0_.dateOfBirth as dateOfBi6_12_0_, patient0_.dateOfDeath as dateOfDe7_12_0_, patient0_.email as email8_12_0_, patient0_.ethnicity as ethnicit9_12_0_, patient0_.father_id as father_19_12_0_, patient0_.firstName as firstNa10_12_0_, patient0_.gender as gender11_12_0_, patient0_.id as id12_12_0_, patient0_.lastName as lastNam13_12_0_, patient0_.mother_id as mother_20_12_0_, patient0_.phone as phone14_12_0_, patient0_.preferredName as preferr15_12_0_, patient0_.state as state16_12_0_, patient0_.zip as zip17_12_0_ from Patients patient0_ where patient0_.self_id=? for update
00:31:25.132 [main] DEBUG o.h.l.p.b.i.spaces.QuerySpacesImpl - Adding QuerySpace : uid = <gen:0> -> org.hibernate.loader.plan.build.internal.spaces.EntityQuerySpaceImpl@6bc11217]
00:31:25.132 [main] DEBUG o.h.l.p.b.i.spaces.QuerySpacesImpl - Adding QuerySpace : uid = <gen:0>-id -> org.hibernate.loader.plan.build.internal.spaces.CompositeQuerySpaceImpl@2ddc33f4]
00:31:25.133 [main] DEBUG o.h.p.w.spi.MetamodelGraphWalker - Visiting attribute path : self
00:31:25.133 [main] DEBUG o.h.p.w.spi.MetamodelGraphWalker - Property path deemed to be circular : self
00:31:25.133 [main] DEBUG o.h.p.w.spi.MetamodelGraphWalker - Visiting attribute path : address1
00:31:25.133 [main] DEBUG o.h.p.w.spi.MetamodelGraphWalker - Visiting attribute path : address2
00:31:25.133 [main] DEBUG o.h.p.w.spi.MetamodelGraphWalker - Visiting attribute path : bloodType
00:31:25.133 [main] DEBUG o.h.p.w.spi.MetamodelGraphWalker - Visiting attribute path : causeOfDeath
00:31:25.133 [main] DEBUG o.h.p.w.spi.MetamodelGraphWalker - Visiting attribute path : city
00:31:25.134 [main] DEBUG o.h.p.w.spi.MetamodelGraphWalker - Visiting attribute path : dateOfBirth
00:31:25.134 [main] DEBUG o.h.p.w.spi.MetamodelGraphWalker - Visiting attribute path : dateOfDeath
00:31:25.134 [main] DEBUG o.h.p.w.spi.MetamodelGraphWalker - Visiting attribute path : email
00:31:25.134 [main] DEBUG o.h.p.w.spi.MetamodelGraphWalker - Visiting attribute path : ethnicity
00:31:25.134 [main] DEBUG o.h.p.w.spi.MetamodelGraphWalker - Visiting attribute path : father
00:31:25.135 [main] DEBUG o.h.l.p.b.i.spaces.QuerySpacesImpl - Adding QuerySpace : uid = <gen:1> -> org.hibernate.loader.plan.build.internal.spaces.EntityQuerySpaceImpl@1c5bcfd6]
00:31:25.135 [main] DEBUG o.h.p.w.spi.MetamodelGraphWalker - Visiting attribute path : firstName
00:31:25.135 [main] DEBUG o.h.p.w.spi.MetamodelGraphWalker - Visiting attribute path : gender
00:31:25.135 [main] DEBUG o.h.p.w.spi.MetamodelGraphWalker - Visiting attribute path : id
00:31:25.135 [main] DEBUG o.h.p.w.spi.MetamodelGraphWalker - Visiting attribute path : lastName
00:31:25.135 [main] DEBUG o.h.p.w.spi.MetamodelGraphWalker - Visiting attribute path : mother
00:31:25.136 [main] DEBUG o.h.l.p.b.i.spaces.QuerySpacesImpl - Adding QuerySpace : uid = <gen:2> -> org.hibernate.loader.plan.build.internal.spaces.EntityQuerySpaceImpl@50540c3a]
00:31:25.136 [main] DEBUG o.h.p.w.spi.MetamodelGraphWalker - Visiting attribute path : phone
00:31:25.136 [main] DEBUG o.h.p.w.spi.MetamodelGraphWalker - Visiting attribute path : preferredName
00:31:25.136 [main] DEBUG o.h.p.w.spi.MetamodelGraphWalker - Visiting attribute path : state
00:31:25.136 [main] DEBUG o.h.p.w.spi.MetamodelGraphWalker - Visiting attribute path : zip
00:31:25.136 [main] DEBUG o.h.l.p.b.i.FetchStyleLoadPlanBuildingAssociationVisitationStrategy - Building LoadPlan...
00:31:25.137 [main] DEBUG o.h.l.p.e.i.LoadQueryJoinAndFetchProcessor - processing queryspace <gen:0>
00:31:25.137 [main] DEBUG o.h.l.p.b.spi.LoadPlanTreePrinter - LoadPlan(entity=edu.ncsu.csc.itrust2.models.persistent.Patient)
    - Returns
       - EntityReturnImpl(entity=edu.ncsu.csc.itrust2.models.persistent.Patient, querySpaceUid=<gen:0>, path=edu.ncsu.csc.itrust2.models.persistent.Patient)
          - EntityAttributeFetchImpl(entity=edu.ncsu.csc.itrust2.models.persistent.User, querySpaceUid=<gen:1>, path=edu.ncsu.csc.itrust2.models.persistent.Patient.father)
          - EntityAttributeFetchImpl(entity=edu.ncsu.csc.itrust2.models.persistent.User, querySpaceUid=<gen:2>, path=edu.ncsu.csc.itrust2.models.persistent.Patient.mother)
    - QuerySpaces
       - EntityQuerySpaceImpl(uid=<gen:0>, entity=edu.ncsu.csc.itrust2.models.persistent.Patient)
          - SQL table alias mapping - patient0_
          - alias suffix - 0_
          - suffixed key columns - {self_id18_12_0_}
          - JOIN (JoinDefinedByMetadata(id)) : <gen:0> -> <gen:0>-id
             - CompositeQuerySpaceImpl(uid=<gen:0>-id)
                - SQL table alias mapping - patient0_

00:31:25.138 [main] DEBUG o.h.loader.entity.plan.EntityLoader - Static select for entity edu.ncsu.csc.itrust2.models.persistent.Patient [PESSIMISTIC_READ]: select patient0_.self_id as self_id18_12_0_, patient0_.address1 as address1_12_0_, patient0_.address2 as address2_12_0_, patient0_.bloodType as bloodTyp3_12_0_, patient0_.causeOfDeath as causeOfD4_12_0_, patient0_.city as city5_12_0_, patient0_.dateOfBirth as dateOfBi6_12_0_, patient0_.dateOfDeath as dateOfDe7_12_0_, patient0_.email as email8_12_0_, patient0_.ethnicity as ethnicit9_12_0_, patient0_.father_id as father_19_12_0_, patient0_.firstName as firstNa10_12_0_, patient0_.gender as gender11_12_0_, patient0_.id as id12_12_0_, patient0_.lastName as lastNam13_12_0_, patient0_.mother_id as mother_20_12_0_, patient0_.phone as phone14_12_0_, patient0_.preferredName as preferr15_12_0_, patient0_.state as state16_12_0_, patient0_.zip as zip17_12_0_ from Patients patient0_ where patient0_.self_id=? lock in share mode
00:31:25.138 [main] DEBUG o.h.l.p.b.i.spaces.QuerySpacesImpl - Adding QuerySpace : uid = <gen:0> -> org.hibernate.loader.plan.build.internal.spaces.EntityQuerySpaceImpl@41d5f919]
00:31:25.138 [main] DEBUG o.h.l.p.b.i.spaces.QuerySpacesImpl - Adding QuerySpace : uid = <gen:0>-id -> org.hibernate.loader.plan.build.internal.spaces.CompositeQuerySpaceImpl@77d64f3e]
00:31:25.138 [main] DEBUG o.h.p.w.spi.MetamodelGraphWalker - Visiting attribute path : self
00:31:25.138 [main] DEBUG o.h.p.w.spi.MetamodelGraphWalker - Property path deemed to be circular : self
00:31:25.138 [main] DEBUG o.h.p.w.spi.MetamodelGraphWalker - Visiting attribute path : address1
00:31:25.139 [main] DEBUG o.h.p.w.spi.MetamodelGraphWalker - Visiting attribute path : address2
00:31:25.139 [main] DEBUG o.h.p.w.spi.MetamodelGraphWalker - Visiting attribute path : bloodType
00:31:25.139 [main] DEBUG o.h.p.w.spi.MetamodelGraphWalker - Visiting attribute path : causeOfDeath
00:31:25.139 [main] DEBUG o.h.p.w.spi.MetamodelGraphWalker - Visiting attribute path : city
00:31:25.139 [main] DEBUG o.h.p.w.spi.MetamodelGraphWalker - Visiting attribute path : dateOfBirth
00:31:25.139 [main] DEBUG o.h.p.w.spi.MetamodelGraphWalker - Visiting attribute path : dateOfDeath
00:31:25.139 [main] DEBUG o.h.p.w.spi.MetamodelGraphWalker - Visiting attribute path : email
00:31:25.139 [main] DEBUG o.h.p.w.spi.MetamodelGraphWalker - Visiting attribute path : ethnicity
00:31:25.140 [main] DEBUG o.h.p.w.spi.MetamodelGraphWalker - Visiting attribute path : father
00:31:25.140 [main] DEBUG o.h.l.p.b.i.spaces.QuerySpacesImpl - Adding QuerySpace : uid = <gen:1> -> org.hibernate.loader.plan.build.internal.spaces.EntityQuerySpaceImpl@2b07d0ab]
00:31:25.140 [main] DEBUG o.h.p.w.spi.MetamodelGraphWalker - Visiting attribute path : firstName
00:31:25.140 [main] DEBUG o.h.p.w.spi.MetamodelGraphWalker - Visiting attribute path : gender
00:31:25.140 [main] DEBUG o.h.p.w.spi.MetamodelGraphWalker - Visiting attribute path : id
00:31:25.140 [main] DEBUG o.h.p.w.spi.MetamodelGraphWalker - Visiting attribute path : lastName
00:31:25.140 [main] DEBUG o.h.p.w.spi.MetamodelGraphWalker - Visiting attribute path : mother
00:31:25.141 [main] DEBUG o.h.l.p.b.i.spaces.QuerySpacesImpl - Adding QuerySpace : uid = <gen:2> -> org.hibernate.loader.plan.build.internal.spaces.EntityQuerySpaceImpl@6e6dd54a]
00:31:25.141 [main] DEBUG o.h.p.w.spi.MetamodelGraphWalker - Visiting attribute path : phone
00:31:25.141 [main] DEBUG o.h.p.w.spi.MetamodelGraphWalker - Visiting attribute path : preferredName
00:31:25.141 [main] DEBUG o.h.p.w.spi.MetamodelGraphWalker - Visiting attribute path : state
00:31:25.141 [main] DEBUG o.h.p.w.spi.MetamodelGraphWalker - Visiting attribute path : zip
00:31:25.141 [main] DEBUG o.h.l.p.b.i.FetchStyleLoadPlanBuildingAssociationVisitationStrategy - Building LoadPlan...
00:31:25.142 [main] DEBUG o.h.l.p.e.i.LoadQueryJoinAndFetchProcessor - processing queryspace <gen:0>
00:31:25.142 [main] DEBUG o.h.l.p.b.spi.LoadPlanTreePrinter - LoadPlan(entity=edu.ncsu.csc.itrust2.models.persistent.Patient)
    - Returns
       - EntityReturnImpl(entity=edu.ncsu.csc.itrust2.models.persistent.Patient, querySpaceUid=<gen:0>, path=edu.ncsu.csc.itrust2.models.persistent.Patient)
          - EntityAttributeFetchImpl(entity=edu.ncsu.csc.itrust2.models.persistent.User, querySpaceUid=<gen:1>, path=edu.ncsu.csc.itrust2.models.persistent.Patient.father)
          - EntityAttributeFetchImpl(entity=edu.ncsu.csc.itrust2.models.persistent.User, querySpaceUid=<gen:2>, path=edu.ncsu.csc.itrust2.models.persistent.Patient.mother)
    - QuerySpaces
       - EntityQuerySpaceImpl(uid=<gen:0>, entity=edu.ncsu.csc.itrust2.models.persistent.Patient)
          - SQL table alias mapping - patient0_
          - alias suffix - 0_
          - suffixed key columns - {self_id18_12_0_}
          - JOIN (JoinDefinedByMetadata(id)) : <gen:0> -> <gen:0>-id
             - CompositeQuerySpaceImpl(uid=<gen:0>-id)
                - SQL table alias mapping - patient0_

00:31:25.143 [main] DEBUG o.h.loader.entity.plan.EntityLoader - Static select for entity edu.ncsu.csc.itrust2.models.persistent.Patient [PESSIMISTIC_WRITE]: select patient0_.self_id as self_id18_12_0_, patient0_.address1 as address1_12_0_, patient0_.address2 as address2_12_0_, patient0_.bloodType as bloodTyp3_12_0_, patient0_.causeOfDeath as causeOfD4_12_0_, patient0_.city as city5_12_0_, patient0_.dateOfBirth as dateOfBi6_12_0_, patient0_.dateOfDeath as dateOfDe7_12_0_, patient0_.email as email8_12_0_, patient0_.ethnicity as ethnicit9_12_0_, patient0_.father_id as father_19_12_0_, patient0_.firstName as firstNa10_12_0_, patient0_.gender as gender11_12_0_, patient0_.id as id12_12_0_, patient0_.lastName as lastNam13_12_0_, patient0_.mother_id as mother_20_12_0_, patient0_.phone as phone14_12_0_, patient0_.preferredName as preferr15_12_0_, patient0_.state as state16_12_0_, patient0_.zip as zip17_12_0_ from Patients patient0_ where patient0_.self_id=? for update
00:31:25.143 [main] DEBUG o.h.l.p.b.i.spaces.QuerySpacesImpl - Adding QuerySpace : uid = <gen:0> -> org.hibernate.loader.plan.build.internal.spaces.EntityQuerySpaceImpl@53bac199]
00:31:25.143 [main] DEBUG o.h.l.p.b.i.spaces.QuerySpacesImpl - Adding QuerySpace : uid = <gen:0>-id -> org.hibernate.loader.plan.build.internal.spaces.CompositeQuerySpaceImpl@310d92cf]
00:31:25.143 [main] DEBUG o.h.p.w.spi.MetamodelGraphWalker - Visiting attribute path : self
00:31:25.143 [main] DEBUG o.h.p.w.spi.MetamodelGraphWalker - Property path deemed to be circular : self
00:31:25.144 [main] DEBUG o.h.p.w.spi.MetamodelGraphWalker - Visiting attribute path : address1
00:31:25.144 [main] DEBUG o.h.p.w.spi.MetamodelGraphWalker - Visiting attribute path : address2
00:31:25.144 [main] DEBUG o.h.p.w.spi.MetamodelGraphWalker - Visiting attribute path : bloodType
00:31:25.144 [main] DEBUG o.h.p.w.spi.MetamodelGraphWalker - Visiting attribute path : causeOfDeath
00:31:25.144 [main] DEBUG o.h.p.w.spi.MetamodelGraphWalker - Visiting attribute path : city
00:31:25.144 [main] DEBUG o.h.p.w.spi.MetamodelGraphWalker - Visiting attribute path : dateOfBirth
00:31:25.144 [main] DEBUG o.h.p.w.spi.MetamodelGraphWalker - Visiting attribute path : dateOfDeath
00:31:25.144 [main] DEBUG o.h.p.w.spi.MetamodelGraphWalker - Visiting attribute path : email
00:31:25.144 [main] DEBUG o.h.p.w.spi.MetamodelGraphWalker - Visiting attribute path : ethnicity
00:31:25.145 [main] DEBUG o.h.p.w.spi.MetamodelGraphWalker - Visiting attribute path : father
00:31:25.145 [main] DEBUG o.h.l.p.b.i.spaces.QuerySpacesImpl - Adding QuerySpace : uid = <gen:1> -> org.hibernate.loader.plan.build.internal.spaces.EntityQuerySpaceImpl@216e638a]
00:31:25.145 [main] DEBUG o.h.p.w.spi.MetamodelGraphWalker - Visiting attribute path : firstName
00:31:25.145 [main] DEBUG o.h.p.w.spi.MetamodelGraphWalker - Visiting attribute path : gender
00:31:25.145 [main] DEBUG o.h.p.w.spi.MetamodelGraphWalker - Visiting attribute path : id
00:31:25.145 [main] DEBUG o.h.p.w.spi.MetamodelGraphWalker - Visiting attribute path : lastName
00:31:25.145 [main] DEBUG o.h.p.w.spi.MetamodelGraphWalker - Visiting attribute path : mother
00:31:25.146 [main] DEBUG o.h.l.p.b.i.spaces.QuerySpacesImpl - Adding QuerySpace : uid = <gen:2> -> org.hibernate.loader.plan.build.internal.spaces.EntityQuerySpaceImpl@7ca80682]
00:31:25.146 [main] DEBUG o.h.p.w.spi.MetamodelGraphWalker - Visiting attribute path : phone
00:31:25.146 [main] DEBUG o.h.p.w.spi.MetamodelGraphWalker - Visiting attribute path : preferredName
00:31:25.146 [main] DEBUG o.h.p.w.spi.MetamodelGraphWalker - Visiting attribute path : state
00:31:25.147 [main] DEBUG o.h.p.w.spi.MetamodelGraphWalker - Visiting attribute path : zip
00:31:25.147 [main] DEBUG o.h.l.p.b.i.FetchStyleLoadPlanBuildingAssociationVisitationStrategy - Building LoadPlan...
00:31:25.147 [main] DEBUG o.h.l.p.e.i.LoadQueryJoinAndFetchProcessor - processing queryspace <gen:0>
00:31:25.147 [main] DEBUG o.h.l.p.b.spi.LoadPlanTreePrinter - LoadPlan(entity=edu.ncsu.csc.itrust2.models.persistent.Patient)
    - Returns
       - EntityReturnImpl(entity=edu.ncsu.csc.itrust2.models.persistent.Patient, querySpaceUid=<gen:0>, path=edu.ncsu.csc.itrust2.models.persistent.Patient)
          - EntityAttributeFetchImpl(entity=edu.ncsu.csc.itrust2.models.persistent.User, querySpaceUid=<gen:1>, path=edu.ncsu.csc.itrust2.models.persistent.Patient.father)
          - EntityAttributeFetchImpl(entity=edu.ncsu.csc.itrust2.models.persistent.User, querySpaceUid=<gen:2>, path=edu.ncsu.csc.itrust2.models.persistent.Patient.mother)
    - QuerySpaces
       - EntityQuerySpaceImpl(uid=<gen:0>, entity=edu.ncsu.csc.itrust2.models.persistent.Patient)
          - SQL table alias mapping - patient0_
          - alias suffix - 0_
          - suffixed key columns - {self_id18_12_0_}
          - JOIN (JoinDefinedByMetadata(id)) : <gen:0> -> <gen:0>-id
             - CompositeQuerySpaceImpl(uid=<gen:0>-id)
                - SQL table alias mapping - patient0_

00:31:25.148 [main] DEBUG o.h.loader.entity.plan.EntityLoader - Static select for entity edu.ncsu.csc.itrust2.models.persistent.Patient [PESSIMISTIC_FORCE_INCREMENT]: select patient0_.self_id as self_id18_12_0_, patient0_.address1 as address1_12_0_, patient0_.address2 as address2_12_0_, patient0_.bloodType as bloodTyp3_12_0_, patient0_.causeOfDeath as causeOfD4_12_0_, patient0_.city as city5_12_0_, patient0_.dateOfBirth as dateOfBi6_12_0_, patient0_.dateOfDeath as dateOfDe7_12_0_, patient0_.email as email8_12_0_, patient0_.ethnicity as ethnicit9_12_0_, patient0_.father_id as father_19_12_0_, patient0_.firstName as firstNa10_12_0_, patient0_.gender as gender11_12_0_, patient0_.id as id12_12_0_, patient0_.lastName as lastNam13_12_0_, patient0_.mother_id as mother_20_12_0_, patient0_.phone as phone14_12_0_, patient0_.preferredName as preferr15_12_0_, patient0_.state as state16_12_0_, patient0_.zip as zip17_12_0_ from Patients patient0_ where patient0_.self_id=? for update
00:31:25.148 [main] DEBUG o.h.l.p.b.i.spaces.QuerySpacesImpl - Adding QuerySpace : uid = <gen:0> -> org.hibernate.loader.plan.build.internal.spaces.EntityQuerySpaceImpl@c34032c]
00:31:25.148 [main] DEBUG o.h.l.p.b.i.spaces.QuerySpacesImpl - Adding QuerySpace : uid = <gen:0>-id -> org.hibernate.loader.plan.build.internal.spaces.CompositeQuerySpaceImpl@46e74beb]
00:31:25.148 [main] DEBUG o.h.p.w.spi.MetamodelGraphWalker - Visiting attribute path : self
00:31:25.148 [main] DEBUG o.h.p.w.spi.MetamodelGraphWalker - Property path deemed to be circular : self
00:31:25.150 [main] DEBUG o.h.p.w.spi.MetamodelGraphWalker - Visiting attribute path : address1
00:31:25.150 [main] DEBUG o.h.p.w.spi.MetamodelGraphWalker - Visiting attribute path : address2
00:31:25.150 [main] DEBUG o.h.p.w.spi.MetamodelGraphWalker - Visiting attribute path : bloodType
00:31:25.150 [main] DEBUG o.h.p.w.spi.MetamodelGraphWalker - Visiting attribute path : causeOfDeath
00:31:25.150 [main] DEBUG o.h.p.w.spi.MetamodelGraphWalker - Visiting attribute path : city
00:31:25.150 [main] DEBUG o.h.p.w.spi.MetamodelGraphWalker - Visiting attribute path : dateOfBirth
00:31:25.151 [main] DEBUG o.h.p.w.spi.MetamodelGraphWalker - Visiting attribute path : dateOfDeath
00:31:25.151 [main] DEBUG o.h.p.w.spi.MetamodelGraphWalker - Visiting attribute path : email
00:31:25.151 [main] DEBUG o.h.p.w.spi.MetamodelGraphWalker - Visiting attribute path : ethnicity
00:31:25.151 [main] DEBUG o.h.p.w.spi.MetamodelGraphWalker - Visiting attribute path : father
00:31:25.151 [main] DEBUG o.h.l.p.b.i.spaces.QuerySpacesImpl - Adding QuerySpace : uid = <gen:1> -> org.hibernate.loader.plan.build.internal.spaces.EntityQuerySpaceImpl@466c1d1]
00:31:25.151 [main] DEBUG o.h.p.w.spi.MetamodelGraphWalker - Visiting attribute path : firstName
00:31:25.151 [main] DEBUG o.h.p.w.spi.MetamodelGraphWalker - Visiting attribute path : gender
00:31:25.151 [main] DEBUG o.h.p.w.spi.MetamodelGraphWalker - Visiting attribute path : id
00:31:25.152 [main] DEBUG o.h.p.w.spi.MetamodelGraphWalker - Visiting attribute path : lastName
00:31:25.152 [main] DEBUG o.h.p.w.spi.MetamodelGraphWalker - Visiting attribute path : mother
00:31:25.152 [main] DEBUG o.h.l.p.b.i.spaces.QuerySpacesImpl - Adding QuerySpace : uid = <gen:2> -> org.hibernate.loader.plan.build.internal.spaces.EntityQuerySpaceImpl@78227aa5]
00:31:25.152 [main] DEBUG o.h.p.w.spi.MetamodelGraphWalker - Visiting attribute path : phone
00:31:25.152 [main] DEBUG o.h.p.w.spi.MetamodelGraphWalker - Visiting attribute path : preferredName
00:31:25.152 [main] DEBUG o.h.p.w.spi.MetamodelGraphWalker - Visiting attribute path : state
00:31:25.152 [main] DEBUG o.h.p.w.spi.MetamodelGraphWalker - Visiting attribute path : zip
00:31:25.153 [main] DEBUG o.h.l.p.b.i.FetchStyleLoadPlanBuildingAssociationVisitationStrategy - Building LoadPlan...
00:31:25.153 [main] DEBUG o.h.l.p.e.i.LoadQueryJoinAndFetchProcessor - processing queryspace <gen:0>
00:31:25.154 [main] DEBUG o.h.l.p.b.spi.LoadPlanTreePrinter - LoadPlan(entity=edu.ncsu.csc.itrust2.models.persistent.Patient)
    - Returns
       - EntityReturnImpl(entity=edu.ncsu.csc.itrust2.models.persistent.Patient, querySpaceUid=<gen:0>, path=edu.ncsu.csc.itrust2.models.persistent.Patient)
          - EntityAttributeFetchImpl(entity=edu.ncsu.csc.itrust2.models.persistent.User, querySpaceUid=<gen:1>, path=edu.ncsu.csc.itrust2.models.persistent.Patient.father)
          - EntityAttributeFetchImpl(entity=edu.ncsu.csc.itrust2.models.persistent.User, querySpaceUid=<gen:2>, path=edu.ncsu.csc.itrust2.models.persistent.Patient.mother)
    - QuerySpaces
       - EntityQuerySpaceImpl(uid=<gen:0>, entity=edu.ncsu.csc.itrust2.models.persistent.Patient)
          - SQL table alias mapping - patient0_
          - alias suffix - 0_
          - suffixed key columns - {self_id18_12_0_}
          - JOIN (JoinDefinedByMetadata(id)) : <gen:0> -> <gen:0>-id
             - CompositeQuerySpaceImpl(uid=<gen:0>-id)
                - SQL table alias mapping - patient0_

00:31:25.154 [main] DEBUG o.h.loader.entity.plan.EntityLoader - Static select for entity edu.ncsu.csc.itrust2.models.persistent.Patient [OPTIMISTIC]: select patient0_.self_id as self_id18_12_0_, patient0_.address1 as address1_12_0_, patient0_.address2 as address2_12_0_, patient0_.bloodType as bloodTyp3_12_0_, patient0_.causeOfDeath as causeOfD4_12_0_, patient0_.city as city5_12_0_, patient0_.dateOfBirth as dateOfBi6_12_0_, patient0_.dateOfDeath as dateOfDe7_12_0_, patient0_.email as email8_12_0_, patient0_.ethnicity as ethnicit9_12_0_, patient0_.father_id as father_19_12_0_, patient0_.firstName as firstNa10_12_0_, patient0_.gender as gender11_12_0_, patient0_.id as id12_12_0_, patient0_.lastName as lastNam13_12_0_, patient0_.mother_id as mother_20_12_0_, patient0_.phone as phone14_12_0_, patient0_.preferredName as preferr15_12_0_, patient0_.state as state16_12_0_, patient0_.zip as zip17_12_0_ from Patients patient0_ where patient0_.self_id=?
00:31:25.155 [main] DEBUG o.h.l.p.b.i.spaces.QuerySpacesImpl - Adding QuerySpace : uid = <gen:0> -> org.hibernate.loader.plan.build.internal.spaces.EntityQuerySpaceImpl@54ddc44d]
00:31:25.155 [main] DEBUG o.h.l.p.b.i.spaces.QuerySpacesImpl - Adding QuerySpace : uid = <gen:0>-id -> org.hibernate.loader.plan.build.internal.spaces.CompositeQuerySpaceImpl@40fa774e]
00:31:25.155 [main] DEBUG o.h.p.w.spi.MetamodelGraphWalker - Visiting attribute path : self
00:31:25.155 [main] DEBUG o.h.p.w.spi.MetamodelGraphWalker - Property path deemed to be circular : self
00:31:25.155 [main] DEBUG o.h.p.w.spi.MetamodelGraphWalker - Visiting attribute path : address1
00:31:25.155 [main] DEBUG o.h.p.w.spi.MetamodelGraphWalker - Visiting attribute path : address2
00:31:25.155 [main] DEBUG o.h.p.w.spi.MetamodelGraphWalker - Visiting attribute path : bloodType
00:31:25.156 [main] DEBUG o.h.p.w.spi.MetamodelGraphWalker - Visiting attribute path : causeOfDeath
00:31:25.156 [main] DEBUG o.h.p.w.spi.MetamodelGraphWalker - Visiting attribute path : city
00:31:25.156 [main] DEBUG o.h.p.w.spi.MetamodelGraphWalker - Visiting attribute path : dateOfBirth
00:31:25.156 [main] DEBUG o.h.p.w.spi.MetamodelGraphWalker - Visiting attribute path : dateOfDeath
00:31:25.156 [main] DEBUG o.h.p.w.spi.MetamodelGraphWalker - Visiting attribute path : email
00:31:25.156 [main] DEBUG o.h.p.w.spi.MetamodelGraphWalker - Visiting attribute path : ethnicity
00:31:25.156 [main] DEBUG o.h.p.w.spi.MetamodelGraphWalker - Visiting attribute path : father
00:31:25.156 [main] DEBUG o.h.l.p.b.i.spaces.QuerySpacesImpl - Adding QuerySpace : uid = <gen:1> -> org.hibernate.loader.plan.build.internal.spaces.EntityQuerySpaceImpl@23f9b5ac]
00:31:25.157 [main] DEBUG o.h.p.w.spi.MetamodelGraphWalker - Visiting attribute path : firstName
00:31:25.157 [main] DEBUG o.h.p.w.spi.MetamodelGraphWalker - Visiting attribute path : gender
00:31:25.157 [main] DEBUG o.h.p.w.spi.MetamodelGraphWalker - Visiting attribute path : id
00:31:25.157 [main] DEBUG o.h.p.w.spi.MetamodelGraphWalker - Visiting attribute path : lastName
00:31:25.157 [main] DEBUG o.h.p.w.spi.MetamodelGraphWalker - Visiting attribute path : mother
00:31:25.157 [main] DEBUG o.h.l.p.b.i.spaces.QuerySpacesImpl - Adding QuerySpace : uid = <gen:2> -> org.hibernate.loader.plan.build.internal.spaces.EntityQuerySpaceImpl@30aae69a]
00:31:25.157 [main] DEBUG o.h.p.w.spi.MetamodelGraphWalker - Visiting attribute path : phone
00:31:25.158 [main] DEBUG o.h.p.w.spi.MetamodelGraphWalker - Visiting attribute path : preferredName
00:31:25.158 [main] DEBUG o.h.p.w.spi.MetamodelGraphWalker - Visiting attribute path : state
00:31:25.158 [main] DEBUG o.h.p.w.spi.MetamodelGraphWalker - Visiting attribute path : zip
00:31:25.158 [main] DEBUG o.h.l.p.b.i.FetchStyleLoadPlanBuildingAssociationVisitationStrategy - Building LoadPlan...
00:31:25.158 [main] DEBUG o.h.l.p.e.i.LoadQueryJoinAndFetchProcessor - processing queryspace <gen:0>
00:31:25.159 [main] DEBUG o.h.l.p.b.spi.LoadPlanTreePrinter - LoadPlan(entity=edu.ncsu.csc.itrust2.models.persistent.Patient)
    - Returns
       - EntityReturnImpl(entity=edu.ncsu.csc.itrust2.models.persistent.Patient, querySpaceUid=<gen:0>, path=edu.ncsu.csc.itrust2.models.persistent.Patient)
          - EntityAttributeFetchImpl(entity=edu.ncsu.csc.itrust2.models.persistent.User, querySpaceUid=<gen:1>, path=edu.ncsu.csc.itrust2.models.persistent.Patient.father)
          - EntityAttributeFetchImpl(entity=edu.ncsu.csc.itrust2.models.persistent.User, querySpaceUid=<gen:2>, path=edu.ncsu.csc.itrust2.models.persistent.Patient.mother)
    - QuerySpaces
       - EntityQuerySpaceImpl(uid=<gen:0>, entity=edu.ncsu.csc.itrust2.models.persistent.Patient)
          - SQL table alias mapping - patient0_
          - alias suffix - 0_
          - suffixed key columns - {self_id18_12_0_}
          - JOIN (JoinDefinedByMetadata(id)) : <gen:0> -> <gen:0>-id
             - CompositeQuerySpaceImpl(uid=<gen:0>-id)
                - SQL table alias mapping - patient0_

00:31:25.159 [main] DEBUG o.h.loader.entity.plan.EntityLoader - Static select for entity edu.ncsu.csc.itrust2.models.persistent.Patient [OPTIMISTIC_FORCE_INCREMENT]: select patient0_.self_id as self_id18_12_0_, patient0_.address1 as address1_12_0_, patient0_.address2 as address2_12_0_, patient0_.bloodType as bloodTyp3_12_0_, patient0_.causeOfDeath as causeOfD4_12_0_, patient0_.city as city5_12_0_, patient0_.dateOfBirth as dateOfBi6_12_0_, patient0_.dateOfDeath as dateOfDe7_12_0_, patient0_.email as email8_12_0_, patient0_.ethnicity as ethnicit9_12_0_, patient0_.father_id as father_19_12_0_, patient0_.firstName as firstNa10_12_0_, patient0_.gender as gender11_12_0_, patient0_.id as id12_12_0_, patient0_.lastName as lastNam13_12_0_, patient0_.mother_id as mother_20_12_0_, patient0_.phone as phone14_12_0_, patient0_.preferredName as preferr15_12_0_, patient0_.state as state16_12_0_, patient0_.zip as zip17_12_0_ from Patients patient0_ where patient0_.self_id=?
00:31:25.160 [main] DEBUG org.hibernate.loader.Loader - Static select for action ACTION_MERGE on entity edu.ncsu.csc.itrust2.models.persistent.Patient: select patient0_.self_id as self_id18_12_0_, patient0_.address1 as address1_12_0_, patient0_.address2 as address2_12_0_, patient0_.bloodType as bloodTyp3_12_0_, patient0_.causeOfDeath as causeOfD4_12_0_, patient0_.city as city5_12_0_, patient0_.dateOfBirth as dateOfBi6_12_0_, patient0_.dateOfDeath as dateOfDe7_12_0_, patient0_.email as email8_12_0_, patient0_.ethnicity as ethnicit9_12_0_, patient0_.father_id as father_19_12_0_, patient0_.firstName as firstNa10_12_0_, patient0_.gender as gender11_12_0_, patient0_.id as id12_12_0_, patient0_.lastName as lastNam13_12_0_, patient0_.mother_id as mother_20_12_0_, patient0_.phone as phone14_12_0_, patient0_.preferredName as preferr15_12_0_, patient0_.state as state16_12_0_, patient0_.zip as zip17_12_0_ from Patients patient0_ where patient0_.self_id=?
00:31:25.161 [main] DEBUG org.hibernate.loader.Loader - Static select for action ACTION_REFRESH on entity edu.ncsu.csc.itrust2.models.persistent.Patient: select patient0_.self_id as self_id18_12_0_, patient0_.address1 as address1_12_0_, patient0_.address2 as address2_12_0_, patient0_.bloodType as bloodTyp3_12_0_, patient0_.causeOfDeath as causeOfD4_12_0_, patient0_.city as city5_12_0_, patient0_.dateOfBirth as dateOfBi6_12_0_, patient0_.dateOfDeath as dateOfDe7_12_0_, patient0_.email as email8_12_0_, patient0_.ethnicity as ethnicit9_12_0_, patient0_.father_id as father_19_12_0_, patient0_.firstName as firstNa10_12_0_, patient0_.gender as gender11_12_0_, patient0_.id as id12_12_0_, patient0_.lastName as lastNam13_12_0_, patient0_.mother_id as mother_20_12_0_, patient0_.phone as phone14_12_0_, patient0_.preferredName as preferr15_12_0_, patient0_.state as state16_12_0_, patient0_.zip as zip17_12_0_ from Patients patient0_ where patient0_.self_id=?
00:31:25.161 [main] DEBUG o.h.p.entity.AbstractEntityPersister - Static SQL for entity: edu.ncsu.csc.itrust2.models.persistent.ICDCode
00:31:25.162 [main] DEBUG o.h.p.entity.AbstractEntityPersister -  Version select: select id from ICDCodes where id =?
00:31:25.162 [main] DEBUG o.h.p.entity.AbstractEntityPersister -  Snapshot select: select icdcode_.id, icdcode_.code as code2_5_, icdcode_.description as descript3_5_ from ICDCodes icdcode_ where icdcode_.id=?
00:31:25.162 [main] DEBUG o.h.p.entity.AbstractEntityPersister -  Insert 0: insert into ICDCodes (code, description, id) values (?, ?, ?)
00:31:25.162 [main] DEBUG o.h.p.entity.AbstractEntityPersister -  Update 0: update ICDCodes set code=?, description=? where id=?
00:31:25.162 [main] DEBUG o.h.p.entity.AbstractEntityPersister -  Delete 0: delete from ICDCodes where id=?
00:31:25.162 [main] DEBUG o.h.l.p.b.i.spaces.QuerySpacesImpl - Adding QuerySpace : uid = <gen:0> -> org.hibernate.loader.plan.build.internal.spaces.EntityQuerySpaceImpl@408ca040]
00:31:25.163 [main] DEBUG o.h.p.w.spi.MetamodelGraphWalker - Visiting attribute path : code
00:31:25.165 [main] DEBUG o.h.p.w.spi.MetamodelGraphWalker - Visiting attribute path : description
00:31:25.165 [main] DEBUG o.h.l.p.b.i.FetchStyleLoadPlanBuildingAssociationVisitationStrategy - Building LoadPlan...
00:31:25.166 [main] DEBUG o.h.l.p.e.i.LoadQueryJoinAndFetchProcessor - processing queryspace <gen:0>
00:31:25.166 [main] DEBUG o.h.l.p.b.spi.LoadPlanTreePrinter - LoadPlan(entity=edu.ncsu.csc.itrust2.models.persistent.ICDCode)
    - Returns
       - EntityReturnImpl(entity=edu.ncsu.csc.itrust2.models.persistent.ICDCode, querySpaceUid=<gen:0>, path=edu.ncsu.csc.itrust2.models.persistent.ICDCode)
    - QuerySpaces
       - EntityQuerySpaceImpl(uid=<gen:0>, entity=edu.ncsu.csc.itrust2.models.persistent.ICDCode)
          - SQL table alias mapping - icdcode0_
          - alias suffix - 0_
          - suffixed key columns - {id1_5_0_}

00:31:25.166 [main] DEBUG o.h.loader.entity.plan.EntityLoader - Static select for entity edu.ncsu.csc.itrust2.models.persistent.ICDCode [NONE]: select icdcode0_.id as id1_5_0_, icdcode0_.code as code2_5_0_, icdcode0_.description as descript3_5_0_ from ICDCodes icdcode0_ where icdcode0_.id=?
00:31:25.167 [main] DEBUG o.h.l.p.b.i.spaces.QuerySpacesImpl - Adding QuerySpace : uid = <gen:0> -> org.hibernate.loader.plan.build.internal.spaces.EntityQuerySpaceImpl@50df9cbb]
00:31:25.167 [main] DEBUG o.h.p.w.spi.MetamodelGraphWalker - Visiting attribute path : code
00:31:25.167 [main] DEBUG o.h.p.w.spi.MetamodelGraphWalker - Visiting attribute path : description
00:31:25.167 [main] DEBUG o.h.l.p.b.i.FetchStyleLoadPlanBuildingAssociationVisitationStrategy - Building LoadPlan...
00:31:25.167 [main] DEBUG o.h.l.p.e.i.LoadQueryJoinAndFetchProcessor - processing queryspace <gen:0>
00:31:25.167 [main] DEBUG o.h.l.p.b.spi.LoadPlanTreePrinter - LoadPlan(entity=edu.ncsu.csc.itrust2.models.persistent.ICDCode)
    - Returns
       - EntityReturnImpl(entity=edu.ncsu.csc.itrust2.models.persistent.ICDCode, querySpaceUid=<gen:0>, path=edu.ncsu.csc.itrust2.models.persistent.ICDCode)
    - QuerySpaces
       - EntityQuerySpaceImpl(uid=<gen:0>, entity=edu.ncsu.csc.itrust2.models.persistent.ICDCode)
          - SQL table alias mapping - icdcode0_
          - alias suffix - 0_
          - suffixed key columns - {id1_5_0_}

00:31:25.168 [main] DEBUG o.h.loader.entity.plan.EntityLoader - Static select for entity edu.ncsu.csc.itrust2.models.persistent.ICDCode [READ]: select icdcode0_.id as id1_5_0_, icdcode0_.code as code2_5_0_, icdcode0_.description as descript3_5_0_ from ICDCodes icdcode0_ where icdcode0_.id=?
00:31:25.168 [main] DEBUG o.h.l.p.b.i.spaces.QuerySpacesImpl - Adding QuerySpace : uid = <gen:0> -> org.hibernate.loader.plan.build.internal.spaces.EntityQuerySpaceImpl@128d0618]
00:31:25.168 [main] DEBUG o.h.p.w.spi.MetamodelGraphWalker - Visiting attribute path : code
00:31:25.168 [main] DEBUG o.h.p.w.spi.MetamodelGraphWalker - Visiting attribute path : description
00:31:25.168 [main] DEBUG o.h.l.p.b.i.FetchStyleLoadPlanBuildingAssociationVisitationStrategy - Building LoadPlan...
00:31:25.169 [main] DEBUG o.h.l.p.e.i.LoadQueryJoinAndFetchProcessor - processing queryspace <gen:0>
00:31:25.169 [main] DEBUG o.h.l.p.b.spi.LoadPlanTreePrinter - LoadPlan(entity=edu.ncsu.csc.itrust2.models.persistent.ICDCode)
    - Returns
       - EntityReturnImpl(entity=edu.ncsu.csc.itrust2.models.persistent.ICDCode, querySpaceUid=<gen:0>, path=edu.ncsu.csc.itrust2.models.persistent.ICDCode)
    - QuerySpaces
       - EntityQuerySpaceImpl(uid=<gen:0>, entity=edu.ncsu.csc.itrust2.models.persistent.ICDCode)
          - SQL table alias mapping - icdcode0_
          - alias suffix - 0_
          - suffixed key columns - {id1_5_0_}

00:31:25.169 [main] DEBUG o.h.loader.entity.plan.EntityLoader - Static select for entity edu.ncsu.csc.itrust2.models.persistent.ICDCode [UPGRADE]: select icdcode0_.id as id1_5_0_, icdcode0_.code as code2_5_0_, icdcode0_.description as descript3_5_0_ from ICDCodes icdcode0_ where icdcode0_.id=? for update
00:31:25.170 [main] DEBUG o.h.l.p.b.i.spaces.QuerySpacesImpl - Adding QuerySpace : uid = <gen:0> -> org.hibernate.loader.plan.build.internal.spaces.EntityQuerySpaceImpl@2838a5d7]
00:31:25.170 [main] DEBUG o.h.p.w.spi.MetamodelGraphWalker - Visiting attribute path : code
00:31:25.170 [main] DEBUG o.h.p.w.spi.MetamodelGraphWalker - Visiting attribute path : description
00:31:25.171 [main] DEBUG o.h.l.p.b.i.FetchStyleLoadPlanBuildingAssociationVisitationStrategy - Building LoadPlan...
00:31:25.171 [main] DEBUG o.h.l.p.e.i.LoadQueryJoinAndFetchProcessor - processing queryspace <gen:0>
00:31:25.172 [main] DEBUG o.h.l.p.b.spi.LoadPlanTreePrinter - LoadPlan(entity=edu.ncsu.csc.itrust2.models.persistent.ICDCode)
    - Returns
       - EntityReturnImpl(entity=edu.ncsu.csc.itrust2.models.persistent.ICDCode, querySpaceUid=<gen:0>, path=edu.ncsu.csc.itrust2.models.persistent.ICDCode)
    - QuerySpaces
       - EntityQuerySpaceImpl(uid=<gen:0>, entity=edu.ncsu.csc.itrust2.models.persistent.ICDCode)
          - SQL table alias mapping - icdcode0_
          - alias suffix - 0_
          - suffixed key columns - {id1_5_0_}

00:31:25.172 [main] DEBUG o.h.loader.entity.plan.EntityLoader - Static select for entity edu.ncsu.csc.itrust2.models.persistent.ICDCode [UPGRADE_NOWAIT]: select icdcode0_.id as id1_5_0_, icdcode0_.code as code2_5_0_, icdcode0_.description as descript3_5_0_ from ICDCodes icdcode0_ where icdcode0_.id=? for update
00:31:25.172 [main] DEBUG o.h.l.p.b.i.spaces.QuerySpacesImpl - Adding QuerySpace : uid = <gen:0> -> org.hibernate.loader.plan.build.internal.spaces.EntityQuerySpaceImpl@542fc681]
00:31:25.173 [main] DEBUG o.h.p.w.spi.MetamodelGraphWalker - Visiting attribute path : code
00:31:25.173 [main] DEBUG o.h.p.w.spi.MetamodelGraphWalker - Visiting attribute path : description
00:31:25.173 [main] DEBUG o.h.l.p.b.i.FetchStyleLoadPlanBuildingAssociationVisitationStrategy - Building LoadPlan...
00:31:25.173 [main] DEBUG o.h.l.p.e.i.LoadQueryJoinAndFetchProcessor - processing queryspace <gen:0>
00:31:25.173 [main] DEBUG o.h.l.p.b.spi.LoadPlanTreePrinter - LoadPlan(entity=edu.ncsu.csc.itrust2.models.persistent.ICDCode)
    - Returns
       - EntityReturnImpl(entity=edu.ncsu.csc.itrust2.models.persistent.ICDCode, querySpaceUid=<gen:0>, path=edu.ncsu.csc.itrust2.models.persistent.ICDCode)
    - QuerySpaces
       - EntityQuerySpaceImpl(uid=<gen:0>, entity=edu.ncsu.csc.itrust2.models.persistent.ICDCode)
          - SQL table alias mapping - icdcode0_
          - alias suffix - 0_
          - suffixed key columns - {id1_5_0_}

00:31:25.174 [main] DEBUG o.h.loader.entity.plan.EntityLoader - Static select for entity edu.ncsu.csc.itrust2.models.persistent.ICDCode [UPGRADE_SKIPLOCKED]: select icdcode0_.id as id1_5_0_, icdcode0_.code as code2_5_0_, icdcode0_.description as descript3_5_0_ from ICDCodes icdcode0_ where icdcode0_.id=? for update
00:31:25.174 [main] DEBUG o.h.l.p.b.i.spaces.QuerySpacesImpl - Adding QuerySpace : uid = <gen:0> -> org.hibernate.loader.plan.build.internal.spaces.EntityQuerySpaceImpl@4b558385]
00:31:25.174 [main] DEBUG o.h.p.w.spi.MetamodelGraphWalker - Visiting attribute path : code
00:31:25.174 [main] DEBUG o.h.p.w.spi.MetamodelGraphWalker - Visiting attribute path : description
00:31:25.175 [main] DEBUG o.h.l.p.b.i.FetchStyleLoadPlanBuildingAssociationVisitationStrategy - Building LoadPlan...
00:31:25.175 [main] DEBUG o.h.l.p.e.i.LoadQueryJoinAndFetchProcessor - processing queryspace <gen:0>
00:31:25.175 [main] DEBUG o.h.l.p.b.spi.LoadPlanTreePrinter - LoadPlan(entity=edu.ncsu.csc.itrust2.models.persistent.ICDCode)
    - Returns
       - EntityReturnImpl(entity=edu.ncsu.csc.itrust2.models.persistent.ICDCode, querySpaceUid=<gen:0>, path=edu.ncsu.csc.itrust2.models.persistent.ICDCode)
    - QuerySpaces
       - EntityQuerySpaceImpl(uid=<gen:0>, entity=edu.ncsu.csc.itrust2.models.persistent.ICDCode)
          - SQL table alias mapping - icdcode0_
          - alias suffix - 0_
          - suffixed key columns - {id1_5_0_}

00:31:25.175 [main] DEBUG o.h.loader.entity.plan.EntityLoader - Static select for entity edu.ncsu.csc.itrust2.models.persistent.ICDCode [FORCE]: select icdcode0_.id as id1_5_0_, icdcode0_.code as code2_5_0_, icdcode0_.description as descript3_5_0_ from ICDCodes icdcode0_ where icdcode0_.id=? for update
00:31:25.175 [main] DEBUG o.h.l.p.b.i.spaces.QuerySpacesImpl - Adding QuerySpace : uid = <gen:0> -> org.hibernate.loader.plan.build.internal.spaces.EntityQuerySpaceImpl@a23df88]
00:31:25.176 [main] DEBUG o.h.p.w.spi.MetamodelGraphWalker - Visiting attribute path : code
00:31:25.176 [main] DEBUG o.h.p.w.spi.MetamodelGraphWalker - Visiting attribute path : description
00:31:25.176 [main] DEBUG o.h.l.p.b.i.FetchStyleLoadPlanBuildingAssociationVisitationStrategy - Building LoadPlan...
00:31:25.176 [main] DEBUG o.h.l.p.e.i.LoadQueryJoinAndFetchProcessor - processing queryspace <gen:0>
00:31:25.176 [main] DEBUG o.h.l.p.b.spi.LoadPlanTreePrinter - LoadPlan(entity=edu.ncsu.csc.itrust2.models.persistent.ICDCode)
    - Returns
       - EntityReturnImpl(entity=edu.ncsu.csc.itrust2.models.persistent.ICDCode, querySpaceUid=<gen:0>, path=edu.ncsu.csc.itrust2.models.persistent.ICDCode)
    - QuerySpaces
       - EntityQuerySpaceImpl(uid=<gen:0>, entity=edu.ncsu.csc.itrust2.models.persistent.ICDCode)
          - SQL table alias mapping - icdcode0_
          - alias suffix - 0_
          - suffixed key columns - {id1_5_0_}

00:31:25.177 [main] DEBUG o.h.loader.entity.plan.EntityLoader - Static select for entity edu.ncsu.csc.itrust2.models.persistent.ICDCode [PESSIMISTIC_READ]: select icdcode0_.id as id1_5_0_, icdcode0_.code as code2_5_0_, icdcode0_.description as descript3_5_0_ from ICDCodes icdcode0_ where icdcode0_.id=? lock in share mode
00:31:25.177 [main] DEBUG o.h.l.p.b.i.spaces.QuerySpacesImpl - Adding QuerySpace : uid = <gen:0> -> org.hibernate.loader.plan.build.internal.spaces.EntityQuerySpaceImpl@3f95a1b3]
00:31:25.177 [main] DEBUG o.h.p.w.spi.MetamodelGraphWalker - Visiting attribute path : code
00:31:25.177 [main] DEBUG o.h.p.w.spi.MetamodelGraphWalker - Visiting attribute path : description
00:31:25.178 [main] DEBUG o.h.l.p.b.i.FetchStyleLoadPlanBuildingAssociationVisitationStrategy - Building LoadPlan...
00:31:25.178 [main] DEBUG o.h.l.p.e.i.LoadQueryJoinAndFetchProcessor - processing queryspace <gen:0>
00:31:25.180 [main] DEBUG o.h.l.p.b.spi.LoadPlanTreePrinter - LoadPlan(entity=edu.ncsu.csc.itrust2.models.persistent.ICDCode)
    - Returns
       - EntityReturnImpl(entity=edu.ncsu.csc.itrust2.models.persistent.ICDCode, querySpaceUid=<gen:0>, path=edu.ncsu.csc.itrust2.models.persistent.ICDCode)
    - QuerySpaces
       - EntityQuerySpaceImpl(uid=<gen:0>, entity=edu.ncsu.csc.itrust2.models.persistent.ICDCode)
          - SQL table alias mapping - icdcode0_
          - alias suffix - 0_
          - suffixed key columns - {id1_5_0_}

00:31:25.180 [main] DEBUG o.h.loader.entity.plan.EntityLoader - Static select for entity edu.ncsu.csc.itrust2.models.persistent.ICDCode [PESSIMISTIC_WRITE]: select icdcode0_.id as id1_5_0_, icdcode0_.code as code2_5_0_, icdcode0_.description as descript3_5_0_ from ICDCodes icdcode0_ where icdcode0_.id=? for update
00:31:25.181 [main] DEBUG o.h.l.p.b.i.spaces.QuerySpacesImpl - Adding QuerySpace : uid = <gen:0> -> org.hibernate.loader.plan.build.internal.spaces.EntityQuerySpaceImpl@1b8ab55d]
00:31:25.183 [main] DEBUG o.h.p.w.spi.MetamodelGraphWalker - Visiting attribute path : code
00:31:25.183 [main] DEBUG o.h.p.w.spi.MetamodelGraphWalker - Visiting attribute path : description
00:31:25.184 [main] DEBUG o.h.l.p.b.i.FetchStyleLoadPlanBuildingAssociationVisitationStrategy - Building LoadPlan...
00:31:25.184 [main] DEBUG o.h.l.p.e.i.LoadQueryJoinAndFetchProcessor - processing queryspace <gen:0>
00:31:25.184 [main] DEBUG o.h.l.p.b.spi.LoadPlanTreePrinter - LoadPlan(entity=edu.ncsu.csc.itrust2.models.persistent.ICDCode)
    - Returns
       - EntityReturnImpl(entity=edu.ncsu.csc.itrust2.models.persistent.ICDCode, querySpaceUid=<gen:0>, path=edu.ncsu.csc.itrust2.models.persistent.ICDCode)
    - QuerySpaces
       - EntityQuerySpaceImpl(uid=<gen:0>, entity=edu.ncsu.csc.itrust2.models.persistent.ICDCode)
          - SQL table alias mapping - icdcode0_
          - alias suffix - 0_
          - suffixed key columns - {id1_5_0_}

00:31:25.184 [main] DEBUG o.h.loader.entity.plan.EntityLoader - Static select for entity edu.ncsu.csc.itrust2.models.persistent.ICDCode [PESSIMISTIC_FORCE_INCREMENT]: select icdcode0_.id as id1_5_0_, icdcode0_.code as code2_5_0_, icdcode0_.description as descript3_5_0_ from ICDCodes icdcode0_ where icdcode0_.id=? for update
00:31:25.184 [main] DEBUG o.h.l.p.b.i.spaces.QuerySpacesImpl - Adding QuerySpace : uid = <gen:0> -> org.hibernate.loader.plan.build.internal.spaces.EntityQuerySpaceImpl@bfde38a]
00:31:25.185 [main] DEBUG o.h.p.w.spi.MetamodelGraphWalker - Visiting attribute path : code
00:31:25.185 [main] DEBUG o.h.p.w.spi.MetamodelGraphWalker - Visiting attribute path : description
00:31:25.185 [main] DEBUG o.h.l.p.b.i.FetchStyleLoadPlanBuildingAssociationVisitationStrategy - Building LoadPlan...
00:31:25.185 [main] DEBUG o.h.l.p.e.i.LoadQueryJoinAndFetchProcessor - processing queryspace <gen:0>
00:31:25.186 [main] DEBUG o.h.l.p.b.spi.LoadPlanTreePrinter - LoadPlan(entity=edu.ncsu.csc.itrust2.models.persistent.ICDCode)
    - Returns
       - EntityReturnImpl(entity=edu.ncsu.csc.itrust2.models.persistent.ICDCode, querySpaceUid=<gen:0>, path=edu.ncsu.csc.itrust2.models.persistent.ICDCode)
    - QuerySpaces
       - EntityQuerySpaceImpl(uid=<gen:0>, entity=edu.ncsu.csc.itrust2.models.persistent.ICDCode)
          - SQL table alias mapping - icdcode0_
          - alias suffix - 0_
          - suffixed key columns - {id1_5_0_}

00:31:25.186 [main] DEBUG o.h.loader.entity.plan.EntityLoader - Static select for entity edu.ncsu.csc.itrust2.models.persistent.ICDCode [OPTIMISTIC]: select icdcode0_.id as id1_5_0_, icdcode0_.code as code2_5_0_, icdcode0_.description as descript3_5_0_ from ICDCodes icdcode0_ where icdcode0_.id=?
00:31:25.186 [main] DEBUG o.h.l.p.b.i.spaces.QuerySpacesImpl - Adding QuerySpace : uid = <gen:0> -> org.hibernate.loader.plan.build.internal.spaces.EntityQuerySpaceImpl@45779ed0]
00:31:25.186 [main] DEBUG o.h.p.w.spi.MetamodelGraphWalker - Visiting attribute path : code
00:31:25.186 [main] DEBUG o.h.p.w.spi.MetamodelGraphWalker - Visiting attribute path : description
00:31:25.186 [main] DEBUG o.h.l.p.b.i.FetchStyleLoadPlanBuildingAssociationVisitationStrategy - Building LoadPlan...
00:31:25.187 [main] DEBUG o.h.l.p.e.i.LoadQueryJoinAndFetchProcessor - processing queryspace <gen:0>
00:31:25.188 [main] DEBUG o.h.l.p.b.spi.LoadPlanTreePrinter - LoadPlan(entity=edu.ncsu.csc.itrust2.models.persistent.ICDCode)
    - Returns
       - EntityReturnImpl(entity=edu.ncsu.csc.itrust2.models.persistent.ICDCode, querySpaceUid=<gen:0>, path=edu.ncsu.csc.itrust2.models.persistent.ICDCode)
    - QuerySpaces
       - EntityQuerySpaceImpl(uid=<gen:0>, entity=edu.ncsu.csc.itrust2.models.persistent.ICDCode)
          - SQL table alias mapping - icdcode0_
          - alias suffix - 0_
          - suffixed key columns - {id1_5_0_}

00:31:25.189 [main] DEBUG o.h.loader.entity.plan.EntityLoader - Static select for entity edu.ncsu.csc.itrust2.models.persistent.ICDCode [OPTIMISTIC_FORCE_INCREMENT]: select icdcode0_.id as id1_5_0_, icdcode0_.code as code2_5_0_, icdcode0_.description as descript3_5_0_ from ICDCodes icdcode0_ where icdcode0_.id=?
00:31:25.189 [main] DEBUG org.hibernate.loader.Loader - Static select for action ACTION_MERGE on entity edu.ncsu.csc.itrust2.models.persistent.ICDCode: select icdcode0_.id as id1_5_0_, icdcode0_.code as code2_5_0_, icdcode0_.description as descript3_5_0_ from ICDCodes icdcode0_ where icdcode0_.id=?
00:31:25.189 [main] DEBUG org.hibernate.loader.Loader - Static select for action ACTION_REFRESH on entity edu.ncsu.csc.itrust2.models.persistent.ICDCode: select icdcode0_.id as id1_5_0_, icdcode0_.code as code2_5_0_, icdcode0_.description as descript3_5_0_ from ICDCodes icdcode0_ where icdcode0_.id=?
00:31:25.190 [main] DEBUG o.h.p.entity.AbstractEntityPersister - Static SQL for entity: edu.ncsu.csc.itrust2.models.persistent.AppointmentRequest
00:31:25.190 [main] DEBUG o.h.p.entity.AbstractEntityPersister -  Version select: select id from AppointmentRequests where id =?
00:31:25.190 [main] DEBUG o.h.p.entity.AbstractEntityPersister -  Snapshot select: select appointmen_.id, appointmen_.comments as comments2_0_, appointmen_.date as date3_0_, appointmen_.hcp_id as hcp_id6_0_, appointmen_.patient_id as patient_7_0_, appointmen_.status as status4_0_, appointmen_.type as type5_0_ from AppointmentRequests appointmen_ where appointmen_.id=?
00:31:25.190 [main] DEBUG o.h.p.entity.AbstractEntityPersister -  Insert 0: insert into AppointmentRequests (comments, date, hcp_id, patient_id, status, type, id) values (?, ?, ?, ?, ?, ?, ?)
00:31:25.190 [main] DEBUG o.h.p.entity.AbstractEntityPersister -  Update 0: update AppointmentRequests set comments=?, date=?, hcp_id=?, patient_id=?, status=?, type=? where id=?
00:31:25.190 [main] DEBUG o.h.p.entity.AbstractEntityPersister -  Delete 0: delete from AppointmentRequests where id=?
00:31:25.190 [main] DEBUG o.h.l.p.b.i.spaces.QuerySpacesImpl - Adding QuerySpace : uid = <gen:0> -> org.hibernate.loader.plan.build.internal.spaces.EntityQuerySpaceImpl@22f179d]
00:31:25.191 [main] DEBUG o.h.p.w.spi.MetamodelGraphWalker - Visiting attribute path : comments
00:31:25.191 [main] DEBUG o.h.p.w.spi.MetamodelGraphWalker - Visiting attribute path : date
00:31:25.191 [main] DEBUG o.h.p.w.spi.MetamodelGraphWalker - Visiting attribute path : hcp
00:31:25.192 [main] DEBUG o.h.l.p.b.i.spaces.QuerySpacesImpl - Adding QuerySpace : uid = <gen:1> -> org.hibernate.loader.plan.build.internal.spaces.EntityQuerySpaceImpl@3f1f6613]
00:31:25.192 [main] DEBUG o.h.p.w.spi.MetamodelGraphWalker - Visiting attribute path : hcp.enabled
00:31:25.192 [main] DEBUG o.h.p.w.spi.MetamodelGraphWalker - Visiting attribute path : hcp.password
00:31:25.192 [main] DEBUG o.h.p.w.spi.MetamodelGraphWalker - Visiting attribute path : hcp.role
00:31:25.193 [main] DEBUG o.h.p.w.spi.MetamodelGraphWalker - Visiting attribute path : patient
00:31:25.193 [main] DEBUG o.h.l.p.b.i.spaces.QuerySpacesImpl - Adding QuerySpace : uid = <gen:2> -> org.hibernate.loader.plan.build.internal.spaces.EntityQuerySpaceImpl@71a3ac4b]
00:31:25.193 [main] DEBUG o.h.p.w.spi.MetamodelGraphWalker - Visiting attribute path : patient.enabled
00:31:25.193 [main] DEBUG o.h.p.w.spi.MetamodelGraphWalker - Visiting attribute path : patient.password
00:31:25.193 [main] DEBUG o.h.p.w.spi.MetamodelGraphWalker - Visiting attribute path : patient.role
00:31:25.194 [main] DEBUG o.h.p.w.spi.MetamodelGraphWalker - Visiting attribute path : status
00:31:25.194 [main] DEBUG o.h.p.w.spi.MetamodelGraphWalker - Visiting attribute path : type
00:31:25.194 [main] DEBUG o.h.l.p.b.i.FetchStyleLoadPlanBuildingAssociationVisitationStrategy - Building LoadPlan...
00:31:25.194 [main] DEBUG o.h.l.p.e.i.LoadQueryJoinAndFetchProcessor - processing queryspace <gen:0>
00:31:25.195 [main] DEBUG o.h.l.p.b.spi.LoadPlanTreePrinter - LoadPlan(entity=edu.ncsu.csc.itrust2.models.persistent.AppointmentRequest)
    - Returns
       - EntityReturnImpl(entity=edu.ncsu.csc.itrust2.models.persistent.AppointmentRequest, querySpaceUid=<gen:0>, path=edu.ncsu.csc.itrust2.models.persistent.AppointmentRequest)
          - EntityAttributeFetchImpl(entity=edu.ncsu.csc.itrust2.models.persistent.User, querySpaceUid=<gen:1>, path=edu.ncsu.csc.itrust2.models.persistent.AppointmentRequest.hcp)
          - EntityAttributeFetchImpl(entity=edu.ncsu.csc.itrust2.models.persistent.User, querySpaceUid=<gen:2>, path=edu.ncsu.csc.itrust2.models.persistent.AppointmentRequest.patient)
    - QuerySpaces
       - EntityQuerySpaceImpl(uid=<gen:0>, entity=edu.ncsu.csc.itrust2.models.persistent.AppointmentRequest)
          - SQL table alias mapping - appointmen0_
          - alias suffix - 0_
          - suffixed key columns - {id1_0_0_}
          - JOIN (JoinDefinedByMetadata(hcp)) : <gen:0> -> <gen:1>
             - EntityQuerySpaceImpl(uid=<gen:1>, entity=edu.ncsu.csc.itrust2.models.persistent.User)
                - SQL table alias mapping - user1_
                - alias suffix - 1_
                - suffixed key columns - {username1_15_1_}
          - JOIN (JoinDefinedByMetadata(patient)) : <gen:0> -> <gen:2>
             - EntityQuerySpaceImpl(uid=<gen:2>, entity=edu.ncsu.csc.itrust2.models.persistent.User)
                - SQL table alias mapping - user2_
                - alias suffix - 2_
                - suffixed key columns - {username1_15_2_}

00:31:25.195 [main] DEBUG o.h.loader.entity.plan.EntityLoader - Static select for entity edu.ncsu.csc.itrust2.models.persistent.AppointmentRequest [NONE]: select appointmen0_.id as id1_0_0_, appointmen0_.comments as comments2_0_0_, appointmen0_.date as date3_0_0_, appointmen0_.hcp_id as hcp_id6_0_0_, appointmen0_.patient_id as patient_7_0_0_, appointmen0_.status as status4_0_0_, appointmen0_.type as type5_0_0_, user1_.username as username1_15_1_, user1_.enabled as enabled2_15_1_, user1_.password as password3_15_1_, user1_.role as role4_15_1_, user2_.username as username1_15_2_, user2_.enabled as enabled2_15_2_, user2_.password as password3_15_2_, user2_.role as role4_15_2_ from AppointmentRequests appointmen0_ inner join Users user1_ on appointmen0_.hcp_id=user1_.username inner join Users user2_ on appointmen0_.patient_id=user2_.username where appointmen0_.id=?
00:31:25.195 [main] DEBUG o.h.l.p.b.i.spaces.QuerySpacesImpl - Adding QuerySpace : uid = <gen:0> -> org.hibernate.loader.plan.build.internal.spaces.EntityQuerySpaceImpl@4cde646c]
00:31:25.195 [main] DEBUG o.h.p.w.spi.MetamodelGraphWalker - Visiting attribute path : comments
00:31:25.195 [main] DEBUG o.h.p.w.spi.MetamodelGraphWalker - Visiting attribute path : date
00:31:25.196 [main] DEBUG o.h.p.w.spi.MetamodelGraphWalker - Visiting attribute path : hcp
00:31:25.196 [main] DEBUG o.h.l.p.b.i.spaces.QuerySpacesImpl - Adding QuerySpace : uid = <gen:1> -> org.hibernate.loader.plan.build.internal.spaces.EntityQuerySpaceImpl@7d6edb71]
00:31:25.196 [main] DEBUG o.h.p.w.spi.MetamodelGraphWalker - Visiting attribute path : hcp.enabled
00:31:25.196 [main] DEBUG o.h.p.w.spi.MetamodelGraphWalker - Visiting attribute path : hcp.password
00:31:25.196 [main] DEBUG o.h.p.w.spi.MetamodelGraphWalker - Visiting attribute path : hcp.role
00:31:25.196 [main] DEBUG o.h.p.w.spi.MetamodelGraphWalker - Visiting attribute path : patient
00:31:25.196 [main] DEBUG o.h.l.p.b.i.spaces.QuerySpacesImpl - Adding QuerySpace : uid = <gen:2> -> org.hibernate.loader.plan.build.internal.spaces.EntityQuerySpaceImpl@67982b34]
00:31:25.197 [main] DEBUG o.h.p.w.spi.MetamodelGraphWalker - Visiting attribute path : patient.enabled
00:31:25.197 [main] DEBUG o.h.p.w.spi.MetamodelGraphWalker - Visiting attribute path : patient.password
00:31:25.197 [main] DEBUG o.h.p.w.spi.MetamodelGraphWalker - Visiting attribute path : patient.role
00:31:25.197 [main] DEBUG o.h.p.w.spi.MetamodelGraphWalker - Visiting attribute path : status
00:31:25.198 [main] DEBUG o.h.p.w.spi.MetamodelGraphWalker - Visiting attribute path : type
00:31:25.198 [main] DEBUG o.h.l.p.b.i.FetchStyleLoadPlanBuildingAssociationVisitationStrategy - Building LoadPlan...
00:31:25.198 [main] DEBUG o.h.l.p.e.i.LoadQueryJoinAndFetchProcessor - processing queryspace <gen:0>
00:31:25.200 [main] DEBUG o.h.l.p.b.spi.LoadPlanTreePrinter - LoadPlan(entity=edu.ncsu.csc.itrust2.models.persistent.AppointmentRequest)
    - Returns
       - EntityReturnImpl(entity=edu.ncsu.csc.itrust2.models.persistent.AppointmentRequest, querySpaceUid=<gen:0>, path=edu.ncsu.csc.itrust2.models.persistent.AppointmentRequest)
          - EntityAttributeFetchImpl(entity=edu.ncsu.csc.itrust2.models.persistent.User, querySpaceUid=<gen:1>, path=edu.ncsu.csc.itrust2.models.persistent.AppointmentRequest.hcp)
          - EntityAttributeFetchImpl(entity=edu.ncsu.csc.itrust2.models.persistent.User, querySpaceUid=<gen:2>, path=edu.ncsu.csc.itrust2.models.persistent.AppointmentRequest.patient)
    - QuerySpaces
       - EntityQuerySpaceImpl(uid=<gen:0>, entity=edu.ncsu.csc.itrust2.models.persistent.AppointmentRequest)
          - SQL table alias mapping - appointmen0_
          - alias suffix - 0_
          - suffixed key columns - {id1_0_0_}
          - JOIN (JoinDefinedByMetadata(hcp)) : <gen:0> -> <gen:1>
             - EntityQuerySpaceImpl(uid=<gen:1>, entity=edu.ncsu.csc.itrust2.models.persistent.User)
                - SQL table alias mapping - user1_
                - alias suffix - 1_
                - suffixed key columns - {username1_15_1_}
          - JOIN (JoinDefinedByMetadata(patient)) : <gen:0> -> <gen:2>
             - EntityQuerySpaceImpl(uid=<gen:2>, entity=edu.ncsu.csc.itrust2.models.persistent.User)
                - SQL table alias mapping - user2_
                - alias suffix - 2_
                - suffixed key columns - {username1_15_2_}

00:31:25.200 [main] DEBUG o.h.loader.entity.plan.EntityLoader - Static select for entity edu.ncsu.csc.itrust2.models.persistent.AppointmentRequest [READ]: select appointmen0_.id as id1_0_0_, appointmen0_.comments as comments2_0_0_, appointmen0_.date as date3_0_0_, appointmen0_.hcp_id as hcp_id6_0_0_, appointmen0_.patient_id as patient_7_0_0_, appointmen0_.status as status4_0_0_, appointmen0_.type as type5_0_0_, user1_.username as username1_15_1_, user1_.enabled as enabled2_15_1_, user1_.password as password3_15_1_, user1_.role as role4_15_1_, user2_.username as username1_15_2_, user2_.enabled as enabled2_15_2_, user2_.password as password3_15_2_, user2_.role as role4_15_2_ from AppointmentRequests appointmen0_ inner join Users user1_ on appointmen0_.hcp_id=user1_.username inner join Users user2_ on appointmen0_.patient_id=user2_.username where appointmen0_.id=?
00:31:25.201 [main] DEBUG o.h.l.p.b.i.spaces.QuerySpacesImpl - Adding QuerySpace : uid = <gen:0> -> org.hibernate.loader.plan.build.internal.spaces.EntityQuerySpaceImpl@628c34e9]
00:31:25.201 [main] DEBUG o.h.p.w.spi.MetamodelGraphWalker - Visiting attribute path : comments
00:31:25.201 [main] DEBUG o.h.p.w.spi.MetamodelGraphWalker - Visiting attribute path : date
00:31:25.201 [main] DEBUG o.h.p.w.spi.MetamodelGraphWalker - Visiting attribute path : hcp
00:31:25.202 [main] DEBUG o.h.l.p.b.i.spaces.QuerySpacesImpl - Adding QuerySpace : uid = <gen:1> -> org.hibernate.loader.plan.build.internal.spaces.EntityQuerySpaceImpl@4af59e23]
00:31:25.202 [main] DEBUG o.h.p.w.spi.MetamodelGraphWalker - Visiting attribute path : patient
00:31:25.202 [main] DEBUG o.h.l.p.b.i.spaces.QuerySpacesImpl - Adding QuerySpace : uid = <gen:2> -> org.hibernate.loader.plan.build.internal.spaces.EntityQuerySpaceImpl@35476da7]
00:31:25.202 [main] DEBUG o.h.p.w.spi.MetamodelGraphWalker - Visiting attribute path : status
00:31:25.202 [main] DEBUG o.h.p.w.spi.MetamodelGraphWalker - Visiting attribute path : type
00:31:25.203 [main] DEBUG o.h.l.p.b.i.FetchStyleLoadPlanBuildingAssociationVisitationStrategy - Building LoadPlan...
00:31:25.203 [main] DEBUG o.h.l.p.e.i.LoadQueryJoinAndFetchProcessor - processing queryspace <gen:0>
00:31:25.203 [main] DEBUG o.h.l.p.b.spi.LoadPlanTreePrinter - LoadPlan(entity=edu.ncsu.csc.itrust2.models.persistent.AppointmentRequest)
    - Returns
       - EntityReturnImpl(entity=edu.ncsu.csc.itrust2.models.persistent.AppointmentRequest, querySpaceUid=<gen:0>, path=edu.ncsu.csc.itrust2.models.persistent.AppointmentRequest)
          - EntityAttributeFetchImpl(entity=edu.ncsu.csc.itrust2.models.persistent.User, querySpaceUid=<gen:1>, path=edu.ncsu.csc.itrust2.models.persistent.AppointmentRequest.hcp)
          - EntityAttributeFetchImpl(entity=edu.ncsu.csc.itrust2.models.persistent.User, querySpaceUid=<gen:2>, path=edu.ncsu.csc.itrust2.models.persistent.AppointmentRequest.patient)
    - QuerySpaces
       - EntityQuerySpaceImpl(uid=<gen:0>, entity=edu.ncsu.csc.itrust2.models.persistent.AppointmentRequest)
          - SQL table alias mapping - appointmen0_
          - alias suffix - 0_
          - suffixed key columns - {id1_0_0_}

00:31:25.204 [main] DEBUG o.h.loader.entity.plan.EntityLoader - Static select for entity edu.ncsu.csc.itrust2.models.persistent.AppointmentRequest [UPGRADE]: select appointmen0_.id as id1_0_0_, appointmen0_.comments as comments2_0_0_, appointmen0_.date as date3_0_0_, appointmen0_.hcp_id as hcp_id6_0_0_, appointmen0_.patient_id as patient_7_0_0_, appointmen0_.status as status4_0_0_, appointmen0_.type as type5_0_0_ from AppointmentRequests appointmen0_ where appointmen0_.id=? for update
00:31:25.204 [main] DEBUG o.h.l.p.b.i.spaces.QuerySpacesImpl - Adding QuerySpace : uid = <gen:0> -> org.hibernate.loader.plan.build.internal.spaces.EntityQuerySpaceImpl@366f2c9a]
00:31:25.204 [main] DEBUG o.h.p.w.spi.MetamodelGraphWalker - Visiting attribute path : comments
00:31:25.204 [main] DEBUG o.h.p.w.spi.MetamodelGraphWalker - Visiting attribute path : date
00:31:25.204 [main] DEBUG o.h.p.w.spi.MetamodelGraphWalker - Visiting attribute path : hcp
00:31:25.205 [main] DEBUG o.h.l.p.b.i.spaces.QuerySpacesImpl - Adding QuerySpace : uid = <gen:1> -> org.hibernate.loader.plan.build.internal.spaces.EntityQuerySpaceImpl@2a2dc25c]
00:31:25.205 [main] DEBUG o.h.p.w.spi.MetamodelGraphWalker - Visiting attribute path : patient
00:31:25.205 [main] DEBUG o.h.l.p.b.i.spaces.QuerySpacesImpl - Adding QuerySpace : uid = <gen:2> -> org.hibernate.loader.plan.build.internal.spaces.EntityQuerySpaceImpl@2489a8eb]
00:31:25.205 [main] DEBUG o.h.p.w.spi.MetamodelGraphWalker - Visiting attribute path : status
00:31:25.205 [main] DEBUG o.h.p.w.spi.MetamodelGraphWalker - Visiting attribute path : type
00:31:25.206 [main] DEBUG o.h.l.p.b.i.FetchStyleLoadPlanBuildingAssociationVisitationStrategy - Building LoadPlan...
00:31:25.206 [main] DEBUG o.h.l.p.e.i.LoadQueryJoinAndFetchProcessor - processing queryspace <gen:0>
00:31:25.206 [main] DEBUG o.h.l.p.b.spi.LoadPlanTreePrinter - LoadPlan(entity=edu.ncsu.csc.itrust2.models.persistent.AppointmentRequest)
    - Returns
       - EntityReturnImpl(entity=edu.ncsu.csc.itrust2.models.persistent.AppointmentRequest, querySpaceUid=<gen:0>, path=edu.ncsu.csc.itrust2.models.persistent.AppointmentRequest)
          - EntityAttributeFetchImpl(entity=edu.ncsu.csc.itrust2.models.persistent.User, querySpaceUid=<gen:1>, path=edu.ncsu.csc.itrust2.models.persistent.AppointmentRequest.hcp)
          - EntityAttributeFetchImpl(entity=edu.ncsu.csc.itrust2.models.persistent.User, querySpaceUid=<gen:2>, path=edu.ncsu.csc.itrust2.models.persistent.AppointmentRequest.patient)
    - QuerySpaces
       - EntityQuerySpaceImpl(uid=<gen:0>, entity=edu.ncsu.csc.itrust2.models.persistent.AppointmentRequest)
          - SQL table alias mapping - appointmen0_
          - alias suffix - 0_
          - suffixed key columns - {id1_0_0_}

00:31:25.206 [main] DEBUG o.h.loader.entity.plan.EntityLoader - Static select for entity edu.ncsu.csc.itrust2.models.persistent.AppointmentRequest [UPGRADE_NOWAIT]: select appointmen0_.id as id1_0_0_, appointmen0_.comments as comments2_0_0_, appointmen0_.date as date3_0_0_, appointmen0_.hcp_id as hcp_id6_0_0_, appointmen0_.patient_id as patient_7_0_0_, appointmen0_.status as status4_0_0_, appointmen0_.type as type5_0_0_ from AppointmentRequests appointmen0_ where appointmen0_.id=? for update
00:31:25.206 [main] DEBUG o.h.l.p.b.i.spaces.QuerySpacesImpl - Adding QuerySpace : uid = <gen:0> -> org.hibernate.loader.plan.build.internal.spaces.EntityQuerySpaceImpl@6b4d5b1c]
00:31:25.207 [main] DEBUG o.h.p.w.spi.MetamodelGraphWalker - Visiting attribute path : comments
00:31:25.207 [main] DEBUG o.h.p.w.spi.MetamodelGraphWalker - Visiting attribute path : date
00:31:25.207 [main] DEBUG o.h.p.w.spi.MetamodelGraphWalker - Visiting attribute path : hcp
00:31:25.207 [main] DEBUG o.h.l.p.b.i.spaces.QuerySpacesImpl - Adding QuerySpace : uid = <gen:1> -> org.hibernate.loader.plan.build.internal.spaces.EntityQuerySpaceImpl@19840d0d]
00:31:25.207 [main] DEBUG o.h.p.w.spi.MetamodelGraphWalker - Visiting attribute path : patient
00:31:25.207 [main] DEBUG o.h.l.p.b.i.spaces.QuerySpacesImpl - Adding QuerySpace : uid = <gen:2> -> org.hibernate.loader.plan.build.internal.spaces.EntityQuerySpaceImpl@70232026]
00:31:25.208 [main] DEBUG o.h.p.w.spi.MetamodelGraphWalker - Visiting attribute path : status
00:31:25.208 [main] DEBUG o.h.p.w.spi.MetamodelGraphWalker - Visiting attribute path : type
00:31:25.208 [main] DEBUG o.h.l.p.b.i.FetchStyleLoadPlanBuildingAssociationVisitationStrategy - Building LoadPlan...
00:31:25.208 [main] DEBUG o.h.l.p.e.i.LoadQueryJoinAndFetchProcessor - processing queryspace <gen:0>
00:31:25.208 [main] DEBUG o.h.l.p.b.spi.LoadPlanTreePrinter - LoadPlan(entity=edu.ncsu.csc.itrust2.models.persistent.AppointmentRequest)
    - Returns
       - EntityReturnImpl(entity=edu.ncsu.csc.itrust2.models.persistent.AppointmentRequest, querySpaceUid=<gen:0>, path=edu.ncsu.csc.itrust2.models.persistent.AppointmentRequest)
          - EntityAttributeFetchImpl(entity=edu.ncsu.csc.itrust2.models.persistent.User, querySpaceUid=<gen:1>, path=edu.ncsu.csc.itrust2.models.persistent.AppointmentRequest.hcp)
          - EntityAttributeFetchImpl(entity=edu.ncsu.csc.itrust2.models.persistent.User, querySpaceUid=<gen:2>, path=edu.ncsu.csc.itrust2.models.persistent.AppointmentRequest.patient)
    - QuerySpaces
       - EntityQuerySpaceImpl(uid=<gen:0>, entity=edu.ncsu.csc.itrust2.models.persistent.AppointmentRequest)
          - SQL table alias mapping - appointmen0_
          - alias suffix - 0_
          - suffixed key columns - {id1_0_0_}

00:31:25.209 [main] DEBUG o.h.loader.entity.plan.EntityLoader - Static select for entity edu.ncsu.csc.itrust2.models.persistent.AppointmentRequest [UPGRADE_SKIPLOCKED]: select appointmen0_.id as id1_0_0_, appointmen0_.comments as comments2_0_0_, appointmen0_.date as date3_0_0_, appointmen0_.hcp_id as hcp_id6_0_0_, appointmen0_.patient_id as patient_7_0_0_, appointmen0_.status as status4_0_0_, appointmen0_.type as type5_0_0_ from AppointmentRequests appointmen0_ where appointmen0_.id=? for update
00:31:25.209 [main] DEBUG o.h.l.p.b.i.spaces.QuerySpacesImpl - Adding QuerySpace : uid = <gen:0> -> org.hibernate.loader.plan.build.internal.spaces.EntityQuerySpaceImpl@71371085]
00:31:25.209 [main] DEBUG o.h.p.w.spi.MetamodelGraphWalker - Visiting attribute path : comments
00:31:25.209 [main] DEBUG o.h.p.w.spi.MetamodelGraphWalker - Visiting attribute path : date
00:31:25.209 [main] DEBUG o.h.p.w.spi.MetamodelGraphWalker - Visiting attribute path : hcp
00:31:25.209 [main] DEBUG o.h.l.p.b.i.spaces.QuerySpacesImpl - Adding QuerySpace : uid = <gen:1> -> org.hibernate.loader.plan.build.internal.spaces.EntityQuerySpaceImpl@6d66d76a]
00:31:25.209 [main] DEBUG o.h.p.w.spi.MetamodelGraphWalker - Visiting attribute path : patient
00:31:25.210 [main] DEBUG o.h.l.p.b.i.spaces.QuerySpacesImpl - Adding QuerySpace : uid = <gen:2> -> org.hibernate.loader.plan.build.internal.spaces.EntityQuerySpaceImpl@4ade8f0]
00:31:25.210 [main] DEBUG o.h.p.w.spi.MetamodelGraphWalker - Visiting attribute path : status
00:31:25.210 [main] DEBUG o.h.p.w.spi.MetamodelGraphWalker - Visiting attribute path : type
00:31:25.211 [main] DEBUG o.h.l.p.b.i.FetchStyleLoadPlanBuildingAssociationVisitationStrategy - Building LoadPlan...
00:31:25.211 [main] DEBUG o.h.l.p.e.i.LoadQueryJoinAndFetchProcessor - processing queryspace <gen:0>
00:31:25.211 [main] DEBUG o.h.l.p.b.spi.LoadPlanTreePrinter - LoadPlan(entity=edu.ncsu.csc.itrust2.models.persistent.AppointmentRequest)
    - Returns
       - EntityReturnImpl(entity=edu.ncsu.csc.itrust2.models.persistent.AppointmentRequest, querySpaceUid=<gen:0>, path=edu.ncsu.csc.itrust2.models.persistent.AppointmentRequest)
          - EntityAttributeFetchImpl(entity=edu.ncsu.csc.itrust2.models.persistent.User, querySpaceUid=<gen:1>, path=edu.ncsu.csc.itrust2.models.persistent.AppointmentRequest.hcp)
          - EntityAttributeFetchImpl(entity=edu.ncsu.csc.itrust2.models.persistent.User, querySpaceUid=<gen:2>, path=edu.ncsu.csc.itrust2.models.persistent.AppointmentRequest.patient)
    - QuerySpaces
       - EntityQuerySpaceImpl(uid=<gen:0>, entity=edu.ncsu.csc.itrust2.models.persistent.AppointmentRequest)
          - SQL table alias mapping - appointmen0_
          - alias suffix - 0_
          - suffixed key columns - {id1_0_0_}

00:31:25.211 [main] DEBUG o.h.loader.entity.plan.EntityLoader - Static select for entity edu.ncsu.csc.itrust2.models.persistent.AppointmentRequest [FORCE]: select appointmen0_.id as id1_0_0_, appointmen0_.comments as comments2_0_0_, appointmen0_.date as date3_0_0_, appointmen0_.hcp_id as hcp_id6_0_0_, appointmen0_.patient_id as patient_7_0_0_, appointmen0_.status as status4_0_0_, appointmen0_.type as type5_0_0_ from AppointmentRequests appointmen0_ where appointmen0_.id=? for update
00:31:25.211 [main] DEBUG o.h.l.p.b.i.spaces.QuerySpacesImpl - Adding QuerySpace : uid = <gen:0> -> org.hibernate.loader.plan.build.internal.spaces.EntityQuerySpaceImpl@4dd773d8]
00:31:25.212 [main] DEBUG o.h.p.w.spi.MetamodelGraphWalker - Visiting attribute path : comments
00:31:25.212 [main] DEBUG o.h.p.w.spi.MetamodelGraphWalker - Visiting attribute path : date
00:31:25.212 [main] DEBUG o.h.p.w.spi.MetamodelGraphWalker - Visiting attribute path : hcp
00:31:25.213 [main] DEBUG o.h.l.p.b.i.spaces.QuerySpacesImpl - Adding QuerySpace : uid = <gen:1> -> org.hibernate.loader.plan.build.internal.spaces.EntityQuerySpaceImpl@5808531e]
00:31:25.213 [main] DEBUG o.h.p.w.spi.MetamodelGraphWalker - Visiting attribute path : patient
00:31:25.213 [main] DEBUG o.h.l.p.b.i.spaces.QuerySpacesImpl - Adding QuerySpace : uid = <gen:2> -> org.hibernate.loader.plan.build.internal.spaces.EntityQuerySpaceImpl@3309da87]
00:31:25.213 [main] DEBUG o.h.p.w.spi.MetamodelGraphWalker - Visiting attribute path : status
00:31:25.213 [main] DEBUG o.h.p.w.spi.MetamodelGraphWalker - Visiting attribute path : type
00:31:25.214 [main] DEBUG o.h.l.p.b.i.FetchStyleLoadPlanBuildingAssociationVisitationStrategy - Building LoadPlan...
00:31:25.214 [main] DEBUG o.h.l.p.e.i.LoadQueryJoinAndFetchProcessor - processing queryspace <gen:0>
00:31:25.215 [main] DEBUG o.h.l.p.b.spi.LoadPlanTreePrinter - LoadPlan(entity=edu.ncsu.csc.itrust2.models.persistent.AppointmentRequest)
    - Returns
       - EntityReturnImpl(entity=edu.ncsu.csc.itrust2.models.persistent.AppointmentRequest, querySpaceUid=<gen:0>, path=edu.ncsu.csc.itrust2.models.persistent.AppointmentRequest)
          - EntityAttributeFetchImpl(entity=edu.ncsu.csc.itrust2.models.persistent.User, querySpaceUid=<gen:1>, path=edu.ncsu.csc.itrust2.models.persistent.AppointmentRequest.hcp)
          - EntityAttributeFetchImpl(entity=edu.ncsu.csc.itrust2.models.persistent.User, querySpaceUid=<gen:2>, path=edu.ncsu.csc.itrust2.models.persistent.AppointmentRequest.patient)
    - QuerySpaces
       - EntityQuerySpaceImpl(uid=<gen:0>, entity=edu.ncsu.csc.itrust2.models.persistent.AppointmentRequest)
          - SQL table alias mapping - appointmen0_
          - alias suffix - 0_
          - suffixed key columns - {id1_0_0_}

00:31:25.215 [main] DEBUG o.h.loader.entity.plan.EntityLoader - Static select for entity edu.ncsu.csc.itrust2.models.persistent.AppointmentRequest [PESSIMISTIC_READ]: select appointmen0_.id as id1_0_0_, appointmen0_.comments as comments2_0_0_, appointmen0_.date as date3_0_0_, appointmen0_.hcp_id as hcp_id6_0_0_, appointmen0_.patient_id as patient_7_0_0_, appointmen0_.status as status4_0_0_, appointmen0_.type as type5_0_0_ from AppointmentRequests appointmen0_ where appointmen0_.id=? lock in share mode
00:31:25.215 [main] DEBUG o.h.l.p.b.i.spaces.QuerySpacesImpl - Adding QuerySpace : uid = <gen:0> -> org.hibernate.loader.plan.build.internal.spaces.EntityQuerySpaceImpl@45b6368d]
00:31:25.215 [main] DEBUG o.h.p.w.spi.MetamodelGraphWalker - Visiting attribute path : comments
00:31:25.215 [main] DEBUG o.h.p.w.spi.MetamodelGraphWalker - Visiting attribute path : date
00:31:25.215 [main] DEBUG o.h.p.w.spi.MetamodelGraphWalker - Visiting attribute path : hcp
00:31:25.216 [main] DEBUG o.h.l.p.b.i.spaces.QuerySpacesImpl - Adding QuerySpace : uid = <gen:1> -> org.hibernate.loader.plan.build.internal.spaces.EntityQuerySpaceImpl@2c8dd0dd]
00:31:25.216 [main] DEBUG o.h.p.w.spi.MetamodelGraphWalker - Visiting attribute path : patient
00:31:25.216 [main] DEBUG o.h.l.p.b.i.spaces.QuerySpacesImpl - Adding QuerySpace : uid = <gen:2> -> org.hibernate.loader.plan.build.internal.spaces.EntityQuerySpaceImpl@51adea29]
00:31:25.216 [main] DEBUG o.h.p.w.spi.MetamodelGraphWalker - Visiting attribute path : status
00:31:25.217 [main] DEBUG o.h.p.w.spi.MetamodelGraphWalker - Visiting attribute path : type
00:31:25.217 [main] DEBUG o.h.l.p.b.i.FetchStyleLoadPlanBuildingAssociationVisitationStrategy - Building LoadPlan...
00:31:25.217 [main] DEBUG o.h.l.p.e.i.LoadQueryJoinAndFetchProcessor - processing queryspace <gen:0>
00:31:25.217 [main] DEBUG o.h.l.p.b.spi.LoadPlanTreePrinter - LoadPlan(entity=edu.ncsu.csc.itrust2.models.persistent.AppointmentRequest)
    - Returns
       - EntityReturnImpl(entity=edu.ncsu.csc.itrust2.models.persistent.AppointmentRequest, querySpaceUid=<gen:0>, path=edu.ncsu.csc.itrust2.models.persistent.AppointmentRequest)
          - EntityAttributeFetchImpl(entity=edu.ncsu.csc.itrust2.models.persistent.User, querySpaceUid=<gen:1>, path=edu.ncsu.csc.itrust2.models.persistent.AppointmentRequest.hcp)
          - EntityAttributeFetchImpl(entity=edu.ncsu.csc.itrust2.models.persistent.User, querySpaceUid=<gen:2>, path=edu.ncsu.csc.itrust2.models.persistent.AppointmentRequest.patient)
    - QuerySpaces
       - EntityQuerySpaceImpl(uid=<gen:0>, entity=edu.ncsu.csc.itrust2.models.persistent.AppointmentRequest)
          - SQL table alias mapping - appointmen0_
          - alias suffix - 0_
          - suffixed key columns - {id1_0_0_}

00:31:25.217 [main] DEBUG o.h.loader.entity.plan.EntityLoader - Static select for entity edu.ncsu.csc.itrust2.models.persistent.AppointmentRequest [PESSIMISTIC_WRITE]: select appointmen0_.id as id1_0_0_, appointmen0_.comments as comments2_0_0_, appointmen0_.date as date3_0_0_, appointmen0_.hcp_id as hcp_id6_0_0_, appointmen0_.patient_id as patient_7_0_0_, appointmen0_.status as status4_0_0_, appointmen0_.type as type5_0_0_ from AppointmentRequests appointmen0_ where appointmen0_.id=? for update
00:31:25.218 [main] DEBUG o.h.l.p.b.i.spaces.QuerySpacesImpl - Adding QuerySpace : uid = <gen:0> -> org.hibernate.loader.plan.build.internal.spaces.EntityQuerySpaceImpl@255baccf]
00:31:25.218 [main] DEBUG o.h.p.w.spi.MetamodelGraphWalker - Visiting attribute path : comments
00:31:25.218 [main] DEBUG o.h.p.w.spi.MetamodelGraphWalker - Visiting attribute path : date
00:31:25.218 [main] DEBUG o.h.p.w.spi.MetamodelGraphWalker - Visiting attribute path : hcp
00:31:25.218 [main] DEBUG o.h.l.p.b.i.spaces.QuerySpacesImpl - Adding QuerySpace : uid = <gen:1> -> org.hibernate.loader.plan.build.internal.spaces.EntityQuerySpaceImpl@6e31514b]
00:31:25.218 [main] DEBUG o.h.p.w.spi.MetamodelGraphWalker - Visiting attribute path : patient
00:31:25.219 [main] DEBUG o.h.l.p.b.i.spaces.QuerySpacesImpl - Adding QuerySpace : uid = <gen:2> -> org.hibernate.loader.plan.build.internal.spaces.EntityQuerySpaceImpl@50730206]
00:31:25.219 [main] DEBUG o.h.p.w.spi.MetamodelGraphWalker - Visiting attribute path : status
00:31:25.219 [main] DEBUG o.h.p.w.spi.MetamodelGraphWalker - Visiting attribute path : type
00:31:25.219 [main] DEBUG o.h.l.p.b.i.FetchStyleLoadPlanBuildingAssociationVisitationStrategy - Building LoadPlan...
00:31:25.219 [main] DEBUG o.h.l.p.e.i.LoadQueryJoinAndFetchProcessor - processing queryspace <gen:0>
00:31:25.220 [main] DEBUG o.h.l.p.b.spi.LoadPlanTreePrinter - LoadPlan(entity=edu.ncsu.csc.itrust2.models.persistent.AppointmentRequest)
    - Returns
       - EntityReturnImpl(entity=edu.ncsu.csc.itrust2.models.persistent.AppointmentRequest, querySpaceUid=<gen:0>, path=edu.ncsu.csc.itrust2.models.persistent.AppointmentRequest)
          - EntityAttributeFetchImpl(entity=edu.ncsu.csc.itrust2.models.persistent.User, querySpaceUid=<gen:1>, path=edu.ncsu.csc.itrust2.models.persistent.AppointmentRequest.hcp)
          - EntityAttributeFetchImpl(entity=edu.ncsu.csc.itrust2.models.persistent.User, querySpaceUid=<gen:2>, path=edu.ncsu.csc.itrust2.models.persistent.AppointmentRequest.patient)
    - QuerySpaces
       - EntityQuerySpaceImpl(uid=<gen:0>, entity=edu.ncsu.csc.itrust2.models.persistent.AppointmentRequest)
          - SQL table alias mapping - appointmen0_
          - alias suffix - 0_
          - suffixed key columns - {id1_0_0_}

00:31:25.221 [main] DEBUG o.h.loader.entity.plan.EntityLoader - Static select for entity edu.ncsu.csc.itrust2.models.persistent.AppointmentRequest [PESSIMISTIC_FORCE_INCREMENT]: select appointmen0_.id as id1_0_0_, appointmen0_.comments as comments2_0_0_, appointmen0_.date as date3_0_0_, appointmen0_.hcp_id as hcp_id6_0_0_, appointmen0_.patient_id as patient_7_0_0_, appointmen0_.status as status4_0_0_, appointmen0_.type as type5_0_0_ from AppointmentRequests appointmen0_ where appointmen0_.id=? for update
00:31:25.221 [main] DEBUG o.h.l.p.b.i.spaces.QuerySpacesImpl - Adding QuerySpace : uid = <gen:0> -> org.hibernate.loader.plan.build.internal.spaces.EntityQuerySpaceImpl@28b6f113]
00:31:25.221 [main] DEBUG o.h.p.w.spi.MetamodelGraphWalker - Visiting attribute path : comments
00:31:25.221 [main] DEBUG o.h.p.w.spi.MetamodelGraphWalker - Visiting attribute path : date
00:31:25.221 [main] DEBUG o.h.p.w.spi.MetamodelGraphWalker - Visiting attribute path : hcp
00:31:25.222 [main] DEBUG o.h.l.p.b.i.spaces.QuerySpacesImpl - Adding QuerySpace : uid = <gen:1> -> org.hibernate.loader.plan.build.internal.spaces.EntityQuerySpaceImpl@234770ea]
00:31:25.222 [main] DEBUG o.h.p.w.spi.MetamodelGraphWalker - Visiting attribute path : patient
00:31:25.222 [main] DEBUG o.h.l.p.b.i.spaces.QuerySpacesImpl - Adding QuerySpace : uid = <gen:2> -> org.hibernate.loader.plan.build.internal.spaces.EntityQuerySpaceImpl@6b6c25b6]
00:31:25.222 [main] DEBUG o.h.p.w.spi.MetamodelGraphWalker - Visiting attribute path : status
00:31:25.223 [main] DEBUG o.h.p.w.spi.MetamodelGraphWalker - Visiting attribute path : type
00:31:25.223 [main] DEBUG o.h.l.p.b.i.FetchStyleLoadPlanBuildingAssociationVisitationStrategy - Building LoadPlan...
00:31:25.223 [main] DEBUG o.h.l.p.e.i.LoadQueryJoinAndFetchProcessor - processing queryspace <gen:0>
00:31:25.224 [main] DEBUG o.h.l.p.b.spi.LoadPlanTreePrinter - LoadPlan(entity=edu.ncsu.csc.itrust2.models.persistent.AppointmentRequest)
    - Returns
       - EntityReturnImpl(entity=edu.ncsu.csc.itrust2.models.persistent.AppointmentRequest, querySpaceUid=<gen:0>, path=edu.ncsu.csc.itrust2.models.persistent.AppointmentRequest)
          - EntityAttributeFetchImpl(entity=edu.ncsu.csc.itrust2.models.persistent.User, querySpaceUid=<gen:1>, path=edu.ncsu.csc.itrust2.models.persistent.AppointmentRequest.hcp)
          - EntityAttributeFetchImpl(entity=edu.ncsu.csc.itrust2.models.persistent.User, querySpaceUid=<gen:2>, path=edu.ncsu.csc.itrust2.models.persistent.AppointmentRequest.patient)
    - QuerySpaces
       - EntityQuerySpaceImpl(uid=<gen:0>, entity=edu.ncsu.csc.itrust2.models.persistent.AppointmentRequest)
          - SQL table alias mapping - appointmen0_
          - alias suffix - 0_
          - suffixed key columns - {id1_0_0_}

00:31:25.225 [main] DEBUG o.h.loader.entity.plan.EntityLoader - Static select for entity edu.ncsu.csc.itrust2.models.persistent.AppointmentRequest [OPTIMISTIC]: select appointmen0_.id as id1_0_0_, appointmen0_.comments as comments2_0_0_, appointmen0_.date as date3_0_0_, appointmen0_.hcp_id as hcp_id6_0_0_, appointmen0_.patient_id as patient_7_0_0_, appointmen0_.status as status4_0_0_, appointmen0_.type as type5_0_0_ from AppointmentRequests appointmen0_ where appointmen0_.id=?
00:31:25.225 [main] DEBUG o.h.l.p.b.i.spaces.QuerySpacesImpl - Adding QuerySpace : uid = <gen:0> -> org.hibernate.loader.plan.build.internal.spaces.EntityQuerySpaceImpl@74cd7fa1]
00:31:25.225 [main] DEBUG o.h.p.w.spi.MetamodelGraphWalker - Visiting attribute path : comments
00:31:25.226 [main] DEBUG o.h.p.w.spi.MetamodelGraphWalker - Visiting attribute path : date
00:31:25.226 [main] DEBUG o.h.p.w.spi.MetamodelGraphWalker - Visiting attribute path : hcp
00:31:25.226 [main] DEBUG o.h.l.p.b.i.spaces.QuerySpacesImpl - Adding QuerySpace : uid = <gen:1> -> org.hibernate.loader.plan.build.internal.spaces.EntityQuerySpaceImpl@6dded79b]
00:31:25.226 [main] DEBUG o.h.p.w.spi.MetamodelGraphWalker - Visiting attribute path : patient
00:31:25.226 [main] DEBUG o.h.l.p.b.i.spaces.QuerySpacesImpl - Adding QuerySpace : uid = <gen:2> -> org.hibernate.loader.plan.build.internal.spaces.EntityQuerySpaceImpl@67951e03]
00:31:25.226 [main] DEBUG o.h.p.w.spi.MetamodelGraphWalker - Visiting attribute path : status
00:31:25.226 [main] DEBUG o.h.p.w.spi.MetamodelGraphWalker - Visiting attribute path : type
00:31:25.227 [main] DEBUG o.h.l.p.b.i.FetchStyleLoadPlanBuildingAssociationVisitationStrategy - Building LoadPlan...
00:31:25.227 [main] DEBUG o.h.l.p.e.i.LoadQueryJoinAndFetchProcessor - processing queryspace <gen:0>
00:31:25.228 [main] DEBUG o.h.l.p.b.spi.LoadPlanTreePrinter - LoadPlan(entity=edu.ncsu.csc.itrust2.models.persistent.AppointmentRequest)
    - Returns
       - EntityReturnImpl(entity=edu.ncsu.csc.itrust2.models.persistent.AppointmentRequest, querySpaceUid=<gen:0>, path=edu.ncsu.csc.itrust2.models.persistent.AppointmentRequest)
          - EntityAttributeFetchImpl(entity=edu.ncsu.csc.itrust2.models.persistent.User, querySpaceUid=<gen:1>, path=edu.ncsu.csc.itrust2.models.persistent.AppointmentRequest.hcp)
          - EntityAttributeFetchImpl(entity=edu.ncsu.csc.itrust2.models.persistent.User, querySpaceUid=<gen:2>, path=edu.ncsu.csc.itrust2.models.persistent.AppointmentRequest.patient)
    - QuerySpaces
       - EntityQuerySpaceImpl(uid=<gen:0>, entity=edu.ncsu.csc.itrust2.models.persistent.AppointmentRequest)
          - SQL table alias mapping - appointmen0_
          - alias suffix - 0_
          - suffixed key columns - {id1_0_0_}

00:31:25.228 [main] DEBUG o.h.loader.entity.plan.EntityLoader - Static select for entity edu.ncsu.csc.itrust2.models.persistent.AppointmentRequest [OPTIMISTIC_FORCE_INCREMENT]: select appointmen0_.id as id1_0_0_, appointmen0_.comments as comments2_0_0_, appointmen0_.date as date3_0_0_, appointmen0_.hcp_id as hcp_id6_0_0_, appointmen0_.patient_id as patient_7_0_0_, appointmen0_.status as status4_0_0_, appointmen0_.type as type5_0_0_ from AppointmentRequests appointmen0_ where appointmen0_.id=?
00:31:25.229 [main] DEBUG org.hibernate.loader.Loader - Static select for action ACTION_MERGE on entity edu.ncsu.csc.itrust2.models.persistent.AppointmentRequest: select appointmen0_.id as id1_0_0_, appointmen0_.comments as comments2_0_0_, appointmen0_.date as date3_0_0_, appointmen0_.hcp_id as hcp_id6_0_0_, appointmen0_.patient_id as patient_7_0_0_, appointmen0_.status as status4_0_0_, appointmen0_.type as type5_0_0_ from AppointmentRequests appointmen0_ where appointmen0_.id=?
00:31:25.229 [main] DEBUG org.hibernate.loader.Loader - Static select for action ACTION_REFRESH on entity edu.ncsu.csc.itrust2.models.persistent.AppointmentRequest: select appointmen0_.id as id1_0_0_, appointmen0_.comments as comments2_0_0_, appointmen0_.date as date3_0_0_, appointmen0_.hcp_id as hcp_id6_0_0_, appointmen0_.patient_id as patient_7_0_0_, appointmen0_.status as status4_0_0_, appointmen0_.type as type5_0_0_ from AppointmentRequests appointmen0_ where appointmen0_.id=?
00:31:25.230 [main] DEBUG o.h.p.entity.AbstractEntityPersister - Static SQL for entity: edu.ncsu.csc.itrust2.models.persistent.LoginBan
00:31:25.230 [main] DEBUG o.h.p.entity.AbstractEntityPersister -  Version select: select id from LoginBans where id =?
00:31:25.230 [main] DEBUG o.h.p.entity.AbstractEntityPersister -  Snapshot select: select loginban_.id, loginban_.ip as ip2_8_, loginban_.time as time3_8_, loginban_.user_id as user_id4_8_ from LoginBans loginban_ where loginban_.id=?
00:31:25.230 [main] DEBUG o.h.p.entity.AbstractEntityPersister -  Insert 0: insert into LoginBans (ip, time, user_id, id) values (?, ?, ?, ?)
00:31:25.230 [main] DEBUG o.h.p.entity.AbstractEntityPersister -  Update 0: update LoginBans set ip=?, time=?, user_id=? where id=?
00:31:25.230 [main] DEBUG o.h.p.entity.AbstractEntityPersister -  Delete 0: delete from LoginBans where id=?
00:31:25.231 [main] DEBUG o.h.l.p.b.i.spaces.QuerySpacesImpl - Adding QuerySpace : uid = <gen:0> -> org.hibernate.loader.plan.build.internal.spaces.EntityQuerySpaceImpl@783a4527]
00:31:25.231 [main] DEBUG o.h.p.w.spi.MetamodelGraphWalker - Visiting attribute path : ip
00:31:25.231 [main] DEBUG o.h.p.w.spi.MetamodelGraphWalker - Visiting attribute path : time
00:31:25.231 [main] DEBUG o.h.p.w.spi.MetamodelGraphWalker - Visiting attribute path : user
00:31:25.232 [main] DEBUG o.h.l.p.b.i.spaces.QuerySpacesImpl - Adding QuerySpace : uid = <gen:1> -> org.hibernate.loader.plan.build.internal.spaces.EntityQuerySpaceImpl@27ced872]
00:31:25.232 [main] DEBUG o.h.p.w.spi.MetamodelGraphWalker - Visiting attribute path : user.enabled
00:31:25.232 [main] DEBUG o.h.p.w.spi.MetamodelGraphWalker - Visiting attribute path : user.password
00:31:25.232 [main] DEBUG o.h.p.w.spi.MetamodelGraphWalker - Visiting attribute path : user.role
00:31:25.233 [main] DEBUG o.h.l.p.b.i.FetchStyleLoadPlanBuildingAssociationVisitationStrategy - Building LoadPlan...
00:31:25.233 [main] DEBUG o.h.l.p.e.i.LoadQueryJoinAndFetchProcessor - processing queryspace <gen:0>
00:31:25.234 [main] DEBUG o.h.l.p.b.spi.LoadPlanTreePrinter - LoadPlan(entity=edu.ncsu.csc.itrust2.models.persistent.LoginBan)
    - Returns
       - EntityReturnImpl(entity=edu.ncsu.csc.itrust2.models.persistent.LoginBan, querySpaceUid=<gen:0>, path=edu.ncsu.csc.itrust2.models.persistent.LoginBan)
          - EntityAttributeFetchImpl(entity=edu.ncsu.csc.itrust2.models.persistent.User, querySpaceUid=<gen:1>, path=edu.ncsu.csc.itrust2.models.persistent.LoginBan.user)
    - QuerySpaces
       - EntityQuerySpaceImpl(uid=<gen:0>, entity=edu.ncsu.csc.itrust2.models.persistent.LoginBan)
          - SQL table alias mapping - loginban0_
          - alias suffix - 0_
          - suffixed key columns - {id1_8_0_}
          - JOIN (JoinDefinedByMetadata(user)) : <gen:0> -> <gen:1>
             - EntityQuerySpaceImpl(uid=<gen:1>, entity=edu.ncsu.csc.itrust2.models.persistent.User)
                - SQL table alias mapping - user1_
                - alias suffix - 1_
                - suffixed key columns - {username1_15_1_}

00:31:25.234 [main] DEBUG o.h.loader.entity.plan.EntityLoader - Static select for entity edu.ncsu.csc.itrust2.models.persistent.LoginBan [NONE]: select loginban0_.id as id1_8_0_, loginban0_.ip as ip2_8_0_, loginban0_.time as time3_8_0_, loginban0_.user_id as user_id4_8_0_, user1_.username as username1_15_1_, user1_.enabled as enabled2_15_1_, user1_.password as password3_15_1_, user1_.role as role4_15_1_ from LoginBans loginban0_ left outer join Users user1_ on loginban0_.user_id=user1_.username where loginban0_.id=?
00:31:25.234 [main] DEBUG o.h.l.p.b.i.spaces.QuerySpacesImpl - Adding QuerySpace : uid = <gen:0> -> org.hibernate.loader.plan.build.internal.spaces.EntityQuerySpaceImpl@425ddcc8]
00:31:25.234 [main] DEBUG o.h.p.w.spi.MetamodelGraphWalker - Visiting attribute path : ip
00:31:25.234 [main] DEBUG o.h.p.w.spi.MetamodelGraphWalker - Visiting attribute path : time
00:31:25.234 [main] DEBUG o.h.p.w.spi.MetamodelGraphWalker - Visiting attribute path : user
00:31:25.234 [main] DEBUG o.h.l.p.b.i.spaces.QuerySpacesImpl - Adding QuerySpace : uid = <gen:1> -> org.hibernate.loader.plan.build.internal.spaces.EntityQuerySpaceImpl@12241f94]
00:31:25.235 [main] DEBUG o.h.p.w.spi.MetamodelGraphWalker - Visiting attribute path : user.enabled
00:31:25.235 [main] DEBUG o.h.p.w.spi.MetamodelGraphWalker - Visiting attribute path : user.password
00:31:25.235 [main] DEBUG o.h.p.w.spi.MetamodelGraphWalker - Visiting attribute path : user.role
00:31:25.235 [main] DEBUG o.h.l.p.b.i.FetchStyleLoadPlanBuildingAssociationVisitationStrategy - Building LoadPlan...
00:31:25.236 [main] DEBUG o.h.l.p.e.i.LoadQueryJoinAndFetchProcessor - processing queryspace <gen:0>
00:31:25.236 [main] DEBUG o.h.l.p.b.spi.LoadPlanTreePrinter - LoadPlan(entity=edu.ncsu.csc.itrust2.models.persistent.LoginBan)
    - Returns
       - EntityReturnImpl(entity=edu.ncsu.csc.itrust2.models.persistent.LoginBan, querySpaceUid=<gen:0>, path=edu.ncsu.csc.itrust2.models.persistent.LoginBan)
          - EntityAttributeFetchImpl(entity=edu.ncsu.csc.itrust2.models.persistent.User, querySpaceUid=<gen:1>, path=edu.ncsu.csc.itrust2.models.persistent.LoginBan.user)
    - QuerySpaces
       - EntityQuerySpaceImpl(uid=<gen:0>, entity=edu.ncsu.csc.itrust2.models.persistent.LoginBan)
          - SQL table alias mapping - loginban0_
          - alias suffix - 0_
          - suffixed key columns - {id1_8_0_}
          - JOIN (JoinDefinedByMetadata(user)) : <gen:0> -> <gen:1>
             - EntityQuerySpaceImpl(uid=<gen:1>, entity=edu.ncsu.csc.itrust2.models.persistent.User)
                - SQL table alias mapping - user1_
                - alias suffix - 1_
                - suffixed key columns - {username1_15_1_}

00:31:25.236 [main] DEBUG o.h.loader.entity.plan.EntityLoader - Static select for entity edu.ncsu.csc.itrust2.models.persistent.LoginBan [READ]: select loginban0_.id as id1_8_0_, loginban0_.ip as ip2_8_0_, loginban0_.time as time3_8_0_, loginban0_.user_id as user_id4_8_0_, user1_.username as username1_15_1_, user1_.enabled as enabled2_15_1_, user1_.password as password3_15_1_, user1_.role as role4_15_1_ from LoginBans loginban0_ left outer join Users user1_ on loginban0_.user_id=user1_.username where loginban0_.id=?
00:31:25.237 [main] DEBUG o.h.l.p.b.i.spaces.QuerySpacesImpl - Adding QuerySpace : uid = <gen:0> -> org.hibernate.loader.plan.build.internal.spaces.EntityQuerySpaceImpl@7366663b]
00:31:25.237 [main] DEBUG o.h.p.w.spi.MetamodelGraphWalker - Visiting attribute path : ip
00:31:25.237 [main] DEBUG o.h.p.w.spi.MetamodelGraphWalker - Visiting attribute path : time
00:31:25.237 [main] DEBUG o.h.p.w.spi.MetamodelGraphWalker - Visiting attribute path : user
00:31:25.237 [main] DEBUG o.h.l.p.b.i.spaces.QuerySpacesImpl - Adding QuerySpace : uid = <gen:1> -> org.hibernate.loader.plan.build.internal.spaces.EntityQuerySpaceImpl@40e3a526]
00:31:25.237 [main] DEBUG o.h.l.p.b.i.FetchStyleLoadPlanBuildingAssociationVisitationStrategy - Building LoadPlan...
00:31:25.238 [main] DEBUG o.h.l.p.e.i.LoadQueryJoinAndFetchProcessor - processing queryspace <gen:0>
00:31:25.238 [main] DEBUG o.h.l.p.b.spi.LoadPlanTreePrinter - LoadPlan(entity=edu.ncsu.csc.itrust2.models.persistent.LoginBan)
    - Returns
       - EntityReturnImpl(entity=edu.ncsu.csc.itrust2.models.persistent.LoginBan, querySpaceUid=<gen:0>, path=edu.ncsu.csc.itrust2.models.persistent.LoginBan)
          - EntityAttributeFetchImpl(entity=edu.ncsu.csc.itrust2.models.persistent.User, querySpaceUid=<gen:1>, path=edu.ncsu.csc.itrust2.models.persistent.LoginBan.user)
    - QuerySpaces
       - EntityQuerySpaceImpl(uid=<gen:0>, entity=edu.ncsu.csc.itrust2.models.persistent.LoginBan)
          - SQL table alias mapping - loginban0_
          - alias suffix - 0_
          - suffixed key columns - {id1_8_0_}

00:31:25.238 [main] DEBUG o.h.loader.entity.plan.EntityLoader - Static select for entity edu.ncsu.csc.itrust2.models.persistent.LoginBan [UPGRADE]: select loginban0_.id as id1_8_0_, loginban0_.ip as ip2_8_0_, loginban0_.time as time3_8_0_, loginban0_.user_id as user_id4_8_0_ from LoginBans loginban0_ where loginban0_.id=? for update
00:31:25.239 [main] DEBUG o.h.l.p.b.i.spaces.QuerySpacesImpl - Adding QuerySpace : uid = <gen:0> -> org.hibernate.loader.plan.build.internal.spaces.EntityQuerySpaceImpl@1513daf9]
00:31:25.239 [main] DEBUG o.h.p.w.spi.MetamodelGraphWalker - Visiting attribute path : ip
00:31:25.239 [main] DEBUG o.h.p.w.spi.MetamodelGraphWalker - Visiting attribute path : time
00:31:25.239 [main] DEBUG o.h.p.w.spi.MetamodelGraphWalker - Visiting attribute path : user
00:31:25.239 [main] DEBUG o.h.l.p.b.i.spaces.QuerySpacesImpl - Adding QuerySpace : uid = <gen:1> -> org.hibernate.loader.plan.build.internal.spaces.EntityQuerySpaceImpl@6953ec1e]
00:31:25.239 [main] DEBUG o.h.l.p.b.i.FetchStyleLoadPlanBuildingAssociationVisitationStrategy - Building LoadPlan...
00:31:25.240 [main] DEBUG o.h.l.p.e.i.LoadQueryJoinAndFetchProcessor - processing queryspace <gen:0>
00:31:25.240 [main] DEBUG o.h.l.p.b.spi.LoadPlanTreePrinter - LoadPlan(entity=edu.ncsu.csc.itrust2.models.persistent.LoginBan)
    - Returns
       - EntityReturnImpl(entity=edu.ncsu.csc.itrust2.models.persistent.LoginBan, querySpaceUid=<gen:0>, path=edu.ncsu.csc.itrust2.models.persistent.LoginBan)
          - EntityAttributeFetchImpl(entity=edu.ncsu.csc.itrust2.models.persistent.User, querySpaceUid=<gen:1>, path=edu.ncsu.csc.itrust2.models.persistent.LoginBan.user)
    - QuerySpaces
       - EntityQuerySpaceImpl(uid=<gen:0>, entity=edu.ncsu.csc.itrust2.models.persistent.LoginBan)
          - SQL table alias mapping - loginban0_
          - alias suffix - 0_
          - suffixed key columns - {id1_8_0_}

00:31:25.240 [main] DEBUG o.h.loader.entity.plan.EntityLoader - Static select for entity edu.ncsu.csc.itrust2.models.persistent.LoginBan [UPGRADE_NOWAIT]: select loginban0_.id as id1_8_0_, loginban0_.ip as ip2_8_0_, loginban0_.time as time3_8_0_, loginban0_.user_id as user_id4_8_0_ from LoginBans loginban0_ where loginban0_.id=? for update
00:31:25.241 [main] DEBUG o.h.l.p.b.i.spaces.QuerySpacesImpl - Adding QuerySpace : uid = <gen:0> -> org.hibernate.loader.plan.build.internal.spaces.EntityQuerySpaceImpl@3444ae87]
00:31:25.241 [main] DEBUG o.h.p.w.spi.MetamodelGraphWalker - Visiting attribute path : ip
00:31:25.241 [main] DEBUG o.h.p.w.spi.MetamodelGraphWalker - Visiting attribute path : time
00:31:25.241 [main] DEBUG o.h.p.w.spi.MetamodelGraphWalker - Visiting attribute path : user
00:31:25.241 [main] DEBUG o.h.l.p.b.i.spaces.QuerySpacesImpl - Adding QuerySpace : uid = <gen:1> -> org.hibernate.loader.plan.build.internal.spaces.EntityQuerySpaceImpl@4bf5a21a]
00:31:25.242 [main] DEBUG o.h.l.p.b.i.FetchStyleLoadPlanBuildingAssociationVisitationStrategy - Building LoadPlan...
00:31:25.242 [main] DEBUG o.h.l.p.e.i.LoadQueryJoinAndFetchProcessor - processing queryspace <gen:0>
00:31:25.242 [main] DEBUG o.h.l.p.b.spi.LoadPlanTreePrinter - LoadPlan(entity=edu.ncsu.csc.itrust2.models.persistent.LoginBan)
    - Returns
       - EntityReturnImpl(entity=edu.ncsu.csc.itrust2.models.persistent.LoginBan, querySpaceUid=<gen:0>, path=edu.ncsu.csc.itrust2.models.persistent.LoginBan)
          - EntityAttributeFetchImpl(entity=edu.ncsu.csc.itrust2.models.persistent.User, querySpaceUid=<gen:1>, path=edu.ncsu.csc.itrust2.models.persistent.LoginBan.user)
    - QuerySpaces
       - EntityQuerySpaceImpl(uid=<gen:0>, entity=edu.ncsu.csc.itrust2.models.persistent.LoginBan)
          - SQL table alias mapping - loginban0_
          - alias suffix - 0_
          - suffixed key columns - {id1_8_0_}

00:31:25.242 [main] DEBUG o.h.loader.entity.plan.EntityLoader - Static select for entity edu.ncsu.csc.itrust2.models.persistent.LoginBan [UPGRADE_SKIPLOCKED]: select loginban0_.id as id1_8_0_, loginban0_.ip as ip2_8_0_, loginban0_.time as time3_8_0_, loginban0_.user_id as user_id4_8_0_ from LoginBans loginban0_ where loginban0_.id=? for update
00:31:25.242 [main] DEBUG o.h.l.p.b.i.spaces.QuerySpacesImpl - Adding QuerySpace : uid = <gen:0> -> org.hibernate.loader.plan.build.internal.spaces.EntityQuerySpaceImpl@3db08466]
00:31:25.243 [main] DEBUG o.h.p.w.spi.MetamodelGraphWalker - Visiting attribute path : ip
00:31:25.243 [main] DEBUG o.h.p.w.spi.MetamodelGraphWalker - Visiting attribute path : time
00:31:25.243 [main] DEBUG o.h.p.w.spi.MetamodelGraphWalker - Visiting attribute path : user
00:31:25.243 [main] DEBUG o.h.l.p.b.i.spaces.QuerySpacesImpl - Adding QuerySpace : uid = <gen:1> -> org.hibernate.loader.plan.build.internal.spaces.EntityQuerySpaceImpl@488982e9]
00:31:25.243 [main] DEBUG o.h.l.p.b.i.FetchStyleLoadPlanBuildingAssociationVisitationStrategy - Building LoadPlan...
00:31:25.243 [main] DEBUG o.h.l.p.e.i.LoadQueryJoinAndFetchProcessor - processing queryspace <gen:0>
00:31:25.244 [main] DEBUG o.h.l.p.b.spi.LoadPlanTreePrinter - LoadPlan(entity=edu.ncsu.csc.itrust2.models.persistent.LoginBan)
    - Returns
       - EntityReturnImpl(entity=edu.ncsu.csc.itrust2.models.persistent.LoginBan, querySpaceUid=<gen:0>, path=edu.ncsu.csc.itrust2.models.persistent.LoginBan)
          - EntityAttributeFetchImpl(entity=edu.ncsu.csc.itrust2.models.persistent.User, querySpaceUid=<gen:1>, path=edu.ncsu.csc.itrust2.models.persistent.LoginBan.user)
    - QuerySpaces
       - EntityQuerySpaceImpl(uid=<gen:0>, entity=edu.ncsu.csc.itrust2.models.persistent.LoginBan)
          - SQL table alias mapping - loginban0_
          - alias suffix - 0_
          - suffixed key columns - {id1_8_0_}

00:31:25.244 [main] DEBUG o.h.loader.entity.plan.EntityLoader - Static select for entity edu.ncsu.csc.itrust2.models.persistent.LoginBan [FORCE]: select loginban0_.id as id1_8_0_, loginban0_.ip as ip2_8_0_, loginban0_.time as time3_8_0_, loginban0_.user_id as user_id4_8_0_ from LoginBans loginban0_ where loginban0_.id=? for update
00:31:25.244 [main] DEBUG o.h.l.p.b.i.spaces.QuerySpacesImpl - Adding QuerySpace : uid = <gen:0> -> org.hibernate.loader.plan.build.internal.spaces.EntityQuerySpaceImpl@2e8a0c90]
00:31:25.244 [main] DEBUG o.h.p.w.spi.MetamodelGraphWalker - Visiting attribute path : ip
00:31:25.244 [main] DEBUG o.h.p.w.spi.MetamodelGraphWalker - Visiting attribute path : time
00:31:25.244 [main] DEBUG o.h.p.w.spi.MetamodelGraphWalker - Visiting attribute path : user
00:31:25.245 [main] DEBUG o.h.l.p.b.i.spaces.QuerySpacesImpl - Adding QuerySpace : uid = <gen:1> -> org.hibernate.loader.plan.build.internal.spaces.EntityQuerySpaceImpl@32baae8b]
00:31:25.245 [main] DEBUG o.h.l.p.b.i.FetchStyleLoadPlanBuildingAssociationVisitationStrategy - Building LoadPlan...
00:31:25.245 [main] DEBUG o.h.l.p.e.i.LoadQueryJoinAndFetchProcessor - processing queryspace <gen:0>
00:31:25.245 [main] DEBUG o.h.l.p.b.spi.LoadPlanTreePrinter - LoadPlan(entity=edu.ncsu.csc.itrust2.models.persistent.LoginBan)
    - Returns
       - EntityReturnImpl(entity=edu.ncsu.csc.itrust2.models.persistent.LoginBan, querySpaceUid=<gen:0>, path=edu.ncsu.csc.itrust2.models.persistent.LoginBan)
          - EntityAttributeFetchImpl(entity=edu.ncsu.csc.itrust2.models.persistent.User, querySpaceUid=<gen:1>, path=edu.ncsu.csc.itrust2.models.persistent.LoginBan.user)
    - QuerySpaces
       - EntityQuerySpaceImpl(uid=<gen:0>, entity=edu.ncsu.csc.itrust2.models.persistent.LoginBan)
          - SQL table alias mapping - loginban0_
          - alias suffix - 0_
          - suffixed key columns - {id1_8_0_}

00:31:25.246 [main] DEBUG o.h.loader.entity.plan.EntityLoader - Static select for entity edu.ncsu.csc.itrust2.models.persistent.LoginBan [PESSIMISTIC_READ]: select loginban0_.id as id1_8_0_, loginban0_.ip as ip2_8_0_, loginban0_.time as time3_8_0_, loginban0_.user_id as user_id4_8_0_ from LoginBans loginban0_ where loginban0_.id=? lock in share mode
00:31:25.246 [main] DEBUG o.h.l.p.b.i.spaces.QuerySpacesImpl - Adding QuerySpace : uid = <gen:0> -> org.hibernate.loader.plan.build.internal.spaces.EntityQuerySpaceImpl@36a0fcff]
00:31:25.246 [main] DEBUG o.h.p.w.spi.MetamodelGraphWalker - Visiting attribute path : ip
00:31:25.246 [main] DEBUG o.h.p.w.spi.MetamodelGraphWalker - Visiting attribute path : time
00:31:25.246 [main] DEBUG o.h.p.w.spi.MetamodelGraphWalker - Visiting attribute path : user
00:31:25.246 [main] DEBUG o.h.l.p.b.i.spaces.QuerySpacesImpl - Adding QuerySpace : uid = <gen:1> -> org.hibernate.loader.plan.build.internal.spaces.EntityQuerySpaceImpl@5e72f314]
00:31:25.246 [main] DEBUG o.h.l.p.b.i.FetchStyleLoadPlanBuildingAssociationVisitationStrategy - Building LoadPlan...
00:31:25.247 [main] DEBUG o.h.l.p.e.i.LoadQueryJoinAndFetchProcessor - processing queryspace <gen:0>
00:31:25.247 [main] DEBUG o.h.l.p.b.spi.LoadPlanTreePrinter - LoadPlan(entity=edu.ncsu.csc.itrust2.models.persistent.LoginBan)
    - Returns
       - EntityReturnImpl(entity=edu.ncsu.csc.itrust2.models.persistent.LoginBan, querySpaceUid=<gen:0>, path=edu.ncsu.csc.itrust2.models.persistent.LoginBan)
          - EntityAttributeFetchImpl(entity=edu.ncsu.csc.itrust2.models.persistent.User, querySpaceUid=<gen:1>, path=edu.ncsu.csc.itrust2.models.persistent.LoginBan.user)
    - QuerySpaces
       - EntityQuerySpaceImpl(uid=<gen:0>, entity=edu.ncsu.csc.itrust2.models.persistent.LoginBan)
          - SQL table alias mapping - loginban0_
          - alias suffix - 0_
          - suffixed key columns - {id1_8_0_}

00:31:25.247 [main] DEBUG o.h.loader.entity.plan.EntityLoader - Static select for entity edu.ncsu.csc.itrust2.models.persistent.LoginBan [PESSIMISTIC_WRITE]: select loginban0_.id as id1_8_0_, loginban0_.ip as ip2_8_0_, loginban0_.time as time3_8_0_, loginban0_.user_id as user_id4_8_0_ from LoginBans loginban0_ where loginban0_.id=? for update
00:31:25.247 [main] DEBUG o.h.l.p.b.i.spaces.QuerySpacesImpl - Adding QuerySpace : uid = <gen:0> -> org.hibernate.loader.plan.build.internal.spaces.EntityQuerySpaceImpl@395bc0a7]
00:31:25.247 [main] DEBUG o.h.p.w.spi.MetamodelGraphWalker - Visiting attribute path : ip
00:31:25.248 [main] DEBUG o.h.p.w.spi.MetamodelGraphWalker - Visiting attribute path : time
00:31:25.248 [main] DEBUG o.h.p.w.spi.MetamodelGraphWalker - Visiting attribute path : user
00:31:25.248 [main] DEBUG o.h.l.p.b.i.spaces.QuerySpacesImpl - Adding QuerySpace : uid = <gen:1> -> org.hibernate.loader.plan.build.internal.spaces.EntityQuerySpaceImpl@4490d465]
00:31:25.248 [main] DEBUG o.h.l.p.b.i.FetchStyleLoadPlanBuildingAssociationVisitationStrategy - Building LoadPlan...
00:31:25.248 [main] DEBUG o.h.l.p.e.i.LoadQueryJoinAndFetchProcessor - processing queryspace <gen:0>
00:31:25.249 [main] DEBUG o.h.l.p.b.spi.LoadPlanTreePrinter - LoadPlan(entity=edu.ncsu.csc.itrust2.models.persistent.LoginBan)
    - Returns
       - EntityReturnImpl(entity=edu.ncsu.csc.itrust2.models.persistent.LoginBan, querySpaceUid=<gen:0>, path=edu.ncsu.csc.itrust2.models.persistent.LoginBan)
          - EntityAttributeFetchImpl(entity=edu.ncsu.csc.itrust2.models.persistent.User, querySpaceUid=<gen:1>, path=edu.ncsu.csc.itrust2.models.persistent.LoginBan.user)
    - QuerySpaces
       - EntityQuerySpaceImpl(uid=<gen:0>, entity=edu.ncsu.csc.itrust2.models.persistent.LoginBan)
          - SQL table alias mapping - loginban0_
          - alias suffix - 0_
          - suffixed key columns - {id1_8_0_}

00:31:25.249 [main] DEBUG o.h.loader.entity.plan.EntityLoader - Static select for entity edu.ncsu.csc.itrust2.models.persistent.LoginBan [PESSIMISTIC_FORCE_INCREMENT]: select loginban0_.id as id1_8_0_, loginban0_.ip as ip2_8_0_, loginban0_.time as time3_8_0_, loginban0_.user_id as user_id4_8_0_ from LoginBans loginban0_ where loginban0_.id=? for update
00:31:25.249 [main] DEBUG o.h.l.p.b.i.spaces.QuerySpacesImpl - Adding QuerySpace : uid = <gen:0> -> org.hibernate.loader.plan.build.internal.spaces.EntityQuerySpaceImpl@db365b0]
00:31:25.249 [main] DEBUG o.h.p.w.spi.MetamodelGraphWalker - Visiting attribute path : ip
00:31:25.250 [main] DEBUG o.h.p.w.spi.MetamodelGraphWalker - Visiting attribute path : time
00:31:25.250 [main] DEBUG o.h.p.w.spi.MetamodelGraphWalker - Visiting attribute path : user
00:31:25.250 [main] DEBUG o.h.l.p.b.i.spaces.QuerySpacesImpl - Adding QuerySpace : uid = <gen:1> -> org.hibernate.loader.plan.build.internal.spaces.EntityQuerySpaceImpl@ee0ed53]
00:31:25.250 [main] DEBUG o.h.l.p.b.i.FetchStyleLoadPlanBuildingAssociationVisitationStrategy - Building LoadPlan...
00:31:25.250 [main] DEBUG o.h.l.p.e.i.LoadQueryJoinAndFetchProcessor - processing queryspace <gen:0>
00:31:25.251 [main] DEBUG o.h.l.p.b.spi.LoadPlanTreePrinter - LoadPlan(entity=edu.ncsu.csc.itrust2.models.persistent.LoginBan)
    - Returns
       - EntityReturnImpl(entity=edu.ncsu.csc.itrust2.models.persistent.LoginBan, querySpaceUid=<gen:0>, path=edu.ncsu.csc.itrust2.models.persistent.LoginBan)
          - EntityAttributeFetchImpl(entity=edu.ncsu.csc.itrust2.models.persistent.User, querySpaceUid=<gen:1>, path=edu.ncsu.csc.itrust2.models.persistent.LoginBan.user)
    - QuerySpaces
       - EntityQuerySpaceImpl(uid=<gen:0>, entity=edu.ncsu.csc.itrust2.models.persistent.LoginBan)
          - SQL table alias mapping - loginban0_
          - alias suffix - 0_
          - suffixed key columns - {id1_8_0_}

00:31:25.251 [main] DEBUG o.h.loader.entity.plan.EntityLoader - Static select for entity edu.ncsu.csc.itrust2.models.persistent.LoginBan [OPTIMISTIC]: select loginban0_.id as id1_8_0_, loginban0_.ip as ip2_8_0_, loginban0_.time as time3_8_0_, loginban0_.user_id as user_id4_8_0_ from LoginBans loginban0_ where loginban0_.id=?
00:31:25.252 [main] DEBUG o.h.l.p.b.i.spaces.QuerySpacesImpl - Adding QuerySpace : uid = <gen:0> -> org.hibernate.loader.plan.build.internal.spaces.EntityQuerySpaceImpl@4c113316]
00:31:25.252 [main] DEBUG o.h.p.w.spi.MetamodelGraphWalker - Visiting attribute path : ip
00:31:25.252 [main] DEBUG o.h.p.w.spi.MetamodelGraphWalker - Visiting attribute path : time
00:31:25.252 [main] DEBUG o.h.p.w.spi.MetamodelGraphWalker - Visiting attribute path : user
00:31:25.252 [main] DEBUG o.h.l.p.b.i.spaces.QuerySpacesImpl - Adding QuerySpace : uid = <gen:1> -> org.hibernate.loader.plan.build.internal.spaces.EntityQuerySpaceImpl@663d48d1]
00:31:25.252 [main] DEBUG o.h.l.p.b.i.FetchStyleLoadPlanBuildingAssociationVisitationStrategy - Building LoadPlan...
00:31:25.253 [main] DEBUG o.h.l.p.e.i.LoadQueryJoinAndFetchProcessor - processing queryspace <gen:0>
00:31:25.253 [main] DEBUG o.h.l.p.b.spi.LoadPlanTreePrinter - LoadPlan(entity=edu.ncsu.csc.itrust2.models.persistent.LoginBan)
    - Returns
       - EntityReturnImpl(entity=edu.ncsu.csc.itrust2.models.persistent.LoginBan, querySpaceUid=<gen:0>, path=edu.ncsu.csc.itrust2.models.persistent.LoginBan)
          - EntityAttributeFetchImpl(entity=edu.ncsu.csc.itrust2.models.persistent.User, querySpaceUid=<gen:1>, path=edu.ncsu.csc.itrust2.models.persistent.LoginBan.user)
    - QuerySpaces
       - EntityQuerySpaceImpl(uid=<gen:0>, entity=edu.ncsu.csc.itrust2.models.persistent.LoginBan)
          - SQL table alias mapping - loginban0_
          - alias suffix - 0_
          - suffixed key columns - {id1_8_0_}

00:31:25.253 [main] DEBUG o.h.loader.entity.plan.EntityLoader - Static select for entity edu.ncsu.csc.itrust2.models.persistent.LoginBan [OPTIMISTIC_FORCE_INCREMENT]: select loginban0_.id as id1_8_0_, loginban0_.ip as ip2_8_0_, loginban0_.time as time3_8_0_, loginban0_.user_id as user_id4_8_0_ from LoginBans loginban0_ where loginban0_.id=?
00:31:25.254 [main] DEBUG org.hibernate.loader.Loader - Static select for action ACTION_MERGE on entity edu.ncsu.csc.itrust2.models.persistent.LoginBan: select loginban0_.id as id1_8_0_, loginban0_.ip as ip2_8_0_, loginban0_.time as time3_8_0_, loginban0_.user_id as user_id4_8_0_ from LoginBans loginban0_ where loginban0_.id=?
00:31:25.254 [main] DEBUG org.hibernate.loader.Loader - Static select for action ACTION_REFRESH on entity edu.ncsu.csc.itrust2.models.persistent.LoginBan: select loginban0_.id as id1_8_0_, loginban0_.ip as ip2_8_0_, loginban0_.time as time3_8_0_, loginban0_.user_id as user_id4_8_0_ from LoginBans loginban0_ where loginban0_.id=?
00:31:25.255 [main] DEBUG o.h.p.entity.AbstractEntityPersister - Static SQL for entity: edu.ncsu.csc.itrust2.models.persistent.LogEntry
00:31:25.255 [main] DEBUG o.h.p.entity.AbstractEntityPersister -  Version select: select id from LogEntries where id =?
00:31:25.255 [main] DEBUG o.h.p.entity.AbstractEntityPersister -  Snapshot select: select logentry_.id, logentry_.logCode as logCode2_6_, logentry_.message as message3_6_, logentry_.primaryUser as primaryU4_6_, logentry_.secondaryUser as secondar5_6_, logentry_.time as time6_6_ from LogEntries logentry_ where logentry_.id=?
00:31:25.255 [main] DEBUG o.h.p.entity.AbstractEntityPersister -  Insert 0: insert into LogEntries (logCode, message, primaryUser, secondaryUser, time, id) values (?, ?, ?, ?, ?, ?)
00:31:25.255 [main] DEBUG o.h.p.entity.AbstractEntityPersister -  Update 0: update LogEntries set logCode=?, message=?, primaryUser=?, secondaryUser=?, time=? where id=?
00:31:25.255 [main] DEBUG o.h.p.entity.AbstractEntityPersister -  Delete 0: delete from LogEntries where id=?
00:31:25.256 [main] DEBUG o.h.l.p.b.i.spaces.QuerySpacesImpl - Adding QuerySpace : uid = <gen:0> -> org.hibernate.loader.plan.build.internal.spaces.EntityQuerySpaceImpl@6f3eab30]
00:31:25.256 [main] DEBUG o.h.p.w.spi.MetamodelGraphWalker - Visiting attribute path : logCode
00:31:25.256 [main] DEBUG o.h.p.w.spi.MetamodelGraphWalker - Visiting attribute path : message
00:31:25.256 [main] DEBUG o.h.p.w.spi.MetamodelGraphWalker - Visiting attribute path : primaryUser
00:31:25.256 [main] DEBUG o.h.p.w.spi.MetamodelGraphWalker - Visiting attribute path : secondaryUser
00:31:25.256 [main] DEBUG o.h.p.w.spi.MetamodelGraphWalker - Visiting attribute path : time
00:31:25.256 [main] DEBUG o.h.l.p.b.i.FetchStyleLoadPlanBuildingAssociationVisitationStrategy - Building LoadPlan...
00:31:25.257 [main] DEBUG o.h.l.p.e.i.LoadQueryJoinAndFetchProcessor - processing queryspace <gen:0>
00:31:25.257 [main] DEBUG o.h.l.p.b.spi.LoadPlanTreePrinter - LoadPlan(entity=edu.ncsu.csc.itrust2.models.persistent.LogEntry)
    - Returns
       - EntityReturnImpl(entity=edu.ncsu.csc.itrust2.models.persistent.LogEntry, querySpaceUid=<gen:0>, path=edu.ncsu.csc.itrust2.models.persistent.LogEntry)
    - QuerySpaces
       - EntityQuerySpaceImpl(uid=<gen:0>, entity=edu.ncsu.csc.itrust2.models.persistent.LogEntry)
          - SQL table alias mapping - logentry0_
          - alias suffix - 0_
          - suffixed key columns - {id1_6_0_}

00:31:25.257 [main] DEBUG o.h.loader.entity.plan.EntityLoader - Static select for entity edu.ncsu.csc.itrust2.models.persistent.LogEntry [NONE]: select logentry0_.id as id1_6_0_, logentry0_.logCode as logCode2_6_0_, logentry0_.message as message3_6_0_, logentry0_.primaryUser as primaryU4_6_0_, logentry0_.secondaryUser as secondar5_6_0_, logentry0_.time as time6_6_0_ from LogEntries logentry0_ where logentry0_.id=?
00:31:25.258 [main] DEBUG o.h.l.p.b.i.spaces.QuerySpacesImpl - Adding QuerySpace : uid = <gen:0> -> org.hibernate.loader.plan.build.internal.spaces.EntityQuerySpaceImpl@3a756784]
00:31:25.258 [main] DEBUG o.h.p.w.spi.MetamodelGraphWalker - Visiting attribute path : logCode
00:31:25.258 [main] DEBUG o.h.p.w.spi.MetamodelGraphWalker - Visiting attribute path : message
00:31:25.258 [main] DEBUG o.h.p.w.spi.MetamodelGraphWalker - Visiting attribute path : primaryUser
00:31:25.258 [main] DEBUG o.h.p.w.spi.MetamodelGraphWalker - Visiting attribute path : secondaryUser
00:31:25.258 [main] DEBUG o.h.p.w.spi.MetamodelGraphWalker - Visiting attribute path : time
00:31:25.258 [main] DEBUG o.h.l.p.b.i.FetchStyleLoadPlanBuildingAssociationVisitationStrategy - Building LoadPlan...
00:31:25.259 [main] DEBUG o.h.l.p.e.i.LoadQueryJoinAndFetchProcessor - processing queryspace <gen:0>
00:31:25.259 [main] DEBUG o.h.l.p.b.spi.LoadPlanTreePrinter - LoadPlan(entity=edu.ncsu.csc.itrust2.models.persistent.LogEntry)
    - Returns
       - EntityReturnImpl(entity=edu.ncsu.csc.itrust2.models.persistent.LogEntry, querySpaceUid=<gen:0>, path=edu.ncsu.csc.itrust2.models.persistent.LogEntry)
    - QuerySpaces
       - EntityQuerySpaceImpl(uid=<gen:0>, entity=edu.ncsu.csc.itrust2.models.persistent.LogEntry)
          - SQL table alias mapping - logentry0_
          - alias suffix - 0_
          - suffixed key columns - {id1_6_0_}

00:31:25.259 [main] DEBUG o.h.loader.entity.plan.EntityLoader - Static select for entity edu.ncsu.csc.itrust2.models.persistent.LogEntry [READ]: select logentry0_.id as id1_6_0_, logentry0_.logCode as logCode2_6_0_, logentry0_.message as message3_6_0_, logentry0_.primaryUser as primaryU4_6_0_, logentry0_.secondaryUser as secondar5_6_0_, logentry0_.time as time6_6_0_ from LogEntries logentry0_ where logentry0_.id=?
00:31:25.259 [main] DEBUG o.h.l.p.b.i.spaces.QuerySpacesImpl - Adding QuerySpace : uid = <gen:0> -> org.hibernate.loader.plan.build.internal.spaces.EntityQuerySpaceImpl@2cff9100]
00:31:25.260 [main] DEBUG o.h.p.w.spi.MetamodelGraphWalker - Visiting attribute path : logCode
00:31:25.261 [main] DEBUG o.h.p.w.spi.MetamodelGraphWalker - Visiting attribute path : message
00:31:25.261 [main] DEBUG o.h.p.w.spi.MetamodelGraphWalker - Visiting attribute path : primaryUser
00:31:25.261 [main] DEBUG o.h.p.w.spi.MetamodelGraphWalker - Visiting attribute path : secondaryUser
00:31:25.261 [main] DEBUG o.h.p.w.spi.MetamodelGraphWalker - Visiting attribute path : time
00:31:25.262 [main] DEBUG o.h.l.p.b.i.FetchStyleLoadPlanBuildingAssociationVisitationStrategy - Building LoadPlan...
00:31:25.262 [main] DEBUG o.h.l.p.e.i.LoadQueryJoinAndFetchProcessor - processing queryspace <gen:0>
00:31:25.262 [main] DEBUG o.h.l.p.b.spi.LoadPlanTreePrinter - LoadPlan(entity=edu.ncsu.csc.itrust2.models.persistent.LogEntry)
    - Returns
       - EntityReturnImpl(entity=edu.ncsu.csc.itrust2.models.persistent.LogEntry, querySpaceUid=<gen:0>, path=edu.ncsu.csc.itrust2.models.persistent.LogEntry)
    - QuerySpaces
       - EntityQuerySpaceImpl(uid=<gen:0>, entity=edu.ncsu.csc.itrust2.models.persistent.LogEntry)
          - SQL table alias mapping - logentry0_
          - alias suffix - 0_
          - suffixed key columns - {id1_6_0_}

00:31:25.262 [main] DEBUG o.h.loader.entity.plan.EntityLoader - Static select for entity edu.ncsu.csc.itrust2.models.persistent.LogEntry [UPGRADE]: select logentry0_.id as id1_6_0_, logentry0_.logCode as logCode2_6_0_, logentry0_.message as message3_6_0_, logentry0_.primaryUser as primaryU4_6_0_, logentry0_.secondaryUser as secondar5_6_0_, logentry0_.time as time6_6_0_ from LogEntries logentry0_ where logentry0_.id=? for update
00:31:25.262 [main] DEBUG o.h.l.p.b.i.spaces.QuerySpacesImpl - Adding QuerySpace : uid = <gen:0> -> org.hibernate.loader.plan.build.internal.spaces.EntityQuerySpaceImpl@20834d8]
00:31:25.263 [main] DEBUG o.h.p.w.spi.MetamodelGraphWalker - Visiting attribute path : logCode
00:31:25.263 [main] DEBUG o.h.p.w.spi.MetamodelGraphWalker - Visiting attribute path : message
00:31:25.263 [main] DEBUG o.h.p.w.spi.MetamodelGraphWalker - Visiting attribute path : primaryUser
00:31:25.263 [main] DEBUG o.h.p.w.spi.MetamodelGraphWalker - Visiting attribute path : secondaryUser
00:31:25.263 [main] DEBUG o.h.p.w.spi.MetamodelGraphWalker - Visiting attribute path : time
00:31:25.263 [main] DEBUG o.h.l.p.b.i.FetchStyleLoadPlanBuildingAssociationVisitationStrategy - Building LoadPlan...
00:31:25.263 [main] DEBUG o.h.l.p.e.i.LoadQueryJoinAndFetchProcessor - processing queryspace <gen:0>
00:31:25.264 [main] DEBUG o.h.l.p.b.spi.LoadPlanTreePrinter - LoadPlan(entity=edu.ncsu.csc.itrust2.models.persistent.LogEntry)
    - Returns
       - EntityReturnImpl(entity=edu.ncsu.csc.itrust2.models.persistent.LogEntry, querySpaceUid=<gen:0>, path=edu.ncsu.csc.itrust2.models.persistent.LogEntry)
    - QuerySpaces
       - EntityQuerySpaceImpl(uid=<gen:0>, entity=edu.ncsu.csc.itrust2.models.persistent.LogEntry)
          - SQL table alias mapping - logentry0_
          - alias suffix - 0_
          - suffixed key columns - {id1_6_0_}

00:31:25.264 [main] DEBUG o.h.loader.entity.plan.EntityLoader - Static select for entity edu.ncsu.csc.itrust2.models.persistent.LogEntry [UPGRADE_NOWAIT]: select logentry0_.id as id1_6_0_, logentry0_.logCode as logCode2_6_0_, logentry0_.message as message3_6_0_, logentry0_.primaryUser as primaryU4_6_0_, logentry0_.secondaryUser as secondar5_6_0_, logentry0_.time as time6_6_0_ from LogEntries logentry0_ where logentry0_.id=? for update
00:31:25.266 [main] DEBUG o.h.l.p.b.i.spaces.QuerySpacesImpl - Adding QuerySpace : uid = <gen:0> -> org.hibernate.loader.plan.build.internal.spaces.EntityQuerySpaceImpl@72d3098e]
00:31:25.266 [main] DEBUG o.h.p.w.spi.MetamodelGraphWalker - Visiting attribute path : logCode
00:31:25.266 [main] DEBUG o.h.p.w.spi.MetamodelGraphWalker - Visiting attribute path : message
00:31:25.266 [main] DEBUG o.h.p.w.spi.MetamodelGraphWalker - Visiting attribute path : primaryUser
00:31:25.266 [main] DEBUG o.h.p.w.spi.MetamodelGraphWalker - Visiting attribute path : secondaryUser
00:31:25.266 [main] DEBUG o.h.p.w.spi.MetamodelGraphWalker - Visiting attribute path : time
00:31:25.267 [main] DEBUG o.h.l.p.b.i.FetchStyleLoadPlanBuildingAssociationVisitationStrategy - Building LoadPlan...
00:31:25.267 [main] DEBUG o.h.l.p.e.i.LoadQueryJoinAndFetchProcessor - processing queryspace <gen:0>
00:31:25.267 [main] DEBUG o.h.l.p.b.spi.LoadPlanTreePrinter - LoadPlan(entity=edu.ncsu.csc.itrust2.models.persistent.LogEntry)
    - Returns
       - EntityReturnImpl(entity=edu.ncsu.csc.itrust2.models.persistent.LogEntry, querySpaceUid=<gen:0>, path=edu.ncsu.csc.itrust2.models.persistent.LogEntry)
    - QuerySpaces
       - EntityQuerySpaceImpl(uid=<gen:0>, entity=edu.ncsu.csc.itrust2.models.persistent.LogEntry)
          - SQL table alias mapping - logentry0_
          - alias suffix - 0_
          - suffixed key columns - {id1_6_0_}

00:31:25.267 [main] DEBUG o.h.loader.entity.plan.EntityLoader - Static select for entity edu.ncsu.csc.itrust2.models.persistent.LogEntry [UPGRADE_SKIPLOCKED]: select logentry0_.id as id1_6_0_, logentry0_.logCode as logCode2_6_0_, logentry0_.message as message3_6_0_, logentry0_.primaryUser as primaryU4_6_0_, logentry0_.secondaryUser as secondar5_6_0_, logentry0_.time as time6_6_0_ from LogEntries logentry0_ where logentry0_.id=? for update
00:31:25.268 [main] DEBUG o.h.l.p.b.i.spaces.QuerySpacesImpl - Adding QuerySpace : uid = <gen:0> -> org.hibernate.loader.plan.build.internal.spaces.EntityQuerySpaceImpl@23bfe2b3]
00:31:25.268 [main] DEBUG o.h.p.w.spi.MetamodelGraphWalker - Visiting attribute path : logCode
00:31:25.268 [main] DEBUG o.h.p.w.spi.MetamodelGraphWalker - Visiting attribute path : message
00:31:25.268 [main] DEBUG o.h.p.w.spi.MetamodelGraphWalker - Visiting attribute path : primaryUser
00:31:25.268 [main] DEBUG o.h.p.w.spi.MetamodelGraphWalker - Visiting attribute path : secondaryUser
00:31:25.268 [main] DEBUG o.h.p.w.spi.MetamodelGraphWalker - Visiting attribute path : time
00:31:25.268 [main] DEBUG o.h.l.p.b.i.FetchStyleLoadPlanBuildingAssociationVisitationStrategy - Building LoadPlan...
00:31:25.269 [main] DEBUG o.h.l.p.e.i.LoadQueryJoinAndFetchProcessor - processing queryspace <gen:0>
00:31:25.269 [main] DEBUG o.h.l.p.b.spi.LoadPlanTreePrinter - LoadPlan(entity=edu.ncsu.csc.itrust2.models.persistent.LogEntry)
    - Returns
       - EntityReturnImpl(entity=edu.ncsu.csc.itrust2.models.persistent.LogEntry, querySpaceUid=<gen:0>, path=edu.ncsu.csc.itrust2.models.persistent.LogEntry)
    - QuerySpaces
       - EntityQuerySpaceImpl(uid=<gen:0>, entity=edu.ncsu.csc.itrust2.models.persistent.LogEntry)
          - SQL table alias mapping - logentry0_
          - alias suffix - 0_
          - suffixed key columns - {id1_6_0_}

00:31:25.269 [main] DEBUG o.h.loader.entity.plan.EntityLoader - Static select for entity edu.ncsu.csc.itrust2.models.persistent.LogEntry [FORCE]: select logentry0_.id as id1_6_0_, logentry0_.logCode as logCode2_6_0_, logentry0_.message as message3_6_0_, logentry0_.primaryUser as primaryU4_6_0_, logentry0_.secondaryUser as secondar5_6_0_, logentry0_.time as time6_6_0_ from LogEntries logentry0_ where logentry0_.id=? for update
00:31:25.270 [main] DEBUG o.h.l.p.b.i.spaces.QuerySpacesImpl - Adding QuerySpace : uid = <gen:0> -> org.hibernate.loader.plan.build.internal.spaces.EntityQuerySpaceImpl@4ce15943]
00:31:25.270 [main] DEBUG o.h.p.w.spi.MetamodelGraphWalker - Visiting attribute path : logCode
00:31:25.270 [main] DEBUG o.h.p.w.spi.MetamodelGraphWalker - Visiting attribute path : message
00:31:25.270 [main] DEBUG o.h.p.w.spi.MetamodelGraphWalker - Visiting attribute path : primaryUser
00:31:25.270 [main] DEBUG o.h.p.w.spi.MetamodelGraphWalker - Visiting attribute path : secondaryUser
00:31:25.270 [main] DEBUG o.h.p.w.spi.MetamodelGraphWalker - Visiting attribute path : time
00:31:25.270 [main] DEBUG o.h.l.p.b.i.FetchStyleLoadPlanBuildingAssociationVisitationStrategy - Building LoadPlan...
00:31:25.271 [main] DEBUG o.h.l.p.e.i.LoadQueryJoinAndFetchProcessor - processing queryspace <gen:0>
00:31:25.271 [main] DEBUG o.h.l.p.b.spi.LoadPlanTreePrinter - LoadPlan(entity=edu.ncsu.csc.itrust2.models.persistent.LogEntry)
    - Returns
       - EntityReturnImpl(entity=edu.ncsu.csc.itrust2.models.persistent.LogEntry, querySpaceUid=<gen:0>, path=edu.ncsu.csc.itrust2.models.persistent.LogEntry)
    - QuerySpaces
       - EntityQuerySpaceImpl(uid=<gen:0>, entity=edu.ncsu.csc.itrust2.models.persistent.LogEntry)
          - SQL table alias mapping - logentry0_
          - alias suffix - 0_
          - suffixed key columns - {id1_6_0_}

00:31:25.271 [main] DEBUG o.h.loader.entity.plan.EntityLoader - Static select for entity edu.ncsu.csc.itrust2.models.persistent.LogEntry [PESSIMISTIC_READ]: select logentry0_.id as id1_6_0_, logentry0_.logCode as logCode2_6_0_, logentry0_.message as message3_6_0_, logentry0_.primaryUser as primaryU4_6_0_, logentry0_.secondaryUser as secondar5_6_0_, logentry0_.time as time6_6_0_ from LogEntries logentry0_ where logentry0_.id=? lock in share mode
00:31:25.272 [main] DEBUG o.h.l.p.b.i.spaces.QuerySpacesImpl - Adding QuerySpace : uid = <gen:0> -> org.hibernate.loader.plan.build.internal.spaces.EntityQuerySpaceImpl@65947da3]
00:31:25.272 [main] DEBUG o.h.p.w.spi.MetamodelGraphWalker - Visiting attribute path : logCode
00:31:25.272 [main] DEBUG o.h.p.w.spi.MetamodelGraphWalker - Visiting attribute path : message
00:31:25.273 [main] DEBUG o.h.p.w.spi.MetamodelGraphWalker - Visiting attribute path : primaryUser
00:31:25.273 [main] DEBUG o.h.p.w.spi.MetamodelGraphWalker - Visiting attribute path : secondaryUser
00:31:25.273 [main] DEBUG o.h.p.w.spi.MetamodelGraphWalker - Visiting attribute path : time
00:31:25.273 [main] DEBUG o.h.l.p.b.i.FetchStyleLoadPlanBuildingAssociationVisitationStrategy - Building LoadPlan...
00:31:25.273 [main] DEBUG o.h.l.p.e.i.LoadQueryJoinAndFetchProcessor - processing queryspace <gen:0>
00:31:25.273 [main] DEBUG o.h.l.p.b.spi.LoadPlanTreePrinter - LoadPlan(entity=edu.ncsu.csc.itrust2.models.persistent.LogEntry)
    - Returns
       - EntityReturnImpl(entity=edu.ncsu.csc.itrust2.models.persistent.LogEntry, querySpaceUid=<gen:0>, path=edu.ncsu.csc.itrust2.models.persistent.LogEntry)
    - QuerySpaces
       - EntityQuerySpaceImpl(uid=<gen:0>, entity=edu.ncsu.csc.itrust2.models.persistent.LogEntry)
          - SQL table alias mapping - logentry0_
          - alias suffix - 0_
          - suffixed key columns - {id1_6_0_}

00:31:25.274 [main] DEBUG o.h.loader.entity.plan.EntityLoader - Static select for entity edu.ncsu.csc.itrust2.models.persistent.LogEntry [PESSIMISTIC_WRITE]: select logentry0_.id as id1_6_0_, logentry0_.logCode as logCode2_6_0_, logentry0_.message as message3_6_0_, logentry0_.primaryUser as primaryU4_6_0_, logentry0_.secondaryUser as secondar5_6_0_, logentry0_.time as time6_6_0_ from LogEntries logentry0_ where logentry0_.id=? for update
00:31:25.274 [main] DEBUG o.h.l.p.b.i.spaces.QuerySpacesImpl - Adding QuerySpace : uid = <gen:0> -> org.hibernate.loader.plan.build.internal.spaces.EntityQuerySpaceImpl@20354325]
00:31:25.274 [main] DEBUG o.h.p.w.spi.MetamodelGraphWalker - Visiting attribute path : logCode
00:31:25.274 [main] DEBUG o.h.p.w.spi.MetamodelGraphWalker - Visiting attribute path : message
00:31:25.275 [main] DEBUG o.h.p.w.spi.MetamodelGraphWalker - Visiting attribute path : primaryUser
00:31:25.275 [main] DEBUG o.h.p.w.spi.MetamodelGraphWalker - Visiting attribute path : secondaryUser
00:31:25.275 [main] DEBUG o.h.p.w.spi.MetamodelGraphWalker - Visiting attribute path : time
00:31:25.275 [main] DEBUG o.h.l.p.b.i.FetchStyleLoadPlanBuildingAssociationVisitationStrategy - Building LoadPlan...
00:31:25.275 [main] DEBUG o.h.l.p.e.i.LoadQueryJoinAndFetchProcessor - processing queryspace <gen:0>
00:31:25.275 [main] DEBUG o.h.l.p.b.spi.LoadPlanTreePrinter - LoadPlan(entity=edu.ncsu.csc.itrust2.models.persistent.LogEntry)
    - Returns
       - EntityReturnImpl(entity=edu.ncsu.csc.itrust2.models.persistent.LogEntry, querySpaceUid=<gen:0>, path=edu.ncsu.csc.itrust2.models.persistent.LogEntry)
    - QuerySpaces
       - EntityQuerySpaceImpl(uid=<gen:0>, entity=edu.ncsu.csc.itrust2.models.persistent.LogEntry)
          - SQL table alias mapping - logentry0_
          - alias suffix - 0_
          - suffixed key columns - {id1_6_0_}

00:31:25.276 [main] DEBUG o.h.loader.entity.plan.EntityLoader - Static select for entity edu.ncsu.csc.itrust2.models.persistent.LogEntry [PESSIMISTIC_FORCE_INCREMENT]: select logentry0_.id as id1_6_0_, logentry0_.logCode as logCode2_6_0_, logentry0_.message as message3_6_0_, logentry0_.primaryUser as primaryU4_6_0_, logentry0_.secondaryUser as secondar5_6_0_, logentry0_.time as time6_6_0_ from LogEntries logentry0_ where logentry0_.id=? for update
00:31:25.276 [main] DEBUG o.h.l.p.b.i.spaces.QuerySpacesImpl - Adding QuerySpace : uid = <gen:0> -> org.hibernate.loader.plan.build.internal.spaces.EntityQuerySpaceImpl@4a16702c]
00:31:25.276 [main] DEBUG o.h.p.w.spi.MetamodelGraphWalker - Visiting attribute path : logCode
00:31:25.276 [main] DEBUG o.h.p.w.spi.MetamodelGraphWalker - Visiting attribute path : message
00:31:25.276 [main] DEBUG o.h.p.w.spi.MetamodelGraphWalker - Visiting attribute path : primaryUser
00:31:25.276 [main] DEBUG o.h.p.w.spi.MetamodelGraphWalker - Visiting attribute path : secondaryUser
00:31:25.277 [main] DEBUG o.h.p.w.spi.MetamodelGraphWalker - Visiting attribute path : time
00:31:25.277 [main] DEBUG o.h.l.p.b.i.FetchStyleLoadPlanBuildingAssociationVisitationStrategy - Building LoadPlan...
00:31:25.277 [main] DEBUG o.h.l.p.e.i.LoadQueryJoinAndFetchProcessor - processing queryspace <gen:0>
00:31:25.277 [main] DEBUG o.h.l.p.b.spi.LoadPlanTreePrinter - LoadPlan(entity=edu.ncsu.csc.itrust2.models.persistent.LogEntry)
    - Returns
       - EntityReturnImpl(entity=edu.ncsu.csc.itrust2.models.persistent.LogEntry, querySpaceUid=<gen:0>, path=edu.ncsu.csc.itrust2.models.persistent.LogEntry)
    - QuerySpaces
       - EntityQuerySpaceImpl(uid=<gen:0>, entity=edu.ncsu.csc.itrust2.models.persistent.LogEntry)
          - SQL table alias mapping - logentry0_
          - alias suffix - 0_
          - suffixed key columns - {id1_6_0_}

00:31:25.277 [main] DEBUG o.h.loader.entity.plan.EntityLoader - Static select for entity edu.ncsu.csc.itrust2.models.persistent.LogEntry [OPTIMISTIC]: select logentry0_.id as id1_6_0_, logentry0_.logCode as logCode2_6_0_, logentry0_.message as message3_6_0_, logentry0_.primaryUser as primaryU4_6_0_, logentry0_.secondaryUser as secondar5_6_0_, logentry0_.time as time6_6_0_ from LogEntries logentry0_ where logentry0_.id=?
00:31:25.278 [main] DEBUG o.h.l.p.b.i.spaces.QuerySpacesImpl - Adding QuerySpace : uid = <gen:0> -> org.hibernate.loader.plan.build.internal.spaces.EntityQuerySpaceImpl@67601131]
00:31:25.278 [main] DEBUG o.h.p.w.spi.MetamodelGraphWalker - Visiting attribute path : logCode
00:31:25.278 [main] DEBUG o.h.p.w.spi.MetamodelGraphWalker - Visiting attribute path : message
00:31:25.278 [main] DEBUG o.h.p.w.spi.MetamodelGraphWalker - Visiting attribute path : primaryUser
00:31:25.278 [main] DEBUG o.h.p.w.spi.MetamodelGraphWalker - Visiting attribute path : secondaryUser
00:31:25.278 [main] DEBUG o.h.p.w.spi.MetamodelGraphWalker - Visiting attribute path : time
00:31:25.278 [main] DEBUG o.h.l.p.b.i.FetchStyleLoadPlanBuildingAssociationVisitationStrategy - Building LoadPlan...
00:31:25.279 [main] DEBUG o.h.l.p.e.i.LoadQueryJoinAndFetchProcessor - processing queryspace <gen:0>
00:31:25.279 [main] DEBUG o.h.l.p.b.spi.LoadPlanTreePrinter - LoadPlan(entity=edu.ncsu.csc.itrust2.models.persistent.LogEntry)
    - Returns
       - EntityReturnImpl(entity=edu.ncsu.csc.itrust2.models.persistent.LogEntry, querySpaceUid=<gen:0>, path=edu.ncsu.csc.itrust2.models.persistent.LogEntry)
    - QuerySpaces
       - EntityQuerySpaceImpl(uid=<gen:0>, entity=edu.ncsu.csc.itrust2.models.persistent.LogEntry)
          - SQL table alias mapping - logentry0_
          - alias suffix - 0_
          - suffixed key columns - {id1_6_0_}

00:31:25.279 [main] DEBUG o.h.loader.entity.plan.EntityLoader - Static select for entity edu.ncsu.csc.itrust2.models.persistent.LogEntry [OPTIMISTIC_FORCE_INCREMENT]: select logentry0_.id as id1_6_0_, logentry0_.logCode as logCode2_6_0_, logentry0_.message as message3_6_0_, logentry0_.primaryUser as primaryU4_6_0_, logentry0_.secondaryUser as secondar5_6_0_, logentry0_.time as time6_6_0_ from LogEntries logentry0_ where logentry0_.id=?
00:31:25.279 [main] DEBUG org.hibernate.loader.Loader - Static select for action ACTION_MERGE on entity edu.ncsu.csc.itrust2.models.persistent.LogEntry: select logentry0_.id as id1_6_0_, logentry0_.logCode as logCode2_6_0_, logentry0_.message as message3_6_0_, logentry0_.primaryUser as primaryU4_6_0_, logentry0_.secondaryUser as secondar5_6_0_, logentry0_.time as time6_6_0_ from LogEntries logentry0_ where logentry0_.id=?
00:31:25.280 [main] DEBUG org.hibernate.loader.Loader - Static select for action ACTION_REFRESH on entity edu.ncsu.csc.itrust2.models.persistent.LogEntry: select logentry0_.id as id1_6_0_, logentry0_.logCode as logCode2_6_0_, logentry0_.message as message3_6_0_, logentry0_.primaryUser as primaryU4_6_0_, logentry0_.secondaryUser as secondar5_6_0_, logentry0_.time as time6_6_0_ from LogEntries logentry0_ where logentry0_.id=?
00:31:25.280 [main] DEBUG o.h.p.entity.AbstractEntityPersister - Static SQL for entity: edu.ncsu.csc.itrust2.models.persistent.LoginLockout
00:31:25.280 [main] DEBUG o.h.p.entity.AbstractEntityPersister -  Version select: select id from LoginLockouts where id =?
00:31:25.280 [main] DEBUG o.h.p.entity.AbstractEntityPersister -  Snapshot select: select loginlocko_.id, loginlocko_.ip as ip2_9_, loginlocko_.time as time3_9_, loginlocko_.user_id as user_id4_9_ from LoginLockouts loginlocko_ where loginlocko_.id=?
00:31:25.280 [main] DEBUG o.h.p.entity.AbstractEntityPersister -  Insert 0: insert into LoginLockouts (ip, time, user_id, id) values (?, ?, ?, ?)
00:31:25.281 [main] DEBUG o.h.p.entity.AbstractEntityPersister -  Update 0: update LoginLockouts set ip=?, time=?, user_id=? where id=?
00:31:25.281 [main] DEBUG o.h.p.entity.AbstractEntityPersister -  Delete 0: delete from LoginLockouts where id=?
00:31:25.281 [main] DEBUG o.h.l.p.b.i.spaces.QuerySpacesImpl - Adding QuerySpace : uid = <gen:0> -> org.hibernate.loader.plan.build.internal.spaces.EntityQuerySpaceImpl@598b4907]
00:31:25.281 [main] DEBUG o.h.p.w.spi.MetamodelGraphWalker - Visiting attribute path : ip
00:31:25.281 [main] DEBUG o.h.p.w.spi.MetamodelGraphWalker - Visiting attribute path : time
00:31:25.281 [main] DEBUG o.h.p.w.spi.MetamodelGraphWalker - Visiting attribute path : user
00:31:25.282 [main] DEBUG o.h.l.p.b.i.spaces.QuerySpacesImpl - Adding QuerySpace : uid = <gen:1> -> org.hibernate.loader.plan.build.internal.spaces.EntityQuerySpaceImpl@6142c9f3]
00:31:25.282 [main] DEBUG o.h.p.w.spi.MetamodelGraphWalker - Visiting attribute path : user.enabled
00:31:25.282 [main] DEBUG o.h.p.w.spi.MetamodelGraphWalker - Visiting attribute path : user.password
00:31:25.282 [main] DEBUG o.h.p.w.spi.MetamodelGraphWalker - Visiting attribute path : user.role
00:31:25.282 [main] DEBUG o.h.l.p.b.i.FetchStyleLoadPlanBuildingAssociationVisitationStrategy - Building LoadPlan...
00:31:25.282 [main] DEBUG o.h.l.p.e.i.LoadQueryJoinAndFetchProcessor - processing queryspace <gen:0>
00:31:25.283 [main] DEBUG o.h.l.p.b.spi.LoadPlanTreePrinter - LoadPlan(entity=edu.ncsu.csc.itrust2.models.persistent.LoginLockout)
    - Returns
       - EntityReturnImpl(entity=edu.ncsu.csc.itrust2.models.persistent.LoginLockout, querySpaceUid=<gen:0>, path=edu.ncsu.csc.itrust2.models.persistent.LoginLockout)
          - EntityAttributeFetchImpl(entity=edu.ncsu.csc.itrust2.models.persistent.User, querySpaceUid=<gen:1>, path=edu.ncsu.csc.itrust2.models.persistent.LoginLockout.user)
    - QuerySpaces
       - EntityQuerySpaceImpl(uid=<gen:0>, entity=edu.ncsu.csc.itrust2.models.persistent.LoginLockout)
          - SQL table alias mapping - loginlocko0_
          - alias suffix - 0_
          - suffixed key columns - {id1_9_0_}
          - JOIN (JoinDefinedByMetadata(user)) : <gen:0> -> <gen:1>
             - EntityQuerySpaceImpl(uid=<gen:1>, entity=edu.ncsu.csc.itrust2.models.persistent.User)
                - SQL table alias mapping - user1_
                - alias suffix - 1_
                - suffixed key columns - {username1_15_1_}

00:31:25.283 [main] DEBUG o.h.loader.entity.plan.EntityLoader - Static select for entity edu.ncsu.csc.itrust2.models.persistent.LoginLockout [NONE]: select loginlocko0_.id as id1_9_0_, loginlocko0_.ip as ip2_9_0_, loginlocko0_.time as time3_9_0_, loginlocko0_.user_id as user_id4_9_0_, user1_.username as username1_15_1_, user1_.enabled as enabled2_15_1_, user1_.password as password3_15_1_, user1_.role as role4_15_1_ from LoginLockouts loginlocko0_ left outer join Users user1_ on loginlocko0_.user_id=user1_.username where loginlocko0_.id=?
00:31:25.283 [main] DEBUG o.h.l.p.b.i.spaces.QuerySpacesImpl - Adding QuerySpace : uid = <gen:0> -> org.hibernate.loader.plan.build.internal.spaces.EntityQuerySpaceImpl@6c38bc97]
00:31:25.283 [main] DEBUG o.h.p.w.spi.MetamodelGraphWalker - Visiting attribute path : ip
00:31:25.283 [main] DEBUG o.h.p.w.spi.MetamodelGraphWalker - Visiting attribute path : time
00:31:25.284 [main] DEBUG o.h.p.w.spi.MetamodelGraphWalker - Visiting attribute path : user
00:31:25.284 [main] DEBUG o.h.l.p.b.i.spaces.QuerySpacesImpl - Adding QuerySpace : uid = <gen:1> -> org.hibernate.loader.plan.build.internal.spaces.EntityQuerySpaceImpl@78a1c562]
00:31:25.284 [main] DEBUG o.h.p.w.spi.MetamodelGraphWalker - Visiting attribute path : user.enabled
00:31:25.284 [main] DEBUG o.h.p.w.spi.MetamodelGraphWalker - Visiting attribute path : user.password
00:31:25.284 [main] DEBUG o.h.p.w.spi.MetamodelGraphWalker - Visiting attribute path : user.role
00:31:25.284 [main] DEBUG o.h.l.p.b.i.FetchStyleLoadPlanBuildingAssociationVisitationStrategy - Building LoadPlan...
00:31:25.285 [main] DEBUG o.h.l.p.e.i.LoadQueryJoinAndFetchProcessor - processing queryspace <gen:0>
00:31:25.285 [main] DEBUG o.h.l.p.b.spi.LoadPlanTreePrinter - LoadPlan(entity=edu.ncsu.csc.itrust2.models.persistent.LoginLockout)
    - Returns
       - EntityReturnImpl(entity=edu.ncsu.csc.itrust2.models.persistent.LoginLockout, querySpaceUid=<gen:0>, path=edu.ncsu.csc.itrust2.models.persistent.LoginLockout)
          - EntityAttributeFetchImpl(entity=edu.ncsu.csc.itrust2.models.persistent.User, querySpaceUid=<gen:1>, path=edu.ncsu.csc.itrust2.models.persistent.LoginLockout.user)
    - QuerySpaces
       - EntityQuerySpaceImpl(uid=<gen:0>, entity=edu.ncsu.csc.itrust2.models.persistent.LoginLockout)
          - SQL table alias mapping - loginlocko0_
          - alias suffix - 0_
          - suffixed key columns - {id1_9_0_}
          - JOIN (JoinDefinedByMetadata(user)) : <gen:0> -> <gen:1>
             - EntityQuerySpaceImpl(uid=<gen:1>, entity=edu.ncsu.csc.itrust2.models.persistent.User)
                - SQL table alias mapping - user1_
                - alias suffix - 1_
                - suffixed key columns - {username1_15_1_}

00:31:25.285 [main] DEBUG o.h.loader.entity.plan.EntityLoader - Static select for entity edu.ncsu.csc.itrust2.models.persistent.LoginLockout [READ]: select loginlocko0_.id as id1_9_0_, loginlocko0_.ip as ip2_9_0_, loginlocko0_.time as time3_9_0_, loginlocko0_.user_id as user_id4_9_0_, user1_.username as username1_15_1_, user1_.enabled as enabled2_15_1_, user1_.password as password3_15_1_, user1_.role as role4_15_1_ from LoginLockouts loginlocko0_ left outer join Users user1_ on loginlocko0_.user_id=user1_.username where loginlocko0_.id=?
00:31:25.285 [main] DEBUG o.h.l.p.b.i.spaces.QuerySpacesImpl - Adding QuerySpace : uid = <gen:0> -> org.hibernate.loader.plan.build.internal.spaces.EntityQuerySpaceImpl@7e9b1bf5]
00:31:25.286 [main] DEBUG o.h.p.w.spi.MetamodelGraphWalker - Visiting attribute path : ip
00:31:25.286 [main] DEBUG o.h.p.w.spi.MetamodelGraphWalker - Visiting attribute path : time
00:31:25.286 [main] DEBUG o.h.p.w.spi.MetamodelGraphWalker - Visiting attribute path : user
00:31:25.286 [main] DEBUG o.h.l.p.b.i.spaces.QuerySpacesImpl - Adding QuerySpace : uid = <gen:1> -> org.hibernate.loader.plan.build.internal.spaces.EntityQuerySpaceImpl@5b2e84d0]
00:31:25.286 [main] DEBUG o.h.l.p.b.i.FetchStyleLoadPlanBuildingAssociationVisitationStrategy - Building LoadPlan...
00:31:25.286 [main] DEBUG o.h.l.p.e.i.LoadQueryJoinAndFetchProcessor - processing queryspace <gen:0>
00:31:25.287 [main] DEBUG o.h.l.p.b.spi.LoadPlanTreePrinter - LoadPlan(entity=edu.ncsu.csc.itrust2.models.persistent.LoginLockout)
    - Returns
       - EntityReturnImpl(entity=edu.ncsu.csc.itrust2.models.persistent.LoginLockout, querySpaceUid=<gen:0>, path=edu.ncsu.csc.itrust2.models.persistent.LoginLockout)
          - EntityAttributeFetchImpl(entity=edu.ncsu.csc.itrust2.models.persistent.User, querySpaceUid=<gen:1>, path=edu.ncsu.csc.itrust2.models.persistent.LoginLockout.user)
    - QuerySpaces
       - EntityQuerySpaceImpl(uid=<gen:0>, entity=edu.ncsu.csc.itrust2.models.persistent.LoginLockout)
          - SQL table alias mapping - loginlocko0_
          - alias suffix - 0_
          - suffixed key columns - {id1_9_0_}

00:31:25.287 [main] DEBUG o.h.loader.entity.plan.EntityLoader - Static select for entity edu.ncsu.csc.itrust2.models.persistent.LoginLockout [UPGRADE]: select loginlocko0_.id as id1_9_0_, loginlocko0_.ip as ip2_9_0_, loginlocko0_.time as time3_9_0_, loginlocko0_.user_id as user_id4_9_0_ from LoginLockouts loginlocko0_ where loginlocko0_.id=? for update
00:31:25.287 [main] DEBUG o.h.l.p.b.i.spaces.QuerySpacesImpl - Adding QuerySpace : uid = <gen:0> -> org.hibernate.loader.plan.build.internal.spaces.EntityQuerySpaceImpl@7aadac2f]
00:31:25.287 [main] DEBUG o.h.p.w.spi.MetamodelGraphWalker - Visiting attribute path : ip
00:31:25.287 [main] DEBUG o.h.p.w.spi.MetamodelGraphWalker - Visiting attribute path : time
00:31:25.287 [main] DEBUG o.h.p.w.spi.MetamodelGraphWalker - Visiting attribute path : user
00:31:25.288 [main] DEBUG o.h.l.p.b.i.spaces.QuerySpacesImpl - Adding QuerySpace : uid = <gen:1> -> org.hibernate.loader.plan.build.internal.spaces.EntityQuerySpaceImpl@67d05d5e]
00:31:25.288 [main] DEBUG o.h.l.p.b.i.FetchStyleLoadPlanBuildingAssociationVisitationStrategy - Building LoadPlan...
00:31:25.288 [main] DEBUG o.h.l.p.e.i.LoadQueryJoinAndFetchProcessor - processing queryspace <gen:0>
00:31:25.288 [main] DEBUG o.h.l.p.b.spi.LoadPlanTreePrinter - LoadPlan(entity=edu.ncsu.csc.itrust2.models.persistent.LoginLockout)
    - Returns
       - EntityReturnImpl(entity=edu.ncsu.csc.itrust2.models.persistent.LoginLockout, querySpaceUid=<gen:0>, path=edu.ncsu.csc.itrust2.models.persistent.LoginLockout)
          - EntityAttributeFetchImpl(entity=edu.ncsu.csc.itrust2.models.persistent.User, querySpaceUid=<gen:1>, path=edu.ncsu.csc.itrust2.models.persistent.LoginLockout.user)
    - QuerySpaces
       - EntityQuerySpaceImpl(uid=<gen:0>, entity=edu.ncsu.csc.itrust2.models.persistent.LoginLockout)
          - SQL table alias mapping - loginlocko0_
          - alias suffix - 0_
          - suffixed key columns - {id1_9_0_}

00:31:25.289 [main] DEBUG o.h.loader.entity.plan.EntityLoader - Static select for entity edu.ncsu.csc.itrust2.models.persistent.LoginLockout [UPGRADE_NOWAIT]: select loginlocko0_.id as id1_9_0_, loginlocko0_.ip as ip2_9_0_, loginlocko0_.time as time3_9_0_, loginlocko0_.user_id as user_id4_9_0_ from LoginLockouts loginlocko0_ where loginlocko0_.id=? for update
00:31:25.289 [main] DEBUG o.h.l.p.b.i.spaces.QuerySpacesImpl - Adding QuerySpace : uid = <gen:0> -> org.hibernate.loader.plan.build.internal.spaces.EntityQuerySpaceImpl@48f74d70]
00:31:25.289 [main] DEBUG o.h.p.w.spi.MetamodelGraphWalker - Visiting attribute path : ip
00:31:25.289 [main] DEBUG o.h.p.w.spi.MetamodelGraphWalker - Visiting attribute path : time
00:31:25.289 [main] DEBUG o.h.p.w.spi.MetamodelGraphWalker - Visiting attribute path : user
00:31:25.289 [main] DEBUG o.h.l.p.b.i.spaces.QuerySpacesImpl - Adding QuerySpace : uid = <gen:1> -> org.hibernate.loader.plan.build.internal.spaces.EntityQuerySpaceImpl@79e48df8]
00:31:25.289 [main] DEBUG o.h.l.p.b.i.FetchStyleLoadPlanBuildingAssociationVisitationStrategy - Building LoadPlan...
00:31:25.290 [main] DEBUG o.h.l.p.e.i.LoadQueryJoinAndFetchProcessor - processing queryspace <gen:0>
00:31:25.290 [main] DEBUG o.h.l.p.b.spi.LoadPlanTreePrinter - LoadPlan(entity=edu.ncsu.csc.itrust2.models.persistent.LoginLockout)
    - Returns
       - EntityReturnImpl(entity=edu.ncsu.csc.itrust2.models.persistent.LoginLockout, querySpaceUid=<gen:0>, path=edu.ncsu.csc.itrust2.models.persistent.LoginLockout)
          - EntityAttributeFetchImpl(entity=edu.ncsu.csc.itrust2.models.persistent.User, querySpaceUid=<gen:1>, path=edu.ncsu.csc.itrust2.models.persistent.LoginLockout.user)
    - QuerySpaces
       - EntityQuerySpaceImpl(uid=<gen:0>, entity=edu.ncsu.csc.itrust2.models.persistent.LoginLockout)
          - SQL table alias mapping - loginlocko0_
          - alias suffix - 0_
          - suffixed key columns - {id1_9_0_}

00:31:25.290 [main] DEBUG o.h.loader.entity.plan.EntityLoader - Static select for entity edu.ncsu.csc.itrust2.models.persistent.LoginLockout [UPGRADE_SKIPLOCKED]: select loginlocko0_.id as id1_9_0_, loginlocko0_.ip as ip2_9_0_, loginlocko0_.time as time3_9_0_, loginlocko0_.user_id as user_id4_9_0_ from LoginLockouts loginlocko0_ where loginlocko0_.id=? for update
00:31:25.291 [main] DEBUG o.h.l.p.b.i.spaces.QuerySpacesImpl - Adding QuerySpace : uid = <gen:0> -> org.hibernate.loader.plan.build.internal.spaces.EntityQuerySpaceImpl@1cbb1537]
00:31:25.291 [main] DEBUG o.h.p.w.spi.MetamodelGraphWalker - Visiting attribute path : ip
00:31:25.291 [main] DEBUG o.h.p.w.spi.MetamodelGraphWalker - Visiting attribute path : time
00:31:25.291 [main] DEBUG o.h.p.w.spi.MetamodelGraphWalker - Visiting attribute path : user
00:31:25.291 [main] DEBUG o.h.l.p.b.i.spaces.QuerySpacesImpl - Adding QuerySpace : uid = <gen:1> -> org.hibernate.loader.plan.build.internal.spaces.EntityQuerySpaceImpl@53a066a6]
00:31:25.291 [main] DEBUG o.h.l.p.b.i.FetchStyleLoadPlanBuildingAssociationVisitationStrategy - Building LoadPlan...
00:31:25.292 [main] DEBUG o.h.l.p.e.i.LoadQueryJoinAndFetchProcessor - processing queryspace <gen:0>
00:31:25.292 [main] DEBUG o.h.l.p.b.spi.LoadPlanTreePrinter - LoadPlan(entity=edu.ncsu.csc.itrust2.models.persistent.LoginLockout)
    - Returns
       - EntityReturnImpl(entity=edu.ncsu.csc.itrust2.models.persistent.LoginLockout, querySpaceUid=<gen:0>, path=edu.ncsu.csc.itrust2.models.persistent.LoginLockout)
          - EntityAttributeFetchImpl(entity=edu.ncsu.csc.itrust2.models.persistent.User, querySpaceUid=<gen:1>, path=edu.ncsu.csc.itrust2.models.persistent.LoginLockout.user)
    - QuerySpaces
       - EntityQuerySpaceImpl(uid=<gen:0>, entity=edu.ncsu.csc.itrust2.models.persistent.LoginLockout)
          - SQL table alias mapping - loginlocko0_
          - alias suffix - 0_
          - suffixed key columns - {id1_9_0_}

00:31:25.292 [main] DEBUG o.h.loader.entity.plan.EntityLoader - Static select for entity edu.ncsu.csc.itrust2.models.persistent.LoginLockout [FORCE]: select loginlocko0_.id as id1_9_0_, loginlocko0_.ip as ip2_9_0_, loginlocko0_.time as time3_9_0_, loginlocko0_.user_id as user_id4_9_0_ from LoginLockouts loginlocko0_ where loginlocko0_.id=? for update
00:31:25.292 [main] DEBUG o.h.l.p.b.i.spaces.QuerySpacesImpl - Adding QuerySpace : uid = <gen:0> -> org.hibernate.loader.plan.build.internal.spaces.EntityQuerySpaceImpl@e76aa67]
00:31:25.292 [main] DEBUG o.h.p.w.spi.MetamodelGraphWalker - Visiting attribute path : ip
00:31:25.292 [main] DEBUG o.h.p.w.spi.MetamodelGraphWalker - Visiting attribute path : time
00:31:25.293 [main] DEBUG o.h.p.w.spi.MetamodelGraphWalker - Visiting attribute path : user
00:31:25.293 [main] DEBUG o.h.l.p.b.i.spaces.QuerySpacesImpl - Adding QuerySpace : uid = <gen:1> -> org.hibernate.loader.plan.build.internal.spaces.EntityQuerySpaceImpl@e09cfd5]
00:31:25.293 [main] DEBUG o.h.l.p.b.i.FetchStyleLoadPlanBuildingAssociationVisitationStrategy - Building LoadPlan...
00:31:25.293 [main] DEBUG o.h.l.p.e.i.LoadQueryJoinAndFetchProcessor - processing queryspace <gen:0>
00:31:25.294 [main] DEBUG o.h.l.p.b.spi.LoadPlanTreePrinter - LoadPlan(entity=edu.ncsu.csc.itrust2.models.persistent.LoginLockout)
    - Returns
       - EntityReturnImpl(entity=edu.ncsu.csc.itrust2.models.persistent.LoginLockout, querySpaceUid=<gen:0>, path=edu.ncsu.csc.itrust2.models.persistent.LoginLockout)
          - EntityAttributeFetchImpl(entity=edu.ncsu.csc.itrust2.models.persistent.User, querySpaceUid=<gen:1>, path=edu.ncsu.csc.itrust2.models.persistent.LoginLockout.user)
    - QuerySpaces
       - EntityQuerySpaceImpl(uid=<gen:0>, entity=edu.ncsu.csc.itrust2.models.persistent.LoginLockout)
          - SQL table alias mapping - loginlocko0_
          - alias suffix - 0_
          - suffixed key columns - {id1_9_0_}

00:31:25.294 [main] DEBUG o.h.loader.entity.plan.EntityLoader - Static select for entity edu.ncsu.csc.itrust2.models.persistent.LoginLockout [PESSIMISTIC_READ]: select loginlocko0_.id as id1_9_0_, loginlocko0_.ip as ip2_9_0_, loginlocko0_.time as time3_9_0_, loginlocko0_.user_id as user_id4_9_0_ from LoginLockouts loginlocko0_ where loginlocko0_.id=? lock in share mode
00:31:25.294 [main] DEBUG o.h.l.p.b.i.spaces.QuerySpacesImpl - Adding QuerySpace : uid = <gen:0> -> org.hibernate.loader.plan.build.internal.spaces.EntityQuerySpaceImpl@5ecc0de4]
00:31:25.294 [main] DEBUG o.h.p.w.spi.MetamodelGraphWalker - Visiting attribute path : ip
00:31:25.294 [main] DEBUG o.h.p.w.spi.MetamodelGraphWalker - Visiting attribute path : time
00:31:25.294 [main] DEBUG o.h.p.w.spi.MetamodelGraphWalker - Visiting attribute path : user
00:31:25.295 [main] DEBUG o.h.l.p.b.i.spaces.QuerySpacesImpl - Adding QuerySpace : uid = <gen:1> -> org.hibernate.loader.plan.build.internal.spaces.EntityQuerySpaceImpl@2f9920dd]
00:31:25.295 [main] DEBUG o.h.l.p.b.i.FetchStyleLoadPlanBuildingAssociationVisitationStrategy - Building LoadPlan...
00:31:25.295 [main] DEBUG o.h.l.p.e.i.LoadQueryJoinAndFetchProcessor - processing queryspace <gen:0>
00:31:25.295 [main] DEBUG o.h.l.p.b.spi.LoadPlanTreePrinter - LoadPlan(entity=edu.ncsu.csc.itrust2.models.persistent.LoginLockout)
    - Returns
       - EntityReturnImpl(entity=edu.ncsu.csc.itrust2.models.persistent.LoginLockout, querySpaceUid=<gen:0>, path=edu.ncsu.csc.itrust2.models.persistent.LoginLockout)
          - EntityAttributeFetchImpl(entity=edu.ncsu.csc.itrust2.models.persistent.User, querySpaceUid=<gen:1>, path=edu.ncsu.csc.itrust2.models.persistent.LoginLockout.user)
    - QuerySpaces
       - EntityQuerySpaceImpl(uid=<gen:0>, entity=edu.ncsu.csc.itrust2.models.persistent.LoginLockout)
          - SQL table alias mapping - loginlocko0_
          - alias suffix - 0_
          - suffixed key columns - {id1_9_0_}

00:31:25.295 [main] DEBUG o.h.loader.entity.plan.EntityLoader - Static select for entity edu.ncsu.csc.itrust2.models.persistent.LoginLockout [PESSIMISTIC_WRITE]: select loginlocko0_.id as id1_9_0_, loginlocko0_.ip as ip2_9_0_, loginlocko0_.time as time3_9_0_, loginlocko0_.user_id as user_id4_9_0_ from LoginLockouts loginlocko0_ where loginlocko0_.id=? for update
00:31:25.296 [main] DEBUG o.h.l.p.b.i.spaces.QuerySpacesImpl - Adding QuerySpace : uid = <gen:0> -> org.hibernate.loader.plan.build.internal.spaces.EntityQuerySpaceImpl@6fae359c]
00:31:25.296 [main] DEBUG o.h.p.w.spi.MetamodelGraphWalker - Visiting attribute path : ip
00:31:25.296 [main] DEBUG o.h.p.w.spi.MetamodelGraphWalker - Visiting attribute path : time
00:31:25.296 [main] DEBUG o.h.p.w.spi.MetamodelGraphWalker - Visiting attribute path : user
00:31:25.296 [main] DEBUG o.h.l.p.b.i.spaces.QuerySpacesImpl - Adding QuerySpace : uid = <gen:1> -> org.hibernate.loader.plan.build.internal.spaces.EntityQuerySpaceImpl@219f91bf]
00:31:25.296 [main] DEBUG o.h.l.p.b.i.FetchStyleLoadPlanBuildingAssociationVisitationStrategy - Building LoadPlan...
00:31:25.297 [main] DEBUG o.h.l.p.e.i.LoadQueryJoinAndFetchProcessor - processing queryspace <gen:0>
00:31:25.297 [main] DEBUG o.h.l.p.b.spi.LoadPlanTreePrinter - LoadPlan(entity=edu.ncsu.csc.itrust2.models.persistent.LoginLockout)
    - Returns
       - EntityReturnImpl(entity=edu.ncsu.csc.itrust2.models.persistent.LoginLockout, querySpaceUid=<gen:0>, path=edu.ncsu.csc.itrust2.models.persistent.LoginLockout)
          - EntityAttributeFetchImpl(entity=edu.ncsu.csc.itrust2.models.persistent.User, querySpaceUid=<gen:1>, path=edu.ncsu.csc.itrust2.models.persistent.LoginLockout.user)
    - QuerySpaces
       - EntityQuerySpaceImpl(uid=<gen:0>, entity=edu.ncsu.csc.itrust2.models.persistent.LoginLockout)
          - SQL table alias mapping - loginlocko0_
          - alias suffix - 0_
          - suffixed key columns - {id1_9_0_}

00:31:25.297 [main] DEBUG o.h.loader.entity.plan.EntityLoader - Static select for entity edu.ncsu.csc.itrust2.models.persistent.LoginLockout [PESSIMISTIC_FORCE_INCREMENT]: select loginlocko0_.id as id1_9_0_, loginlocko0_.ip as ip2_9_0_, loginlocko0_.time as time3_9_0_, loginlocko0_.user_id as user_id4_9_0_ from LoginLockouts loginlocko0_ where loginlocko0_.id=? for update
00:31:25.297 [main] DEBUG o.h.l.p.b.i.spaces.QuerySpacesImpl - Adding QuerySpace : uid = <gen:0> -> org.hibernate.loader.plan.build.internal.spaces.EntityQuerySpaceImpl@47e6c299]
00:31:25.297 [main] DEBUG o.h.p.w.spi.MetamodelGraphWalker - Visiting attribute path : ip
00:31:25.298 [main] DEBUG o.h.p.w.spi.MetamodelGraphWalker - Visiting attribute path : time
00:31:25.298 [main] DEBUG o.h.p.w.spi.MetamodelGraphWalker - Visiting attribute path : user
00:31:25.298 [main] DEBUG o.h.l.p.b.i.spaces.QuerySpacesImpl - Adding QuerySpace : uid = <gen:1> -> org.hibernate.loader.plan.build.internal.spaces.EntityQuerySpaceImpl@15b02605]
00:31:25.298 [main] DEBUG o.h.l.p.b.i.FetchStyleLoadPlanBuildingAssociationVisitationStrategy - Building LoadPlan...
00:31:25.298 [main] DEBUG o.h.l.p.e.i.LoadQueryJoinAndFetchProcessor - processing queryspace <gen:0>
00:31:25.299 [main] DEBUG o.h.l.p.b.spi.LoadPlanTreePrinter - LoadPlan(entity=edu.ncsu.csc.itrust2.models.persistent.LoginLockout)
    - Returns
       - EntityReturnImpl(entity=edu.ncsu.csc.itrust2.models.persistent.LoginLockout, querySpaceUid=<gen:0>, path=edu.ncsu.csc.itrust2.models.persistent.LoginLockout)
          - EntityAttributeFetchImpl(entity=edu.ncsu.csc.itrust2.models.persistent.User, querySpaceUid=<gen:1>, path=edu.ncsu.csc.itrust2.models.persistent.LoginLockout.user)
    - QuerySpaces
       - EntityQuerySpaceImpl(uid=<gen:0>, entity=edu.ncsu.csc.itrust2.models.persistent.LoginLockout)
          - SQL table alias mapping - loginlocko0_
          - alias suffix - 0_
          - suffixed key columns - {id1_9_0_}

00:31:25.299 [main] DEBUG o.h.loader.entity.plan.EntityLoader - Static select for entity edu.ncsu.csc.itrust2.models.persistent.LoginLockout [OPTIMISTIC]: select loginlocko0_.id as id1_9_0_, loginlocko0_.ip as ip2_9_0_, loginlocko0_.time as time3_9_0_, loginlocko0_.user_id as user_id4_9_0_ from LoginLockouts loginlocko0_ where loginlocko0_.id=?
00:31:25.299 [main] DEBUG o.h.l.p.b.i.spaces.QuerySpacesImpl - Adding QuerySpace : uid = <gen:0> -> org.hibernate.loader.plan.build.internal.spaces.EntityQuerySpaceImpl@487f5f65]
00:31:25.299 [main] DEBUG o.h.p.w.spi.MetamodelGraphWalker - Visiting attribute path : ip
00:31:25.299 [main] DEBUG o.h.p.w.spi.MetamodelGraphWalker - Visiting attribute path : time
00:31:25.299 [main] DEBUG o.h.p.w.spi.MetamodelGraphWalker - Visiting attribute path : user
00:31:25.299 [main] DEBUG o.h.l.p.b.i.spaces.QuerySpacesImpl - Adding QuerySpace : uid = <gen:1> -> org.hibernate.loader.plan.build.internal.spaces.EntityQuerySpaceImpl@30e64797]
00:31:25.300 [main] DEBUG o.h.l.p.b.i.FetchStyleLoadPlanBuildingAssociationVisitationStrategy - Building LoadPlan...
00:31:25.300 [main] DEBUG o.h.l.p.e.i.LoadQueryJoinAndFetchProcessor - processing queryspace <gen:0>
00:31:25.300 [main] DEBUG o.h.l.p.b.spi.LoadPlanTreePrinter - LoadPlan(entity=edu.ncsu.csc.itrust2.models.persistent.LoginLockout)
    - Returns
       - EntityReturnImpl(entity=edu.ncsu.csc.itrust2.models.persistent.LoginLockout, querySpaceUid=<gen:0>, path=edu.ncsu.csc.itrust2.models.persistent.LoginLockout)
          - EntityAttributeFetchImpl(entity=edu.ncsu.csc.itrust2.models.persistent.User, querySpaceUid=<gen:1>, path=edu.ncsu.csc.itrust2.models.persistent.LoginLockout.user)
    - QuerySpaces
       - EntityQuerySpaceImpl(uid=<gen:0>, entity=edu.ncsu.csc.itrust2.models.persistent.LoginLockout)
          - SQL table alias mapping - loginlocko0_
          - alias suffix - 0_
          - suffixed key columns - {id1_9_0_}

00:31:25.300 [main] DEBUG o.h.loader.entity.plan.EntityLoader - Static select for entity edu.ncsu.csc.itrust2.models.persistent.LoginLockout [OPTIMISTIC_FORCE_INCREMENT]: select loginlocko0_.id as id1_9_0_, loginlocko0_.ip as ip2_9_0_, loginlocko0_.time as time3_9_0_, loginlocko0_.user_id as user_id4_9_0_ from LoginLockouts loginlocko0_ where loginlocko0_.id=?
00:31:25.301 [main] DEBUG org.hibernate.loader.Loader - Static select for action ACTION_MERGE on entity edu.ncsu.csc.itrust2.models.persistent.LoginLockout: select loginlocko0_.id as id1_9_0_, loginlocko0_.ip as ip2_9_0_, loginlocko0_.time as time3_9_0_, loginlocko0_.user_id as user_id4_9_0_ from LoginLockouts loginlocko0_ where loginlocko0_.id=?
00:31:25.301 [main] DEBUG org.hibernate.loader.Loader - Static select for action ACTION_REFRESH on entity edu.ncsu.csc.itrust2.models.persistent.LoginLockout: select loginlocko0_.id as id1_9_0_, loginlocko0_.ip as ip2_9_0_, loginlocko0_.time as time3_9_0_, loginlocko0_.user_id as user_id4_9_0_ from LoginLockouts loginlocko0_ where loginlocko0_.id=?
00:31:25.301 [main] DEBUG o.h.p.entity.AbstractEntityPersister - Static SQL for entity: edu.ncsu.csc.itrust2.models.persistent.OfficeVisit
00:31:25.301 [main] DEBUG o.h.p.entity.AbstractEntityPersister -  Version select: select id from OfficeVisits where id =?
00:31:25.302 [main] DEBUG o.h.p.entity.AbstractEntityPersister -  Snapshot select: select officevisi_.id, officevisi_.appointment_id as appointm5_10_, officevisi_.basichealthmetrics_id as basichea6_10_, officevisi_.date as date2_10_, officevisi_.hcp_id as hcp_id7_10_, officevisi_.hospital_id as hospital8_10_, officevisi_.notes as notes3_10_, officevisi_.patient_id as patient_9_10_, officevisi_.type as type4_10_ from OfficeVisits officevisi_ where officevisi_.id=?
00:31:25.302 [main] DEBUG o.h.p.entity.AbstractEntityPersister -  Insert 0: insert into OfficeVisits (appointment_id, basichealthmetrics_id, date, hcp_id, hospital_id, notes, patient_id, type, id) values (?, ?, ?, ?, ?, ?, ?, ?, ?)
00:31:25.302 [main] DEBUG o.h.p.entity.AbstractEntityPersister -  Update 0: update OfficeVisits set appointment_id=?, basichealthmetrics_id=?, date=?, hcp_id=?, hospital_id=?, notes=?, patient_id=?, type=? where id=?
00:31:25.302 [main] DEBUG o.h.p.entity.AbstractEntityPersister -  Delete 0: delete from OfficeVisits where id=?
00:31:25.302 [main] DEBUG o.h.l.p.b.i.spaces.QuerySpacesImpl - Adding QuerySpace : uid = <gen:0> -> org.hibernate.loader.plan.build.internal.spaces.EntityQuerySpaceImpl@24f2cf80]
00:31:25.302 [main] DEBUG o.h.p.w.spi.MetamodelGraphWalker - Visiting attribute path : appointment
00:31:25.302 [main] DEBUG o.h.l.p.b.i.spaces.QuerySpacesImpl - Adding QuerySpace : uid = <gen:1> -> org.hibernate.loader.plan.build.internal.spaces.EntityQuerySpaceImpl@4a13c74b]
00:31:25.303 [main] DEBUG o.h.p.w.spi.MetamodelGraphWalker - Visiting attribute path : appointment.comments
00:31:25.303 [main] DEBUG o.h.p.w.spi.MetamodelGraphWalker - Visiting attribute path : appointment.date
00:31:25.303 [main] DEBUG o.h.p.w.spi.MetamodelGraphWalker - Visiting attribute path : appointment.hcp
00:31:25.303 [main] DEBUG o.h.l.p.b.i.spaces.QuerySpacesImpl - Adding QuerySpace : uid = <gen:2> -> org.hibernate.loader.plan.build.internal.spaces.EntityQuerySpaceImpl@7a77a337]
00:31:25.303 [main] DEBUG o.h.p.w.spi.MetamodelGraphWalker - Visiting attribute path : appointment.hcp.enabled
00:31:25.303 [main] DEBUG o.h.p.w.spi.MetamodelGraphWalker - Visiting attribute path : appointment.hcp.password
00:31:25.304 [main] DEBUG o.h.p.w.spi.MetamodelGraphWalker - Visiting attribute path : appointment.hcp.role
00:31:25.304 [main] DEBUG o.h.p.w.spi.MetamodelGraphWalker - Visiting attribute path : appointment.patient
00:31:25.304 [main] DEBUG o.h.l.p.b.i.spaces.QuerySpacesImpl - Adding QuerySpace : uid = <gen:3> -> org.hibernate.loader.plan.build.internal.spaces.EntityQuerySpaceImpl@19394f51]
00:31:25.304 [main] DEBUG o.h.p.w.spi.MetamodelGraphWalker - Visiting attribute path : appointment.patient.enabled
00:31:25.304 [main] DEBUG o.h.p.w.spi.MetamodelGraphWalker - Visiting attribute path : appointment.patient.password
00:31:25.304 [main] DEBUG o.h.p.w.spi.MetamodelGraphWalker - Visiting attribute path : appointment.patient.role
00:31:25.304 [main] DEBUG o.h.p.w.spi.MetamodelGraphWalker - Visiting attribute path : appointment.status
00:31:25.305 [main] DEBUG o.h.p.w.spi.MetamodelGraphWalker - Visiting attribute path : appointment.type
00:31:25.305 [main] DEBUG o.h.p.w.spi.MetamodelGraphWalker - Visiting attribute path : basicHealthMetrics
00:31:25.305 [main] DEBUG o.h.l.p.b.i.spaces.QuerySpacesImpl - Adding QuerySpace : uid = <gen:4> -> org.hibernate.loader.plan.build.internal.spaces.EntityQuerySpaceImpl@49174b0f]
00:31:25.305 [main] DEBUG o.h.p.w.spi.MetamodelGraphWalker - Visiting attribute path : basicHealthMetrics.diastolic
00:31:25.305 [main] DEBUG o.h.p.w.spi.MetamodelGraphWalker - Visiting attribute path : basicHealthMetrics.hcp
00:31:25.305 [main] DEBUG o.h.l.p.b.i.spaces.QuerySpacesImpl - Adding QuerySpace : uid = <gen:5> -> org.hibernate.loader.plan.build.internal.spaces.EntityQuerySpaceImpl@70a81fe9]
00:31:25.306 [main] DEBUG o.h.p.w.spi.MetamodelGraphWalker - Visiting attribute path : basicHealthMetrics.hcp.enabled
00:31:25.306 [main] DEBUG o.h.p.w.spi.MetamodelGraphWalker - Visiting attribute path : basicHealthMetrics.hcp.password
00:31:25.306 [main] DEBUG o.h.p.w.spi.MetamodelGraphWalker - Visiting attribute path : basicHealthMetrics.hcp.role
00:31:25.306 [main] DEBUG o.h.p.w.spi.MetamodelGraphWalker - Visiting attribute path : basicHealthMetrics.hdl
00:31:25.306 [main] DEBUG o.h.p.w.spi.MetamodelGraphWalker - Visiting attribute path : basicHealthMetrics.headCircumference
00:31:25.306 [main] DEBUG o.h.p.w.spi.MetamodelGraphWalker - Visiting attribute path : basicHealthMetrics.height
00:31:25.306 [main] DEBUG o.h.p.w.spi.MetamodelGraphWalker - Visiting attribute path : basicHealthMetrics.houseSmokingStatus
00:31:25.307 [main] DEBUG o.h.p.w.spi.MetamodelGraphWalker - Visiting attribute path : basicHealthMetrics.ldl
00:31:25.307 [main] DEBUG o.h.p.w.spi.MetamodelGraphWalker - Visiting attribute path : basicHealthMetrics.patient
00:31:25.307 [main] DEBUG o.h.l.p.b.i.spaces.QuerySpacesImpl - Adding QuerySpace : uid = <gen:6> -> org.hibernate.loader.plan.build.internal.spaces.EntityQuerySpaceImpl@7c2aa249]
00:31:25.307 [main] DEBUG o.h.p.w.spi.MetamodelGraphWalker - Visiting attribute path : basicHealthMetrics.patient.enabled
00:31:25.307 [main] DEBUG o.h.p.w.spi.MetamodelGraphWalker - Visiting attribute path : basicHealthMetrics.patient.password
00:31:25.307 [main] DEBUG o.h.p.w.spi.MetamodelGraphWalker - Visiting attribute path : basicHealthMetrics.patient.role
00:31:25.307 [main] DEBUG o.h.p.w.spi.MetamodelGraphWalker - Visiting attribute path : basicHealthMetrics.patientSmokingStatus
00:31:25.308 [main] DEBUG o.h.p.w.spi.MetamodelGraphWalker - Visiting attribute path : basicHealthMetrics.systolic
00:31:25.308 [main] DEBUG o.h.p.w.spi.MetamodelGraphWalker - Visiting attribute path : basicHealthMetrics.tri
00:31:25.308 [main] DEBUG o.h.p.w.spi.MetamodelGraphWalker - Visiting attribute path : basicHealthMetrics.weight
00:31:25.308 [main] DEBUG o.h.p.w.spi.MetamodelGraphWalker - Visiting attribute path : date
00:31:25.308 [main] DEBUG o.h.p.w.spi.MetamodelGraphWalker - Visiting attribute path : hcp
00:31:25.308 [main] DEBUG o.h.l.p.b.i.spaces.QuerySpacesImpl - Adding QuerySpace : uid = <gen:7> -> org.hibernate.loader.plan.build.internal.spaces.EntityQuerySpaceImpl@2bea2154]
00:31:25.309 [main] DEBUG o.h.p.w.spi.MetamodelGraphWalker - Visiting attribute path : hcp.enabled
00:31:25.309 [main] DEBUG o.h.p.w.spi.MetamodelGraphWalker - Visiting attribute path : hcp.password
00:31:25.309 [main] DEBUG o.h.p.w.spi.MetamodelGraphWalker - Visiting attribute path : hcp.role
00:31:25.309 [main] DEBUG o.h.p.w.spi.MetamodelGraphWalker - Visiting attribute path : hospital
00:31:25.309 [main] DEBUG o.h.l.p.b.i.spaces.QuerySpacesImpl - Adding QuerySpace : uid = <gen:8> -> org.hibernate.loader.plan.build.internal.spaces.EntityQuerySpaceImpl@3ba8692d]
00:31:25.309 [main] DEBUG o.h.p.w.spi.MetamodelGraphWalker - Visiting attribute path : hospital.address
00:31:25.309 [main] DEBUG o.h.p.w.spi.MetamodelGraphWalker - Visiting attribute path : hospital.state
00:31:25.310 [main] DEBUG o.h.p.w.spi.MetamodelGraphWalker - Visiting attribute path : hospital.zip
00:31:25.310 [main] DEBUG o.h.p.w.spi.MetamodelGraphWalker - Visiting attribute path : notes
00:31:25.310 [main] DEBUG o.h.p.w.spi.MetamodelGraphWalker - Visiting attribute path : patient
00:31:25.310 [main] DEBUG o.h.l.p.b.i.spaces.QuerySpacesImpl - Adding QuerySpace : uid = <gen:9> -> org.hibernate.loader.plan.build.internal.spaces.EntityQuerySpaceImpl@3359e554]
00:31:25.310 [main] DEBUG o.h.p.w.spi.MetamodelGraphWalker - Visiting attribute path : patient.enabled
00:31:25.310 [main] DEBUG o.h.p.w.spi.MetamodelGraphWalker - Visiting attribute path : patient.password
00:31:25.311 [main] DEBUG o.h.p.w.spi.MetamodelGraphWalker - Visiting attribute path : patient.role
00:31:25.311 [main] DEBUG o.h.p.w.spi.MetamodelGraphWalker - Visiting attribute path : prescriptions
00:31:25.312 [main] DEBUG o.h.l.p.b.i.spaces.QuerySpacesImpl - Adding QuerySpace : uid = <gen:10> -> org.hibernate.loader.plan.build.internal.spaces.CollectionQuerySpaceImpl@56688aff]
00:31:25.316 [main] DEBUG o.h.l.p.b.i.spaces.QuerySpacesImpl - Adding QuerySpace : uid = <gen:11> -> org.hibernate.loader.plan.build.internal.spaces.EntityQuerySpaceImpl@777bf392]
00:31:25.318 [main] DEBUG o.h.p.w.spi.MetamodelGraphWalker - Visiting attribute path : prescriptions.dosage
00:31:25.318 [main] DEBUG o.h.p.w.spi.MetamodelGraphWalker - Visiting attribute path : prescriptions.drug
00:31:25.318 [main] DEBUG o.h.l.p.b.i.spaces.QuerySpacesImpl - Adding QuerySpace : uid = <gen:12> -> org.hibernate.loader.plan.build.internal.spaces.EntityQuerySpaceImpl@34e2c318]
00:31:25.318 [main] DEBUG o.h.p.w.spi.MetamodelGraphWalker - Visiting attribute path : prescriptions.drug.code
00:31:25.318 [main] DEBUG o.h.p.w.spi.MetamodelGraphWalker - Visiting attribute path : prescriptions.drug.description
00:31:25.319 [main] DEBUG o.h.p.w.spi.MetamodelGraphWalker - Visiting attribute path : prescriptions.drug.name
00:31:25.319 [main] DEBUG o.h.p.w.spi.MetamodelGraphWalker - Visiting attribute path : prescriptions.endDate
00:31:25.319 [main] DEBUG o.h.p.w.spi.MetamodelGraphWalker - Visiting attribute path : prescriptions.patient
00:31:25.319 [main] DEBUG o.h.l.p.b.i.spaces.QuerySpacesImpl - Adding QuerySpace : uid = <gen:13> -> org.hibernate.loader.plan.build.internal.spaces.EntityQuerySpaceImpl@47bd6d1f]
00:31:25.319 [main] DEBUG o.h.p.w.spi.MetamodelGraphWalker - Visiting attribute path : prescriptions.patient.enabled
00:31:25.319 [main] DEBUG o.h.p.w.spi.MetamodelGraphWalker - Visiting attribute path : prescriptions.patient.password
00:31:25.319 [main] DEBUG o.h.p.w.spi.MetamodelGraphWalker - Visiting attribute path : prescriptions.patient.role
00:31:25.320 [main] DEBUG o.h.p.w.spi.MetamodelGraphWalker - Visiting attribute path : prescriptions.renewals
00:31:25.320 [main] DEBUG o.h.p.w.spi.MetamodelGraphWalker - Visiting attribute path : prescriptions.startDate
00:31:25.320 [main] DEBUG o.h.p.w.spi.MetamodelGraphWalker - Visiting attribute path : type
00:31:25.320 [main] DEBUG o.h.l.p.b.i.FetchStyleLoadPlanBuildingAssociationVisitationStrategy - Building LoadPlan...
00:31:25.320 [main] DEBUG o.h.l.p.e.i.LoadQueryJoinAndFetchProcessor - processing queryspace <gen:0>
00:31:25.326 [main] DEBUG o.h.l.p.b.spi.LoadPlanTreePrinter - LoadPlan(entity=edu.ncsu.csc.itrust2.models.persistent.OfficeVisit)
    - Returns
       - EntityReturnImpl(entity=edu.ncsu.csc.itrust2.models.persistent.OfficeVisit, querySpaceUid=<gen:0>, path=edu.ncsu.csc.itrust2.models.persistent.OfficeVisit)
          - EntityAttributeFetchImpl(entity=edu.ncsu.csc.itrust2.models.persistent.AppointmentRequest, querySpaceUid=<gen:1>, path=edu.ncsu.csc.itrust2.models.persistent.OfficeVisit.appointment)
             - EntityAttributeFetchImpl(entity=edu.ncsu.csc.itrust2.models.persistent.User, querySpaceUid=<gen:2>, path=edu.ncsu.csc.itrust2.models.persistent.OfficeVisit.appointment.hcp)
             - EntityAttributeFetchImpl(entity=edu.ncsu.csc.itrust2.models.persistent.User, querySpaceUid=<gen:3>, path=edu.ncsu.csc.itrust2.models.persistent.OfficeVisit.appointment.patient)
          - EntityAttributeFetchImpl(entity=edu.ncsu.csc.itrust2.models.persistent.BasicHealthMetrics, querySpaceUid=<gen:4>, path=edu.ncsu.csc.itrust2.models.persistent.OfficeVisit.basicHealthMetrics)
             - EntityAttributeFetchImpl(entity=edu.ncsu.csc.itrust2.models.persistent.User, querySpaceUid=<gen:5>, path=edu.ncsu.csc.itrust2.models.persistent.OfficeVisit.basicHealthMetrics.hcp)
             - EntityAttributeFetchImpl(entity=edu.ncsu.csc.itrust2.models.persistent.User, querySpaceUid=<gen:6>, path=edu.ncsu.csc.itrust2.models.persistent.OfficeVisit.basicHealthMetrics.patient)
          - EntityAttributeFetchImpl(entity=edu.ncsu.csc.itrust2.models.persistent.User, querySpaceUid=<gen:7>, path=edu.ncsu.csc.itrust2.models.persistent.OfficeVisit.hcp)
          - EntityAttributeFetchImpl(entity=edu.ncsu.csc.itrust2.models.persistent.Hospital, querySpaceUid=<gen:8>, path=edu.ncsu.csc.itrust2.models.persistent.OfficeVisit.hospital)
          - EntityAttributeFetchImpl(entity=edu.ncsu.csc.itrust2.models.persistent.User, querySpaceUid=<gen:9>, path=edu.ncsu.csc.itrust2.models.persistent.OfficeVisit.patient)
          - CollectionAttributeFetchImpl(collection=edu.ncsu.csc.itrust2.models.persistent.OfficeVisit.prescriptions, querySpaceUid=<gen:10>, path=edu.ncsu.csc.itrust2.models.persistent.OfficeVisit.prescriptions)
             - (collection element) CollectionFetchableElementEntityGraph(entity=edu.ncsu.csc.itrust2.models.persistent.Prescription, querySpaceUid=<gen:11>, path=edu.ncsu.csc.itrust2.models.persistent.OfficeVisit.prescriptions.<elements>)
                - EntityAttributeFetchImpl(entity=edu.ncsu.csc.itrust2.models.persistent.Drug, querySpaceUid=<gen:12>, path=edu.ncsu.csc.itrust2.models.persistent.OfficeVisit.prescriptions.<elements>.drug)
                - EntityAttributeFetchImpl(entity=edu.ncsu.csc.itrust2.models.persistent.User, querySpaceUid=<gen:13>, path=edu.ncsu.csc.itrust2.models.persistent.OfficeVisit.prescriptions.<elements>.patient)
    - QuerySpaces
       - EntityQuerySpaceImpl(uid=<gen:0>, entity=edu.ncsu.csc.itrust2.models.persistent.OfficeVisit)
          - SQL table alias mapping - officevisi0_
          - alias suffix - 0_
          - suffixed key columns - {id1_10_0_}
          - JOIN (JoinDefinedByMetadata(appointment)) : <gen:0> -> <gen:1>
             - EntityQuerySpaceImpl(uid=<gen:1>, entity=edu.ncsu.csc.itrust2.models.persistent.AppointmentRequest)
                - SQL table alias mapping - appointmen1_
                - alias suffix - 1_
                - suffixed key columns - {id1_0_1_}
                - JOIN (JoinDefinedByMetadata(hcp)) : <gen:1> -> <gen:2>
                   - EntityQuerySpaceImpl(uid=<gen:2>, entity=edu.ncsu.csc.itrust2.models.persistent.User)
                      - SQL table alias mapping - user2_
                      - alias suffix - 2_
                      - suffixed key columns - {username1_15_2_}
                - JOIN (JoinDefinedByMetadata(patient)) : <gen:1> -> <gen:3>
                   - EntityQuerySpaceImpl(uid=<gen:3>, entity=edu.ncsu.csc.itrust2.models.persistent.User)
                      - SQL table alias mapping - user3_
                      - alias suffix - 3_
                      - suffixed key columns - {username1_15_3_}
          - JOIN (JoinDefinedByMetadata(basicHealthMetrics)) : <gen:0> -> <gen:4>
             - EntityQuerySpaceImpl(uid=<gen:4>, entity=edu.ncsu.csc.itrust2.models.persistent.BasicHealthMetrics)
                - SQL table alias mapping - basichealt4_
                - alias suffix - 4_
                - suffixed key columns - {id1_1_4_}
                - JOIN (JoinDefinedByMetadata(hcp)) : <gen:4> -> <gen:5>
                   - EntityQuerySpaceImpl(uid=<gen:5>, entity=edu.ncsu.csc.itrust2.models.persistent.User)
                      - SQL table alias mapping - user5_
                      - alias suffix - 5_
                      - suffixed key columns - {username1_15_5_}
                - JOIN (JoinDefinedByMetadata(patient)) : <gen:4> -> <gen:6>
                   - EntityQuerySpaceImpl(uid=<gen:6>, entity=edu.ncsu.csc.itrust2.models.persistent.User)
                      - SQL table alias mapping - user6_
                      - alias suffix - 6_
                      - suffixed key columns - {username1_15_6_}
          - JOIN (JoinDefinedByMetadata(hcp)) : <gen:0> -> <gen:7>
             - EntityQuerySpaceImpl(uid=<gen:7>, entity=edu.ncsu.csc.itrust2.models.persistent.User)
                - SQL table alias mapping - user7_
                - alias suffix - 7_
                - suffixed key columns - {username1_15_7_}
          - JOIN (JoinDefinedByMetadata(hospital)) : <gen:0> -> <gen:8>
             - EntityQuerySpaceImpl(uid=<gen:8>, entity=edu.ncsu.csc.itrust2.models.persistent.Hospital)
                - SQL table alias mapping - hospital8_
                - alias suffix - 8_
                - suffixed key columns - {name1_4_8_}
          - JOIN (JoinDefinedByMetadata(patient)) : <gen:0> -> <gen:9>
             - EntityQuerySpaceImpl(uid=<gen:9>, entity=edu.ncsu.csc.itrust2.models.persistent.User)
                - SQL table alias mapping - user9_
                - alias suffix - 9_
                - suffixed key columns - {username1_15_9_}
          - JOIN (JoinDefinedByMetadata(prescriptions)) : <gen:0> -> <gen:10>
             - CollectionQuerySpaceImpl(uid=<gen:10>, collection=edu.ncsu.csc.itrust2.models.persistent.OfficeVisit.prescriptions)
                - SQL table alias mapping - prescripti10_
                - alias suffix - 10_
                - suffixed key columns - {prescrip8_14_10_}
                - entity-element alias suffix - 11_
                - 11_entity-element suffixed key columns - id1_14_11_
                - JOIN (JoinDefinedByMetadata(elements)) : <gen:10> -> <gen:11>
                   - EntityQuerySpaceImpl(uid=<gen:11>, entity=edu.ncsu.csc.itrust2.models.persistent.Prescription)
                      - SQL table alias mapping - prescripti10_
                      - alias suffix - 11_
                      - suffixed key columns - {id1_14_11_}
                      - JOIN (JoinDefinedByMetadata(drug)) : <gen:11> -> <gen:12>
                         - EntityQuerySpaceImpl(uid=<gen:12>, entity=edu.ncsu.csc.itrust2.models.persistent.Drug)
                            - SQL table alias mapping - drug11_
                            - alias suffix - 12_
                            - suffixed key columns - {id1_3_12_}
                      - JOIN (JoinDefinedByMetadata(patient)) : <gen:11> -> <gen:13>
                         - EntityQuerySpaceImpl(uid=<gen:13>, entity=edu.ncsu.csc.itrust2.models.persistent.User)
                            - SQL table alias mapping - user12_
                            - alias suffix - 13_
                            - suffixed key columns - {username1_15_13_}

00:31:25.326 [main] DEBUG o.h.loader.entity.plan.EntityLoader - Static select for entity edu.ncsu.csc.itrust2.models.persistent.OfficeVisit [NONE]: select officevisi0_.id as id1_10_0_, officevisi0_.appointment_id as appointm5_10_0_, officevisi0_.basichealthmetrics_id as basichea6_10_0_, officevisi0_.date as date2_10_0_, officevisi0_.hcp_id as hcp_id7_10_0_, officevisi0_.hospital_id as hospital8_10_0_, officevisi0_.notes as notes3_10_0_, officevisi0_.patient_id as patient_9_10_0_, officevisi0_.type as type4_10_0_, appointmen1_.id as id1_0_1_, appointmen1_.comments as comments2_0_1_, appointmen1_.date as date3_0_1_, appointmen1_.hcp_id as hcp_id6_0_1_, appointmen1_.patient_id as patient_7_0_1_, appointmen1_.status as status4_0_1_, appointmen1_.type as type5_0_1_, user2_.username as username1_15_2_, user2_.enabled as enabled2_15_2_, user2_.password as password3_15_2_, user2_.role as role4_15_2_, user3_.username as username1_15_3_, user3_.enabled as enabled2_15_3_, user3_.password as password3_15_3_, user3_.role as role4_15_3_, basichealt4_.id as id1_1_4_, basichealt4_.diastolic as diastoli2_1_4_, basichealt4_.hcp_id as hcp_id12_1_4_, basichealt4_.hdl as hdl3_1_4_, basichealt4_.headCircumference as headCirc4_1_4_, basichealt4_.height as height5_1_4_, basichealt4_.houseSmokingStatus as houseSmo6_1_4_, basichealt4_.ldl as ldl7_1_4_, basichealt4_.patient_id as patient13_1_4_, basichealt4_.patientSmokingStatus as patientS8_1_4_, basichealt4_.systolic as systolic9_1_4_, basichealt4_.tri as tri10_1_4_, basichealt4_.weight as weight11_1_4_, user5_.username as username1_15_5_, user5_.enabled as enabled2_15_5_, user5_.password as password3_15_5_, user5_.role as role4_15_5_, user6_.username as username1_15_6_, user6_.enabled as enabled2_15_6_, user6_.password as password3_15_6_, user6_.role as role4_15_6_, user7_.username as username1_15_7_, user7_.enabled as enabled2_15_7_, user7_.password as password3_15_7_, user7_.role as role4_15_7_, hospital8_.name as name1_4_8_, hospital8_.address as address2_4_8_, hospital8_.state as state3_4_8_, hospital8_.zip as zip4_4_8_, user9_.username as username1_15_9_, user9_.enabled as enabled2_15_9_, user9_.password as password3_15_9_, user9_.role as role4_15_9_, prescripti10_.prescriptions_id as prescrip8_14_10_, prescripti10_.id as id1_14_10_, prescripti10_.id as id1_14_11_, prescripti10_.dosage as dosage2_14_11_, prescripti10_.drug_id as drug_id6_14_11_, prescripti10_.endDate as endDate3_14_11_, prescripti10_.patient_id as patient_7_14_11_, prescripti10_.renewals as renewals4_14_11_, prescripti10_.startDate as startDat5_14_11_, drug11_.id as id1_3_12_, drug11_.code as code2_3_12_, drug11_.description as descript3_3_12_, drug11_.name as name4_3_12_, user12_.username as username1_15_13_, user12_.enabled as enabled2_15_13_, user12_.password as password3_15_13_, user12_.role as role4_15_13_ from OfficeVisits officevisi0_ left outer join AppointmentRequests appointmen1_ on officevisi0_.appointment_id=appointmen1_.id left outer join Users user2_ on appointmen1_.hcp_id=user2_.username left outer join Users user3_ on appointmen1_.patient_id=user3_.username left outer join BasicHealthMetrics basichealt4_ on officevisi0_.basichealthmetrics_id=basichealt4_.id left outer join Users user5_ on basichealt4_.hcp_id=user5_.username left outer join Users user6_ on basichealt4_.patient_id=user6_.username inner join Users user7_ on officevisi0_.hcp_id=user7_.username inner join Hospitals hospital8_ on officevisi0_.hospital_id=hospital8_.name inner join Users user9_ on officevisi0_.patient_id=user9_.username left outer join Prescriptions prescripti10_ on officevisi0_.id=prescripti10_.prescriptions_id left outer join Drugs drug11_ on prescripti10_.drug_id=drug11_.id left outer join Users user12_ on prescripti10_.patient_id=user12_.username where officevisi0_.id=?
00:31:25.326 [main] DEBUG o.h.l.p.b.i.spaces.QuerySpacesImpl - Adding QuerySpace : uid = <gen:0> -> org.hibernate.loader.plan.build.internal.spaces.EntityQuerySpaceImpl@51186368]
00:31:25.326 [main] DEBUG o.h.p.w.spi.MetamodelGraphWalker - Visiting attribute path : appointment
00:31:25.327 [main] DEBUG o.h.l.p.b.i.spaces.QuerySpacesImpl - Adding QuerySpace : uid = <gen:1> -> org.hibernate.loader.plan.build.internal.spaces.EntityQuerySpaceImpl@2a2a4645]
00:31:25.327 [main] DEBUG o.h.p.w.spi.MetamodelGraphWalker - Visiting attribute path : appointment.comments
00:31:25.327 [main] DEBUG o.h.p.w.spi.MetamodelGraphWalker - Visiting attribute path : appointment.date
00:31:25.327 [main] DEBUG o.h.p.w.spi.MetamodelGraphWalker - Visiting attribute path : appointment.hcp
00:31:25.327 [main] DEBUG o.h.l.p.b.i.spaces.QuerySpacesImpl - Adding QuerySpace : uid = <gen:2> -> org.hibernate.loader.plan.build.internal.spaces.EntityQuerySpaceImpl@39a34a31]
00:31:25.327 [main] DEBUG o.h.p.w.spi.MetamodelGraphWalker - Visiting attribute path : appointment.hcp.enabled
00:31:25.328 [main] DEBUG o.h.p.w.spi.MetamodelGraphWalker - Visiting attribute path : appointment.hcp.password
00:31:25.328 [main] DEBUG o.h.p.w.spi.MetamodelGraphWalker - Visiting attribute path : appointment.hcp.role
00:31:25.328 [main] DEBUG o.h.p.w.spi.MetamodelGraphWalker - Visiting attribute path : appointment.patient
00:31:25.328 [main] DEBUG o.h.l.p.b.i.spaces.QuerySpacesImpl - Adding QuerySpace : uid = <gen:3> -> org.hibernate.loader.plan.build.internal.spaces.EntityQuerySpaceImpl@1447e53]
00:31:25.328 [main] DEBUG o.h.p.w.spi.MetamodelGraphWalker - Visiting attribute path : appointment.patient.enabled
00:31:25.328 [main] DEBUG o.h.p.w.spi.MetamodelGraphWalker - Visiting attribute path : appointment.patient.password
00:31:25.328 [main] DEBUG o.h.p.w.spi.MetamodelGraphWalker - Visiting attribute path : appointment.patient.role
00:31:25.329 [main] DEBUG o.h.p.w.spi.MetamodelGraphWalker - Visiting attribute path : appointment.status
00:31:25.329 [main] DEBUG o.h.p.w.spi.MetamodelGraphWalker - Visiting attribute path : appointment.type
00:31:25.329 [main] DEBUG o.h.p.w.spi.MetamodelGraphWalker - Visiting attribute path : basicHealthMetrics
00:31:25.329 [main] DEBUG o.h.l.p.b.i.spaces.QuerySpacesImpl - Adding QuerySpace : uid = <gen:4> -> org.hibernate.loader.plan.build.internal.spaces.EntityQuerySpaceImpl@1a671c3d]
00:31:25.329 [main] DEBUG o.h.p.w.spi.MetamodelGraphWalker - Visiting attribute path : basicHealthMetrics.diastolic
00:31:25.329 [main] DEBUG o.h.p.w.spi.MetamodelGraphWalker - Visiting attribute path : basicHealthMetrics.hcp
00:31:25.330 [main] DEBUG o.h.l.p.b.i.spaces.QuerySpacesImpl - Adding QuerySpace : uid = <gen:5> -> org.hibernate.loader.plan.build.internal.spaces.EntityQuerySpaceImpl@61343e8b]
00:31:25.330 [main] DEBUG o.h.p.w.spi.MetamodelGraphWalker - Visiting attribute path : basicHealthMetrics.hcp.enabled
00:31:25.330 [main] DEBUG o.h.p.w.spi.MetamodelGraphWalker - Visiting attribute path : basicHealthMetrics.hcp.password
00:31:25.330 [main] DEBUG o.h.p.w.spi.MetamodelGraphWalker - Visiting attribute path : basicHealthMetrics.hcp.role
00:31:25.330 [main] DEBUG o.h.p.w.spi.MetamodelGraphWalker - Visiting attribute path : basicHealthMetrics.hdl
00:31:25.330 [main] DEBUG o.h.p.w.spi.MetamodelGraphWalker - Visiting attribute path : basicHealthMetrics.headCircumference
00:31:25.330 [main] DEBUG o.h.p.w.spi.MetamodelGraphWalker - Visiting attribute path : basicHealthMetrics.height
00:31:25.331 [main] DEBUG o.h.p.w.spi.MetamodelGraphWalker - Visiting attribute path : basicHealthMetrics.houseSmokingStatus
00:31:25.331 [main] DEBUG o.h.p.w.spi.MetamodelGraphWalker - Visiting attribute path : basicHealthMetrics.ldl
00:31:25.331 [main] DEBUG o.h.p.w.spi.MetamodelGraphWalker - Visiting attribute path : basicHealthMetrics.patient
00:31:25.331 [main] DEBUG o.h.l.p.b.i.spaces.QuerySpacesImpl - Adding QuerySpace : uid = <gen:6> -> org.hibernate.loader.plan.build.internal.spaces.EntityQuerySpaceImpl@4bf15f5d]
00:31:25.331 [main] DEBUG o.h.p.w.spi.MetamodelGraphWalker - Visiting attribute path : basicHealthMetrics.patient.enabled
00:31:25.331 [main] DEBUG o.h.p.w.spi.MetamodelGraphWalker - Visiting attribute path : basicHealthMetrics.patient.password
00:31:25.331 [main] DEBUG o.h.p.w.spi.MetamodelGraphWalker - Visiting attribute path : basicHealthMetrics.patient.role
00:31:25.332 [main] DEBUG o.h.p.w.spi.MetamodelGraphWalker - Visiting attribute path : basicHealthMetrics.patientSmokingStatus
00:31:25.332 [main] DEBUG o.h.p.w.spi.MetamodelGraphWalker - Visiting attribute path : basicHealthMetrics.systolic
00:31:25.332 [main] DEBUG o.h.p.w.spi.MetamodelGraphWalker - Visiting attribute path : basicHealthMetrics.tri
00:31:25.332 [main] DEBUG o.h.p.w.spi.MetamodelGraphWalker - Visiting attribute path : basicHealthMetrics.weight
00:31:25.332 [main] DEBUG o.h.p.w.spi.MetamodelGraphWalker - Visiting attribute path : date
00:31:25.332 [main] DEBUG o.h.p.w.spi.MetamodelGraphWalker - Visiting attribute path : hcp
00:31:25.332 [main] DEBUG o.h.l.p.b.i.spaces.QuerySpacesImpl - Adding QuerySpace : uid = <gen:7> -> org.hibernate.loader.plan.build.internal.spaces.EntityQuerySpaceImpl@4ba3d5c6]
00:31:25.333 [main] DEBUG o.h.p.w.spi.MetamodelGraphWalker - Visiting attribute path : hcp.enabled
00:31:25.333 [main] DEBUG o.h.p.w.spi.MetamodelGraphWalker - Visiting attribute path : hcp.password
00:31:25.333 [main] DEBUG o.h.p.w.spi.MetamodelGraphWalker - Visiting attribute path : hcp.role
00:31:25.333 [main] DEBUG o.h.p.w.spi.MetamodelGraphWalker - Visiting attribute path : hospital
00:31:25.333 [main] DEBUG o.h.l.p.b.i.spaces.QuerySpacesImpl - Adding QuerySpace : uid = <gen:8> -> org.hibernate.loader.plan.build.internal.spaces.EntityQuerySpaceImpl@4af9f150]
00:31:25.333 [main] DEBUG o.h.p.w.spi.MetamodelGraphWalker - Visiting attribute path : hospital.address
00:31:25.334 [main] DEBUG o.h.p.w.spi.MetamodelGraphWalker - Visiting attribute path : hospital.state
00:31:25.334 [main] DEBUG o.h.p.w.spi.MetamodelGraphWalker - Visiting attribute path : hospital.zip
00:31:25.334 [main] DEBUG o.h.p.w.spi.MetamodelGraphWalker - Visiting attribute path : notes
00:31:25.334 [main] DEBUG o.h.p.w.spi.MetamodelGraphWalker - Visiting attribute path : patient
00:31:25.334 [main] DEBUG o.h.l.p.b.i.spaces.QuerySpacesImpl - Adding QuerySpace : uid = <gen:9> -> org.hibernate.loader.plan.build.internal.spaces.EntityQuerySpaceImpl@f802032]
00:31:25.334 [main] DEBUG o.h.p.w.spi.MetamodelGraphWalker - Visiting attribute path : patient.enabled
00:31:25.335 [main] DEBUG o.h.p.w.spi.MetamodelGraphWalker - Visiting attribute path : patient.password
00:31:25.335 [main] DEBUG o.h.p.w.spi.MetamodelGraphWalker - Visiting attribute path : patient.role
00:31:25.335 [main] DEBUG o.h.p.w.spi.MetamodelGraphWalker - Visiting attribute path : prescriptions
00:31:25.335 [main] DEBUG o.h.l.p.b.i.spaces.QuerySpacesImpl - Adding QuerySpace : uid = <gen:10> -> org.hibernate.loader.plan.build.internal.spaces.CollectionQuerySpaceImpl@1b32c95b]
00:31:25.335 [main] DEBUG o.h.l.p.b.i.spaces.QuerySpacesImpl - Adding QuerySpace : uid = <gen:11> -> org.hibernate.loader.plan.build.internal.spaces.EntityQuerySpaceImpl@7ec9b74]
00:31:25.335 [main] DEBUG o.h.p.w.spi.MetamodelGraphWalker - Visiting attribute path : prescriptions.dosage
00:31:25.335 [main] DEBUG o.h.p.w.spi.MetamodelGraphWalker - Visiting attribute path : prescriptions.drug
00:31:25.336 [main] DEBUG o.h.l.p.b.i.spaces.QuerySpacesImpl - Adding QuerySpace : uid = <gen:12> -> org.hibernate.loader.plan.build.internal.spaces.EntityQuerySpaceImpl@3c2f8dac]
00:31:25.336 [main] DEBUG o.h.p.w.spi.MetamodelGraphWalker - Visiting attribute path : prescriptions.drug.code
00:31:25.336 [main] DEBUG o.h.p.w.spi.MetamodelGraphWalker - Visiting attribute path : prescriptions.drug.description
00:31:25.336 [main] DEBUG o.h.p.w.spi.MetamodelGraphWalker - Visiting attribute path : prescriptions.drug.name
00:31:25.336 [main] DEBUG o.h.p.w.spi.MetamodelGraphWalker - Visiting attribute path : prescriptions.endDate
00:31:25.336 [main] DEBUG o.h.p.w.spi.MetamodelGraphWalker - Visiting attribute path : prescriptions.patient
00:31:25.337 [main] DEBUG o.h.l.p.b.i.spaces.QuerySpacesImpl - Adding QuerySpace : uid = <gen:13> -> org.hibernate.loader.plan.build.internal.spaces.EntityQuerySpaceImpl@4bdc4c70]
00:31:25.337 [main] DEBUG o.h.p.w.spi.MetamodelGraphWalker - Visiting attribute path : prescriptions.patient.enabled
00:31:25.337 [main] DEBUG o.h.p.w.spi.MetamodelGraphWalker - Visiting attribute path : prescriptions.patient.password
00:31:25.337 [main] DEBUG o.h.p.w.spi.MetamodelGraphWalker - Visiting attribute path : prescriptions.patient.role
00:31:25.337 [main] DEBUG o.h.p.w.spi.MetamodelGraphWalker - Visiting attribute path : prescriptions.renewals
00:31:25.337 [main] DEBUG o.h.p.w.spi.MetamodelGraphWalker - Visiting attribute path : prescriptions.startDate
00:31:25.337 [main] DEBUG o.h.p.w.spi.MetamodelGraphWalker - Visiting attribute path : type
00:31:25.338 [main] DEBUG o.h.l.p.b.i.FetchStyleLoadPlanBuildingAssociationVisitationStrategy - Building LoadPlan...
00:31:25.338 [main] DEBUG o.h.l.p.e.i.LoadQueryJoinAndFetchProcessor - processing queryspace <gen:0>
00:31:25.340 [main] DEBUG o.h.l.p.b.spi.LoadPlanTreePrinter - LoadPlan(entity=edu.ncsu.csc.itrust2.models.persistent.OfficeVisit)
    - Returns
       - EntityReturnImpl(entity=edu.ncsu.csc.itrust2.models.persistent.OfficeVisit, querySpaceUid=<gen:0>, path=edu.ncsu.csc.itrust2.models.persistent.OfficeVisit)
          - EntityAttributeFetchImpl(entity=edu.ncsu.csc.itrust2.models.persistent.AppointmentRequest, querySpaceUid=<gen:1>, path=edu.ncsu.csc.itrust2.models.persistent.OfficeVisit.appointment)
             - EntityAttributeFetchImpl(entity=edu.ncsu.csc.itrust2.models.persistent.User, querySpaceUid=<gen:2>, path=edu.ncsu.csc.itrust2.models.persistent.OfficeVisit.appointment.hcp)
             - EntityAttributeFetchImpl(entity=edu.ncsu.csc.itrust2.models.persistent.User, querySpaceUid=<gen:3>, path=edu.ncsu.csc.itrust2.models.persistent.OfficeVisit.appointment.patient)
          - EntityAttributeFetchImpl(entity=edu.ncsu.csc.itrust2.models.persistent.BasicHealthMetrics, querySpaceUid=<gen:4>, path=edu.ncsu.csc.itrust2.models.persistent.OfficeVisit.basicHealthMetrics)
             - EntityAttributeFetchImpl(entity=edu.ncsu.csc.itrust2.models.persistent.User, querySpaceUid=<gen:5>, path=edu.ncsu.csc.itrust2.models.persistent.OfficeVisit.basicHealthMetrics.hcp)
             - EntityAttributeFetchImpl(entity=edu.ncsu.csc.itrust2.models.persistent.User, querySpaceUid=<gen:6>, path=edu.ncsu.csc.itrust2.models.persistent.OfficeVisit.basicHealthMetrics.patient)
          - EntityAttributeFetchImpl(entity=edu.ncsu.csc.itrust2.models.persistent.User, querySpaceUid=<gen:7>, path=edu.ncsu.csc.itrust2.models.persistent.OfficeVisit.hcp)
          - EntityAttributeFetchImpl(entity=edu.ncsu.csc.itrust2.models.persistent.Hospital, querySpaceUid=<gen:8>, path=edu.ncsu.csc.itrust2.models.persistent.OfficeVisit.hospital)
          - EntityAttributeFetchImpl(entity=edu.ncsu.csc.itrust2.models.persistent.User, querySpaceUid=<gen:9>, path=edu.ncsu.csc.itrust2.models.persistent.OfficeVisit.patient)
          - CollectionAttributeFetchImpl(collection=edu.ncsu.csc.itrust2.models.persistent.OfficeVisit.prescriptions, querySpaceUid=<gen:10>, path=edu.ncsu.csc.itrust2.models.persistent.OfficeVisit.prescriptions)
             - (collection element) CollectionFetchableElementEntityGraph(entity=edu.ncsu.csc.itrust2.models.persistent.Prescription, querySpaceUid=<gen:11>, path=edu.ncsu.csc.itrust2.models.persistent.OfficeVisit.prescriptions.<elements>)
                - EntityAttributeFetchImpl(entity=edu.ncsu.csc.itrust2.models.persistent.Drug, querySpaceUid=<gen:12>, path=edu.ncsu.csc.itrust2.models.persistent.OfficeVisit.prescriptions.<elements>.drug)
                - EntityAttributeFetchImpl(entity=edu.ncsu.csc.itrust2.models.persistent.User, querySpaceUid=<gen:13>, path=edu.ncsu.csc.itrust2.models.persistent.OfficeVisit.prescriptions.<elements>.patient)
    - QuerySpaces
       - EntityQuerySpaceImpl(uid=<gen:0>, entity=edu.ncsu.csc.itrust2.models.persistent.OfficeVisit)
          - SQL table alias mapping - officevisi0_
          - alias suffix - 0_
          - suffixed key columns - {id1_10_0_}
          - JOIN (JoinDefinedByMetadata(appointment)) : <gen:0> -> <gen:1>
             - EntityQuerySpaceImpl(uid=<gen:1>, entity=edu.ncsu.csc.itrust2.models.persistent.AppointmentRequest)
                - SQL table alias mapping - appointmen1_
                - alias suffix - 1_
                - suffixed key columns - {id1_0_1_}
                - JOIN (JoinDefinedByMetadata(hcp)) : <gen:1> -> <gen:2>
                   - EntityQuerySpaceImpl(uid=<gen:2>, entity=edu.ncsu.csc.itrust2.models.persistent.User)
                      - SQL table alias mapping - user2_
                      - alias suffix - 2_
                      - suffixed key columns - {username1_15_2_}
                - JOIN (JoinDefinedByMetadata(patient)) : <gen:1> -> <gen:3>
                   - EntityQuerySpaceImpl(uid=<gen:3>, entity=edu.ncsu.csc.itrust2.models.persistent.User)
                      - SQL table alias mapping - user3_
                      - alias suffix - 3_
                      - suffixed key columns - {username1_15_3_}
          - JOIN (JoinDefinedByMetadata(basicHealthMetrics)) : <gen:0> -> <gen:4>
             - EntityQuerySpaceImpl(uid=<gen:4>, entity=edu.ncsu.csc.itrust2.models.persistent.BasicHealthMetrics)
                - SQL table alias mapping - basichealt4_
                - alias suffix - 4_
                - suffixed key columns - {id1_1_4_}
                - JOIN (JoinDefinedByMetadata(hcp)) : <gen:4> -> <gen:5>
                   - EntityQuerySpaceImpl(uid=<gen:5>, entity=edu.ncsu.csc.itrust2.models.persistent.User)
                      - SQL table alias mapping - user5_
                      - alias suffix - 5_
                      - suffixed key columns - {username1_15_5_}
                - JOIN (JoinDefinedByMetadata(patient)) : <gen:4> -> <gen:6>
                   - EntityQuerySpaceImpl(uid=<gen:6>, entity=edu.ncsu.csc.itrust2.models.persistent.User)
                      - SQL table alias mapping - user6_
                      - alias suffix - 6_
                      - suffixed key columns - {username1_15_6_}
          - JOIN (JoinDefinedByMetadata(hcp)) : <gen:0> -> <gen:7>
             - EntityQuerySpaceImpl(uid=<gen:7>, entity=edu.ncsu.csc.itrust2.models.persistent.User)
                - SQL table alias mapping - user7_
                - alias suffix - 7_
                - suffixed key columns - {username1_15_7_}
          - JOIN (JoinDefinedByMetadata(hospital)) : <gen:0> -> <gen:8>
             - EntityQuerySpaceImpl(uid=<gen:8>, entity=edu.ncsu.csc.itrust2.models.persistent.Hospital)
                - SQL table alias mapping - hospital8_
                - alias suffix - 8_
                - suffixed key columns - {name1_4_8_}
          - JOIN (JoinDefinedByMetadata(patient)) : <gen:0> -> <gen:9>
             - EntityQuerySpaceImpl(uid=<gen:9>, entity=edu.ncsu.csc.itrust2.models.persistent.User)
                - SQL table alias mapping - user9_
                - alias suffix - 9_
                - suffixed key columns - {username1_15_9_}
          - JOIN (JoinDefinedByMetadata(prescriptions)) : <gen:0> -> <gen:10>
             - CollectionQuerySpaceImpl(uid=<gen:10>, collection=edu.ncsu.csc.itrust2.models.persistent.OfficeVisit.prescriptions)
                - SQL table alias mapping - prescripti10_
                - alias suffix - 10_
                - suffixed key columns - {prescrip8_14_10_}
                - entity-element alias suffix - 11_
                - 11_entity-element suffixed key columns - id1_14_11_
                - JOIN (JoinDefinedByMetadata(elements)) : <gen:10> -> <gen:11>
                   - EntityQuerySpaceImpl(uid=<gen:11>, entity=edu.ncsu.csc.itrust2.models.persistent.Prescription)
                      - SQL table alias mapping - prescripti10_
                      - alias suffix - 11_
                      - suffixed key columns - {id1_14_11_}
                      - JOIN (JoinDefinedByMetadata(drug)) : <gen:11> -> <gen:12>
                         - EntityQuerySpaceImpl(uid=<gen:12>, entity=edu.ncsu.csc.itrust2.models.persistent.Drug)
                            - SQL table alias mapping - drug11_
                            - alias suffix - 12_
                            - suffixed key columns - {id1_3_12_}
                      - JOIN (JoinDefinedByMetadata(patient)) : <gen:11> -> <gen:13>
                         - EntityQuerySpaceImpl(uid=<gen:13>, entity=edu.ncsu.csc.itrust2.models.persistent.User)
                            - SQL table alias mapping - user12_
                            - alias suffix - 13_
                            - suffixed key columns - {username1_15_13_}

00:31:25.340 [main] DEBUG o.h.loader.entity.plan.EntityLoader - Static select for entity edu.ncsu.csc.itrust2.models.persistent.OfficeVisit [READ]: select officevisi0_.id as id1_10_0_, officevisi0_.appointment_id as appointm5_10_0_, officevisi0_.basichealthmetrics_id as basichea6_10_0_, officevisi0_.date as date2_10_0_, officevisi0_.hcp_id as hcp_id7_10_0_, officevisi0_.hospital_id as hospital8_10_0_, officevisi0_.notes as notes3_10_0_, officevisi0_.patient_id as patient_9_10_0_, officevisi0_.type as type4_10_0_, appointmen1_.id as id1_0_1_, appointmen1_.comments as comments2_0_1_, appointmen1_.date as date3_0_1_, appointmen1_.hcp_id as hcp_id6_0_1_, appointmen1_.patient_id as patient_7_0_1_, appointmen1_.status as status4_0_1_, appointmen1_.type as type5_0_1_, user2_.username as username1_15_2_, user2_.enabled as enabled2_15_2_, user2_.password as password3_15_2_, user2_.role as role4_15_2_, user3_.username as username1_15_3_, user3_.enabled as enabled2_15_3_, user3_.password as password3_15_3_, user3_.role as role4_15_3_, basichealt4_.id as id1_1_4_, basichealt4_.diastolic as diastoli2_1_4_, basichealt4_.hcp_id as hcp_id12_1_4_, basichealt4_.hdl as hdl3_1_4_, basichealt4_.headCircumference as headCirc4_1_4_, basichealt4_.height as height5_1_4_, basichealt4_.houseSmokingStatus as houseSmo6_1_4_, basichealt4_.ldl as ldl7_1_4_, basichealt4_.patient_id as patient13_1_4_, basichealt4_.patientSmokingStatus as patientS8_1_4_, basichealt4_.systolic as systolic9_1_4_, basichealt4_.tri as tri10_1_4_, basichealt4_.weight as weight11_1_4_, user5_.username as username1_15_5_, user5_.enabled as enabled2_15_5_, user5_.password as password3_15_5_, user5_.role as role4_15_5_, user6_.username as username1_15_6_, user6_.enabled as enabled2_15_6_, user6_.password as password3_15_6_, user6_.role as role4_15_6_, user7_.username as username1_15_7_, user7_.enabled as enabled2_15_7_, user7_.password as password3_15_7_, user7_.role as role4_15_7_, hospital8_.name as name1_4_8_, hospital8_.address as address2_4_8_, hospital8_.state as state3_4_8_, hospital8_.zip as zip4_4_8_, user9_.username as username1_15_9_, user9_.enabled as enabled2_15_9_, user9_.password as password3_15_9_, user9_.role as role4_15_9_, prescripti10_.prescriptions_id as prescrip8_14_10_, prescripti10_.id as id1_14_10_, prescripti10_.id as id1_14_11_, prescripti10_.dosage as dosage2_14_11_, prescripti10_.drug_id as drug_id6_14_11_, prescripti10_.endDate as endDate3_14_11_, prescripti10_.patient_id as patient_7_14_11_, prescripti10_.renewals as renewals4_14_11_, prescripti10_.startDate as startDat5_14_11_, drug11_.id as id1_3_12_, drug11_.code as code2_3_12_, drug11_.description as descript3_3_12_, drug11_.name as name4_3_12_, user12_.username as username1_15_13_, user12_.enabled as enabled2_15_13_, user12_.password as password3_15_13_, user12_.role as role4_15_13_ from OfficeVisits officevisi0_ left outer join AppointmentRequests appointmen1_ on officevisi0_.appointment_id=appointmen1_.id left outer join Users user2_ on appointmen1_.hcp_id=user2_.username left outer join Users user3_ on appointmen1_.patient_id=user3_.username left outer join BasicHealthMetrics basichealt4_ on officevisi0_.basichealthmetrics_id=basichealt4_.id left outer join Users user5_ on basichealt4_.hcp_id=user5_.username left outer join Users user6_ on basichealt4_.patient_id=user6_.username inner join Users user7_ on officevisi0_.hcp_id=user7_.username inner join Hospitals hospital8_ on officevisi0_.hospital_id=hospital8_.name inner join Users user9_ on officevisi0_.patient_id=user9_.username left outer join Prescriptions prescripti10_ on officevisi0_.id=prescripti10_.prescriptions_id left outer join Drugs drug11_ on prescripti10_.drug_id=drug11_.id left outer join Users user12_ on prescripti10_.patient_id=user12_.username where officevisi0_.id=?
00:31:25.340 [main] DEBUG o.h.l.p.b.i.spaces.QuerySpacesImpl - Adding QuerySpace : uid = <gen:0> -> org.hibernate.loader.plan.build.internal.spaces.EntityQuerySpaceImpl@6d743923]
00:31:25.341 [main] DEBUG o.h.p.w.spi.MetamodelGraphWalker - Visiting attribute path : appointment
00:31:25.341 [main] DEBUG o.h.l.p.b.i.spaces.QuerySpacesImpl - Adding QuerySpace : uid = <gen:1> -> org.hibernate.loader.plan.build.internal.spaces.EntityQuerySpaceImpl@47a9b426]
00:31:25.341 [main] DEBUG o.h.p.w.spi.MetamodelGraphWalker - Visiting attribute path : basicHealthMetrics
00:31:25.341 [main] DEBUG o.h.l.p.b.i.spaces.QuerySpacesImpl - Adding QuerySpace : uid = <gen:2> -> org.hibernate.loader.plan.build.internal.spaces.EntityQuerySpaceImpl@5e58376c]
00:31:25.341 [main] DEBUG o.h.p.w.spi.MetamodelGraphWalker - Visiting attribute path : date
00:31:25.341 [main] DEBUG o.h.p.w.spi.MetamodelGraphWalker - Visiting attribute path : hcp
00:31:25.341 [main] DEBUG o.h.l.p.b.i.spaces.QuerySpacesImpl - Adding QuerySpace : uid = <gen:3> -> org.hibernate.loader.plan.build.internal.spaces.EntityQuerySpaceImpl@1229a0a5]
00:31:25.342 [main] DEBUG o.h.p.w.spi.MetamodelGraphWalker - Visiting attribute path : hospital
00:31:25.342 [main] DEBUG o.h.l.p.b.i.spaces.QuerySpacesImpl - Adding QuerySpace : uid = <gen:4> -> org.hibernate.loader.plan.build.internal.spaces.EntityQuerySpaceImpl@2546d1f]
00:31:25.342 [main] DEBUG o.h.p.w.spi.MetamodelGraphWalker - Visiting attribute path : notes
00:31:25.342 [main] DEBUG o.h.p.w.spi.MetamodelGraphWalker - Visiting attribute path : patient
00:31:25.342 [main] DEBUG o.h.l.p.b.i.spaces.QuerySpacesImpl - Adding QuerySpace : uid = <gen:5> -> org.hibernate.loader.plan.build.internal.spaces.EntityQuerySpaceImpl@856f1f7]
00:31:25.342 [main] DEBUG o.h.p.w.spi.MetamodelGraphWalker - Visiting attribute path : prescriptions
00:31:25.343 [main] DEBUG o.h.l.p.b.i.spaces.QuerySpacesImpl - Adding QuerySpace : uid = <gen:6> -> org.hibernate.loader.plan.build.internal.spaces.CollectionQuerySpaceImpl@172a54c6]
00:31:25.343 [main] DEBUG o.h.l.p.b.i.spaces.QuerySpacesImpl - Adding QuerySpace : uid = <gen:7> -> org.hibernate.loader.plan.build.internal.spaces.EntityQuerySpaceImpl@48d9f20e]
00:31:25.343 [main] DEBUG o.h.p.w.spi.MetamodelGraphWalker - Visiting attribute path : type
00:31:25.343 [main] DEBUG o.h.l.p.b.i.FetchStyleLoadPlanBuildingAssociationVisitationStrategy - Building LoadPlan...
00:31:25.343 [main] DEBUG o.h.l.p.e.i.LoadQueryJoinAndFetchProcessor - processing queryspace <gen:0>
00:31:25.344 [main] DEBUG o.h.l.p.b.spi.LoadPlanTreePrinter - LoadPlan(entity=edu.ncsu.csc.itrust2.models.persistent.OfficeVisit)
    - Returns
       - EntityReturnImpl(entity=edu.ncsu.csc.itrust2.models.persistent.OfficeVisit, querySpaceUid=<gen:0>, path=edu.ncsu.csc.itrust2.models.persistent.OfficeVisit)
          - EntityAttributeFetchImpl(entity=edu.ncsu.csc.itrust2.models.persistent.AppointmentRequest, querySpaceUid=<gen:1>, path=edu.ncsu.csc.itrust2.models.persistent.OfficeVisit.appointment)
          - EntityAttributeFetchImpl(entity=edu.ncsu.csc.itrust2.models.persistent.BasicHealthMetrics, querySpaceUid=<gen:2>, path=edu.ncsu.csc.itrust2.models.persistent.OfficeVisit.basicHealthMetrics)
          - EntityAttributeFetchImpl(entity=edu.ncsu.csc.itrust2.models.persistent.User, querySpaceUid=<gen:3>, path=edu.ncsu.csc.itrust2.models.persistent.OfficeVisit.hcp)
          - EntityAttributeFetchImpl(entity=edu.ncsu.csc.itrust2.models.persistent.Hospital, querySpaceUid=<gen:4>, path=edu.ncsu.csc.itrust2.models.persistent.OfficeVisit.hospital)
          - EntityAttributeFetchImpl(entity=edu.ncsu.csc.itrust2.models.persistent.User, querySpaceUid=<gen:5>, path=edu.ncsu.csc.itrust2.models.persistent.OfficeVisit.patient)
          - CollectionAttributeFetchImpl(collection=edu.ncsu.csc.itrust2.models.persistent.OfficeVisit.prescriptions, querySpaceUid=<gen:6>, path=edu.ncsu.csc.itrust2.models.persistent.OfficeVisit.prescriptions)
             - (collection element) CollectionFetchableElementEntityGraph(entity=edu.ncsu.csc.itrust2.models.persistent.Prescription, querySpaceUid=<gen:7>, path=edu.ncsu.csc.itrust2.models.persistent.OfficeVisit.prescriptions.<elements>)
    - QuerySpaces
       - EntityQuerySpaceImpl(uid=<gen:0>, entity=edu.ncsu.csc.itrust2.models.persistent.OfficeVisit)
          - SQL table alias mapping - officevisi0_
          - alias suffix - 0_
          - suffixed key columns - {id1_10_0_}

00:31:25.344 [main] DEBUG o.h.loader.entity.plan.EntityLoader - Static select for entity edu.ncsu.csc.itrust2.models.persistent.OfficeVisit [UPGRADE]: select officevisi0_.id as id1_10_0_, officevisi0_.appointment_id as appointm5_10_0_, officevisi0_.basichealthmetrics_id as basichea6_10_0_, officevisi0_.date as date2_10_0_, officevisi0_.hcp_id as hcp_id7_10_0_, officevisi0_.hospital_id as hospital8_10_0_, officevisi0_.notes as notes3_10_0_, officevisi0_.patient_id as patient_9_10_0_, officevisi0_.type as type4_10_0_ from OfficeVisits officevisi0_ where officevisi0_.id=? for update
00:31:25.344 [main] DEBUG o.h.l.p.b.i.spaces.QuerySpacesImpl - Adding QuerySpace : uid = <gen:0> -> org.hibernate.loader.plan.build.internal.spaces.EntityQuerySpaceImpl@69c4429f]
00:31:25.344 [main] DEBUG o.h.p.w.spi.MetamodelGraphWalker - Visiting attribute path : appointment
00:31:25.345 [main] DEBUG o.h.l.p.b.i.spaces.QuerySpacesImpl - Adding QuerySpace : uid = <gen:1> -> org.hibernate.loader.plan.build.internal.spaces.EntityQuerySpaceImpl@13eb3d7f]
00:31:25.345 [main] DEBUG o.h.p.w.spi.MetamodelGraphWalker - Visiting attribute path : basicHealthMetrics
00:31:25.345 [main] DEBUG o.h.l.p.b.i.spaces.QuerySpacesImpl - Adding QuerySpace : uid = <gen:2> -> org.hibernate.loader.plan.build.internal.spaces.EntityQuerySpaceImpl@14a5e48e]
00:31:25.345 [main] DEBUG o.h.p.w.spi.MetamodelGraphWalker - Visiting attribute path : date
00:31:25.345 [main] DEBUG o.h.p.w.spi.MetamodelGraphWalker - Visiting attribute path : hcp
00:31:25.345 [main] DEBUG o.h.l.p.b.i.spaces.QuerySpacesImpl - Adding QuerySpace : uid = <gen:3> -> org.hibernate.loader.plan.build.internal.spaces.EntityQuerySpaceImpl@5fbe9c3f]
00:31:25.346 [main] DEBUG o.h.p.w.spi.MetamodelGraphWalker - Visiting attribute path : hospital
00:31:25.346 [main] DEBUG o.h.l.p.b.i.spaces.QuerySpacesImpl - Adding QuerySpace : uid = <gen:4> -> org.hibernate.loader.plan.build.internal.spaces.EntityQuerySpaceImpl@1f24cad6]
00:31:25.346 [main] DEBUG o.h.p.w.spi.MetamodelGraphWalker - Visiting attribute path : notes
00:31:25.346 [main] DEBUG o.h.p.w.spi.MetamodelGraphWalker - Visiting attribute path : patient
00:31:25.346 [main] DEBUG o.h.l.p.b.i.spaces.QuerySpacesImpl - Adding QuerySpace : uid = <gen:5> -> org.hibernate.loader.plan.build.internal.spaces.EntityQuerySpaceImpl@55ee1c88]
00:31:25.346 [main] DEBUG o.h.p.w.spi.MetamodelGraphWalker - Visiting attribute path : prescriptions
00:31:25.346 [main] DEBUG o.h.l.p.b.i.spaces.QuerySpacesImpl - Adding QuerySpace : uid = <gen:6> -> org.hibernate.loader.plan.build.internal.spaces.CollectionQuerySpaceImpl@6ed4032f]
00:31:25.347 [main] DEBUG o.h.l.p.b.i.spaces.QuerySpacesImpl - Adding QuerySpace : uid = <gen:7> -> org.hibernate.loader.plan.build.internal.spaces.EntityQuerySpaceImpl@452025ae]
00:31:25.347 [main] DEBUG o.h.p.w.spi.MetamodelGraphWalker - Visiting attribute path : type
00:31:25.347 [main] DEBUG o.h.l.p.b.i.FetchStyleLoadPlanBuildingAssociationVisitationStrategy - Building LoadPlan...
00:31:25.347 [main] DEBUG o.h.l.p.e.i.LoadQueryJoinAndFetchProcessor - processing queryspace <gen:0>
00:31:25.348 [main] DEBUG o.h.l.p.b.spi.LoadPlanTreePrinter - LoadPlan(entity=edu.ncsu.csc.itrust2.models.persistent.OfficeVisit)
    - Returns
       - EntityReturnImpl(entity=edu.ncsu.csc.itrust2.models.persistent.OfficeVisit, querySpaceUid=<gen:0>, path=edu.ncsu.csc.itrust2.models.persistent.OfficeVisit)
          - EntityAttributeFetchImpl(entity=edu.ncsu.csc.itrust2.models.persistent.AppointmentRequest, querySpaceUid=<gen:1>, path=edu.ncsu.csc.itrust2.models.persistent.OfficeVisit.appointment)
          - EntityAttributeFetchImpl(entity=edu.ncsu.csc.itrust2.models.persistent.BasicHealthMetrics, querySpaceUid=<gen:2>, path=edu.ncsu.csc.itrust2.models.persistent.OfficeVisit.basicHealthMetrics)
          - EntityAttributeFetchImpl(entity=edu.ncsu.csc.itrust2.models.persistent.User, querySpaceUid=<gen:3>, path=edu.ncsu.csc.itrust2.models.persistent.OfficeVisit.hcp)
          - EntityAttributeFetchImpl(entity=edu.ncsu.csc.itrust2.models.persistent.Hospital, querySpaceUid=<gen:4>, path=edu.ncsu.csc.itrust2.models.persistent.OfficeVisit.hospital)
          - EntityAttributeFetchImpl(entity=edu.ncsu.csc.itrust2.models.persistent.User, querySpaceUid=<gen:5>, path=edu.ncsu.csc.itrust2.models.persistent.OfficeVisit.patient)
          - CollectionAttributeFetchImpl(collection=edu.ncsu.csc.itrust2.models.persistent.OfficeVisit.prescriptions, querySpaceUid=<gen:6>, path=edu.ncsu.csc.itrust2.models.persistent.OfficeVisit.prescriptions)
             - (collection element) CollectionFetchableElementEntityGraph(entity=edu.ncsu.csc.itrust2.models.persistent.Prescription, querySpaceUid=<gen:7>, path=edu.ncsu.csc.itrust2.models.persistent.OfficeVisit.prescriptions.<elements>)
    - QuerySpaces
       - EntityQuerySpaceImpl(uid=<gen:0>, entity=edu.ncsu.csc.itrust2.models.persistent.OfficeVisit)
          - SQL table alias mapping - officevisi0_
          - alias suffix - 0_
          - suffixed key columns - {id1_10_0_}

00:31:25.348 [main] DEBUG o.h.loader.entity.plan.EntityLoader - Static select for entity edu.ncsu.csc.itrust2.models.persistent.OfficeVisit [UPGRADE_NOWAIT]: select officevisi0_.id as id1_10_0_, officevisi0_.appointment_id as appointm5_10_0_, officevisi0_.basichealthmetrics_id as basichea6_10_0_, officevisi0_.date as date2_10_0_, officevisi0_.hcp_id as hcp_id7_10_0_, officevisi0_.hospital_id as hospital8_10_0_, officevisi0_.notes as notes3_10_0_, officevisi0_.patient_id as patient_9_10_0_, officevisi0_.type as type4_10_0_ from OfficeVisits officevisi0_ where officevisi0_.id=? for update
00:31:25.348 [main] DEBUG o.h.l.p.b.i.spaces.QuerySpacesImpl - Adding QuerySpace : uid = <gen:0> -> org.hibernate.loader.plan.build.internal.spaces.EntityQuerySpaceImpl@7ceb25a6]
00:31:25.348 [main] DEBUG o.h.p.w.spi.MetamodelGraphWalker - Visiting attribute path : appointment
00:31:25.348 [main] DEBUG o.h.l.p.b.i.spaces.QuerySpacesImpl - Adding QuerySpace : uid = <gen:1> -> org.hibernate.loader.plan.build.internal.spaces.EntityQuerySpaceImpl@1747c183]
00:31:25.348 [main] DEBUG o.h.p.w.spi.MetamodelGraphWalker - Visiting attribute path : basicHealthMetrics
00:31:25.349 [main] DEBUG o.h.l.p.b.i.spaces.QuerySpacesImpl - Adding QuerySpace : uid = <gen:2> -> org.hibernate.loader.plan.build.internal.spaces.EntityQuerySpaceImpl@530e8b90]
00:31:25.349 [main] DEBUG o.h.p.w.spi.MetamodelGraphWalker - Visiting attribute path : date
00:31:25.349 [main] DEBUG o.h.p.w.spi.MetamodelGraphWalker - Visiting attribute path : hcp
00:31:25.349 [main] DEBUG o.h.l.p.b.i.spaces.QuerySpacesImpl - Adding QuerySpace : uid = <gen:3> -> org.hibernate.loader.plan.build.internal.spaces.EntityQuerySpaceImpl@766d4242]
00:31:25.349 [main] DEBUG o.h.p.w.spi.MetamodelGraphWalker - Visiting attribute path : hospital
00:31:25.349 [main] DEBUG o.h.l.p.b.i.spaces.QuerySpacesImpl - Adding QuerySpace : uid = <gen:4> -> org.hibernate.loader.plan.build.internal.spaces.EntityQuerySpaceImpl@c34fb74]
00:31:25.350 [main] DEBUG o.h.p.w.spi.MetamodelGraphWalker - Visiting attribute path : notes
00:31:25.350 [main] DEBUG o.h.p.w.spi.MetamodelGraphWalker - Visiting attribute path : patient
00:31:25.350 [main] DEBUG o.h.l.p.b.i.spaces.QuerySpacesImpl - Adding QuerySpace : uid = <gen:5> -> org.hibernate.loader.plan.build.internal.spaces.EntityQuerySpaceImpl@25d678a8]
00:31:25.350 [main] DEBUG o.h.p.w.spi.MetamodelGraphWalker - Visiting attribute path : prescriptions
00:31:25.350 [main] DEBUG o.h.l.p.b.i.spaces.QuerySpacesImpl - Adding QuerySpace : uid = <gen:6> -> org.hibernate.loader.plan.build.internal.spaces.CollectionQuerySpaceImpl@2232589]
00:31:25.350 [main] DEBUG o.h.l.p.b.i.spaces.QuerySpacesImpl - Adding QuerySpace : uid = <gen:7> -> org.hibernate.loader.plan.build.internal.spaces.EntityQuerySpaceImpl@1e4018dd]
00:31:25.350 [main] DEBUG o.h.p.w.spi.MetamodelGraphWalker - Visiting attribute path : type
00:31:25.351 [main] DEBUG o.h.l.p.b.i.FetchStyleLoadPlanBuildingAssociationVisitationStrategy - Building LoadPlan...
00:31:25.351 [main] DEBUG o.h.l.p.e.i.LoadQueryJoinAndFetchProcessor - processing queryspace <gen:0>
00:31:25.351 [main] DEBUG o.h.l.p.b.spi.LoadPlanTreePrinter - LoadPlan(entity=edu.ncsu.csc.itrust2.models.persistent.OfficeVisit)
    - Returns
       - EntityReturnImpl(entity=edu.ncsu.csc.itrust2.models.persistent.OfficeVisit, querySpaceUid=<gen:0>, path=edu.ncsu.csc.itrust2.models.persistent.OfficeVisit)
          - EntityAttributeFetchImpl(entity=edu.ncsu.csc.itrust2.models.persistent.AppointmentRequest, querySpaceUid=<gen:1>, path=edu.ncsu.csc.itrust2.models.persistent.OfficeVisit.appointment)
          - EntityAttributeFetchImpl(entity=edu.ncsu.csc.itrust2.models.persistent.BasicHealthMetrics, querySpaceUid=<gen:2>, path=edu.ncsu.csc.itrust2.models.persistent.OfficeVisit.basicHealthMetrics)
          - EntityAttributeFetchImpl(entity=edu.ncsu.csc.itrust2.models.persistent.User, querySpaceUid=<gen:3>, path=edu.ncsu.csc.itrust2.models.persistent.OfficeVisit.hcp)
          - EntityAttributeFetchImpl(entity=edu.ncsu.csc.itrust2.models.persistent.Hospital, querySpaceUid=<gen:4>, path=edu.ncsu.csc.itrust2.models.persistent.OfficeVisit.hospital)
          - EntityAttributeFetchImpl(entity=edu.ncsu.csc.itrust2.models.persistent.User, querySpaceUid=<gen:5>, path=edu.ncsu.csc.itrust2.models.persistent.OfficeVisit.patient)
          - CollectionAttributeFetchImpl(collection=edu.ncsu.csc.itrust2.models.persistent.OfficeVisit.prescriptions, querySpaceUid=<gen:6>, path=edu.ncsu.csc.itrust2.models.persistent.OfficeVisit.prescriptions)
             - (collection element) CollectionFetchableElementEntityGraph(entity=edu.ncsu.csc.itrust2.models.persistent.Prescription, querySpaceUid=<gen:7>, path=edu.ncsu.csc.itrust2.models.persistent.OfficeVisit.prescriptions.<elements>)
    - QuerySpaces
       - EntityQuerySpaceImpl(uid=<gen:0>, entity=edu.ncsu.csc.itrust2.models.persistent.OfficeVisit)
          - SQL table alias mapping - officevisi0_
          - alias suffix - 0_
          - suffixed key columns - {id1_10_0_}

00:31:25.351 [main] DEBUG o.h.loader.entity.plan.EntityLoader - Static select for entity edu.ncsu.csc.itrust2.models.persistent.OfficeVisit [UPGRADE_SKIPLOCKED]: select officevisi0_.id as id1_10_0_, officevisi0_.appointment_id as appointm5_10_0_, officevisi0_.basichealthmetrics_id as basichea6_10_0_, officevisi0_.date as date2_10_0_, officevisi0_.hcp_id as hcp_id7_10_0_, officevisi0_.hospital_id as hospital8_10_0_, officevisi0_.notes as notes3_10_0_, officevisi0_.patient_id as patient_9_10_0_, officevisi0_.type as type4_10_0_ from OfficeVisits officevisi0_ where officevisi0_.id=? for update
00:31:25.352 [main] DEBUG o.h.l.p.b.i.spaces.QuerySpacesImpl - Adding QuerySpace : uid = <gen:0> -> org.hibernate.loader.plan.build.internal.spaces.EntityQuerySpaceImpl@3584bf3a]
00:31:25.352 [main] DEBUG o.h.p.w.spi.MetamodelGraphWalker - Visiting attribute path : appointment
00:31:25.352 [main] DEBUG o.h.l.p.b.i.spaces.QuerySpacesImpl - Adding QuerySpace : uid = <gen:1> -> org.hibernate.loader.plan.build.internal.spaces.EntityQuerySpaceImpl@3895e49e]
00:31:25.352 [main] DEBUG o.h.p.w.spi.MetamodelGraphWalker - Visiting attribute path : basicHealthMetrics
00:31:25.352 [main] DEBUG o.h.l.p.b.i.spaces.QuerySpacesImpl - Adding QuerySpace : uid = <gen:2> -> org.hibernate.loader.plan.build.internal.spaces.EntityQuerySpaceImpl@268d85a1]
00:31:25.353 [main] DEBUG o.h.p.w.spi.MetamodelGraphWalker - Visiting attribute path : date
00:31:25.353 [main] DEBUG o.h.p.w.spi.MetamodelGraphWalker - Visiting attribute path : hcp
00:31:25.353 [main] DEBUG o.h.l.p.b.i.spaces.QuerySpacesImpl - Adding QuerySpace : uid = <gen:3> -> org.hibernate.loader.plan.build.internal.spaces.EntityQuerySpaceImpl@36609325]
00:31:25.353 [main] DEBUG o.h.p.w.spi.MetamodelGraphWalker - Visiting attribute path : hospital
00:31:25.353 [main] DEBUG o.h.l.p.b.i.spaces.QuerySpacesImpl - Adding QuerySpace : uid = <gen:4> -> org.hibernate.loader.plan.build.internal.spaces.EntityQuerySpaceImpl@195ec6a1]
00:31:25.353 [main] DEBUG o.h.p.w.spi.MetamodelGraphWalker - Visiting attribute path : notes
00:31:25.353 [main] DEBUG o.h.p.w.spi.MetamodelGraphWalker - Visiting attribute path : patient
00:31:25.354 [main] DEBUG o.h.l.p.b.i.spaces.QuerySpacesImpl - Adding QuerySpace : uid = <gen:5> -> org.hibernate.loader.plan.build.internal.spaces.EntityQuerySpaceImpl@ef87000]
00:31:25.354 [main] DEBUG o.h.p.w.spi.MetamodelGraphWalker - Visiting attribute path : prescriptions
00:31:25.354 [main] DEBUG o.h.l.p.b.i.spaces.QuerySpacesImpl - Adding QuerySpace : uid = <gen:6> -> org.hibernate.loader.plan.build.internal.spaces.CollectionQuerySpaceImpl@44124cf3]
00:31:25.354 [main] DEBUG o.h.l.p.b.i.spaces.QuerySpacesImpl - Adding QuerySpace : uid = <gen:7> -> org.hibernate.loader.plan.build.internal.spaces.EntityQuerySpaceImpl@765916ef]
00:31:25.354 [main] DEBUG o.h.p.w.spi.MetamodelGraphWalker - Visiting attribute path : type
00:31:25.354 [main] DEBUG o.h.l.p.b.i.FetchStyleLoadPlanBuildingAssociationVisitationStrategy - Building LoadPlan...
00:31:25.355 [main] DEBUG o.h.l.p.e.i.LoadQueryJoinAndFetchProcessor - processing queryspace <gen:0>
00:31:25.355 [main] DEBUG o.h.l.p.b.spi.LoadPlanTreePrinter - LoadPlan(entity=edu.ncsu.csc.itrust2.models.persistent.OfficeVisit)
    - Returns
       - EntityReturnImpl(entity=edu.ncsu.csc.itrust2.models.persistent.OfficeVisit, querySpaceUid=<gen:0>, path=edu.ncsu.csc.itrust2.models.persistent.OfficeVisit)
          - EntityAttributeFetchImpl(entity=edu.ncsu.csc.itrust2.models.persistent.AppointmentRequest, querySpaceUid=<gen:1>, path=edu.ncsu.csc.itrust2.models.persistent.OfficeVisit.appointment)
          - EntityAttributeFetchImpl(entity=edu.ncsu.csc.itrust2.models.persistent.BasicHealthMetrics, querySpaceUid=<gen:2>, path=edu.ncsu.csc.itrust2.models.persistent.OfficeVisit.basicHealthMetrics)
          - EntityAttributeFetchImpl(entity=edu.ncsu.csc.itrust2.models.persistent.User, querySpaceUid=<gen:3>, path=edu.ncsu.csc.itrust2.models.persistent.OfficeVisit.hcp)
          - EntityAttributeFetchImpl(entity=edu.ncsu.csc.itrust2.models.persistent.Hospital, querySpaceUid=<gen:4>, path=edu.ncsu.csc.itrust2.models.persistent.OfficeVisit.hospital)
          - EntityAttributeFetchImpl(entity=edu.ncsu.csc.itrust2.models.persistent.User, querySpaceUid=<gen:5>, path=edu.ncsu.csc.itrust2.models.persistent.OfficeVisit.patient)
          - CollectionAttributeFetchImpl(collection=edu.ncsu.csc.itrust2.models.persistent.OfficeVisit.prescriptions, querySpaceUid=<gen:6>, path=edu.ncsu.csc.itrust2.models.persistent.OfficeVisit.prescriptions)
             - (collection element) CollectionFetchableElementEntityGraph(entity=edu.ncsu.csc.itrust2.models.persistent.Prescription, querySpaceUid=<gen:7>, path=edu.ncsu.csc.itrust2.models.persistent.OfficeVisit.prescriptions.<elements>)
    - QuerySpaces
       - EntityQuerySpaceImpl(uid=<gen:0>, entity=edu.ncsu.csc.itrust2.models.persistent.OfficeVisit)
          - SQL table alias mapping - officevisi0_
          - alias suffix - 0_
          - suffixed key columns - {id1_10_0_}

00:31:25.355 [main] DEBUG o.h.loader.entity.plan.EntityLoader - Static select for entity edu.ncsu.csc.itrust2.models.persistent.OfficeVisit [FORCE]: select officevisi0_.id as id1_10_0_, officevisi0_.appointment_id as appointm5_10_0_, officevisi0_.basichealthmetrics_id as basichea6_10_0_, officevisi0_.date as date2_10_0_, officevisi0_.hcp_id as hcp_id7_10_0_, officevisi0_.hospital_id as hospital8_10_0_, officevisi0_.notes as notes3_10_0_, officevisi0_.patient_id as patient_9_10_0_, officevisi0_.type as type4_10_0_ from OfficeVisits officevisi0_ where officevisi0_.id=? for update
00:31:25.355 [main] DEBUG o.h.l.p.b.i.spaces.QuerySpacesImpl - Adding QuerySpace : uid = <gen:0> -> org.hibernate.loader.plan.build.internal.spaces.EntityQuerySpaceImpl@195dbd4b]
00:31:25.356 [main] DEBUG o.h.p.w.spi.MetamodelGraphWalker - Visiting attribute path : appointment
00:31:25.356 [main] DEBUG o.h.l.p.b.i.spaces.QuerySpacesImpl - Adding QuerySpace : uid = <gen:1> -> org.hibernate.loader.plan.build.internal.spaces.EntityQuerySpaceImpl@24b1dba]
00:31:25.356 [main] DEBUG o.h.p.w.spi.MetamodelGraphWalker - Visiting attribute path : basicHealthMetrics
00:31:25.356 [main] DEBUG o.h.l.p.b.i.spaces.QuerySpacesImpl - Adding QuerySpace : uid = <gen:2> -> org.hibernate.loader.plan.build.internal.spaces.EntityQuerySpaceImpl@3c1b9d72]
00:31:25.356 [main] DEBUG o.h.p.w.spi.MetamodelGraphWalker - Visiting attribute path : date
00:31:25.356 [main] DEBUG o.h.p.w.spi.MetamodelGraphWalker - Visiting attribute path : hcp
00:31:25.357 [main] DEBUG o.h.l.p.b.i.spaces.QuerySpacesImpl - Adding QuerySpace : uid = <gen:3> -> org.hibernate.loader.plan.build.internal.spaces.EntityQuerySpaceImpl@4858d85f]
00:31:25.357 [main] DEBUG o.h.p.w.spi.MetamodelGraphWalker - Visiting attribute path : hospital
00:31:25.357 [main] DEBUG o.h.l.p.b.i.spaces.QuerySpacesImpl - Adding QuerySpace : uid = <gen:4> -> org.hibernate.loader.plan.build.internal.spaces.EntityQuerySpaceImpl@59913f72]
00:31:25.357 [main] DEBUG o.h.p.w.spi.MetamodelGraphWalker - Visiting attribute path : notes
00:31:25.357 [main] DEBUG o.h.p.w.spi.MetamodelGraphWalker - Visiting attribute path : patient
00:31:25.357 [main] DEBUG o.h.l.p.b.i.spaces.QuerySpacesImpl - Adding QuerySpace : uid = <gen:5> -> org.hibernate.loader.plan.build.internal.spaces.EntityQuerySpaceImpl@36d5f37]
00:31:25.357 [main] DEBUG o.h.p.w.spi.MetamodelGraphWalker - Visiting attribute path : prescriptions
00:31:25.358 [main] DEBUG o.h.l.p.b.i.spaces.QuerySpacesImpl - Adding QuerySpace : uid = <gen:6> -> org.hibernate.loader.plan.build.internal.spaces.CollectionQuerySpaceImpl@63fda225]
00:31:25.358 [main] DEBUG o.h.l.p.b.i.spaces.QuerySpacesImpl - Adding QuerySpace : uid = <gen:7> -> org.hibernate.loader.plan.build.internal.spaces.EntityQuerySpaceImpl@6de91425]
00:31:25.358 [main] DEBUG o.h.p.w.spi.MetamodelGraphWalker - Visiting attribute path : type
00:31:25.358 [main] DEBUG o.h.l.p.b.i.FetchStyleLoadPlanBuildingAssociationVisitationStrategy - Building LoadPlan...
00:31:25.358 [main] DEBUG o.h.l.p.e.i.LoadQueryJoinAndFetchProcessor - processing queryspace <gen:0>
00:31:25.359 [main] DEBUG o.h.l.p.b.spi.LoadPlanTreePrinter - LoadPlan(entity=edu.ncsu.csc.itrust2.models.persistent.OfficeVisit)
    - Returns
       - EntityReturnImpl(entity=edu.ncsu.csc.itrust2.models.persistent.OfficeVisit, querySpaceUid=<gen:0>, path=edu.ncsu.csc.itrust2.models.persistent.OfficeVisit)
          - EntityAttributeFetchImpl(entity=edu.ncsu.csc.itrust2.models.persistent.AppointmentRequest, querySpaceUid=<gen:1>, path=edu.ncsu.csc.itrust2.models.persistent.OfficeVisit.appointment)
          - EntityAttributeFetchImpl(entity=edu.ncsu.csc.itrust2.models.persistent.BasicHealthMetrics, querySpaceUid=<gen:2>, path=edu.ncsu.csc.itrust2.models.persistent.OfficeVisit.basicHealthMetrics)
          - EntityAttributeFetchImpl(entity=edu.ncsu.csc.itrust2.models.persistent.User, querySpaceUid=<gen:3>, path=edu.ncsu.csc.itrust2.models.persistent.OfficeVisit.hcp)
          - EntityAttributeFetchImpl(entity=edu.ncsu.csc.itrust2.models.persistent.Hospital, querySpaceUid=<gen:4>, path=edu.ncsu.csc.itrust2.models.persistent.OfficeVisit.hospital)
          - EntityAttributeFetchImpl(entity=edu.ncsu.csc.itrust2.models.persistent.User, querySpaceUid=<gen:5>, path=edu.ncsu.csc.itrust2.models.persistent.OfficeVisit.patient)
          - CollectionAttributeFetchImpl(collection=edu.ncsu.csc.itrust2.models.persistent.OfficeVisit.prescriptions, querySpaceUid=<gen:6>, path=edu.ncsu.csc.itrust2.models.persistent.OfficeVisit.prescriptions)
             - (collection element) CollectionFetchableElementEntityGraph(entity=edu.ncsu.csc.itrust2.models.persistent.Prescription, querySpaceUid=<gen:7>, path=edu.ncsu.csc.itrust2.models.persistent.OfficeVisit.prescriptions.<elements>)
    - QuerySpaces
       - EntityQuerySpaceImpl(uid=<gen:0>, entity=edu.ncsu.csc.itrust2.models.persistent.OfficeVisit)
          - SQL table alias mapping - officevisi0_
          - alias suffix - 0_
          - suffixed key columns - {id1_10_0_}

00:31:25.359 [main] DEBUG o.h.loader.entity.plan.EntityLoader - Static select for entity edu.ncsu.csc.itrust2.models.persistent.OfficeVisit [PESSIMISTIC_READ]: select officevisi0_.id as id1_10_0_, officevisi0_.appointment_id as appointm5_10_0_, officevisi0_.basichealthmetrics_id as basichea6_10_0_, officevisi0_.date as date2_10_0_, officevisi0_.hcp_id as hcp_id7_10_0_, officevisi0_.hospital_id as hospital8_10_0_, officevisi0_.notes as notes3_10_0_, officevisi0_.patient_id as patient_9_10_0_, officevisi0_.type as type4_10_0_ from OfficeVisits officevisi0_ where officevisi0_.id=? lock in share mode
00:31:25.359 [main] DEBUG o.h.l.p.b.i.spaces.QuerySpacesImpl - Adding QuerySpace : uid = <gen:0> -> org.hibernate.loader.plan.build.internal.spaces.EntityQuerySpaceImpl@3d53cc45]
00:31:25.359 [main] DEBUG o.h.p.w.spi.MetamodelGraphWalker - Visiting attribute path : appointment
00:31:25.359 [main] DEBUG o.h.l.p.b.i.spaces.QuerySpacesImpl - Adding QuerySpace : uid = <gen:1> -> org.hibernate.loader.plan.build.internal.spaces.EntityQuerySpaceImpl@5accd405]
00:31:25.360 [main] DEBUG o.h.p.w.spi.MetamodelGraphWalker - Visiting attribute path : basicHealthMetrics
00:31:25.360 [main] DEBUG o.h.l.p.b.i.spaces.QuerySpacesImpl - Adding QuerySpace : uid = <gen:2> -> org.hibernate.loader.plan.build.internal.spaces.EntityQuerySpaceImpl@7f21bb45]
00:31:25.360 [main] DEBUG o.h.p.w.spi.MetamodelGraphWalker - Visiting attribute path : date
00:31:25.360 [main] DEBUG o.h.p.w.spi.MetamodelGraphWalker - Visiting attribute path : hcp
00:31:25.360 [main] DEBUG o.h.l.p.b.i.spaces.QuerySpacesImpl - Adding QuerySpace : uid = <gen:3> -> org.hibernate.loader.plan.build.internal.spaces.EntityQuerySpaceImpl@5cb36100]
00:31:25.360 [main] DEBUG o.h.p.w.spi.MetamodelGraphWalker - Visiting attribute path : hospital
00:31:25.361 [main] DEBUG o.h.l.p.b.i.spaces.QuerySpacesImpl - Adding QuerySpace : uid = <gen:4> -> org.hibernate.loader.plan.build.internal.spaces.EntityQuerySpaceImpl@7dfd55e9]
00:31:25.361 [main] DEBUG o.h.p.w.spi.MetamodelGraphWalker - Visiting attribute path : notes
00:31:25.361 [main] DEBUG o.h.p.w.spi.MetamodelGraphWalker - Visiting attribute path : patient
00:31:25.361 [main] DEBUG o.h.l.p.b.i.spaces.QuerySpacesImpl - Adding QuerySpace : uid = <gen:5> -> org.hibernate.loader.plan.build.internal.spaces.EntityQuerySpaceImpl@412ddaaf]
00:31:25.361 [main] DEBUG o.h.p.w.spi.MetamodelGraphWalker - Visiting attribute path : prescriptions
00:31:25.361 [main] DEBUG o.h.l.p.b.i.spaces.QuerySpacesImpl - Adding QuerySpace : uid = <gen:6> -> org.hibernate.loader.plan.build.internal.spaces.CollectionQuerySpaceImpl@33a4ba5c]
00:31:25.361 [main] DEBUG o.h.l.p.b.i.spaces.QuerySpacesImpl - Adding QuerySpace : uid = <gen:7> -> org.hibernate.loader.plan.build.internal.spaces.EntityQuerySpaceImpl@74586649]
00:31:25.362 [main] DEBUG o.h.p.w.spi.MetamodelGraphWalker - Visiting attribute path : type
00:31:25.362 [main] DEBUG o.h.l.p.b.i.FetchStyleLoadPlanBuildingAssociationVisitationStrategy - Building LoadPlan...
00:31:25.362 [main] DEBUG o.h.l.p.e.i.LoadQueryJoinAndFetchProcessor - processing queryspace <gen:0>
00:31:25.362 [main] DEBUG o.h.l.p.b.spi.LoadPlanTreePrinter - LoadPlan(entity=edu.ncsu.csc.itrust2.models.persistent.OfficeVisit)
    - Returns
       - EntityReturnImpl(entity=edu.ncsu.csc.itrust2.models.persistent.OfficeVisit, querySpaceUid=<gen:0>, path=edu.ncsu.csc.itrust2.models.persistent.OfficeVisit)
          - EntityAttributeFetchImpl(entity=edu.ncsu.csc.itrust2.models.persistent.AppointmentRequest, querySpaceUid=<gen:1>, path=edu.ncsu.csc.itrust2.models.persistent.OfficeVisit.appointment)
          - EntityAttributeFetchImpl(entity=edu.ncsu.csc.itrust2.models.persistent.BasicHealthMetrics, querySpaceUid=<gen:2>, path=edu.ncsu.csc.itrust2.models.persistent.OfficeVisit.basicHealthMetrics)
          - EntityAttributeFetchImpl(entity=edu.ncsu.csc.itrust2.models.persistent.User, querySpaceUid=<gen:3>, path=edu.ncsu.csc.itrust2.models.persistent.OfficeVisit.hcp)
          - EntityAttributeFetchImpl(entity=edu.ncsu.csc.itrust2.models.persistent.Hospital, querySpaceUid=<gen:4>, path=edu.ncsu.csc.itrust2.models.persistent.OfficeVisit.hospital)
          - EntityAttributeFetchImpl(entity=edu.ncsu.csc.itrust2.models.persistent.User, querySpaceUid=<gen:5>, path=edu.ncsu.csc.itrust2.models.persistent.OfficeVisit.patient)
          - CollectionAttributeFetchImpl(collection=edu.ncsu.csc.itrust2.models.persistent.OfficeVisit.prescriptions, querySpaceUid=<gen:6>, path=edu.ncsu.csc.itrust2.models.persistent.OfficeVisit.prescriptions)
             - (collection element) CollectionFetchableElementEntityGraph(entity=edu.ncsu.csc.itrust2.models.persistent.Prescription, querySpaceUid=<gen:7>, path=edu.ncsu.csc.itrust2.models.persistent.OfficeVisit.prescriptions.<elements>)
    - QuerySpaces
       - EntityQuerySpaceImpl(uid=<gen:0>, entity=edu.ncsu.csc.itrust2.models.persistent.OfficeVisit)
          - SQL table alias mapping - officevisi0_
          - alias suffix - 0_
          - suffixed key columns - {id1_10_0_}

00:31:25.363 [main] DEBUG o.h.loader.entity.plan.EntityLoader - Static select for entity edu.ncsu.csc.itrust2.models.persistent.OfficeVisit [PESSIMISTIC_WRITE]: select officevisi0_.id as id1_10_0_, officevisi0_.appointment_id as appointm5_10_0_, officevisi0_.basichealthmetrics_id as basichea6_10_0_, officevisi0_.date as date2_10_0_, officevisi0_.hcp_id as hcp_id7_10_0_, officevisi0_.hospital_id as hospital8_10_0_, officevisi0_.notes as notes3_10_0_, officevisi0_.patient_id as patient_9_10_0_, officevisi0_.type as type4_10_0_ from OfficeVisits officevisi0_ where officevisi0_.id=? for update
00:31:25.363 [main] DEBUG o.h.l.p.b.i.spaces.QuerySpacesImpl - Adding QuerySpace : uid = <gen:0> -> org.hibernate.loader.plan.build.internal.spaces.EntityQuerySpaceImpl@631d2736]
00:31:25.363 [main] DEBUG o.h.p.w.spi.MetamodelGraphWalker - Visiting attribute path : appointment
00:31:25.363 [main] DEBUG o.h.l.p.b.i.spaces.QuerySpacesImpl - Adding QuerySpace : uid = <gen:1> -> org.hibernate.loader.plan.build.internal.spaces.EntityQuerySpaceImpl@5aaa54c7]
00:31:25.363 [main] DEBUG o.h.p.w.spi.MetamodelGraphWalker - Visiting attribute path : basicHealthMetrics
00:31:25.363 [main] DEBUG o.h.l.p.b.i.spaces.QuerySpacesImpl - Adding QuerySpace : uid = <gen:2> -> org.hibernate.loader.plan.build.internal.spaces.EntityQuerySpaceImpl@6d771bf5]
00:31:25.364 [main] DEBUG o.h.p.w.spi.MetamodelGraphWalker - Visiting attribute path : date
00:31:25.364 [main] DEBUG o.h.p.w.spi.MetamodelGraphWalker - Visiting attribute path : hcp
00:31:25.364 [main] DEBUG o.h.l.p.b.i.spaces.QuerySpacesImpl - Adding QuerySpace : uid = <gen:3> -> org.hibernate.loader.plan.build.internal.spaces.EntityQuerySpaceImpl@67d9b5fa]
00:31:25.364 [main] DEBUG o.h.p.w.spi.MetamodelGraphWalker - Visiting attribute path : hospital
00:31:25.364 [main] DEBUG o.h.l.p.b.i.spaces.QuerySpacesImpl - Adding QuerySpace : uid = <gen:4> -> org.hibernate.loader.plan.build.internal.spaces.EntityQuerySpaceImpl@788648e8]
00:31:25.364 [main] DEBUG o.h.p.w.spi.MetamodelGraphWalker - Visiting attribute path : notes
00:31:25.364 [main] DEBUG o.h.p.w.spi.MetamodelGraphWalker - Visiting attribute path : patient
00:31:25.365 [main] DEBUG o.h.l.p.b.i.spaces.QuerySpacesImpl - Adding QuerySpace : uid = <gen:5> -> org.hibernate.loader.plan.build.internal.spaces.EntityQuerySpaceImpl@70822753]
00:31:25.365 [main] DEBUG o.h.p.w.spi.MetamodelGraphWalker - Visiting attribute path : prescriptions
00:31:25.365 [main] DEBUG o.h.l.p.b.i.spaces.QuerySpacesImpl - Adding QuerySpace : uid = <gen:6> -> org.hibernate.loader.plan.build.internal.spaces.CollectionQuerySpaceImpl@257f3205]
00:31:25.365 [main] DEBUG o.h.l.p.b.i.spaces.QuerySpacesImpl - Adding QuerySpace : uid = <gen:7> -> org.hibernate.loader.plan.build.internal.spaces.EntityQuerySpaceImpl@fa32535]
00:31:25.365 [main] DEBUG o.h.p.w.spi.MetamodelGraphWalker - Visiting attribute path : type
00:31:25.366 [main] DEBUG o.h.l.p.b.i.FetchStyleLoadPlanBuildingAssociationVisitationStrategy - Building LoadPlan...
00:31:25.366 [main] DEBUG o.h.l.p.e.i.LoadQueryJoinAndFetchProcessor - processing queryspace <gen:0>
00:31:25.366 [main] DEBUG o.h.l.p.b.spi.LoadPlanTreePrinter - LoadPlan(entity=edu.ncsu.csc.itrust2.models.persistent.OfficeVisit)
    - Returns
       - EntityReturnImpl(entity=edu.ncsu.csc.itrust2.models.persistent.OfficeVisit, querySpaceUid=<gen:0>, path=edu.ncsu.csc.itrust2.models.persistent.OfficeVisit)
          - EntityAttributeFetchImpl(entity=edu.ncsu.csc.itrust2.models.persistent.AppointmentRequest, querySpaceUid=<gen:1>, path=edu.ncsu.csc.itrust2.models.persistent.OfficeVisit.appointment)
          - EntityAttributeFetchImpl(entity=edu.ncsu.csc.itrust2.models.persistent.BasicHealthMetrics, querySpaceUid=<gen:2>, path=edu.ncsu.csc.itrust2.models.persistent.OfficeVisit.basicHealthMetrics)
          - EntityAttributeFetchImpl(entity=edu.ncsu.csc.itrust2.models.persistent.User, querySpaceUid=<gen:3>, path=edu.ncsu.csc.itrust2.models.persistent.OfficeVisit.hcp)
          - EntityAttributeFetchImpl(entity=edu.ncsu.csc.itrust2.models.persistent.Hospital, querySpaceUid=<gen:4>, path=edu.ncsu.csc.itrust2.models.persistent.OfficeVisit.hospital)
          - EntityAttributeFetchImpl(entity=edu.ncsu.csc.itrust2.models.persistent.User, querySpaceUid=<gen:5>, path=edu.ncsu.csc.itrust2.models.persistent.OfficeVisit.patient)
          - CollectionAttributeFetchImpl(collection=edu.ncsu.csc.itrust2.models.persistent.OfficeVisit.prescriptions, querySpaceUid=<gen:6>, path=edu.ncsu.csc.itrust2.models.persistent.OfficeVisit.prescriptions)
             - (collection element) CollectionFetchableElementEntityGraph(entity=edu.ncsu.csc.itrust2.models.persistent.Prescription, querySpaceUid=<gen:7>, path=edu.ncsu.csc.itrust2.models.persistent.OfficeVisit.prescriptions.<elements>)
    - QuerySpaces
       - EntityQuerySpaceImpl(uid=<gen:0>, entity=edu.ncsu.csc.itrust2.models.persistent.OfficeVisit)
          - SQL table alias mapping - officevisi0_
          - alias suffix - 0_
          - suffixed key columns - {id1_10_0_}

00:31:25.366 [main] DEBUG o.h.loader.entity.plan.EntityLoader - Static select for entity edu.ncsu.csc.itrust2.models.persistent.OfficeVisit [PESSIMISTIC_FORCE_INCREMENT]: select officevisi0_.id as id1_10_0_, officevisi0_.appointment_id as appointm5_10_0_, officevisi0_.basichealthmetrics_id as basichea6_10_0_, officevisi0_.date as date2_10_0_, officevisi0_.hcp_id as hcp_id7_10_0_, officevisi0_.hospital_id as hospital8_10_0_, officevisi0_.notes as notes3_10_0_, officevisi0_.patient_id as patient_9_10_0_, officevisi0_.type as type4_10_0_ from OfficeVisits officevisi0_ where officevisi0_.id=? for update
00:31:25.367 [main] DEBUG o.h.l.p.b.i.spaces.QuerySpacesImpl - Adding QuerySpace : uid = <gen:0> -> org.hibernate.loader.plan.build.internal.spaces.EntityQuerySpaceImpl@4528fd21]
00:31:25.367 [main] DEBUG o.h.p.w.spi.MetamodelGraphWalker - Visiting attribute path : appointment
00:31:25.367 [main] DEBUG o.h.l.p.b.i.spaces.QuerySpacesImpl - Adding QuerySpace : uid = <gen:1> -> org.hibernate.loader.plan.build.internal.spaces.EntityQuerySpaceImpl@78c203e9]
00:31:25.367 [main] DEBUG o.h.p.w.spi.MetamodelGraphWalker - Visiting attribute path : basicHealthMetrics
00:31:25.367 [main] DEBUG o.h.l.p.b.i.spaces.QuerySpacesImpl - Adding QuerySpace : uid = <gen:2> -> org.hibernate.loader.plan.build.internal.spaces.EntityQuerySpaceImpl@6ede0b49]
00:31:25.367 [main] DEBUG o.h.p.w.spi.MetamodelGraphWalker - Visiting attribute path : date
00:31:25.368 [main] DEBUG o.h.p.w.spi.MetamodelGraphWalker - Visiting attribute path : hcp
00:31:25.368 [main] DEBUG o.h.l.p.b.i.spaces.QuerySpacesImpl - Adding QuerySpace : uid = <gen:3> -> org.hibernate.loader.plan.build.internal.spaces.EntityQuerySpaceImpl@6c9d2246]
00:31:25.368 [main] DEBUG o.h.p.w.spi.MetamodelGraphWalker - Visiting attribute path : hospital
00:31:25.368 [main] DEBUG o.h.l.p.b.i.spaces.QuerySpacesImpl - Adding QuerySpace : uid = <gen:4> -> org.hibernate.loader.plan.build.internal.spaces.EntityQuerySpaceImpl@47546f1f]
00:31:25.368 [main] DEBUG o.h.p.w.spi.MetamodelGraphWalker - Visiting attribute path : notes
00:31:25.368 [main] DEBUG o.h.p.w.spi.MetamodelGraphWalker - Visiting attribute path : patient
00:31:25.368 [main] DEBUG o.h.l.p.b.i.spaces.QuerySpacesImpl - Adding QuerySpace : uid = <gen:5> -> org.hibernate.loader.plan.build.internal.spaces.EntityQuerySpaceImpl@2fe1f157]
00:31:25.369 [main] DEBUG o.h.p.w.spi.MetamodelGraphWalker - Visiting attribute path : prescriptions
00:31:25.369 [main] DEBUG o.h.l.p.b.i.spaces.QuerySpacesImpl - Adding QuerySpace : uid = <gen:6> -> org.hibernate.loader.plan.build.internal.spaces.CollectionQuerySpaceImpl@317b33a1]
00:31:25.369 [main] DEBUG o.h.l.p.b.i.spaces.QuerySpacesImpl - Adding QuerySpace : uid = <gen:7> -> org.hibernate.loader.plan.build.internal.spaces.EntityQuerySpaceImpl@3471a8da]
00:31:25.369 [main] DEBUG o.h.p.w.spi.MetamodelGraphWalker - Visiting attribute path : type
00:31:25.369 [main] DEBUG o.h.l.p.b.i.FetchStyleLoadPlanBuildingAssociationVisitationStrategy - Building LoadPlan...
00:31:25.370 [main] DEBUG o.h.l.p.e.i.LoadQueryJoinAndFetchProcessor - processing queryspace <gen:0>
00:31:25.370 [main] DEBUG o.h.l.p.b.spi.LoadPlanTreePrinter - LoadPlan(entity=edu.ncsu.csc.itrust2.models.persistent.OfficeVisit)
    - Returns
       - EntityReturnImpl(entity=edu.ncsu.csc.itrust2.models.persistent.OfficeVisit, querySpaceUid=<gen:0>, path=edu.ncsu.csc.itrust2.models.persistent.OfficeVisit)
          - EntityAttributeFetchImpl(entity=edu.ncsu.csc.itrust2.models.persistent.AppointmentRequest, querySpaceUid=<gen:1>, path=edu.ncsu.csc.itrust2.models.persistent.OfficeVisit.appointment)
          - EntityAttributeFetchImpl(entity=edu.ncsu.csc.itrust2.models.persistent.BasicHealthMetrics, querySpaceUid=<gen:2>, path=edu.ncsu.csc.itrust2.models.persistent.OfficeVisit.basicHealthMetrics)
          - EntityAttributeFetchImpl(entity=edu.ncsu.csc.itrust2.models.persistent.User, querySpaceUid=<gen:3>, path=edu.ncsu.csc.itrust2.models.persistent.OfficeVisit.hcp)
          - EntityAttributeFetchImpl(entity=edu.ncsu.csc.itrust2.models.persistent.Hospital, querySpaceUid=<gen:4>, path=edu.ncsu.csc.itrust2.models.persistent.OfficeVisit.hospital)
          - EntityAttributeFetchImpl(entity=edu.ncsu.csc.itrust2.models.persistent.User, querySpaceUid=<gen:5>, path=edu.ncsu.csc.itrust2.models.persistent.OfficeVisit.patient)
          - CollectionAttributeFetchImpl(collection=edu.ncsu.csc.itrust2.models.persistent.OfficeVisit.prescriptions, querySpaceUid=<gen:6>, path=edu.ncsu.csc.itrust2.models.persistent.OfficeVisit.prescriptions)
             - (collection element) CollectionFetchableElementEntityGraph(entity=edu.ncsu.csc.itrust2.models.persistent.Prescription, querySpaceUid=<gen:7>, path=edu.ncsu.csc.itrust2.models.persistent.OfficeVisit.prescriptions.<elements>)
    - QuerySpaces
       - EntityQuerySpaceImpl(uid=<gen:0>, entity=edu.ncsu.csc.itrust2.models.persistent.OfficeVisit)
          - SQL table alias mapping - officevisi0_
          - alias suffix - 0_
          - suffixed key columns - {id1_10_0_}

00:31:25.370 [main] DEBUG o.h.loader.entity.plan.EntityLoader - Static select for entity edu.ncsu.csc.itrust2.models.persistent.OfficeVisit [OPTIMISTIC]: select officevisi0_.id as id1_10_0_, officevisi0_.appointment_id as appointm5_10_0_, officevisi0_.basichealthmetrics_id as basichea6_10_0_, officevisi0_.date as date2_10_0_, officevisi0_.hcp_id as hcp_id7_10_0_, officevisi0_.hospital_id as hospital8_10_0_, officevisi0_.notes as notes3_10_0_, officevisi0_.patient_id as patient_9_10_0_, officevisi0_.type as type4_10_0_ from OfficeVisits officevisi0_ where officevisi0_.id=?
00:31:25.370 [main] DEBUG o.h.l.p.b.i.spaces.QuerySpacesImpl - Adding QuerySpace : uid = <gen:0> -> org.hibernate.loader.plan.build.internal.spaces.EntityQuerySpaceImpl@50b905dc]
00:31:25.371 [main] DEBUG o.h.p.w.spi.MetamodelGraphWalker - Visiting attribute path : appointment
00:31:25.371 [main] DEBUG o.h.l.p.b.i.spaces.QuerySpacesImpl - Adding QuerySpace : uid = <gen:1> -> org.hibernate.loader.plan.build.internal.spaces.EntityQuerySpaceImpl@18fcfe51]
00:31:25.371 [main] DEBUG o.h.p.w.spi.MetamodelGraphWalker - Visiting attribute path : basicHealthMetrics
00:31:25.371 [main] DEBUG o.h.l.p.b.i.spaces.QuerySpacesImpl - Adding QuerySpace : uid = <gen:2> -> org.hibernate.loader.plan.build.internal.spaces.EntityQuerySpaceImpl@21f2a2ec]
00:31:25.371 [main] DEBUG o.h.p.w.spi.MetamodelGraphWalker - Visiting attribute path : date
00:31:25.371 [main] DEBUG o.h.p.w.spi.MetamodelGraphWalker - Visiting attribute path : hcp
00:31:25.372 [main] DEBUG o.h.l.p.b.i.spaces.QuerySpacesImpl - Adding QuerySpace : uid = <gen:3> -> org.hibernate.loader.plan.build.internal.spaces.EntityQuerySpaceImpl@39fdc4eb]
00:31:25.372 [main] DEBUG o.h.p.w.spi.MetamodelGraphWalker - Visiting attribute path : hospital
00:31:25.372 [main] DEBUG o.h.l.p.b.i.spaces.QuerySpacesImpl - Adding QuerySpace : uid = <gen:4> -> org.hibernate.loader.plan.build.internal.spaces.EntityQuerySpaceImpl@5880da84]
00:31:25.372 [main] DEBUG o.h.p.w.spi.MetamodelGraphWalker - Visiting attribute path : notes
00:31:25.372 [main] DEBUG o.h.p.w.spi.MetamodelGraphWalker - Visiting attribute path : patient
00:31:25.372 [main] DEBUG o.h.l.p.b.i.spaces.QuerySpacesImpl - Adding QuerySpace : uid = <gen:5> -> org.hibernate.loader.plan.build.internal.spaces.EntityQuerySpaceImpl@27f1b9b3]
00:31:25.372 [main] DEBUG o.h.p.w.spi.MetamodelGraphWalker - Visiting attribute path : prescriptions
00:31:25.373 [main] DEBUG o.h.l.p.b.i.spaces.QuerySpacesImpl - Adding QuerySpace : uid = <gen:6> -> org.hibernate.loader.plan.build.internal.spaces.CollectionQuerySpaceImpl@13208a63]
00:31:25.373 [main] DEBUG o.h.l.p.b.i.spaces.QuerySpacesImpl - Adding QuerySpace : uid = <gen:7> -> org.hibernate.loader.plan.build.internal.spaces.EntityQuerySpaceImpl@442dde70]
00:31:25.373 [main] DEBUG o.h.p.w.spi.MetamodelGraphWalker - Visiting attribute path : type
00:31:25.373 [main] DEBUG o.h.l.p.b.i.FetchStyleLoadPlanBuildingAssociationVisitationStrategy - Building LoadPlan...
00:31:25.373 [main] DEBUG o.h.l.p.e.i.LoadQueryJoinAndFetchProcessor - processing queryspace <gen:0>
00:31:25.374 [main] DEBUG o.h.l.p.b.spi.LoadPlanTreePrinter - LoadPlan(entity=edu.ncsu.csc.itrust2.models.persistent.OfficeVisit)
    - Returns
       - EntityReturnImpl(entity=edu.ncsu.csc.itrust2.models.persistent.OfficeVisit, querySpaceUid=<gen:0>, path=edu.ncsu.csc.itrust2.models.persistent.OfficeVisit)
          - EntityAttributeFetchImpl(entity=edu.ncsu.csc.itrust2.models.persistent.AppointmentRequest, querySpaceUid=<gen:1>, path=edu.ncsu.csc.itrust2.models.persistent.OfficeVisit.appointment)
          - EntityAttributeFetchImpl(entity=edu.ncsu.csc.itrust2.models.persistent.BasicHealthMetrics, querySpaceUid=<gen:2>, path=edu.ncsu.csc.itrust2.models.persistent.OfficeVisit.basicHealthMetrics)
          - EntityAttributeFetchImpl(entity=edu.ncsu.csc.itrust2.models.persistent.User, querySpaceUid=<gen:3>, path=edu.ncsu.csc.itrust2.models.persistent.OfficeVisit.hcp)
          - EntityAttributeFetchImpl(entity=edu.ncsu.csc.itrust2.models.persistent.Hospital, querySpaceUid=<gen:4>, path=edu.ncsu.csc.itrust2.models.persistent.OfficeVisit.hospital)
          - EntityAttributeFetchImpl(entity=edu.ncsu.csc.itrust2.models.persistent.User, querySpaceUid=<gen:5>, path=edu.ncsu.csc.itrust2.models.persistent.OfficeVisit.patient)
          - CollectionAttributeFetchImpl(collection=edu.ncsu.csc.itrust2.models.persistent.OfficeVisit.prescriptions, querySpaceUid=<gen:6>, path=edu.ncsu.csc.itrust2.models.persistent.OfficeVisit.prescriptions)
             - (collection element) CollectionFetchableElementEntityGraph(entity=edu.ncsu.csc.itrust2.models.persistent.Prescription, querySpaceUid=<gen:7>, path=edu.ncsu.csc.itrust2.models.persistent.OfficeVisit.prescriptions.<elements>)
    - QuerySpaces
       - EntityQuerySpaceImpl(uid=<gen:0>, entity=edu.ncsu.csc.itrust2.models.persistent.OfficeVisit)
          - SQL table alias mapping - officevisi0_
          - alias suffix - 0_
          - suffixed key columns - {id1_10_0_}

00:31:25.374 [main] DEBUG o.h.loader.entity.plan.EntityLoader - Static select for entity edu.ncsu.csc.itrust2.models.persistent.OfficeVisit [OPTIMISTIC_FORCE_INCREMENT]: select officevisi0_.id as id1_10_0_, officevisi0_.appointment_id as appointm5_10_0_, officevisi0_.basichealthmetrics_id as basichea6_10_0_, officevisi0_.date as date2_10_0_, officevisi0_.hcp_id as hcp_id7_10_0_, officevisi0_.hospital_id as hospital8_10_0_, officevisi0_.notes as notes3_10_0_, officevisi0_.patient_id as patient_9_10_0_, officevisi0_.type as type4_10_0_ from OfficeVisits officevisi0_ where officevisi0_.id=?
00:31:25.374 [main] DEBUG org.hibernate.loader.Loader - Static select for action ACTION_MERGE on entity edu.ncsu.csc.itrust2.models.persistent.OfficeVisit: select officevisi0_.id as id1_10_0_, officevisi0_.appointment_id as appointm5_10_0_, officevisi0_.basichealthmetrics_id as basichea6_10_0_, officevisi0_.date as date2_10_0_, officevisi0_.hcp_id as hcp_id7_10_0_, officevisi0_.hospital_id as hospital8_10_0_, officevisi0_.notes as notes3_10_0_, officevisi0_.patient_id as patient_9_10_0_, officevisi0_.type as type4_10_0_ from OfficeVisits officevisi0_ where officevisi0_.id=?
00:31:25.375 [main] DEBUG org.hibernate.loader.Loader - Static select for action ACTION_REFRESH on entity edu.ncsu.csc.itrust2.models.persistent.OfficeVisit: select officevisi0_.id as id1_10_0_, officevisi0_.appointment_id as appointm5_10_0_, officevisi0_.basichealthmetrics_id as basichea6_10_0_, officevisi0_.date as date2_10_0_, officevisi0_.hcp_id as hcp_id7_10_0_, officevisi0_.hospital_id as hospital8_10_0_, officevisi0_.notes as notes3_10_0_, officevisi0_.patient_id as patient_9_10_0_, officevisi0_.type as type4_10_0_ from OfficeVisits officevisi0_ where officevisi0_.id=?
00:31:25.375 [main] DEBUG o.h.p.entity.AbstractEntityPersister - Static SQL for entity: edu.ncsu.csc.itrust2.models.persistent.Drug
00:31:25.375 [main] DEBUG o.h.p.entity.AbstractEntityPersister -  Version select: select id from Drugs where id =?
00:31:25.375 [main] DEBUG o.h.p.entity.AbstractEntityPersister -  Snapshot select: select drug_.id, drug_.code as code2_3_, drug_.description as descript3_3_, drug_.name as name4_3_ from Drugs drug_ where drug_.id=?
00:31:25.375 [main] DEBUG o.h.p.entity.AbstractEntityPersister -  Insert 0: insert into Drugs (code, description, name, id) values (?, ?, ?, ?)
00:31:25.375 [main] DEBUG o.h.p.entity.AbstractEntityPersister -  Update 0: update Drugs set code=?, description=?, name=? where id=?
00:31:25.376 [main] DEBUG o.h.p.entity.AbstractEntityPersister -  Delete 0: delete from Drugs where id=?
00:31:25.376 [main] DEBUG o.h.l.p.b.i.spaces.QuerySpacesImpl - Adding QuerySpace : uid = <gen:0> -> org.hibernate.loader.plan.build.internal.spaces.EntityQuerySpaceImpl@1aa7788b]
00:31:25.376 [main] DEBUG o.h.p.w.spi.MetamodelGraphWalker - Visiting attribute path : code
00:31:25.376 [main] DEBUG o.h.p.w.spi.MetamodelGraphWalker - Visiting attribute path : description
00:31:25.376 [main] DEBUG o.h.p.w.spi.MetamodelGraphWalker - Visiting attribute path : name
00:31:25.376 [main] DEBUG o.h.l.p.b.i.FetchStyleLoadPlanBuildingAssociationVisitationStrategy - Building LoadPlan...
00:31:25.377 [main] DEBUG o.h.l.p.e.i.LoadQueryJoinAndFetchProcessor - processing queryspace <gen:0>
00:31:25.377 [main] DEBUG o.h.l.p.b.spi.LoadPlanTreePrinter - LoadPlan(entity=edu.ncsu.csc.itrust2.models.persistent.Drug)
    - Returns
       - EntityReturnImpl(entity=edu.ncsu.csc.itrust2.models.persistent.Drug, querySpaceUid=<gen:0>, path=edu.ncsu.csc.itrust2.models.persistent.Drug)
    - QuerySpaces
       - EntityQuerySpaceImpl(uid=<gen:0>, entity=edu.ncsu.csc.itrust2.models.persistent.Drug)
          - SQL table alias mapping - drug0_
          - alias suffix - 0_
          - suffixed key columns - {id1_3_0_}

00:31:25.377 [main] DEBUG o.h.loader.entity.plan.EntityLoader - Static select for entity edu.ncsu.csc.itrust2.models.persistent.Drug [NONE]: select drug0_.id as id1_3_0_, drug0_.code as code2_3_0_, drug0_.description as descript3_3_0_, drug0_.name as name4_3_0_ from Drugs drug0_ where drug0_.id=?
00:31:25.377 [main] DEBUG o.h.l.p.b.i.spaces.QuerySpacesImpl - Adding QuerySpace : uid = <gen:0> -> org.hibernate.loader.plan.build.internal.spaces.EntityQuerySpaceImpl@275581aa]
00:31:25.377 [main] DEBUG o.h.p.w.spi.MetamodelGraphWalker - Visiting attribute path : code
00:31:25.377 [main] DEBUG o.h.p.w.spi.MetamodelGraphWalker - Visiting attribute path : description
00:31:25.378 [main] DEBUG o.h.p.w.spi.MetamodelGraphWalker - Visiting attribute path : name
00:31:25.378 [main] DEBUG o.h.l.p.b.i.FetchStyleLoadPlanBuildingAssociationVisitationStrategy - Building LoadPlan...
00:31:25.378 [main] DEBUG o.h.l.p.e.i.LoadQueryJoinAndFetchProcessor - processing queryspace <gen:0>
00:31:25.378 [main] DEBUG o.h.l.p.b.spi.LoadPlanTreePrinter - LoadPlan(entity=edu.ncsu.csc.itrust2.models.persistent.Drug)
    - Returns
       - EntityReturnImpl(entity=edu.ncsu.csc.itrust2.models.persistent.Drug, querySpaceUid=<gen:0>, path=edu.ncsu.csc.itrust2.models.persistent.Drug)
    - QuerySpaces
       - EntityQuerySpaceImpl(uid=<gen:0>, entity=edu.ncsu.csc.itrust2.models.persistent.Drug)
          - SQL table alias mapping - drug0_
          - alias suffix - 0_
          - suffixed key columns - {id1_3_0_}

00:31:25.378 [main] DEBUG o.h.loader.entity.plan.EntityLoader - Static select for entity edu.ncsu.csc.itrust2.models.persistent.Drug [READ]: select drug0_.id as id1_3_0_, drug0_.code as code2_3_0_, drug0_.description as descript3_3_0_, drug0_.name as name4_3_0_ from Drugs drug0_ where drug0_.id=?
00:31:25.378 [main] DEBUG o.h.l.p.b.i.spaces.QuerySpacesImpl - Adding QuerySpace : uid = <gen:0> -> org.hibernate.loader.plan.build.internal.spaces.EntityQuerySpaceImpl@2c634771]
00:31:25.379 [main] DEBUG o.h.p.w.spi.MetamodelGraphWalker - Visiting attribute path : code
00:31:25.379 [main] DEBUG o.h.p.w.spi.MetamodelGraphWalker - Visiting attribute path : description
00:31:25.379 [main] DEBUG o.h.p.w.spi.MetamodelGraphWalker - Visiting attribute path : name
00:31:25.379 [main] DEBUG o.h.l.p.b.i.FetchStyleLoadPlanBuildingAssociationVisitationStrategy - Building LoadPlan...
00:31:25.379 [main] DEBUG o.h.l.p.e.i.LoadQueryJoinAndFetchProcessor - processing queryspace <gen:0>
00:31:25.380 [main] DEBUG o.h.l.p.b.spi.LoadPlanTreePrinter - LoadPlan(entity=edu.ncsu.csc.itrust2.models.persistent.Drug)
    - Returns
       - EntityReturnImpl(entity=edu.ncsu.csc.itrust2.models.persistent.Drug, querySpaceUid=<gen:0>, path=edu.ncsu.csc.itrust2.models.persistent.Drug)
    - QuerySpaces
       - EntityQuerySpaceImpl(uid=<gen:0>, entity=edu.ncsu.csc.itrust2.models.persistent.Drug)
          - SQL table alias mapping - drug0_
          - alias suffix - 0_
          - suffixed key columns - {id1_3_0_}

00:31:25.380 [main] DEBUG o.h.loader.entity.plan.EntityLoader - Static select for entity edu.ncsu.csc.itrust2.models.persistent.Drug [UPGRADE]: select drug0_.id as id1_3_0_, drug0_.code as code2_3_0_, drug0_.description as descript3_3_0_, drug0_.name as name4_3_0_ from Drugs drug0_ where drug0_.id=? for update
00:31:25.380 [main] DEBUG o.h.l.p.b.i.spaces.QuerySpacesImpl - Adding QuerySpace : uid = <gen:0> -> org.hibernate.loader.plan.build.internal.spaces.EntityQuerySpaceImpl@1c88d43e]
00:31:25.380 [main] DEBUG o.h.p.w.spi.MetamodelGraphWalker - Visiting attribute path : code
00:31:25.380 [main] DEBUG o.h.p.w.spi.MetamodelGraphWalker - Visiting attribute path : description
00:31:25.380 [main] DEBUG o.h.p.w.spi.MetamodelGraphWalker - Visiting attribute path : name
00:31:25.380 [main] DEBUG o.h.l.p.b.i.FetchStyleLoadPlanBuildingAssociationVisitationStrategy - Building LoadPlan...
00:31:25.381 [main] DEBUG o.h.l.p.e.i.LoadQueryJoinAndFetchProcessor - processing queryspace <gen:0>
00:31:25.381 [main] DEBUG o.h.l.p.b.spi.LoadPlanTreePrinter - LoadPlan(entity=edu.ncsu.csc.itrust2.models.persistent.Drug)
    - Returns
       - EntityReturnImpl(entity=edu.ncsu.csc.itrust2.models.persistent.Drug, querySpaceUid=<gen:0>, path=edu.ncsu.csc.itrust2.models.persistent.Drug)
    - QuerySpaces
       - EntityQuerySpaceImpl(uid=<gen:0>, entity=edu.ncsu.csc.itrust2.models.persistent.Drug)
          - SQL table alias mapping - drug0_
          - alias suffix - 0_
          - suffixed key columns - {id1_3_0_}

00:31:25.381 [main] DEBUG o.h.loader.entity.plan.EntityLoader - Static select for entity edu.ncsu.csc.itrust2.models.persistent.Drug [UPGRADE_NOWAIT]: select drug0_.id as id1_3_0_, drug0_.code as code2_3_0_, drug0_.description as descript3_3_0_, drug0_.name as name4_3_0_ from Drugs drug0_ where drug0_.id=? for update
00:31:25.381 [main] DEBUG o.h.l.p.b.i.spaces.QuerySpacesImpl - Adding QuerySpace : uid = <gen:0> -> org.hibernate.loader.plan.build.internal.spaces.EntityQuerySpaceImpl@2fe9bc2a]
00:31:25.381 [main] DEBUG o.h.p.w.spi.MetamodelGraphWalker - Visiting attribute path : code
00:31:25.382 [main] DEBUG o.h.p.w.spi.MetamodelGraphWalker - Visiting attribute path : description
00:31:25.382 [main] DEBUG o.h.p.w.spi.MetamodelGraphWalker - Visiting attribute path : name
00:31:25.382 [main] DEBUG o.h.l.p.b.i.FetchStyleLoadPlanBuildingAssociationVisitationStrategy - Building LoadPlan...
00:31:25.382 [main] DEBUG o.h.l.p.e.i.LoadQueryJoinAndFetchProcessor - processing queryspace <gen:0>
00:31:25.382 [main] DEBUG o.h.l.p.b.spi.LoadPlanTreePrinter - LoadPlan(entity=edu.ncsu.csc.itrust2.models.persistent.Drug)
    - Returns
       - EntityReturnImpl(entity=edu.ncsu.csc.itrust2.models.persistent.Drug, querySpaceUid=<gen:0>, path=edu.ncsu.csc.itrust2.models.persistent.Drug)
    - QuerySpaces
       - EntityQuerySpaceImpl(uid=<gen:0>, entity=edu.ncsu.csc.itrust2.models.persistent.Drug)
          - SQL table alias mapping - drug0_
          - alias suffix - 0_
          - suffixed key columns - {id1_3_0_}

00:31:25.382 [main] DEBUG o.h.loader.entity.plan.EntityLoader - Static select for entity edu.ncsu.csc.itrust2.models.persistent.Drug [UPGRADE_SKIPLOCKED]: select drug0_.id as id1_3_0_, drug0_.code as code2_3_0_, drug0_.description as descript3_3_0_, drug0_.name as name4_3_0_ from Drugs drug0_ where drug0_.id=? for update
00:31:25.383 [main] DEBUG o.h.l.p.b.i.spaces.QuerySpacesImpl - Adding QuerySpace : uid = <gen:0> -> org.hibernate.loader.plan.build.internal.spaces.EntityQuerySpaceImpl@38f1a10c]
00:31:25.383 [main] DEBUG o.h.p.w.spi.MetamodelGraphWalker - Visiting attribute path : code
00:31:25.383 [main] DEBUG o.h.p.w.spi.MetamodelGraphWalker - Visiting attribute path : description
00:31:25.383 [main] DEBUG o.h.p.w.spi.MetamodelGraphWalker - Visiting attribute path : name
00:31:25.383 [main] DEBUG o.h.l.p.b.i.FetchStyleLoadPlanBuildingAssociationVisitationStrategy - Building LoadPlan...
00:31:25.383 [main] DEBUG o.h.l.p.e.i.LoadQueryJoinAndFetchProcessor - processing queryspace <gen:0>
00:31:25.384 [main] DEBUG o.h.l.p.b.spi.LoadPlanTreePrinter - LoadPlan(entity=edu.ncsu.csc.itrust2.models.persistent.Drug)
    - Returns
       - EntityReturnImpl(entity=edu.ncsu.csc.itrust2.models.persistent.Drug, querySpaceUid=<gen:0>, path=edu.ncsu.csc.itrust2.models.persistent.Drug)
    - QuerySpaces
       - EntityQuerySpaceImpl(uid=<gen:0>, entity=edu.ncsu.csc.itrust2.models.persistent.Drug)
          - SQL table alias mapping - drug0_
          - alias suffix - 0_
          - suffixed key columns - {id1_3_0_}

00:31:25.384 [main] DEBUG o.h.loader.entity.plan.EntityLoader - Static select for entity edu.ncsu.csc.itrust2.models.persistent.Drug [FORCE]: select drug0_.id as id1_3_0_, drug0_.code as code2_3_0_, drug0_.description as descript3_3_0_, drug0_.name as name4_3_0_ from Drugs drug0_ where drug0_.id=? for update
00:31:25.384 [main] DEBUG o.h.l.p.b.i.spaces.QuerySpacesImpl - Adding QuerySpace : uid = <gen:0> -> org.hibernate.loader.plan.build.internal.spaces.EntityQuerySpaceImpl@7a798bfa]
00:31:25.384 [main] DEBUG o.h.p.w.spi.MetamodelGraphWalker - Visiting attribute path : code
00:31:25.384 [main] DEBUG o.h.p.w.spi.MetamodelGraphWalker - Visiting attribute path : description
00:31:25.384 [main] DEBUG o.h.p.w.spi.MetamodelGraphWalker - Visiting attribute path : name
00:31:25.385 [main] DEBUG o.h.l.p.b.i.FetchStyleLoadPlanBuildingAssociationVisitationStrategy - Building LoadPlan...
00:31:25.385 [main] DEBUG o.h.l.p.e.i.LoadQueryJoinAndFetchProcessor - processing queryspace <gen:0>
00:31:25.385 [main] DEBUG o.h.l.p.b.spi.LoadPlanTreePrinter - LoadPlan(entity=edu.ncsu.csc.itrust2.models.persistent.Drug)
    - Returns
       - EntityReturnImpl(entity=edu.ncsu.csc.itrust2.models.persistent.Drug, querySpaceUid=<gen:0>, path=edu.ncsu.csc.itrust2.models.persistent.Drug)
    - QuerySpaces
       - EntityQuerySpaceImpl(uid=<gen:0>, entity=edu.ncsu.csc.itrust2.models.persistent.Drug)
          - SQL table alias mapping - drug0_
          - alias suffix - 0_
          - suffixed key columns - {id1_3_0_}

00:31:25.385 [main] DEBUG o.h.loader.entity.plan.EntityLoader - Static select for entity edu.ncsu.csc.itrust2.models.persistent.Drug [PESSIMISTIC_READ]: select drug0_.id as id1_3_0_, drug0_.code as code2_3_0_, drug0_.description as descript3_3_0_, drug0_.name as name4_3_0_ from Drugs drug0_ where drug0_.id=? lock in share mode
00:31:25.385 [main] DEBUG o.h.l.p.b.i.spaces.QuerySpacesImpl - Adding QuerySpace : uid = <gen:0> -> org.hibernate.loader.plan.build.internal.spaces.EntityQuerySpaceImpl@38422d0f]
00:31:25.386 [main] DEBUG o.h.p.w.spi.MetamodelGraphWalker - Visiting attribute path : code
00:31:25.386 [main] DEBUG o.h.p.w.spi.MetamodelGraphWalker - Visiting attribute path : description
00:31:25.386 [main] DEBUG o.h.p.w.spi.MetamodelGraphWalker - Visiting attribute path : name
00:31:25.386 [main] DEBUG o.h.l.p.b.i.FetchStyleLoadPlanBuildingAssociationVisitationStrategy - Building LoadPlan...
00:31:25.386 [main] DEBUG o.h.l.p.e.i.LoadQueryJoinAndFetchProcessor - processing queryspace <gen:0>
00:31:25.386 [main] DEBUG o.h.l.p.b.spi.LoadPlanTreePrinter - LoadPlan(entity=edu.ncsu.csc.itrust2.models.persistent.Drug)
    - Returns
       - EntityReturnImpl(entity=edu.ncsu.csc.itrust2.models.persistent.Drug, querySpaceUid=<gen:0>, path=edu.ncsu.csc.itrust2.models.persistent.Drug)
    - QuerySpaces
       - EntityQuerySpaceImpl(uid=<gen:0>, entity=edu.ncsu.csc.itrust2.models.persistent.Drug)
          - SQL table alias mapping - drug0_
          - alias suffix - 0_
          - suffixed key columns - {id1_3_0_}

00:31:25.387 [main] DEBUG o.h.loader.entity.plan.EntityLoader - Static select for entity edu.ncsu.csc.itrust2.models.persistent.Drug [PESSIMISTIC_WRITE]: select drug0_.id as id1_3_0_, drug0_.code as code2_3_0_, drug0_.description as descript3_3_0_, drug0_.name as name4_3_0_ from Drugs drug0_ where drug0_.id=? for update
00:31:25.387 [main] DEBUG o.h.l.p.b.i.spaces.QuerySpacesImpl - Adding QuerySpace : uid = <gen:0> -> org.hibernate.loader.plan.build.internal.spaces.EntityQuerySpaceImpl@da32ee2]
00:31:25.387 [main] DEBUG o.h.p.w.spi.MetamodelGraphWalker - Visiting attribute path : code
00:31:25.387 [main] DEBUG o.h.p.w.spi.MetamodelGraphWalker - Visiting attribute path : description
00:31:25.387 [main] DEBUG o.h.p.w.spi.MetamodelGraphWalker - Visiting attribute path : name
00:31:25.387 [main] DEBUG o.h.l.p.b.i.FetchStyleLoadPlanBuildingAssociationVisitationStrategy - Building LoadPlan...
00:31:25.388 [main] DEBUG o.h.l.p.e.i.LoadQueryJoinAndFetchProcessor - processing queryspace <gen:0>
00:31:25.388 [main] DEBUG o.h.l.p.b.spi.LoadPlanTreePrinter - LoadPlan(entity=edu.ncsu.csc.itrust2.models.persistent.Drug)
    - Returns
       - EntityReturnImpl(entity=edu.ncsu.csc.itrust2.models.persistent.Drug, querySpaceUid=<gen:0>, path=edu.ncsu.csc.itrust2.models.persistent.Drug)
    - QuerySpaces
       - EntityQuerySpaceImpl(uid=<gen:0>, entity=edu.ncsu.csc.itrust2.models.persistent.Drug)
          - SQL table alias mapping - drug0_
          - alias suffix - 0_
          - suffixed key columns - {id1_3_0_}

00:31:25.388 [main] DEBUG o.h.loader.entity.plan.EntityLoader - Static select for entity edu.ncsu.csc.itrust2.models.persistent.Drug [PESSIMISTIC_FORCE_INCREMENT]: select drug0_.id as id1_3_0_, drug0_.code as code2_3_0_, drug0_.description as descript3_3_0_, drug0_.name as name4_3_0_ from Drugs drug0_ where drug0_.id=? for update
00:31:25.388 [main] DEBUG o.h.l.p.b.i.spaces.QuerySpacesImpl - Adding QuerySpace : uid = <gen:0> -> org.hibernate.loader.plan.build.internal.spaces.EntityQuerySpaceImpl@59707ffd]
00:31:25.388 [main] DEBUG o.h.p.w.spi.MetamodelGraphWalker - Visiting attribute path : code
00:31:25.388 [main] DEBUG o.h.p.w.spi.MetamodelGraphWalker - Visiting attribute path : description
00:31:25.389 [main] DEBUG o.h.p.w.spi.MetamodelGraphWalker - Visiting attribute path : name
00:31:25.389 [main] DEBUG o.h.l.p.b.i.FetchStyleLoadPlanBuildingAssociationVisitationStrategy - Building LoadPlan...
00:31:25.389 [main] DEBUG o.h.l.p.e.i.LoadQueryJoinAndFetchProcessor - processing queryspace <gen:0>
00:31:25.389 [main] DEBUG o.h.l.p.b.spi.LoadPlanTreePrinter - LoadPlan(entity=edu.ncsu.csc.itrust2.models.persistent.Drug)
    - Returns
       - EntityReturnImpl(entity=edu.ncsu.csc.itrust2.models.persistent.Drug, querySpaceUid=<gen:0>, path=edu.ncsu.csc.itrust2.models.persistent.Drug)
    - QuerySpaces
       - EntityQuerySpaceImpl(uid=<gen:0>, entity=edu.ncsu.csc.itrust2.models.persistent.Drug)
          - SQL table alias mapping - drug0_
          - alias suffix - 0_
          - suffixed key columns - {id1_3_0_}

00:31:25.389 [main] DEBUG o.h.loader.entity.plan.EntityLoader - Static select for entity edu.ncsu.csc.itrust2.models.persistent.Drug [OPTIMISTIC]: select drug0_.id as id1_3_0_, drug0_.code as code2_3_0_, drug0_.description as descript3_3_0_, drug0_.name as name4_3_0_ from Drugs drug0_ where drug0_.id=?
00:31:25.389 [main] DEBUG o.h.l.p.b.i.spaces.QuerySpacesImpl - Adding QuerySpace : uid = <gen:0> -> org.hibernate.loader.plan.build.internal.spaces.EntityQuerySpaceImpl@6c83ef4e]
00:31:25.390 [main] DEBUG o.h.p.w.spi.MetamodelGraphWalker - Visiting attribute path : code
00:31:25.390 [main] DEBUG o.h.p.w.spi.MetamodelGraphWalker - Visiting attribute path : description
00:31:25.390 [main] DEBUG o.h.p.w.spi.MetamodelGraphWalker - Visiting attribute path : name
00:31:25.390 [main] DEBUG o.h.l.p.b.i.FetchStyleLoadPlanBuildingAssociationVisitationStrategy - Building LoadPlan...
00:31:25.390 [main] DEBUG o.h.l.p.e.i.LoadQueryJoinAndFetchProcessor - processing queryspace <gen:0>
00:31:25.391 [main] DEBUG o.h.l.p.b.spi.LoadPlanTreePrinter - LoadPlan(entity=edu.ncsu.csc.itrust2.models.persistent.Drug)
    - Returns
       - EntityReturnImpl(entity=edu.ncsu.csc.itrust2.models.persistent.Drug, querySpaceUid=<gen:0>, path=edu.ncsu.csc.itrust2.models.persistent.Drug)
    - QuerySpaces
       - EntityQuerySpaceImpl(uid=<gen:0>, entity=edu.ncsu.csc.itrust2.models.persistent.Drug)
          - SQL table alias mapping - drug0_
          - alias suffix - 0_
          - suffixed key columns - {id1_3_0_}

00:31:25.391 [main] DEBUG o.h.loader.entity.plan.EntityLoader - Static select for entity edu.ncsu.csc.itrust2.models.persistent.Drug [OPTIMISTIC_FORCE_INCREMENT]: select drug0_.id as id1_3_0_, drug0_.code as code2_3_0_, drug0_.description as descript3_3_0_, drug0_.name as name4_3_0_ from Drugs drug0_ where drug0_.id=?
00:31:25.391 [main] DEBUG org.hibernate.loader.Loader - Static select for action ACTION_MERGE on entity edu.ncsu.csc.itrust2.models.persistent.Drug: select drug0_.id as id1_3_0_, drug0_.code as code2_3_0_, drug0_.description as descript3_3_0_, drug0_.name as name4_3_0_ from Drugs drug0_ where drug0_.id=?
00:31:25.391 [main] DEBUG org.hibernate.loader.Loader - Static select for action ACTION_REFRESH on entity edu.ncsu.csc.itrust2.models.persistent.Drug: select drug0_.id as id1_3_0_, drug0_.code as code2_3_0_, drug0_.description as descript3_3_0_, drug0_.name as name4_3_0_ from Drugs drug0_ where drug0_.id=?
00:31:25.392 [main] DEBUG o.h.p.entity.AbstractEntityPersister - Static SQL for entity: edu.ncsu.csc.itrust2.models.persistent.Diagnosis
00:31:25.392 [main] DEBUG o.h.p.entity.AbstractEntityPersister -  Version select: select id from Diagnoses where id =?
00:31:25.392 [main] DEBUG o.h.p.entity.AbstractEntityPersister -  Snapshot select: select diagnosis_.id, diagnosis_.code_id as code_id3_2_, diagnosis_.note as note2_2_, diagnosis_.visit_id as visit_id4_2_ from Diagnoses diagnosis_ where diagnosis_.id=?
00:31:25.392 [main] DEBUG o.h.p.entity.AbstractEntityPersister -  Insert 0: insert into Diagnoses (code_id, note, visit_id, id) values (?, ?, ?, ?)
00:31:25.392 [main] DEBUG o.h.p.entity.AbstractEntityPersister -  Update 0: update Diagnoses set code_id=?, note=?, visit_id=? where id=?
00:31:25.392 [main] DEBUG o.h.p.entity.AbstractEntityPersister -  Delete 0: delete from Diagnoses where id=?
00:31:25.392 [main] DEBUG o.h.l.p.b.i.spaces.QuerySpacesImpl - Adding QuerySpace : uid = <gen:0> -> org.hibernate.loader.plan.build.internal.spaces.EntityQuerySpaceImpl@5eb82a46]
00:31:25.393 [main] DEBUG o.h.p.w.spi.MetamodelGraphWalker - Visiting attribute path : code
00:31:25.393 [main] DEBUG o.h.l.p.b.i.spaces.QuerySpacesImpl - Adding QuerySpace : uid = <gen:1> -> org.hibernate.loader.plan.build.internal.spaces.EntityQuerySpaceImpl@4d458dd9]
00:31:25.396 [main] DEBUG o.h.p.w.spi.MetamodelGraphWalker - Visiting attribute path : code.code
00:31:25.396 [main] DEBUG o.h.p.w.spi.MetamodelGraphWalker - Visiting attribute path : code.description
00:31:25.396 [main] DEBUG o.h.p.w.spi.MetamodelGraphWalker - Visiting attribute path : note
00:31:25.396 [main] DEBUG o.h.p.w.spi.MetamodelGraphWalker - Visiting attribute path : visit
00:31:25.396 [main] DEBUG o.h.l.p.b.i.spaces.QuerySpacesImpl - Adding QuerySpace : uid = <gen:2> -> org.hibernate.loader.plan.build.internal.spaces.EntityQuerySpaceImpl@3fa5b22c]
00:31:25.397 [main] DEBUG o.h.p.w.spi.MetamodelGraphWalker - Visiting attribute path : visit.appointment
00:31:25.397 [main] DEBUG o.h.l.p.b.i.spaces.QuerySpacesImpl - Adding QuerySpace : uid = <gen:3> -> org.hibernate.loader.plan.build.internal.spaces.EntityQuerySpaceImpl@1f879928]
00:31:25.397 [main] DEBUG o.h.p.w.spi.MetamodelGraphWalker - Visiting attribute path : visit.appointment.comments
00:31:25.397 [main] DEBUG o.h.p.w.spi.MetamodelGraphWalker - Visiting attribute path : visit.appointment.date
00:31:25.397 [main] DEBUG o.h.p.w.spi.MetamodelGraphWalker - Visiting attribute path : visit.appointment.hcp
00:31:25.398 [main] DEBUG o.h.l.p.b.i.spaces.QuerySpacesImpl - Adding QuerySpace : uid = <gen:4> -> org.hibernate.loader.plan.build.internal.spaces.EntityQuerySpaceImpl@2fe01e72]
00:31:25.398 [main] DEBUG o.h.p.w.spi.MetamodelGraphWalker - Visiting attribute path : visit.appointment.patient
00:31:25.398 [main] DEBUG o.h.l.p.b.i.spaces.QuerySpacesImpl - Adding QuerySpace : uid = <gen:5> -> org.hibernate.loader.plan.build.internal.spaces.EntityQuerySpaceImpl@3e7f85e3]
00:31:25.398 [main] DEBUG o.h.p.w.spi.MetamodelGraphWalker - Visiting attribute path : visit.appointment.status
00:31:25.398 [main] DEBUG o.h.p.w.spi.MetamodelGraphWalker - Visiting attribute path : visit.appointment.type
00:31:25.398 [main] DEBUG o.h.p.w.spi.MetamodelGraphWalker - Visiting attribute path : visit.basicHealthMetrics
00:31:25.399 [main] DEBUG o.h.l.p.b.i.spaces.QuerySpacesImpl - Adding QuerySpace : uid = <gen:6> -> org.hibernate.loader.plan.build.internal.spaces.EntityQuerySpaceImpl@1d9215dd]
00:31:25.399 [main] DEBUG o.h.p.w.spi.MetamodelGraphWalker - Visiting attribute path : visit.basicHealthMetrics.diastolic
00:31:25.399 [main] DEBUG o.h.p.w.spi.MetamodelGraphWalker - Visiting attribute path : visit.basicHealthMetrics.hcp
00:31:25.399 [main] DEBUG o.h.l.p.b.i.spaces.QuerySpacesImpl - Adding QuerySpace : uid = <gen:7> -> org.hibernate.loader.plan.build.internal.spaces.EntityQuerySpaceImpl@381b699c]
00:31:25.399 [main] DEBUG o.h.p.w.spi.MetamodelGraphWalker - Visiting attribute path : visit.basicHealthMetrics.hdl
00:31:25.399 [main] DEBUG o.h.p.w.spi.MetamodelGraphWalker - Visiting attribute path : visit.basicHealthMetrics.headCircumference
00:31:25.399 [main] DEBUG o.h.p.w.spi.MetamodelGraphWalker - Visiting attribute path : visit.basicHealthMetrics.height
00:31:25.400 [main] DEBUG o.h.p.w.spi.MetamodelGraphWalker - Visiting attribute path : visit.basicHealthMetrics.houseSmokingStatus
00:31:25.400 [main] DEBUG o.h.p.w.spi.MetamodelGraphWalker - Visiting attribute path : visit.basicHealthMetrics.ldl
00:31:25.400 [main] DEBUG o.h.p.w.spi.MetamodelGraphWalker - Visiting attribute path : visit.basicHealthMetrics.patient
00:31:25.400 [main] DEBUG o.h.l.p.b.i.spaces.QuerySpacesImpl - Adding QuerySpace : uid = <gen:8> -> org.hibernate.loader.plan.build.internal.spaces.EntityQuerySpaceImpl@7a89a3e1]
00:31:25.400 [main] DEBUG o.h.p.w.spi.MetamodelGraphWalker - Visiting attribute path : visit.basicHealthMetrics.patientSmokingStatus
00:31:25.400 [main] DEBUG o.h.p.w.spi.MetamodelGraphWalker - Visiting attribute path : visit.basicHealthMetrics.systolic
00:31:25.400 [main] DEBUG o.h.p.w.spi.MetamodelGraphWalker - Visiting attribute path : visit.basicHealthMetrics.tri
00:31:25.400 [main] DEBUG o.h.p.w.spi.MetamodelGraphWalker - Visiting attribute path : visit.basicHealthMetrics.weight
00:31:25.401 [main] DEBUG o.h.p.w.spi.MetamodelGraphWalker - Visiting attribute path : visit.date
00:31:25.401 [main] DEBUG o.h.p.w.spi.MetamodelGraphWalker - Visiting attribute path : visit.hcp
00:31:25.401 [main] DEBUG o.h.l.p.b.i.spaces.QuerySpacesImpl - Adding QuerySpace : uid = <gen:9> -> org.hibernate.loader.plan.build.internal.spaces.EntityQuerySpaceImpl@77b87d90]
00:31:25.401 [main] DEBUG o.h.p.w.spi.MetamodelGraphWalker - Visiting attribute path : visit.hcp.enabled
00:31:25.401 [main] DEBUG o.h.p.w.spi.MetamodelGraphWalker - Visiting attribute path : visit.hcp.password
00:31:25.401 [main] DEBUG o.h.p.w.spi.MetamodelGraphWalker - Visiting attribute path : visit.hcp.role
00:31:25.401 [main] DEBUG o.h.p.w.spi.MetamodelGraphWalker - Visiting attribute path : visit.hospital
00:31:25.402 [main] DEBUG o.h.l.p.b.i.spaces.QuerySpacesImpl - Adding QuerySpace : uid = <gen:10> -> org.hibernate.loader.plan.build.internal.spaces.EntityQuerySpaceImpl@3cb7e3c0]
00:31:25.402 [main] DEBUG o.h.p.w.spi.MetamodelGraphWalker - Visiting attribute path : visit.hospital.address
00:31:25.402 [main] DEBUG o.h.p.w.spi.MetamodelGraphWalker - Visiting attribute path : visit.hospital.state
00:31:25.402 [main] DEBUG o.h.p.w.spi.MetamodelGraphWalker - Visiting attribute path : visit.hospital.zip
00:31:25.402 [main] DEBUG o.h.p.w.spi.MetamodelGraphWalker - Visiting attribute path : visit.notes
00:31:25.402 [main] DEBUG o.h.p.w.spi.MetamodelGraphWalker - Visiting attribute path : visit.patient
00:31:25.403 [main] DEBUG o.h.l.p.b.i.spaces.QuerySpacesImpl - Adding QuerySpace : uid = <gen:11> -> org.hibernate.loader.plan.build.internal.spaces.EntityQuerySpaceImpl@3ff66103]
00:31:25.403 [main] DEBUG o.h.p.w.spi.MetamodelGraphWalker - Visiting attribute path : visit.patient.enabled
00:31:25.403 [main] DEBUG o.h.p.w.spi.MetamodelGraphWalker - Visiting attribute path : visit.patient.password
00:31:25.403 [main] DEBUG o.h.p.w.spi.MetamodelGraphWalker - Visiting attribute path : visit.patient.role
00:31:25.403 [main] DEBUG o.h.p.w.spi.MetamodelGraphWalker - Visiting attribute path : visit.prescriptions
00:31:25.403 [main] DEBUG o.h.l.p.b.i.spaces.QuerySpacesImpl - Adding QuerySpace : uid = <gen:12> -> org.hibernate.loader.plan.build.internal.spaces.CollectionQuerySpaceImpl@7a288f45]
00:31:25.403 [main] DEBUG o.h.l.p.b.i.spaces.QuerySpacesImpl - Adding QuerySpace : uid = <gen:13> -> org.hibernate.loader.plan.build.internal.spaces.EntityQuerySpaceImpl@474bf725]
00:31:25.404 [main] DEBUG o.h.p.w.spi.MetamodelGraphWalker - Visiting attribute path : visit.prescriptions.dosage
00:31:25.404 [main] DEBUG o.h.p.w.spi.MetamodelGraphWalker - Visiting attribute path : visit.prescriptions.drug
00:31:25.404 [main] DEBUG o.h.l.p.b.i.spaces.QuerySpacesImpl - Adding QuerySpace : uid = <gen:14> -> org.hibernate.loader.plan.build.internal.spaces.EntityQuerySpaceImpl@1a6a3a0f]
00:31:25.404 [main] DEBUG o.h.p.w.spi.MetamodelGraphWalker - Visiting attribute path : visit.prescriptions.endDate
00:31:25.404 [main] DEBUG o.h.p.w.spi.MetamodelGraphWalker - Visiting attribute path : visit.prescriptions.patient
00:31:25.404 [main] DEBUG o.h.l.p.b.i.spaces.QuerySpacesImpl - Adding QuerySpace : uid = <gen:15> -> org.hibernate.loader.plan.build.internal.spaces.EntityQuerySpaceImpl@20014b8]
00:31:25.405 [main] DEBUG o.h.p.w.spi.MetamodelGraphWalker - Visiting attribute path : visit.prescriptions.renewals
00:31:25.405 [main] DEBUG o.h.p.w.spi.MetamodelGraphWalker - Visiting attribute path : visit.prescriptions.startDate
00:31:25.405 [main] DEBUG o.h.p.w.spi.MetamodelGraphWalker - Visiting attribute path : visit.type
00:31:25.405 [main] DEBUG o.h.l.p.b.i.FetchStyleLoadPlanBuildingAssociationVisitationStrategy - Building LoadPlan...
00:31:25.405 [main] DEBUG o.h.l.p.e.i.LoadQueryJoinAndFetchProcessor - processing queryspace <gen:0>
00:31:25.407 [main] DEBUG o.h.l.p.b.spi.LoadPlanTreePrinter - LoadPlan(entity=edu.ncsu.csc.itrust2.models.persistent.Diagnosis)
    - Returns
       - EntityReturnImpl(entity=edu.ncsu.csc.itrust2.models.persistent.Diagnosis, querySpaceUid=<gen:0>, path=edu.ncsu.csc.itrust2.models.persistent.Diagnosis)
          - EntityAttributeFetchImpl(entity=edu.ncsu.csc.itrust2.models.persistent.ICDCode, querySpaceUid=<gen:1>, path=edu.ncsu.csc.itrust2.models.persistent.Diagnosis.code)
          - EntityAttributeFetchImpl(entity=edu.ncsu.csc.itrust2.models.persistent.OfficeVisit, querySpaceUid=<gen:2>, path=edu.ncsu.csc.itrust2.models.persistent.Diagnosis.visit)
             - EntityAttributeFetchImpl(entity=edu.ncsu.csc.itrust2.models.persistent.AppointmentRequest, querySpaceUid=<gen:3>, path=edu.ncsu.csc.itrust2.models.persistent.Diagnosis.visit.appointment)
                - EntityAttributeFetchImpl(entity=edu.ncsu.csc.itrust2.models.persistent.User, querySpaceUid=<gen:4>, path=edu.ncsu.csc.itrust2.models.persistent.Diagnosis.visit.appointment.hcp)
                - EntityAttributeFetchImpl(entity=edu.ncsu.csc.itrust2.models.persistent.User, querySpaceUid=<gen:5>, path=edu.ncsu.csc.itrust2.models.persistent.Diagnosis.visit.appointment.patient)
             - EntityAttributeFetchImpl(entity=edu.ncsu.csc.itrust2.models.persistent.BasicHealthMetrics, querySpaceUid=<gen:6>, path=edu.ncsu.csc.itrust2.models.persistent.Diagnosis.visit.basicHealthMetrics)
                - EntityAttributeFetchImpl(entity=edu.ncsu.csc.itrust2.models.persistent.User, querySpaceUid=<gen:7>, path=edu.ncsu.csc.itrust2.models.persistent.Diagnosis.visit.basicHealthMetrics.hcp)
                - EntityAttributeFetchImpl(entity=edu.ncsu.csc.itrust2.models.persistent.User, querySpaceUid=<gen:8>, path=edu.ncsu.csc.itrust2.models.persistent.Diagnosis.visit.basicHealthMetrics.patient)
             - EntityAttributeFetchImpl(entity=edu.ncsu.csc.itrust2.models.persistent.User, querySpaceUid=<gen:9>, path=edu.ncsu.csc.itrust2.models.persistent.Diagnosis.visit.hcp)
             - EntityAttributeFetchImpl(entity=edu.ncsu.csc.itrust2.models.persistent.Hospital, querySpaceUid=<gen:10>, path=edu.ncsu.csc.itrust2.models.persistent.Diagnosis.visit.hospital)
             - EntityAttributeFetchImpl(entity=edu.ncsu.csc.itrust2.models.persistent.User, querySpaceUid=<gen:11>, path=edu.ncsu.csc.itrust2.models.persistent.Diagnosis.visit.patient)
             - CollectionAttributeFetchImpl(collection=edu.ncsu.csc.itrust2.models.persistent.OfficeVisit.prescriptions, querySpaceUid=<gen:12>, path=edu.ncsu.csc.itrust2.models.persistent.Diagnosis.visit.prescriptions)
                - (collection element) CollectionFetchableElementEntityGraph(entity=edu.ncsu.csc.itrust2.models.persistent.Prescription, querySpaceUid=<gen:13>, path=edu.ncsu.csc.itrust2.models.persistent.Diagnosis.visit.prescriptions.<elements>)
                   - EntityAttributeFetchImpl(entity=edu.ncsu.csc.itrust2.models.persistent.Drug, querySpaceUid=<gen:14>, path=edu.ncsu.csc.itrust2.models.persistent.Diagnosis.visit.prescriptions.<elements>.drug)
                   - EntityAttributeFetchImpl(entity=edu.ncsu.csc.itrust2.models.persistent.User, querySpaceUid=<gen:15>, path=edu.ncsu.csc.itrust2.models.persistent.Diagnosis.visit.prescriptions.<elements>.patient)
    - QuerySpaces
       - EntityQuerySpaceImpl(uid=<gen:0>, entity=edu.ncsu.csc.itrust2.models.persistent.Diagnosis)
          - SQL table alias mapping - diagnosis0_
          - alias suffix - 0_
          - suffixed key columns - {id1_2_0_}
          - JOIN (JoinDefinedByMetadata(code)) : <gen:0> -> <gen:1>
             - EntityQuerySpaceImpl(uid=<gen:1>, entity=edu.ncsu.csc.itrust2.models.persistent.ICDCode)
                - SQL table alias mapping - icdcode1_
                - alias suffix - 1_
                - suffixed key columns - {id1_5_1_}
          - JOIN (JoinDefinedByMetadata(visit)) : <gen:0> -> <gen:2>
             - EntityQuerySpaceImpl(uid=<gen:2>, entity=edu.ncsu.csc.itrust2.models.persistent.OfficeVisit)
                - SQL table alias mapping - officevisi2_
                - alias suffix - 2_
                - suffixed key columns - {id1_10_2_}
                - JOIN (JoinDefinedByMetadata(appointment)) : <gen:2> -> <gen:3>
                   - EntityQuerySpaceImpl(uid=<gen:3>, entity=edu.ncsu.csc.itrust2.models.persistent.AppointmentRequest)
                      - SQL table alias mapping - appointmen3_
                      - alias suffix - 3_
                      - suffixed key columns - {id1_0_3_}
                - JOIN (JoinDefinedByMetadata(basicHealthMetrics)) : <gen:2> -> <gen:6>
                   - EntityQuerySpaceImpl(uid=<gen:6>, entity=edu.ncsu.csc.itrust2.models.persistent.BasicHealthMetrics)
                      - SQL table alias mapping - basichealt4_
                      - alias suffix - 4_
                      - suffixed key columns - {id1_1_4_}
                - JOIN (JoinDefinedByMetadata(hcp)) : <gen:2> -> <gen:9>
                   - EntityQuerySpaceImpl(uid=<gen:9>, entity=edu.ncsu.csc.itrust2.models.persistent.User)
                      - SQL table alias mapping - user5_
                      - alias suffix - 5_
                      - suffixed key columns - {username1_15_5_}
                - JOIN (JoinDefinedByMetadata(hospital)) : <gen:2> -> <gen:10>
                   - EntityQuerySpaceImpl(uid=<gen:10>, entity=edu.ncsu.csc.itrust2.models.persistent.Hospital)
                      - SQL table alias mapping - hospital6_
                      - alias suffix - 6_
                      - suffixed key columns - {name1_4_6_}
                - JOIN (JoinDefinedByMetadata(patient)) : <gen:2> -> <gen:11>
                   - EntityQuerySpaceImpl(uid=<gen:11>, entity=edu.ncsu.csc.itrust2.models.persistent.User)
                      - SQL table alias mapping - user7_
                      - alias suffix - 7_
                      - suffixed key columns - {username1_15_7_}
                - JOIN (JoinDefinedByMetadata(prescriptions)) : <gen:2> -> <gen:12>
                   - CollectionQuerySpaceImpl(uid=<gen:12>, collection=edu.ncsu.csc.itrust2.models.persistent.OfficeVisit.prescriptions)
                      - SQL table alias mapping - prescripti8_
                      - alias suffix - 8_
                      - suffixed key columns - {prescrip8_14_8_}
                      - entity-element alias suffix - 9_
                      - 9_entity-element suffixed key columns - id1_14_9_
                      - JOIN (JoinDefinedByMetadata(elements)) : <gen:12> -> <gen:13>
                         - EntityQuerySpaceImpl(uid=<gen:13>, entity=edu.ncsu.csc.itrust2.models.persistent.Prescription)
                            - SQL table alias mapping - prescripti8_
                            - alias suffix - 9_
                            - suffixed key columns - {id1_14_9_}

00:31:25.407 [main] DEBUG o.h.loader.entity.plan.EntityLoader - Static select for entity edu.ncsu.csc.itrust2.models.persistent.Diagnosis [NONE]: select diagnosis0_.id as id1_2_0_, diagnosis0_.code_id as code_id3_2_0_, diagnosis0_.note as note2_2_0_, diagnosis0_.visit_id as visit_id4_2_0_, icdcode1_.id as id1_5_1_, icdcode1_.code as code2_5_1_, icdcode1_.description as descript3_5_1_, officevisi2_.id as id1_10_2_, officevisi2_.appointment_id as appointm5_10_2_, officevisi2_.basichealthmetrics_id as basichea6_10_2_, officevisi2_.date as date2_10_2_, officevisi2_.hcp_id as hcp_id7_10_2_, officevisi2_.hospital_id as hospital8_10_2_, officevisi2_.notes as notes3_10_2_, officevisi2_.patient_id as patient_9_10_2_, officevisi2_.type as type4_10_2_, appointmen3_.id as id1_0_3_, appointmen3_.comments as comments2_0_3_, appointmen3_.date as date3_0_3_, appointmen3_.hcp_id as hcp_id6_0_3_, appointmen3_.patient_id as patient_7_0_3_, appointmen3_.status as status4_0_3_, appointmen3_.type as type5_0_3_, basichealt4_.id as id1_1_4_, basichealt4_.diastolic as diastoli2_1_4_, basichealt4_.hcp_id as hcp_id12_1_4_, basichealt4_.hdl as hdl3_1_4_, basichealt4_.headCircumference as headCirc4_1_4_, basichealt4_.height as height5_1_4_, basichealt4_.houseSmokingStatus as houseSmo6_1_4_, basichealt4_.ldl as ldl7_1_4_, basichealt4_.patient_id as patient13_1_4_, basichealt4_.patientSmokingStatus as patientS8_1_4_, basichealt4_.systolic as systolic9_1_4_, basichealt4_.tri as tri10_1_4_, basichealt4_.weight as weight11_1_4_, user5_.username as username1_15_5_, user5_.enabled as enabled2_15_5_, user5_.password as password3_15_5_, user5_.role as role4_15_5_, hospital6_.name as name1_4_6_, hospital6_.address as address2_4_6_, hospital6_.state as state3_4_6_, hospital6_.zip as zip4_4_6_, user7_.username as username1_15_7_, user7_.enabled as enabled2_15_7_, user7_.password as password3_15_7_, user7_.role as role4_15_7_, prescripti8_.prescriptions_id as prescrip8_14_8_, prescripti8_.id as id1_14_8_, prescripti8_.id as id1_14_9_, prescripti8_.dosage as dosage2_14_9_, prescripti8_.drug_id as drug_id6_14_9_, prescripti8_.endDate as endDate3_14_9_, prescripti8_.patient_id as patient_7_14_9_, prescripti8_.renewals as renewals4_14_9_, prescripti8_.startDate as startDat5_14_9_ from Diagnoses diagnosis0_ inner join ICDCodes icdcode1_ on diagnosis0_.code_id=icdcode1_.id inner join OfficeVisits officevisi2_ on diagnosis0_.visit_id=officevisi2_.id left outer join AppointmentRequests appointmen3_ on officevisi2_.appointment_id=appointmen3_.id left outer join BasicHealthMetrics basichealt4_ on officevisi2_.basichealthmetrics_id=basichealt4_.id inner join Users user5_ on officevisi2_.hcp_id=user5_.username inner join Hospitals hospital6_ on officevisi2_.hospital_id=hospital6_.name inner join Users user7_ on officevisi2_.patient_id=user7_.username left outer join Prescriptions prescripti8_ on officevisi2_.id=prescripti8_.prescriptions_id where diagnosis0_.id=?
00:31:25.407 [main] DEBUG o.h.l.p.b.i.spaces.QuerySpacesImpl - Adding QuerySpace : uid = <gen:0> -> org.hibernate.loader.plan.build.internal.spaces.EntityQuerySpaceImpl@2fc2096]
00:31:25.408 [main] DEBUG o.h.p.w.spi.MetamodelGraphWalker - Visiting attribute path : code
00:31:25.408 [main] DEBUG o.h.l.p.b.i.spaces.QuerySpacesImpl - Adding QuerySpace : uid = <gen:1> -> org.hibernate.loader.plan.build.internal.spaces.EntityQuerySpaceImpl@5bc2a4cc]
00:31:25.408 [main] DEBUG o.h.p.w.spi.MetamodelGraphWalker - Visiting attribute path : code.code
00:31:25.408 [main] DEBUG o.h.p.w.spi.MetamodelGraphWalker - Visiting attribute path : code.description
00:31:25.408 [main] DEBUG o.h.p.w.spi.MetamodelGraphWalker - Visiting attribute path : note
00:31:25.408 [main] DEBUG o.h.p.w.spi.MetamodelGraphWalker - Visiting attribute path : visit
00:31:25.408 [main] DEBUG o.h.l.p.b.i.spaces.QuerySpacesImpl - Adding QuerySpace : uid = <gen:2> -> org.hibernate.loader.plan.build.internal.spaces.EntityQuerySpaceImpl@3a7eade2]
00:31:25.409 [main] DEBUG o.h.p.w.spi.MetamodelGraphWalker - Visiting attribute path : visit.appointment
00:31:25.409 [main] DEBUG o.h.l.p.b.i.spaces.QuerySpacesImpl - Adding QuerySpace : uid = <gen:3> -> org.hibernate.loader.plan.build.internal.spaces.EntityQuerySpaceImpl@7e993d42]
00:31:25.409 [main] DEBUG o.h.p.w.spi.MetamodelGraphWalker - Visiting attribute path : visit.appointment.comments
00:31:25.409 [main] DEBUG o.h.p.w.spi.MetamodelGraphWalker - Visiting attribute path : visit.appointment.date
00:31:25.409 [main] DEBUG o.h.p.w.spi.MetamodelGraphWalker - Visiting attribute path : visit.appointment.hcp
00:31:25.409 [main] DEBUG o.h.l.p.b.i.spaces.QuerySpacesImpl - Adding QuerySpace : uid = <gen:4> -> org.hibernate.loader.plan.build.internal.spaces.EntityQuerySpaceImpl@46238227]
00:31:25.409 [main] DEBUG o.h.p.w.spi.MetamodelGraphWalker - Visiting attribute path : visit.appointment.patient
00:31:25.410 [main] DEBUG o.h.l.p.b.i.spaces.QuerySpacesImpl - Adding QuerySpace : uid = <gen:5> -> org.hibernate.loader.plan.build.internal.spaces.EntityQuerySpaceImpl@6e6208d4]
00:31:25.410 [main] DEBUG o.h.p.w.spi.MetamodelGraphWalker - Visiting attribute path : visit.appointment.status
00:31:25.410 [main] DEBUG o.h.p.w.spi.MetamodelGraphWalker - Visiting attribute path : visit.appointment.type
00:31:25.410 [main] DEBUG o.h.p.w.spi.MetamodelGraphWalker - Visiting attribute path : visit.basicHealthMetrics
00:31:25.410 [main] DEBUG o.h.l.p.b.i.spaces.QuerySpacesImpl - Adding QuerySpace : uid = <gen:6> -> org.hibernate.loader.plan.build.internal.spaces.EntityQuerySpaceImpl@59a65b77]
00:31:25.410 [main] DEBUG o.h.p.w.spi.MetamodelGraphWalker - Visiting attribute path : visit.basicHealthMetrics.diastolic
00:31:25.411 [main] DEBUG o.h.p.w.spi.MetamodelGraphWalker - Visiting attribute path : visit.basicHealthMetrics.hcp
00:31:25.411 [main] DEBUG o.h.l.p.b.i.spaces.QuerySpacesImpl - Adding QuerySpace : uid = <gen:7> -> org.hibernate.loader.plan.build.internal.spaces.EntityQuerySpaceImpl@63a9df26]
00:31:25.411 [main] DEBUG o.h.p.w.spi.MetamodelGraphWalker - Visiting attribute path : visit.basicHealthMetrics.hdl
00:31:25.411 [main] DEBUG o.h.p.w.spi.MetamodelGraphWalker - Visiting attribute path : visit.basicHealthMetrics.headCircumference
00:31:25.411 [main] DEBUG o.h.p.w.spi.MetamodelGraphWalker - Visiting attribute path : visit.basicHealthMetrics.height
00:31:25.411 [main] DEBUG o.h.p.w.spi.MetamodelGraphWalker - Visiting attribute path : visit.basicHealthMetrics.houseSmokingStatus
00:31:25.411 [main] DEBUG o.h.p.w.spi.MetamodelGraphWalker - Visiting attribute path : visit.basicHealthMetrics.ldl
00:31:25.411 [main] DEBUG o.h.p.w.spi.MetamodelGraphWalker - Visiting attribute path : visit.basicHealthMetrics.patient
00:31:25.412 [main] DEBUG o.h.l.p.b.i.spaces.QuerySpacesImpl - Adding QuerySpace : uid = <gen:8> -> org.hibernate.loader.plan.build.internal.spaces.EntityQuerySpaceImpl@1df35f2f]
00:31:25.412 [main] DEBUG o.h.p.w.spi.MetamodelGraphWalker - Visiting attribute path : visit.basicHealthMetrics.patientSmokingStatus
00:31:25.412 [main] DEBUG o.h.p.w.spi.MetamodelGraphWalker - Visiting attribute path : visit.basicHealthMetrics.systolic
00:31:25.412 [main] DEBUG o.h.p.w.spi.MetamodelGraphWalker - Visiting attribute path : visit.basicHealthMetrics.tri
00:31:25.412 [main] DEBUG o.h.p.w.spi.MetamodelGraphWalker - Visiting attribute path : visit.basicHealthMetrics.weight
00:31:25.412 [main] DEBUG o.h.p.w.spi.MetamodelGraphWalker - Visiting attribute path : visit.date
00:31:25.412 [main] DEBUG o.h.p.w.spi.MetamodelGraphWalker - Visiting attribute path : visit.hcp
00:31:25.413 [main] DEBUG o.h.l.p.b.i.spaces.QuerySpacesImpl - Adding QuerySpace : uid = <gen:9> -> org.hibernate.loader.plan.build.internal.spaces.EntityQuerySpaceImpl@7665c205]
00:31:25.413 [main] DEBUG o.h.p.w.spi.MetamodelGraphWalker - Visiting attribute path : visit.hcp.enabled
00:31:25.413 [main] DEBUG o.h.p.w.spi.MetamodelGraphWalker - Visiting attribute path : visit.hcp.password
00:31:25.413 [main] DEBUG o.h.p.w.spi.MetamodelGraphWalker - Visiting attribute path : visit.hcp.role
00:31:25.413 [main] DEBUG o.h.p.w.spi.MetamodelGraphWalker - Visiting attribute path : visit.hospital
00:31:25.413 [main] DEBUG o.h.l.p.b.i.spaces.QuerySpacesImpl - Adding QuerySpace : uid = <gen:10> -> org.hibernate.loader.plan.build.internal.spaces.EntityQuerySpaceImpl@68eef6f9]
00:31:25.413 [main] DEBUG o.h.p.w.spi.MetamodelGraphWalker - Visiting attribute path : visit.hospital.address
00:31:25.414 [main] DEBUG o.h.p.w.spi.MetamodelGraphWalker - Visiting attribute path : visit.hospital.state
00:31:25.414 [main] DEBUG o.h.p.w.spi.MetamodelGraphWalker - Visiting attribute path : visit.hospital.zip
00:31:25.414 [main] DEBUG o.h.p.w.spi.MetamodelGraphWalker - Visiting attribute path : visit.notes
00:31:25.414 [main] DEBUG o.h.p.w.spi.MetamodelGraphWalker - Visiting attribute path : visit.patient
00:31:25.414 [main] DEBUG o.h.l.p.b.i.spaces.QuerySpacesImpl - Adding QuerySpace : uid = <gen:11> -> org.hibernate.loader.plan.build.internal.spaces.EntityQuerySpaceImpl@37ce54ef]
00:31:25.414 [main] DEBUG o.h.p.w.spi.MetamodelGraphWalker - Visiting attribute path : visit.patient.enabled
00:31:25.415 [main] DEBUG o.h.p.w.spi.MetamodelGraphWalker - Visiting attribute path : visit.patient.password
00:31:25.415 [main] DEBUG o.h.p.w.spi.MetamodelGraphWalker - Visiting attribute path : visit.patient.role
00:31:25.415 [main] DEBUG o.h.p.w.spi.MetamodelGraphWalker - Visiting attribute path : visit.prescriptions
00:31:25.415 [main] DEBUG o.h.l.p.b.i.spaces.QuerySpacesImpl - Adding QuerySpace : uid = <gen:12> -> org.hibernate.loader.plan.build.internal.spaces.CollectionQuerySpaceImpl@77c8e613]
00:31:25.415 [main] DEBUG o.h.l.p.b.i.spaces.QuerySpacesImpl - Adding QuerySpace : uid = <gen:13> -> org.hibernate.loader.plan.build.internal.spaces.EntityQuerySpaceImpl@6ed9ab0]
00:31:25.415 [main] DEBUG o.h.p.w.spi.MetamodelGraphWalker - Visiting attribute path : visit.prescriptions.dosage
00:31:25.416 [main] DEBUG o.h.p.w.spi.MetamodelGraphWalker - Visiting attribute path : visit.prescriptions.drug
00:31:25.416 [main] DEBUG o.h.l.p.b.i.spaces.QuerySpacesImpl - Adding QuerySpace : uid = <gen:14> -> org.hibernate.loader.plan.build.internal.spaces.EntityQuerySpaceImpl@6f7d962c]
00:31:25.416 [main] DEBUG o.h.p.w.spi.MetamodelGraphWalker - Visiting attribute path : visit.prescriptions.endDate
00:31:25.416 [main] DEBUG o.h.p.w.spi.MetamodelGraphWalker - Visiting attribute path : visit.prescriptions.patient
00:31:25.416 [main] DEBUG o.h.l.p.b.i.spaces.QuerySpacesImpl - Adding QuerySpace : uid = <gen:15> -> org.hibernate.loader.plan.build.internal.spaces.EntityQuerySpaceImpl@52fb969]
00:31:25.416 [main] DEBUG o.h.p.w.spi.MetamodelGraphWalker - Visiting attribute path : visit.prescriptions.renewals
00:31:25.416 [main] DEBUG o.h.p.w.spi.MetamodelGraphWalker - Visiting attribute path : visit.prescriptions.startDate
00:31:25.416 [main] DEBUG o.h.p.w.spi.MetamodelGraphWalker - Visiting attribute path : visit.type
00:31:25.416 [main] DEBUG o.h.l.p.b.i.FetchStyleLoadPlanBuildingAssociationVisitationStrategy - Building LoadPlan...
00:31:25.417 [main] DEBUG o.h.l.p.e.i.LoadQueryJoinAndFetchProcessor - processing queryspace <gen:0>
00:31:25.418 [main] DEBUG o.h.l.p.b.spi.LoadPlanTreePrinter - LoadPlan(entity=edu.ncsu.csc.itrust2.models.persistent.Diagnosis)
    - Returns
       - EntityReturnImpl(entity=edu.ncsu.csc.itrust2.models.persistent.Diagnosis, querySpaceUid=<gen:0>, path=edu.ncsu.csc.itrust2.models.persistent.Diagnosis)
          - EntityAttributeFetchImpl(entity=edu.ncsu.csc.itrust2.models.persistent.ICDCode, querySpaceUid=<gen:1>, path=edu.ncsu.csc.itrust2.models.persistent.Diagnosis.code)
          - EntityAttributeFetchImpl(entity=edu.ncsu.csc.itrust2.models.persistent.OfficeVisit, querySpaceUid=<gen:2>, path=edu.ncsu.csc.itrust2.models.persistent.Diagnosis.visit)
             - EntityAttributeFetchImpl(entity=edu.ncsu.csc.itrust2.models.persistent.AppointmentRequest, querySpaceUid=<gen:3>, path=edu.ncsu.csc.itrust2.models.persistent.Diagnosis.visit.appointment)
                - EntityAttributeFetchImpl(entity=edu.ncsu.csc.itrust2.models.persistent.User, querySpaceUid=<gen:4>, path=edu.ncsu.csc.itrust2.models.persistent.Diagnosis.visit.appointment.hcp)
                - EntityAttributeFetchImpl(entity=edu.ncsu.csc.itrust2.models.persistent.User, querySpaceUid=<gen:5>, path=edu.ncsu.csc.itrust2.models.persistent.Diagnosis.visit.appointment.patient)
             - EntityAttributeFetchImpl(entity=edu.ncsu.csc.itrust2.models.persistent.BasicHealthMetrics, querySpaceUid=<gen:6>, path=edu.ncsu.csc.itrust2.models.persistent.Diagnosis.visit.basicHealthMetrics)
                - EntityAttributeFetchImpl(entity=edu.ncsu.csc.itrust2.models.persistent.User, querySpaceUid=<gen:7>, path=edu.ncsu.csc.itrust2.models.persistent.Diagnosis.visit.basicHealthMetrics.hcp)
                - EntityAttributeFetchImpl(entity=edu.ncsu.csc.itrust2.models.persistent.User, querySpaceUid=<gen:8>, path=edu.ncsu.csc.itrust2.models.persistent.Diagnosis.visit.basicHealthMetrics.patient)
             - EntityAttributeFetchImpl(entity=edu.ncsu.csc.itrust2.models.persistent.User, querySpaceUid=<gen:9>, path=edu.ncsu.csc.itrust2.models.persistent.Diagnosis.visit.hcp)
             - EntityAttributeFetchImpl(entity=edu.ncsu.csc.itrust2.models.persistent.Hospital, querySpaceUid=<gen:10>, path=edu.ncsu.csc.itrust2.models.persistent.Diagnosis.visit.hospital)
             - EntityAttributeFetchImpl(entity=edu.ncsu.csc.itrust2.models.persistent.User, querySpaceUid=<gen:11>, path=edu.ncsu.csc.itrust2.models.persistent.Diagnosis.visit.patient)
             - CollectionAttributeFetchImpl(collection=edu.ncsu.csc.itrust2.models.persistent.OfficeVisit.prescriptions, querySpaceUid=<gen:12>, path=edu.ncsu.csc.itrust2.models.persistent.Diagnosis.visit.prescriptions)
                - (collection element) CollectionFetchableElementEntityGraph(entity=edu.ncsu.csc.itrust2.models.persistent.Prescription, querySpaceUid=<gen:13>, path=edu.ncsu.csc.itrust2.models.persistent.Diagnosis.visit.prescriptions.<elements>)
                   - EntityAttributeFetchImpl(entity=edu.ncsu.csc.itrust2.models.persistent.Drug, querySpaceUid=<gen:14>, path=edu.ncsu.csc.itrust2.models.persistent.Diagnosis.visit.prescriptions.<elements>.drug)
                   - EntityAttributeFetchImpl(entity=edu.ncsu.csc.itrust2.models.persistent.User, querySpaceUid=<gen:15>, path=edu.ncsu.csc.itrust2.models.persistent.Diagnosis.visit.prescriptions.<elements>.patient)
    - QuerySpaces
       - EntityQuerySpaceImpl(uid=<gen:0>, entity=edu.ncsu.csc.itrust2.models.persistent.Diagnosis)
          - SQL table alias mapping - diagnosis0_
          - alias suffix - 0_
          - suffixed key columns - {id1_2_0_}
          - JOIN (JoinDefinedByMetadata(code)) : <gen:0> -> <gen:1>
             - EntityQuerySpaceImpl(uid=<gen:1>, entity=edu.ncsu.csc.itrust2.models.persistent.ICDCode)
                - SQL table alias mapping - icdcode1_
                - alias suffix - 1_
                - suffixed key columns - {id1_5_1_}
          - JOIN (JoinDefinedByMetadata(visit)) : <gen:0> -> <gen:2>
             - EntityQuerySpaceImpl(uid=<gen:2>, entity=edu.ncsu.csc.itrust2.models.persistent.OfficeVisit)
                - SQL table alias mapping - officevisi2_
                - alias suffix - 2_
                - suffixed key columns - {id1_10_2_}
                - JOIN (JoinDefinedByMetadata(appointment)) : <gen:2> -> <gen:3>
                   - EntityQuerySpaceImpl(uid=<gen:3>, entity=edu.ncsu.csc.itrust2.models.persistent.AppointmentRequest)
                      - SQL table alias mapping - appointmen3_
                      - alias suffix - 3_
                      - suffixed key columns - {id1_0_3_}
                - JOIN (JoinDefinedByMetadata(basicHealthMetrics)) : <gen:2> -> <gen:6>
                   - EntityQuerySpaceImpl(uid=<gen:6>, entity=edu.ncsu.csc.itrust2.models.persistent.BasicHealthMetrics)
                      - SQL table alias mapping - basichealt4_
                      - alias suffix - 4_
                      - suffixed key columns - {id1_1_4_}
                - JOIN (JoinDefinedByMetadata(hcp)) : <gen:2> -> <gen:9>
                   - EntityQuerySpaceImpl(uid=<gen:9>, entity=edu.ncsu.csc.itrust2.models.persistent.User)
                      - SQL table alias mapping - user5_
                      - alias suffix - 5_
                      - suffixed key columns - {username1_15_5_}
                - JOIN (JoinDefinedByMetadata(hospital)) : <gen:2> -> <gen:10>
                   - EntityQuerySpaceImpl(uid=<gen:10>, entity=edu.ncsu.csc.itrust2.models.persistent.Hospital)
                      - SQL table alias mapping - hospital6_
                      - alias suffix - 6_
                      - suffixed key columns - {name1_4_6_}
                - JOIN (JoinDefinedByMetadata(patient)) : <gen:2> -> <gen:11>
                   - EntityQuerySpaceImpl(uid=<gen:11>, entity=edu.ncsu.csc.itrust2.models.persistent.User)
                      - SQL table alias mapping - user7_
                      - alias suffix - 7_
                      - suffixed key columns - {username1_15_7_}
                - JOIN (JoinDefinedByMetadata(prescriptions)) : <gen:2> -> <gen:12>
                   - CollectionQuerySpaceImpl(uid=<gen:12>, collection=edu.ncsu.csc.itrust2.models.persistent.OfficeVisit.prescriptions)
                      - SQL table alias mapping - prescripti8_
                      - alias suffix - 8_
                      - suffixed key columns - {prescrip8_14_8_}
                      - entity-element alias suffix - 9_
                      - 9_entity-element suffixed key columns - id1_14_9_
                      - JOIN (JoinDefinedByMetadata(elements)) : <gen:12> -> <gen:13>
                         - EntityQuerySpaceImpl(uid=<gen:13>, entity=edu.ncsu.csc.itrust2.models.persistent.Prescription)
                            - SQL table alias mapping - prescripti8_
                            - alias suffix - 9_
                            - suffixed key columns - {id1_14_9_}

00:31:25.418 [main] DEBUG o.h.loader.entity.plan.EntityLoader - Static select for entity edu.ncsu.csc.itrust2.models.persistent.Diagnosis [READ]: select diagnosis0_.id as id1_2_0_, diagnosis0_.code_id as code_id3_2_0_, diagnosis0_.note as note2_2_0_, diagnosis0_.visit_id as visit_id4_2_0_, icdcode1_.id as id1_5_1_, icdcode1_.code as code2_5_1_, icdcode1_.description as descript3_5_1_, officevisi2_.id as id1_10_2_, officevisi2_.appointment_id as appointm5_10_2_, officevisi2_.basichealthmetrics_id as basichea6_10_2_, officevisi2_.date as date2_10_2_, officevisi2_.hcp_id as hcp_id7_10_2_, officevisi2_.hospital_id as hospital8_10_2_, officevisi2_.notes as notes3_10_2_, officevisi2_.patient_id as patient_9_10_2_, officevisi2_.type as type4_10_2_, appointmen3_.id as id1_0_3_, appointmen3_.comments as comments2_0_3_, appointmen3_.date as date3_0_3_, appointmen3_.hcp_id as hcp_id6_0_3_, appointmen3_.patient_id as patient_7_0_3_, appointmen3_.status as status4_0_3_, appointmen3_.type as type5_0_3_, basichealt4_.id as id1_1_4_, basichealt4_.diastolic as diastoli2_1_4_, basichealt4_.hcp_id as hcp_id12_1_4_, basichealt4_.hdl as hdl3_1_4_, basichealt4_.headCircumference as headCirc4_1_4_, basichealt4_.height as height5_1_4_, basichealt4_.houseSmokingStatus as houseSmo6_1_4_, basichealt4_.ldl as ldl7_1_4_, basichealt4_.patient_id as patient13_1_4_, basichealt4_.patientSmokingStatus as patientS8_1_4_, basichealt4_.systolic as systolic9_1_4_, basichealt4_.tri as tri10_1_4_, basichealt4_.weight as weight11_1_4_, user5_.username as username1_15_5_, user5_.enabled as enabled2_15_5_, user5_.password as password3_15_5_, user5_.role as role4_15_5_, hospital6_.name as name1_4_6_, hospital6_.address as address2_4_6_, hospital6_.state as state3_4_6_, hospital6_.zip as zip4_4_6_, user7_.username as username1_15_7_, user7_.enabled as enabled2_15_7_, user7_.password as password3_15_7_, user7_.role as role4_15_7_, prescripti8_.prescriptions_id as prescrip8_14_8_, prescripti8_.id as id1_14_8_, prescripti8_.id as id1_14_9_, prescripti8_.dosage as dosage2_14_9_, prescripti8_.drug_id as drug_id6_14_9_, prescripti8_.endDate as endDate3_14_9_, prescripti8_.patient_id as patient_7_14_9_, prescripti8_.renewals as renewals4_14_9_, prescripti8_.startDate as startDat5_14_9_ from Diagnoses diagnosis0_ inner join ICDCodes icdcode1_ on diagnosis0_.code_id=icdcode1_.id inner join OfficeVisits officevisi2_ on diagnosis0_.visit_id=officevisi2_.id left outer join AppointmentRequests appointmen3_ on officevisi2_.appointment_id=appointmen3_.id left outer join BasicHealthMetrics basichealt4_ on officevisi2_.basichealthmetrics_id=basichealt4_.id inner join Users user5_ on officevisi2_.hcp_id=user5_.username inner join Hospitals hospital6_ on officevisi2_.hospital_id=hospital6_.name inner join Users user7_ on officevisi2_.patient_id=user7_.username left outer join Prescriptions prescripti8_ on officevisi2_.id=prescripti8_.prescriptions_id where diagnosis0_.id=?
00:31:25.418 [main] DEBUG o.h.l.p.b.i.spaces.QuerySpacesImpl - Adding QuerySpace : uid = <gen:0> -> org.hibernate.loader.plan.build.internal.spaces.EntityQuerySpaceImpl@485e2acd]
00:31:25.418 [main] DEBUG o.h.p.w.spi.MetamodelGraphWalker - Visiting attribute path : code
00:31:25.418 [main] DEBUG o.h.l.p.b.i.spaces.QuerySpacesImpl - Adding QuerySpace : uid = <gen:1> -> org.hibernate.loader.plan.build.internal.spaces.EntityQuerySpaceImpl@3c0e4560]
00:31:25.418 [main] DEBUG o.h.p.w.spi.MetamodelGraphWalker - Visiting attribute path : note
00:31:25.419 [main] DEBUG o.h.p.w.spi.MetamodelGraphWalker - Visiting attribute path : visit
00:31:25.419 [main] DEBUG o.h.l.p.b.i.spaces.QuerySpacesImpl - Adding QuerySpace : uid = <gen:2> -> org.hibernate.loader.plan.build.internal.spaces.EntityQuerySpaceImpl@44924779]
00:31:25.419 [main] DEBUG o.h.l.p.b.i.FetchStyleLoadPlanBuildingAssociationVisitationStrategy - Building LoadPlan...
00:31:25.419 [main] DEBUG o.h.l.p.e.i.LoadQueryJoinAndFetchProcessor - processing queryspace <gen:0>
00:31:25.419 [main] DEBUG o.h.l.p.b.spi.LoadPlanTreePrinter - LoadPlan(entity=edu.ncsu.csc.itrust2.models.persistent.Diagnosis)
    - Returns
       - EntityReturnImpl(entity=edu.ncsu.csc.itrust2.models.persistent.Diagnosis, querySpaceUid=<gen:0>, path=edu.ncsu.csc.itrust2.models.persistent.Diagnosis)
          - EntityAttributeFetchImpl(entity=edu.ncsu.csc.itrust2.models.persistent.ICDCode, querySpaceUid=<gen:1>, path=edu.ncsu.csc.itrust2.models.persistent.Diagnosis.code)
          - EntityAttributeFetchImpl(entity=edu.ncsu.csc.itrust2.models.persistent.OfficeVisit, querySpaceUid=<gen:2>, path=edu.ncsu.csc.itrust2.models.persistent.Diagnosis.visit)
    - QuerySpaces
       - EntityQuerySpaceImpl(uid=<gen:0>, entity=edu.ncsu.csc.itrust2.models.persistent.Diagnosis)
          - SQL table alias mapping - diagnosis0_
          - alias suffix - 0_
          - suffixed key columns - {id1_2_0_}

00:31:25.419 [main] DEBUG o.h.loader.entity.plan.EntityLoader - Static select for entity edu.ncsu.csc.itrust2.models.persistent.Diagnosis [UPGRADE]: select diagnosis0_.id as id1_2_0_, diagnosis0_.code_id as code_id3_2_0_, diagnosis0_.note as note2_2_0_, diagnosis0_.visit_id as visit_id4_2_0_ from Diagnoses diagnosis0_ where diagnosis0_.id=? for update
00:31:25.419 [main] DEBUG o.h.l.p.b.i.spaces.QuerySpacesImpl - Adding QuerySpace : uid = <gen:0> -> org.hibernate.loader.plan.build.internal.spaces.EntityQuerySpaceImpl@7d231564]
00:31:25.420 [main] DEBUG o.h.p.w.spi.MetamodelGraphWalker - Visiting attribute path : code
00:31:25.420 [main] DEBUG o.h.l.p.b.i.spaces.QuerySpacesImpl - Adding QuerySpace : uid = <gen:1> -> org.hibernate.loader.plan.build.internal.spaces.EntityQuerySpaceImpl@77f186d]
00:31:25.420 [main] DEBUG o.h.p.w.spi.MetamodelGraphWalker - Visiting attribute path : note
00:31:25.420 [main] DEBUG o.h.p.w.spi.MetamodelGraphWalker - Visiting attribute path : visit
00:31:25.420 [main] DEBUG o.h.l.p.b.i.spaces.QuerySpacesImpl - Adding QuerySpace : uid = <gen:2> -> org.hibernate.loader.plan.build.internal.spaces.EntityQuerySpaceImpl@51802e74]
00:31:25.420 [main] DEBUG o.h.l.p.b.i.FetchStyleLoadPlanBuildingAssociationVisitationStrategy - Building LoadPlan...
00:31:25.420 [main] DEBUG o.h.l.p.e.i.LoadQueryJoinAndFetchProcessor - processing queryspace <gen:0>
00:31:25.421 [main] DEBUG o.h.l.p.b.spi.LoadPlanTreePrinter - LoadPlan(entity=edu.ncsu.csc.itrust2.models.persistent.Diagnosis)
    - Returns
       - EntityReturnImpl(entity=edu.ncsu.csc.itrust2.models.persistent.Diagnosis, querySpaceUid=<gen:0>, path=edu.ncsu.csc.itrust2.models.persistent.Diagnosis)
          - EntityAttributeFetchImpl(entity=edu.ncsu.csc.itrust2.models.persistent.ICDCode, querySpaceUid=<gen:1>, path=edu.ncsu.csc.itrust2.models.persistent.Diagnosis.code)
          - EntityAttributeFetchImpl(entity=edu.ncsu.csc.itrust2.models.persistent.OfficeVisit, querySpaceUid=<gen:2>, path=edu.ncsu.csc.itrust2.models.persistent.Diagnosis.visit)
    - QuerySpaces
       - EntityQuerySpaceImpl(uid=<gen:0>, entity=edu.ncsu.csc.itrust2.models.persistent.Diagnosis)
          - SQL table alias mapping - diagnosis0_
          - alias suffix - 0_
          - suffixed key columns - {id1_2_0_}

00:31:25.421 [main] DEBUG o.h.loader.entity.plan.EntityLoader - Static select for entity edu.ncsu.csc.itrust2.models.persistent.Diagnosis [UPGRADE_NOWAIT]: select diagnosis0_.id as id1_2_0_, diagnosis0_.code_id as code_id3_2_0_, diagnosis0_.note as note2_2_0_, diagnosis0_.visit_id as visit_id4_2_0_ from Diagnoses diagnosis0_ where diagnosis0_.id=? for update
00:31:25.421 [main] DEBUG o.h.l.p.b.i.spaces.QuerySpacesImpl - Adding QuerySpace : uid = <gen:0> -> org.hibernate.loader.plan.build.internal.spaces.EntityQuerySpaceImpl@346d8915]
00:31:25.421 [main] DEBUG o.h.p.w.spi.MetamodelGraphWalker - Visiting attribute path : code
00:31:25.421 [main] DEBUG o.h.l.p.b.i.spaces.QuerySpacesImpl - Adding QuerySpace : uid = <gen:1> -> org.hibernate.loader.plan.build.internal.spaces.EntityQuerySpaceImpl@215be68d]
00:31:25.421 [main] DEBUG o.h.p.w.spi.MetamodelGraphWalker - Visiting attribute path : note
00:31:25.421 [main] DEBUG o.h.p.w.spi.MetamodelGraphWalker - Visiting attribute path : visit
00:31:25.421 [main] DEBUG o.h.l.p.b.i.spaces.QuerySpacesImpl - Adding QuerySpace : uid = <gen:2> -> org.hibernate.loader.plan.build.internal.spaces.EntityQuerySpaceImpl@71789f5c]
00:31:25.421 [main] DEBUG o.h.l.p.b.i.FetchStyleLoadPlanBuildingAssociationVisitationStrategy - Building LoadPlan...
00:31:25.421 [main] DEBUG o.h.l.p.e.i.LoadQueryJoinAndFetchProcessor - processing queryspace <gen:0>
00:31:25.422 [main] DEBUG o.h.l.p.b.spi.LoadPlanTreePrinter - LoadPlan(entity=edu.ncsu.csc.itrust2.models.persistent.Diagnosis)
    - Returns
       - EntityReturnImpl(entity=edu.ncsu.csc.itrust2.models.persistent.Diagnosis, querySpaceUid=<gen:0>, path=edu.ncsu.csc.itrust2.models.persistent.Diagnosis)
          - EntityAttributeFetchImpl(entity=edu.ncsu.csc.itrust2.models.persistent.ICDCode, querySpaceUid=<gen:1>, path=edu.ncsu.csc.itrust2.models.persistent.Diagnosis.code)
          - EntityAttributeFetchImpl(entity=edu.ncsu.csc.itrust2.models.persistent.OfficeVisit, querySpaceUid=<gen:2>, path=edu.ncsu.csc.itrust2.models.persistent.Diagnosis.visit)
    - QuerySpaces
       - EntityQuerySpaceImpl(uid=<gen:0>, entity=edu.ncsu.csc.itrust2.models.persistent.Diagnosis)
          - SQL table alias mapping - diagnosis0_
          - alias suffix - 0_
          - suffixed key columns - {id1_2_0_}

00:31:25.422 [main] DEBUG o.h.loader.entity.plan.EntityLoader - Static select for entity edu.ncsu.csc.itrust2.models.persistent.Diagnosis [UPGRADE_SKIPLOCKED]: select diagnosis0_.id as id1_2_0_, diagnosis0_.code_id as code_id3_2_0_, diagnosis0_.note as note2_2_0_, diagnosis0_.visit_id as visit_id4_2_0_ from Diagnoses diagnosis0_ where diagnosis0_.id=? for update
00:31:25.422 [main] DEBUG o.h.l.p.b.i.spaces.QuerySpacesImpl - Adding QuerySpace : uid = <gen:0> -> org.hibernate.loader.plan.build.internal.spaces.EntityQuerySpaceImpl@29858547]
00:31:25.422 [main] DEBUG o.h.p.w.spi.MetamodelGraphWalker - Visiting attribute path : code
00:31:25.422 [main] DEBUG o.h.l.p.b.i.spaces.QuerySpacesImpl - Adding QuerySpace : uid = <gen:1> -> org.hibernate.loader.plan.build.internal.spaces.EntityQuerySpaceImpl@4819dcdf]
00:31:25.422 [main] DEBUG o.h.p.w.spi.MetamodelGraphWalker - Visiting attribute path : note
00:31:25.422 [main] DEBUG o.h.p.w.spi.MetamodelGraphWalker - Visiting attribute path : visit
00:31:25.422 [main] DEBUG o.h.l.p.b.i.spaces.QuerySpacesImpl - Adding QuerySpace : uid = <gen:2> -> org.hibernate.loader.plan.build.internal.spaces.EntityQuerySpaceImpl@7dae28ff]
00:31:25.422 [main] DEBUG o.h.l.p.b.i.FetchStyleLoadPlanBuildingAssociationVisitationStrategy - Building LoadPlan...
00:31:25.422 [main] DEBUG o.h.l.p.e.i.LoadQueryJoinAndFetchProcessor - processing queryspace <gen:0>
00:31:25.430 [main] DEBUG o.h.l.p.b.spi.LoadPlanTreePrinter - LoadPlan(entity=edu.ncsu.csc.itrust2.models.persistent.Diagnosis)
    - Returns
       - EntityReturnImpl(entity=edu.ncsu.csc.itrust2.models.persistent.Diagnosis, querySpaceUid=<gen:0>, path=edu.ncsu.csc.itrust2.models.persistent.Diagnosis)
          - EntityAttributeFetchImpl(entity=edu.ncsu.csc.itrust2.models.persistent.ICDCode, querySpaceUid=<gen:1>, path=edu.ncsu.csc.itrust2.models.persistent.Diagnosis.code)
          - EntityAttributeFetchImpl(entity=edu.ncsu.csc.itrust2.models.persistent.OfficeVisit, querySpaceUid=<gen:2>, path=edu.ncsu.csc.itrust2.models.persistent.Diagnosis.visit)
    - QuerySpaces
       - EntityQuerySpaceImpl(uid=<gen:0>, entity=edu.ncsu.csc.itrust2.models.persistent.Diagnosis)
          - SQL table alias mapping - diagnosis0_
          - alias suffix - 0_
          - suffixed key columns - {id1_2_0_}

00:31:25.430 [main] DEBUG o.h.loader.entity.plan.EntityLoader - Static select for entity edu.ncsu.csc.itrust2.models.persistent.Diagnosis [FORCE]: select diagnosis0_.id as id1_2_0_, diagnosis0_.code_id as code_id3_2_0_, diagnosis0_.note as note2_2_0_, diagnosis0_.visit_id as visit_id4_2_0_ from Diagnoses diagnosis0_ where diagnosis0_.id=? for update
00:31:25.430 [main] DEBUG o.h.l.p.b.i.spaces.QuerySpacesImpl - Adding QuerySpace : uid = <gen:0> -> org.hibernate.loader.plan.build.internal.spaces.EntityQuerySpaceImpl@780435b0]
00:31:25.430 [main] DEBUG o.h.p.w.spi.MetamodelGraphWalker - Visiting attribute path : code
00:31:25.430 [main] DEBUG o.h.l.p.b.i.spaces.QuerySpacesImpl - Adding QuerySpace : uid = <gen:1> -> org.hibernate.loader.plan.build.internal.spaces.EntityQuerySpaceImpl@95a63e1]
00:31:25.431 [main] DEBUG o.h.p.w.spi.MetamodelGraphWalker - Visiting attribute path : note
00:31:25.431 [main] DEBUG o.h.p.w.spi.MetamodelGraphWalker - Visiting attribute path : visit
00:31:25.431 [main] DEBUG o.h.l.p.b.i.spaces.QuerySpacesImpl - Adding QuerySpace : uid = <gen:2> -> org.hibernate.loader.plan.build.internal.spaces.EntityQuerySpaceImpl@5bf5be5]
00:31:25.431 [main] DEBUG o.h.l.p.b.i.FetchStyleLoadPlanBuildingAssociationVisitationStrategy - Building LoadPlan...
00:31:25.431 [main] DEBUG o.h.l.p.e.i.LoadQueryJoinAndFetchProcessor - processing queryspace <gen:0>
00:31:25.431 [main] DEBUG o.h.l.p.b.spi.LoadPlanTreePrinter - LoadPlan(entity=edu.ncsu.csc.itrust2.models.persistent.Diagnosis)
    - Returns
       - EntityReturnImpl(entity=edu.ncsu.csc.itrust2.models.persistent.Diagnosis, querySpaceUid=<gen:0>, path=edu.ncsu.csc.itrust2.models.persistent.Diagnosis)
          - EntityAttributeFetchImpl(entity=edu.ncsu.csc.itrust2.models.persistent.ICDCode, querySpaceUid=<gen:1>, path=edu.ncsu.csc.itrust2.models.persistent.Diagnosis.code)
          - EntityAttributeFetchImpl(entity=edu.ncsu.csc.itrust2.models.persistent.OfficeVisit, querySpaceUid=<gen:2>, path=edu.ncsu.csc.itrust2.models.persistent.Diagnosis.visit)
    - QuerySpaces
       - EntityQuerySpaceImpl(uid=<gen:0>, entity=edu.ncsu.csc.itrust2.models.persistent.Diagnosis)
          - SQL table alias mapping - diagnosis0_
          - alias suffix - 0_
          - suffixed key columns - {id1_2_0_}

00:31:25.432 [main] DEBUG o.h.loader.entity.plan.EntityLoader - Static select for entity edu.ncsu.csc.itrust2.models.persistent.Diagnosis [PESSIMISTIC_READ]: select diagnosis0_.id as id1_2_0_, diagnosis0_.code_id as code_id3_2_0_, diagnosis0_.note as note2_2_0_, diagnosis0_.visit_id as visit_id4_2_0_ from Diagnoses diagnosis0_ where diagnosis0_.id=? lock in share mode
00:31:25.432 [main] DEBUG o.h.l.p.b.i.spaces.QuerySpacesImpl - Adding QuerySpace : uid = <gen:0> -> org.hibernate.loader.plan.build.internal.spaces.EntityQuerySpaceImpl@5c4f4757]
00:31:25.432 [main] DEBUG o.h.p.w.spi.MetamodelGraphWalker - Visiting attribute path : code
00:31:25.432 [main] DEBUG o.h.l.p.b.i.spaces.QuerySpacesImpl - Adding QuerySpace : uid = <gen:1> -> org.hibernate.loader.plan.build.internal.spaces.EntityQuerySpaceImpl@142e4e25]
00:31:25.432 [main] DEBUG o.h.p.w.spi.MetamodelGraphWalker - Visiting attribute path : note
00:31:25.432 [main] DEBUG o.h.p.w.spi.MetamodelGraphWalker - Visiting attribute path : visit
00:31:25.432 [main] DEBUG o.h.l.p.b.i.spaces.QuerySpacesImpl - Adding QuerySpace : uid = <gen:2> -> org.hibernate.loader.plan.build.internal.spaces.EntityQuerySpaceImpl@6bb15f36]
00:31:25.432 [main] DEBUG o.h.l.p.b.i.FetchStyleLoadPlanBuildingAssociationVisitationStrategy - Building LoadPlan...
00:31:25.432 [main] DEBUG o.h.l.p.e.i.LoadQueryJoinAndFetchProcessor - processing queryspace <gen:0>
00:31:25.432 [main] DEBUG o.h.l.p.b.spi.LoadPlanTreePrinter - LoadPlan(entity=edu.ncsu.csc.itrust2.models.persistent.Diagnosis)
    - Returns
       - EntityReturnImpl(entity=edu.ncsu.csc.itrust2.models.persistent.Diagnosis, querySpaceUid=<gen:0>, path=edu.ncsu.csc.itrust2.models.persistent.Diagnosis)
          - EntityAttributeFetchImpl(entity=edu.ncsu.csc.itrust2.models.persistent.ICDCode, querySpaceUid=<gen:1>, path=edu.ncsu.csc.itrust2.models.persistent.Diagnosis.code)
          - EntityAttributeFetchImpl(entity=edu.ncsu.csc.itrust2.models.persistent.OfficeVisit, querySpaceUid=<gen:2>, path=edu.ncsu.csc.itrust2.models.persistent.Diagnosis.visit)
    - QuerySpaces
       - EntityQuerySpaceImpl(uid=<gen:0>, entity=edu.ncsu.csc.itrust2.models.persistent.Diagnosis)
          - SQL table alias mapping - diagnosis0_
          - alias suffix - 0_
          - suffixed key columns - {id1_2_0_}

00:31:25.442 [main] DEBUG o.h.loader.entity.plan.EntityLoader - Static select for entity edu.ncsu.csc.itrust2.models.persistent.Diagnosis [PESSIMISTIC_WRITE]: select diagnosis0_.id as id1_2_0_, diagnosis0_.code_id as code_id3_2_0_, diagnosis0_.note as note2_2_0_, diagnosis0_.visit_id as visit_id4_2_0_ from Diagnoses diagnosis0_ where diagnosis0_.id=? for update
00:31:25.442 [main] DEBUG o.h.l.p.b.i.spaces.QuerySpacesImpl - Adding QuerySpace : uid = <gen:0> -> org.hibernate.loader.plan.build.internal.spaces.EntityQuerySpaceImpl@4de2c8e8]
00:31:25.442 [main] DEBUG o.h.p.w.spi.MetamodelGraphWalker - Visiting attribute path : code
00:31:25.442 [main] DEBUG o.h.l.p.b.i.spaces.QuerySpacesImpl - Adding QuerySpace : uid = <gen:1> -> org.hibernate.loader.plan.build.internal.spaces.EntityQuerySpaceImpl@6ee432c4]
00:31:25.442 [main] DEBUG o.h.p.w.spi.MetamodelGraphWalker - Visiting attribute path : note
00:31:25.443 [main] DEBUG o.h.p.w.spi.MetamodelGraphWalker - Visiting attribute path : visit
00:31:25.443 [main] DEBUG o.h.l.p.b.i.spaces.QuerySpacesImpl - Adding QuerySpace : uid = <gen:2> -> org.hibernate.loader.plan.build.internal.spaces.EntityQuerySpaceImpl@fcd88c1]
00:31:25.443 [main] DEBUG o.h.l.p.b.i.FetchStyleLoadPlanBuildingAssociationVisitationStrategy - Building LoadPlan...
00:31:25.443 [main] DEBUG o.h.l.p.e.i.LoadQueryJoinAndFetchProcessor - processing queryspace <gen:0>
00:31:25.443 [main] DEBUG o.h.l.p.b.spi.LoadPlanTreePrinter - LoadPlan(entity=edu.ncsu.csc.itrust2.models.persistent.Diagnosis)
    - Returns
       - EntityReturnImpl(entity=edu.ncsu.csc.itrust2.models.persistent.Diagnosis, querySpaceUid=<gen:0>, path=edu.ncsu.csc.itrust2.models.persistent.Diagnosis)
          - EntityAttributeFetchImpl(entity=edu.ncsu.csc.itrust2.models.persistent.ICDCode, querySpaceUid=<gen:1>, path=edu.ncsu.csc.itrust2.models.persistent.Diagnosis.code)
          - EntityAttributeFetchImpl(entity=edu.ncsu.csc.itrust2.models.persistent.OfficeVisit, querySpaceUid=<gen:2>, path=edu.ncsu.csc.itrust2.models.persistent.Diagnosis.visit)
    - QuerySpaces
       - EntityQuerySpaceImpl(uid=<gen:0>, entity=edu.ncsu.csc.itrust2.models.persistent.Diagnosis)
          - SQL table alias mapping - diagnosis0_
          - alias suffix - 0_
          - suffixed key columns - {id1_2_0_}

00:31:25.443 [main] DEBUG o.h.loader.entity.plan.EntityLoader - Static select for entity edu.ncsu.csc.itrust2.models.persistent.Diagnosis [PESSIMISTIC_FORCE_INCREMENT]: select diagnosis0_.id as id1_2_0_, diagnosis0_.code_id as code_id3_2_0_, diagnosis0_.note as note2_2_0_, diagnosis0_.visit_id as visit_id4_2_0_ from Diagnoses diagnosis0_ where diagnosis0_.id=? for update
00:31:25.443 [main] DEBUG o.h.l.p.b.i.spaces.QuerySpacesImpl - Adding QuerySpace : uid = <gen:0> -> org.hibernate.loader.plan.build.internal.spaces.EntityQuerySpaceImpl@54b3b458]
00:31:25.444 [main] DEBUG o.h.p.w.spi.MetamodelGraphWalker - Visiting attribute path : code
00:31:25.444 [main] DEBUG o.h.l.p.b.i.spaces.QuerySpacesImpl - Adding QuerySpace : uid = <gen:1> -> org.hibernate.loader.plan.build.internal.spaces.EntityQuerySpaceImpl@7b672be5]
00:31:25.444 [main] DEBUG o.h.p.w.spi.MetamodelGraphWalker - Visiting attribute path : note
00:31:25.444 [main] DEBUG o.h.p.w.spi.MetamodelGraphWalker - Visiting attribute path : visit
00:31:25.444 [main] DEBUG o.h.l.p.b.i.spaces.QuerySpacesImpl - Adding QuerySpace : uid = <gen:2> -> org.hibernate.loader.plan.build.internal.spaces.EntityQuerySpaceImpl@180f3fc8]
00:31:25.444 [main] DEBUG o.h.l.p.b.i.FetchStyleLoadPlanBuildingAssociationVisitationStrategy - Building LoadPlan...
00:31:25.444 [main] DEBUG o.h.l.p.e.i.LoadQueryJoinAndFetchProcessor - processing queryspace <gen:0>
00:31:25.444 [main] DEBUG o.h.l.p.b.spi.LoadPlanTreePrinter - LoadPlan(entity=edu.ncsu.csc.itrust2.models.persistent.Diagnosis)
    - Returns
       - EntityReturnImpl(entity=edu.ncsu.csc.itrust2.models.persistent.Diagnosis, querySpaceUid=<gen:0>, path=edu.ncsu.csc.itrust2.models.persistent.Diagnosis)
          - EntityAttributeFetchImpl(entity=edu.ncsu.csc.itrust2.models.persistent.ICDCode, querySpaceUid=<gen:1>, path=edu.ncsu.csc.itrust2.models.persistent.Diagnosis.code)
          - EntityAttributeFetchImpl(entity=edu.ncsu.csc.itrust2.models.persistent.OfficeVisit, querySpaceUid=<gen:2>, path=edu.ncsu.csc.itrust2.models.persistent.Diagnosis.visit)
    - QuerySpaces
       - EntityQuerySpaceImpl(uid=<gen:0>, entity=edu.ncsu.csc.itrust2.models.persistent.Diagnosis)
          - SQL table alias mapping - diagnosis0_
          - alias suffix - 0_
          - suffixed key columns - {id1_2_0_}

00:31:25.444 [main] DEBUG o.h.loader.entity.plan.EntityLoader - Static select for entity edu.ncsu.csc.itrust2.models.persistent.Diagnosis [OPTIMISTIC]: select diagnosis0_.id as id1_2_0_, diagnosis0_.code_id as code_id3_2_0_, diagnosis0_.note as note2_2_0_, diagnosis0_.visit_id as visit_id4_2_0_ from Diagnoses diagnosis0_ where diagnosis0_.id=?
00:31:25.444 [main] DEBUG o.h.l.p.b.i.spaces.QuerySpacesImpl - Adding QuerySpace : uid = <gen:0> -> org.hibernate.loader.plan.build.internal.spaces.EntityQuerySpaceImpl@51d759e5]
00:31:25.444 [main] DEBUG o.h.p.w.spi.MetamodelGraphWalker - Visiting attribute path : code
00:31:25.444 [main] DEBUG o.h.l.p.b.i.spaces.QuerySpacesImpl - Adding QuerySpace : uid = <gen:1> -> org.hibernate.loader.plan.build.internal.spaces.EntityQuerySpaceImpl@757cc46c]
00:31:25.445 [main] DEBUG o.h.p.w.spi.MetamodelGraphWalker - Visiting attribute path : note
00:31:25.445 [main] DEBUG o.h.p.w.spi.MetamodelGraphWalker - Visiting attribute path : visit
00:31:25.445 [main] DEBUG o.h.l.p.b.i.spaces.QuerySpacesImpl - Adding QuerySpace : uid = <gen:2> -> org.hibernate.loader.plan.build.internal.spaces.EntityQuerySpaceImpl@14ec5474]
00:31:25.445 [main] DEBUG o.h.l.p.b.i.FetchStyleLoadPlanBuildingAssociationVisitationStrategy - Building LoadPlan...
00:31:25.445 [main] DEBUG o.h.l.p.e.i.LoadQueryJoinAndFetchProcessor - processing queryspace <gen:0>
00:31:25.445 [main] DEBUG o.h.l.p.b.spi.LoadPlanTreePrinter - LoadPlan(entity=edu.ncsu.csc.itrust2.models.persistent.Diagnosis)
    - Returns
       - EntityReturnImpl(entity=edu.ncsu.csc.itrust2.models.persistent.Diagnosis, querySpaceUid=<gen:0>, path=edu.ncsu.csc.itrust2.models.persistent.Diagnosis)
          - EntityAttributeFetchImpl(entity=edu.ncsu.csc.itrust2.models.persistent.ICDCode, querySpaceUid=<gen:1>, path=edu.ncsu.csc.itrust2.models.persistent.Diagnosis.code)
          - EntityAttributeFetchImpl(entity=edu.ncsu.csc.itrust2.models.persistent.OfficeVisit, querySpaceUid=<gen:2>, path=edu.ncsu.csc.itrust2.models.persistent.Diagnosis.visit)
    - QuerySpaces
       - EntityQuerySpaceImpl(uid=<gen:0>, entity=edu.ncsu.csc.itrust2.models.persistent.Diagnosis)
          - SQL table alias mapping - diagnosis0_
          - alias suffix - 0_
          - suffixed key columns - {id1_2_0_}

00:31:25.445 [main] DEBUG o.h.loader.entity.plan.EntityLoader - Static select for entity edu.ncsu.csc.itrust2.models.persistent.Diagnosis [OPTIMISTIC_FORCE_INCREMENT]: select diagnosis0_.id as id1_2_0_, diagnosis0_.code_id as code_id3_2_0_, diagnosis0_.note as note2_2_0_, diagnosis0_.visit_id as visit_id4_2_0_ from Diagnoses diagnosis0_ where diagnosis0_.id=?
00:31:25.445 [main] DEBUG org.hibernate.loader.Loader - Static select for action ACTION_MERGE on entity edu.ncsu.csc.itrust2.models.persistent.Diagnosis: select diagnosis0_.id as id1_2_0_, diagnosis0_.code_id as code_id3_2_0_, diagnosis0_.note as note2_2_0_, diagnosis0_.visit_id as visit_id4_2_0_ from Diagnoses diagnosis0_ where diagnosis0_.id=?
00:31:25.446 [main] DEBUG org.hibernate.loader.Loader - Static select for action ACTION_REFRESH on entity edu.ncsu.csc.itrust2.models.persistent.Diagnosis: select diagnosis0_.id as id1_2_0_, diagnosis0_.code_id as code_id3_2_0_, diagnosis0_.note as note2_2_0_, diagnosis0_.visit_id as visit_id4_2_0_ from Diagnoses diagnosis0_ where diagnosis0_.id=?
00:31:25.446 [main] DEBUG o.h.p.entity.AbstractEntityPersister - Static SQL for entity: edu.ncsu.csc.itrust2.models.persistent.User
00:31:25.446 [main] DEBUG o.h.p.entity.AbstractEntityPersister -  Version select: select username from Users where username =?
00:31:25.446 [main] DEBUG o.h.p.entity.AbstractEntityPersister -  Snapshot select: select user_.username, user_.enabled as enabled2_15_, user_.password as password3_15_, user_.role as role4_15_ from Users user_ where user_.username=?
00:31:25.446 [main] DEBUG o.h.p.entity.AbstractEntityPersister -  Insert 0: insert into Users (enabled, password, role, username) values (?, ?, ?, ?)
00:31:25.446 [main] DEBUG o.h.p.entity.AbstractEntityPersister -  Update 0: update Users set enabled=?, password=?, role=? where username=?
00:31:25.446 [main] DEBUG o.h.p.entity.AbstractEntityPersister -  Delete 0: delete from Users where username=?
00:31:25.446 [main] DEBUG o.h.l.p.b.i.spaces.QuerySpacesImpl - Adding QuerySpace : uid = <gen:0> -> org.hibernate.loader.plan.build.internal.spaces.EntityQuerySpaceImpl@7f9f2f7d]
00:31:25.446 [main] DEBUG o.h.p.w.spi.MetamodelGraphWalker - Visiting attribute path : enabled
00:31:25.446 [main] DEBUG o.h.p.w.spi.MetamodelGraphWalker - Visiting attribute path : password
00:31:25.446 [main] DEBUG o.h.p.w.spi.MetamodelGraphWalker - Visiting attribute path : role
00:31:25.446 [main] DEBUG o.h.l.p.b.i.FetchStyleLoadPlanBuildingAssociationVisitationStrategy - Building LoadPlan...
00:31:25.446 [main] DEBUG o.h.l.p.e.i.LoadQueryJoinAndFetchProcessor - processing queryspace <gen:0>
00:31:25.447 [main] DEBUG o.h.l.p.b.spi.LoadPlanTreePrinter - LoadPlan(entity=edu.ncsu.csc.itrust2.models.persistent.User)
    - Returns
       - EntityReturnImpl(entity=edu.ncsu.csc.itrust2.models.persistent.User, querySpaceUid=<gen:0>, path=edu.ncsu.csc.itrust2.models.persistent.User)
    - QuerySpaces
       - EntityQuerySpaceImpl(uid=<gen:0>, entity=edu.ncsu.csc.itrust2.models.persistent.User)
          - SQL table alias mapping - user0_
          - alias suffix - 0_
          - suffixed key columns - {username1_15_0_}

00:31:25.447 [main] DEBUG o.h.loader.entity.plan.EntityLoader - Static select for entity edu.ncsu.csc.itrust2.models.persistent.User [NONE]: select user0_.username as username1_15_0_, user0_.enabled as enabled2_15_0_, user0_.password as password3_15_0_, user0_.role as role4_15_0_ from Users user0_ where user0_.username=?
00:31:25.447 [main] DEBUG o.h.l.p.b.i.spaces.QuerySpacesImpl - Adding QuerySpace : uid = <gen:0> -> org.hibernate.loader.plan.build.internal.spaces.EntityQuerySpaceImpl@6c9eb0ef]
00:31:25.447 [main] DEBUG o.h.p.w.spi.MetamodelGraphWalker - Visiting attribute path : enabled
00:31:25.447 [main] DEBUG o.h.p.w.spi.MetamodelGraphWalker - Visiting attribute path : password
00:31:25.447 [main] DEBUG o.h.p.w.spi.MetamodelGraphWalker - Visiting attribute path : role
00:31:25.447 [main] DEBUG o.h.l.p.b.i.FetchStyleLoadPlanBuildingAssociationVisitationStrategy - Building LoadPlan...
00:31:25.447 [main] DEBUG o.h.l.p.e.i.LoadQueryJoinAndFetchProcessor - processing queryspace <gen:0>
00:31:25.447 [main] DEBUG o.h.l.p.b.spi.LoadPlanTreePrinter - LoadPlan(entity=edu.ncsu.csc.itrust2.models.persistent.User)
    - Returns
       - EntityReturnImpl(entity=edu.ncsu.csc.itrust2.models.persistent.User, querySpaceUid=<gen:0>, path=edu.ncsu.csc.itrust2.models.persistent.User)
    - QuerySpaces
       - EntityQuerySpaceImpl(uid=<gen:0>, entity=edu.ncsu.csc.itrust2.models.persistent.User)
          - SQL table alias mapping - user0_
          - alias suffix - 0_
          - suffixed key columns - {username1_15_0_}

00:31:25.447 [main] DEBUG o.h.loader.entity.plan.EntityLoader - Static select for entity edu.ncsu.csc.itrust2.models.persistent.User [READ]: select user0_.username as username1_15_0_, user0_.enabled as enabled2_15_0_, user0_.password as password3_15_0_, user0_.role as role4_15_0_ from Users user0_ where user0_.username=?
00:31:25.447 [main] DEBUG o.h.l.p.b.i.spaces.QuerySpacesImpl - Adding QuerySpace : uid = <gen:0> -> org.hibernate.loader.plan.build.internal.spaces.EntityQuerySpaceImpl@1cc53602]
00:31:25.447 [main] DEBUG o.h.p.w.spi.MetamodelGraphWalker - Visiting attribute path : enabled
00:31:25.447 [main] DEBUG o.h.p.w.spi.MetamodelGraphWalker - Visiting attribute path : password
00:31:25.447 [main] DEBUG o.h.p.w.spi.MetamodelGraphWalker - Visiting attribute path : role
00:31:25.447 [main] DEBUG o.h.l.p.b.i.FetchStyleLoadPlanBuildingAssociationVisitationStrategy - Building LoadPlan...
00:31:25.448 [main] DEBUG o.h.l.p.e.i.LoadQueryJoinAndFetchProcessor - processing queryspace <gen:0>
00:31:25.448 [main] DEBUG o.h.l.p.b.spi.LoadPlanTreePrinter - LoadPlan(entity=edu.ncsu.csc.itrust2.models.persistent.User)
    - Returns
       - EntityReturnImpl(entity=edu.ncsu.csc.itrust2.models.persistent.User, querySpaceUid=<gen:0>, path=edu.ncsu.csc.itrust2.models.persistent.User)
    - QuerySpaces
       - EntityQuerySpaceImpl(uid=<gen:0>, entity=edu.ncsu.csc.itrust2.models.persistent.User)
          - SQL table alias mapping - user0_
          - alias suffix - 0_
          - suffixed key columns - {username1_15_0_}

00:31:25.448 [main] DEBUG o.h.loader.entity.plan.EntityLoader - Static select for entity edu.ncsu.csc.itrust2.models.persistent.User [UPGRADE]: select user0_.username as username1_15_0_, user0_.enabled as enabled2_15_0_, user0_.password as password3_15_0_, user0_.role as role4_15_0_ from Users user0_ where user0_.username=? for update
00:31:25.448 [main] DEBUG o.h.l.p.b.i.spaces.QuerySpacesImpl - Adding QuerySpace : uid = <gen:0> -> org.hibernate.loader.plan.build.internal.spaces.EntityQuerySpaceImpl@68dc22e7]
00:31:25.448 [main] DEBUG o.h.p.w.spi.MetamodelGraphWalker - Visiting attribute path : enabled
00:31:25.448 [main] DEBUG o.h.p.w.spi.MetamodelGraphWalker - Visiting attribute path : password
00:31:25.448 [main] DEBUG o.h.p.w.spi.MetamodelGraphWalker - Visiting attribute path : role
00:31:25.448 [main] DEBUG o.h.l.p.b.i.FetchStyleLoadPlanBuildingAssociationVisitationStrategy - Building LoadPlan...
00:31:25.448 [main] DEBUG o.h.l.p.e.i.LoadQueryJoinAndFetchProcessor - processing queryspace <gen:0>
00:31:25.448 [main] DEBUG o.h.l.p.b.spi.LoadPlanTreePrinter - LoadPlan(entity=edu.ncsu.csc.itrust2.models.persistent.User)
    - Returns
       - EntityReturnImpl(entity=edu.ncsu.csc.itrust2.models.persistent.User, querySpaceUid=<gen:0>, path=edu.ncsu.csc.itrust2.models.persistent.User)
    - QuerySpaces
       - EntityQuerySpaceImpl(uid=<gen:0>, entity=edu.ncsu.csc.itrust2.models.persistent.User)
          - SQL table alias mapping - user0_
          - alias suffix - 0_
          - suffixed key columns - {username1_15_0_}

00:31:25.448 [main] DEBUG o.h.loader.entity.plan.EntityLoader - Static select for entity edu.ncsu.csc.itrust2.models.persistent.User [UPGRADE_NOWAIT]: select user0_.username as username1_15_0_, user0_.enabled as enabled2_15_0_, user0_.password as password3_15_0_, user0_.role as role4_15_0_ from Users user0_ where user0_.username=? for update
00:31:25.448 [main] DEBUG o.h.l.p.b.i.spaces.QuerySpacesImpl - Adding QuerySpace : uid = <gen:0> -> org.hibernate.loader.plan.build.internal.spaces.EntityQuerySpaceImpl@7f2e139f]
00:31:25.449 [main] DEBUG o.h.p.w.spi.MetamodelGraphWalker - Visiting attribute path : enabled
00:31:25.449 [main] DEBUG o.h.p.w.spi.MetamodelGraphWalker - Visiting attribute path : password
00:31:25.449 [main] DEBUG o.h.p.w.spi.MetamodelGraphWalker - Visiting attribute path : role
00:31:25.449 [main] DEBUG o.h.l.p.b.i.FetchStyleLoadPlanBuildingAssociationVisitationStrategy - Building LoadPlan...
00:31:25.449 [main] DEBUG o.h.l.p.e.i.LoadQueryJoinAndFetchProcessor - processing queryspace <gen:0>
00:31:25.449 [main] DEBUG o.h.l.p.b.spi.LoadPlanTreePrinter - LoadPlan(entity=edu.ncsu.csc.itrust2.models.persistent.User)
    - Returns
       - EntityReturnImpl(entity=edu.ncsu.csc.itrust2.models.persistent.User, querySpaceUid=<gen:0>, path=edu.ncsu.csc.itrust2.models.persistent.User)
    - QuerySpaces
       - EntityQuerySpaceImpl(uid=<gen:0>, entity=edu.ncsu.csc.itrust2.models.persistent.User)
          - SQL table alias mapping - user0_
          - alias suffix - 0_
          - suffixed key columns - {username1_15_0_}

00:31:25.449 [main] DEBUG o.h.loader.entity.plan.EntityLoader - Static select for entity edu.ncsu.csc.itrust2.models.persistent.User [UPGRADE_SKIPLOCKED]: select user0_.username as username1_15_0_, user0_.enabled as enabled2_15_0_, user0_.password as password3_15_0_, user0_.role as role4_15_0_ from Users user0_ where user0_.username=? for update
00:31:25.449 [main] DEBUG o.h.l.p.b.i.spaces.QuerySpacesImpl - Adding QuerySpace : uid = <gen:0> -> org.hibernate.loader.plan.build.internal.spaces.EntityQuerySpaceImpl@60c9c668]
00:31:25.449 [main] DEBUG o.h.p.w.spi.MetamodelGraphWalker - Visiting attribute path : enabled
00:31:25.449 [main] DEBUG o.h.p.w.spi.MetamodelGraphWalker - Visiting attribute path : password
00:31:25.449 [main] DEBUG o.h.p.w.spi.MetamodelGraphWalker - Visiting attribute path : role
00:31:25.449 [main] DEBUG o.h.l.p.b.i.FetchStyleLoadPlanBuildingAssociationVisitationStrategy - Building LoadPlan...
00:31:25.449 [main] DEBUG o.h.l.p.e.i.LoadQueryJoinAndFetchProcessor - processing queryspace <gen:0>
00:31:25.450 [main] DEBUG o.h.l.p.b.spi.LoadPlanTreePrinter - LoadPlan(entity=edu.ncsu.csc.itrust2.models.persistent.User)
    - Returns
       - EntityReturnImpl(entity=edu.ncsu.csc.itrust2.models.persistent.User, querySpaceUid=<gen:0>, path=edu.ncsu.csc.itrust2.models.persistent.User)
    - QuerySpaces
       - EntityQuerySpaceImpl(uid=<gen:0>, entity=edu.ncsu.csc.itrust2.models.persistent.User)
          - SQL table alias mapping - user0_
          - alias suffix - 0_
          - suffixed key columns - {username1_15_0_}

00:31:25.450 [main] DEBUG o.h.loader.entity.plan.EntityLoader - Static select for entity edu.ncsu.csc.itrust2.models.persistent.User [FORCE]: select user0_.username as username1_15_0_, user0_.enabled as enabled2_15_0_, user0_.password as password3_15_0_, user0_.role as role4_15_0_ from Users user0_ where user0_.username=? for update
00:31:25.450 [main] DEBUG o.h.l.p.b.i.spaces.QuerySpacesImpl - Adding QuerySpace : uid = <gen:0> -> org.hibernate.loader.plan.build.internal.spaces.EntityQuerySpaceImpl@576d4010]
00:31:25.450 [main] DEBUG o.h.p.w.spi.MetamodelGraphWalker - Visiting attribute path : enabled
00:31:25.450 [main] DEBUG o.h.p.w.spi.MetamodelGraphWalker - Visiting attribute path : password
00:31:25.450 [main] DEBUG o.h.p.w.spi.MetamodelGraphWalker - Visiting attribute path : role
00:31:25.450 [main] DEBUG o.h.l.p.b.i.FetchStyleLoadPlanBuildingAssociationVisitationStrategy - Building LoadPlan...
00:31:25.450 [main] DEBUG o.h.l.p.e.i.LoadQueryJoinAndFetchProcessor - processing queryspace <gen:0>
00:31:25.450 [main] DEBUG o.h.l.p.b.spi.LoadPlanTreePrinter - LoadPlan(entity=edu.ncsu.csc.itrust2.models.persistent.User)
    - Returns
       - EntityReturnImpl(entity=edu.ncsu.csc.itrust2.models.persistent.User, querySpaceUid=<gen:0>, path=edu.ncsu.csc.itrust2.models.persistent.User)
    - QuerySpaces
       - EntityQuerySpaceImpl(uid=<gen:0>, entity=edu.ncsu.csc.itrust2.models.persistent.User)
          - SQL table alias mapping - user0_
          - alias suffix - 0_
          - suffixed key columns - {username1_15_0_}

00:31:25.451 [main] DEBUG o.h.loader.entity.plan.EntityLoader - Static select for entity edu.ncsu.csc.itrust2.models.persistent.User [PESSIMISTIC_READ]: select user0_.username as username1_15_0_, user0_.enabled as enabled2_15_0_, user0_.password as password3_15_0_, user0_.role as role4_15_0_ from Users user0_ where user0_.username=? lock in share mode
00:31:25.451 [main] DEBUG o.h.l.p.b.i.spaces.QuerySpacesImpl - Adding QuerySpace : uid = <gen:0> -> org.hibernate.loader.plan.build.internal.spaces.EntityQuerySpaceImpl@48d6de5d]
00:31:25.451 [main] DEBUG o.h.p.w.spi.MetamodelGraphWalker - Visiting attribute path : enabled
00:31:25.451 [main] DEBUG o.h.p.w.spi.MetamodelGraphWalker - Visiting attribute path : password
00:31:25.451 [main] DEBUG o.h.p.w.spi.MetamodelGraphWalker - Visiting attribute path : role
00:31:25.451 [main] DEBUG o.h.l.p.b.i.FetchStyleLoadPlanBuildingAssociationVisitationStrategy - Building LoadPlan...
00:31:25.456 [main] DEBUG o.h.l.p.e.i.LoadQueryJoinAndFetchProcessor - processing queryspace <gen:0>
00:31:25.456 [main] DEBUG o.h.l.p.b.spi.LoadPlanTreePrinter - LoadPlan(entity=edu.ncsu.csc.itrust2.models.persistent.User)
    - Returns
       - EntityReturnImpl(entity=edu.ncsu.csc.itrust2.models.persistent.User, querySpaceUid=<gen:0>, path=edu.ncsu.csc.itrust2.models.persistent.User)
    - QuerySpaces
       - EntityQuerySpaceImpl(uid=<gen:0>, entity=edu.ncsu.csc.itrust2.models.persistent.User)
          - SQL table alias mapping - user0_
          - alias suffix - 0_
          - suffixed key columns - {username1_15_0_}

00:31:25.456 [main] DEBUG o.h.loader.entity.plan.EntityLoader - Static select for entity edu.ncsu.csc.itrust2.models.persistent.User [PESSIMISTIC_WRITE]: select user0_.username as username1_15_0_, user0_.enabled as enabled2_15_0_, user0_.password as password3_15_0_, user0_.role as role4_15_0_ from Users user0_ where user0_.username=? for update
00:31:25.456 [main] DEBUG o.h.l.p.b.i.spaces.QuerySpacesImpl - Adding QuerySpace : uid = <gen:0> -> org.hibernate.loader.plan.build.internal.spaces.EntityQuerySpaceImpl@2d1dc902]
00:31:25.456 [main] DEBUG o.h.p.w.spi.MetamodelGraphWalker - Visiting attribute path : enabled
00:31:25.456 [main] DEBUG o.h.p.w.spi.MetamodelGraphWalker - Visiting attribute path : password
00:31:25.456 [main] DEBUG o.h.p.w.spi.MetamodelGraphWalker - Visiting attribute path : role
00:31:25.457 [main] DEBUG o.h.l.p.b.i.FetchStyleLoadPlanBuildingAssociationVisitationStrategy - Building LoadPlan...
00:31:25.457 [main] DEBUG o.h.l.p.e.i.LoadQueryJoinAndFetchProcessor - processing queryspace <gen:0>
00:31:25.457 [main] DEBUG o.h.l.p.b.spi.LoadPlanTreePrinter - LoadPlan(entity=edu.ncsu.csc.itrust2.models.persistent.User)
    - Returns
       - EntityReturnImpl(entity=edu.ncsu.csc.itrust2.models.persistent.User, querySpaceUid=<gen:0>, path=edu.ncsu.csc.itrust2.models.persistent.User)
    - QuerySpaces
       - EntityQuerySpaceImpl(uid=<gen:0>, entity=edu.ncsu.csc.itrust2.models.persistent.User)
          - SQL table alias mapping - user0_
          - alias suffix - 0_
          - suffixed key columns - {username1_15_0_}

00:31:25.457 [main] DEBUG o.h.loader.entity.plan.EntityLoader - Static select for entity edu.ncsu.csc.itrust2.models.persistent.User [PESSIMISTIC_FORCE_INCREMENT]: select user0_.username as username1_15_0_, user0_.enabled as enabled2_15_0_, user0_.password as password3_15_0_, user0_.role as role4_15_0_ from Users user0_ where user0_.username=? for update
00:31:25.457 [main] DEBUG o.h.l.p.b.i.spaces.QuerySpacesImpl - Adding QuerySpace : uid = <gen:0> -> org.hibernate.loader.plan.build.internal.spaces.EntityQuerySpaceImpl@2045125c]
00:31:25.457 [main] DEBUG o.h.p.w.spi.MetamodelGraphWalker - Visiting attribute path : enabled
00:31:25.457 [main] DEBUG o.h.p.w.spi.MetamodelGraphWalker - Visiting attribute path : password
00:31:25.457 [main] DEBUG o.h.p.w.spi.MetamodelGraphWalker - Visiting attribute path : role
00:31:25.457 [main] DEBUG o.h.l.p.b.i.FetchStyleLoadPlanBuildingAssociationVisitationStrategy - Building LoadPlan...
00:31:25.458 [main] DEBUG o.h.l.p.e.i.LoadQueryJoinAndFetchProcessor - processing queryspace <gen:0>
00:31:25.458 [main] DEBUG o.h.l.p.b.spi.LoadPlanTreePrinter - LoadPlan(entity=edu.ncsu.csc.itrust2.models.persistent.User)
    - Returns
       - EntityReturnImpl(entity=edu.ncsu.csc.itrust2.models.persistent.User, querySpaceUid=<gen:0>, path=edu.ncsu.csc.itrust2.models.persistent.User)
    - QuerySpaces
       - EntityQuerySpaceImpl(uid=<gen:0>, entity=edu.ncsu.csc.itrust2.models.persistent.User)
          - SQL table alias mapping - user0_
          - alias suffix - 0_
          - suffixed key columns - {username1_15_0_}

00:31:25.458 [main] DEBUG o.h.loader.entity.plan.EntityLoader - Static select for entity edu.ncsu.csc.itrust2.models.persistent.User [OPTIMISTIC]: select user0_.username as username1_15_0_, user0_.enabled as enabled2_15_0_, user0_.password as password3_15_0_, user0_.role as role4_15_0_ from Users user0_ where user0_.username=?
00:31:25.458 [main] DEBUG o.h.l.p.b.i.spaces.QuerySpacesImpl - Adding QuerySpace : uid = <gen:0> -> org.hibernate.loader.plan.build.internal.spaces.EntityQuerySpaceImpl@18d35482]
00:31:25.458 [main] DEBUG o.h.p.w.spi.MetamodelGraphWalker - Visiting attribute path : enabled
00:31:25.458 [main] DEBUG o.h.p.w.spi.MetamodelGraphWalker - Visiting attribute path : password
00:31:25.458 [main] DEBUG o.h.p.w.spi.MetamodelGraphWalker - Visiting attribute path : role
00:31:25.458 [main] DEBUG o.h.l.p.b.i.FetchStyleLoadPlanBuildingAssociationVisitationStrategy - Building LoadPlan...
00:31:25.458 [main] DEBUG o.h.l.p.e.i.LoadQueryJoinAndFetchProcessor - processing queryspace <gen:0>
00:31:25.458 [main] DEBUG o.h.l.p.b.spi.LoadPlanTreePrinter - LoadPlan(entity=edu.ncsu.csc.itrust2.models.persistent.User)
    - Returns
       - EntityReturnImpl(entity=edu.ncsu.csc.itrust2.models.persistent.User, querySpaceUid=<gen:0>, path=edu.ncsu.csc.itrust2.models.persistent.User)
    - QuerySpaces
       - EntityQuerySpaceImpl(uid=<gen:0>, entity=edu.ncsu.csc.itrust2.models.persistent.User)
          - SQL table alias mapping - user0_
          - alias suffix - 0_
          - suffixed key columns - {username1_15_0_}

00:31:25.458 [main] DEBUG o.h.loader.entity.plan.EntityLoader - Static select for entity edu.ncsu.csc.itrust2.models.persistent.User [OPTIMISTIC_FORCE_INCREMENT]: select user0_.username as username1_15_0_, user0_.enabled as enabled2_15_0_, user0_.password as password3_15_0_, user0_.role as role4_15_0_ from Users user0_ where user0_.username=?
00:31:25.459 [main] DEBUG org.hibernate.loader.Loader - Static select for action ACTION_MERGE on entity edu.ncsu.csc.itrust2.models.persistent.User: select user0_.username as username1_15_0_, user0_.enabled as enabled2_15_0_, user0_.password as password3_15_0_, user0_.role as role4_15_0_ from Users user0_ where user0_.username=?
00:31:25.459 [main] DEBUG org.hibernate.loader.Loader - Static select for action ACTION_REFRESH on entity edu.ncsu.csc.itrust2.models.persistent.User: select user0_.username as username1_15_0_, user0_.enabled as enabled2_15_0_, user0_.password as password3_15_0_, user0_.role as role4_15_0_ from Users user0_ where user0_.username=?
00:31:25.459 [main] DEBUG o.h.p.entity.AbstractEntityPersister - Static SQL for entity: edu.ncsu.csc.itrust2.models.persistent.Hospital
00:31:25.459 [main] DEBUG o.h.p.entity.AbstractEntityPersister -  Version select: select name from Hospitals where name =?
00:31:25.459 [main] DEBUG o.h.p.entity.AbstractEntityPersister -  Snapshot select: select hospital_.name, hospital_.address as address2_4_, hospital_.state as state3_4_, hospital_.zip as zip4_4_ from Hospitals hospital_ where hospital_.name=?
00:31:25.459 [main] DEBUG o.h.p.entity.AbstractEntityPersister -  Insert 0: insert into Hospitals (address, state, zip, name) values (?, ?, ?, ?)
00:31:25.459 [main] DEBUG o.h.p.entity.AbstractEntityPersister -  Update 0: update Hospitals set address=?, state=?, zip=? where name=?
00:31:25.459 [main] DEBUG o.h.p.entity.AbstractEntityPersister -  Delete 0: delete from Hospitals where name=?
00:31:25.459 [main] DEBUG o.h.l.p.b.i.spaces.QuerySpacesImpl - Adding QuerySpace : uid = <gen:0> -> org.hibernate.loader.plan.build.internal.spaces.EntityQuerySpaceImpl@366a0ebf]
00:31:25.459 [main] DEBUG o.h.p.w.spi.MetamodelGraphWalker - Visiting attribute path : address
00:31:25.459 [main] DEBUG o.h.p.w.spi.MetamodelGraphWalker - Visiting attribute path : state
00:31:25.459 [main] DEBUG o.h.p.w.spi.MetamodelGraphWalker - Visiting attribute path : zip
00:31:25.459 [main] DEBUG o.h.l.p.b.i.FetchStyleLoadPlanBuildingAssociationVisitationStrategy - Building LoadPlan...
00:31:25.460 [main] DEBUG o.h.l.p.e.i.LoadQueryJoinAndFetchProcessor - processing queryspace <gen:0>
00:31:25.460 [main] DEBUG o.h.l.p.b.spi.LoadPlanTreePrinter - LoadPlan(entity=edu.ncsu.csc.itrust2.models.persistent.Hospital)
    - Returns
       - EntityReturnImpl(entity=edu.ncsu.csc.itrust2.models.persistent.Hospital, querySpaceUid=<gen:0>, path=edu.ncsu.csc.itrust2.models.persistent.Hospital)
    - QuerySpaces
       - EntityQuerySpaceImpl(uid=<gen:0>, entity=edu.ncsu.csc.itrust2.models.persistent.Hospital)
          - SQL table alias mapping - hospital0_
          - alias suffix - 0_
          - suffixed key columns - {name1_4_0_}

00:31:25.460 [main] DEBUG o.h.loader.entity.plan.EntityLoader - Static select for entity edu.ncsu.csc.itrust2.models.persistent.Hospital [NONE]: select hospital0_.name as name1_4_0_, hospital0_.address as address2_4_0_, hospital0_.state as state3_4_0_, hospital0_.zip as zip4_4_0_ from Hospitals hospital0_ where hospital0_.name=?
00:31:25.460 [main] DEBUG o.h.l.p.b.i.spaces.QuerySpacesImpl - Adding QuerySpace : uid = <gen:0> -> org.hibernate.loader.plan.build.internal.spaces.EntityQuerySpaceImpl@413634b6]
00:31:25.460 [main] DEBUG o.h.p.w.spi.MetamodelGraphWalker - Visiting attribute path : address
00:31:25.460 [main] DEBUG o.h.p.w.spi.MetamodelGraphWalker - Visiting attribute path : state
00:31:25.460 [main] DEBUG o.h.p.w.spi.MetamodelGraphWalker - Visiting attribute path : zip
00:31:25.460 [main] DEBUG o.h.l.p.b.i.FetchStyleLoadPlanBuildingAssociationVisitationStrategy - Building LoadPlan...
00:31:25.460 [main] DEBUG o.h.l.p.e.i.LoadQueryJoinAndFetchProcessor - processing queryspace <gen:0>
00:31:25.460 [main] DEBUG o.h.l.p.b.spi.LoadPlanTreePrinter - LoadPlan(entity=edu.ncsu.csc.itrust2.models.persistent.Hospital)
    - Returns
       - EntityReturnImpl(entity=edu.ncsu.csc.itrust2.models.persistent.Hospital, querySpaceUid=<gen:0>, path=edu.ncsu.csc.itrust2.models.persistent.Hospital)
    - QuerySpaces
       - EntityQuerySpaceImpl(uid=<gen:0>, entity=edu.ncsu.csc.itrust2.models.persistent.Hospital)
          - SQL table alias mapping - hospital0_
          - alias suffix - 0_
          - suffixed key columns - {name1_4_0_}

00:31:25.460 [main] DEBUG o.h.loader.entity.plan.EntityLoader - Static select for entity edu.ncsu.csc.itrust2.models.persistent.Hospital [READ]: select hospital0_.name as name1_4_0_, hospital0_.address as address2_4_0_, hospital0_.state as state3_4_0_, hospital0_.zip as zip4_4_0_ from Hospitals hospital0_ where hospital0_.name=?
00:31:25.460 [main] DEBUG o.h.l.p.b.i.spaces.QuerySpacesImpl - Adding QuerySpace : uid = <gen:0> -> org.hibernate.loader.plan.build.internal.spaces.EntityQuerySpaceImpl@300b0844]
00:31:25.461 [main] DEBUG o.h.p.w.spi.MetamodelGraphWalker - Visiting attribute path : address
00:31:25.461 [main] DEBUG o.h.p.w.spi.MetamodelGraphWalker - Visiting attribute path : state
00:31:25.461 [main] DEBUG o.h.p.w.spi.MetamodelGraphWalker - Visiting attribute path : zip
00:31:25.461 [main] DEBUG o.h.l.p.b.i.FetchStyleLoadPlanBuildingAssociationVisitationStrategy - Building LoadPlan...
00:31:25.461 [main] DEBUG o.h.l.p.e.i.LoadQueryJoinAndFetchProcessor - processing queryspace <gen:0>
00:31:25.461 [main] DEBUG o.h.l.p.b.spi.LoadPlanTreePrinter - LoadPlan(entity=edu.ncsu.csc.itrust2.models.persistent.Hospital)
    - Returns
       - EntityReturnImpl(entity=edu.ncsu.csc.itrust2.models.persistent.Hospital, querySpaceUid=<gen:0>, path=edu.ncsu.csc.itrust2.models.persistent.Hospital)
    - QuerySpaces
       - EntityQuerySpaceImpl(uid=<gen:0>, entity=edu.ncsu.csc.itrust2.models.persistent.Hospital)
          - SQL table alias mapping - hospital0_
          - alias suffix - 0_
          - suffixed key columns - {name1_4_0_}

00:31:25.461 [main] DEBUG o.h.loader.entity.plan.EntityLoader - Static select for entity edu.ncsu.csc.itrust2.models.persistent.Hospital [UPGRADE]: select hospital0_.name as name1_4_0_, hospital0_.address as address2_4_0_, hospital0_.state as state3_4_0_, hospital0_.zip as zip4_4_0_ from Hospitals hospital0_ where hospital0_.name=? for update
00:31:25.461 [main] DEBUG o.h.l.p.b.i.spaces.QuerySpacesImpl - Adding QuerySpace : uid = <gen:0> -> org.hibernate.loader.plan.build.internal.spaces.EntityQuerySpaceImpl@1b08e04d]
00:31:25.461 [main] DEBUG o.h.p.w.spi.MetamodelGraphWalker - Visiting attribute path : address
00:31:25.462 [main] DEBUG o.h.p.w.spi.MetamodelGraphWalker - Visiting attribute path : state
00:31:25.462 [main] DEBUG o.h.p.w.spi.MetamodelGraphWalker - Visiting attribute path : zip
00:31:25.462 [main] DEBUG o.h.l.p.b.i.FetchStyleLoadPlanBuildingAssociationVisitationStrategy - Building LoadPlan...
00:31:25.468 [main] DEBUG o.h.l.p.e.i.LoadQueryJoinAndFetchProcessor - processing queryspace <gen:0>
00:31:25.468 [main] DEBUG o.h.l.p.b.spi.LoadPlanTreePrinter - LoadPlan(entity=edu.ncsu.csc.itrust2.models.persistent.Hospital)
    - Returns
       - EntityReturnImpl(entity=edu.ncsu.csc.itrust2.models.persistent.Hospital, querySpaceUid=<gen:0>, path=edu.ncsu.csc.itrust2.models.persistent.Hospital)
    - QuerySpaces
       - EntityQuerySpaceImpl(uid=<gen:0>, entity=edu.ncsu.csc.itrust2.models.persistent.Hospital)
          - SQL table alias mapping - hospital0_
          - alias suffix - 0_
          - suffixed key columns - {name1_4_0_}

00:31:25.468 [main] DEBUG o.h.loader.entity.plan.EntityLoader - Static select for entity edu.ncsu.csc.itrust2.models.persistent.Hospital [UPGRADE_NOWAIT]: select hospital0_.name as name1_4_0_, hospital0_.address as address2_4_0_, hospital0_.state as state3_4_0_, hospital0_.zip as zip4_4_0_ from Hospitals hospital0_ where hospital0_.name=? for update
00:31:25.468 [main] DEBUG o.h.l.p.b.i.spaces.QuerySpacesImpl - Adding QuerySpace : uid = <gen:0> -> org.hibernate.loader.plan.build.internal.spaces.EntityQuerySpaceImpl@32c446ac]
00:31:25.468 [main] DEBUG o.h.p.w.spi.MetamodelGraphWalker - Visiting attribute path : address
00:31:25.468 [main] DEBUG o.h.p.w.spi.MetamodelGraphWalker - Visiting attribute path : state
00:31:25.468 [main] DEBUG o.h.p.w.spi.MetamodelGraphWalker - Visiting attribute path : zip
00:31:25.468 [main] DEBUG o.h.l.p.b.i.FetchStyleLoadPlanBuildingAssociationVisitationStrategy - Building LoadPlan...
00:31:25.469 [main] DEBUG o.h.l.p.e.i.LoadQueryJoinAndFetchProcessor - processing queryspace <gen:0>
00:31:25.469 [main] DEBUG o.h.l.p.b.spi.LoadPlanTreePrinter - LoadPlan(entity=edu.ncsu.csc.itrust2.models.persistent.Hospital)
    - Returns
       - EntityReturnImpl(entity=edu.ncsu.csc.itrust2.models.persistent.Hospital, querySpaceUid=<gen:0>, path=edu.ncsu.csc.itrust2.models.persistent.Hospital)
    - QuerySpaces
       - EntityQuerySpaceImpl(uid=<gen:0>, entity=edu.ncsu.csc.itrust2.models.persistent.Hospital)
          - SQL table alias mapping - hospital0_
          - alias suffix - 0_
          - suffixed key columns - {name1_4_0_}

00:31:25.469 [main] DEBUG o.h.loader.entity.plan.EntityLoader - Static select for entity edu.ncsu.csc.itrust2.models.persistent.Hospital [UPGRADE_SKIPLOCKED]: select hospital0_.name as name1_4_0_, hospital0_.address as address2_4_0_, hospital0_.state as state3_4_0_, hospital0_.zip as zip4_4_0_ from Hospitals hospital0_ where hospital0_.name=? for update
00:31:25.469 [main] DEBUG o.h.l.p.b.i.spaces.QuerySpacesImpl - Adding QuerySpace : uid = <gen:0> -> org.hibernate.loader.plan.build.internal.spaces.EntityQuerySpaceImpl@5a1d9310]
00:31:25.469 [main] DEBUG o.h.p.w.spi.MetamodelGraphWalker - Visiting attribute path : address
00:31:25.469 [main] DEBUG o.h.p.w.spi.MetamodelGraphWalker - Visiting attribute path : state
00:31:25.469 [main] DEBUG o.h.p.w.spi.MetamodelGraphWalker - Visiting attribute path : zip
00:31:25.469 [main] DEBUG o.h.l.p.b.i.FetchStyleLoadPlanBuildingAssociationVisitationStrategy - Building LoadPlan...
00:31:25.469 [main] DEBUG o.h.l.p.e.i.LoadQueryJoinAndFetchProcessor - processing queryspace <gen:0>
00:31:25.470 [main] DEBUG o.h.l.p.b.spi.LoadPlanTreePrinter - LoadPlan(entity=edu.ncsu.csc.itrust2.models.persistent.Hospital)
    - Returns
       - EntityReturnImpl(entity=edu.ncsu.csc.itrust2.models.persistent.Hospital, querySpaceUid=<gen:0>, path=edu.ncsu.csc.itrust2.models.persistent.Hospital)
    - QuerySpaces
       - EntityQuerySpaceImpl(uid=<gen:0>, entity=edu.ncsu.csc.itrust2.models.persistent.Hospital)
          - SQL table alias mapping - hospital0_
          - alias suffix - 0_
          - suffixed key columns - {name1_4_0_}

00:31:25.470 [main] DEBUG o.h.loader.entity.plan.EntityLoader - Static select for entity edu.ncsu.csc.itrust2.models.persistent.Hospital [FORCE]: select hospital0_.name as name1_4_0_, hospital0_.address as address2_4_0_, hospital0_.state as state3_4_0_, hospital0_.zip as zip4_4_0_ from Hospitals hospital0_ where hospital0_.name=? for update
00:31:25.470 [main] DEBUG o.h.l.p.b.i.spaces.QuerySpacesImpl - Adding QuerySpace : uid = <gen:0> -> org.hibernate.loader.plan.build.internal.spaces.EntityQuerySpaceImpl@390e0734]
00:31:25.470 [main] DEBUG o.h.p.w.spi.MetamodelGraphWalker - Visiting attribute path : address
00:31:25.470 [main] DEBUG o.h.p.w.spi.MetamodelGraphWalker - Visiting attribute path : state
00:31:25.470 [main] DEBUG o.h.p.w.spi.MetamodelGraphWalker - Visiting attribute path : zip
00:31:25.470 [main] DEBUG o.h.l.p.b.i.FetchStyleLoadPlanBuildingAssociationVisitationStrategy - Building LoadPlan...
00:31:25.470 [main] DEBUG o.h.l.p.e.i.LoadQueryJoinAndFetchProcessor - processing queryspace <gen:0>
00:31:25.470 [main] DEBUG o.h.l.p.b.spi.LoadPlanTreePrinter - LoadPlan(entity=edu.ncsu.csc.itrust2.models.persistent.Hospital)
    - Returns
       - EntityReturnImpl(entity=edu.ncsu.csc.itrust2.models.persistent.Hospital, querySpaceUid=<gen:0>, path=edu.ncsu.csc.itrust2.models.persistent.Hospital)
    - QuerySpaces
       - EntityQuerySpaceImpl(uid=<gen:0>, entity=edu.ncsu.csc.itrust2.models.persistent.Hospital)
          - SQL table alias mapping - hospital0_
          - alias suffix - 0_
          - suffixed key columns - {name1_4_0_}

00:31:25.470 [main] DEBUG o.h.loader.entity.plan.EntityLoader - Static select for entity edu.ncsu.csc.itrust2.models.persistent.Hospital [PESSIMISTIC_READ]: select hospital0_.name as name1_4_0_, hospital0_.address as address2_4_0_, hospital0_.state as state3_4_0_, hospital0_.zip as zip4_4_0_ from Hospitals hospital0_ where hospital0_.name=? lock in share mode
00:31:25.470 [main] DEBUG o.h.l.p.b.i.spaces.QuerySpacesImpl - Adding QuerySpace : uid = <gen:0> -> org.hibernate.loader.plan.build.internal.spaces.EntityQuerySpaceImpl@51a0a889]
00:31:25.471 [main] DEBUG o.h.p.w.spi.MetamodelGraphWalker - Visiting attribute path : address
00:31:25.471 [main] DEBUG o.h.p.w.spi.MetamodelGraphWalker - Visiting attribute path : state
00:31:25.471 [main] DEBUG o.h.p.w.spi.MetamodelGraphWalker - Visiting attribute path : zip
00:31:25.471 [main] DEBUG o.h.l.p.b.i.FetchStyleLoadPlanBuildingAssociationVisitationStrategy - Building LoadPlan...
00:31:25.471 [main] DEBUG o.h.l.p.e.i.LoadQueryJoinAndFetchProcessor - processing queryspace <gen:0>
00:31:25.471 [main] DEBUG o.h.l.p.b.spi.LoadPlanTreePrinter - LoadPlan(entity=edu.ncsu.csc.itrust2.models.persistent.Hospital)
    - Returns
       - EntityReturnImpl(entity=edu.ncsu.csc.itrust2.models.persistent.Hospital, querySpaceUid=<gen:0>, path=edu.ncsu.csc.itrust2.models.persistent.Hospital)
    - QuerySpaces
       - EntityQuerySpaceImpl(uid=<gen:0>, entity=edu.ncsu.csc.itrust2.models.persistent.Hospital)
          - SQL table alias mapping - hospital0_
          - alias suffix - 0_
          - suffixed key columns - {name1_4_0_}

00:31:25.471 [main] DEBUG o.h.loader.entity.plan.EntityLoader - Static select for entity edu.ncsu.csc.itrust2.models.persistent.Hospital [PESSIMISTIC_WRITE]: select hospital0_.name as name1_4_0_, hospital0_.address as address2_4_0_, hospital0_.state as state3_4_0_, hospital0_.zip as zip4_4_0_ from Hospitals hospital0_ where hospital0_.name=? for update
00:31:25.471 [main] DEBUG o.h.l.p.b.i.spaces.QuerySpacesImpl - Adding QuerySpace : uid = <gen:0> -> org.hibernate.loader.plan.build.internal.spaces.EntityQuerySpaceImpl@4f4a3c26]
00:31:25.471 [main] DEBUG o.h.p.w.spi.MetamodelGraphWalker - Visiting attribute path : address
00:31:25.471 [main] DEBUG o.h.p.w.spi.MetamodelGraphWalker - Visiting attribute path : state
00:31:25.471 [main] DEBUG o.h.p.w.spi.MetamodelGraphWalker - Visiting attribute path : zip
00:31:25.471 [main] DEBUG o.h.l.p.b.i.FetchStyleLoadPlanBuildingAssociationVisitationStrategy - Building LoadPlan...
00:31:25.471 [main] DEBUG o.h.l.p.e.i.LoadQueryJoinAndFetchProcessor - processing queryspace <gen:0>
00:31:25.472 [main] DEBUG o.h.l.p.b.spi.LoadPlanTreePrinter - LoadPlan(entity=edu.ncsu.csc.itrust2.models.persistent.Hospital)
    - Returns
       - EntityReturnImpl(entity=edu.ncsu.csc.itrust2.models.persistent.Hospital, querySpaceUid=<gen:0>, path=edu.ncsu.csc.itrust2.models.persistent.Hospital)
    - QuerySpaces
       - EntityQuerySpaceImpl(uid=<gen:0>, entity=edu.ncsu.csc.itrust2.models.persistent.Hospital)
          - SQL table alias mapping - hospital0_
          - alias suffix - 0_
          - suffixed key columns - {name1_4_0_}

00:31:25.472 [main] DEBUG o.h.loader.entity.plan.EntityLoader - Static select for entity edu.ncsu.csc.itrust2.models.persistent.Hospital [PESSIMISTIC_FORCE_INCREMENT]: select hospital0_.name as name1_4_0_, hospital0_.address as address2_4_0_, hospital0_.state as state3_4_0_, hospital0_.zip as zip4_4_0_ from Hospitals hospital0_ where hospital0_.name=? for update
00:31:25.472 [main] DEBUG o.h.l.p.b.i.spaces.QuerySpacesImpl - Adding QuerySpace : uid = <gen:0> -> org.hibernate.loader.plan.build.internal.spaces.EntityQuerySpaceImpl@6584d59a]
00:31:25.472 [main] DEBUG o.h.p.w.spi.MetamodelGraphWalker - Visiting attribute path : address
00:31:25.472 [main] DEBUG o.h.p.w.spi.MetamodelGraphWalker - Visiting attribute path : state
00:31:25.472 [main] DEBUG o.h.p.w.spi.MetamodelGraphWalker - Visiting attribute path : zip
00:31:25.472 [main] DEBUG o.h.l.p.b.i.FetchStyleLoadPlanBuildingAssociationVisitationStrategy - Building LoadPlan...
00:31:25.472 [main] DEBUG o.h.l.p.e.i.LoadQueryJoinAndFetchProcessor - processing queryspace <gen:0>
00:31:25.472 [main] DEBUG o.h.l.p.b.spi.LoadPlanTreePrinter - LoadPlan(entity=edu.ncsu.csc.itrust2.models.persistent.Hospital)
    - Returns
       - EntityReturnImpl(entity=edu.ncsu.csc.itrust2.models.persistent.Hospital, querySpaceUid=<gen:0>, path=edu.ncsu.csc.itrust2.models.persistent.Hospital)
    - QuerySpaces
       - EntityQuerySpaceImpl(uid=<gen:0>, entity=edu.ncsu.csc.itrust2.models.persistent.Hospital)
          - SQL table alias mapping - hospital0_
          - alias suffix - 0_
          - suffixed key columns - {name1_4_0_}

00:31:25.472 [main] DEBUG o.h.loader.entity.plan.EntityLoader - Static select for entity edu.ncsu.csc.itrust2.models.persistent.Hospital [OPTIMISTIC]: select hospital0_.name as name1_4_0_, hospital0_.address as address2_4_0_, hospital0_.state as state3_4_0_, hospital0_.zip as zip4_4_0_ from Hospitals hospital0_ where hospital0_.name=?
00:31:25.472 [main] DEBUG o.h.l.p.b.i.spaces.QuerySpacesImpl - Adding QuerySpace : uid = <gen:0> -> org.hibernate.loader.plan.build.internal.spaces.EntityQuerySpaceImpl@58458599]
00:31:25.472 [main] DEBUG o.h.p.w.spi.MetamodelGraphWalker - Visiting attribute path : address
00:31:25.472 [main] DEBUG o.h.p.w.spi.MetamodelGraphWalker - Visiting attribute path : state
00:31:25.472 [main] DEBUG o.h.p.w.spi.MetamodelGraphWalker - Visiting attribute path : zip
00:31:25.473 [main] DEBUG o.h.l.p.b.i.FetchStyleLoadPlanBuildingAssociationVisitationStrategy - Building LoadPlan...
00:31:25.474 [main] DEBUG o.h.l.p.e.i.LoadQueryJoinAndFetchProcessor - processing queryspace <gen:0>
00:31:25.475 [main] DEBUG o.h.l.p.b.spi.LoadPlanTreePrinter - LoadPlan(entity=edu.ncsu.csc.itrust2.models.persistent.Hospital)
    - Returns
       - EntityReturnImpl(entity=edu.ncsu.csc.itrust2.models.persistent.Hospital, querySpaceUid=<gen:0>, path=edu.ncsu.csc.itrust2.models.persistent.Hospital)
    - QuerySpaces
       - EntityQuerySpaceImpl(uid=<gen:0>, entity=edu.ncsu.csc.itrust2.models.persistent.Hospital)
          - SQL table alias mapping - hospital0_
          - alias suffix - 0_
          - suffixed key columns - {name1_4_0_}

00:31:25.475 [main] DEBUG o.h.loader.entity.plan.EntityLoader - Static select for entity edu.ncsu.csc.itrust2.models.persistent.Hospital [OPTIMISTIC_FORCE_INCREMENT]: select hospital0_.name as name1_4_0_, hospital0_.address as address2_4_0_, hospital0_.state as state3_4_0_, hospital0_.zip as zip4_4_0_ from Hospitals hospital0_ where hospital0_.name=?
00:31:25.476 [main] DEBUG org.hibernate.loader.Loader - Static select for action ACTION_MERGE on entity edu.ncsu.csc.itrust2.models.persistent.Hospital: select hospital0_.name as name1_4_0_, hospital0_.address as address2_4_0_, hospital0_.state as state3_4_0_, hospital0_.zip as zip4_4_0_ from Hospitals hospital0_ where hospital0_.name=?
00:31:25.476 [main] DEBUG org.hibernate.loader.Loader - Static select for action ACTION_REFRESH on entity edu.ncsu.csc.itrust2.models.persistent.Hospital: select hospital0_.name as name1_4_0_, hospital0_.address as address2_4_0_, hospital0_.state as state3_4_0_, hospital0_.zip as zip4_4_0_ from Hospitals hospital0_ where hospital0_.name=?
00:31:25.476 [main] DEBUG o.h.p.entity.AbstractEntityPersister - Static SQL for entity: edu.ncsu.csc.itrust2.models.persistent.PasswordResetToken
00:31:25.476 [main] DEBUG o.h.p.entity.AbstractEntityPersister -  Version select: select id from PasswordResetTokens where id =?
00:31:25.476 [main] DEBUG o.h.p.entity.AbstractEntityPersister -  Snapshot select: select passwordre_.id, passwordre_.creationTime as creation2_11_, passwordre_.tempPassword as tempPass3_11_, passwordre_.user_id as user_id4_11_ from PasswordResetTokens passwordre_ where passwordre_.id=?
00:31:25.476 [main] DEBUG o.h.p.entity.AbstractEntityPersister -  Insert 0: insert into PasswordResetTokens (creationTime, tempPassword, user_id, id) values (?, ?, ?, ?)
00:31:25.476 [main] DEBUG o.h.p.entity.AbstractEntityPersister -  Update 0: update PasswordResetTokens set creationTime=?, tempPassword=?, user_id=? where id=?
00:31:25.476 [main] DEBUG o.h.p.entity.AbstractEntityPersister -  Delete 0: delete from PasswordResetTokens where id=?
00:31:25.476 [main] DEBUG o.h.l.p.b.i.spaces.QuerySpacesImpl - Adding QuerySpace : uid = <gen:0> -> org.hibernate.loader.plan.build.internal.spaces.EntityQuerySpaceImpl@c334f4f]
00:31:25.477 [main] DEBUG o.h.p.w.spi.MetamodelGraphWalker - Visiting attribute path : creationTime
00:31:25.477 [main] DEBUG o.h.p.w.spi.MetamodelGraphWalker - Visiting attribute path : tempPassword
00:31:25.477 [main] DEBUG o.h.p.w.spi.MetamodelGraphWalker - Visiting attribute path : user
00:31:25.477 [main] DEBUG o.h.l.p.b.i.spaces.QuerySpacesImpl - Adding QuerySpace : uid = <gen:1> -> org.hibernate.loader.plan.build.internal.spaces.EntityQuerySpaceImpl@3f4a92d8]
00:31:25.477 [main] DEBUG o.h.p.w.spi.MetamodelGraphWalker - Visiting attribute path : user.enabled
00:31:25.477 [main] DEBUG o.h.p.w.spi.MetamodelGraphWalker - Visiting attribute path : user.password
00:31:25.477 [main] DEBUG o.h.p.w.spi.MetamodelGraphWalker - Visiting attribute path : user.role
00:31:25.477 [main] DEBUG o.h.l.p.b.i.FetchStyleLoadPlanBuildingAssociationVisitationStrategy - Building LoadPlan...
00:31:25.477 [main] DEBUG o.h.l.p.e.i.LoadQueryJoinAndFetchProcessor - processing queryspace <gen:0>
00:31:25.486 [main] DEBUG o.h.l.p.b.spi.LoadPlanTreePrinter - LoadPlan(entity=edu.ncsu.csc.itrust2.models.persistent.PasswordResetToken)
    - Returns
       - EntityReturnImpl(entity=edu.ncsu.csc.itrust2.models.persistent.PasswordResetToken, querySpaceUid=<gen:0>, path=edu.ncsu.csc.itrust2.models.persistent.PasswordResetToken)
          - EntityAttributeFetchImpl(entity=edu.ncsu.csc.itrust2.models.persistent.User, querySpaceUid=<gen:1>, path=edu.ncsu.csc.itrust2.models.persistent.PasswordResetToken.user)
    - QuerySpaces
       - EntityQuerySpaceImpl(uid=<gen:0>, entity=edu.ncsu.csc.itrust2.models.persistent.PasswordResetToken)
          - SQL table alias mapping - passwordre0_
          - alias suffix - 0_
          - suffixed key columns - {id1_11_0_}
          - JOIN (JoinDefinedByMetadata(user)) : <gen:0> -> <gen:1>
             - EntityQuerySpaceImpl(uid=<gen:1>, entity=edu.ncsu.csc.itrust2.models.persistent.User)
                - SQL table alias mapping - user1_
                - alias suffix - 1_
                - suffixed key columns - {username1_15_1_}

00:31:25.486 [main] DEBUG o.h.loader.entity.plan.EntityLoader - Static select for entity edu.ncsu.csc.itrust2.models.persistent.PasswordResetToken [NONE]: select passwordre0_.id as id1_11_0_, passwordre0_.creationTime as creation2_11_0_, passwordre0_.tempPassword as tempPass3_11_0_, passwordre0_.user_id as user_id4_11_0_, user1_.username as username1_15_1_, user1_.enabled as enabled2_15_1_, user1_.password as password3_15_1_, user1_.role as role4_15_1_ from PasswordResetTokens passwordre0_ inner join Users user1_ on passwordre0_.user_id=user1_.username where passwordre0_.id=?
00:31:25.486 [main] DEBUG o.h.l.p.b.i.spaces.QuerySpacesImpl - Adding QuerySpace : uid = <gen:0> -> org.hibernate.loader.plan.build.internal.spaces.EntityQuerySpaceImpl@25184fb9]
00:31:25.487 [main] DEBUG o.h.p.w.spi.MetamodelGraphWalker - Visiting attribute path : creationTime
00:31:25.487 [main] DEBUG o.h.p.w.spi.MetamodelGraphWalker - Visiting attribute path : tempPassword
00:31:25.487 [main] DEBUG o.h.p.w.spi.MetamodelGraphWalker - Visiting attribute path : user
00:31:25.487 [main] DEBUG o.h.l.p.b.i.spaces.QuerySpacesImpl - Adding QuerySpace : uid = <gen:1> -> org.hibernate.loader.plan.build.internal.spaces.EntityQuerySpaceImpl@38757c81]
00:31:25.487 [main] DEBUG o.h.p.w.spi.MetamodelGraphWalker - Visiting attribute path : user.enabled
00:31:25.487 [main] DEBUG o.h.p.w.spi.MetamodelGraphWalker - Visiting attribute path : user.password
00:31:25.487 [main] DEBUG o.h.p.w.spi.MetamodelGraphWalker - Visiting attribute path : user.role
00:31:25.487 [main] DEBUG o.h.l.p.b.i.FetchStyleLoadPlanBuildingAssociationVisitationStrategy - Building LoadPlan...
00:31:25.487 [main] DEBUG o.h.l.p.e.i.LoadQueryJoinAndFetchProcessor - processing queryspace <gen:0>
00:31:25.488 [main] DEBUG o.h.l.p.b.spi.LoadPlanTreePrinter - LoadPlan(entity=edu.ncsu.csc.itrust2.models.persistent.PasswordResetToken)
    - Returns
       - EntityReturnImpl(entity=edu.ncsu.csc.itrust2.models.persistent.PasswordResetToken, querySpaceUid=<gen:0>, path=edu.ncsu.csc.itrust2.models.persistent.PasswordResetToken)
          - EntityAttributeFetchImpl(entity=edu.ncsu.csc.itrust2.models.persistent.User, querySpaceUid=<gen:1>, path=edu.ncsu.csc.itrust2.models.persistent.PasswordResetToken.user)
    - QuerySpaces
       - EntityQuerySpaceImpl(uid=<gen:0>, entity=edu.ncsu.csc.itrust2.models.persistent.PasswordResetToken)
          - SQL table alias mapping - passwordre0_
          - alias suffix - 0_
          - suffixed key columns - {id1_11_0_}
          - JOIN (JoinDefinedByMetadata(user)) : <gen:0> -> <gen:1>
             - EntityQuerySpaceImpl(uid=<gen:1>, entity=edu.ncsu.csc.itrust2.models.persistent.User)
                - SQL table alias mapping - user1_
                - alias suffix - 1_
                - suffixed key columns - {username1_15_1_}

00:31:25.488 [main] DEBUG o.h.loader.entity.plan.EntityLoader - Static select for entity edu.ncsu.csc.itrust2.models.persistent.PasswordResetToken [READ]: select passwordre0_.id as id1_11_0_, passwordre0_.creationTime as creation2_11_0_, passwordre0_.tempPassword as tempPass3_11_0_, passwordre0_.user_id as user_id4_11_0_, user1_.username as username1_15_1_, user1_.enabled as enabled2_15_1_, user1_.password as password3_15_1_, user1_.role as role4_15_1_ from PasswordResetTokens passwordre0_ inner join Users user1_ on passwordre0_.user_id=user1_.username where passwordre0_.id=?
00:31:25.488 [main] DEBUG o.h.l.p.b.i.spaces.QuerySpacesImpl - Adding QuerySpace : uid = <gen:0> -> org.hibernate.loader.plan.build.internal.spaces.EntityQuerySpaceImpl@55879aa7]
00:31:25.488 [main] DEBUG o.h.p.w.spi.MetamodelGraphWalker - Visiting attribute path : creationTime
00:31:25.488 [main] DEBUG o.h.p.w.spi.MetamodelGraphWalker - Visiting attribute path : tempPassword
00:31:25.488 [main] DEBUG o.h.p.w.spi.MetamodelGraphWalker - Visiting attribute path : user
00:31:25.488 [main] DEBUG o.h.l.p.b.i.spaces.QuerySpacesImpl - Adding QuerySpace : uid = <gen:1> -> org.hibernate.loader.plan.build.internal.spaces.EntityQuerySpaceImpl@2c016c9]
00:31:25.488 [main] DEBUG o.h.l.p.b.i.FetchStyleLoadPlanBuildingAssociationVisitationStrategy - Building LoadPlan...
00:31:25.488 [main] DEBUG o.h.l.p.e.i.LoadQueryJoinAndFetchProcessor - processing queryspace <gen:0>
00:31:25.488 [main] DEBUG o.h.l.p.b.spi.LoadPlanTreePrinter - LoadPlan(entity=edu.ncsu.csc.itrust2.models.persistent.PasswordResetToken)
    - Returns
       - EntityReturnImpl(entity=edu.ncsu.csc.itrust2.models.persistent.PasswordResetToken, querySpaceUid=<gen:0>, path=edu.ncsu.csc.itrust2.models.persistent.PasswordResetToken)
          - EntityAttributeFetchImpl(entity=edu.ncsu.csc.itrust2.models.persistent.User, querySpaceUid=<gen:1>, path=edu.ncsu.csc.itrust2.models.persistent.PasswordResetToken.user)
    - QuerySpaces
       - EntityQuerySpaceImpl(uid=<gen:0>, entity=edu.ncsu.csc.itrust2.models.persistent.PasswordResetToken)
          - SQL table alias mapping - passwordre0_
          - alias suffix - 0_
          - suffixed key columns - {id1_11_0_}

00:31:25.488 [main] DEBUG o.h.loader.entity.plan.EntityLoader - Static select for entity edu.ncsu.csc.itrust2.models.persistent.PasswordResetToken [UPGRADE]: select passwordre0_.id as id1_11_0_, passwordre0_.creationTime as creation2_11_0_, passwordre0_.tempPassword as tempPass3_11_0_, passwordre0_.user_id as user_id4_11_0_ from PasswordResetTokens passwordre0_ where passwordre0_.id=? for update
00:31:25.489 [main] DEBUG o.h.l.p.b.i.spaces.QuerySpacesImpl - Adding QuerySpace : uid = <gen:0> -> org.hibernate.loader.plan.build.internal.spaces.EntityQuerySpaceImpl@1b2ad3ee]
00:31:25.489 [main] DEBUG o.h.p.w.spi.MetamodelGraphWalker - Visiting attribute path : creationTime
00:31:25.489 [main] DEBUG o.h.p.w.spi.MetamodelGraphWalker - Visiting attribute path : tempPassword
00:31:25.489 [main] DEBUG o.h.p.w.spi.MetamodelGraphWalker - Visiting attribute path : user
00:31:25.489 [main] DEBUG o.h.l.p.b.i.spaces.QuerySpacesImpl - Adding QuerySpace : uid = <gen:1> -> org.hibernate.loader.plan.build.internal.spaces.EntityQuerySpaceImpl@745db519]
00:31:25.489 [main] DEBUG o.h.l.p.b.i.FetchStyleLoadPlanBuildingAssociationVisitationStrategy - Building LoadPlan...
00:31:25.489 [main] DEBUG o.h.l.p.e.i.LoadQueryJoinAndFetchProcessor - processing queryspace <gen:0>
00:31:25.490 [main] DEBUG o.h.l.p.b.spi.LoadPlanTreePrinter - LoadPlan(entity=edu.ncsu.csc.itrust2.models.persistent.PasswordResetToken)
    - Returns
       - EntityReturnImpl(entity=edu.ncsu.csc.itrust2.models.persistent.PasswordResetToken, querySpaceUid=<gen:0>, path=edu.ncsu.csc.itrust2.models.persistent.PasswordResetToken)
          - EntityAttributeFetchImpl(entity=edu.ncsu.csc.itrust2.models.persistent.User, querySpaceUid=<gen:1>, path=edu.ncsu.csc.itrust2.models.persistent.PasswordResetToken.user)
    - QuerySpaces
       - EntityQuerySpaceImpl(uid=<gen:0>, entity=edu.ncsu.csc.itrust2.models.persistent.PasswordResetToken)
          - SQL table alias mapping - passwordre0_
          - alias suffix - 0_
          - suffixed key columns - {id1_11_0_}

00:31:25.490 [main] DEBUG o.h.loader.entity.plan.EntityLoader - Static select for entity edu.ncsu.csc.itrust2.models.persistent.PasswordResetToken [UPGRADE_NOWAIT]: select passwordre0_.id as id1_11_0_, passwordre0_.creationTime as creation2_11_0_, passwordre0_.tempPassword as tempPass3_11_0_, passwordre0_.user_id as user_id4_11_0_ from PasswordResetTokens passwordre0_ where passwordre0_.id=? for update
00:31:25.490 [main] DEBUG o.h.l.p.b.i.spaces.QuerySpacesImpl - Adding QuerySpace : uid = <gen:0> -> org.hibernate.loader.plan.build.internal.spaces.EntityQuerySpaceImpl@76a99305]
00:31:25.490 [main] DEBUG o.h.p.w.spi.MetamodelGraphWalker - Visiting attribute path : creationTime
00:31:25.490 [main] DEBUG o.h.p.w.spi.MetamodelGraphWalker - Visiting attribute path : tempPassword
00:31:25.490 [main] DEBUG o.h.p.w.spi.MetamodelGraphWalker - Visiting attribute path : user
00:31:25.490 [main] DEBUG o.h.l.p.b.i.spaces.QuerySpacesImpl - Adding QuerySpace : uid = <gen:1> -> org.hibernate.loader.plan.build.internal.spaces.EntityQuerySpaceImpl@40bfc929]
00:31:25.490 [main] DEBUG o.h.l.p.b.i.FetchStyleLoadPlanBuildingAssociationVisitationStrategy - Building LoadPlan...
00:31:25.490 [main] DEBUG o.h.l.p.e.i.LoadQueryJoinAndFetchProcessor - processing queryspace <gen:0>
00:31:25.491 [main] DEBUG o.h.l.p.b.spi.LoadPlanTreePrinter - LoadPlan(entity=edu.ncsu.csc.itrust2.models.persistent.PasswordResetToken)
    - Returns
       - EntityReturnImpl(entity=edu.ncsu.csc.itrust2.models.persistent.PasswordResetToken, querySpaceUid=<gen:0>, path=edu.ncsu.csc.itrust2.models.persistent.PasswordResetToken)
          - EntityAttributeFetchImpl(entity=edu.ncsu.csc.itrust2.models.persistent.User, querySpaceUid=<gen:1>, path=edu.ncsu.csc.itrust2.models.persistent.PasswordResetToken.user)
    - QuerySpaces
       - EntityQuerySpaceImpl(uid=<gen:0>, entity=edu.ncsu.csc.itrust2.models.persistent.PasswordResetToken)
          - SQL table alias mapping - passwordre0_
          - alias suffix - 0_
          - suffixed key columns - {id1_11_0_}

00:31:25.491 [main] DEBUG o.h.loader.entity.plan.EntityLoader - Static select for entity edu.ncsu.csc.itrust2.models.persistent.PasswordResetToken [UPGRADE_SKIPLOCKED]: select passwordre0_.id as id1_11_0_, passwordre0_.creationTime as creation2_11_0_, passwordre0_.tempPassword as tempPass3_11_0_, passwordre0_.user_id as user_id4_11_0_ from PasswordResetTokens passwordre0_ where passwordre0_.id=? for update
00:31:25.491 [main] DEBUG o.h.l.p.b.i.spaces.QuerySpacesImpl - Adding QuerySpace : uid = <gen:0> -> org.hibernate.loader.plan.build.internal.spaces.EntityQuerySpaceImpl@59d3495a]
00:31:25.491 [main] DEBUG o.h.p.w.spi.MetamodelGraphWalker - Visiting attribute path : creationTime
00:31:25.491 [main] DEBUG o.h.p.w.spi.MetamodelGraphWalker - Visiting attribute path : tempPassword
00:31:25.491 [main] DEBUG o.h.p.w.spi.MetamodelGraphWalker - Visiting attribute path : user
00:31:25.491 [main] DEBUG o.h.l.p.b.i.spaces.QuerySpacesImpl - Adding QuerySpace : uid = <gen:1> -> org.hibernate.loader.plan.build.internal.spaces.EntityQuerySpaceImpl@54e22a5b]
00:31:25.491 [main] DEBUG o.h.l.p.b.i.FetchStyleLoadPlanBuildingAssociationVisitationStrategy - Building LoadPlan...
00:31:25.491 [main] DEBUG o.h.l.p.e.i.LoadQueryJoinAndFetchProcessor - processing queryspace <gen:0>
00:31:25.492 [main] DEBUG o.h.l.p.b.spi.LoadPlanTreePrinter - LoadPlan(entity=edu.ncsu.csc.itrust2.models.persistent.PasswordResetToken)
    - Returns
       - EntityReturnImpl(entity=edu.ncsu.csc.itrust2.models.persistent.PasswordResetToken, querySpaceUid=<gen:0>, path=edu.ncsu.csc.itrust2.models.persistent.PasswordResetToken)
          - EntityAttributeFetchImpl(entity=edu.ncsu.csc.itrust2.models.persistent.User, querySpaceUid=<gen:1>, path=edu.ncsu.csc.itrust2.models.persistent.PasswordResetToken.user)
    - QuerySpaces
       - EntityQuerySpaceImpl(uid=<gen:0>, entity=edu.ncsu.csc.itrust2.models.persistent.PasswordResetToken)
          - SQL table alias mapping - passwordre0_
          - alias suffix - 0_
          - suffixed key columns - {id1_11_0_}

00:31:25.492 [main] DEBUG o.h.loader.entity.plan.EntityLoader - Static select for entity edu.ncsu.csc.itrust2.models.persistent.PasswordResetToken [FORCE]: select passwordre0_.id as id1_11_0_, passwordre0_.creationTime as creation2_11_0_, passwordre0_.tempPassword as tempPass3_11_0_, passwordre0_.user_id as user_id4_11_0_ from PasswordResetTokens passwordre0_ where passwordre0_.id=? for update
00:31:25.492 [main] DEBUG o.h.l.p.b.i.spaces.QuerySpacesImpl - Adding QuerySpace : uid = <gen:0> -> org.hibernate.loader.plan.build.internal.spaces.EntityQuerySpaceImpl@6aaa576f]
00:31:25.492 [main] DEBUG o.h.p.w.spi.MetamodelGraphWalker - Visiting attribute path : creationTime
00:31:25.492 [main] DEBUG o.h.p.w.spi.MetamodelGraphWalker - Visiting attribute path : tempPassword
00:31:25.492 [main] DEBUG o.h.p.w.spi.MetamodelGraphWalker - Visiting attribute path : user
00:31:25.492 [main] DEBUG o.h.l.p.b.i.spaces.QuerySpacesImpl - Adding QuerySpace : uid = <gen:1> -> org.hibernate.loader.plan.build.internal.spaces.EntityQuerySpaceImpl@c4be921]
00:31:25.492 [main] DEBUG o.h.l.p.b.i.FetchStyleLoadPlanBuildingAssociationVisitationStrategy - Building LoadPlan...
00:31:25.492 [main] DEBUG o.h.l.p.e.i.LoadQueryJoinAndFetchProcessor - processing queryspace <gen:0>
00:31:25.493 [main] DEBUG o.h.l.p.b.spi.LoadPlanTreePrinter - LoadPlan(entity=edu.ncsu.csc.itrust2.models.persistent.PasswordResetToken)
    - Returns
       - EntityReturnImpl(entity=edu.ncsu.csc.itrust2.models.persistent.PasswordResetToken, querySpaceUid=<gen:0>, path=edu.ncsu.csc.itrust2.models.persistent.PasswordResetToken)
          - EntityAttributeFetchImpl(entity=edu.ncsu.csc.itrust2.models.persistent.User, querySpaceUid=<gen:1>, path=edu.ncsu.csc.itrust2.models.persistent.PasswordResetToken.user)
    - QuerySpaces
       - EntityQuerySpaceImpl(uid=<gen:0>, entity=edu.ncsu.csc.itrust2.models.persistent.PasswordResetToken)
          - SQL table alias mapping - passwordre0_
          - alias suffix - 0_
          - suffixed key columns - {id1_11_0_}

00:31:25.493 [main] DEBUG o.h.loader.entity.plan.EntityLoader - Static select for entity edu.ncsu.csc.itrust2.models.persistent.PasswordResetToken [PESSIMISTIC_READ]: select passwordre0_.id as id1_11_0_, passwordre0_.creationTime as creation2_11_0_, passwordre0_.tempPassword as tempPass3_11_0_, passwordre0_.user_id as user_id4_11_0_ from PasswordResetTokens passwordre0_ where passwordre0_.id=? lock in share mode
00:31:25.493 [main] DEBUG o.h.l.p.b.i.spaces.QuerySpacesImpl - Adding QuerySpace : uid = <gen:0> -> org.hibernate.loader.plan.build.internal.spaces.EntityQuerySpaceImpl@49beaa01]
00:31:25.493 [main] DEBUG o.h.p.w.spi.MetamodelGraphWalker - Visiting attribute path : creationTime
00:31:25.493 [main] DEBUG o.h.p.w.spi.MetamodelGraphWalker - Visiting attribute path : tempPassword
00:31:25.493 [main] DEBUG o.h.p.w.spi.MetamodelGraphWalker - Visiting attribute path : user
00:31:25.493 [main] DEBUG o.h.l.p.b.i.spaces.QuerySpacesImpl - Adding QuerySpace : uid = <gen:1> -> org.hibernate.loader.plan.build.internal.spaces.EntityQuerySpaceImpl@5a1b262f]
00:31:25.493 [main] DEBUG o.h.l.p.b.i.FetchStyleLoadPlanBuildingAssociationVisitationStrategy - Building LoadPlan...
00:31:25.494 [main] DEBUG o.h.l.p.e.i.LoadQueryJoinAndFetchProcessor - processing queryspace <gen:0>
00:31:25.494 [main] DEBUG o.h.l.p.b.spi.LoadPlanTreePrinter - LoadPlan(entity=edu.ncsu.csc.itrust2.models.persistent.PasswordResetToken)
    - Returns
       - EntityReturnImpl(entity=edu.ncsu.csc.itrust2.models.persistent.PasswordResetToken, querySpaceUid=<gen:0>, path=edu.ncsu.csc.itrust2.models.persistent.PasswordResetToken)
          - EntityAttributeFetchImpl(entity=edu.ncsu.csc.itrust2.models.persistent.User, querySpaceUid=<gen:1>, path=edu.ncsu.csc.itrust2.models.persistent.PasswordResetToken.user)
    - QuerySpaces
       - EntityQuerySpaceImpl(uid=<gen:0>, entity=edu.ncsu.csc.itrust2.models.persistent.PasswordResetToken)
          - SQL table alias mapping - passwordre0_
          - alias suffix - 0_
          - suffixed key columns - {id1_11_0_}

00:31:25.494 [main] DEBUG o.h.loader.entity.plan.EntityLoader - Static select for entity edu.ncsu.csc.itrust2.models.persistent.PasswordResetToken [PESSIMISTIC_WRITE]: select passwordre0_.id as id1_11_0_, passwordre0_.creationTime as creation2_11_0_, passwordre0_.tempPassword as tempPass3_11_0_, passwordre0_.user_id as user_id4_11_0_ from PasswordResetTokens passwordre0_ where passwordre0_.id=? for update
00:31:25.494 [main] DEBUG o.h.l.p.b.i.spaces.QuerySpacesImpl - Adding QuerySpace : uid = <gen:0> -> org.hibernate.loader.plan.build.internal.spaces.EntityQuerySpaceImpl@94adeac]
00:31:25.494 [main] DEBUG o.h.p.w.spi.MetamodelGraphWalker - Visiting attribute path : creationTime
00:31:25.494 [main] DEBUG o.h.p.w.spi.MetamodelGraphWalker - Visiting attribute path : tempPassword
00:31:25.494 [main] DEBUG o.h.p.w.spi.MetamodelGraphWalker - Visiting attribute path : user
00:31:25.494 [main] DEBUG o.h.l.p.b.i.spaces.QuerySpacesImpl - Adding QuerySpace : uid = <gen:1> -> org.hibernate.loader.plan.build.internal.spaces.EntityQuerySpaceImpl@78a954de]
00:31:25.494 [main] DEBUG o.h.l.p.b.i.FetchStyleLoadPlanBuildingAssociationVisitationStrategy - Building LoadPlan...
00:31:25.494 [main] DEBUG o.h.l.p.e.i.LoadQueryJoinAndFetchProcessor - processing queryspace <gen:0>
00:31:25.494 [main] DEBUG o.h.l.p.b.spi.LoadPlanTreePrinter - LoadPlan(entity=edu.ncsu.csc.itrust2.models.persistent.PasswordResetToken)
    - Returns
       - EntityReturnImpl(entity=edu.ncsu.csc.itrust2.models.persistent.PasswordResetToken, querySpaceUid=<gen:0>, path=edu.ncsu.csc.itrust2.models.persistent.PasswordResetToken)
          - EntityAttributeFetchImpl(entity=edu.ncsu.csc.itrust2.models.persistent.User, querySpaceUid=<gen:1>, path=edu.ncsu.csc.itrust2.models.persistent.PasswordResetToken.user)
    - QuerySpaces
       - EntityQuerySpaceImpl(uid=<gen:0>, entity=edu.ncsu.csc.itrust2.models.persistent.PasswordResetToken)
          - SQL table alias mapping - passwordre0_
          - alias suffix - 0_
          - suffixed key columns - {id1_11_0_}

00:31:25.495 [main] DEBUG o.h.loader.entity.plan.EntityLoader - Static select for entity edu.ncsu.csc.itrust2.models.persistent.PasswordResetToken [PESSIMISTIC_FORCE_INCREMENT]: select passwordre0_.id as id1_11_0_, passwordre0_.creationTime as creation2_11_0_, passwordre0_.tempPassword as tempPass3_11_0_, passwordre0_.user_id as user_id4_11_0_ from PasswordResetTokens passwordre0_ where passwordre0_.id=? for update
00:31:25.495 [main] DEBUG o.h.l.p.b.i.spaces.QuerySpacesImpl - Adding QuerySpace : uid = <gen:0> -> org.hibernate.loader.plan.build.internal.spaces.EntityQuerySpaceImpl@7b802fba]
00:31:25.495 [main] DEBUG o.h.p.w.spi.MetamodelGraphWalker - Visiting attribute path : creationTime
00:31:25.495 [main] DEBUG o.h.p.w.spi.MetamodelGraphWalker - Visiting attribute path : tempPassword
00:31:25.495 [main] DEBUG o.h.p.w.spi.MetamodelGraphWalker - Visiting attribute path : user
00:31:25.495 [main] DEBUG o.h.l.p.b.i.spaces.QuerySpacesImpl - Adding QuerySpace : uid = <gen:1> -> org.hibernate.loader.plan.build.internal.spaces.EntityQuerySpaceImpl@551087d1]
00:31:25.495 [main] DEBUG o.h.l.p.b.i.FetchStyleLoadPlanBuildingAssociationVisitationStrategy - Building LoadPlan...
00:31:25.495 [main] DEBUG o.h.l.p.e.i.LoadQueryJoinAndFetchProcessor - processing queryspace <gen:0>
00:31:25.502 [main] DEBUG o.h.l.p.b.spi.LoadPlanTreePrinter - LoadPlan(entity=edu.ncsu.csc.itrust2.models.persistent.PasswordResetToken)
    - Returns
       - EntityReturnImpl(entity=edu.ncsu.csc.itrust2.models.persistent.PasswordResetToken, querySpaceUid=<gen:0>, path=edu.ncsu.csc.itrust2.models.persistent.PasswordResetToken)
          - EntityAttributeFetchImpl(entity=edu.ncsu.csc.itrust2.models.persistent.User, querySpaceUid=<gen:1>, path=edu.ncsu.csc.itrust2.models.persistent.PasswordResetToken.user)
    - QuerySpaces
       - EntityQuerySpaceImpl(uid=<gen:0>, entity=edu.ncsu.csc.itrust2.models.persistent.PasswordResetToken)
          - SQL table alias mapping - passwordre0_
          - alias suffix - 0_
          - suffixed key columns - {id1_11_0_}

00:31:25.502 [main] DEBUG o.h.loader.entity.plan.EntityLoader - Static select for entity edu.ncsu.csc.itrust2.models.persistent.PasswordResetToken [OPTIMISTIC]: select passwordre0_.id as id1_11_0_, passwordre0_.creationTime as creation2_11_0_, passwordre0_.tempPassword as tempPass3_11_0_, passwordre0_.user_id as user_id4_11_0_ from PasswordResetTokens passwordre0_ where passwordre0_.id=?
00:31:25.502 [main] DEBUG o.h.l.p.b.i.spaces.QuerySpacesImpl - Adding QuerySpace : uid = <gen:0> -> org.hibernate.loader.plan.build.internal.spaces.EntityQuerySpaceImpl@672d2609]
00:31:25.502 [main] DEBUG o.h.p.w.spi.MetamodelGraphWalker - Visiting attribute path : creationTime
00:31:25.502 [main] DEBUG o.h.p.w.spi.MetamodelGraphWalker - Visiting attribute path : tempPassword
00:31:25.502 [main] DEBUG o.h.p.w.spi.MetamodelGraphWalker - Visiting attribute path : user
00:31:25.503 [main] DEBUG o.h.l.p.b.i.spaces.QuerySpacesImpl - Adding QuerySpace : uid = <gen:1> -> org.hibernate.loader.plan.build.internal.spaces.EntityQuerySpaceImpl@38e12425]
00:31:25.503 [main] DEBUG o.h.l.p.b.i.FetchStyleLoadPlanBuildingAssociationVisitationStrategy - Building LoadPlan...
00:31:25.503 [main] DEBUG o.h.l.p.e.i.LoadQueryJoinAndFetchProcessor - processing queryspace <gen:0>
00:31:25.503 [main] DEBUG o.h.l.p.b.spi.LoadPlanTreePrinter - LoadPlan(entity=edu.ncsu.csc.itrust2.models.persistent.PasswordResetToken)
    - Returns
       - EntityReturnImpl(entity=edu.ncsu.csc.itrust2.models.persistent.PasswordResetToken, querySpaceUid=<gen:0>, path=edu.ncsu.csc.itrust2.models.persistent.PasswordResetToken)
          - EntityAttributeFetchImpl(entity=edu.ncsu.csc.itrust2.models.persistent.User, querySpaceUid=<gen:1>, path=edu.ncsu.csc.itrust2.models.persistent.PasswordResetToken.user)
    - QuerySpaces
       - EntityQuerySpaceImpl(uid=<gen:0>, entity=edu.ncsu.csc.itrust2.models.persistent.PasswordResetToken)
          - SQL table alias mapping - passwordre0_
          - alias suffix - 0_
          - suffixed key columns - {id1_11_0_}

00:31:25.503 [main] DEBUG o.h.loader.entity.plan.EntityLoader - Static select for entity edu.ncsu.csc.itrust2.models.persistent.PasswordResetToken [OPTIMISTIC_FORCE_INCREMENT]: select passwordre0_.id as id1_11_0_, passwordre0_.creationTime as creation2_11_0_, passwordre0_.tempPassword as tempPass3_11_0_, passwordre0_.user_id as user_id4_11_0_ from PasswordResetTokens passwordre0_ where passwordre0_.id=?
00:31:25.503 [main] DEBUG org.hibernate.loader.Loader - Static select for action ACTION_MERGE on entity edu.ncsu.csc.itrust2.models.persistent.PasswordResetToken: select passwordre0_.id as id1_11_0_, passwordre0_.creationTime as creation2_11_0_, passwordre0_.tempPassword as tempPass3_11_0_, passwordre0_.user_id as user_id4_11_0_ from PasswordResetTokens passwordre0_ where passwordre0_.id=?
00:31:25.503 [main] DEBUG org.hibernate.loader.Loader - Static select for action ACTION_REFRESH on entity edu.ncsu.csc.itrust2.models.persistent.PasswordResetToken: select passwordre0_.id as id1_11_0_, passwordre0_.creationTime as creation2_11_0_, passwordre0_.tempPassword as tempPass3_11_0_, passwordre0_.user_id as user_id4_11_0_ from PasswordResetTokens passwordre0_ where passwordre0_.id=?
00:31:25.504 [main] DEBUG o.h.p.entity.AbstractEntityPersister - Static SQL for entity: edu.ncsu.csc.itrust2.models.persistent.Prescription
00:31:25.504 [main] DEBUG o.h.p.entity.AbstractEntityPersister -  Version select: select id from Prescriptions where id =?
00:31:25.504 [main] DEBUG o.h.p.entity.AbstractEntityPersister -  Snapshot select: select prescripti_.id, prescripti_.dosage as dosage2_14_, prescripti_.drug_id as drug_id6_14_, prescripti_.endDate as endDate3_14_, prescripti_.patient_id as patient_7_14_, prescripti_.renewals as renewals4_14_, prescripti_.startDate as startDat5_14_ from Prescriptions prescripti_ where prescripti_.id=?
00:31:25.504 [main] DEBUG o.h.p.entity.AbstractEntityPersister -  Insert 0: insert into Prescriptions (dosage, drug_id, endDate, patient_id, renewals, startDate, id) values (?, ?, ?, ?, ?, ?, ?)
00:31:25.504 [main] DEBUG o.h.p.entity.AbstractEntityPersister -  Update 0: update Prescriptions set dosage=?, drug_id=?, endDate=?, patient_id=?, renewals=?, startDate=? where id=?
00:31:25.504 [main] DEBUG o.h.p.entity.AbstractEntityPersister -  Delete 0: delete from Prescriptions where id=?
00:31:25.504 [main] DEBUG o.h.l.p.b.i.spaces.QuerySpacesImpl - Adding QuerySpace : uid = <gen:0> -> org.hibernate.loader.plan.build.internal.spaces.EntityQuerySpaceImpl@691e12e7]
00:31:25.504 [main] DEBUG o.h.p.w.spi.MetamodelGraphWalker - Visiting attribute path : dosage
00:31:25.504 [main] DEBUG o.h.p.w.spi.MetamodelGraphWalker - Visiting attribute path : drug
00:31:25.504 [main] DEBUG o.h.l.p.b.i.spaces.QuerySpacesImpl - Adding QuerySpace : uid = <gen:1> -> org.hibernate.loader.plan.build.internal.spaces.EntityQuerySpaceImpl@2baeef8b]
00:31:25.504 [main] DEBUG o.h.p.w.spi.MetamodelGraphWalker - Visiting attribute path : drug.code
00:31:25.504 [main] DEBUG o.h.p.w.spi.MetamodelGraphWalker - Visiting attribute path : drug.description
00:31:25.504 [main] DEBUG o.h.p.w.spi.MetamodelGraphWalker - Visiting attribute path : drug.name
00:31:25.504 [main] DEBUG o.h.p.w.spi.MetamodelGraphWalker - Visiting attribute path : endDate
00:31:25.504 [main] DEBUG o.h.p.w.spi.MetamodelGraphWalker - Visiting attribute path : patient
00:31:25.504 [main] DEBUG o.h.l.p.b.i.spaces.QuerySpacesImpl - Adding QuerySpace : uid = <gen:2> -> org.hibernate.loader.plan.build.internal.spaces.EntityQuerySpaceImpl@3cf9641]
00:31:25.505 [main] DEBUG o.h.p.w.spi.MetamodelGraphWalker - Visiting attribute path : patient.enabled
00:31:25.505 [main] DEBUG o.h.p.w.spi.MetamodelGraphWalker - Visiting attribute path : patient.password
00:31:25.505 [main] DEBUG o.h.p.w.spi.MetamodelGraphWalker - Visiting attribute path : patient.role
00:31:25.505 [main] DEBUG o.h.p.w.spi.MetamodelGraphWalker - Visiting attribute path : renewals
00:31:25.505 [main] DEBUG o.h.p.w.spi.MetamodelGraphWalker - Visiting attribute path : startDate
00:31:25.505 [main] DEBUG o.h.l.p.b.i.FetchStyleLoadPlanBuildingAssociationVisitationStrategy - Building LoadPlan...
00:31:25.505 [main] DEBUG o.h.l.p.e.i.LoadQueryJoinAndFetchProcessor - processing queryspace <gen:0>
00:31:25.505 [main] DEBUG o.h.l.p.b.spi.LoadPlanTreePrinter - LoadPlan(entity=edu.ncsu.csc.itrust2.models.persistent.Prescription)
    - Returns
       - EntityReturnImpl(entity=edu.ncsu.csc.itrust2.models.persistent.Prescription, querySpaceUid=<gen:0>, path=edu.ncsu.csc.itrust2.models.persistent.Prescription)
          - EntityAttributeFetchImpl(entity=edu.ncsu.csc.itrust2.models.persistent.Drug, querySpaceUid=<gen:1>, path=edu.ncsu.csc.itrust2.models.persistent.Prescription.drug)
          - EntityAttributeFetchImpl(entity=edu.ncsu.csc.itrust2.models.persistent.User, querySpaceUid=<gen:2>, path=edu.ncsu.csc.itrust2.models.persistent.Prescription.patient)
    - QuerySpaces
       - EntityQuerySpaceImpl(uid=<gen:0>, entity=edu.ncsu.csc.itrust2.models.persistent.Prescription)
          - SQL table alias mapping - prescripti0_
          - alias suffix - 0_
          - suffixed key columns - {id1_14_0_}
          - JOIN (JoinDefinedByMetadata(drug)) : <gen:0> -> <gen:1>
             - EntityQuerySpaceImpl(uid=<gen:1>, entity=edu.ncsu.csc.itrust2.models.persistent.Drug)
                - SQL table alias mapping - drug1_
                - alias suffix - 1_
                - suffixed key columns - {id1_3_1_}
          - JOIN (JoinDefinedByMetadata(patient)) : <gen:0> -> <gen:2>
             - EntityQuerySpaceImpl(uid=<gen:2>, entity=edu.ncsu.csc.itrust2.models.persistent.User)
                - SQL table alias mapping - user2_
                - alias suffix - 2_
                - suffixed key columns - {username1_15_2_}

00:31:25.506 [main] DEBUG o.h.loader.entity.plan.EntityLoader - Static select for entity edu.ncsu.csc.itrust2.models.persistent.Prescription [NONE]: select prescripti0_.id as id1_14_0_, prescripti0_.dosage as dosage2_14_0_, prescripti0_.drug_id as drug_id6_14_0_, prescripti0_.endDate as endDate3_14_0_, prescripti0_.patient_id as patient_7_14_0_, prescripti0_.renewals as renewals4_14_0_, prescripti0_.startDate as startDat5_14_0_, drug1_.id as id1_3_1_, drug1_.code as code2_3_1_, drug1_.description as descript3_3_1_, drug1_.name as name4_3_1_, user2_.username as username1_15_2_, user2_.enabled as enabled2_15_2_, user2_.password as password3_15_2_, user2_.role as role4_15_2_ from Prescriptions prescripti0_ inner join Drugs drug1_ on prescripti0_.drug_id=drug1_.id inner join Users user2_ on prescripti0_.patient_id=user2_.username where prescripti0_.id=?
00:31:25.506 [main] DEBUG o.h.l.p.b.i.spaces.QuerySpacesImpl - Adding QuerySpace : uid = <gen:0> -> org.hibernate.loader.plan.build.internal.spaces.EntityQuerySpaceImpl@5325ee26]
00:31:25.506 [main] DEBUG o.h.p.w.spi.MetamodelGraphWalker - Visiting attribute path : dosage
00:31:25.506 [main] DEBUG o.h.p.w.spi.MetamodelGraphWalker - Visiting attribute path : drug
00:31:25.506 [main] DEBUG o.h.l.p.b.i.spaces.QuerySpacesImpl - Adding QuerySpace : uid = <gen:1> -> org.hibernate.loader.plan.build.internal.spaces.EntityQuerySpaceImpl@4fad76c1]
00:31:25.507 [main] DEBUG o.h.p.w.spi.MetamodelGraphWalker - Visiting attribute path : drug.code
00:31:25.507 [main] DEBUG o.h.p.w.spi.MetamodelGraphWalker - Visiting attribute path : drug.description
00:31:25.507 [main] DEBUG o.h.p.w.spi.MetamodelGraphWalker - Visiting attribute path : drug.name
00:31:25.507 [main] DEBUG o.h.p.w.spi.MetamodelGraphWalker - Visiting attribute path : endDate
00:31:25.507 [main] DEBUG o.h.p.w.spi.MetamodelGraphWalker - Visiting attribute path : patient
00:31:25.507 [main] DEBUG o.h.l.p.b.i.spaces.QuerySpacesImpl - Adding QuerySpace : uid = <gen:2> -> org.hibernate.loader.plan.build.internal.spaces.EntityQuerySpaceImpl@602af851]
00:31:25.507 [main] DEBUG o.h.p.w.spi.MetamodelGraphWalker - Visiting attribute path : patient.enabled
00:31:25.507 [main] DEBUG o.h.p.w.spi.MetamodelGraphWalker - Visiting attribute path : patient.password
00:31:25.507 [main] DEBUG o.h.p.w.spi.MetamodelGraphWalker - Visiting attribute path : patient.role
00:31:25.507 [main] DEBUG o.h.p.w.spi.MetamodelGraphWalker - Visiting attribute path : renewals
00:31:25.507 [main] DEBUG o.h.p.w.spi.MetamodelGraphWalker - Visiting attribute path : startDate
00:31:25.507 [main] DEBUG o.h.l.p.b.i.FetchStyleLoadPlanBuildingAssociationVisitationStrategy - Building LoadPlan...
00:31:25.508 [main] DEBUG o.h.l.p.e.i.LoadQueryJoinAndFetchProcessor - processing queryspace <gen:0>
00:31:25.508 [main] DEBUG o.h.l.p.b.spi.LoadPlanTreePrinter - LoadPlan(entity=edu.ncsu.csc.itrust2.models.persistent.Prescription)
    - Returns
       - EntityReturnImpl(entity=edu.ncsu.csc.itrust2.models.persistent.Prescription, querySpaceUid=<gen:0>, path=edu.ncsu.csc.itrust2.models.persistent.Prescription)
          - EntityAttributeFetchImpl(entity=edu.ncsu.csc.itrust2.models.persistent.Drug, querySpaceUid=<gen:1>, path=edu.ncsu.csc.itrust2.models.persistent.Prescription.drug)
          - EntityAttributeFetchImpl(entity=edu.ncsu.csc.itrust2.models.persistent.User, querySpaceUid=<gen:2>, path=edu.ncsu.csc.itrust2.models.persistent.Prescription.patient)
    - QuerySpaces
       - EntityQuerySpaceImpl(uid=<gen:0>, entity=edu.ncsu.csc.itrust2.models.persistent.Prescription)
          - SQL table alias mapping - prescripti0_
          - alias suffix - 0_
          - suffixed key columns - {id1_14_0_}
          - JOIN (JoinDefinedByMetadata(drug)) : <gen:0> -> <gen:1>
             - EntityQuerySpaceImpl(uid=<gen:1>, entity=edu.ncsu.csc.itrust2.models.persistent.Drug)
                - SQL table alias mapping - drug1_
                - alias suffix - 1_
                - suffixed key columns - {id1_3_1_}
          - JOIN (JoinDefinedByMetadata(patient)) : <gen:0> -> <gen:2>
             - EntityQuerySpaceImpl(uid=<gen:2>, entity=edu.ncsu.csc.itrust2.models.persistent.User)
                - SQL table alias mapping - user2_
                - alias suffix - 2_
                - suffixed key columns - {username1_15_2_}

00:31:25.508 [main] DEBUG o.h.loader.entity.plan.EntityLoader - Static select for entity edu.ncsu.csc.itrust2.models.persistent.Prescription [READ]: select prescripti0_.id as id1_14_0_, prescripti0_.dosage as dosage2_14_0_, prescripti0_.drug_id as drug_id6_14_0_, prescripti0_.endDate as endDate3_14_0_, prescripti0_.patient_id as patient_7_14_0_, prescripti0_.renewals as renewals4_14_0_, prescripti0_.startDate as startDat5_14_0_, drug1_.id as id1_3_1_, drug1_.code as code2_3_1_, drug1_.description as descript3_3_1_, drug1_.name as name4_3_1_, user2_.username as username1_15_2_, user2_.enabled as enabled2_15_2_, user2_.password as password3_15_2_, user2_.role as role4_15_2_ from Prescriptions prescripti0_ inner join Drugs drug1_ on prescripti0_.drug_id=drug1_.id inner join Users user2_ on prescripti0_.patient_id=user2_.username where prescripti0_.id=?
00:31:25.508 [main] DEBUG o.h.l.p.b.i.spaces.QuerySpacesImpl - Adding QuerySpace : uid = <gen:0> -> org.hibernate.loader.plan.build.internal.spaces.EntityQuerySpaceImpl@86e68a1]
00:31:25.508 [main] DEBUG o.h.p.w.spi.MetamodelGraphWalker - Visiting attribute path : dosage
00:31:25.508 [main] DEBUG o.h.p.w.spi.MetamodelGraphWalker - Visiting attribute path : drug
00:31:25.509 [main] DEBUG o.h.l.p.b.i.spaces.QuerySpacesImpl - Adding QuerySpace : uid = <gen:1> -> org.hibernate.loader.plan.build.internal.spaces.EntityQuerySpaceImpl@30354360]
00:31:25.509 [main] DEBUG o.h.p.w.spi.MetamodelGraphWalker - Visiting attribute path : endDate
00:31:25.509 [main] DEBUG o.h.p.w.spi.MetamodelGraphWalker - Visiting attribute path : patient
00:31:25.509 [main] DEBUG o.h.l.p.b.i.spaces.QuerySpacesImpl - Adding QuerySpace : uid = <gen:2> -> org.hibernate.loader.plan.build.internal.spaces.EntityQuerySpaceImpl@1484f85a]
00:31:25.509 [main] DEBUG o.h.p.w.spi.MetamodelGraphWalker - Visiting attribute path : renewals
00:31:25.509 [main] DEBUG o.h.p.w.spi.MetamodelGraphWalker - Visiting attribute path : startDate
00:31:25.509 [main] DEBUG o.h.l.p.b.i.FetchStyleLoadPlanBuildingAssociationVisitationStrategy - Building LoadPlan...
00:31:25.509 [main] DEBUG o.h.l.p.e.i.LoadQueryJoinAndFetchProcessor - processing queryspace <gen:0>
00:31:25.509 [main] DEBUG o.h.l.p.b.spi.LoadPlanTreePrinter - LoadPlan(entity=edu.ncsu.csc.itrust2.models.persistent.Prescription)
    - Returns
       - EntityReturnImpl(entity=edu.ncsu.csc.itrust2.models.persistent.Prescription, querySpaceUid=<gen:0>, path=edu.ncsu.csc.itrust2.models.persistent.Prescription)
          - EntityAttributeFetchImpl(entity=edu.ncsu.csc.itrust2.models.persistent.Drug, querySpaceUid=<gen:1>, path=edu.ncsu.csc.itrust2.models.persistent.Prescription.drug)
          - EntityAttributeFetchImpl(entity=edu.ncsu.csc.itrust2.models.persistent.User, querySpaceUid=<gen:2>, path=edu.ncsu.csc.itrust2.models.persistent.Prescription.patient)
    - QuerySpaces
       - EntityQuerySpaceImpl(uid=<gen:0>, entity=edu.ncsu.csc.itrust2.models.persistent.Prescription)
          - SQL table alias mapping - prescripti0_
          - alias suffix - 0_
          - suffixed key columns - {id1_14_0_}

00:31:25.510 [main] DEBUG o.h.loader.entity.plan.EntityLoader - Static select for entity edu.ncsu.csc.itrust2.models.persistent.Prescription [UPGRADE]: select prescripti0_.id as id1_14_0_, prescripti0_.dosage as dosage2_14_0_, prescripti0_.drug_id as drug_id6_14_0_, prescripti0_.endDate as endDate3_14_0_, prescripti0_.patient_id as patient_7_14_0_, prescripti0_.renewals as renewals4_14_0_, prescripti0_.startDate as startDat5_14_0_ from Prescriptions prescripti0_ where prescripti0_.id=? for update
00:31:25.510 [main] DEBUG o.h.l.p.b.i.spaces.QuerySpacesImpl - Adding QuerySpace : uid = <gen:0> -> org.hibernate.loader.plan.build.internal.spaces.EntityQuerySpaceImpl@6fd4a10b]
00:31:25.510 [main] DEBUG o.h.p.w.spi.MetamodelGraphWalker - Visiting attribute path : dosage
00:31:25.510 [main] DEBUG o.h.p.w.spi.MetamodelGraphWalker - Visiting attribute path : drug
00:31:25.510 [main] DEBUG o.h.l.p.b.i.spaces.QuerySpacesImpl - Adding QuerySpace : uid = <gen:1> -> org.hibernate.loader.plan.build.internal.spaces.EntityQuerySpaceImpl@2406ca83]
00:31:25.510 [main] DEBUG o.h.p.w.spi.MetamodelGraphWalker - Visiting attribute path : endDate
00:31:25.510 [main] DEBUG o.h.p.w.spi.MetamodelGraphWalker - Visiting attribute path : patient
00:31:25.510 [main] DEBUG o.h.l.p.b.i.spaces.QuerySpacesImpl - Adding QuerySpace : uid = <gen:2> -> org.hibernate.loader.plan.build.internal.spaces.EntityQuerySpaceImpl@17f3a071]
00:31:25.510 [main] DEBUG o.h.p.w.spi.MetamodelGraphWalker - Visiting attribute path : renewals
00:31:25.510 [main] DEBUG o.h.p.w.spi.MetamodelGraphWalker - Visiting attribute path : startDate
00:31:25.510 [main] DEBUG o.h.l.p.b.i.FetchStyleLoadPlanBuildingAssociationVisitationStrategy - Building LoadPlan...
00:31:25.510 [main] DEBUG o.h.l.p.e.i.LoadQueryJoinAndFetchProcessor - processing queryspace <gen:0>
00:31:25.510 [main] DEBUG o.h.l.p.b.spi.LoadPlanTreePrinter - LoadPlan(entity=edu.ncsu.csc.itrust2.models.persistent.Prescription)
    - Returns
       - EntityReturnImpl(entity=edu.ncsu.csc.itrust2.models.persistent.Prescription, querySpaceUid=<gen:0>, path=edu.ncsu.csc.itrust2.models.persistent.Prescription)
          - EntityAttributeFetchImpl(entity=edu.ncsu.csc.itrust2.models.persistent.Drug, querySpaceUid=<gen:1>, path=edu.ncsu.csc.itrust2.models.persistent.Prescription.drug)
          - EntityAttributeFetchImpl(entity=edu.ncsu.csc.itrust2.models.persistent.User, querySpaceUid=<gen:2>, path=edu.ncsu.csc.itrust2.models.persistent.Prescription.patient)
    - QuerySpaces
       - EntityQuerySpaceImpl(uid=<gen:0>, entity=edu.ncsu.csc.itrust2.models.persistent.Prescription)
          - SQL table alias mapping - prescripti0_
          - alias suffix - 0_
          - suffixed key columns - {id1_14_0_}

00:31:25.510 [main] DEBUG o.h.loader.entity.plan.EntityLoader - Static select for entity edu.ncsu.csc.itrust2.models.persistent.Prescription [UPGRADE_NOWAIT]: select prescripti0_.id as id1_14_0_, prescripti0_.dosage as dosage2_14_0_, prescripti0_.drug_id as drug_id6_14_0_, prescripti0_.endDate as endDate3_14_0_, prescripti0_.patient_id as patient_7_14_0_, prescripti0_.renewals as renewals4_14_0_, prescripti0_.startDate as startDat5_14_0_ from Prescriptions prescripti0_ where prescripti0_.id=? for update
00:31:25.511 [main] DEBUG o.h.l.p.b.i.spaces.QuerySpacesImpl - Adding QuerySpace : uid = <gen:0> -> org.hibernate.loader.plan.build.internal.spaces.EntityQuerySpaceImpl@5d65977d]
00:31:25.511 [main] DEBUG o.h.p.w.spi.MetamodelGraphWalker - Visiting attribute path : dosage
00:31:25.511 [main] DEBUG o.h.p.w.spi.MetamodelGraphWalker - Visiting attribute path : drug
00:31:25.511 [main] DEBUG o.h.l.p.b.i.spaces.QuerySpacesImpl - Adding QuerySpace : uid = <gen:1> -> org.hibernate.loader.plan.build.internal.spaces.EntityQuerySpaceImpl@643f2339]
00:31:25.511 [main] DEBUG o.h.p.w.spi.MetamodelGraphWalker - Visiting attribute path : endDate
00:31:25.511 [main] DEBUG o.h.p.w.spi.MetamodelGraphWalker - Visiting attribute path : patient
00:31:25.511 [main] DEBUG o.h.l.p.b.i.spaces.QuerySpacesImpl - Adding QuerySpace : uid = <gen:2> -> org.hibernate.loader.plan.build.internal.spaces.EntityQuerySpaceImpl@6ec5e7e7]
00:31:25.511 [main] DEBUG o.h.p.w.spi.MetamodelGraphWalker - Visiting attribute path : renewals
00:31:25.511 [main] DEBUG o.h.p.w.spi.MetamodelGraphWalker - Visiting attribute path : startDate
00:31:25.511 [main] DEBUG o.h.l.p.b.i.FetchStyleLoadPlanBuildingAssociationVisitationStrategy - Building LoadPlan...
00:31:25.511 [main] DEBUG o.h.l.p.e.i.LoadQueryJoinAndFetchProcessor - processing queryspace <gen:0>
00:31:25.518 [main] DEBUG o.h.l.p.b.spi.LoadPlanTreePrinter - LoadPlan(entity=edu.ncsu.csc.itrust2.models.persistent.Prescription)
    - Returns
       - EntityReturnImpl(entity=edu.ncsu.csc.itrust2.models.persistent.Prescription, querySpaceUid=<gen:0>, path=edu.ncsu.csc.itrust2.models.persistent.Prescription)
          - EntityAttributeFetchImpl(entity=edu.ncsu.csc.itrust2.models.persistent.Drug, querySpaceUid=<gen:1>, path=edu.ncsu.csc.itrust2.models.persistent.Prescription.drug)
          - EntityAttributeFetchImpl(entity=edu.ncsu.csc.itrust2.models.persistent.User, querySpaceUid=<gen:2>, path=edu.ncsu.csc.itrust2.models.persistent.Prescription.patient)
    - QuerySpaces
       - EntityQuerySpaceImpl(uid=<gen:0>, entity=edu.ncsu.csc.itrust2.models.persistent.Prescription)
          - SQL table alias mapping - prescripti0_
          - alias suffix - 0_
          - suffixed key columns - {id1_14_0_}

00:31:25.518 [main] DEBUG o.h.loader.entity.plan.EntityLoader - Static select for entity edu.ncsu.csc.itrust2.models.persistent.Prescription [UPGRADE_SKIPLOCKED]: select prescripti0_.id as id1_14_0_, prescripti0_.dosage as dosage2_14_0_, prescripti0_.drug_id as drug_id6_14_0_, prescripti0_.endDate as endDate3_14_0_, prescripti0_.patient_id as patient_7_14_0_, prescripti0_.renewals as renewals4_14_0_, prescripti0_.startDate as startDat5_14_0_ from Prescriptions prescripti0_ where prescripti0_.id=? for update
00:31:25.518 [main] DEBUG o.h.l.p.b.i.spaces.QuerySpacesImpl - Adding QuerySpace : uid = <gen:0> -> org.hibernate.loader.plan.build.internal.spaces.EntityQuerySpaceImpl@1fea5b3d]
00:31:25.518 [main] DEBUG o.h.p.w.spi.MetamodelGraphWalker - Visiting attribute path : dosage
00:31:25.518 [main] DEBUG o.h.p.w.spi.MetamodelGraphWalker - Visiting attribute path : drug
00:31:25.519 [main] DEBUG o.h.l.p.b.i.spaces.QuerySpacesImpl - Adding QuerySpace : uid = <gen:1> -> org.hibernate.loader.plan.build.internal.spaces.EntityQuerySpaceImpl@94880be]
00:31:25.519 [main] DEBUG o.h.p.w.spi.MetamodelGraphWalker - Visiting attribute path : endDate
00:31:25.519 [main] DEBUG o.h.p.w.spi.MetamodelGraphWalker - Visiting attribute path : patient
00:31:25.519 [main] DEBUG o.h.l.p.b.i.spaces.QuerySpacesImpl - Adding QuerySpace : uid = <gen:2> -> org.hibernate.loader.plan.build.internal.spaces.EntityQuerySpaceImpl@4873a4af]
00:31:25.519 [main] DEBUG o.h.p.w.spi.MetamodelGraphWalker - Visiting attribute path : renewals
00:31:25.519 [main] DEBUG o.h.p.w.spi.MetamodelGraphWalker - Visiting attribute path : startDate
00:31:25.519 [main] DEBUG o.h.l.p.b.i.FetchStyleLoadPlanBuildingAssociationVisitationStrategy - Building LoadPlan...
00:31:25.519 [main] DEBUG o.h.l.p.e.i.LoadQueryJoinAndFetchProcessor - processing queryspace <gen:0>
00:31:25.519 [main] DEBUG o.h.l.p.b.spi.LoadPlanTreePrinter - LoadPlan(entity=edu.ncsu.csc.itrust2.models.persistent.Prescription)
    - Returns
       - EntityReturnImpl(entity=edu.ncsu.csc.itrust2.models.persistent.Prescription, querySpaceUid=<gen:0>, path=edu.ncsu.csc.itrust2.models.persistent.Prescription)
          - EntityAttributeFetchImpl(entity=edu.ncsu.csc.itrust2.models.persistent.Drug, querySpaceUid=<gen:1>, path=edu.ncsu.csc.itrust2.models.persistent.Prescription.drug)
          - EntityAttributeFetchImpl(entity=edu.ncsu.csc.itrust2.models.persistent.User, querySpaceUid=<gen:2>, path=edu.ncsu.csc.itrust2.models.persistent.Prescription.patient)
    - QuerySpaces
       - EntityQuerySpaceImpl(uid=<gen:0>, entity=edu.ncsu.csc.itrust2.models.persistent.Prescription)
          - SQL table alias mapping - prescripti0_
          - alias suffix - 0_
          - suffixed key columns - {id1_14_0_}

00:31:25.519 [main] DEBUG o.h.loader.entity.plan.EntityLoader - Static select for entity edu.ncsu.csc.itrust2.models.persistent.Prescription [FORCE]: select prescripti0_.id as id1_14_0_, prescripti0_.dosage as dosage2_14_0_, prescripti0_.drug_id as drug_id6_14_0_, prescripti0_.endDate as endDate3_14_0_, prescripti0_.patient_id as patient_7_14_0_, prescripti0_.renewals as renewals4_14_0_, prescripti0_.startDate as startDat5_14_0_ from Prescriptions prescripti0_ where prescripti0_.id=? for update
00:31:25.519 [main] DEBUG o.h.l.p.b.i.spaces.QuerySpacesImpl - Adding QuerySpace : uid = <gen:0> -> org.hibernate.loader.plan.build.internal.spaces.EntityQuerySpaceImpl@50d3d2f]
00:31:25.519 [main] DEBUG o.h.p.w.spi.MetamodelGraphWalker - Visiting attribute path : dosage
00:31:25.519 [main] DEBUG o.h.p.w.spi.MetamodelGraphWalker - Visiting attribute path : drug
00:31:25.520 [main] DEBUG o.h.l.p.b.i.spaces.QuerySpacesImpl - Adding QuerySpace : uid = <gen:1> -> org.hibernate.loader.plan.build.internal.spaces.EntityQuerySpaceImpl@468f428c]
00:31:25.520 [main] DEBUG o.h.p.w.spi.MetamodelGraphWalker - Visiting attribute path : endDate
00:31:25.520 [main] DEBUG o.h.p.w.spi.MetamodelGraphWalker - Visiting attribute path : patient
00:31:25.520 [main] DEBUG o.h.l.p.b.i.spaces.QuerySpacesImpl - Adding QuerySpace : uid = <gen:2> -> org.hibernate.loader.plan.build.internal.spaces.EntityQuerySpaceImpl@138cc02e]
00:31:25.520 [main] DEBUG o.h.p.w.spi.MetamodelGraphWalker - Visiting attribute path : renewals
00:31:25.520 [main] DEBUG o.h.p.w.spi.MetamodelGraphWalker - Visiting attribute path : startDate
00:31:25.520 [main] DEBUG o.h.l.p.b.i.FetchStyleLoadPlanBuildingAssociationVisitationStrategy - Building LoadPlan...
00:31:25.520 [main] DEBUG o.h.l.p.e.i.LoadQueryJoinAndFetchProcessor - processing queryspace <gen:0>
00:31:25.520 [main] DEBUG o.h.l.p.b.spi.LoadPlanTreePrinter - LoadPlan(entity=edu.ncsu.csc.itrust2.models.persistent.Prescription)
    - Returns
       - EntityReturnImpl(entity=edu.ncsu.csc.itrust2.models.persistent.Prescription, querySpaceUid=<gen:0>, path=edu.ncsu.csc.itrust2.models.persistent.Prescription)
          - EntityAttributeFetchImpl(entity=edu.ncsu.csc.itrust2.models.persistent.Drug, querySpaceUid=<gen:1>, path=edu.ncsu.csc.itrust2.models.persistent.Prescription.drug)
          - EntityAttributeFetchImpl(entity=edu.ncsu.csc.itrust2.models.persistent.User, querySpaceUid=<gen:2>, path=edu.ncsu.csc.itrust2.models.persistent.Prescription.patient)
    - QuerySpaces
       - EntityQuerySpaceImpl(uid=<gen:0>, entity=edu.ncsu.csc.itrust2.models.persistent.Prescription)
          - SQL table alias mapping - prescripti0_
          - alias suffix - 0_
          - suffixed key columns - {id1_14_0_}

00:31:25.520 [main] DEBUG o.h.loader.entity.plan.EntityLoader - Static select for entity edu.ncsu.csc.itrust2.models.persistent.Prescription [PESSIMISTIC_READ]: select prescripti0_.id as id1_14_0_, prescripti0_.dosage as dosage2_14_0_, prescripti0_.drug_id as drug_id6_14_0_, prescripti0_.endDate as endDate3_14_0_, prescripti0_.patient_id as patient_7_14_0_, prescripti0_.renewals as renewals4_14_0_, prescripti0_.startDate as startDat5_14_0_ from Prescriptions prescripti0_ where prescripti0_.id=? lock in share mode
00:31:25.520 [main] DEBUG o.h.l.p.b.i.spaces.QuerySpacesImpl - Adding QuerySpace : uid = <gen:0> -> org.hibernate.loader.plan.build.internal.spaces.EntityQuerySpaceImpl@7f846335]
00:31:25.520 [main] DEBUG o.h.p.w.spi.MetamodelGraphWalker - Visiting attribute path : dosage
00:31:25.520 [main] DEBUG o.h.p.w.spi.MetamodelGraphWalker - Visiting attribute path : drug
00:31:25.520 [main] DEBUG o.h.l.p.b.i.spaces.QuerySpacesImpl - Adding QuerySpace : uid = <gen:1> -> org.hibernate.loader.plan.build.internal.spaces.EntityQuerySpaceImpl@332d4c4f]
00:31:25.520 [main] DEBUG o.h.p.w.spi.MetamodelGraphWalker - Visiting attribute path : endDate
00:31:25.520 [main] DEBUG o.h.p.w.spi.MetamodelGraphWalker - Visiting attribute path : patient
00:31:25.521 [main] DEBUG o.h.l.p.b.i.spaces.QuerySpacesImpl - Adding QuerySpace : uid = <gen:2> -> org.hibernate.loader.plan.build.internal.spaces.EntityQuerySpaceImpl@46d567b4]
00:31:25.521 [main] DEBUG o.h.p.w.spi.MetamodelGraphWalker - Visiting attribute path : renewals
00:31:25.521 [main] DEBUG o.h.p.w.spi.MetamodelGraphWalker - Visiting attribute path : startDate
00:31:25.521 [main] DEBUG o.h.l.p.b.i.FetchStyleLoadPlanBuildingAssociationVisitationStrategy - Building LoadPlan...
00:31:25.522 [main] DEBUG o.h.l.p.e.i.LoadQueryJoinAndFetchProcessor - processing queryspace <gen:0>
00:31:25.522 [main] DEBUG o.h.l.p.b.spi.LoadPlanTreePrinter - LoadPlan(entity=edu.ncsu.csc.itrust2.models.persistent.Prescription)
    - Returns
       - EntityReturnImpl(entity=edu.ncsu.csc.itrust2.models.persistent.Prescription, querySpaceUid=<gen:0>, path=edu.ncsu.csc.itrust2.models.persistent.Prescription)
          - EntityAttributeFetchImpl(entity=edu.ncsu.csc.itrust2.models.persistent.Drug, querySpaceUid=<gen:1>, path=edu.ncsu.csc.itrust2.models.persistent.Prescription.drug)
          - EntityAttributeFetchImpl(entity=edu.ncsu.csc.itrust2.models.persistent.User, querySpaceUid=<gen:2>, path=edu.ncsu.csc.itrust2.models.persistent.Prescription.patient)
    - QuerySpaces
       - EntityQuerySpaceImpl(uid=<gen:0>, entity=edu.ncsu.csc.itrust2.models.persistent.Prescription)
          - SQL table alias mapping - prescripti0_
          - alias suffix - 0_
          - suffixed key columns - {id1_14_0_}

00:31:25.522 [main] DEBUG o.h.loader.entity.plan.EntityLoader - Static select for entity edu.ncsu.csc.itrust2.models.persistent.Prescription [PESSIMISTIC_WRITE]: select prescripti0_.id as id1_14_0_, prescripti0_.dosage as dosage2_14_0_, prescripti0_.drug_id as drug_id6_14_0_, prescripti0_.endDate as endDate3_14_0_, prescripti0_.patient_id as patient_7_14_0_, prescripti0_.renewals as renewals4_14_0_, prescripti0_.startDate as startDat5_14_0_ from Prescriptions prescripti0_ where prescripti0_.id=? for update
00:31:25.522 [main] DEBUG o.h.l.p.b.i.spaces.QuerySpacesImpl - Adding QuerySpace : uid = <gen:0> -> org.hibernate.loader.plan.build.internal.spaces.EntityQuerySpaceImpl@1a942990]
00:31:25.522 [main] DEBUG o.h.p.w.spi.MetamodelGraphWalker - Visiting attribute path : dosage
00:31:25.522 [main] DEBUG o.h.p.w.spi.MetamodelGraphWalker - Visiting attribute path : drug
00:31:25.522 [main] DEBUG o.h.l.p.b.i.spaces.QuerySpacesImpl - Adding QuerySpace : uid = <gen:1> -> org.hibernate.loader.plan.build.internal.spaces.EntityQuerySpaceImpl@1b708791]
00:31:25.522 [main] DEBUG o.h.p.w.spi.MetamodelGraphWalker - Visiting attribute path : endDate
00:31:25.522 [main] DEBUG o.h.p.w.spi.MetamodelGraphWalker - Visiting attribute path : patient
00:31:25.523 [main] DEBUG o.h.l.p.b.i.spaces.QuerySpacesImpl - Adding QuerySpace : uid = <gen:2> -> org.hibernate.loader.plan.build.internal.spaces.EntityQuerySpaceImpl@76f5ab8c]
00:31:25.523 [main] DEBUG o.h.p.w.spi.MetamodelGraphWalker - Visiting attribute path : renewals
00:31:25.523 [main] DEBUG o.h.p.w.spi.MetamodelGraphWalker - Visiting attribute path : startDate
00:31:25.523 [main] DEBUG o.h.l.p.b.i.FetchStyleLoadPlanBuildingAssociationVisitationStrategy - Building LoadPlan...
00:31:25.523 [main] DEBUG o.h.l.p.e.i.LoadQueryJoinAndFetchProcessor - processing queryspace <gen:0>
00:31:25.523 [main] DEBUG o.h.l.p.b.spi.LoadPlanTreePrinter - LoadPlan(entity=edu.ncsu.csc.itrust2.models.persistent.Prescription)
    - Returns
       - EntityReturnImpl(entity=edu.ncsu.csc.itrust2.models.persistent.Prescription, querySpaceUid=<gen:0>, path=edu.ncsu.csc.itrust2.models.persistent.Prescription)
          - EntityAttributeFetchImpl(entity=edu.ncsu.csc.itrust2.models.persistent.Drug, querySpaceUid=<gen:1>, path=edu.ncsu.csc.itrust2.models.persistent.Prescription.drug)
          - EntityAttributeFetchImpl(entity=edu.ncsu.csc.itrust2.models.persistent.User, querySpaceUid=<gen:2>, path=edu.ncsu.csc.itrust2.models.persistent.Prescription.patient)
    - QuerySpaces
       - EntityQuerySpaceImpl(uid=<gen:0>, entity=edu.ncsu.csc.itrust2.models.persistent.Prescription)
          - SQL table alias mapping - prescripti0_
          - alias suffix - 0_
          - suffixed key columns - {id1_14_0_}

00:31:25.523 [main] DEBUG o.h.loader.entity.plan.EntityLoader - Static select for entity edu.ncsu.csc.itrust2.models.persistent.Prescription [PESSIMISTIC_FORCE_INCREMENT]: select prescripti0_.id as id1_14_0_, prescripti0_.dosage as dosage2_14_0_, prescripti0_.drug_id as drug_id6_14_0_, prescripti0_.endDate as endDate3_14_0_, prescripti0_.patient_id as patient_7_14_0_, prescripti0_.renewals as renewals4_14_0_, prescripti0_.startDate as startDat5_14_0_ from Prescriptions prescripti0_ where prescripti0_.id=? for update
00:31:25.523 [main] DEBUG o.h.l.p.b.i.spaces.QuerySpacesImpl - Adding QuerySpace : uid = <gen:0> -> org.hibernate.loader.plan.build.internal.spaces.EntityQuerySpaceImpl@4d96d46b]
00:31:25.523 [main] DEBUG o.h.p.w.spi.MetamodelGraphWalker - Visiting attribute path : dosage
00:31:25.524 [main] DEBUG o.h.p.w.spi.MetamodelGraphWalker - Visiting attribute path : drug
00:31:25.524 [main] DEBUG o.h.l.p.b.i.spaces.QuerySpacesImpl - Adding QuerySpace : uid = <gen:1> -> org.hibernate.loader.plan.build.internal.spaces.EntityQuerySpaceImpl@27731eb1]
00:31:25.530 [main] DEBUG o.h.p.w.spi.MetamodelGraphWalker - Visiting attribute path : endDate
00:31:25.530 [main] DEBUG o.h.p.w.spi.MetamodelGraphWalker - Visiting attribute path : patient
00:31:25.530 [main] DEBUG o.h.l.p.b.i.spaces.QuerySpacesImpl - Adding QuerySpace : uid = <gen:2> -> org.hibernate.loader.plan.build.internal.spaces.EntityQuerySpaceImpl@7c016818]
00:31:25.530 [main] DEBUG o.h.p.w.spi.MetamodelGraphWalker - Visiting attribute path : renewals
00:31:25.530 [main] DEBUG o.h.p.w.spi.MetamodelGraphWalker - Visiting attribute path : startDate
00:31:25.530 [main] DEBUG o.h.l.p.b.i.FetchStyleLoadPlanBuildingAssociationVisitationStrategy - Building LoadPlan...
00:31:25.531 [main] DEBUG o.h.l.p.e.i.LoadQueryJoinAndFetchProcessor - processing queryspace <gen:0>
00:31:25.531 [main] DEBUG o.h.l.p.b.spi.LoadPlanTreePrinter - LoadPlan(entity=edu.ncsu.csc.itrust2.models.persistent.Prescription)
    - Returns
       - EntityReturnImpl(entity=edu.ncsu.csc.itrust2.models.persistent.Prescription, querySpaceUid=<gen:0>, path=edu.ncsu.csc.itrust2.models.persistent.Prescription)
          - EntityAttributeFetchImpl(entity=edu.ncsu.csc.itrust2.models.persistent.Drug, querySpaceUid=<gen:1>, path=edu.ncsu.csc.itrust2.models.persistent.Prescription.drug)
          - EntityAttributeFetchImpl(entity=edu.ncsu.csc.itrust2.models.persistent.User, querySpaceUid=<gen:2>, path=edu.ncsu.csc.itrust2.models.persistent.Prescription.patient)
    - QuerySpaces
       - EntityQuerySpaceImpl(uid=<gen:0>, entity=edu.ncsu.csc.itrust2.models.persistent.Prescription)
          - SQL table alias mapping - prescripti0_
          - alias suffix - 0_
          - suffixed key columns - {id1_14_0_}

00:31:25.531 [main] DEBUG o.h.loader.entity.plan.EntityLoader - Static select for entity edu.ncsu.csc.itrust2.models.persistent.Prescription [OPTIMISTIC]: select prescripti0_.id as id1_14_0_, prescripti0_.dosage as dosage2_14_0_, prescripti0_.drug_id as drug_id6_14_0_, prescripti0_.endDate as endDate3_14_0_, prescripti0_.patient_id as patient_7_14_0_, prescripti0_.renewals as renewals4_14_0_, prescripti0_.startDate as startDat5_14_0_ from Prescriptions prescripti0_ where prescripti0_.id=?
00:31:25.531 [main] DEBUG o.h.l.p.b.i.spaces.QuerySpacesImpl - Adding QuerySpace : uid = <gen:0> -> org.hibernate.loader.plan.build.internal.spaces.EntityQuerySpaceImpl@74fde7f]
00:31:25.531 [main] DEBUG o.h.p.w.spi.MetamodelGraphWalker - Visiting attribute path : dosage
00:31:25.531 [main] DEBUG o.h.p.w.spi.MetamodelGraphWalker - Visiting attribute path : drug
00:31:25.531 [main] DEBUG o.h.l.p.b.i.spaces.QuerySpacesImpl - Adding QuerySpace : uid = <gen:1> -> org.hibernate.loader.plan.build.internal.spaces.EntityQuerySpaceImpl@2bd3aa8]
00:31:25.531 [main] DEBUG o.h.p.w.spi.MetamodelGraphWalker - Visiting attribute path : endDate
00:31:25.531 [main] DEBUG o.h.p.w.spi.MetamodelGraphWalker - Visiting attribute path : patient
00:31:25.531 [main] DEBUG o.h.l.p.b.i.spaces.QuerySpacesImpl - Adding QuerySpace : uid = <gen:2> -> org.hibernate.loader.plan.build.internal.spaces.EntityQuerySpaceImpl@758bd34f]
00:31:25.531 [main] DEBUG o.h.p.w.spi.MetamodelGraphWalker - Visiting attribute path : renewals
00:31:25.531 [main] DEBUG o.h.p.w.spi.MetamodelGraphWalker - Visiting attribute path : startDate
00:31:25.531 [main] DEBUG o.h.l.p.b.i.FetchStyleLoadPlanBuildingAssociationVisitationStrategy - Building LoadPlan...
00:31:25.532 [main] DEBUG o.h.l.p.e.i.LoadQueryJoinAndFetchProcessor - processing queryspace <gen:0>
00:31:25.532 [main] DEBUG o.h.l.p.b.spi.LoadPlanTreePrinter - LoadPlan(entity=edu.ncsu.csc.itrust2.models.persistent.Prescription)
    - Returns
       - EntityReturnImpl(entity=edu.ncsu.csc.itrust2.models.persistent.Prescription, querySpaceUid=<gen:0>, path=edu.ncsu.csc.itrust2.models.persistent.Prescription)
          - EntityAttributeFetchImpl(entity=edu.ncsu.csc.itrust2.models.persistent.Drug, querySpaceUid=<gen:1>, path=edu.ncsu.csc.itrust2.models.persistent.Prescription.drug)
          - EntityAttributeFetchImpl(entity=edu.ncsu.csc.itrust2.models.persistent.User, querySpaceUid=<gen:2>, path=edu.ncsu.csc.itrust2.models.persistent.Prescription.patient)
    - QuerySpaces
       - EntityQuerySpaceImpl(uid=<gen:0>, entity=edu.ncsu.csc.itrust2.models.persistent.Prescription)
          - SQL table alias mapping - prescripti0_
          - alias suffix - 0_
          - suffixed key columns - {id1_14_0_}

00:31:25.532 [main] DEBUG o.h.loader.entity.plan.EntityLoader - Static select for entity edu.ncsu.csc.itrust2.models.persistent.Prescription [OPTIMISTIC_FORCE_INCREMENT]: select prescripti0_.id as id1_14_0_, prescripti0_.dosage as dosage2_14_0_, prescripti0_.drug_id as drug_id6_14_0_, prescripti0_.endDate as endDate3_14_0_, prescripti0_.patient_id as patient_7_14_0_, prescripti0_.renewals as renewals4_14_0_, prescripti0_.startDate as startDat5_14_0_ from Prescriptions prescripti0_ where prescripti0_.id=?
00:31:25.532 [main] DEBUG org.hibernate.loader.Loader - Static select for action ACTION_MERGE on entity edu.ncsu.csc.itrust2.models.persistent.Prescription: select prescripti0_.id as id1_14_0_, prescripti0_.dosage as dosage2_14_0_, prescripti0_.drug_id as drug_id6_14_0_, prescripti0_.endDate as endDate3_14_0_, prescripti0_.patient_id as patient_7_14_0_, prescripti0_.renewals as renewals4_14_0_, prescripti0_.startDate as startDat5_14_0_ from Prescriptions prescripti0_ where prescripti0_.id=?
00:31:25.532 [main] DEBUG org.hibernate.loader.Loader - Static select for action ACTION_REFRESH on entity edu.ncsu.csc.itrust2.models.persistent.Prescription: select prescripti0_.id as id1_14_0_, prescripti0_.dosage as dosage2_14_0_, prescripti0_.drug_id as drug_id6_14_0_, prescripti0_.endDate as endDate3_14_0_, prescripti0_.patient_id as patient_7_14_0_, prescripti0_.renewals as renewals4_14_0_, prescripti0_.startDate as startDat5_14_0_ from Prescriptions prescripti0_ where prescripti0_.id=?
00:31:25.541 [main] DEBUG o.h.l.p.b.i.spaces.QuerySpacesImpl - Adding QuerySpace : uid = <gen:0> -> org.hibernate.loader.plan.build.internal.spaces.CollectionQuerySpaceImpl@511da605]
00:31:25.549 [main] DEBUG o.h.l.p.b.i.spaces.QuerySpacesImpl - Adding QuerySpace : uid = <gen:1> -> org.hibernate.loader.plan.build.internal.spaces.EntityQuerySpaceImpl@48578e68]
00:31:25.549 [main] DEBUG o.h.p.w.spi.MetamodelGraphWalker - Visiting attribute path : dosage
00:31:25.549 [main] DEBUG o.h.p.w.spi.MetamodelGraphWalker - Visiting attribute path : drug
00:31:25.549 [main] DEBUG o.h.l.p.b.i.spaces.QuerySpacesImpl - Adding QuerySpace : uid = <gen:2> -> org.hibernate.loader.plan.build.internal.spaces.EntityQuerySpaceImpl@7a3a1062]
00:31:25.550 [main] DEBUG o.h.p.w.spi.MetamodelGraphWalker - Visiting attribute path : drug.code
00:31:25.550 [main] DEBUG o.h.p.w.spi.MetamodelGraphWalker - Visiting attribute path : drug.description
00:31:25.550 [main] DEBUG o.h.p.w.spi.MetamodelGraphWalker - Visiting attribute path : drug.name
00:31:25.550 [main] DEBUG o.h.p.w.spi.MetamodelGraphWalker - Visiting attribute path : endDate
00:31:25.550 [main] DEBUG o.h.p.w.spi.MetamodelGraphWalker - Visiting attribute path : patient
00:31:25.550 [main] DEBUG o.h.l.p.b.i.spaces.QuerySpacesImpl - Adding QuerySpace : uid = <gen:3> -> org.hibernate.loader.plan.build.internal.spaces.EntityQuerySpaceImpl@7d08dc]
00:31:25.550 [main] DEBUG o.h.p.w.spi.MetamodelGraphWalker - Visiting attribute path : patient.enabled
00:31:25.550 [main] DEBUG o.h.p.w.spi.MetamodelGraphWalker - Visiting attribute path : patient.password
00:31:25.550 [main] DEBUG o.h.p.w.spi.MetamodelGraphWalker - Visiting attribute path : patient.role
00:31:25.550 [main] DEBUG o.h.p.w.spi.MetamodelGraphWalker - Visiting attribute path : renewals
00:31:25.550 [main] DEBUG o.h.p.w.spi.MetamodelGraphWalker - Visiting attribute path : startDate
00:31:25.550 [main] DEBUG o.h.l.p.b.i.FetchStyleLoadPlanBuildingAssociationVisitationStrategy - Building LoadPlan...
00:31:25.553 [main] DEBUG o.h.l.p.e.i.LoadQueryJoinAndFetchProcessor - processing queryspace <gen:0>
00:31:25.554 [main] DEBUG o.h.l.p.b.spi.LoadPlanTreePrinter - LoadPlan(collection=edu.ncsu.csc.itrust2.models.persistent.OfficeVisit.prescriptions)
    - Returns
       - CollectionReturnImpl(collection=edu.ncsu.csc.itrust2.models.persistent.OfficeVisit.prescriptions, querySpaceUid=<gen:0>, path=[edu.ncsu.csc.itrust2.models.persistent.OfficeVisit.prescriptions])
          - (collection element) CollectionFetchableElementEntityGraph(entity=edu.ncsu.csc.itrust2.models.persistent.Prescription, querySpaceUid=<gen:1>, path=[edu.ncsu.csc.itrust2.models.persistent.OfficeVisit.prescriptions].<elements>)
             - EntityAttributeFetchImpl(entity=edu.ncsu.csc.itrust2.models.persistent.Drug, querySpaceUid=<gen:2>, path=[edu.ncsu.csc.itrust2.models.persistent.OfficeVisit.prescriptions].<elements>.drug)
             - EntityAttributeFetchImpl(entity=edu.ncsu.csc.itrust2.models.persistent.User, querySpaceUid=<gen:3>, path=[edu.ncsu.csc.itrust2.models.persistent.OfficeVisit.prescriptions].<elements>.patient)
    - QuerySpaces
       - CollectionQuerySpaceImpl(uid=<gen:0>, collection=edu.ncsu.csc.itrust2.models.persistent.OfficeVisit.prescriptions)
          - SQL table alias mapping - prescripti0_
          - alias suffix - 0_
          - suffixed key columns - {prescrip8_14_0_}
          - entity-element alias suffix - 1_
          - 1_entity-element suffixed key columns - id1_14_1_
          - JOIN (JoinDefinedByMetadata(elements)) : <gen:0> -> <gen:1>
             - EntityQuerySpaceImpl(uid=<gen:1>, entity=edu.ncsu.csc.itrust2.models.persistent.Prescription)
                - SQL table alias mapping - prescripti0_
                - alias suffix - 1_
                - suffixed key columns - {id1_14_1_}
                - JOIN (JoinDefinedByMetadata(drug)) : <gen:1> -> <gen:2>
                   - EntityQuerySpaceImpl(uid=<gen:2>, entity=edu.ncsu.csc.itrust2.models.persistent.Drug)
                      - SQL table alias mapping - drug1_
                      - alias suffix - 2_
                      - suffixed key columns - {id1_3_2_}
                - JOIN (JoinDefinedByMetadata(patient)) : <gen:1> -> <gen:3>
                   - EntityQuerySpaceImpl(uid=<gen:3>, entity=edu.ncsu.csc.itrust2.models.persistent.User)
                      - SQL table alias mapping - user2_
                      - alias suffix - 3_
                      - suffixed key columns - {username1_15_3_}

00:31:25.554 [main] DEBUG o.h.l.c.plan.CollectionLoader - Static select for collection edu.ncsu.csc.itrust2.models.persistent.OfficeVisit.prescriptions: select prescripti0_.prescriptions_id as prescrip8_14_0_, prescripti0_.id as id1_14_0_, prescripti0_.id as id1_14_1_, prescripti0_.dosage as dosage2_14_1_, prescripti0_.drug_id as drug_id6_14_1_, prescripti0_.endDate as endDate3_14_1_, prescripti0_.patient_id as patient_7_14_1_, prescripti0_.renewals as renewals4_14_1_, prescripti0_.startDate as startDat5_14_1_, drug1_.id as id1_3_2_, drug1_.code as code2_3_2_, drug1_.description as descript3_3_2_, drug1_.name as name4_3_2_, user2_.username as username1_15_3_, user2_.enabled as enabled2_15_3_, user2_.password as password3_15_3_, user2_.role as role4_15_3_ from Prescriptions prescripti0_ inner join Drugs drug1_ on prescripti0_.drug_id=drug1_.id inner join Users user2_ on prescripti0_.patient_id=user2_.username where prescripti0_.prescriptions_id=?
00:31:25.554 [main] DEBUG o.h.internal.SessionFactoryImpl - Instantiated session factory
00:31:25.560 [main] INFO  o.h.tool.hbm2ddl.SchemaUpdate - HHH000228: Running hbm2ddl schema update
00:31:25.621 [main] DEBUG org.hibernate.mapping.Table - No alter strings for table : AppointmentRequests
00:31:25.679 [main] DEBUG org.hibernate.mapping.Table - No alter strings for table : BasicHealthMetrics
00:31:25.698 [main] DEBUG org.hibernate.mapping.Table - No alter strings for table : Diagnoses
00:31:25.711 [main] DEBUG org.hibernate.mapping.Table - No alter strings for table : Drugs
00:31:25.714 [main] DEBUG org.hibernate.mapping.Table - No alter strings for table : hibernate_sequence
00:31:25.738 [main] DEBUG org.hibernate.mapping.Table - No alter strings for table : Hospitals
00:31:25.745 [main] DEBUG org.hibernate.mapping.Table - No alter strings for table : ICDCodes
00:31:25.768 [main] DEBUG org.hibernate.mapping.Table - No alter strings for table : LogEntries
00:31:25.785 [main] DEBUG org.hibernate.mapping.Table - No alter strings for table : LoginAttempts
00:31:25.794 [main] DEBUG org.hibernate.mapping.Table - No alter strings for table : LoginBans
00:31:25.803 [main] DEBUG org.hibernate.mapping.Table - No alter strings for table : LoginLockouts
00:31:25.823 [main] DEBUG org.hibernate.mapping.Table - No alter strings for table : OfficeVisits
00:31:25.832 [main] DEBUG org.hibernate.mapping.Table - No alter strings for table : PasswordResetTokens
00:31:25.877 [main] DEBUG org.hibernate.mapping.Table - No alter strings for table : Patients
00:31:25.905 [main] DEBUG org.hibernate.mapping.Table - No alter strings for table : Personnel
00:31:25.921 [main] DEBUG org.hibernate.mapping.Table - No alter strings for table : Prescriptions
00:31:25.942 [main] DEBUG org.hibernate.mapping.Table - No alter strings for table : Users
00:31:26.081 [main] DEBUG o.h.e.t.j.p.i.JtaPlatformInitiator - No JtaPlatform was specified, checking resolver
00:31:26.082 [main] DEBUG o.h.e.t.j.p.i.JtaPlatformResolverInitiator - No JtaPlatformResolver was specified, using default [org.hibernate.engine.transaction.jta.platform.internal.StandardJtaPlatformResolver]
00:31:26.087 [main] DEBUG o.h.e.t.j.p.i.StandardJtaPlatformResolver - Could not resolve JtaPlatform, using default [org.hibernate.engine.transaction.jta.platform.internal.NoJtaPlatform]
00:31:26.088 [main] DEBUG o.h.internal.NamedQueryRepository - Checking 0 named HQL queries
00:31:26.088 [main] DEBUG o.h.internal.NamedQueryRepository - Checking 0 named SQL queries
00:31:26.091 [main] DEBUG o.h.internal.SessionFactoryRegistry - Initializing SessionFactoryRegistry : org.hibernate.internal.SessionFactoryRegistry@5e0d0946
00:31:26.094 [main] DEBUG o.h.internal.SessionFactoryRegistry - Registering SessionFactory: 076a6a74-04b5-4cd2-bd18-1fbf41a41fda (<unnamed>)
00:31:26.094 [main] DEBUG o.h.internal.SessionFactoryRegistry - Not binding SessionFactory to JNDI, no JNDI name configured
00:31:26.192 [main] DEBUG o.h.s.internal.StatisticsInitiator - Statistics initialized [enabled=false]
00:31:26.193 [main] DEBUG o.h.e.t.internal.TransactionImpl - begin
00:31:26.228 [main] DEBUG org.hibernate.SQL - select this_.name as name1_4_0_, this_.address as address2_4_0_, this_.state as state3_4_0_, this_.zip as zip4_4_0_ from Hospitals this_ where this_.name=?
Hibernate: select this_.name as name1_4_0_, this_.address as address2_4_0_, this_.state as state3_4_0_, this_.zip as zip4_4_0_ from Hospitals this_ where this_.name=?
00:31:26.280 [main] DEBUG o.h.e.t.internal.TransactionImpl - committing
00:31:26.284 [main] DEBUG o.h.e.t.internal.TransactionImpl - begin
00:31:26.298 [main] DEBUG org.hibernate.SQL - select next_val as id_val from hibernate_sequence for update
Hibernate: select next_val as id_val from hibernate_sequence for update
00:31:26.299 [main] DEBUG org.hibernate.SQL - update hibernate_sequence set next_val= ? where next_val=?
Hibernate: update hibernate_sequence set next_val= ? where next_val=?
00:31:26.302 [main] DEBUG o.h.e.i.AbstractSaveEventListener - Generated identifier: 3, using strategy: org.hibernate.id.enhanced.SequenceStyleGenerator
00:31:26.323 [main] DEBUG o.h.e.t.internal.TransactionImpl - committing
00:31:26.324 [main] DEBUG o.h.e.i.AbstractFlushingEventListener - Processing flush-time cascades
00:31:26.325 [main] DEBUG o.h.e.i.AbstractFlushingEventListener - Dirty checking collections
00:31:26.328 [main] DEBUG o.h.e.i.AbstractFlushingEventListener - Flushed: 1 insertions, 0 updates, 0 deletions to 1 objects
00:31:26.328 [main] DEBUG o.h.e.i.AbstractFlushingEventListener - Flushed: 0 (re)creations, 0 updates, 0 removals to 0 collections
00:31:26.330 [main] DEBUG o.h.internal.util.EntityPrinter - Listing entities:
00:31:26.331 [main] DEBUG o.h.internal.util.EntityPrinter - edu.ncsu.csc.itrust2.models.persistent.LogEntry{secondaryUser=null, logCode=16, primaryUser=SPRING_API_TEST_USER, id=3, time=java.util.GregorianCalendar[time=1521693086284,areFieldsSet=true,areAllFieldsSet=true,lenient=true,zone=sun.util.calendar.ZoneInfo[id="America/New_York",offset=-18000000,dstSavings=3600000,useDaylight=true,transitions=235,lastRule=java.util.SimpleTimeZone[id=America/New_York,offset=-18000000,dstSavings=3600000,useDaylight=true,startYear=0,startMode=3,startMonth=2,startDay=8,startDayOfWeek=1,startTime=7200000,startTimeMode=0,endMode=3,endMonth=10,endDay=1,endDayOfWeek=1,endTime=7200000,endTimeMode=0]],firstDayOfWeek=1,minimalDaysInFirstWeek=1,ERA=1,YEAR=2018,MONTH=2,WEEK_OF_YEAR=12,WEEK_OF_MONTH=4,DAY_OF_MONTH=22,DAY_OF_YEAR=81,DAY_OF_WEEK=5,DAY_OF_WEEK_IN_MONTH=4,AM_PM=0,HOUR=0,HOUR_OF_DAY=0,MINUTE=31,SECOND=26,MILLISECOND=284,ZONE_OFFSET=-18000000,DST_OFFSET=3600000], message=null}
00:31:26.373 [main] DEBUG org.hibernate.SQL - insert into LogEntries (logCode, message, primaryUser, secondaryUser, time, id) values (?, ?, ?, ?, ?, ?)
Hibernate: insert into LogEntries (logCode, message, primaryUser, secondaryUser, time, id) values (?, ?, ?, ?, ?, ?)
00:31:26.399 [main] DEBUG o.h.e.j.internal.JdbcCoordinatorImpl - HHH000420: Closing un-released batch
00:31:26.413 [main] DEBUG o.s.t.w.s.TestDispatcherServlet - Null ModelAndView returned to DispatcherServlet with name '': assuming HandlerAdapter completed request handling
00:31:26.413 [main] DEBUG o.s.t.w.s.TestDispatcherServlet - Successfully completed request
00:31:26.415 [main] DEBUG o.s.b.f.s.DefaultListableBeanFactory - Returning cached instance of singleton bean 'loginAuditingListener'
00:31:26.415 [main] DEBUG o.s.b.f.s.DefaultListableBeanFactory - Returning cached instance of singleton bean 'delegatingApplicationListener'
00:31:26.422 [main] DEBUG o.s.t.c.s.AbstractDirtiesContextTestExecutionListener - After test method: context [DefaultTestContext@70c53dbe testClass = APIHospitalTest, testInstance = edu.ncsu.csc.itrust2.apitest.APIHospitalTest@4edea211, testMethod = testGetNonExistentHospital@APIHospitalTest, testException = java.lang.AssertionError: Status expected:<404> but was:<200>, mergedContextConfiguration = [WebMergedContextConfiguration@1894e40d testClass = APIHospitalTest, locations = '{}', classes = '{class edu.ncsu.csc.itrust2.config.RootConfiguration, class edu.ncsu.csc.itrust2.mvc.config.WebMvcConfiguration}', contextInitializerClasses = '[]', activeProfiles = '{}', propertySourceLocations = '{}', propertySourceProperties = '{}', contextCustomizers = set[[empty]], resourceBasePath = 'src/main/webapp', contextLoader = 'org.springframework.test.context.web.WebDelegatingSmartContextLoader', parent = [null]]], class annotated with @DirtiesContext [false] with mode [null], method annotated with @DirtiesContext [false] with mode [null].
00:31:26.422 [main] DEBUG o.s.t.c.w.ServletTestExecutionListener - Resetting RequestContextHolder for test context [DefaultTestContext@70c53dbe testClass = APIHospitalTest, testInstance = edu.ncsu.csc.itrust2.apitest.APIHospitalTest@4edea211, testMethod = testGetNonExistentHospital@APIHospitalTest, testException = java.lang.AssertionError: Status expected:<404> but was:<200>, mergedContextConfiguration = [WebMergedContextConfiguration@1894e40d testClass = APIHospitalTest, locations = '{}', classes = '{class edu.ncsu.csc.itrust2.config.RootConfiguration, class edu.ncsu.csc.itrust2.mvc.config.WebMvcConfiguration}', contextInitializerClasses = '[]', activeProfiles = '{}', propertySourceLocations = '{}', propertySourceProperties = '{}', contextCustomizers = set[[empty]], resourceBasePath = 'src/main/webapp', contextLoader = 'org.springframework.test.context.web.WebDelegatingSmartContextLoader', parent = [null]]].
]]></system-out>
    <system-err><![CDATA[java.lang.NullPointerException
	at java.util.Properties$LineReader.readLine(Properties.java:434)
	at java.util.Properties.load0(Properties.java:353)
	at java.util.Properties.load(Properties.java:341)
	at edu.ncsu.csc.itrust2.utils.DBUtil.dataSource(DBUtil.java:42)
	at edu.ncsu.csc.itrust2.config.DataConfiguration.dataSource(DataConfiguration.java:27)
	at edu.ncsu.csc.itrust2.config.DataConfiguration$$EnhancerBySpringCGLIB$$1cb579eb.CGLIB$dataSource$0(<generated>)
	at edu.ncsu.csc.itrust2.config.DataConfiguration$$EnhancerBySpringCGLIB$$1cb579eb$$FastClassBySpringCGLIB$$1b090b78.invoke(<generated>)
	at org.springframework.cglib.proxy.MethodProxy.invokeSuper(MethodProxy.java:228)
	at org.springframework.context.annotation.ConfigurationClassEnhancer$BeanMethodInterceptor.intercept(ConfigurationClassEnhancer.java:356)
	at edu.ncsu.csc.itrust2.config.DataConfiguration$$EnhancerBySpringCGLIB$$1cb579eb.dataSource(<generated>)
	at sun.reflect.NativeMethodAccessorImpl.invoke0(Native Method)
	at sun.reflect.NativeMethodAccessorImpl.invoke(NativeMethodAccessorImpl.java:62)
	at sun.reflect.DelegatingMethodAccessorImpl.invoke(DelegatingMethodAccessorImpl.java:43)
	at java.lang.reflect.Method.invoke(Method.java:498)
	at org.springframework.beans.factory.support.SimpleInstantiationStrategy.instantiate(SimpleInstantiationStrategy.java:162)
	at org.springframework.beans.factory.support.ConstructorResolver.instantiateUsingFactoryMethod(ConstructorResolver.java:588)
	at org.springframework.beans.factory.support.AbstractAutowireCapableBeanFactory.instantiateUsingFactoryMethod(AbstractAutowireCapableBeanFactory.java:1134)
	at org.springframework.beans.factory.support.AbstractAutowireCapableBeanFactory.createBeanInstance(AbstractAutowireCapableBeanFactory.java:1028)
	at org.springframework.beans.factory.support.AbstractAutowireCapableBeanFactory.doCreateBean(AbstractAutowireCapableBeanFactory.java:513)
	at org.springframework.beans.factory.support.AbstractAutowireCapableBeanFactory.createBean(AbstractAutowireCapableBeanFactory.java:483)
	at org.springframework.beans.factory.support.AbstractBeanFactory$1.getObject(AbstractBeanFactory.java:306)
	at org.springframework.beans.factory.support.DefaultSingletonBeanRegistry.getSingleton(DefaultSingletonBeanRegistry.java:230)
	at org.springframework.beans.factory.support.AbstractBeanFactory.doGetBean(AbstractBeanFactory.java:302)
	at org.springframework.beans.factory.support.AbstractBeanFactory.getBean(AbstractBeanFactory.java:202)
	at org.springframework.beans.factory.config.DependencyDescriptor.resolveCandidate(DependencyDescriptor.java:207)
	at org.springframework.beans.factory.support.DefaultListableBeanFactory.doResolveDependency(DefaultListableBeanFactory.java:1136)
	at org.springframework.beans.factory.support.DefaultListableBeanFactory.resolveDependency(DefaultListableBeanFactory.java:1064)
	at org.springframework.beans.factory.annotation.AutowiredAnnotationBeanPostProcessor$AutowiredFieldElement.inject(AutowiredAnnotationBeanPostProcessor.java:585)
	at org.springframework.beans.factory.annotation.InjectionMetadata.inject(InjectionMetadata.java:88)
	at org.springframework.beans.factory.annotation.AutowiredAnnotationBeanPostProcessor.postProcessPropertyValues(AutowiredAnnotationBeanPostProcessor.java:366)
	at org.springframework.beans.factory.support.AbstractAutowireCapableBeanFactory.populateBean(AbstractAutowireCapableBeanFactory.java:1225)
	at org.springframework.beans.factory.support.AbstractAutowireCapableBeanFactory.doCreateBean(AbstractAutowireCapableBeanFactory.java:552)
	at org.springframework.beans.factory.support.AbstractAutowireCapableBeanFactory.createBean(AbstractAutowireCapableBeanFactory.java:483)
	at org.springframework.beans.factory.support.AbstractBeanFactory$1.getObject(AbstractBeanFactory.java:306)
	at org.springframework.beans.factory.support.DefaultSingletonBeanRegistry.getSingleton(DefaultSingletonBeanRegistry.java:230)
	at org.springframework.beans.factory.support.AbstractBeanFactory.doGetBean(AbstractBeanFactory.java:302)
	at org.springframework.beans.factory.support.AbstractBeanFactory.getBean(AbstractBeanFactory.java:197)
	at org.springframework.beans.factory.support.DefaultListableBeanFactory.preInstantiateSingletons(DefaultListableBeanFactory.java:759)
	at org.springframework.context.support.AbstractApplicationContext.finishBeanFactoryInitialization(AbstractApplicationContext.java:866)
	at org.springframework.context.support.AbstractApplicationContext.refresh(AbstractApplicationContext.java:542)
	at org.springframework.test.context.web.AbstractGenericWebContextLoader.loadContext(AbstractGenericWebContextLoader.java:134)
	at org.springframework.test.context.web.AbstractGenericWebContextLoader.loadContext(AbstractGenericWebContextLoader.java:61)
	at org.springframework.test.context.support.AbstractDelegatingSmartContextLoader.delegateLoading(AbstractDelegatingSmartContextLoader.java:108)
	at org.springframework.test.context.support.AbstractDelegatingSmartContextLoader.loadContext(AbstractDelegatingSmartContextLoader.java:251)
	at org.springframework.test.context.cache.DefaultCacheAwareContextLoaderDelegate.loadContextInternal(DefaultCacheAwareContextLoaderDelegate.java:98)
	at org.springframework.test.context.cache.DefaultCacheAwareContextLoaderDelegate.loadContext(DefaultCacheAwareContextLoaderDelegate.java:116)
	at org.springframework.test.context.support.DefaultTestContext.getApplicationContext(DefaultTestContext.java:83)
	at org.springframework.test.context.web.ServletTestExecutionListener.setUpRequestContextIfNecessary(ServletTestExecutionListener.java:189)
	at org.springframework.test.context.web.ServletTestExecutionListener.prepareTestInstance(ServletTestExecutionListener.java:131)
	at org.springframework.test.context.TestContextManager.prepareTestInstance(TestContextManager.java:230)
	at org.springframework.test.context.junit4.SpringJUnit4ClassRunner.createTest(SpringJUnit4ClassRunner.java:228)
	at org.springframework.test.context.junit4.SpringJUnit4ClassRunner$1.runReflectiveCall(SpringJUnit4ClassRunner.java:287)
	at org.junit.internal.runners.model.ReflectiveCallable.run(ReflectiveCallable.java:12)
	at org.springframework.test.context.junit4.SpringJUnit4ClassRunner.methodBlock(SpringJUnit4ClassRunner.java:289)
	at org.springframework.test.context.junit4.SpringJUnit4ClassRunner.runChild(SpringJUnit4ClassRunner.java:247)
	at org.springframework.test.context.junit4.SpringJUnit4ClassRunner.runChild(SpringJUnit4ClassRunner.java:94)
	at org.junit.runners.ParentRunner$3.run(ParentRunner.java:290)
	at org.junit.runners.ParentRunner$1.schedule(ParentRunner.java:71)
	at org.junit.runners.ParentRunner.runChildren(ParentRunner.java:288)
	at org.junit.runners.ParentRunner.access$000(ParentRunner.java:58)
	at org.junit.runners.ParentRunner$2.evaluate(ParentRunner.java:268)
	at org.springframework.test.context.junit4.statements.RunBeforeTestClassCallbacks.evaluate(RunBeforeTestClassCallbacks.java:61)
	at org.springframework.test.context.junit4.statements.RunAfterTestClassCallbacks.evaluate(RunAfterTestClassCallbacks.java:70)
	at org.junit.runners.ParentRunner.run(ParentRunner.java:363)
	at org.springframework.test.context.junit4.SpringJUnit4ClassRunner.run(SpringJUnit4ClassRunner.java:191)
	at org.apache.maven.surefire.junit4.JUnit4Provider.execute(JUnit4Provider.java:365)
	at org.apache.maven.surefire.junit4.JUnit4Provider.executeWithRerun(JUnit4Provider.java:272)
	at org.apache.maven.surefire.junit4.JUnit4Provider.executeTestSet(JUnit4Provider.java:236)
	at org.apache.maven.surefire.junit4.JUnit4Provider.invoke(JUnit4Provider.java:159)
	at org.apache.maven.surefire.booter.ForkedBooter.invokeProviderInSameClassLoader(ForkedBooter.java:386)
	at org.apache.maven.surefire.booter.ForkedBooter.runSuitesInProcess(ForkedBooter.java:323)
	at org.apache.maven.surefire.booter.ForkedBooter.main(ForkedBooter.java:143)
]]></system-err>
  </testcase>
  <testcase name="testHospitalAPI" classname="edu.ncsu.csc.itrust2.apitest.APIHospitalTest" time="0.159">
    <failure message="Status expected:&lt;200&gt; but was:&lt;404&gt;" type="java.lang.AssertionError"><![CDATA[java.lang.AssertionError: Status expected:<200> but was:<404>
	at edu.ncsu.csc.itrust2.apitest.APIHospitalTest.testHospitalAPI(APIHospitalTest.java:72)
]]></failure>
    <system-out><![CDATA[00:31:26.431 [main] DEBUG o.s.t.annotation.ProfileValueUtils - Retrieved @ProfileValueSourceConfiguration [null] for test class [edu.ncsu.csc.itrust2.apitest.APIHospitalTest]
00:31:26.431 [main] DEBUG o.s.t.annotation.ProfileValueUtils - Retrieved ProfileValueSource type [class org.springframework.test.annotation.SystemProfileValueSource] for class [edu.ncsu.csc.itrust2.apitest.APIHospitalTest]
00:31:26.433 [main] DEBUG o.s.t.c.c.DefaultCacheAwareContextLoaderDelegate - Retrieved ApplicationContext from cache with key [[WebMergedContextConfiguration@1894e40d testClass = APIHospitalTest, locations = '{}', classes = '{class edu.ncsu.csc.itrust2.config.RootConfiguration, class edu.ncsu.csc.itrust2.mvc.config.WebMvcConfiguration}', contextInitializerClasses = '[]', activeProfiles = '{}', propertySourceLocations = '{}', propertySourceProperties = '{}', contextCustomizers = set[[empty]], resourceBasePath = 'src/main/webapp', contextLoader = 'org.springframework.test.context.web.WebDelegatingSmartContextLoader', parent = [null]]]
00:31:26.433 [main] DEBUG o.springframework.test.context.cache - Spring test ApplicationContext cache statistics: [DefaultContextCache@374d09fa size = 1, maxSize = 32, parentContextCount = 0, hitCount = 2, missCount = 1]
00:31:26.436 [main] DEBUG o.s.t.c.w.ServletTestExecutionListener - Setting up MockHttpServletRequest, MockHttpServletResponse, ServletWebRequest, and RequestContextHolder for test context [DefaultTestContext@70c53dbe testClass = APIHospitalTest, testInstance = edu.ncsu.csc.itrust2.apitest.APIHospitalTest@4ccb40be, testMethod = [null], testException = [null], mergedContextConfiguration = [WebMergedContextConfiguration@1894e40d testClass = APIHospitalTest, locations = '{}', classes = '{class edu.ncsu.csc.itrust2.config.RootConfiguration, class edu.ncsu.csc.itrust2.mvc.config.WebMvcConfiguration}', contextInitializerClasses = '[]', activeProfiles = '{}', propertySourceLocations = '{}', propertySourceProperties = '{}', contextCustomizers = set[[empty]], resourceBasePath = 'src/main/webapp', contextLoader = 'org.springframework.test.context.web.WebDelegatingSmartContextLoader', parent = [null]]].
00:31:26.436 [main] DEBUG o.s.t.c.s.DependencyInjectionTestExecutionListener - Performing dependency injection for test context [[DefaultTestContext@70c53dbe testClass = APIHospitalTest, testInstance = edu.ncsu.csc.itrust2.apitest.APIHospitalTest@4ccb40be, testMethod = [null], testException = [null], mergedContextConfiguration = [WebMergedContextConfiguration@1894e40d testClass = APIHospitalTest, locations = '{}', classes = '{class edu.ncsu.csc.itrust2.config.RootConfiguration, class edu.ncsu.csc.itrust2.mvc.config.WebMvcConfiguration}', contextInitializerClasses = '[]', activeProfiles = '{}', propertySourceLocations = '{}', propertySourceProperties = '{}', contextCustomizers = set[[empty]], resourceBasePath = 'src/main/webapp', contextLoader = 'org.springframework.test.context.web.WebDelegatingSmartContextLoader', parent = [null]]]].
00:31:26.438 [main] DEBUG o.s.t.c.c.DefaultCacheAwareContextLoaderDelegate - Retrieved ApplicationContext from cache with key [[WebMergedContextConfiguration@1894e40d testClass = APIHospitalTest, locations = '{}', classes = '{class edu.ncsu.csc.itrust2.config.RootConfiguration, class edu.ncsu.csc.itrust2.mvc.config.WebMvcConfiguration}', contextInitializerClasses = '[]', activeProfiles = '{}', propertySourceLocations = '{}', propertySourceProperties = '{}', contextCustomizers = set[[empty]], resourceBasePath = 'src/main/webapp', contextLoader = 'org.springframework.test.context.web.WebDelegatingSmartContextLoader', parent = [null]]]
00:31:26.438 [main] DEBUG o.springframework.test.context.cache - Spring test ApplicationContext cache statistics: [DefaultContextCache@374d09fa size = 1, maxSize = 32, parentContextCount = 0, hitCount = 3, missCount = 1]
00:31:26.438 [main] DEBUG o.s.b.f.annotation.InjectionMetadata - Processing injected element of bean 'edu.ncsu.csc.itrust2.apitest.APIHospitalTest': AutowiredFieldElement for private org.springframework.web.context.WebApplicationContext edu.ncsu.csc.itrust2.apitest.APIHospitalTest.context
00:31:26.440 [main] DEBUG o.s.t.c.s.AbstractDirtiesContextTestExecutionListener - Before test method: context [DefaultTestContext@70c53dbe testClass = APIHospitalTest, testInstance = edu.ncsu.csc.itrust2.apitest.APIHospitalTest@4ccb40be, testMethod = testHospitalAPI@APIHospitalTest, testException = [null], mergedContextConfiguration = [WebMergedContextConfiguration@1894e40d testClass = APIHospitalTest, locations = '{}', classes = '{class edu.ncsu.csc.itrust2.config.RootConfiguration, class edu.ncsu.csc.itrust2.mvc.config.WebMvcConfiguration}', contextInitializerClasses = '[]', activeProfiles = '{}', propertySourceLocations = '{}', propertySourceProperties = '{}', contextCustomizers = set[[empty]], resourceBasePath = 'src/main/webapp', contextLoader = 'org.springframework.test.context.web.WebDelegatingSmartContextLoader', parent = [null]]], class annotated with @DirtiesContext [false] with mode [null], method annotated with @DirtiesContext [false] with mode [null].
00:31:26.440 [main] DEBUG o.s.t.w.s.TestDispatcherServlet - Initializing servlet ''
00:31:26.440 [main] DEBUG o.s.w.c.s.StandardServletEnvironment - Adding [servletConfigInitParams] PropertySource with lowest search precedence
00:31:26.440 [main] DEBUG o.s.w.c.s.StandardServletEnvironment - Adding [servletContextInitParams] PropertySource with lowest search precedence
00:31:26.441 [main] DEBUG o.s.w.c.s.StandardServletEnvironment - Adding [systemProperties] PropertySource with lowest search precedence
00:31:26.441 [main] DEBUG o.s.w.c.s.StandardServletEnvironment - Adding [systemEnvironment] PropertySource with lowest search precedence
00:31:26.441 [main] DEBUG o.s.w.c.s.StandardServletEnvironment - Initialized StandardServletEnvironment with PropertySources [servletConfigInitParams,servletContextInitParams,systemProperties,systemEnvironment]
00:31:26.441 [main] INFO  o.s.mock.web.MockServletContext - Initializing Spring FrameworkServlet ''
00:31:26.441 [main] INFO  o.s.t.w.s.TestDispatcherServlet - FrameworkServlet '': initialization started
00:31:26.442 [main] DEBUG o.s.t.w.s.TestDispatcherServlet - Unable to locate MultipartResolver with name 'multipartResolver': no multipart request handling provided
00:31:26.442 [main] DEBUG o.s.b.f.s.DefaultListableBeanFactory - Creating instance of bean 'org.springframework.web.servlet.i18n.AcceptHeaderLocaleResolver'
00:31:26.442 [main] DEBUG o.s.b.f.s.DefaultListableBeanFactory - Finished creating instance of bean 'org.springframework.web.servlet.i18n.AcceptHeaderLocaleResolver'
00:31:26.442 [main] DEBUG o.s.t.w.s.TestDispatcherServlet - Unable to locate LocaleResolver with name 'localeResolver': using default [org.springframework.web.servlet.i18n.AcceptHeaderLocaleResolver@2676bffe]
00:31:26.442 [main] DEBUG o.s.b.f.s.DefaultListableBeanFactory - Creating instance of bean 'org.springframework.web.servlet.theme.FixedThemeResolver'
00:31:26.444 [main] DEBUG o.s.b.f.s.DefaultListableBeanFactory - Finished creating instance of bean 'org.springframework.web.servlet.theme.FixedThemeResolver'
00:31:26.444 [main] DEBUG o.s.t.w.s.TestDispatcherServlet - Unable to locate ThemeResolver with name 'themeResolver': using default [org.springframework.web.servlet.theme.FixedThemeResolver@ceee3a9]
00:31:26.445 [main] DEBUG o.s.b.f.s.DefaultListableBeanFactory - Returning cached instance of singleton bean 'requestMappingHandlerMapping'
00:31:26.445 [main] DEBUG o.s.b.f.s.DefaultListableBeanFactory - Returning cached instance of singleton bean 'viewControllerHandlerMapping'
00:31:26.445 [main] DEBUG o.s.b.f.s.DefaultListableBeanFactory - Returning cached instance of singleton bean 'beanNameHandlerMapping'
00:31:26.445 [main] DEBUG o.s.b.f.s.DefaultListableBeanFactory - Returning cached instance of singleton bean 'resourceHandlerMapping'
00:31:26.445 [main] DEBUG o.s.b.f.s.DefaultListableBeanFactory - Returning cached instance of singleton bean 'defaultServletHandlerMapping'
00:31:26.446 [main] DEBUG o.s.b.f.s.DefaultListableBeanFactory - Returning cached instance of singleton bean 'requestMappingHandlerAdapter'
00:31:26.446 [main] DEBUG o.s.b.f.s.DefaultListableBeanFactory - Returning cached instance of singleton bean 'httpRequestHandlerAdapter'
00:31:26.446 [main] DEBUG o.s.b.f.s.DefaultListableBeanFactory - Returning cached instance of singleton bean 'simpleControllerHandlerAdapter'
00:31:26.446 [main] DEBUG o.s.b.f.s.DefaultListableBeanFactory - Returning cached instance of singleton bean 'handlerExceptionResolver'
00:31:26.447 [main] DEBUG o.s.b.f.s.DefaultListableBeanFactory - Creating instance of bean 'org.springframework.web.servlet.view.DefaultRequestToViewNameTranslator'
00:31:26.447 [main] DEBUG o.s.b.f.s.DefaultListableBeanFactory - Finished creating instance of bean 'org.springframework.web.servlet.view.DefaultRequestToViewNameTranslator'
00:31:26.447 [main] DEBUG o.s.t.w.s.TestDispatcherServlet - Unable to locate RequestToViewNameTranslator with name 'viewNameTranslator': using default [org.springframework.web.servlet.view.DefaultRequestToViewNameTranslator@1a369c3a]
00:31:26.448 [main] DEBUG o.s.b.f.s.DefaultListableBeanFactory - Returning cached instance of singleton bean 'mvcViewResolver'
00:31:26.448 [main] DEBUG o.s.b.f.s.DefaultListableBeanFactory - Returning cached instance of singleton bean 'viewResolver'
00:31:26.448 [main] DEBUG o.s.b.f.s.DefaultListableBeanFactory - Creating instance of bean 'org.springframework.web.servlet.support.SessionFlashMapManager'
00:31:26.448 [main] DEBUG o.s.b.f.s.DefaultListableBeanFactory - Finished creating instance of bean 'org.springframework.web.servlet.support.SessionFlashMapManager'
00:31:26.448 [main] DEBUG o.s.t.w.s.TestDispatcherServlet - Unable to locate FlashMapManager with name 'flashMapManager': using default [org.springframework.web.servlet.support.SessionFlashMapManager@407e4ffa]
00:31:26.448 [main] DEBUG o.s.t.w.s.TestDispatcherServlet - Published WebApplicationContext of servlet '' as ServletContext attribute with name [org.springframework.web.servlet.FrameworkServlet.CONTEXT.]
00:31:26.449 [main] INFO  o.s.t.w.s.TestDispatcherServlet - FrameworkServlet '': initialization completed in 7 ms
00:31:26.449 [main] DEBUG o.s.t.w.s.TestDispatcherServlet - Servlet '' configured successfully
00:31:26.449 [main] DEBUG o.s.t.w.s.TestDispatcherServlet - DispatcherServlet with name '' processing DELETE request for [/api/v1/hospitals]
00:31:26.449 [main] DEBUG o.s.w.s.m.m.a.RequestMappingHandlerMapping - Looking up handler method for path /api/v1/hospitals
00:31:26.465 [main] DEBUG o.s.w.s.m.m.a.ExceptionHandlerExceptionResolver - Resolving exception from handler [null]: org.springframework.web.HttpRequestMethodNotSupportedException: Request method 'DELETE' not supported
00:31:26.467 [main] DEBUG o.s.w.s.m.a.ResponseStatusExceptionResolver - Resolving exception from handler [null]: org.springframework.web.HttpRequestMethodNotSupportedException: Request method 'DELETE' not supported
00:31:26.467 [main] DEBUG o.s.w.s.m.s.DefaultHandlerExceptionResolver - Resolving exception from handler [null]: org.springframework.web.HttpRequestMethodNotSupportedException: Request method 'DELETE' not supported
00:31:26.468 [main] WARN  o.s.web.servlet.PageNotFound - Request method 'DELETE' not supported
00:31:26.468 [main] DEBUG o.s.t.w.s.TestDispatcherServlet - Null ModelAndView returned to DispatcherServlet with name '': assuming HandlerAdapter completed request handling
00:31:26.468 [main] DEBUG o.s.t.w.s.TestDispatcherServlet - Successfully completed request
00:31:26.478 [main] DEBUG o.s.t.w.s.TestDispatcherServlet - DispatcherServlet with name '' processing POST request for [/api/v1/hospitals]
00:31:26.479 [main] DEBUG o.s.w.s.m.m.a.RequestMappingHandlerMapping - Looking up handler method for path /api/v1/hospitals
00:31:26.485 [main] DEBUG o.s.w.s.m.m.a.RequestMappingHandlerMapping - Returning handler method [public org.springframework.http.ResponseEntity edu.ncsu.csc.itrust2.controllers.api.APIHospitalController.createHospital(edu.ncsu.csc.itrust2.forms.admin.HospitalForm)]
00:31:26.486 [main] DEBUG o.s.b.f.s.DefaultListableBeanFactory - Returning cached instance of singleton bean 'APIHospitalController'
00:31:26.491 [main] DEBUG o.s.w.s.m.m.a.RequestResponseBodyMethodProcessor - Read [class edu.ncsu.csc.itrust2.forms.admin.HospitalForm] as "application/json" with [org.springframework.http.converter.json.GsonHttpMessageConverter@4ddf7896]
00:31:26.500 [main] DEBUG o.h.e.t.internal.TransactionImpl - begin
00:31:26.501 [main] DEBUG org.hibernate.SQL - select this_.name as name1_4_0_, this_.address as address2_4_0_, this_.state as state3_4_0_, this_.zip as zip4_4_0_ from Hospitals this_ where this_.name=?
Hibernate: select this_.name as name1_4_0_, this_.address as address2_4_0_, this_.state as state3_4_0_, this_.zip as zip4_4_0_ from Hospitals this_ where this_.name=?
00:31:26.502 [main] DEBUG o.h.e.t.internal.TransactionImpl - committing
00:31:26.503 [main] DEBUG o.h.e.t.internal.TransactionImpl - begin
00:31:26.504 [main] DEBUG org.hibernate.SQL - select hospital_.name, hospital_.address as address2_4_, hospital_.state as state3_4_, hospital_.zip as zip4_4_ from Hospitals hospital_ where hospital_.name=?
Hibernate: select hospital_.name, hospital_.address as address2_4_, hospital_.state as state3_4_, hospital_.zip as zip4_4_ from Hospitals hospital_ where hospital_.name=?
00:31:26.504 [main] DEBUG o.h.r.j.i.ResourceRegistryStandardImpl - HHH000387: ResultSet's statement was not registered
00:31:26.505 [main] DEBUG o.h.e.i.AbstractSaveEventListener - Generated identifier: iTrust Test Hospital 2, using strategy: org.hibernate.id.Assigned
00:31:26.505 [main] DEBUG o.h.e.t.internal.TransactionImpl - committing
00:31:26.505 [main] DEBUG o.h.e.i.AbstractFlushingEventListener - Processing flush-time cascades
00:31:26.505 [main] DEBUG o.h.e.i.AbstractFlushingEventListener - Dirty checking collections
00:31:26.506 [main] DEBUG o.h.e.i.AbstractFlushingEventListener - Flushed: 1 insertions, 0 updates, 0 deletions to 1 objects
00:31:26.506 [main] DEBUG o.h.e.i.AbstractFlushingEventListener - Flushed: 0 (re)creations, 0 updates, 0 removals to 0 collections
00:31:26.506 [main] DEBUG o.h.internal.util.EntityPrinter - Listing entities:
00:31:26.506 [main] DEBUG o.h.internal.util.EntityPrinter - edu.ncsu.csc.itrust2.models.persistent.Hospital{zip=27607, address=1 iTrust Test Street, name=iTrust Test Hospital 2, state=NC}
00:31:26.518 [main] DEBUG org.hibernate.SQL - insert into Hospitals (address, state, zip, name) values (?, ?, ?, ?)
Hibernate: insert into Hospitals (address, state, zip, name) values (?, ?, ?, ?)
00:31:26.522 [main] DEBUG o.h.e.j.internal.JdbcCoordinatorImpl - HHH000420: Closing un-released batch
00:31:26.522 [main] DEBUG o.h.e.t.internal.TransactionImpl - begin
00:31:26.523 [main] DEBUG org.hibernate.SQL - select next_val as id_val from hibernate_sequence for update
Hibernate: select next_val as id_val from hibernate_sequence for update
00:31:26.524 [main] DEBUG org.hibernate.SQL - update hibernate_sequence set next_val= ? where next_val=?
Hibernate: update hibernate_sequence set next_val= ? where next_val=?
00:31:26.526 [main] DEBUG o.h.e.i.AbstractSaveEventListener - Generated identifier: 4, using strategy: org.hibernate.id.enhanced.SequenceStyleGenerator
00:31:26.527 [main] DEBUG o.h.e.t.internal.TransactionImpl - committing
00:31:26.527 [main] DEBUG o.h.e.i.AbstractFlushingEventListener - Processing flush-time cascades
00:31:26.527 [main] DEBUG o.h.e.i.AbstractFlushingEventListener - Dirty checking collections
00:31:26.528 [main] DEBUG o.h.e.i.AbstractFlushingEventListener - Flushed: 1 insertions, 0 updates, 0 deletions to 1 objects
00:31:26.528 [main] DEBUG o.h.e.i.AbstractFlushingEventListener - Flushed: 0 (re)creations, 0 updates, 0 removals to 0 collections
00:31:26.528 [main] DEBUG o.h.internal.util.EntityPrinter - Listing entities:
00:31:26.528 [main] DEBUG o.h.internal.util.EntityPrinter - edu.ncsu.csc.itrust2.models.persistent.LogEntry{secondaryUser=null, logCode=15, primaryUser=SPRING_API_TEST_USER, id=4, time=java.util.GregorianCalendar[time=1521693086522,areFieldsSet=true,areAllFieldsSet=true,lenient=true,zone=sun.util.calendar.ZoneInfo[id="America/New_York",offset=-18000000,dstSavings=3600000,useDaylight=true,transitions=235,lastRule=java.util.SimpleTimeZone[id=America/New_York,offset=-18000000,dstSavings=3600000,useDaylight=true,startYear=0,startMode=3,startMonth=2,startDay=8,startDayOfWeek=1,startTime=7200000,startTimeMode=0,endMode=3,endMonth=10,endDay=1,endDayOfWeek=1,endTime=7200000,endTimeMode=0]],firstDayOfWeek=1,minimalDaysInFirstWeek=1,ERA=1,YEAR=2018,MONTH=2,WEEK_OF_YEAR=12,WEEK_OF_MONTH=4,DAY_OF_MONTH=22,DAY_OF_YEAR=81,DAY_OF_WEEK=5,DAY_OF_WEEK_IN_MONTH=4,AM_PM=0,HOUR=0,HOUR_OF_DAY=0,MINUTE=31,SECOND=26,MILLISECOND=522,ZONE_OFFSET=-18000000,DST_OFFSET=3600000], message=null}
00:31:26.530 [main] DEBUG org.hibernate.SQL - insert into LogEntries (logCode, message, primaryUser, secondaryUser, time, id) values (?, ?, ?, ?, ?, ?)
Hibernate: insert into LogEntries (logCode, message, primaryUser, secondaryUser, time, id) values (?, ?, ?, ?, ?, ?)
00:31:26.533 [main] DEBUG o.h.e.j.internal.JdbcCoordinatorImpl - HHH000420: Closing un-released batch
00:31:26.546 [main] DEBUG o.s.w.s.m.m.a.HttpEntityMethodProcessor - Written [edu.ncsu.csc.itrust2.models.persistent.Hospital@d9d6798] as "application/json" using [org.springframework.http.converter.json.GsonHttpMessageConverter@4ddf7896]
00:31:26.547 [main] DEBUG o.s.t.w.s.TestDispatcherServlet - Null ModelAndView returned to DispatcherServlet with name '': assuming HandlerAdapter completed request handling
00:31:26.547 [main] DEBUG o.s.t.w.s.TestDispatcherServlet - Successfully completed request
00:31:26.548 [main] DEBUG o.s.t.w.s.TestDispatcherServlet - DispatcherServlet with name '' processing GET request for [/api/v1/hospitals/iTrust%20Test%20Hospital%202]
00:31:26.548 [main] DEBUG o.s.w.s.m.m.a.RequestMappingHandlerMapping - Looking up handler method for path /api/v1/hospitals/iTrust Test Hospital 2
00:31:26.558 [main] DEBUG o.s.w.s.m.m.a.RequestMappingHandlerMapping - Returning handler method [public org.springframework.http.ResponseEntity edu.ncsu.csc.itrust2.controllers.api.APIHospitalController.getHospital(java.lang.String)]
00:31:26.559 [main] DEBUG o.s.b.f.s.DefaultListableBeanFactory - Returning cached instance of singleton bean 'APIHospitalController'
00:31:26.559 [main] DEBUG o.s.t.w.s.TestDispatcherServlet - Last-Modified value for [/api/v1/hospitals/iTrust%20Test%20Hospital%202] is: -1
00:31:26.560 [main] DEBUG o.h.e.t.internal.TransactionImpl - begin
00:31:26.561 [main] DEBUG org.hibernate.SQL - select this_.name as name1_4_0_, this_.address as address2_4_0_, this_.state as state3_4_0_, this_.zip as zip4_4_0_ from Hospitals this_ where this_.name=?
Hibernate: select this_.name as name1_4_0_, this_.address as address2_4_0_, this_.state as state3_4_0_, this_.zip as zip4_4_0_ from Hospitals this_ where this_.name=?
00:31:26.562 [main] DEBUG org.hibernate.loader.Loader - Result set row: 0
00:31:26.566 [main] DEBUG org.hibernate.loader.Loader - Result row: EntityKey[edu.ncsu.csc.itrust2.models.persistent.Hospital#iTrust Test Hospital 2]
00:31:26.577 [main] DEBUG o.h.engine.internal.TwoPhaseLoad - Resolving associations for [edu.ncsu.csc.itrust2.models.persistent.Hospital#iTrust Test Hospital 2]
00:31:26.577 [main] DEBUG o.h.engine.internal.TwoPhaseLoad - Done materializing entity [edu.ncsu.csc.itrust2.models.persistent.Hospital#iTrust Test Hospital 2]
00:31:26.578 [main] DEBUG o.h.e.t.internal.TransactionImpl - committing
00:31:26.578 [main] DEBUG o.h.e.i.AbstractFlushingEventListener - Processing flush-time cascades
00:31:26.578 [main] DEBUG o.h.e.i.AbstractFlushingEventListener - Dirty checking collections
00:31:26.578 [main] DEBUG o.h.e.i.AbstractFlushingEventListener - Flushed: 0 insertions, 0 updates, 0 deletions to 1 objects
00:31:26.578 [main] DEBUG o.h.e.i.AbstractFlushingEventListener - Flushed: 0 (re)creations, 0 updates, 0 removals to 0 collections
00:31:26.578 [main] DEBUG o.h.internal.util.EntityPrinter - Listing entities:
00:31:26.579 [main] DEBUG o.h.internal.util.EntityPrinter - edu.ncsu.csc.itrust2.models.persistent.Hospital{zip=27607, address=1 iTrust Test Street, name=iTrust Test Hospital 2, state=NC}
00:31:26.594 [main] DEBUG o.s.w.s.m.m.a.HttpEntityMethodProcessor - Written [{"status":"failed","message":"No hospital found for name iTrust Test Hospital 2"}] as "text/plain" using [org.springframework.http.converter.StringHttpMessageConverter@3ae0e1e7]
00:31:26.595 [main] DEBUG o.s.t.w.s.TestDispatcherServlet - Null ModelAndView returned to DispatcherServlet with name '': assuming HandlerAdapter completed request handling
00:31:26.595 [main] DEBUG o.s.t.w.s.TestDispatcherServlet - Successfully completed request
00:31:26.595 [main] DEBUG o.s.t.c.s.AbstractDirtiesContextTestExecutionListener - After test method: context [DefaultTestContext@70c53dbe testClass = APIHospitalTest, testInstance = edu.ncsu.csc.itrust2.apitest.APIHospitalTest@4ccb40be, testMethod = testHospitalAPI@APIHospitalTest, testException = java.lang.AssertionError: Status expected:<200> but was:<404>, mergedContextConfiguration = [WebMergedContextConfiguration@1894e40d testClass = APIHospitalTest, locations = '{}', classes = '{class edu.ncsu.csc.itrust2.config.RootConfiguration, class edu.ncsu.csc.itrust2.mvc.config.WebMvcConfiguration}', contextInitializerClasses = '[]', activeProfiles = '{}', propertySourceLocations = '{}', propertySourceProperties = '{}', contextCustomizers = set[[empty]], resourceBasePath = 'src/main/webapp', contextLoader = 'org.springframework.test.context.web.WebDelegatingSmartContextLoader', parent = [null]]], class annotated with @DirtiesContext [false] with mode [null], method annotated with @DirtiesContext [false] with mode [null].
00:31:26.596 [main] DEBUG o.s.t.c.w.ServletTestExecutionListener - Resetting RequestContextHolder for test context [DefaultTestContext@70c53dbe testClass = APIHospitalTest, testInstance = edu.ncsu.csc.itrust2.apitest.APIHospitalTest@4ccb40be, testMethod = testHospitalAPI@APIHospitalTest, testException = java.lang.AssertionError: Status expected:<200> but was:<404>, mergedContextConfiguration = [WebMergedContextConfiguration@1894e40d testClass = APIHospitalTest, locations = '{}', classes = '{class edu.ncsu.csc.itrust2.config.RootConfiguration, class edu.ncsu.csc.itrust2.mvc.config.WebMvcConfiguration}', contextInitializerClasses = '[]', activeProfiles = '{}', propertySourceLocations = '{}', propertySourceProperties = '{}', contextCustomizers = set[[empty]], resourceBasePath = 'src/main/webapp', contextLoader = 'org.springframework.test.context.web.WebDelegatingSmartContextLoader', parent = [null]]].
]]></system-out>
    <system-err><![CDATA[HOSPITALS
]]></system-err>
  </testcase>
</testsuite>