<?xml version="1.0" encoding="UTF-8"?>
<testsuite xmlns:xsi="http://www.w3.org/2001/XMLSchema-instance" xsi:noNamespaceSchemaLocation="https://maven.apache.org/surefire/maven-surefire-plugin/xsd/surefire-test-report.xsd" name="edu.ncsu.csc.itrust2.apitest.APIPasswordTest" time="0.021" tests="3" errors="2" skipped="0" failures="0">
  <properties>
    <property name="java.runtime.name" value="Java(TM) SE Runtime Environment"/>
    <property name="sun.boot.library.path" value="/usr/lib/jvm/java-8-oracle/jre/lib/amd64"/>
    <property name="java.vm.version" value="25.161-b12"/>
    <property name="java.vm.vendor" value="Oracle Corporation"/>
    <property name="java.vendor.url" value="http://java.oracle.com/"/>
    <property name="path.separator" value=":"/>
    <property name="guice.disable.misplaced.annotation.check" value="true"/>
    <property name="java.vm.name" value="Java HotSpot(TM) 64-Bit Server VM"/>
    <property name="file.encoding.pkg" value="sun.io"/>
    <property name="user.country" value="US"/>
    <property name="sun.java.launcher" value="SUN_STANDARD"/>
    <property name="sun.os.patch.level" value="unknown"/>
    <property name="java.vm.specification.name" value="Java Virtual Machine Specification"/>
    <property name="user.dir" value="/var/lib/jenkins/workspace/iTrustBuildJob/iTrust2"/>
    <property name="java.runtime.version" value="1.8.0_161-b12"/>
    <property name="java.awt.graphicsenv" value="sun.awt.X11GraphicsEnvironment"/>
    <property name="java.endorsed.dirs" value="/usr/lib/jvm/java-8-oracle/jre/lib/endorsed"/>
    <property name="os.arch" value="amd64"/>
    <property name="java.io.tmpdir" value="/tmp"/>
    <property name="line.separator" value="&#10;"/>
    <property name="java.vm.specification.vendor" value="Oracle Corporation"/>
    <property name="os.name" value="Linux"/>
    <property name="classworlds.conf" value="/usr/share/maven/bin/m2.conf"/>
    <property name="sun.jnu.encoding" value="UTF-8"/>
    <property name="java.library.path" value="/usr/java/packages/lib/amd64:/usr/lib64:/lib64:/lib:/usr/lib"/>
    <property name="java.specification.name" value="Java Platform API Specification"/>
    <property name="java.class.version" value="52.0"/>
    <property name="sun.management.compiler" value="HotSpot 64-Bit Tiered Compilers"/>
    <property name="os.version" value="3.13.0-139-generic"/>
    <property name="user.home" value="/root"/>
    <property name="user.timezone" value="America/New_York"/>
    <property name="java.awt.printerjob" value="sun.print.PSPrinterJob"/>
    <property name="file.encoding" value="UTF-8"/>
    <property name="java.specification.version" value="1.8"/>
    <property name="user.name" value="root"/>
    <property name="java.class.path" value="/usr/share/maven/boot/plexus-classworlds-2.x.jar"/>
    <property name="java.vm.specification.version" value="1.8"/>
    <property name="sun.arch.data.model" value="64"/>
    <property name="java.home" value="/usr/lib/jvm/java-8-oracle/jre"/>
    <property name="sun.java.command" value="org.codehaus.plexus.classworlds.launcher.Launcher clean test verify checkstyle:checkstyle"/>
    <property name="java.specification.vendor" value="Oracle Corporation"/>
    <property name="user.language" value="en"/>
    <property name="awt.toolkit" value="sun.awt.X11.XToolkit"/>
    <property name="java.vm.info" value="mixed mode"/>
    <property name="java.version" value="1.8.0_161"/>
    <property name="java.ext.dirs" value="/usr/lib/jvm/java-8-oracle/jre/lib/ext:/usr/java/packages/lib/ext"/>
    <property name="securerandom.source" value="file:/dev/./urandom"/>
    <property name="sun.boot.class.path" value="/usr/lib/jvm/java-8-oracle/jre/lib/resources.jar:/usr/lib/jvm/java-8-oracle/jre/lib/rt.jar:/usr/lib/jvm/java-8-oracle/jre/lib/sunrsasign.jar:/usr/lib/jvm/java-8-oracle/jre/lib/jsse.jar:/usr/lib/jvm/java-8-oracle/jre/lib/jce.jar:/usr/lib/jvm/java-8-oracle/jre/lib/charsets.jar:/usr/lib/jvm/java-8-oracle/jre/lib/jfr.jar:/usr/lib/jvm/java-8-oracle/jre/classes"/>
    <property name="java.vendor" value="Oracle Corporation"/>
    <property name="maven.home" value="/usr/share/maven"/>
    <property name="file.separator" value="/"/>
    <property name="java.vendor.url.bug" value="http://bugreport.sun.com/bugreport/"/>
    <property name="sun.cpu.endian" value="little"/>
    <property name="sun.io.unicode.encoding" value="UnicodeLittle"/>
    <property name="sun.cpu.isalist" value=""/>
  </properties>
  <testcase name="testRequestReset" classname="edu.ncsu.csc.itrust2.apitest.APIPasswordTest" time="0.007">
    <error type="java.lang.NullPointerException">java.lang.NullPointerException
	at edu.ncsu.csc.itrust2.apitest.APIPasswordTest.testRequestReset(APIPasswordTest.java:138)
</error>
    <system-out><![CDATA[00:22:14.920 [main] DEBUG o.s.t.c.j.SpringJUnit4ClassRunner - SpringJUnit4ClassRunner constructor called with [class edu.ncsu.csc.itrust2.apitest.APIPasswordTest]
00:22:14.921 [main] DEBUG o.s.test.context.BootstrapUtils - Instantiating CacheAwareContextLoaderDelegate from class [org.springframework.test.context.cache.DefaultCacheAwareContextLoaderDelegate]
00:22:14.921 [main] DEBUG o.s.test.context.BootstrapUtils - Instantiating BootstrapContext using constructor [public org.springframework.test.context.support.DefaultBootstrapContext(java.lang.Class,org.springframework.test.context.CacheAwareContextLoaderDelegate)]
00:22:14.921 [main] DEBUG o.s.test.context.BootstrapUtils - Instantiating TestContextBootstrapper for test class [edu.ncsu.csc.itrust2.apitest.APIPasswordTest] from class [org.springframework.test.context.web.WebTestContextBootstrapper]
00:22:14.921 [main] DEBUG o.s.t.c.s.AbstractDelegatingSmartContextLoader - Delegating to AnnotationConfigWebContextLoader to process context configuration [ContextConfigurationAttributes@2804b4e declaringClass = 'edu.ncsu.csc.itrust2.apitest.APIPasswordTest', classes = '{class edu.ncsu.csc.itrust2.config.RootConfiguration, class edu.ncsu.csc.itrust2.mvc.config.WebMvcConfiguration}', locations = '{}', inheritLocations = true, initializers = '{}', inheritInitializers = true, name = [null], contextLoaderClass = 'org.springframework.test.context.ContextLoader'].
00:22:14.927 [main] DEBUG o.s.t.c.support.ActiveProfilesUtils - Could not find an 'annotation declaring class' for annotation type [org.springframework.test.context.ActiveProfiles] and class [edu.ncsu.csc.itrust2.apitest.APIPasswordTest]
00:22:14.927 [main] DEBUG o.s.t.c.w.WebTestContextBootstrapper - @TestExecutionListeners is not present for class [edu.ncsu.csc.itrust2.apitest.APIPasswordTest]: using defaults.
00:22:14.928 [main] INFO  o.s.t.c.w.WebTestContextBootstrapper - Loaded default TestExecutionListener class names from location [META-INF/spring.factories]: [org.springframework.security.test.context.support.WithSecurityContextTestExecutionListener, org.springframework.test.context.web.ServletTestExecutionListener, org.springframework.test.context.support.DirtiesContextBeforeModesTestExecutionListener, org.springframework.test.context.support.DependencyInjectionTestExecutionListener, org.springframework.test.context.support.DirtiesContextTestExecutionListener, org.springframework.test.context.transaction.TransactionalTestExecutionListener, org.springframework.test.context.jdbc.SqlScriptsTestExecutionListener]
00:22:14.928 [main] INFO  o.s.t.c.w.WebTestContextBootstrapper - Using TestExecutionListeners: [org.springframework.test.context.web.ServletTestExecutionListener@4f8b5433, org.springframework.test.context.support.DirtiesContextBeforeModesTestExecutionListener@420dbe25, org.springframework.test.context.support.DependencyInjectionTestExecutionListener@3f37d66f, org.springframework.test.context.support.DirtiesContextTestExecutionListener@32ba9423, org.springframework.test.context.transaction.TransactionalTestExecutionListener@2785748b, org.springframework.test.context.jdbc.SqlScriptsTestExecutionListener@8561ac8, org.springframework.security.test.context.support.WithSecurityContextTestExecutionListener@9533103]
00:22:14.928 [main] DEBUG o.s.t.annotation.ProfileValueUtils - Retrieved @ProfileValueSourceConfiguration [null] for test class [edu.ncsu.csc.itrust2.apitest.APIPasswordTest]
00:22:14.928 [main] DEBUG o.s.t.annotation.ProfileValueUtils - Retrieved ProfileValueSource type [class org.springframework.test.annotation.SystemProfileValueSource] for class [edu.ncsu.csc.itrust2.apitest.APIPasswordTest]
00:22:14.928 [main] DEBUG o.s.t.annotation.ProfileValueUtils - Retrieved @ProfileValueSourceConfiguration [null] for test class [edu.ncsu.csc.itrust2.apitest.APIPasswordTest]
00:22:14.928 [main] DEBUG o.s.t.annotation.ProfileValueUtils - Retrieved ProfileValueSource type [class org.springframework.test.annotation.SystemProfileValueSource] for class [edu.ncsu.csc.itrust2.apitest.APIPasswordTest]
00:22:14.928 [main] DEBUG o.s.t.annotation.ProfileValueUtils - Retrieved @ProfileValueSourceConfiguration [null] for test class [edu.ncsu.csc.itrust2.apitest.APIPasswordTest]
00:22:14.928 [main] DEBUG o.s.t.annotation.ProfileValueUtils - Retrieved ProfileValueSource type [class org.springframework.test.annotation.SystemProfileValueSource] for class [edu.ncsu.csc.itrust2.apitest.APIPasswordTest]
00:22:14.929 [main] DEBUG o.s.t.c.s.AbstractDirtiesContextTestExecutionListener - Before test class: context [DefaultTestContext@6faeb786 testClass = APIPasswordTest, testInstance = [null], testMethod = [null], testException = [null], mergedContextConfiguration = [WebMergedContextConfiguration@6383b7d4 testClass = APIPasswordTest, locations = '{}', classes = '{class edu.ncsu.csc.itrust2.config.RootConfiguration, class edu.ncsu.csc.itrust2.mvc.config.WebMvcConfiguration}', contextInitializerClasses = '[]', activeProfiles = '{}', propertySourceLocations = '{}', propertySourceProperties = '{}', contextCustomizers = set[[empty]], resourceBasePath = 'src/main/webapp', contextLoader = 'org.springframework.test.context.web.WebDelegatingSmartContextLoader', parent = [null]]], class annotated with @DirtiesContext [false] with mode [null].
00:22:14.929 [main] DEBUG o.s.t.annotation.ProfileValueUtils - Retrieved @ProfileValueSourceConfiguration [null] for test class [edu.ncsu.csc.itrust2.apitest.APIPasswordTest]
00:22:14.929 [main] DEBUG o.s.t.annotation.ProfileValueUtils - Retrieved ProfileValueSource type [class org.springframework.test.annotation.SystemProfileValueSource] for class [edu.ncsu.csc.itrust2.apitest.APIPasswordTest]
00:22:14.929 [main] DEBUG o.s.t.c.c.DefaultCacheAwareContextLoaderDelegate - Retrieved ApplicationContext from cache with key [[WebMergedContextConfiguration@6383b7d4 testClass = APIPasswordTest, locations = '{}', classes = '{class edu.ncsu.csc.itrust2.config.RootConfiguration, class edu.ncsu.csc.itrust2.mvc.config.WebMvcConfiguration}', contextInitializerClasses = '[]', activeProfiles = '{}', propertySourceLocations = '{}', propertySourceProperties = '{}', contextCustomizers = set[[empty]], resourceBasePath = 'src/main/webapp', contextLoader = 'org.springframework.test.context.web.WebDelegatingSmartContextLoader', parent = [null]]]
00:22:14.929 [main] DEBUG o.springframework.test.context.cache - Spring test ApplicationContext cache statistics: [DefaultContextCache@3bc22ada size = 1, maxSize = 32, parentContextCount = 0, hitCount = 52, missCount = 1]
00:22:14.929 [main] DEBUG o.s.t.c.w.ServletTestExecutionListener - Setting up MockHttpServletRequest, MockHttpServletResponse, ServletWebRequest, and RequestContextHolder for test context [DefaultTestContext@6faeb786 testClass = APIPasswordTest, testInstance = edu.ncsu.csc.itrust2.apitest.APIPasswordTest@5bbb6136, testMethod = [null], testException = [null], mergedContextConfiguration = [WebMergedContextConfiguration@6383b7d4 testClass = APIPasswordTest, locations = '{}', classes = '{class edu.ncsu.csc.itrust2.config.RootConfiguration, class edu.ncsu.csc.itrust2.mvc.config.WebMvcConfiguration}', contextInitializerClasses = '[]', activeProfiles = '{}', propertySourceLocations = '{}', propertySourceProperties = '{}', contextCustomizers = set[[empty]], resourceBasePath = 'src/main/webapp', contextLoader = 'org.springframework.test.context.web.WebDelegatingSmartContextLoader', parent = [null]]].
00:22:14.929 [main] DEBUG o.s.t.c.s.DependencyInjectionTestExecutionListener - Performing dependency injection for test context [[DefaultTestContext@6faeb786 testClass = APIPasswordTest, testInstance = edu.ncsu.csc.itrust2.apitest.APIPasswordTest@5bbb6136, testMethod = [null], testException = [null], mergedContextConfiguration = [WebMergedContextConfiguration@6383b7d4 testClass = APIPasswordTest, locations = '{}', classes = '{class edu.ncsu.csc.itrust2.config.RootConfiguration, class edu.ncsu.csc.itrust2.mvc.config.WebMvcConfiguration}', contextInitializerClasses = '[]', activeProfiles = '{}', propertySourceLocations = '{}', propertySourceProperties = '{}', contextCustomizers = set[[empty]], resourceBasePath = 'src/main/webapp', contextLoader = 'org.springframework.test.context.web.WebDelegatingSmartContextLoader', parent = [null]]]].
00:22:14.929 [main] DEBUG o.s.t.c.c.DefaultCacheAwareContextLoaderDelegate - Retrieved ApplicationContext from cache with key [[WebMergedContextConfiguration@6383b7d4 testClass = APIPasswordTest, locations = '{}', classes = '{class edu.ncsu.csc.itrust2.config.RootConfiguration, class edu.ncsu.csc.itrust2.mvc.config.WebMvcConfiguration}', contextInitializerClasses = '[]', activeProfiles = '{}', propertySourceLocations = '{}', propertySourceProperties = '{}', contextCustomizers = set[[empty]], resourceBasePath = 'src/main/webapp', contextLoader = 'org.springframework.test.context.web.WebDelegatingSmartContextLoader', parent = [null]]]
00:22:14.930 [main] DEBUG o.springframework.test.context.cache - Spring test ApplicationContext cache statistics: [DefaultContextCache@3bc22ada size = 1, maxSize = 32, parentContextCount = 0, hitCount = 53, missCount = 1]
00:22:14.941 [main] DEBUG o.s.b.f.annotation.InjectionMetadata - Processing injected element of bean 'edu.ncsu.csc.itrust2.apitest.APIPasswordTest': AutowiredFieldElement for private org.springframework.web.context.WebApplicationContext edu.ncsu.csc.itrust2.apitest.APIPasswordTest.context
00:22:14.941 [main] DEBUG o.s.b.f.a.AutowiredAnnotationBeanPostProcessor - Autowiring by type from bean name 'edu.ncsu.csc.itrust2.apitest.APIPasswordTest' to bean named 'org.springframework.web.context.support.GenericWebApplicationContext@37df14d1'
00:22:14.941 [main] DEBUG o.s.b.f.s.DefaultListableBeanFactory - Returning cached instance of singleton bean 'metaDataSourceAdvisor'
00:22:14.942 [main] DEBUG o.s.t.c.s.AbstractDirtiesContextTestExecutionListener - Before test method: context [DefaultTestContext@6faeb786 testClass = APIPasswordTest, testInstance = edu.ncsu.csc.itrust2.apitest.APIPasswordTest@5bbb6136, testMethod = testRequestReset@APIPasswordTest, testException = [null], mergedContextConfiguration = [WebMergedContextConfiguration@6383b7d4 testClass = APIPasswordTest, locations = '{}', classes = '{class edu.ncsu.csc.itrust2.config.RootConfiguration, class edu.ncsu.csc.itrust2.mvc.config.WebMvcConfiguration}', contextInitializerClasses = '[]', activeProfiles = '{}', propertySourceLocations = '{}', propertySourceProperties = '{}', contextCustomizers = set[[empty]], resourceBasePath = 'src/main/webapp', contextLoader = 'org.springframework.test.context.web.WebDelegatingSmartContextLoader', parent = [null]]], class annotated with @DirtiesContext [false] with mode [null], method annotated with @DirtiesContext [false] with mode [null].
00:22:14.943 [main] DEBUG o.s.t.c.c.DefaultCacheAwareContextLoaderDelegate - Retrieved ApplicationContext from cache with key [[WebMergedContextConfiguration@6383b7d4 testClass = APIPasswordTest, locations = '{}', classes = '{class edu.ncsu.csc.itrust2.config.RootConfiguration, class edu.ncsu.csc.itrust2.mvc.config.WebMvcConfiguration}', contextInitializerClasses = '[]', activeProfiles = '{}', propertySourceLocations = '{}', propertySourceProperties = '{}', contextCustomizers = set[[empty]], resourceBasePath = 'src/main/webapp', contextLoader = 'org.springframework.test.context.web.WebDelegatingSmartContextLoader', parent = [null]]]
00:22:14.943 [main] DEBUG o.springframework.test.context.cache - Spring test ApplicationContext cache statistics: [DefaultContextCache@3bc22ada size = 1, maxSize = 32, parentContextCount = 0, hitCount = 54, missCount = 1]
00:22:14.943 [main] DEBUG o.s.b.f.s.DefaultListableBeanFactory - Creating instance of bean 'org.springframework.security.test.context.support.WithMockUserSecurityContextFactory'
00:22:14.943 [main] DEBUG o.s.b.f.s.DefaultListableBeanFactory - Finished creating instance of bean 'org.springframework.security.test.context.support.WithMockUserSecurityContextFactory'
00:22:14.943 [main] DEBUG o.s.t.w.s.TestDispatcherServlet - Initializing servlet ''
00:22:14.944 [main] DEBUG o.s.w.c.s.StandardServletEnvironment - Adding [servletConfigInitParams] PropertySource with lowest search precedence
00:22:14.944 [main] DEBUG o.s.w.c.s.StandardServletEnvironment - Adding [servletContextInitParams] PropertySource with lowest search precedence
00:22:14.944 [main] DEBUG o.s.w.c.s.StandardServletEnvironment - Adding [systemProperties] PropertySource with lowest search precedence
00:22:14.944 [main] DEBUG o.s.w.c.s.StandardServletEnvironment - Adding [systemEnvironment] PropertySource with lowest search precedence
00:22:14.944 [main] DEBUG o.s.w.c.s.StandardServletEnvironment - Initialized StandardServletEnvironment with PropertySources [servletConfigInitParams,servletContextInitParams,systemProperties,systemEnvironment]
00:22:14.944 [main] INFO  o.s.mock.web.MockServletContext - Initializing Spring FrameworkServlet ''
00:22:14.944 [main] INFO  o.s.t.w.s.TestDispatcherServlet - FrameworkServlet '': initialization started
00:22:14.944 [main] DEBUG o.s.t.w.s.TestDispatcherServlet - Unable to locate MultipartResolver with name 'multipartResolver': no multipart request handling provided
00:22:14.944 [main] DEBUG o.s.b.f.s.DefaultListableBeanFactory - Creating instance of bean 'org.springframework.web.servlet.i18n.AcceptHeaderLocaleResolver'
00:22:14.944 [main] DEBUG o.s.b.f.s.DefaultListableBeanFactory - Finished creating instance of bean 'org.springframework.web.servlet.i18n.AcceptHeaderLocaleResolver'
00:22:14.944 [main] DEBUG o.s.t.w.s.TestDispatcherServlet - Unable to locate LocaleResolver with name 'localeResolver': using default [org.springframework.web.servlet.i18n.AcceptHeaderLocaleResolver@51780404]
00:22:14.944 [main] DEBUG o.s.b.f.s.DefaultListableBeanFactory - Creating instance of bean 'org.springframework.web.servlet.theme.FixedThemeResolver'
00:22:14.944 [main] DEBUG o.s.b.f.s.DefaultListableBeanFactory - Finished creating instance of bean 'org.springframework.web.servlet.theme.FixedThemeResolver'
00:22:14.944 [main] DEBUG o.s.t.w.s.TestDispatcherServlet - Unable to locate ThemeResolver with name 'themeResolver': using default [org.springframework.web.servlet.theme.FixedThemeResolver@2f3b34e8]
00:22:14.945 [main] DEBUG o.s.b.f.s.DefaultListableBeanFactory - Returning cached instance of singleton bean 'requestMappingHandlerMapping'
00:22:14.945 [main] DEBUG o.s.b.f.s.DefaultListableBeanFactory - Returning cached instance of singleton bean 'viewControllerHandlerMapping'
00:22:14.945 [main] DEBUG o.s.b.f.s.DefaultListableBeanFactory - Returning cached instance of singleton bean 'beanNameHandlerMapping'
00:22:14.945 [main] DEBUG o.s.b.f.s.DefaultListableBeanFactory - Returning cached instance of singleton bean 'resourceHandlerMapping'
00:22:14.945 [main] DEBUG o.s.b.f.s.DefaultListableBeanFactory - Returning cached instance of singleton bean 'defaultServletHandlerMapping'
00:22:14.945 [main] DEBUG o.s.b.f.s.DefaultListableBeanFactory - Returning cached instance of singleton bean 'requestMappingHandlerAdapter'
00:22:14.945 [main] DEBUG o.s.b.f.s.DefaultListableBeanFactory - Returning cached instance of singleton bean 'httpRequestHandlerAdapter'
00:22:14.945 [main] DEBUG o.s.b.f.s.DefaultListableBeanFactory - Returning cached instance of singleton bean 'simpleControllerHandlerAdapter'
00:22:14.945 [main] DEBUG o.s.b.f.s.DefaultListableBeanFactory - Returning cached instance of singleton bean 'handlerExceptionResolver'
00:22:14.946 [main] DEBUG o.s.b.f.s.DefaultListableBeanFactory - Creating instance of bean 'org.springframework.web.servlet.view.DefaultRequestToViewNameTranslator'
00:22:14.946 [main] DEBUG o.s.b.f.s.DefaultListableBeanFactory - Finished creating instance of bean 'org.springframework.web.servlet.view.DefaultRequestToViewNameTranslator'
00:22:14.946 [main] DEBUG o.s.t.w.s.TestDispatcherServlet - Unable to locate RequestToViewNameTranslator with name 'viewNameTranslator': using default [org.springframework.web.servlet.view.DefaultRequestToViewNameTranslator@2f8942e8]
00:22:14.947 [main] DEBUG o.s.b.f.s.DefaultListableBeanFactory - Returning cached instance of singleton bean 'mvcViewResolver'
00:22:14.947 [main] DEBUG o.s.b.f.s.DefaultListableBeanFactory - Returning cached instance of singleton bean 'viewResolver'
00:22:14.947 [main] DEBUG o.s.b.f.s.DefaultListableBeanFactory - Creating instance of bean 'org.springframework.web.servlet.support.SessionFlashMapManager'
00:22:14.947 [main] DEBUG o.s.b.f.s.DefaultListableBeanFactory - Finished creating instance of bean 'org.springframework.web.servlet.support.SessionFlashMapManager'
00:22:14.947 [main] DEBUG o.s.t.w.s.TestDispatcherServlet - Unable to locate FlashMapManager with name 'flashMapManager': using default [org.springframework.web.servlet.support.SessionFlashMapManager@60f5b4a2]
00:22:14.947 [main] DEBUG o.s.t.w.s.TestDispatcherServlet - Published WebApplicationContext of servlet '' as ServletContext attribute with name [org.springframework.web.servlet.FrameworkServlet.CONTEXT.]
00:22:14.947 [main] INFO  o.s.t.w.s.TestDispatcherServlet - FrameworkServlet '': initialization completed in 3 ms
00:22:14.947 [main] DEBUG o.s.t.w.s.TestDispatcherServlet - Servlet '' configured successfully
00:22:15.149 [main] DEBUG o.h.e.t.internal.TransactionImpl - begin
00:22:15.158 [main] DEBUG org.hibernate.SQL - select user_.username, user_.enabled as enabled2_15_, user_.password as password3_15_, user_.role as role4_15_ from Users user_ where user_.username=?
Hibernate: select user_.username, user_.enabled as enabled2_15_, user_.password as password3_15_, user_.role as role4_15_ from Users user_ where user_.username=?
00:22:15.159 [main] DEBUG o.h.r.j.i.ResourceRegistryStandardImpl - HHH000387: ResultSet's statement was not registered
00:22:15.159 [main] DEBUG o.h.e.i.AbstractSaveEventListener - Generated identifier: patientPW, using strategy: org.hibernate.id.Assigned
00:22:15.159 [main] DEBUG o.h.e.t.internal.TransactionImpl - committing
00:22:15.159 [main] DEBUG o.h.e.i.AbstractFlushingEventListener - Processing flush-time cascades
00:22:15.159 [main] DEBUG o.h.e.i.AbstractFlushingEventListener - Dirty checking collections
00:22:15.159 [main] DEBUG o.h.e.i.AbstractFlushingEventListener - Flushed: 1 insertions, 0 updates, 0 deletions to 1 objects
00:22:15.160 [main] DEBUG o.h.e.i.AbstractFlushingEventListener - Flushed: 0 (re)creations, 0 updates, 0 removals to 0 collections
00:22:15.160 [main] DEBUG o.h.internal.util.EntityPrinter - Listing entities:
00:22:15.160 [main] DEBUG o.h.internal.util.EntityPrinter - edu.ncsu.csc.itrust2.models.persistent.User{password=$2a$10$1qJfMWl8bx.kinP9dF.IQuQPzYXojrzHGlXk5RWZfK7NoBG0PIhXu, role=ROLE_PATIENT, enabled=1, username=patientPW}
00:22:15.161 [main] DEBUG org.hibernate.SQL - insert into Users (enabled, password, role, username) values (?, ?, ?, ?)
Hibernate: insert into Users (enabled, password, role, username) values (?, ?, ?, ?)
00:22:15.166 [main] DEBUG o.h.e.j.internal.JdbcCoordinatorImpl - HHH000420: Closing un-released batch
00:22:15.166 [main] DEBUG o.h.e.t.internal.TransactionImpl - begin
00:22:15.167 [main] DEBUG org.hibernate.SQL - select this_.username as username1_15_0_, this_.enabled as enabled2_15_0_, this_.password as password3_15_0_, this_.role as role4_15_0_ from Users this_ where this_.username=?
Hibernate: select this_.username as username1_15_0_, this_.enabled as enabled2_15_0_, this_.password as password3_15_0_, this_.role as role4_15_0_ from Users this_ where this_.username=?
00:22:15.168 [main] DEBUG org.hibernate.loader.Loader - Result set row: 0
00:22:15.168 [main] DEBUG org.hibernate.loader.Loader - Result row: EntityKey[edu.ncsu.csc.itrust2.models.persistent.User#patientPW]
00:22:15.168 [main] DEBUG o.h.engine.internal.TwoPhaseLoad - Resolving associations for [edu.ncsu.csc.itrust2.models.persistent.User#patientPW]
00:22:15.168 [main] DEBUG o.h.engine.internal.TwoPhaseLoad - Done materializing entity [edu.ncsu.csc.itrust2.models.persistent.User#patientPW]
00:22:15.168 [main] DEBUG o.h.e.t.internal.TransactionImpl - committing
00:22:15.168 [main] DEBUG o.h.e.i.AbstractFlushingEventListener - Processing flush-time cascades
00:22:15.168 [main] DEBUG o.h.e.i.AbstractFlushingEventListener - Dirty checking collections
00:22:15.168 [main] DEBUG o.h.e.i.AbstractFlushingEventListener - Flushed: 0 insertions, 0 updates, 0 deletions to 1 objects
00:22:15.168 [main] DEBUG o.h.e.i.AbstractFlushingEventListener - Flushed: 0 (re)creations, 0 updates, 0 removals to 0 collections
00:22:15.168 [main] DEBUG o.h.internal.util.EntityPrinter - Listing entities:
00:22:15.168 [main] DEBUG o.h.internal.util.EntityPrinter - edu.ncsu.csc.itrust2.models.persistent.User{password=$2a$10$1qJfMWl8bx.kinP9dF.IQuQPzYXojrzHGlXk5RWZfK7NoBG0PIhXu, role=ROLE_PATIENT, enabled=1, username=patientPW}
00:22:15.169 [main] DEBUG o.s.t.w.s.TestDispatcherServlet - DispatcherServlet with name '' processing POST request for [/api/v1/personnel]
00:22:15.170 [main] DEBUG o.s.w.s.m.m.a.RequestMappingHandlerMapping - Looking up handler method for path /api/v1/personnel
00:22:15.171 [main] DEBUG o.s.w.s.m.m.a.RequestMappingHandlerMapping - Returning handler method [public org.springframework.http.ResponseEntity edu.ncsu.csc.itrust2.controllers.api.APIPersonnelController.createPersonnel(edu.ncsu.csc.itrust2.forms.personnel.PersonnelForm)]
00:22:15.171 [main] DEBUG o.s.b.f.s.DefaultListableBeanFactory - Returning cached instance of singleton bean 'APIPersonnelController'
00:22:15.171 [main] DEBUG o.s.w.s.m.m.a.RequestResponseBodyMethodProcessor - Read [class edu.ncsu.csc.itrust2.forms.personnel.PersonnelForm] as "application/json" with [org.springframework.http.converter.json.GsonHttpMessageConverter@546f5fbd]
00:22:15.172 [main] DEBUG o.h.e.t.internal.TransactionImpl - begin
00:22:15.172 [main] DEBUG org.hibernate.SQL - select this_.username as username1_15_0_, this_.enabled as enabled2_15_0_, this_.password as password3_15_0_, this_.role as role4_15_0_ from Users this_ where this_.username=?
Hibernate: select this_.username as username1_15_0_, this_.enabled as enabled2_15_0_, this_.password as password3_15_0_, this_.role as role4_15_0_ from Users this_ where this_.username=?
00:22:15.173 [main] DEBUG org.hibernate.loader.Loader - Result set row: 0
00:22:15.173 [main] DEBUG org.hibernate.loader.Loader - Result row: EntityKey[edu.ncsu.csc.itrust2.models.persistent.User#patientPW]
00:22:15.182 [main] DEBUG o.h.engine.internal.TwoPhaseLoad - Resolving associations for [edu.ncsu.csc.itrust2.models.persistent.User#patientPW]
00:22:15.182 [main] DEBUG o.h.engine.internal.TwoPhaseLoad - Done materializing entity [edu.ncsu.csc.itrust2.models.persistent.User#patientPW]
00:22:15.183 [main] DEBUG o.h.e.t.internal.TransactionImpl - committing
00:22:15.183 [main] DEBUG o.h.e.i.AbstractFlushingEventListener - Processing flush-time cascades
00:22:15.183 [main] DEBUG o.h.e.i.AbstractFlushingEventListener - Dirty checking collections
00:22:15.183 [main] DEBUG o.h.e.i.AbstractFlushingEventListener - Flushed: 0 insertions, 0 updates, 0 deletions to 1 objects
00:22:15.183 [main] DEBUG o.h.e.i.AbstractFlushingEventListener - Flushed: 0 (re)creations, 0 updates, 0 removals to 0 collections
00:22:15.183 [main] DEBUG o.h.internal.util.EntityPrinter - Listing entities:
00:22:15.183 [main] DEBUG o.h.internal.util.EntityPrinter - edu.ncsu.csc.itrust2.models.persistent.User{password=$2a$10$1qJfMWl8bx.kinP9dF.IQuQPzYXojrzHGlXk5RWZfK7NoBG0PIhXu, role=ROLE_PATIENT, enabled=1, username=patientPW}
00:22:15.184 [main] DEBUG o.h.e.t.internal.TransactionImpl - begin
00:22:15.184 [main] DEBUG org.hibernate.SQL - select this_.id as id1_13_1_, this_.address1 as address2_13_1_, this_.address2 as address3_13_1_, this_.city as city4_13_1_, this_.email as email5_13_1_, this_.enabled as enabled6_13_1_, this_.firstName as firstNam7_13_1_, this_.lastName as lastName8_13_1_, this_.phone as phone9_13_1_, this_.self_id as self_id13_13_1_, this_.specialty as special10_13_1_, this_.state as state11_13_1_, this_.zip as zip12_13_1_, user2_.username as username1_15_0_, user2_.enabled as enabled2_15_0_, user2_.password as password3_15_0_, user2_.role as role4_15_0_ from Personnel this_ left outer join Users user2_ on this_.self_id=user2_.username where this_.self_id=?
Hibernate: select this_.id as id1_13_1_, this_.address1 as address2_13_1_, this_.address2 as address3_13_1_, this_.city as city4_13_1_, this_.email as email5_13_1_, this_.enabled as enabled6_13_1_, this_.firstName as firstNam7_13_1_, this_.lastName as lastName8_13_1_, this_.phone as phone9_13_1_, this_.self_id as self_id13_13_1_, this_.specialty as special10_13_1_, this_.state as state11_13_1_, this_.zip as zip12_13_1_, user2_.username as username1_15_0_, user2_.enabled as enabled2_15_0_, user2_.password as password3_15_0_, user2_.role as role4_15_0_ from Personnel this_ left outer join Users user2_ on this_.self_id=user2_.username where this_.self_id=?
00:22:15.185 [main] DEBUG o.h.e.t.internal.TransactionImpl - committing
00:22:15.187 [main] DEBUG o.s.w.s.m.m.a.HttpEntityMethodProcessor - Written [{"status":"failed","message":"Personnel with the id edu.ncsu.csc.itrust2.models.persistent.User@89f862a7 already exists"}] as "text/plain" using [org.springframework.http.converter.StringHttpMessageConverter@43a9680a]
00:22:15.187 [main] DEBUG o.s.t.w.s.TestDispatcherServlet - Null ModelAndView returned to DispatcherServlet with name '': assuming HandlerAdapter completed request handling
00:22:15.188 [main] DEBUG o.s.t.w.s.TestDispatcherServlet - Successfully completed request
00:22:15.351 [main] DEBUG o.s.t.w.s.TestDispatcherServlet - DispatcherServlet with name '' processing POST request for [/api/v1/requestReset]
00:22:15.351 [main] DEBUG o.s.w.s.m.m.a.RequestMappingHandlerMapping - Looking up handler method for path /api/v1/requestReset
00:22:15.360 [main] DEBUG o.s.w.s.m.m.a.RequestMappingHandlerMapping - Did not find handler method for [/api/v1/requestReset]
00:22:15.361 [main] WARN  o.s.web.servlet.PageNotFound - No mapping found for HTTP request with URI [/api/v1/requestReset] in DispatcherServlet with name ''
00:22:15.361 [main] DEBUG o.s.t.w.s.TestDispatcherServlet - Successfully completed request
00:22:15.364 [main] DEBUG o.h.e.t.internal.TransactionImpl - begin
00:22:15.365 [main] DEBUG org.hibernate.SQL - select this_.username as username1_15_0_, this_.enabled as enabled2_15_0_, this_.password as password3_15_0_, this_.role as role4_15_0_ from Users this_ where this_.username=?
Hibernate: select this_.username as username1_15_0_, this_.enabled as enabled2_15_0_, this_.password as password3_15_0_, this_.role as role4_15_0_ from Users this_ where this_.username=?
00:22:15.365 [main] DEBUG org.hibernate.loader.Loader - Result set row: 0
00:22:15.366 [main] DEBUG org.hibernate.loader.Loader - Result row: EntityKey[edu.ncsu.csc.itrust2.models.persistent.User#patientPW]
00:22:15.366 [main] DEBUG o.h.engine.internal.TwoPhaseLoad - Resolving associations for [edu.ncsu.csc.itrust2.models.persistent.User#patientPW]
00:22:15.366 [main] DEBUG o.h.engine.internal.TwoPhaseLoad - Done materializing entity [edu.ncsu.csc.itrust2.models.persistent.User#patientPW]
00:22:15.366 [main] DEBUG o.h.e.t.internal.TransactionImpl - committing
00:22:15.366 [main] DEBUG o.h.e.i.AbstractFlushingEventListener - Processing flush-time cascades
00:22:15.366 [main] DEBUG o.h.e.i.AbstractFlushingEventListener - Dirty checking collections
00:22:15.367 [main] DEBUG o.h.e.i.AbstractFlushingEventListener - Flushed: 0 insertions, 0 updates, 0 deletions to 1 objects
00:22:15.367 [main] DEBUG o.h.e.i.AbstractFlushingEventListener - Flushed: 0 (re)creations, 0 updates, 0 removals to 0 collections
00:22:15.367 [main] DEBUG o.h.internal.util.EntityPrinter - Listing entities:
00:22:15.367 [main] DEBUG o.h.internal.util.EntityPrinter - edu.ncsu.csc.itrust2.models.persistent.User{password=$2a$10$1qJfMWl8bx.kinP9dF.IQuQPzYXojrzHGlXk5RWZfK7NoBG0PIhXu, role=ROLE_PATIENT, enabled=1, username=patientPW}
00:22:15.370 [main] DEBUG o.h.e.t.internal.TransactionImpl - begin
00:22:15.370 [main] DEBUG org.hibernate.SQL - select this_.id as id1_13_1_, this_.address1 as address2_13_1_, this_.address2 as address3_13_1_, this_.city as city4_13_1_, this_.email as email5_13_1_, this_.enabled as enabled6_13_1_, this_.firstName as firstNam7_13_1_, this_.lastName as lastName8_13_1_, this_.phone as phone9_13_1_, this_.self_id as self_id13_13_1_, this_.specialty as special10_13_1_, this_.state as state11_13_1_, this_.zip as zip12_13_1_, user2_.username as username1_15_0_, user2_.enabled as enabled2_15_0_, user2_.password as password3_15_0_, user2_.role as role4_15_0_ from Personnel this_ left outer join Users user2_ on this_.self_id=user2_.username where this_.self_id=?
Hibernate: select this_.id as id1_13_1_, this_.address1 as address2_13_1_, this_.address2 as address3_13_1_, this_.city as city4_13_1_, this_.email as email5_13_1_, this_.enabled as enabled6_13_1_, this_.firstName as firstNam7_13_1_, this_.lastName as lastName8_13_1_, this_.phone as phone9_13_1_, this_.self_id as self_id13_13_1_, this_.specialty as special10_13_1_, this_.state as state11_13_1_, this_.zip as zip12_13_1_, user2_.username as username1_15_0_, user2_.enabled as enabled2_15_0_, user2_.password as password3_15_0_, user2_.role as role4_15_0_ from Personnel this_ left outer join Users user2_ on this_.self_id=user2_.username where this_.self_id=?
00:22:15.371 [main] DEBUG o.h.e.t.internal.TransactionImpl - committing
00:22:15.372 [main] DEBUG o.s.t.c.s.AbstractDirtiesContextTestExecutionListener - After test method: context [DefaultTestContext@6faeb786 testClass = APIPasswordTest, testInstance = edu.ncsu.csc.itrust2.apitest.APIPasswordTest@5bbb6136, testMethod = testRequestReset@APIPasswordTest, testException = java.lang.NullPointerException, mergedContextConfiguration = [WebMergedContextConfiguration@6383b7d4 testClass = APIPasswordTest, locations = '{}', classes = '{class edu.ncsu.csc.itrust2.config.RootConfiguration, class edu.ncsu.csc.itrust2.mvc.config.WebMvcConfiguration}', contextInitializerClasses = '[]', activeProfiles = '{}', propertySourceLocations = '{}', propertySourceProperties = '{}', contextCustomizers = set[[empty]], resourceBasePath = 'src/main/webapp', contextLoader = 'org.springframework.test.context.web.WebDelegatingSmartContextLoader', parent = [null]]], class annotated with @DirtiesContext [false] with mode [null], method annotated with @DirtiesContext [false] with mode [null].
00:22:15.372 [main] DEBUG o.s.t.c.w.ServletTestExecutionListener - Resetting RequestContextHolder for test context [DefaultTestContext@6faeb786 testClass = APIPasswordTest, testInstance = edu.ncsu.csc.itrust2.apitest.APIPasswordTest@5bbb6136, testMethod = testRequestReset@APIPasswordTest, testException = java.lang.NullPointerException, mergedContextConfiguration = [WebMergedContextConfiguration@6383b7d4 testClass = APIPasswordTest, locations = '{}', classes = '{class edu.ncsu.csc.itrust2.config.RootConfiguration, class edu.ncsu.csc.itrust2.mvc.config.WebMvcConfiguration}', contextInitializerClasses = '[]', activeProfiles = '{}', propertySourceLocations = '{}', propertySourceProperties = '{}', contextCustomizers = set[[empty]], resourceBasePath = 'src/main/webapp', contextLoader = 'org.springframework.test.context.web.WebDelegatingSmartContextLoader', parent = [null]]].
]]></system-out>
  </testcase>
  <testcase name="testInvalidPasswordChanges" classname="edu.ncsu.csc.itrust2.apitest.APIPasswordTest" time="0.004"/>
  <testcase name="testValidPasswordChanges" classname="edu.ncsu.csc.itrust2.apitest.APIPasswordTest" time="0.008">
    <error type="java.lang.NullPointerException">java.lang.NullPointerException
	at edu.ncsu.csc.itrust2.apitest.APIPasswordTest.testValidPasswordChanges(APIPasswordTest.java:98)
</error>
    <system-out><![CDATA[00:22:15.882 [main] DEBUG o.s.t.annotation.ProfileValueUtils - Retrieved @ProfileValueSourceConfiguration [null] for test class [edu.ncsu.csc.itrust2.apitest.APIPasswordTest]
00:22:15.882 [main] DEBUG o.s.t.annotation.ProfileValueUtils - Retrieved ProfileValueSource type [class org.springframework.test.annotation.SystemProfileValueSource] for class [edu.ncsu.csc.itrust2.apitest.APIPasswordTest]
00:22:15.882 [main] DEBUG o.s.t.c.c.DefaultCacheAwareContextLoaderDelegate - Retrieved ApplicationContext from cache with key [[WebMergedContextConfiguration@6383b7d4 testClass = APIPasswordTest, locations = '{}', classes = '{class edu.ncsu.csc.itrust2.config.RootConfiguration, class edu.ncsu.csc.itrust2.mvc.config.WebMvcConfiguration}', contextInitializerClasses = '[]', activeProfiles = '{}', propertySourceLocations = '{}', propertySourceProperties = '{}', contextCustomizers = set[[empty]], resourceBasePath = 'src/main/webapp', contextLoader = 'org.springframework.test.context.web.WebDelegatingSmartContextLoader', parent = [null]]]
00:22:15.882 [main] DEBUG o.springframework.test.context.cache - Spring test ApplicationContext cache statistics: [DefaultContextCache@3bc22ada size = 1, maxSize = 32, parentContextCount = 0, hitCount = 58, missCount = 1]
00:22:15.883 [main] DEBUG o.s.t.c.w.ServletTestExecutionListener - Setting up MockHttpServletRequest, MockHttpServletResponse, ServletWebRequest, and RequestContextHolder for test context [DefaultTestContext@6faeb786 testClass = APIPasswordTest, testInstance = edu.ncsu.csc.itrust2.apitest.APIPasswordTest@5b216a0d, testMethod = [null], testException = [null], mergedContextConfiguration = [WebMergedContextConfiguration@6383b7d4 testClass = APIPasswordTest, locations = '{}', classes = '{class edu.ncsu.csc.itrust2.config.RootConfiguration, class edu.ncsu.csc.itrust2.mvc.config.WebMvcConfiguration}', contextInitializerClasses = '[]', activeProfiles = '{}', propertySourceLocations = '{}', propertySourceProperties = '{}', contextCustomizers = set[[empty]], resourceBasePath = 'src/main/webapp', contextLoader = 'org.springframework.test.context.web.WebDelegatingSmartContextLoader', parent = [null]]].
00:22:15.883 [main] DEBUG o.s.t.c.s.DependencyInjectionTestExecutionListener - Performing dependency injection for test context [[DefaultTestContext@6faeb786 testClass = APIPasswordTest, testInstance = edu.ncsu.csc.itrust2.apitest.APIPasswordTest@5b216a0d, testMethod = [null], testException = [null], mergedContextConfiguration = [WebMergedContextConfiguration@6383b7d4 testClass = APIPasswordTest, locations = '{}', classes = '{class edu.ncsu.csc.itrust2.config.RootConfiguration, class edu.ncsu.csc.itrust2.mvc.config.WebMvcConfiguration}', contextInitializerClasses = '[]', activeProfiles = '{}', propertySourceLocations = '{}', propertySourceProperties = '{}', contextCustomizers = set[[empty]], resourceBasePath = 'src/main/webapp', contextLoader = 'org.springframework.test.context.web.WebDelegatingSmartContextLoader', parent = [null]]]].
00:22:15.883 [main] DEBUG o.s.t.c.c.DefaultCacheAwareContextLoaderDelegate - Retrieved ApplicationContext from cache with key [[WebMergedContextConfiguration@6383b7d4 testClass = APIPasswordTest, locations = '{}', classes = '{class edu.ncsu.csc.itrust2.config.RootConfiguration, class edu.ncsu.csc.itrust2.mvc.config.WebMvcConfiguration}', contextInitializerClasses = '[]', activeProfiles = '{}', propertySourceLocations = '{}', propertySourceProperties = '{}', contextCustomizers = set[[empty]], resourceBasePath = 'src/main/webapp', contextLoader = 'org.springframework.test.context.web.WebDelegatingSmartContextLoader', parent = [null]]]
00:22:15.883 [main] DEBUG o.springframework.test.context.cache - Spring test ApplicationContext cache statistics: [DefaultContextCache@3bc22ada size = 1, maxSize = 32, parentContextCount = 0, hitCount = 59, missCount = 1]
00:22:15.883 [main] DEBUG o.s.b.f.annotation.InjectionMetadata - Processing injected element of bean 'edu.ncsu.csc.itrust2.apitest.APIPasswordTest': AutowiredFieldElement for private org.springframework.web.context.WebApplicationContext edu.ncsu.csc.itrust2.apitest.APIPasswordTest.context
00:22:15.884 [main] DEBUG o.s.t.c.s.AbstractDirtiesContextTestExecutionListener - Before test method: context [DefaultTestContext@6faeb786 testClass = APIPasswordTest, testInstance = edu.ncsu.csc.itrust2.apitest.APIPasswordTest@5b216a0d, testMethod = testValidPasswordChanges@APIPasswordTest, testException = [null], mergedContextConfiguration = [WebMergedContextConfiguration@6383b7d4 testClass = APIPasswordTest, locations = '{}', classes = '{class edu.ncsu.csc.itrust2.config.RootConfiguration, class edu.ncsu.csc.itrust2.mvc.config.WebMvcConfiguration}', contextInitializerClasses = '[]', activeProfiles = '{}', propertySourceLocations = '{}', propertySourceProperties = '{}', contextCustomizers = set[[empty]], resourceBasePath = 'src/main/webapp', contextLoader = 'org.springframework.test.context.web.WebDelegatingSmartContextLoader', parent = [null]]], class annotated with @DirtiesContext [false] with mode [null], method annotated with @DirtiesContext [false] with mode [null].
00:22:15.884 [main] DEBUG o.s.t.c.c.DefaultCacheAwareContextLoaderDelegate - Retrieved ApplicationContext from cache with key [[WebMergedContextConfiguration@6383b7d4 testClass = APIPasswordTest, locations = '{}', classes = '{class edu.ncsu.csc.itrust2.config.RootConfiguration, class edu.ncsu.csc.itrust2.mvc.config.WebMvcConfiguration}', contextInitializerClasses = '[]', activeProfiles = '{}', propertySourceLocations = '{}', propertySourceProperties = '{}', contextCustomizers = set[[empty]], resourceBasePath = 'src/main/webapp', contextLoader = 'org.springframework.test.context.web.WebDelegatingSmartContextLoader', parent = [null]]]
00:22:15.884 [main] DEBUG o.springframework.test.context.cache - Spring test ApplicationContext cache statistics: [DefaultContextCache@3bc22ada size = 1, maxSize = 32, parentContextCount = 0, hitCount = 60, missCount = 1]
00:22:15.884 [main] DEBUG o.s.b.f.s.DefaultListableBeanFactory - Creating instance of bean 'org.springframework.security.test.context.support.WithMockUserSecurityContextFactory'
00:22:15.884 [main] DEBUG o.s.b.f.s.DefaultListableBeanFactory - Finished creating instance of bean 'org.springframework.security.test.context.support.WithMockUserSecurityContextFactory'
00:22:15.886 [main] DEBUG o.s.t.w.s.TestDispatcherServlet - Initializing servlet ''
00:22:15.886 [main] DEBUG o.s.w.c.s.StandardServletEnvironment - Adding [servletConfigInitParams] PropertySource with lowest search precedence
00:22:15.886 [main] DEBUG o.s.w.c.s.StandardServletEnvironment - Adding [servletContextInitParams] PropertySource with lowest search precedence
00:22:15.886 [main] DEBUG o.s.w.c.s.StandardServletEnvironment - Adding [systemProperties] PropertySource with lowest search precedence
00:22:15.886 [main] DEBUG o.s.w.c.s.StandardServletEnvironment - Adding [systemEnvironment] PropertySource with lowest search precedence
00:22:15.887 [main] DEBUG o.s.w.c.s.StandardServletEnvironment - Initialized StandardServletEnvironment with PropertySources [servletConfigInitParams,servletContextInitParams,systemProperties,systemEnvironment]
00:22:15.887 [main] INFO  o.s.mock.web.MockServletContext - Initializing Spring FrameworkServlet ''
00:22:15.887 [main] INFO  o.s.t.w.s.TestDispatcherServlet - FrameworkServlet '': initialization started
00:22:15.887 [main] DEBUG o.s.t.w.s.TestDispatcherServlet - Unable to locate MultipartResolver with name 'multipartResolver': no multipart request handling provided
00:22:15.887 [main] DEBUG o.s.b.f.s.DefaultListableBeanFactory - Creating instance of bean 'org.springframework.web.servlet.i18n.AcceptHeaderLocaleResolver'
00:22:15.887 [main] DEBUG o.s.b.f.s.DefaultListableBeanFactory - Finished creating instance of bean 'org.springframework.web.servlet.i18n.AcceptHeaderLocaleResolver'
00:22:15.887 [main] DEBUG o.s.t.w.s.TestDispatcherServlet - Unable to locate LocaleResolver with name 'localeResolver': using default [org.springframework.web.servlet.i18n.AcceptHeaderLocaleResolver@2e99d9c3]
00:22:15.887 [main] DEBUG o.s.b.f.s.DefaultListableBeanFactory - Creating instance of bean 'org.springframework.web.servlet.theme.FixedThemeResolver'
00:22:15.887 [main] DEBUG o.s.b.f.s.DefaultListableBeanFactory - Finished creating instance of bean 'org.springframework.web.servlet.theme.FixedThemeResolver'
00:22:15.890 [main] DEBUG o.s.t.w.s.TestDispatcherServlet - Unable to locate ThemeResolver with name 'themeResolver': using default [org.springframework.web.servlet.theme.FixedThemeResolver@253d519d]
00:22:15.890 [main] DEBUG o.s.b.f.s.DefaultListableBeanFactory - Returning cached instance of singleton bean 'requestMappingHandlerMapping'
00:22:15.890 [main] DEBUG o.s.b.f.s.DefaultListableBeanFactory - Returning cached instance of singleton bean 'viewControllerHandlerMapping'
00:22:15.890 [main] DEBUG o.s.b.f.s.DefaultListableBeanFactory - Returning cached instance of singleton bean 'beanNameHandlerMapping'
00:22:15.890 [main] DEBUG o.s.b.f.s.DefaultListableBeanFactory - Returning cached instance of singleton bean 'resourceHandlerMapping'
00:22:15.890 [main] DEBUG o.s.b.f.s.DefaultListableBeanFactory - Returning cached instance of singleton bean 'defaultServletHandlerMapping'
00:22:15.891 [main] DEBUG o.s.b.f.s.DefaultListableBeanFactory - Returning cached instance of singleton bean 'requestMappingHandlerAdapter'
00:22:15.891 [main] DEBUG o.s.b.f.s.DefaultListableBeanFactory - Returning cached instance of singleton bean 'httpRequestHandlerAdapter'
00:22:15.891 [main] DEBUG o.s.b.f.s.DefaultListableBeanFactory - Returning cached instance of singleton bean 'simpleControllerHandlerAdapter'
00:22:15.891 [main] DEBUG o.s.b.f.s.DefaultListableBeanFactory - Returning cached instance of singleton bean 'handlerExceptionResolver'
00:22:15.891 [main] DEBUG o.s.b.f.s.DefaultListableBeanFactory - Creating instance of bean 'org.springframework.web.servlet.view.DefaultRequestToViewNameTranslator'
00:22:15.891 [main] DEBUG o.s.b.f.s.DefaultListableBeanFactory - Finished creating instance of bean 'org.springframework.web.servlet.view.DefaultRequestToViewNameTranslator'
00:22:15.892 [main] DEBUG o.s.t.w.s.TestDispatcherServlet - Unable to locate RequestToViewNameTranslator with name 'viewNameTranslator': using default [org.springframework.web.servlet.view.DefaultRequestToViewNameTranslator@751c3635]
00:22:15.892 [main] DEBUG o.s.b.f.s.DefaultListableBeanFactory - Returning cached instance of singleton bean 'mvcViewResolver'
00:22:15.892 [main] DEBUG o.s.b.f.s.DefaultListableBeanFactory - Returning cached instance of singleton bean 'viewResolver'
00:22:15.892 [main] DEBUG o.s.b.f.s.DefaultListableBeanFactory - Creating instance of bean 'org.springframework.web.servlet.support.SessionFlashMapManager'
00:22:15.892 [main] DEBUG o.s.b.f.s.DefaultListableBeanFactory - Finished creating instance of bean 'org.springframework.web.servlet.support.SessionFlashMapManager'
00:22:15.892 [main] DEBUG o.s.t.w.s.TestDispatcherServlet - Unable to locate FlashMapManager with name 'flashMapManager': using default [org.springframework.web.servlet.support.SessionFlashMapManager@62ec2905]
00:22:15.892 [main] DEBUG o.s.t.w.s.TestDispatcherServlet - Published WebApplicationContext of servlet '' as ServletContext attribute with name [org.springframework.web.servlet.FrameworkServlet.CONTEXT.]
00:22:15.892 [main] INFO  o.s.t.w.s.TestDispatcherServlet - FrameworkServlet '': initialization completed in 5 ms
00:22:15.892 [main] DEBUG o.s.t.w.s.TestDispatcherServlet - Servlet '' configured successfully
00:22:16.173 [main] DEBUG o.h.e.t.internal.TransactionImpl - begin
00:22:16.175 [main] DEBUG org.hibernate.SQL - select user_.username, user_.enabled as enabled2_15_, user_.password as password3_15_, user_.role as role4_15_ from Users user_ where user_.username=?
Hibernate: select user_.username, user_.enabled as enabled2_15_, user_.password as password3_15_, user_.role as role4_15_ from Users user_ where user_.username=?
00:22:16.177 [main] DEBUG o.h.r.j.i.ResourceRegistryStandardImpl - HHH000387: ResultSet's statement was not registered
00:22:16.178 [main] DEBUG o.h.e.t.internal.TransactionImpl - committing
00:22:16.178 [main] DEBUG o.h.e.i.AbstractFlushingEventListener - Processing flush-time cascades
00:22:16.178 [main] DEBUG o.h.e.i.AbstractFlushingEventListener - Dirty checking collections
00:22:16.178 [main] DEBUG o.h.e.i.AbstractFlushingEventListener - Flushed: 0 insertions, 1 updates, 0 deletions to 1 objects
00:22:16.178 [main] DEBUG o.h.e.i.AbstractFlushingEventListener - Flushed: 0 (re)creations, 0 updates, 0 removals to 0 collections
00:22:16.178 [main] DEBUG o.h.internal.util.EntityPrinter - Listing entities:
00:22:16.178 [main] DEBUG o.h.internal.util.EntityPrinter - edu.ncsu.csc.itrust2.models.persistent.User{password=$2a$10$CAr55r2Wjr1SppSlmj./DeQVgpzIvgop9mknZAUA6SdZCSTsioFj., role=ROLE_PATIENT, enabled=1, username=patientPW}
00:22:16.179 [main] DEBUG org.hibernate.SQL - update Users set enabled=?, password=?, role=? where username=?
Hibernate: update Users set enabled=?, password=?, role=? where username=?
00:22:16.196 [main] DEBUG o.h.e.j.internal.JdbcCoordinatorImpl - HHH000420: Closing un-released batch
00:22:16.197 [main] DEBUG o.h.e.t.internal.TransactionImpl - begin
00:22:16.215 [main] DEBUG org.hibernate.SQL - select this_.username as username1_15_0_, this_.enabled as enabled2_15_0_, this_.password as password3_15_0_, this_.role as role4_15_0_ from Users this_ where this_.username=?
Hibernate: select this_.username as username1_15_0_, this_.enabled as enabled2_15_0_, this_.password as password3_15_0_, this_.role as role4_15_0_ from Users this_ where this_.username=?
00:22:16.215 [main] DEBUG org.hibernate.loader.Loader - Result set row: 0
00:22:16.216 [main] DEBUG org.hibernate.loader.Loader - Result row: EntityKey[edu.ncsu.csc.itrust2.models.persistent.User#patientPW]
00:22:16.216 [main] DEBUG o.h.engine.internal.TwoPhaseLoad - Resolving associations for [edu.ncsu.csc.itrust2.models.persistent.User#patientPW]
00:22:16.216 [main] DEBUG o.h.engine.internal.TwoPhaseLoad - Done materializing entity [edu.ncsu.csc.itrust2.models.persistent.User#patientPW]
00:22:16.216 [main] DEBUG o.h.e.t.internal.TransactionImpl - committing
00:22:16.216 [main] DEBUG o.h.e.i.AbstractFlushingEventListener - Processing flush-time cascades
00:22:16.216 [main] DEBUG o.h.e.i.AbstractFlushingEventListener - Dirty checking collections
00:22:16.217 [main] DEBUG o.h.e.i.AbstractFlushingEventListener - Flushed: 0 insertions, 0 updates, 0 deletions to 1 objects
00:22:16.217 [main] DEBUG o.h.e.i.AbstractFlushingEventListener - Flushed: 0 (re)creations, 0 updates, 0 removals to 0 collections
00:22:16.217 [main] DEBUG o.h.internal.util.EntityPrinter - Listing entities:
00:22:16.217 [main] DEBUG o.h.internal.util.EntityPrinter - edu.ncsu.csc.itrust2.models.persistent.User{password=$2a$10$CAr55r2Wjr1SppSlmj./DeQVgpzIvgop9mknZAUA6SdZCSTsioFj., role=ROLE_PATIENT, enabled=1, username=patientPW}
00:22:16.218 [main] DEBUG o.s.t.w.s.TestDispatcherServlet - DispatcherServlet with name '' processing POST request for [/api/v1/personnel]
00:22:16.218 [main] DEBUG o.s.w.s.m.m.a.RequestMappingHandlerMapping - Looking up handler method for path /api/v1/personnel
00:22:16.220 [main] DEBUG o.s.w.s.m.m.a.RequestMappingHandlerMapping - Returning handler method [public org.springframework.http.ResponseEntity edu.ncsu.csc.itrust2.controllers.api.APIPersonnelController.createPersonnel(edu.ncsu.csc.itrust2.forms.personnel.PersonnelForm)]
00:22:16.221 [main] DEBUG o.s.b.f.s.DefaultListableBeanFactory - Returning cached instance of singleton bean 'APIPersonnelController'
00:22:16.221 [main] DEBUG o.s.w.s.m.m.a.RequestResponseBodyMethodProcessor - Read [class edu.ncsu.csc.itrust2.forms.personnel.PersonnelForm] as "application/json" with [org.springframework.http.converter.json.GsonHttpMessageConverter@546f5fbd]
00:22:16.231 [main] DEBUG o.h.e.t.internal.TransactionImpl - begin
00:22:16.233 [main] DEBUG org.hibernate.SQL - select this_.username as username1_15_0_, this_.enabled as enabled2_15_0_, this_.password as password3_15_0_, this_.role as role4_15_0_ from Users this_ where this_.username=?
Hibernate: select this_.username as username1_15_0_, this_.enabled as enabled2_15_0_, this_.password as password3_15_0_, this_.role as role4_15_0_ from Users this_ where this_.username=?
00:22:16.233 [main] DEBUG org.hibernate.loader.Loader - Result set row: 0
00:22:16.233 [main] DEBUG org.hibernate.loader.Loader - Result row: EntityKey[edu.ncsu.csc.itrust2.models.persistent.User#patientPW]
00:22:16.234 [main] DEBUG o.h.engine.internal.TwoPhaseLoad - Resolving associations for [edu.ncsu.csc.itrust2.models.persistent.User#patientPW]
00:22:16.234 [main] DEBUG o.h.engine.internal.TwoPhaseLoad - Done materializing entity [edu.ncsu.csc.itrust2.models.persistent.User#patientPW]
00:22:16.234 [main] DEBUG o.h.e.t.internal.TransactionImpl - committing
00:22:16.235 [main] DEBUG o.h.e.i.AbstractFlushingEventListener - Processing flush-time cascades
00:22:16.242 [main] DEBUG o.h.e.i.AbstractFlushingEventListener - Dirty checking collections
00:22:16.242 [main] DEBUG o.h.e.i.AbstractFlushingEventListener - Flushed: 0 insertions, 0 updates, 0 deletions to 1 objects
00:22:16.243 [main] DEBUG o.h.e.i.AbstractFlushingEventListener - Flushed: 0 (re)creations, 0 updates, 0 removals to 0 collections
00:22:16.243 [main] DEBUG o.h.internal.util.EntityPrinter - Listing entities:
00:22:16.243 [main] DEBUG o.h.internal.util.EntityPrinter - edu.ncsu.csc.itrust2.models.persistent.User{password=$2a$10$CAr55r2Wjr1SppSlmj./DeQVgpzIvgop9mknZAUA6SdZCSTsioFj., role=ROLE_PATIENT, enabled=1, username=patientPW}
00:22:16.243 [main] DEBUG o.h.e.t.internal.TransactionImpl - begin
00:22:16.259 [main] DEBUG org.hibernate.SQL - select this_.id as id1_13_1_, this_.address1 as address2_13_1_, this_.address2 as address3_13_1_, this_.city as city4_13_1_, this_.email as email5_13_1_, this_.enabled as enabled6_13_1_, this_.firstName as firstNam7_13_1_, this_.lastName as lastName8_13_1_, this_.phone as phone9_13_1_, this_.self_id as self_id13_13_1_, this_.specialty as special10_13_1_, this_.state as state11_13_1_, this_.zip as zip12_13_1_, user2_.username as username1_15_0_, user2_.enabled as enabled2_15_0_, user2_.password as password3_15_0_, user2_.role as role4_15_0_ from Personnel this_ left outer join Users user2_ on this_.self_id=user2_.username where this_.self_id=?
Hibernate: select this_.id as id1_13_1_, this_.address1 as address2_13_1_, this_.address2 as address3_13_1_, this_.city as city4_13_1_, this_.email as email5_13_1_, this_.enabled as enabled6_13_1_, this_.firstName as firstNam7_13_1_, this_.lastName as lastName8_13_1_, this_.phone as phone9_13_1_, this_.self_id as self_id13_13_1_, this_.specialty as special10_13_1_, this_.state as state11_13_1_, this_.zip as zip12_13_1_, user2_.username as username1_15_0_, user2_.enabled as enabled2_15_0_, user2_.password as password3_15_0_, user2_.role as role4_15_0_ from Personnel this_ left outer join Users user2_ on this_.self_id=user2_.username where this_.self_id=?
00:22:16.259 [main] DEBUG o.h.e.t.internal.TransactionImpl - committing
00:22:16.261 [main] DEBUG o.s.w.s.m.m.a.HttpEntityMethodProcessor - Written [{"status":"failed","message":"Personnel with the id edu.ncsu.csc.itrust2.models.persistent.User@53ae34ae already exists"}] as "text/plain" using [org.springframework.http.converter.StringHttpMessageConverter@43a9680a]
00:22:16.261 [main] DEBUG o.s.t.w.s.TestDispatcherServlet - Null ModelAndView returned to DispatcherServlet with name '': assuming HandlerAdapter completed request handling
00:22:16.261 [main] DEBUG o.s.t.w.s.TestDispatcherServlet - Successfully completed request
00:22:16.470 [main] DEBUG o.s.t.w.s.TestDispatcherServlet - DispatcherServlet with name '' processing POST request for [/api/v1/changePassword]
00:22:16.470 [main] DEBUG o.s.w.s.m.m.a.RequestMappingHandlerMapping - Looking up handler method for path /api/v1/changePassword
00:22:16.473 [main] DEBUG o.s.w.s.m.m.a.RequestMappingHandlerMapping - Returning handler method [public org.springframework.http.ResponseEntity edu.ncsu.csc.itrust2.controllers.api.APIPasswordController.changePassword(edu.ncsu.csc.itrust2.forms.personnel.PasswordChangeForm)]
00:22:16.473 [main] DEBUG o.s.b.f.s.DefaultListableBeanFactory - Returning cached instance of singleton bean 'APIPasswordController'
00:22:16.473 [main] DEBUG o.s.w.s.m.m.a.RequestResponseBodyMethodProcessor - Read [class edu.ncsu.csc.itrust2.forms.personnel.PasswordChangeForm] as "application/json" with [org.springframework.http.converter.json.GsonHttpMessageConverter@546f5fbd]
00:22:16.474 [main] DEBUG o.h.e.t.internal.TransactionImpl - begin
00:22:16.475 [main] DEBUG org.hibernate.SQL - select this_.username as username1_15_0_, this_.enabled as enabled2_15_0_, this_.password as password3_15_0_, this_.role as role4_15_0_ from Users this_ where this_.username=?
Hibernate: select this_.username as username1_15_0_, this_.enabled as enabled2_15_0_, this_.password as password3_15_0_, this_.role as role4_15_0_ from Users this_ where this_.username=?
00:22:16.476 [main] DEBUG org.hibernate.loader.Loader - Result set row: 0
00:22:16.476 [main] DEBUG org.hibernate.loader.Loader - Result row: EntityKey[edu.ncsu.csc.itrust2.models.persistent.User#patientPW]
00:22:16.476 [main] DEBUG o.h.engine.internal.TwoPhaseLoad - Resolving associations for [edu.ncsu.csc.itrust2.models.persistent.User#patientPW]
00:22:16.476 [main] DEBUG o.h.engine.internal.TwoPhaseLoad - Done materializing entity [edu.ncsu.csc.itrust2.models.persistent.User#patientPW]
00:22:16.477 [main] DEBUG o.h.e.t.internal.TransactionImpl - committing
00:22:16.477 [main] DEBUG o.h.e.i.AbstractFlushingEventListener - Processing flush-time cascades
00:22:16.477 [main] DEBUG o.h.e.i.AbstractFlushingEventListener - Dirty checking collections
00:22:16.477 [main] DEBUG o.h.e.i.AbstractFlushingEventListener - Flushed: 0 insertions, 0 updates, 0 deletions to 1 objects
00:22:16.477 [main] DEBUG o.h.e.i.AbstractFlushingEventListener - Flushed: 0 (re)creations, 0 updates, 0 removals to 0 collections
00:22:16.477 [main] DEBUG o.h.internal.util.EntityPrinter - Listing entities:
00:22:16.477 [main] DEBUG o.h.internal.util.EntityPrinter - edu.ncsu.csc.itrust2.models.persistent.User{password=$2a$10$CAr55r2Wjr1SppSlmj./DeQVgpzIvgop9mknZAUA6SdZCSTsioFj., role=ROLE_PATIENT, enabled=1, username=patientPW}
00:22:17.013 [main] DEBUG o.h.e.t.internal.TransactionImpl - begin
00:22:17.023 [main] DEBUG org.hibernate.SQL - select user_.username, user_.enabled as enabled2_15_, user_.password as password3_15_, user_.role as role4_15_ from Users user_ where user_.username=?
Hibernate: select user_.username, user_.enabled as enabled2_15_, user_.password as password3_15_, user_.role as role4_15_ from Users user_ where user_.username=?
00:22:17.026 [main] DEBUG o.h.r.j.i.ResourceRegistryStandardImpl - HHH000387: ResultSet's statement was not registered
00:22:17.026 [main] DEBUG o.h.e.t.internal.TransactionImpl - committing
00:22:17.026 [main] DEBUG o.h.e.i.AbstractFlushingEventListener - Processing flush-time cascades
00:22:17.026 [main] DEBUG o.h.e.i.AbstractFlushingEventListener - Dirty checking collections
00:22:17.026 [main] DEBUG o.h.e.i.AbstractFlushingEventListener - Flushed: 0 insertions, 1 updates, 0 deletions to 1 objects
00:22:17.026 [main] DEBUG o.h.e.i.AbstractFlushingEventListener - Flushed: 0 (re)creations, 0 updates, 0 removals to 0 collections
00:22:17.026 [main] DEBUG o.h.internal.util.EntityPrinter - Listing entities:
00:22:17.026 [main] DEBUG o.h.internal.util.EntityPrinter - edu.ncsu.csc.itrust2.models.persistent.User{password=$2a$10$J99gL2ohUahorfVrKqZokudnWuFGHkNQ2g771ODAPOZybrmu9UsaW, role=ROLE_PATIENT, enabled=1, username=patientPW}
00:22:17.028 [main] DEBUG org.hibernate.SQL - update Users set enabled=?, password=?, role=? where username=?
Hibernate: update Users set enabled=?, password=?, role=? where username=?
00:22:17.031 [main] DEBUG o.h.e.j.internal.JdbcCoordinatorImpl - HHH000420: Closing un-released batch
00:22:17.031 [main] DEBUG o.h.e.t.internal.TransactionImpl - begin
00:22:17.032 [main] DEBUG org.hibernate.SQL - select next_val as id_val from hibernate_sequence for update
Hibernate: select next_val as id_val from hibernate_sequence for update
00:22:17.032 [main] DEBUG org.hibernate.SQL - update hibernate_sequence set next_val= ? where next_val=?
Hibernate: update hibernate_sequence set next_val= ? where next_val=?
00:22:17.037 [main] DEBUG o.h.e.i.AbstractSaveEventListener - Generated identifier: 51, using strategy: org.hibernate.id.enhanced.SequenceStyleGenerator
00:22:17.038 [main] DEBUG o.h.e.t.internal.TransactionImpl - committing
00:22:17.038 [main] DEBUG o.h.e.i.AbstractFlushingEventListener - Processing flush-time cascades
00:22:17.038 [main] DEBUG o.h.e.i.AbstractFlushingEventListener - Dirty checking collections
00:22:17.038 [main] DEBUG o.h.e.i.AbstractFlushingEventListener - Flushed: 1 insertions, 0 updates, 0 deletions to 1 objects
00:22:17.038 [main] DEBUG o.h.e.i.AbstractFlushingEventListener - Flushed: 0 (re)creations, 0 updates, 0 removals to 0 collections
00:22:17.038 [main] DEBUG o.h.internal.util.EntityPrinter - Listing entities:
00:22:17.038 [main] DEBUG o.h.internal.util.EntityPrinter - edu.ncsu.csc.itrust2.models.persistent.LogEntry{secondaryUser=null, logCode=51, primaryUser=patientPW, id=51, time=java.util.GregorianCalendar[time=1521692537031,areFieldsSet=true,areAllFieldsSet=true,lenient=true,zone=sun.util.calendar.ZoneInfo[id="America/New_York",offset=-18000000,dstSavings=3600000,useDaylight=true,transitions=235,lastRule=java.util.SimpleTimeZone[id=America/New_York,offset=-18000000,dstSavings=3600000,useDaylight=true,startYear=0,startMode=3,startMonth=2,startDay=8,startDayOfWeek=1,startTime=7200000,startTimeMode=0,endMode=3,endMonth=10,endDay=1,endDayOfWeek=1,endTime=7200000,endTimeMode=0]],firstDayOfWeek=1,minimalDaysInFirstWeek=1,ERA=1,YEAR=2018,MONTH=2,WEEK_OF_YEAR=12,WEEK_OF_MONTH=4,DAY_OF_MONTH=22,DAY_OF_YEAR=81,DAY_OF_WEEK=5,DAY_OF_WEEK_IN_MONTH=4,AM_PM=0,HOUR=0,HOUR_OF_DAY=0,MINUTE=22,SECOND=17,MILLISECOND=31,ZONE_OFFSET=-18000000,DST_OFFSET=3600000], message=Successfully changed password for user patientPW}
00:22:17.039 [main] DEBUG org.hibernate.SQL - insert into LogEntries (logCode, message, primaryUser, secondaryUser, time, id) values (?, ?, ?, ?, ?, ?)
Hibernate: insert into LogEntries (logCode, message, primaryUser, secondaryUser, time, id) values (?, ?, ?, ?, ?, ?)
00:22:17.042 [main] DEBUG o.h.e.j.internal.JdbcCoordinatorImpl - HHH000420: Closing un-released batch
00:22:17.043 [main] DEBUG o.h.e.t.internal.TransactionImpl - begin
00:22:17.043 [main] DEBUG org.hibernate.SQL - select this_.username as username1_15_0_, this_.enabled as enabled2_15_0_, this_.password as password3_15_0_, this_.role as role4_15_0_ from Users this_ where this_.username=?
Hibernate: select this_.username as username1_15_0_, this_.enabled as enabled2_15_0_, this_.password as password3_15_0_, this_.role as role4_15_0_ from Users this_ where this_.username=?
00:22:17.045 [main] DEBUG org.hibernate.loader.Loader - Result set row: 0
00:22:17.045 [main] DEBUG org.hibernate.loader.Loader - Result row: EntityKey[edu.ncsu.csc.itrust2.models.persistent.User#patientPW]
00:22:17.045 [main] DEBUG o.h.engine.internal.TwoPhaseLoad - Resolving associations for [edu.ncsu.csc.itrust2.models.persistent.User#patientPW]
00:22:17.046 [main] DEBUG o.h.engine.internal.TwoPhaseLoad - Done materializing entity [edu.ncsu.csc.itrust2.models.persistent.User#patientPW]
00:22:17.046 [main] DEBUG o.h.e.t.internal.TransactionImpl - committing
00:22:17.046 [main] DEBUG o.h.e.i.AbstractFlushingEventListener - Processing flush-time cascades
00:22:17.047 [main] DEBUG o.h.e.i.AbstractFlushingEventListener - Dirty checking collections
00:22:17.047 [main] DEBUG o.h.e.i.AbstractFlushingEventListener - Flushed: 0 insertions, 0 updates, 0 deletions to 1 objects
00:22:17.047 [main] DEBUG o.h.e.i.AbstractFlushingEventListener - Flushed: 0 (re)creations, 0 updates, 0 removals to 0 collections
00:22:17.047 [main] DEBUG o.h.internal.util.EntityPrinter - Listing entities:
00:22:17.047 [main] DEBUG o.h.internal.util.EntityPrinter - edu.ncsu.csc.itrust2.models.persistent.User{password=$2a$10$J99gL2ohUahorfVrKqZokudnWuFGHkNQ2g771ODAPOZybrmu9UsaW, role=ROLE_PATIENT, enabled=1, username=patientPW}
00:22:17.048 [main] DEBUG o.h.e.t.internal.TransactionImpl - begin
00:22:17.049 [main] DEBUG org.hibernate.SQL - select this_.username as username1_15_0_, this_.enabled as enabled2_15_0_, this_.password as password3_15_0_, this_.role as role4_15_0_ from Users this_ where this_.username=? and this_.role=?
Hibernate: select this_.username as username1_15_0_, this_.enabled as enabled2_15_0_, this_.password as password3_15_0_, this_.role as role4_15_0_ from Users this_ where this_.username=? and this_.role=?
00:22:17.049 [main] DEBUG org.hibernate.loader.Loader - Result set row: 0
00:22:17.049 [main] DEBUG org.hibernate.loader.Loader - Result row: EntityKey[edu.ncsu.csc.itrust2.models.persistent.User#patientPW]
00:22:17.049 [main] DEBUG o.h.engine.internal.TwoPhaseLoad - Resolving associations for [edu.ncsu.csc.itrust2.models.persistent.User#patientPW]
00:22:17.050 [main] DEBUG o.h.engine.internal.TwoPhaseLoad - Done materializing entity [edu.ncsu.csc.itrust2.models.persistent.User#patientPW]
00:22:17.050 [main] DEBUG o.h.e.t.internal.TransactionImpl - committing
00:22:17.050 [main] DEBUG o.h.e.i.AbstractFlushingEventListener - Processing flush-time cascades
00:22:17.050 [main] DEBUG o.h.e.i.AbstractFlushingEventListener - Dirty checking collections
00:22:17.050 [main] DEBUG o.h.e.i.AbstractFlushingEventListener - Flushed: 0 insertions, 0 updates, 0 deletions to 1 objects
00:22:17.050 [main] DEBUG o.h.e.i.AbstractFlushingEventListener - Flushed: 0 (re)creations, 0 updates, 0 removals to 0 collections
00:22:17.050 [main] DEBUG o.h.internal.util.EntityPrinter - Listing entities:
00:22:17.050 [main] DEBUG o.h.internal.util.EntityPrinter - edu.ncsu.csc.itrust2.models.persistent.User{password=$2a$10$J99gL2ohUahorfVrKqZokudnWuFGHkNQ2g771ODAPOZybrmu9UsaW, role=ROLE_PATIENT, enabled=1, username=patientPW}
00:22:17.058 [main] DEBUG o.h.e.t.internal.TransactionImpl - begin
00:22:17.061 [main] DEBUG org.hibernate.SQL - select this_.self_id as self_id18_12_2_, this_.address1 as address1_12_2_, this_.address2 as address2_12_2_, this_.bloodType as bloodTyp3_12_2_, this_.causeOfDeath as causeOfD4_12_2_, this_.city as city5_12_2_, this_.dateOfBirth as dateOfBi6_12_2_, this_.dateOfDeath as dateOfDe7_12_2_, this_.email as email8_12_2_, this_.ethnicity as ethnicit9_12_2_, this_.father_id as father_19_12_2_, this_.firstName as firstNa10_12_2_, this_.gender as gender11_12_2_, this_.id as id12_12_2_, this_.lastName as lastNam13_12_2_, this_.mother_id as mother_20_12_2_, this_.phone as phone14_12_2_, this_.preferredName as preferr15_12_2_, this_.state as state16_12_2_, this_.zip as zip17_12_2_, user2_.username as username1_15_0_, user2_.enabled as enabled2_15_0_, user2_.password as password3_15_0_, user2_.role as role4_15_0_, user3_.username as username1_15_1_, user3_.enabled as enabled2_15_1_, user3_.password as password3_15_1_, user3_.role as role4_15_1_ from Patients this_ left outer join Users user2_ on this_.father_id=user2_.username left outer join Users user3_ on this_.mother_id=user3_.username where this_.self_id=?
Hibernate: select this_.self_id as self_id18_12_2_, this_.address1 as address1_12_2_, this_.address2 as address2_12_2_, this_.bloodType as bloodTyp3_12_2_, this_.causeOfDeath as causeOfD4_12_2_, this_.city as city5_12_2_, this_.dateOfBirth as dateOfBi6_12_2_, this_.dateOfDeath as dateOfDe7_12_2_, this_.email as email8_12_2_, this_.ethnicity as ethnicit9_12_2_, this_.father_id as father_19_12_2_, this_.firstName as firstNa10_12_2_, this_.gender as gender11_12_2_, this_.id as id12_12_2_, this_.lastName as lastNam13_12_2_, this_.mother_id as mother_20_12_2_, this_.phone as phone14_12_2_, this_.preferredName as preferr15_12_2_, this_.state as state16_12_2_, this_.zip as zip17_12_2_, user2_.username as username1_15_0_, user2_.enabled as enabled2_15_0_, user2_.password as password3_15_0_, user2_.role as role4_15_0_, user3_.username as username1_15_1_, user3_.enabled as enabled2_15_1_, user3_.password as password3_15_1_, user3_.role as role4_15_1_ from Patients this_ left outer join Users user2_ on this_.father_id=user2_.username left outer join Users user3_ on this_.mother_id=user3_.username where this_.self_id=?
00:22:17.066 [main] DEBUG o.h.e.t.internal.TransactionImpl - committing
00:22:17.067 [main] DEBUG o.h.e.t.internal.TransactionImpl - begin
00:22:17.078 [main] DEBUG org.hibernate.SQL - select next_val as id_val from hibernate_sequence for update
Hibernate: select next_val as id_val from hibernate_sequence for update
00:22:17.078 [main] DEBUG org.hibernate.SQL - update hibernate_sequence set next_val= ? where next_val=?
Hibernate: update hibernate_sequence set next_val= ? where next_val=?
00:22:17.081 [main] DEBUG o.h.e.i.AbstractSaveEventListener - Generated identifier: 52, using strategy: org.hibernate.id.enhanced.SequenceStyleGenerator
00:22:17.081 [main] DEBUG o.h.e.t.internal.TransactionImpl - committing
00:22:17.081 [main] DEBUG o.h.e.i.AbstractFlushingEventListener - Processing flush-time cascades
00:22:17.081 [main] DEBUG o.h.e.i.AbstractFlushingEventListener - Dirty checking collections
00:22:17.082 [main] DEBUG o.h.e.i.AbstractFlushingEventListener - Flushed: 1 insertions, 0 updates, 0 deletions to 1 objects
00:22:17.082 [main] DEBUG o.h.e.i.AbstractFlushingEventListener - Flushed: 0 (re)creations, 0 updates, 0 removals to 0 collections
00:22:17.082 [main] DEBUG o.h.internal.util.EntityPrinter - Listing entities:
00:22:17.082 [main] DEBUG o.h.internal.util.EntityPrinter - edu.ncsu.csc.itrust2.models.persistent.LogEntry{secondaryUser=null, logCode=50, primaryUser=patientPW, id=52, time=java.util.GregorianCalendar[time=1521692537067,areFieldsSet=true,areAllFieldsSet=true,lenient=true,zone=sun.util.calendar.ZoneInfo[id="America/New_York",offset=-18000000,dstSavings=3600000,useDaylight=true,transitions=235,lastRule=java.util.SimpleTimeZone[id=America/New_York,offset=-18000000,dstSavings=3600000,useDaylight=true,startYear=0,startMode=3,startMonth=2,startDay=8,startDayOfWeek=1,startTime=7200000,startTimeMode=0,endMode=3,endMonth=10,endDay=1,endDayOfWeek=1,endTime=7200000,endTimeMode=0]],firstDayOfWeek=1,minimalDaysInFirstWeek=1,ERA=1,YEAR=2018,MONTH=2,WEEK_OF_YEAR=12,WEEK_OF_MONTH=4,DAY_OF_MONTH=22,DAY_OF_YEAR=81,DAY_OF_WEEK=5,DAY_OF_WEEK_IN_MONTH=4,AM_PM=0,HOUR=0,HOUR_OF_DAY=0,MINUTE=22,SECOND=17,MILLISECOND=67,ZONE_OFFSET=-18000000,DST_OFFSET=3600000], message=Could not change password for user patientPW}
00:22:17.083 [main] DEBUG org.hibernate.SQL - insert into LogEntries (logCode, message, primaryUser, secondaryUser, time, id) values (?, ?, ?, ?, ?, ?)
Hibernate: insert into LogEntries (logCode, message, primaryUser, secondaryUser, time, id) values (?, ?, ?, ?, ?, ?)
00:22:17.086 [main] DEBUG o.h.e.j.internal.JdbcCoordinatorImpl - HHH000420: Closing un-released batch
00:22:17.087 [main] DEBUG o.s.w.s.m.m.a.HttpEntityMethodProcessor - Written [{"status":"failed","message":"Could not change password for patientPW because of Cannot read input file"}] as "text/plain" using [org.springframework.http.converter.StringHttpMessageConverter@43a9680a]
00:22:17.087 [main] DEBUG o.s.t.w.s.TestDispatcherServlet - Null ModelAndView returned to DispatcherServlet with name '': assuming HandlerAdapter completed request handling
00:22:17.087 [main] DEBUG o.s.t.w.s.TestDispatcherServlet - Successfully completed request
00:22:17.087 [main] DEBUG o.h.e.t.internal.TransactionImpl - begin
00:22:17.088 [main] DEBUG org.hibernate.SQL - select this_.username as username1_15_0_, this_.enabled as enabled2_15_0_, this_.password as password3_15_0_, this_.role as role4_15_0_ from Users this_ where this_.username=?
Hibernate: select this_.username as username1_15_0_, this_.enabled as enabled2_15_0_, this_.password as password3_15_0_, this_.role as role4_15_0_ from Users this_ where this_.username=?
00:22:17.090 [main] DEBUG org.hibernate.loader.Loader - Result set row: 0
00:22:17.090 [main] DEBUG org.hibernate.loader.Loader - Result row: EntityKey[edu.ncsu.csc.itrust2.models.persistent.User#patientPW]
00:22:17.091 [main] DEBUG o.h.engine.internal.TwoPhaseLoad - Resolving associations for [edu.ncsu.csc.itrust2.models.persistent.User#patientPW]
00:22:17.091 [main] DEBUG o.h.engine.internal.TwoPhaseLoad - Done materializing entity [edu.ncsu.csc.itrust2.models.persistent.User#patientPW]
00:22:17.091 [main] DEBUG o.h.e.t.internal.TransactionImpl - committing
00:22:17.091 [main] DEBUG o.h.e.i.AbstractFlushingEventListener - Processing flush-time cascades
00:22:17.091 [main] DEBUG o.h.e.i.AbstractFlushingEventListener - Dirty checking collections
00:22:17.091 [main] DEBUG o.h.e.i.AbstractFlushingEventListener - Flushed: 0 insertions, 0 updates, 0 deletions to 1 objects
00:22:17.091 [main] DEBUG o.h.e.i.AbstractFlushingEventListener - Flushed: 0 (re)creations, 0 updates, 0 removals to 0 collections
00:22:17.091 [main] DEBUG o.h.internal.util.EntityPrinter - Listing entities:
00:22:17.091 [main] DEBUG o.h.internal.util.EntityPrinter - edu.ncsu.csc.itrust2.models.persistent.User{password=$2a$10$J99gL2ohUahorfVrKqZokudnWuFGHkNQ2g771ODAPOZybrmu9UsaW, role=ROLE_PATIENT, enabled=1, username=patientPW}
00:22:17.512 [main] DEBUG o.h.e.t.internal.TransactionImpl - begin
00:22:17.519 [main] DEBUG org.hibernate.SQL - select this_.id as id1_13_1_, this_.address1 as address2_13_1_, this_.address2 as address3_13_1_, this_.city as city4_13_1_, this_.email as email5_13_1_, this_.enabled as enabled6_13_1_, this_.firstName as firstNam7_13_1_, this_.lastName as lastName8_13_1_, this_.phone as phone9_13_1_, this_.self_id as self_id13_13_1_, this_.specialty as special10_13_1_, this_.state as state11_13_1_, this_.zip as zip12_13_1_, user2_.username as username1_15_0_, user2_.enabled as enabled2_15_0_, user2_.password as password3_15_0_, user2_.role as role4_15_0_ from Personnel this_ left outer join Users user2_ on this_.self_id=user2_.username where this_.self_id=?
Hibernate: select this_.id as id1_13_1_, this_.address1 as address2_13_1_, this_.address2 as address3_13_1_, this_.city as city4_13_1_, this_.email as email5_13_1_, this_.enabled as enabled6_13_1_, this_.firstName as firstNam7_13_1_, this_.lastName as lastName8_13_1_, this_.phone as phone9_13_1_, this_.self_id as self_id13_13_1_, this_.specialty as special10_13_1_, this_.state as state11_13_1_, this_.zip as zip12_13_1_, user2_.username as username1_15_0_, user2_.enabled as enabled2_15_0_, user2_.password as password3_15_0_, user2_.role as role4_15_0_ from Personnel this_ left outer join Users user2_ on this_.self_id=user2_.username where this_.self_id=?
00:22:17.520 [main] DEBUG o.h.e.t.internal.TransactionImpl - committing
00:22:17.521 [main] DEBUG o.s.t.c.s.AbstractDirtiesContextTestExecutionListener - After test method: context [DefaultTestContext@6faeb786 testClass = APIPasswordTest, testInstance = edu.ncsu.csc.itrust2.apitest.APIPasswordTest@5b216a0d, testMethod = testValidPasswordChanges@APIPasswordTest, testException = java.lang.NullPointerException, mergedContextConfiguration = [WebMergedContextConfiguration@6383b7d4 testClass = APIPasswordTest, locations = '{}', classes = '{class edu.ncsu.csc.itrust2.config.RootConfiguration, class edu.ncsu.csc.itrust2.mvc.config.WebMvcConfiguration}', contextInitializerClasses = '[]', activeProfiles = '{}', propertySourceLocations = '{}', propertySourceProperties = '{}', contextCustomizers = set[[empty]], resourceBasePath = 'src/main/webapp', contextLoader = 'org.springframework.test.context.web.WebDelegatingSmartContextLoader', parent = [null]]], class annotated with @DirtiesContext [false] with mode [null], method annotated with @DirtiesContext [false] with mode [null].
00:22:17.521 [main] DEBUG o.s.t.c.w.ServletTestExecutionListener - Resetting RequestContextHolder for test context [DefaultTestContext@6faeb786 testClass = APIPasswordTest, testInstance = edu.ncsu.csc.itrust2.apitest.APIPasswordTest@5b216a0d, testMethod = testValidPasswordChanges@APIPasswordTest, testException = java.lang.NullPointerException, mergedContextConfiguration = [WebMergedContextConfiguration@6383b7d4 testClass = APIPasswordTest, locations = '{}', classes = '{class edu.ncsu.csc.itrust2.config.RootConfiguration, class edu.ncsu.csc.itrust2.mvc.config.WebMvcConfiguration}', contextInitializerClasses = '[]', activeProfiles = '{}', propertySourceLocations = '{}', propertySourceProperties = '{}', contextCustomizers = set[[empty]], resourceBasePath = 'src/main/webapp', contextLoader = 'org.springframework.test.context.web.WebDelegatingSmartContextLoader', parent = [null]]].
]]></system-out>
  </testcase>
</testsuite>