<?xml version="1.0" encoding="UTF-8"?>
<testsuite xmlns:xsi="http://www.w3.org/2001/XMLSchema-instance" xsi:noNamespaceSchemaLocation="https://maven.apache.org/surefire/maven-surefire-plugin/xsd/surefire-test-report.xsd" name="edu.ncsu.csc.itrust2.apitest.APIPatientTest" time="0.935" tests="4" errors="0" skipped="0" failures="2">
  <properties>
    <property name="java.runtime.name" value="Java(TM) SE Runtime Environment"/>
    <property name="sun.boot.library.path" value="/usr/lib/jvm/java-8-oracle/jre/lib/amd64"/>
    <property name="java.vm.version" value="25.161-b12"/>
    <property name="java.vm.vendor" value="Oracle Corporation"/>
    <property name="java.vendor.url" value="http://java.oracle.com/"/>
    <property name="path.separator" value=":"/>
    <property name="guice.disable.misplaced.annotation.check" value="true"/>
    <property name="java.vm.name" value="Java HotSpot(TM) 64-Bit Server VM"/>
    <property name="file.encoding.pkg" value="sun.io"/>
    <property name="user.country" value="US"/>
    <property name="sun.java.launcher" value="SUN_STANDARD"/>
    <property name="sun.os.patch.level" value="unknown"/>
    <property name="java.vm.specification.name" value="Java Virtual Machine Specification"/>
    <property name="user.dir" value="/var/lib/jenkins/workspace/iTrustBuildJob/iTrust2"/>
    <property name="java.runtime.version" value="1.8.0_161-b12"/>
    <property name="java.awt.graphicsenv" value="sun.awt.X11GraphicsEnvironment"/>
    <property name="java.endorsed.dirs" value="/usr/lib/jvm/java-8-oracle/jre/lib/endorsed"/>
    <property name="os.arch" value="amd64"/>
    <property name="java.io.tmpdir" value="/tmp"/>
    <property name="line.separator" value="&#10;"/>
    <property name="java.vm.specification.vendor" value="Oracle Corporation"/>
    <property name="os.name" value="Linux"/>
    <property name="classworlds.conf" value="/usr/share/maven/bin/m2.conf"/>
    <property name="sun.jnu.encoding" value="UTF-8"/>
    <property name="java.library.path" value="/usr/java/packages/lib/amd64:/usr/lib64:/lib64:/lib:/usr/lib"/>
    <property name="java.specification.name" value="Java Platform API Specification"/>
    <property name="java.class.version" value="52.0"/>
    <property name="sun.management.compiler" value="HotSpot 64-Bit Tiered Compilers"/>
    <property name="os.version" value="3.13.0-139-generic"/>
    <property name="user.home" value="/root"/>
    <property name="user.timezone" value="America/New_York"/>
    <property name="java.awt.printerjob" value="sun.print.PSPrinterJob"/>
    <property name="file.encoding" value="UTF-8"/>
    <property name="java.specification.version" value="1.8"/>
    <property name="user.name" value="root"/>
    <property name="java.class.path" value="/usr/share/maven/boot/plexus-classworlds-2.x.jar"/>
    <property name="java.vm.specification.version" value="1.8"/>
    <property name="sun.arch.data.model" value="64"/>
    <property name="java.home" value="/usr/lib/jvm/java-8-oracle/jre"/>
    <property name="sun.java.command" value="org.codehaus.plexus.classworlds.launcher.Launcher clean test verify checkstyle:checkstyle"/>
    <property name="java.specification.vendor" value="Oracle Corporation"/>
    <property name="user.language" value="en"/>
    <property name="awt.toolkit" value="sun.awt.X11.XToolkit"/>
    <property name="java.vm.info" value="mixed mode"/>
    <property name="java.version" value="1.8.0_161"/>
    <property name="java.ext.dirs" value="/usr/lib/jvm/java-8-oracle/jre/lib/ext:/usr/java/packages/lib/ext"/>
    <property name="securerandom.source" value="file:/dev/./urandom"/>
    <property name="sun.boot.class.path" value="/usr/lib/jvm/java-8-oracle/jre/lib/resources.jar:/usr/lib/jvm/java-8-oracle/jre/lib/rt.jar:/usr/lib/jvm/java-8-oracle/jre/lib/sunrsasign.jar:/usr/lib/jvm/java-8-oracle/jre/lib/jsse.jar:/usr/lib/jvm/java-8-oracle/jre/lib/jce.jar:/usr/lib/jvm/java-8-oracle/jre/lib/charsets.jar:/usr/lib/jvm/java-8-oracle/jre/lib/jfr.jar:/usr/lib/jvm/java-8-oracle/jre/classes"/>
    <property name="java.vendor" value="Oracle Corporation"/>
    <property name="maven.home" value="/usr/share/maven"/>
    <property name="file.separator" value="/"/>
    <property name="java.vendor.url.bug" value="http://bugreport.sun.com/bugreport/"/>
    <property name="sun.cpu.endian" value="little"/>
    <property name="sun.io.unicode.encoding" value="UnicodeLittle"/>
    <property name="sun.cpu.isalist" value=""/>
  </properties>
  <testcase name="testGetNonExistentPatient" classname="edu.ncsu.csc.itrust2.apitest.APIPatientTest" time="0.157">
    <failure message="Status expected:&lt;404&gt; but was:&lt;200&gt;" type="java.lang.AssertionError"><![CDATA[java.lang.AssertionError: Status expected:<404> but was:<200>
	at edu.ncsu.csc.itrust2.apitest.APIPatientTest.testGetNonExistentPatient(APIPatientTest.java:70)
]]></failure>
    <system-out><![CDATA[02:07:20.267 [main] DEBUG o.s.t.c.j.SpringJUnit4ClassRunner - SpringJUnit4ClassRunner constructor called with [class edu.ncsu.csc.itrust2.apitest.APIPatientTest]
02:07:20.267 [main] DEBUG o.s.test.context.BootstrapUtils - Instantiating CacheAwareContextLoaderDelegate from class [org.springframework.test.context.cache.DefaultCacheAwareContextLoaderDelegate]
02:07:20.267 [main] DEBUG o.s.test.context.BootstrapUtils - Instantiating BootstrapContext using constructor [public org.springframework.test.context.support.DefaultBootstrapContext(java.lang.Class,org.springframework.test.context.CacheAwareContextLoaderDelegate)]
02:07:20.267 [main] DEBUG o.s.test.context.BootstrapUtils - Instantiating TestContextBootstrapper for test class [edu.ncsu.csc.itrust2.apitest.APIPatientTest] from class [org.springframework.test.context.web.WebTestContextBootstrapper]
02:07:20.268 [main] DEBUG o.s.t.c.s.AbstractDelegatingSmartContextLoader - Delegating to AnnotationConfigWebContextLoader to process context configuration [ContextConfigurationAttributes@61c262da declaringClass = 'edu.ncsu.csc.itrust2.apitest.APIPatientTest', classes = '{class edu.ncsu.csc.itrust2.config.RootConfiguration, class edu.ncsu.csc.itrust2.mvc.config.WebMvcConfiguration}', locations = '{}', inheritLocations = true, initializers = '{}', inheritInitializers = true, name = [null], contextLoaderClass = 'org.springframework.test.context.ContextLoader'].
02:07:20.269 [main] DEBUG o.s.t.c.support.ActiveProfilesUtils - Could not find an 'annotation declaring class' for annotation type [org.springframework.test.context.ActiveProfiles] and class [edu.ncsu.csc.itrust2.apitest.APIPatientTest]
02:07:20.269 [main] DEBUG o.s.t.c.w.WebTestContextBootstrapper - @TestExecutionListeners is not present for class [edu.ncsu.csc.itrust2.apitest.APIPatientTest]: using defaults.
02:07:20.270 [main] INFO  o.s.t.c.w.WebTestContextBootstrapper - Loaded default TestExecutionListener class names from location [META-INF/spring.factories]: [org.springframework.security.test.context.support.WithSecurityContextTestExecutionListener, org.springframework.test.context.web.ServletTestExecutionListener, org.springframework.test.context.support.DirtiesContextBeforeModesTestExecutionListener, org.springframework.test.context.support.DependencyInjectionTestExecutionListener, org.springframework.test.context.support.DirtiesContextTestExecutionListener, org.springframework.test.context.transaction.TransactionalTestExecutionListener, org.springframework.test.context.jdbc.SqlScriptsTestExecutionListener]
02:07:20.278 [main] INFO  o.s.t.c.w.WebTestContextBootstrapper - Using TestExecutionListeners: [org.springframework.test.context.web.ServletTestExecutionListener@12642f7d, org.springframework.test.context.support.DirtiesContextBeforeModesTestExecutionListener@5c6fba85, org.springframework.test.context.support.DependencyInjectionTestExecutionListener@439fc3fd, org.springframework.test.context.support.DirtiesContextTestExecutionListener@7e2cccd5, org.springframework.test.context.transaction.TransactionalTestExecutionListener@4d801baa, org.springframework.test.context.jdbc.SqlScriptsTestExecutionListener@6c9a2b0d, org.springframework.security.test.context.support.WithSecurityContextTestExecutionListener@51278d48]
02:07:20.278 [main] DEBUG o.s.t.annotation.ProfileValueUtils - Retrieved @ProfileValueSourceConfiguration [null] for test class [edu.ncsu.csc.itrust2.apitest.APIPatientTest]
02:07:20.278 [main] DEBUG o.s.t.annotation.ProfileValueUtils - Retrieved ProfileValueSource type [class org.springframework.test.annotation.SystemProfileValueSource] for class [edu.ncsu.csc.itrust2.apitest.APIPatientTest]
02:07:20.279 [main] DEBUG o.s.t.annotation.ProfileValueUtils - Retrieved @ProfileValueSourceConfiguration [null] for test class [edu.ncsu.csc.itrust2.apitest.APIPatientTest]
02:07:20.279 [main] DEBUG o.s.t.annotation.ProfileValueUtils - Retrieved ProfileValueSource type [class org.springframework.test.annotation.SystemProfileValueSource] for class [edu.ncsu.csc.itrust2.apitest.APIPatientTest]
02:07:20.279 [main] DEBUG o.s.t.annotation.ProfileValueUtils - Retrieved @ProfileValueSourceConfiguration [null] for test class [edu.ncsu.csc.itrust2.apitest.APIPatientTest]
02:07:20.279 [main] DEBUG o.s.t.annotation.ProfileValueUtils - Retrieved ProfileValueSource type [class org.springframework.test.annotation.SystemProfileValueSource] for class [edu.ncsu.csc.itrust2.apitest.APIPatientTest]
02:07:20.279 [main] DEBUG o.s.t.c.s.AbstractDirtiesContextTestExecutionListener - Before test class: context [DefaultTestContext@4975a9dd testClass = APIPatientTest, testInstance = [null], testMethod = [null], testException = [null], mergedContextConfiguration = [WebMergedContextConfiguration@4e5b612 testClass = APIPatientTest, locations = '{}', classes = '{class edu.ncsu.csc.itrust2.config.RootConfiguration, class edu.ncsu.csc.itrust2.mvc.config.WebMvcConfiguration}', contextInitializerClasses = '[]', activeProfiles = '{}', propertySourceLocations = '{}', propertySourceProperties = '{}', contextCustomizers = set[[empty]], resourceBasePath = 'src/main/webapp', contextLoader = 'org.springframework.test.context.web.WebDelegatingSmartContextLoader', parent = [null]]], class annotated with @DirtiesContext [false] with mode [null].
02:07:20.279 [main] DEBUG o.s.t.annotation.ProfileValueUtils - Retrieved @ProfileValueSourceConfiguration [null] for test class [edu.ncsu.csc.itrust2.apitest.APIPatientTest]
02:07:20.279 [main] DEBUG o.s.t.annotation.ProfileValueUtils - Retrieved ProfileValueSource type [class org.springframework.test.annotation.SystemProfileValueSource] for class [edu.ncsu.csc.itrust2.apitest.APIPatientTest]
02:07:20.279 [main] DEBUG o.s.t.c.c.DefaultCacheAwareContextLoaderDelegate - Retrieved ApplicationContext from cache with key [[WebMergedContextConfiguration@4e5b612 testClass = APIPatientTest, locations = '{}', classes = '{class edu.ncsu.csc.itrust2.config.RootConfiguration, class edu.ncsu.csc.itrust2.mvc.config.WebMvcConfiguration}', contextInitializerClasses = '[]', activeProfiles = '{}', propertySourceLocations = '{}', propertySourceProperties = '{}', contextCustomizers = set[[empty]], resourceBasePath = 'src/main/webapp', contextLoader = 'org.springframework.test.context.web.WebDelegatingSmartContextLoader', parent = [null]]]
02:07:20.279 [main] DEBUG o.springframework.test.context.cache - Spring test ApplicationContext cache statistics: [DefaultContextCache@194e913b size = 1, maxSize = 32, parentContextCount = 0, hitCount = 30, missCount = 1]
02:07:20.280 [main] DEBUG o.s.t.c.w.ServletTestExecutionListener - Setting up MockHttpServletRequest, MockHttpServletResponse, ServletWebRequest, and RequestContextHolder for test context [DefaultTestContext@4975a9dd testClass = APIPatientTest, testInstance = edu.ncsu.csc.itrust2.apitest.APIPatientTest@399a27c0, testMethod = [null], testException = [null], mergedContextConfiguration = [WebMergedContextConfiguration@4e5b612 testClass = APIPatientTest, locations = '{}', classes = '{class edu.ncsu.csc.itrust2.config.RootConfiguration, class edu.ncsu.csc.itrust2.mvc.config.WebMvcConfiguration}', contextInitializerClasses = '[]', activeProfiles = '{}', propertySourceLocations = '{}', propertySourceProperties = '{}', contextCustomizers = set[[empty]], resourceBasePath = 'src/main/webapp', contextLoader = 'org.springframework.test.context.web.WebDelegatingSmartContextLoader', parent = [null]]].
02:07:20.280 [main] DEBUG o.s.t.c.s.DependencyInjectionTestExecutionListener - Performing dependency injection for test context [[DefaultTestContext@4975a9dd testClass = APIPatientTest, testInstance = edu.ncsu.csc.itrust2.apitest.APIPatientTest@399a27c0, testMethod = [null], testException = [null], mergedContextConfiguration = [WebMergedContextConfiguration@4e5b612 testClass = APIPatientTest, locations = '{}', classes = '{class edu.ncsu.csc.itrust2.config.RootConfiguration, class edu.ncsu.csc.itrust2.mvc.config.WebMvcConfiguration}', contextInitializerClasses = '[]', activeProfiles = '{}', propertySourceLocations = '{}', propertySourceProperties = '{}', contextCustomizers = set[[empty]], resourceBasePath = 'src/main/webapp', contextLoader = 'org.springframework.test.context.web.WebDelegatingSmartContextLoader', parent = [null]]]].
02:07:20.280 [main] DEBUG o.s.t.c.c.DefaultCacheAwareContextLoaderDelegate - Retrieved ApplicationContext from cache with key [[WebMergedContextConfiguration@4e5b612 testClass = APIPatientTest, locations = '{}', classes = '{class edu.ncsu.csc.itrust2.config.RootConfiguration, class edu.ncsu.csc.itrust2.mvc.config.WebMvcConfiguration}', contextInitializerClasses = '[]', activeProfiles = '{}', propertySourceLocations = '{}', propertySourceProperties = '{}', contextCustomizers = set[[empty]], resourceBasePath = 'src/main/webapp', contextLoader = 'org.springframework.test.context.web.WebDelegatingSmartContextLoader', parent = [null]]]
02:07:20.280 [main] DEBUG o.springframework.test.context.cache - Spring test ApplicationContext cache statistics: [DefaultContextCache@194e913b size = 1, maxSize = 32, parentContextCount = 0, hitCount = 31, missCount = 1]
02:07:20.289 [main] DEBUG o.s.b.f.annotation.InjectionMetadata - Processing injected element of bean 'edu.ncsu.csc.itrust2.apitest.APIPatientTest': AutowiredFieldElement for private org.springframework.web.context.WebApplicationContext edu.ncsu.csc.itrust2.apitest.APIPatientTest.context
02:07:20.289 [main] DEBUG o.s.b.f.a.AutowiredAnnotationBeanPostProcessor - Autowiring by type from bean name 'edu.ncsu.csc.itrust2.apitest.APIPatientTest' to bean named 'org.springframework.web.context.support.GenericWebApplicationContext@599e4d41'
02:07:20.289 [main] DEBUG o.s.b.f.s.DefaultListableBeanFactory - Returning cached instance of singleton bean 'metaDataSourceAdvisor'
02:07:20.298 [main] DEBUG o.s.t.c.s.AbstractDirtiesContextTestExecutionListener - Before test method: context [DefaultTestContext@4975a9dd testClass = APIPatientTest, testInstance = edu.ncsu.csc.itrust2.apitest.APIPatientTest@399a27c0, testMethod = testGetNonExistentPatient@APIPatientTest, testException = [null], mergedContextConfiguration = [WebMergedContextConfiguration@4e5b612 testClass = APIPatientTest, locations = '{}', classes = '{class edu.ncsu.csc.itrust2.config.RootConfiguration, class edu.ncsu.csc.itrust2.mvc.config.WebMvcConfiguration}', contextInitializerClasses = '[]', activeProfiles = '{}', propertySourceLocations = '{}', propertySourceProperties = '{}', contextCustomizers = set[[empty]], resourceBasePath = 'src/main/webapp', contextLoader = 'org.springframework.test.context.web.WebDelegatingSmartContextLoader', parent = [null]]], class annotated with @DirtiesContext [false] with mode [null], method annotated with @DirtiesContext [false] with mode [null].
02:07:20.299 [main] DEBUG o.s.t.w.s.TestDispatcherServlet - Initializing servlet ''
02:07:20.299 [main] DEBUG o.s.w.c.s.StandardServletEnvironment - Adding [servletConfigInitParams] PropertySource with lowest search precedence
02:07:20.299 [main] DEBUG o.s.w.c.s.StandardServletEnvironment - Adding [servletContextInitParams] PropertySource with lowest search precedence
02:07:20.299 [main] DEBUG o.s.w.c.s.StandardServletEnvironment - Adding [systemProperties] PropertySource with lowest search precedence
02:07:20.299 [main] DEBUG o.s.w.c.s.StandardServletEnvironment - Adding [systemEnvironment] PropertySource with lowest search precedence
02:07:20.299 [main] DEBUG o.s.w.c.s.StandardServletEnvironment - Initialized StandardServletEnvironment with PropertySources [servletConfigInitParams,servletContextInitParams,systemProperties,systemEnvironment]
02:07:20.299 [main] INFO  o.s.mock.web.MockServletContext - Initializing Spring FrameworkServlet ''
02:07:20.299 [main] INFO  o.s.t.w.s.TestDispatcherServlet - FrameworkServlet '': initialization started
02:07:20.299 [main] DEBUG o.s.t.w.s.TestDispatcherServlet - Unable to locate MultipartResolver with name 'multipartResolver': no multipart request handling provided
02:07:20.299 [main] DEBUG o.s.b.f.s.DefaultListableBeanFactory - Creating instance of bean 'org.springframework.web.servlet.i18n.AcceptHeaderLocaleResolver'
02:07:20.299 [main] DEBUG o.s.b.f.s.DefaultListableBeanFactory - Finished creating instance of bean 'org.springframework.web.servlet.i18n.AcceptHeaderLocaleResolver'
02:07:20.299 [main] DEBUG o.s.t.w.s.TestDispatcherServlet - Unable to locate LocaleResolver with name 'localeResolver': using default [org.springframework.web.servlet.i18n.AcceptHeaderLocaleResolver@3065d07d]
02:07:20.300 [main] DEBUG o.s.b.f.s.DefaultListableBeanFactory - Creating instance of bean 'org.springframework.web.servlet.theme.FixedThemeResolver'
02:07:20.300 [main] DEBUG o.s.b.f.s.DefaultListableBeanFactory - Finished creating instance of bean 'org.springframework.web.servlet.theme.FixedThemeResolver'
02:07:20.300 [main] DEBUG o.s.t.w.s.TestDispatcherServlet - Unable to locate ThemeResolver with name 'themeResolver': using default [org.springframework.web.servlet.theme.FixedThemeResolver@1999b545]
02:07:20.300 [main] DEBUG o.s.b.f.s.DefaultListableBeanFactory - Returning cached instance of singleton bean 'viewControllerHandlerMapping'
02:07:20.300 [main] DEBUG o.s.b.f.s.DefaultListableBeanFactory - Returning cached instance of singleton bean 'beanNameHandlerMapping'
02:07:20.300 [main] DEBUG o.s.b.f.s.DefaultListableBeanFactory - Returning cached instance of singleton bean 'resourceHandlerMapping'
02:07:20.300 [main] DEBUG o.s.b.f.s.DefaultListableBeanFactory - Returning cached instance of singleton bean 'defaultServletHandlerMapping'
02:07:20.300 [main] DEBUG o.s.b.f.s.DefaultListableBeanFactory - Returning cached instance of singleton bean 'requestMappingHandlerMapping'
02:07:20.301 [main] DEBUG o.s.b.f.s.DefaultListableBeanFactory - Returning cached instance of singleton bean 'requestMappingHandlerAdapter'
02:07:20.301 [main] DEBUG o.s.b.f.s.DefaultListableBeanFactory - Returning cached instance of singleton bean 'httpRequestHandlerAdapter'
02:07:20.301 [main] DEBUG o.s.b.f.s.DefaultListableBeanFactory - Returning cached instance of singleton bean 'simpleControllerHandlerAdapter'
02:07:20.301 [main] DEBUG o.s.b.f.s.DefaultListableBeanFactory - Returning cached instance of singleton bean 'handlerExceptionResolver'
02:07:20.301 [main] DEBUG o.s.b.f.s.DefaultListableBeanFactory - Creating instance of bean 'org.springframework.web.servlet.view.DefaultRequestToViewNameTranslator'
02:07:20.301 [main] DEBUG o.s.b.f.s.DefaultListableBeanFactory - Finished creating instance of bean 'org.springframework.web.servlet.view.DefaultRequestToViewNameTranslator'
02:07:20.301 [main] DEBUG o.s.t.w.s.TestDispatcherServlet - Unable to locate RequestToViewNameTranslator with name 'viewNameTranslator': using default [org.springframework.web.servlet.view.DefaultRequestToViewNameTranslator@71d53591]
02:07:20.302 [main] DEBUG o.s.b.f.s.DefaultListableBeanFactory - Returning cached instance of singleton bean 'mvcViewResolver'
02:07:20.302 [main] DEBUG o.s.b.f.s.DefaultListableBeanFactory - Returning cached instance of singleton bean 'viewResolver'
02:07:20.318 [main] DEBUG o.s.b.f.s.DefaultListableBeanFactory - Creating instance of bean 'org.springframework.web.servlet.support.SessionFlashMapManager'
02:07:20.318 [main] DEBUG o.s.b.f.s.DefaultListableBeanFactory - Finished creating instance of bean 'org.springframework.web.servlet.support.SessionFlashMapManager'
02:07:20.318 [main] DEBUG o.s.t.w.s.TestDispatcherServlet - Unable to locate FlashMapManager with name 'flashMapManager': using default [org.springframework.web.servlet.support.SessionFlashMapManager@70ed82cd]
02:07:20.318 [main] DEBUG o.s.t.w.s.TestDispatcherServlet - Published WebApplicationContext of servlet '' as ServletContext attribute with name [org.springframework.web.servlet.FrameworkServlet.CONTEXT.]
02:07:20.318 [main] INFO  o.s.t.w.s.TestDispatcherServlet - FrameworkServlet '': initialization completed in 19 ms
02:07:20.318 [main] DEBUG o.s.t.w.s.TestDispatcherServlet - Servlet '' configured successfully
02:07:20.319 [main] DEBUG o.s.t.w.s.TestDispatcherServlet - DispatcherServlet with name '' processing GET request for [/api/v1/patients/-1]
02:07:20.319 [main] DEBUG o.s.w.s.m.m.a.RequestMappingHandlerMapping - Looking up handler method for path /api/v1/patients/-1
02:07:20.320 [main] DEBUG o.s.w.s.m.m.a.RequestMappingHandlerMapping - Returning handler method [public org.springframework.http.ResponseEntity edu.ncsu.csc.itrust2.controllers.api.APIPatientController.getPatient(java.lang.String)]
02:07:20.320 [main] DEBUG o.s.b.f.s.DefaultListableBeanFactory - Returning cached instance of singleton bean 'APIPatientController'
02:07:20.320 [main] DEBUG o.s.t.w.s.TestDispatcherServlet - Last-Modified value for [/api/v1/patients/-1] is: -1
02:07:20.379 [main] DEBUG o.h.e.t.internal.TransactionImpl - begin
02:07:20.383 [main] DEBUG org.hibernate.SQL - select this_.username as username1_15_0_, this_.enabled as enabled2_15_0_, this_.password as password3_15_0_, this_.role as role4_15_0_ from Users this_ where this_.username=? and this_.role=?
Hibernate: select this_.username as username1_15_0_, this_.enabled as enabled2_15_0_, this_.password as password3_15_0_, this_.role as role4_15_0_ from Users this_ where this_.username=? and this_.role=?
02:07:20.386 [main] DEBUG o.h.e.t.internal.TransactionImpl - committing
02:07:20.387 [main] DEBUG o.h.e.t.internal.TransactionImpl - begin
02:07:20.388 [main] DEBUG org.hibernate.SQL - select this_.self_id as self_id18_12_2_, this_.address1 as address1_12_2_, this_.address2 as address2_12_2_, this_.bloodType as bloodTyp3_12_2_, this_.causeOfDeath as causeOfD4_12_2_, this_.city as city5_12_2_, this_.dateOfBirth as dateOfBi6_12_2_, this_.dateOfDeath as dateOfDe7_12_2_, this_.email as email8_12_2_, this_.ethnicity as ethnicit9_12_2_, this_.father_id as father_19_12_2_, this_.firstName as firstNa10_12_2_, this_.gender as gender11_12_2_, this_.id as id12_12_2_, this_.lastName as lastNam13_12_2_, this_.mother_id as mother_20_12_2_, this_.phone as phone14_12_2_, this_.preferredName as preferr15_12_2_, this_.state as state16_12_2_, this_.zip as zip17_12_2_, user2_.username as username1_15_0_, user2_.enabled as enabled2_15_0_, user2_.password as password3_15_0_, user2_.role as role4_15_0_, user3_.username as username1_15_1_, user3_.enabled as enabled2_15_1_, user3_.password as password3_15_1_, user3_.role as role4_15_1_ from Patients this_ left outer join Users user2_ on this_.father_id=user2_.username left outer join Users user3_ on this_.mother_id=user3_.username where this_.self_id=?
Hibernate: select this_.self_id as self_id18_12_2_, this_.address1 as address1_12_2_, this_.address2 as address2_12_2_, this_.bloodType as bloodTyp3_12_2_, this_.causeOfDeath as causeOfD4_12_2_, this_.city as city5_12_2_, this_.dateOfBirth as dateOfBi6_12_2_, this_.dateOfDeath as dateOfDe7_12_2_, this_.email as email8_12_2_, this_.ethnicity as ethnicit9_12_2_, this_.father_id as father_19_12_2_, this_.firstName as firstNa10_12_2_, this_.gender as gender11_12_2_, this_.id as id12_12_2_, this_.lastName as lastNam13_12_2_, this_.mother_id as mother_20_12_2_, this_.phone as phone14_12_2_, this_.preferredName as preferr15_12_2_, this_.state as state16_12_2_, this_.zip as zip17_12_2_, user2_.username as username1_15_0_, user2_.enabled as enabled2_15_0_, user2_.password as password3_15_0_, user2_.role as role4_15_0_, user3_.username as username1_15_1_, user3_.enabled as enabled2_15_1_, user3_.password as password3_15_1_, user3_.role as role4_15_1_ from Patients this_ left outer join Users user2_ on this_.father_id=user2_.username left outer join Users user3_ on this_.mother_id=user3_.username where this_.self_id=?
02:07:20.389 [main] DEBUG o.h.e.t.internal.TransactionImpl - committing
02:07:20.399 [main] DEBUG o.h.e.t.internal.TransactionImpl - begin
02:07:20.411 [main] DEBUG org.hibernate.SQL - select next_val as id_val from hibernate_sequence for update
Hibernate: select next_val as id_val from hibernate_sequence for update
02:07:20.412 [main] DEBUG org.hibernate.SQL - update hibernate_sequence set next_val= ? where next_val=?
Hibernate: update hibernate_sequence set next_val= ? where next_val=?
02:07:20.414 [main] DEBUG o.h.e.i.AbstractSaveEventListener - Generated identifier: 64, using strategy: org.hibernate.id.enhanced.SequenceStyleGenerator
02:07:20.415 [main] DEBUG o.h.e.t.internal.TransactionImpl - committing
02:07:20.415 [main] DEBUG o.h.e.i.AbstractFlushingEventListener - Processing flush-time cascades
02:07:20.415 [main] DEBUG o.h.e.i.AbstractFlushingEventListener - Dirty checking collections
02:07:20.415 [main] DEBUG o.h.e.i.AbstractFlushingEventListener - Flushed: 1 insertions, 0 updates, 0 deletions to 1 objects
02:07:20.415 [main] DEBUG o.h.e.i.AbstractFlushingEventListener - Flushed: 0 (re)creations, 0 updates, 0 removals to 0 collections
02:07:20.415 [main] DEBUG o.h.internal.util.EntityPrinter - Listing entities:
02:07:20.415 [main] DEBUG o.h.internal.util.EntityPrinter - edu.ncsu.csc.itrust2.models.persistent.LogEntry{secondaryUser=-1, logCode=53, primaryUser=SPRING_API_TEST_USER, id=64, time=java.util.GregorianCalendar[time=1521698840398,areFieldsSet=true,areAllFieldsSet=true,lenient=true,zone=sun.util.calendar.ZoneInfo[id="America/New_York",offset=-18000000,dstSavings=3600000,useDaylight=true,transitions=235,lastRule=java.util.SimpleTimeZone[id=America/New_York,offset=-18000000,dstSavings=3600000,useDaylight=true,startYear=0,startMode=3,startMonth=2,startDay=8,startDayOfWeek=1,startTime=7200000,startTimeMode=0,endMode=3,endMonth=10,endDay=1,endDayOfWeek=1,endTime=7200000,endTimeMode=0]],firstDayOfWeek=1,minimalDaysInFirstWeek=1,ERA=1,YEAR=2018,MONTH=2,WEEK_OF_YEAR=12,WEEK_OF_MONTH=4,DAY_OF_MONTH=22,DAY_OF_YEAR=81,DAY_OF_WEEK=5,DAY_OF_WEEK_IN_MONTH=4,AM_PM=0,HOUR=2,HOUR_OF_DAY=2,MINUTE=7,SECOND=20,MILLISECOND=398,ZONE_OFFSET=-18000000,DST_OFFSET=3600000], message=HCP retrieved demographics for patient with username -1}
02:07:20.416 [main] DEBUG org.hibernate.SQL - insert into LogEntries (logCode, message, primaryUser, secondaryUser, time, id) values (?, ?, ?, ?, ?, ?)
Hibernate: insert into LogEntries (logCode, message, primaryUser, secondaryUser, time, id) values (?, ?, ?, ?, ?, ?)
02:07:20.426 [main] DEBUG o.h.e.j.internal.JdbcCoordinatorImpl - HHH000420: Closing un-released batch
02:07:20.427 [main] DEBUG o.s.t.w.s.TestDispatcherServlet - Null ModelAndView returned to DispatcherServlet with name '': assuming HandlerAdapter completed request handling
02:07:20.427 [main] DEBUG o.s.t.w.s.TestDispatcherServlet - Successfully completed request
02:07:20.428 [main] DEBUG o.s.t.c.s.AbstractDirtiesContextTestExecutionListener - After test method: context [DefaultTestContext@4975a9dd testClass = APIPatientTest, testInstance = edu.ncsu.csc.itrust2.apitest.APIPatientTest@399a27c0, testMethod = testGetNonExistentPatient@APIPatientTest, testException = java.lang.AssertionError: Status expected:<404> but was:<200>, mergedContextConfiguration = [WebMergedContextConfiguration@4e5b612 testClass = APIPatientTest, locations = '{}', classes = '{class edu.ncsu.csc.itrust2.config.RootConfiguration, class edu.ncsu.csc.itrust2.mvc.config.WebMvcConfiguration}', contextInitializerClasses = '[]', activeProfiles = '{}', propertySourceLocations = '{}', propertySourceProperties = '{}', contextCustomizers = set[[empty]], resourceBasePath = 'src/main/webapp', contextLoader = 'org.springframework.test.context.web.WebDelegatingSmartContextLoader', parent = [null]]], class annotated with @DirtiesContext [false] with mode [null], method annotated with @DirtiesContext [false] with mode [null].
02:07:20.438 [main] DEBUG o.s.t.c.w.ServletTestExecutionListener - Resetting RequestContextHolder for test context [DefaultTestContext@4975a9dd testClass = APIPatientTest, testInstance = edu.ncsu.csc.itrust2.apitest.APIPatientTest@399a27c0, testMethod = testGetNonExistentPatient@APIPatientTest, testException = java.lang.AssertionError: Status expected:<404> but was:<200>, mergedContextConfiguration = [WebMergedContextConfiguration@4e5b612 testClass = APIPatientTest, locations = '{}', classes = '{class edu.ncsu.csc.itrust2.config.RootConfiguration, class edu.ncsu.csc.itrust2.mvc.config.WebMvcConfiguration}', contextInitializerClasses = '[]', activeProfiles = '{}', propertySourceLocations = '{}', propertySourceProperties = '{}', contextCustomizers = set[[empty]], resourceBasePath = 'src/main/webapp', contextLoader = 'org.springframework.test.context.web.WebDelegatingSmartContextLoader', parent = [null]]].
]]></system-out>
  </testcase>
  <testcase name="testPatientAPI" classname="edu.ncsu.csc.itrust2.apitest.APIPatientTest" time="0.562">
    <failure message="Content type not set" type="java.lang.AssertionError">java.lang.AssertionError: Content type not set
	at edu.ncsu.csc.itrust2.apitest.APIPatientTest.testPatientAPI(APIPatientTest.java:119)
</failure>
    <system-out><![CDATA[02:07:20.447 [main] DEBUG o.s.t.annotation.ProfileValueUtils - Retrieved @ProfileValueSourceConfiguration [null] for test class [edu.ncsu.csc.itrust2.apitest.APIPatientTest]
02:07:20.447 [main] DEBUG o.s.t.annotation.ProfileValueUtils - Retrieved ProfileValueSource type [class org.springframework.test.annotation.SystemProfileValueSource] for class [edu.ncsu.csc.itrust2.apitest.APIPatientTest]
02:07:20.447 [main] DEBUG o.s.t.c.c.DefaultCacheAwareContextLoaderDelegate - Retrieved ApplicationContext from cache with key [[WebMergedContextConfiguration@4e5b612 testClass = APIPatientTest, locations = '{}', classes = '{class edu.ncsu.csc.itrust2.config.RootConfiguration, class edu.ncsu.csc.itrust2.mvc.config.WebMvcConfiguration}', contextInitializerClasses = '[]', activeProfiles = '{}', propertySourceLocations = '{}', propertySourceProperties = '{}', contextCustomizers = set[[empty]], resourceBasePath = 'src/main/webapp', contextLoader = 'org.springframework.test.context.web.WebDelegatingSmartContextLoader', parent = [null]]]
02:07:20.448 [main] DEBUG o.springframework.test.context.cache - Spring test ApplicationContext cache statistics: [DefaultContextCache@194e913b size = 1, maxSize = 32, parentContextCount = 0, hitCount = 32, missCount = 1]
02:07:20.448 [main] DEBUG o.s.t.c.w.ServletTestExecutionListener - Setting up MockHttpServletRequest, MockHttpServletResponse, ServletWebRequest, and RequestContextHolder for test context [DefaultTestContext@4975a9dd testClass = APIPatientTest, testInstance = edu.ncsu.csc.itrust2.apitest.APIPatientTest@6a3ba3dd, testMethod = [null], testException = [null], mergedContextConfiguration = [WebMergedContextConfiguration@4e5b612 testClass = APIPatientTest, locations = '{}', classes = '{class edu.ncsu.csc.itrust2.config.RootConfiguration, class edu.ncsu.csc.itrust2.mvc.config.WebMvcConfiguration}', contextInitializerClasses = '[]', activeProfiles = '{}', propertySourceLocations = '{}', propertySourceProperties = '{}', contextCustomizers = set[[empty]], resourceBasePath = 'src/main/webapp', contextLoader = 'org.springframework.test.context.web.WebDelegatingSmartContextLoader', parent = [null]]].
02:07:20.448 [main] DEBUG o.s.t.c.s.DependencyInjectionTestExecutionListener - Performing dependency injection for test context [[DefaultTestContext@4975a9dd testClass = APIPatientTest, testInstance = edu.ncsu.csc.itrust2.apitest.APIPatientTest@6a3ba3dd, testMethod = [null], testException = [null], mergedContextConfiguration = [WebMergedContextConfiguration@4e5b612 testClass = APIPatientTest, locations = '{}', classes = '{class edu.ncsu.csc.itrust2.config.RootConfiguration, class edu.ncsu.csc.itrust2.mvc.config.WebMvcConfiguration}', contextInitializerClasses = '[]', activeProfiles = '{}', propertySourceLocations = '{}', propertySourceProperties = '{}', contextCustomizers = set[[empty]], resourceBasePath = 'src/main/webapp', contextLoader = 'org.springframework.test.context.web.WebDelegatingSmartContextLoader', parent = [null]]]].
02:07:20.448 [main] DEBUG o.s.t.c.c.DefaultCacheAwareContextLoaderDelegate - Retrieved ApplicationContext from cache with key [[WebMergedContextConfiguration@4e5b612 testClass = APIPatientTest, locations = '{}', classes = '{class edu.ncsu.csc.itrust2.config.RootConfiguration, class edu.ncsu.csc.itrust2.mvc.config.WebMvcConfiguration}', contextInitializerClasses = '[]', activeProfiles = '{}', propertySourceLocations = '{}', propertySourceProperties = '{}', contextCustomizers = set[[empty]], resourceBasePath = 'src/main/webapp', contextLoader = 'org.springframework.test.context.web.WebDelegatingSmartContextLoader', parent = [null]]]
02:07:20.448 [main] DEBUG o.springframework.test.context.cache - Spring test ApplicationContext cache statistics: [DefaultContextCache@194e913b size = 1, maxSize = 32, parentContextCount = 0, hitCount = 33, missCount = 1]
02:07:20.449 [main] DEBUG o.s.b.f.annotation.InjectionMetadata - Processing injected element of bean 'edu.ncsu.csc.itrust2.apitest.APIPatientTest': AutowiredFieldElement for private org.springframework.web.context.WebApplicationContext edu.ncsu.csc.itrust2.apitest.APIPatientTest.context
02:07:20.450 [main] DEBUG o.s.t.c.s.AbstractDirtiesContextTestExecutionListener - Before test method: context [DefaultTestContext@4975a9dd testClass = APIPatientTest, testInstance = edu.ncsu.csc.itrust2.apitest.APIPatientTest@6a3ba3dd, testMethod = testPatientAPI@APIPatientTest, testException = [null], mergedContextConfiguration = [WebMergedContextConfiguration@4e5b612 testClass = APIPatientTest, locations = '{}', classes = '{class edu.ncsu.csc.itrust2.config.RootConfiguration, class edu.ncsu.csc.itrust2.mvc.config.WebMvcConfiguration}', contextInitializerClasses = '[]', activeProfiles = '{}', propertySourceLocations = '{}', propertySourceProperties = '{}', contextCustomizers = set[[empty]], resourceBasePath = 'src/main/webapp', contextLoader = 'org.springframework.test.context.web.WebDelegatingSmartContextLoader', parent = [null]]], class annotated with @DirtiesContext [false] with mode [null], method annotated with @DirtiesContext [false] with mode [null].
02:07:20.451 [main] DEBUG o.s.t.c.c.DefaultCacheAwareContextLoaderDelegate - Retrieved ApplicationContext from cache with key [[WebMergedContextConfiguration@4e5b612 testClass = APIPatientTest, locations = '{}', classes = '{class edu.ncsu.csc.itrust2.config.RootConfiguration, class edu.ncsu.csc.itrust2.mvc.config.WebMvcConfiguration}', contextInitializerClasses = '[]', activeProfiles = '{}', propertySourceLocations = '{}', propertySourceProperties = '{}', contextCustomizers = set[[empty]], resourceBasePath = 'src/main/webapp', contextLoader = 'org.springframework.test.context.web.WebDelegatingSmartContextLoader', parent = [null]]]
02:07:20.451 [main] DEBUG o.springframework.test.context.cache - Spring test ApplicationContext cache statistics: [DefaultContextCache@194e913b size = 1, maxSize = 32, parentContextCount = 0, hitCount = 34, missCount = 1]
02:07:20.451 [main] DEBUG o.s.b.f.s.DefaultListableBeanFactory - Creating instance of bean 'org.springframework.security.test.context.support.WithMockUserSecurityContextFactory'
02:07:20.451 [main] DEBUG o.s.b.f.s.DefaultListableBeanFactory - Finished creating instance of bean 'org.springframework.security.test.context.support.WithMockUserSecurityContextFactory'
02:07:20.451 [main] DEBUG o.s.t.w.s.TestDispatcherServlet - Initializing servlet ''
02:07:20.452 [main] DEBUG o.s.w.c.s.StandardServletEnvironment - Adding [servletConfigInitParams] PropertySource with lowest search precedence
02:07:20.452 [main] DEBUG o.s.w.c.s.StandardServletEnvironment - Adding [servletContextInitParams] PropertySource with lowest search precedence
02:07:20.452 [main] DEBUG o.s.w.c.s.StandardServletEnvironment - Adding [systemProperties] PropertySource with lowest search precedence
02:07:20.452 [main] DEBUG o.s.w.c.s.StandardServletEnvironment - Adding [systemEnvironment] PropertySource with lowest search precedence
02:07:20.452 [main] DEBUG o.s.w.c.s.StandardServletEnvironment - Initialized StandardServletEnvironment with PropertySources [servletConfigInitParams,servletContextInitParams,systemProperties,systemEnvironment]
02:07:20.452 [main] INFO  o.s.mock.web.MockServletContext - Initializing Spring FrameworkServlet ''
02:07:20.454 [main] INFO  o.s.t.w.s.TestDispatcherServlet - FrameworkServlet '': initialization started
02:07:20.454 [main] DEBUG o.s.t.w.s.TestDispatcherServlet - Unable to locate MultipartResolver with name 'multipartResolver': no multipart request handling provided
02:07:20.454 [main] DEBUG o.s.b.f.s.DefaultListableBeanFactory - Creating instance of bean 'org.springframework.web.servlet.i18n.AcceptHeaderLocaleResolver'
02:07:20.454 [main] DEBUG o.s.b.f.s.DefaultListableBeanFactory - Finished creating instance of bean 'org.springframework.web.servlet.i18n.AcceptHeaderLocaleResolver'
02:07:20.454 [main] DEBUG o.s.t.w.s.TestDispatcherServlet - Unable to locate LocaleResolver with name 'localeResolver': using default [org.springframework.web.servlet.i18n.AcceptHeaderLocaleResolver@37e81934]
02:07:20.454 [main] DEBUG o.s.b.f.s.DefaultListableBeanFactory - Creating instance of bean 'org.springframework.web.servlet.theme.FixedThemeResolver'
02:07:20.455 [main] DEBUG o.s.b.f.s.DefaultListableBeanFactory - Finished creating instance of bean 'org.springframework.web.servlet.theme.FixedThemeResolver'
02:07:20.455 [main] DEBUG o.s.t.w.s.TestDispatcherServlet - Unable to locate ThemeResolver with name 'themeResolver': using default [org.springframework.web.servlet.theme.FixedThemeResolver@21fbd610]
02:07:20.455 [main] DEBUG o.s.b.f.s.DefaultListableBeanFactory - Returning cached instance of singleton bean 'viewControllerHandlerMapping'
02:07:20.455 [main] DEBUG o.s.b.f.s.DefaultListableBeanFactory - Returning cached instance of singleton bean 'beanNameHandlerMapping'
02:07:20.455 [main] DEBUG o.s.b.f.s.DefaultListableBeanFactory - Returning cached instance of singleton bean 'resourceHandlerMapping'
02:07:20.455 [main] DEBUG o.s.b.f.s.DefaultListableBeanFactory - Returning cached instance of singleton bean 'defaultServletHandlerMapping'
02:07:20.455 [main] DEBUG o.s.b.f.s.DefaultListableBeanFactory - Returning cached instance of singleton bean 'requestMappingHandlerMapping'
02:07:20.456 [main] DEBUG o.s.b.f.s.DefaultListableBeanFactory - Returning cached instance of singleton bean 'requestMappingHandlerAdapter'
02:07:20.456 [main] DEBUG o.s.b.f.s.DefaultListableBeanFactory - Returning cached instance of singleton bean 'httpRequestHandlerAdapter'
02:07:20.456 [main] DEBUG o.s.b.f.s.DefaultListableBeanFactory - Returning cached instance of singleton bean 'simpleControllerHandlerAdapter'
02:07:20.457 [main] DEBUG o.s.b.f.s.DefaultListableBeanFactory - Returning cached instance of singleton bean 'handlerExceptionResolver'
02:07:20.457 [main] DEBUG o.s.b.f.s.DefaultListableBeanFactory - Creating instance of bean 'org.springframework.web.servlet.view.DefaultRequestToViewNameTranslator'
02:07:20.457 [main] DEBUG o.s.b.f.s.DefaultListableBeanFactory - Finished creating instance of bean 'org.springframework.web.servlet.view.DefaultRequestToViewNameTranslator'
02:07:20.457 [main] DEBUG o.s.t.w.s.TestDispatcherServlet - Unable to locate RequestToViewNameTranslator with name 'viewNameTranslator': using default [org.springframework.web.servlet.view.DefaultRequestToViewNameTranslator@1669bcb9]
02:07:20.457 [main] DEBUG o.s.b.f.s.DefaultListableBeanFactory - Returning cached instance of singleton bean 'mvcViewResolver'
02:07:20.457 [main] DEBUG o.s.b.f.s.DefaultListableBeanFactory - Returning cached instance of singleton bean 'viewResolver'
02:07:20.457 [main] DEBUG o.s.b.f.s.DefaultListableBeanFactory - Creating instance of bean 'org.springframework.web.servlet.support.SessionFlashMapManager'
02:07:20.458 [main] DEBUG o.s.b.f.s.DefaultListableBeanFactory - Finished creating instance of bean 'org.springframework.web.servlet.support.SessionFlashMapManager'
02:07:20.458 [main] DEBUG o.s.t.w.s.TestDispatcherServlet - Unable to locate FlashMapManager with name 'flashMapManager': using default [org.springframework.web.servlet.support.SessionFlashMapManager@6a5a0eef]
02:07:20.458 [main] DEBUG o.s.t.w.s.TestDispatcherServlet - Published WebApplicationContext of servlet '' as ServletContext attribute with name [org.springframework.web.servlet.FrameworkServlet.CONTEXT.]
02:07:20.458 [main] INFO  o.s.t.w.s.TestDispatcherServlet - FrameworkServlet '': initialization completed in 4 ms
02:07:20.458 [main] DEBUG o.s.t.w.s.TestDispatcherServlet - Servlet '' configured successfully
02:07:20.466 [main] DEBUG o.h.e.t.internal.TransactionImpl - begin
02:07:20.467 [main] DEBUG org.hibernate.SQL - select this_.self_id as self_id18_12_2_, this_.address1 as address1_12_2_, this_.address2 as address2_12_2_, this_.bloodType as bloodTyp3_12_2_, this_.causeOfDeath as causeOfD4_12_2_, this_.city as city5_12_2_, this_.dateOfBirth as dateOfBi6_12_2_, this_.dateOfDeath as dateOfDe7_12_2_, this_.email as email8_12_2_, this_.ethnicity as ethnicit9_12_2_, this_.father_id as father_19_12_2_, this_.firstName as firstNa10_12_2_, this_.gender as gender11_12_2_, this_.id as id12_12_2_, this_.lastName as lastNam13_12_2_, this_.mother_id as mother_20_12_2_, this_.phone as phone14_12_2_, this_.preferredName as preferr15_12_2_, this_.state as state16_12_2_, this_.zip as zip17_12_2_, user2_.username as username1_15_0_, user2_.enabled as enabled2_15_0_, user2_.password as password3_15_0_, user2_.role as role4_15_0_, user3_.username as username1_15_1_, user3_.enabled as enabled2_15_1_, user3_.password as password3_15_1_, user3_.role as role4_15_1_ from Patients this_ left outer join Users user2_ on this_.father_id=user2_.username left outer join Users user3_ on this_.mother_id=user3_.username
Hibernate: select this_.self_id as self_id18_12_2_, this_.address1 as address1_12_2_, this_.address2 as address2_12_2_, this_.bloodType as bloodTyp3_12_2_, this_.causeOfDeath as causeOfD4_12_2_, this_.city as city5_12_2_, this_.dateOfBirth as dateOfBi6_12_2_, this_.dateOfDeath as dateOfDe7_12_2_, this_.email as email8_12_2_, this_.ethnicity as ethnicit9_12_2_, this_.father_id as father_19_12_2_, this_.firstName as firstNa10_12_2_, this_.gender as gender11_12_2_, this_.id as id12_12_2_, this_.lastName as lastNam13_12_2_, this_.mother_id as mother_20_12_2_, this_.phone as phone14_12_2_, this_.preferredName as preferr15_12_2_, this_.state as state16_12_2_, this_.zip as zip17_12_2_, user2_.username as username1_15_0_, user2_.enabled as enabled2_15_0_, user2_.password as password3_15_0_, user2_.role as role4_15_0_, user3_.username as username1_15_1_, user3_.enabled as enabled2_15_1_, user3_.password as password3_15_1_, user3_.role as role4_15_1_ from Patients this_ left outer join Users user2_ on this_.father_id=user2_.username left outer join Users user3_ on this_.mother_id=user3_.username
02:07:20.470 [main] DEBUG org.hibernate.loader.Loader - Result set row: 0
02:07:20.472 [main] DEBUG org.hibernate.SQL - select user0_.username as username1_15_0_, user0_.enabled as enabled2_15_0_, user0_.password as password3_15_0_, user0_.role as role4_15_0_ from Users user0_ where user0_.username=?
Hibernate: select user0_.username as username1_15_0_, user0_.enabled as enabled2_15_0_, user0_.password as password3_15_0_, user0_.role as role4_15_0_ from Users user0_ where user0_.username=?
02:07:20.487 [main] DEBUG o.h.l.p.e.p.i.ResultSetProcessorImpl - Starting ResultSet row #0
02:07:20.488 [main] DEBUG o.h.l.p.e.p.i.EntityReferenceInitializerImpl - On call to EntityIdentifierReaderImpl#resolve, EntityKey was already known; should only happen on root returns with an optional identifier specified
02:07:20.489 [main] DEBUG o.h.engine.internal.TwoPhaseLoad - Resolving associations for [edu.ncsu.csc.itrust2.models.persistent.User#AliceThirteen]
02:07:20.489 [main] DEBUG o.h.engine.internal.TwoPhaseLoad - Done materializing entity [edu.ncsu.csc.itrust2.models.persistent.User#AliceThirteen]
02:07:20.489 [main] DEBUG o.h.r.j.i.ResourceRegistryStandardImpl - HHH000387: ResultSet's statement was not registered
02:07:20.489 [main] DEBUG o.h.l.e.p.AbstractLoadPlanBasedEntityLoader - Done entity load : edu.ncsu.csc.itrust2.models.persistent.User#AliceThirteen
02:07:20.490 [main] DEBUG org.hibernate.loader.Loader - Result row: null, null, EntityKey[edu.ncsu.csc.itrust2.models.persistent.Patient#component[self]{self=edu.ncsu.csc.itrust2.models.persistent.User#AliceThirteen}]
02:07:20.490 [main] DEBUG org.hibernate.loader.Loader - Result set row: 1
02:07:20.490 [main] DEBUG org.hibernate.SQL - select user0_.username as username1_15_0_, user0_.enabled as enabled2_15_0_, user0_.password as password3_15_0_, user0_.role as role4_15_0_ from Users user0_ where user0_.username=?
Hibernate: select user0_.username as username1_15_0_, user0_.enabled as enabled2_15_0_, user0_.password as password3_15_0_, user0_.role as role4_15_0_ from Users user0_ where user0_.username=?
02:07:20.491 [main] DEBUG o.h.l.p.e.p.i.ResultSetProcessorImpl - Starting ResultSet row #0
02:07:20.499 [main] DEBUG o.h.l.p.e.p.i.EntityReferenceInitializerImpl - On call to EntityIdentifierReaderImpl#resolve, EntityKey was already known; should only happen on root returns with an optional identifier specified
02:07:20.500 [main] DEBUG o.h.engine.internal.TwoPhaseLoad - Resolving associations for [edu.ncsu.csc.itrust2.models.persistent.User#BobTheFourYearOld]
02:07:20.500 [main] DEBUG o.h.engine.internal.TwoPhaseLoad - Done materializing entity [edu.ncsu.csc.itrust2.models.persistent.User#BobTheFourYearOld]
02:07:20.500 [main] DEBUG o.h.r.j.i.ResourceRegistryStandardImpl - HHH000387: ResultSet's statement was not registered
02:07:20.500 [main] DEBUG o.h.l.e.p.AbstractLoadPlanBasedEntityLoader - Done entity load : edu.ncsu.csc.itrust2.models.persistent.User#BobTheFourYearOld
02:07:20.500 [main] DEBUG org.hibernate.loader.Loader - Result row: null, null, EntityKey[edu.ncsu.csc.itrust2.models.persistent.Patient#component[self]{self=edu.ncsu.csc.itrust2.models.persistent.User#BobTheFourYearOld}]
02:07:20.500 [main] DEBUG org.hibernate.loader.Loader - Result set row: 2
02:07:20.500 [main] DEBUG org.hibernate.SQL - select user0_.username as username1_15_0_, user0_.enabled as enabled2_15_0_, user0_.password as password3_15_0_, user0_.role as role4_15_0_ from Users user0_ where user0_.username=?
Hibernate: select user0_.username as username1_15_0_, user0_.enabled as enabled2_15_0_, user0_.password as password3_15_0_, user0_.role as role4_15_0_ from Users user0_ where user0_.username=?
02:07:20.501 [main] DEBUG o.h.l.p.e.p.i.ResultSetProcessorImpl - Starting ResultSet row #0
02:07:20.501 [main] DEBUG o.h.l.p.e.p.i.EntityReferenceInitializerImpl - On call to EntityIdentifierReaderImpl#resolve, EntityKey was already known; should only happen on root returns with an optional identifier specified
02:07:20.501 [main] DEBUG o.h.engine.internal.TwoPhaseLoad - Resolving associations for [edu.ncsu.csc.itrust2.models.persistent.User#TimTheOneYearOld]
02:07:20.501 [main] DEBUG o.h.engine.internal.TwoPhaseLoad - Done materializing entity [edu.ncsu.csc.itrust2.models.persistent.User#TimTheOneYearOld]
02:07:20.501 [main] DEBUG o.h.r.j.i.ResourceRegistryStandardImpl - HHH000387: ResultSet's statement was not registered
02:07:20.502 [main] DEBUG o.h.l.e.p.AbstractLoadPlanBasedEntityLoader - Done entity load : edu.ncsu.csc.itrust2.models.persistent.User#TimTheOneYearOld
02:07:20.502 [main] DEBUG org.hibernate.loader.Loader - Result row: null, null, EntityKey[edu.ncsu.csc.itrust2.models.persistent.Patient#component[self]{self=edu.ncsu.csc.itrust2.models.persistent.User#TimTheOneYearOld}]
02:07:20.506 [main] DEBUG o.h.engine.internal.TwoPhaseLoad - Resolving associations for [edu.ncsu.csc.itrust2.models.persistent.Patient#component[self]{self=edu.ncsu.csc.itrust2.models.persistent.User#AliceThirteen}]
02:07:20.506 [main] DEBUG o.h.engine.internal.TwoPhaseLoad - Done materializing entity [edu.ncsu.csc.itrust2.models.persistent.Patient#component[self]{self=edu.ncsu.csc.itrust2.models.persistent.User#AliceThirteen}]
02:07:20.506 [main] DEBUG o.h.engine.internal.TwoPhaseLoad - Resolving associations for [edu.ncsu.csc.itrust2.models.persistent.Patient#component[self]{self=edu.ncsu.csc.itrust2.models.persistent.User#BobTheFourYearOld}]
02:07:20.506 [main] DEBUG o.h.engine.internal.TwoPhaseLoad - Done materializing entity [edu.ncsu.csc.itrust2.models.persistent.Patient#component[self]{self=edu.ncsu.csc.itrust2.models.persistent.User#BobTheFourYearOld}]
02:07:20.506 [main] DEBUG o.h.engine.internal.TwoPhaseLoad - Resolving associations for [edu.ncsu.csc.itrust2.models.persistent.Patient#component[self]{self=edu.ncsu.csc.itrust2.models.persistent.User#TimTheOneYearOld}]
02:07:20.506 [main] DEBUG o.h.engine.internal.TwoPhaseLoad - Done materializing entity [edu.ncsu.csc.itrust2.models.persistent.Patient#component[self]{self=edu.ncsu.csc.itrust2.models.persistent.User#TimTheOneYearOld}]
02:07:20.507 [main] DEBUG o.h.e.t.internal.TransactionImpl - committing
02:07:20.507 [main] DEBUG o.h.e.i.AbstractFlushingEventListener - Processing flush-time cascades
02:07:20.507 [main] DEBUG o.h.e.i.AbstractFlushingEventListener - Dirty checking collections
02:07:20.522 [main] DEBUG o.h.e.i.AbstractFlushingEventListener - Flushed: 0 insertions, 0 updates, 3 deletions to 6 objects
02:07:20.524 [main] DEBUG o.h.e.i.AbstractFlushingEventListener - Flushed: 0 (re)creations, 0 updates, 0 removals to 0 collections
02:07:20.524 [main] DEBUG o.h.internal.util.EntityPrinter - Listing entities:
02:07:20.525 [main] DEBUG o.h.internal.util.EntityPrinter - edu.ncsu.csc.itrust2.models.persistent.User{password=$2a$10$EblZqNptyYvcLm/VwDCVAuBjzZOI7khzdyGPBr08PpIi0na624b8., role=ROLE_PATIENT, enabled=1, username=BobTheFourYearOld}
02:07:20.525 [main] DEBUG o.h.internal.util.EntityPrinter - edu.ncsu.csc.itrust2.models.persistent.Patient{zip=null, lastName=Smith, ethnicity=null, gender=null, address2=null, city=null, dateOfDeath=null, address1=null, father=null, dateOfBirth=java.util.GregorianCalendar[time=1490162790000,areFieldsSet=true,areAllFieldsSet=true,lenient=true,zone=sun.util.calendar.ZoneInfo[id="America/New_York",offset=-18000000,dstSavings=3600000,useDaylight=true,transitions=235,lastRule=java.util.SimpleTimeZone[id=America/New_York,offset=-18000000,dstSavings=3600000,useDaylight=true,startYear=0,startMode=3,startMonth=2,startDay=8,startDayOfWeek=1,startTime=7200000,startTimeMode=0,endMode=3,endMonth=10,endDay=1,endDayOfWeek=1,endTime=7200000,endTimeMode=0]],firstDayOfWeek=1,minimalDaysInFirstWeek=1,ERA=1,YEAR=2017,MONTH=2,WEEK_OF_YEAR=12,WEEK_OF_MONTH=4,DAY_OF_MONTH=22,DAY_OF_YEAR=81,DAY_OF_WEEK=4,DAY_OF_WEEK_IN_MONTH=4,AM_PM=0,HOUR=2,HOUR_OF_DAY=2,MINUTE=6,SECOND=30,MILLISECOND=0,ZONE_OFFSET=-18000000,DST_OFFSET=3600000], bloodType=null, firstName=TimTheOneYearOld, mother=null, phone=null, id=null, preferredName=null, state=null, causeOfDeath=null, email=null}
02:07:20.525 [main] DEBUG o.h.internal.util.EntityPrinter - edu.ncsu.csc.itrust2.models.persistent.User{password=$2a$10$EblZqNptyYvcLm/VwDCVAuBjzZOI7khzdyGPBr08PpIi0na624b8., role=ROLE_PATIENT, enabled=1, username=AliceThirteen}
02:07:20.525 [main] DEBUG o.h.internal.util.EntityPrinter - edu.ncsu.csc.itrust2.models.persistent.User{password=$2a$10$EblZqNptyYvcLm/VwDCVAuBjzZOI7khzdyGPBr08PpIi0na624b8., role=ROLE_PATIENT, enabled=1, username=TimTheOneYearOld}
02:07:20.525 [main] DEBUG o.h.internal.util.EntityPrinter - edu.ncsu.csc.itrust2.models.persistent.Patient{zip=null, lastName=Smith, ethnicity=null, gender=null, address2=null, city=null, dateOfDeath=null, address1=null, father=null, dateOfBirth=java.util.GregorianCalendar[time=1111475190000,areFieldsSet=true,areAllFieldsSet=true,lenient=true,zone=sun.util.calendar.ZoneInfo[id="America/New_York",offset=-18000000,dstSavings=3600000,useDaylight=true,transitions=235,lastRule=java.util.SimpleTimeZone[id=America/New_York,offset=-18000000,dstSavings=3600000,useDaylight=true,startYear=0,startMode=3,startMonth=2,startDay=8,startDayOfWeek=1,startTime=7200000,startTimeMode=0,endMode=3,endMonth=10,endDay=1,endDayOfWeek=1,endTime=7200000,endTimeMode=0]],firstDayOfWeek=1,minimalDaysInFirstWeek=1,ERA=1,YEAR=2005,MONTH=2,WEEK_OF_YEAR=13,WEEK_OF_MONTH=4,DAY_OF_MONTH=22,DAY_OF_YEAR=81,DAY_OF_WEEK=3,DAY_OF_WEEK_IN_MONTH=4,AM_PM=0,HOUR=2,HOUR_OF_DAY=2,MINUTE=6,SECOND=30,MILLISECOND=0,ZONE_OFFSET=-18000000,DST_OFFSET=0], bloodType=null, firstName=AliceThirteen, mother=null, phone=null, id=null, preferredName=null, state=null, causeOfDeath=null, email=null}
02:07:20.525 [main] DEBUG o.h.internal.util.EntityPrinter - edu.ncsu.csc.itrust2.models.persistent.Patient{zip=null, lastName=Smith, ethnicity=null, gender=null, address2=null, city=null, dateOfDeath=null, address1=null, father=null, dateOfBirth=java.util.GregorianCalendar[time=1395468390000,areFieldsSet=true,areAllFieldsSet=true,lenient=true,zone=sun.util.calendar.ZoneInfo[id="America/New_York",offset=-18000000,dstSavings=3600000,useDaylight=true,transitions=235,lastRule=java.util.SimpleTimeZone[id=America/New_York,offset=-18000000,dstSavings=3600000,useDaylight=true,startYear=0,startMode=3,startMonth=2,startDay=8,startDayOfWeek=1,startTime=7200000,startTimeMode=0,endMode=3,endMonth=10,endDay=1,endDayOfWeek=1,endTime=7200000,endTimeMode=0]],firstDayOfWeek=1,minimalDaysInFirstWeek=1,ERA=1,YEAR=2014,MONTH=2,WEEK_OF_YEAR=12,WEEK_OF_MONTH=4,DAY_OF_MONTH=22,DAY_OF_YEAR=81,DAY_OF_WEEK=7,DAY_OF_WEEK_IN_MONTH=4,AM_PM=0,HOUR=2,HOUR_OF_DAY=2,MINUTE=6,SECOND=30,MILLISECOND=0,ZONE_OFFSET=-18000000,DST_OFFSET=3600000], bloodType=null, firstName=BobTheFourYearOld, mother=null, phone=null, id=null, preferredName=null, state=null, causeOfDeath=null, email=null}
02:07:20.525 [main] DEBUG org.hibernate.SQL - delete from Patients where self_id=?
Hibernate: delete from Patients where self_id=?
02:07:20.530 [main] DEBUG org.hibernate.SQL - delete from Patients where self_id=?
Hibernate: delete from Patients where self_id=?
02:07:20.538 [main] DEBUG org.hibernate.SQL - delete from Patients where self_id=?
Hibernate: delete from Patients where self_id=?
02:07:20.541 [main] DEBUG o.h.e.j.internal.JdbcCoordinatorImpl - HHH000420: Closing un-released batch
02:07:20.542 [main] DEBUG o.s.t.w.s.TestDispatcherServlet - DispatcherServlet with name '' processing POST request for [/api/v1/users]
02:07:20.542 [main] DEBUG o.s.w.s.m.m.a.RequestMappingHandlerMapping - Looking up handler method for path /api/v1/users
02:07:20.543 [main] DEBUG o.s.w.s.m.m.a.RequestMappingHandlerMapping - Returning handler method [public org.springframework.http.ResponseEntity edu.ncsu.csc.itrust2.controllers.api.APIUserController.createUser(edu.ncsu.csc.itrust2.forms.admin.UserForm)]
02:07:20.543 [main] DEBUG o.s.b.f.s.DefaultListableBeanFactory - Returning cached instance of singleton bean 'APIUserController'
02:07:20.543 [main] DEBUG o.s.w.s.m.m.a.RequestResponseBodyMethodProcessor - Read [class edu.ncsu.csc.itrust2.forms.admin.UserForm] as "application/json" with [org.springframework.http.converter.json.GsonHttpMessageConverter@53ae31b8]
02:07:20.751 [main] DEBUG o.h.e.t.internal.TransactionImpl - begin
02:07:20.758 [main] DEBUG org.hibernate.SQL - select this_.username as username1_15_0_, this_.enabled as enabled2_15_0_, this_.password as password3_15_0_, this_.role as role4_15_0_ from Users this_ where this_.username=?
Hibernate: select this_.username as username1_15_0_, this_.enabled as enabled2_15_0_, this_.password as password3_15_0_, this_.role as role4_15_0_ from Users this_ where this_.username=?
02:07:20.758 [main] DEBUG o.h.e.t.internal.TransactionImpl - committing
02:07:20.759 [main] DEBUG o.h.e.t.internal.TransactionImpl - begin
02:07:20.759 [main] DEBUG org.hibernate.SQL - select user_.username, user_.enabled as enabled2_15_, user_.password as password3_15_, user_.role as role4_15_ from Users user_ where user_.username=?
Hibernate: select user_.username, user_.enabled as enabled2_15_, user_.password as password3_15_, user_.role as role4_15_ from Users user_ where user_.username=?
02:07:20.762 [main] DEBUG o.h.r.j.i.ResourceRegistryStandardImpl - HHH000387: ResultSet's statement was not registered
02:07:20.762 [main] DEBUG o.h.e.i.AbstractSaveEventListener - Generated identifier: antti, using strategy: org.hibernate.id.Assigned
02:07:20.762 [main] DEBUG o.h.e.t.internal.TransactionImpl - committing
02:07:20.762 [main] DEBUG o.h.e.i.AbstractFlushingEventListener - Processing flush-time cascades
02:07:20.762 [main] DEBUG o.h.e.i.AbstractFlushingEventListener - Dirty checking collections
02:07:20.763 [main] DEBUG o.h.e.i.AbstractFlushingEventListener - Flushed: 1 insertions, 0 updates, 0 deletions to 1 objects
02:07:20.763 [main] DEBUG o.h.e.i.AbstractFlushingEventListener - Flushed: 0 (re)creations, 0 updates, 0 removals to 0 collections
02:07:20.763 [main] DEBUG o.h.internal.util.EntityPrinter - Listing entities:
02:07:20.763 [main] DEBUG o.h.internal.util.EntityPrinter - edu.ncsu.csc.itrust2.models.persistent.User{password=$2a$10$vHAY7jT55FJH7slzlGgSOuW1.L5omEX4vLhqQJ6iWdkHmcEVZoAPu, role=ROLE_PATIENT, enabled=1, username=antti}
02:07:20.764 [main] DEBUG org.hibernate.SQL - insert into Users (enabled, password, role, username) values (?, ?, ?, ?)
Hibernate: insert into Users (enabled, password, role, username) values (?, ?, ?, ?)
02:07:20.773 [main] DEBUG o.h.e.j.internal.JdbcCoordinatorImpl - HHH000420: Closing un-released batch
02:07:20.774 [main] DEBUG o.h.e.t.internal.TransactionImpl - begin
02:07:20.774 [main] DEBUG org.hibernate.SQL - select next_val as id_val from hibernate_sequence for update
Hibernate: select next_val as id_val from hibernate_sequence for update
02:07:20.775 [main] DEBUG org.hibernate.SQL - update hibernate_sequence set next_val= ? where next_val=?
Hibernate: update hibernate_sequence set next_val= ? where next_val=?
02:07:20.778 [main] DEBUG o.h.e.i.AbstractSaveEventListener - Generated identifier: 65, using strategy: org.hibernate.id.enhanced.SequenceStyleGenerator
02:07:20.778 [main] DEBUG o.h.e.t.internal.TransactionImpl - committing
02:07:20.778 [main] DEBUG o.h.e.i.AbstractFlushingEventListener - Processing flush-time cascades
02:07:20.778 [main] DEBUG o.h.e.i.AbstractFlushingEventListener - Dirty checking collections
02:07:20.779 [main] DEBUG o.h.e.i.AbstractFlushingEventListener - Flushed: 1 insertions, 0 updates, 0 deletions to 1 objects
02:07:20.779 [main] DEBUG o.h.e.i.AbstractFlushingEventListener - Flushed: 0 (re)creations, 0 updates, 0 removals to 0 collections
02:07:20.779 [main] DEBUG o.h.internal.util.EntityPrinter - Listing entities:
02:07:20.779 [main] DEBUG o.h.internal.util.EntityPrinter - edu.ncsu.csc.itrust2.models.persistent.LogEntry{secondaryUser=null, logCode=7, primaryUser=hcp, id=65, time=java.util.GregorianCalendar[time=1521698840773,areFieldsSet=true,areAllFieldsSet=true,lenient=true,zone=sun.util.calendar.ZoneInfo[id="America/New_York",offset=-18000000,dstSavings=3600000,useDaylight=true,transitions=235,lastRule=java.util.SimpleTimeZone[id=America/New_York,offset=-18000000,dstSavings=3600000,useDaylight=true,startYear=0,startMode=3,startMonth=2,startDay=8,startDayOfWeek=1,startTime=7200000,startTimeMode=0,endMode=3,endMonth=10,endDay=1,endDayOfWeek=1,endTime=7200000,endTimeMode=0]],firstDayOfWeek=1,minimalDaysInFirstWeek=1,ERA=1,YEAR=2018,MONTH=2,WEEK_OF_YEAR=12,WEEK_OF_MONTH=4,DAY_OF_MONTH=22,DAY_OF_YEAR=81,DAY_OF_WEEK=5,DAY_OF_WEEK_IN_MONTH=4,AM_PM=0,HOUR=2,HOUR_OF_DAY=2,MINUTE=7,SECOND=20,MILLISECOND=773,ZONE_OFFSET=-18000000,DST_OFFSET=3600000], message=null}
02:07:20.786 [main] DEBUG org.hibernate.SQL - insert into LogEntries (logCode, message, primaryUser, secondaryUser, time, id) values (?, ?, ?, ?, ?, ?)
Hibernate: insert into LogEntries (logCode, message, primaryUser, secondaryUser, time, id) values (?, ?, ?, ?, ?, ?)
02:07:20.789 [main] DEBUG o.h.e.j.internal.JdbcCoordinatorImpl - HHH000420: Closing un-released batch
02:07:20.790 [main] DEBUG o.s.w.s.m.m.a.HttpEntityMethodProcessor - Written [edu.ncsu.csc.itrust2.models.persistent.User@5dbafd24] as "application/json" using [org.springframework.http.converter.json.GsonHttpMessageConverter@53ae31b8]
02:07:20.790 [main] DEBUG o.s.t.w.s.TestDispatcherServlet - Null ModelAndView returned to DispatcherServlet with name '': assuming HandlerAdapter completed request handling
02:07:20.790 [main] DEBUG o.s.t.w.s.TestDispatcherServlet - Successfully completed request
02:07:20.792 [main] DEBUG o.s.t.w.s.TestDispatcherServlet - DispatcherServlet with name '' processing PUT request for [/api/v1/patients/antti]
02:07:20.798 [main] DEBUG o.s.w.s.m.m.a.RequestMappingHandlerMapping - Looking up handler method for path /api/v1/patients/antti
02:07:20.799 [main] DEBUG o.s.w.s.m.m.a.RequestMappingHandlerMapping - Returning handler method [public org.springframework.http.ResponseEntity edu.ncsu.csc.itrust2.controllers.api.APIPatientController.updatePatient(java.lang.String,edu.ncsu.csc.itrust2.forms.hcp_patient.PatientForm)]
02:07:20.799 [main] DEBUG o.s.b.f.s.DefaultListableBeanFactory - Returning cached instance of singleton bean 'APIPatientController'
02:07:20.807 [main] DEBUG o.s.w.s.m.m.a.RequestResponseBodyMethodProcessor - Read [class edu.ncsu.csc.itrust2.forms.hcp_patient.PatientForm] as "application/json" with [org.springframework.http.converter.json.GsonHttpMessageConverter@53ae31b8]
02:07:20.808 [main] DEBUG o.h.e.t.internal.TransactionImpl - begin
02:07:20.811 [main] DEBUG org.hibernate.SQL - select this_.username as username1_15_0_, this_.enabled as enabled2_15_0_, this_.password as password3_15_0_, this_.role as role4_15_0_ from Users this_ where this_.username=? and this_.role=?
Hibernate: select this_.username as username1_15_0_, this_.enabled as enabled2_15_0_, this_.password as password3_15_0_, this_.role as role4_15_0_ from Users this_ where this_.username=? and this_.role=?
02:07:20.811 [main] DEBUG org.hibernate.loader.Loader - Result set row: 0
02:07:20.812 [main] DEBUG org.hibernate.loader.Loader - Result row: EntityKey[edu.ncsu.csc.itrust2.models.persistent.User#antti]
02:07:20.812 [main] DEBUG o.h.engine.internal.TwoPhaseLoad - Resolving associations for [edu.ncsu.csc.itrust2.models.persistent.User#antti]
02:07:20.813 [main] DEBUG o.h.engine.internal.TwoPhaseLoad - Done materializing entity [edu.ncsu.csc.itrust2.models.persistent.User#antti]
02:07:20.813 [main] DEBUG o.h.e.t.internal.TransactionImpl - committing
02:07:20.813 [main] DEBUG o.h.e.i.AbstractFlushingEventListener - Processing flush-time cascades
02:07:20.813 [main] DEBUG o.h.e.i.AbstractFlushingEventListener - Dirty checking collections
02:07:20.813 [main] DEBUG o.h.e.i.AbstractFlushingEventListener - Flushed: 0 insertions, 0 updates, 0 deletions to 1 objects
02:07:20.813 [main] DEBUG o.h.e.i.AbstractFlushingEventListener - Flushed: 0 (re)creations, 0 updates, 0 removals to 0 collections
02:07:20.814 [main] DEBUG o.h.internal.util.EntityPrinter - Listing entities:
02:07:20.814 [main] DEBUG o.h.internal.util.EntityPrinter - edu.ncsu.csc.itrust2.models.persistent.User{password=$2a$10$vHAY7jT55FJH7slzlGgSOuW1.L5omEX4vLhqQJ6iWdkHmcEVZoAPu, role=ROLE_PATIENT, enabled=1, username=antti}
02:07:20.819 [main] DEBUG o.h.e.t.internal.TransactionImpl - begin
02:07:20.819 [main] DEBUG org.hibernate.SQL - select this_.username as username1_15_0_, this_.enabled as enabled2_15_0_, this_.password as password3_15_0_, this_.role as role4_15_0_ from Users this_ where this_.username=? and this_.role=?
Hibernate: select this_.username as username1_15_0_, this_.enabled as enabled2_15_0_, this_.password as password3_15_0_, this_.role as role4_15_0_ from Users this_ where this_.username=? and this_.role=?
02:07:20.820 [main] DEBUG o.h.e.t.internal.TransactionImpl - committing
02:07:20.821 [main] DEBUG o.h.e.t.internal.TransactionImpl - begin
02:07:20.822 [main] DEBUG org.hibernate.SQL - select this_.username as username1_15_0_, this_.enabled as enabled2_15_0_, this_.password as password3_15_0_, this_.role as role4_15_0_ from Users this_ where this_.username=? and this_.role=?
Hibernate: select this_.username as username1_15_0_, this_.enabled as enabled2_15_0_, this_.password as password3_15_0_, this_.role as role4_15_0_ from Users this_ where this_.username=? and this_.role=?
02:07:20.826 [main] DEBUG o.h.e.t.internal.TransactionImpl - committing
02:07:20.838 [main] DEBUG o.h.e.t.internal.TransactionImpl - begin
02:07:20.842 [main] DEBUG org.hibernate.SQL - select this_.username as username1_15_0_, this_.enabled as enabled2_15_0_, this_.password as password3_15_0_, this_.role as role4_15_0_ from Users this_ where this_.username=? and this_.role=?
Hibernate: select this_.username as username1_15_0_, this_.enabled as enabled2_15_0_, this_.password as password3_15_0_, this_.role as role4_15_0_ from Users this_ where this_.username=? and this_.role=?
02:07:20.846 [main] DEBUG org.hibernate.loader.Loader - Result set row: 0
02:07:20.846 [main] DEBUG org.hibernate.loader.Loader - Result row: EntityKey[edu.ncsu.csc.itrust2.models.persistent.User#antti]
02:07:20.847 [main] DEBUG o.h.engine.internal.TwoPhaseLoad - Resolving associations for [edu.ncsu.csc.itrust2.models.persistent.User#antti]
02:07:20.847 [main] DEBUG o.h.engine.internal.TwoPhaseLoad - Done materializing entity [edu.ncsu.csc.itrust2.models.persistent.User#antti]
02:07:20.847 [main] DEBUG o.h.e.t.internal.TransactionImpl - committing
02:07:20.847 [main] DEBUG o.h.e.i.AbstractFlushingEventListener - Processing flush-time cascades
02:07:20.847 [main] DEBUG o.h.e.i.AbstractFlushingEventListener - Dirty checking collections
02:07:20.847 [main] DEBUG o.h.e.i.AbstractFlushingEventListener - Flushed: 0 insertions, 0 updates, 0 deletions to 1 objects
02:07:20.848 [main] DEBUG o.h.e.i.AbstractFlushingEventListener - Flushed: 0 (re)creations, 0 updates, 0 removals to 0 collections
02:07:20.848 [main] DEBUG o.h.internal.util.EntityPrinter - Listing entities:
02:07:20.848 [main] DEBUG o.h.internal.util.EntityPrinter - edu.ncsu.csc.itrust2.models.persistent.User{password=$2a$10$vHAY7jT55FJH7slzlGgSOuW1.L5omEX4vLhqQJ6iWdkHmcEVZoAPu, role=ROLE_PATIENT, enabled=1, username=antti}
02:07:20.850 [main] DEBUG o.h.e.t.internal.TransactionImpl - begin
02:07:20.851 [main] DEBUG org.hibernate.SQL - select this_.self_id as self_id18_12_2_, this_.address1 as address1_12_2_, this_.address2 as address2_12_2_, this_.bloodType as bloodTyp3_12_2_, this_.causeOfDeath as causeOfD4_12_2_, this_.city as city5_12_2_, this_.dateOfBirth as dateOfBi6_12_2_, this_.dateOfDeath as dateOfDe7_12_2_, this_.email as email8_12_2_, this_.ethnicity as ethnicit9_12_2_, this_.father_id as father_19_12_2_, this_.firstName as firstNa10_12_2_, this_.gender as gender11_12_2_, this_.id as id12_12_2_, this_.lastName as lastNam13_12_2_, this_.mother_id as mother_20_12_2_, this_.phone as phone14_12_2_, this_.preferredName as preferr15_12_2_, this_.state as state16_12_2_, this_.zip as zip17_12_2_, user2_.username as username1_15_0_, user2_.enabled as enabled2_15_0_, user2_.password as password3_15_0_, user2_.role as role4_15_0_, user3_.username as username1_15_1_, user3_.enabled as enabled2_15_1_, user3_.password as password3_15_1_, user3_.role as role4_15_1_ from Patients this_ left outer join Users user2_ on this_.father_id=user2_.username left outer join Users user3_ on this_.mother_id=user3_.username where this_.self_id=?
Hibernate: select this_.self_id as self_id18_12_2_, this_.address1 as address1_12_2_, this_.address2 as address2_12_2_, this_.bloodType as bloodTyp3_12_2_, this_.causeOfDeath as causeOfD4_12_2_, this_.city as city5_12_2_, this_.dateOfBirth as dateOfBi6_12_2_, this_.dateOfDeath as dateOfDe7_12_2_, this_.email as email8_12_2_, this_.ethnicity as ethnicit9_12_2_, this_.father_id as father_19_12_2_, this_.firstName as firstNa10_12_2_, this_.gender as gender11_12_2_, this_.id as id12_12_2_, this_.lastName as lastNam13_12_2_, this_.mother_id as mother_20_12_2_, this_.phone as phone14_12_2_, this_.preferredName as preferr15_12_2_, this_.state as state16_12_2_, this_.zip as zip17_12_2_, user2_.username as username1_15_0_, user2_.enabled as enabled2_15_0_, user2_.password as password3_15_0_, user2_.role as role4_15_0_, user3_.username as username1_15_1_, user3_.enabled as enabled2_15_1_, user3_.password as password3_15_1_, user3_.role as role4_15_1_ from Patients this_ left outer join Users user2_ on this_.father_id=user2_.username left outer join Users user3_ on this_.mother_id=user3_.username where this_.self_id=?
02:07:20.854 [main] DEBUG o.h.e.t.internal.TransactionImpl - committing
02:07:20.856 [main] DEBUG o.s.w.s.m.m.a.HttpEntityMethodProcessor - Written [{"status":"failed","message":"No Patient found for id antti"}] as "text/plain" using [org.springframework.http.converter.StringHttpMessageConverter@2939c044]
02:07:20.856 [main] DEBUG o.s.t.w.s.TestDispatcherServlet - Null ModelAndView returned to DispatcherServlet with name '': assuming HandlerAdapter completed request handling
02:07:20.856 [main] DEBUG o.s.t.w.s.TestDispatcherServlet - Successfully completed request
02:07:20.857 [main] DEBUG o.s.t.w.s.TestDispatcherServlet - DispatcherServlet with name '' processing POST request for [/api/v1/patients]
02:07:20.857 [main] DEBUG o.s.w.s.m.m.a.RequestMappingHandlerMapping - Looking up handler method for path /api/v1/patients
02:07:20.857 [main] DEBUG o.s.w.s.m.m.a.RequestMappingHandlerMapping - Returning handler method [public org.springframework.http.ResponseEntity edu.ncsu.csc.itrust2.controllers.api.APIPatientController.createPatient(edu.ncsu.csc.itrust2.forms.hcp_patient.PatientForm)]
02:07:20.858 [main] DEBUG o.s.b.f.s.DefaultListableBeanFactory - Returning cached instance of singleton bean 'APIPatientController'
02:07:20.862 [main] DEBUG o.s.w.s.m.m.a.RequestResponseBodyMethodProcessor - Read [class edu.ncsu.csc.itrust2.forms.hcp_patient.PatientForm] as "application/json" with [org.springframework.http.converter.json.GsonHttpMessageConverter@53ae31b8]
02:07:20.863 [main] DEBUG o.h.e.t.internal.TransactionImpl - begin
02:07:20.864 [main] DEBUG org.hibernate.SQL - select this_.username as username1_15_0_, this_.enabled as enabled2_15_0_, this_.password as password3_15_0_, this_.role as role4_15_0_ from Users this_ where this_.username=? and this_.role=?
Hibernate: select this_.username as username1_15_0_, this_.enabled as enabled2_15_0_, this_.password as password3_15_0_, this_.role as role4_15_0_ from Users this_ where this_.username=? and this_.role=?
02:07:20.866 [main] DEBUG org.hibernate.loader.Loader - Result set row: 0
02:07:20.866 [main] DEBUG org.hibernate.loader.Loader - Result row: EntityKey[edu.ncsu.csc.itrust2.models.persistent.User#antti]
02:07:20.867 [main] DEBUG o.h.engine.internal.TwoPhaseLoad - Resolving associations for [edu.ncsu.csc.itrust2.models.persistent.User#antti]
02:07:20.867 [main] DEBUG o.h.engine.internal.TwoPhaseLoad - Done materializing entity [edu.ncsu.csc.itrust2.models.persistent.User#antti]
02:07:20.867 [main] DEBUG o.h.e.t.internal.TransactionImpl - committing
02:07:20.867 [main] DEBUG o.h.e.i.AbstractFlushingEventListener - Processing flush-time cascades
02:07:20.867 [main] DEBUG o.h.e.i.AbstractFlushingEventListener - Dirty checking collections
02:07:20.867 [main] DEBUG o.h.e.i.AbstractFlushingEventListener - Flushed: 0 insertions, 0 updates, 0 deletions to 1 objects
02:07:20.867 [main] DEBUG o.h.e.i.AbstractFlushingEventListener - Flushed: 0 (re)creations, 0 updates, 0 removals to 0 collections
02:07:20.868 [main] DEBUG o.h.internal.util.EntityPrinter - Listing entities:
02:07:20.868 [main] DEBUG o.h.internal.util.EntityPrinter - edu.ncsu.csc.itrust2.models.persistent.User{password=$2a$10$vHAY7jT55FJH7slzlGgSOuW1.L5omEX4vLhqQJ6iWdkHmcEVZoAPu, role=ROLE_PATIENT, enabled=1, username=antti}
02:07:20.873 [main] DEBUG o.h.e.t.internal.TransactionImpl - begin
02:07:20.874 [main] DEBUG org.hibernate.SQL - select this_.username as username1_15_0_, this_.enabled as enabled2_15_0_, this_.password as password3_15_0_, this_.role as role4_15_0_ from Users this_ where this_.username=? and this_.role=?
Hibernate: select this_.username as username1_15_0_, this_.enabled as enabled2_15_0_, this_.password as password3_15_0_, this_.role as role4_15_0_ from Users this_ where this_.username=? and this_.role=?
02:07:20.875 [main] DEBUG o.h.e.t.internal.TransactionImpl - committing
02:07:20.876 [main] DEBUG o.h.e.t.internal.TransactionImpl - begin
02:07:20.876 [main] DEBUG org.hibernate.SQL - select this_.username as username1_15_0_, this_.enabled as enabled2_15_0_, this_.password as password3_15_0_, this_.role as role4_15_0_ from Users this_ where this_.username=? and this_.role=?
Hibernate: select this_.username as username1_15_0_, this_.enabled as enabled2_15_0_, this_.password as password3_15_0_, this_.role as role4_15_0_ from Users this_ where this_.username=? and this_.role=?
02:07:20.887 [main] DEBUG o.h.e.t.internal.TransactionImpl - committing
02:07:20.888 [main] DEBUG o.h.e.t.internal.TransactionImpl - begin
02:07:20.892 [main] DEBUG org.hibernate.SQL - select this_.username as username1_15_0_, this_.enabled as enabled2_15_0_, this_.password as password3_15_0_, this_.role as role4_15_0_ from Users this_ where this_.username=? and this_.role=?
Hibernate: select this_.username as username1_15_0_, this_.enabled as enabled2_15_0_, this_.password as password3_15_0_, this_.role as role4_15_0_ from Users this_ where this_.username=? and this_.role=?
02:07:20.893 [main] DEBUG org.hibernate.loader.Loader - Result set row: 0
02:07:20.893 [main] DEBUG org.hibernate.loader.Loader - Result row: EntityKey[edu.ncsu.csc.itrust2.models.persistent.User#antti]
02:07:20.893 [main] DEBUG o.h.engine.internal.TwoPhaseLoad - Resolving associations for [edu.ncsu.csc.itrust2.models.persistent.User#antti]
02:07:20.894 [main] DEBUG o.h.engine.internal.TwoPhaseLoad - Done materializing entity [edu.ncsu.csc.itrust2.models.persistent.User#antti]
02:07:20.894 [main] DEBUG o.h.e.t.internal.TransactionImpl - committing
02:07:20.894 [main] DEBUG o.h.e.i.AbstractFlushingEventListener - Processing flush-time cascades
02:07:20.894 [main] DEBUG o.h.e.i.AbstractFlushingEventListener - Dirty checking collections
02:07:20.894 [main] DEBUG o.h.e.i.AbstractFlushingEventListener - Flushed: 0 insertions, 0 updates, 0 deletions to 1 objects
02:07:20.894 [main] DEBUG o.h.e.i.AbstractFlushingEventListener - Flushed: 0 (re)creations, 0 updates, 0 removals to 0 collections
02:07:20.895 [main] DEBUG o.h.internal.util.EntityPrinter - Listing entities:
02:07:20.895 [main] DEBUG o.h.internal.util.EntityPrinter - edu.ncsu.csc.itrust2.models.persistent.User{password=$2a$10$vHAY7jT55FJH7slzlGgSOuW1.L5omEX4vLhqQJ6iWdkHmcEVZoAPu, role=ROLE_PATIENT, enabled=1, username=antti}
02:07:20.895 [main] DEBUG o.h.e.t.internal.TransactionImpl - begin
02:07:20.896 [main] DEBUG org.hibernate.SQL - select this_.self_id as self_id18_12_2_, this_.address1 as address1_12_2_, this_.address2 as address2_12_2_, this_.bloodType as bloodTyp3_12_2_, this_.causeOfDeath as causeOfD4_12_2_, this_.city as city5_12_2_, this_.dateOfBirth as dateOfBi6_12_2_, this_.dateOfDeath as dateOfDe7_12_2_, this_.email as email8_12_2_, this_.ethnicity as ethnicit9_12_2_, this_.father_id as father_19_12_2_, this_.firstName as firstNa10_12_2_, this_.gender as gender11_12_2_, this_.id as id12_12_2_, this_.lastName as lastNam13_12_2_, this_.mother_id as mother_20_12_2_, this_.phone as phone14_12_2_, this_.preferredName as preferr15_12_2_, this_.state as state16_12_2_, this_.zip as zip17_12_2_, user2_.username as username1_15_0_, user2_.enabled as enabled2_15_0_, user2_.password as password3_15_0_, user2_.role as role4_15_0_, user3_.username as username1_15_1_, user3_.enabled as enabled2_15_1_, user3_.password as password3_15_1_, user3_.role as role4_15_1_ from Patients this_ left outer join Users user2_ on this_.father_id=user2_.username left outer join Users user3_ on this_.mother_id=user3_.username where this_.self_id=?
Hibernate: select this_.self_id as self_id18_12_2_, this_.address1 as address1_12_2_, this_.address2 as address2_12_2_, this_.bloodType as bloodTyp3_12_2_, this_.causeOfDeath as causeOfD4_12_2_, this_.city as city5_12_2_, this_.dateOfBirth as dateOfBi6_12_2_, this_.dateOfDeath as dateOfDe7_12_2_, this_.email as email8_12_2_, this_.ethnicity as ethnicit9_12_2_, this_.father_id as father_19_12_2_, this_.firstName as firstNa10_12_2_, this_.gender as gender11_12_2_, this_.id as id12_12_2_, this_.lastName as lastNam13_12_2_, this_.mother_id as mother_20_12_2_, this_.phone as phone14_12_2_, this_.preferredName as preferr15_12_2_, this_.state as state16_12_2_, this_.zip as zip17_12_2_, user2_.username as username1_15_0_, user2_.enabled as enabled2_15_0_, user2_.password as password3_15_0_, user2_.role as role4_15_0_, user3_.username as username1_15_1_, user3_.enabled as enabled2_15_1_, user3_.password as password3_15_1_, user3_.role as role4_15_1_ from Patients this_ left outer join Users user2_ on this_.father_id=user2_.username left outer join Users user3_ on this_.mother_id=user3_.username where this_.self_id=?
02:07:20.898 [main] DEBUG o.h.e.t.internal.TransactionImpl - committing
02:07:20.899 [main] DEBUG o.s.w.s.m.m.a.HttpEntityMethodProcessor - Written [{"status":"failed","message":"Patient with the id antti already exists"}] as "text/plain" using [org.springframework.http.converter.StringHttpMessageConverter@2939c044]
02:07:20.900 [main] DEBUG o.s.t.w.s.TestDispatcherServlet - Null ModelAndView returned to DispatcherServlet with name '': assuming HandlerAdapter completed request handling
02:07:20.900 [main] DEBUG o.s.t.w.s.TestDispatcherServlet - Successfully completed request
02:07:20.901 [main] DEBUG o.s.t.w.s.TestDispatcherServlet - DispatcherServlet with name '' processing POST request for [/api/v1/patients]
02:07:20.901 [main] DEBUG o.s.w.s.m.m.a.RequestMappingHandlerMapping - Looking up handler method for path /api/v1/patients
02:07:20.901 [main] DEBUG o.s.w.s.m.m.a.RequestMappingHandlerMapping - Returning handler method [public org.springframework.http.ResponseEntity edu.ncsu.csc.itrust2.controllers.api.APIPatientController.createPatient(edu.ncsu.csc.itrust2.forms.hcp_patient.PatientForm)]
02:07:20.910 [main] DEBUG o.s.b.f.s.DefaultListableBeanFactory - Returning cached instance of singleton bean 'APIPatientController'
02:07:20.910 [main] DEBUG o.s.w.s.m.m.a.RequestResponseBodyMethodProcessor - Read [class edu.ncsu.csc.itrust2.forms.hcp_patient.PatientForm] as "application/json" with [org.springframework.http.converter.json.GsonHttpMessageConverter@53ae31b8]
02:07:20.911 [main] DEBUG o.h.e.t.internal.TransactionImpl - begin
02:07:20.912 [main] DEBUG org.hibernate.SQL - select this_.username as username1_15_0_, this_.enabled as enabled2_15_0_, this_.password as password3_15_0_, this_.role as role4_15_0_ from Users this_ where this_.username=? and this_.role=?
Hibernate: select this_.username as username1_15_0_, this_.enabled as enabled2_15_0_, this_.password as password3_15_0_, this_.role as role4_15_0_ from Users this_ where this_.username=? and this_.role=?
02:07:20.913 [main] DEBUG org.hibernate.loader.Loader - Result set row: 0
02:07:20.913 [main] DEBUG org.hibernate.loader.Loader - Result row: EntityKey[edu.ncsu.csc.itrust2.models.persistent.User#antti]
02:07:20.916 [main] DEBUG o.h.engine.internal.TwoPhaseLoad - Resolving associations for [edu.ncsu.csc.itrust2.models.persistent.User#antti]
02:07:20.916 [main] DEBUG o.h.engine.internal.TwoPhaseLoad - Done materializing entity [edu.ncsu.csc.itrust2.models.persistent.User#antti]
02:07:20.916 [main] DEBUG o.h.e.t.internal.TransactionImpl - committing
02:07:20.916 [main] DEBUG o.h.e.i.AbstractFlushingEventListener - Processing flush-time cascades
02:07:20.917 [main] DEBUG o.h.e.i.AbstractFlushingEventListener - Dirty checking collections
02:07:20.917 [main] DEBUG o.h.e.i.AbstractFlushingEventListener - Flushed: 0 insertions, 0 updates, 0 deletions to 1 objects
02:07:20.917 [main] DEBUG o.h.e.i.AbstractFlushingEventListener - Flushed: 0 (re)creations, 0 updates, 0 removals to 0 collections
02:07:20.917 [main] DEBUG o.h.internal.util.EntityPrinter - Listing entities:
02:07:20.917 [main] DEBUG o.h.internal.util.EntityPrinter - edu.ncsu.csc.itrust2.models.persistent.User{password=$2a$10$vHAY7jT55FJH7slzlGgSOuW1.L5omEX4vLhqQJ6iWdkHmcEVZoAPu, role=ROLE_PATIENT, enabled=1, username=antti}
02:07:20.918 [main] DEBUG o.h.e.t.internal.TransactionImpl - begin
02:07:20.919 [main] DEBUG org.hibernate.SQL - select this_.username as username1_15_0_, this_.enabled as enabled2_15_0_, this_.password as password3_15_0_, this_.role as role4_15_0_ from Users this_ where this_.username=? and this_.role=?
Hibernate: select this_.username as username1_15_0_, this_.enabled as enabled2_15_0_, this_.password as password3_15_0_, this_.role as role4_15_0_ from Users this_ where this_.username=? and this_.role=?
02:07:20.920 [main] DEBUG o.h.e.t.internal.TransactionImpl - committing
02:07:20.921 [main] DEBUG o.h.e.t.internal.TransactionImpl - begin
02:07:20.921 [main] DEBUG org.hibernate.SQL - select this_.username as username1_15_0_, this_.enabled as enabled2_15_0_, this_.password as password3_15_0_, this_.role as role4_15_0_ from Users this_ where this_.username=? and this_.role=?
Hibernate: select this_.username as username1_15_0_, this_.enabled as enabled2_15_0_, this_.password as password3_15_0_, this_.role as role4_15_0_ from Users this_ where this_.username=? and this_.role=?
02:07:20.922 [main] DEBUG o.h.e.t.internal.TransactionImpl - committing
02:07:20.928 [main] DEBUG o.h.e.t.internal.TransactionImpl - begin
02:07:20.929 [main] DEBUG org.hibernate.SQL - select this_.username as username1_15_0_, this_.enabled as enabled2_15_0_, this_.password as password3_15_0_, this_.role as role4_15_0_ from Users this_ where this_.username=? and this_.role=?
Hibernate: select this_.username as username1_15_0_, this_.enabled as enabled2_15_0_, this_.password as password3_15_0_, this_.role as role4_15_0_ from Users this_ where this_.username=? and this_.role=?
02:07:20.930 [main] DEBUG org.hibernate.loader.Loader - Result set row: 0
02:07:20.930 [main] DEBUG org.hibernate.loader.Loader - Result row: EntityKey[edu.ncsu.csc.itrust2.models.persistent.User#antti]
02:07:20.930 [main] DEBUG o.h.engine.internal.TwoPhaseLoad - Resolving associations for [edu.ncsu.csc.itrust2.models.persistent.User#antti]
02:07:20.930 [main] DEBUG o.h.engine.internal.TwoPhaseLoad - Done materializing entity [edu.ncsu.csc.itrust2.models.persistent.User#antti]
02:07:20.931 [main] DEBUG o.h.e.t.internal.TransactionImpl - committing
02:07:20.932 [main] DEBUG o.h.e.i.AbstractFlushingEventListener - Processing flush-time cascades
02:07:20.932 [main] DEBUG o.h.e.i.AbstractFlushingEventListener - Dirty checking collections
02:07:20.932 [main] DEBUG o.h.e.i.AbstractFlushingEventListener - Flushed: 0 insertions, 0 updates, 0 deletions to 1 objects
02:07:20.938 [main] DEBUG o.h.e.i.AbstractFlushingEventListener - Flushed: 0 (re)creations, 0 updates, 0 removals to 0 collections
02:07:20.938 [main] DEBUG o.h.internal.util.EntityPrinter - Listing entities:
02:07:20.938 [main] DEBUG o.h.internal.util.EntityPrinter - edu.ncsu.csc.itrust2.models.persistent.User{password=$2a$10$vHAY7jT55FJH7slzlGgSOuW1.L5omEX4vLhqQJ6iWdkHmcEVZoAPu, role=ROLE_PATIENT, enabled=1, username=antti}
02:07:20.940 [main] DEBUG o.h.e.t.internal.TransactionImpl - begin
02:07:20.943 [main] DEBUG org.hibernate.SQL - select this_.self_id as self_id18_12_2_, this_.address1 as address1_12_2_, this_.address2 as address2_12_2_, this_.bloodType as bloodTyp3_12_2_, this_.causeOfDeath as causeOfD4_12_2_, this_.city as city5_12_2_, this_.dateOfBirth as dateOfBi6_12_2_, this_.dateOfDeath as dateOfDe7_12_2_, this_.email as email8_12_2_, this_.ethnicity as ethnicit9_12_2_, this_.father_id as father_19_12_2_, this_.firstName as firstNa10_12_2_, this_.gender as gender11_12_2_, this_.id as id12_12_2_, this_.lastName as lastNam13_12_2_, this_.mother_id as mother_20_12_2_, this_.phone as phone14_12_2_, this_.preferredName as preferr15_12_2_, this_.state as state16_12_2_, this_.zip as zip17_12_2_, user2_.username as username1_15_0_, user2_.enabled as enabled2_15_0_, user2_.password as password3_15_0_, user2_.role as role4_15_0_, user3_.username as username1_15_1_, user3_.enabled as enabled2_15_1_, user3_.password as password3_15_1_, user3_.role as role4_15_1_ from Patients this_ left outer join Users user2_ on this_.father_id=user2_.username left outer join Users user3_ on this_.mother_id=user3_.username where this_.self_id=?
Hibernate: select this_.self_id as self_id18_12_2_, this_.address1 as address1_12_2_, this_.address2 as address2_12_2_, this_.bloodType as bloodTyp3_12_2_, this_.causeOfDeath as causeOfD4_12_2_, this_.city as city5_12_2_, this_.dateOfBirth as dateOfBi6_12_2_, this_.dateOfDeath as dateOfDe7_12_2_, this_.email as email8_12_2_, this_.ethnicity as ethnicit9_12_2_, this_.father_id as father_19_12_2_, this_.firstName as firstNa10_12_2_, this_.gender as gender11_12_2_, this_.id as id12_12_2_, this_.lastName as lastNam13_12_2_, this_.mother_id as mother_20_12_2_, this_.phone as phone14_12_2_, this_.preferredName as preferr15_12_2_, this_.state as state16_12_2_, this_.zip as zip17_12_2_, user2_.username as username1_15_0_, user2_.enabled as enabled2_15_0_, user2_.password as password3_15_0_, user2_.role as role4_15_0_, user3_.username as username1_15_1_, user3_.enabled as enabled2_15_1_, user3_.password as password3_15_1_, user3_.role as role4_15_1_ from Patients this_ left outer join Users user2_ on this_.father_id=user2_.username left outer join Users user3_ on this_.mother_id=user3_.username where this_.self_id=?
02:07:20.945 [main] DEBUG o.h.e.t.internal.TransactionImpl - committing
02:07:20.949 [main] DEBUG o.s.w.s.m.m.a.HttpEntityMethodProcessor - Written [{"status":"failed","message":"Patient with the id antti already exists"}] as "text/plain" using [org.springframework.http.converter.StringHttpMessageConverter@2939c044]
02:07:20.949 [main] DEBUG o.s.t.w.s.TestDispatcherServlet - Null ModelAndView returned to DispatcherServlet with name '': assuming HandlerAdapter completed request handling
02:07:20.949 [main] DEBUG o.s.t.w.s.TestDispatcherServlet - Successfully completed request
02:07:20.951 [main] DEBUG o.s.t.w.s.TestDispatcherServlet - DispatcherServlet with name '' processing GET request for [/api/v1/patients]
02:07:20.952 [main] DEBUG o.s.w.s.m.m.a.RequestMappingHandlerMapping - Looking up handler method for path /api/v1/patients
02:07:20.952 [main] DEBUG o.s.w.s.m.m.a.RequestMappingHandlerMapping - Returning handler method [public java.util.List<edu.ncsu.csc.itrust2.models.persistent.Patient> edu.ncsu.csc.itrust2.controllers.api.APIPatientController.getPatients()]
02:07:20.962 [main] DEBUG o.s.b.f.s.DefaultListableBeanFactory - Returning cached instance of singleton bean 'APIPatientController'
02:07:20.962 [main] DEBUG o.s.t.w.s.TestDispatcherServlet - Last-Modified value for [/api/v1/patients] is: -1
02:07:20.963 [main] DEBUG o.h.e.t.internal.TransactionImpl - begin
02:07:20.965 [main] DEBUG org.hibernate.SQL - select this_.self_id as self_id18_12_2_, this_.address1 as address1_12_2_, this_.address2 as address2_12_2_, this_.bloodType as bloodTyp3_12_2_, this_.causeOfDeath as causeOfD4_12_2_, this_.city as city5_12_2_, this_.dateOfBirth as dateOfBi6_12_2_, this_.dateOfDeath as dateOfDe7_12_2_, this_.email as email8_12_2_, this_.ethnicity as ethnicit9_12_2_, this_.father_id as father_19_12_2_, this_.firstName as firstNa10_12_2_, this_.gender as gender11_12_2_, this_.id as id12_12_2_, this_.lastName as lastNam13_12_2_, this_.mother_id as mother_20_12_2_, this_.phone as phone14_12_2_, this_.preferredName as preferr15_12_2_, this_.state as state16_12_2_, this_.zip as zip17_12_2_, user2_.username as username1_15_0_, user2_.enabled as enabled2_15_0_, user2_.password as password3_15_0_, user2_.role as role4_15_0_, user3_.username as username1_15_1_, user3_.enabled as enabled2_15_1_, user3_.password as password3_15_1_, user3_.role as role4_15_1_ from Patients this_ left outer join Users user2_ on this_.father_id=user2_.username left outer join Users user3_ on this_.mother_id=user3_.username
Hibernate: select this_.self_id as self_id18_12_2_, this_.address1 as address1_12_2_, this_.address2 as address2_12_2_, this_.bloodType as bloodTyp3_12_2_, this_.causeOfDeath as causeOfD4_12_2_, this_.city as city5_12_2_, this_.dateOfBirth as dateOfBi6_12_2_, this_.dateOfDeath as dateOfDe7_12_2_, this_.email as email8_12_2_, this_.ethnicity as ethnicit9_12_2_, this_.father_id as father_19_12_2_, this_.firstName as firstNa10_12_2_, this_.gender as gender11_12_2_, this_.id as id12_12_2_, this_.lastName as lastNam13_12_2_, this_.mother_id as mother_20_12_2_, this_.phone as phone14_12_2_, this_.preferredName as preferr15_12_2_, this_.state as state16_12_2_, this_.zip as zip17_12_2_, user2_.username as username1_15_0_, user2_.enabled as enabled2_15_0_, user2_.password as password3_15_0_, user2_.role as role4_15_0_, user3_.username as username1_15_1_, user3_.enabled as enabled2_15_1_, user3_.password as password3_15_1_, user3_.role as role4_15_1_ from Patients this_ left outer join Users user2_ on this_.father_id=user2_.username left outer join Users user3_ on this_.mother_id=user3_.username
02:07:20.967 [main] DEBUG o.h.e.t.internal.TransactionImpl - committing
02:07:20.970 [main] DEBUG o.s.w.s.m.m.a.RequestResponseBodyMethodProcessor - Written [[]] as "application/json" using [org.springframework.http.converter.json.GsonHttpMessageConverter@53ae31b8]
02:07:20.970 [main] DEBUG o.s.t.w.s.TestDispatcherServlet - Null ModelAndView returned to DispatcherServlet with name '': assuming HandlerAdapter completed request handling
02:07:20.971 [main] DEBUG o.s.t.w.s.TestDispatcherServlet - Successfully completed request
02:07:20.972 [main] DEBUG o.s.t.w.s.TestDispatcherServlet - DispatcherServlet with name '' processing GET request for [/api/v1/patients/antti]
02:07:20.972 [main] DEBUG o.s.w.s.m.m.a.RequestMappingHandlerMapping - Looking up handler method for path /api/v1/patients/antti
02:07:20.973 [main] DEBUG o.s.w.s.m.m.a.RequestMappingHandlerMapping - Returning handler method [public org.springframework.http.ResponseEntity edu.ncsu.csc.itrust2.controllers.api.APIPatientController.getPatient(java.lang.String)]
02:07:20.973 [main] DEBUG o.s.b.f.s.DefaultListableBeanFactory - Returning cached instance of singleton bean 'APIPatientController'
02:07:20.973 [main] DEBUG o.s.t.w.s.TestDispatcherServlet - Last-Modified value for [/api/v1/patients/antti] is: -1
02:07:20.975 [main] DEBUG o.h.e.t.internal.TransactionImpl - begin
02:07:20.976 [main] DEBUG org.hibernate.SQL - select this_.username as username1_15_0_, this_.enabled as enabled2_15_0_, this_.password as password3_15_0_, this_.role as role4_15_0_ from Users this_ where this_.username=? and this_.role=?
Hibernate: select this_.username as username1_15_0_, this_.enabled as enabled2_15_0_, this_.password as password3_15_0_, this_.role as role4_15_0_ from Users this_ where this_.username=? and this_.role=?
02:07:20.977 [main] DEBUG org.hibernate.loader.Loader - Result set row: 0
02:07:20.977 [main] DEBUG org.hibernate.loader.Loader - Result row: EntityKey[edu.ncsu.csc.itrust2.models.persistent.User#antti]
02:07:20.977 [main] DEBUG o.h.engine.internal.TwoPhaseLoad - Resolving associations for [edu.ncsu.csc.itrust2.models.persistent.User#antti]
02:07:20.977 [main] DEBUG o.h.engine.internal.TwoPhaseLoad - Done materializing entity [edu.ncsu.csc.itrust2.models.persistent.User#antti]
02:07:20.978 [main] DEBUG o.h.e.t.internal.TransactionImpl - committing
02:07:20.978 [main] DEBUG o.h.e.i.AbstractFlushingEventListener - Processing flush-time cascades
02:07:20.978 [main] DEBUG o.h.e.i.AbstractFlushingEventListener - Dirty checking collections
02:07:20.978 [main] DEBUG o.h.e.i.AbstractFlushingEventListener - Flushed: 0 insertions, 0 updates, 0 deletions to 1 objects
02:07:20.978 [main] DEBUG o.h.e.i.AbstractFlushingEventListener - Flushed: 0 (re)creations, 0 updates, 0 removals to 0 collections
02:07:20.978 [main] DEBUG o.h.internal.util.EntityPrinter - Listing entities:
02:07:20.979 [main] DEBUG o.h.internal.util.EntityPrinter - edu.ncsu.csc.itrust2.models.persistent.User{password=$2a$10$vHAY7jT55FJH7slzlGgSOuW1.L5omEX4vLhqQJ6iWdkHmcEVZoAPu, role=ROLE_PATIENT, enabled=1, username=antti}
02:07:20.984 [main] DEBUG o.h.e.t.internal.TransactionImpl - begin
02:07:20.986 [main] DEBUG org.hibernate.SQL - select this_.self_id as self_id18_12_2_, this_.address1 as address1_12_2_, this_.address2 as address2_12_2_, this_.bloodType as bloodTyp3_12_2_, this_.causeOfDeath as causeOfD4_12_2_, this_.city as city5_12_2_, this_.dateOfBirth as dateOfBi6_12_2_, this_.dateOfDeath as dateOfDe7_12_2_, this_.email as email8_12_2_, this_.ethnicity as ethnicit9_12_2_, this_.father_id as father_19_12_2_, this_.firstName as firstNa10_12_2_, this_.gender as gender11_12_2_, this_.id as id12_12_2_, this_.lastName as lastNam13_12_2_, this_.mother_id as mother_20_12_2_, this_.phone as phone14_12_2_, this_.preferredName as preferr15_12_2_, this_.state as state16_12_2_, this_.zip as zip17_12_2_, user2_.username as username1_15_0_, user2_.enabled as enabled2_15_0_, user2_.password as password3_15_0_, user2_.role as role4_15_0_, user3_.username as username1_15_1_, user3_.enabled as enabled2_15_1_, user3_.password as password3_15_1_, user3_.role as role4_15_1_ from Patients this_ left outer join Users user2_ on this_.father_id=user2_.username left outer join Users user3_ on this_.mother_id=user3_.username where this_.self_id=?
Hibernate: select this_.self_id as self_id18_12_2_, this_.address1 as address1_12_2_, this_.address2 as address2_12_2_, this_.bloodType as bloodTyp3_12_2_, this_.causeOfDeath as causeOfD4_12_2_, this_.city as city5_12_2_, this_.dateOfBirth as dateOfBi6_12_2_, this_.dateOfDeath as dateOfDe7_12_2_, this_.email as email8_12_2_, this_.ethnicity as ethnicit9_12_2_, this_.father_id as father_19_12_2_, this_.firstName as firstNa10_12_2_, this_.gender as gender11_12_2_, this_.id as id12_12_2_, this_.lastName as lastNam13_12_2_, this_.mother_id as mother_20_12_2_, this_.phone as phone14_12_2_, this_.preferredName as preferr15_12_2_, this_.state as state16_12_2_, this_.zip as zip17_12_2_, user2_.username as username1_15_0_, user2_.enabled as enabled2_15_0_, user2_.password as password3_15_0_, user2_.role as role4_15_0_, user3_.username as username1_15_1_, user3_.enabled as enabled2_15_1_, user3_.password as password3_15_1_, user3_.role as role4_15_1_ from Patients this_ left outer join Users user2_ on this_.father_id=user2_.username left outer join Users user3_ on this_.mother_id=user3_.username where this_.self_id=?
02:07:20.997 [main] DEBUG o.h.e.t.internal.TransactionImpl - committing
02:07:20.998 [main] DEBUG o.h.e.t.internal.TransactionImpl - begin
02:07:20.999 [main] DEBUG org.hibernate.SQL - select next_val as id_val from hibernate_sequence for update
Hibernate: select next_val as id_val from hibernate_sequence for update
02:07:21.000 [main] DEBUG org.hibernate.SQL - update hibernate_sequence set next_val= ? where next_val=?
Hibernate: update hibernate_sequence set next_val= ? where next_val=?
02:07:21.003 [main] DEBUG o.h.e.i.AbstractSaveEventListener - Generated identifier: 66, using strategy: org.hibernate.id.enhanced.SequenceStyleGenerator
02:07:21.003 [main] DEBUG o.h.e.t.internal.TransactionImpl - committing
02:07:21.003 [main] DEBUG o.h.e.i.AbstractFlushingEventListener - Processing flush-time cascades
02:07:21.003 [main] DEBUG o.h.e.i.AbstractFlushingEventListener - Dirty checking collections
02:07:21.003 [main] DEBUG o.h.e.i.AbstractFlushingEventListener - Flushed: 1 insertions, 0 updates, 0 deletions to 1 objects
02:07:21.003 [main] DEBUG o.h.e.i.AbstractFlushingEventListener - Flushed: 0 (re)creations, 0 updates, 0 removals to 0 collections
02:07:21.003 [main] DEBUG o.h.internal.util.EntityPrinter - Listing entities:
02:07:21.003 [main] DEBUG o.h.internal.util.EntityPrinter - edu.ncsu.csc.itrust2.models.persistent.LogEntry{secondaryUser=antti, logCode=53, primaryUser=hcp, id=66, time=java.util.GregorianCalendar[time=1521698840997,areFieldsSet=true,areAllFieldsSet=true,lenient=true,zone=sun.util.calendar.ZoneInfo[id="America/New_York",offset=-18000000,dstSavings=3600000,useDaylight=true,transitions=235,lastRule=java.util.SimpleTimeZone[id=America/New_York,offset=-18000000,dstSavings=3600000,useDaylight=true,startYear=0,startMode=3,startMonth=2,startDay=8,startDayOfWeek=1,startTime=7200000,startTimeMode=0,endMode=3,endMonth=10,endDay=1,endDayOfWeek=1,endTime=7200000,endTimeMode=0]],firstDayOfWeek=1,minimalDaysInFirstWeek=1,ERA=1,YEAR=2018,MONTH=2,WEEK_OF_YEAR=12,WEEK_OF_MONTH=4,DAY_OF_MONTH=22,DAY_OF_YEAR=81,DAY_OF_WEEK=5,DAY_OF_WEEK_IN_MONTH=4,AM_PM=0,HOUR=2,HOUR_OF_DAY=2,MINUTE=7,SECOND=20,MILLISECOND=997,ZONE_OFFSET=-18000000,DST_OFFSET=3600000], message=HCP retrieved demographics for patient with username antti}
02:07:21.004 [main] DEBUG org.hibernate.SQL - insert into LogEntries (logCode, message, primaryUser, secondaryUser, time, id) values (?, ?, ?, ?, ?, ?)
Hibernate: insert into LogEntries (logCode, message, primaryUser, secondaryUser, time, id) values (?, ?, ?, ?, ?, ?)
02:07:21.008 [main] DEBUG o.h.e.j.internal.JdbcCoordinatorImpl - HHH000420: Closing un-released batch
02:07:21.008 [main] DEBUG o.s.t.w.s.TestDispatcherServlet - Null ModelAndView returned to DispatcherServlet with name '': assuming HandlerAdapter completed request handling
02:07:21.008 [main] DEBUG o.s.t.w.s.TestDispatcherServlet - Successfully completed request
02:07:21.009 [main] DEBUG o.s.t.c.s.AbstractDirtiesContextTestExecutionListener - After test method: context [DefaultTestContext@4975a9dd testClass = APIPatientTest, testInstance = edu.ncsu.csc.itrust2.apitest.APIPatientTest@6a3ba3dd, testMethod = testPatientAPI@APIPatientTest, testException = java.lang.AssertionError: Content type not set, mergedContextConfiguration = [WebMergedContextConfiguration@4e5b612 testClass = APIPatientTest, locations = '{}', classes = '{class edu.ncsu.csc.itrust2.config.RootConfiguration, class edu.ncsu.csc.itrust2.mvc.config.WebMvcConfiguration}', contextInitializerClasses = '[]', activeProfiles = '{}', propertySourceLocations = '{}', propertySourceProperties = '{}', contextCustomizers = set[[empty]], resourceBasePath = 'src/main/webapp', contextLoader = 'org.springframework.test.context.web.WebDelegatingSmartContextLoader', parent = [null]]], class annotated with @DirtiesContext [false] with mode [null], method annotated with @DirtiesContext [false] with mode [null].
02:07:21.009 [main] DEBUG o.s.t.c.w.ServletTestExecutionListener - Resetting RequestContextHolder for test context [DefaultTestContext@4975a9dd testClass = APIPatientTest, testInstance = edu.ncsu.csc.itrust2.apitest.APIPatientTest@6a3ba3dd, testMethod = testPatientAPI@APIPatientTest, testException = java.lang.AssertionError: Content type not set, mergedContextConfiguration = [WebMergedContextConfiguration@4e5b612 testClass = APIPatientTest, locations = '{}', classes = '{class edu.ncsu.csc.itrust2.config.RootConfiguration, class edu.ncsu.csc.itrust2.mvc.config.WebMvcConfiguration}', contextInitializerClasses = '[]', activeProfiles = '{}', propertySourceLocations = '{}', propertySourceProperties = '{}', contextCustomizers = set[[empty]], resourceBasePath = 'src/main/webapp', contextLoader = 'org.springframework.test.context.web.WebDelegatingSmartContextLoader', parent = [null]]].
]]></system-out>
  </testcase>
  <testcase name="testPatientAsPatient" classname="edu.ncsu.csc.itrust2.apitest.APIPatientTest" time="0.149"/>
  <testcase name="testPatientUnauthenticated" classname="edu.ncsu.csc.itrust2.apitest.APIPatientTest" time="0.038"/>
</testsuite>