<?xml version="1.0" encoding="UTF-8"?>
<testsuite xmlns:xsi="http://www.w3.org/2001/XMLSchema-instance" xsi:noNamespaceSchemaLocation="https://maven.apache.org/surefire/maven-surefire-plugin/xsd/surefire-test-report.xsd" name="edu.ncsu.csc.itrust2.apitest.APIUserTest" time="0.005" tests="2" errors="0" skipped="0" failures="2">
  <properties>
    <property name="java.runtime.name" value="Java(TM) SE Runtime Environment"/>
    <property name="sun.boot.library.path" value="/usr/lib/jvm/java-8-oracle/jre/lib/amd64"/>
    <property name="java.vm.version" value="25.161-b12"/>
    <property name="java.vm.vendor" value="Oracle Corporation"/>
    <property name="java.vendor.url" value="http://java.oracle.com/"/>
    <property name="path.separator" value=":"/>
    <property name="guice.disable.misplaced.annotation.check" value="true"/>
    <property name="java.vm.name" value="Java HotSpot(TM) 64-Bit Server VM"/>
    <property name="file.encoding.pkg" value="sun.io"/>
    <property name="user.country" value="US"/>
    <property name="sun.java.launcher" value="SUN_STANDARD"/>
    <property name="sun.os.patch.level" value="unknown"/>
    <property name="java.vm.specification.name" value="Java Virtual Machine Specification"/>
    <property name="user.dir" value="/var/lib/jenkins/workspace/iTrustBuildJob/iTrust2"/>
    <property name="java.runtime.version" value="1.8.0_161-b12"/>
    <property name="java.awt.graphicsenv" value="sun.awt.X11GraphicsEnvironment"/>
    <property name="java.endorsed.dirs" value="/usr/lib/jvm/java-8-oracle/jre/lib/endorsed"/>
    <property name="os.arch" value="amd64"/>
    <property name="java.io.tmpdir" value="/tmp"/>
    <property name="line.separator" value="&#10;"/>
    <property name="java.vm.specification.vendor" value="Oracle Corporation"/>
    <property name="os.name" value="Linux"/>
    <property name="classworlds.conf" value="/usr/share/maven/bin/m2.conf"/>
    <property name="sun.jnu.encoding" value="UTF-8"/>
    <property name="java.library.path" value="/usr/java/packages/lib/amd64:/usr/lib64:/lib64:/lib:/usr/lib"/>
    <property name="java.specification.name" value="Java Platform API Specification"/>
    <property name="java.class.version" value="52.0"/>
    <property name="sun.management.compiler" value="HotSpot 64-Bit Tiered Compilers"/>
    <property name="os.version" value="3.13.0-139-generic"/>
    <property name="user.home" value="/root"/>
    <property name="user.timezone" value="America/New_York"/>
    <property name="java.awt.printerjob" value="sun.print.PSPrinterJob"/>
    <property name="file.encoding" value="UTF-8"/>
    <property name="java.specification.version" value="1.8"/>
    <property name="user.name" value="root"/>
    <property name="java.class.path" value="/usr/share/maven/boot/plexus-classworlds-2.x.jar"/>
    <property name="java.vm.specification.version" value="1.8"/>
    <property name="sun.arch.data.model" value="64"/>
    <property name="java.home" value="/usr/lib/jvm/java-8-oracle/jre"/>
    <property name="sun.java.command" value="org.codehaus.plexus.classworlds.launcher.Launcher clean test verify checkstyle:checkstyle"/>
    <property name="java.specification.vendor" value="Oracle Corporation"/>
    <property name="user.language" value="en"/>
    <property name="awt.toolkit" value="sun.awt.X11.XToolkit"/>
    <property name="java.vm.info" value="mixed mode"/>
    <property name="java.version" value="1.8.0_161"/>
    <property name="java.ext.dirs" value="/usr/lib/jvm/java-8-oracle/jre/lib/ext:/usr/java/packages/lib/ext"/>
    <property name="securerandom.source" value="file:/dev/./urandom"/>
    <property name="sun.boot.class.path" value="/usr/lib/jvm/java-8-oracle/jre/lib/resources.jar:/usr/lib/jvm/java-8-oracle/jre/lib/rt.jar:/usr/lib/jvm/java-8-oracle/jre/lib/sunrsasign.jar:/usr/lib/jvm/java-8-oracle/jre/lib/jsse.jar:/usr/lib/jvm/java-8-oracle/jre/lib/jce.jar:/usr/lib/jvm/java-8-oracle/jre/lib/charsets.jar:/usr/lib/jvm/java-8-oracle/jre/lib/jfr.jar:/usr/lib/jvm/java-8-oracle/jre/classes"/>
    <property name="java.vendor" value="Oracle Corporation"/>
    <property name="maven.home" value="/usr/share/maven"/>
    <property name="file.separator" value="/"/>
    <property name="java.vendor.url.bug" value="http://bugreport.sun.com/bugreport/"/>
    <property name="sun.cpu.endian" value="little"/>
    <property name="sun.io.unicode.encoding" value="UnicodeLittle"/>
    <property name="sun.cpu.isalist" value=""/>
  </properties>
  <testcase name="testUserAPI" classname="edu.ncsu.csc.itrust2.apitest.APIUserTest" time="0.002">
    <failure message="Status expected:&lt;200&gt; but was:&lt;409&gt;" type="java.lang.AssertionError"><![CDATA[java.lang.AssertionError: Status expected:<200> but was:<409>
	at edu.ncsu.csc.itrust2.apitest.APIUserTest.testUserAPI(APIUserTest.java:83)
]]></failure>
    <system-out><![CDATA[02:11:06.332 [main] DEBUG o.s.t.c.j.SpringJUnit4ClassRunner - SpringJUnit4ClassRunner constructor called with [class edu.ncsu.csc.itrust2.apitest.APIUserTest]
02:11:06.332 [main] DEBUG o.s.test.context.BootstrapUtils - Instantiating CacheAwareContextLoaderDelegate from class [org.springframework.test.context.cache.DefaultCacheAwareContextLoaderDelegate]
02:11:06.332 [main] DEBUG o.s.test.context.BootstrapUtils - Instantiating BootstrapContext using constructor [public org.springframework.test.context.support.DefaultBootstrapContext(java.lang.Class,org.springframework.test.context.CacheAwareContextLoaderDelegate)]
02:11:06.332 [main] DEBUG o.s.test.context.BootstrapUtils - Instantiating TestContextBootstrapper for test class [edu.ncsu.csc.itrust2.apitest.APIUserTest] from class [org.springframework.test.context.web.WebTestContextBootstrapper]
02:11:06.332 [main] DEBUG o.s.t.c.s.AbstractDelegatingSmartContextLoader - Delegating to AnnotationConfigWebContextLoader to process context configuration [ContextConfigurationAttributes@3492e8ab declaringClass = 'edu.ncsu.csc.itrust2.apitest.APIUserTest', classes = '{class edu.ncsu.csc.itrust2.config.RootConfiguration, class edu.ncsu.csc.itrust2.mvc.config.WebMvcConfiguration}', locations = '{}', inheritLocations = true, initializers = '{}', inheritInitializers = true, name = [null], contextLoaderClass = 'org.springframework.test.context.ContextLoader'].
02:11:06.334 [main] DEBUG o.s.t.c.support.ActiveProfilesUtils - Could not find an 'annotation declaring class' for annotation type [org.springframework.test.context.ActiveProfiles] and class [edu.ncsu.csc.itrust2.apitest.APIUserTest]
02:11:06.334 [main] DEBUG o.s.t.c.w.WebTestContextBootstrapper - @TestExecutionListeners is not present for class [edu.ncsu.csc.itrust2.apitest.APIUserTest]: using defaults.
02:11:06.335 [main] INFO  o.s.t.c.w.WebTestContextBootstrapper - Loaded default TestExecutionListener class names from location [META-INF/spring.factories]: [org.springframework.security.test.context.support.WithSecurityContextTestExecutionListener, org.springframework.test.context.web.ServletTestExecutionListener, org.springframework.test.context.support.DirtiesContextBeforeModesTestExecutionListener, org.springframework.test.context.support.DependencyInjectionTestExecutionListener, org.springframework.test.context.support.DirtiesContextTestExecutionListener, org.springframework.test.context.transaction.TransactionalTestExecutionListener, org.springframework.test.context.jdbc.SqlScriptsTestExecutionListener]
02:11:06.335 [main] INFO  o.s.t.c.w.WebTestContextBootstrapper - Using TestExecutionListeners: [org.springframework.test.context.web.ServletTestExecutionListener@2c90b3fd, org.springframework.test.context.support.DirtiesContextBeforeModesTestExecutionListener@62c1407b, org.springframework.test.context.support.DependencyInjectionTestExecutionListener@1e4acc53, org.springframework.test.context.support.DirtiesContextTestExecutionListener@5f3c06c2, org.springframework.test.context.transaction.TransactionalTestExecutionListener@761a5983, org.springframework.test.context.jdbc.SqlScriptsTestExecutionListener@1eb00da3, org.springframework.security.test.context.support.WithSecurityContextTestExecutionListener@56507272]
02:11:06.335 [main] DEBUG o.s.t.annotation.ProfileValueUtils - Retrieved @ProfileValueSourceConfiguration [null] for test class [edu.ncsu.csc.itrust2.apitest.APIUserTest]
02:11:06.335 [main] DEBUG o.s.t.annotation.ProfileValueUtils - Retrieved ProfileValueSource type [class org.springframework.test.annotation.SystemProfileValueSource] for class [edu.ncsu.csc.itrust2.apitest.APIUserTest]
02:11:06.335 [main] DEBUG o.s.t.annotation.ProfileValueUtils - Retrieved @ProfileValueSourceConfiguration [null] for test class [edu.ncsu.csc.itrust2.apitest.APIUserTest]
02:11:06.335 [main] DEBUG o.s.t.annotation.ProfileValueUtils - Retrieved ProfileValueSource type [class org.springframework.test.annotation.SystemProfileValueSource] for class [edu.ncsu.csc.itrust2.apitest.APIUserTest]
02:11:06.335 [main] DEBUG o.s.t.annotation.ProfileValueUtils - Retrieved @ProfileValueSourceConfiguration [null] for test class [edu.ncsu.csc.itrust2.apitest.APIUserTest]
02:11:06.335 [main] DEBUG o.s.t.annotation.ProfileValueUtils - Retrieved ProfileValueSource type [class org.springframework.test.annotation.SystemProfileValueSource] for class [edu.ncsu.csc.itrust2.apitest.APIUserTest]
02:11:06.335 [main] DEBUG o.s.t.c.s.AbstractDirtiesContextTestExecutionListener - Before test class: context [DefaultTestContext@69e5746c testClass = APIUserTest, testInstance = [null], testMethod = [null], testException = [null], mergedContextConfiguration = [WebMergedContextConfiguration@4d97ee92 testClass = APIUserTest, locations = '{}', classes = '{class edu.ncsu.csc.itrust2.config.RootConfiguration, class edu.ncsu.csc.itrust2.mvc.config.WebMvcConfiguration}', contextInitializerClasses = '[]', activeProfiles = '{}', propertySourceLocations = '{}', propertySourceProperties = '{}', contextCustomizers = set[[empty]], resourceBasePath = 'src/main/webapp', contextLoader = 'org.springframework.test.context.web.WebDelegatingSmartContextLoader', parent = [null]]], class annotated with @DirtiesContext [false] with mode [null].
02:11:06.335 [main] DEBUG o.s.t.annotation.ProfileValueUtils - Retrieved @ProfileValueSourceConfiguration [null] for test class [edu.ncsu.csc.itrust2.apitest.APIUserTest]
02:11:06.336 [main] DEBUG o.s.t.annotation.ProfileValueUtils - Retrieved ProfileValueSource type [class org.springframework.test.annotation.SystemProfileValueSource] for class [edu.ncsu.csc.itrust2.apitest.APIUserTest]
02:11:06.336 [main] DEBUG o.s.t.c.c.DefaultCacheAwareContextLoaderDelegate - Retrieved ApplicationContext from cache with key [[WebMergedContextConfiguration@4d97ee92 testClass = APIUserTest, locations = '{}', classes = '{class edu.ncsu.csc.itrust2.config.RootConfiguration, class edu.ncsu.csc.itrust2.mvc.config.WebMvcConfiguration}', contextInitializerClasses = '[]', activeProfiles = '{}', propertySourceLocations = '{}', propertySourceProperties = '{}', contextCustomizers = set[[empty]], resourceBasePath = 'src/main/webapp', contextLoader = 'org.springframework.test.context.web.WebDelegatingSmartContextLoader', parent = [null]]]
02:11:06.336 [main] DEBUG o.springframework.test.context.cache - Spring test ApplicationContext cache statistics: [DefaultContextCache@3bc22ada size = 1, maxSize = 32, parentContextCount = 0, hitCount = 40, missCount = 1]
02:11:06.336 [main] DEBUG o.s.t.c.w.ServletTestExecutionListener - Setting up MockHttpServletRequest, MockHttpServletResponse, ServletWebRequest, and RequestContextHolder for test context [DefaultTestContext@69e5746c testClass = APIUserTest, testInstance = edu.ncsu.csc.itrust2.apitest.APIUserTest@53d43f96, testMethod = [null], testException = [null], mergedContextConfiguration = [WebMergedContextConfiguration@4d97ee92 testClass = APIUserTest, locations = '{}', classes = '{class edu.ncsu.csc.itrust2.config.RootConfiguration, class edu.ncsu.csc.itrust2.mvc.config.WebMvcConfiguration}', contextInitializerClasses = '[]', activeProfiles = '{}', propertySourceLocations = '{}', propertySourceProperties = '{}', contextCustomizers = set[[empty]], resourceBasePath = 'src/main/webapp', contextLoader = 'org.springframework.test.context.web.WebDelegatingSmartContextLoader', parent = [null]]].
02:11:06.336 [main] DEBUG o.s.t.c.s.DependencyInjectionTestExecutionListener - Performing dependency injection for test context [[DefaultTestContext@69e5746c testClass = APIUserTest, testInstance = edu.ncsu.csc.itrust2.apitest.APIUserTest@53d43f96, testMethod = [null], testException = [null], mergedContextConfiguration = [WebMergedContextConfiguration@4d97ee92 testClass = APIUserTest, locations = '{}', classes = '{class edu.ncsu.csc.itrust2.config.RootConfiguration, class edu.ncsu.csc.itrust2.mvc.config.WebMvcConfiguration}', contextInitializerClasses = '[]', activeProfiles = '{}', propertySourceLocations = '{}', propertySourceProperties = '{}', contextCustomizers = set[[empty]], resourceBasePath = 'src/main/webapp', contextLoader = 'org.springframework.test.context.web.WebDelegatingSmartContextLoader', parent = [null]]]].
02:11:06.336 [main] DEBUG o.s.t.c.c.DefaultCacheAwareContextLoaderDelegate - Retrieved ApplicationContext from cache with key [[WebMergedContextConfiguration@4d97ee92 testClass = APIUserTest, locations = '{}', classes = '{class edu.ncsu.csc.itrust2.config.RootConfiguration, class edu.ncsu.csc.itrust2.mvc.config.WebMvcConfiguration}', contextInitializerClasses = '[]', activeProfiles = '{}', propertySourceLocations = '{}', propertySourceProperties = '{}', contextCustomizers = set[[empty]], resourceBasePath = 'src/main/webapp', contextLoader = 'org.springframework.test.context.web.WebDelegatingSmartContextLoader', parent = [null]]]
02:11:06.336 [main] DEBUG o.springframework.test.context.cache - Spring test ApplicationContext cache statistics: [DefaultContextCache@3bc22ada size = 1, maxSize = 32, parentContextCount = 0, hitCount = 41, missCount = 1]
02:11:06.338 [main] DEBUG o.s.b.f.annotation.InjectionMetadata - Processing injected element of bean 'edu.ncsu.csc.itrust2.apitest.APIUserTest': AutowiredFieldElement for private org.springframework.web.context.WebApplicationContext edu.ncsu.csc.itrust2.apitest.APIUserTest.context
02:11:06.338 [main] DEBUG o.s.b.f.a.AutowiredAnnotationBeanPostProcessor - Autowiring by type from bean name 'edu.ncsu.csc.itrust2.apitest.APIUserTest' to bean named 'org.springframework.web.context.support.GenericWebApplicationContext@37df14d1'
02:11:06.338 [main] DEBUG o.s.b.f.s.DefaultListableBeanFactory - Returning cached instance of singleton bean 'metaDataSourceAdvisor'
02:11:06.339 [main] DEBUG o.s.t.c.s.AbstractDirtiesContextTestExecutionListener - Before test method: context [DefaultTestContext@69e5746c testClass = APIUserTest, testInstance = edu.ncsu.csc.itrust2.apitest.APIUserTest@53d43f96, testMethod = testUserAPI@APIUserTest, testException = [null], mergedContextConfiguration = [WebMergedContextConfiguration@4d97ee92 testClass = APIUserTest, locations = '{}', classes = '{class edu.ncsu.csc.itrust2.config.RootConfiguration, class edu.ncsu.csc.itrust2.mvc.config.WebMvcConfiguration}', contextInitializerClasses = '[]', activeProfiles = '{}', propertySourceLocations = '{}', propertySourceProperties = '{}', contextCustomizers = set[[empty]], resourceBasePath = 'src/main/webapp', contextLoader = 'org.springframework.test.context.web.WebDelegatingSmartContextLoader', parent = [null]]], class annotated with @DirtiesContext [false] with mode [null], method annotated with @DirtiesContext [false] with mode [null].
02:11:06.339 [main] DEBUG o.s.t.w.s.TestDispatcherServlet - Initializing servlet ''
02:11:06.339 [main] DEBUG o.s.w.c.s.StandardServletEnvironment - Adding [servletConfigInitParams] PropertySource with lowest search precedence
02:11:06.339 [main] DEBUG o.s.w.c.s.StandardServletEnvironment - Adding [servletContextInitParams] PropertySource with lowest search precedence
02:11:06.339 [main] DEBUG o.s.w.c.s.StandardServletEnvironment - Adding [systemProperties] PropertySource with lowest search precedence
02:11:06.339 [main] DEBUG o.s.w.c.s.StandardServletEnvironment - Adding [systemEnvironment] PropertySource with lowest search precedence
02:11:06.339 [main] DEBUG o.s.w.c.s.StandardServletEnvironment - Initialized StandardServletEnvironment with PropertySources [servletConfigInitParams,servletContextInitParams,systemProperties,systemEnvironment]
02:11:06.339 [main] INFO  o.s.mock.web.MockServletContext - Initializing Spring FrameworkServlet ''
02:11:06.339 [main] INFO  o.s.t.w.s.TestDispatcherServlet - FrameworkServlet '': initialization started
02:11:06.339 [main] DEBUG o.s.t.w.s.TestDispatcherServlet - Unable to locate MultipartResolver with name 'multipartResolver': no multipart request handling provided
02:11:06.339 [main] DEBUG o.s.b.f.s.DefaultListableBeanFactory - Creating instance of bean 'org.springframework.web.servlet.i18n.AcceptHeaderLocaleResolver'
02:11:06.340 [main] DEBUG o.s.b.f.s.DefaultListableBeanFactory - Finished creating instance of bean 'org.springframework.web.servlet.i18n.AcceptHeaderLocaleResolver'
02:11:06.340 [main] DEBUG o.s.t.w.s.TestDispatcherServlet - Unable to locate LocaleResolver with name 'localeResolver': using default [org.springframework.web.servlet.i18n.AcceptHeaderLocaleResolver@444646cc]
02:11:06.340 [main] DEBUG o.s.b.f.s.DefaultListableBeanFactory - Creating instance of bean 'org.springframework.web.servlet.theme.FixedThemeResolver'
02:11:06.340 [main] DEBUG o.s.b.f.s.DefaultListableBeanFactory - Finished creating instance of bean 'org.springframework.web.servlet.theme.FixedThemeResolver'
02:11:06.340 [main] DEBUG o.s.t.w.s.TestDispatcherServlet - Unable to locate ThemeResolver with name 'themeResolver': using default [org.springframework.web.servlet.theme.FixedThemeResolver@36d7d3a8]
02:11:06.340 [main] DEBUG o.s.b.f.s.DefaultListableBeanFactory - Returning cached instance of singleton bean 'requestMappingHandlerMapping'
02:11:06.340 [main] DEBUG o.s.b.f.s.DefaultListableBeanFactory - Returning cached instance of singleton bean 'viewControllerHandlerMapping'
02:11:06.340 [main] DEBUG o.s.b.f.s.DefaultListableBeanFactory - Returning cached instance of singleton bean 'beanNameHandlerMapping'
02:11:06.340 [main] DEBUG o.s.b.f.s.DefaultListableBeanFactory - Returning cached instance of singleton bean 'resourceHandlerMapping'
02:11:06.340 [main] DEBUG o.s.b.f.s.DefaultListableBeanFactory - Returning cached instance of singleton bean 'defaultServletHandlerMapping'
02:11:06.341 [main] DEBUG o.s.b.f.s.DefaultListableBeanFactory - Returning cached instance of singleton bean 'requestMappingHandlerAdapter'
02:11:06.341 [main] DEBUG o.s.b.f.s.DefaultListableBeanFactory - Returning cached instance of singleton bean 'httpRequestHandlerAdapter'
02:11:06.341 [main] DEBUG o.s.b.f.s.DefaultListableBeanFactory - Returning cached instance of singleton bean 'simpleControllerHandlerAdapter'
02:11:06.341 [main] DEBUG o.s.b.f.s.DefaultListableBeanFactory - Returning cached instance of singleton bean 'handlerExceptionResolver'
02:11:06.341 [main] DEBUG o.s.b.f.s.DefaultListableBeanFactory - Creating instance of bean 'org.springframework.web.servlet.view.DefaultRequestToViewNameTranslator'
02:11:06.341 [main] DEBUG o.s.b.f.s.DefaultListableBeanFactory - Finished creating instance of bean 'org.springframework.web.servlet.view.DefaultRequestToViewNameTranslator'
02:11:06.341 [main] DEBUG o.s.t.w.s.TestDispatcherServlet - Unable to locate RequestToViewNameTranslator with name 'viewNameTranslator': using default [org.springframework.web.servlet.view.DefaultRequestToViewNameTranslator@440d726b]
02:11:06.342 [main] DEBUG o.s.b.f.s.DefaultListableBeanFactory - Returning cached instance of singleton bean 'mvcViewResolver'
02:11:06.342 [main] DEBUG o.s.b.f.s.DefaultListableBeanFactory - Returning cached instance of singleton bean 'viewResolver'
02:11:06.350 [main] DEBUG o.s.b.f.s.DefaultListableBeanFactory - Creating instance of bean 'org.springframework.web.servlet.support.SessionFlashMapManager'
02:11:06.350 [main] DEBUG o.s.b.f.s.DefaultListableBeanFactory - Finished creating instance of bean 'org.springframework.web.servlet.support.SessionFlashMapManager'
02:11:06.350 [main] DEBUG o.s.t.w.s.TestDispatcherServlet - Unable to locate FlashMapManager with name 'flashMapManager': using default [org.springframework.web.servlet.support.SessionFlashMapManager@52fa7f62]
02:11:06.350 [main] DEBUG o.s.t.w.s.TestDispatcherServlet - Published WebApplicationContext of servlet '' as ServletContext attribute with name [org.springframework.web.servlet.FrameworkServlet.CONTEXT.]
02:11:06.350 [main] INFO  o.s.t.w.s.TestDispatcherServlet - FrameworkServlet '': initialization completed in 11 ms
02:11:06.350 [main] DEBUG o.s.t.w.s.TestDispatcherServlet - Servlet '' configured successfully
02:11:06.351 [main] DEBUG o.h.e.t.internal.TransactionImpl - begin
02:11:06.359 [main] DEBUG org.hibernate.SQL - select this_.username as username1_15_0_, this_.enabled as enabled2_15_0_, this_.password as password3_15_0_, this_.role as role4_15_0_ from Users this_ where this_.username=?
Hibernate: select this_.username as username1_15_0_, this_.enabled as enabled2_15_0_, this_.password as password3_15_0_, this_.role as role4_15_0_ from Users this_ where this_.username=?
02:11:06.359 [main] DEBUG o.h.e.t.internal.TransactionImpl - committing
02:11:06.360 [main] DEBUG o.s.t.w.s.TestDispatcherServlet - DispatcherServlet with name '' processing POST request for [/api/v1/users]
02:11:06.360 [main] DEBUG o.s.w.s.m.m.a.RequestMappingHandlerMapping - Looking up handler method for path /api/v1/users
02:11:06.361 [main] DEBUG o.s.w.s.m.m.a.RequestMappingHandlerMapping - Returning handler method [public org.springframework.http.ResponseEntity edu.ncsu.csc.itrust2.controllers.api.APIUserController.createUser(edu.ncsu.csc.itrust2.forms.admin.UserForm)]
02:11:06.361 [main] DEBUG o.s.b.f.s.DefaultListableBeanFactory - Returning cached instance of singleton bean 'APIUserController'
02:11:06.361 [main] DEBUG o.s.w.s.m.m.a.RequestResponseBodyMethodProcessor - Read [class edu.ncsu.csc.itrust2.forms.admin.UserForm] as "application/json" with [org.springframework.http.converter.json.GsonHttpMessageConverter@a74be6d]
02:11:06.476 [main] DEBUG o.h.e.t.internal.TransactionImpl - begin
02:11:06.477 [main] DEBUG org.hibernate.SQL - select this_.username as username1_15_0_, this_.enabled as enabled2_15_0_, this_.password as password3_15_0_, this_.role as role4_15_0_ from Users this_ where this_.username=?
Hibernate: select this_.username as username1_15_0_, this_.enabled as enabled2_15_0_, this_.password as password3_15_0_, this_.role as role4_15_0_ from Users this_ where this_.username=?
02:11:06.478 [main] DEBUG o.h.e.t.internal.TransactionImpl - committing
02:11:06.479 [main] DEBUG o.s.w.s.m.m.a.HttpEntityMethodProcessor - Written [{"status":"failed","message":"User with the id sven_forkbeard already exists"}] as "text/plain" using [org.springframework.http.converter.StringHttpMessageConverter@2ef08324]
02:11:06.479 [main] DEBUG o.s.t.w.s.TestDispatcherServlet - Null ModelAndView returned to DispatcherServlet with name '': assuming HandlerAdapter completed request handling
02:11:06.479 [main] DEBUG o.s.t.w.s.TestDispatcherServlet - Successfully completed request
02:11:06.481 [main] DEBUG o.s.t.c.s.AbstractDirtiesContextTestExecutionListener - After test method: context [DefaultTestContext@69e5746c testClass = APIUserTest, testInstance = edu.ncsu.csc.itrust2.apitest.APIUserTest@53d43f96, testMethod = testUserAPI@APIUserTest, testException = java.lang.AssertionError: Status expected:<200> but was:<409>, mergedContextConfiguration = [WebMergedContextConfiguration@4d97ee92 testClass = APIUserTest, locations = '{}', classes = '{class edu.ncsu.csc.itrust2.config.RootConfiguration, class edu.ncsu.csc.itrust2.mvc.config.WebMvcConfiguration}', contextInitializerClasses = '[]', activeProfiles = '{}', propertySourceLocations = '{}', propertySourceProperties = '{}', contextCustomizers = set[[empty]], resourceBasePath = 'src/main/webapp', contextLoader = 'org.springframework.test.context.web.WebDelegatingSmartContextLoader', parent = [null]]], class annotated with @DirtiesContext [false] with mode [null], method annotated with @DirtiesContext [false] with mode [null].
02:11:06.481 [main] DEBUG o.s.t.c.w.ServletTestExecutionListener - Resetting RequestContextHolder for test context [DefaultTestContext@69e5746c testClass = APIUserTest, testInstance = edu.ncsu.csc.itrust2.apitest.APIUserTest@53d43f96, testMethod = testUserAPI@APIUserTest, testException = java.lang.AssertionError: Status expected:<200> but was:<409>, mergedContextConfiguration = [WebMergedContextConfiguration@4d97ee92 testClass = APIUserTest, locations = '{}', classes = '{class edu.ncsu.csc.itrust2.config.RootConfiguration, class edu.ncsu.csc.itrust2.mvc.config.WebMvcConfiguration}', contextInitializerClasses = '[]', activeProfiles = '{}', propertySourceLocations = '{}', propertySourceProperties = '{}', contextCustomizers = set[[empty]], resourceBasePath = 'src/main/webapp', contextLoader = 'org.springframework.test.context.web.WebDelegatingSmartContextLoader', parent = [null]]].
]]></system-out>
  </testcase>
  <testcase name="testGetNonExistentUser" classname="edu.ncsu.csc.itrust2.apitest.APIUserTest" time="0.002">
    <failure message="Status expected:&lt;404&gt; but was:&lt;200&gt;" type="java.lang.AssertionError"><![CDATA[java.lang.AssertionError: Status expected:<404> but was:<200>
	at edu.ncsu.csc.itrust2.apitest.APIUserTest.testGetNonExistentUser(APIUserTest.java:59)
]]></failure>
    <system-out><![CDATA[02:11:06.481 [main] DEBUG o.s.t.annotation.ProfileValueUtils - Retrieved @ProfileValueSourceConfiguration [null] for test class [edu.ncsu.csc.itrust2.apitest.APIUserTest]
02:11:06.481 [main] DEBUG o.s.t.annotation.ProfileValueUtils - Retrieved ProfileValueSource type [class org.springframework.test.annotation.SystemProfileValueSource] for class [edu.ncsu.csc.itrust2.apitest.APIUserTest]
02:11:06.482 [main] DEBUG o.s.t.c.c.DefaultCacheAwareContextLoaderDelegate - Retrieved ApplicationContext from cache with key [[WebMergedContextConfiguration@4d97ee92 testClass = APIUserTest, locations = '{}', classes = '{class edu.ncsu.csc.itrust2.config.RootConfiguration, class edu.ncsu.csc.itrust2.mvc.config.WebMvcConfiguration}', contextInitializerClasses = '[]', activeProfiles = '{}', propertySourceLocations = '{}', propertySourceProperties = '{}', contextCustomizers = set[[empty]], resourceBasePath = 'src/main/webapp', contextLoader = 'org.springframework.test.context.web.WebDelegatingSmartContextLoader', parent = [null]]]
02:11:06.482 [main] DEBUG o.springframework.test.context.cache - Spring test ApplicationContext cache statistics: [DefaultContextCache@3bc22ada size = 1, maxSize = 32, parentContextCount = 0, hitCount = 42, missCount = 1]
02:11:06.482 [main] DEBUG o.s.t.c.w.ServletTestExecutionListener - Setting up MockHttpServletRequest, MockHttpServletResponse, ServletWebRequest, and RequestContextHolder for test context [DefaultTestContext@69e5746c testClass = APIUserTest, testInstance = edu.ncsu.csc.itrust2.apitest.APIUserTest@65b5ede1, testMethod = [null], testException = [null], mergedContextConfiguration = [WebMergedContextConfiguration@4d97ee92 testClass = APIUserTest, locations = '{}', classes = '{class edu.ncsu.csc.itrust2.config.RootConfiguration, class edu.ncsu.csc.itrust2.mvc.config.WebMvcConfiguration}', contextInitializerClasses = '[]', activeProfiles = '{}', propertySourceLocations = '{}', propertySourceProperties = '{}', contextCustomizers = set[[empty]], resourceBasePath = 'src/main/webapp', contextLoader = 'org.springframework.test.context.web.WebDelegatingSmartContextLoader', parent = [null]]].
02:11:06.482 [main] DEBUG o.s.t.c.s.DependencyInjectionTestExecutionListener - Performing dependency injection for test context [[DefaultTestContext@69e5746c testClass = APIUserTest, testInstance = edu.ncsu.csc.itrust2.apitest.APIUserTest@65b5ede1, testMethod = [null], testException = [null], mergedContextConfiguration = [WebMergedContextConfiguration@4d97ee92 testClass = APIUserTest, locations = '{}', classes = '{class edu.ncsu.csc.itrust2.config.RootConfiguration, class edu.ncsu.csc.itrust2.mvc.config.WebMvcConfiguration}', contextInitializerClasses = '[]', activeProfiles = '{}', propertySourceLocations = '{}', propertySourceProperties = '{}', contextCustomizers = set[[empty]], resourceBasePath = 'src/main/webapp', contextLoader = 'org.springframework.test.context.web.WebDelegatingSmartContextLoader', parent = [null]]]].
02:11:06.482 [main] DEBUG o.s.t.c.c.DefaultCacheAwareContextLoaderDelegate - Retrieved ApplicationContext from cache with key [[WebMergedContextConfiguration@4d97ee92 testClass = APIUserTest, locations = '{}', classes = '{class edu.ncsu.csc.itrust2.config.RootConfiguration, class edu.ncsu.csc.itrust2.mvc.config.WebMvcConfiguration}', contextInitializerClasses = '[]', activeProfiles = '{}', propertySourceLocations = '{}', propertySourceProperties = '{}', contextCustomizers = set[[empty]], resourceBasePath = 'src/main/webapp', contextLoader = 'org.springframework.test.context.web.WebDelegatingSmartContextLoader', parent = [null]]]
02:11:06.482 [main] DEBUG o.springframework.test.context.cache - Spring test ApplicationContext cache statistics: [DefaultContextCache@3bc22ada size = 1, maxSize = 32, parentContextCount = 0, hitCount = 43, missCount = 1]
02:11:06.482 [main] DEBUG o.s.b.f.annotation.InjectionMetadata - Processing injected element of bean 'edu.ncsu.csc.itrust2.apitest.APIUserTest': AutowiredFieldElement for private org.springframework.web.context.WebApplicationContext edu.ncsu.csc.itrust2.apitest.APIUserTest.context
02:11:06.483 [main] DEBUG o.s.t.c.s.AbstractDirtiesContextTestExecutionListener - Before test method: context [DefaultTestContext@69e5746c testClass = APIUserTest, testInstance = edu.ncsu.csc.itrust2.apitest.APIUserTest@65b5ede1, testMethod = testGetNonExistentUser@APIUserTest, testException = [null], mergedContextConfiguration = [WebMergedContextConfiguration@4d97ee92 testClass = APIUserTest, locations = '{}', classes = '{class edu.ncsu.csc.itrust2.config.RootConfiguration, class edu.ncsu.csc.itrust2.mvc.config.WebMvcConfiguration}', contextInitializerClasses = '[]', activeProfiles = '{}', propertySourceLocations = '{}', propertySourceProperties = '{}', contextCustomizers = set[[empty]], resourceBasePath = 'src/main/webapp', contextLoader = 'org.springframework.test.context.web.WebDelegatingSmartContextLoader', parent = [null]]], class annotated with @DirtiesContext [false] with mode [null], method annotated with @DirtiesContext [false] with mode [null].
02:11:06.484 [main] DEBUG o.s.t.w.s.TestDispatcherServlet - Initializing servlet ''
02:11:06.484 [main] DEBUG o.s.w.c.s.StandardServletEnvironment - Adding [servletConfigInitParams] PropertySource with lowest search precedence
02:11:06.484 [main] DEBUG o.s.w.c.s.StandardServletEnvironment - Adding [servletContextInitParams] PropertySource with lowest search precedence
02:11:06.484 [main] DEBUG o.s.w.c.s.StandardServletEnvironment - Adding [systemProperties] PropertySource with lowest search precedence
02:11:06.484 [main] DEBUG o.s.w.c.s.StandardServletEnvironment - Adding [systemEnvironment] PropertySource with lowest search precedence
02:11:06.484 [main] DEBUG o.s.w.c.s.StandardServletEnvironment - Initialized StandardServletEnvironment with PropertySources [servletConfigInitParams,servletContextInitParams,systemProperties,systemEnvironment]
02:11:06.484 [main] INFO  o.s.mock.web.MockServletContext - Initializing Spring FrameworkServlet ''
02:11:06.484 [main] INFO  o.s.t.w.s.TestDispatcherServlet - FrameworkServlet '': initialization started
02:11:06.484 [main] DEBUG o.s.t.w.s.TestDispatcherServlet - Unable to locate MultipartResolver with name 'multipartResolver': no multipart request handling provided
02:11:06.484 [main] DEBUG o.s.b.f.s.DefaultListableBeanFactory - Creating instance of bean 'org.springframework.web.servlet.i18n.AcceptHeaderLocaleResolver'
02:11:06.485 [main] DEBUG o.s.b.f.s.DefaultListableBeanFactory - Finished creating instance of bean 'org.springframework.web.servlet.i18n.AcceptHeaderLocaleResolver'
02:11:06.485 [main] DEBUG o.s.t.w.s.TestDispatcherServlet - Unable to locate LocaleResolver with name 'localeResolver': using default [org.springframework.web.servlet.i18n.AcceptHeaderLocaleResolver@1f200c82]
02:11:06.485 [main] DEBUG o.s.b.f.s.DefaultListableBeanFactory - Creating instance of bean 'org.springframework.web.servlet.theme.FixedThemeResolver'
02:11:06.485 [main] DEBUG o.s.b.f.s.DefaultListableBeanFactory - Finished creating instance of bean 'org.springframework.web.servlet.theme.FixedThemeResolver'
02:11:06.485 [main] DEBUG o.s.t.w.s.TestDispatcherServlet - Unable to locate ThemeResolver with name 'themeResolver': using default [org.springframework.web.servlet.theme.FixedThemeResolver@70282389]
02:11:06.485 [main] DEBUG o.s.b.f.s.DefaultListableBeanFactory - Returning cached instance of singleton bean 'requestMappingHandlerMapping'
02:11:06.485 [main] DEBUG o.s.b.f.s.DefaultListableBeanFactory - Returning cached instance of singleton bean 'viewControllerHandlerMapping'
02:11:06.485 [main] DEBUG o.s.b.f.s.DefaultListableBeanFactory - Returning cached instance of singleton bean 'beanNameHandlerMapping'
02:11:06.485 [main] DEBUG o.s.b.f.s.DefaultListableBeanFactory - Returning cached instance of singleton bean 'resourceHandlerMapping'
02:11:06.485 [main] DEBUG o.s.b.f.s.DefaultListableBeanFactory - Returning cached instance of singleton bean 'defaultServletHandlerMapping'
02:11:06.486 [main] DEBUG o.s.b.f.s.DefaultListableBeanFactory - Returning cached instance of singleton bean 'requestMappingHandlerAdapter'
02:11:06.486 [main] DEBUG o.s.b.f.s.DefaultListableBeanFactory - Returning cached instance of singleton bean 'httpRequestHandlerAdapter'
02:11:06.486 [main] DEBUG o.s.b.f.s.DefaultListableBeanFactory - Returning cached instance of singleton bean 'simpleControllerHandlerAdapter'
02:11:06.487 [main] DEBUG o.s.b.f.s.DefaultListableBeanFactory - Returning cached instance of singleton bean 'handlerExceptionResolver'
02:11:06.487 [main] DEBUG o.s.b.f.s.DefaultListableBeanFactory - Creating instance of bean 'org.springframework.web.servlet.view.DefaultRequestToViewNameTranslator'
02:11:06.488 [main] DEBUG o.s.b.f.s.DefaultListableBeanFactory - Finished creating instance of bean 'org.springframework.web.servlet.view.DefaultRequestToViewNameTranslator'
02:11:06.488 [main] DEBUG o.s.t.w.s.TestDispatcherServlet - Unable to locate RequestToViewNameTranslator with name 'viewNameTranslator': using default [org.springframework.web.servlet.view.DefaultRequestToViewNameTranslator@3ab81288]
02:11:06.488 [main] DEBUG o.s.b.f.s.DefaultListableBeanFactory - Returning cached instance of singleton bean 'mvcViewResolver'
02:11:06.488 [main] DEBUG o.s.b.f.s.DefaultListableBeanFactory - Returning cached instance of singleton bean 'viewResolver'
02:11:06.489 [main] DEBUG o.s.b.f.s.DefaultListableBeanFactory - Creating instance of bean 'org.springframework.web.servlet.support.SessionFlashMapManager'
02:11:06.489 [main] DEBUG o.s.b.f.s.DefaultListableBeanFactory - Finished creating instance of bean 'org.springframework.web.servlet.support.SessionFlashMapManager'
02:11:06.490 [main] DEBUG o.s.t.w.s.TestDispatcherServlet - Unable to locate FlashMapManager with name 'flashMapManager': using default [org.springframework.web.servlet.support.SessionFlashMapManager@585ea099]
02:11:06.490 [main] DEBUG o.s.t.w.s.TestDispatcherServlet - Published WebApplicationContext of servlet '' as ServletContext attribute with name [org.springframework.web.servlet.FrameworkServlet.CONTEXT.]
02:11:06.490 [main] INFO  o.s.t.w.s.TestDispatcherServlet - FrameworkServlet '': initialization completed in 6 ms
02:11:06.490 [main] DEBUG o.s.t.w.s.TestDispatcherServlet - Servlet '' configured successfully
02:11:06.491 [main] DEBUG o.s.t.w.s.TestDispatcherServlet - DispatcherServlet with name '' processing GET request for [/api/v1/users/-1]
02:11:06.491 [main] DEBUG o.s.w.s.m.m.a.RequestMappingHandlerMapping - Looking up handler method for path /api/v1/users/-1
02:11:06.492 [main] DEBUG o.s.w.s.m.m.a.RequestMappingHandlerMapping - Returning handler method [public org.springframework.http.ResponseEntity edu.ncsu.csc.itrust2.controllers.api.APIUserController.getUser(java.lang.String)]
02:11:06.492 [main] DEBUG o.s.b.f.s.DefaultListableBeanFactory - Returning cached instance of singleton bean 'APIUserController'
02:11:06.492 [main] DEBUG o.s.t.w.s.TestDispatcherServlet - Last-Modified value for [/api/v1/users/-1] is: -1
02:11:06.494 [main] DEBUG o.h.e.t.internal.TransactionImpl - begin
02:11:06.495 [main] DEBUG org.hibernate.SQL - select this_.username as username1_15_0_, this_.enabled as enabled2_15_0_, this_.password as password3_15_0_, this_.role as role4_15_0_ from Users this_ where this_.username=?
Hibernate: select this_.username as username1_15_0_, this_.enabled as enabled2_15_0_, this_.password as password3_15_0_, this_.role as role4_15_0_ from Users this_ where this_.username=?
02:11:06.495 [main] DEBUG o.h.e.t.internal.TransactionImpl - committing
02:11:06.496 [main] DEBUG o.h.e.t.internal.TransactionImpl - begin
02:11:06.501 [main] DEBUG org.hibernate.SQL - select next_val as id_val from hibernate_sequence for update
Hibernate: select next_val as id_val from hibernate_sequence for update
02:11:06.501 [main] DEBUG org.hibernate.SQL - update hibernate_sequence set next_val= ? where next_val=?
Hibernate: update hibernate_sequence set next_val= ? where next_val=?
02:11:06.504 [main] DEBUG o.h.e.i.AbstractSaveEventListener - Generated identifier: 66, using strategy: org.hibernate.id.enhanced.SequenceStyleGenerator
02:11:06.504 [main] DEBUG o.h.e.t.internal.TransactionImpl - committing
02:11:06.504 [main] DEBUG o.h.e.i.AbstractFlushingEventListener - Processing flush-time cascades
02:11:06.504 [main] DEBUG o.h.e.i.AbstractFlushingEventListener - Dirty checking collections
02:11:06.504 [main] DEBUG o.h.e.i.AbstractFlushingEventListener - Flushed: 1 insertions, 0 updates, 0 deletions to 1 objects
02:11:06.505 [main] DEBUG o.h.e.i.AbstractFlushingEventListener - Flushed: 0 (re)creations, 0 updates, 0 removals to 0 collections
02:11:06.505 [main] DEBUG o.h.internal.util.EntityPrinter - Listing entities:
02:11:06.505 [main] DEBUG o.h.internal.util.EntityPrinter - edu.ncsu.csc.itrust2.models.persistent.LogEntry{secondaryUser=null, logCode=8, primaryUser=-1, id=66, time=java.util.GregorianCalendar[time=1521699066496,areFieldsSet=true,areAllFieldsSet=true,lenient=true,zone=sun.util.calendar.ZoneInfo[id="America/New_York",offset=-18000000,dstSavings=3600000,useDaylight=true,transitions=235,lastRule=java.util.SimpleTimeZone[id=America/New_York,offset=-18000000,dstSavings=3600000,useDaylight=true,startYear=0,startMode=3,startMonth=2,startDay=8,startDayOfWeek=1,startTime=7200000,startTimeMode=0,endMode=3,endMonth=10,endDay=1,endDayOfWeek=1,endTime=7200000,endTimeMode=0]],firstDayOfWeek=1,minimalDaysInFirstWeek=1,ERA=1,YEAR=2018,MONTH=2,WEEK_OF_YEAR=12,WEEK_OF_MONTH=4,DAY_OF_MONTH=22,DAY_OF_YEAR=81,DAY_OF_WEEK=5,DAY_OF_WEEK_IN_MONTH=4,AM_PM=0,HOUR=2,HOUR_OF_DAY=2,MINUTE=11,SECOND=6,MILLISECOND=496,ZONE_OFFSET=-18000000,DST_OFFSET=3600000], message=null}
02:11:06.505 [main] DEBUG org.hibernate.SQL - insert into LogEntries (logCode, message, primaryUser, secondaryUser, time, id) values (?, ?, ?, ?, ?, ?)
Hibernate: insert into LogEntries (logCode, message, primaryUser, secondaryUser, time, id) values (?, ?, ?, ?, ?, ?)
02:11:06.509 [main] DEBUG o.h.e.j.internal.JdbcCoordinatorImpl - HHH000420: Closing un-released batch
02:11:06.510 [main] DEBUG o.s.t.w.s.TestDispatcherServlet - Null ModelAndView returned to DispatcherServlet with name '': assuming HandlerAdapter completed request handling
02:11:06.510 [main] DEBUG o.s.t.w.s.TestDispatcherServlet - Successfully completed request
02:11:06.510 [main] DEBUG o.s.t.c.s.AbstractDirtiesContextTestExecutionListener - After test method: context [DefaultTestContext@69e5746c testClass = APIUserTest, testInstance = edu.ncsu.csc.itrust2.apitest.APIUserTest@65b5ede1, testMethod = testGetNonExistentUser@APIUserTest, testException = java.lang.AssertionError: Status expected:<404> but was:<200>, mergedContextConfiguration = [WebMergedContextConfiguration@4d97ee92 testClass = APIUserTest, locations = '{}', classes = '{class edu.ncsu.csc.itrust2.config.RootConfiguration, class edu.ncsu.csc.itrust2.mvc.config.WebMvcConfiguration}', contextInitializerClasses = '[]', activeProfiles = '{}', propertySourceLocations = '{}', propertySourceProperties = '{}', contextCustomizers = set[[empty]], resourceBasePath = 'src/main/webapp', contextLoader = 'org.springframework.test.context.web.WebDelegatingSmartContextLoader', parent = [null]]], class annotated with @DirtiesContext [false] with mode [null], method annotated with @DirtiesContext [false] with mode [null].
02:11:06.510 [main] DEBUG o.s.t.c.w.ServletTestExecutionListener - Resetting RequestContextHolder for test context [DefaultTestContext@69e5746c testClass = APIUserTest, testInstance = edu.ncsu.csc.itrust2.apitest.APIUserTest@65b5ede1, testMethod = testGetNonExistentUser@APIUserTest, testException = java.lang.AssertionError: Status expected:<404> but was:<200>, mergedContextConfiguration = [WebMergedContextConfiguration@4d97ee92 testClass = APIUserTest, locations = '{}', classes = '{class edu.ncsu.csc.itrust2.config.RootConfiguration, class edu.ncsu.csc.itrust2.mvc.config.WebMvcConfiguration}', contextInitializerClasses = '[]', activeProfiles = '{}', propertySourceLocations = '{}', propertySourceProperties = '{}', contextCustomizers = set[[empty]], resourceBasePath = 'src/main/webapp', contextLoader = 'org.springframework.test.context.web.WebDelegatingSmartContextLoader', parent = [null]]].
]]></system-out>
  </testcase>
</testsuite>